0 962.83374870532
0.000458715596330275 962.83374870532
0.000917431192660551 962.83374870532
0.00137614678899083 962.83374870532
0.0018348623853211 962.83374870532
0.00229357798165138 962.83374870532
0.00275229357798165 962.833748705321
0.00321100917431193 962.833748705321
0.0036697247706422 962.83374870532
0.00412844036697248 962.83374870532
0.00458715596330275 962.833748705319
0.00504587155963303 962.833748705317
0.0055045871559633 962.833748705311
0.00596330275229358 962.833748705297
0.00642201834862385 962.833748705263
0.00688073394495413 962.833748705181
0.0073394495412844 962.833748704985
0.00779816513761468 962.833748704525
0.00825688073394495 962.833748703462
0.00871559633027523 962.833748701047
0.00917431192660551 962.833748695646
0.00963302752293578 962.833748683769
0.0100917431192661 962.833748658071
0.0105504587155963 962.833748603373
0.0110091743119266 962.833748488831
0.0114678899082569 962.833748252836
0.0119266055045872 962.833747774434
0.0123853211009174 962.833746820201
0.0128440366972477 962.833744947365
0.013302752293578 962.833741330397
0.0137614678899083 962.83373445648
0.0142201834862385 962.83372160083
0.0146788990825688 962.833697940009
0.0151376146788991 962.833655082393
0.0155963302752294 962.833578680224
0.0160550458715596 962.833444625934
0.0165137614678899 962.833213114842
0.0169724770642202 962.832819565944
0.0174311926605505 962.832161025781
0.0178899082568807 962.8310762384
0.018348623853211 962.8293170624
0.0188073394495413 962.826508388419
0.0192660550458716 962.822093217588
0.0197247706422018 962.815259193841
0.0201834862385321 962.804842762198
0.0206422018348624 962.789207399179
0.0211009174311927 962.766093192009
0.0215596330275229 962.732436583934
0.0220183486238532 962.684161468088
0.0224770642201835 962.61594603933
0.0229357798165138 962.520973822654
0.023394495412844 962.390681857381
0.0238532110091743 962.214523727107
0.0243119266055046 961.979769420516
0.0247706422018349 961.671367195491
0.0252293577981651 961.271893954608
0.0256880733944954 960.761619435484
0.0261467889908257 960.11870526894
0.026605504587156 959.319552468121
0.0270642201834862 958.339300406152
0.0275229357798165 957.152467514611
0.0279816513761468 955.733709941607
0.0284403669724771 954.058660755114
0.0288990825688073 952.104800652646
0.0293577981651376 949.852303176004
0.0298165137614679 947.284794452814
0.0302752293577982 944.389970275414
0.0307339449541284 941.160021956058
0.0311926605504587 937.59183617272
0.031651376146789 933.686951545379
0.0321100917431193 929.451274037277
0.0325688073394495 924.894572281843
0.0330275229357798 920.029790472328
0.0334862385321101 914.87222875261
0.0339449541284404 909.438647943658
0.0344036697247706 903.746356489981
0.0348623853211009 897.812333018875
0.0353211009174312 891.65242882198
0.0357798165137615 885.280682297656
0.0362385321100917 878.708763551501
0.036697247706422 871.945553525431
0.0371559633027523 864.996849552504
0.0376146788990826 857.865179061464
0.0380733944954128 850.549695764172
0.0385321100917431 843.046128072527
0.0389908256880734 835.346747332699
0.0394495412844037 827.440323055237
0.0399082568807339 819.312032783721
0.0403669724770642 810.943294592845
0.0408256880733945 802.311489380363
0.0412844036697248 793.389536971006
0.041743119266055 784.145283253775
0.0422018348623853 774.5406434019
0.0426605504587156 764.530426180676
0.0431192660550459 754.060732511975
0.0435779816513761 743.066771340933
0.0440366972477064 731.469856273835
0.0444954128440367 719.17321759831
0.044954128440367 706.056049738298
0.0454128440366973 691.964844413914
0.0458715596330275 676.700395929969
0.0463302752293578 659.997614723671
0.0467889908256881 641.492792842487
0.0472477064220184 620.667644403959
0.0477064220183486 596.747087425569
0.0481651376146789 568.495798914392
0.0486238532110092 533.763546893784
0.0490825688073395 488.284949161775
0.0495412844036697 421.550559241116
0.05 293
