0.000245098039215686 -0
0.000735294117647059 -0
0.00122549019607843 2.31783220068096e-13
0.0017156862745098 2.31650808339456e-13
0.00220588235294118 9.2589703747174e-13
0.00269607843137255 6.93760719460603e-13
0.00318627450980392 6.9296624908876e-13
0.00367647058823529 1.15339894498046e-12
0.00416666666666667 1.84261352842441e-12
0.00465686274509804 3.44894183800695e-12
0.00514705882352941 8.72054717065645e-12
0.00563725490196079 2.47322779667978e-11
0.00612745098039216 6.4886311225992e-11
0.00661764705882353 1.66366374167089e-10
0.0071078431372549 4.20242978173198e-10
0.00759803921568628 1.0435812440084e-09
0.00808823529411765 2.53993948533929e-09
0.00857843137254902 6.06610651278941e-09
0.00906862745098039 1.42164155607482e-08
0.00955882352941177 3.26938798684082e-08
0.0100490196078431 7.37800322197887e-08
0.0105392156862745 1.63394949409641e-07
0.0110294117647059 3.55121198706222e-07
0.0115196078431373 7.57475421338142e-07
0.0120098039215686 1.58574145579196e-06
0.0125 3.25825298612301e-06
0.0129901960784314 6.57116183535203e-06
0.0134803921568627 1.30083280554521e-05
0.0139705882352941 2.52778362352417e-05
0.0144607843137255 4.82186404177574e-05
0.0149509803921569 9.02952419204872e-05
0.0154411764705882 0.000166000187539987
0.0159313725490196 0.000299616671872299
0.016421568627451 0.00053095536248414
0.0169117647058824 0.000923861520647489
0.0174019607843137 0.00157846941436002
0.0178921568627451 0.00264832365887779
0.0183823529411765 0.00436353524636149
0.0188725490196078 0.00706101888059503
0.0193627450980392 0.0112224798244633
0.0198529411764706 0.0175200942825783
0.020343137254902 0.0268686893014586
0.0208333333333333 0.0404816566074009
0.0213235294117647 0.0599258909385818
0.0218137254901961 0.0871688979110915
0.0223039215686275 0.124609166225062
0.0227941176470588 0.175079359915873
0.0232843137254902 0.241811353323774
0.0237745098039216 0.328353101882084
0.0242647058823529 0.438430206679203
0.0247549019607843 0.575749949629682
0.0252450980392157 0.743752362687083
0.0257352941176471 0.945320945333488
0.0262254901960784 1.18247394302104
0.0267156862745098 1.45606431668696
0.0272058823529412 1.76552122744037
0.0276960784313726 2.10866674593964
0.0281862745098039 2.48163773873978
0.0286764705882353 2.87893435019518
0.0291666666666667 3.29360389250686
0.029656862745098 3.71755379511933
0.0301470588235294 4.14197167445065
0.0306372549019608 4.55781694699329
0.0311274509803922 4.95633892048694
0.0316176470588235 5.32957254462395
0.0321078431372549 5.67076563859057
0.0325980392156863 5.97470002391397
0.0330882352941176 6.23788217674063
0.033578431372549 6.45859466434953
0.0340686274509804 6.63681533952532
0.0345588235294118 6.77402477901859
0.0350490196078431 6.87293205602546
0.0355392156862745 6.93715371208577
0.0360294117647059 6.97088068790396
0.0365196078431373 6.97856369797515
0.0370098039215686 6.96464033720584
0.0375 6.93331857316778
0.0379901960784314 6.88842263582253
0.0384803921568627 6.83329981626007
0.0389705882352941 6.77078106243363
0.0394607843137255 6.70318480520891
0.0399509803921569 6.63235206817757
0.0404411764705882 6.55970124025798
0.0409313725490196 6.48629240775263
0.041421568627451 6.41289331559663
0.0419117647058824 6.34004138673321
0.0424019607843137 6.26809842416127
0.0428921568627451 6.19729643799844
0.0433823529411765 6.12777438909574
0.0438725490196078 6.05960652554669
0.0443627450980392 5.99282347383002
0.0448529411764706 5.92742742617529
0.045343137254902 5.86340273816436
0.0458333333333333 5.80072310195135
0.0463235294117647 5.73935625775876
0.0468137254901961 5.67926699538877
0.0473039215686274 5.62041900567129
0.0477941176470588 5.56277598194889
0.0482843137254902 5.50630224696816
0.0487745098039216 5.45096308825748
0.0492647058823529 5.39672491980743
0.0497549019607843 5.34355534356266
