2.33208955223881e-05 -0
6.99626865671642e-05 2.43744107617251e-12
0.00011660447761194 4.87486535384213e-12
0.000163246268656716 2.4374200780439e-12
0.000209888059701493 9.74961311816406e-12
0.000256529850746269 9.74952912564962e-12
0.000303171641791045 1.21867854182904e-11
0.000349813432835821 7.31198305883407e-12
0.000396455223880597 7.31188226781674e-12
0.000443097014925373 4.8745125852815e-12
0.000489738805970149 2.43721429638353e-12
0.000536380597014925 4.87433620100118e-12
0.000583022388059702 2.43711770499193e-12
0.000629664179104478 7.31118932957265e-12
0.000676305970149254 7.31101294529232e-12
0.00072294776119403 9.74776528284648e-12
0.000769589552238806 1.46212447602004e-11
0.000816231343283582 7.3104081991884e-12
0.000862873134328358 9.74690855919921e-12
0.000909514925373134 1.70565314283776e-11
0.000956156716417911 1.94925068351732e-11
0.00100279850746269 1.4618850973539e-11
0.00104944029850746 1.21819138524531e-11
0.00109608208955224 1.21814308954951e-11
0.00114272388059702 9.74474155232675e-12
0.00118936567164179 1.70525627820705e-11
0.00123600746268657 1.94877696573591e-11
0.00128264925373134 2.43585781727539e-11
0.00132929104477612 2.43574022775518e-11
0.0013759328358209 1.9484947508874e-11
0.00142257462686567 1.70484471488631e-11
0.00146921641791045 2.1918260352962e-11
0.00151585820895522 1.70465951139198e-11
0.0015625 1.70456250003781e-11
0.00160914179104478 1.70446254894564e-11
0.00165578358208955 9.73919804637397e-12
0.00170242537313433 1.21732416253375e-11
0.0017490671641791 1.46069576334949e-11
0.00179570895522388 9.73733341255349e-12
0.00184235074626866 1.21708478386762e-11
0.00188899253731343 9.7360063308254e-12
0.00193563432835821 1.21691469902587e-11
0.00198227611940299 1.21682650688573e-11
0.00202891791044776 1.2167362149327e-11
0.00207555970149254 1.45997258780017e-11
0.00212220149253731 1.70316906422333e-11
0.00216884328358209 1.94632438431437e-11
0.00221548507462687 1.70289566858882e-11
0.00226212686567164 2.18925586435445e-11
0.00230876865671642 2.67553080771792e-11
0.00235541044776119 2.91850890360351e-11
0.00240205223880597 2.91825188650934e-11
0.00244869402985075 2.4316581915536e-11
0.00249533582089552 2.18829205025129e-11
0.0025419776119403 2.43120883160133e-11
0.00258861940298507 2.187880066968e-11
0.00263526119402985 2.43074267314623e-11
0.00268190298507463 2.18745296503208e-11
0.0027285447761194 1.94420777295058e-11
0.00277518656716418 1.70100835678944e-11
0.00282182835820896 2.18678396465461e-11
0.00286847014925373 2.42950378355827e-11
0.00291511194029851 2.42924340676354e-11
0.00296175373134328 2.91477459641171e-11
0.00300839552238806 2.91445206515625e-11
0.00305503731343284 2.67128078648745e-11
0.00310167910447761 2.67097589366005e-11
0.00314832089552239 3.15624208692514e-11
0.00319496268656716 3.64138943078231e-11
0.00324160447761194 3.88368508748815e-11
0.00328824626865672 3.64051380881931e-11
0.00333488805970149 4.36807985841593e-11
0.00338152985074627 3.63961298910195e-11
0.00342817164179105 3.39654292141308e-11
0.00347481343283582 3.6386869716304e-11
0.0035214552238806 3.39566687948748e-11
0.00356809701492537 2.42515717093623e-11
0.00361473880597015 2.42483379975565e-11
0.00366138059701493 2.90940747473921e-11
0.0037080223880597 2.42417445851735e-11
0.00375466417910448 2.90860618615149e-11
0.00380130597014925 2.90819798253133e-11
0.00384794776119403 2.90778473936031e-11
0.00389458955223881 3.14964699469159e-11
0.00394123134328358 3.14918839556283e-11
0.00398787313432836 2.90651477254206e-11
0.00403451492537313 3.14825481876481e-11
0.00408115671641791 3.63205366280277e-11
0.00412779850746269 3.1472994039131e-11
0.00417444029850746 2.90475092973885e-11
0.00422108208955224 3.14632215100775e-11
0.00426772388059701 2.90383877103207e-11
0.00431436567164179 2.90337513235239e-11
0.00436100746268657 2.66099758294506e-11
0.00440764925373134 2.41869394695034e-11
0.00445429104477612 2.6601244807575e-11
0.0045009328358209 2.90147018212503e-11
0.00454757462686567 2.65923290021671e-11
0.00459421641791045 2.41707289142177e-11
0.00464085820895522 2.17499141562774e-11
0.0046875 2.17461344931282e-11
0.00473414179104478 1.69106910259363e-11
0.00478078358208955 1.93230771350528e-11
0.00482742537313433 1.69046645630255e-11
0.00487406716417911 1.44870919161432e-11
0.00492070895522388 9.65629743462561e-12
0.00496735074626866 9.65451679331938e-12
0.00501399253731343 7.23953951513297e-12
0.00506063432835821 7.23817883639897e-12
0.00510727611940299 1.44736111175759e-11
0.00515391791044776 1.44708393646e-11
0.00520055970149254 1.20567020115573e-11
0.00524720149253731 1.44652202653837e-11
0.00529384328358209 1.44623729191446e-11
0.00534048507462687 1.68694171043424e-11
0.00538712686567164 1.68660364056366e-11
0.00543376865671642 1.92715729252006e-11
0.00548041044776119 1.68591868160841e-11
0.00552705223880597 2.40795970360545e-11
0.00557369402985075 3.37044392740232e-11
0.00562033582089552 4.09182518819842e-11
0.0056669776119403 4.0909613251876e-11
0.00571361940298507 5.05246451641574e-11
0.00576026119402985 5.0513797530918e-11
0.00580690298507463 5.77175562349021e-11
0.0058535447761194 6.25137038042136e-11
0.00590018656716418 6.24999458303502e-11
0.00594682835820896 7.20993215379424e-11
0.00599347014925373 7.20831949751693e-11
0.00604011194029851 7.20669424236273e-11
0.00608675373134328 7.20505638833109e-11
0.00613339552238806 8.40397359132631e-11
0.00618003731343284 8.88214955648529e-11
0.00622667910447761 9.60008964396478e-11
0.00627332089552239 9.59783864457807e-11
0.00631996268656716 1.03152386601897e-10
0.00636660447761194 1.07924470315826e-10
0.00641324626865672 1.12694072050949e-10
0.00645988805970149 1.1746116660952e-10
0.00650652985074627 1.29415477546354e-10
0.00655317164179104 1.41363703225515e-10
0.00659981343283582 1.60491989120716e-10
0.0066464552238806 1.72426066260816e-10
0.00669309701492537 1.8195965063186e-10
0.00673973880597015 1.98668898210796e-10
0.00678638059701493 2.12976309140423e-10
0.0068330223880597 2.34453151033405e-10
0.00687966417910448 2.51134983455618e-10
0.00692630597014925 2.77372263500396e-10
0.00697294776119403 3.01204821752997e-10
0.00701958955223881 3.29804063000822e-10
0.00706623134328358 3.60776806023236e-10
0.00711287313432836 3.86955148520618e-10
0.00715951492537313 4.25058568360199e-10
0.00720615671641791 4.67915257590466e-10
0.00725279850746269 5.13134437176638e-10
0.00729944029850746 5.55941881595701e-10
0.00734608208955224 6.05880758764545e-10
0.00739272388059702 6.67714257589861e-10
0.00743936567164179 7.29511967204765e-10
0.00748600746268657 7.9604026823145e-10
0.00753264925373134 8.64912098303946e-10
0.00757929104477612 9.40889058870316e-10
0.0076259328358209 1.02158331063385e-09
0.00767257462686567 1.11651281535786e-09
0.00771921641791045 1.21614494618596e-09
0.00776585820895522 1.32523348486324e-09
0.0078125 1.44139095326064e-09
0.00785914179104478 1.56936607677402e-09
0.00790578358208955 1.70677047435461e-09
0.00795242537313433 1.8559713021427e-09
0.0079990671641791 2.02408411410327e-09
0.00804570895522388 2.20396589071892e-09
0.00809235074626866 2.39085636602272e-09
0.00813899253731343 2.60610955965372e-09
0.00818563432835821 2.8307158503412e-09
0.00823227611940298 3.08126944531641e-09
0.00827891791044776 3.34351688624166e-09
0.00832555970149254 3.63166887086588e-09
0.00837220149253731 3.95280856144027e-09
0.00841884328358209 4.28795040475004e-09
0.00846548507462687 4.65602519089069e-09
0.00851212686567164 5.05699902888256e-09
0.00855876865671642 5.48847093460151e-09
0.00860541044776119 5.95987250030692e-09
0.00865205223880597 6.47116179693641e-09
0.00869869402985075 7.02702528623474e-09
0.00874533582089552 7.61796097341476e-09
0.0087919776119403 8.26992153828611e-09
0.00883861940298507 8.97103170266817e-09
0.00888526119402985 9.72832143635364e-09
0.00893190298507463 1.05488105544388e-08
0.0089785447761194 1.14395085913384e-08
0.00902518656716418 1.24003382025455e-08
0.00907182835820896 1.34335792969746e-08
0.00911847014925373 1.45627224657563e-08
0.00916511194029851 1.57758790842998e-08
0.00921175373134328 1.70917980611093e-08
0.00925839552238806 1.85080084126999e-08
0.00930503731343284 2.00432262443003e-08
0.00935167910447761 2.1694962404843e-08
0.00939832089552239 2.34842517214148e-08
0.00944496268656717 2.54273945408342e-08
0.00949160447761194 2.75148104865028e-08
0.00953824626865672 2.9767476430671e-08
0.00958488805970149 3.21992903795565e-08
0.00963152985074627 3.48264756924379e-08
0.00967817164179105 3.76558413044101e-08
0.00972481343283582 4.07199913360099e-08
0.0097714552238806 4.4016299295805e-08
0.00981809701492537 4.7572616908468e-08
0.00986473880597015 5.14120638121884e-08
0.00991138059701492 5.55553785840489e-08
0.0099580223880597 6.0009214134652e-08
0.0100046641791045 6.48200034481107e-08
0.0100513059701493 6.99990049489831e-08
0.010097947761194 7.55808452674534e-08
0.0101445895522388 8.15907399020372e-08
0.0101912313432836 8.80655456640747e-08
0.0102378731343284 9.50397195650613e-08
0.0102845149253731 1.02542987411973e-07
0.0103311567164179 1.10628365549498e-07
0.0103777985074627 1.19323110367561e-07
0.0104244402985075 1.28682417618569e-07
0.0104710820895522 1.38754391249794e-07
0.010517723880597 1.49587048578674e-07
0.0105643656716418 1.61230649131509e-07
0.0106110074626866 1.73756319133849e-07
0.0106576492537313 1.87232729400002e-07
0.0107042910447761 2.01712137750876e-07
0.0107509328358209 2.17272287441039e-07
0.0107975746268657 2.34002403363891e-07
0.0108442164179104 2.51970631136956e-07
0.0108908582089552 2.71265892764054e-07
0.0109375 2.91990875223644e-07
0.0109841417910448 3.14252715265086e-07
0.0110307835820896 3.38151387614877e-07
0.0110774253731343 3.63805226968106e-07
0.0111240671641791 3.91341614145219e-07
0.0111707089552239 4.20885368834096e-07
0.0112173507462687 4.52579596206583e-07
0.0112639925373134 4.86585644124277e-07
0.0113106343283582 5.23055292276478e-07
0.011357276119403 5.62158524926272e-07
0.0114039179104478 6.04088110945693e-07
0.0114505597014925 6.49034129435531e-07
0.0114972014925373 6.97207069885215e-07
0.0115438432835821 7.4882392905201e-07
0.0115904850746269 8.04124345875828e-07
0.0116371268656716 8.63368238430326e-07
0.0116837686567164 9.2681269540559e-07
0.0117304104477612 9.9475115522332e-07
0.011777052238806 1.06749028088892e-06
0.0118236940298507 1.1453568301779e-06
0.0118703358208955 1.22868839616147e-06
0.0119169776119403 1.31786327914753e-06
0.0119636194029851 1.41326589420597e-06
0.0120102611940299 1.5153189229354e-06
0.0120569029850746 1.62446024286773e-06
0.0121035447761194 1.74117502611751e-06
0.0121501865671642 1.86595660235987e-06
0.012196828358209 1.99934083567473e-06
0.0122434701492537 2.14189913251266e-06
0.0122901119402985 2.29422688504182e-06
0.0123367537313433 2.45697088596954e-06
0.0123833955223881 2.63082003166919e-06
0.0124300373134328 2.81648918573195e-06
0.0124766791044776 3.01474425785721e-06
0.0125233208955224 3.22641120524097e-06
0.0125699626865672 3.4523530163059e-06
0.0126166044776119 3.69350385580837e-06
0.0126632462686567 3.95081864788698e-06
0.0127098880597015 4.22535513612642e-06
0.0127565298507463 4.51819378871977e-06
0.012803171641791 4.8305197673085e-06
0.0128498134328358 5.16355429308881e-06
0.0128964552238806 5.5186228332144e-06
0.0129430970149254 5.89710701363486e-06
0.0129897388059701 6.30048765926356e-06
0.0130363805970149 6.73032177010175e-06
0.0130830223880597 7.18826500972312e-06
0.0131296641791045 7.67606686812763e-06
0.0131763059701493 8.19559307437827e-06
0.013222947761194 8.74880256164336e-06
0.0132695895522388 9.33776985018025e-06
0.0133162313432836 9.96470735581236e-06
0.0133628731343284 1.06319445863071e-05
0.0134095149253731 1.13419436210027e-05
0.0134561567164179 1.2097312273575e-05
0.0135027985074627 1.29008172072528e-05
0.0135494402985075 1.37553698790637e-05
0.0135960820895522 1.46640531858556e-05
0.013642723880597 1.56301299554318e-05
0.0136893656716418 1.6657040120373e-05
0.0137360074626866 1.77484384899479e-05
0.0137826492537313 1.89081557514607e-05
0.0138292910447761 2.01402587173735e-05
0.0138759328358209 2.14490338108507e-05
0.0139225746268657 2.28390156039637e-05
0.0139692164179104 2.43149770169272e-05
0.0140158582089552 2.58819734883258e-05
0.0140625 2.75453173430599e-05
0.0141091417910448 2.93106240852947e-05
0.0141557835820896 3.11838226191269e-05
0.0142024253731343 3.31711586937842e-05
0.0142490671641791 3.52792117731002e-05
0.0142957089552239 3.75149297554375e-05
0.0143423507462687 3.9885623259903e-05
0.0143889925373134 4.2399009144507e-05
0.0144356343283582 4.50632091317814e-05
0.014482276119403 4.78867752424672e-05
0.0145289179104478 5.08787128895166e-05
0.0145755597014925 5.40485128024024e-05
0.0146222014925373 5.74061649711619e-05
0.0146688432835821 6.09621836694346e-05
0.0147154850746269 6.47276145400429e-05
0.0147621268656716 6.87141039920028e-05
0.0148087686567164 7.29338792952708e-05
0.0148554104477612 7.7399819923672e-05
0.014902052238806 8.21254530299236e-05
0.0149486940298507 8.71250222271732e-05
0.0149953358208955 9.24134628354105e-05
0.0150419776119403 9.80065036735745e-05
0.0150886194029851 0.00010392063982211
0.0151352611940299 0.000110173218484685
0.0151819029850746 0.000116782446975451
0.0152285447761194 0.000123767455979676
0.0152751865671642 0.000131148318296825
0.015321828358209 0.000138946096214387
0.0153684701492537 0.000147182904128869
0.0154151119402985 0.00015588193114209
0.0154617537313433 0.000165067529726534
0.0155083955223881 0.000174765204768367
0.0155550373134328 0.000185001710591769
0.0156016791044776 0.000195805096903576
0.0156483208955224 0.000207204769913946
0.0156949626865672 0.000219231537765717
0.0157416044776119 0.000231917673313514
0.0157882462686567 0.000245296987580608
0.0158348880597015 0.000259404887495699
0.0158815298507463 0.000274278450886209
0.015928171641791 0.000289956492335101
0.0159748134328358 0.000306479626511083
0.0160214552238806 0.000323890377152364
0.0160680970149254 0.000342233200194981
0.0161147388059701 0.000361554616060395
0.0161613805970149 0.000381903286692138
0.0162080223880597 0.000403330081269201
0.0162546641791045 0.000425888159014669
0.0163013059701493 0.000449633114814408
0.016347947761194 0.000474623012986162
0.0163945895522388 0.000500918527518236
0.0164412313432836 0.000528583046796202
0.0164878731343284 0.000557682738626386
0.0165345149253731 0.000588286712673063
0.0165811567164179 0.000620467095211742
0.0166277985074627 0.000654299179402251
0.0166744402985075 0.000689861514058824
0.0167210820895522 0.00072723605909334
0.016767723880597 0.00076650828383343
0.0168143656716418 0.000807767331863578
0.0168610074626866 0.000851106148229727
0.0169076492537313 0.000896621601605532
0.0169542910447761 0.000944414646791875
0.0170009328358209 0.00099459047985764
0.0170475746268657 0.00104725869241785
0.0170942164179104 0.00110253341857201
0.0171408582089552 0.00116053349607013
0.0171875 0.00122138267390905
0.0172341417910448 0.00128520974136436
0.0172807835820896 0.00135214872069268
0.0173274253731343 0.00142233905444404
0.0173740671641791 0.0014959257916897
0.0174207089552239 0.00157305979031187
0.0174673507462687 0.00165389791168929
0.0175139925373134 0.00173860321422387
0.0175606343283582 0.00182734517993553
0.017607276119403 0.00192029991193421
0.0176539179104478 0.00201765037127179
0.0177005597014925 0.00211958659957635
0.0177472014925373 0.00222630593393061
0.0177938432835821 0.00233801327583239
0.0178404850746269 0.00245492130530165
0.0178871268656716 0.00257725074895745
0.0179337686567164 0.00270523063369644
0.0179804104477612 0.00283909852815847
0.018027052238806 0.00297910083998012
0.0180736940298507 0.00312549304543204
0.0181203358208955 0.00327854002354757
0.0181669776119403 0.00343851629074119
0.0182136194029851 0.00360570632909718
0.0182602611940299 0.00378040486394532
0.0183069029850746 0.00396291715649936
0.0183535447761194 0.00415355934947309
0.0184001865671642 0.00435265873239517
0.018446828358209 0.00456055410840198
0.0184934701492537 0.00477759609544474
0.0185401119402985 0.00500414745911275
0.0185867537313433 0.00524058346423846
0.0186333955223881 0.00548729220940944
0.0186800373134328 0.00574467498857972
0.0187266791044776 0.00601314663339976
0.0187733208955224 0.00629313589089597
0.0188199626865672 0.00658508577547142
0.0188666044776119 0.00688945394771059
0.0189132462686567 0.00720671309259044
0.0189598880597015 0.00753735131587947
0.0190065298507463 0.00788187251265217
0.019053171641791 0.00824079678940808
0.0190998134328358 0.00861466083104473
0.0191464552238806 0.00900401832546031
0.0191930970149254 0.00940944036838595
0.0192397388059702 0.00983151587350222
0.0192863805970149 0.0102708520002242
0.0193330223880597 0.0107280745616298
0.0193796641791045 0.0112038284665755
0.0194263059701493 0.0116987781273236
0.019472947761194 0.012213607905339
0.0195195895522388 0.0127490225515496
0.0195662313432836 0.013305747645171
0.0196128731343284 0.0138845300165958
0.0196595149253731 0.0144861382101623
0.0197061567164179 0.0151113629225528
0.0197527985074627 0.0157610174643191
0.0197994402985075 0.0164359381826044
0.0198460820895522 0.0171369849295728
0.019892723880597 0.0178650415124937
0.0199393656716418 0.0186210161399668
0.0199860074626866 0.019405841870347
0.0200326492537313 0.0202204770644273
0.0200792910447761 0.0210659058463563
0.0201259328358209 0.0219431385378947
0.0201725746268657 0.0228532120988822
0.0202192164179104 0.0237971905901277
0.0202658582089552 0.0247761656054616
0.0203125 0.0257912567057622
0.0203591417910448 0.0268436118528104
0.0204057835820896 0.0279344078551433
0.0204524253731343 0.0290648507647648
0.0204990671641791 0.0302361763225595
0.0205457089552239 0.0314496503544784
0.0205923507462687 0.032706569187824
0.0206389925373134 0.0340082600530147
0.0206856343283582 0.0353560814646681
0.020732276119403 0.0367514235963587
0.0207789179104478 0.0381957086935091
0.0208255597014925 0.0396903913907201
0.0208722014925373 0.0412369591036918
0.0209188432835821 0.0428369323439981
0.0209654850746269 0.0444918650578237
0.0210121268656716 0.0462033449502117
0.0210587686567164 0.0479729938050012
0.0211054104477612 0.0498024677200478
0.021152052238806 0.0516934574447465
0.0211986940298507 0.0536476886108459
0.0212453358208955 0.0556669219792242
0.0212919776119403 0.0577529536684615
0.0213386194029851 0.0599076153714196
0.0213852611940299 0.0621327745296956
0.0214319029850746 0.0644303345162665
0.0214785447761194 0.0668022347842452
0.0215251865671642 0.0692504510018261
0.021571828358209 0.0717769951477567
0.0216184701492537 0.0743839156031885
0.0216651119402985 0.0770732972160681
0.0217117537313433 0.0798472613363814
0.0217583955223881 0.0827079658242531
0.0218050373134328 0.0856576050508257
0.0218516791044776 0.0886984098288457
0.0218983208955224 0.0918326473937082
0.0219449626865672 0.0950626212432182
0.0219916044776119 0.0983906710677731
0.0220382462686567 0.101819172565394
0.0220848880597015 0.105350537260366
0.0221315298507463 0.108987212308022
0.022178171641791 0.112731680197018
0.0222248134328358 0.11658645851884
0.0222714552238806 0.120554099615758
0.0223180970149254 0.124637190246993
0.0223647388059702 0.128838351195016
0.0224113805970149 0.133160236837546
0.0224580223880597 0.137605534704995
0.0225046641791045 0.142176964974999
0.0225513059701493 0.14687727993539
0.022597947761194 0.151709263410062
0.0226445895522388 0.156675730155789
0.0226912313432836 0.161779525203355
0.0227378731343284 0.167023523175696
0.0227845149253731 0.172410627539302
0.0228311567164179 0.177943769837803
0.0228777985074627 0.183625908884039
0.0229244402985075 0.189460029886507
0.0229710820895522 0.195449143566685
0.023017723880597 0.20159628519532
0.0230643656716418 0.207904513626118
0.0231110074626866 0.214376910247761
0.0231576492537313 0.221016577933632
0.0232042910447761 0.227826639891384
0.0232509328358209 0.23481023852282
0.0232975746268657 0.241970534219031
0.0233442164179105 0.249310704095158
0.0233908582089552 0.256833940703972
0.0234375 0.264543450699469
0.0234841417910448 0.272442453447087
0.0235307835820896 0.280534179593149
0.0235774253731343 0.288821869602402
0.0236240671641791 0.29730877223089
0.0236707089552239 0.305998142975846
0.0237173507462687 0.314893242463075
0.0237639925373134 0.323997334809016
0.0238106343283582 0.333313685928884
0.023857276119403 0.342845561798943
0.0239039179104478 0.352596226711822
0.0239505597014925 0.362568941420809
0.0239972014925373 0.37276696131338
0.0240438432835821 0.383193534516862
0.0240904850746269 0.393851899975678
0.0241371268656716 0.404745285459272
0.0241837686567164 0.415876905564039
0.0242304104477612 0.427249959676949
0.024277052238806 0.438867629891956
0.0243236940298507 0.450733078901159
0.0243703358208955 0.462849447843539
0.0244169776119403 0.47521985413965
0.0244636194029851 0.487847389267315
0.0245102611940299 0.500735116542165
0.0245569029850746 0.513886068845739
0.0246035447761194 0.527303246328395
0.0246501865671642 0.540989614104132
0.024696828358209 0.554948099896151
0.0247434701492537 0.569181591701118
0.0247901119402985 0.583692935379971
0.0248367537313433 0.598484932265679
0.0248833955223881 0.613560336757517
0.0249300373134328 0.628921853876807
0.0249766791044776 0.644572136826879
0.0250233208955224 0.66051378453135
0.0250699626865672 0.676749339186688
0.0251166044776119 0.693281283758957
0.0251632462686567 0.71011203953247
0.0252098880597015 0.727243963604454
0.0252565298507463 0.744679346441121
0.025303171641791 0.762420409345756
0.0253498134328358 0.780469302025648
0.0253964552238806 0.798828100091382
0.0254430970149254 0.817498802613553
0.0254897388059701 0.836483329653187
0.0255363805970149 0.855783519830299
0.0255830223880597 0.8754011278865
0.0256296641791045 0.895337822298009
0.0256763059701493 0.915595182867648
0.025722947761194 0.936174698367594
0.0257695895522388 0.957077764189597
0.0258162313432836 0.978305680046846
0.0258628731343284 0.999859647678179
0.0259095149253731 1.0217407685923
0.0259561567164179 1.04395004186564
0.0260027985074627 1.06648836194468
0.0260494402985075 1.08935651652214
0.0260960820895522 1.11255518442149
0.026142723880597 1.13608493357535
0.0261893656716418 1.15994621898143
0.0262360074626866 1.18413938077943
0.0262826492537313 1.20866464232317
0.0263292910447761 1.23352210834944
0.0263759328358209 1.25871176317808
0.0264225746268657 1.28423346899505
0.0264692164179104 1.31008696415178
0.0265158582089552 1.33627186159842
0.0265625 1.3627876473198
0.0266091417910448 1.38963367886961
0.0266557835820896 1.41680918397421
0.0267024253731343 1.44431325922248
0.0267490671641791 1.47214486879148
0.0267957089552239 1.50030284328795
0.0268423507462687 1.52878587865169
0.0268889925373134 1.55759253515103
0.0269356343283582 1.58672123645418
0.026982276119403 1.61617026876624
0.0270289179104478 1.64593778011672
0.0270755597014925 1.67602177964768
0.0271222014925373 1.70642013707571
0.0271688432835821 1.73713058218458
0.0272154850746269 1.76815070443636
0.0272621268656716 1.79947795269343
0.0273087686567164 1.83110963499349
0.0273554104477612 1.86304291846858
0.027402052238806 1.89527482932748
0.0274486940298507 1.92780225296863
0.0274953358208955 1.96062193415659
0.0275419776119403 1.99373047733558
0.0275886194029851 2.02712434701725
0.0276352611940299 2.06079986829375
0.0276819029850746 2.09475322743459
0.0277285447761194 2.12898047261592
0.0277751865671642 2.16347751469595
0.027821828358209 2.19824012817103
0.0278684701492537 2.23326395218521
0.0279151119402985 2.26854449164241
0.0279617537313433 2.30407711846994
0.0280083955223881 2.33985707292435
0.0280550373134328 2.37587946503601
0.0281016791044776 2.41213927617112
0.0281483208955224 2.44863136065347
0.0281949626865672 2.48535044752665
0.0282416044776119 2.52229114240487
0.0282882462686567 2.5594479294067
0.0283348880597015 2.59681517322259
0.0283815298507463 2.63438712125762
0.028428171641791 2.67215790587126
0.0284748134328358 2.71012154672697
0.0285214552238806 2.74827195322556
0.0285680970149254 2.78660292702854
0.0286147388059702 2.8251081646821
0.0286613805970149 2.86378126033479
0.0287080223880597 2.90261570852752
0.0287546641791045 2.94160490707255
0.0288013059701493 2.98074216003553
0.028847947761194 3.02002068077029
0.0288945895522388 3.05943359505375
0.0289412313432836 3.09897394428963
0.0289878731343284 3.13863468879114
0.0290345149253731 3.17840871112717
0.0290811567164179 3.2182888195485
0.0291277985074627 3.25826775147981
0.0291744402985075 3.29833817706213
0.0292210820895522 3.33849270276248
0.029267723880597 3.37872387505736
0.0293143656716418 3.41902418416537
0.0293610074626866 3.45938606779616
0.0294076492537313 3.49980191500317
0.0294542910447761 3.54026407005254
0.0295009328358209 3.58076483633045
0.0295475746268657 3.62129648029773
0.0295942164179104 3.66185123548952
0.0296408582089552 3.70242130652943
0.0296875 3.74299887318651
0.0297341417910448 3.78357609444913
0.0297807835820896 3.82414511262337
0.0298274253731343 3.86469805744732
0.0298740671641791 3.90522705023804
0.0299207089552239 3.94572420801109
0.0299673507462687 3.98618164765328
0.0300139925373134 4.02659149006201
0.0300606343283582 4.06694586431584
0.030107276119403 4.1072369118015
0.0301539179104478 4.14745679040075
0.0302005597014925 4.18759767857647
0.0302472014925373 4.22765177952101
0.0302938432835821 4.26761132526536
0.0303404850746269 4.30746858073974
0.0303871268656716 4.34721584784834
0.0304337686567164 4.3868454694831
0.0304804104477612 4.4263498335315
0.030527052238806 4.4657213768336
0.0305736940298507 4.50495258909601
0.0306203358208955 4.54403601679606
0.0306669776119403 4.5829642669949
0.0307136194029851 4.62173001113575
0.0307602611940299 4.66032598877142
0.0308069029850746 4.69874501124582
0.0308535447761194 4.73697996531704
0.0309001865671642 4.77502381672772
0.030946828358209 4.81286961368245
0.0309934701492537 4.85051049029688
0.0310401119402985 4.88793966993863
0.0310867537313433 4.92515046853432
0.0311333955223881 4.96213629776528
0.0311800373134328 4.99889066821168
0.0312266791044776 5.03540719241369
0.0312733208955224 5.07167958782668
0.0313199626865672 5.1077016797273
0.0313666044776119 5.14346740399973
0.0314132462686567 5.17897080986307
0.0314598880597015 5.21420606247824
0.0315065298507463 5.24916744549162
0.031553171641791 5.28384936345726
0.0315998134328358 5.31824634418114
0.0316464552238806 5.35235304096351
0.0316930970149254 5.3861642347344
0.0317397388059701 5.41967483610631
0.0317863805970149 5.45287988730236
0.0318330223880597 5.48577456399803
0.0318796641791045 5.51835417705066
0.0319263059701493 5.55061417415073
0.031972947761194 5.58255014131544
0.0320195895522388 5.61415780431565
0.0320662313432836 5.64543303000695
0.0321128731343284 5.67637182751232
0.0321595149253731 5.70697034932525
0.0322061567164179 5.73722489229985
0.0322527985074627 5.76713189855106
0.0322994402985075 5.79668795620329
0.0323460820895522 5.8258898000741
0.032392723880597 5.85473431224346
0.0324393656716418 5.88321852248912
0.0324860074626866 5.91133960865253
0.0325326492537313 5.93909489687917
0.0325792910447761 5.96648186175642
0.0326259328358209 5.99349812634333
0.0326725746268657 6.02014146211366
0.0327192164179105 6.046409788777
0.0327658582089552 6.07230117402053
0.0328125 6.09781383312141
0.0328591417910448 6.12294612848892
0.0329057835820896 6.14769656909848
0.0329524253731343 6.17206380982769
0.0329990671641791 6.19604665070046
0.0330457089552239 6.21964403603806
0.0330923507462687 6.24285505352645
0.0331389925373134 6.2656789331706
0.0331856343283582 6.28811504620492
0.033232276119403 6.31016290387265
0.0332789179104478 6.33182215615219
0.0333255597014925 6.35309259039015
0.0333722014925373 6.3739741298532
0.0334188432835821 6.39446683220993
0.0334654850746269 6.41457088793523
0.0335121268656716 6.43428661865203
0.0335587686567164 6.45361447537408
0.0336054104477612 6.47255503671086
0.033652052238806 6.49110900700131
0.0336986940298507 6.50927721436574
0.0337453358208955 6.52706060872967
0.0337919776119403 6.54446025975582
0.0338386194029851 6.56147735474058
0.0338852611940299 6.57811319646075
0.0339319029850746 6.59436920095123
0.0339785447761194 6.61024689525693
0.0340251865671642 6.62574791512077
0.034071828358209 6.64087400264707
0.0341184701492537 6.65562700390085
0.0341651119402985 6.67000886650895
0.0342117537313433 6.68402163717682
0.0342583955223881 6.69766745921375
0.0343050373134328 6.71094857001909
0.0343516791044776 6.72386729851867
0.0343983208955224 6.73642606261035
0.0344449626865672 6.74862736657133
0.0344916044776119 6.76047379844506
0.0345382462686567 6.7719680274102
0.0345848880597015 6.78311280115454
0.0346315298507463 6.79391094320888
0.034678171641791 6.80436535029983
0.0347248134328358 6.8144789896701
0.0347714552238806 6.82425489640963
0.0348180970149254 6.83369617079526
0.0348647388059702 6.84280597560687
0.0349113805970149 6.85158753345497
0.0349580223880597 6.86004412412906
0.0350046641791045 6.86817908192964
0.0350513059701493 6.87599579303032
0.035097947761194 6.88349769282559
0.0351445895522388 6.89068826333553
0.0351912313432836 6.89757103056662
0.0352378731343284 6.90414956194399
0.0352845149253731 6.91042746374352
0.0353311567164179 6.91640837853078
0.0353777985074627 6.92209598263938
0.0354244402985075 6.92749398367456
0.0354710820895522 6.93260611803748
0.035517723880597 6.93743614847952
0.0355643656716418 6.94198786167867
0.0356110074626866 6.94626506587166
0.0356576492537313 6.95027158847771
0.0357042910447761 6.95401127380446
0.0357509328358209 6.95748798073733
0.0357975746268657 6.96070558051644
0.0358442164179104 6.96366795451361
0.0358908582089552 6.96637899206757
0.0359375 6.96884258835045
0.0359841417910448 6.97106264226792
0.0360307835820896 6.9730430544273
0.0360774253731343 6.97478772512187
0.0361240671641791 6.97630055236903
0.0361707089552239 6.9775854299873
0.0362173507462687 6.97864624573236
0.0362639925373134 6.97948687945663
0.0363106343283582 6.9801112013312
0.036357276119403 6.98052307011839
0.0364039179104478 6.98072633146079
0.0364505597014925 6.98072481626154
0.0364972014925373 6.98052233907112
0.0365438432835821 6.9801226965485
0.0365904850746269 6.97952966596678
0.0366371268656716 6.97874700375037
0.0366837686567164 6.97777844407915
0.0367304104477612 6.97662769753475
0.036777052238806 6.97529844978492
0.0368236940298508 6.97379436034185
0.0368703358208955 6.97211906133569
0.0369169776119403 6.97027615636764
0.0369636194029851 6.96826921937592
0.0370102611940299 6.96610179359237
0.0370569029850746 6.96377739050277
0.0371035447761194 6.96129948888981
0.0371501865671642 6.95867153389871
0.037196828358209 6.95589693616484
0.0372434701492537 6.95297907096512
0.0372901119402985 6.94992127744676
0.0373367537313433 6.94672685787536
0.0373833955223881 6.9433990769384
0.0374300373134328 6.9399411610817
0.0374766791044776 6.93635629790673
0.0375233208955224 6.93264763559794
0.0375699626865672 6.92881828239057
0.0376166044776119 6.92487130609195
0.0376632462686567 6.92080973361752
0.0377098880597015 6.91663655060467
0.0377565298507463 6.91235470102793
0.037803171641791 6.9079670868872
0.0378498134328358 6.90347656788647
0.0378964552238806 6.89888596121146
0.0379430970149254 6.89419804128679
0.0379897388059702 6.88941553959308
0.0380363805970149 6.88454114453043
0.0380830223880597 6.8795775012836
0.0381296641791045 6.87452721174568
0.0381763059701493 6.86939283446281
0.038222947761194 6.86417688461065
0.0382695895522388 6.85888183400398
0.0383162313432836 6.8535101111229
0.0383628731343284 6.84806410118519
0.0384095149253731 6.84254614624259
0.0384561567164179 6.83695854528096
0.0385027985074627 6.83130355438043
0.0385494402985075 6.82558338686875
0.0385960820895522 6.81980021351571
0.038642723880597 6.81395616275052
0.0386893656716418 6.8080533209003
0.0387360074626866 6.80209373242629
0.0387826492537313 6.79607940022415
0.0388292910447761 6.79001228590354
0.0388759328358209 6.78389431011132
0.0389225746268657 6.77772735285109
0.0389692164179104 6.77151325384199
0.0390158582089552 6.7652538128761
0.0390625 6.75895079020115
0.0391091417910448 6.75260590691338
0.0391557835820896 6.7462208453509
0.0392024253731343 6.7397972495384
0.0392490671641791 6.73333672559549
0.0392957089552239 6.72684084218704
0.0393423507462687 6.72031113097144
0.0393889925373134 6.71374908707115
0.0394356343283582 6.70715616953785
0.039482276119403 6.7005338018288
0.0395289179104478 6.69388337229901
0.0395755597014925 6.68720623469389
0.0396222014925373 6.68050370864363
0.0396688432835821 6.67377708017777
0.0397154850746269 6.66702760222852
0.0397621268656716 6.66025649515225
0.0398087686567164 6.65346494724076
0.0398554104477612 6.64665411524465
0.039902052238806 6.63982512490471
0.0399486940298508 6.63297907147011
0.0399953358208955 6.62611702023429
0.0400419776119403 6.61924000705447
0.0400886194029851 6.61234903889168
0.0401352611940299 6.60544509433641
0.0401819029850746 6.59852912414674
0.0402285447761194 6.59160205175421
0.0402751865671642 6.58466477382501
0.040321828358209 6.57771816076412
0.0403684701492537 6.57076305724025
0.0404151119402985 6.56380028272127
0.0404617537313433 6.5568306319819
0.0405083955223881 6.5498548756289
0.0405550373134328 6.54287376060929
0.0406016791044776 6.53588801072013
0.0406483208955224 6.52889832712001
0.0406949626865672 6.52190538882464
0.040741604477612 6.51490985320704
0.0407882462686567 6.50791235649246
0.0408348880597015 6.5009135142413
0.0408815298507463 6.49391392183447
0.0409281716417911 6.48691415495262
0.0409748134328358 6.47991477004723
0.0410214552238806 6.47291630479919
0.0410680970149254 6.46591927859206
0.0411147388059701 6.4589241929571
0.0411613805970149 6.45193153202622
0.0412080223880597 6.44494176296967
0.0412546641791045 6.43795533643039
0.0413013059701493 6.43097268696176
0.041347947761194 6.42399423344078
0.0413945895522388 6.41702037948767
0.0414412313432836 6.41005151387405
0.0414878731343284 6.40308801092129
0.0415345149253731 6.39613023090508
0.0415811567164179 6.38917852043365
0.0416277985074627 6.38223321283329
0.0416744402985075 6.37529462852256
0.0417210820895522 6.36836307538033
0.041767723880597 6.36143884910184
0.0418143656716418 6.35452223355691
0.0418610074626866 6.34761350113157
0.0419076492537313 6.34071291307157
0.0419542910447761 6.33382071980919
0.0420009328358209 6.32693716129456
0.0420475746268657 6.32006246730799
0.0420942164179104 6.31319685777212
0.0421408582089552 6.30634054306143
0.0421875 6.29949372429224
0.0422341417910448 6.29265659361872
0.0422807835820896 6.28582933451299
0.0423274253731343 6.27901212204904
0.0423740671641791 6.27220512316095
0.0424207089552239 6.26540849692209
0.0424673507462687 6.25862239479286
0.0425139925373134 6.25184696087429
0.0425606343283582 6.24508233214971
0.042607276119403 6.23832863873237
0.0426539179104478 6.23158600408905
0.0427005597014925 6.22485454527118
0.0427472014925373 6.21813437313187
0.0427938432835821 6.21142559254697
0.0428404850746269 6.20472830261368
0.0428871268656716 6.19804259686125
0.0429337686567164 6.19136856344926
0.0429804104477612 6.18470628535141
0.043027052238806 6.17805584054885
0.0430736940298507 6.17141730221346
0.0431203358208955 6.16479073887366
0.0431669776119403 6.15817621459502
0.0432136194029851 6.1515737891426
0.0432602611940299 6.14498351813907
0.0433069029850746 6.13840545322403
0.0433535447761194 6.13183964220394
0.0434001865671642 6.12528612920264
0.043446828358209 6.11874495479296
0.0434934701492537 6.1122161561467
0.0435401119402985 6.10569976715969
0.0435867537313433 6.09919581858564
0.0436333955223881 6.09270433815631
0.0436800373134328 6.08622535070616
0.0437266791044776 6.07975887829054
0.0437733208955224 6.07330494029228
0.0438199626865672 6.06686355353695
0.0438666044776119 6.0604347323976
0.0439132462686567 6.05401848889869
0.0439598880597015 6.04761483280507
0.0440065298507463 6.04122377173019
0.0440531716417911 6.03484531122012
0.0440998134328358 6.02847945484411
0.0441464552238806 6.02212620428222
0.0441930970149254 6.01578555940736
0.0442397388059702 6.00945751835879
0.0442863805970149 6.00314207762987
0.0443330223880597 5.99683923213481
0.0443796641791045 5.990548975282
0.0444263059701493 5.98427129904005
0.044472947761194 5.97800619401014
0.0445195895522388 5.97175364948535
0.0445662313432836 5.9655136535091
0.0446128731343284 5.95928619294419
0.0446595149253731 5.95307125351782
0.0447061567164179 5.9468688198859
0.0447527985074627 5.94067887567893
0.0447994402985075 5.93450140355788
0.0448460820895522 5.92833638525531
0.044892723880597 5.92218380163192
0.0449393656716418 5.91604363271167
0.0449860074626866 5.90991585773268
0.0450326492537313 5.90380045518383
0.0450792910447761 5.89769740284416
0.0451259328358209 5.89160667782227
0.0451725746268657 5.88552825659485
0.0452192164179104 5.87946211503938
0.0452658582089552 5.87340822846495
0.0453125 5.8673665716511
0.0453591417910448 5.86133711887226
0.0454057835820896 5.85531984392789
0.0454524253731343 5.84931472017644
0.0454990671641791 5.84332172055624
0.0455457089552239 5.83734081761306
0.0455923507462687 5.83137198352691
0.0456389925373134 5.82541519013203
0.0456856343283582 5.81947040894186
0.045732276119403 5.81353761117201
0.0457789179104478 5.80761676775539
0.0458255597014925 5.80170784936972
0.0458722014925373 5.79581082645018
0.0459188432835821 5.78992566920942
0.0459654850746269 5.78405234765471
0.0460121268656716 5.77819083160541
0.0460587686567164 5.77234109070672
0.0461054104477612 5.76650309444499
0.046152052238806 5.76067681216482
0.0461986940298507 5.75486221307635
0.0462453358208955 5.74905926627483
0.0462919776119403 5.74326794074871
0.0463386194029851 5.73748820539195
0.0463852611940299 5.73172002901703
0.0464319029850746 5.72596338036286
0.0464785447761194 5.72021822810714
0.0465251865671642 5.71448454087559
0.046571828358209 5.70876228724816
0.0466184701492537 5.70305143577151
0.0466651119402985 5.69735195496414
0.0467117537313433 5.69166381332679
0.0467583955223881 5.68598697934879
0.0468050373134328 5.68032142151285
0.0468516791044776 5.67466710830617
0.0468983208955224 5.66902400822226
0.0469449626865672 5.66339208976944
0.0469916044776119 5.65777132147598
0.0470382462686567 5.65216167189448
0.0470848880597015 5.64656310960781
0.0471315298507463 5.64097560323438
0.047178171641791 5.63539912143062
0.0472248134328358 5.62983363289833
0.0472714552238806 5.62427910638529
0.0473180970149254 5.61873551069114
0.0473647388059702 5.61320281467012
0.0474113805970149 5.60768098723469
0.0474580223880597 5.60216999735874
0.0475046641791045 5.59666981408082
0.0475513059701493 5.59118040650502
0.047597947761194 5.58570174380677
0.0476445895522388 5.58023379523246
0.0476912313432836 5.57477653010369
0.0477378731343284 5.5693299178172
0.0477845149253731 5.56389392784951
0.0478311567164179 5.55846852975706
0.0478777985074627 5.55305369317734
0.0479244402985075 5.54764938783301
0.0479710820895522 5.54225558353175
0.048017723880597 5.53687225016653
0.0480643656716418 5.53149935771852
0.0481110074626866 5.52613687625925
0.0481576492537314 5.5207847759491
0.0482042910447761 5.5154430270397
0.0482509328358209 5.51011159987619
0.0482975746268657 5.5047904648943
0.0483442164179105 5.49947959262516
0.0483908582089552 5.49417895369431
0.0484375 5.48888851882163
0.0484841417910448 5.48360825882272
0.0485307835820896 5.47833814460991
0.0485774253731343 5.47307814719199
0.0486240671641791 5.46782823767403
0.0486707089552239 5.46258838725967
0.0487173507462687 5.45735856724988
0.0487639925373134 5.4521387490433
0.0488106343283582 5.44692890413696
0.048857276119403 5.44172900412632
0.0489039179104478 5.43653902070518
0.0489505597014925 5.4313589256663
0.0489972014925373 5.42618869090105
0.0490438432835821 5.42102828839949
0.0490904850746269 5.41587769025055
0.0491371268656716 5.41073686864209
0.0491837686567164 5.40560579586059
0.0492304104477612 5.40048444429126
0.049277052238806 5.39537278641764
0.0493236940298507 5.39027079482249
0.0493703358208955 5.38517844218606
0.0494169776119403 5.38009570128737
0.0494636194029851 5.3750225450033
0.0495102611940299 5.36995894630904
0.0495569029850746 5.36490487827696
0.0496035447761194 5.35986031407708
0.0496501865671642 5.35482522697672
0.049696828358209 5.34979959034036
0.0497434701492537 5.34478337762892
0.0497901119402985 5.33977656240029
0.0498367537313433 5.33477911830819
0.0498833955223881 5.32979101910264
0.0499300373134328 5.32481223862916
0.0499766791044776 5.31984275082878
