0.000763559027226908 -0
0.00184339455920361 -0
0.00240235856171157 -4.67378887309726e-13
0.00284964108418869 -5.53880795116525e-13
0.00323448794416679 -6.28098140566139e-13
0.00357769989491479 -3.47049903580175e-13
0.00389051730256261 -0
0.0041798583613142 8.09415221233992e-13
0.00445034814563412 1.72198486560361e-12
0.00470526273570027 3.18311642950826e-12
0.00494702445261997 4.77649797419589e-12
0.00517748485807016 7.99096010892995e-12
0.00539809728397976 1.24855117591842e-11
0.0056100274989715 1.99854999450028e-11
0.00581422767075763 3.13200111126336e-11
0.00601148750520378 4.62175545801254e-11
0.00620247062955804 6.7293171892634e-11
0.00638774111658051 9.80364486454077e-11
0.00656778323304041 1.39098816259739e-10
0.00674301641653627 1.94968837786517e-10
0.00691380681926011 2.70480466805146e-10
0.00708047633469469 3.70791124014507e-10
0.00724330974754533 5.03437182788641e-10
0.00740256046308842 6.77829119980524e-10
0.00755845514653816 9.06088250257581e-10
0.00771119751574447 1.20175719533542e-09
0.00786097146881454 1.57983220565456e-09
0.0080079436839262 2.06136024527264e-09
0.00815226579631379 2.67308514504017e-09
0.00829407623358099 3.44541960402186e-09
0.00843350177269992 4.4141701244749e-09
0.00857065886861794 5.62645967528051e-09
0.00870565479414141 7.13314593264882e-09
0.00883858862286958 8.998035839017e-09
0.00896955208081529 1.12943178795694e-08
0.00909863028754176 1.41134909387112e-08
0.00922590240384824 1.75575643596627e-08
0.00935144220001771 2.17525611267781e-08
0.00947531855622199 2.68380345036711e-08
0.00959759590473017 3.29854586472747e-08
0.00971833462198636 4.0387763258371e-08
0.0098375913773334 4.92729079023239e-08
0.00995541944410242 5.9903362426025e-08
0.0100718689779171 7.25829517880179e-08
0.0101869872663398 8.7660198473283e-08
0.010300818953386 1.05541345382394e-07
0.0104134062419329 1.26684577056053e-07
0.0105247890766254 1.51617256883676e-07
0.0106350053095278 1.80944096784382e-07
0.0107440908504719 2.15345577308145e-07
0.0108520798037923 2.5561136493164e-07
0.0109590045929288 3.02619345314132e-07
0.0110648960741841 3.5737484717578e-07
0.0111697836407695 4.21005086340576e-07
0.0112736953181339 4.94791632510095e-07
0.0113766578514514 5.80169465565717e-07
0.0114786967860425 6.78755330554068e-07
0.0115798365414138 7.92356791614352e-07
0.0116801004795249 9.23007174839119e-07
0.011779510967823 1.07297783510874e-06
0.0118780894375269 1.24479707974221e-06
0.011975856437592 1.44128268705822e-06
0.0120728316847399 1.66557979071807e-06
0.0121690341098976 1.92117415545756e-06
0.0122644819013587 2.21193467292576e-06
0.0123591925449413 2.54214796615162e-06
0.0124531828613979 2.9165526170045e-06
0.0125464690413008 3.34038784819185e-06
0.0126390666776104 3.81943185538988e-06
0.0127309907961095 4.36004433930885e-06
0.0128222558838747 4.96922738815808e-06
0.012912875915935 5.65466779980098e-06
0.0130028643802579 6.42481318613076e-06
0.0130922343011902 7.28891299988644e-06
0.0131809982614669 8.25708994259321e-06
0.013269168422895 9.3404212667871e-06
0.0133567565458085 1.05509878930405e-05
0.0134437740073818 1.19019861121953e-05
0.0135302318188831 1.34077769667468e-05
0.013616140641941 1.50840085661596e-05
0.0137015108038941 1.69476779787766e-05
0.0137863523122834 1.90172484027238e-05
0.013870674868548 2.13127523414835e-05
0.0139544878809751 2.38558939478417e-05
0.0140378004769541 2.66701718441913e-05
0.0141206215145799 2.97810103354204e-05
0.0142029595936473 3.32158609359105e-05
0.0142848230660742 3.70043690935263e-05
0.0143662200457912 4.11784949857456e-05
0.0144471584181288 4.57726719910903e-05
0.014527645848734 5.08239662975803e-05
0.014607689792045 5.63722336157905e-05
0.0146872974993494 6.24602897838084e-05
0.0147664760264524 6.91341008173858e-05
0.0148452322409756 7.6442955855195e-05
0.0149235728293103 8.44396820210097e-05
0.0150015043032428 9.31808263647924e-05
0.0150790330062725 0.000102726875979863
0.0151561651196381 0.000113142494427835
0.0152329066680703 0.000124496728901513
0.0153092635252836 0.000136863265657824
0.0153852414192236 0.000150320666945002
0.0154608459370823 0.000164952633761989
0.015536082530093 0.000180848271697403
0.015610956518118 0.000198102369373805
0.0156854730940382 0.000216815679989203
0.015759637327957 0.000237095214166768
0.0158334541712262 0.000259054552569093
0.0159069284603037 0.000282814157664278
0.0159800649204522 0.000308501694232907
0.0160528681692855 0.000336252372703523
0.0161253427201709 0.000366209283253815
0.016197492985495 0.000398523748560541
0.0162693232797985 0.000433355701143734
0.0163408378227871 0.000470874051502054
0.0164120407422249 0.000511257059485384
0.0164829360767145 0.000554692741779765
0.0165535277783703 0.000601379262910107
0.0166238197153899 0.000651525359704264
0.0166938156745272 0.000705350753445314
0.0167635193634736 0.000763086581194827
0.0168329344131495 0.000824975837777662
0.016902064379912 0.000891273819699222
0.0169709127476808 0.000962248589898222
0.0170394829299872 0.00103818142830381
0.0171077782719493 0.00111936731489296
0.0171758020521765 0.00120611542060371
0.0172435574846057 0.00129874956008446
0.0173110477202736 0.00139760872730306
0.0173782758490273 0.0015030475722992
0.017445244901174 0.00161543692093468
0.017511957849076 0.00173516428431468
0.0175784176086895 0.00186263436953627
0.0176446270410521 0.00199826962932651
0.0177105889537203 0.00214251076191609
0.0177763061021584 0.00229581726921155
0.0178417811910819 0.00245866797690684
0.0179070168757564 0.00263156157510363
0.0179720157632544 0.00281501717967435
0.0180367804136705 0.00300957486402789
0.0181013133412988 0.00321579619131403
0.0181656170157714 0.00343426478851839
0.0182296938631615 0.00366558687197071
0.0182935462670511 0.00391039181303567
0.0183571765695663 0.00416933265458567
0.0184205870723793 0.0044430866861345
0.01848378003768 0.00473235595850546
0.0185467576891177 0.0050378678321955
0.0186095222127144 0.0053603755144873
0.0186720757577498 0.00570065858188875
0.0187344204376207 0.00605952349385354
0.0187965583306735 0.00643780412121324
0.0188584914810131 0.00683636224680734
0.0189202218992874 0.00725608807422898
0.0189817515634491 0.00769790070031114
0.0190430824194951 0.00816274861910513
0.0191042163821846 0.00865161017334036
0.0191651553357367 0.00916549403235144
0.0192259011345084 0.00970543960242765
0.0192864556036523 0.0102725175064627
0.019346820539757 0.0108678299844493
0.0194069977114691 0.0114925112796755
0.0194669888600976 0.0121477280475086
0.0195267957002018 0.0128346797192126
0.0195864199201634 0.0135545988557726
0.0196458631827426 0.0143087514851535
0.0197051271256188 0.0150984374178666
0.0197642133619174 0.0159249905389753
0.0198231234807221 0.016789779081147
0.0198818590475735 0.0176942058818246
0.0199404216049546 0.0186397086112301
0.0199988126727635 0.0196277599791151
0.0200570337487734 0.0206598679085281
0.0201150863090814 0.0217375757075357
0.0201729718085445 0.0228624621762861
0.0202306916812056 0.0240361417279993
0.020288247340708 0.0252602644612724
0.0203456401806988 0.0265365162030661
0.0204028715752234 0.0278666185255237
0.0204599428791088 0.0292523287429837
0.020516855428338 0.0306954398608703
0.0205736105404151 0.0321977805026051
0.0206302095147208 0.0337612148095317
0.0206866536328599 0.0353876423069354
0.0207429441589995 0.037078997732531
0.0207990823401998 0.0388372508104836
0.0208550694067361 0.0406644060578848
0.0209109065724136 0.0425625024709274
0.0209665950348742 0.0445336132382542
0.0210221359758967 0.0465798454191931
0.0210775305616889 0.0487033395243699
0.0211327799431736 0.0509062691298022
0.0211878852562676 0.0531908404166004
0.021242847622154 0.0555592917138566
0.0212976681475486 0.0580138929290945
0.0213523479249599 0.0605569450275178
0.0214068880329431 0.0631907794206405
0.021461289536348 0.0659177573286486
0.0215155534865621 0.0687402691404733
0.0215696809217475 0.0716607336568629
0.0216236728670725 0.0746815973924506
0.0216775303349382 0.0778053337657511
0.0217312543252003 0.0810344423001795
0.021784845825385 0.0843714477519652
0.0218383058109017 0.0878188992285575
0.0218916352452494 0.091379369259505
0.0219448350802196 0.0950554528301766
0.0219979062560945 0.0988497663868541
0.0220508497018408 0.102764946797609
0.0221036663352998 0.106803650282849
0.0221563570633724 0.110968551320658
0.0222089227822014 0.115262341492161
0.022261364377349 0.119687728319225
0.0223136827239711 0.1242474340577
0.0223658786869872 0.128944194469224
0.022417953121248 0.133780757545195
0.0224699068716982 0.138759882200369
0.0225217407735366 0.143884336969716
0.0225734556523727 0.149156898611837
0.0226250523243803 0.154580350763141
0.0226765315964477 0.160157482496977
0.0227278942663249 0.165891086884495
0.0227791411227678 0.171783959564456
0.0228302729456797 0.177838897189995
0.0228812905062496 0.184058695970781
0.0229321945670878 0.190446150106505
0.0229829858823595 0.197004050231497
0.0230336651979144 0.203735181847876
0.0230842332514149 0.210642323722592
0.0231346907724614 0.217728246258791
0.023185038482715 0.224995709883366
0.023235277096018 0.232447463385595
0.0232854073185118 0.240086242263553
0.023335429848753 0.247914767036599
0.0233853453778268 0.255935741563515
0.0234351545894583 0.264151851359995
0.0234848581601221 0.272565761869925
0.0235344567591491 0.281180116756199
0.023583951048832 0.289997536197785
0.0236333416845283 0.299020615136656
0.0236826293147615 0.308251921573231
0.0237318145813206 0.317693994818405
0.0237808981193575 0.327349343781018
0.023829880557483 0.337220445219484
0.02387876251786 0.347309742021646
0.0239275446162965 0.357619641476787
0.0239762274623357 0.368152513567193
0.024024811659345 0.378910689241672
0.0240732978046032 0.389896458718073
0.024121686489386 0.401112069798965
0.0241699782990505 0.412559726168202
0.0242181738131175 0.424241585728302
0.0242662736053528 0.436159758956994
0.0243142782438469 0.44831630724377
0.0243621882910932 0.460713241279115
0.0244100043040649 0.473352519456242
0.0244577268342905 0.486236046259275
0.0245053564279283 0.499365670720915
0.024552893625839 0.51274318487055
0.0246003389636575 0.526370322223173
0.0246476929718635 0.540248756267209
0.0246949561758501 0.55438009902737
0.0247421290959926 0.568765899587354
0.0247892122477149 0.583407642723032
0.024836206141555 0.598306747477498
0.0248831112832302 0.61346456584877
0.0249299281737001 0.628882381470871
0.0249766573092291 0.644561408299656
0.0250232991814481 0.660502789409611
0.0250698542774145 0.676707595753362
0.0251163230796715 0.693176825010172
0.0251627060663068 0.709911400432147
0.0252090037110097 0.726912169771617
0.0252552164831276 0.744179904201851
0.0253013448477216 0.761715297316824
0.0253473892656212 0.779518964171979
0.0253933501934775 0.797591440331087
0.0254392280838167 0.815933181003349
0.0254850233850917 0.834544560181855
0.0255307365417334 0.853425869891367
0.0255763679942007 0.872577319385903
0.0256219181790307 0.891999034491064
0.0256673875288866 0.911691056923724
0.0257127764726062 0.931653343711755
0.025758085435249 0.95188576660052
0.0258033148381425 0.972388111593395
0.0258484650989279 0.993160078451806
0.0258935366316053 1.0142012803065
0.0259385298465778 1.03551124329981
0.0259834451506954 1.0570894062571
0.0260282829472972 1.07893512046184
0.0260730436362547 1.10104764944021
0.0261177276140125 1.12342616878427
0.0261623352736298 1.14606976607641
0.0262068670048204 1.16897744082359
0.0262513231939928 1.19214810446819
0.0262957042242889 1.21558058042189
0.0263400104756228 1.23927360418445
0.0263842423247188 1.26322582350409
0.0264284001451486 1.28743579855425
0.0264724843073679 1.31190200222144
0.0265164951787534 1.33662282039304
0.0265604331236376 1.36159655233252
0.0266042985033447 1.38682141107067
0.0266480916762248 1.41229552387783
0.0266918129976885 1.43801693276885
0.02673546282024 1.46398359504493
0.0267790414935109 1.49019338393108
0.0268225493642922 1.51664408920453
0.0268659867765671 1.54333341791208
0.0269093540715423 1.57025899510544
0.0269526515876796 1.5974183646477
0.0269958796607263 1.62480899006019
0.0270390386237461 1.65242825538153
0.0270821288071487 1.68027346614001
0.0271251505387192 1.70834185029121
0.0271681041436476 1.73663055925321
0.0272109899445571 1.76513666896784
0.0272538082615327 1.79385718100259
0.0272965594121488 1.82278902367316
0.0273392437114966 1.8519290532407
0.0273818614722117 1.88127405514003
0.0274244130045003 1.91082074521261
0.0274668986161657 1.94056577101415
0.0275093186126344 1.97050571314207
0.0275516732969817 2.00063708659328
0.0275939629699567 2.03095634217243
0.0276361879300075 2.06145986790636
0.0276783484733057 2.09214399051335
0.0277204448937706 2.12300497688982
0.0277624774830931 2.15403903563252
0.0278044465307593 2.18524231859203
0.0278463523240739 2.21661092243082
0.0278881951481828 2.24814089023207
0.0279299752860962 2.27982821312909
0.0279716930187103 2.31166883195317
0.0280133486248301 2.34365863888237
0.0280549423811906 2.37579347915356
0.0280964745624784 2.40806915277493
0.0281379454413529 2.44048141623114
0.028179355288467 2.47302598424959
0.0282207043724882 2.50569853155259
0.0282619929601183 2.53849469462805
0.0283032213161139 2.57141007353247
0.0283443897033059 2.6044402336835
0.0283854983826196 2.63758070767601
0.0284265476130932 2.67082699709199
0.0284675376518975 2.7041745743458
0.0285084687543544 2.73761888451741
0.0285493411739556 2.7711553471898
0.0285901551623806 2.80477935830951
0.0286309109695153 2.83848629202075
0.0286716088434695 2.87227150253955
0.0287122490305943 2.90613032599903
0.0287528317755001 2.94005808229716
0.0287933573210734 2.97405007696792
0.0288338259084938 3.00810160302447
0.0288742377772507 3.04220794280194
0.0289145931651599 3.07636436981657
0.02895489230838 3.11056615057838
0.0289951354414285 3.14480854646258
0.0290353227971976 3.17908681548089
0.02907545460697 3.21339621413994
0.0291155311004343 3.24773199923472
0.0291555525057008 3.28208942961874
0.029195519049316 3.316463768006
0.0292354309562781 3.350850282744
0.0292752884500513 3.38524424955308
0.029315091752581 3.41964095326139
0.0293548410843075 3.45403568955451
0.0293945366641809 3.48842376664107
0.0294341787096748 3.52280050697845
0.0294737674368002 3.55716124891487
0.0295133030601195 3.59150134834541
0.0295527857927596 3.62581618036424
0.0295922158464259 3.66010114083471
0.0296315934314151 3.69435164799644
0.0296709187566283 3.72856314403005
0.0297101920295843 3.76273109659816
0.0297494134564321 3.79685100034179
0.0297885832419632 3.83091837839983
0.0298277015896248 3.8649287838512
0.0298667687015317 3.89887780116588
0.0299057847784785 3.9327610476166
0.0299447500199515 3.96657417466527
0.029983664624141 4.00031286930728
0.0300225287879529 4.03397285542237
0.03006134270702 4.06754989506384
0.030100106575714 4.10103978972313
0.0301388205871564 4.13443838157922
0.0301774849332301 4.16774155471959
0.0302160998045904 4.20094523630594
0.0302546653906756 4.23404539772379
0.0302931818797183 4.26703805571183
0.0303316494587562 4.29991927344459
0.0303700683136421 4.3326851615905
0.0304084386290549 4.36533187932197
0.0304467605885098 4.3978556353155
0.0304850343743684 4.43025268872882
0.0305232601678492 4.46251935010312
0.0305614381490372 4.49465198225224
0.0305995684968939 4.52664700113263
0.0306376513892673 4.55850087667412
0.0306756870029014 4.59021013357288
0.0307136755134458 4.62177135205322
0.030751617095465 4.65318116857915
0.0307895119224483 4.6844362765688
0.0308273601668182 4.71553342703504
0.0308651619999405 4.74646942923546
0.0309029175921325 4.77724115124903
0.0309406271126726 4.80784552054394
0.0309782907298088 4.83827952451537
0.0310159086107674 4.86854021094814
0.0310534809217621 4.89862468851927
0.0310910078280021 4.92853012720378
0.0311284894937007 4.95825375869422
0.031165926082084 4.98779287672344
0.0312033177553986 5.01714483744046
0.0312406646749204 5.04630705970289
0.0312779670009623 5.07527702533037
0.0313152248928825 5.10405227935929
0.0313524385090922 5.13263043023816
0.0313896080070636 5.16100915001841
0.0314267335433378 5.18918617449683
0.0314638152735322 5.21715930331959
0.0315008533523482 5.24492640009393
0.0315378479335791 5.27248539242239
0.0315747991701168 5.29983427193745
0.0316117072139599 5.3269710943216
0.0316485722162208 5.35389397925881
0.0316853943271324 5.38060111037469
0.0317221736960562 5.40709073517096
0.0317589104714883 5.43336116491312
0.0317956048010674 5.45941077449313
0.0318322568315809 5.48523800223657
0.0318688667089724 5.51084134977594
0.0319054345783479 5.53621938178613
0.0319419605839829 5.56137072578566
0.0319784448693291 5.58629407183379
0.0320148875770205 5.61098817227974
0.0320512888488805 5.63545184143818
0.0320876488259279 5.65968395527551
0.0321239676483835 5.68368345103929
0.0321602454556761 5.70744932688834
0.0321964823864493 5.73098064151486
0.0322326785785672 5.75427651369973
0.0322688341691208 5.77733612191589
0.0323049492944337 5.80015870383695
0.0323410240900686 5.82274355587326
0.0323770586908327 5.84509003269951
0.0324130532307842 5.86719754673563
0.0324490078432374 5.88906556759678
0.032484922660769 5.91069362158911
0.0325207978152238 5.93208129112305
0.0325566334377198 5.95322821414926
0.0325924296586546 5.97413408357675
0.0326281866077101 5.99479864663203
0.0326639044138586 6.01522170430744
0.032699583205368 6.03540311065197
0.0327352231098072 6.05534277219805
0.0327708242540514 6.07504064724679
0.0328063867642873 6.09449674524025
0.0328419107660185 6.11371112606356
0.0328773963840704 6.13268389936199
0.0329128437425958 6.15141522383126
0.0329482529650794 6.16990530652398
0.032983624174343 6.18815440210767
0.0330189574925508 6.20616281215838
0.0330542530412138 6.22393088442166
0.0330895109411952 6.2414590120543
0.0331247313127147 6.2587476329066
0.0331599142753537 6.27579722872256
0.03319505994806 6.29260832442189
0.033230168449152 6.3091814872991
0.0332652398963241 6.32551732625582
0.0333002744066508 6.34161649105435
0.0333352720965913 6.35747967148605
0.0333702330819942 6.37310759662851
0.0334051574781019 6.38850103403425
0.0334400453995549 6.40366078895703
0.0334748969603963 6.41858770353995
0.0335097122740763 6.4332826560249
0.0335444914534563 6.44774655997506
0.0335792346108131 6.46198036345323
0.0336139418578434 6.47598504822754
0.0336486133056677 6.48976162899056
0.0336832490648348 6.50331115254699
0.0337178492453255 6.51663469702159
0.0337524139565571 6.52973337105507
0.0337869433073869 6.54260831302342
0.0338214374061168 6.55526069023873
0.0338558963604969 6.56769169814012
0.0338903202777295 6.57990255954719
0.033924709264473 6.59189452382715
0.0339590634268457 6.60366886614973
0.0339933828704298 6.61522688667642
0.034027667700275 6.62656990982401
0.0340619180209021 6.63769928346251
0.0340961339363074 6.64861637814678
0.0341303155499654 6.65932258637324
0.0341644629648334 6.66981932181115
0.0341985762833544 6.68010801857004
0.0342326556074611 6.69019013041423
0.0342667010385792 6.70006713005456
0.0343007126776312 6.709740508407
0.0343346906250397 6.71921177385822
0.0343686349807307 6.72848245154903
0.0344025458441374 6.73755408264895
0.0344364233142035 6.74642822366159
0.0344702674893864 6.7551064457256
0.0345040784676605 6.76359033389036
0.0345378563465207 6.77188148646597
0.0345716012229858 6.77998151433398
0.0346053131936014 6.78789204025028
0.0346389923544432 6.79561469822273
0.0346726388011206 6.80315113282377
0.0347062526287791 6.81050299855592
0.0347398339321043 6.81767195921565
0.0347733828053245 6.82465968726452
0.0348068993422136 6.83146786319192
0.0348403836360949 6.8380981749242
0.0348738357798433 6.84455231720912
0.0349072558658889 6.8508319910153
0.0349406439862196 6.85693890296028
0.0349740002323844 6.86287476473018
0.0350073246954959 6.86864129249829
0.0350406174662338 6.87424020639093
0.035073878634847 6.87967322992159
0.0351071082911573 6.88494208945321
0.0351403065245615 6.89004851367331
0.0351734734240345 6.89499423306743
0.0352066090781325 6.89978097943008
0.0352397135749948 6.90441048533146
0.0352727870023475 6.90888448364444
0.0353058294475057 6.91320470705021
0.0353388409973761 6.91737288759239
0.0353718217384602 6.92139075619131
0.0354047717568564 6.92526004218694
0.0354376911382628 6.92898247291836
0.0354705799679798 6.93255977327611
0.0355034383309129 6.9359936652763
0.035536266311575 6.93928586764892
0.0355690639940888 6.94243809543752
0.0356018314621897 6.94545205959941
0.0356345687992282 6.94832946662268
0.035667276088172 6.95107201814938
0.0356999534116089 6.95368141061135
0.0357326008517491 6.95615933486114
0.0357652184904276 6.95850747585183
0.0357978064091063 6.96072751226312
0.0358303646888771 6.96282111619464
0.0358628934104634 6.96478995284003
0.0358953926542231 6.96663568019056
0.0359278625001504 6.9683599487019
0.0359603030278786 6.96996440103158
0.0359927143166821 6.97145067174063
0.0360250964454784 6.97282038702176
0.0360574494928311 6.97407516443802
0.0360897735369512 6.97521661265218
0.0361220686557001 6.97624633119154
0.0361543349265912 6.97716591020962
0.0361865724267925 6.97797693023355
0.0362187812331284 6.97868096197407
0.0362509614220823 6.97927956608086
0.036283113069798 6.97977429293987
0.0363152362520827 6.98016668249633
0.0363473310444082 6.98045826403977
0.0363793975219136 6.98065055603268
0.0364114357594072 6.98074506592691
0.0364434458313682 6.98074329001444
0.0364754278119493 6.98064671324417
0.0365073817749783 6.98045680908295
0.0365393077939599 6.98017503937046
0.0365712059420784 6.97980285417684
0.0366030762921989 6.97934169167389
0.0366349189168698 6.97879297801466
0.0366667338883242 6.97815812720033
0.0366985212784823 6.97743854099513
0.0367302811589531 6.97663560880345
0.0367620136010361 6.97575070758909
0.0367937186757234 6.97478520176623
0.0368253964537018 6.97374044312417
0.0368570470053538 6.97261777076271
0.0368886704007603 6.97141851098836
0.0369202667097021 6.97014397727869
0.0369518360016614 6.96879547021123
0.0369833783458241 6.96737427741183
0.0370148938110812 6.96588167349611
0.0370463824660308 6.96431892004133
0.0370778443789793 6.962687265536
0.0371092796179442 6.96098794534874
0.0371406882506545 6.95922218172335
0.0371720703445536 6.95739118371758
0.0372034259668 6.95549614721451
0.0372347551842698 6.95353825490302
0.0372660580635578 6.95151867627435
0.0372973346709792 6.94943856760243
0.0373285850725717 6.94729907196583
0.0373598093340966 6.94510131924176
0.0373910075210407 6.94284642611763
0.0374221796986177 6.94053549611032
0.0374533259317701 6.93816961957554
0.0374844462851705 6.93574987374232
0.0375155408232233 6.93327732271787
0.037546609610066 6.93075301754685
0.0375776527095714 6.92817799621839
0.0376086701853481 6.92555328372021
0.0376396621007432 6.92287989206666
0.0376706285188429 6.92015882035327
0.0377015695024742 6.91739105478749
0.0377324851142069 6.91457756876398
0.0377633754163543 6.91171932288725
0.0377942404709753 6.90881726505526
0.0378250803398755 6.90587233049314
0.0378558950846086 6.90288544183676
0.0378866847664783 6.89985750918663
0.0379174494465392 6.89678943016181
0.0379481891855985 6.89368208999585
0.037978904044217 6.89053636158263
0.0380095940827114 6.88735310556604
0.0380402593611545 6.88413317040532
0.0380708999393776 6.88087739245997
0.0381015158769711 6.87758659606429
0.0381321072332864 6.87426159361595
0.038162674067437 6.87090318564854
0.0381932164382996 6.86751216093112
0.038223734404516 6.86408929653122
0.0382542280244939 6.8606353579393
0.0382846973564085 6.85715109912522
0.0383151424582036 6.85363726263883
0.038345563387593 6.85009457971944
0.0383759602020617 6.84652377036462
0.0384063329588673 6.84292554344554
0.0384366817150412 6.83930059678467
0.0384670065273896 6.8356496172814
0.0384973074524953 6.83197328097061
0.0385275845467183 6.82827225316311
0.0385578378661975 6.82454718850999
0.0385880674668517 6.82079873113426
0.0386182734043807 6.81702751471177
0.0386484557342669 6.81323416258187
0.0386786145117759 6.80941928784917
0.0387087497919584 6.8055834934949
0.0387388616296506 6.80172737245448
0.0387689500794759 6.79785150776215
0.038799015195846 6.79395647262425
0.0388290570329617 6.79004283053823
0.0388590756448146 6.78611113538972
0.0388890710851877 6.78216193158236
0.0389190434076567 6.77819575410485
0.0389489926655914 6.77421312867041
0.0389789189121563 6.77021457181457
0.0390088222003121 6.76620059098325
0.0390387025828167 6.76217168467757
0.0390685601122263 6.75812834251401
0.0390983948408962 6.75407104536905
0.0391282068209822 6.7500002654693
0.0391579961044416 6.74591646650096
0.0391877627430344 6.74182010371131
0.0392175067883237 6.73771162401574
0.0392472282916777 6.73359146611673
0.0392769273042699 6.72946006058004
0.0393066038770806 6.72531782997458
0.0393362580608979 6.72116518895345
0.0393658899063185 6.7170025443594
0.0393954994637487 6.71283029535247
0.0394250867834056 6.70864883347961
0.0394546519153183 6.7044585427951
0.0394841949093281 6.70025979996982
0.0395137158150903 6.69605297438153
0.0395432146820747 6.6918384282231
0.0395726915595669 6.68761651659427
0.0396021464966688 6.68338758761326
0.0396315795423002 6.67915198251653
0.039660990745199 6.67491003574757
0.0396903801539227 6.67066207505985
0.0397197478168492 6.66640842162056
0.0397490937821776 6.66214939010594
0.0397784180979293 6.65788528878401
0.0398077208119487 6.65361641963498
0.0398370019719043 6.64934307842703
0.0398662616252895 6.6450655548116
0.0398954998194238 6.64078413243024
0.039924716601453 6.63649908900239
0.0399539120183507 6.63221069640428
0.0399830861169193 6.62791922077119
0.04001223894379 6.62362492259554
0.0400413705454248 6.61932805679473
0.0400704809681164 6.61502887283263
0.0400995702579897 6.6107276147617
0.0401286384610023 6.60642452136409
0.0401576856229456 6.60211982618848
0.0401867117894454 6.59781375766626
0.0402157170059628 6.59350653918434
0.0402447013177953 6.58919838917368
0.0402736647700771 6.58488952119103
0.0403026074077804 6.58058014399284
0.0403315292757161 6.57627046163202
0.0403604304185343 6.57196067351703
0.0403893108807256 6.56765097451884
0.0404181707066215 6.56334155501763
0.0404470099403955 6.55903260100414
0.0404758286260635 6.55472429415226
0.0405046268074849 6.55041681187915
0.0405334045283634 6.54611032743941
0.0405621618322477 6.54180500998509
0.0405908987625319 6.53750102465275
0.040619615362457 6.53319853261805
0.040648311675111 6.52889769118384
0.0406769877434301 6.52459865383177
0.0407056436101991 6.52030157031598
0.0407342793180524 6.51600658670832
0.0407628949094745 6.5117138454715
0.0407914904268012 6.50742348553469
0.0408200659122198 6.50313564235587
0.0408486214077699 6.49885044798493
0.0408771569553445 6.49456803112402
0.0409056725966904 6.49028851719372
0.040934168373409 6.48601202839459
0.0409626443269571 6.48173868377508
0.0409911004986472 6.4774685992796
0.0410195369296487 6.47320188781733
0.0410479536609885 6.46893865932235
0.0410763507335515 6.46467902079564
0.0411047281880813 6.46042307638848
0.0411330860651809 6.45617092743848
0.0411614244053137 6.45192267252393
0.0411897432488037 6.44767840753195
0.0412180426358364 6.44343822570527
0.0412463226064595 6.43920221769017
0.0412745832005835 6.43497047159862
0.0413028244579822 6.43074307304421
0.0413310464182937 6.4265201052168
0.0413592491210209 6.42230164890696
0.041387432605532 6.41808778256622
0.0414155969110611 6.41387858235914
0.0414437420767093 6.40967412220245
0.0414718681414449 6.40547447381845
0.0414999751441039 6.40127970677442
0.0415280631233913 6.39708988853181
0.0415561321178811 6.39290508448884
0.0415841821660169 6.38872535801693
0.0416122133061131 6.38455077052658
0.0416402255763549 6.38038138148301
0.0416682190147993 6.37621724845847
0.0416961936593753 6.37205842717494
0.041724149547885 6.36790497154229
0.0417520867180039 6.36375693369988
0.0417800052072815 6.35961436404509
0.0418079050531418 6.35547731128108
0.0418357862928842 6.35134582245482
0.0418636489636839 6.34721994299482
0.0418914931025923 6.34309971672468
0.0419193187465378 6.3389851859313
0.0419471259323264 6.33487639138194
0.0419749146966422 6.33077337235844
0.0420026850760479 6.32667616669313
0.0420304371069853 6.32258481080669
0.0420581708257761 6.31849933972356
0.0420858862686224 6.3144197871256
0.0421135834716069 6.31034618536933
0.042141262470694 6.30627856551437
0.04216892330173 6.30221695736862
0.0421965660004436 6.29816138949765
0.0422241906024467 6.29411188927017
0.0422517971432345 6.29006848287078
0.0422793856581868 6.28603119534506
0.0423069561825676 6.28200005061344
0.0423345087515262 6.2779750715052
0.0423620434000977 6.27395627977349
0.0423895601632033 6.26994369613809
0.0424170590756511 6.26593734029538
0.0424445401721361 6.26193723094923
0.0424720034872414 6.2579433858401
0.0424994490554381 6.25395582175052
0.0425268769110864 6.24997455455373
0.0425542870884354 6.24599959922056
0.0425816796216242 6.24203096983811
0.0426090545446821 6.23806867964308
0.042636411891529 6.23411274103659
0.0426637516959764 6.23016316560453
0.0426910739917272 6.22621996414732
0.0427183788123767 6.22228314668136
0.0427456661914128 6.21835272247856
0.0427729361622167 6.21442870006952
0.0428001887580631 6.21051108727625
0.042827424012121 6.2065998912236
0.0428546419574539 6.20269511835156
0.0428818426270204 6.19879677444371
0.0429090260536745 6.19490486463759
0.0429361922701664 6.1910193934432
0.0429633413091428 6.18714036476569
0.042990473203147 6.18326778190948
0.04301758798462 6.17940164760114
0.0430446856859004 6.17554196401005
0.0430717663392252 6.17168873274827
0.0430988299767301 6.16784195490507
0.04312587663045 6.16400163104449
0.0431529063323192 6.16016776122904
0.0431799191141724 6.15634034502704
0.0432069150077444 6.15251938153729
0.0432338940446713 6.14870486939496
0.0432608562564903 6.1448968067722
0.0432878016746403 6.14109519141625
0.0433147303304628 6.13730002064487
0.0433416422552016 6.13351129135993
0.0433685374800037 6.12972900006497
0.0433954160359194 6.12595314287802
0.0434222779539032 6.12218371552493
0.0434491232648136 6.11842071337435
0.0434759519994141 6.1146641314409
0.0435027641883732 6.11091396438399
0.043529559862265 6.10717020652983
0.0435563390515694 6.10343285188379
0.0435831017866728 6.09970189412997
0.0436098480978684 6.09597732664799
0.0436365780153565 6.09225914252005
0.043663291569245 6.08854733454056
0.0436899887895496 6.08484189522459
0.0437166697061945 6.08114281681948
0.0437433343490127 6.0774500913088
0.0437699827477461 6.07376371042194
0.0437966149320464 6.07008366564268
0.0438232309314749 6.06640994821712
0.0438498307755034 6.06274254916597
0.0438764144935144 6.05908145928594
0.0439029821148011 6.05542666915347
0.0439295336685686 6.05177816915085
0.0439560691839334 6.04813594944236
0.0439825886899244 6.0445000000123
0.044009092215483 6.04087031064998
0.0440355797894633 6.03724687096979
0.044062051440633 6.03362967041062
0.0440885071976733 6.030018698237
0.0441149470891792 6.0264139435596
0.0441413711436603 6.0228153953299
0.044167779389541 6.01922304234726
0.0441941718551604 6.0156368732694
0.0442205485687734 6.01205687661066
0.0442469095585505 6.00848304075648
0.0442732548525784 6.00491535395931
0.0442995844788602 6.00135380434983
0.044325898465316 5.9977983799358
0.0443521968397829 5.99424906861595
0.0443784796300155 5.99070585817356
0.0444047468636864 5.98716873629656
0.0444309985683865 5.98363769055843
0.0444572347716248 5.98011270845077
0.0444834555008297 5.97659377736184
0.0445096607833485 5.97308088459673
0.044535850646448 5.96957401737568
0.0445620251173152 5.96607316283701
0.0445881842230569 5.96257830804818
0.0446143279907007 5.95908943999305
0.044640456447195 5.95560654559906
0.0446665696194093 5.95212961171996
0.0446926675341347 5.94865862514643
0.044718750218084 5.94519357261044
0.0447448176978924 5.94173444079425
0.0447708700001172 5.93828121632107
0.0447969071512388 5.93483388576053
0.0448229291776604 5.93139243564275
0.0448489361057089 5.92795685245163
0.0448749279616347 5.92452712262831
0.0449009047716123 5.92110323257376
0.0449268665617405 5.91768516865622
0.0449528133580428 5.91427291720984
0.0449787451864675 5.91086646453454
0.0450046620728883 5.90746579690638
0.0450305640431043 5.90407090057003
0.0450564511228406 5.90068176174771
0.0450823233377484 5.8972983666417
0.0451081807134052 5.89392070143021
0.0451340232753153 5.89054875227955
0.0451598510489102 5.88718250533382
0.0451856640595484 5.88382194673023
0.0452114623325164 5.88046706258707
0.0452372458930282 5.87711783901917
0.0452630147662262 5.87377426212574
0.0452887689771812 5.87043631800525
0.045314508550893 5.86710399275052
0.0453402335122899 5.8637772724478
0.0453659438862302 5.8604561431829
0.0453916396975012 5.85714059104743
0.0454173209708204 5.85383060212364
0.0454429877308354 5.85052616250365
0.0454686400021242 5.84722725828253
0.0454942778091956 5.84393387556049
0.0455199011764893 5.84064600044388
0.0455455101283761 5.83736361904797
0.0455711046891587 5.83408671749391
0.0455966848830713 5.83081528191639
0.0456222507342802 5.8275492984622
0.0456478022668841 5.82428875329069
0.0456733395049142 5.8210336325705
0.0456988624723346 5.81778392249366
0.0457243711930426 5.81453960925759
0.0457498656908688 5.81130067908455
0.0457753459895774 5.80806711820917
0.0458008121128666 5.80483891288848
0.0458262640843686 5.80161604939578
0.0458517019276502 5.79839851402636
0.0458771256662126 5.7951862930968
0.0459025353234923 5.79197937294194
0.0459279309228605 5.78877773992765
0.0459533124876243 5.78558138043473
0.0459786800410262 5.78239028086877
0.0460040336062445 5.77920442766358
0.046029373206394 5.77602380727679
0.0460546988645257 5.77284840619059
0.0460800106036272 5.76967821091729
0.0461053084466231 5.76651320799203
0.0461305924163753 5.76335338398002
0.0461558625356827 5.76019872547433
0.0461811188272821 5.75704921909507
0.0462063613138481 5.75390485149527
0.0462315900179935 5.75076560935552
0.0462568049622691 5.74763147938504
0.0462820061691647 5.7445024483245
0.0463071936611087 5.74137850294884
0.0463323674604684 5.73825963005983
0.0463575275895506 5.73514581649184
0.0463826740706014 5.7320370491153
0.0464078069258069 5.72893331482886
0.0464329261772928 5.72583460056548
0.0464580318471254 5.72274089329075
0.046483123957311 5.71965218000363
0.0465082025297967 5.71656844773812
0.0465332675864706 5.71348968356321
0.0465583191491618 5.71041587457799
0.0465833572396405 5.70734700791924
0.0466083818796187 5.70428307075557
0.04663339309075 5.70122405029702
0.0466583908946299 5.69816993378021
0.0466833753127964 5.69512070848499
0.0467083463667295 5.69207636172208
0.046733304077852 5.68903688083862
0.0467582484675296 5.6860022532174
0.0467831795570709 5.682972466279
0.0468080973677277 5.67994750747963
0.0468330019206956 5.67692736431178
0.0468578932371134 5.67391202430426
0.0468827713380642 5.67090147502028
0.046907636244575 5.6678957040646
0.046932487977617 5.66489469907368
0.0469573265581061 5.66189844772521
0.0469821520069029 5.65890693773164
0.0470069643448127 5.65592015684389
0.0470317635925862 5.65293809284761
0.0470565497709192 5.64996073356798
0.0470813229004532 5.64698806686326
0.0471060830017753 5.64402008063547
0.0471308300954185 5.64105676282076
0.047155564201862 5.63809810139181
0.0471802853415314 5.6351440843609
0.0472049935347985 5.6321946997752
0.0472296888019823 5.629249935721
0.0472543711633483 5.62630978032062
0.0472790406391092 5.62337422173639
0.047303697249425 5.62044324816519
0.0473283410144033 5.61751684784351
0.0473529719540993 5.61459500904488
0.0473775900885161 5.61167772007936
0.0474021954376046 5.60876496929575
0.0474267880212644 5.6058567450799
0.0474513678593432 5.60295303585207
0.0474759349716374 5.6000538300743
0.0475004893778923 5.59715911624456
0.047525031097802 5.59426888289695
0.04754956015101 5.59138311860389
0.047574076557109 5.58850181197397
0.0475985803356413 5.58562495165402
0.0476230715060989 5.58275252632771
0.0476475500879238 5.57988452471552
0.0476720161005079 5.57702093557444
0.0476964695631936 5.57416174769865
0.0477209104952735 5.5713069499188
0.0477453389159909 5.56845653110448
0.0477697548445401 5.56561048015849
0.0477941583000661 5.5627687860233
0.0478185493016652 5.55993143767586
0.0478429278683849 5.55709842413084
0.0478672940192243 5.55426973443951
0.0478916477731341 5.55144535768876
0.047915989149017 5.54862528300117
0.0479403181657275 5.54580949953624
0.0479646348420724 5.54299799648956
0.0479889391968108 5.54019076309287
0.0480132312486544 5.53738778861221
0.0480375110162675 5.53458906235163
0.0480617785182672 5.53179457364975
0.0480860337732239 5.52900431188144
0.0481102767996608 5.52621826645512
0.0481345076160548 5.5234364268166
0.0481587262408361 5.52065878244663
0.0481829326923887 5.51788532286081
0.0482071269890504 5.51511603760956
0.0482313091491129 5.51235091627901
0.0482554791908223 5.50958994849012
0.0482796371323788 5.50683312389833
0.0483037829919372 5.50408043219315
0.048327916787607 5.50133186309988
0.0483520385374524 5.49858740637676
0.0483761482594925 5.49584705181779
0.0484002459717018 5.49311078925077
0.0484243316920098 5.49037860853787
0.0484484054383015 5.48765049957388
0.0484724672284176 5.48492645228902
0.0484965170801544 5.48220645664732
0.0485205550112642 5.47949050264571
0.0485445810394553 5.47677858031438
0.0485685951823921 5.47407067971777
0.0485925974576955 5.47136679095373
0.0486165878829429 5.46866690415264
0.0486405664756684 5.46597100947918
0.0486645332533626 5.46327909712931
0.0486884882334733 5.46059115733279
0.0487124314334055 5.45790718035179
0.0487363628705212 5.45522715648128
0.0487602825621399 5.45255107604984
0.0487841905255387 5.44987892941664
0.0488080867779523 5.44721070697446
0.0488319713365732 5.44454639914736
0.048855844218552 5.44188599639144
0.0488797054409974 5.43922948919552
0.0489035550209761 5.43657686807999
0.0489273929755136 5.43392812359633
0.0489512193215937 5.43128324632789
0.048975034076159 5.42864222688996
0.0489988372561107 5.42600505592885
0.0490226288783094 5.4233717241216
0.0490464089595744 5.42074222217724
0.0490701775166843 5.41811654083466
0.0490939345663774 5.41549467086527
0.0491176801253511 5.41287660306952
0.0491414142102627 5.41026232827922
0.0491651368377294 5.40765183735692
0.0491888480243279 5.40504512119477
0.0492125477865955 5.4024421707163
0.0492362361410294 5.39984297687433
0.049259913104087 5.39724753065253
0.0492835786921866 5.39465582306327
0.0493072329217066 5.39206784514962
0.0493308758089865 5.38948358798456
0.0493545073703265 5.38690304266951
0.0493781276219879 5.38432620033691
0.0494017365801931 5.38175305214741
0.0494253342611255 5.3791835892911
0.0494489206809303 5.37661780298759
0.0494724958557139 5.37405568448469
0.0494960598015445 5.37149722505999
0.0495196125344521 5.36894241601944
0.0495431540704284 5.36639124869757
0.0495666844254273 5.36384371445743
0.0495902036153648 5.36129980469082
0.0496137116561192 5.3587595108175
0.049637208563531 5.35622282428559
0.0496606943534037 5.35368973657146
0.0496841690415028 5.35116023917909
0.0497076326435572 5.34863432364063
0.0497310851752583 5.34611198151578
0.0497545266522606 5.34359320439223
0.0497779570901819 5.34107798388471
0.0498013765046029 5.33856631163561
0.0498247849110681 5.33605817931469
0.0498481823250853 5.33355357861893
0.0498715687621259 5.33105250127226
0.0498949442376251 5.32855493902581
0.0499183087669819 5.32606088365737
0.0499416623655594 5.32357032697157
0.0499650050486846 5.3210832607998
0.0499883368316489 5.31859967699979
