0.0024514516892273 1.61927317977269e-13
0.00591832791563498 8.56758041087515e-11
0.00771291510444992 1.96297532028957e-09
0.00914894225649683 2.15985088207749e-08
0.0103845159991235 1.55014806938538e-07
0.0114864183883597 8.29779735892909e-07
0.0124907372884754 3.57024080106292e-06
0.0134196839736 1.29456412307197e-05
0.0142881075204973 4.08575477541628e-05
0.0151065259795074 0.000114882595377706
0.0158827163566754 0.000292853532543748
0.0166226232009344 0.000685999288589297
0.0173309125209163 0.00149252404265471
0.0180113270861486 0.00304231076627715
0.0186669238877262 0.00585147159202871
0.0193002383233186 0.010682935327455
0.0199134010076922 0.0186065730288091
0.020508222930006 0.0310500718667432
0.0210862588575369 0.0498304582147543
0.0216488554196517 0.0771563127027478
0.0221971881697493 0.115592546889911
0.022732290566009 0.167983047228507
0.023255076926672 0.237331145816661
0.023766360824456 0.326643106464765
0.024266869981518 0.438744842612187
0.0247572584461365 0.576086144024413
0.0252381166341267 0.740549161829817
0.025709979675696 0.933278416163484
0.0261733344047866 1.15454807868564
0.0266286252514567 1.40367897124908
0.0270762592407186 1.67901308122744
0.02751661025811 1.97794804452186
0.0279500227093584 2.29702865800301
0.0283768146761493 2.63208767131595
0.0287972806503047 2.97842436011143
0.0292116939132468 3.33100700565068
0.0296203086154319 3.68468450967833
0.0300233616007428 4.03439288596067
0.0304210740130696 4.37534407113682
0.0308136527160459 4.70318707001122
0.0312012915518381 5.0141345317179
0.0315841724607431 5.3050510855359
0.0319624664799604 5.5735028342211
0.0323363346371041 5.81777006445182
0.0327059287517066 6.03682732710284
0.0330713921560362 6.2302964868218
0.0334328603449415 6.39837913774039
0.033790461563081 6.54177498653237
0.03414431733676 6.6615925130502
0.0344945429566295 6.75925755300912
0.0348412479166856 6.83642453338137
0.0351845363143109 6.89489404932569
0.0355245072155008 6.93653940522752
0.0358612549889094 6.96324373383944
0.0361948696119079 6.97684841494084
0.0365254369514692 6.97911277389914
0.0368530390223645 6.97168446631454
0.0371777542248728 6.9560795465833
0.0374996575639555 6.93367096267839
0.0378188208516324 6.90568409582884
0.0381353128941071 6.8731979471486
0.0384491996650237 6.83715063758858
0.0387605444660892 6.79834800813883
0.0390694080761723 6.75747426198448
0.0393758488898708 6.71510376106187
0.0396799230464447 6.6717132617573
0.0399816845499204 6.62769403794605
0.0402811853810941 6.58336348717281
0.0405784756020923 6.53897594361326
0.0408736034540855 6.49473252788287
0.0411666154486946 6.45078994903063
0.0414575564535815 6.40726823953717
0.0417464697726691 6.36425745208735
0.0420333972213974 6.32182337984458
0.0423183791973855 6.28001238263673
0.0426014547468389 6.23885541243561
0.0428826616270096 6.19837133512507
0.0431620363649928 6.15856964386809
0.0434396143131199 6.11945265405044
0.0437154297011847 6.08101726223834
0.0439895156857214 6.04325634282981
0.0442619043965365 6.006159846944
0.0445326269806772 5.96971565909829
0.0448017136440093 5.93391025877095
0.0450691936905598 5.89872922622574
0.0453350955597693 5.86415762512861
0.0455994468617904 5.83018028852778
0.0458622744109529 5.79678202966506
0.0461236042575136 5.76394779481436
0.0463834617177952 5.73166277177923
0.0466418714028137 5.69991246476981
0.0468988572454861 5.66868274402146
0.0471544425265033 5.63795987662056
0.0474086498989472 5.60773054350373
0.0476615014117259 5.57798184640737
0.0479130185318961 5.54870130762862
0.0481632221659356 5.51987686473644
0.0484121326800263 5.49149686182849
0.0486597699194034 5.46355003850691
0.0489061532268227 5.43602551743131
0.0491513014601941 5.40891279106876
0.0493952330094283 5.38220170808246
0.0496379658125372 5.35588245967061
0.04987951737103 5.3299455660688
