0 971.839641124782
0.00483368244522832 971.839641124782
0.00683585927024663 971.839641124636
0.00837218358278921 971.839641122125
0.00966736489045664 971.839641099089
0.0108084425291779 971.839640954117
0.0118400555694579 971.83964025299
0.0127887216667327 971.839637472167
0.0136717185404933 971.839628041675
0.014501047335685 971.839599897142
0.0152854460128936 971.839524414533
0.0160315110265499 971.83933959051
0.0167443671655784 971.838921310536
0.0174280899055809 971.838037774713
0.0180859836265081 971.836281944478
0.0187207716112244 971.832977538315
0.0193347297809133 971.82705585617
0.0199297832823702 971.816903594776
0.0205075778107399 971.800185654873
0.0210695333039168 971.773651336543
0.0216168850583558 971.732936690269
0.022150715690638 971.672379465954
0.0226719803190808 971.584865428966
0.0231815266445093 971.461725278518
0.0236801111389158 971.292699731496
0.0241684122261416 971.065986536327
0.0246470411107301 970.76837756589
0.0251165507483676 970.385487268316
0.0255774433334654 969.90206636363
0.0260301765929074 969.302387561718
0.0264751691106828 968.570683997424
0.0269128048597793 967.69161664524
0.0273434370809865 966.650744591665
0.0277673916200852 965.434971865368
0.0281849698130845 964.032946466472
0.0285964509921388 962.435390996987
0.0290020946713699 960.635349417456
0.0294021424611951 958.628340392773
0.0297968197512708 956.412413874278
0.0301863371953443 953.988113467535
0.0305708920257872 951.358352316571
0.0309506692210951 948.528214376316
0.0313258425459708 945.504695859242
0.0316965754805825 942.296403273295
0.0320630220530999 938.913224873915
0.0324253275875338 935.365991680849
0.0327836293771783 931.666142669175
0.0331380572925073 927.825406574164
0.0334887343311569 923.855510197521
0.0338357771165982 919.767920398564
0.0341792963512332 915.573624296591
0.034519397228902 911.282949757515
0.0348561798111617 906.90542610124
0.0351897393711483 902.449683214067
0.0355201667083736 897.923385910948
0.0358475484374031 893.333199460262
0.0361719672530161 888.68478162838
0.0364935021741485 883.982796374333
0.0368122287686563 879.230944368159
0.0371282193607126 874.432005757957
0.0374415432224488 869.587891009793
0.0377522667512802 864.699696135854
0.0380604536342004 859.767759161686
0.0383661650001982 854.791715223497
0.0386694595618265 849.770548201168
0.0389703937468567 844.702637259574
0.0392690218208495 839.585797075903
0.0395653960014008 834.417310865625
0.0398595665647404 829.193955581464
0.0401515819453017 823.912018848515
0.0404414888288202 818.567307317286
0.0407293322394671 813.155146168485
0.0410151556214798 807.670369492966
0.0412990009157064 802.107301200108
0.0415809086314479 796.459725979716
0.0418609179139461 790.720849655154
0.0421390666078336 784.883248014775
0.042415391316841 778.938802886596
0.0426899274600234 772.878623813975
0.0429627093247547 766.692953177622
0.0432337701167117 760.371051962101
0.0435031420070549 753.901062541523
0.0437708561769962 747.269843800876
0.0440369428599284 740.462772533887
0.044301431381276 733.463503248952
0.0445643501962187 726.253676104848
0.0448257269254222 718.812559447104
0.0450855883889057 711.116608971743
0.0453439606381615 703.138919382184
0.0456008689866372 694.848535736797
0.0458563380386807 686.20957929273
0.0461103917170421 677.180124628641
0.0463630532890186 667.710738117037
0.0466143453913244 657.742547395747
0.0468642900537605 647.204648894992
0.0471129087217537 636.010561017573
0.0473602222778315 624.053267872457
0.0476062510620918 611.198123382394
0.0478510148917264 597.272402536662
0.0480945330796498 582.049400189419
0.0483368244522832 565.223265116038
0.0485779073665401 546.367237097514
0.0488177997260575 524.860156198452
0.049056518996712 499.747136782908
0.0492940822214602 469.448185285919
0.0495305060345378 431.060017505126
0.0497658066750524 378.305535841099
0.05 293
