0 976.112171006384
0.00152711805445382 976.112171006384
0.0021596710639534 976.112171006384
0.00264504605946974 976.112171006384
0.00305423610890763 976.112171006384
0.00341473977942596 976.112171006384
0.00374066001040362 976.112171006384
0.00404037459472159 976.112171006384
0.0043193421279068 976.112171006384
0.00458135416336145 976.112171006384
0.0048291713080391 976.112171006383
0.00506487759720083 976.112171006382
0.00529009211893949 976.11217100638
0.00550610244902004 976.112171006377
0.00571395254892297 976.112171006373
0.0059145027925923 976.112171006367
0.00610847221781526 976.112171006358
0.00629646904130082 976.112171006345
0.0064790131918602 976.112171006327
0.00665655327422062 976.112171006301
0.00682947955885191 976.112171006267
0.0069981340796683 976.112171006221
0.00716281858972107 976.112171006158
0.0073238009053696 976.112171006076
0.00748132002080725 976.112171005966
0.00763559027226908 976.112171005823
0.00778680475921985 976.112171005637
0.00793513817840923 976.112171005397
0.00808074918944318 976.112171005089
0.0082237824031844 976.112171004696
0.00836437006397757 976.112171004198
0.00850263348142227 976.11217100357
0.0086386842558136 976.112171002782
0.00877262533246921 976.112171001797
0.00890455191326994 976.112171000572
0.00903455224836064 976.112170999055
0.00916270832672289 976.112170997185
0.00928909648097358 976.112170994889
0.00941378791906184 976.112170992079
0.00953684919338213 976.112170988655
0.0096583426160782 976.112170984496
0.00977832662789452 976.112170979461
0.00989685612677227 976.112170973388
0.0100139827614326 976.112170966086
0.0101297551944017 976.112170957331
0.0102442193382779 976.112170946867
0.010357418568494 976.112170934396
0.0104693939153718 976.112170919573
0.010580184237879 976.112170902005
0.0106898263811767 976.112170881236
0.010798355319767 976.112170856745
0.0109058042878175 976.112170827936
0.0110122048980401 976.11217079413
0.011117587250328 976.11217075455
0.0112219800312109 976.112170708315
0.0113254106050569 976.112170654427
0.0114279050978459 976.11217059175
0.0115294884742391 976.112170519004
0.0116301846085886 976.112170434743
0.0117300163504613 976.112170337335
0.0118290055851846 976.112170224946
0.0119271732898691 976.112170095516
0.0120245395853149 976.112169946733
0.0121211237841648 976.112169776011
0.0122169444356305 976.112169580455
0.0123120193670869 976.112169356835
0.0124063657227957 976.112169101551
0.0125 976.112168810593
0.0125929380826016 976.112168479505
0.0126851952726191 976.112168103339
0.0127767863195999 976.11216767661
0.0128677254481495 976.112167193242
0.0129580263837204 976.11216664652
0.0130477023767954 976.112166029025
0.013136766225585 976.112165332574
0.0132252302973487 976.112164548149
0.0133131065484412 976.112163665829
0.0134004065431758 976.112162674707
0.0134871414715879 976.11216156281
0.0135733221661782 976.112160317004
0.0136589591177038 976.112158922903
0.0137440624900843 976.112157364764
0.0138286421344824 976.112155625377
0.0139127076026136 976.112153685948
0.0139962681593366 976.112151525976
0.0140793327945716 976.112149123119
0.0141619102345883 976.112146453053
0.0142440089527063 976.112143489323
0.0143256371794421 976.112140203181
0.0144068029121403 976.112136563421
0.0144875139241173 976.1121325362
0.0145677777733507 976.112128084842
0.0146476018107392 976.112123169648
0.0147269931879596 976.112117747674
0.0148059588649451 976.112111772513
0.0148845056170061 976.11210519406
0.0149626400416145 976.112097958257
0.0150403685648711 976.112090006836
0.0151176974476738 976.112081277038
0.0151946327916025 976.112071701328
0.0152711805445382 976.112061207083
0.015347346506029 976.112049716277
0.0154231363324182 976.112037145139
0.0154985555417464 976.112023403801
0.0155736095184397 976.11200839593
0.0156483035177963 976.111992018336
0.0157226426702801 976.111974160569
0.0157966319856339 976.111954704493
0.0158702763568185 976.111933523842
0.015943580563789 976.111910483757
0.0160165492771155 976.111885440303
0.0160891870614555 976.111858239961
0.0161614983788864 976.111828719106
0.0162334875921037 976.111796703459
0.0163051589674932 976.111762007514
0.0163765166780809 976.11172443395
0.0164475648063688 976.111683773009
0.0165183073470601 976.111639801862
0.0165887482096805 976.111592283941
0.0166588912210993 976.11154096825
0.0167287401279551 976.111485588653
0.016798298598992 976.111425863131
0.016867570227307 976.111361493019
0.016936558532517 976.111292162211
0.0170052669628445 976.111217536338
0.0170736988971298 976.111137261927
0.0171418576467689 976.11105096552
0.0172097464575841 976.110958252775
0.0172773685116272 976.110858707534
0.0173447269289201 976.11075189086
0.0174118247691345 976.110637340051
0.0174786650332136 976.110514567621
0.0175452506649384 976.110383060251
0.0176115845524405 976.110242277716
0.0176776695296637 976.110091651769
0.0177435083777769 976.109930585014
0.0178091038265399 976.109758449729
0.0178744585556239 976.109574586677
0.017939575195889 976.109378303874
0.0180044563306198 976.109168875331
0.0180691044967213 976.108945539765
0.0181335221858764 976.108707499285
0.0181977118456665 976.108453918039
0.0182616758806564 976.108183920841
0.0183254166534458 976.107896591756
0.0183889364856869 976.107590972669
0.0184522376590717 976.107266061817
0.0185153224162882 976.106920812291
0.0185781929619472 976.106554130515
0.0186408514634815 976.106164874691
0.0187033000520181 976.105751853221
0.0187655408232233 976.105313823099
0.0188275758381237 976.104849488275
0.0188894071239025 976.104357497998
0.0189510366746723 976.103836445126
0.0190124664522259 976.10328486442
0.0190736983867643 976.102701230802
0.0191347343776048 976.102083957603
0.0191955762938686 976.101431394776
0.0192562259751481 976.100741827096
0.0193166852321564 976.100013472335
0.0193769558473577 976.099244479415
0.0194370395755806 976.098432926547
0.0194969381446145 976.097576819349
0.019556653255789 976.096674088945
0.0196161865845379 976.095722590053
0.0196755397809474 976.094720099055
0.0197347144702902 976.093664312052
0.0197937122535445 976.092552842913
0.0198525347078996 976.091383221303
0.0199111833872474 976.090152890712
0.0199696598226619 976.088859206471
0.0200279655228651 976.087499433757
0.0200861019746817 976.0860707456
0.020144070643481 976.08457022088
0.0202018729736079 976.082994842328
0.0202595103888033 976.08134149452
0.0203169842926126 976.079606961874
0.020374296068785 976.077787926652
0.0204314470816618 976.075880966961
0.0204884386765557 976.073882554764
0.0205452721801203 976.0717890539
0.0206019489007099 976.069596718107
0.0206584701287317 976.067301689059
0.0207148371369881 976.064899994423
0.020771051181011 976.062387545916
0.0208271134993887 976.059760137393
0.0208830253140836 976.057013442946
0.0209387878307436 976.054143015025
0.0209944022390049 976.051144282583
0.0210498697127886 976.04801254924
0.0211051914105893 976.044742991481
0.0211603684757579 976.041330656876
0.0212154020367772 976.037770462333
0.0212702932075307 976.034057192381
0.0213250430875665 976.030185497492
0.0213796527623534 976.026149892433
0.0214341233035327 976.021944754659
0.0214884557691632 976.017564322746
0.021542651203961 976.013002694867
0.021596710639534 976.008253827308
0.021650635094611 976.003311533035
0.0217044255752655 975.998169480308
0.021758083075135 975.992821191338
0.021811608575635 975.987260041007
0.0218650030461684 975.981479255631
0.0219182674443304 975.975471911789
0.0219714027161088 975.969230935197
0.0220244097960802 975.962749099652
0.0220772896076015 975.956019026033
0.0221300430629981 975.949033181362
0.0221826710637468 975.941783877934
0.0222351745006561 975.93426327251
0.022287554254042 975.926463365581
0.0223398111939001 975.918376000699
0.0223919461800743 975.90999286388
0.0224439600624217 975.901305483078
0.0224958536809747 975.892305227736
0.0225476278660985 975.882983308413
0.0225992834386469 975.873330776483
0.0226508212101137 975.863338523922
0.0227022419827817 975.85299728316
0.0227535465498681 975.842297627031
0.0228047356956676 975.831229968793
0.0228558101956919 975.819784562234
0.0229067708168072 975.807951501868
0.0229576183173684 975.795720723209
0.0230083534473506 975.783082003137
0.0230589769484782 975.770024960348
0.0231094895543516 975.756539055893
0.0231598919905712 975.742613593808
0.0232101849748589 975.728237721831
0.0232603692171772 975.713400432212
0.0233104454198465 975.698090562608
0.0233604142776596 975.682296797082
0.023410276477994 975.666007667178
0.0234600327009226 975.6492115531
0.0235096836193216 975.631896684977
0.0235592298989767 975.614051144227
0.0236086721986874 975.595662865005
0.0236580111703692 975.576719635756
0.0237072474591538 975.557209100845
0.0237563817034874 975.537118762297
0.0238054145352277 975.516435981617
0.0238543465797382 975.495147981706
0.0239031784559817 975.473241848874
0.0239519107766113 975.450704534938
0.0240005441480602 975.427522859414
0.0240490791706299 975.403683511801
0.0240975164385765 975.379173053954
0.0241458565401955 975.353977922544
0.0241941000579054 975.32808443161
0.0242422475683295 975.301478775201
0.0242902996423761 975.274147030095
0.0243382568453178 975.246075158618
0.0243861197368687 975.217249011536
0.024433888871261 975.187654331034
0.0244815647973199 975.157276753784
0.0245291480585366 975.126101814083
0.0245766391931413 975.09411494708
0.0246240387341738 975.061301492079
0.0246713472095532 975.027646695917
0.0247185651421471 974.993135716417
0.0247656930498382 974.957753625921
0.0248127314455915 974.921485414886
0.0248596808375185 974.884315995561
0.0249065417289419 974.846230205721
0.0249533146184582 974.807212812477
0.025 974.767248516148
0.0250465983628963 974.726321954195
0.0250931101919327 974.684417705216
0.0251395359674103 974.641520293002
0.0251858761652033 974.597614190645
0.0252321312568161 974.552683824708
0.0252783017094391 974.506713579441
0.0253243879860042 974.459687801049
0.0253703905452382 974.411590802008
0.0254163098417168 974.362406865428
0.0254621463259166 974.312120249457
0.0255079004442668 974.260715191725
0.0255535726391999 974.20817591383
0.0255991633492016 974.154486625856
0.0256446730088598 974.099631530924
0.0256901020489134 974.043594829779
0.0257354508962991 973.986360725398
0.0257807199741989 973.927913427629
0.025825909702086 973.868237157852
0.0258710204957697 973.807316153656
0.0259160527674408 973.745134673538
0.0259610069257149 973.68167700162
0.0260058833756759 973.616927452369
0.0260506825189186 973.550870375336
0.0260954047535908 973.483490159895
0.0261400504744343 973.414771239994
0.0261846200728254 973.344698098899
0.0262291139368155 973.273255273941
0.0262735324511701 973.200427361265
0.0263178759974076 973.126199020559
0.026362144953838 973.050554979789
0.0264063396955997 972.97348003991
0.0264504605946974 972.89495907957
0.0264945080200384 972.814977059797
0.0265384823374684 972.733519028658
0.0265823839098069 972.650570125907
0.0266262130968825 972.566115587599
0.0266699702555671 972.480140750684
0.0267136557398098 972.392631057564
0.0267572699006702 972.303572060621
0.0268008130863515 972.212949426713
0.0268442856422329 972.120748941624
0.0268876879109013 972.026956514483
0.0269310202321833 971.931558182135
0.0269742829431758 971.83454011347
0.0270174763782768 971.735888613702
0.0270606008692155 971.635590128604
0.0271036567450819 971.533631248684
0.0271466443323565 971.429998713315
0.0271895639549387 971.324679414802
0.0272324159341756 971.217660402396
0.0272752005888899 971.108928886244
0.0273179182354077 970.99847224128
0.0273605691875856 970.88627801105
0.0274031537568378 970.77233391147
0.0274456722521627 970.656627834519
0.0274881249801687 970.539147851858
0.0275305122451002 970.419882218379
0.0275728343488632 970.298819375685
0.0276150915910502 970.175947955484
0.0276572842689648 970.05125678292
0.0276994126776466 969.924734879815
0.0277414771098946 969.796371467836
0.0277834778562916 969.66615597158
0.0278254152052271 969.534078021574
0.0278672894429208 969.400127457197
0.0279091008534449 969.264294329511
0.0279508497187474 969.126568904007
0.0279925363186732 968.986941663266
0.028034160930987 968.845403309528
0.0280757238313942 968.701944767173
0.0281172252935626 968.556557185111
0.0281586655891431 968.409231939081
0.0282000449877909 968.259960633859
0.0282413637571855 968.108735105368
0.0282826221630511 967.955547422698
0.0283238204691766 967.800389890033
0.0283649589374353 967.643255048482
0.0284060378278039 967.484135677807
0.0284470573983824 967.323024798067
0.0284880179054125 967.159915671161
0.0285289196032963 966.994801802266
0.0285697627446148 966.827676941193
0.0286105475801464 966.658535083634
0.0286512743588843 966.487370472316
0.0286919433280546 966.314177598059
0.0287325547331339 966.13895120073
0.0287731088178663 965.961686270112
0.0288136058242806 965.78237804666
0.0288540459927071 965.601022022173
0.0288944295617943 965.417613940363
0.0289347567685255 965.232149797325
0.0289750278482346 965.044625841918
0.0290152430346225 964.855038576043
0.0290554025597727 964.66338475483
0.0290955066541672 964.469661386726
0.0291355555467014 964.273865733492
0.0291755494647001 964.075995310104
0.0292154886339319 963.876047884562
0.0292553732786242 963.674021477606
0.0292952036214784 963.469914362337
0.0293349798836836 963.263725063755
0.0293747022849315 963.055452358196
0.0294143710434304 962.845095272687
0.0294539863759192 962.632653084214
0.0294935484976812 962.418125318894
0.0295330576225577 962.201511751072
0.0295725139629615 961.982812402317
0.0296119177298903 961.762027540355
0.0296512691329398 961.539157677899
0.0296905683803168 961.314203571405
0.0297298156788519 961.087166219751
0.0297690112340122 960.858046862832
0.0298081552499142 960.626846980074
0.0298472479293355 960.393568288878
0.029886289473728 960.158212742984
0.029925280083229 959.92078253076
0.029964219956674 959.681280073421
0.0300031092916081 959.439708023176
0.0300419482842977 959.196069261302
0.0300807371297423 958.950366896155
0.0301194760216856 958.702604261107
0.0301581651526271 958.452784912425
0.0301968047138331 958.200912627079
0.0302353948953476 957.946991400495
0.0302739358860035 957.691025444238
0.0303124278734332 957.433019183645
0.0303508710440793 957.172977255397
0.030389265583205 956.910904505027
0.0304276116749048 956.646805984393
0.0304659095021147 956.380686949076
0.0305041592466221 956.112552855743
0.0305423610890763 955.84240935945
0.0305805152089981 955.570262310908
0.0306186217847897 955.296117753695
0.0306566809937449 955.019981921424
0.0306946930120579 954.741861234874
0.0307326580148336 954.461762299073
0.0307705761760965 954.179691900347
0.0308084476688001 953.895657003329
0.0308462726648364 953.609664747933
0.0308840513350446 953.321722446297
0.0309217838492204 953.031837579683
0.0309594703761248 952.74001779536
0.0309971110834927 952.446270903449
0.0310347061380421 952.150604873745
0.0310722557054821 951.853027832508
0.031109759950522 951.553548059238
0.0311472190368794 951.252173983417
0.0311846331272885 950.948914181243
0.0312220023835087 950.643777372334
0.0312593269663321 950.336772416421
0.0312966070355925 950.02790831002
0.0313338427501725 949.717194183097
0.0313710342680119 949.404639295712
0.0314081817461154 949.09025303466
0.0314452853405603 948.774044910093
0.0314823452065041 948.456024552146
0.0315193614981924 948.136201707545
0.0315563343689658 947.814586236218
0.0315932639712678 947.491188107898
0.0316301504566521 947.166017398727
0.0316669939757895 946.839084287856
0.0317037946784754 946.51039905405
0.0317405527136369 946.179972072293
0.0317772682293397 945.847813810396
0.0318139413727951 945.513934825611
0.0318505722903668 945.178345761254
0.031887161127578 944.841057343329
0.0319237080291178 944.502080377168
0.0319602131388481 944.161425744077
0.0319966765998101 943.819104397995
0.032033098554231 943.475127362167
0.0320694791435301 943.129505725829
0.0321058185083258 942.782250640907
0.0321421167884412 942.433373318736
0.032178374122911 942.082885026795
0.0322145906499876 941.730797085456
0.0322507665071469 941.377120864762
0.0322869018310947 941.021867781213
0.0323229967577727 940.665049294588
0.0323590514223644 940.306676904778
0.032395065959301 939.946762148647
0.0324310405022673 939.585316596918
0.0324669751842074 939.222351851084
0.0325028701373306 938.857879540346
0.0325387254931169 938.491911318573
0.0325745413823227 938.124458861301
0.0326103179349864 937.755533862745
0.0326460552804337 937.38514803286
0.0326817535472834 937.013313094412
0.0327174128634526 936.640040780096
0.0327530333561619 936.265342829676
0.0327886151519409 935.889230987164
0.0328241583766336 935.511716998025
0.0328596631554033 935.132812606423
0.0328951296127376 934.752529552496
0.032930557872454 934.370879569666
0.0329659480577047 933.987874381988
0.0330013002909813 933.603525701532
0.0330366146941202 933.2178452258
0.0330718913883074 932.830844635182
0.033107130494083 932.442535590451
0.0331423321313464 932.052929730286
0.0331774964193611 931.66203866885
0.0332126234767589 931.269873993386
0.0332477134215452 930.876447261868
0.0332827663711031 930.481770000683
0.0333177824421985 930.085853702352
0.0333527617509841 929.688709823294
0.0333877044130043 929.290349781626
0.0334226105431995 928.890784955006
0.0334574802559103 928.490026678511
0.0334923136648824 928.088086242563
0.0335271108832703 927.684974890889
0.0335618720236423 927.28070381852
0.0335965971979839 926.87528416984
0.0336312865177028 926.468727036663
0.0336659400936326 926.06104345636
0.033700558036037 925.652244410025
0.0337351404546141 925.242340820673
0.0337696874585001 924.831343551497
0.0338041991562737 924.419263404142
0.0338386756559599 924.006111117041
0.0338731170650339 923.591897363778
0.0339075234904251 923.176632751496
0.0339418950385209 922.760327819348
0.0339762318151706 922.34299303698
0.0340105339256891 921.924638803064
0.0340448014748608 921.505275443862
0.0340790345669434 921.084913211836
0.0341132333056713 920.663562284298
0.0341473977942596 920.241232762088
0.0341815281354073 919.81793466831
0.0342156244313016 919.393677947089
0.0342496867836207 918.968472462377
0.0342837152935378 918.542327996794
0.0343177100617246 918.115254250508
0.0343516711883547 917.687260840154
0.0343855987731067 917.258357297783
0.0344194929151682 916.828553069862
0.0344533537132389 916.397857516295
0.0344871812655339 915.966279909497
0.0345209756697871 915.533829433487
0.0345547370232544 915.100515183033
0.0345884654227173 914.666346162819
0.0346221609644855 914.231331286656
0.034655823744401 913.795479376727
0.0346894538578402 913.35879916286
0.0347230513997181 912.921299281842
0.0347566164644906 912.482988276763
0.0347901491461583 912.043874596392
0.0348236495382689 911.60396659459
0.0348571177339208 911.163272529754
0.0348905538257657 910.721800564287
0.034923957906012 910.279558764107
0.0349573300664272 909.836555098188
0.0349906703983415 909.392797438117
0.0350239789926503 908.948293557703
0.0350572559398172 908.503051132599
0.0350905013298769 908.057077739956
0.0351237152524378 907.610380858113
0.0351568977966852 907.162967866309
0.0351900490513839 906.714846044421
0.035223169104881 906.266022572735
0.0352562580451086 905.816504531741
0.0352893159595864 905.366298901953
0.0353223429354249 904.915412563757
0.0353553390593274 904.463852297284
0.0353883044175931 904.011624782305
0.0354212390961197 903.558736598154
0.0354541431804058 903.105194223676
0.0354870167555538 902.651004037189
0.0355198599062721 902.196172316483
0.0355526727168779 901.74070523883
0.0355854552712997 901.284608881022
0.0356182076530798 900.827889219424
0.0356509299453766 900.370552130059
0.0356836222309674 899.912603388702
0.0357162845922505 899.454048670998
0.0357489171112478 898.994893552604
0.0357815198696073 898.535143509342
0.0358140929486053 898.074803917377
0.0358466364291489 897.613880053411
0.035879150391778 897.15237709489
0.0359116349166682 896.690300120238
0.0359440900836326 896.227654109097
0.0359765159721246 895.764443942587
0.0360089126612395 895.30067440359
0.0360412802297174 894.83635017703
0.0360736187559448 894.371475850191
0.0361059283179576 893.906055913027
0.0361382089934425 893.440094758506
0.0361704608597398 892.973596682948
0.0362026839938451 892.506565886395
0.0362348784724117 892.039006472977
0.0362670443717528 891.570922451299
0.0362991817678433 891.102317734839
0.0363312907363221 890.633196142355
0.0363633713524943 890.163561398303
0.036395423691333 889.693417133265
0.0364274478274814 889.222766884391
0.0364594438352551 888.751614095842
0.0364914117886436 888.279962119251
0.0365233517613129 887.807814214189
0.0365552638266069 887.335173548635
0.0365871480575499 886.862043199463
0.036619004526848 886.388426152928
0.0366508333068916 885.914325305164
0.0366826344697568 885.439743462686
0.0367144080872078 884.964683342901
0.0367461542306983 884.489147574623
0.0367778729713738 884.013138698594
0.0368095643800731 883.536659168009
0.0368412285273304 883.05971134905
0.0368728654833771 882.582297521418
0.0369044753181435 882.104419878879
0.0369360581012606 881.626080529801
0.0369676139020622 881.147281497706
0.0369991427895861 880.66802472182
0.0370306448325764 880.188312057624
0.0370621200994851 879.708145277413
0.0370935686584736 879.227526070853
0.0371249905774148 878.746456045543
0.0371563859238943 878.264936727573
0.0371877547652129 877.782969562093
0.0372190971683872 877.300555913872
0.0372504132001524 876.817697067869
0.0372817029269631 876.334394229792
0.0373129664149953 875.850648526672
0.0373442037301481 875.366461007421
0.0373754149380451 874.881832643405
0.0374066001040362 874.396764329004
0.0374377592931992 873.911256882181
0.0374688925703411 873.425311045042
0.0375 872.938927484399
0.0375310816464466 872.452106792333
0.0375621375736855 871.96484948675
0.0375931678454572 871.477156011941
0.0376241725252391 870.989026739136
0.0376551516762474 870.500461967056
0.0376861053614384 870.011461922463
0.0377170336435101 869.522026760709
0.0377479365849037 869.032156566279
0.0377788142478049 868.541851353332
0.0378096666941457 868.051111066239
0.0378404939856052 867.55993558012
0.037871296183612 867.068324701369
0.0379020733493447 866.576278168185
0.0379328255437338 866.083795651094
0.0379635528274631 865.590876753466
0.037994255260971 865.09752101203
0.0380249329044518 864.603727897385
0.0380555858178573 864.109496814498
0.0380862140608979 863.614827103215
0.0381168176930443 863.119718038744
0.0381473967735285 862.624168832155
0.0381779513613454 862.128178630858
0.0382084815152538 861.631746519082
0.0382389872937782 861.134871518353
0.0382694687552097 860.637552587959
0.0382999259576074 860.139788625413
0.0383303589587999 859.641578466905
0.0383607678163861 859.142920887761
0.0383911525877373 858.643814602877
0.0384215133299974 858.144258267166
0.0384518501000849 857.644250475983
0.0384821629546942 857.143789765551
0.0385124519502963 856.642874613384
0.0385427171431403 856.141503438693
0.0385729585892547 855.639674602797
0.0386031763444486 855.137386409515
0.0386333704643128 854.634637105565
0.038663541004221 854.13142488094
0.0386936880193309 853.627747869295
0.0387238115645858 853.123604148308
0.0387539116947153 852.618991740053
0.0387839884642365 852.113908611346
0.0388140419274554 851.608352674101
0.038844072138468 851.102321785669
0.0388740791511612 850.595813749172
0.0389040630192141 850.088826313826
0.0389340237960993 849.581357175266
0.0389639615350835 849.073403975852
0.0389938762892291 848.564964304975
0.0390237681113951 848.056035699351
0.0390536370542384 847.546615643309
0.0390834831702142 847.036701569073
0.0391133065115781 846.526290857034
0.0391431071303863 846.01538083601
0.039172885078497 845.503968783507
0.0392026404075717 844.992051925965
0.0392323731690757 844.479627438999
0.0392620834142796 843.966692447629
0.0392917711942601 843.45324402651
0.0393214365599011 842.939279200137
0.0393510795618947 842.424794943065
0.0393807002507422 841.909788180098
0.0394102986767551 841.394255786487
0.0394398748900562 840.878194588107
0.0394694289405804 840.361601361638
0.0394989608780758 839.844472834725
0.0395284707521047 839.326805686139
0.0395579586120447 838.808596545925
0.0395874245070891 838.289841995543
0.0396168684862486 837.770538568
0.0396462905983518 837.250682747975
0.0396756908920462 836.730270971933
0.0397050694157992 836.209299628232
0.0397344262178992 835.687765057221
0.039763761346456 835.16566355133
0.0397930748494025 834.64299135515
0.0398223667744948 834.119744665508
0.0398516371693137 833.595919631525
0.0398808860812654 833.071512354677
0.0399101135575822 832.546518888837
0.0399393196453237 832.020935240315
0.0399685043913778 831.494757367883
0.0399976678424608 830.9679811828
0.0400268100451193 830.440602548818
0.0400559310457303 829.912617282187
0.0400850308905025 829.384021151648
0.0401141096254769 828.854809878415
0.0401431672965278 828.324979136156
0.0401722039493635 827.794524550952
0.0402012196295273 827.263441701259
0.0402302143823984 826.731726117858
0.0402591882531922 826.199373283791
0.040288141286962 825.666378634291
0.0403170735285989 825.132737556707
0.0403459850228333 824.598445390413
0.0403748758142353 824.063497426713
0.0404037459472159 823.527888908733
0.0404325954660272 822.991615031308
0.0404614244147638 822.454670940854
0.0404902328373631 821.917051735237
0.0405190207776067 821.378752463629
0.0405477882791202 820.839768126354
0.0405765353853751 820.300093674728
0.0406052621396887 819.759724010885
0.0406339685852253 819.2186539876
0.0406626547649968 818.676878408093
0.0406913207218634 818.134392025833
0.0407199664985347 817.591189544328
0.04074859213757 817.047265616902
0.0407771976813791 816.502614846471
0.0408057831722234 815.9572317853
0.0408343486522161 815.411110934757
0.0408628941633236 814.864246745051
0.0408914197473654 814.316633614966
0.0409199254460154 813.768265891584
0.0409484113008027 813.21913786999
0.0409768773531115 812.669243792981
0.0410053236441828 812.118577850751
0.0410337502151146 811.567134180575
0.0410621571068625 811.014906866476
0.0410905443602405 810.461889938889
0.041118912015922 809.90807737431
0.0411472601144399 809.353463094929
0.0411755886961876 808.798040968267
0.0412038978014198 808.241804806787
0.041232187470253 807.684748367502
0.041260457742666 807.126865351574
0.0412887086585009 806.568149403894
0.0413169402574635 806.00859411266
0.041345152579124 805.448193008936
0.0413733456629179 804.886939566206
0.0414015195481461 804.324827199911
0.0414296742739761 803.761849266981
0.0414578098794425 803.197999065346
0.0414859264034472 802.633269833449
0.0415140238847607 802.067654749731
0.041542102362022 801.501146932118
0.0415701618737401 800.933739437485
0.0415982024582937 800.36542526112
0.0416262241539325 799.79619733616
0.0416542269987774 799.226048533031
0.0416822110308212 798.654971658861
0.0417101762879294 798.08295945689
0.0417381228078407 797.510004605866
0.0417660506281672 796.936099719418
0.0417939597863958 796.361237345432
0.0418218503198879 795.785409965401
0.0418497222658806 795.208609993765
0.0418775756614872 794.630829777239
0.0419054105436974 794.052061594128
0.0419332269493782 793.472297653621
0.0419610249152746 792.89153009508
0.0419888044780098 792.30975098731
0.0420165656740859 791.726952327811
0.0420443085398846 791.143126042021
0.0420720331116676 790.558263982546
0.0420997394255771 789.972357928361
0.0421274275176367 789.385399584016
0.0421550974237514 788.797380578805
0.0421827491797086 788.208292465938
0.0422103828211786 787.618126721683
0.0422379983837147 787.0268747445
0.0422655959027544 786.434527854152
0.0422931754136192 785.841077290807
0.0423207369515159 785.246514214116
0.0423482805515365 784.650829702273
0.0423758062486589 784.054014751065
0.0424033140777477 783.456060272898
0.0424308040735544 782.856957095805
0.0424582762707178 782.256695962436
0.042485730703765 781.655267529032
0.0425131674071113 781.052662364376
0.0425405864150615 780.448870948726
0.0425679877618094 779.843883672729
0.042595371481439 779.237690836313
0.0426227376079251 778.630282647562
0.042650086175133 778.021649221564
0.0426774172168198 777.411780579246
0.0427047307666346 776.80066664618
0.0427320268581188 776.188297251373
0.0427593055247068 775.574662126027
0.0427865667997266 774.959750902287
0.0428138107163997 774.343553111956
0.0428410373078424 773.726058185192
0.0428682466070655 773.107255449178
0.0428954386469753 772.48713412677
0.0429226134603737 771.865683335121
0.0429497710799592 771.242892084273
0.0429769115383264 770.618749275733
0.0430040348679676 769.993243701013
0.0430311411012724 769.366364040152
0.0430582302705284 768.738098860201
0.043085302407922 768.108436613692
0.0431123575455382 767.477365637067
0.0431393957153617 766.844874149084
0.0431664169492767 766.210950249196
0.043193421279068 765.575581915889
0.0432204087364208 764.938757005006
0.0432473793529217 764.300463248021
0.0432743331600588 763.660688250297
0.0433012701892219 763.019419489301
0.0433281904717037 762.376644312791
0.0433550940386995 761.732349936966
0.0433819809213078 761.086523444583
0.043408851150531 760.439151783037
0.0434357047572754 759.790221762408
0.0434625417723519 759.139720053469
0.0434893622264764 758.487633185652
0.0435161661502701 757.833947544983
0.0435429535742599 757.178649371976
0.0435697245288789 756.52172475948
0.0435964790444667 755.863159650496
0.0436232171512701 755.20293983594
0.0436499388794429 754.541050952374
0.043676644259047 753.877478479684
0.0437033333200522 753.212207738723
0.0437300060923369 752.545223888897
0.0437566626056885 751.876511925714
0.0437833028898038 751.206056678277
0.043809926974289 750.533842806738
0.0438365348886608 749.859854799691
0.0438631266623461 749.184076971521
0.0438897023246827 748.506493459696
0.0439162619049196 747.827088222013
0.0439428054322176 747.145845033779
0.0439693329356493 746.462747484945
0.0439958444441996 745.777778977175
0.0440223399867664 745.090922720864
0.0440488195921603 744.402161732088
0.0440752832891058 743.7114788295
0.0441017311062408 743.018856631157
0.0441281630721176 742.324277551286
0.0441545792152031 741.627723796982
0.0441809795638789 740.929177364841
0.0442073641464419 740.228620037521
0.0442337329911049 739.526033380233
0.0442600861259962 738.82139873716
0.0442864235791606 738.114697227802
0.0443127453785598 737.40590974324
0.0443390515520722 736.695016942332
0.0443653421274935 735.981999247815
0.0443916171325374 735.266836842342
0.0444178765948354 734.549509664414
0.0444441205419375 733.829997404247
0.0444703490013122 733.108279499534
0.0444965620003472 732.384335131126
0.0445227595663497 731.658143218617
0.0445489417265464 730.929682415832
0.044575108508084 730.198931106218
0.0446012599380298 729.465867398137
0.0446273960433716 728.730469120053
0.0446535168510183 727.992713815616
0.0446796223878002 727.252578738631
0.0447057126804691 726.510040847928
0.0447317877556989 725.765076802102
0.0447578476400858 725.017662954152
0.0447838923601486 724.267775345982
0.0448099219423289 723.515389702799
0.0448359364129919 722.760481427361
0.0448619357984259 722.003025594113
0.0448879201248435 721.24299694318
0.0449138894183811 720.480369874224
0.0449398437050999 719.715118440159
0.0449657830109856 718.947216340722
0.0449917073619493 718.176636915892
0.0450176167838272 717.403353139158
0.0450435113023814 716.627337610627
0.0450693909432999 715.848562549971
0.0450952557321969 715.066999789208
0.0451211056946134 714.282620765302
0.0451469408560172 713.495396512604
0.0451727612418032 712.705297655093
0.0451985668772937 711.912294398439
0.045224357787739 711.116356521878
0.0452501339983173 710.317453369873
0.0452758955341351 709.515553843591
0.0453016424202274 708.710626392151
0.0453273746815585 707.902639003675
0.0453530923430214 707.091559196097
0.0453787954294389 706.277354007757
0.0454044839655634 705.459989987752
0.0454301579760773 704.639433186048
0.0454558174855934 703.815649143338
0.045481462518655 702.988602880638
0.0455070930997362 702.158258888629
0.0455327092532423 701.32458111671
0.04555831100351 700.48753296178
0.0455838983748075 699.647077256718
0.0456094713913351 698.803176258572
0.0456350300772253 697.955791636427
0.0456605744565428 697.104884458963
0.0456861045532855 696.250415181676
0.0457116203913837 695.392343633755
0.0457371219947015 694.530629004622
0.0457626093870361 693.665229830087
0.0457880825921187 692.796103978144
0.0458135416336145 691.923208634378
0.0458389865351227 691.046500286957
0.0458644173201776 690.165934711235
0.0458898340122477 689.281466953902
0.0459152366347368 688.393051316714
0.0459406252109842 687.500641339748
0.0459659997642644 686.604189784202
0.0459913603177879 685.703648614698
0.0460167068947011 684.798968981075
0.0460420395180869 683.890101199677
0.0460673582109644 682.97699473408
0.0460926629962899 682.059598175278
0.0461179538969564 681.137859221283
0.0461432309357941 680.211724656121
0.0461684941355712 679.281140328217
0.046193743518993 678.346051128138
0.0462189791087032 677.406400965659
0.0462442009272837 676.462132746153
0.0462694089972546 675.513188346265
0.0462946033410749 674.559508588836
0.0463197839811425 673.601033217067
0.0463449509397943 672.637700867895
0.0463701042393068 671.669449044523
0.046395243901896 670.696214088116
0.0464203699497177 669.717931148592
0.0464454824048679 668.734534154501
0.0464705812893828 667.745955781943
0.0464956666252391 666.752127422487
0.0465207384343543 665.752979150069
0.0465457967385869 664.748439686809
0.0465708415597366 663.738436367712
0.0465958729195444 662.722895104217
0.046620890839693 661.70174034654
0.0466458953418069 660.674895044759
0.0466708864474529 659.642280608602
0.0466958641781398 658.603816865881
0.0467208285553191 657.559422019504
0.0467457796003849 656.509012603037
0.0467707173346743 655.452503434719
0.0467956417794674 654.389807569895
0.046820552955988 653.320836251783
0.0468454508854031 652.24549886052
0.0468703355888237 651.163702860397
0.0468952070873047 650.075353745218
0.0469200654018452 648.980354981698
0.0469449105533888 647.878607950816
0.0469697425628235 646.770011887027
0.0469945614509823 645.654463815256
0.0470193672386431 644.531858485553
0.0470441599465292 643.402088305321
0.0470689395953092 642.265043269002
0.0470937062055972 641.12061088511
0.0471184597979533 639.968676100476
0.0471432003928836 638.809121221597
0.0471679280108404 637.641825832939
0.0471926426722223 636.466666712062
0.0472173443973748 635.283517741402
0.0472420332065898 634.092249816574
0.0472667091201067 632.892730751011
0.0472913721581116 631.684825176765
0.0473160223407384 630.46839444129
0.0473406596880683 629.24329650001
0.0473652842201304 628.009385804449
0.0473898959569017 626.766513185724
0.0474144949183075 625.514525733153
0.0474390811242213 624.253266667727
0.0474636545944651 622.982575210199
0.0474882153488097 621.7022864435
0.0475127634069748 620.412231169188
0.0475372987886292 619.112235757622
0.0475618215133908 617.802121991526
0.0475863316008271 616.481706902589
0.0476108290704554 615.150802600724
0.0476353139417424 613.809216095593
0.0476597862341051 612.456749109971
0.0476842459669107 611.093197884489
0.0477086931594764 609.718352973287
0.0477331278310705 608.331999030058
0.0477575500009114 606.93391458393
0.0477819596881688 605.523871804615
0.0478063569119634 604.101636256184
0.047830741691367 602.666966638824
0.0478551140454028 601.219614517837
0.0478794739930458 599.759324039149
0.0479038215532225 598.285831630484
0.0479281567448115 596.798865687355
0.0479524795866435 595.298146242916
0.0479767900975013 593.783384620681
0.0480010882961203 592.254283069025
0.0480253742011885 590.710534376318
0.0480496478313465 589.15182146543
0.048073909205188 587.577816966288
0.0480981583412598 585.988182765024
0.0481223952580619 584.382569528169
0.0481466199740477 582.760616200215
0.0481708325076245 581.121949472738
0.0481950328771529 579.46618322312
0.0482192211009478 577.792917920767
0.048243397197278 576.101739998538
0.0482675611843665 574.39222118689
0.048291713080391 572.663917808086
0.0483158529034834 570.916370027529
0.0483399806717306 569.149101059074
0.0483640964031741 567.36161632087
0.0483882001158109 565.553402537998
0.0484122918275927 563.72392678783
0.0484363715564269 561.872635483657
0.0484604393201762 559.998953291743
0.0484844951366591 558.102281976492
0.0485085390236498 556.181999167935
0.0485325709988786 554.237457045175
0.0485565910800319 552.267980928821
0.0485805992847523 550.272867774752
0.0486045956306388 548.251384560794
0.0486285801352471 546.202766557052
0.0486525528160896 544.126215469659
0.0486765136906355 542.020897446684
0.0487004627763111 539.885940933719
0.0487244000904999 537.720434365336
0.0487483256505425 535.523423677118
0.0487722394737373 533.293909621245
0.0487961415773401 531.030844866744
0.0488200319785645 528.73313086333
0.048843910694582 526.399614445309
0.0488677777425221 524.029084149285
0.0488916331394726 521.62026621621
0.0489154769024796 519.171820244737
0.0489393090485476 516.682334458755
0.0489631295946398 514.150320547242
0.0489869385576781 511.574208029227
0.0490107359545434 508.952338090404
0.0490345218020754 506.282956830838
0.0490582961170733 503.564207854926
0.0490820589162953 500.794124125167
0.0491058102164594 497.970618990235
0.0491295500342428 495.091476284824
0.0491532783862827 492.154339383582
0.049176995289176 489.156699073697
0.0492007007594798 486.095880089754
0.0492243948137112 482.969026129789
0.0492480774683475 479.773083142231
0.0492717487398265 476.504780638631
0.0492954086445466 473.160610745558
0.0493190571988666 469.736804659303
0.0493426944191064 466.229306107149
0.0493663203215467 462.63374134664
0.0493899349224292 458.945385146326
0.0494135382379569 455.159122084341
0.0494371302842941 451.26940236958
0.0494607110775665 447.27019122814
0.0494842806338614 443.154910696568
0.0495078389692277 438.91637241271
0.0495313860996765 434.546699679959
0.0495549220411804 430.037236682841
0.0495784468096743 425.378442225366
0.0496019604210553 420.559764713995
0.049625462891183 415.569494267484
0.0496489542358791 410.394586740974
0.0496724344709282 405.020453011162
0.0496959036120775 399.430704955008
0.049719361675037 393.606846983673
0.0497428086754797 387.527898501427
0.0497662446290416 381.169927857675
0.0497896695513221 374.505471668857
0.0498130834578837 367.502803926193
0.0498364863642525 360.125005714882
0.0498598782859181 352.328766505735
0.0498832592383337 344.062818383085
0.0499066292369165 335.265859528524
0.0499299882970473 325.863753086087
0.0499533364340714 315.765675208395
0.0499766736632978 304.858700867489
0.05 293
