0.000233644859813084 -0
0.000700934579439252 -2.43242498625001e-13
0.00116822429906542 -0
0.00163551401869159 -0
0.00210280373831776 2.42863825830945e-13
0.00257009345794393 -0
0.00303738317757009 -0
0.00350467289719626 2.42106480242834e-13
0.00397196261682243 1.20884941101836e-12
0.0044392523364486 2.8966945129154e-12
0.00490654205607477 6.26523200837731e-12
0.00537383177570093 1.56329965711933e-11
0.0058411214953271 3.76804305721983e-11
0.00630841121495327 9.21904717135103e-11
0.00677570093457944 2.24534720668956e-10
0.00724299065420561 5.38412462311015e-10
0.00771028037383178 1.27404718720805e-09
0.00817757009345794 2.96295766987063e-09
0.00864485981308411 6.7767213405655e-09
0.00911214953271028 1.52350514542513e-08
0.00957943925233645 3.36670928776112e-08
0.0100467289719626 7.31344354319368e-08
0.0105140186915888 1.56171934579412e-07
0.010981308411215 3.27839890437687e-07
0.0114485981308411 6.76572442766744e-07
0.0119158878504673 1.37270024934607e-06
0.0123831775700935 2.73817275435694e-06
0.0128504672897196 5.37012027940011e-06
0.0133177570093458 1.03552314862081e-05
0.013785046728972 1.96337402752835e-05
0.0142523364485981 3.66040197856402e-05
0.0147196261682243 6.71046464707807e-05
0.0151869158878505 0.000120973596696356
0.0156542056074766 0.000214466571130883
0.0161214953271028 0.000373918778846087
0.016588785046729 0.000641153740490412
0.0170560747663551 0.00108126954226896
0.0175233644859813 0.0017935500519257
0.0179906542056075 0.00292632781928221
0.0184579439252336 0.00469662730013619
0.0189252336448598 0.00741529166609306
0.019392523364486 0.0115179877540048
0.0198598130841122 0.0176019379374502
0.0203271028037383 0.026467406170502
0.0207943925233645 0.0391618617053836
0.0212616822429907 0.0570234012978545
0.0217289719626168 0.0817185392047035
0.022196261682243 0.11526805901071
0.0226635514018692 0.160053519014346
0.0231308411214953 0.218796519856193
0.0235981308411215 0.294503293798638
0.0240654205607477 0.390368822236984
0.0245327102803738 0.509637672273518
0.025 0.655423014549791
0.0254672897196262 0.83049055308675
0.0259345794392523 1.03701982007507
0.0264018691588785 1.27636070360956
0.0268691588785047 1.54880729663198
0.0273364485981308 1.85341330445919
0.027803738317757 2.18787262632126
0.0282710280373832 2.54848497083362
0.0287383177570093 2.9302195725847
0.0292056074766355 3.32688085002939
0.0296728971962617 3.73136924819437
0.0301401869158879 4.13601992812798
0.030607476635514 4.53299288755063
0.0310747663551402 4.91468186365557
0.0315420560747664 5.27410693131338
0.0320093457943925 5.60525745618375
0.0324766355140187 5.90335774320855
0.0329439252336449 6.16503649413548
0.033411214953271 6.38839177021428
0.0338785046728972 6.57295405348149
0.0343457943925234 6.71955976273193
0.0348130841121495 6.83015503692228
0.0352803738317757 6.90755402137352
0.0357476635514019 6.955177067867
0.036214953271028 6.9767924650354
0.0366822429906542 6.97628120835693
0.0371495327102804 6.9574387809342
0.0376168224299065 6.92382187971548
0.0380841121495327 6.87864231874145
0.0385514018691589 6.82470559498409
0.039018691588785 6.76438817688677
0.0394859813084112 6.69964557595553
0.0399532710280374 6.63204257818334
0.0404205607476636 6.56279738858597
0.0408878504672897 6.49283255082738
0.0413551401869159 6.42282701168975
0.0418224299065421 6.35326531803546
0.0422897196261682 6.28448144512636
0.0427570093457944 6.21669602384855
0.0432242990654206 6.15004669888061
0.0436915887850467 6.08461200700781
0.0441588785046729 6.02042955052691
0.0446261682242991 5.95750941136891
0.0450934579439252 5.89584376901727
0.0455607476635514 5.83541360639324
0.0460280373831776 5.77619325897064
0.0464953271028037 5.71815341720168
0.0469626168224299 5.66126305275984
0.0474299065420561 5.60549061717338
0.0478971962616822 5.55080476195725
0.0483644859813084 5.49717475249911
0.0488317757009346 5.44457069119741
0.0492990654205608 5.39296362507211
0.0497663551401869 5.34232558548861
