0.000240384615384615 -0
0.000721153846153846 -0
0.00120192307692308 -2.36333346055499e-13
0.00168269230769231 -0
0.00216346153846154 -2.36030326907264e-13
0.00264423076923077 -2.35813884658525e-13
0.003125 -2.35554153960038e-13
0.00360576923076923 -2.35251134811803e-13
0.00408653846153846 -0
0.00456730769230769 2.11063708049481e-12
0.00504807692307692 6.55430570672112e-12
0.00552884615384615 1.86884938977108e-11
0.00600961538461538 4.98805564374239e-11
0.00649038461538462 1.28585751250162e-10
0.00697115384615385 3.2329358630862e-10
0.00745192307692308 7.93713826396923e-10
0.00793269230769231 1.91285834865504e-09
0.00841346153846154 4.5227930665594e-09
0.00889423076923077 1.0497402306424e-08
0.009375 2.39228085199272e-08
0.00985576923076923 5.35346599990524e-08
0.0103365384615385 1.17645111994044e-07
0.0108173076923077 2.53895881571636e-07
0.0112980769230769 5.38136725073074e-07
0.0117788461538462 1.12021661970636e-06
0.0122596153846154 2.29034096475227e-06
0.0127403846153846 4.59941620302335e-06
0.0132211538461538 9.07247120598355e-06
0.0137019230769231 1.7578624074603e-05
0.0141826923076923 3.34577644977228e-05
0.0146634615384615 6.25573778417699e-05
0.0151442307692308 0.000114907185489782
0.015625 0.000207358144818316
0.0161057692307692 0.000367637161962608
0.0165865384615385 0.000640416163857457
0.0170673076923077 0.00109615284416108
0.0175480769230769 0.00184360815770131
0.0180288461538462 0.00304704623113648
0.0185096153846154 0.0049491237643903
0.0189903846153846 0.00790031214005135
0.0194711538461538 0.0123952920160501
0.0199519230769231 0.0191160468519445
0.0204326923076923 0.0289803105805874
0.0209134615384615 0.0431925935402337
0.0213942307692308 0.0632932894958178
0.021875 0.0911995177741521
0.0223557692307692 0.129229643990346
0.0228365384615385 0.18010220891438
0.0233173076923077 0.246899692055464
0.0237980769230769 0.332988549409926
0.0242788461538462 0.441889599287185
0.0247596153846154 0.577097193556277
0.0252403846153846 0.741851523517283
0.0257211538461538 0.938875349037112
0.0262019230769231 1.17009355287986
0.0266826923076923 1.43636010659032
0.0271634615384615 1.73722109773324
0.0276442307692308 2.07074334523763
0.028125 2.4334351151191
0.0286057692307692 2.82027839905813
0.0290865384615385 3.22488166577815
0.0295673076923077 3.63974913861192
0.0300480769230769 4.0566492077409
0.0305288461538462 4.46705251299635
0.0310096153846154 4.86260139413667
0.0314903846153846 5.23556821511037
0.0319711538461538 5.57926122198908
0.0324519230769231 5.88834292779501
0.0329326923076923 6.15903653908437
0.0334134615384615 6.38920901774629
0.0338942307692308 6.578333045538
0.034375 6.72734249431187
0.0348557692307692 6.83840542576829
0.0353365384615385 6.91464417053642
0.0358173076923077 6.95983338697678
0.0362980769230769 6.97810455819317
0.0367788461538462 6.97368004462272
0.0372596153846154 6.95065274936919
0.0377403846153846 6.91281990128743
0.0382211538461538 6.86357248435255
0.0387019230769231 6.80583620953535
0.0391826923076923 6.74205604742697
0.0396634615384615 6.67421428398073
0.0401442307692308 6.60387162414477
0.040625 6.53222167331502
0.0411057692307692 6.46015073017773
0.0415865384615385 6.38829680014461
0.0420673076923077 6.31710373650817
0.0425480769230769 6.24686819251355
0.0430288461538462 6.17777848585855
0.0435096153846154 6.10994549440287
0.0439903846153846 6.04342634208379
0.0444711538461539 5.97824196137959
0.0449519230769231 5.91438971358946
0.0454326923076923 5.85185219007405
0.0459134615384615 5.79060317383703
0.0463942307692308 5.73061156238439
0.046875 5.67184387378073
0.0473557692307692 5.61426579793992
0.0478365384615385 5.5578431232361
0.0483173076923077 5.5025422660108
0.0487980769230769 5.44833055478426
0.0492788461538462 5.39517636733634
0.0497596153846154 5.34304918227448
