2.44379276637341e-05 -0
7.33137829912023e-05 -0
0.000122189638318671 -4.65203789468843e-12
0.000171065493646139 -4.65201149000354e-12
0.000219941348973607 -2.32598814187851e-12
0.000268817204301075 -0
0.000317693059628543 2.32593973328955e-12
0.000366568914956012 6.97772678347152e-12
0.00041544477028348 6.97762116473196e-12
0.000464320625610948 4.65166822909998e-12
0.000513196480938417 -0
0.000562072336265885 -4.65148339630575e-12
0.000610948191593353 -4.65137777756617e-12
0.000659824046920821 -0
0.000708699902248289 -2.32557006770108e-12
0.000757575757575758 -2.32550405598886e-12
0.000806451612903226 -2.32543364349582e-12
0.000855327468230694 -6.97607649066587e-12
0.000904203323558162 -6.97583884850188e-12
0.000953079178885631 -6.97558800399543e-12
0.0010019550342131 -6.97532395714652e-12
0.00105083088954057 -2.32501556931838e-12
0.00109970674486804 -6.97475625642141e-12
0.0011485826001955 -6.97445260254514e-12
0.00119745845552297 -4.64942383088431e-12
0.00124633431085044 -9.29840758368707e-12
0.00129521016617791 -4.64897495124117e-12
0.00134408602150538 -6.97310596361577e-12
0.00139296187683284 -9.29698173070304e-12
0.00144183773216031 -9.29647124012846e-12
0.00149071358748778 -1.16199289330384e-11
0.00153958944281525 -9.29539744960967e-12
0.00158846529814272 -4.64741707483265e-12
0.00163734115347019 -9.29425324659772e-12
0.00168621700879765 -9.29365474040688e-12
0.00173509286412512 -1.16162982888659e-11
0.00178396871945259 -1.39386073779831e-11
0.00183284457478006 -1.39376304046422e-11
0.00188172043010753 -1.39366270266164e-11
0.001930596285435 -1.39355972439057e-11
0.00197947214076246 -1.393454105651e-11
0.00202834799608993 -1.16112153870247e-11
0.0020772238514174 -6.9661747338321e-12
0.00212609970674487 -4.64373802207122e-12
0.00217497556207234 -4.64335075335959e-12
0.0022238514173998 -4.64295468308623e-12
0.00227272727272727 -0
0.00232160312805474 -0
0.00237047898338221 -0
0.00241935483870968 -0
0.00246823069403715 -4.64084230829498e-12
0.00251710654936461 -0
0.00256598240469208 -0
0.00261485826001955 -2.31973463234034e-12
0.00266373411534702 -2.31949699017635e-12
0.00271260997067449 -2.31925494723153e-12
0.00276148582600196 -2.31900850350586e-12
0.00281036168132942 -4.63751531799885e-12
0.00285923753665689 -2.31850241371214e-12
0.00290811339198436 -0
0.00295698924731183 -2.31797872079517e-12
0.0030058651026393 2.31771027316543e-12
0.00305474095796676 2.31743742475492e-12
0.00310361681329423 9.26864070225429e-12
0.0031524926686217 6.95063557677417e-12
0.00320136852394917 9.26636989935373e-12
0.00325024437927664 6.94890606991386e-12
0.00329912023460411 2.31600717099003e-12
0.00334799608993157 2.31570791789461e-12
0.00339687194525904 -0
0.00344574780058651 2.31509620936132e-12
0.00349462365591398 -0
0.00354349951124145 2.31446689770475e-12
0.00359237536656892 4.62829128141055e-12
0.00364125122189638 4.62763996584993e-12
0.00369012707722385 6.94046977309145e-12
0.00373900293255132 1.15657773251095e-11
0.00378787878787879 1.15640830244956e-11
0.00383675464320626 1.15623667199778e-11
0.00388563049853372 1.15606284115559e-11
0.00393450635386119 1.15588680992299e-11
0.00398338220918866 9.24566862639966e-12
0.00403225806451613 9.2442251702925e-12
0.0040811339198436 1.15534551388274e-11
0.00413000977517106 6.93096408653104e-12
0.00417888563049853 2.30994729580774e-12
0.004227761485826 4.61913765731521e-12
0.00427663734115347 2.3091859607267e-12
0.00432551319648094 4.61759738403003e-12
0.00437438905180841 9.2336280900899e-12
0.00442326490713587 6.92403285674737e-12
0.00447214076246334 1.15380524059748e-11
0.00452101661779081 6.9216168280798e-12
0.00456989247311828 9.2271853469767e-12
0.00461876832844575 4.61276532669512e-12
0.00466764418377322 4.61192917834027e-12
0.00471652003910068 2.30554211421185e-12
0.00476539589442815 4.61023047694567e-12
0.00481427174975562 4.60936792390592e-12
0.00486314760508309 1.61297379925659e-11
0.00491202346041056 1.38228492394246e-11
0.00496089931573803 1.38201823662505e-11
0.00500977517106549 1.38174890883919e-11
0.00505865102639296 1.3814769405848e-11
0.00510752688172043 1.84160310914929e-11
0.0051564027370479 1.15077090222551e-11
0.00520527859237537 1.38064519301078e-11
0.00525415444770284 1.61042310669617e-11
0.0053030303030303 1.1500645769047e-11
0.00535190615835777 1.6097546280904e-11
0.00540078201368524 2.06924884452982e-11
0.00544965786901271 2.29867689614044e-11
0.00549853372434018 2.52800240955803e-11
0.00554740957966765 2.98699273659418e-11
0.00559628543499511 2.98634054087739e-11
0.00564516129032258 3.21535051831059e-11
0.00569403714565005 3.44425267661382e-11
0.00574291300097752 3.90261105152481e-11
0.00579178885630499 4.59026853516869e-11
0.00584066471163245 5.27760432173482e-11
0.00588954056695992 5.50579795432693e-11
0.00593841642228739 6.19258496352552e-11
0.00598729227761486 7.10834058281765e-11
0.00603616813294233 7.33590974461187e-11
0.0060850439882698 8.25093395413267e-11
0.00613391984359726 9.39464160315006e-11
0.00618279569892473 9.85053246025814e-11
0.0062316715542522 1.03061817144995e-10
0.00628054740957967 1.05326167950776e-10
0.00632942326490714 1.09878316922527e-10
0.0063782991202346 1.21293653555475e-10
0.00642717497556207 1.30415030929315e-10
0.00647605083088954 1.4639373412431e-10
0.00652492668621701 1.53216725053541e-10
0.00657380254154448 1.66894577366675e-10
0.00662267839687194 1.78279372580766e-10
0.00667155425219941 1.91942895951563e-10
0.00672043010752688 2.12452135883724e-10
0.00676930596285435 2.28382426088968e-10
0.00681818181818182 2.39737317997425e-10
0.00686705767350929 2.62498590949867e-10
0.00691593352883675 2.92092919417268e-10
0.00696480938416422 3.26233196156249e-10
0.00701368523949169 3.53511865114331e-10
0.00706256109481916 3.7621451966633e-10
0.00711143695014663 4.14859879026236e-10
0.0071603128054741 4.55761474152116e-10
0.00720918866080156 4.98917139859789e-10
0.00725806451612903 5.42047175419995e-10
0.0073069403714565 5.91981890260464e-10
0.00735581622678397 6.44162705868665e-10
0.00740469208211144 7.03138395817496e-10
0.00745356793743891 7.7345235592563e-10
0.00750244379276637 8.43723210385681e-10
0.00755131964809384 9.20771076417011e-10
0.00760019550342131 1.00913505907701e-09
0.00764907135874878 1.09744371071987e-09
0.00769794721407625 1.19705376278035e-09
0.00774682306940372 1.30795427051659e-09
0.00779569892473118 1.43013415716328e-09
0.00784457478005865 1.5522354634677e-09
0.00789345063538612 1.69240660904012e-09
0.00794232649071359 1.84609391343683e-09
0.00799120234604106 2.01781806884851e-09
0.00804007820136853 2.20076138728683e-09
0.00808895405669599 2.39944350035386e-09
0.00813782991202346 2.61158296461144e-09
0.00818670576735093 2.85301547548087e-09
0.0082355816226784 3.10786604736966e-09
0.00828445747800587 3.40101084471804e-09
0.00833333333333333 3.70752748608533e-09
0.0083822091886608 4.03870728089929e-09
0.00843108504398827 4.40130512680703e-09
0.00847996089931574 4.79754690298889e-09
0.00852883675464321 5.22739602575401e-09
0.00857771260997068 5.69759029571582e-09
0.00862658846529814 6.20357039503203e-09
0.00867546432062561 6.76109312192435e-09
0.00872434017595308 7.36784553216637e-09
0.00877321603128055 8.02828263189312e-09
0.00882209188660802 8.74008947892335e-09
0.00887096774193549 9.50771432419463e-09
0.00891984359726295 1.03468621335327e-08
0.00896871945259042 1.12597030194243e-08
0.00901759530791789 1.22529052721492e-08
0.00906647116324536 1.33353768576177e-08
0.00911534701857283 1.45025147054232e-08
0.00916422287390029 1.5769959349559e-08
0.00921309872922776 1.71510793070561e-08
0.00926197458455523 1.86389987996172e-08
0.0093108504398827 2.02582972558353e-08
0.00935972629521017 2.20110624583887e-08
0.00940860215053763 2.39105997246905e-08
0.0094574780058651 2.59724360485929e-08
0.00950635386119257 2.82165583589564e-08
0.00955522971652004 3.06360175648753e-08
0.00960410557184751 3.32686941744089e-08
0.00965298142717498 3.61143241935131e-08
0.00970185728250244 3.91995130817044e-08
0.00975073313782991 4.25396294443304e-08
0.00979960899315738 4.61544895435664e-08
0.00984848484848485 5.00638747610094e-08
0.00989736070381232 5.42964744133469e-08
0.00994623655913979 5.88719882124847e-08
0.00999511241446725 6.38234837668425e-08
0.0100439882697947 6.9179504243177e-08
0.0100928641251222 7.49730055845045e-08
0.0101417399804497 8.12368842440636e-08
0.0101906158357771 8.80039765252536e-08
0.0102394916911046 9.5315975749503e-08
0.0102883675464321 1.03212270448692e-07
0.0103372434017595 1.1174999661036e-07
0.010386119257087 1.20968372825809e-07
0.0104349951124145 1.30924348383869e-07
0.0104838709677419 1.4167254167832e-07
0.0105327468230694 1.53276363024696e-07
0.0105816226783969 1.65799102966866e-07
0.0106304985337243 1.79312818762727e-07
0.0106793743890518 1.93880546071749e-07
0.0107282502443793 2.09602937142179e-07
0.0107771260997067 2.26558262912774e-07
0.0108260019550342 2.44829076536152e-07
0.0108748778103617 2.64535458519097e-07
0.0109237536656892 2.85770664204362e-07
0.0109726295210166 3.08652128543478e-07
0.0110215053763441 3.33308124891114e-07
0.0110703812316716 3.59860032582381e-07
0.011119257086999 3.88457743700914e-07
0.0111681329423265 4.19246428214513e-07
0.011217008797654 4.52388642392056e-07
0.0112658846529814 4.88064285368007e-07
0.0113147605083089 5.26459514634337e-07
0.0113636363636364 5.67760105809604e-07
0.0114125122189638 6.12186745853895e-07
0.0114613880742913 6.59975101607113e-07
0.0115102639296188 7.11358147116087e-07
0.0115591397849462 7.66592599549396e-07
0.0116080156402737 8.25972068581886e-07
0.0116568914956012 8.89774141261214e-07
0.0117057673509286 9.58333006820792e-07
0.0117546432062561 1.03197994713673e-06
0.0118035190615836 1.1110763007234e-06
0.011852394916911 1.19601997131585e-06
0.0119012707722385 1.28721239607883e-06
0.011950146627566 1.38510680556925e-06
0.0119990224828935 1.49016202441723e-06
0.0120478983382209 1.60288629244143e-06
0.0120967741935484 1.72381960026763e-06
0.0121456500488759 1.85352921673661e-06
0.0121945259042033 1.99262492999238e-06
0.0122434017595308 2.14176330171658e-06
0.0122922776148583 2.30163659881442e-06
0.0123411534701857 2.47297924287274e-06
0.0123900293255132 2.65658079234503e-06
0.0124389051808407 2.85329014912459e-06
0.0124877810361681 3.06399137885742e-06
0.0125366568914956 3.28964504168183e-06
0.0125855327468231 3.5312574485238e-06
0.0126344086021505 3.78991102232151e-06
0.012683284457478 4.06675536061363e-06
0.0127321603128055 4.36301138349562e-06
0.0127810361681329 4.67997764124188e-06
0.0128299120234604 5.01904094775789e-06
0.0128787878787879 5.38166307106292e-06
0.0129276637341153 5.76941959305475e-06
0.0129765395894428 6.18396048759101e-06
0.0130254154447703 6.62706195117954e-06
0.0130742913000978 7.10059348743769e-06
0.0131231671554252 7.60655228318223e-06
0.0131720430107527 8.14704114624218e-06
0.0132209188660802 8.72433094669438e-06
0.0132697947214076 9.34078652548177e-06
0.0133186705767351 9.99894638938711e-06
0.0133675464320626 1.07014940643216e-05
0.01341642228739 1.14512900237073e-05
0.0134652981427175 1.2251347368738e-05
0.013514173998045 1.31048787908449e-05
0.0135630498533724 1.40152765141238e-05
0.0136119257086999 1.49861397155196e-05
0.0136608015640274 1.60212910728134e-05
0.0137096774193548 1.71247760236246e-05
0.0137585532746823 1.83008813822892e-05
0.0138074291300098 1.95541345287606e-05
0.0138563049853372 2.08893563193315e-05
0.0139051808406647 2.23116278848627e-05
0.0139540566959922 2.38263262262335e-05
0.0140029325513196 2.54391575275887e-05
0.0140518084066471 2.715614102325e-05
0.0141006842619746 2.89836614797379e-05
0.0141495601173021 3.09284465203089e-05
0.0141984359726295 3.29976381893382e-05
0.014247311827957 3.51987615694586e-05
0.0142961876832845 3.75397939687441e-05
0.0143450635386119 4.00291270158771e-05
0.0143939393939394 4.26756591194428e-05
0.0144428152492669 4.54887894118633e-05
0.0144916911045943 4.84784074274513e-05
0.0145405669599218 5.16549936223464e-05
0.0145894428152493 5.50295810525548e-05
0.0146383186705767 5.86138299859079e-05
0.0146871945259042 6.24200234993176e-05
0.0147360703812317 6.6461141726093e-05
0.0147849462365591 7.07508571825248e-05
0.0148338220918866 7.53035874102252e-05
0.0148826979472141 8.0134543143126e-05
0.0149315738025415 8.52597232400292e-05
0.014980449657869 9.06960092075587e-05
0.0150293255131965 9.64611809593157e-05
0.015078201368524 0.000102573959988966
0.0151270772238514 0.000109054065025903
0.0151759530791789 0.000115922242063953
0.0152248289345064 0.000123200338589001
0.0152737047898338 0.000130911335244826
0.0153225806451613 0.000139079411078529
0.0153714565004888 0.000147730004258208
0.0154203323558162 0.000156889859851029
0.0154692082111437 0.00016658709840733
0.0155180840664712 0.000176851261061938
0.0155669599217986 0.000187713423781447
0.0156158357771261 0.000199206214419107
0.0156647116324536 0.000211363905225937
0.015713587487781 0.000224222496517592
0.0157624633431085 0.000237819783143251
0.015811339198436 0.000252195445747569
0.0158602150537634 0.000267391114344159
0.0159090909090909 0.000283450490135745
0.0159579667644184 0.000300419401899548
0.0160068426197458 0.000318345922646664
0.0160557184750733 0.000337280443918631
0.0161045943304008 0.000357275810187932
0.0161534701857282 0.000378387419208656
0.0162023460410557 0.000400673290557488
0.0162512218963832 0.000424194225397545
0.0163000977517107 0.000449013890505697
0.0163489736070381 0.000475198993312581
0.0163978494623656 0.000502819327191863
0.0164467253176931 0.000531947980470808
0.0164956011730205 0.000562661415709898
0.016544477028348 0.00059503962935119
0.0165933528836755 0.000629166312572094
0.0166422287390029 0.000665128978121583
0.0166911045943304 0.000703019125727219
0.0167399804496579 0.000742932385898428
0.0167888563049853 0.000784968720746071
0.0168377321603128 0.000829232547296453
0.0168866080156403 0.000875832969387765
0.0169354838709677 0.000924883890772354
0.0169843597262952 0.000976504273745981
0.0170332355816227 0.00103081827077551
0.0170821114369501 0.0010879554745814
0.0171309872922776 0.00114805108664002
0.0171798631476051 0.0012112461421417
0.0172287390029326 0.00127768774388549
0.01727761485826 0.00134752925786617
0.0173264907135875 0.0014209305650211
0.017375366568915 0.00149805828894439
0.0174242424242424 0.00157908606721185
0.0174731182795699 0.0016641947433723
0.0175219941348974 0.00175357269250667
0.0175708699902248 0.00184741603257729
0.0176197458455523 0.00194592894044421
0.0176686217008798 0.00204932391703871
0.0177174975562072 0.00215782205897631
0.0177663734115347 0.0022716533711502
0.0178152492668622 0.00239105706311559
0.0178641251221896 0.0025162818699637
0.0179130009775171 0.00264758635082796
0.0179618768328446 0.00278523923003924
0.018010752688172 0.00292951972795648
0.0180596285434995 0.00308071789568381
0.018108504398827 0.00323913498195137
0.0181573802541544 0.00340508376521728
0.0182062561094819 0.00357888892187593
0.0182551319648094 0.00376088743841248
0.0183040078201369 0.00395142894214372
0.0183528836754643 0.004150876116259
0.0184017595307918 0.00435960510197617
0.0184506353861193 0.00457800587576882
0.0184995112414467 0.00480648270633246
0.0185483870967742 0.00504545452805735
0.0185972629521017 0.00529535540408205
0.0186461388074291 0.00555663494800259
0.0186950146627566 0.00582975877457339
0.0187438905180841 0.00611520894714838
0.0187927663734115 0.00641348444985668
0.018841642228739 0.00672510163433158
0.0188905180840665 0.00705059470302987
0.0189393939393939 0.00739051618895663
0.0189882697947214 0.00774543746367524
0.0190371456500489 0.00811594920564458
0.0190860215053763 0.00850266191268387
0.0191348973607038 0.00890620641447725
0.0191837732160313 0.00932723439303265
0.0192326490713587 0.0097664188732615
0.0192815249266862 0.0102244547909202
0.0193304007820137 0.0107020594947069
0.0193792766373412 0.0111999733016426
0.0194281524926686 0.0117189600301977
0.0194770283479961 0.0122598075349503
0.0195259042033236 0.012823328290101
0.019574780058651 0.0134103599031149
0.0196236559139785 0.0140217657125953
0.019672531769306 0.0146584353339333
0.0197214076246334 0.0153212852100451
0.0197702834799609 0.0160112591828277
0.0198191593352884 0.0167293290871241
0.0198680351906158 0.017476495272754
0.0199169110459433 0.0182537872216931
0.0199657869012708 0.019062264087327
0.0200146627565982 0.0199030152795015
0.0200635386119257 0.0207771610168242
0.0201124144672532 0.0216858529107745
0.0201612903225806 0.02263027451699
0.0202101661779081 0.0236116419181867
0.0202590420332356 0.0246312042468797
0.0203079178885631 0.0256902442767008
0.0203567937438905 0.0267900789417571
0.020405669599218 0.0279320599068257
0.0204545454545455 0.0291175740890204
0.0205034213098729 0.0303480441738181
0.0205522971652004 0.0316249291738004
0.0206011730205279 0.0329497249175737
0.0206500488758553 0.0343239645465473
0.0206989247311828 0.0357492190310329
0.0207478005865103 0.0372270976321843
0.0207966764418377 0.0387592483793799
0.0208455522971652 0.0403473585302154
0.0208944281524927 0.0419931550054075
0.0209433040078201 0.0436984048198428
0.0209921798631476 0.045464915479063
0.0210410557184751 0.047294535402632
0.0210899315738025 0.049189154272662
0.02113880742913 0.0511507034074383
0.0211876832844575 0.0531811560757403
0.0212365591397849 0.0552825278382531
0.0212854349951124 0.0574568768278843
0.0213343108504399 0.0597063040057002
0.0213831867057674 0.0620329534287076
0.0214320625610948 0.0644390124608215
0.0214809384164223 0.0669267119502563
0.0215298142717498 0.0694983264151415
0.0215786901270772 0.0721561741709998
0.0216275659824047 0.0749026174325712
0.0216764418377322 0.0777400623919993
0.0217253176930596 0.0806709592679282
0.0217741935483871 0.0836978022933624
0.0218230694037146 0.0868231297108121
0.021871945259042 0.0900495236934507
0.0219208211143695 0.0933796102699868
0.021969696969697 0.0968160591498327
0.0220185728250244 0.100361583595637
0.0220674486803519 0.104018940170291
0.0221163245356794 0.107790928497961
0.0221652003910068 0.111680390945335
0.0222140762463343 0.115690212313632
0.0222629521016618 0.11982331940266
0.0223118279569893 0.124082680640494
0.0223607038123167 0.128471305529984
0.0224095796676442 0.132992244191134
0.0224584555229717 0.13764858675866
0.0225073313782991 0.142443462734066
0.0225562072336266 0.147380040341195
0.0226050830889541 0.152461525808986
0.0226539589442815 0.157691162559758
0.022702834799609 0.1630722303984
0.0227517106549365 0.168608044641081
0.0228005865102639 0.174301955160344
0.0228494623655914 0.180157345382102
0.0228983382209189 0.186177631271818
0.0229472140762463 0.192366260208989
0.0229960899315738 0.198726709818461
0.0230449657869013 0.205262486777792
0.0230938416422287 0.211977125523599
0.0231427174975562 0.218874186914573
0.0231915933528837 0.225957256862856
0.0232404692082111 0.233229944875093
0.0232893450635386 0.240695882524587
0.0233382209188661 0.248358721916943
0.0233870967741935 0.256222134038185
0.023435972629521 0.264289807090498
0.0234848484848485 0.272565444740795
0.023533724340176 0.281052764310432
0.0235826001955034 0.289755494934036
0.0236314760508309 0.298677375620712
0.0236803519061584 0.307822153301506
0.0237292277614858 0.317193580778996
0.0237781036168133 0.326795414632004
0.0238269794721408 0.336631413097564
0.0238758553274682 0.346705333839165
0.0239247311827957 0.357020931723913
0.0239736070381232 0.36758195646762
0.0240224828934506 0.378392150313783
0.0240713587487781 0.38945524559043
0.0241202346041056 0.400774962266582
0.024169110459433 0.412355005421813
0.0242179863147605 0.42419906268262
0.024266862170088 0.436310801623841
0.0243157380254154 0.448693867103588
0.0243646138807429 0.461351878559845
0.0244134897360704 0.47428842727007
0.0244623655913979 0.487507073580788
0.0245112414467253 0.501011344052203
0.0245601173020528 0.514804728639218
0.0246089931573803 0.528890677762832
0.0246578690127077 0.543272599415001
0.0247067448680352 0.557953856158914
0.0247556207233627 0.572937762173211
0.0248044965786901 0.588227580231008
0.0248533724340176 0.60382651865941
0.0249022482893451 0.619737728275113
0.0249511241446725 0.635964299315662
0.025 0.652509258330944
0.0250488758553275 0.669375565088105
0.0250977517106549 0.686566109449165
0.0251466275659824 0.704083708232616
0.0251955034213099 0.721931102085513
0.0252443792766373 0.740110952344642
0.0252932551319648 0.75862583792195
0.0253421309872923 0.777478252134007
0.0253910068426197 0.796670599604521
0.0254398826979472 0.816205193146374
0.0254887585532747 0.836084250652144
0.0255376344086021 0.856309892002081
0.0255865102639296 0.876884136030627
0.0256353861192571 0.897808897439243
0.0256842619745846 0.919085983809761
0.025733137829912 0.940717092608536
0.0257820136852395 0.962703808229866
0.025830889540567 0.98504759909041
0.0258797653958944 1.00774981473467
0.0259286412512219 1.03081168302764
0.0259775171065494 1.05423430734084
0.0260263929618768 1.07801866383453
0.0260752688172043 1.10216559877914
0.0261241446725318 1.12667582591867
0.0261730205278592 1.15154992391264
0.0262218963831867 1.17678833385131
0.0262707722385142 1.20239135681194
0.0263196480938416 1.22835915150163
0.0263685239491691 1.25469173198175
0.0264173998044966 1.28138896545136
0.026466275659824 1.30845057013826
0.0265151515151515 1.33587611324999
0.026564027370479 1.36366500901001
0.0266129032258065 1.39181651683394
0.0266617790811339 1.42032973952292
0.0267106549364614 1.44920362162758
0.0267595307917889 1.47843694784476
0.0268084066471163 1.50802834159719
0.0268572825024438 1.53797626363319
0.0269061583577713 1.56827901078805
0.0269550342130987 1.59893471485725
0.0270039100684262 1.62994134155108
0.0270527859237537 1.66129668960009
0.0271016617790811 1.69299838994854
0.0271505376344086 1.72504390510358
0.0271994134897361 1.75743052855918
0.0272482893450635 1.79015538439301
0.027297165200391 1.82321542696825
0.0273460410557185 1.85660744076153
0.0273949169110459 1.89032804031863
0.0274437927663734 1.92437367035558
0.0274926686217009 1.95874060598597
0.0275415444770283 1.99342495307443
0.0275904203323558 2.02842264872828
0.0276392961876833 2.06372946194227
0.0276881720430108 2.0993409943468
0.0277370478983382 2.13525268113155
0.0277859237536657 2.17145979209229
0.0278347996089932 2.20795743277047
0.0278836754643206 2.24474054582823
0.0279325513196481 2.28180391246547
0.0279814271749756 2.31914215404046
0.028030303030303 2.3567497337847
0.0280791788856305 2.39462095868996
0.028128054740958 2.43274998149938
0.0281769305962854 2.47113080286309
0.0282258064516129 2.50975727361243
0.0282746823069404 2.54862309717506
0.0283235581622678 2.58772183210886
0.0283724340175953 2.62704689478591
0.0284213098729228 2.66659156220197
0.0284701857282502 2.706348974902
0.0285190615835777 2.74631214002999
0.0285679374389052 2.78647393452764
0.0286168132942327 2.82682710841393
0.0286656891495601 2.86736428823929
0.0287145650048876 2.90807798059267
0.0287634408602151 2.94896057576723
0.0288123167155425 2.99000435150557
0.02886119257087 3.03120147689932
0.0289100684261975 3.07254401633163
0.0289589442815249 3.11402393357233
0.0290078201368524 3.15563309594264
0.0290566959921799 3.19736327857954
0.0291055718475073 3.23920616879799
0.0291544477028348 3.28115337053708
0.0292033235581623 3.32319640887604
0.0292521994134897 3.36532673465263
0.0293010752688172 3.40753572913192
0.0293499511241447 3.44981470877595
0.0293988269794721 3.49215493003339
0.0294477028347996 3.53454759424213
0.0294965786901271 3.57698385255667
0.0295454545454545 3.61945481092819
0.029594330400782 3.66195153515848
0.0296432062561095 3.70446505596609
0.029692082111437 3.74698637411561
0.0297409579667644 3.7895064655522
0.0297898338220919 3.83201628660667
0.0298387096774194 3.87450677917726
0.0298875855327468 3.91696887597588
0.0299364613880743 3.95939350573608
0.0299853372434018 4.00177159849372
0.0300342130987292 4.04409409081669
0.0300830889540567 4.08635193105327
0.0301319648093842 4.1285360845846
0.0301808406647116 4.17063753905383
0.0302297165200391 4.21264730957393
0.0302785923753666 4.25455644394488
0.030327468230694 4.29635602778738
0.0303763440860215 4.33803718971139
0.030425219941349 4.37959110640007
0.0304740957966764 4.42100900768591
0.0305229716520039 4.46228218154462
0.0305718475073314 4.50340197907724
0.0306207233626588 4.54435981940238
0.0306695992179863 4.58514719453839
0.0307184750733138 4.62575567414576
0.0307673509286413 4.66617691027977
0.0308162267839687 4.70640264201147
0.0308651026392962 4.74642470000403
0.0309139784946237 4.78623501100053
0.0309628543499511 4.82582560221921
0.0310117302052786 4.86518860566701
0.0310606060606061 4.9043162623412
0.0311094819159335 4.94320092637673
0.031158357771261 4.98183506903826
0.0312072336265885 5.02021128265274
0.0312561094819159 5.05832228440152
0.0313049853372434 5.09616092003925
0.0313538611925709 5.13372016745302
0.0314027370478983 5.1709931401471
0.0314516129032258 5.20797309057985
0.0315004887585533 5.24465341338251
0.0315493646138807 5.2810276484824
0.0315982404692082 5.31708948404292
0.0316471163245357 5.35283275935264
0.0316959921798631 5.3882514674965
0.0317448680351906 5.42333975795213
0.0317937438905181 5.45809193904511
0.0318426197458456 5.49250248025661
0.031891495601173 5.52656601437718
0.0319403714565005 5.5602773395697
0.031989247311828 5.59363142124591
0.0320381231671554 5.6266233938231
0.0320869990224829 5.65924856234254
0.0321358748778104 5.6915024039434
0.0321847507331378 5.72338056918202
0.0322336265884653 5.7548788832349
0.0322825024437928 5.78599334692718
0.0323313782991202 5.81672013765391
0.0323802541544477 5.84705561012992
0.0324291300097752 5.87699629701904
0.0324780058651026 5.90653890941264
0.0325268817204301 5.93568033716037
0.0325757575757576 5.96441764909047
0.032624633431085 5.99274809306174
0.0326735092864125 6.02066909588686
0.03272238514174 6.0481782631397
0.0327712609970675 6.07527337879541
0.0328201368523949 6.10195240477934
0.0328690127077224 6.12821348033639
0.0329178885630498 6.15405492133107
0.0329667644183773 6.17947521935397
0.0330156402737048 6.20447304077034
0.0330645161290323 6.22904722558777
0.0331133919843597 6.25319678625683
0.0331622678396872 6.27692090631685
0.0332111436950147 6.3002189389425
0.0332600195503421 6.32309040537529
0.0333088954056696 6.34553499325975
0.0333577712609971 6.36755255484076
0.0334066471163245 6.38914310509384
0.033455522971652 6.4103068197324
0.0335043988269795 6.43104403313512
0.0335532746823069 6.45135523616434
0.0336021505376344 6.47124107389853
0.0336510263929619 6.49070234328366
0.0336999022482893 6.50973999069512
0.0337487781036168 6.52835510941668
0.0337976539589443 6.5465489370662
0.0338465298142717 6.56432285289466
0.0338954056695992 6.58167837508603
0.0339442815249267 6.59861715792879
0.0339931573802542 6.61514098897343
0.0340420332355816 6.6312517860795
0.0340909090909091 6.64695159447021
0.0341397849462366 6.66224258367552
0.034188660801564 6.67712704446599
0.0342375366568915 6.69160738573147
0.034286412512219 6.7056861313043
0.0343352883675464 6.71936591677438
0.0343841642228739 6.73264948625497
0.0344330400782014 6.74553968910497
0.0344819159335288 6.75803947665252
0.0345307917888563 6.77015189886638
0.0345796676441838 6.78188010103782
0.0346285434995112 6.79322732044195
0.0346774193548387 6.80419688294543
0.0347262952101662 6.81479219966723
0.0347751710654936 6.82501676359064
0.0348240469208211 6.83487414618783
0.0348729227761486 6.84436799404135
0.0349217986314761 6.85350202548261
0.0349706744868035 6.86228002720679
0.035019550342131 6.87070585093971
0.0350684261974585 6.87878341008686
0.0351173020527859 6.8865166763941
0.0351661779081134 6.89390967666984
0.0352150537634409 6.90096648947121
0.0352639296187683 6.90769124185715
0.0353128054740958 6.91408810615899
0.0353616813294233 6.9201612967614
0.0354105571847507 6.92591506694382
0.0354594330400782 6.9313537057248
0.0355083088954057 6.93648153478451
0.0355571847507331 6.94130290536895
0.0356060606060606 6.94582219529864
0.0356549364613881 6.95004380597022
0.0357038123167155 6.95397215942254
0.035752688172043 6.95761169545508
0.0358015640273705 6.96096686877789
0.035850439882698 6.96404214622062
0.0358993157380254 6.96684200399798
0.0359481915933529 6.96937092502168
0.0359970674486804 6.97163339625835
0.0360459433040078 6.97363390616986
0.0360948191593353 6.97537694217563
0.0361436950146628 6.97686698819272
0.0361925708699902 6.97810852223038
0.0362414467253177 6.97910601405003
0.0362903225806452 6.9798639228793
0.0363391984359726 6.98038669517395
0.0363880742913001 6.9806787624784
0.0364369501466276 6.98074453930966
0.036485826001955 6.98058842111664
0.0365347018572825 6.98021478232231
0.03658357771261 6.97962797440172
0.0366324535679374 6.97883232403978
0.0366813294232649 6.97783213133789
0.0367302052785924 6.9766316681108
0.0367790811339198 6.97523517621661
0.0368279569892473 6.97364686596915
0.0368768328445748 6.971870914624
0.0369257086999022 6.96991146489508
0.0369745845552297 6.96777262355854
0.0370234604105572 6.96545846012339
0.0370723362658847 6.96297300555072
0.0371212121212121 6.96032025104255
0.0371700879765396 6.95750414687814
0.0372189638318671 6.95452860134659
0.0372678396871945 6.95139747968649
0.037316715542522 6.94811460314646
0.0373655913978495 6.94468374805297
0.0374144672531769 6.94110864496026
0.0374633431085044 6.93739297785504
0.0375122189638319 6.93354038342418
0.0375610948191593 6.92955445036668
0.0376099706744868 6.92543871875046
0.0376588465298143 6.92119667945766
0.0377077223851417 6.916831773659
0.0377565982404692 6.91234739232519
0.0378054740957967 6.90774687582712
0.0378543499511241 6.90303351355085
0.0379032258064516 6.89821054358793
0.0379521016617791 6.89328115245165
0.0380009775171066 6.88824847484794
0.038049853372434 6.88311559349915
0.0380987292277615 6.87788553899566
0.038147605083089 6.87256128970113
0.0381964809384164 6.86714577170645
0.0382453567937439 6.86164185880069
0.0382942326490714 6.8560523724948
0.0383431085043988 6.85038008209521
0.0383919843597263 6.84462770480046
0.0384408602150538 6.83879790581535
0.0384897360703812 6.8328932985396
0.0385386119257087 6.82691644476
0.0385874877810362 6.82086985488001
0.0386363636363636 6.81475598818434
0.0386852394916911 6.80857725312746
0.0387341153470186 6.80233600766308
0.038782991202346 6.79603455957544
0.0388318670576735 6.78967516685451
0.038880742913001 6.78326003810394
0.0389296187683284 6.77679133294516
0.0389784946236559 6.77027116246387
0.0390273704789834 6.76370158967563
0.0390762463343109 6.75708462999936
0.0391251221896383 6.75042225176433
0.0391739980449658 6.74371637673117
0.0392228739002933 6.73696888061473
0.0392717497556207 6.73018159363909
0.0393206256109482 6.72335630110729
0.0393695014662757 6.71649474396729
0.0394183773216031 6.70959861941561
0.0394672531769306 6.70266958148475
0.0395161290322581 6.69570924166658
0.0395650048875855 6.68871916951673
0.039613880742913 6.68170089330427
0.0396627565982405 6.67465590062796
0.0397116324535679 6.66758563908
0.0397605083088954 6.6604915168879
0.0398093841642229 6.65337490356043
0.0398582600195503 6.64623713055752
0.0399071358748778 6.63907949194888
0.0399560117302053 6.63190324508536
0.0400048875855328 6.62470961125385
0.0400537634408602 6.61749977636067
0.0401026392961877 6.61027489159531
0.0401515151515152 6.603036074102
0.0402003910068426 6.59578440763902
0.0402492668621701 6.58852094326615
0.0402981427174976 6.58124669999669
0.040347018572825 6.57396266546667
0.0403958944281525 6.56666979659896
0.04044477028348 6.5593690202557
0.0404936461388074 6.55206123389629
0.0405425219941349 6.54474730622869
0.0405913978494624 6.53742807785776
0.0406402737047898 6.53010436191971
0.0406891495601173 6.52277694472347
0.0407380254154448 6.51544658637404
0.0407869012707722 6.50811402140257
0.0408357771260997 6.50077995938207
0.0408846529814272 6.49344508552944
0.0409335288367546 6.4861100613246
0.0409824046920821 6.47877552508929
0.0410312805474096 6.47144209258807
0.0410801564027371 6.46411035760187
0.0411290322580645 6.45678089250559
0.041177908113392 6.44945424882378
0.0412267839687195 6.44213095779949
0.0412756598240469 6.43481153092976
0.0413245356793744 6.42749646050984
0.0413734115347019 6.42018622016448
0.0414222873900293 6.41288126536611
0.0414711632453568 6.40558203394906
0.0415200391006843 6.39828894660704
0.0415689149560117 6.39100240739684
0.0416177908113392 6.38372280421837
0.0416666666666667 6.37645050927957
0.0417155425219941 6.36918587958231
0.0417644183773216 6.36192925736192
0.0418132942326491 6.3546809705455
0.0418621700879765 6.34744133318661
0.041911045943304 6.34021064588744
0.0419599217986315 6.33298919622895
0.0420087976539589 6.32577725917793
0.0420576735092864 6.31857509748244
0.0421065493646139 6.31138296207029
0.0421554252199414 6.30420109242865
0.0422043010752688 6.29702971697969
0.0422531769305963 6.28986905344484
0.0423020527859238 6.28271930919855
0.0423509286412512 6.27558068161656
0.0423998044965787 6.26845335842009
0.0424486803519062 6.26133751799311
0.0424975562072336 6.25423332971553
0.0425464320625611 6.24714095426844
0.0425953079178886 6.24006054394413
0.042644183773216 6.23299224293727
0.0426930596285435 6.22593618763661
0.042741935483871 6.21889250690554
0.0427908113391984 6.21186132235185
0.0428396871945259 6.20484274859424
0.0428885630498534 6.19783689351789
0.0429374389051808 6.19084385852799
0.0429863147605083 6.18386373878905
0.0430351906158358 6.17689662345928
0.0430840664711633 6.16994259592019
0.0431329423264907 6.16300173400014
0.0431818181818182 6.15607411018417
0.0432306940371457 6.14915979182445
0.0432795698924731 6.1422588413423
0.0433284457478006 6.13537131642289
0.0433773216031281 6.12849727020014
0.0434261974584555 6.1216367514467
0.043475073313783 6.11478980474417
0.0435239491691105 6.10795647065846
0.0435728250244379 6.10113678590053
0.0436217008797654 6.0943307834923
0.0436705767350929 6.08753849291555
0.0437194525904203 6.08075994026199
0.0437683284457478 6.07399514838311
0.0438172043010753 6.067244137018
0.0438660801564027 6.06050692293941
0.0439149560117302 6.05378352007544
0.0439638318670577 6.04707393963758
0.0440127077223851 6.0403781902383
0.0440615835777126 6.03369627801055
0.0441104594330401 6.02702820671831
0.0441593352883675 6.02037397786293
0.044208211143695 6.01373359078741
0.0442570869990225 6.00710704277735
0.04430596285435 6.00049432915524
0.0443548387096774 5.99389544337618
0.0444037145650049 5.98731037711142
0.0444525904203324 5.98073912033851
0.0445014662756598 5.97418166142179
0.0445503421309873 5.96763798718955
0.0445992179863148 5.96110808301445
0.0446480938416422 5.9545919328804
0.0446969696969697 5.94808951945956
0.0447458455522972 5.94160082416934
0.0447947214076246 5.93512582724882
0.0448435972629521 5.92866450781192
0.0448924731182796 5.92221684391016
0.044941348973607 5.91578281258654
0.0449902248289345 5.90936238993465
0.045039100684262 5.90295555114649
0.0450879765395894 5.89656227056455
0.0451368523949169 5.8901825217276
0.0451857282502444 5.88381627742133
0.0452346041055718 5.87746350971368
0.0452834799608993 5.87112419000667
0.0453323558162268 5.86479828906817
0.0453812316715543 5.85848577707395
0.0454301075268817 5.85218662364444
0.0454789833822092 5.84590079787932
0.0455278592375367 5.83962826839049
0.0455767350928641 5.83336900333367
0.0456256109481916 5.82712297043867
0.0456744868035191 5.82089013703852
0.0457233626588465 5.81467047010034
0.045772238514174 5.80846393624582
0.0458211143695015 5.80227050178205
0.0458699902248289 5.79609013272081
0.0459188660801564 5.78992279480485
0.0459677419354839 5.7837684535278
0.0460166177908113 5.77762707415695
0.0460654936461388 5.77149862174815
0.0461143695014663 5.76538306117126
0.0461632453567937 5.75928035712394
0.0462121212121212 5.75319047414695
0.0462609970674487 5.74711337664594
0.0463098729227761 5.74104902890055
0.0463587487781036 5.73499739508246
0.0464076246334311 5.72895843927048
0.0464565004887586 5.7229321254578
0.046505376344086 5.71691841757234
0.0465542521994135 5.71091727948024
0.046603128054741 5.70492867500374
0.0466520039100684 5.69895256792839
0.0467008797653959 5.69298892201439
0.0467497556207234 5.68703770100478
0.0467986314760508 5.68109886863444
0.0468475073313783 5.67517238864079
0.0468963831867058 5.66925822476823
0.0469452590420332 5.66335634077875
0.0469941348973607 5.65746670045777
0.0470430107526882 5.65158926762055
0.0470918866080156 5.64572400611861
0.0471407624633431 5.63987087984743
0.0471896383186706 5.63402985274877
0.047238514173998 5.6282008888192
0.0472873900293255 5.62238395211346
0.047336265884653 5.61657900674944
0.0473851417399805 5.61078601691149
0.0474340175953079 5.60500494685761
0.0474828934506354 5.59923576091925
0.0475317693059629 5.59347842350837
0.0475806451612903 5.58773289911862
0.0476295210166178 5.58199915232957
0.0476783968719453 5.57627714780987
0.0477272727272727 5.57056685031886
0.0477761485826002 5.56486822470984
0.0478250244379277 5.55918123593308
0.0478739002932551 5.55350584903695
0.0479227761485826 5.54784202917012
0.0479716520039101 5.54218974158474
0.0480205278592375 5.53654895163664
0.048069403714565 5.53091962478755
0.0481182795698925 5.52530172660674
0.0481671554252199 5.51969522277298
0.0482160312805474 5.51410007907375
0.0482649071358749 5.50851626140935
0.0483137829912023 5.50294373579081
0.0483626588465298 5.49738246834416
0.0484115347018573 5.49183242530755
0.0484604105571848 5.48629357303612
0.0485092864125122 5.48076587799944
0.0485581622678397 5.47524930678327
0.0486070381231672 5.46974382609053
0.0486559139784946 5.4642494027419
0.0487047898338221 5.45876600367483
0.0487536656891496 5.45329359594534
0.048802541544477 5.44783214672764
0.0488514173998045 5.44238162331433
0.048900293255132 5.43694199311758
0.0489491691104594 5.43151322366747
0.0489980449657869 5.4260952826139
0.0490469208211144 5.42068813772556
0.0490957966764418 5.41529175689028
0.0491446725317693 5.40990610811523
0.0491935483870968 5.40453115952618
0.0492424242424242 5.39916687936846
0.0492913000977517 5.39381323600586
0.0493401759530792 5.38847019792103
0.0493890518084067 5.38313773371526
0.0494379276637341 5.37781581210832
0.0494868035190616 5.37250440193781
0.0495356793743891 5.36720347215949
0.0495845552297165 5.36191299184679
0.049633431085044 5.35663293019051
0.0496823069403715 5.35136325649866
0.0497311827956989 5.34610394019585
0.0497800586510264 5.34085495082347
0.0498289345063539 5.33561625803876
0.0498778103616813 5.33038783161498
0.0499266862170088 5.32516964144076
0.0499755620723363 5.31996165751982
