0.00234146452895424 1.21120794497013e-13
0.00565279542161685 4.88983777700978e-11
0.00736686642093167 1.01429527812873e-09
0.00873846458617753 1.04489930361244e-08
0.00991860291155466 7.15533353898785e-08
0.0109710672004102 3.70139725295111e-07
0.0119303261940559 1.55358969102146e-06
0.0128175946326171 5.53595224997352e-06
0.0136470553721879 1.72725710998546e-05
0.0144287545588514 4.82505935140196e-05
0.0151701202744561 0.000122710153578724
0.0158768303590056 0.000287803638164503
0.0165533414753628 0.000628915192769886
0.0172032284694554 0.00129110077169267
0.0178294111770059 0.00250700614583631
0.0184343112421921 0.00463067478201522
0.0190199636873324 0.00817544839577786
0.0195880982495032 0.01385284930295
0.0201401999395844 0.0226081337929682
0.020677554968889 0.0356473596224016
0.0212012861482793 0.0544505331178061
0.0217123805686614 0.0807658363880982
0.0222117115263518 0.116581122331546
0.0227000560922054 0.164070724526457
0.0231781093382993 0.225517968910061
0.0236464959682942 0.303216318270078
0.0241057799083302 0.399354511639726
0.024556472279391 0.515893068642469
0.0249990380730619 0.654440857544083
0.0254339017795425 0.816140908558939
0.0258614521622064 1.00157423398446
0.0262820463317924 1.21068914947825
0.0266960132418747 1.44276163019387
0.027103656703043 1.69638980777643
0.0275052579944098 1.96952308386262
0.0279010781363164 2.25952377049872
0.0282913598764706 2.5632569067517
0.0286763294324858 2.87720212978356
0.0290561980263807 3.19758031592895
0.0294311632406174 3.52048719857061
0.0298014102204135 3.84202629239736
0.0301671127431083 4.15843412897592
0.0305284341721232 4.46619191698802
0.030885528310386 4.76211913978484
0.0312385401658735 5.04344614568211
0.0315876066400892 5.30786433472956
0.0319328571487516 5.55355398251687
0.0322744141826772 5.7791909778281
0.0326123938157559 5.98393472858086
0.0329469061659927 6.16740018182465
0.0332780558148115 6.3296173082337
0.0336059421891477 6.47098154097938
0.0339306599102885 6.59219857053237
0.0342522991129314 6.69422662790298
0.0345709457375107 6.77821898995649
0.0348866817984801 6.84546896177676
0.0351995856309252 6.89735907794973
0.0355097321176077 6.93531575539648
0.035817192898306 6.96077015490327
0.0361220365631123 6.97512558802776
0.036424328831162 6.97973145345183
0.0367241327161167 6.9758634078671
0.0370215086795807 6.96470927076891
0.0373165147735096 6.94736002525919
0.0376092067725614 6.92480520028989
0.0378996382972445 6.89793189388465
0.0381878609286336 6.86752671142404
0.0384739243153474 6.83427993771552
0.0387578762734183 6.79879132683806
0.039039762879622 6.76157697128966
0.0393196285587827 6.72307679489923
0.0395975161655239 6.68366229678378
0.0398734670608888 6.64364425234825
0.0401475211842202 6.60328014910278
0.0404197171206524 6.56278119831967
0.0406900921645385 6.52231881742121
0.0409586823791084 6.4820305224642
0.0412255226526281 6.44202520557313
0.0414906467513063 6.40238779944926
0.0417540873691783 6.36318335113203
0.0420158761751729 6.32446054108068
0.0422760438575562 6.28625469243377
0.0425346201659281 6.24859032004291
0.0427916339509338 6.21148327046341
0.0430471132018417 6.17494250333632
0.043301085082125 6.13897156222555
0.0435535759631753 6.10356977950276
0.0438046114562672 6.0687332557887
0.044054216442883 6.03445565009817
0.0443024151035 6.0007288124321
0.044549230944933 5.96754328633759
0.0447946868263217 5.93488870499091
0.0450388049838421 5.90275410075469
0.04528160705422 5.87112814493279
0.0455231140971144 5.83999933161851
0.0457633466164381 5.8093561170726
0.0460023245806759 5.77918702397842
0.046240067442258 5.74948071814808
0.0464765941560406 5.7202260637742
0.0467119231969447 5.69141216209802
0.0469460725767988 5.66302837736062
0.0471790598604294 5.63506435308217
0.0474109021810392 5.60751002105969
0.0476416162549122 5.58035560493951
0.0478712183954808 5.55359161980331
0.048099724526788 5.52720886886922
0.0483271501963772 5.50119843815343
0.0485535105876385 5.47555168972831
0.0487788205316385 5.45026025405681
0.0490030945184617 5.42531602176159
0.0492263467080858 5.4007111350921
0.0494485909408159 5.37643797928115
0.0496698407472972 5.35248917393
0.0498901093581296 5.32885756451917
