0 963.023875188512
0.000454545454545455 963.023875188512
0.000909090909090909 963.023875188512
0.00136363636363636 963.023875188512
0.00181818181818182 963.023875188511
0.00227272727272727 963.023875188512
0.00272727272727273 963.023875188511
0.00318181818181818 963.023875188511
0.00363636363636364 963.023875188511
0.00409090909090909 963.02387518851
0.00454545454545455 963.02387518851
0.005 963.023875188508
0.00545454545454545 963.023875188503
0.00590909090909091 963.02387518849
0.00636363636363636 963.02387518846
0.00681818181818182 963.023875188388
0.00727272727272727 963.023875188216
0.00772727272727273 963.023875187815
0.00818181818181818 963.023875186893
0.00863636363636364 963.023875184807
0.00909090909090909 963.023875180166
0.00954545454545455 963.023875170001
0.01 963.023875148094
0.0104545454545455 963.023875101633
0.0109090909090909 963.023875004659
0.0113636363636364 963.023874805463
0.0118181818181818 963.023874402761
0.0122727272727273 963.023873601491
0.0127272727272727 963.023872032279
0.0131818181818182 963.02386900741
0.0136363636363636 963.023863267983
0.0140909090909091 963.023852548294
0.0145454545454545 963.023832839369
0.015 963.023797167433
0.0154545454545455 963.023733606575
0.0159090909090909 963.023622107999
0.0163636363636364 963.023429540354
0.0168181818181818 963.023102086097
0.0172727272727273 963.022553820236
0.0177272727272727 963.021649908317
0.0181818181818182 963.020182409491
0.0186363636363636 963.017836182706
0.0190909090909091 963.014141916275
0.0195454545454545 963.008412905885
0.02 962.999661994715
0.0204545454545455 962.986495188981
0.0209090909090909 962.966979017894
0.0213636363636364 962.938479864786
0.0218181818181818 962.897475378546
0.0222727272727273 962.839340748568
0.0227272727272727 962.758116067462
0.0231818181818182 962.646265064429
0.0236363636363636 962.494439869501
0.0240909090909091 962.291270711322
0.0245454545454545 962.023202971618
0.025 961.674406149145
0.0254545454545455 961.226779358325
0.0259090909090909 960.66007544629
0.0263636363636364 959.952160328085
0.0268181818181818 959.079415720161
0.0272727272727273 958.01728251398
0.0277272727272727 956.740929420758
0.0281818181818182 955.226018460199
0.0286363636363636 953.449526840489
0.0290909090909091 951.390575332197
0.0295454545454545 949.031207767992
0.03 946.357065815245
0.0304545454545455 943.357908114876
0.0309090909090909 940.027933026083
0.0313636363636364 936.365878647624
0.0318181818181818 932.374891004615
0.0322727272727273 928.062169413232
0.0327272727272727 923.438415059883
0.0331818181818182 918.517122911948
0.0336363636363636 913.31376678258
0.0340909090909091 907.844931866843
0.0345454545454545 902.127448194026
0.035 896.177572698939
0.0354545454545455 890.010258033924
0.0359090909090909 883.638534195646
0.0363636363636364 877.073016018711
0.0368181818181818 870.321536988656
0.0372727272727273 863.388898776773
0.0377272727272727 856.276717143062
0.0381818181818182 848.983338709916
0.0386363636363636 841.503799490775
0.0390909090909091 833.829794538543
0.0395454545454546 825.949627983616
0.04 817.848113229021
0.0404545454545455 809.506393240477
0.0409090909090909 800.90164973167
0.0413636363636364 792.006666528841
0.0418181818181818 782.789205235623
0.0422727272727273 773.211138829964
0.0427272727272727 763.227268543694
0.0431818181818182 752.783717400475
0.0436363636363636 741.815743639586
0.0440909090909091 730.244737786264
0.0445454545454545 717.974038560995
0.045 704.882988831475
0.0454545454545455 690.818284099531
0.0459090909090909 675.581004231085
0.0463636363636364 658.906473027924
0.0468181818181818 640.431606860096
0.0472727272727273 619.639114312354
0.0477272727272727 595.755607516163
0.0481818181818182 567.548913855479
0.0486363636363636 532.875410086035
0.0490909090909091 487.486290759849
0.0495454545454546 420.928191541522
0.05 293
