0 976.017253961566
4.05844155844156e-05 976.017253961566
8.11688311688312e-05 976.017253961566
0.000121753246753247 976.017253961566
0.000162337662337662 976.017253961566
0.000202922077922078 976.017253961566
0.000243506493506494 976.017253961566
0.000284090909090909 976.017253961566
0.000324675324675325 976.017253961566
0.00036525974025974 976.017253961566
0.000405844155844156 976.017253961565
0.000446428571428571 976.017253961565
0.000487012987012987 976.017253961565
0.000527597402597403 976.017253961565
0.000568181818181818 976.017253961565
0.000608766233766234 976.017253961565
0.000649350649350649 976.017253961565
0.000689935064935065 976.017253961565
0.000730519480519481 976.017253961565
0.000771103896103896 976.017253961565
0.000811688311688312 976.017253961565
0.000852272727272727 976.017253961566
0.000892857142857143 976.017253961566
0.000933441558441558 976.017253961566
0.000974025974025974 976.017253961567
0.00101461038961039 976.017253961567
0.00105519480519481 976.017253961568
0.00109577922077922 976.017253961568
0.00113636363636364 976.017253961569
0.00117694805194805 976.017253961569
0.00121753246753247 976.01725396157
0.00125811688311688 976.01725396157
0.0012987012987013 976.017253961571
0.00133928571428571 976.017253961571
0.00137987012987013 976.017253961572
0.00142045454545455 976.017253961572
0.00146103896103896 976.017253961572
0.00150162337662338 976.017253961573
0.00154220779220779 976.017253961573
0.00158279220779221 976.017253961574
0.00162337662337662 976.017253961574
0.00166396103896104 976.017253961575
0.00170454545454545 976.017253961575
0.00174512987012987 976.017253961576
0.00178571428571429 976.017253961576
0.0018262987012987 976.017253961577
0.00186688311688312 976.017253961577
0.00190746753246753 976.017253961577
0.00194805194805195 976.017253961578
0.00198863636363636 976.017253961578
0.00202922077922078 976.017253961579
0.0020698051948052 976.01725396158
0.00211038961038961 976.017253961581
0.00215097402597403 976.017253961582
0.00219155844155844 976.017253961583
0.00223214285714286 976.017253961584
0.00227272727272727 976.017253961585
0.00231331168831169 976.017253961586
0.0023538961038961 976.017253961586
0.00239448051948052 976.017253961587
0.00243506493506494 976.017253961588
0.00247564935064935 976.017253961589
0.00251623376623377 976.01725396159
0.00255681818181818 976.01725396159
0.0025974025974026 976.017253961591
0.00263798701298701 976.017253961592
0.00267857142857143 976.017253961592
0.00271915584415584 976.017253961593
0.00275974025974026 976.017253961595
0.00280032467532468 976.017253961596
0.00284090909090909 976.017253961597
0.00288149350649351 976.017253961597
0.00292207792207792 976.017253961598
0.00296266233766234 976.017253961599
0.00300324675324675 976.0172539616
0.00304383116883117 976.0172539616
0.00308441558441558 976.017253961601
0.003125 976.017253961602
0.00316558441558442 976.017253961603
0.00320616883116883 976.017253961604
0.00324675324675325 976.017253961605
0.00328733766233766 976.017253961605
0.00332792207792208 976.017253961606
0.00336850649350649 976.017253961607
0.00340909090909091 976.017253961608
0.00344967532467532 976.017253961609
0.00349025974025974 976.017253961609
0.00353084415584416 976.01725396161
0.00357142857142857 976.017253961611
0.00361201298701299 976.017253961612
0.0036525974025974 976.017253961613
0.00369318181818182 976.017253961614
0.00373376623376623 976.017253961615
0.00377435064935065 976.017253961616
0.00381493506493506 976.017253961617
0.00385551948051948 976.017253961618
0.0038961038961039 976.017253961619
0.00393668831168831 976.01725396162
0.00397727272727273 976.01725396162
0.00401785714285714 976.017253961621
0.00405844155844156 976.017253961622
0.00409902597402597 976.017253961623
0.00413961038961039 976.017253961623
0.0041801948051948 976.017253961624
0.00422077922077922 976.017253961625
0.00426136363636364 976.017253961626
0.00430194805194805 976.017253961627
0.00434253246753247 976.017253961628
0.00438311688311688 976.017253961629
0.0044237012987013 976.01725396163
0.00446428571428571 976.017253961631
0.00450487012987013 976.017253961632
0.00454545454545455 976.017253961633
0.00458603896103896 976.017253961634
0.00462662337662338 976.017253961634
0.00466720779220779 976.017253961635
0.00470779220779221 976.017253961636
0.00474837662337662 976.017253961637
0.00478896103896104 976.017253961638
0.00482954545454545 976.017253961639
0.00487012987012987 976.01725396164
0.00491071428571429 976.01725396164
0.0049512987012987 976.017253961641
0.00499188311688312 976.017253961642
0.00503246753246753 976.017253961643
0.00507305194805195 976.017253961643
0.00511363636363636 976.017253961644
0.00515422077922078 976.017253961645
0.0051948051948052 976.017253961645
0.00523538961038961 976.017253961646
0.00527597402597403 976.017253961646
0.00531655844155844 976.017253961647
0.00535714285714286 976.017253961647
0.00539772727272727 976.017253961648
0.00543831168831169 976.017253961649
0.0054788961038961 976.01725396165
0.00551948051948052 976.017253961651
0.00556006493506494 976.017253961652
0.00560064935064935 976.017253961653
0.00564123376623377 976.017253961654
0.00568181818181818 976.017253961655
0.0057224025974026 976.017253961656
0.00576298701298701 976.017253961656
0.00580357142857143 976.017253961656
0.00584415584415584 976.017253961657
0.00588474025974026 976.017253961658
0.00592532467532468 976.017253961658
0.00596590909090909 976.017253961658
0.00600649350649351 976.017253961658
0.00604707792207792 976.017253961658
0.00608766233766234 976.017253961658
0.00612824675324675 976.017253961658
0.00616883116883117 976.017253961658
0.00620941558441558 976.017253961657
0.00625 976.017253961656
0.00629058441558442 976.017253961655
0.00633116883116883 976.017253961653
0.00637175324675325 976.017253961651
0.00641233766233766 976.017253961649
0.00645292207792208 976.017253961647
0.00649350649350649 976.017253961644
0.00653409090909091 976.01725396164
0.00657467532467533 976.017253961636
0.00661525974025974 976.017253961632
0.00665584415584416 976.017253961627
0.00669642857142857 976.017253961621
0.00673701298701299 976.017253961614
0.0067775974025974 976.017253961607
0.00681818181818182 976.017253961599
0.00685876623376623 976.017253961591
0.00689935064935065 976.017253961582
0.00693993506493507 976.017253961571
0.00698051948051948 976.01725396156
0.0070211038961039 976.017253961548
0.00706168831168831 976.017253961535
0.00710227272727273 976.01725396152
0.00714285714285714 976.017253961504
0.00718344155844156 976.017253961487
0.00722402597402597 976.017253961469
0.00726461038961039 976.017253961449
0.00730519480519481 976.017253961428
0.00734577922077922 976.017253961404
0.00738636363636364 976.017253961379
0.00742694805194805 976.017253961351
0.00746753246753247 976.017253961321
0.00750811688311688 976.017253961289
0.0075487012987013 976.017253961254
0.00758928571428571 976.017253961216
0.00762987012987013 976.017253961175
0.00767045454545455 976.017253961131
0.00771103896103896 976.017253961083
0.00775162337662338 976.017253961032
0.00779220779220779 976.017253960976
0.00783279220779221 976.017253960916
0.00787337662337662 976.017253960852
0.00791396103896104 976.017253960782
0.00795454545454546 976.017253960707
0.00799512987012987 976.017253960627
0.00803571428571429 976.01725396054
0.0080762987012987 976.017253960447
0.00811688311688312 976.017253960346
0.00815746753246753 976.017253960238
0.00819805194805195 976.017253960121
0.00823863636363636 976.017253959995
0.00827922077922078 976.01725395986
0.0083198051948052 976.017253959715
0.00836038961038961 976.017253959559
0.00840097402597403 976.017253959391
0.00844155844155844 976.01725395921
0.00848214285714286 976.017253959016
0.00852272727272727 976.017253958808
0.00856331168831169 976.017253958584
0.00860389610389611 976.017253958343
0.00864448051948052 976.017253958085
0.00868506493506493 976.017253957807
0.00872564935064935 976.017253957509
0.00876623376623377 976.017253957189
0.00880681818181818 976.017253956846
0.0088474025974026 976.017253956477
0.00888798701298701 976.017253956081
0.00892857142857143 976.017253955656
0.00896915584415585 976.0172539552
0.00900974025974026 976.017253954711
0.00905032467532467 976.017253954186
0.00909090909090909 976.017253953623
0.00913149350649351 976.017253953019
0.00917207792207792 976.017253952372
0.00921266233766234 976.017253951677
0.00925324675324675 976.017253950933
0.00929383116883117 976.017253950134
0.00933441558441558 976.017253949278
0.009375 976.017253948361
0.00941558441558442 976.017253947378
0.00945616883116883 976.017253946325
0.00949675324675325 976.017253945196
0.00953733766233766 976.017253943987
0.00957792207792208 976.017253942692
0.00961850649350649 976.017253941304
0.00965909090909091 976.017253939819
0.00969967532467533 976.017253938228
0.00974025974025974 976.017253936525
0.00978084415584416 976.017253934702
0.00982142857142857 976.01725393275
0.00986201298701299 976.017253930662
0.0099025974025974 976.017253928427
0.00994318181818182 976.017253926035
0.00998376623376623 976.017253923477
0.0100243506493507 976.01725392074
0.0100649350649351 976.017253917813
0.0101055194805195 976.017253914683
0.0101461038961039 976.017253911337
0.0101866883116883 976.017253907758
0.0102272727272727 976.017253903933
0.0102678571428571 976.017253899844
0.0103084415584416 976.017253895475
0.010349025974026 976.017253890806
0.0103896103896104 976.017253885817
0.0104301948051948 976.017253880487
0.0104707792207792 976.017253874793
0.0105113636363636 976.017253868713
0.0105519480519481 976.017253862219
0.0105925324675325 976.017253855285
0.0106331168831169 976.017253847883
0.0106737012987013 976.01725383998
0.0107142857142857 976.017253831546
0.0107548701298701 976.017253822544
0.0107954545454545 976.017253812939
0.010836038961039 976.01725380269
0.0108766233766234 976.017253791756
0.0109172077922078 976.017253780093
0.0109577922077922 976.017253767654
0.0109983766233766 976.017253754389
0.011038961038961 976.017253740245
0.0110795454545455 976.017253725165
0.0111201298701299 976.01725370909
0.0111607142857143 976.017253691955
0.0112012987012987 976.017253673695
0.0112418831168831 976.017253654236
0.0112824675324675 976.017253633503
0.011323051948052 976.017253611416
0.0113636363636364 976.017253587889
0.0114042207792208 976.017253562832
0.0114448051948052 976.017253536148
0.0114853896103896 976.017253507734
0.011525974025974 976.017253477484
0.0115665584415584 976.017253445283
0.0116071428571429 976.017253411008
0.0116477272727273 976.017253374532
0.0116883116883117 976.017253335717
0.0117288961038961 976.017253294419
0.0117694805194805 976.017253250485
0.0118100649350649 976.017253203752
0.0118506493506494 976.017253154048
0.0118912337662338 976.017253101192
0.0119318181818182 976.01725304499
0.0119724025974026 976.017252985238
0.012012987012987 976.017252921721
0.0120535714285714 976.017252854209
0.0120941558441558 976.01725278246
0.0121347402597403 976.017252706218
0.0121753246753247 976.017252625211
0.0122159090909091 976.017252539154
0.0122564935064935 976.017252447742
0.0122970779220779 976.017252350655
0.0123376623376623 976.017252247553
0.0123782467532468 976.017252138078
0.0124188311688312 976.017252021851
0.0124594155844156 976.017251898471
0.0125 976.017251767513
0.0125405844155844 976.017251628531
0.0125811688311688 976.017251481051
0.0126217532467532 976.017251324574
0.0126623376623377 976.017251158571
0.0127029220779221 976.017250982486
0.0127435064935065 976.017250795729
0.0127840909090909 976.017250597678
0.0128246753246753 976.017250387678
0.0128652597402597 976.017250165035
0.0129058441558442 976.017249929019
0.0129464285714286 976.017249678857
0.012987012987013 976.017249413736
0.0130275974025974 976.017249132795
0.0130681818181818 976.01724883513
0.0131087662337662 976.017248519783
0.0131493506493507 976.017248185747
0.0131899350649351 976.01724783196
0.0132305194805195 976.0172474573
0.0132711038961039 976.017247060586
0.0133116883116883 976.017246640573
0.0133522727272727 976.017246195947
0.0133928571428571 976.017245725328
0.0134334415584416 976.017245227257
0.013474025974026 976.0172447002
0.0135146103896104 976.017244142541
0.0135551948051948 976.017243552576
0.0135957792207792 976.017242928514
0.0136363636363636 976.017242268467
0.0136769480519481 976.017241570447
0.0137175324675325 976.017240832363
0.0137581168831169 976.017240052015
0.0137987012987013 976.017239227084
0.0138392857142857 976.017238355135
0.0138798701298701 976.017237433603
0.0139204545454545 976.017236459792
0.013961038961039 976.017235430865
0.0140016233766234 976.017234343839
0.0140422077922078 976.017233195579
0.0140827922077922 976.017231982786
0.0141233766233766 976.017230701996
0.014163961038961 976.017229349566
0.0142045454545455 976.017227921668
0.0142451298701299 976.017226414281
0.0142857142857143 976.017224823179
0.0143262987012987 976.017223143925
0.0143668831168831 976.017221371855
0.0144074675324675 976.017219502076
0.0144480519480519 976.017217529447
0.0144886363636364 976.017215448572
0.0145292207792208 976.017213253786
0.0145698051948052 976.017210939144
0.0146103896103896 976.017208498407
0.014650974025974 976.017205925028
0.0146915584415584 976.017203212138
0.0147321428571429 976.017200352533
0.0147727272727273 976.017197338656
0.0148133116883117 976.017194162582
0.0148538961038961 976.017190816
0.0148944805194805 976.017187290199
0.0149350649350649 976.017183576045
0.0149756493506494 976.017179663968
0.0150162337662338 976.017175543933
0.0150568181818182 976.017171205431
0.0150974025974026 976.017166637448
0.015137987012987 976.017161828446
0.0151785714285714 976.017156766342
0.0152191558441558 976.017151438481
0.0152597402597403 976.017145831611
0.0153003246753247 976.017139931858
0.0153409090909091 976.017133724698
0.0153814935064935 976.017127194929
0.0154220779220779 976.01712032664
0.0154626623376623 976.017113103185
0.0155032467532468 976.017105507143
0.0155438311688312 976.017097520294
0.0155844155844156 976.017089123578
0.015625 976.017080297063
0.0156655844155844 976.017071019904
0.0157061688311688 976.017061270309
0.0157467532467532 976.017051025494
0.0157873376623377 976.017040261647
0.0158279220779221 976.017028953881
0.0158685064935065 976.017017076187
0.0159090909090909 976.017004601395
0.0159496753246753 976.016991501117
0.0159902597402597 976.016977745702
0.0160308441558442 976.016963304186
0.0160714285714286 976.016948144229
0.016112012987013 976.016932232068
0.0161525974025974 976.016915532457
0.0161931818181818 976.016898008604
0.0162337662337662 976.016879622111
0.0162743506493506 976.016860332907
0.0163149350649351 976.016840099186
0.0163555194805195 976.01681887733
0.0163961038961039 976.016796621847
0.0164366883116883 976.016773285285
0.0164772727272727 976.016748818166
0.0165178571428571 976.016723168899
0.0165584415584416 976.0166962837
0.016599025974026 976.016668106506
0.0166396103896104 976.016638578886
0.0166801948051948 976.016607639952
0.0167207792207792 976.01657522626
0.0167613636363636 976.016541271718
0.0168019480519481 976.016505707477
0.0168425324675325 976.016468461834
0.0168831168831169 976.01642946012
0.0169237012987013 976.016388624587
0.0169642857142857 976.016345874295
0.0170048701298701 976.016301124992
0.0170454545454545 976.016254288988
0.017086038961039 976.016205275034
0.0171266233766234 976.016153988182
0.0171672077922078 976.016100329655
0.0172077922077922 976.016044196706
0.0172483766233766 976.01598548247
0.017288961038961 976.01592407582
0.0173295454545455 976.015859861207
0.0173701298701299 976.015792718505
0.0174107142857143 976.015722522847
0.0174512987012987 976.015649144453
0.0174918831168831 976.015572448459
0.0175324675324675 976.015492294735
0.0175730519480519 976.015408537701
0.0176136363636364 976.015321026135
0.0176542207792208 976.015229602979
0.0176948051948052 976.015134105131
0.0177353896103896 976.015034363244
0.017775974025974 976.014930201504
0.0178165584415584 976.014821437413
0.0178571428571429 976.014707881562
0.0178977272727273 976.014589337392
0.0179383116883117 976.014465600957
0.0179788961038961 976.014336460676
0.0180194805194805 976.014201697075
0.0180600649350649 976.014061082529
0.0181006493506493 976.013914380986
0.0181412337662338 976.013761347696
0.0181818181818182 976.013601728924
0.0182224025974026 976.013435261653
0.018262987012987 976.01326167329
0.0183035714285714 976.013080681352
0.0183441558441558 976.01289199315
0.0183847402597403 976.012695305462
0.0184253246753247 976.0124903042
0.0184659090909091 976.012276664066
0.0185064935064935 976.012054048198
0.0185470779220779 976.011822107809
0.0185876623376623 976.011580481817
0.0186282467532468 976.011328796464
0.0186688311688312 976.011066664923
0.0187094155844156 976.010793686901
0.01875 976.010509448228
0.0187905844155844 976.010213520436
0.0188311688311688 976.009905460327
0.0188717532467532 976.009584809535
0.0189123376623377 976.009251094072
0.0189529220779221 976.008903823863
0.0189935064935065 976.008542492278
0.0190340909090909 976.008166575638
0.0190746753246753 976.007775532729
0.0191152597402597 976.007368804285
0.0191558441558442 976.006945812475
0.0191964285714286 976.006505960365
0.019237012987013 976.006048631383
0.0192775974025974 976.005573188753
0.0193181818181818 976.005078974937
0.0193587662337662 976.004565311049
0.0193993506493507 976.004031496263
0.0194399350649351 976.003476807206
0.0194805194805195 976.002900497346
0.0195211038961039 976.00230179635
0.0195616883116883 976.001679909449
0.0196022727272727 976.001034016774
0.0196428571428571 976.000363272686
0.0196834415584416 975.999666805094
0.019724025974026 975.998943714752
0.0197646103896104 975.998193074549
0.0198051948051948 975.997413928784
0.0198457792207792 975.996605292423
0.0198863636363636 975.995766150348
0.0199269480519481 975.994895456585
0.0199675324675325 975.993992133528
0.0200081168831169 975.993055071132
0.0200487012987013 975.992083126113
0.0200892857142857 975.991075121114
0.0201298701298701 975.990029843869
0.0201704545454545 975.988946046348
0.020211038961039 975.987822443885
0.0202516233766234 975.986657714299
0.0202922077922078 975.985450496992
0.0203327922077922 975.984199392034
0.0203733766233766 975.982902959243
0.020413961038961 975.981559717232
0.0204545454545455 975.980168142463
0.0204951298701299 975.978726668264
0.0205357142857143 975.977233683852
0.0205762987012987 975.975687533328
0.0206168831168831 975.974086514662
0.0206574675324675 975.972428878662
0.020698051948052 975.970712827932
0.0207386363636364 975.968936515815
0.0207792207792208 975.967098045314
0.0208198051948052 975.965195468013
0.0208603896103896 975.963226782973
0.020900974025974 975.961189935616
0.0209415584415584 975.9590828166
0.0209821428571429 975.956903260676
0.0210227272727273 975.954649045534
0.0210633116883117 975.952317890636
0.0211038961038961 975.949907456031
0.0211444805194805 975.947415341167
0.0211850649350649 975.944839083684
0.0212256493506494 975.942176158192
0.0212662337662338 975.939423975044
0.0213068181818182 975.936579879098
0.0213474025974026 975.933641148456
0.021387987012987 975.930604993208
0.0214285714285714 975.92746855415
0.0214691558441558 975.924228901507
0.0215097402597403 975.920883033631
0.0215503246753247 975.9174278757
0.0215909090909091 975.913860278405
0.0216314935064935 975.910177016623
0.0216720779220779 975.906374788092
0.0217126623376623 975.902450212067
0.0217532467532468 975.898399827979
0.0217938311688312 975.894220094075
0.0218344155844156 975.889907386066
0.021875 975.885457995755
0.0219155844155844 975.880868129669
0.0219561688311688 975.876133907686
0.0219967532467533 975.871251361648
0.0220373376623377 975.866216433983
0.0220779220779221 975.861024976318
0.0221185064935065 975.855672748087
0.0221590909090909 975.850155415143
0.0221996753246753 975.844468548364
0.0222402597402597 975.838607622261
0.0222808441558442 975.832568013589
0.0223214285714286 975.826344999953
0.022362012987013 975.819933758418
0.0224025974025974 975.813329364127
0.0224431818181818 975.806526788913
0.0224837662337662 975.799520899922
0.0225243506493507 975.792306458239
0.0225649350649351 975.78487811752
0.0226055194805195 975.777230422628
0.0226461038961039 975.769357808281
0.0226866883116883 975.761254597706
0.0227272727272727 975.752915001301
0.0227678571428571 975.744333115309
0.0228084415584416 975.735502920506
0.022849025974026 975.72641828089
0.0228896103896104 975.717072942401
0.0229301948051948 975.707460531635
0.0229707792207792 975.697574554591
0.0230113636363636 975.687408395421
0.0230519480519481 975.676955315203
0.0230925324675325 975.666208450734
0.0231331168831169 975.655160813333
0.0231737012987013 975.643805287676
0.0232142857142857 975.632134630644
0.0232548701298701 975.620141470199
0.0232954545454545 975.607818304274
0.023336038961039 975.595157499701
0.0233766233766234 975.582151291152
0.0234172077922078 975.568791780117
0.0234577922077922 975.555070933901
0.0234983766233766 975.540980584658
0.023538961038961 975.526512428447
0.0235795454545455 975.511658024329
0.0236201298701299 975.496408793486
0.0236607142857143 975.480756018384
0.0237012987012987 975.464690841959
0.0237418831168831 975.448204266853
0.0237824675324675 975.431287154673
0.023823051948052 975.413930225299
0.0238636363636364 975.396124056227
0.0239042207792208 975.377859081948
0.0239448051948052 975.359125593382
0.0239853896103896 975.33991373734
0.024025974025974 975.320213516038
0.0240665584415584 975.300014786656
0.0241071428571429 975.279307260942
0.0241477272727273 975.258080504862
0.0241883116883117 975.236323938301
0.0242288961038961 975.214026834814
0.0242694805194805 975.191178321428
0.0243100649350649 975.167767378488
0.0243506493506494 975.143782839572
0.0243912337662338 975.119213391443
0.0244318181818182 975.094047574069
0.0244724025974026 975.068273780692
0.024512987012987 975.041880257956
0.0245535714285714 975.014855106094
0.0245941558441558 974.987186279175
0.0246347402597403 974.958861585408
0.0246753246753247 974.929868687511
0.0247159090909091 974.900195103135
0.0247564935064935 974.869828205365
0.0247970779220779 974.838755223267
0.0248376623376623 974.806963242512
0.0248782467532468 974.774439206064
0.0249188311688312 974.741169914928
0.0249594155844156 974.707142028973
0.025 974.672342067816
0.0250405844155844 974.636756411781
0.0250811688311688 974.600371302917
0.0251217532467532 974.563172846102
0.0251623376623377 974.5251470102
0.0252029220779221 974.4862796293
0.0252435064935065 974.446556404022
0.0252840909090909 974.405962902899
0.0253246753246753 974.364484563824
0.0253652597402597 974.322106695579
0.0254058441558442 974.278814479432
0.0254464285714286 974.234592970805
0.025487012987013 974.189427101023
0.0255275974025974 974.143301679131
0.0255681818181818 974.096201393789
0.0256087662337662 974.048110815239
0.0256493506493507 973.999014397348
0.0256899350649351 973.948896479725
0.0257305194805195 973.897741289914
0.0257711038961039 973.845532945658
0.0258116883116883 973.792255457242
0.0258522727272727 973.737892729907
0.0258928571428571 973.682428566341
0.0259334415584416 973.625846669241
0.025974025974026 973.568130643952
0.0260146103896104 973.509264001176
0.0260551948051948 973.449230159754
0.0260957792207792 973.388012449527
0.0261363636363636 973.325594114259
0.0261769480519481 973.261958314641
0.0262175324675325 973.197088131354
0.0262581168831169 973.13096656822
0.0262987012987013 973.063576555402
0.0263392857142857 972.994900952689
0.0263798701298701 972.924922552842
0.0264204545454545 972.853624085003
0.026461038961039 972.780988218181
0.0265016233766234 972.706997564793
0.0265422077922078 972.631634684274
0.0265827922077922 972.554882086748
0.0266233766233766 972.476722236762
0.026663961038961 972.397137557081
0.0267045454545455 972.316110432539
0.0267451298701299 972.233623213955
0.0267857142857143 972.149658222096
0.0268262987012987 972.064197751702
0.0268668831168831 971.977224075565
0.0269074675324675 971.888719448656
0.026948051948052 971.798666112306
0.0269886363636364 971.707046298432
0.0270292207792208 971.613842233817
0.0270698051948052 971.51903614443
0.0271103896103896 971.422610259791
0.027150974025974 971.324546817378
0.0271915584415584 971.224828067076
0.0272321428571429 971.12343627566
0.0272727272727273 971.020353731322
0.0273133116883117 970.915562748221
0.0273538961038961 970.809045671074
0.0273944805194805 970.700784879774
0.0274350649350649 970.590762794038
0.0274756493506494 970.478961878073
0.0275162337662338 970.365364645279
0.0275568181818182 970.249953662961
0.0275974025974026 970.132711557064
0.027637987012987 970.013621016928
0.0276785714285714 969.892664800055
0.0277191558441558 969.769825736884
0.0277597402597403 969.645086735581
0.0278003246753247 969.518430786837
0.0278409090909091 969.389840968663
0.0278814935064935 969.259300451197
0.0279220779220779 969.126792501499
0.0279626623376623 968.99230048836
0.0280032467532468 968.855807887084
0.0280438311688312 968.717298284282
0.0280844155844156 968.576755382642
0.028125 968.434163005693
0.0281655844155844 968.289505102553
0.0282061688311688 968.142765752649
0.0282467532467532 967.993929170432
0.0282873376623377 967.842979710057
0.0283279220779221 967.689901870036
0.0283685064935065 967.534680297872
0.0284090909090909 967.37729979465
0.0284496753246753 967.217745319604
0.0284902597402597 967.056001994638
0.0285308441558442 966.892055108815
0.0285714285714286 966.725890122799
0.028612012987013 966.557492673256
0.0286525974025974 966.386848577206
0.0286931818181818 966.213943836325
0.0287337662337662 966.038764641196
0.0287743506493507 965.861297375502
0.0288149350649351 965.681528620169
0.0288555194805195 965.499445157439
0.0288961038961039 965.315033974889
0.0289366883116883 965.128282269382
0.0289772727272727 964.939177450951
0.0290178571428571 964.747707146612
0.0290584415584416 964.553859204108
0.029099025974026 964.357621695581
0.0291396103896104 964.158982921156
0.0291801948051948 963.957931412463
0.0292207792207792 963.754455936064
0.0292613636363636 963.548545496807
0.0293019480519481 963.340189341087
0.0293425324675325 963.129376960023
0.0293831168831169 962.916098092552
0.0294237012987013 962.700342728419
0.0294642857142857 962.482101111086
0.0295048701298701 962.261363740538
0.0295454545454545 962.038121375999
0.029586038961039 961.812365038543
0.0296266233766234 961.584086013609
0.0296672077922078 961.353275853416
0.0297077922077922 961.119926379267
0.0297483766233766 960.884029683756
0.029788961038961 960.645578132867
0.0298295454545455 960.404564367962
0.0298701298701299 960.160981307665
0.0299107142857143 959.914822149629
0.0299512987012987 959.666080372201
0.0299918831168831 959.414749735967
0.0300324675324675 959.160824285186
0.0300730519480519 958.904298349107
0.0301136363636364 958.645166543181
0.0301542207792208 958.383423770139
0.0301948051948052 958.119065220972
0.0302353896103896 957.852086375777
0.030275974025974 957.582483004498
0.0303165584415584 957.310251167541
0.0303571428571429 957.035387216271
0.0303977272727273 956.75788779339
0.0304383116883117 956.477749833194
0.0304788961038961 956.194970561716
0.0305194805194805 955.909547496736
0.0305600649350649 955.621478447687
0.0306006493506494 955.330761515426
0.0306412337662338 955.037395091896
0.0306818181818182 954.741377859659
0.0307224025974026 954.442708791316
0.030762987012987 954.141387148807
0.0308035714285714 953.837412482584
0.0308441558441558 953.530784630676
0.0308847402597403 953.221503717633
0.0309253246753247 952.909570153343
0.0309659090909091 952.594984631748
0.0310064935064935 952.277748129432
0.0310470779220779 951.9578619041
0.0310876623376623 951.635327492937
0.0311282467532468 951.310146710861
0.0311688311688312 950.982321648658
0.0312094155844156 950.651854671007
0.03125 950.318748414399
0.0312905844155844 949.98300578494
0.0313311688311688 949.644629956054
0.0313717532467533 949.303624366074
0.0314123376623377 948.959992715732
0.0314529220779221 948.613738965545
0.0314935064935065 948.264867333099
0.0315340909090909 947.913382290233
0.0315746753246753 947.559288560126
0.0316152597402597 947.202591114284
0.0316558441558442 946.843295169438
0.0316964285714286 946.481406184344
0.031737012987013 946.116929856493
0.0317775974025974 945.749872118734
0.0318181818181818 945.380239135807
0.0318587662337662 945.008037300797
0.0318993506493506 944.633273231494
0.0319399350649351 944.255953766683
0.0319805194805195 943.876085962348
0.0320211038961039 943.493677087806
0.0320616883116883 943.108734621761
0.0321022727272727 942.721266248286
0.0321428571428571 942.331279852742
0.0321834415584416 941.93878351762
0.032224025974026 941.543785518329
0.0322646103896104 941.146294318909
0.0323051948051948 940.746318567692
0.0323457792207792 940.343867092908
0.0323863636363636 939.938948898224
0.0324269480519481 939.53157315824
0.0324675324675325 939.121749213937
0.0325081168831169 938.709486568061
0.0325487012987013 938.294794880483
0.0325892857142857 937.877683963501
0.0326298701298701 937.458163777108
0.0326704545454546 937.036244424219
0.032711038961039 936.611936145866
0.0327516233766234 936.18524931636
0.0327922077922078 935.756194438422
0.0328327922077922 935.324782138286
0.0328733766233766 934.891023160777
0.032913961038961 934.454928364368
0.0329545454545455 934.016508716217
0.0329951298701299 933.575775287186
0.0330357142857143 933.132739246843
0.0330762987012987 932.687411858458
0.0331168831168831 932.239804473982
0.0331574675324675 931.789928529022
0.0331980519480519 931.337795537811
0.0332386363636364 930.883417088178
0.0332792207792208 930.42680483651
0.0333198051948052 929.967970502727
0.0333603896103896 929.506925865253
0.033400974025974 929.043682755996
0.0334415584415584 928.578253055343
0.0334821428571429 928.110648687158
0.0335227272727273 927.640881613802
0.0335633116883117 927.16896383116
0.0336038961038961 926.694907363694
0.0336444805194805 926.218724259513
0.0336850649350649 925.740426585467
0.0337256493506494 925.260026422263
0.0337662337662338 924.777535859609
0.0338068181818182 924.292966991387
0.0338474025974026 923.806331910855
0.033887987012987 923.317642705883
0.0339285714285714 922.826911454223
0.0339691558441559 922.334150218813
0.0340097402597403 921.83937104312
0.0340503246753247 921.342585946525
0.0340909090909091 920.843806919743
0.0341314935064935 920.343045920291
0.0341720779220779 919.840314868
0.0342126623376623 919.335625640571
0.0342532467532468 918.828990069176
0.0342938311688312 918.320419934114
0.0343344155844156 917.809926960512
0.034375 917.297522814079
0.0344155844155844 916.783219096912
0.0344561688311688 916.267027343355
0.0344967532467532 915.748959015919
0.0345373376623377 915.229025501246
0.0345779220779221 914.707238106144
0.0346185064935065 914.18360805367
0.0346590909090909 913.658146479274
0.0346996753246753 913.130864427007
0.0347402597402597 912.601772845786
0.0347808441558442 912.070882585719
0.0348214285714286 911.538204394499
0.034862012987013 911.003748913851
0.0349025974025974 910.467526676052
0.0349431818181818 909.929548100506
0.0349837662337662 909.389823490393
0.0350243506493507 908.848363029374
0.0350649350649351 908.305176778366
0.0351055194805195 907.760274672383
0.0351461038961039 907.213666517439
0.0351866883116883 906.665361987522
0.0352272727272727 906.11537062163
0.0352678571428571 905.563701820877
0.0353084415584416 905.010364845662
0.035349025974026 904.455368812907
0.0353896103896104 903.89872269336
0.0354301948051948 903.340435308964
0.0354707792207792 902.780515330297
0.0355113636363636 902.218971274069
0.035551948051948 901.655811500694
0.0355925324675325 901.091044211919
0.0356331168831169 900.524677448529
0.0356737012987013 899.956719088106
0.0357142857142857 899.387176842858
0.0357548701298701 898.816058257513
0.0357954545454545 898.243370707273
0.035836038961039 897.669121395831
0.0358766233766234 897.093317353459
0.0359172077922078 896.515965435143
0.0359577922077922 895.937072318792
0.0359983766233766 895.356644503502
0.036038961038961 894.774688307877
0.0360795454545455 894.191209868421
0.0361201298701299 893.606215137971
0.0361607142857143 893.019709884201
0.0362012987012987 892.431699688175
0.0362418831168831 891.842189942963
0.0362824675324675 891.251185852301
0.036323051948052 890.658692429316
0.0363636363636364 890.064714495298
0.0364042207792208 889.469256678521
0.0364448051948052 888.872323413124
0.0364853896103896 888.27391893803
0.036525974025974 887.674047295927
0.0365665584415584 887.072712332282
0.0366071428571429 886.469917694411
0.0366477272727273 885.865666830597
0.0366883116883117 885.259962989238
0.0367288961038961 884.652809218054
0.0367694805194805 884.044208363325
0.0368100649350649 883.434163069173
0.0368506493506493 882.822675776887
0.0368912337662338 882.209748724276
0.0369318181818182 881.595383945068
0.0369724025974026 880.97958326834
0.037012987012987 880.362348317987
0.0370535714285714 879.743680512211
0.0370941558441558 879.123581063061
0.0371347402597403 878.502050975984
0.0371753246753247 877.879091049416
0.0372159090909091 877.254701874397
0.0372564935064935 876.628883834215
0.0372970779220779 876.001637104066
0.0373376623376623 875.372961650748
0.0373782467532468 874.742857232373
0.0374188311688312 874.111323398093
0.0374594155844156 873.478359487855
0.0375 872.843964632169
0.0375405844155844 872.20813775189
0.0375811688311688 871.570877558019
0.0376217532467533 870.932182551516
0.0376623376623377 870.292051023124
0.0377029220779221 869.650481053206
0.0377435064935065 869.007470511587
0.0377840909090909 868.363017057407
0.0378246753246753 867.717118138983
0.0378652597402597 867.069770993668
0.0379058441558442 866.420972647722
0.0379464285714286 865.770719916179
0.037987012987013 865.119009402719
0.0380275974025974 864.465837499537
0.0380681818181818 863.811200387208
0.0381087662337662 863.155094034556
0.0381493506493507 862.497514198508
0.0381899350649351 861.838456423949
0.0382305194805195 861.177916043567
0.0382711038961039 860.51588817769
0.0383116883116883 859.852367734111
0.0383522727272727 859.187349407899
0.0383928571428571 858.520827681205
0.0384334415584416 857.852796823043
0.038474025974026 857.183250889064
0.0385146103896104 856.512183721305
0.0385551948051948 855.839588947926
0.0385957792207792 855.165459982922
0.0386363636363636 854.489790025819
0.0386769480519481 853.812572061338
0.0387175324675325 853.133798859045
0.0387581168831169 852.453462972971
0.0387987012987013 851.771556741204
0.0388392857142857 851.088072285454
0.0388798701298701 850.40300151059
0.0389204545454545 849.716336104144
0.038961038961039 849.028067535785
0.0390016233766234 848.338187056753
0.0390422077922078 847.646685699269
0.0390827922077922 846.953554275901
0.0391233766233766 846.258783378893
0.039163961038961 845.562363379456
0.0392045454545455 844.864284427021
0.0392451298701299 844.164536448446
0.0392857142857143 843.463109147185
0.0393262987012987 842.759992002407
0.0393668831168831 842.055174268073
0.0394074675324675 841.348644971966
0.039448051948052 840.640392914671
0.0394886363636364 839.930406668504
0.0395292207792208 839.218674576393
0.0395698051948052 838.505184750704
0.0396103896103896 837.789925072014
0.039650974025974 837.072883187827
0.0396915584415584 836.354046511232
0.0397321428571429 835.63340221951
0.0397727272727273 834.910937252669
0.0398133116883117 834.186638311929
0.0398538961038961 833.460491858135
0.0398944805194805 832.732484110116
0.0399350649350649 832.002601042963
0.0399756493506494 831.270828386257
0.0400162337662338 830.537151622213
0.0400568181818182 829.801555983762
0.0400974025974026 829.064026452559
0.040137987012987 828.324547756915
0.0401785714285714 827.583104369654
0.0402191558441558 826.839680505895
0.0402597402597403 826.09426012075
0.0403003246753247 825.346826906947
0.0403409090909091 824.597364292369
0.0403814935064935 823.845855437499
0.0404220779220779 823.092283232798
0.0404626623376623 822.336630295973
0.0405032467532468 821.578878969171
0.0405438311688312 820.81901131607
0.0405844155844156 820.057009118886
0.040625 819.292853875272
0.0406655844155844 818.526526795127
0.0407061688311688 817.758008797301
0.0407467532467533 816.987280506195
0.0407873376623377 816.214322248262
0.0408279220779221 815.439114048392
0.0408685064935065 814.661635626192
0.0409090909090909 813.881866392153
0.0409496753246753 813.0997854437
0.0409902597402597 812.315371561122
0.0410308441558442 811.528603203389
0.0410714285714286 810.739458503837
0.041112012987013 809.947915265732
0.0411525974025974 809.153950957702
0.0411931818181818 808.357542709038
0.0412337662337662 807.558667304859
0.0412743506493507 806.757301181135
0.0413149350649351 805.953420419579
0.0413555194805195 805.147000742376
0.0413961038961039 804.338017506782
0.0414366883116883 803.526445699551
0.0414772727272727 802.712259931224
0.0415178571428571 801.895434430244
0.0415584415584416 801.075943036912
0.041599025974026 800.253759197176
0.0416396103896104 799.428855956242
0.0416801948051948 798.601205952012
0.0417207792207792 797.77078140834
0.0417613636363636 796.937554128096
0.0418019480519481 796.101495486049
0.0418425324675325 795.26257642154
0.0418831168831169 794.420767430965
0.0419237012987013 793.576038560043
0.0419642857142857 792.728359395875
0.0420048701298701 791.877699058783
0.0420454545454546 791.024026193928
0.042086038961039 790.167308962688
0.0421266233766234 789.307515033807
0.0421672077922078 788.4446115743
0.0422077922077922 787.578565240101
0.0422483766233766 786.70934216646
0.042288961038961 785.836907958068
0.0423295454545455 784.961227678915
0.0423701298701299 784.082265841861
0.0424107142857143 783.199986397925
0.0424512987012987 782.314352725269
0.0424918831168831 781.425327617878
0.0425324675324675 780.532873273926
0.042573051948052 779.636951283816
0.0426136363636364 778.737522617877
0.0426542207792208 777.83454761373
0.0426948051948052 776.927985963285
0.0427353896103896 776.017796699376
0.042775974025974 775.103938182012
0.0428165584415584 774.18636808425
0.0428571428571429 773.265043377648
0.0428977272727273 772.339920317311
0.0429383116883117 771.41095442651
0.0429788961038961 770.478100480848
0.0430194805194805 769.541312491976
0.0430600649350649 768.600543690832
0.0431006493506494 767.655746510395
0.0431412337662338 766.706872567927
0.0431818181818182 765.753872646701
0.0432224025974026 764.79669667718
0.043262987012987 763.83529371765
0.0433035714285714 762.869611934263
0.0433441558441559 761.899598580493
0.0433847402597403 760.925199975965
0.0434253246753247 759.946361484653
0.0434659090909091 758.963027492411
0.0435064935064935 757.975141383819
0.0435470779220779 756.982645518317
0.0435876623376623 755.98548120561
0.0436282467532468 754.983588680303
0.0436688311688312 753.976907075751
0.0437094155844156 752.965374397085
0.04375 751.948927493396
0.0437905844155844 750.927502029031
0.0438311688311688 749.90103245398
0.0438717532467532 748.869451973308
0.0439123376623377 747.832692515613
0.0439529220779221 746.790684700453
0.0439935064935065 745.743357804711
0.0440340909090909 744.690639727867
0.0440746753246753 743.632456956114
0.0441152597402597 742.56873452529
0.0441558441558442 741.499395982565
0.0441964285714286 740.424363346852
0.044237012987013 739.343557067864
0.0442775974025974 738.256895983795
0.0443181818181818 737.164297277535
0.0443587662337662 736.065676431389
0.0443993506493507 734.960947180215
0.0444399350649351 733.85002146293
0.0444805194805195 732.732809372307
0.0445211038961039 731.609219103001
0.0445616883116883 730.479156897712
0.0446022727272727 729.342526991424
0.0446428571428572 728.199231553625
0.0446834415584416 727.049170628419
0.044724025974026 725.892242072451
0.0447646103896104 724.728341490534
0.0448051948051948 723.557362168878
0.0448457792207792 722.379195005829
0.0448863636363636 721.193728439978
0.0449269480519481 720.000848375549
0.0449675324675325 718.800438104922
0.0450081168831169 717.592378228162
0.0450487012987013 716.376546569429
0.0450892857142857 715.152818090098
0.0451298701298701 713.921064798452
0.0451704545454545 712.681155655779
0.045211038961039 711.432956478706
0.0452516233766234 710.176329837568
0.0452922077922078 708.911134950642
0.0453327922077922 707.637227574034
0.0453733766233766 706.354459886995
0.045413961038961 705.062680372445
0.0454545454545455 703.761733692464
0.0454951298701299 702.451460558491
0.0455357142857143 701.131697595954
0.0455762987012987 699.802277203054
0.0456168831168831 698.463027403385
0.0456574675324675 697.113771692073
0.045698051948052 695.754328875087
0.0457386363636364 694.384512901358
0.0457792207792208 693.004132687301
0.0458198051948052 691.612991933355
0.0458603896103896 690.210888932066
0.045900974025974 688.79761636727
0.0459415584415584 687.372961103857
0.0459821428571429 685.936703967591
0.0460227272727273 684.488619514415
0.0460633116883117 683.028475788629
0.0461038961038961 681.556034069296
0.0461444805194805 680.07104860418
0.0461850649350649 678.573266330463
0.0462256493506494 677.062426581473
0.0462662337662338 675.538260778537
0.0463068181818182 674.000492107071
0.0463474025974026 672.448835175925
0.046387987012987 670.882995658921
0.0464285714285714 669.302669917475
0.0464691558441558 667.707544603065
0.0465097402597403 666.097296238283
0.0465503246753247 664.471590775014
0.0465909090909091 662.830083128286
0.0466314935064935 661.172416684117
0.0466720779220779 659.498222779634
0.0467126623376623 657.807120153544
0.0467532467532468 656.098714364921
0.0467938311688312 654.372597178083
0.0468344155844156 652.628345911154
0.046875 650.865522745726
0.0469155844155844 649.083673994768
0.0469561688311688 647.282329325751
0.0469967532467533 645.46100093563
0.0470373376623377 643.619182674081
0.0470779220779221 641.756349111033
0.0471185064935065 639.8719545442
0.0471590909090909 637.965431941927
0.0471996753246753 636.036191816204
0.0472402597402597 634.083621020265
0.0472808441558442 632.10708146461
0.0473214285714286 630.10590874473
0.047362012987013 628.07941067315
0.0474025974025974 626.026865707656
0.0474431818181818 623.947521266789
0.0474837662337662 621.840591922744
0.0475243506493506 619.70525746082
0.0475649350649351 617.54066079342
0.0476055194805195 615.345905715306
0.0476461038961039 613.120054485404
0.0476866883116883 610.862125218818
0.0477272727272727 608.571089070886
0.0477678571428571 606.24586719307
0.0478084415584416 603.885327438116
0.047849025974026 601.488280789305
0.0478896103896104 599.053477485571
0.0479301948051948 596.57960281089
0.0479707792207792 594.065272512404
0.0480113636363636 591.509027807287
0.0480519480519481 588.909329933265
0.0480925324675325 586.26455419179
0.0481331168831169 583.572983426126
0.0481737012987013 580.832800868763
0.0482142857142857 578.042082283544
0.0482548701298701 575.198787317371
0.0482954545454546 572.3007499641
0.048336038961039 569.345668029
0.0483766233766234 566.331091465358
0.0484172077922078 563.254409435187
0.0484577922077922 560.112835922803
0.0484983766233766 556.903393702604
0.048538961038961 553.622896429824
0.0485795454545455 550.267928584248
0.0486201298701299 546.834822950394
0.0486607142857143 543.319635261922
0.0487012987012987 539.718115570691
0.0487418831168831 536.025675819263
0.0487824675324675 532.237352996289
0.0488230519480519 528.347767132539
0.0488636363636364 524.351073245628
0.0489042207792208 520.240906156286
0.0489448051948052 516.010316868439
0.0489853896103896 511.651698916686
0.049025974025974 507.156702720836
0.0490665584415584 502.516135525202
0.0491071428571429 497.719843909727
0.0491477272727273 492.756575098769
0.0491883116883117 487.613812304164
0.0492288961038961 482.277578042061
0.0492694805194805 476.732197645986
0.0493100649350649 470.960012901999
0.0493506493506494 464.941032626206
0.0493912337662338 458.652502754611
0.0494318181818182 452.068372622975
0.0494724025974026 445.158625830008
0.049512987012987 437.888432249971
0.0495535714285714 430.217060589975
0.0495941558441559 422.096465494004
0.0496347402597403 413.469424868822
0.0496753246753247 404.267043931103
0.0497159090909091 394.405348760703
0.0497564935064935 383.780539428554
0.0497970779220779 372.262215688416
0.0498376623376623 359.683439051978
0.0498782467532468 345.825675699275
0.0499188311688312 330.395092437595
0.0499594155844156 312.983473584767
0.05 293
