0 964.724545086574
0.000416666666666667 964.724545086574
0.000833333333333333 964.724545086574
0.00125 964.724545086574
0.00166666666666667 964.724545086574
0.00208333333333333 964.724545086573
0.0025 964.724545086573
0.00291666666666667 964.724545086573
0.00333333333333333 964.724545086573
0.00375 964.724545086572
0.00416666666666667 964.724545086572
0.00458333333333333 964.724545086571
0.005 964.724545086569
0.00541666666666667 964.724545086564
0.00583333333333333 964.724545086554
0.00625 964.724545086532
0.00666666666666667 964.724545086481
0.00708333333333333 964.724545086368
0.0075 964.724545086121
0.00791666666666667 964.724545085587
0.00833333333333333 964.724545084447
0.00875 964.724545082051
0.00916666666666667 964.724545077077
0.00958333333333333 964.724545066895
0.01 964.72454504633
0.0104166666666667 964.72454500535
0.0108333333333333 964.724544924782
0.01125 964.724544768496
0.0116666666666667 964.724544469367
0.0120833333333333 964.724543904449
0.0125 964.724542851729
0.0129166666666667 964.724540915965
0.0133333333333333 964.724537403469
0.01375 964.724531114
0.0141666666666667 964.724520000301
0.0145833333333333 964.724500619941
0.015 964.724467266872
0.0154166666666667 964.724410617742
0.0158333333333333 964.72431565628
0.01625 964.724158543321
0.0166666666666667 964.723901975889
0.0170833333333333 964.723488422961
0.0175 964.72283043694
0.0179166666666667 964.721797021232
0.0183333333333333 964.720194794156
0.01875 964.717742443628
0.0191666666666667 964.714036741437
0.0195833333333333 964.708508216705
0.02 964.7003645227
0.0204166666666667 964.688519626166
0.0208333333333333 964.671507265943
0.02125 964.647377729161
0.0216666666666667 964.613577929508
0.0220833333333333 964.566816072325
0.0225 964.502913850099
0.0229166666666667 964.416651077093
0.0233333333333333 964.301609834808
0.02375 964.150027391641
0.0241666666666667 963.952669154732
0.0245833333333333 963.698734440803
0.025 963.375808628088
0.0254166666666667 962.969875000417
0.0258333333333333 962.465398099456
0.02625 961.845487541585
0.0266666666666667 961.09214704585
0.0270833333333333 960.186608032864
0.0275 959.109740932632
0.0279166666666667 957.842530775203
0.0283333333333333 956.366597336857
0.02875 954.664734732239
0.0291666666666667 952.721441509057
0.0295833333333333 950.523410538507
0.03 948.059948639368
0.0304166666666667 945.323299024548
0.0308333333333333 942.30884514518
0.03125 939.015181897158
0.0316666666666667 935.444048797359
0.0320833333333333 931.600128834943
0.0325 927.490725408055
0.0329166666666667 923.125337267944
0.0333333333333333 918.51515705287
0.03375 913.67252236024
0.0341666666666667 908.610349191031
0.0345833333333333 903.341576083662
0.035 897.878643649734
0.0354166666666667 892.233029027278
0.0358333333333333 886.414848581884
0.03625 880.432535643492
0.0366666666666667 874.292593750196
0.0370833333333333 867.999420255878
0.0375 861.555190573551
0.0379166666666667 854.959789933913
0.0383333333333333 848.210777340655
0.03875 841.303365262795
0.0391666666666667 834.230398272186
0.0395833333333333 826.982313988933
0.04 819.547069970057
0.0404166666666667 811.910020172666
0.0408333333333333 804.05372392503
0.04125 795.957668492018
0.0416666666666667 787.597882789346
0.0420833333333333 778.946413889909
0.0425 769.970628692961
0.0429166666666667 760.632289010113
0.0433333333333333 750.886327021138
0.04375 740.679215760299
0.0441666666666667 729.946779649286
0.0445833333333333 718.611212181625
0.045 706.576942394426
0.0454166666666667 693.724783461538
0.0458333333333333 679.903438524134
0.04625 664.916797232975
0.0466666666666667 648.504251238487
0.0470833333333333 630.308862141649
0.0475 609.823124340885
0.0479166666666667 586.290302463175
0.0483333333333333 558.509125534276
0.04875 524.400565803312
0.0491666666666667 479.876894586212
0.0495833333333333 415.023819844372
0.05 293
