0 973.094160699153
0.00440225453162812 973.094160699152
0.0062257280636469 973.094160699109
0.00762492851663023 973.094160698495
0.00880450906325624 973.094160693583
0.00984374038697697 973.094160665599
0.0107832773203438 973.094160539983
0.0116472706986951 973.09416006893
0.0124514561272938 973.09415853662
0.0132067635948844 973.094154098521
0.0139211511597426 973.094142434269
0.0146006265130522 973.094114215028
0.0152498570332605 973.09405066761
0.0158725544414289 973.093916278448
0.0164717281867254 973.093647453583
0.0170498584867618 973.093135780693
0.0176090181265125 973.092204476601
0.0181509604247567 973.090576698401
0.0186771841909407 973.087834687281
0.019188982627111 973.083369221236
0.0196874807739539 973.076319569272
0.0201736646196482 973.065505028742
0.0206484040339026 973.049350123069
0.0211124710564284 973.025806549435
0.0215665546406877 972.99227589072
0.0220112726581406 972.945537836181
0.022447181760574 972.881689095139
0.0228747855498907 972.796098263844
0.0232945413973903 972.683381577019
0.0237068661757721 972.537403739603
0.0241121411085206 972.351306927623
0.024510715897306 972.11756964242
0.0249029122545876 971.828095500901
0.0252890269429437 971.474330365293
0.0256693344027883 971.047404584973
0.0260440890346238 970.538295660417
0.0264135271897687 969.938005449169
0.0267778689138231 969.237745194953
0.027137319479402 968.429121222603
0.0274920707384579 967.504314119517
0.0278423023194852 966.456244603613
0.0281881826908166 965.278720014944
0.0285298701078728 963.966556397772
0.0288675134594813 962.515672381281
0.0292012530261044 960.923152432087
0.0295312211609309 959.187278451589
0.0298575429032105 957.307530043691
0.0301803365318927 955.284555012398
0.0304997140665209 953.120112708005
0.0308157817213968 950.816993685909
0.0311286403182345 948.378919751559
0.0314383856618506 945.810428833327
0.0317451088828578 943.116749261463
0.0320488967508359 940.303667956787
0.0323498319610315 937.377396777498
0.0326479933972705 934.34444087204
0.0329434563734508 931.211472378762
0.0332362928557127 927.985212237302
0.033526571667141 924.6723222684
0.0338143586766506 921.279309070069
0.0340997169735237 917.812440695762
0.0343827070289071 914.27767654555
0.034663386845444 910.680610429657
0.0349418120960854 907.026426364732
0.035218036253025 903.319866341404
0.0354921107076012 899.565209057175
0.0357640848819295 895.766258438026
0.0360340063329503 891.926340669028
0.0363019208495135 888.048308410692
0.0365678725430614 884.134550884525
0.0368319039324174 880.187008558667
0.0370940560231429 876.207191242936
0.0373543683818814 872.19619850321
0.0376128792060717 868.15474141957
0.0378696253893775 864.083164833919
0.0381246425831512 859.981469354942
0.0383779652542219 855.849332506363
0.0386296267392723 851.686128514868
0.0388796592960476 847.49094633403
0.0391280941516193 843.262605588321
0.0393749615479079 838.999670195803
0.0396202907846531 834.700459488873
0.0398641102600034 830.363056699569
0.040106447508885 825.985314709749
0.0403473292392965 821.564858987479
0.0405867813666645 817.099087639858
0.0408248290463863 812.585168509815
0.0410614967046734 808.020033230679
0.0412968080678053 803.400368127779
0.0415307861898904 798.722601820994
0.0417634534792278 793.98288933569
0.0419948317233546 789.177092471002
0.0422249421128568 784.300756102616
0.0424538052640202 779.34908001004
0.0426814412403868 774.31688571284
0.0429078695732826 769.198577672704
0.0431331092813754 763.988098062952
0.0433571788893179 758.678874117403
0.0435800964455283 753.263756836896
0.0438018795391567 747.734949541822
0.0440225453162812 742.0839243964
0.0442421104953784 736.301324572839
0.044460591382105 730.376849141299
0.0446780038834296 724.299117024033
0.0448943635211481 718.055505383561
0.0451096854448159 711.631956547888
0.0453239844441271 705.012745902099
0.0455372749607694 698.180200941128
0.0457495710997814 691.11435866147
0.045960886640438 683.79254434695
0.0461712350466872 676.188849096704
0.0463806294771608 668.273475432256
0.0465890827947805 660.011908901728
0.0467966075759788 651.363857050158
0.0470032161195529 642.28187269763
0.0472089204551707 632.709541674779
0.0474137323515443 622.579058490724
0.0476176633242867 611.807923887942
0.0478207246434677 600.294352783469
0.0480229273408816 587.910737056763
0.0482242822170412 574.494082894804
0.0484247998479093 559.831571045188
0.0486244905913812 543.637916011788
0.048823364593528 525.518218522866
0.049021431794612 504.903517818924
0.0492187019348849 480.930819271588
0.0494151845601762 452.198242208286
0.0496108890272843 416.198291275037
0.0498058245091752 367.740379592884
0.05 293
