0.00220112726581406 7.73254137016169e-14
0.00531399129763751 2.37349116323109e-11
0.00692532829013857 4.30344270144138e-10
0.00821471878994324 4.05296902943916e-09
0.00932412472511661 2.6000335335157e-08
0.0103135088536604 1.28067976389277e-07
0.0112152740095195 5.18047751117732e-07
0.0120493634129945 1.79586835265149e-06
0.0128291098610891 5.49291744974539e-06
0.0135639573773135 1.51380517360909e-05
0.0142608888363974 3.81862048272184e-05
0.0149252417731563 8.92466367861035e-05
0.0155612057373447 0.000195122600637038
0.0161721413140772 0.00040219204303915
0.0167607933367436 0.000786589698163853
0.0173294383066372 0.00146747188100697
0.0178799892756346 0.00262334825653751
0.0184140723078487 0.00451106159099945
0.0189330834090258 0.00748652055520464
0.0194382317005325 0.0120257955234507
0.0199305726968011 0.0187447398880438
0.0204110343267754 0.0284149710066416
0.0208804375451655 0.0419738998006465
0.021339512848558 0.0605265832526859
0.0217889136494141 0.0853375104655295
0.0222292272093573 0.117811010872611
0.0226609836552324 0.159459751830661
0.0230846634736405 0.211861704725505
0.0235007037865812 0.276606917601499
0.0239095036421464 0.35523634380925
0.0243114285029133 0.44917574897499
0.0247068140759468 0.559668275412033
0.0250959695987656 0.687709528978539
0.025479180672866 0.83398904118793
0.025856711718706 0.99884165171724
0.0262288081121963 1.18221178375248
0.0265956980517959 1.38363280070207
0.0269575941966125 1.60222270783772
0.0273146951089299 1.83669647498861
0.0276671865289716 2.08539428532762
0.0280152425051509 2.34632413237881
0.0283590263993447 2.61721645144914
0.028698691783677 2.8955879247997
0.0290343832427929 3.17881126524391
0.0293662370935177 3.46418766525713
0.0296943820320707 3.74901868585615
0.0300189397175516 4.03067462566953
0.0303400252992068 4.30665681983722
0.0306577478939589 4.57465182912068
0.0309722110198157 4.83257604840856
0.0312835129900426 5.07860984904493
0.0315917472723542 5.31122093398705
0.0318970028168468 5.52917709829687
0.0321993643559337 5.73154902709652
0.032498912679151 5.91770411429811
0.0327957248853607 6.08729254132459
0.0330898746145818 6.24022701577362
0.0333814322614268 6.37665764141968
0.0336704651718958 6.49694338329259
0.0339570378250872 6.60162151795711
0.0342412120012154 6.69137633415606
0.0345230469371756 6.76700818765619
0.0348025994707647 6.82940383079022
0.0350799241745552 6.87950874463988
0.0353550734803131 6.91830201109416
0.0356280977947654 6.94677408190592
0.0358990456074399 6.96590763886334
0.0361679635912319 6.9766615977125
0.0364348966962874 6.9799581907631
0.0366998882377394 6.97667297002335
0.0369629799777801 6.96762750340947
0.0372242122025122 6.95358448943162
0.0374836237939766 6.93524498828413
0.0377412522977246 6.91324745660839
0.0379971339862643 6.88816827629432
0.0382513039186865 6.86052348152131
0.0385037959967471 6.8307714099033
0.03875464301766 6.79931603059602
0.0390038767238335 6.7665107322001
0.0392515278497636 6.73266238448169
0.0394976261662805 6.69803551875644
0.0397422005223282 6.66285650120353
0.0399852788844442 6.62731760048641
0.0402268883740907 6.59158087544798
0.0404670553029805 6.55578182995555
0.0407058052065254 6.52003280017083
0.0409431628755299 6.48442605465218
0.0411791523862394 6.44903659994
0.0414137971288478 6.41392469390229
0.0416471198345591 6.37913807638539
0.0418791426012912 6.3447139319676
0.0421098869181057 6.31068060316194
0.0423393736884385 6.27705907452655
0.0425676232522035 6.24386424915961
0.0427946554068347 6.21110603915554
0.043020489427329 6.17879029106705
0.0432451440853466 6.1469195663884
0.0434686376674231 6.11549379574405
0.0436909879923425 6.08451082391952
0.0439122124277189 6.05396686126284
0.0441323279058298 6.02385685531846
0.0443513509387417 5.99417479496926
0.0445692976327673 5.96491395781925
0.0447861837022889 5.93606711014498
0.045002024482982 5.90762666742918
0.0452168349444715 5.87958482233423
0.0454306297024482 5.8519336459178
0.0456434230302754 5.8246651669884
0.0458552288701097 5.79777143369148
0.0460660608435626 5.77124456073602
0.046275932261924 5.74507676507656
0.0464848561359706 5.71926039236862
0.0466928451853797 5.69378793609428
0.0468999118477658 5.66865205089824
0.0471060682873618 5.64384556138662
0.0473113264033575 5.61936146739169
0.0475156978379155 5.59519294651138
0.0477191939838772 5.57133335456561
0.0479218259921747 5.54777622447952
0.0481236047789614 5.52451526399825
0.0483245410324753 5.50154435254708
0.0485246452196453 5.47885753748528
0.0487239275924546 5.45644902994414
0.04892239819407 5.43431320039809
0.0491200668647484 5.41244457407909
0.0493169432475306 5.39083782632198
0.0495130367937303 5.36948777790319
0.0497083567682298 5.34838939042055
0.0499029122545876 5.32753776174837
