0 976.130108456248
0.00135931811956759 976.130108456248
0.00192236612027198 976.130108456248
0.00235440804674006 976.130108456248
0.00271863623913518 976.130108456248
0.00303952771840032 976.130108456248
0.00332963579106013 976.130108456248
0.00359641769699981 976.130108456248
0.00384473224054396 976.130108456248
0.00407795435870278 976.130108456248
0.00429854132257069 976.130108456248
0.00450834817333716 976.130108456248
0.00470881609348011 976.130108456248
0.00490109117976824 976.130108456247
0.00508610268305575 976.130108456246
0.00526461643928327 976.130108456244
0.00543727247827037 976.130108456242
0.00560461218579316 976.130108456239
0.00576709836081594 976.130108456235
0.00592513031531887 976.130108456229
0.00607905543680065 976.130108456222
0.00622917817644352 976.130108456213
0.00637576713063338 976.130108456201
0.00651906068803243 976.130108456184
0.00665927158212027 976.130108456163
0.00679659059783796 976.130108456137
0.0069311896168554 976.130108456103
0.00706322414022017 976.13010845606
0.00719283539399962 976.130108456007
0.00732015209919565 976.13010845594
0.00744529196912675 976.130108455856
0.00756836298387756 976.130108455752
0.00768946448108793 976.130108455625
0.0078086880944303 976.130108455467
0.0079261185649902 976.130108455275
0.00804183444597482 976.130108455041
0.00815590871740555 976.130108454757
0.00826840932446118 976.130108454413
0.00837939965075192 976.130108453999
0.00848893893588629 976.1301084535
0.00859708264514137 976.130108452904
0.00870388279778489 976.130108452191
0.00880938825956494 976.130108451343
0.00891364500403428 976.130108450336
0.00901669634667432 976.130108449144
0.00911858315520097 976.130108447736
0.00921934403894874 976.130108446078
0.00931901551982206 976.13010844413
0.00941763218696022 976.130108441846
0.00951522683697315 976.130108439174
0.00961183060135991 976.130108436056
0.00970747306251341 976.130108432425
0.00980218235953649 976.130108428205
0.00989598528494223 976.130108423312
0.0099889073731804 976.130108417648
0.0100809729818189 976.130108411106
0.0101722053661115 976.130108403563
0.0102626267475989 976.130108394883
0.0103522583773164 976.130108384911
0.0104411205941174 976.130108373476
0.0105292328785665 976.130108360385
0.0106166139028068 976.130108345423
0.0107032815767621 976.13010832835
0.0107892530909994 976.130108308899
0.0108745449565407 976.130108286775
0.0109591730418864 976.130108261646
0.0110431526074847 976.130108233147
0.011126498337859 976.130108200872
0.0112092243715863 976.130108164374
0.0112913443292971 976.130108123156
0.0113728713398567 976.130108076671
0.011453818064869 976.130108024314
0.0115341967216319 976.130107965421
0.0116140191046635 976.13010789926
0.0116932966059052 976.130107825026
0.0117720402337003 976.130107741835
0.0118502606306377 976.130107648717
0.0119279680903424 976.130107544611
0.0120051725732874 976.130107428352
0.0120818837216966 976.130107298669
0.0121581108736013 976.13010715417
0.0122338630761083 976.130106993338
0.0123091490979333 976.130106814518
0.0123839774412479 976.130106615905
0.012458356352887 976.130106395534
0.0125322938349572 976.13010615127
0.0126057976548845 976.130105880788
0.0126788753549388 976.130105581569
0.0127515342612668 976.130105250874
0.0128237814924633 976.130104885737
0.0128956239677121 976.130104482943
0.0129670684145189 976.130104039014
0.0130381213760649 976.130103550187
0.0131087892181995 976.130103012394
0.0131790781360977 976.130102421245
0.0132489941605978 976.130101771999
0.0133185431642405 976.130101059546
0.0133877308670261 976.130100278378
0.0134565628419039 976.130099422567
0.0135250445200115 976.130098485731
0.0135931811956759 976.130097461009
0.0136609780311902 976.130096341029
0.013728440061378 976.130095117874
0.0137955721979566 976.130093783048
0.0138623792337108 976.13009232744
0.0139288658464859 976.130090741288
0.0139950366030099 976.130089014133
0.0140608959625541 976.130087134782
0.0141264482804403 976.130085091264
0.0141916978114016 976.130082870779
0.014256648712805 976.130080459652
0.014321305047743 976.130077843284
0.0143856707879992 976.130075006094
0.0144497498168958 976.130071931468
0.0145135459320272 976.130068601694
0.0145770628478871 976.130064997908
0.0146403041983913 976.130061100025
0.0147032735393047 976.130056886672
0.0147659743505738 976.130052335122
0.0148284100385708 976.130047421217
0.0148905839382535 976.130042119292
0.0149524993152435 976.1300364021
0.0150141593678282 976.130030240725
0.0150755672288882 976.130023604495
0.0151367259677551 976.130016460898
0.0151976385920016 976.130008775483
0.0152583080491672 976.130000511764
0.0153187372284228 976.129991631122
0.0153789289621759 976.129982092697
0.0154388860276199 976.129971853282
0.0154986111482294 976.129960867204
0.0155581069952037 976.129949086216
0.0156173761888606 976.129936459365
0.0156764212999835 976.129922932874
0.0157352448511219 976.129908450008
0.0157938493178498 976.129892950936
0.0158522371299804 976.129876372597
0.0159104106727424 976.129858648549
0.0159683722879165 976.12983970882
0.0160261242749357 976.129819479756
0.0160836688919496 976.129797883858
0.0161410083568547 976.129774839617
0.0161981448482917 976.12975026134
0.0162550805066115 976.12972405898
0.0163118174348111 976.129696137945
0.0163683576994393 976.129666398917
0.0164247033314753 976.129634737657
0.0164808563271804 976.129601044801
0.0165368186489224 976.129565205659
0.0165925922259764 976.129527100002
0.0166481789553007 976.129486601842
0.0167035807022896 976.129443579209
0.0167587993015038 976.129397893922
0.0168138365573795 976.12934940135
0.0168686942449158 976.129297950167
0.0169233741103434 976.129243382105
0.0169778778717726 976.129185531696
0.0170322072198236 976.129124226006
0.0170863638182381 976.129059284366
0.0171403493044739 976.128990518097
0.0171941652902827 976.12891773022
0.0172478133622714 976.12884071517
0.0173012950824478 976.128759258492
0.0173546119887515 976.128673136542
0.0174077655955698 976.128582116167
0.0174607573942395 976.128485954389
0.0175135888535352 976.128384398077
0.0175662614201445 976.128277183611
0.0176187765191299 976.128164036538
0.0176711355543787 976.128044671229
0.0177233399090412 976.127918790513
0.0177753909459566 976.12778608532
0.0178272900080686 976.127646234304
0.0178790384188291 976.127498903468
0.0179306374825925 976.127343745771
0.0179820884849991 976.127180400741
0.0180333926933486 976.127008494066
0.018084551356965 976.126827637189
0.0181355657075507 976.126637426892
0.0181864369595332 976.126437444868
0.0182371663104019 976.126227257292
0.0182877549410376 976.12600641438
0.0183382040160325 976.125774449948
0.0183885146840035 976.125530880951
0.0184386880778975 976.125275207027
0.0184887253152883 976.125006910031
0.018538627498668 976.124725453554
0.0185883957157296 976.124430282445
0.0186380310396441 976.124120822322
0.0186875345293306 976.123796479077
0.0187369072297193 976.123456638371
0.0187861501720095 976.123100665127
0.0188352643739204 976.122727903015
0.018884250839937 976.122337673926
0.0189331105615492 976.121929277449
0.0189818445174865 976.121501990335
0.0190304536739463 976.121055065954
0.0190789389848178 976.120587733749
0.0191273013919002 976.12009919869
0.0191755418251159 976.119588640707
0.0192236612027198 976.119055214134
0.0192716604315025 976.11849804714
0.0193195404069901 976.117916241151
0.0193673020136391 976.117308870277
0.0194149461250268 976.116674980727
0.0194624736040381 976.116013590222
0.0195098853030474 976.115323687403
0.0195571820640973 976.114604231237
0.019604364719073 976.113854150415
0.0196514340898729 976.113072342752
0.0196983909885758 976.112257674578
0.0197452362176042 976.111408980131
0.0197919705698845 976.110525060942
0.0198385948290033 976.109604685224
0.0198851097693611 976.108646587251
0.019931516156322 976.107649466742
0.0199778147463608 976.106611988235
0.0200240062872068 976.105532780471
0.0200700915179847 976.104410435766
0.0201160711693528 976.103243509387
0.0201619459636378 976.102030518927
0.0202077166149675 976.100769943681
0.0202533838294005 976.099460224018
0.0202989483050528 976.098099760756
0.020344410732223 976.096686914539
0.0203897717935139 976.095220005214
0.0204350321639522 976.093697311205
0.0204801925111056 976.092117068895
0.0205252534951978 976.090477472009
0.0205702157692211 976.088776670992
0.0206150799790468 976.087012772401
0.0206598467635334 976.085183838293
0.0207045167546327 976.083287885616
0.0207490905774941 976.081322885607
0.0207935688505662 976.079286763192
0.0208379521856977 976.077177396391
0.0208822411882347 976.07499261573
0.0209264364571179 976.072730203654
0.0209705385849762 976.070387893949
0.0210145481582203 976.067963371169
0.0210584657571331 976.065454270067
0.021102291955959 976.062858175039
0.0211460273229918 976.060172619571
0.0211896724206605 976.057395085688
0.0212332278056137 976.054523003423
0.0212766940288023 976.051553750286
0.021320071635561 976.048484650742
0.0213633611656883 976.045312975703
0.0214065631535243 976.042035942023
0.0214496781280281 976.038650712009
0.0214927066128534 976.035154392935
0.0215356491264224 976.031544036577
0.0215785061819989 976.027816638748
0.0216212782877597 976.023969138854
0.0216639659468651 976.01999841945
0.0217065696575281 976.015901305825
0.0217490899130815 976.011674565582
0.0217915272020455 976.00731490824
0.0218338820081925 976.002818984854
0.0218761548106119 975.998183387636
0.0219183460837729 975.993404649598
0.0219604562975869 975.988479244211
0.0220024859174688 975.983403585075
0.0220444354043962 975.978174025604
0.0220863052149693 975.972786858726
0.0221280958014684 975.967238316603
0.0221698076119111 975.961524570365
0.0222114410901079 975.955641729854
0.0222529966757181 975.9495858434
0.0222944748043031 975.943352897595
0.0223358759073802 975.9369388171
0.0223772004124751 975.930339464463
0.0224184487431726 975.923550639953
0.0224596213191684 975.91656808142
0.0225007185563179 975.909387464164
0.0225417408666858 975.90200440083
0.0225826886585942 975.894414441322
0.0226235623366698 975.886613072729
0.0226643623018908 975.878595719282
0.0227050889516327 975.870357742319
0.0227457426797134 975.861894440282
0.0227863238764379 975.853201048724
0.0228268329286414 975.844272740344
0.0228672702197331 975.835104625039
0.022907636129738 975.825691749978
0.0229479310353387 975.816029099698
0.0229881553099166 975.80611159622
0.0230283093235919 975.795934099188
0.0230683934432638 975.785491406031
0.0231084080326491 975.774778252142
0.0231483534523211 975.763789311084
0.0231882300597473 975.752519194816
0.023228038209327 975.740962453944
0.0232677782524275 975.729113577988
0.0233074505374209 975.716966995681
0.0233470554097194 975.704517075282
0.0233865932118103 975.691758124918
0.0234260642832909 975.678684392942
0.0234654689609022 975.665290068322
0.0235048075785625 975.651569281049
0.0235440804674006 975.637516102563
0.023583287955788 975.623124546214
0.0236224303693714 975.608388567733
0.0236615080311037 975.593302065735
0.0237005212612755 975.577858882239
0.0237394703775454 975.56205280322
0.0237783556949706 975.545877559167
0.0238171775260362 975.529326825688
0.0238559361806849 975.512394224111
0.0238946319663454 975.495073322132
0.0239332651879613 975.47735763447
0.0239718361480189 975.459240623546
0.0240103451465748 975.440715700196
0.0240487924812834 975.421776224392
0.0240871784474234 975.402415505995
0.0241255033379245 975.382626805522
0.0241637674433932 975.362403334945
0.024201971052139 975.341738258503
0.0242401144501992 975.320624693539
0.0242781979213644 975.299055711361
0.0243162217472026 975.277024338117
0.0243541862070838 975.254523555699
0.0243920915782041 975.231546302664
0.024429938135609 975.208085475174
0.0244677261522167 975.184133927959
0.0245054558988412 975.1596844753
0.0245431276442151 975.13472989203
0.0245807416550116 975.109262914558
0.0246182981958665 975.083276241906
0.0246557975294005 975.056762536769
0.0246932399162397 975.029714426599
0.0247306256150377 975.002124504693
0.0247679548824958 974.973985331316
0.0248052279733836 974.945289434827
0.0248424451405596 974.916029312834
0.0248796066349912 974.886197433354
0.0249167127057741 974.855786236003
0.024953763600152 974.824788133192
0.0249907595635358 974.793195511345
0.0250277008395226 974.761000732123
0.0250645876699144 974.728196133678
0.0251014202947365 974.69477403191
0.0251381989522558 974.66072672174
0.0251749238789987 974.626046478404
0.0252115953097689 974.590725558748
0.0252482134776651 974.554756202549
0.0252847786140977 974.51813063384
0.0253212909488066 974.480841062248
0.0253577507098777 974.442879684349
0.0253941581237592 974.404238685028
0.0254305134152787 974.364910238851
0.0254668168076589 974.324886511453
0.0255030685225335 974.284159660924
0.0255392687799636 974.24272183922
0.0255754177984527 974.200565193565
0.0256115157949621 974.15768186788
0.0256475629849267 974.114064004202
0.0256835595822691 974.069703744122
0.0257195057994151 974.024593230226
0.0257554018473083 973.978724607545
0.0257912479354241 973.932090025005
0.0258270442717843 973.884681636887
0.0258627910629709 973.836491604289
0.0258984885141406 973.787512096597
0.0259341368290379 973.737735292953
0.0259697362100088 973.687153383732
0.0260052868580146 973.635758572017
0.0260407889726447 973.58354307508
0.0260762427521297 973.530499125861
0.0261116483933547 973.476618974452
0.0261470060918715 973.42189488958
0.0261823160419118 973.366319160086
0.026217578436399 973.309884096413
0.0262527934669612 973.252582032079
0.0262879613239427 973.194405325166
0.0263230821964163 973.135346359789
0.0263581562721954 973.075397547576
0.0263931837378453 973.014551329136
0.0264281647786948 972.952800175533
0.0264630995788481 972.890136589743
0.0264979883211955 972.826553108117
0.0265328311874251 972.762042301834
0.0265676283580335 972.69659677835
0.0266023800123367 972.63020918284
0.0266370863284811 972.562872199632
0.0266717474834541 972.494578553638
0.0267063636530944 972.425321011771
0.0267409350121028 972.35509238436
0.0267754617340522 972.283885526553
0.0268099439913976 972.211693339708
0.0268443819554867 972.138508772784
0.0268787757965694 972.06432482371
0.0269131256838077 971.989134540753
0.0269474317852855 971.912931023867
0.0269816942680181 971.835707426037
0.0270159132979617 971.75745695461
0.027050089040023 971.678172872606
0.0270842216580679 971.597848500029
0.0271183113149315 971.516477215153
0.0271523581724263 971.434052455801
0.0271863623913518 971.350567720608
0.0272203241315032 971.266016570268
0.0272542435516798 971.180392628769
0.0272881208096942 971.093689584611
0.0273219560623805 971.005901192006
0.0273557494656029 970.917021272068
0.0273895011742642 970.827043713979
0.0274232113423137 970.735962476143
0.0274568801227559 970.643771587322
0.0274905076676582 970.550465147754
0.027524094128159 970.456037330251
0.0275576396544759 970.360482381282
0.0275911443959131 970.263794622037
0.0276246085008695 970.165968449471
0.0276580321168462 970.066998337325
0.0276914153904542 969.966878837138
0.0277247584674216 969.865604579226
0.0277580614926016 969.763170273652
0.0277913246099792 969.659570711169
0.0278245479626789 969.554800764145
0.0278577316929718 969.448855387466
0.0278908759422825 969.341729619421
0.0279239808511963 969.233418582557
0.0279570465594662 969.123917484525
0.0279900732060197 969.013221618894
0.0280230609289658 968.901326365947
0.0280560098656012 968.788227193455
0.0280889201524177 968.67391965743
0.0281217919251082 968.558399402848
0.0281546253185737 968.441662164359
0.0281874204669291 968.323703766968
0.0282201775035105 968.204520126697
0.0282528965608807 968.084107251216
0.0282855777708359 967.962461240463
0.0283182212644119 967.83957828723
0.02835082717189 967.715454677728
0.0283833956228032 967.590086792133
0.0284159267459421 967.463471105102
0.0284484206693611 967.335604186268
0.028480877520384 967.206482700713
0.0285132974256101 967.076103409415
0.0285456805109194 966.944463169667
0.0285780269014792 966.811558935482
0.0286103367217489 966.677387757963
0.0286426100954861 966.541946785658
0.0286748471457517 966.405233264884
0.028707047994916 966.267244540029
0.0287392127646634 966.127978053835
0.0287713415759985 965.987431347648
0.0288034345492506 965.845602061648
0.0288354918040797 965.702487935061
0.0288675134594813 965.558086806334
0.0288994996337916 965.4123966133
0.0289314504446926 965.265415393308
0.0289633660092174 965.117141283335
0.0289952464437548 964.967572520076
0.0290270918640545 964.816707440001
0.029058902385232 964.664544479401
0.0290906781217734 964.511082174402
0.0291224191875402 964.356319160956
0.0291541256957741 964.200254174814
0.0291857977591016 964.042886051469
0.0292174354895389 963.884213726085
0.0292490389984962 963.724236233393
0.0292806083967826 963.562952707571
0.0293121437946105 963.400362382098
0.0293436453015999 963.236464589592
0.0293751130267832 963.071258761615
0.0294065470786095 962.904744428467
0.0294379475649485 962.736921218949
0.0294693145930957 962.567788860113
0.0295006482697759 962.397347176984
0.0295319487011476 962.225596092262
0.0295632159928077 962.052535626004
0.0295944502497949 961.878165895289
0.0296256515765944 961.702487113853
0.0296568200771417 961.525499591712
0.0296879558548267 961.347203734764
0.0297190590124977 961.167600044365
0.0297501296524655 960.986689116891
0.029781167876507 960.804471643284
0.0298121737858694 960.620948408564
0.0298431474812738 960.436120291343
0.0298740890629195 960.249988263302
0.029904998630487 960.062553388659
0.0299358762831425 959.873816823621
0.0299667221195412 959.68377981581
0.029997536237831 959.492443703675
0.0300283187356563 959.299809915894
0.0300590697101616 959.105879970746
0.0300897892579948 958.910655475476
0.0301204774753111 958.714138125641
0.0301511344577764 958.516329704441
0.0301817603005705 958.317232082028
0.0302123550983911 958.116847214811
0.0302429189454567 957.915177144734
0.0302734519355102 957.712223998549
0.0303039541618224 957.507989987068
0.0303344257171949 957.302477404403
0.030364866693964 957.095688627193
0.0303952771840032 956.887626113814
0.0304256572787273 956.678292403584
0.0304560070690949 956.467690115944
0.0304863266456118 956.255821949634
0.0305166160983345 956.042690681856
0.0305468755168726 955.828299167421
0.0305771049903927 955.612650337892
0.0306073046076207 955.395747200705
0.0306374744568456 955.177592838288
0.0306676146259218 954.958190407169
0.0306977252022725 954.737543137066
0.0307278062728926 954.515654329979
0.0307578579243517 954.292527359259
0.0307878802427967 954.068165668677
0.0308178733139549 953.842572771487
0.030847837223137 953.615752249464
0.0308777720552397 953.387707751956
0.0309076778947486 953.158442994909
0.0309375548257407 952.927961759896
0.0309674029318879 952.696267893135
0.0309972222964588 952.4633653045
0.0310270130023221 952.229257966522
0.0310567751319491 951.993949913392
0.0310865087674161 951.757445239952
0.0311162139904073 951.51974810068
0.0311458908822176 951.280862708673
0.0311755395237547 951.040793334622
0.031205159995542 950.799544305785
0.0312347523777212 950.557120004955
0.0312643167500546 950.313524869422
0.0312938531919278 950.068763389932
0.0313233617823521 949.822840109646
0.0313528425999669 949.575759623091
0.0313822957230424 949.327526575112
0.0314117212294817 949.078145659818
0.0314411191968234 948.827621619529
0.0314704897022439 948.575959243723
0.0314998328225599 948.323163367972
0.0315291486342307 948.069238872888
0.0315584372133601 947.814190683063
0.0315876986356996 947.558023766005
0.0316169329766498 947.300743131082
0.031646140311263 947.042353828458
0.0316753207142459 946.782860948031
0.0317044742599608 946.522269618376
0.0317336010224289 946.260585005683
0.0317627010753318 945.9978123127
0.031791774492014 945.733956777674
0.0318208213454847 945.469023673294
0.0318498417084205 945.20301830564
0.0318788356531669 944.93594601313
0.031907803251741 944.667812165468
0.031936744575833 944.398622162601
0.0319656596968087 944.128381433667
0.0319945486857115 943.857095435964
0.0320234116132643 943.584769653903
0.0320522485498714 943.311409597976
0.032081059565621 943.037020803726
0.0321098447302864 942.761608830722
0.032138604113329 942.485179261529
0.0321673377838993 942.207737700698
0.0321960458108392 941.929289773747
0.0322247282626843 941.649841126152
0.0322533852076651 941.369397422345
0.0322820167137094 941.087964344715
0.0323106228484441 940.805547592613
0.0323392036791969 940.522152881365
0.0323677592729983 940.23778594129
0.0323962896965833 939.952452516726
0.0324247950163935 939.666158365056
0.0324532752985784 939.378909255748
0.0324817306089978 939.090710969397
0.0325101610132231 938.801569296773
0.0325385665765392 938.511490037881
0.0325669473639465 938.220479001021
0.0325953034401621 937.928542001861
0.0326236348696222 937.635684862515
0.0326519417164832 937.341913410626
0.0326802240446237 937.047233478463
0.0327084819176461 936.751650902018
0.0327367153988785 936.455171520116
0.0327649245513759 936.157801173533
0.0327931094379222 935.85954570412
0.0328212701210316 935.560410953936
0.0328494066629507 935.260402764388
0.0328775191256593 934.959526975383
0.0329056075708727 934.657789424484
0.0329336720600431 934.355195946081
0.0329617126543608 934.051752370564
0.0329897294147562 933.747464523507
0.0330177224019013 933.442338224865
0.033045691676211 933.136379288174
0.0330736372978447 932.829593519765
0.033101559326708 932.521986717984
0.033129457822454 932.213564672422
0.0331573328444847 931.904333163157
0.0331851844519527 931.594297960002
0.0332130127037628 931.283464821765
0.0332408176585729 930.971839495514
0.0332685993747961 930.65942771586
0.0332963579106013 930.346235204241
0.0333240933239158 930.032267668222
0.0333518056724255 929.717530800801
0.0333794950135771 929.402030279725
0.0334071614045792 929.085771766819
0.0334348049024036 928.768760907323
0.0334624255637868 928.451003329235
0.0334900234452315 928.132504642674
0.0335175986030077 927.813270439241
0.033545151093154 927.493306291398
0.0335726809714791 927.172617751855
0.0336001882935631 926.851210352965
0.033627673114759 926.529089606134
0.0336551354901933 926.206261001235
0.0336825754747681 925.882730006035
0.0337099931231621 925.558502065632
0.0337373884898316 925.233582601906
0.0337647616290121 924.907977012968
0.0337921125947194 924.581690672633
0.0338194414407508 924.2547289299
0.0338467482206867 923.927097108428
0.0338740329878913 923.598800506043
0.0339012957955139 923.269844394244
0.0339285366964907 922.940234017716
0.0339557557435451 922.609974593857
0.0339829529891898 922.279071312321
0.0340101284857271 921.947529334556
0.0340372822852509 921.61535379337
0.0340644144396471 921.282549792489
0.0340915250005954 920.949122406139
0.0341186140195701 920.615076678628
0.0341456815478413 920.280417623944
0.0341727276364761 919.945150225362
0.0341997523363395 919.609279435052
0.034226755698096 919.272810173713
0.0342537377722101 918.935747330198
0.0342806986089478 918.598095761164
0.0343076382583777 918.25986029072
0.0343345567703718 917.921045710093
0.0343614541946069 917.581656777297
0.0343883305805655 917.241698216815
0.0344151859775367 916.901174719288
0.0344420204346177 916.560090941213
0.0344688340007145 916.218451504654
0.0344956267245429 915.876260996956
0.0345223986546297 915.533523970472
0.0345491498393139 915.190244942298
0.0345758803267473 914.846428394014
0.0346025901648957 914.502078771441
0.0346292794015399 914.157200484396
0.034655948084277 913.811797906465
0.0346825962605208 913.46587537478
0.0347092239775031 913.119437189804
0.0347358312822748 912.772487615127
0.0347624182217067 912.425030877265
0.0347889848424904 912.077071165478
0.0348155311911396 911.72861263158
0.0348420573139905 911.379659389772
0.0348685632572032 911.030215516472
0.0348950490667626 910.680285050164
0.0349215147884789 910.329871991239
0.0349479604679892 909.978980301863
0.0349743861507578 909.627613905833
0.0350007918820775 909.275776688455
0.0350271777070704 908.923472496424
0.0350535436706886 908.57070513771
0.0350798898177155 908.217478381452
0.0351062161927663 907.863795957859
0.035132522840289 907.509661558124
0.0351588098045655 907.155078834332
0.0351850771297122 906.800051399386
0.0352113248596809 906.444582826937
0.0352375530382597 906.088676651318
0.035263761709074 905.732336367487
0.035289950915587 905.375565430974
0.0353161207011008 905.018367257839
0.0353422711087574 904.660745224628
0.035368402181539 904.302702668347
0.0353945139622693 903.94424288643
0.0354206064936142 903.585369136719
0.0354466798180824 903.226084637453
0.0354727339780264 902.866392567253
0.0354987690156436 902.506296065123
0.0355247849729763 902.145798230451
0.0355507818919132 901.784902123016
0.0355767598141901 901.423610763002
0.0356027187813902 901.061927131013
0.0356286588349455 900.699854168102
0.0356545800161371 900.337394775794
0.0356804823660963 899.974551816122
0.0357063659258051 899.611328111667
0.0357322307360971 899.247726445597
0.0357580768376582 898.883749561719
0.0357839042710273 898.519400164529
0.0358097130765974 898.154680919269
0.0358355032946158 897.789594451989
0.035861274965185 897.424143349615
0.0358870281282637 897.058330160015
0.0359127628236672 896.692157392074
0.0359384790910684 896.325627515776
0.0359641769699981 895.95874296228
0.0359898564998463 895.591506124011
0.0360155177198623 895.223919354748
0.0360411606691557 894.855984969717
0.0360667853866973 894.487705245686
0.0360923919113193 894.119082421072
0.0361179802817164 893.750118696038
0.0361435505364461 893.380816232605
0.03616910271393 893.011177154758
0.0361946368524538 892.641203548564
0.0362201529901682 892.270897462287
0.0362456511650898 891.900260906508
0.0362711314151015 891.529295854245
0.0362965937779531 891.158004241084
0.0363220382912624 890.786387965301
0.0363474649925151 890.414448887995
0.0363728739190664 890.042188833226
0.0363982651081406 889.66960958814
0.0364236385968325 889.29671290312
0.0364489944221079 888.923500491917
0.0364743326208039 888.549974031796
0.0364996532296298 888.176135163681
0.0365249562851676 887.801985492302
0.036550241823873 887.427526586343
0.0365755098820751 887.052759978595
0.0366007604959782 886.677687166105
0.0366259937016615 886.302309610335
0.0366512095350799 885.926628737313
0.0366764080320649 885.550645937797
0.036701589228325 885.174362567427
0.0367267531594461 884.797779946894
0.0367518998608925 884.420899362095
0.0367770293680071 884.0437220643
0.0368021417160121 883.666249270316
0.0368272369400098 883.288482162654
0.0368523150749829 882.910421889696
0.0368773761557949 882.532069565862
0.0369024202171914 882.153426271778
0.0369274472937998 881.774493054451
0.0369524574201304 881.395270927434
0.0369774506305766 881.015760871004
0.037002426959416 880.635963832327
0.0370273864408103 880.255880725639
0.0370523291088062 879.875512432414
0.0370772549973359 879.494859801542
0.0371021641402177 879.1139236495
0.0371270565711563 878.732704760533
0.0371519323237436 878.351203886824
0.0371767914314591 877.969421748672
0.0372016339276704 877.587359034671
0.0372264598456337 877.205016401881
0.0372512692184946 876.822394476011
0.0372760620792882 876.439493851589
0.0373008384609399 876.056315092144
0.0373255983962658 875.672858730382
0.0373503419179732 875.289125268358
0.0373750690586611 874.905115177661
0.037399779850821 874.520828899582
0.0374244743268367 874.136266845296
0.0374491525189856 873.751429396034
0.0374738144594386 873.366316903264
0.0374984601802609 872.98092968886
0.0375230897134124 872.595268045282
0.0375477030907482 872.209332235748
0.037572300344019 871.823122494408
0.0375968815048716 871.436639026519
0.0376214466048494 871.049882008617
0.0376459956753932 870.662851588691
0.0376705287478409 870.275547886351
0.0376950458534287 869.887970993004
0.0377195470232912 869.500120972021
0.037744032288462 869.111997858906
0.037768501679874 868.723601661467
0.0377929552283601 868.334932359986
0.0378173929646534 867.945989907378
0.0378418149193878 867.556774229368
0.0378662211230984 867.167285224647
0.0378906116062221 866.77752276504
0.0379149863990976 866.387486695672
0.0379393455319664 865.997176835125
0.0379636890349729 865.606592975602
0.037988016938165 865.215734883087
0.0380123292714942 864.824602297504
0.0380366260648165 864.433194932875
0.0380609073478926 864.041512477473
0.0380851731503882 863.649554593983
0.0381094235018746 863.257320919652
0.0381336584318292 862.864811066443
0.0381578779696356 862.472024621187
0.0381820821445844 862.078961145733
0.0382062709858731 861.685620177096
0.0382304445226073 861.292001227605
0.0382546027838003 860.898103785049
0.0382787457983739 860.503927312823
0.0383028735951588 860.109471250068
0.0383269862028949 859.714735011816
0.0383510836502318 859.319717989127
0.0383751659657293 858.92441954923
0.0383992331778572 858.528839035661
0.0384232853149966 858.132975768395
0.0384473224054396 857.736829043983
0.03847134447739 857.340398135684
0.0384953515589634 856.943682293593
0.0385193436781882 856.546680744776
0.038543320863005 856.14939269339
0.0385672831412681 855.751817320816
0.038591230540745 855.353953785777
0.0386151630891171 854.955801224467
0.0386390808139803 854.557358750664
0.0386629837428448 854.158625455855
0.0386868719031362 853.759600409352
0.0387107453221951 853.360282658406
0.0387346040272782 852.960671228321
0.038758448045558 852.560765122566
0.0387822774041237 852.160563322887
0.0388060921299812 851.760064789413
0.0388298922500536 851.359268460763
0.0388536777911816 850.958173254151
0.0388774487801238 850.556778065488
0.0389012052435568 850.155081769483
0.0389249472080762 849.753083219745
0.0389486747001962 849.350781248876
0.0389723877463504 848.948174668566
0.0389960863728922 848.54526226969
0.0390197706060947 848.142042822397
0.0390434404721515 847.738515076201
0.0390670959971768 847.334677760065
0.0390907372072056 846.930529582491
0.0391143641281946 846.526069231601
0.0391379767860218 846.121295375218
0.0391615752064873 845.716206660949
0.0391851594153137 845.310801716259
0.0392087294381459 844.905079148549
0.0392322853005521 844.499037545227
0.0392558270280235 844.092675473784
0.0392793546459751 843.685991481861
0.0393028681797458 843.278984097315
0.0393263676545986 842.871651828288
0.0393498530957212 842.463993163269
0.0393733245282263 842.056006571155
0.0393967819771515 841.64769050131
0.0394202254674602 841.239043383627
0.0394436550240413 840.830063628577
0.0394670706717102 840.420749627266
0.0394904724352083 840.011099751485
0.0395138603392042 839.60111235376
0.0395372344082931 839.190785767399
0.0395605946669979 838.780118306536
0.0395839411397689 838.369108266175
0.0396072738509844 837.957753922229
0.039630592824951 837.546053531564
0.0396538980859038 837.134005332026
0.0396771896580066 836.721607542485
0.0397004675653526 836.308858362863
0.0397237318319641 835.895755974163
0.0397469824817933 835.482298538499
0.0397702195387223 835.068484199124
0.0397934430265635 834.654311080449
0.0398166529690598 834.239777288068
0.039839849389885 833.824880908777
0.0398630323126441 833.409620010591
0.0398862017608733 832.993992642759
0.0399093577580406 832.577996835777
0.039932500327546 832.1616306014
0.0399556294927216 831.744891932651
0.0399787452768322 831.327778803823
0.0400018477030751 830.910289170491
0.0400249367945809 830.492420969508
0.0400480125744135 830.074172119006
0.0400710750655703 829.655540518398
0.0400941242909825 829.236524048366
0.0401171602735156 828.817120570862
0.0401401830359694 828.397327929096
0.0401631926010783 827.977143947523
0.0401861889915117 827.556566431833
0.0402091722298741 827.135593168933
0.0402321423387055 826.714221926933
0.0402550993404817 826.292450455118
0.0402780432576141 825.870276483938
0.0403009741124506 825.447697724971
0.0403238919272756 825.024711870906
0.0403467967243099 824.601316595507
0.0403696885257116 824.177509553586
0.0403925673535758 823.75328838097
0.0404154332299351 823.32865069446
0.0404382861767598 822.903594091798
0.0404611262159583 822.478116151627
0.040483953369377 822.052214433442
0.0405067676588009 821.625886477552
0.0405295691059536 821.19912980503
0.0405523577324975 820.771941917662
0.0405751335600345 820.344320297896
0.0405978966101055 819.916262408789
0.0406206469041915 819.48776569395
0.040643384463713 819.058827577477
0.0406661093100308 818.629445463902
0.040688821464446 818.199616738122
0.0407115209482002 817.769338765337
0.040734207782476 817.338608890976
0.0407568819883969 816.907424440632
0.0407795435870278 816.475782719985
0.0408021925993749 816.043681014727
0.0408248290463863 815.611116590485
0.040847452948952 815.178086692736
0.0408700643279043 814.74458854673
0.0408926632040177 814.3106193574
0.0409152495980094 813.876176309276
0.0409378235305395 813.441256566393
0.0409603850222111 813.005857272199
0.0409829340935707 812.569975549457
0.0410054707651082 812.133608500152
0.0410279950572573 811.696753205385
0.0410505069903956 811.259406725272
0.0410730065848447 810.821566098836
0.041095493860871 810.383228343904
0.041117968838685 809.944390456989
0.0411404315384422 809.505049413182
0.0411628819802433 809.065202166031
0.0411853201841339 808.624845647427
0.0412077461701051 808.183976767477
0.0412301599580937 807.742592414386
0.0412525615679824 807.300689454321
0.0412749510195998 806.858264731293
0.0412973283327208 806.415315067012
0.0413196935270669 805.971837260761
0.0413420466223059 805.527828089255
0.0413643876380529 805.083284306499
0.0413867165938697 804.638202643645
0.0414090335092655 804.192579808847
0.041431338403697 803.74641248711
0.0414536312965685 803.299697340136
0.0414759122072321 802.852431006174
0.0414981811549881 802.404610099857
0.0415204381590849 801.956231212044
0.0415426832387194 801.507290909654
0.0415649164130371 801.0577857355
0.0415871377011324 800.607712208118
0.0416093471220486 800.157066821596
0.0416315446947782 799.705846045394
0.0416537304382633 799.254046324171
0.0416759043713953 798.801664077594
0.0416980665130156 798.34869570016
0.0417202168819154 797.895137561003
0.0417423554968361 797.440986003705
0.0417644823764695 796.986237346097
0.0417865975394577 796.530887880064
0.0418087010043938 796.074933871339
0.0418307927898215 795.618371559303
0.0418528729142357 795.161197156772
0.0418749413960826 794.703406849789
0.0418969982537596 794.244996797404
0.0419190435056159 793.785963131458
0.0419410771699524 793.326301956359
0.041963099265022 792.866009348859
0.0419851098090296 792.405081357821
0.0420071088201326 791.943514003986
0.0420290963164406 791.481303279739
0.0420510723160163 791.018445148865
0.0420730368368747 790.554935546307
0.0420949898969842 790.090770377915
0.0421169315142661 789.6259455202
0.0421388617065954 789.16045682007
0.0421607804918001 788.694300094576
0.0421826878876624 788.227471130646
0.0422045839119179 787.759965684818
0.0422264685822566 787.291779482968
0.0422483419163225 786.822908220032
0.0422702039317139 786.35334755973
0.0422920546459836 785.883093134278
0.0423138940766393 785.412140544101
0.0423357222411433 784.94048535754
0.042357539156913 784.468123110553
0.042379344841321 783.995049306418
0.0424011393116952 783.521259415419
0.042422922585319 783.046748874545
0.0424446946794314 782.571513087164
0.0424664556112273 782.095547422714
0.0424882053978575 781.618847216368
0.0425099440564288 781.141407768713
0.0425316716040046 780.663224345408
0.0425533880576045 780.184292176854
0.0425750934342047 779.70460645784
0.0425967877507383 779.2241623472
0.0426184710240951 778.742954967458
0.0426401432711221 778.260979404466
0.0426618045086234 777.77823070704
0.0426834547533607 777.294703886594
0.0427050940220528 776.810393916759
0.0427267223313766 776.325295733004
0.0427483396979665 775.839404232249
0.0427699461384151 775.352714272477
0.0427915416692728 774.86522067233
0.0428131263070486 774.376918210709
0.0428347000682097 773.887801626364
0.0428562629691818 773.397865617478
0.0428778150263496 772.907104841245
0.0428993562560563 772.415513913447
0.0429208866746043 771.923087408012
0.0429424062982549 771.429819856582
0.0429639151432291 770.935705748059
0.0429854132257069 770.440739528159
0.043006900561828 769.944915598949
0.0430283771676918 769.448228318378
0.0430498430593577 768.950671999809
0.0430712982528448 768.452240911535
0.0430927427641326 767.952929276295
0.0431141766091605 767.452731270777
0.0431355998038287 766.951641025117
0.0431570123639977 766.449652622394
0.0431784143054888 765.946760098105
0.0431998056440839 765.442957439652
0.0432211863955261 764.938238585802
0.0432425565755193 764.432597426154
0.043263916199729 763.926027800583
0.0432852652837818 763.418523498694
0.0433066038432656 762.910078259253
0.0433279318937303 762.400685769617
0.0433492494506873 761.890339665151
0.04337055652961 761.379033528643
0.0433918531459338 760.866760889699
0.0434131393150561 760.353515224147
0.0434344150523367 759.83928995341
0.0434556803730978 759.324078443889
0.0434769352926241 758.807874006324
0.0434981798261629 758.290669895151
0.0435194139889245 757.772459307851
0.0435406377960817 757.253235384281
0.0435618512627708 756.732991206009
0.0435830544040909 756.21171979562
0.0436042472351047 755.689414116029
0.043625429770838 755.166067069776
0.0436466020262804 754.641671498308
0.043667764016385 754.116220181253
0.0436889157560688 753.589705835684
0.0437100572602125 753.062121115371
0.0437311885436612 752.53345861002
0.0437523096212237 752.003710844499
0.0437734205076735 751.472870278058
0.0437945212177482 750.940929303531
0.04381561176615 750.407880246527
0.0438366921675457 749.873715364613
0.043857762436567 749.338426846475
0.0438788225878103 748.802006811077
0.0438998726358371 748.264447306797
0.0439209125951739 747.725740310554
0.0439419424803125 747.185877726927
0.04396296230571 746.644851387243
0.0439839720857889 746.102653048673
0.0440049718349375 745.559274393294
0.0440259615675096 745.01470702715
0.0440469412978247 744.468942479288
0.0440679110401684 743.921972200786
0.0440888708087924 743.373787563761
0.0441098206179142 742.824379860364
0.0441307604817179 742.273740301754
0.0441516904143538 741.721860017063
0.0441726104299386 741.168730052337
0.0441935205425559 740.614341369463
0.0442144207662556 740.05868484508
0.0442353111150546 739.501751269467
0.0442561916029369 738.943531345421
0.0442770622438531 738.384015687107
0.0442979230517214 737.823194818896
0.0443187740404269 737.261059174181
0.0443396152238221 736.697599094176
0.0443604466157272 736.132804826688
0.0443812682299297 735.566666524879
0.0444020800801849 734.999174245996
0.0444228821802159 734.430317950092
0.0444436745437135 733.860087498712
0.0444644571843367 733.288472653567
0.0444852301157125 732.715463075182
0.0445059933514362 732.141048321521
0.0445267469050712 731.565217846586
0.0445474907901494 730.987960999
0.0445682250201714 730.409267020554
0.0445889496086061 729.829125044738
0.0446096645688914 729.247524095246
0.0446303699144337 728.664453084449
0.0446510656586086 728.079900811846
0.0446717518147605 727.493855962491
0.0446924283962031 726.906307105382
0.0447130954162192 726.317242691835
0.0447337528880611 725.726651053819
0.0447544008249501 725.134520402264
0.0447750392400775 724.540838825344
0.0447956681466039 723.945594286721
0.0448162875576598 723.348774623767
0.0448368974863453 722.750367545744
0.0448574979457305 722.150360631961
0.0448780889488557 721.548741329891
0.044898670508731 720.945496953255
0.0449192426383368 720.340614680072
0.0449398053506238 719.734081550677
0.0449603586585132 719.125884465695
0.0449809025748965 718.516010183982
0.0450014371126358 717.904445320534
0.0450219622845639 717.29117634434
0.0450424781034845 716.676189576216
0.045062984582172 716.059471186586
0.0450834817333716 715.441007193219
0.0451039695697999 714.820783458936
0.0451244481041444 714.198785689264
0.0451449173490639 713.574999430042
0.0451653773171883 712.949410064998
0.0451858280211194 712.322002813258
0.0452062694734299 711.692762726827
0.0452267016866645 711.061674688009
0.0452471246733395 710.42872340678
0.0452675384459429 709.793893418114
0.0452879430169344 709.157169079251
0.045308338398746 708.51853456692
0.0453287246037815 707.877973874496
0.0453491016444169 707.235470809111
0.0453694695330003 706.591008988704
0.0453898282818521 705.944571839014
0.0454101779032653 705.296142590507
0.0454305184095052 704.645704275253
0.0454508498128096 703.993239723729
0.0454711721253891 703.338731561565
0.0454914853594268 702.682162206219
0.0455117895270789 702.023513863588
0.0455320846404743 701.362768524553
0.0455523707117149 700.699907961441
0.0455726477528757 700.03491372443
0.0455929157760048 699.367767137865
0.0456131747931237 698.698449296511
0.045633424816227 698.026941061718
0.0456536658572828 697.353223057509
0.0456738979282326 696.677275666591
0.0456941210409916 695.999079026271
0.0457143352074487 695.318613024294
0.0457345404394662 694.635857294593
0.0457547367488804 693.950791212943
0.0457749241475017 693.263393892523
0.0457951026471141 692.573644179387
0.0458152722594759 691.881520647829
0.0458354329963194 691.18700159566
0.0458555848693512 690.490065039363
0.0458757278902521 689.790688709163
0.0458958620706774 689.088850043974
0.0459159874222566 688.384526186236
0.045936103956594 687.677693976645
0.0459562116852684 686.968329948757
0.0459763106198331 686.256410323476
0.0459964007718166 685.541911003417
0.0460164821527217 684.824807567138
0.0460365547740264 684.105075263247
0.0460566186471838 683.382689004371
0.0460766737836219 682.657623360986
0.0460967201947437 681.92985255511
0.0461167578919277 681.199350453842
0.0461367868865276 680.466090562756
0.0461568071898723 679.730046019144
0.0461768188132664 678.991189585092
0.0461968217679898 678.249493640401
0.0462168160652981 677.504930175334
0.0462368017164226 676.757470783198
0.0462567787325703 676.007086652734
0.0462767471249239 675.253748560347
0.0462967069046421 674.497426862128
0.0463166580828596 673.738091485691
0.046336600670687 672.975711921811
0.046356534679211 672.210257215859
0.0463764601194947 671.441695959019
0.0463963770025771 670.669996279296
0.0464162853394738 669.895125832296
0.0464361851411766 669.11705179178
0.046456076418654 668.33574083997
0.0464759591828507 667.551159157626
0.0464958334446882 666.76327241386
0.0465156992150647 665.972045755692
0.046535556504855 665.177443797347
0.0465554053249109 664.379430609261
0.0465752456860608 663.577969706817
0.0465950775991103 662.773024038783
0.0466149010748419 661.96455597544
0.0466347161240152 661.152527296413
0.0466545227573669 660.336899178165
0.046674320985611 659.517632181172
0.0466941108194388 658.694686236743
0.0467138922695189 657.868020633496
0.0467336653464973 657.037594003463
0.0467534300609975 656.203364307824
0.0467731864236207 655.36528882224
0.0467929344449454 654.523324121797
0.0468126741355281 653.677426065528
0.0468324055059029 652.827549780501
0.0468521285665818 651.973649645473
0.0468718433280546 651.115679274077
0.0468915498007891 650.253591497539
0.046911247995231 649.387338346903
0.0469309379218043 648.516871034747
0.046950619590911 647.642139936379
0.0469702930129313 646.763094570485
0.0469899581982237 645.879683579215
0.0470096151571249 644.991854707696
0.0470292638999504 644.099554782927
0.0470489044369936 643.202729692068
0.047068536778527 642.301324360071
0.0470881609348011 641.395282726645
0.0471077769160456 640.484547722532
0.0471273847324684 639.56906124506
0.0471469843942567 638.648764132954
0.0471665759115761 637.723596140374
0.0471861592945713 636.793495910154
0.0472057345533659 635.858400946206
0.0472253016980625 634.918247585073
0.0472448607387429 633.972970966574
0.0472644116854679 633.022505003537
0.0472839545482776 632.066782350553
0.0473034893371912 631.105734371743
0.0473230160622075 630.13929110748
0.0473425347333044 629.167381240029
0.0473620453604394 628.189932058076
0.0473815479535494 627.206869420076
0.047401042522551 626.218117716406
0.0474205290773402 625.223599830241
0.047440007627793 624.223237097135
0.0474594781837647 623.216949263222
0.0474789407550908 622.20465444201
0.0474983953515865 621.186269069691
0.0475178419830467 620.16170785891
0.0475372806592466 619.130883750936
0.0475567113899412 618.093707866159
0.0475761341848657 617.050089452846
0.0475955490537354 615.999935834085
0.0476149560062458 614.943152352833
0.0476343550520725 613.87964231499
0.0476537462008716 612.809306930416
0.0476731294622796 611.732045251795
0.0476925048459132 610.647754111257
0.0477118723613698 609.556328054651
0.0477312320182271 608.457659273372
0.0477505838260436 607.351637533629
0.0477699277943582 606.238150103037
0.0477892639326908 605.117081674406
0.0478085922505418 603.988314286609
0.0478279127573925 602.851727242385
0.0478472254627051 601.707197022928
0.0478665303759226 600.554597199136
0.047885827506469 599.39379833932
0.0479051168637494 598.224667913244
0.0479243984571499 597.047070192292
0.0479436722960378 595.860866145585
0.0479629383897614 594.665913331846
0.0479821967476504 593.462065786804
0.0480014473790157 592.249173905909
0.0480206902931497 591.027084322133
0.0480399254993259 589.795639778592
0.0480591530067995 588.554678995739
0.0480783728248071 587.30403653284
0.0480975849625669 586.04354264343
0.0481167894292785 584.773023124446
0.0481359862341233 583.492299158691
0.0481551753862645 582.201187150277
0.0481743568948468 580.899498552663
0.048193530768997 579.587039688892
0.0482126970178235 578.263611563597
0.0482318556504167 576.929009666309
0.0482510066758489 575.583023765596
0.0482701501031745 574.225437693503
0.04828928594143 572.856029119742
0.0483084141996337 571.474569315054
0.0483275348867864 570.080822903079
0.0483466480118709 568.674547600113
0.0483657535838523 567.255493941978
0.0483848516116781 565.823404997269
0.048403942104278 564.378016066146
0.0484230250705641 562.919054363775
0.0484421005194311 561.446238687487
0.048461168459756 559.95927906663
0.0484802289003985 558.457876394021
0.0484992818502008 556.941722037835
0.0485183273179878 555.410497432662
0.0485373653125671 553.863873648375
0.0485563958427288 552.301510935361
0.0485754189172462 550.723058244529
0.048594434544875 549.128152720404
0.0486134427343541 547.516419165473
0.0486324434944052 545.887469473802
0.0486514368337328 544.240902031799
0.0486704227610248 542.576301083782
0.0486894012849518 540.893236059868
0.0487083724141677 539.191260863453
0.0487273361573094 537.469913115329
0.0487462925229973 535.728713351243
0.0487652415198346 533.967164169408
0.0487841831564083 532.184749324168
0.0488031174412883 530.380932761687
0.048822044383028 528.555157593171
0.0488409639901645 526.706845000661
0.048859876271218 524.835393070071
0.0488787812346924 522.940175545524
0.0488976788890751 521.020540498587
0.0489165692428372 519.075808905294
0.0489354523044333 517.105273123194
0.0489543280823019 515.108195259879
0.048973196584865 513.083805423577
0.0489920578205287 511.031299845413
0.0490109117976824 508.949838861906
0.0490297585247 506.838544745003
0.0490485980099388 504.696499365607
0.0490674302617404 502.522741675068
0.0490862552884302 500.316264987295
0.0491050730983178 498.076014042291
0.0491238836996966 495.800881829633
0.0491426871008444 493.489706147989
0.0491614833100232 491.141265873883
0.0491802723354789 488.754276909731
0.049199054185442 486.327387777465
0.049217828868127 483.85917481991
0.0492365963917331 481.348136967241
0.0492553567644435 478.792690020338
0.049274109994426 476.191160396526
0.0492928560898329 473.541778275874
0.049311595058801 470.842670077738
0.0493303269094514 468.091850187478
0.0493490516498902 465.287211841807
0.0493677692882079 462.426517067989
0.0493864798324795 459.50738555653
0.049405183290765 456.527282328733
0.0494238796711091 453.483504039048
0.0494425689815412 450.373163726751
0.0494612512300755 447.193173801394
0.0494799264247111 443.94022701074
0.0494985945734322 440.610775097094
0.0495172556842077 437.201004796774
0.0495359097649915 433.706810775665
0.0495545568237227 430.123765019227
0.0495731968683254 426.447082104576
0.0495918299067088 422.671579671464
0.0496104559467671 418.791633273046
0.0496290749963799 414.801124619422
0.049647687063412 410.693382018747
0.0496662921557134 406.461111560452
0.0496848902811193 402.096317258401
0.0497034814474504 397.590207958092
0.0497220656625127 392.933088285131
0.0497406429340978 388.114230235488
0.0497592132699825 383.12172113208
0.0497777766779291 377.942282528534
0.0497963331656857 372.561053133624
0.0498148827409857 366.961326823626
0.0498334254115482 361.124234110645
0.049851961185078 355.028351761908
0.0498704900692655 348.649220203268
0.0498890120717868 341.95874127101
0.0499075272003039 334.924418855794
0.0499260354624645 327.508390550018
0.049944536865902 319.666177251516
0.0499630314182359 311.345046047817
0.0499815191270715 302.481833393545
0.05 293
