0.000192307692307692 -0
0.000576923076923077 -5.91093636942857e-13
0.000961538461538462 -5.90955113903664e-13
0.00134615384615385 -8.86120994017311e-13
0.00173076923076923 -5.90470283266488e-13
0.00211538461538462 -0
0.0025 -0
0.00288461538461538 2.94611787956875e-13
0.00326923076923077 -0
0.00365384615384615 -0
0.00403846153846154 8.81030272326964e-13
0.00442307692307692 2.05307073359179e-12
0.00480769230769231 4.39320374950441e-12
0.00519230769230769 9.35776160286669e-12
0.00557692307692308 2.04361653616686e-11
0.00596153846153846 4.45881409824813e-11
0.00634615384615385 9.4533291417065e-11
0.00673076923076923 1.9855353299975e-10
0.00711538461538462 4.13344233939265e-10
0.0075 8.46196699058056e-10
0.00788461538461539 1.71197878068177e-09
0.00826923076923077 3.42164758675467e-09
0.00865384615384615 6.7554683275043e-09
0.00903846153846154 1.31819585705164e-08
0.00942307692307692 2.54234605670525e-08
0.00980769230769231 4.84640124468917e-08
0.0101923076923077 9.13161895903596e-08
0.0105769230769231 1.70073154829599e-07
0.0109615384615385 3.13104397651938e-07
0.0113461538461538 5.69795527045253e-07
0.0117307692307692 1.02502159390457e-06
0.0121153846153846 1.82280506934271e-06
0.0125 3.20441621698821e-06
0.0128846153846154 5.56887414231306e-06
0.0132692307692308 9.56761795548906e-06
0.0136538461538462 1.62504928710247e-05
0.0140384615384615 2.72875178503465e-05
0.0144230769230769 4.53007011772616e-05
0.0148076923076923 7.43529287943917e-05
0.0151923076923077 0.000120657029030542
0.0155769230769231 0.000193587815692404
0.0159615384615385 0.000307103012487868
0.0163461538461538 0.000481704878583624
0.0167307692307692 0.000747101539878992
0.0171153846153846 0.00114575315172046
0.0175 0.00173750925119007
0.0178846153846154 0.00260555499364737
0.0182692307692308 0.00386387898177288
0.0186538461538462 0.00566644641172116
0.0190384615384615 0.00821820011311184
0.0194230769230769 0.0117879106443643
0.0198076923076923 0.0167227484498659
0.0201923076923077 0.023464252540984
0.0205769230769231 0.0325651226326568
0.0209615384615385 0.044705973029341
0.0213461538461538 0.0607108729536489
0.0217307692307692 0.0815601847027106
0.0221153846153846 0.108398932225776
0.0225 0.142538730108315
0.0228846153846154 0.185451222725721
0.0232692307692308 0.238751071085281
0.0236538461538462 0.304166819845037
0.0240384615384615 0.383498504656562
0.0244230769230769 0.478561625163982
0.0248076923076923 0.591118089898857
0.0251923076923077 0.722795883855844
0.0255769230769231 0.875000435066108
0.0259615384615385 1.04882185396562
0.0263461538461538 1.24494326175411
0.0267307692307692 1.46355617906892
0.0271153846153846 1.70428929250654
0.0275 1.96615675944806
0.0278846153846154 2.24753150011692
0.0282692307692308 2.54614766355844
0.0286538461538462 2.85913470629873
0.0290384615384615 3.18308341349209
0.0294230769230769 3.51414189719737
0.0298076923076923 3.84813733318441
0.0301923076923077 4.18071716473717
0.0305769230769231 4.5075019131384
0.0309615384615385 4.82424075380915
0.0313461538461538 5.12696074848514
0.0317307692307692 5.41210109785963
0.0321153846153846 5.67662494885735
0.0325 5.91810303748268
0.0328846153846154 6.13476559634089
0.0332692307692308 6.32552129444212
0.0336538461538462 6.48994428464078
0.0340384615384615 6.6282325052603
0.0344230769230769 6.74114204875117
0.0348076923076923 6.82990355683698
0.0351923076923077 6.89612717549807
0.0355769230769231 6.94170261319274
0.0359615384615385 6.96870035532402
0.0363461538461538 6.97927920186684
0.0367307692307692 6.97560414291654
0.0371153846153846 6.9597773060307
0.0375 6.93378342867125
0.0378846153846154 6.89945013735128
0.0382692307692308 6.85842233200197
0.0386538461538462 6.81214922737697
0.0390384615384615 6.76188210949015
0.0394230769230769 6.70868061385299
0.0398076923076923 6.65342529294108
0.0401923076923077 6.59683436927804
0.0405769230769231 6.53948281858988
0.0409615384615385 6.4818222461501
0.0413461538461539 6.42420036558677
0.0417307692307692 6.36687922832634
0.0421153846153846 6.3100516585411
0.0425 6.25385560748791
0.0428846153846154 6.19838634562494
0.0432692307692308 6.14370656071174
0.0436538461538462 6.08985452995501
0.0440384615384615 6.0368505917855
0.0444230769230769 5.98470216694078
0.0448076923076923 5.93340757816509
0.0451923076923077 5.88295890111943
0.0455769230769231 5.8333440528218
0.0459615384615385 5.78454829339301
0.0463461538461538 5.73655528584915
0.0467307692307692 5.6893478296344
0.0471153846153846 5.64290835793654
0.0475 5.59721926717461
0.0478846153846154 5.55226312943359
0.0482692307692308 5.50802282474811
0.0486538461538462 5.4644816195144
0.0490384615384615 5.42162320938234
0.0494230769230769 5.37943173920492
0.0498076923076923 5.33789180850601
