0 973.222402315517
0.00435194139889245 973.222402315517
0.00615457454896664 973.222402315479
0.00753778361444409 973.22240231496
0.00870388279778489 973.222402310875
0.00973123680201904 973.222402287892
0.0106600358177805 973.222402185709
0.011514154661796 973.222401805366
0.0123091490979333 973.222400575234
0.0130558241966773 973.22239702794
0.0137620470640795 973.222387735143
0.0144337567297406 973.222365304397
0.0150755672288882 973.222314865445
0.0156911478615212 973.222208275436
0.0162834736819732 973.221995077894
0.0168549965615811 973.221589092309
0.0174077655955698 973.220849429716
0.0179435140641318 973.219554765213
0.0184637236468999 973.217369885369
0.0189696727659832 973.213803888477
0.0194624736040381 973.208159950903
0.0199431008804366 973.199477262985
0.0204124145231932 973.186466539303
0.020871177748418 973.167441355941
0.021320071635561 973.140248382611
0.0217597069944622 973.102200274512
0.0221906341149649 973.050015485844
0.0226133508433323 972.979769495196
0.0230283093235919 972.88686184595
0.0234359216640273 972.766002983166
0.0238365647311398 972.61122412367
0.024230584229878 972.415912369726
0.0246182981958665 972.172872036045
0.025 971.87441179195
0.0253759609461276 971.512455823072
0.0257464325272219 971.07867588974
0.0261116483933547 970.564639995001
0.0264718260752366 969.961972451777
0.026827168499433 969.262519513296
0.0271778653252304 968.45851443668
0.027524094128159 967.542735893941
0.0278660214511356 966.508654011241
0.0282038037408883 965.350558968301
0.0285375881846021 964.063667971291
0.0288675134594813 962.644207459065
0.0291937104060571 961.089468543841
0.0295163026345124 959.397834852993
0.0298354070719928 957.56878306326
0.0301511344577764 955.602857446169
0.0304635897922471 953.501620629065
0.0307728727448332 951.267583488331
0.0310790780254031 948.904117612249
0.0313822957230424 946.415354095349
0.0316826116156462 943.806072560455
0.0319801074533416 941.081584264824
0.0322748612183951 938.247612955922
0.0325669473639465 935.310176828283
0.0328564370336385 932.275474525874
0.0331433982639808 929.149777665057
0.0334278961710761 925.939331850796
0.0337099931231621 922.65026764955
0.0339897489002645 919.288522488935
0.0342672208421171 915.859773994946
0.0345424639853879 912.369384865928
0.0348155311911396 908.822359027826
0.0350864732633619 905.223308522434
0.0353553390593274 901.576430350882
0.0356221755924508 897.88549232662
0.0358870281282637 894.153826881728
0.0361499402740611 890.384331711527
0.036410954062721 886.57947612827
0.0366701100311544 882.741312017611
0.0369274472937998 878.871488343808
0.0371830036115395 874.971268223873
0.0374368154563813 871.041547680191
0.0376889180722205 867.082875279324
0.0379393455319664 863.095471966497
0.0381881307912987 859.079250506197
0.0384353057392904 855.033834035908
0.0386809012461204 850.958573329487
0.0389249472080762 846.852562447275
0.039167472590032 842.714652520338
0.0394085054655756 838.543463475636
0.039648073054938 834.337393557196
0.0398862017608733 830.094626535472
0.0401229172026223 825.813136523519
0.0403582442480824 821.490690334642
0.0405922070442994 817.124847322472
0.0408248290463863 812.712956641319
0.0410561330449674 808.252151852586
0.0412861411922385 803.739342782225
0.0415148750267281 799.171204504573
0.0417423554968361 794.544163289265
0.0419686029832259 789.854379299513
0.0421936373201343 785.097725770847
0.0424174778156649 780.269764327843
0.0426401432711221 775.365716010175
0.0428616519994413 770.380427475425
0.0430820218427665 765.308331720495
0.0433012701892219 760.143402510724
0.0435194139889245 754.879101518874
0.0437364697692759 749.508316945704
0.0439524536495766 744.023292107499
0.0441673813549952 738.415542117296
0.0443812682299297 732.675756333748
0.0445941292507922 726.793683674944
0.0448059790382462 720.757997153936
0.045016831868926 714.556133032971
0.0452267016866645 708.174098737994
0.0454356021132541 701.596242016433
0.0456435464587638 694.804971607316
0.0458505477314364 687.780416704184
0.0460566186471838 680.500008408671
0.0462617716387031 672.937960723196
0.0464660188642293 665.064620703914
0.0466693722159438 656.845646101098
0.0468718433280546 648.240952454578
0.0470734435845636 639.203347478046
0.0472741841267354 629.676734239266
0.0474740758602827 619.593708725455
0.0476731294622796 608.872289128731
0.0478713553878169 597.411370918888
0.04806876387641 585.084261650071
0.0482653649581711 571.729232015416
0.048461168459756 557.13526264136
0.0486561840100952 541.019723522419
0.0488504210459197 522.99180721038
0.0490438888170894 502.48920771501
0.0492365963917331 478.660528627806
0.0494285526612081 450.12605637846
0.0496197663448873 414.426536887499
0.0498102459947811 366.499366206775
0.05 293
