0.000189393939393939 -0
0.000568181818181818 -3.00094882277335e-13
0.000946969696969697 -6.00053340349405e-13
0.00132575757575758 -2.99924352020753e-13
0.00170454545454545 -2.99787927815487e-13
0.00208333333333333 -5.99234795117809e-13
0.00246212121212121 -5.98825522502011e-13
0.00284090909090909 -2.9917401889179e-13
0.00321969696969697 -5.97802340962518e-13
0.00359848484848485 -2.9859421601941e-13
0.00397727272727273 -2.98253155506245e-13
0.00435606060606061 1.19151195576705e-12
0.00473484848484849 3.86709331223756e-12
0.00511363636363636 8.6137347921067e-12
0.00549242424242424 1.74963233234848e-11
0.00587121212121212 3.70045327713341e-11
0.00625 7.8895980948346e-11
0.00662878787878788 1.64560205462294e-10
0.00700757575757576 3.37558491025901e-10
0.00738636363636364 6.85376389242267e-10
0.00776515151515152 1.37606467234263e-09
0.00814393939393939 2.73049633250367e-09
0.00852272727272727 5.35777289201177e-09
0.00890151515151515 1.03913426301005e-08
0.00928030303030303 1.99269518731172e-08
0.00965909090909091 3.77827436921051e-08
0.0100378787878788 7.08320600466549e-08
0.0104166666666667 1.31302593864291e-07
0.0107954545454545 2.40674356987824e-07
0.0111742424242424 4.3622247679025e-07
0.0115530303030303 7.8184053062955e-07
0.0119318181818182 1.3856950526204e-06
0.0123106060606061 2.42864957296974e-06
0.0126893939393939 4.20937346925286e-06
0.0130681818181818 7.21495468670098e-06
0.0134469696969697 1.22298458514479e-05
0.0138257575757576 2.05015979584573e-05
0.0142045454545455 3.39892771002679e-05
0.0145833333333333 5.57303743306166e-05
0.0149621212121212 9.03745995794383e-05
0.0153409090909091 0.000144948607694621
0.015719696969697 0.000229934489618845
0.0160984848484848 0.000360766438667853
0.0164772727272727 0.000559873640117344
0.0168560606060606 0.000859421450940064
0.0172348484848485 0.0013049249490916
0.0176136363636364 0.00195992524074852
0.0179924242424242 0.00291192481738454
0.0183712121212121 0.00427976775890301
0.01875 0.00622261701113028
0.0191287878787879 0.0089506170763725
0.0195075757575758 0.0127372297073944
0.0198863636363636 0.0179330874138462
0.0202651515151515 0.0249810227190476
0.0206439393939394 0.034431702500513
0.0210227272727273 0.0469590347210919
0.0214015151515152 0.0633742350266326
0.021780303030303 0.0846371661880247
0.0221590909090909 0.111863325082772
0.0225378787878788 0.146324686568744
0.0229166666666667 0.189442560989617
0.0232954545454545 0.242770721206748
0.0236742424242424 0.307967338334262
0.0240530303030303 0.386754753180022
0.0244318181818182 0.4808668048491
0.0248106060606061 0.591984318344233
0.0251893939393939 0.721660372751181
0.0255681818181818 0.871238058410193
0.0259469696969697 1.04176449087911
0.0263257575757576 1.23390577207603
0.0267045454545455 1.44786826103654
0.0270833333333333 1.68333183350352
0.0274621212121212 1.93940068917577
0.0278409090909091 2.21457666214427
0.028219696969697 2.50675890430639
0.0285984848484849 2.81327229557236
0.0289772727272727 3.13092509149022
0.0293560606060606 3.45609429519891
0.0297348484848485 3.78483521286356
0.0301136363636364 4.11300980793232
0.0304924242424242 4.43642698805923
0.0308712121212121 4.7509869871676
0.03125 5.05282164334332
0.0316287878787879 5.3384226598314
0.0320075757575758 5.60475084447039
0.0323863636363636 5.84932076310353
0.0327651515151515 6.07025707383166
0.0331439393939394 6.26632085552954
0.0335227272727273 6.4369063158699
0.0339015151515152 6.5820101783716
0.034280303030303 6.70217764885412
0.0346590909090909 6.79843003499854
0.0350378787878788 6.87217977536963
0.0354166666666667 6.92513881620619
0.0357954545454545 6.95922599450602
0.0361742424242424 6.97647842292383
0.0365530303030303 6.97897093079212
0.0369318181818182 6.96874651330278
0.0373106060606061 6.94775959305876
0.0376893939393939 6.91783280673998
0.0380681818181818 6.88062707471685
0.0384469696969697 6.83762394694693
0.0388257575757576 6.79011867098244
0.0392045454545455 6.73922209923967
0.0395833333333333 6.68586942451903
0.0399621212121212 6.63083377252609
0.0403409090909091 6.57474284742422
0.040719696969697 6.51809707854714
0.0410984848484849 6.46128801327024
0.0414772727272727 6.4046160083816
0.0418560606060606 6.34830656359368
0.0422348484848485 6.29252489790755
0.0426136363636364 6.23738858199988
0.0429924242424242 6.1829782040294
0.0433712121212121 6.12934616377636
0.04375 6.07652376586825
0.0441287878787879 6.02452682407166
0.0445075757575758 5.97336000300863
0.0448863636363636 5.92302011875319
0.0452651515151515 5.87349860226556
0.0456439393939394 5.82478330506488
0.0460227272727273 5.77685979912496
0.0464015151515152 5.72971229570571
0.046780303030303 5.68332428260818
0.0471590909090909 5.63767895723241
0.0475378787878788 5.5927595142241
0.0479166666666667 5.54854933141546
0.0482954545454546 5.50503208588505
0.0486742424242424 5.46219182286532
0.0490530303030303 5.42001299342333
0.0494318181818182 5.37848047187452
0.0498106060606061 5.33757956033467
