0.000181159420289855 -0
0.000543478260869565 -0
0.000905797101449275 -3.1367372467566e-13
0.00126811594202899 -6.27151710274199e-13
0.0016304347826087 -6.26890724838038e-13
0.00199275362318841 -3.13282246521419e-13
0.00235507246376812 -3.13086507444298e-13
0.00271739130434783 -3.12858145187657e-13
0.00307971014492754 -0
0.00344202898550725 6.2460710227163e-13
0.00380434782608696 9.35931958021843e-13
0.00416666666666667 1.24647385746357e-12
0.00452898550724638 2.17858890348156e-12
0.00489130434782609 4.97284615804623e-12
0.0052536231884058 1.11724617731259e-11
0.00561594202898551 2.29294041377137e-11
0.00597826086956522 4.73282307953211e-11
0.00634057971014493 9.51043163062738e-11
0.00670289855072464 1.89538713767512e-10
0.00706521739130435 3.75239291928586e-10
0.00742753623188406 7.37530505815535e-10
0.00778985507246377 1.43532644348517e-09
0.00815217391304348 2.76279863914189e-09
0.00851449275362319 5.26394592962669e-09
0.0088768115942029 9.92479452305439e-09
0.00923913043478261 1.8519385252316e-08
0.00960144927536232 3.42009540467504e-08
0.00996376811594203 6.2512031029843e-08
0.0103260869565217 1.13086650673807e-07
0.0106884057971014 2.02481374599326e-07
0.0110507246376812 3.58834579600645e-07
0.0114130434782609 6.2942741116857e-07
0.0117753623188406 1.09281675945468e-06
0.0121376811594203 1.87804212509871e-06
0.0125 3.19467718318833e-06
0.0128623188405797 5.37921674743959e-06
0.0132246376811594 8.96578745625766e-06
0.0135869565217391 1.47925178347146e-05
0.0139492753623188 2.41594552995137e-05
0.0143115942028986 3.90598596212122e-05
0.0146739130434783 6.25144050060448e-05
0.015036231884058 9.90473781172594e-05
0.0153985507246377 0.000155355674703883
0.0157608695652174 0.000241235155703971
0.0161231884057971 0.000370844471702794
0.0164855072463768 0.000564403228191912
0.0168478260869565 0.000850438198054265
0.0172101449275362 0.00126870648198451
0.0175724637681159 0.001873935729235
0.0179347826086957 0.00274052558498597
0.0182971014492754 0.00396834768820726
0.0186594202898551 0.00568975937221285
0.0190217391304348 0.00807790420088027
0.0193840579710145 0.0113563062049959
0.0197463768115942 0.0158096706652171
0.0201086956521739 0.0217956807125359
0.0204710144927536 0.0297574265166838
0.0208333333333333 0.0402359266180513
0.021195652173913 0.053882007358352
0.0215579710144928 0.071466609429017
0.0219202898550725 0.0938884081885977
0.0222826086956522 0.122177488517924
0.0226449275362319 0.15749373071986
0.0230072463768116 0.20111856686462
0.0233695652173913 0.254438881153789
0.023731884057971 0.318922071638268
0.0240942028985507 0.396081673955419
0.0244565217391304 0.487433468159342
0.0248188405797101 0.594442630153354
0.0251811594202899 0.718463216578041
0.0255434782608696 0.860672037386194
0.0259057971014493 1.02199971164443
0.026268115942029 1.20306234854701
0.0266304347826087 1.40409777389393
0.0269927536231884 1.62491046466762
0.0273550724637681 1.86482930669933
0.0277173913043478 2.12268192024546
0.0280797101449275 2.39678860091471
0.0284420289855072 2.68497792562655
0.028804347826087 2.98462483385915
0.0291666666666667 3.29271060052899
0.0295289855072464 3.60590267700489
0.0298913043478261 3.92065101088442
0.0302536231884058 4.23329628243335
0.0306159420289855 4.54018462184514
0.0309782608695652 4.8377828776379
0.0313405797101449 5.12278843961733
0.0317028985507246 5.39222798741318
0.0320652173913043 5.64354030504419
0.0324275362318841 5.87463940377469
0.0327898550724638 6.08395553128127
0.0331521739130435 6.27045309808136
0.0335144927536232 6.43362599965998
0.0338768115942029 6.57347213903266
0.0342391304347826 6.69045006162427
0.0346014492753623 6.78542143102328
0.034963768115942 6.85958356053641
0.0353260869565217 6.91439636448709
0.0356884057971014 6.95150792822766
0.0360507246376812 6.97268246513838
0.0364130434782609 6.97973379823755
0.0367753623188406 6.97446674810088
0.0371376811594203 6.95862800300974
0.0375 6.93386726028113
0.0378623188405797 6.9017087162155
0.0382246376811594 6.86353238695749
0.0385869565217391 6.82056428801686
0.0389492753623188 6.77387419424597
0.0393115942028986 6.72437953881822
0.0396739130434783 6.67285397264645
0.040036231884058 6.61993917107787
0.0403985507246377 6.56615861561728
0.0407608695652174 6.51193226762734
0.0411231884057971 6.45759126354973
0.0414855072463768 6.40339197626
0.0418478260869565 6.34952898875542
0.0422101449275362 6.29614670361283
0.042572463768116 6.24334945843567
0.0429347826086957 6.19121013183062
0.0432971014492754 6.13977730734509
0.0436594202898551 6.08908111753687
0.0440217391304348 6.03913792142464
0.0443840579710145 5.98995398095519
0.0447463768115942 5.94152830077411
0.0451086956521739 5.89385478490379
0.0454710144927536 5.84692384766846
0.0458333333333333 5.8007235972982
0.046195652173913 5.75524069124054
0.0465579710144928 5.71046094378995
0.0469202898550725 5.66636975007805
0.0472826086956522 5.62295237618684
0.0476449275362319 5.58019415326487
0.0480072463768116 5.53808060392358
0.0483695652173913 5.49659752163809
0.048731884057971 5.45573101807399
0.0490942028985507 5.4154675489036
0.0494565217391304 5.37579392546425
0.0498188405797101 5.33669731729522
