0.00212814132689687 7.99873636788183e-14
0.0051377876540411 1.62078528352196e-11
0.00669569523101666 2.73474487474766e-10
0.00794233155766617 2.45396186764229e-09
0.00901495132646175 1.51818464273213e-08
0.00997152902409488 7.27271404608121e-08
0.010843393057195 2.87911031622401e-07
0.0116498253600566 9.81581801285318e-07
0.0124037166349791 2.96447956477235e-06
0.0131141977564177 8.0937393466906e-06
0.0137880200578931 2.02834535186651e-05
0.0144303440899109 4.72102594437724e-05
0.0150452204833055 0.000103009941068334
0.0156358983914432 0.000212295171212432
0.0162050316333299 0.000415821574363991
0.0167548212250348 0.000778074567552311
0.0172871167846254 0.00139693251869688
0.0178034904584706 0.00241538015391223
0.0183052919629487 0.00403500703544755
0.018793690326852 0.00653074709767161
0.0192697060654047 0.0102660240157771
0.0197342363388773 0.0157071976529777
0.0201880748804052 0.0234359955794597
0.0206319279644503 0.034158495181581
0.0210664273373381 0.0487092230982575
0.0214921407880148 0.0680490755291729
0.0219095808651477 0.0932560368058174
0.0223192121231536 0.125508070918712
0.0227214571897498 0.166058053758277
0.0231167018812175 0.21620116353949
0.0235052995419661 0.277235706861524
0.0238875747475391 0.350418879543869
0.0242638264816226 0.436919398970086
0.0246343308756135 0.537769259870429
0.0249993435822013 0.653817031166266
0.0253591018410146 0.785685113898089
0.0257138262838087 0.933733220019171
0.0260637225182475 1.09803002288976
0.0264089825225999 1.27833449846302
0.026749785878234 1.47408795556788
0.02708630086239 1.68441718387004
0.0274186854201201 1.90814856981434
0.027747088031337 2.14383248294948
0.0280716484864847 2.38977675132137
0.028392498582336 2.64408765174449
0.0287097627477447 2.90471655677143
0.0290235586077848 3.16951021409138
0.0293339974935338 3.43626258615747
0.0296411849037678 3.70276624052288
0.0299452209239993 3.96686144071701
0.0302462006075794 4.22648132502985
0.0305442143229795 4.47969185503414
0.0308393480708498 4.72472554477455
0.0311316837740091 4.96000832379843
0.0314212995431389 5.18417922293841
0.0317082699206235 5.39610288438788
0.0319926661046939 5.59487517401806
0.0322745561557875 5.77982240499521
0.0325540051868161 5.95049486205542
0.032831075538852 6.10665544361553
0.0331058269435745 6.24826431545721
0.0333783166736758 6.37546049886212
0.0336485996823003 6.48854130348681
0.0339167287324794 6.58794046782279
0.0341827545174236 6.67420579542919
0.0344467257724518 6.74797698077802
0.0347086893792547 6.80996421198392
0.0349686904631275 6.86092802540038
0.0352267724837395 6.90166077492735
0.0354829773199617 6.93296997151446
0.0357373453492173 6.95566364946498
0.0359899155217847 6.97053782828499
0.0362407254304373 6.97836606355594
0.0364898113757745 6.9798910184129
0.0367372084275647 6.97581793864402
0.0369829504823942 6.96680987854466
0.0372270703178895 6.95348450056671
0.0374695996437603 6.93641225800295
0.0377105691498862 6.91611576510458
0.0379500085516554 6.8930701614343
0.0381879466327439 6.8677042854939
0.0384244112855098 6.84040248515661
0.0386594295491639 6.81150690794817
0.0388930276458633 6.78132013152111
0.0391252310148653 6.75010801281381
0.0393560643448676 6.71810265254321
0.0395855516046501 6.68550538923376
0.0398137160721278 6.65248975346773
0.0400405803619123 6.61920432809668
0.0402661664514762 6.58577547364135
0.0404904957060052 6.55230988988552
0.0407135889020172 6.51889699472823
0.0409354662498227 6.48561110979337
0.041156147414896 6.45251344916882
0.0413756515382191 6.41965391308818
0.0415939972556602 6.38707269258263
0.0418112027164404 6.35480169419421
0.0420272856007426 6.32286579600531
0.0422422631365076 6.29128394758222
0.0424561521154667 6.26007012714596
0.0426689689084495 6.22923416948546
0.0428807294800081 6.19878247792076
0.0430914494023952 6.16871863313867
0.0433011438689286 6.13904391100977
0.043509827706777 6.10975772066121
0.0437175153891957 6.08085797314944
0.0439242210472422 6.05234139012028
0.0441299584809973 6.02420376088528
0.0443347411703175 5.99644015541774
0.044538582285143 5.96904509988054
0.0447414946953821 5.94201272047806
0.0449434909803946 5.91533686066588
0.0451445834380929 5.88901117605965
0.04534478409368 5.86302921077409
0.0455441047080416 5.83738445836423
0.045742556785809 5.81207041006804
0.045940151583109 5.78708059262122
0.0461369001150142 5.76240859755099
0.0463328131627091 5.73804810354189
0.0465279012803847 5.71399289319556
0.0467221748018734 5.69023686527996
0.0469156438470375 5.66677404336996
0.0471083183279202 5.64359858161473
0.0473002079546727 5.62070476823924
0.0474913222412644 5.5980870272657
0.0476816705109878 5.57573991885471
0.0478712619017659 5.55365813858218
0.048060105371272 5.53183651591111
0.0482482097018681 5.51027001205886
0.0484355835053711 5.48895371742531
0.048622235227654 5.46788284870791
0.0488081731530885 5.44705274580452
0.0489934054088352 5.42645886858273
0.0491779399689897 5.40609679357572
0.0493617846585878 5.38596221065195
0.0495449471574778 5.36605091969319
0.0497274350040644 5.34635882730795
0.0499092555989286 5.32688194359964
