0 973.695771559286
0.004152273992687 973.695771559286
0.00587220219514703 973.695771559265
0.00719194952228076 973.695771559
0.008304547985374 973.695771557051
0.00928476690885259 973.695771546638
0.0101709525543122 973.695771502155
0.010985884360051 973.695771341704
0.0117444043902941 973.695770835425
0.012456821978061 973.695769403335
0.0131306432859723 973.695765706567
0.0137715348604937 973.69575688
0.0143838990445615 973.69573718189
0.0149712367904086 973.695695749604
0.0155363866566466 973.695613056044
0.0160816880225669 973.69545556854
0.016609095970748 973.695168034328
0.0171202642583537 973.69466276966
0.0176166065854411 973.693805329383
0.0180993427200148 973.692395995054
0.0185695338177052 973.690146652881
0.0190281098776847 973.686652842703
0.0194758913744041 973.681361042577
0.0199136065075599 973.673531598874
0.0203419051086243 973.66219809923
0.020761369963435 973.646124388334
0.0211725261144948 973.623760812803
0.0215758485668423 973.593201617337
0.0219717687201021 973.552145667699
0.0223606797749979 973.497862818413
0.0227429413073671 973.427168253914
0.0231188831611886 973.336406999536
0.0234888087805881 973.221450522886
0.0238529980765811 973.077706936934
0.0242117099055751 972.900145794499
0.0245651842220259 972.683337858749
0.024913643956122 972.421509581489
0.0252572966582483 972.108611359204
0.0255963359446836 971.738398005209
0.025930942773132 971.304519311629
0.0262612865719445 970.800618108804
0.0265875262430362 970.220432886588
0.0269098110553471 969.557901838036
0.027228281443103 968.80726512797
0.0275430697209874 967.963162275168
0.0278543007265578 967.020721757021
0.0281620923987523 965.9756402824
0.0284665563000902 964.824249609579
0.028767798089123 963.563569285266
0.029065917948809 962.191344220283
0.0293610109757352 960.706066569623
0.0296531675344741 959.106981923413
0.0299424735808171 957.394080317903
0.0302290109571629 955.568073022891
0.0305128576629365 953.630356439606
0.030794088102572 951.582964741508
0.0310727733132933 949.428513104805
0.0313489811746675 947.170133505505
0.0316227766016838 944.811405109034
0.0318942217229131 942.356281253623
0.0321633760451338 939.809014939161
0.0324302966056593 937.174084589782
0.0326950381134719 934.45612167319
0.0329576530801531 931.659841544397
0.033218191941496 928.789978648136
0.0334767031705993 925.851226973273
0.0337332333831603 922.848186413846
0.0339878274356144 919.785315462892
0.0342405285167073 916.666890453568
0.0344913782330279 913.496971372049
0.0347404166889826 910.279374101583
0.0349876825616456 907.01764881874
0.0352332131708822 903.715064151819
0.0354770445451023 900.374596626969
0.0357192114829753 896.998924868436
0.0359597476114038 893.59042798322
0.0361986854400295 890.151187544865
0.0364360564125229 886.682992592998
0.0366718909548839 883.187347081814
0.0369062185209653 879.665479238743
0.0371390676354104 876.118352331366
0.037370465934183 872.546676383441
0.0376004402028524 868.950920427453
0.0378290164127832 865.331324929151
0.0380562197553694 861.687914067489
0.0382820746744388 858.020507599691
0.0385066048969479 854.328732084736
0.0387298334620742 850.612031278584
0.0389517827488081 846.869675550259
0.0391724745021385 843.100770199151
0.0393919298579168 839.304262580461
0.0396101693664819 835.478947967324
0.0398272130151198 831.623474095171
0.0400430802494272 827.73634434617
0.0402577899936449 823.815919539492
0.040471360670019 819.860418296819
0.0406838102172486 815.86791595208
0.0408951561080704 811.836341970148
0.0411054153660292 807.763475831138
0.0413146045814811 803.64694132513
0.04152273992687 799.484199186542
0.0417298371713194 795.272537977773
0.0419359116945748 791.009063107909
0.0421409785003329 786.690683843725
0.0423450522289897 782.314098136267
0.0425481471698382 777.875775046152
0.0427502772727447 773.371934503096
0.0429514561593306 768.798524078667
0.0431516971336846 764.15119238384
0.0433510131926301 759.425258622089
0.0435494170355693 754.615677731245
0.0437469210739256 749.71700042907
0.0439435374402041 744.723327332943
0.0441392779966887 739.628256146383
0.0443341543437936 734.424820685115
0.0445281778280861 729.105420241092
0.0447213595499958 723.661737438527
0.0449137103712257 718.084642300281
0.0451052409218784 712.364079687669
0.0452959616073115 706.488936563094
0.0454858826147342 700.446884600164
0.045675013919557 694.224192456701
0.0458633652915055 687.805500429789
0.0460509463005096 681.173548083275
0.0462377663223772 674.308842568161
0.046423834544263 667.189251441473
0.0466091599699399 659.789498380681
0.0467937514248836 652.080532615333
0.0469776175611763 644.028732126864
0.0471607668622392 635.594885100747
0.0473432076473999 626.732871207873
0.0475249480763017 617.387929906268
0.0477059961531621 607.494350186705
0.0478863597308864 596.972333190024
0.0480660465150423 585.72364491648
0.0482450640677008 573.625452307152
0.0484234198111502 560.521348652857
0.0486011210314869 546.207876015768
0.0487781748820883 530.413530975921
0.0489545883869728 512.764591474781
0.0491303684440517 492.726411906387
0.0493055218282762 469.495511063152
0.0494800551946839 441.782988982582
0.0496539750813498 407.324830180424
0.049827287912244 361.566431805401
0.05 293
