1.68463611859838e-05 -0
5.05390835579515e-05 -0
8.42318059299191e-05 3.37421586329039e-12
0.000117924528301887 3.3742067622147e-12
0.000151617250673854 6.74838925489423e-12
0.000185309973045822 -0
0.00021900269541779 -0
0.000252695417789757 -0
0.000286388140161725 -3.37411575145782e-12
0.000320080862533693 -6.7481768964615e-12
0.00035377358490566 -6.74811622262358e-12
0.000387466307277628 -1.01220742221028e-11
0.000421159029649596 -3.37398833639819e-12
0.000454851752021563 -3.37394889840354e-12
0.000488544474393531 -3.37390642671699e-12
0.000522237196765499 -3.37386092133855e-12
0.000555929919137466 -0
0.000589622641509434 -3.37376080950599e-12
0.000623315363881402 -6.74741240610369e-12
0.000657008086253369 -6.74729712581164e-12
0.000690700808625337 -6.7471757781358e-12
0.000724393530997305 -1.68676209076904e-11
0.000758086253369272 -6.74691488063276e-12
0.00079177897574124 -6.74677533080549e-12
0.000825471698113208 -3.37331485679727e-12
0.000859164420485175 -1.01197170434995e-11
0.000892857142857143 -3.37316013851055e-12
0.000926549865229111 -3.37307822882937e-12
0.000960242587601078 -1.01189798563688e-11
0.000993935309973046 -6.74581061678256e-12
0.00102762803234501 -1.01184428929032e-11
0.00106132075471698 -1.34908810127425e-11
0.00109501347708895 -1.01178695251349e-11
0.00112870619946092 -2.02351383792741e-11
0.00116239892183288 -2.36069394238154e-11
0.00119609164420485 -2.3606196169301e-11
0.00122978436657682 -2.36054316789429e-11
0.00126347708894879 -1.68604613948158e-11
0.00129716981132075 -1.34879079946843e-11
0.00133086253369272 -1.68592934234357e-11
0.00136455525606469 -1.01152120110339e-11
0.00139824797843666 -1.01148388669307e-11
0.00143194070080863 -1.01144566217518e-11
0.00146563342318059 -1.01140652754971e-11
0.00149932614555256 -1.01136648281669e-11
0.00153301886792453 -3.37108509325366e-12
0.0015667115902965 -0
0.00160040431266846 -6.74160591981456e-12
0.00163409703504043 -0
0.0016677897574124 3.3705086917934e-12
0.00170148247978437 1.34814280287942e-11
0.00173517520215633 1.01106068667356e-11
0.0017688679245283 3.3700445369333e-12
0.00180256064690027 6.73976750252554e-12
0.00183625336927224 6.7394398638008e-12
0.0018699460916442 6.73910615769228e-12
0.00190363881401617 1.01081495762997e-11
0.00193733153638814 1.34768410866475e-11
0.00197102425876011 1.01071029525957e-11
0.00200471698113208 1.347542131884e-11
0.00203840970350404 1.34746932327849e-11
0.00207210242587601 1.68424412649531e-11
0.00210579514824798 1.68415008204653e-11
0.00213948787061995 1.68405452075178e-11
0.00217318059299191 2.02074893113336e-11
0.00220687331536388 2.35740238667431e-11
0.00224056603773585 2.0205104829503e-11
0.00227425876010782 2.02038852853608e-11
0.00230795148247978 2.35697554622453e-11
0.00234164420485175 2.69351887874962e-11
0.00237533692722372 3.70335486400478e-11
0.00240902964959569 3.02982376309175e-11
0.00244272237196766 3.02962717985685e-11
0.00247641509433962 4.0392371550657e-11
0.00251010781671159 3.70238711628994e-11
0.00254380053908356 3.36557894246228e-11
0.00257749326145553 3.02881354369032e-11
0.00261118598382749 4.03813774512262e-11
0.00264487870619946 3.02839034367086e-11
0.00267857142857143 3.02817464817701e-11
0.0027122641509434 3.02795622236049e-11
0.00274595687331536 3.36415007357923e-11
0.00277964959568733 3.02751117975934e-11
0.0028133423180593 2.6909196115331e-11
0.00284703504043127 3.69973415272682e-11
0.00288072776280323 3.36313682048594e-11
0.0029144204851752 3.36287592298283e-11
0.00294811320754717 3.02635079260909e-11
0.00298180592991914 3.02611052421096e-11
0.00301549865229111 3.6982825311545e-11
0.00304919137466307 4.034162395262e-11
0.00308288409703504 4.70613630212477e-11
0.00311657681940701 4.70574556260856e-11
0.00315026954177898 4.3692541062148e-11
0.00318396226415094 4.3688833890651e-11
0.00321765498652291 4.36850872811593e-11
0.00325134770889488 4.36813012336736e-11
0.00328504043126685 5.03970874017607e-11
0.00331873315363881 4.3673610824717e-11
0.00335242587601078 4.70289146527273e-11
0.00338611859838275 4.70246674840716e-11
0.00341981132075472 4.03031810089129e-11
0.00345350404312668 4.02994677700316e-11
0.00348719676549865 4.02957181268486e-11
0.00352088948787062 3.35766100661352e-11
0.00355458221024259 3.02160822206799e-11
0.00358827493261455 3.35702089762345e-11
0.00362196765498652 3.02102666333144e-11
0.00365566037735849 3.3563686538658e-11
0.00368935309973046 3.02043418330417e-11
0.00372304582210243 3.0201338478065e-11
0.00375673854447439 3.35536753554009e-11
0.00379043126684636 3.6905305382525e-11
0.00382412398921833 3.69015345034973e-11
0.0038578167115903 4.02520693678479e-11
0.00389150943396226 4.69558633518698e-11
0.00392520215633423 4.02436599739114e-11
0.0039588948787062 3.68861172812828e-11
0.00399258760107817 3.68821795492008e-11
0.00402628032345013 4.02307728507369e-11
0.0040599730458221 3.6874203973206e-11
0.00409366576819407 4.02219994137734e-11
0.00412735849056604 4.02175580888386e-11
0.00416105121293801 3.35109002996658e-11
0.00419474393530997 4.35592800782302e-11
0.00422843665768194 4.3554350328898e-11
0.00426212938005391 4.68993335370778e-11
0.00429582210242588 5.02435067495213e-11
0.00432951482479784 4.68885032570088e-11
0.00436320754716981 4.35342369516281e-11
0.00439690026954178 4.68775030901936e-11
0.00443059299191375 4.68719392992574e-11
0.00446428571428571 4.68663330366322e-11
0.00449797843665768 3.34719173588012e-11
0.00453167115902965 3.34678522116605e-11
0.00456536388140162 2.67710053820806e-11
0.00459905660377359 1.67298154533115e-11
0.00463274932614555 1.00366424246174e-11
0.00466644204851752 2.00707729523453e-11
0.00470013477088949 2.34129499955201e-11
0.00473382749326146 2.67542594028143e-11
0.00476752021563342 2.34069827235617e-11
0.00480121293800539 1.6717119452726e-11
0.00483490566037736 1.67149503630207e-11
0.00486859838274933 2.00553193258261e-11
0.00490229110512129 2.00526800138766e-11
0.00493598382749326 1.67083520831463e-11
0.00496967654986523 2.00473467835233e-11
0.0050033692722372 2.33854283426401e-11
0.00503706199460916 2.67225876594193e-11
0.00507075471698113 2.00392104218585e-11
0.0051044474393531 2.00364618970001e-11
0.00513814016172507 2.33726443649894e-11
0.00517183288409704 3.33848504013839e-11
0.005205525606469 3.00421606642775e-11
0.00523921832884097 2.33628334053981e-11
0.00527291105121294 2.3359520613847e-11
0.00530660377358491 2.00195885026747e-11
0.00534029649595687 2.33528313232161e-11
0.00537398921832884 3.00207276310318e-11
0.00540768194070081 3.66866611401906e-11
0.00544137466307278 4.33506136485413e-11
0.00547506738544474 4.66783958236716e-11
0.00550876010781671 3.66704430233142e-11
0.00554245283018868 5.33308658081958e-11
0.00557614555256065 4.99901783077382e-11
0.00560983827493262 4.99826244149196e-11
0.00564353099730458 5.99700300200623e-11
0.00567722371967655 6.3292014809978e-11
0.00571091644204852 6.66129196055803e-11
0.00574460916442049 7.32628655584451e-11
0.00577830188679245 7.99106757922189e-11
0.00581199460916442 7.98981527120678e-11
0.00584568733153639 7.6556991955681e-11
0.00587938005390836 8.65289621364559e-11
0.00591307277628032 8.98426649474953e-11
0.00594676549865229 9.64821932023931e-11
0.00598045822102426 9.64666212618881e-11
0.00601415094339623 1.09754542219399e-10
0.00604784366576819 1.09736622201369e-10
0.00608153638814016 1.13043408194888e-10
0.00611522911051213 1.13024738854957e-10
0.0061489218328841 1.19653376155945e-10
0.00618261455525606 1.19633390193737e-10
0.00621630727762803 1.22935886546909e-10
0.00625 1.29559181516472e-10
0.00628369272237197 1.39501573201255e-10
0.00631738544474394 1.39477746585111e-10
0.0063510781671159 1.46094449342177e-10
0.00638477088948787 1.59348241265857e-10
0.00641846361185984 1.56001395370857e-10
0.00645215633423181 1.55974161918698e-10
0.00648584905660377 1.62582819324871e-10
0.00651954177897574 1.72506423355736e-10
0.00655323450134771 1.85743190200505e-10
0.00658692722371968 1.92342564509459e-10
0.00662061994609164 1.98939390517225e-10
0.00665431266846361 2.0884870889297e-10
0.00668800539083558 2.1543978302089e-10
0.00672169811320755 2.220282512075e-10
0.00675539083557952 2.38553838522349e-10
0.00678908355795148 2.48447848888787e-10
0.00682277628032345 2.61649989174251e-10
0.00685646900269542 2.78158384557137e-10
0.00689016172506739 2.94660351546909e-10
0.00692385444743935 3.17776181758112e-10
0.00695754716981132 3.4088299280335e-10
0.00699123989218329 3.54053974039316e-10
0.00702493261455526 3.73836164016364e-10
0.00705862533692722 3.96918071484811e-10
0.00709231805929919 4.23297730612288e-10
0.00712601078167116 4.46360410541499e-10
0.00715970350404313 4.76025158698038e-10
0.00719339622641509 5.05677866131503e-10
0.00722708894878706 5.35318450932074e-10
0.00726078167115903 5.71554396467278e-10
0.007294474393531 6.01169179718328e-10
0.00732816711590297 6.40678995689947e-10
0.00736185983827493 6.73568771843444e-10
0.0073955525606469 7.19649245196513e-10
0.00742924528301887 7.6571041213445e-10
0.00746293800539084 8.18351756178909e-10
0.0074966307277628 8.57774317104249e-10
0.00753032345013477 9.13672166732823e-10
0.00756401617250674 9.72843898932561e-10
0.00759770889487871 1.02539603119952e-09
0.00763140161725067 1.09111095980165e-09
0.00766509433962264 1.15679739900327e-09
0.00769878706199461 1.2356352763977e-09
0.00773247978436658 1.30785007724831e-09
0.00776617250673855 1.38662030938084e-09
0.00779986522911051 1.47194156787451e-09
0.00783355795148248 1.56380941140449e-09
0.00786725067385445 1.66221936224151e-09
0.00790094339622642 1.76716690625202e-09
0.00793463611859838 1.86877719083401e-09
0.00796832884097035 1.98020961155374e-09
0.00800202156334232 2.09159141815829e-09
0.00803571428571428 2.2259379073424e-09
0.00806940700808625 2.356935794124e-09
0.00810309973045822 2.49773285199598e-09
0.00813679245283019 2.65160789631257e-09
0.00817048517520216 2.8119816752433e-09
0.00820417789757412 2.9887022023175e-09
0.00823787061994609 3.17190728453038e-09
0.00827156334231806 3.36487477555476e-09
0.00830525606469003 3.57087950750807e-09
0.00833894878706199 3.78006802441696e-09
0.00837264150943396 4.00884027931382e-09
0.00840633423180593 4.24734268881063e-09
0.0084400269541779 4.50540491866783e-09
0.00847371967654987 4.77973431686405e-09
0.00850741239892183 5.08015124785959e-09
0.0085411051212938 5.38697603012755e-09
0.00857479784366577 5.71003113957921e-09
0.00860849056603774 6.05912973262458e-09
0.0086421832884097 6.42770341198299e-09
0.00867587601078167 6.81573716997928e-09
0.00870956873315364 7.22648875601359e-09
0.00874326145552561 7.65666850624695e-09
0.00877695417789758 8.10953236806556e-09
0.00881064690026954 8.59814451248075e-09
0.00884433962264151 9.11593803478794e-09
0.00887803234501348 9.66289002758011e-09
0.00891172506738544 1.02389774196284e-08
0.00894541778975741 1.08474442783836e-08
0.00897911051212938 1.15013307662161e-08
0.00901280323450135 1.21842727337275e-08
0.00904649595687331 1.29093058898316e-08
0.00908018867924528 1.36763964968407e-08
0.00911388140161725 1.44822473430938e-08
0.00914757412398922 1.53431387601149e-08
0.00918126684636119 1.62525032273656e-08
0.00921495956873315 1.7213561826004e-08
0.00924865229110512 1.82295320392384e-08
0.00928234501347709 1.93101459146917e-08
0.00931603773584906 2.04586086248472e-08
0.00934973045822102 2.16455474295629e-08
0.00938342318059299 2.2926290526967e-08
0.00941711590296496 2.42779708465572e-08
0.00945080862533693 2.57005287307787e-08
0.0094845013477089 2.72004121757446e-08
0.00951819407008086 2.87938214477952e-08
0.00955188679245283 3.0483929953616e-08
0.0095855795148248 3.22609013199589e-08
0.00961927223719677 3.41441642843903e-08
0.00965296495956873 3.61238787968215e-08
0.0096866576819407 3.82227031399865e-08
0.00972035040431267 4.0443782737799e-08
0.00975404312668464 4.27772704413456e-08
0.00978773584905661 4.52490373689326e-08
0.00982142857142857 4.78589630678321e-08
0.00985512129380054 5.06263930007672e-08
0.00988881401617251 5.35252406633595e-08
0.00992250673854447 5.6604028585353e-08
0.00995619946091644 5.98431476003425e-08
0.00998989218328841 6.32716222140332e-08
0.0100235849056604 6.68828038607802e-08
0.0100572776280323 7.06992017719781e-08
0.0100909703504043 7.47303460878831e-08
0.0101246630727763 7.89857548625259e-08
0.0101583557951482 8.34716976320685e-08
0.0101920485175202 8.82073770269369e-08
0.0102257412398922 9.32022687902924e-08
0.0102594339622642 9.84593690125406e-08
0.0102931266846361 1.04020460501444e-07
0.0103268194070081 1.09875568629304e-07
0.0103605121293801 1.16053497792289e-07
0.010394204851752 1.22560408028487e-07
0.010427897574124 1.29431510374869e-07
0.010461590296496 1.36669692755637e-07
0.0104952830188679 1.44297199500147e-07
0.0105289757412399 1.52333020246396e-07
0.0105626684636119 1.60809020207835e-07
0.0105963611859838 1.69734454808753e-07
0.0106300539083558 1.79150797875384e-07
0.0106637466307278 1.89070470302537e-07
0.0106974393530997 1.99518760066277e-07
0.0107311320754717 2.105273621019e-07
0.0107648247978437 2.22121490842685e-07
0.0107985175202156 2.34335981696922e-07
0.0108322102425876 2.47199188994384e-07
0.0108659029649596 2.60742644812768e-07
0.0108995956873315 2.75010700257172e-07
0.0109332884097035 2.90025145986679e-07
0.0109669811320755 3.05843089569982e-07
0.0110006738544474 3.2248943783009e-07
0.0110343665768194 3.40005118910915e-07
0.0110680592991914 3.58453478236566e-07
0.0111017520215633 3.77865680987013e-07
0.0111354447439353 3.98295306725133e-07
0.0111691374663073 4.19779823519563e-07
0.0112028301886792 4.42401536650569e-07
0.0112365229110512 4.66194557499428e-07
0.0112702156334232 4.91218582370397e-07
0.0113039083557951 5.17558851505322e-07
0.0113376010781671 5.45236438589576e-07
0.0113712938005391 5.7435561873523e-07
0.0114049865229111 6.04982118943273e-07
0.011438679245283 6.37184770920145e-07
0.011472371967655 6.71035505283658e-07
0.011506064690027 7.06622135032718e-07
0.0115397574123989 7.44029151172208e-07
0.0115734501347709 7.83344117565096e-07
0.0116071428571429 8.24670441717859e-07
0.0116408355795148 8.68095416175437e-07
0.0116745283018868 9.13731741183052e-07
0.0117082210242588 9.61672806935506e-07
0.0117419137466307 1.01205014417484e-06
0.0117756064690027 1.06496639196742e-06
0.0118092991913747 1.12054635029778e-06
0.0118429919137466 1.17893694179815e-06
0.0118766846361186 1.24024982970128e-06
0.0119103773584906 1.30462835352662e-06
0.0119440700808625 1.37224110708658e-06
0.0119777628032345 1.44321506096746e-06
0.0120114555256065 1.51773107446966e-06
0.0120451482479784 1.59595383432187e-06
0.0120788409703504 1.67806367284196e-06
0.0121125336927224 1.76424382635046e-06
0.0121462264150943 1.85468042795059e-06
0.0121799191374663 1.949581556265e-06
0.0122136118598383 2.04916132066817e-06
0.0122473045822102 2.15363667443948e-06
0.0122809973045822 2.26323692523953e-06
0.0123146900269542 2.37819736766156e-06
0.0123483827493261 2.49878146323739e-06
0.0123820754716981 2.6252459250066e-06
0.0124157681940701 2.75787240859535e-06
0.012449460916442 2.89693579362265e-06
0.012483153638814 3.04274535026075e-06
0.012516846361186 3.19561302581329e-06
0.012550539083558 3.35586609105179e-06
0.0125842318059299 3.5238407836211e-06
0.0126179245283019 3.69989177226346e-06
0.0126516172506739 3.88440160043337e-06
0.0126853099730458 4.07775219859832e-06
0.0127190026954178 4.28035014499905e-06
0.0127526954177898 4.49260767450489e-06
0.0127863881401617 4.71497737657117e-06
0.0128200808625337 4.94792057008211e-06
0.0128537735849057 5.19191358847096e-06
0.0128874663072776 5.44745405080224e-06
0.0129211590296496 5.71507026982211e-06
0.0129548517520216 5.99531488884726e-06
0.0129885444743935 6.28872704414744e-06
0.0130222371967655 6.59592995960873e-06
0.0130559299191375 6.91753638905599e-06
0.0130896226415094 7.25417379002117e-06
0.0131233153638814 7.60652201742728e-06
0.0131570080862534 7.97528807343469e-06
0.0131907008086253 8.36119033865291e-06
0.0132243935309973 8.7649962278936e-06
0.0132580862533693 9.18748127607185e-06
0.0132917789757412 9.62948559951116e-06
0.0133254716981132 1.00918698449705e-05
0.0133591644204852 1.05755276822928e-05
0.0133928571428571 1.10813919987196e-05
0.0134265498652291 1.16104316781728e-05
0.0134602425876011 1.21636577836119e-05
0.013493935309973 1.27421203315281e-05
0.013527628032345 1.33469238513322e-05
0.013561320754717 1.3979192851765e-05
0.0135950134770889 1.46401280578567e-05
0.0136287061994609 1.53309656080051e-05
0.0136623989218329 1.60529925923107e-05
0.0136960916442049 1.68075469355449e-05
0.0137297843665768 1.7596023524022e-05
0.0137634770889488 1.84198647113229e-05
0.0137971698113208 1.92805882838509e-05
0.0138308625336927 2.01797498674662e-05
0.0138645552560647 2.11189895918673e-05
0.0138982479784367 2.21000100871254e-05
0.0139319407008086 2.31245638762092e-05
0.0139656334231806 2.41944968417677e-05
0.0139993261455526 2.53117106651196e-05
0.0140330188679245 2.64781844654715e-05
0.0140667115902965 2.76959870556769e-05
0.0141004043126685 2.89672456465203e-05
0.0141340970350404 3.02942109518682e-05
0.0141677897574124 3.16791668315939e-05
0.0142014824797844 3.31245419628882e-05
0.0142351752021563 3.46328257166036e-05
0.0142688679245283 3.62066114284651e-05
0.0143025606469003 3.78485961488641e-05
0.0143362533692722 3.95615834906649e-05
0.0143699460916442 4.13484678777659e-05
0.0144036388140162 4.32122745771603e-05
0.0144373315363881 4.51561284268661e-05
0.0144710242587601 4.71832938114444e-05
0.0145047169811321 4.92971402995845e-05
0.014538409703504 5.15011794773042e-05
0.014572102425876 5.37990522373229e-05
0.014605795148248 5.61945315435856e-05
0.0146394878706199 5.86915251859606e-05
0.0146731805929919 6.12941124768771e-05
0.0147068733153639 6.40065037202294e-05
0.0147405660377358 6.68330799621649e-05
0.0147742587601078 6.97783679024294e-05
0.0148079514824798 7.28470764916298e-05
0.0148416442048518 7.6044093391367e-05
0.0148753369272237 7.93744783611171e-05
0.0149090296495957 8.28434689672524e-05
0.0149427223719677 8.64565108802729e-05
0.0149764150943396 9.0219245044986e-05
0.0150101078167116 9.41375102458286e-05
0.0150438005390836 9.82173671638009e-05
0.0150774932614555 0.000102465094730878
0.0151111859838275 0.000106887186489251
0.0151448787061995 0.000111490380700483
0.0151785714285714 0.000116281671971136
0.0152122641509434 0.000121268270736415
0.0152459568733154 0.000126457682328905
0.0152796495956873 0.000131857651089761
0.0153133423180593 0.000137476214815922
0.0153470350404313 0.000143321682566895
0.0153807277628032 0.000149402661455092
0.0154144204851752 0.000155728071129804
0.0154481132075472 0.000162307136827734
0.0154818059299191 0.000169149400758693
0.0155154986522911 0.000176264742611026
0.0155491913746631 0.000183663390839449
0.015582884097035 0.00019135591256584
0.015616576819407 0.000199353258370265
0.015650269541779 0.000207666752104524
0.0156839622641509 0.000216308095953146
0.0157176549865229 0.000225289408956685
0.0157513477088949 0.000234623207606964
0.0157850404312668 0.000244322429064951
0.0158187331536388 0.000254400484702796
0.0158524258760108 0.000264871207139696
0.0158861185983828 0.000275748888526078
0.0159198113207547 0.00028704832781658
0.0159535040431267 0.000298784805078205
0.0159871967654987 0.000310974110448092
0.0160208894878706 0.000323632557840886
0.0160545822102426 0.000336777004664446
0.0160882749326146 0.000350424871466304
0.0161219676549865 0.000364594143348636
0.0161556603773585 0.00037930339254441
0.0161893530997305 0.000394571800914271
0.0162230458221024 0.00041041918236382
0.0162567385444744 0.000426865996117783
0.0162904312668464 0.000443933350881368
0.0163241239892183 0.000461643042173286
0.0163578167115903 0.000480017580483003
0.0163915094339623 0.00049908017410106
0.0164252021563342 0.000518854790338955
0.0164588948787062 0.000539366150281365
0.0164925876010782 0.000560639753642955
0.0165262803234501 0.000582701921588668
0.0165599730458221 0.000605579791282464
0.0165936657681941 0.000629301370557196
0.016627358490566 0.00065389551728159
0.016661051212938 0.000679391993849264
0.01669474393531 0.000705821509475269
0.0167284366576819 0.000733215702336641
0.0167621293800539 0.000761607196713051
0.0167958221024259 0.000791029605979667
0.0168295148247978 0.000821517580501561
0.0168632075471698 0.000853106834398856
0.0168969002695418 0.000885834160232077
0.0169305929919137 0.000919737458571054
0.0169642857142857 0.00095485579435294
0.0169979784366577 0.000991229381323232
0.0170316711590296 0.00102889965011976
0.0170653638814016 0.00106790927133935
0.0170990566037736 0.00110830217253612
0.0171327493261456 0.00115012358793591
0.0171664420485175 0.00119342009007995
0.0172001347708895 0.00123823961239937
0.0172338274932615 0.00128463149550326
0.0172675202156334 0.00133264652435823
0.0173012129380054 0.00138233694746691
0.0173349056603774 0.00143375652864987
0.0173685983827493 0.00148696059268165
0.0174022911051213 0.00154200604104572
0.0174359838274933 0.00159895139727832
0.0174696765498652 0.00165785688179072
0.0175033692722372 0.00171878437670935
0.0175370619946092 0.00178179755376098
0.0175707547169811 0.00184696186546831
0.0176044474393531 0.0019143446014461
0.0176381401617251 0.0019840149148818
0.017671832884097 0.00205604389027832
0.017705525606469 0.00213050458432942
0.017739218328841 0.00220747207547033
0.0177729110512129 0.00228702347778489
0.0178066037735849 0.0023692380492331
0.0178402964959569 0.00245419717561091
0.0178739892183288 0.0025419844782905
0.0179076819407008 0.00263268580961074
0.0179413746630728 0.00272638935420965
0.0179750673854447 0.00282318564168448
0.0180087601078167 0.00292316762384084
0.0180424528301887 0.00302643073104986
0.0180761455525606 0.00313307289309551
0.0181098382749326 0.00324319462447305
0.0181435309973046 0.00335689908879217
0.0181772237196766 0.00347429211890127
0.0182109164420485 0.00359548231307607
0.0182446091644205 0.00372058107221528
0.0182783018867925 0.00384970266026019
0.0183119946091644 0.00398296427603036
0.0183456873315364 0.00412048611010913
0.0183793800539084 0.00426239139268358
0.0184130727762803 0.00440880647326937
0.0184467654986523 0.0045598608971541
0.0184804582210243 0.00471568741437179
0.0185141509433962 0.00487642211687403
0.0185478436657682 0.00504220447312173
0.0185815363881402 0.0052131773682829
0.0186152291105121 0.00538948723444007
0.0186489218328841 0.00557128404931918
0.0186826145552561 0.00575872146576811
0.018716307277628 0.00595195683605105
0.01875 0.0061511513201867
0.018783692722372 0.00635646994154518
0.0188173854447439 0.00656808165662475
0.0188510781671159 0.0067861594331882
0.0188847708894879 0.00701088032509185
0.0189184636118598 0.00724242554962081
0.0189521563342318 0.00748098056154302
0.0189858490566038 0.00772673511808807
0.0190195417789757 0.00797988338114278
0.0190532345013477 0.00824062398717145
0.0190869272237197 0.00850916010809057
0.0191206199460916 0.00878569954641246
0.0191543126684636 0.00907045481836026
0.0191880053908356 0.00936364323367203
0.0192216981132075 0.00966548696919901
0.0192553908355795 0.00997621315071933
0.0192890835579515 0.0102960539400584
0.0193227762803235 0.0106252466332406
0.0193564690026954 0.010964033715017
0.0193901617250674 0.0113126629733256
0.0194238544474394 0.0116713875471742
0.0194575471698113 0.0120404660544785
0.0194912398921833 0.012420162636123
0.0195249326145553 0.0128107470913588
0.0195586253369272 0.0132124949123197
0.0195923180592992 0.0136256874069219
0.0196260107816712 0.0140506117639157
0.0196597035040431 0.0144875611718245
0.0196933962264151 0.0149368348658332
0.0197270889487871 0.0153987382456515
0.019760781671159 0.0158735829471009
0.019794474393531 0.0163616869559916
0.019828167115903 0.0168633746472866
0.0198618598382749 0.0173789769206872
0.0198955525606469 0.0179088312928388
0.0199292452830189 0.0184532819349234
0.0199629380053908 0.0190126798064939
0.0199966307277628 0.019587382734619
0.0200303234501348 0.0201777554924999
0.0200640161725067 0.0207841698973981
0.0200977088948787 0.0214070048937514
0.0201314016172507 0.0220466466385947
0.0201650943396226 0.0227034885977058
0.0201987870619946 0.0233779316354596
0.0202324797843666 0.0240703840729855
0.0202661725067385 0.024781261816481
0.0202998652291105 0.0255109884056947
0.0203335579514825 0.0262599951381089
0.0203672506738544 0.0270287211049909
0.0204009433962264 0.0278176133228132
0.0204346361185984 0.0286271267793787
0.0204683288409703 0.0294577245470307
0.0205020215633423 0.0303098778248233
0.0205357142857143 0.0311840660870275
0.0205694070080863 0.0320807770706099
0.0206030997304582 0.0330005069393533
0.0206367924528302 0.0339437603151417
0.0206704851752022 0.0349110503480415
0.0207041778975741 0.0359028988250143
0.0207378706199461 0.0369198362190971
0.0207715633423181 0.0379624017772141
0.02080525606469 0.0390311435765101
0.020838948787062 0.0401266186081263
0.020872641509434 0.0412493928295488
0.0209063342318059 0.0424000412498661
0.0209400269541779 0.0435791479697333
0.0209737196765499 0.0447873062598473
0.0210074123989218 0.046025118652654
0.0210411051212938 0.0472931969330949
0.0210747978436658 0.0485921622458967
0.0211084905660377 0.049922645129755
0.0211421832884097 0.0512852855843073
0.0211758760107817 0.0526807331142669
0.0212095687331536 0.0541096467841043
0.0212432614555256 0.0555726952471573
0.0212769541778976 0.0570705567990926
0.0213106469002695 0.0586039194059414
0.0213443396226415 0.060173480795168
0.0213780323450135 0.0617799484132824
0.0214117250673854 0.063424039510275
0.0214454177897574 0.0651064811460398
0.0214791105121294 0.0668280102432173
0.0215128032345013 0.0685893735842066
0.0215464959568733 0.0703913278354235
0.0215801886792453 0.0722346395819697
0.0216138814016173 0.0741200853259477
0.0216475741239892 0.076048451503609
0.0216812668463612 0.0780205344882891
0.0217149595687332 0.0800371405928671
0.0217486522911051 0.0820990860908794
0.0217823450134771 0.0842071971577687
0.0218160377358491 0.0863623099432924
0.021849730458221 0.0885652704899
0.021883423180593 0.0908169347658759
0.021917115902965 0.0931181685968172
0.0219508086253369 0.0954698476924819
0.0219845013477089 0.097872857612928
0.0220181940700809 0.10032809366634
0.0220518867924528 0.102836460981099
0.0220855795148248 0.105398874386457
0.0221192722371968 0.108016258377626
0.0221529649595687 0.110689547107776
0.0221866576819407 0.113419684295333
0.0222203504043127 0.116207623141961
0.0222540431266846 0.119054326345543
0.0222877358490566 0.121960765968866
0.0223214285714286 0.124927923376066
0.0223551212938005 0.127956789144537
0.0223888140161725 0.131048363028274
0.0224225067385445 0.134203653796272
0.0224561994609164 0.137423679219988
0.0224898921832884 0.140709465873967
0.0225235849056604 0.144062049133849
0.0225572776280323 0.147482472982457
0.0225909703504043 0.150971789945539
0.0226246630727763 0.154531060927955
0.0226583557951483 0.15816135513844
0.0226920485175202 0.161863749901793
0.0227257412398922 0.165639330546318
0.0227594339622642 0.169489190251231
0.0227931266846361 0.173414429899471
0.0228268194070081 0.177416157936116
0.0228605121293801 0.181495490173646
0.022894204851752 0.18565354963729
0.022927897574124 0.189891466387013
0.022961590296496 0.194210377366232
0.0229952830188679 0.198611426149593
0.0230289757412399 0.203095762800538
0.0230626684636119 0.20766454368918
0.0230963611859838 0.21231893121233
0.0231300539083558 0.217060093660113
0.0231637466307278 0.221889204929173
0.0231974393530997 0.22680744436118
0.0232311320754717 0.231815996462513
0.0232648247978437 0.236916050704111
0.0232985175202156 0.24210880125039
0.0233322102425876 0.247395446721055
0.0233659029649596 0.252777189926555
0.0233995956873315 0.258255237620861
0.0234332884097035 0.263830800217599
0.0234669811320755 0.26950509153116
0.0235006738544474 0.275279328478834
0.0235343665768194 0.281154730805142
0.0235680592991914 0.287132520781099
0.0236017520215633 0.293213922901233
0.0236354447439353 0.299400163587658
0.0236691374663073 0.305692470868455
0.0237028301886792 0.312092074065467
0.0237365229110512 0.318600203467215
0.0237702156334232 0.32521808998746
0.0238039083557951 0.331946964867359
0.0238376010781671 0.338788059265499
0.0238712938005391 0.345742603981118
0.0239049865229111 0.352811829042043
0.023938679245283 0.359996963388666
0.023972371967655 0.367299234483255
0.024006064690027 0.374719867936687
0.0240397574123989 0.382260087137202
0.0240734501347709 0.389921112890243
0.0241071428571429 0.397704162988031
0.0241408355795148 0.405610451848196
0.0241745283018868 0.413641190099109
0.0242082210242588 0.421797584204423
0.0242419137466307 0.430080835994817
0.0242756064690027 0.438492142322288
0.0243092991913747 0.447032694613897
0.0243429919137466 0.455703678431311
0.0243766846361186 0.464506273073321
0.0244103773584906 0.473441651130796
0.0244440700808625 0.482510978042433
0.0244777628032345 0.491715411682105
0.0245114555256065 0.501056101875233
0.0245451482479784 0.510534189982884
0.0245788409703504 0.520150808443015
0.0246125336927224 0.529907080316153
0.0246462264150943 0.539804118794451
0.0246799191374663 0.549843026817069
0.0247136118598383 0.560024896506843
0.0247473045822102 0.570350808785534
0.0247809973045822 0.580821832866833
0.0248146900269542 0.591439025763755
0.0248483827493261 0.602203431861912
0.0248820754716981 0.613116082413042
0.0249157681940701 0.624177995050708
0.0249494609164421 0.635390173316998
0.024983153638814 0.646753606188854
0.025016846361186 0.658269267592408
0.025050539083558 0.669938115884263
0.0250842318059299 0.681761093406733
0.0251179245283019 0.693739125995726
0.0251516172506739 0.705873122458146
0.0251853099730458 0.718163974119816
0.0252190026954178 0.730612554333546
0.0252526954177898 0.743219717971415
0.0252863881401617 0.755986300943045
0.0253200808625337 0.768913119723892
0.0253537735849057 0.782000970867994
0.0253874663072776 0.795250630474547
0.0254211590296496 0.808662853781103
0.0254548517520216 0.822238374626902
0.0254885444743935 0.835977904974344
0.0255222371967655 0.849882134455633
0.0255559299191375 0.863951729876431
0.0255896226415094 0.878187334751984
0.0256233153638814 0.89258956883075
0.0256570080862534 0.90715902761094
0.0256907008086253 0.921896281903133
0.0257243935309973 0.936801877347292
0.0257580862533693 0.951876333970758
0.0257917789757412 0.967120145717136
0.0258254716981132 0.982533780001593
0.0258591644204852 0.998117677286272
0.0258928571428571 1.01387225059654
0.0259265498652291 1.02979788512051
0.0259602425876011 1.04589493775742
0.025993935309973 1.06216373673972
0.026027628032345 1.07860458113674
0.026061320754717 1.09521774048997
0.026095013477089 1.11200345441284
0.0261287061994609 1.1289619321719
0.0261623989218329 1.14609335229399
0.0261960916442049 1.16339786217983
0.0262297843665768 1.18087557773601
0.0262634770889488 1.19852658299858
0.0262971698113208 1.21635092975945
0.0263308625336927 1.23434863721881
0.0263645552560647 1.25251969163713
0.0263982479784367 1.27086404600809
0.0264319407008086 1.28938161970612
0.0264656334231806 1.30807229819357
0.0264993261455526 1.32693593267466
0.0265330188679245 1.34597233982352
0.0265667115902965 1.3651813014835
0.0266004043126685 1.3845625643607
0.0266340970350404 1.40411583980382
0.0266677897574124 1.42384080350696
0.0267014824797844 1.44373709525232
0.0267351752021563 1.46380431868391
0.0267688679245283 1.48404204109688
0.0268025606469003 1.50444979317598
0.0268362533692722 1.52502706883403
0.0268699460916442 1.54577332498139
0.0269036388140162 1.56668798137931
0.0269373315363881 1.58777042043713
0.0269710242587601 1.60901998707763
0.0270047169811321 1.63043598856717
0.027038409703504 1.6520176944336
0.027072102425876 1.67376433625387
0.027105795148248 1.69567510765584
0.0271394878706199 1.71774916413754
0.0271731805929919 1.73998562304023
0.0272068733153639 1.76238356345856
0.0272405660377358 1.78494202617035
0.0272742587601078 1.80766001363948
0.0273079514824798 1.83053648996229
0.0273416442048518 1.8535703808463
0.0273753369272237 1.87676057364684
0.0274090296495957 1.9001059173214
0.0274427223719677 1.92360522253651
0.0274764150943396 1.94725726165894
0.0275101078167116 1.97106076881974
0.0275438005390836 1.99501444002464
0.0275774932614555 2.01911693318407
0.0276111859838275 2.04336686825716
0.0276448787061995 2.06776282737392
0.0276785714285714 2.09230335492864
0.0277122641509434 2.11698695776534
0.0277459568733154 2.1418121052989
0.0277796495956873 2.16677722976049
0.0278133423180593 2.19188072629425
0.0278470350404313 2.21712095323613
0.0278807277628032 2.24249623231093
0.0279144204851752 2.26800484886708
0.0279481132075472 2.29364505212323
0.0279818059299191 2.31941505544663
0.0280154986522911 2.34531303661394
0.0280491913746631 2.37133713812931
0.028082884097035 2.39748546750146
0.028116576819407 2.4237560976054
0.028150269541779 2.4501470670035
0.0281839622641509 2.47665638028984
0.0282176549865229 2.50328200846793
0.0282513477088949 2.53002188933895
0.0282850404312668 2.55687392787028
0.0283187331536388 2.58383599664684
0.0283524258760108 2.61090593625509
0.0283861185983827 2.63808155573125
0.0284198113207547 2.66536063305266
0.0284535040431267 2.69274091554021
0.0284871967654987 2.72022012037888
0.0285208894878706 2.74779593509218
0.0285545822102426 2.77546601804306
0.0285882749326146 2.80322799898242
0.0286219676549865 2.83107947954816
0.0286556603773585 2.85901803380684
0.0286893530997305 2.8870412088189
0.0287230458221024 2.91514652523254
0.0287567385444744 2.94333147780759
0.0287904312668464 2.97159353606101
0.0288241239892183 2.99993014482743
0.0288578167115903 3.02833872490424
0.0288915094339623 3.05681667364936
0.0289252021563342 3.0853613656448
0.0289588948787062 3.1139701533295
0.0289925876010782 3.14264036763544
0.0290262803234501 3.17136931869944
0.0290599730458221 3.20015429649865
0.0290936657681941 3.22899257156104
0.029127358490566 3.25788139563583
0.029161051212938 3.28681800243155
0.02919474393531 3.3157996082982
0.0292284366576819 3.34482341295483
0.0292621293800539 3.3738866002347
0.0292958221024259 3.40298633880255
0.0293295148247978 3.43211978289554
0.0293632075471698 3.46128407309252
0.0293969002695418 3.4904763370574
0.0294305929919137 3.51969369030561
0.0294642857142857 3.54893323698348
0.0294979784366577 3.57819207062023
0.0295316711590296 3.60746727492343
0.0295653638814016 3.63675592457487
0.0295990566037736 3.66605508599934
0.0296327493261456 3.69536181816677
0.0296664420485175 3.72467317339782
0.0297001347708895 3.75398619816123
0.0297338274932615 3.78329793387431
0.0297675202156334 3.81260541772433
0.0298012129380054 3.84190568345027
0.0298349056603774 3.87119576218692
0.0298685983827493 3.90047268326901
0.0299022911051213 3.92973347504932
0.0299359838274933 3.95897516566969
0.0299696765498652 3.98819478397975
0.0300033692722372 4.01738936026416
0.0300370619946092 4.04655592706869
0.0300707547169811 4.07569152007912
0.0301044474393531 4.10479317885719
0.0301381401617251 4.13385794772231
0.030171832884097 4.16288287652161
0.030205525606469 4.19186502146281
0.030239218328841 4.22080144591197
0.0302729110512129 4.24968922120471
0.0303066037735849 4.27852542745638
0.0303402964959569 4.30730715434246
0.0303739892183288 4.33603150191047
0.0304076819407008 4.36469558137041
0.0304413746630728 4.39329651587269
0.0304750673854447 4.42183144130711
0.0305087601078167 4.45029750705805
0.0305424528301887 4.4786918767837
0.0305761455525606 4.50701172921314
0.0306098382749326 4.53525425883688
0.0306435309973046 4.56341667672489
0.0306772237196766 4.59149621125479
0.0307109164420485 4.61949010882461
0.0307446091644205 4.64739563461234
0.0307783018867925 4.67521007329334
0.0308119946091644 4.70293072973398
0.0308456873315364 4.73055492972781
0.0308793800539084 4.75808002067803
0.0309130727762803 4.78550337228706
0.0309467654986523 4.81282237724264
0.0309804582210243 4.84003445186804
0.0310141509433962 4.8671370368002
0.0310478436657682 4.89412759763401
0.0310815363881402 4.92100362554793
0.0311152291105121 4.94776263796167
0.0311489218328841 4.97440217910833
0.0311826145552561 5.00091982068182
0.031216307277628 5.0273131623995
0.03125 5.05357983260146
0.031283692722372 5.07971748882555
0.0313173854447439 5.10572381833239
0.0313510781671159 5.13159653869526
0.0313847708894879 5.15733339828926
0.0314184636118598 5.18293217684531
0.0314521563342318 5.20839068593485
0.0314858490566038 5.23370676945747
0.0315195417789757 5.25887830415371
0.0315532345013477 5.28390320003229
0.0315869272237197 5.30877940084963
0.0316206199460916 5.33350488453234
0.0316543126684636 5.35807766360458
0.0316880053908356 5.38249578559891
0.0317216981132075 5.40675733346364
0.0317553908355795 5.43086042591751
0.0317890835579515 5.45480321784082
0.0318227762803234 5.47858390061605
0.0318564690026954 5.50220070246908
0.0318901617250674 5.52565188877932
0.0319238544474394 5.54893576240467
0.0319575471698113 5.57205066395992
0.0319912398921833 5.59499497211196
0.0320249326145553 5.61776710380752
0.0320586253369272 5.6403655145652
0.0320923180592992 5.66278869866113
0.0321260107816712 5.68503518939723
0.0321597035040431 5.70710355924861
0.0321933962264151 5.7289924200832
0.0322270889487871 5.75070042331055
0.032260781671159 5.77222626008123
0.032294474393531 5.79356866137372
0.032328167115903 5.81472639814625
0.0323618598382749 5.83569828143478
0.0323955525606469 5.85648316245934
0.0324292452830189 5.87707993271527
0.0324629380053908 5.89748752400771
0.0324966307277628 5.91770490852105
0.0325303234501348 5.93773109883277
0.0325640161725067 5.95756514796853
0.0325977088948787 5.9772061493792
0.0326314016172507 5.99665323694608
0.0326650943396226 6.01590558493967
0.0326987870619946 6.03496240798908
0.0327324797843666 6.05382296105212
0.0327661725067385 6.07248653930833
0.0327998652291105 6.09095247811374
0.0328335579514825 6.10922015288123
0.0328672506738545 6.12728897896983
0.0329009433962264 6.14515841159112
0.0329346361185984 6.16282794563773
0.0329683288409704 6.18029711556984
0.0330020215633423 6.19756549522196
0.0330357142857143 6.21463269763891
0.0330694070080863 6.23149837489689
0.0331030997304582 6.2481622178774
0.0331367924528302 6.26462395608575
0.0331704851752022 6.28088335740178
0.0332041778975741 6.29694022785046
0.0332378706199461 6.31279441134679
0.0332715633423181 6.32844578945363
0.03330525606469 6.34389428107436
0.033338948787062 6.35913984222689
0.033372641509434 6.3741824656688
0.0334063342318059 6.38902218066499
0.0334400269541779 6.40365905262176
0.0334737196765499 6.4180931827938
0.0335074123989218 6.43232470792762
0.0335411051212938 6.44635379992073
0.0335747978436658 6.4601806654797
0.0336084905660377 6.47380554572841
0.0336421832884097 6.4872287158493
0.0336758760107817 6.50045048470119
0.0337095687331536 6.51347119443431
0.0337432614555256 6.52629122007365
0.0337769541778976 6.53891096911654
0.0338106469002695 6.55133088112327
0.0338443396226415 6.56355142729622
0.0338780323450135 6.57557311002565
0.0339117250673854 6.58739646249363
0.0339454177897574 6.5990220481944
0.0339791105121294 6.61045046049218
0.0340128032345014 6.62168232217585
0.0340464959568733 6.63271828498152
0.0340801886792453 6.64355902913779
0.0341138814016173 6.6542052628811
0.0341475741239892 6.66465772197918
0.0341812668463612 6.67491716925011
0.0342149595687332 6.68498439407926
0.0342486522911051 6.69486021190838
0.0342823450134771 6.70454546376707
0.0343160377358491 6.71404101574507
0.034349730458221 6.72334775850313
0.034383423180593 6.73246660676521
0.034417115902965 6.741398498801
0.0344508086253369 6.75014439592131
0.0344845013477089 6.75870528195415
0.0345181940700809 6.76708216273949
0.0345518867924528 6.77527606559585
0.0345855795148248 6.78328803881806
0.0346192722371968 6.79111915113466
0.0346529649595687 6.79877049119107
0.0346866576819407 6.80624316701961
0.0347203504043127 6.81353830555109
0.0347540431266846 6.82065705202632
0.0347877358490566 6.82760056952355
0.0348214285714286 6.8343700384145
0.0348551212938005 6.84096665581467
0.0348888140161725 6.84739163510106
0.0349225067385445 6.85364620536635
0.0349561994609164 6.85973161089245
0.0349898921832884 6.86564911062619
0.0350235849056604 6.87139997768088
0.0350572776280323 6.87698549879292
0.0350909703504043 6.88240697381856
0.0351246630727763 6.88766571520137
0.0351583557951482 6.89276304749018
0.0351920485175202 6.89770030680557
0.0352257412398922 6.90247884032739
0.0352594339622642 6.90710000580593
0.0352931266846361 6.91156517105702
0.0353268194070081 6.915875713456
0.0353605121293801 6.92003301945076
0.035394204851752 6.92403848405814
0.035427897574124 6.92789351039535
0.035461590296496 6.93159950917351
0.0354952830188679 6.93515789823621
0.0355289757412399 6.93857010207172
0.0355626684636119 6.94183755134346
0.0355963611859838 6.94496168243811
0.0356300539083558 6.94794393697587
0.0356637466307278 6.95078576138113
0.0356974393530997 6.95348860640706
0.0357311320754717 6.95605392670684
0.0357648247978437 6.95848318037593
0.0357985175202156 6.96077782853053
0.0358322102425876 6.96293933486391
0.0358659029649596 6.96496916521856
0.0358995956873315 6.96686878718287
0.0359332884097035 6.96863966966004
0.0359669811320755 6.97028328246934
0.0360006738544474 6.97180109593533
0.0360343665768194 6.97319458049719
0.0360680592991914 6.97446520632233
0.0361017520215633 6.97561444290492
0.0361354447439353 6.97664375871871
0.0361691374663073 6.97755462080106
0.0362028301886793 6.97834849443262
0.0362365229110512 6.97902684274933
0.0362702156334232 6.9795911263991
0.0363039083557952 6.98004280319678
0.0363376010781671 6.98038332778978
0.0363712938005391 6.98061415131309
0.036404986522911 6.98073672107555
0.036438679245283 6.98075248023739
0.036472371967655 6.98066286749531
0.036506064690027 6.98046931677964
0.0365397574123989 6.9801732569524
0.0365734501347709 6.97977611151143
0.0366071428571429 6.97927929832058
0.0366408355795148 6.97868422932867
0.0366745283018868 6.97799231028087
0.0367082210242588 6.97720494046218
0.0367419137466307 6.97632351245807
0.0367756064690027 6.97534941187582
0.0368092991913747 6.97428401712186
0.0368429919137466 6.9731286991537
0.0368766846361186 6.97188482124661
0.0369103773584906 6.97055373879373
0.0369440700808625 6.9691367990587
0.0369777628032345 6.96763534098232
0.0370114555256065 6.96605069498356
0.0370451482479784 6.9643841827444
0.0370788409703504 6.96263711704488
0.0371125336927224 6.96081080155039
0.0371462264150943 6.9589065306765
0.0371799191374663 6.95692558936925
0.0372136118598383 6.95486925297949
0.0372473045822102 6.95273878709413
0.0372809973045822 6.95053544737444
0.0373146900269542 6.94826047943389
0.0373483827493261 6.94591511868151
0.0373820754716981 6.94350059019434
0.0374157681940701 6.9410181086009
0.0374494609164421 6.93846887794897
0.037483153638814 6.9358540916054
0.037516846361186 6.93317493212713
0.037550539083558 6.93043257118511
0.0375842318059299 6.92762816945073
0.0376179245283019 6.92476287651504
0.0376516172506739 6.92183783079886
0.0376853099730458 6.91885415947779
0.0377190026954178 6.91581297840583
0.0377526954177898 6.91271539204931
0.0377863881401617 6.90956249343097
0.0378200808625337 6.90635536405046
0.0378537735849057 6.90309507386496
0.0378874663072776 6.89978268121436
0.0379211590296496 6.8964192328004
0.0379548517520216 6.89300576363154
0.0379885444743935 6.88954329700318
0.0380222371967655 6.88603284447307
0.0380559299191375 6.88247540582396
0.0380896226415094 6.87887196905872
0.0381233153638814 6.8752235103842
0.0381570080862534 6.87153099419584
0.0381907008086253 6.86779537308759
0.0382243935309973 6.86401758783864
0.0382580862533693 6.86019856742377
0.0382917789757412 6.85633922901583
0.0383254716981132 6.85244047800338
0.0383591644204852 6.8485032080016
0.0383928571428571 6.84452830087529
0.0384265498652291 6.84051662676219
0.0384602425876011 6.83646904410382
0.0384939353099731 6.83238639966261
0.038527628032345 6.82826952857146
0.038561320754717 6.8241192543654
0.0385950134770889 6.81993638901057
0.0386287061994609 6.81572173296781
0.0386623989218329 6.81147607522605
0.0386960916442049 6.80720019335598
0.0387297843665768 6.8028948535677
0.0387634770889488 6.79856081075067
0.0387971698113208 6.79419880854958
0.0388308625336927 6.78980957941337
0.0388645552560647 6.78539384466744
0.0388982479784367 6.78095231457083
0.0389319407008086 6.7764856883863
0.0389656334231806 6.77199465445768
0.0389993261455526 6.76747989027406
0.0390330188679245 6.76294206254467
0.0390667115902965 6.75838182728392
0.0391004043126685 6.75379982988497
0.0391340970350404 6.74919670519301
0.0391677897574124 6.74457307760273
0.0392014824797844 6.73992956112984
0.0392351752021563 6.73526675950051
0.0392688679245283 6.73058526624037
0.0393025606469003 6.72588566476001
0.0393362533692722 6.72116852844769
0.0393699460916442 6.71643442076532
0.0394036388140162 6.7116838953254
0.0394373315363881 6.70691749600921
0.0394710242587601 6.7021357570332
0.0395047169811321 6.69733920306655
0.039538409703504 6.69252834932046
0.039572102425876 6.68770370165134
0.039605795148248 6.68286575664732
0.03963948787062 6.67801500174026
0.0396731805929919 6.67315191530065
0.0397068733153639 6.66827696673743
0.0397405660377358 6.66339061660223
0.0397742587601078 6.65849331668672
0.0398079514824798 6.65358551013591
0.0398416442048518 6.64866763153748
0.0398753369272237 6.64374010703508
0.0399090296495957 6.63880335442531
0.0399427223719677 6.63385778326239
0.0399764150943396 6.62890379497604
0.0400101078167116 6.62394178294914
0.0400438005390836 6.618972132645
0.0400774932614555 6.61399522169761
0.0401111859838275 6.60901142002305
0.0401448787061995 6.60402108993065
0.0401785714285714 6.59902458620585
0.0402122641509434 6.59402225623922
0.0402459568733154 6.58901444010982
0.0402796495956873 6.58400147070226
0.0403133423180593 6.57898367380088
0.0403470350404313 6.57396136820346
0.0403807277628032 6.56893486580913
0.0404144204851752 6.56390447174169
0.0404481132075472 6.5588704844274
0.0404818059299191 6.5538331957139
0.0405154986522911 6.54879289097218
0.0405491913746631 6.54374984917849
0.040582884097035 6.53870434303886
0.040616576819407 6.53365663906824
0.040650269541779 6.52860699770221
0.0406839622641509 6.52355567339055
0.0407176549865229 6.51850291469457
0.0407513477088949 6.51344896438832
0.0407850404312669 6.50839405954567
0.0408187331536388 6.50333843164917
0.0408524258760108 6.49828230667437
0.0408861185983828 6.49322590518495
0.0409198113207547 6.48816944242867
0.0409535040431267 6.4831131284341
0.0409871967654987 6.47805716809503
0.0410208894878706 6.47300176126569
0.0410545822102426 6.46794710284351
0.0410882749326146 6.46289338287447
0.0411219676549865 6.45784078662313
0.0411556603773585 6.45278949467376
0.0411893530997305 6.44773968300159
0.0412230458221024 6.44269152307999
0.0412567385444744 6.43764518194388
0.0412904312668464 6.43260082228866
0.0413241239892183 6.42755860254568
0.0413578167115903 6.42251867696515
0.0413915094339623 6.41748119570053
0.0414252021563342 6.41244630487589
0.0414588948787062 6.40741414668978
0.0414925876010782 6.40238485946249
0.0415262803234501 6.39735857773892
0.0415599730458221 6.39233543235264
0.0415936657681941 6.38731555049646
0.041627358490566 6.38229905581063
0.041661051212938 6.37728606844236
0.04169474393531 6.3722767051249
0.0417284366576819 6.36727107924707
0.0417621293800539 6.36226930092063
0.0417958221024259 6.3572714770569
0.0418295148247978 6.35227771142807
0.0418632075471698 6.34728810473286
0.0418969002695418 6.34230275466958
0.0419305929919137 6.33732175599539
0.0419642857142857 6.33234520059256
0.0419979784366577 6.32737317752748
0.0420316711590297 6.32240577312661
0.0420653638814016 6.3174430710123
0.0420990566037736 6.31248515219096
0.0421327493261456 6.30753209509783
0.0421664420485175 6.30258397565044
0.0422001347708895 6.29764086731352
0.0422338274932615 6.29270284116071
0.0422675202156334 6.2877699659111
0.0423012129380054 6.28284230801026
0.0423349056603774 6.27791993165549
0.0423685983827493 6.27300289886895
0.0424022911051213 6.26809126953574
0.0424359838274933 6.26318510147058
0.0424696765498652 6.25828445044994
0.0425033692722372 6.25338937026732
0.0425370619946092 6.24849991279152
0.0425707547169811 6.24361612799259
0.0426044474393531 6.23873806400971
0.0426381401617251 6.23386576718461
0.042671832884097 6.22899928210713
0.042705525606469 6.2241386516565
0.042739218328841 6.21928391705555
0.0427729110512129 6.21443511789742
0.0428066037735849 6.20959229219509
0.0428402964959569 6.20475547642487
0.0428739892183288 6.19992470555614
0.0429076819407008 6.19510001309706
0.0429413746630728 6.19028143113084
0.0429750673854447 6.18546899035386
0.0430087601078167 6.18066272011118
0.0430424528301887 6.17586264842681
0.0430761455525606 6.17106880204892
0.0431098382749326 6.16628120647945
0.0431435309973046 6.16149988599889
0.0431772237196766 6.15672486372089
0.0432109164420485 6.15195616159022
0.0432446091644205 6.14719380045348
0.0432783018867925 6.1424378000609
0.0433119946091644 6.13768817909955
0.0433456873315364 6.13294495524092
0.0433793800539084 6.1282081451515
0.0434130727762803 6.12347776452227
0.0434467654986523 6.11875382810894
0.0434804582210243 6.11403634974273
0.0435141509433962 6.10932534236832
0.0435478436657682 6.10462081805905
0.0435815363881402 6.0999227880521
0.0436152291105121 6.09523126276879
0.0436489218328841 6.09054625183466
0.0436826145552561 6.08586776410722
0.043716307277628 6.08119580769482
0.04375 6.07653038998597
0.043783692722372 6.07187151766244
0.0438173854447439 6.0672191967228
0.0438510781671159 6.06257343250498
0.0438847708894879 6.05793422970857
0.0439184636118598 6.0533015924059
0.0439521563342318 6.0486755240703
0.0439858490566038 6.0440560275875
0.0440195417789757 6.03944310527966
0.0440532345013477 6.03483675891878
0.0440869272237197 6.03023698974434
0.0441206199460916 6.02564379848598
0.0441543126684636 6.02105718536776
0.0441880053908356 6.01647715013662
0.0442216981132076 6.01190369206962
0.0442553908355795 6.00733680999502
0.0442890835579515 6.00277650230118
0.0443227762803235 5.9982227669525
0.0443564690026954 5.99367560150758
0.0443901617250674 5.98913500313144
0.0444238544474394 5.98460096860066
0.0444575471698113 5.9800734943289
0.0444912398921833 5.97555257636774
0.0445249326145553 5.97103821042625
0.0445586253369272 5.96653039188195
0.0445923180592992 5.9620291157895
0.0446260107816712 5.95753437689534
0.0446597035040431 5.95304616964506
0.0446933962264151 5.94856448819392
0.0447270889487871 5.94408932642279
0.044760781671159 5.9396206779424
0.044794474393531 5.93515853610442
0.044828167115903 5.93070289400802
0.0448618598382749 5.92625374451875
0.0448955525606469 5.92181108026844
0.0449292452830189 5.91737489366435
0.0449629380053908 5.91294517690017
0.0449966307277628 5.9085219219631
0.0450303234501348 5.90410512064715
0.0450640161725067 5.89969476454926
0.0450977088948787 5.89529084508801
0.0451314016172507 5.89089335350255
0.0451650943396226 5.88650228086609
0.0451987870619946 5.88211761809079
0.0452324797843666 5.87773935592683
0.0452661725067385 5.87336748498334
0.0452998652291105 5.86900199572199
0.0453335579514825 5.86464287847116
0.0453672506738544 5.86029012342201
0.0454009433962264 5.85594372064658
0.0454346361185984 5.85160366009625
0.0454683288409704 5.84726993160535
0.0455020215633423 5.84294252489956
0.0455357142857143 5.83862142960134
0.0455694070080863 5.83430663523274
0.0456030997304582 5.82999813122034
0.0456367924528302 5.82569590690298
0.0456704851752022 5.82139995152903
0.0457041778975741 5.81711025426799
0.0457378706199461 5.81282680421015
0.0457715633423181 5.80854959037444
0.04580525606469 5.80427860170682
0.045838948787062 5.80001382708939
0.045872641509434 5.79575525534039
0.0459063342318059 5.79150287521932
0.0459400269541779 5.78725667542939
0.0459737196765499 5.78301664462033
0.0460074123989218 5.77878277139547
0.0460411051212938 5.77455504430902
0.0460747978436658 5.77033345187211
0.0461084905660377 5.7661179825562
0.0461421832884097 5.76190862479341
0.0461758760107817 5.75770536698027
0.0462095687331536 5.75350819748251
0.0462432614555256 5.74931710463633
0.0462769541778976 5.74513207674443
0.0463106469002695 5.7409531020903
0.0463443396226415 5.73678016892994
0.0463780323450135 5.73261326549672
0.0464117250673854 5.72845238001111
0.0464454177897574 5.72429750067004
0.0464791105121294 5.72014861565721
0.0465128032345014 5.71600571314438
0.0465464959568733 5.7118687812862
0.0465801886792453 5.70773780823408
0.0466138814016173 5.70361278212801
0.0466475741239892 5.69949369109915
0.0466812668463612 5.69538052327435
0.0467149595687332 5.69127326677877
0.0467486522911051 5.68717190973256
0.0467823450134771 5.68307644025471
0.0468160377358491 5.67898684646608
0.046849730458221 5.67490311648848
0.046883423180593 5.67082523844523
0.046917115902965 5.66675320046513
0.0469508086253369 5.66268699067977
0.0469845013477089 5.65862659722825
0.0470181940700809 5.65457200825742
0.0470518867924528 5.6505232119195
0.0470855795148248 5.64648019637857
0.0471192722371968 5.64244294980633
0.0471529649595687 5.63841146038598
0.0471866576819407 5.63438571631266
0.0472203504043127 5.63036570579457
0.0472540431266846 5.62635141704972
0.0472877358490566 5.62234283831421
0.0473214285714286 5.6183399578356
0.0473551212938005 5.61434276387933
0.0473888140161725 5.61035124472397
0.0474225067385445 5.60636538866693
0.0474561994609164 5.60238518402223
0.0474898921832884 5.59841061911943
0.0475235849056604 5.59444168230941
0.0475572776280324 5.59047836196025
0.0475909703504043 5.58652064645954
0.0476246630727763 5.58256852421408
0.0476583557951483 5.57862198365116
0.0476920485175202 5.5746810132191
0.0477257412398922 5.57074560138661
0.0477594339622641 5.56681573664391
0.0477931266846361 5.56289140750388
0.0478268194070081 5.55897260249934
0.0478605121293801 5.55505931018725
0.047894204851752 5.55115151914742
0.047927897574124 5.54724921798209
0.047961590296496 5.54335239531641
0.0479952830188679 5.53946103980004
0.0480289757412399 5.53557514010605
0.0480626684636119 5.53169468493199
0.0480963611859838 5.52781966299971
0.0481300539083558 5.52395006305433
0.0481637466307278 5.52008587386664
0.0481974393530997 5.51622708423315
0.0482311320754717 5.51237368297497
0.0482648247978437 5.50852565893716
0.0482985175202156 5.50468300099214
0.0483322102425876 5.500845698037
0.0483659029649596 5.49701373899463
0.0483995956873315 5.49318711281353
0.0484332884097035 5.48936580846891
0.0484669811320755 5.48554981496119
0.0485006738544474 5.4817391213172
0.0485343665768194 5.47793371659068
0.0485680592991914 5.4741335898609
0.0486017520215633 5.47033873023382
0.0486354447439353 5.46654912684247
0.0486691374663073 5.46276476884512
0.0487028301886792 5.45898564542816
0.0487365229110512 5.45521174580345
0.0487702156334232 5.4514430592106
0.0488039083557952 5.44767957491556
0.0488376010781671 5.44392128221075
0.0488712938005391 5.44016817041641
0.0489049865229111 5.43642022887816
0.048938679245283 5.43267744696965
0.048972371967655 5.42893981409068
0.049006064690027 5.42520731966843
0.0490397574123989 5.42147995315683
0.0490734501347709 5.4177577040371
0.0491071428571429 5.41404056181665
0.0491408355795148 5.41032851602991
0.0491745283018868 5.40662155623877
0.0492082210242588 5.40291967203178
0.0492419137466307 5.39922285302395
0.0492756064690027 5.39553108885759
0.0493092991913747 5.39184436920124
0.0493429919137466 5.388162683751
0.0493766846361186 5.3844860222291
0.0494103773584906 5.38081437438487
0.0494440700808625 5.3771477299941
0.0494777628032345 5.37348607885944
0.0495114555256065 5.36982941081018
0.0495451482479784 5.36617771570176
0.0495788409703504 5.36253098341684
0.0496125336927224 5.35888920386404
0.0496462264150943 5.35525236697892
0.0496799191374663 5.35162046272278
0.0497136118598383 5.34799348108398
0.0497473045822102 5.34437141207677
0.0497809973045822 5.34075424574174
0.0498146900269542 5.33714197214578
0.0498483827493262 5.33353458138175
0.0498820754716981 5.32993206356875
0.0499157681940701 5.32633440885199
0.049949460916442 5.32274160740242
0.049983153638814 5.31915364941708
