0 973.788926818963
0.00410997468263393 973.788926818962
0.00581238193719096 973.788926818944
0.00711868496814374 973.788926818714
0.00821994936526787 973.788926817051
0.0091901827761726 973.788926808265
0.0100673408282104 973.788926771063
0.010873970905021 973.788926637816
0.0116247638743819 973.788926219726
0.0123299240479018 973.788925042359
0.0129968811227509 973.788922013743
0.0136312439201568 973.788914801856
0.0142373699362875 973.788898739011
0.0148187244590955 973.788864999077
0.0153781171307311 973.788797713905
0.0159178634991753 973.78866961519
0.0164398987305357 973.78843571757
0.0169458597351141 973.788024510407
0.0174371458115729 973.787326112671
0.017914964302112 973.786176880159
0.0183803655523452 973.784340046751
0.0188342700875221 973.781482137132
0.0192774900239015 973.777145107033
0.019710746142993 973.77071444183
0.0201346816564207 973.761383761448
0.0205498734131697 973.74811681936
0.0209568411071227 973.729608121486
0.0213560549044312 973.704243699896
0.021747941810042 973.670063829081
0.0221328910191341 973.624729644123
0.0225112584445374 973.565495690105
0.0228833705701028 973.489190387004
0.0232495277487639 973.392206228793
0.0236100070400759 973.270501252798
0.0239650646634705 973.119612927811
0.0243149381289819 972.934685136578
0.0246598480958036 972.710508396361
0.025 972.441572900268
0.0253355854854766 972.122133404216
0.025666783666517 971.746284461214
0.0259937622455018 971.308044045119
0.0263166785056087 970.80144323448
0.0266356801951717 970.220619361795
0.0269509063178096 969.559909886027
0.0272624878403135 968.813944220564
0.0275705483285178 967.97773084212
0.0278752045199139 967.046737208978
0.0281765668405311 966.016960314669
0.028474739872575 964.884986076844
0.0287698227784375 963.648036189176
0.0290619096859548 962.304001523963
0.0293510900391533 960.851461642066
0.029637448918191 959.289690423966
0.0299210673317359 957.618648262324
0.0302020224846311 955.838961637034
0.0304803880233512 953.951891216614
0.0307562342614623 951.959289886952
0.0310296283870406 949.863552295725
0.0313006346537851 947.667557617866
0.0315693145573613 945.37460729672
0.0318357269983507 942.98835950249
0.0320999284330262 940.512761981309
0.0323619730130488 937.951984853789
0.032621912715063 935.310354770532
0.0328797974610715 932.592291653876
0.0331356752303763 929.802249059582
0.0333895921637996 926.944658988354
0.0336415926608232 924.02388177305
0.0338917194702283 921.044161470208
0.0341400137747562 918.009586999717
0.0343865152702688 914.924059108507
0.0346312622398365 911.791263086157
0.0348742916231458 908.614647034153
0.0351156390815845 905.397405387021
0.0353553390593274 902.142467302559
0.0355934248407187 898.85248947898
0.0358299286042239 895.529852917419
0.036064881473196 892.17666312701
0.0362983135636846 888.794753264277
0.0365302540294953 885.385689706557
0.0367607311046904 881.950779578044
0.0369897721437054 878.491079774447
0.0372174036592444 875.007407065969
0.0374436513581011 871.500348896137
0.0376685401750442 867.970274534238
0.0378920943048918 864.417346280069
0.0381143372328931 860.841530460059
0.0383352917635251 857.242607992534
0.038554980047803 853.620184336022
0.0387734236091988 849.973698667549
0.0389906433682527 846.302432167317
0.0392066596659568 842.605515311717
0.039421492285986 838.881934098281
0.0396351604758445 835.13053514377
0.0398476829669912 831.350029610309
0.0400590779940044 827.538995924312
0.0402693633128415 823.695881259171
0.0404785562182437 819.819001755365
0.0406866735603368 815.906541450988
0.0408937317604703 811.956549891816
0.0410997468263393 807.966938383001
0.0413047343664268 803.935474834355
0.0415087096038045 799.859777137865
0.0417116873893261 795.737304999499
0.0419136822142455 791.565350127232
0.0421147082222903 787.341024653163
0.0423147792212194 783.061247639149
0.0425139086938902 778.722729481781
0.0427121098088625 774.321953992858
0.0429093954305606 769.855157884636
0.0431057781290178 765.318307333391
0.0433012701892219 760.707071228343
0.043495883620084 756.016790633196
0.0436896301630465 751.242443891206
0.0438825213003501 746.378606687642
0.0440745682629741 741.419406240438
0.0442657820382681 736.358468613778
0.0444561733772864 731.18885793127
0.0446457528018427 725.903005993375
0.0448345306112949 720.492630462169
0.0450225168890748 714.94863934436
0.0452097215089733 709.26101895259
0.0453961541411914 703.418701817224
0.0455818242581701 697.409410103626
0.0457667411402057 691.21946889088
0.045950913880863 684.833582085411
0.0461343513921934 678.234561633204
0.0463170624097672 671.402997850841
0.0464990554975277 664.316854818158
0.0466803390524753 656.950969420653
0.0468609213091884 649.276425133012
0.0470408103441877 641.25976098114
0.0472200140801518 632.861960729991
0.0473985402899881 624.037144710178
0.0475763966007674 614.730852741663
0.047753590497526 604.877754543543
0.0479301293269411 594.398542186008
0.0481060203008853 583.195626931036
0.0482812704998644 571.147042425183
0.0484558868763432 558.097575478542
0.0486298762579637 543.845460210046
0.0488032453506604 528.121676279395
0.048976000741676 510.55630105573
0.049148148902482 490.620811747827
0.0493196961916072 467.52226887314
0.0494906488573783 439.991585123271
0.0496610130405756 405.806823514091
0.0498307947770062 360.520763815468
0.05 293
