0.000645497224367903 -0
0.00155836815354318 -0
0.00203090491792517 -2.76612051045334e-13
0.0024090284374857 3.27894502370919e-13
0.00273437012170987 7.43859578146945e-13
0.00302451450305825 8.22244577557216e-13
0.00328896395774412 -4.46772247269722e-13
0.00353356698601049 4.79680504989616e-13
0.00376223353145426 -1.53114847651341e-12
0.00397773312542302 -5.39258965878641e-13
0.0041821135487635 -0
0.00437694007394398 1.77777170642585e-12
0.00456344131812795 2.46971903432767e-12
0.0047426027983264 3.84745784075435e-12
0.00491522945769824 5.3131276569848e-12
0.00508198889747161 7.54837180530619e-12
0.0052434421345835 9.90561942566566e-12
0.00540006602463772 1.60202365606443e-11
0.00555226995688152 1.87054267474797e-11
0.00570040851530382 2.68683340171425e-11
0.00584479123749794 3.53962878570986e-11
0.0059856902456473 4.74954216434278e-11
0.00612334629093194 5.92537607382418e-11
0.00625797359700283 7.7325915383397e-11
0.00638976378200789 9.86267860326692e-11
0.00651888906486143 1.27657757647321e-10
0.0066455049092716 1.62116967388374e-10
0.00676975222156955 2.05842890220124e-10
0.0068917591910889 2.59227815772378e-10
0.00701164284170177 3.26401365917468e-10
0.00712951034807404 4.06956577358575e-10
0.00724546015884241 5.04279773745275e-10
0.00735958296024894 6.26828740649129e-10
0.00747196250709324 7.73532187152625e-10
0.00758267634267527 9.49241826091397e-10
0.00769179642533728 1.1559317937854e-09
0.007799389676004 1.40598597081419e-09
0.00790551845856769 1.70498771159826e-09
0.00801024100292038 2.06295172126443e-09
0.00811361177878791 2.48595445935609e-09
0.00821568182718438 2.98786429130144e-09
0.00831649905521613 3.57422672173531e-09
0.00841610849907048 4.26853213691557e-09
0.00851455255928847 5.08386245392967e-09
0.00861187121181057 6.03708125128622e-09
0.00870810219777676 7.15015479108935e-09
0.00880328119463848 8.44571679246944e-09
0.0088974419707835 9.95057574034254e-09
0.0089906165255749 1.16923067059592e-08
0.0090828352164517 1.37112155603264e-08
0.00917412687452283 1.60403114598554e-08
0.00926451890990276 1.87244205480008e-08
0.00935403740788021 2.18083374529682e-08
0.00944270721687646 2.53541364650104e-08
0.00953055202903426 2.94130082992252e-08
0.00961759445417817 3.4056286980233e-08
0.00970385608780096 3.93583615276858e-08
0.00978935757365536 4.54018206696686e-08
0.00987411866146538 5.22789584623579e-08
0.00995815826021451 6.00907240781205e-08
0.0100414944874181 6.8946919170335e-08
0.0101241447147437 7.89783157204575e-08
0.0102061256103054 9.03239347365322e-08
0.010287453177923 1.03133859367549e-07
0.0103681427936086 1.17576223146466e-07
0.0104482092395161 1.33837659145452e-07
0.0105276667355665 1.52126482966989e-07
0.0106065289689396 1.72660767955704e-07
0.0106848091216056 1.95693484905787e-07
0.010762519896055 2.21489596504207e-07
0.0108396735393668 2.50345911590183e-07
0.0109162818657452 2.82583312292581e-07
0.0109923562776431 3.18564342761644e-07
0.0110679077855773 3.58665447337218e-07
0.0111429470267354 4.03316069609122e-07
0.0112174842824609 4.52966449295778e-07
0.0112915294947002 5.08122947856856e-07
0.0113650922814845 5.69327218674427e-07
0.0114381819515152 6.37171577008063e-07
0.0115108075179158 7.12297002228176e-07
0.0115829777112074 7.95397001555995e-07
0.0116547009915612 8.87226064728166e-07
0.0117259855603758 9.8860531545059e-07
0.0117968393712254 1.10041155401042e-06
0.0118672701402187 1.22361480473923e-06
0.0119372853558084 1.3592293992285e-06
0.0120068922880855 1.50838701809632e-06
0.0120760979975911 1.67227532192764e-06
0.0121449093436767 1.85219630799349e-06
0.0122133329924396 2.04954797172993e-06
0.0122813754242617 2.2658195044958e-06
0.0123490429409726 2.50263376476644e-06
0.0124163416726633 2.76173045312318e-06
0.0124832775841672 3.04496787461739e-06
0.0125498564812318 3.35434392562825e-06
0.0126160840163957 3.69200466944777e-06
0.0126819656945903 4.06024331979884e-06
0.0127475068784805 4.46152349598358e-06
0.0128127127935595 4.89848011063158e-06
0.0128775885330116 5.37392508389782e-06
0.0129421390623552 5.89086462915116e-06
0.0130063692238788 6.4525168643207e-06
0.0130702837408805 7.0623064658995e-06
0.0131338872217217 7.72389911724871e-06
0.0131971841637053 8.4411930981594e-06
0.0132601789567871 9.21833912952821e-06
0.013322875887129 1.00597757680416e-05
0.0133852791405027 1.09702027253114e-05
0.0134473928055513 1.19546317325353e-05
0.0135092208769152 1.30183888660894e-05
0.013570767258231 1.41671236148863e-05
0.0136320357650075 1.54068489955597e-05
0.013693030127386 1.6743933980126e-05
0.0137537539927914 1.81851389546114e-05
0.0138142109284768 1.97376343589815e-05
0.0138744044239698 2.14090003013072e-05
0.0139343378934225 2.32072856229233e-05
0.013994014677872 2.51409887838085e-05
0.0140534380474134 2.72191141066372e-05
0.0141126112032913 2.94511704693744e-05
0.0141715372799124 3.18472142233576e-05
0.0142302193467827 3.44178641959265e-05
0.014288660410374 3.71743292943156e-05
0.0143468634159208 4.01284328242099e-05
0.0144048312491529 4.32926550763021e-05
0.014462566737965 4.66801439210014e-05
0.0145200726540264 5.03047543830201e-05
0.0145773517143339 5.41810759611212e-05
0.0146344065827098 5.83244729771664e-05
0.0146912398712475 6.27511089045132e-05
0.014747854141707 6.74779726902358e-05
0.0148042519068628 7.2522943994533e-05
0.0148604356318048 7.79047927233272e-05
0.0149164077351957 8.36432413120511e-05
0.0149721705904866 8.97589980357803e-05
0.0150277265270908 9.62737868404735e-05
0.0150830778315196 0.000103210401696898
0.0151382267484803 0.000110592740904197
0.0151931754819388 0.000118445841625716
0.015247926196147 0.000126795958090447
0.0153024810166377 0.000135670559314078
0.0153568420311875 0.000145098421351746
0.0154110112907492 0.000155109631194928
0.0154649908103544 0.000165735672447711
0.0155187825699888 0.000177009469878704
0.0155723885154391 0.00018896540738666
0.0156258105591143 0.000201639444029966
0.0156790505808424 0.000215069100199097
0.0157321104286417 0.00022929356119361
0.0157849919194695 0.000244353715996973
0.0158376968399481 0.000260292217590702
0.0158902269470694 0.000277153532023049
0.0159425839688779 0.000294984021000882
0.0159947696051343 0.000313832003679891
0.0160467855279594 0.000333747779562473
0.0160986333824593 0.000354783739911852
0.0161503147873325 0.000376994413137528
0.0162018313354593 0.00040043654002211
0.0162531845944752 0.000425169141567935
0.0163043761073271 0.000451253577326717
0.0163554073928143 0.000478753623958664
0.0164062799461146 0.000507735558347518
0.0164569952392949 0.000538268209245848
0.0165075547218089 0.000570423059283315
0.01655795982098 0.000604274303502946
0.0166082119424716 0.000639898924245266
0.0166583124707446 0.000677376776561343
0.0167082627695022 0.000716790674167948
0.0167580641821235 0.000758226467802097
0.0168077180320845 0.000801773115838546
0.0168572256233688 0.000847522785809572
0.0169065882408673 0.000895570911608352
0.0169558071507669 0.000946016328666986
0.0170048836009299 0.000998961297233258
0.0170538188212629 0.00105451164259965
0.0171026140240764 0.00111277683042347
0.0171512704044356 0.0011738700298952
0.0171997891405014 0.00123790824535323
0.0172481713938636 0.00130501237410177
0.0172964183098655 0.00137530733077847
0.0173445310179197 0.00144892211207727
0.0173925106318174 0.00152598991164458
0.0174403582500286 0.00160664820841538
0.0174880749559956 0.00169103884896561
0.0175356618184197 0.00177930816790516
0.0175831198915401 0.00187160708366725
0.0176304502154064 0.0019680911714446
0.0176776538161447 0.00206892080381997
0.0177247317062173 0.00217426119907397
0.0177716848846755 0.00228428255834944
0.0178185143374079 0.00239916015469834
0.0178652210373809 0.00251907443723467
0.0179118059448756 0.00264421112924629
0.0179582700077172 0.00277476133512971
0.0180046141615008 0.00291092162199401
0.0180508393298106 0.00305289414637959
0.0180969464244352 0.00320088675143955
0.0181429363455771 0.00335511304927265
0.0181888099820576 0.00351579254426912
0.0182345682115179 0.00368315073100262
0.0182802119006143 0.00385741919231677
0.0183257419052102 0.00403883569975046
0.0183711590705629 0.00422764430113022
0.0184164642315072 0.00442409546259036
0.0184616582126341 0.00462844613275554
0.018506741828466 0.00484095984599541
0.0185517158836282 0.00506190684116698
0.018596581173016 0.0052915641456447
0.0186413384819589 0.00553021566151373
0.0186859885863811 0.00577815230887111
0.0187305322529583 0.00603567205743827
0.0187749702392713 0.00630308007882877
0.0188193032939562 0.00658068880891718
0.0188635321568519 0.00686881804973185
0.018907657559144 0.00716779507144717
0.0189516802235056 0.00747795469229485
0.0189956008642357 0.00779963936057865
0.0190394201873945 0.0081331992677348
0.0190831388909353 0.00847899241254645
0.0191267576648348 0.0088373847030313
0.0191702771912199 0.00920875002710002
0.0192136981444922 0.00959347034090477
0.0192570211914498 0.00999193574815524
0.0193002469914071 0.0104045445725605
0.0193433761963115 0.0108317034525394
0.0193864094508583 0.0112738273863886
0.0194293473926032 0.0117313398401261
0.0194721906520724 0.0122046727764237
0.0195149398528707 0.0126942667643272
0.0195575956117873 0.013200571007602
0.0196001585388999 0.013724043438216
0.019642629237676 0.0142651507462599
0.0196850083050734 0.0148243684592797
0.0197272963316374 0.015402181001011
0.0197694939015973 0.0159990817132949
0.0198116015929606 0.0166155729458892
0.0198536199776049 0.0172521660638997
0.019895549621369 0.0179093815186211
0.0199373910841416 0.0185877488700262
0.0199791449199485 0.019287806840781
0.0200208116770383 0.0200101033309324
0.0200623918979663 0.0207551954502824
0.0201038861196771 0.0215236495711003
0.0201452948735852 0.0223160413158758
0.0201866186856546 0.0231329555927687
0.0202278580764767 0.0239749866214106
0.0202690135613471 0.0248427379164652
0.0203100856503401 0.0257368223284008
0.020351074848383 0.0266578620327749
0.0203919816553283 0.0276064885188352
0.0204328065660249 0.0285833426145303
0.0204735500703879 0.0295890744529151
0.0205142126534672 0.0306243434726062
0.0205547947955149 0.0316898183989643
0.0205952969720515 0.0327861772245581
0.0206357196539306 0.0339141071912029
0.0206760633074034 0.0350743047478849
0.0207163283941808 0.0362674755219215
0.0207565153714955 0.0374943342916794
0.0207966246921623 0.0387556049421377
0.0208366568046378 0.0400520203913694
0.0208766121530788 0.0413843225843653
0.0209164911773998 0.0427532624037513
0.0209562943133297 0.0441595996171713
0.0209960219924669 0.0456041028168731
0.0210356746423346 0.0470875493441056
0.0210752526864337 0.0486107252269553
0.0211147565442961 0.0501744250768827
0.0211541866315364 0.0517794520318312
0.021193543359903 0.0534266176485472
0.0212328271373283 0.0551167418081966
0.0212720383679776 0.0568506526281589
0.0213111774522983 0.058629186353852
0.0213502447870672 0.0604531872495508
0.0213892407654373 0.0623235074835236
0.0214281657769845 0.0642410070048681
0.0214670202077525 0.066206553426695
0.0215058044402975 0.0682210219009613
0.0215445188537325 0.0702852949733171
0.0215831638237703 0.072400262451168
0.0216217397227661 0.0745668212611669
0.021660246919759 0.0767858753081085
0.021698685780514 0.0790583352967425
0.0217370566675618 0.081385118610236
0.0217753599402388 0.0837671491032901
0.0218135959547269 0.0862053569786948
0.0218517650640914 0.0887006785758974
0.0218898676183195 0.0912540562382272
0.0219279039643577 0.0938664380727293
0.0219658744461484 0.0965387778130017
0.0220037794046667 0.0992720346033898
0.0220416191779555 0.102067172806579
0.022079394101161 0.104925161805066
0.0221171045065675 0.107846975794427
0.0221547507236311 0.110833593570695
0.0221923330790135 0.113885998323927
0.0222298518966153 0.117005177399129
0.022267307497608 0.120192122104861
0.0223047002004667 0.123447827450158
0.0223420303210011 0.126773291938852
0.0223792981723872 0.130169517326533
0.0224165040651975 0.133637508366359
0.0224536483074313 0.13717827259086
0.0224907312045449 0.140792820023975
0.02252775305948 0.144482162985457
0.0225647141726934 0.148247315778767
0.0226016148421852 0.152089294471532
0.0226384553635267 0.15600911659385
0.0226752360298878 0.160007800916626
0.0227119571320651 0.164086367148222
0.0227486189585077 0.168245835664123
0.0227852217953442 0.172487227241103
0.0228217659264086 0.176811562775275
0.0228582516332663 0.181219862984837
0.0228946791952386 0.185713148143789
0.0229310488894286 0.190292437780222
0.0229673609907452 0.194958750378943
0.0230036157719275 0.199713103092819
0.0230398135035688 0.204556511473319
0.02307595445414 0.209489989096401
0.0231120388900129 0.214514547353248
0.0231480670754831 0.219631195084307
0.0231840392727926 0.224840938272203
0.0232199557421522 0.230144779788301
0.023255816741763 0.235543719002033
0.0232916225278388 0.241038751543827
0.0233273733546268 0.246630868945181
0.0233630694744289 0.252321058330646
0.0233987111376224 0.258110302123776
0.0234342985926809 0.263999577715787
0.0234698320861938 0.269989857122523
0.0235053118628868 0.276082106707017
0.0235407381656413 0.282277286838076
0.023576111235514 0.28857635156391
0.0236114313117558 0.294980248292536
0.0236466986318308 0.301489917471676
0.0236819134314349 0.308106292273448
0.0237170759445142 0.31483029827335
0.0237521864032833 0.321662853111425
0.0237872450382428 0.328604866163236
0.0238222520781972 0.335657238272615
0.0238572077502725 0.342820861349596
0.0238921122799329 0.350096618094737
0.0239269658909982 0.357485381694247
0.0239617688056604 0.364988015458992
0.0239965212445004 0.37260537252854
0.0240312234265038 0.380338295547598
0.0240658755690775 0.388187616352191
0.0241004778880654 0.396154155653339
0.0241350305977644 0.40423872272788
0.024169533910939 0.412442115081535
0.0242039880388378 0.420765118182978
0.0242383931912076 0.429208505121287
0.0242727495763087 0.437773036289325
0.0243070574009298 0.446459459129842
0.0243413168704021 0.455268507781237
0.0243755281886139 0.464200902797663
0.0244096915580246 0.473257350873831
0.0244438071796791 0.482438544494772
0.0244778752532208 0.491745161713026
0.024511895976906 0.501177865825012
0.0245458695476172 0.510737305067122
0.0245797961608759 0.520424112380655
0.0246136760108563 0.530238905088921
0.0246475092903981 0.540182284644289
0.0246812961910191 0.550254836351816
0.0247150369029282 0.560457129116771
0.0247487316150375 0.57078971516101
0.0247823805149751 0.581253129764194
0.0248159837890967 0.591847891018157
0.0248495416224983 0.602574499575083
0.0248830541990276 0.613433438386089
0.0249165217012959 0.624425172476833
0.0249499443106898 0.635550148696877
0.0249833222073827 0.646808795498472
0.0250166555703457 0.658201522695031
0.0250499445773595 0.669728721253208
0.0250831894050249 0.681390763056025
0.025116390228774 0.693188000691853
0.0251495472228808 0.705120767268992
0.0251826605604721 0.717189376186773
0.0252157304135379 0.729394120934114
0.0252487569529418 0.741735274936095
0.0252817403484317 0.754213091322481
0.0253146807686491 0.766827802763666
0.0253475783811401 0.779579621304514
0.0253804333523648 0.792468738191152
0.0254132458477074 0.805495323703689
0.0254460160314856 0.818659526984976
0.0254787440669604 0.831961475913404
0.0255114301163458 0.845401276935319
0.0255440743408177 0.85897901495712
0.0255766769005236 0.872694753180734
0.0256092379545914 0.886548532981078
0.0256417576611389 0.900540373799443
0.0256742361772823 0.914670273035552
0.0257066736591454 0.928938205890428
0.0257390702618682 0.943344125345454
0.0257714261396155 0.957887961992023
0.0258037414455857 0.972569623979018
0.0258360163320189 0.98738899694612
0.0258682509502056 1.00234594391294
0.0259004454504949 1.01744030522954
0.0259325999823025 1.0326718985223
0.025964714694119 1.04804051862864
0.0259967897335177 1.06354593755864
0.0260288252471628 1.07918790443064
0.026060821380817 1.09496614546992
0.0260927782793492 1.11088036394953
0.0261246960867423 1.12693024020285
0.0261565749461008 1.14311543158193
0.0261884149996581 1.15943557246013
0.026220216388784 1.17589027423693
0.026251979253992 1.19247912534808
0.0262837037349466 1.20920169126954
0.0263153899704706 1.22605751453166
0.0263470380985517 1.24304611476807
0.0263786482563502 1.26016698874317
0.0264102205802052 1.27741961037072
0.026441755205642 1.29480343079591
0.0264732522673788 1.31231787843568
0.0265047118993333 1.32996235902162
0.0265361342346291 1.34773625571602
0.026567519405603 1.36563892913152
0.0265988675438107 1.38366971743901
0.0266301787800337 1.40182793647463
0.0266614532442855 1.4201128797926
0.026692691065818 1.43852381879448
0.0267238923731277 1.45706000286187
0.0267550572939618 1.47572065939966
0.0267861859553243 1.49450499400671
0.0268172784834822 1.51341219061489
0.0268483350039713 1.53244141158812
0.0268793556416021 1.55159179788485
0.0269103405204658 1.57086246919052
0.0269412897639401 1.59025252406218
0.0269722034946947 1.60976104013094
0.0270030818346971 1.62938707421421
0.0270339249052185 1.64912966251862
0.0270647328268388 1.66898782079078
0.0270955057194526 1.68896054451075
0.0271262437022741 1.70904680911368
0.0271569468938434 1.72924557012061
0.0271876154120306 1.74955576337284
0.0272182493740423 1.76997630524244
0.0272488488964258 1.79050609282184
0.0272794140950752 1.81114400414855
0.0273099450852356 1.83188889842825
0.027340441981509 1.85273961625815
0.0273709048978587 1.87369497987293
0.0274013339476146 1.89475379332395
0.0274317292434781 1.91591484280307
0.0274620908975267 1.93717689680928
0.0274924190212193 1.95853870645442
0.0275227137254004 1.97999900568757
0.0275529751203055 2.00155651158026
0.027583203315565 2.02320992454042
0.0276133984202095 2.04495792864252
0.0276435605426741 2.06679919185262
0.0276736897908028 2.08873236632163
0.0277037862718534 2.11075608867195
0.0277338500925015 2.13286898026006
0.0277638813588454 2.15506964748215
0.0277938801764099 2.17735668206442
0.0278238466501512 2.19972866133339
0.0278537808844607 2.22218414854389
0.0278836829831696 2.24472169317794
0.0279135530495529 2.26733983123878
0.0279433911863336 2.290037085531
0.0279731974956869 2.31281196603517
0.0280029720792441 2.33566297015366
0.028032715038097 2.35858858308999
0.0280624264728014 2.38158727808762
0.0280921064833815 2.40465751684733
0.0281217551693336 2.42779774977029
0.0281513726296302 2.4510064163216
0.0281809589627234 2.47428194535304
0.0282105142665494 2.49762275543074
0.0282400386385316 2.52102725516641
0.0282695321755848 2.5444938435434
0.0282989949741189 2.56802091026415
0.0283284271300422 2.59160683607232
0.0283578287387653 2.61524999312058
0.028387199895205 2.63894874524943
0.0284165406937872 2.66270144842307
0.028445851228451 2.68650645096877
0.0284751315926521 2.71036209398735
0.028504381879366 2.73426671166622
0.0285336021810918 2.75821863162095
0.0285627925898554 2.7822161752927
0.0285919531972129 2.80625765820904
0.0286210840942541 2.83034139038775
0.0286501853716055 2.85446567665848
0.028679257119434 2.87862881703337
0.02870829942745 2.90282910702379
0.0287373123849103 2.92706483800105
0.0287662960806218 2.95133429753843
0.0287952506029446 2.97563576976427
0.0288241760397946 2.99996753570281
0.0288530724786473 3.02432787361851
0.0288819400065405 3.04871505934297
0.0289107787100776 3.07312736664155
0.0289395886754304 3.09756306755985
0.0289683699883421 3.12202043273582
0.0289971227341305 3.14649773176322
0.0290258469976907 3.1709932335271
0.0290545428634983 3.19550520652623
0.0290832104156121 3.22003191925385
0.029111849737677 3.24457164046145
0.0291404609129267 3.26912263955866
0.0291690440241871 3.29368318691499
0.0291975991538783 3.31825155418171
0.0292261263840179 3.34282601465064
0.0292546257962236 3.36740484354403
0.0292830974717159 3.39198631837477
0.029311541491321 3.41656871924739
0.029339957935473 3.44115032915633
0.0293683468842172 3.46572943436548
0.0293967084172121 3.49030432467809
0.0294250426137325 3.51487329373813
0.0294533495526718 3.53943463938818
0.0294816293125447 3.5639866639313
0.0295098819714896 3.58852767447887
0.0295381076072713 3.61305598319499
0.0295663062972834 3.63756990766746
0.0295944781185507 3.66206777115258
0.0296226231477318 3.68654790287911
0.0296507414611215 3.71100863833992
0.0296788331346531 3.73544831961033
0.0297068982439009 3.75986529557734
0.0297349368640827 3.78425792226991
0.0297629490700617 3.80862456308654
0.0297909349363494 3.83296358913128
0.0298188945371075 3.85727337943361
0.0298468279461504 3.88155232124904
0.0298747352369474 3.90579881028297
0.0299026164826249 3.93001125100317
0.0299304717559687 3.95418805685154
0.0299583011294265 3.97832765052433
0.0299861046751093 4.00242846420855
0.0300138824647946 4.02648893982613
0.0300416345699277 4.05050752927543
0.0300693610616245 4.0744826946955
0.0300970620106729 4.09841290864826
0.0301247374875359 4.12229665438863
0.0301523875623526 4.14613242608406
0.0301800123049412 4.16991872901402
0.0302076117848003 4.19365407982587
0.0302351860711117 4.21733700669892
0.0302627352327416 4.24096604959486
0.0302902593382434 4.26453976044999
0.030317758455859 4.28805670336243
0.0303452326535214 4.31151545480087
0.0303726819988561 4.33491460380344
0.0304001065591833 4.35825275215639
0.03042750640152 4.38152851456346
0.0304548815925817 4.404740518867
0.0304822321987841 4.42788740616921
0.0305095582862454 4.45096783104033
0.030536859920788 4.47398046167955
0.0305641371679401 4.49692398005613
0.030591390092938 4.51979708209338
0.0306186187607276 4.54259847780529
0.0306458232359661 4.56532689144384
0.0306730035830242 4.58798106165824
0.0307001598659876 4.61055974162119
0.0307272921486587 4.6330616991528
0.0307544004945585 4.65548571689316
0.0307814849669284 4.67783059238655
0.0308085456287318 4.70009513819779
0.0308355825426556 4.72227818209161
0.0308625957711124 4.74437856706976
0.0308895853762417 4.76639515151945
0.0309165514199118 4.78832680932953
0.0309434939637217 4.81017242996009
0.0309704130690019 4.83193091854132
0.0309973087968172 4.85360119598762
0.0310241812079672 4.87518219906427
0.0310510303629888 4.89667288046789
0.0310778563221571 4.91807220893279
0.0311046591454875 4.93937916926951
0.0311314388927369 4.96059276243919
0.0311581956234055 4.98171200563909
0.0311849293967382 5.00273593235096
0.0312116402717261 5.02366359241017
0.0312383283071083 5.04449405201933
0.031264993561373 5.06522639384763
0.0312916360927592 5.08585971703734
0.0313182559592583 5.10639313728021
0.0313448532186155 5.12682578679538
0.0313714279283309 5.14715681441281
0.0313979801456615 5.1673853856079
0.0314245099276226 5.18751068246231
0.0314510173309885 5.20753190374731
0.0314775024122949 5.22744826491105
0.0315039652278397 5.24725899809078
0.0315304058336846 5.26696335212973
0.0315568242856563 5.2865605925698
0.0315832206393481 5.30605000167318
0.0316095949501212 5.32543087838822
0.0316359472731061 5.34470253836163
0.0316622776632036 5.36386431393271
0.0316885861750868 5.38291555410432
0.0317148728632018 5.40185562453664
0.0317411377817691 5.4206839075223
0.0317673809847854 5.43939980194289
0.0317936025260244 5.45800272326997
0.0318198024590381 5.47649210352956
0.0318459808371584 5.4948673912291
0.0318721377134982 5.51312805137876
0.0318982731409523 5.53127356539804
0.0319243871721995 5.54930343108779
0.0319504798597029 5.56721716259887
0.0319765512557117 5.58501429035422
0.0320026014122622 5.60269436101086
0.0320286303811793 5.62025693739038
0.0320546382140773 5.63770159844161
0.0320806249623613 5.65502793913566
0.0321065906772284 5.67223557044148
0.0321325354096688 5.68932411922799
0.032158459210467 5.70629322820956
0.0321843621302031 5.7231425558724
0.0322102442192536 5.73987177636337
0.0322361055277931 5.75648057945155
0.0322619461057947 5.77296867042019
0.0322877660030318 5.78933577000694
0.0323135652690788 5.80558161427213
0.0323393439533125 5.82170595455112
0.032365102104913 5.83770855733794
0.0323908397728647 5.85358920419572
0.0324165570059578 5.86934769166019
0.032442253852789 5.88498383115395
0.0324679303617625 5.90049744883891
0.0324935865810916 5.91588838557254
0.0325192225587991 5.93115649675053
0.032544838342719 5.94630165224055
0.0325704339804968 5.96132373623344
0.0325960095195912 5.97622264715383
0.0326215650072749 5.99099829756453
0.0326471004906352 6.00565061399037
0.032672616016576 6.02017953685836
0.0326981116318176 6.03458502036141
0.0327235873828986 6.04886703231946
0.0327490433161766 6.06302555409218
0.0327744794778292 6.07706058041309
0.0327998959138546 6.09097211929357
0.0328252926700734 6.10476019189083
0.0328506697921288 6.1184248323673
0.0328760273254878 6.13196608777576
0.0329013653154424 6.14538401790898
0.0329266838071102 6.15867869520262
0.0329519828454354 6.1718502045467
0.03297726247519 6.18489864321257
0.0330025227409744 6.19782412066684
0.0330277636872184 6.21062675845818
0.0330529853581822 6.22330669007783
0.0330781877979573 6.23586406082165
0.0331033710504674 6.24829902764019
0.033128535159469 6.26061175900058
0.033153680168553 6.27280243475456
0.0331788061211446 6.28487124600262
0.0332039130605051 6.29681839490074
0.0332290010297321 6.30864409460207
0.0332540700717609 6.32034856902954
0.0332791202293647 6.33193205277878
0.0333041515451562 6.34339479095114
0.0333291640615879 6.35473703903217
0.0333541578209531 6.36595906271428
0.0333791328653869 6.37706113777563
0.0334040892368669 6.38804354991366
0.0334290269772137 6.39890659460611
0.0334539461280923 6.40965057696154
0.0334788467310127 6.4202758115836
0.0335037288273304 6.43078262238994
0.0335285924582477 6.44117134250708
0.0335534376648139 6.45144231408629
0.0335782644879268 6.46159588817059
0.0336030729683329 6.47163242454812
0.0336278631466286 6.48155229159487
0.0336526350632604 6.49135586613475
0.0336773887585265 6.50104353326269
0.0337021242725767 6.51061568626134
0.0337268416454139 6.52007272637832
0.0337515409168943 6.52941506271452
0.0337762221267285 6.53864311208242
0.0338008853144821 6.54775729883862
0.0338255305195763 6.55675805475675
0.033850157781289 6.56564581884518
0.0338747671387553 6.57442103725874
0.0338993586309681 6.58308416309232
0.033923932296779 6.59163565625166
0.0339484881748992 6.6000759833477
0.0339730263038998 6.60840561749278
0.0339975467222127 6.6166250381951
0.0340220494681314 6.62473473119653
0.0340465345798115 6.63273518834104
0.0340710020952716 6.6406269074212
0.0340954520523939 6.64841039204318
0.0341198844889247 6.65608615147807
0.0341442994424753 6.66365470052486
0.0341686969505229 6.67111655937144
0.0341930770504107 6.67847225346693
0.0342174397793488 6.68572231334124
0.0342417851744152 6.69286727451258
0.0342661132725561 6.69990767733797
0.0342904241105865 6.70684406686332
0.0343147177251912 6.71367699268635
0.0343389941529249 6.72040700885269
0.0343632534302136 6.72703467368323
0.0343874955933545 6.73356054966542
0.0344117206785171 6.73998520331543
0.0344359287217436 6.74630920504775
0.0344601197589496 6.75253312903554
0.0344842938259249 6.75865755309656
0.0345084509583337 6.76468305854233
0.0345325911917155 6.77061023008282
0.0345567145614858 6.77643965567399
0.0345808211029364 6.78217192640496
0.0346049108512364 6.78780763636757
0.0346289838414324 6.79334738254637
0.0346530401084492 6.79879176467394
0.0346770796870907 6.80414138512219
0.03470110261204 6.80939684879382
0.0347251089178605 6.81455876298108
0.0347490986389959 6.81962773727627
0.0347730718097713 6.82460438342675
0.0347970284643934 6.82948931523599
0.0348209686369515 6.83428314844939
0.0348448923614176 6.83898650062917
0.034868799671647 6.84359999105715
0.0348926906013794 6.84812424061864
0.0349165651842387 6.8525598716924
0.0349404234537343 6.85690750805283
0.0349642654432609 6.86116777474297
0.0349880911860996 6.86534129797524
0.0350119007154183 6.86942870504672
0.0350356940642721 6.87343062420741
0.035059471265604 6.87734768459199
0.0350832323522454 6.88118051607577
0.0351069773569164 6.88492974921409
0.0351307063122268 6.88859601512524
0.0351544192506762 6.8921799454046
0.0351781162046545 6.89568217200791
0.035201797206443 6.8991033271879
0.035225462288214 6.90244404337366
0.0352491114820322 6.9057049530959
0.0352727448198545 6.90888668888785
0.0352963623335312 6.91198988320411
0.0353199640548056 6.91501516832294
0.0353435500153155 6.91796317627355
0.0353671202465929 6.92083453872874
0.0353906747800649 6.92362988694861
0.035414213647054 6.92634985167587
0.0354377368787789 6.92899506306634
0.0354612445063545 6.93156615061285
0.0354847365607928 6.93406374304086
0.0355082130730031 6.9364884682552
0.0355316740737927 6.93884095327048
0.0355551195938672 6.94112182410761
0.0355785496638309 6.94333170574459
0.0356019643141877 6.94547122202966
0.035625363575341 6.94754099562746
0.0356487474775945 6.94954164792558
0.0356721160511525 6.95147379898352
0.0356954693261206 6.95333806745165
0.0357188073325059 6.95513507053114
0.0357421301002175 6.95686542388062
0.035765437659067 6.95852974155692
0.035788730038769 6.96012863596603
0.0358120072689412 6.96166271780436
0.0358352693791055 6.96313259597902
0.0358585163986877 6.96453887755804
0.0358817483570186 6.96588216771411
0.0359049652833337 6.967163069686
0.0359281672067745 6.9683821846916
0.0359513541563881 6.96954011189318
0.0359745261611282 6.97063744833338
0.0359976832498551 6.97167478890569
0.0360208254513366 6.97265272627884
0.0360439527942481 6.97357185085946
0.0360670653071727 6.97443275075101
0.0360901630186025 6.97523601168519
0.0361132459569382 6.97598221701187
0.0361363141504897 6.97667194760272
0.0361593676274769 6.97730578187865
0.0361824064160294 6.97788429567903
0.0362054305441878 6.97840806230794
0.0362284400399031 6.97887765243412
0.0362514349310379 6.97929363407852
0.0362744152453665 6.97965657257262
0.036297381010575 6.97996703050485
0.0363203322542622 6.98022556773192
0.0363432690039398 6.98043274127937
0.0363661912870326 6.98058910534781
0.036389099130879 6.9806952112805
0.0364119925627316 6.98075160751917
0.0364348716097572 6.98075883956966
0.0364577362990373 6.98071745000655
0.0364805866575688 6.98062797838802
0.0365034227122639 6.98049096127273
0.0365262444899506 6.98030693218745
0.0365490520173735 6.98007642157768
0.0365718453211933 6.97979995680828
0.0365946244279881 6.97947806212147
0.0366173893642531 6.97911125863676
0.0366401401564012 6.97870006430265
0.0366628768307635 6.97824499389583
0.0366855994135894 6.97774655897349
0.0367083079310471 6.97720526790166
0.0367310024092237 6.97662162579124
0.0367536828741261 6.97599613449803
0.0367763493516808 6.97532929260842
0.0367990018677345 6.97462159543012
0.0368216404480543 6.97387353495205
0.0368442651183283 6.97308559985126
0.0368668759041658 6.97225827548445
0.0368894728310973 6.97139204384584
0.0369120559245755 6.97048738359504
0.0369346252099752 6.96954477001719
0.0369571807125935 6.96856467502097
0.0369797224576508 6.96754756713516
0.0370022504702901 6.96649391148293
0.0370247647755785 6.96540416979114
0.0370472653985065 6.96427880038913
0.0370697523639889 6.96311825816802
0.037092225696865 6.96192299461331
0.0371146854218989 6.96069345778253
0.0371371315637798 6.95943009228779
0.0371595641471222 6.95813333932688
0.0371819831964667 6.95680363664064
0.0372043887362796 6.95544141854277
0.0372267807909537 6.95404711589008
0.0372491593848085 6.95262115610158
0.0372715245420904 6.95116396316311
0.0372938762869734 6.94967595759267
0.0373162146435587 6.94815755648811
0.0373385396358757 6.9466091734841
0.0373608512878817 6.9450312187801
0.0373831496234629 6.9434240991316
0.037405434666434 6.94178821787445
0.0374277064405389 6.94012397489854
0.0374499649694509 6.93843176666118
0.037472210276773 6.9367119861944
0.0374944423860383 6.93496502311907
0.0375166613207098 6.9331912636361
0.0375388671041814 6.93139109053152
0.0375610597597779 6.92956488320216
0.0375832393107548 6.92771301763814
0.0376054057802996 6.92583586643921
0.0376275591915311 6.92393379883163
0.0376496995675001 6.9220071806709
0.0376718269311898 6.92005637443197
0.037693941305516 6.9180817392568
0.0377160427133271 6.91608363092193
0.0377381311774048 6.91406240188658
0.0377602067204639 6.91201840126273
0.0377822693651532 6.90995197486238
0.0378043191340552 6.90786346518647
0.0378263560496866 6.90575321144746
0.0378483801344985 6.90362154957559
0.0378703914108767 6.90146881222658
0.0378923899011422 6.89929532880099
0.0379143756275511 6.89710142546099
0.037936348612295 6.89488742512939
0.0379583088775011 6.89265364751379
0.0379802564452331 6.89040040911596
0.0380021913374904 6.88812802324758
0.0380241135762094 6.88583680004879
0.0380460231832632 6.88352704649192
0.0380679201804617 6.88119906640312
0.0380898045895525 6.8788531604703
0.0381116764322205 6.87648962627115
0.0381335357300884 6.87410875828803
0.0381553825047171 6.87171084790922
0.0381772167776058 6.86929618344819
0.0381990385701921 6.86686505017596
0.0382208479038526 6.86441773030718
0.0382426447999029 6.86195450306092
0.0382644292795977 6.85947564462704
0.0382862013641314 6.85698142822699
0.0383079610746382 6.85447212411075
0.0383297084321923 6.85194799956279
0.038351443457808 6.8494093189363
0.0383731661724402 6.8468563436743
0.0383948765969846 6.84428933231759
0.0384165747522777 6.84170854052144
0.0384382606590972 6.83911422107654
0.0384599343381624 6.8365066239344
0.0384815958101341 6.83388599621076
0.038503245095615 6.83125258221732
0.0385248822151499 6.82860662347844
0.038546507189226 6.82594835874488
0.038568120038273 6.82327802401737
0.0385897207826635 6.82059585255156
0.0386113094427129 6.81790207491349
0.03863288603868 6.81519691894184
0.0386544505907671 6.812480609833
0.0386760031191201 6.80975337009054
0.0386975436438287 6.80701541960804
0.0387190721849269 6.80426697565694
0.038740588762393 6.80150825290078
0.0387620933961497 6.79873946342329
0.0387835861060646 6.79596081676632
0.0388050669119503 6.79317251990893
0.0388265358335646 6.79037477732797
0.0388479928906105 6.78756779099034
0.0388694381027369 6.78475176038978
0.0388908714895383 6.7819268825561
0.0389122930705554 6.7790933520746
0.0389337028652751 6.7762513611104
0.0389551008931306 6.77340109943834
0.038976487173502 6.77054275443639
0.0389978617257161 6.76767651112756
0.0390192245690468 6.76480255219587
0.0390405757227152 6.76192105799728
0.0390619152058901 6.75903220660061
0.0390832430376877 6.75613617376784
0.0391045592371722 6.75323313302148
0.0391258638233558 6.75032325562871
0.039147156815199 6.74740671064588
0.039168438231611 6.74448366491103
0.0391897080914491 6.74155428309557
0.03921096641352 6.73861872769974
0.0392322132165792 6.73567715907504
0.0392534485193315 6.73272973545572
0.039274672340431 6.72977661297558
0.0392958846984817 6.72681794567047
0.039317085612037 6.72385388552751
0.0393382750996008 6.72088458247741
0.0393594531796269 6.71791018442431
0.0393806198705194 6.71493083726745
0.0394017751906331 6.71194668492451
0.0394229191582736 6.70895786933362
0.0394440517916974 6.70596453049582
0.0394651731091121 6.70296680648004
0.0394862831286765 6.69996483343202
0.0395073818685011 6.69695874561205
0.0395284693466479 6.69394867541578
0.0395495455811308 6.6909347533788
0.0395706105899157 6.68791710818867
0.0395916643909208 6.68489586673451
0.0396127070020165 6.68187115410765
0.039633738441026 6.67884309360837
0.0396547587257251 6.67581180677081
0.0396757678738425 6.67277741340627
0.0396967659030599 6.66974003159138
0.0397177528310125 6.66669977768816
0.0397387286752889 6.66365676637857
0.0397596934534309 6.66061111068002
0.0397806471829347 6.6575629219428
0.0398015898812499 6.65451230989603
0.0398225215657806 6.65145938264109
0.0398434422538849 6.64840424669096
0.0398643519628756 6.64534700696903
0.0398852507100199 6.64228776682813
0.03990613851254 6.63922662809288
0.0399270153876128 6.63616369103723
0.0399478813523705 6.63309905443706
0.0399687364239006 6.63003281556701
0.039989580619246 6.62696507021562
0.040010413955405 6.62389591272758
0.040031236449332 6.62082543597589
0.0400520481179371 6.61775373143123
0.0400728489780867 6.61468088913052
0.0400936390466032 6.61160699772563
0.0401144183402655 6.60853214448262
0.0401351868758092 6.60545641530841
0.0401559446699264 6.6023798947579
0.0401766917392662 6.5993026660581
0.0401974281004348 6.59622481111506
0.0402181537699955 6.59314641053724
0.0402388687644689 6.59006754363941
0.0402595731003332 6.58698828848003
0.0402802667940242 6.58390872184725
0.0403009498619355 6.58082891930706
0.0403216223204186 6.57774895518632
0.0403422841857833 6.57466890260855
0.0403629354742974 6.57158883350266
0.0403835762021873 6.56850881860587
0.0404042063856378 6.56542892751298
0.0404248260407926 6.56234922865582
0.0404454351837541 6.55926978931618
0.0404660338305837 6.55619067568435
0.0404866219973019 6.55311195280726
0.0405071996998886 6.55003368465891
0.0405277669542832 6.54695593411864
0.0405483237763844 6.54387876301474
0.0405688701820509 6.5408022321134
0.040589406187101 6.53772640115214
0.0406099318073133 6.53465132881607
0.0406304470584263 6.53157707280023
0.040650951956139 6.52850368978945
0.0406714465161105 6.525431235485
0.0406919307539609 6.52235976461299
0.0407124046852706 6.51928933093982
0.0407328683255811 6.51621998727144
0.0407533216903947 6.51315178549723
0.0407737647951751 6.51008477657008
0.0407941976553469 6.50701901053137
0.0408146202862963 6.50395453652016
0.0408350327033711 6.50089140280086
0.0408554349218805 6.49782965674807
0.0408758269570957 6.49476934487944
0.0408962088242497 6.49171051286367
0.0409165805385377 6.48865320552159
0.040936942115117 6.48559746684883
0.0409572935691073 6.48254334002692
0.0409776349155906 6.4794908674136
0.0409979661696116 6.47644009060356
0.0410182873461777 6.47339105037173
0.0410385984602591 6.47034378674726
0.041058899526789 6.46729833898139
0.0410791905606639 6.46425474557629
0.0410994715767431 6.4612130442889
0.0411197425898496 6.4581732721586
0.0411400036147697 6.45513546549244
0.0411602546662535 6.45209965988534
0.0411804957590147 6.44906589024048
0.0412007269077307 6.44603419076919
0.0412209481270433 6.44300459499155
0.0412411594315579 6.4399771357688
0.0412613608358446 6.43695184529672
0.0412815523544376 6.43392875512356
0.0413017340018355 6.43090789614365
0.0413219057925016 6.42788929863204
0.0413420677408641 6.42487299223335
0.0413622198613156 6.42185900597448
0.0413823621682142 6.41884736829016
0.0414024946758825 6.41583810699847
0.0414226173986088 6.41283124935025
0.0414427303506463 6.40982682200388
0.0414628335462139 6.40682485106186
0.041482926999496 6.40382536203945
0.0415030107246426 6.4008283799256
0.0415230847357695 6.39783392914604
0.0415431490469584 6.39484203360048
0.041563203672257 6.3918527166566
0.0415832486256792 6.38886600115243
0.0416032839212051 6.38588190942561
0.041623309572781 6.38290046330672
0.0416433255943199 6.37992168412674
0.0416633319997012 6.37694559272253
0.0416833288027711 6.37397220945759
0.0417033160173427 6.37100155421891
0.0417232936571957 6.36803364641932
0.0417432617360772 6.36506850501151
0.0417632202677011 6.36210614850997
0.0417831692657487 6.35914659497212
0.0418031087438688 6.35618986201002
0.0418230387156774 6.3532359668161
0.0418429591947582 6.35028492615535
0.0418628701946626 6.34733675637314
0.0418827717289097 6.34439147340082
0.0419026638109866 6.34144909276465
0.0419225464543484 6.33850962959987
0.0419424196724182 6.33557309864136
0.0419622834785875 6.33263951424062
0.0419821378862158 6.32970889037284
0.0420019829086314 6.32678124062887
0.0420218185591308 6.32385657825095
0.0420416448509794 6.32093491610293
0.0420614617974113 6.31801626669575
0.0420812694116291 6.31510064219895
0.0421010677068048 6.3121880544376
0.0421208566960792 6.30927851488329
0.0421406363925623 6.3063720346921
0.0421604068093334 6.30346862468569
0.0421801679594409 6.30056829536778
0.042199919855903 6.29767105691474
0.0422196625117072 6.29477691920589
0.0422393959398108 6.29188589181044
0.0422591201531408 6.28899798399331
0.0422788351645939 6.28611320472725
0.0422985409870369 6.28323156269236
0.0423182376333067 6.2803530662835
0.0423379251162102 6.27747772361638
0.0423576034485245 6.27460554252799
0.0423772726429973 6.27173653058571
0.0423969327123465 6.26887069509361
0.0424165836692604 6.26600804308904
0.0424362255263984 6.26314858135764
0.04245585829639 6.26029231642412
0.0424754819918361 6.25743925456831
0.0424950966253081 6.2545894018281
0.0425147022093486 6.25174276400003
0.0425342987564711 6.24889934664687
0.0425538862791605 6.24605915509311
0.042573464789873 6.24322219444219
0.0425930343010359 6.24038846958176
0.0426125948250482 6.23755798515923
0.0426321463742803 6.23473074562925
0.0426516889610745 6.23190675522163
0.0426712225977446 6.22908601795367
0.0426907472965762 6.22626853765954
0.042710263069827 6.22345431795221
0.0427297699297266 6.22064336225884
0.0427492678884768 6.21783567381248
0.0427687569582514 6.21503125564988
0.0427882371511967 6.21223011062985
0.0428077084794311 6.20943224142624
0.0428271709550458 6.20663765053567
0.0428466245901041 6.20384634027497
0.0428660693966424 6.20105831279376
0.0428855053866693 6.19827357006123
0.0429049325721668 6.1954921138959
0.0429243509650892 6.19271394593956
0.0429437605773642 6.1899390676827
0.0429631614208923 6.18716748046027
0.0429825535075473 6.18439918544303
0.0430019368491761 6.18163418366673
0.043021311457599 6.1788724759964
0.0430406773446097 6.17611406317588
0.0430600345219753 6.17335894579488
0.0430793830014365 6.17060712430043
0.0430987227947078 6.16785859901124
0.0431180539134771 6.16511337010691
0.0431373763694064 6.16237143763533
0.0431566901741315 6.15963280151365
0.0431759953392621 6.15689746153738
0.0431952918763821 6.15416541737529
0.0432145797970493 6.15143666857951
0.0432338591127961 6.14871121457488
0.0432531298351289 6.14598905467683
0.0432723919755285 6.14327018808117
0.0432916455454502 6.14055461387554
0.0433108905563239 6.13784233103945
0.0433301270195541 6.13513333843775
0.04334935494652 6.13242763483545
0.0433685743485754 6.12972521890105
0.0433877852370491 6.12702608918782
0.043406987623245 6.12433024415637
0.0434261815184416 6.1216376821759
0.043445366933893 6.11894840151481
0.0434645438808279 6.1162624003506
0.0434837123704506 6.11357967677607
0.0435028724139408 6.11090022878173
0.0435220240224532 6.10822405428061
0.0435411672071183 6.10555115110485
0.0435603019790421 6.10288151698995
0.043579428349306 6.10021514960339
0.0435985463289674 6.09755204652491
0.0436176559290593 6.09489220525964
0.0436367571605904 6.09223562323584
0.0436558500345456 6.08958229780761
0.0436749345618857 6.08693222625817
0.0436940107535474 6.0842854057959
0.0437130786204438 6.08164183356293
0.043732138173464 6.07900150663318
0.0437511894234734 6.07636442200949
0.0437702323813139 6.07373057663561
0.0437892670578037 6.07109996738898
0.0438082934637375 6.06847259108815
0.0438273116098866 6.0658484444895
0.043846321506999 6.06322752428508
0.0438653231657994 6.06060982711716
0.043884316596989 6.05799534957054
0.0439033018112463 6.05538408816868
0.0439222788192264 6.05277603938801
0.0439412476315615 6.05017119965209
0.0439602082588609 6.04756956532986
0.043979160711711 6.04497113274514
0.0439981050006753 6.04237589817066
0.0440170411362947 6.03978385783075
0.0440359691290874 6.03719500790298
0.0440548889895491 6.03460934452454
0.0440738007281526 6.03202686378636
0.0440927043553488 6.02944756173609
0.0441115998815657 6.02687143438011
0.0441304873172093 6.02429847768285
0.0441493666726632 6.02172868757218
0.0441682379582888 6.0191620599389
0.0441871011844255 6.01659859063222
0.0442059563613904 6.01403827546123
0.044224803499479 6.01148111021146
0.0442436426089644 6.00892709063016
0.0442624737000982 6.00637621241924
0.0442812967831101 6.00382847126388
0.0443001118682079 6.00128386280701
0.044318918965578 5.99874238267025
0.044337718085385 5.9962040264391
0.044356509237772 5.99366878967226
0.0443752924328607 5.9911366678945
0.0443940676807513 5.98860765661469
0.0444128349915227 5.98608175130416
0.0444315943752326 5.98355894741776
0.0444503458419172 5.98103924037806
0.0444690894015918 5.97852262558817
0.0444878250642506 5.97600909842779
0.0445065528398666 5.97349865425053
0.0445252727383919 5.97099128839249
0.0445439847697578 5.96848699616512
0.0445626889438745 5.96598577286512
0.0445813852706317 5.96348761376204
0.0446000737598981 5.96099251411116
0.0446187544215219 5.95850046914853
0.0446374272653308 5.95601147409506
0.0446560923011316 5.95352552414531
0.0446747495387109 5.95104261449059
0.0446933989878349 5.94856274029999
0.0447120406582491 5.94608589671931
0.0447306745596792 5.94361207889394
0.0447493007018301 5.94114128194828
0.044767919094387 5.93867350099554
0.0447865297470146 5.93620873113293
0.0448051326693577 5.93374696744535
0.0448237278710411 5.93128820501055
0.0448423153616697 5.92883243888687
0.0448608951508283 5.9263796641305
0.0448794672480819 5.9239298757826
0.0448980316629759 5.92148306887979
0.0449165884050359 5.91903923843994
0.0449351374837676 5.91659837947785
0.0449536789086575 5.91416048700055
0.0449722126891722 5.91172555600962
0.0449907388347589 5.90929358148878
0.0450092573548455 5.90686455842644
0.0450277682588403 5.90443848179707
0.0450462715561324 5.90201534657311
0.0450647672560916 5.89959514771975
0.0450832553680685 5.89717788019268
0.0451017359013944 5.89476353895146
0.0451202088653817 5.89235211894199
0.0451386742693235 5.88994361511236
0.0451571321224942 5.8875380224013
0.045175582434149 5.88513533575038
0.0451940252135244 5.88273555009379
0.0452124604698378 5.8803386603655
0.0452308882122881 5.87794466149154
0.0452493084500553 5.8755535484011
0.0452677211923008 5.87316531602146
0.0452861264481673 5.8707799592753
0.045304524226779 5.86839747308797
0.0453229145372415 5.86601785237939
0.0453412973886421 5.86364109206946
0.0453596727900495 5.86126718708589
0.0453780407505141 5.85889613234607
0.045396401279068 5.85652792276753
0.0454147543847252 5.8541625532793
0.0454331000764811 5.85180001879953
0.0454514383633133 5.84944031425242
0.0454697692541812 5.84708343456684
0.0454880927580261 5.8447293746629
0.0455064088837713 5.84237812947492
0.0455247176403222 5.84002969393067
0.0455430190365663 5.83768406296179
0.0455613130813732 5.83534123150565
0.0455795997835948 5.83300119450173
0.0455978791520651 5.83066394688422
0.0456161511956004 5.82832948360379
0.0456344159229996 5.82599779960408
0.0456526733430437 5.82366888983602
0.0456709234644963 5.82134274925463
0.0456891662961035 5.8190193728173
0.0457074018465939 5.81669875548374
0.0457256301246787 5.81438089222581
0.0457438511390517 5.81206577801125
0.0457620648983896 5.80975340781547
0.0457802714113516 5.8074437766199
0.0457984706865797 5.80513687940987
0.045816662732699 5.80283271117605
0.0458348475583171 5.80053126691225
0.0458530251720248 5.79823254162049
0.0458711955823959 5.79593653030736
0.0458893587979869 5.79364322798695
0.0459075148273379 5.79135262967495
0.0459256636789716 5.78906473039522
0.0459438053613941 5.78677952518051
0.0459619398830948 5.78449700906415
0.0459800672525463 5.78221717709223
0.0459981874782043 5.77994002431152
0.0460163005685081 5.77766554578084
0.0460344065318803 5.77539373656032
0.0460525053767271 5.77312459172038
0.0460705971114378 5.77085810633443
0.0460886817443856 5.76859427549224
0.0461067592839272 5.76633309427903
0.0461248297384029 5.76407455779512
0.0461428931161365 5.76181866114524
0.0461609494254358 5.75956539944275
0.0461789986745922 5.75731476780657
0.0461970408718809 5.75506676136372
0.0462150760255609 5.75282137525448
0.0462331041438754 5.75057860461969
0.046251125235051 5.74833844460978
0.0462691393072988 5.74610089038587
0.0462871463688136 5.74386593711561
0.0463051464277744 5.741633579973
0.0463231394923442 5.73940381414285
0.0463411255706704 5.7371766348163
0.0463591046708842 5.73495203719716
0.0463770768011015 5.73273001649078
0.046395041969422 5.73051056791463
0.0464130001839301 5.72829368669595
0.0464309514526945 5.72607936806868
0.0464488957837681 5.72386760727541
0.0464668331851884 5.72165839956908
0.0464847636649775 5.71945174020825
0.0465026872311418 5.71724762446692
0.0465206038916725 5.71504604761979
0.0465385136545453 5.71284700495351
0.0465564165277204 5.71065049176766
0.0465743125191431 5.70845650336374
0.0465922016367431 5.70626503506002
0.0466100838884349 5.70407608217492
0.0466279592821182 5.70188964004638
0.046645827825677 5.69970570401382
0.0466636895269806 5.6975242694287
0.0466815443938832 5.69534533164978
0.0466993924342238 5.69316888604722
0.0467172336558266 5.69099492800157
0.0467350680665008 5.68882345289913
0.0467528956740407 5.68665445613876
0.0467707164862258 5.68448793312713
0.0467885305108208 5.68232387928054
0.0468063377555754 5.68016229002457
0.0468241382282249 5.67800316079454
0.0468419319364896 5.675846487035
0.0468597188880754 5.67369226420125
0.0468774990906733 5.67154048775838
0.0468952725519601 5.66939115317811
0.0469130392795976 5.66724425594539
0.0469307992812335 5.66509979155242
0.0469485525645008 5.66295775550222
0.0469662991370182 5.66081814330525
0.0469840390063899 5.65868095048604
0.0470017721802058 5.65654617257448
0.0470194986660415 5.65441380510919
0.0470372184714583 5.65228384364507
0.0470549316040033 5.65015628374027
0.0470726380712094 5.64803112096625
0.0470903378805953 5.64590835090242
0.0471080310396656 5.64378796913931
0.0471257175559107 5.64166997127707
0.0471433974368072 5.63955435292445
0.0471610706898175 5.63744110970003
0.04717873732239 5.63533023723332
0.0471963973419593 5.63322173116161
0.047214050755946 5.63111558713349
0.0472316975717568 5.62901180080768
0.0472493377967846 5.62691036785202
0.0472669714384087 5.62481128394357
0.0472845985039942 5.62271454477064
0.047302219000893 5.62062014603041
0.0473198329364428 5.61852808343024
0.0473374403179681 5.61643835268553
0.0473550411527795 5.61435094952356
0.0473726354481741 5.61226586968086
0.0473902232114355 5.610183108903
0.0474078044498337 5.60810266294589
0.0474253791706253 5.60602452757627
0.0474429473810534 5.60394869856737
0.0474605090883478 5.60187517170592
0.0474780642997247 5.59980394278676
0.0474956130223873 5.5977350076137
0.0475131552635252 5.59566836200182
0.0475306910303148 5.59360400177407
0.0475482203299195 5.59154192276422
0.0475657431694892 5.58948212081615
0.0475832595561607 5.58742459178462
0.0476007694970578 5.58536933152837
0.047618272999291 5.58331633592411
0.0476357700699581 5.58126560085044
0.0476532607161434 5.57921712220136
0.0476707449449185 5.57717089587652
0.0476882227633419 5.57512691778784
0.0477056941784594 5.57308518385519
0.0477231591973037 5.57104569001035
0.0477406178268945 5.56900843219174
0.047758070074239 5.56697340634814
0.0477755159463315 5.56494060843955
0.0477929554501533 5.5629100344351
0.0478103885926733 5.5608816803107
0.0478278153808475 5.55885554205614
0.0478452358216192 5.5568316156662
0.0478626499219193 5.55480989714944
0.0478800576886658 5.55279038252051
0.0478974591287643 5.55077306780619
0.0479148542491078 5.54875794903873
0.047932243056577 5.54674502226548
0.0479496255580397 5.54473428353758
0.0479670017603517 5.54272572891971
0.047984371670356 5.54071935448296
0.0480017352948836 5.53871515631095
0.0480190926407528 5.53671313049366
0.0480364437147698 5.53471327313207
0.0480537885237285 5.53271558033466
0.0480711270744104 5.53072004822192
0.0480884593735849 5.52872667292075
0.0481057854280092 5.52673545057023
0.0481231052444282 5.52474637731694
0.048140418829575 5.52275944931614
0.0481577261901701 5.52077466273362
0.0481750273329224 5.51879201374249
0.0481923222645285 5.51681149852751
0.0482096109916731 5.51483311328105
0.0482268935210287 5.51285685420516
0.0482441698592561 5.51088271751104
0.0482614400130042 5.50891069941755
0.0482787039889097 5.50694079615432
0.0482959617935977 5.50497300395926
0.0483132134336815 5.50300731907985
0.0483304589157625 5.50104373777066
0.0483476982464301 5.49908225629862
0.0483649314322625 5.4971228709378
0.0483821584798256 5.49516557796952
0.048399379395674 5.49321037368614
0.0484165941863506 5.49125725438885
0.0484338028583864 5.48930621638759
0.0484510054183012 5.48735725600027
0.0484682018726029 5.48541036955373
0.0484853922277881 5.48346555338497
0.0485025764903416 5.48152280383871
0.0485197546667371 5.47958211726782
0.0485369267634364 5.47764349003597
0.0485540927868903 5.47570691851304
0.048571252743538 5.47377239907936
0.0485884066398073 5.47183992812412
0.0486055544821146 5.46990950204397
0.0486226962768652 5.46798111724506
0.048639832030453 5.46605477014106
0.0486569617492606 5.46413045715538
0.0486740854396594 5.46220817471989
0.0486912031080096 5.46028791927478
0.0487083147606603 5.45836968726833
0.0487254204039492 5.45645347515802
0.0487425200442032 5.45453927940949
0.048759613687738 5.45262709649699
0.0487767013408581 5.45071692290273
0.0487937830098571 5.44880875511851
0.0488108587010175 5.44690258964244
0.0488279284206109 5.44499842298361
0.0488449921748979 5.44309625165769
0.0488620499701282 5.44119607218895
0.0488791018125405 5.43929788111067
0.0488961477083626 5.43740167496405
0.0489131876638118 5.43550745029793
0.0489302216850941 5.43361520367033
0.0489472497784049 5.43172493164611
0.048964271949929 5.42983663080054
0.0489812882058402 5.42795029771428
0.0489982985523016 5.42606592897954
0.0490153029954657 5.42418352119382
0.0490323015414744 5.42230307096392
0.0490492941964588 5.42042457490459
0.0490662809665394 5.41854802963804
0.0490832618578263 5.41667343179633
0.0491002368764187 5.41480077801755
0.0491172060284056 5.41293006494886
0.0491341693198653 5.41106128924444
0.0491511267568656 5.40919444756732
0.049168078345464 5.40732953658864
0.0491850240917073 5.40546655298677
0.0492019640016321 5.40360549344836
0.0492188980812645 5.40174635466762
0.0492358263366204 5.3998891333469
0.0492527487737052 5.39803382619636
0.0492696653985139 5.39618042993404
0.0492865762170315 5.39432894128554
0.0493034812352325 5.39247935698398
0.0493203804590813 5.390631673771
0.0493372738945319 5.38878588839516
0.0493541615475283 5.38694199761343
0.0493710434240044 5.38509999818948
0.0493879195298836 5.38325988689609
0.0494047898710796 5.38142166051204
0.0494216544534957 5.3795853158254
0.0494385132830253 5.37775084963006
0.0494553663655516 5.37591825872891
0.049472213706948 5.3740875399316
0.0494890553130778 5.37225869005548
0.0495058911897943 5.37043170592593
0.0495227213429407 5.36860658437489
0.0495395457783506 5.36678332224252
0.0495563645018475 5.36496191637599
0.049573177519245 5.36314236363017
0.049589984836347 5.36132466086691
0.0496067864589474 5.35950880495593
0.0496235823928304 5.3576947927741
0.0496403726437703 5.35588262120572
0.0496571572175317 5.35407228714224
0.0496739361198696 5.35226378748246
0.0496907093565291 5.35045711913247
0.0497074769332456 5.34865227900562
0.0497242388557449 5.34684926402244
0.0497409951297432 5.34504807111089
0.049757745760947 5.34324869720558
0.0497744907550532 5.34145113924909
0.0497912301177492 5.33965539419053
0.0498079638547127 5.33786145898637
0.049824691971612 5.33606933059999
0.0498414144741058 5.3342790060022
0.0498581313678434 5.33249048217071
0.0498748426584645 5.33070375609025
0.0498915483515994 5.32891882475235
0.0499082484528692 5.32713568515612
0.0499249429678852 5.3253543343071
0.0499416319022497 5.32357476921815
0.0499583152615553 5.32179698690886
0.0499749930513856 5.32002098440583
0.0499916652773146 5.31824675874274
