0 968.684237567025
0.00032258064516129 968.684237567025
0.000645161290322581 968.684237567026
0.000967741935483871 968.684237567026
0.00129032258064516 968.684237567026
0.00161290322580645 968.684237567025
0.00193548387096774 968.684237567025
0.00225806451612903 968.684237567025
0.00258064516129032 968.684237567025
0.00290322580645161 968.684237567024
0.0032258064516129 968.684237567024
0.00354838709677419 968.684237567024
0.00387096774193548 968.684237567024
0.00419354838709677 968.684237567024
0.00451612903225806 968.684237567024
0.00483870967741936 968.684237567022
0.00516129032258065 968.68423756702
0.00548387096774194 968.684237567016
0.00580645161290323 968.684237567009
0.00612903225806452 968.684237566994
0.00645161290322581 968.684237566967
0.0067741935483871 968.684237566915
0.00709677419354839 968.68423756682
0.00741935483870968 968.684237566645
0.00774193548387097 968.684237566325
0.00806451612903226 968.684237565747
0.00838709677419355 968.684237564711
0.00870967741935484 968.684237562869
0.00903225806451613 968.684237559622
0.00935483870967742 968.684237553945
0.00967741935483871 968.6842375441
0.01 968.684237527165
0.0103225806451613 968.684237498269
0.0106451612903226 968.684237449359
0.0109677419354839 968.684237367241
0.0112903225806452 968.684237230475
0.0116129032258065 968.684237004516
0.0119354838709677 968.684236634186
0.012258064516129 968.684236032084
0.0125806451612903 968.684235060963
0.0129032258064516 968.684233507126
0.0132258064516129 968.684231040676
0.0135483870967742 968.684227156681
0.0138709677419355 968.684221088895
0.0141935483870968 968.684211684465
0.0145161290322581 968.68419722371
0.0148387096774194 968.684175163405
0.0151612903225806 968.684141774668
0.0154838709677419 968.684091637191
0.0158064516129032 968.684016939836
0.0161290322580645 968.683906523153
0.0164516129032258 968.683744581866
0.0167741935483871 968.683508924599
0.0170967741935484 968.683168663995
0.0174193548387097 968.682681183104
0.017741935483871 968.681988193929
0.0180645161290323 968.681010672226
0.0183870967741935 968.679642420469
0.0187096774193548 968.677741980255
0.0190322580645161 968.675122589035
0.0193548387096774 968.671539857181
0.0196774193548387 968.666676834034
0.02 968.660126140271
0.0203225806451613 968.651368873475
0.0206451612903226 968.639750049238
0.0209677419354839 968.624450426036
0.0212903225806452 968.604454682335
0.0216129032258065 968.578516071329
0.0219354838709677 968.545117872919
0.022258064516129 968.50243219178
0.0225806451612903 968.448276909432
0.0229032258064516 968.380071878393
0.0232258064516129 968.294795735091
0.0235483870967742 968.188944989276
0.0238709677419355 968.058497301829
0.0241935483870968 967.898881068491
0.0245161290322581 967.704953561404
0.0248387096774194 967.47098992121
0.0251612903225806 967.190685219878
0.0254838709677419 966.857171612763
0.0258064516129032 966.463052258436
0.0261290322580645 966.000453205348
0.0264516129032258 965.461093833657
0.0267741935483871 964.836375717109
0.0270967741935484 964.117488962341
0.0274193548387097 963.295534229493
0.027741935483871 962.361657783962
0.0280645161290323 961.307196125078
0.0283870967741936 960.123826035325
0.0287096774193548 958.803715343274
0.0290322580645161 957.339669338219
0.0293548387096774 955.725267648417
0.0296774193548387 953.954986518408
0.03 952.024301799492
0.0303225806451613 949.929768589843
0.0306451612903226 947.669074299419
0.0309677419354839 945.241062927153
0.0312903225806452 942.645729469494
0.0316129032258064 939.884184566895
0.0319354838709677 936.958590671631
0.032258064516129 933.872072120211
0.0325806451612903 930.628602456227
0.0329032258064516 927.232873124355
0.0332258064516129 923.690148205836
0.0335483870967742 920.006110168373
0.0338709677419355 916.18670165323
0.0341935483870968 912.237968129776
0.0345161290322581 908.165905837423
0.0348387096774194 903.976318843069
0.0351612903225806 899.674688313483
0.0354838709677419 895.266056285549
0.0358064516129032 890.754925362919
0.0361290322580645 886.145174922269
0.0364516129032258 881.43999361738
0.0367741935483871 876.641827257594
0.0370967741935484 871.752340532508
0.0374193548387097 866.772390570281
0.037741935483871 861.702009956193
0.0380645161290323 856.540396595217
0.0383870967741936 851.28590766381
0.0387096774193548 845.936054842045
0.0390322580645161 840.487498023003
0.0393548387096774 834.936034734413
0.0396774193548387 829.276582548279
0.04 823.503151766742
0.0403225806451613 817.608805624828
0.0406451612903226 811.585605109269
0.0409677419354839 805.424535220489
0.0412903225806452 799.115409059434
0.0416129032258065 792.646745450078
0.0419354838709677 786.005614844419
0.042258064516129 779.177446908224
0.0425806451612903 772.14579132487
0.0429032258064516 764.8920207991
0.0432258064516129 757.394961727102
0.0435483870967742 749.630433132517
0.0438709677419355 741.570667663033
0.0441935483870968 733.1835788051
0.0445161290322581 724.431824619769
0.0448387096774194 715.271598040595
0.0451612903225806 705.651043567773
0.0454838709677419 695.508154186765
0.0458064516129032 684.767930578917
0.0461290322580645 673.338469722854
0.0464516129032258 661.105460142582
0.0467741935483871 647.924236603939
0.0470967741935484 633.607970152134
0.0474193548387097 617.909495201961
0.047741935483871 600.492163478549
0.0480645161290323 580.880682197594
0.0483870967741936 558.372815872038
0.0487096774193548 531.867485933448
0.0490322580645161 499.492092498504
0.0493548387096774 457.661878207967
0.0496774193548387 398.077272520129
0.05 293
