0.000166666666666667 -0
0.0005 -0
0.000833333333333333 -3.40966721523728e-13
0.00116666666666667 -6.81753363096504e-13
0.0015 -1.02226988474285e-12
0.00183333333333333 3.40606561621826e-13
0.00216666666666667 -0
0.0025 -0
0.00283333333333333 -0
0.00316666666666667 -3.3970616186707e-13
0.0035 -0
0.00383333333333333 -3.39075882038742e-13
0.00416666666666667 6.77431444273678e-13
0.0045 2.02995329345868e-12
0.00483333333333333 4.05486434829071e-12
0.00516666666666667 8.77383422448475e-12
0.0055 1.75226973624376e-11
0.00583333333333333 3.39829369977452e-11
0.00616666666666667 6.65130476136254e-11
0.0065 1.26428544604096e-10
0.00683333333333333 2.3934908369938e-10
0.00716666666666667 4.50398725206469e-10
0.0075 8.36993109487597e-10
0.00783333333333333 1.54306878937404e-09
0.00816666666666667 2.81846386042162e-09
0.0085 5.10106352737691e-09
0.00883333333333333 9.15182599408132e-09
0.00916666666666667 1.62742410140026e-08
0.0095 2.8687119118672e-08
0.00983333333333333 5.01247794787785e-08
0.0101666666666667 8.6821648846581e-08
0.0105 1.49076068072417e-07
0.0108333333333333 2.53748140664811e-07
0.0111666666666667 4.28174040002091e-07
0.0115 7.16249983444869e-07
0.0118333333333333 1.18779678630483e-06
0.0121666666666667 1.95280295478323e-06
0.0125 3.18286864363415e-06
0.0128333333333333 5.14314159620688e-06
0.0131666666666667 8.23935576001339e-06
0.0135 1.30863444082614e-05
0.0138333333333333 2.06067436868467e-05
0.0141666666666667 3.21715388382472e-05
0.0145 4.9797948822647e-05
0.0148333333333333 7.64247560011587e-05
0.0151666666666667 0.000116290875278298
0.0155 0.000175449592215954
0.0158333333333333 0.000262458477249605
0.0161666666666667 0.000389293338907291
0.0165 0.000572543279900387
0.0168333333333333 0.000834952531371954
0.0171666666666667 0.00120738228264465
0.0175 0.00173127127533804
0.0178333333333333 0.00246167592433144
0.0181666666666667 0.00347096764613141
0.0185 0.00485325491191676
0.0188333333333333 0.00672957835771303
0.0191666666666667 0.00925389710405177
0.0195 0.012619841560838
0.0198333333333333 0.0170681513151869
0.0201666666666667 0.022894645947313
0.0205 0.0304584927410696
0.0208333333333333 0.0401904406837994
0.0211666666666667 0.052600589240127
0.0215 0.0682851591866324
0.0218333333333333 0.0879316395187327
0.0221666666666667 0.112321608745646
0.0225 0.142330481712827
0.0228333333333333 0.178923425759539
0.0231666666666667 0.223146733165257
0.0235 0.276114039430184
0.0238333333333333 0.338986944621513
0.0241666666666667 0.41294982925169
0.0245 0.499178952658447
0.0248333333333333 0.598806270284617
0.0251666666666667 0.712878789608085
0.0255 0.842314679688694
0.0258333333333333 0.987857728300103
0.0261666666666667 1.15003207211545
0.0265 1.3290993773462
0.0268333333333333 1.5250207907461
0.0271666666666667 1.73742598924167
0.0275 1.96559151424829
0.0278333333333333 2.20843027809376
0.0281666666666667 2.46449368152818
0.0285 2.73198720256668
0.0288333333333333 3.00879963981043
0.0291666666666667 3.29254546021651
0.0295 3.58061896167249
0.0298333333333333 3.87025826762925
0.0301666666666667 4.15861657603446
0.0305 4.44283763362984
0.0308333333333333 4.72013213474638
0.0311666666666667 4.98785167300519
0.0315 5.24355701093842
0.0318333333333333 5.4850777663847
0.0321666666666667 5.71056111998467
0.0325 5.91850778670886
0.0328333333333333 6.1077942180765
0.0331666666666667 6.27768075766078
0.0335 6.42780620741319
0.0338333333333333 6.55816992727779
0.0341666666666667 6.6691031448287
0.0345 6.76123156562813
0.0348333333333333 6.83543163186592
0.0351666666666667 6.89278287313967
0.0355 6.93451873772097
0.0358333333333333 6.96197810466166
0.0361666666666667 6.97655938370902
0.0365 6.97967874294668
0.0368333333333333 6.97273359672297
0.0371666666666667 6.95707207066124
0.0375 6.93396876451316
0.0378333333333333 6.9046067799527
0.0381666666666667 6.87006568518391
0.0385 6.83131486076939
0.0388333333333333 6.78921151425573
0.0391666666666667 6.74450256230268
0.0395 6.69782955111212
0.0398333333333333 6.64973580900338
0.0401666666666667 6.60067508734708
0.0405 6.55102103573955
0.0408333333333333 6.50107696290262
0.0411666666666667 6.45108544624026
0.0415 6.40123746216171
0.0418333333333333 6.35168080999118
0.0421666666666667 6.30252769047652
0.0425 6.25386137331522
0.0428333333333333 6.20574194607633
0.0431666666666667 6.15821117995997
0.0435 6.11129657740414
0.0438333333333333 6.06501468455942
0.0441666666666667 6.01937376027225
0.0445 5.97437589463465
0.0448333333333333 5.93001866638559
0.0451666666666667 5.88629642127123
0.0455 5.84320124433748
0.0458333333333333 5.80072368917563
0.0461666666666667 5.75885331720821
0.0465 5.71757909075054
0.0468333333333333 5.67688965515725
0.0471666666666667 5.63677353803069
0.0475 5.59721928727557
0.0478333333333333 5.5582155646806
0.0481666666666667 5.51975120760682
0.0485 5.48181526811837
0.0488333333333333 5.4443970363914
0.0491666666666667 5.40748605333018
0.0495 5.3710721158978
0.0498333333333333 5.33514527762326
