0.000165562913907285 -0
0.000496688741721854 -0
0.000827814569536424 -0
0.00115894039735099 -0
0.00149006622516556 -6.86064754969892e-13
0.00182119205298013 -3.42883304677868e-13
0.0021523178807947 -6.85408834618746e-13
0.00248344370860927 -1.02748714613839e-12
0.00281456953642384 -6.84514397776274e-13
0.00314569536423841 -0
0.00347682119205298 -0
0.00380794701986755 -0
0.00413907284768212 3.41004987308676e-13
0.00447019867549669 1.70308699005135e-12
0.00480132450331126 4.42259992395587e-12
0.00513245033112583 8.8335721689596e-12
0.0054635761589404 1.79816143655678e-11
0.00579470198675497 3.35381206250471e-11
0.00612582781456954 6.35876598222384e-11
0.00645695364238411 1.1852068050697e-10
0.00678807947019868 2.22465847033188e-10
0.00711920529801325 4.13825332076844e-10
0.00745033112582781 7.66602723376086e-10
0.00778145695364238 1.40642185231067e-09
0.00811258278145695 2.56006040018707e-09
0.00844370860927152 4.61925674639683e-09
0.00877483443708609 8.26438741578324e-09
0.00910596026490066 1.46611404449644e-08
0.00943708609271523 2.57869230765754e-08
0.0097682119205298 4.49638096129561e-08
0.0100993377483444 7.77330676094949e-08
0.0104304635761589 1.33230226315775e-07
0.0107615894039735 2.263950568478e-07
0.0110927152317881 3.81419576280672e-07
0.0114238410596026 6.37110657957629e-07
0.0117549668874172 1.05513556311037e-06
0.0120860927152318 1.73256213761972e-06
0.0124172185430464 2.82073268374405e-06
0.0127483443708609 4.55336877202265e-06
0.0130794701986755 7.28797131856387e-06
0.0134105960264901 1.15661471093486e-05
0.0137417218543046 1.82005461846367e-05
0.0140728476821192 2.83987493688985e-05
0.0144039735099338 4.3937833828832e-05
0.0147350993377483 6.74075209849801e-05
0.0150662251655629 0.000102544931071811
0.0153973509933775 0.000154689970854711
0.0157284768211921 0.000231397370585508
0.0160596026490066 0.00034324908558455
0.0163907284768212 0.000504918990784344
0.0167218543046358 0.0007365500622866
0.0170529801324503 0.00106551182071532
0.0173841059602649 0.0015286118019299
0.0177152317880795 0.00217483800799683
0.018046357615894 0.00306870816765744
0.0183774834437086 0.00429429451298119
0.0187086092715232 0.00595997778600527
0.0190397350993377 0.00820395948615879
0.0193708609271523 0.011200525201407
0.0197019867549669 0.0151670030489088
0.0200331125827815 0.0203712990810871
0.020364238410596 0.0271398165353098
0.0206953642384106 0.0358654796598117
0.0210264900662252 0.0470154888917618
0.0213576158940397 0.0611383374586007
0.0216887417218543 0.078869526898696
0.0220198675496689 0.100935339030446
0.0223509933774834 0.128153964458151
0.022682119205298 0.161433263238118
0.0230132450331126 0.201764452255609
0.0233443708609272 0.250211085433678
0.0236754966887417 0.307892823802089
0.0240066225165563 0.375963686156615
0.0243377483443709 0.455584725862624
0.0246688741721854 0.547891388495697
0.025 0.65395615529847
0.0253311258278146 0.774747450020742
0.0256622516556291 0.911086157268413
0.0259933774834437 1.06360144106502
0.0263245033112583 1.23268783282008
0.0266556291390729 1.41846574907012
0.0269867549668874 1.62074767518697
0.027317880794702 1.83901219204736
0.0276490066225166 2.07238781760094
0.0279801324503311 2.31964828415666
0.0283112582781457 2.57922038697813
0.0286423841059603 2.84920494408439
0.0289735099337748 3.12741073563796
0.0293046357615894 3.41140058705083
0.029635761589404 3.69854807126533
0.0299668874172185 3.98610268213849
0.0302980132450331 4.27126081899614
0.0306291390728477 4.55123956136715
0.0309602649006623 4.82335003098697
0.0312913907284768 5.08506715002314
0.0316225165562914 5.33409280979175
0.031953642384106 5.56840984761152
0.0322847682119205 5.78632476192323
0.0326158940397351 5.98649773748192
0.0329470198675497 6.16795925615585
0.0332781456953642 6.33011328445708
0.0336092715231788 6.47272770750196
0.0339403973509934 6.59591327725946
0.034271523178808 6.70009282579688
0.0346026490066225 6.78596283819281
0.0349337748344371 6.85444967319076
0.0352649006622517 6.90666276326178
0.0355960264900662 6.94384703108507
0.0359271523178808 6.96733654727273
0.0362582781456954 6.97851115145794
0.0365894039735099 6.97875739609618
0.0369205298013245 6.96943478062269
0.0372516556291391 6.95184785199264
0.0375827814569536 6.9272243811376
0.0379139072847682 6.89669950308485
0.0382450331125828 6.86130544471157
0.0385761589403974 6.82196626544534
0.0389072847682119 6.77949690396492
0.0392384105960265 6.73460575442359
0.0395695364238411 6.68789998161422
0.0399006622516556 6.6398928159125
0.0402317880794702 6.5910121347767
0.0405629139072848 6.54160972678467
0.0408940397350993 6.49197073626561
0.0412251655629139 6.4423228924344
0.0415562913907285 6.39284522931722
0.041887417218543 6.34367609627508
0.0422185430463576 6.29492034012455
0.0425496688741722 6.24665560690474
0.0428807947019868 6.1989377638428
0.0432119205298013 6.15180548071567
0.0435430463576159 6.10528403599809
0.0438741721854305 6.05938842879178
0.044205298013245 6.01412588459971
0.0445364238410596 5.96949784356521
0.0448675496688742 5.92550151570232
0.0451986754966887 5.88213108053867
0.0455298013245033 5.83937859978151
0.0458609271523179 5.79723470214689
0.0461920529801325 5.75568909010484
0.046523178807947 5.71473090949898
0.0468543046357616 5.67434901509348
0.0471854304635762 5.6345321582384
0.0475165562913907 5.59526911705393
0.0478476821192053 5.55654878476404
0.0481788079470199 5.51836022797727
0.0485099337748344 5.4806927236794
0.048841059602649 5.44353578136402
0.0491721854304636 5.40687915494281
0.0495033112582782 5.37071284774265
0.0498344370860927 5.33502711291594
