0 976.135751046697
0.00129099444873581 976.135751046697
0.00182574185835055 976.135751046697
0.00223606797749979 976.135751046697
0.00258198889747161 976.135751046697
0.00288675134594813 976.135751046696
0.00316227766016838 976.135751046696
0.00341565025531987 976.135751046696
0.00365148371670111 976.135751046696
0.00387298334620742 976.135751046697
0.00408248290463863 976.135751046697
0.00428174419288838 976.135751046697
0.00447213595499958 976.135751046696
0.00465474668125631 976.135751046696
0.00483045891539648 976.135751046695
0.005 976.135751046694
0.00516397779494322 976.135751046693
0.00532290647422377 976.135751046691
0.00547722557505166 976.135751046689
0.00562731433871138 976.135751046686
0.00577350269189626 976.135751046682
0.00591607978309962 976.135751046677
0.00605530070819498 976.13575104667
0.0061913918736689 976.135751046662
0.00632455532033676 976.135751046652
0.00645497224367903 976.135751046639
0.00658280588604383 976.135751046622
0.00670820393249937 976.135751046601
0.00683130051063973 976.135751046575
0.00695221787153807 976.135751046544
0.00707106781186548 976.135751046504
0.00718795288428261 976.135751046455
0.00730296743340221 976.135751046396
0.00741619848709566 976.135751046324
0.00752772652709081 976.135751046235
0.00763762615825973 976.135751046129
0.00774596669241483 976.135751046
0.00785281265959316 976.135751045847
0.00795822425754221 976.135751045662
0.00806225774829855 976.135751045442
0.00816496580927726 976.13575104518
0.0082663978450915 976.135751044868
0.00836660026534076 976.1357510445
0.0084656167328002 976.135751044065
0.00856348838577675 976.135751043553
0.00866025403784439 976.135751042951
0.00875595035770913 976.135751042246
0.00885061203156784 976.135751041421
0.00894427190999916 976.135751040459
0.00903696114115064 976.135751039339
0.00912870929175277 976.135751038039
0.00921954445729289 976.135751036532
0.00930949336251263 976.135751034788
0.00939858145324779 976.135751032775
0.00948683298050514 976.135751030456
0.00957427107756338 976.135751027788
0.00966091783079296 976.135751024725
0.00974679434480896 976.135751021214
0.00983192080250175 976.135751017197
0.00991631652042901 976.135751012608
0.01 976.135751007374
0.0100829889748361 976.135751001414
0.0101653004546513 976.135750994638
0.0102469507659596 976.135750986946
0.0103279555898864 976.135750978226
0.0104083299973307 976.135750968356
0.0104880884817015 976.135750957199
0.0105672449894316 976.135750944604
0.0106458129484475 976.135750930406
0.0107238052947636 976.135750914421
0.0108012344973464 976.135750896446
0.0108781125813871 976.135750876261
0.0109544511501033 976.135750853621
0.0110302614051829 976.135750828257
0.0111055541659718 976.135750799875
0.0111803398874989 976.135750768153
0.0112546286774228 976.135750732738
0.0113284303119776 976.135750693243
0.0114017542509914 976.135750649248
0.011474609652039 976.13575060029
0.0115470053837925 976.135750545867
0.0116189500386223 976.135750485432
0.0116904519445001 976.135750418387
0.0117615191762516 976.135750344084
0.0118321595661992 976.135750261816
0.0119023807142381 976.135750170818
0.0119721899973786 976.135750070256
0.0120415945787923 976.135749959229
0.01211060141639 976.135749836758
0.0121792172709634 976.135749701784
0.0122474487139159 976.135749553161
0.0123153021346074 976.135749389651
0.0123827837473378 976.135749209916
0.0124498995979887 976.135749012508
0.0125166555703457 976.13574879587
0.0125830573921179 976.135748558319
0.0126491106406735 976.135748298045
0.0127148207485071 976.135748013098
0.0127801930084539 976.135747701379
0.0128452325786651 976.135747360632
0.0129099444873581 976.135746988433
0.0129743336373524 976.135746582179
0.0130384048104053 976.135746139075
0.0131021626713557 976.135745656126
0.0131656117720877 976.135745130121
0.013228756555323 976.135744557618
0.0132916013582513 976.135743934936
0.0133541504160068 976.135743258135
0.0134164078649987 976.135742523
0.0134783777461038 976.135741725031
0.0135400640077266 976.135740859418
0.0136014705087354 976.135739921028
0.0136626010212795 976.135738904385
0.0137234592334926 976.13573780365
0.0137840487520902 976.1357366126
0.0138443731048635 976.135735324606
0.0139044357430761 976.135733932614
0.0139642400437689 976.135732429115
0.0140237893119751 976.135730806126
0.0140830867828517 976.135729055158
0.014142135623731 976.135727167198
0.0142009389360939 976.135725132671
0.0142594997574716 976.135722941417
0.0143178210632764 976.135720582657
0.0143759057685652 976.135718044962
0.0144337567297406 976.13571531622
0.0144913767461894 976.135712383602
0.0145487685618635 976.135709233521
0.0146059348668044 976.135705851602
0.0146628782986152 976.135702222635
0.0147196014438797 976.135698330538
0.0147761068395343 976.135694158317
0.0148323969741913 976.135689688014
0.0148884742894182 976.135684900671
0.0149443411809733 976.135679776274
0.015 976.135674293708
0.0150554530541816 976.135668430706
0.0151107026088575 976.135662163793
0.0151657508881031 976.135655468233
0.0152206000757745 976.135648317972
0.0152752523165195 976.135640685576
0.0153297097167559 976.135632542175
0.0153839743456191 976.135623857394
0.0154380482358792 976.135614599291
0.0154919333848297 976.135604734288
0.015545631755148 976.1355942271
0.0155991452757301 976.135583040666
0.0156524758424985 976.135571136068
0.0157056253191863 976.135558472459
0.0157585955380971 976.135545006981
0.0158113883008419 976.135530694683
0.0158640053790544 976.135515488434
0.0159164485150844 976.13549933884
0.0159687194226713 976.135482194149
0.0160208197875972 976.135464000159
0.0160727512683216 976.135444700123
0.0161245154965971 976.135424234651
0.0161761140780679 976.135402541605
0.0162275485928508 976.135379555998
0.0162788205960997 976.135355209884
0.0163299316185545 976.135329432247
0.0163808831670742 976.135302148889
0.016431676725155 976.135273282313
0.0164823137534348 976.135242751599
0.016532795690183 976.135210472285
0.016583123951777 976.13517635624
0.0166332999331662 976.135140311528
0.0166833250083229 976.135102242284
0.0167332005306815 976.13506204857
0.0167829278335655 976.135019626235
0.0168325082306035 976.134974866776
0.0168819430161341 976.134927657185
0.0169312334656004 976.134877879802
0.0169803808359334 976.134825412159
0.0170293863659264 976.13477012682
0.0170782512765993 976.134711891223
0.0171269767715535 976.13465056751
0.0171755640373177 976.13458601236
0.0172240142436851 976.134518076817
0.0172723285440422 976.13444660611
0.0173205080756888 976.134371439472
0.0173685539601507 976.13429240996
0.0174164673034842 976.134209344261
0.017464249196573 976.134122062499
0.0175119007154183 976.134030378046
0.0175594229214212 976.133934097313
0.017606816861659 976.133833019551
0.0176540835691538 976.133726936639
0.0177012240631357 976.133615632874
0.0177482393492988 976.133498884754
0.0177951304200522 976.133376460756
0.0178418982547635 976.133248121115
0.0178885438199983 976.133113617593
0.0179350680697528 976.132972693246
0.0179814719456816 976.132825082188
0.0180277563773199 976.132670509353
0.0180739222823013 976.132508690247
0.0181199705665692 976.1323393307
0.018165902124585 976.132162126615
0.0182117178395303 976.13197676371
0.0182574185835055 976.13178291726
0.0183030052177231 976.131580251827
0.0183484785926972 976.131368420998
0.0183938395484285 976.13114706711
0.0184390889145858 976.130915820973
0.0184842275106824 976.13067430159
0.0185292561462497 976.130422115875
0.0185741756210067 976.130158858365
0.0186189867250253 976.129884110927
0.0186636902388926 976.129597442464
0.0187082869338697 976.129298408617
0.0187527775720469 976.128986551461
0.0187971629064956 976.128661399204
0.0188414436814168 976.12832246587
0.0188856206322871 976.127969250992
0.0189296944860009 976.127601239295
0.0189736659610103 976.127217900376
0.0190175357674612 976.126818688381
0.0190613046073277 976.12640304168
0.0191049731745428 976.125970382536
0.0191485421551268 976.125520116778
0.019192012227313 976.12505163346
0.0192353840616713 976.124564304528
0.0192786583212283 976.124057484476
0.0193218356615859 976.123530510007
0.0193649167310371 976.122982699683
0.0194079021706795 976.12241335358
0.0194507926145269 976.121821752935
0.0194935886896179 976.121207159793
0.0195362910161235 976.120568816656
0.0195789002074512 976.119905946119
0.0196214168703486 976.119217750517
0.0196638416050035 976.11850341156
0.0197061750051433 976.117762089972
0.0197484176581315 976.116992925126
0.0197905701450632 976.116195034679
0.019832633040858 976.115367514203
0.0198746069143518 976.114509436818
0.0199164923283862 976.113619852821
0.0199582898398969 976.112697789317
0.02 976.111742249846
0.0200416233540766 976.110752214012
0.0200831604418561 976.109726637109
0.0201246117974981 976.10866444975
0.0201659779496722 976.10756455749
0.0202072594216369 976.106425840457
0.0202484567313166 976.105247152973
0.0202895703913776 976.104027323188
0.0203306009093025 976.102765152699
0.0203715487874634 976.101459416183
0.0204124145231932 976.100108861024
0.0204531986088566 976.098712206941
0.0204939015319192 976.097268145618
0.0205345237750153 976.095775340336
0.0205750658160146 976.094232425607
0.0206155281280883 976.092638006805
0.0206559111797729 976.090990659802
0.0206962154350338 976.089288930609
0.0207364413533277 976.087531335012
0.0207765893896632 976.085716358215
0.0208166599946613 976.083842454483
0.0208566536146142 976.081908046794
0.0208965706915433 976.079911526479
0.0209364116632563 976.077851252885
0.020976176963403 976.075725553021
0.0210158670215308 976.073532721225
0.0210554822631383 976.07127101882
0.021095023109729 976.068938673784
0.0211344899788631 976.066533880417
0.0211738832842097 976.064054799019
0.0212132034355964 976.061499555562
0.0212524508390601 976.05886624138
0.0212916258968951 976.056152912847
0.0213307290077015 976.05335759108
0.0213697605664328 976.050478261626
0.0214087209644419 976.047512874169
0.0214476105895272 976.044459342238
0.0214864298259778 976.041315542917
0.0215251790546173 976.038079316566
0.0215638586528478 976.034748466546
0.0216024689946929 976.031320758949
0.0216410104508392 976.027793922333
0.0216794833886788 976.02416564747
0.0217178881723492 976.020433587094
0.0217562251627743 976.016595355655
0.0217944947177034 976.012648529089
0.0218326971917504 976.008590644585
0.0218708329364323 976.004419200367
0.0219089023002066 976.000131655477
0.0219469056285087 975.995725429569
0.0219848432637882 975.991197902715
0.0220227155455452 975.986546415212
0.0220605228103657 975.981768267398
0.0220982653919563 975.976860719485
0.0221359436211787 975.971820991389
0.0221735578260835 975.966646262576
0.0222111083319436 975.961333671913
0.022248595461287 975.955880317534
0.022286019533929 975.950283256708
0.0223233808670043 975.944539505721
0.0223606797749979 975.938646039766
0.0223979165697765 975.93259979284
0.0224350915606185 975.926397657659
0.0224722050542442 975.920036485574
0.0225092573548455 975.913513086503
0.0225462487641145 975.906824228867
0.0225831795812724 975.899966639544
0.0226200501030981 975.892937003831
0.0226568606239552 975.885731965409
0.0226936114358204 975.878348126334
0.0227303028283098 975.870782047022
0.0227669350887056 975.863030246259
0.0228035085019828 975.855089201213
0.0228400233508345 975.84695534746
0.022876479915698 975.838625079025
0.0229128784747792 975.830094748426
0.022949219304078 975.821360666741
0.0229855026774124 975.812419103672
0.0230217288664427 975.803266287636
0.023057898140695 975.793898405857
0.023094010767585 975.784311604474
0.0231300670124408 975.774501988658
0.0231660671385254 975.764465622748
0.0232020114070598 975.75419853039
0.0232379000772445 975.743696694693
0.0232737334062816 975.732956058398
0.0233095116493961 975.721972524054
0.0233452350598575 975.710741954214
0.0233809038890002 975.699260171638
0.0234165183862446 975.687522959505
0.0234520787991171 975.675526061648
0.0234875853732704 975.663265182791
0.0235230383525031 975.650735988802
0.0235584379787795 975.637934106959
0.0235937844922485 975.624855126231
0.023629078131263 975.611494597566
0.0236643191323985 975.597848034192
0.0236995077304713 975.583910911936
0.0237346441585572 975.569678669549
0.0237697286480094 975.555146709047
0.0238047614284762 975.540310396063
0.0238397427279183 975.525165060209
0.0238746727726266 975.509705995459
0.0239095517872391 975.49392846053
0.0239443799947573 975.47782767929
0.0239791576165636 975.461398841168
0.0240138848724372 975.444637101579
0.0240485619805703 975.427537582364
0.0240831891575846 975.410095372235
0.0241177666185463 975.392305527242
0.0241522945769824 975.374163071241
0.0241867732448957 975.355662996381
0.0242212028327799 975.336800263603
0.0242555835496352 975.31756980314
0.0242899156029822 975.297966515046
0.0243241991988774 975.277985269723
0.0243584345419268 975.257620908459
0.0243926218353009 975.236868243988
0.0244267612807483 975.215722061052
0.0244608530786098 975.194177116973
0.0244948974278318 975.172228142244
0.0245288945259803 975.149869841122
0.0245628445692541 975.127096892237
0.0245967477524977 975.103903949211
0.0246306042692149 975.080285641282
0.0246644143115812 975.056236573945
0.0246981780704569 975.0317513296
0.0247318957353994 975.00682446821
0.0247655674946756 974.981450527965
0.0247991935352745 974.955624025965
0.0248327740429189 974.929339458901
0.0248663092020777 974.902591303752
0.0248997991959775 974.875374018492
0.0249332442066143 974.847682042799
0.0249666444147653 974.81950979878
0.025 974.790851691702
0.0250333111406915 974.761702110724
0.0250665780140276 974.732055429654
0.0250998007960223 974.701906007692
0.0251329796615257 974.671248190203
0.0251661147842358 974.640076309477
0.0251992063367083 974.608384685511
0.0252322544903674 974.576167626793
0.0252652594155163 974.54341943109
0.025298221281347 974.510134386246
0.0253311402559511 974.476306770986
0.0253640165063291 974.441930855725
0.0253968501984006 974.407000903384
0.0254296414970142 974.371511170212
0.0254623905659569 974.33545590661
0.0254950975679639 974.298829357967
0.0255277626647277 974.261625765493
0.0255603860169078 974.223839367064
0.0255929677841395 974.185464398066
0.0256255081250434 974.146495092245
0.0256580071972344 974.106925682565
0.0256904651573303 974.066750402063
0.0257228821609606 974.025963484712
0.0257552583627758 973.984559166286
0.0257875939164553 973.94253168523
0.0258198889747161 973.899875283529
0.0258521436893216 973.856584207581
0.0258843582110896 973.812652709077
0.0259165326899002 973.768075045874
0.0259486672747048 973.722845482878
0.0259807621135332 973.676958292924
0.0260128173535022 973.630407757661
0.0260448331408234 973.58318816843
0.0260768096208106 973.535293827155
0.0261087469378878 973.486719047224
0.0261406452355969 973.437458154378
0.0261725046566048 973.387505487589
0.0262043253427114 973.336855399953
0.0262361074348565 973.285502259571
0.0262678510731274 973.233440450432
0.0262995563967658 973.180664373296
0.0263312235441753 973.127168446578
0.0263628526529281 973.072947107224
0.0263944438597722 973.017994811593
0.0264259973006381 972.96230603633
0.0264575131106459 972.905875279241
0.0264889914241118 972.848697060166
0.0265204323745548 972.790765921845
0.0265518360947035 972.732076430784
0.0265832027165025 972.672623178118
0.0266145323711189 972.61240078047
0.0266458251889485 972.551403880807
0.0266770812996225 972.489627149285
0.0267083008320135 972.427065284105
0.0267394839142419 972.363713012347
0.0267706306736817 972.299565090812
0.0268017412369669 972.234616306852
0.0268328157299975 972.168861479202
0.0268638542779451 972.102295458796
0.0268948570052591 972.034913129584
0.0269258240356725 971.966709409348
0.0269567554922076 971.897679250502
0.0269876514971817 971.827817640887
0.0270185121722126 971.757119604569
0.0270493376382245 971.685580202619
0.0270801280154532 971.613194533894
0.0271108834234519 971.539957735803
0.0271416039810964 971.465864985074
0.0271722898065903 971.390911498509
0.0272029410174709 971.31509253373
0.0272335577306137 971.23840338992
0.027264140062238 971.160839408555
0.0272946881279124 971.082395974126
0.0273252020425589 971.003068514853
0.0273556819204591 970.922852503395
0.0273861278752583 970.84174345754
0.0274165400199709 970.759736940898
0.0274469184669852 970.67682856358
0.0274772633280682 970.593013982862
0.0275075747143703 970.508288903851
0.0275378527364305 970.422649080128
0.0275680975041804 970.336090314393
0.0275983091269495 970.248608459091
0.0276284877134695 970.160199417034
0.0276586333718787 970.070859142008
0.0276887462097269 969.980583639372
0.0277188263339798 969.889368966647
0.0277488738510232 969.797211234088
0.0277788888666676 969.704106605258
0.0278088714861523 969.610051297574
0.0278388218141501 969.515041582858
0.0278687399547713 969.419073787864
0.0278986260115679 969.3221442948
0.0279284800875379 969.224249541841
0.0279583022851293 969.12538602362
0.0279880927062444 969.025550291719
0.0280178514522438 968.924738955141
0.0280475786239502 968.822948680771
0.0280772743216526 968.720176193828
0.0281069386451104 968.616418278301
0.0281365716935569 968.511671777374
0.0281661735657035 968.405933593843
0.0281957443597434 968.299200690511
0.0282252841733554 968.191470090582
0.0282547931037078 968.08273887803
0.0282842712474619 967.97300419797
0.0283137187007759 967.862263257004
0.0283431355593084 967.75051332356
0.0283725219182222 967.637751728215
0.0284018778721877 967.523975864014
0.0284312035153866 967.40918318676
0.0284604989415154 967.293371215309
0.0284897642437888 967.176537531839
0.0285189995149433 967.058679782113
0.0285482048472404 966.939795675728
0.0285773803324704 966.819882986345
0.0286065260619554 966.698939551917
0.0286356421265527 966.576963274897
0.0286647286166583 966.45395212243
0.0286937856222098 966.32990412654
0.0287228132326901 966.204817384299
0.0287518115371304 966.078690057986
0.0287807806241133 965.951520375228
0.0288097205817759 965.823306629132
0.0288386314978133 965.694047178404
0.0288675134594813 965.563740447456
0.0288963665535998 965.432384926496
0.0289251908665555 965.299979171607
0.0289539864843053 965.166521804818
0.0289827534923789 965.032011514152
0.029011491975882 964.896447053674
0.0290402020194993 964.759827243514
0.0290688837074973 964.622150969886
0.0290975371237269 964.48341718509
0.029126162351627 964.343624907503
0.0291547594742265 964.202773221557
0.0291833285741477 964.060861277707
0.0292118697336089 963.91788829238
0.0292403830344269 963.773853547922
0.0292688685580203 963.628756392522
0.0292973263854116 963.482596240131
0.0293257565972304 963.335372570366
0.0293541592737157 963.187084928405
0.0293825344947187 963.037732924863
0.0294108823397055 962.887316235667
0.0294392028877595 962.73583460191
0.0294674962175841 962.583287829696
0.0294957624075053 962.429675789976
0.0295240015354739 962.274998418371
0.0295522136790687 962.11925571498
0.0295803989154981 961.962447744187
0.0296085573216033 961.804574634442
0.0296366889738603 961.645636578044
0.0296647939483827 961.485633830908
0.0296928723209235 961.324566712319
0.0297209241668784 961.162435604681
0.029748949561287 960.999240953249
0.0297769485788364 960.834983265855
0.0298049212938624 960.669663112625
0.0298328677803526 960.503281125679
0.0298607881119482 960.335837998827
0.0298886823619465 960.167334487254
0.0299165506033032 959.997771407197
0.0299443929086343 959.827149635602
0.0299722093502186 959.65547010979
0.03 959.482733827094
0.0300277649295892 959.308941844502
0.0300555042102663 959.13409527828
0.0300832179129826 958.958195303595
0.0301109061083632 958.781243154123
0.0301385688667085 958.60324012165
0.0301662062579967 958.424187555667
0.0301938183518856 958.24408686295
0.030221405217715 958.062939507142
0.0302489669245083 957.880747008317
0.0302765035409749 957.697510942542
0.0303040151355119 957.51323294143
0.0303315017762062 957.327914691684
0.0303589635308366 957.141557934634
0.0303864004668755 956.95416446577
0.0304138126514911 956.765736134263
0.030441200151549 956.576274842478
0.0304685630336144 956.385782545492
0.0304959013639538 956.194261250587
0.030523215208537 956.001713016752
0.0305505046330389 955.808139954173
0.0305777697028413 955.613544223713
0.0306050104830347 955.417928036393
0.0306322270384204 955.22129365286
0.0306594194335118 955.023643382859
0.0306865877325366 954.824979584688
0.0307137319994385 954.625304664656
0.0307408522978788 954.424621076532
0.0307679486912382 954.22293132099
0.0307950212426186 954.020237945049
0.0308220700148449 953.81654354151
0.0308490950704663 953.611850748384
0.0308760964717584 953.40616224832
0.0309030742807249 953.199480768026
0.0309300285590988 952.991809077691
0.0309569593683445 952.783149990391
0.0309838667696593 952.573506361509
0.031010750823975 952.362881088133
0.0310376115919594 952.151277108467
0.0310644491340181 951.938697401226
0.0310912635102961 951.725144985034
0.0311180547806789 951.510622917818
0.0311448230047949 951.295134296201
0.0311715682420161 951.078682254887
0.0311982905514602 950.861269966052
0.031224989991992 950.642900638722
0.0312516666222246 950.423577518158
0.0312783205005213 950.203303885235
0.0313049516849971 949.98208305582
0.0313315602335196 949.759918380145
0.0313581462037113 949.536813242184
0.0313847096529504 949.312771059028
0.0314112506383727 949.08779528025
0.0314377692168725 948.86188938728
0.0314642654451045 948.635056892776
0.0314907393794853 948.407301339987
0.0315171910761942 948.178626302127
0.031543620591175 947.949035381737
0.0315700279801375 947.718532210056
0.0315964132985586 947.487120446385
0.0316227766016838 947.254803777456
0.0316491179445284 947.021585916796
0.0316754373818789 946.787470604094
0.0317017349682947 946.55246160457
0.0317280107581088 946.316562708341
0.0317542648054294 946.079777729787
0.0317804971641414 945.842110506922
0.0318067078879073 945.603564900764
0.0318328970301689 945.364144794702
0.031859064644148 945.12385409387
0.0318852107828483 944.882696724517
0.0319113354990563 944.640676633385
0.0319374388453426 944.397797787079
0.0319635208740631 944.154064171446
0.0319895816373602 943.909479790955
0.0320156211871642 943.664048668072
0.0320416395751944 943.417774842649
0.0320676368529602 943.170662371301
0.0320936130717624 942.922715326798
0.0321195682826944 942.673937797447
0.0321455025366432 942.424333886488
0.0321714158842908 942.173907711485
0.0321973083761153 941.92266340372
0.0322231800623919 941.670605107593
0.0322490309931942 941.417736980021
0.0322748612183951 941.164063189845
0.0323006707876684 940.909587917233
0.0323264597504892 940.654315353088
0.0323522281561358 940.398249698469
0.0323779760536902 940.141395163995
0.0324037034920393 939.883755969276
0.0324294105198763 939.625336342324
0.0324550971857016 939.36614051899
0.0324807635378234 939.106172742384
0.0325064096243597 938.845437262315
0.0325320354932386 938.583938334721
0.0325576411921994 938.321680221118
0.0325832267687942 938.058667188036
0.0326087922703883 937.794903506473
0.0326343377441614 937.530393451345
0.032659863237109 937.26514130094
0.0326853687960429 936.999151336384
0.0327108544675923 936.732427841102
0.032736320298205 936.464975100286
0.0327617663341483 936.196797400371
0.03278719262151 935.927899028512
0.0328125992061992 935.658284272062
0.0328379861339476 935.387957418067
0.03286335345031 935.116922752747
0.0328887012006657 934.845184560999
0.0329140294302192 934.572747125896
0.0329393381840012 934.299614728189
0.0329646275068696 934.02579164582
0.0329898974435104 933.751282153435
0.0330151480384384 933.476090521904
0.0330403793359983 933.200221017847
0.033065591380366 932.923677903158
0.0330907842155486 932.646465434545
0.0331159578853861 932.368587863068
0.033141112433552 932.090049433681
0.033166247903554 931.810854384783
0.0331913643387353 931.53100694777
0.033216461782275 931.250511346601
0.0332415402771893 930.969371797356
0.0332665998663324 930.687592507807
0.033291640592397 930.405177676997
0.0333166624979154 930.122131494817
0.0333416656252603 929.838458141593
0.0333666500166459 929.554161787677
0.033391615714128 929.269246593043
0.0334165627596057 928.983716706886
0.0334414911948216 928.697576267234
0.033466401061363 928.410829400557
0.0334912924006624 928.123480221386
0.0335161652539985 927.835532831933
0.0335410196624968 927.546991321725
0.0335658556671309 927.257859767233
0.0335906733087227 926.968142231511
0.0336154726279432 926.677842763844
0.0336402536653139 926.386965399397
0.0336650164612069 926.095514158868
0.033689761055846 925.803493048152
0.0337144874893074 925.510906058004
0.0337391958015204 925.217757163714
0.0337638860322683 924.924050324782
0.0337885582211888 924.629789484602
0.0338132124077754 924.334978570146
0.0338378486313773 924.039621491662
0.0338624669312008 923.743722142373
0.0338870673463098 923.447284398174
0.0339116499156263 923.15031211735
0.0339362146779317 922.852809140286
0.0339607616718667 922.554779289187
0.0339852909359329 922.256226367807
0.0340098025084926 921.957154161174
0.0340342964277702 921.657566435332
0.0340587727318528 921.357466937078
0.0340832314586905 921.056859393712
0.0341076726460973 920.755747512786
0.034132096331752 920.454134981862
0.0341565025531987 920.152025468275
0.0341808913478472 919.8494226189
0.0342052627529741 919.546330059924
0.0342296168057235 919.242751396624
0.034253953543107 918.938690213152
0.0342782730020052 918.63415007232
0.0343025752191678 918.329134515394
0.0343268602312145 918.023647061893
0.0343511280746353 917.717691209389
0.0343753787857918 917.411270433321
0.0343996124009172 917.104388186802
0.034423828956117 916.797047900439
0.0344480284873702 916.489252982156
0.0344722110305291 916.181006817023
0.0344963766213207 915.872312767085
0.0345205252953466 915.563174171203
0.0345446570880843 915.253594344892
0.0345687720348872 914.943576580172
0.0345928701709856 914.633124145417
0.0346169515314872 914.322240285209
0.0346410161513775 914.010928220204
0.0346650640655209 913.699191146992
0.0346890953086605 913.387032237968
0.0347131099154196 913.07445464121
0.0347371079203014 912.761461480353
0.0347610893576904 912.448055854472
0.0347850542618522 912.134240837974
0.0348090026669347 911.820019480484
0.0348329346069684 911.505394806747
0.0348568501158667 911.190369816524
0.0348807492274273 910.874947484497
0.0349046319753315 910.55913076018
0.034928498393146 910.24292256783
0.0349523485143226 909.926325806365
0.0349761823721991 909.609343349282
0.035 909.291978044588
0.0350238014308365 908.974232714722
0.0350475866977076 908.656110156493
0.0350713558335004 908.337613141014
0.0350951088709904 908.018744413643
0.0351188458428425 907.699506693929
0.0351425667816112 907.379902675556
0.0351662717197412 907.0599350263
0.0351899606895679 906.73960638798
0.035213633723318 906.418919376419
0.03523729085311 906.097876581405
0.0352609321109544 905.77648056666
0.0352845575287547 905.454733869805
0.0353081671383076 905.132639002339
0.0353317609713036 904.810198449608
0.0353553390593274 904.48741467079
0.0353789014338584 904.164290098874
0.0354024481262713 903.840827140651
0.0354259791678367 903.517028176697
0.0354494945897211 903.19289556137
0.0354729944229879 902.868431622804
0.0354964786985977 902.543638662907
0.0355199474474086 902.218518957363
0.0355434007001769 901.893074755635
0.0355668384875575 901.567308280976
0.0355902608401044 901.241221730435
0.035613667788271 900.914817274871
0.0356370593624109 900.588097058971
0.035660435592778 900.261063201265
0.035683796509527 899.93371779415
0.0357071421427142 899.606062903913
0.0357304725222976 899.278100570755
0.0357537876781375 898.949832808823
0.0357770876399966 898.621261606239
0.0358003724375413 898.292388925136
0.0358236421003411 897.963216701691
0.0358468966578698 897.633746846167
0.0358701361395056 897.30398124295
0.0358933605745315 896.973921750596
0.0359165699921359 896.643570201871
0.035939764421413 896.312928403805
0.0359629438913631 895.981998137736
0.0359861084308932 895.650781159364
0.0360092580688171 895.319279198804
0.0360323928338562 894.987493960642
0.0360555127546399 894.655427123992
0.0360786178597056 894.323080342556
0.0361017081774995 893.990455244685
0.0361247837363769 893.65755343344
0.0361478445646026 893.324376486663
0.0361708906903512 892.990925957035
0.0361939221417077 892.657203372152
0.0362169389466679 892.323210234589
0.0362399411331384 891.988948021977
0.0362629287289375 891.65441818707
0.0362859017617954 891.319622157825
0.0363088602593545 890.984561337476
0.0363318042491699 890.64923710461
0.0363547337587097 890.313650813247
0.0363776488153555 889.977803792921
0.0364005494464026 889.641697348762
0.0364234356790606 889.305332761576
0.0364463075404537 888.968711287932
0.0364691650576209 888.631834160246
0.0364920082575167 888.294702586868
0.0365148371670111 887.957317752168
0.0365376518128902 887.619680816626
0.0365604522218567 887.281792916922
0.0365832384205299 886.943655166026
0.0366060104354463 886.605268653289
0.0366287682930599 886.266634444539
0.0366515120197426 885.927753582167
0.0366742416417845 885.588627085231
0.0366969571853944 885.249255949544
0.0367196586766998 884.909641147773
0.0367423461417477 884.569783629534
0.0367650196065046 884.229684321493
0.0367876790968571 883.88934412746
0.0368103246386119 883.548763928489
0.0368329562574967 883.20794458298
0.03685557397916 882.866886926775
0.0368781778291715 882.525591773262
0.036900767833023 882.184059913476
0.036923344016128 881.842292116195
0.0369459064038223 881.500289128052
0.0369684550213647 881.158051673628
0.0369909898939368 880.81558045556
0.0370135110466435 880.472876154643
0.0370360185045135 880.129939429936
0.0370585122924995 879.786770918859
0.0370809924354783 879.443371237307
0.0371034589582517 879.099740979746
0.0371259118855461 878.755880719324
0.0371483512420134 878.411791007971
0.0371707770522311 878.067472376506
0.0371931893407023 877.722925334744
0.0372155881318568 877.378150371599
0.0372379734500505 877.03314795519
0.0372603453195664 876.687918532946
0.0372827037646145 876.342462531715
0.0373050488093323 875.996780357863
0.0373273804777851 875.650872397386
0.0373496987939662 875.304739016011
0.0373720037817972 874.958380559306
0.0373942954651285 874.611797352779
0.0374165738677394 874.26498970199
0.0374388390133384 873.917957892651
0.0374610909255635 873.570702190734
0.0374833296279826 873.223222842575
0.0375055551440939 872.875520074977
0.0375277674973257 872.527594095317
0.0375499667110372 872.179445091649
0.0375721528085185 871.831073232806
0.0375943258129912 871.482478668507
0.0376164857476081 871.133661529459
0.0376386326354541 870.784621927458
0.0376607664995461 870.435359955494
0.0376828873628335 870.085875687852
0.0377049952481984 869.736169180214
0.0377270901784558 869.386240469763
0.0377491721763537 869.036089575279
0.0377712412645741 868.685716497244
0.0377932974657324 868.33512121794
0.0378153408023781 867.984303701549
0.0378373712969951 867.633263894253
0.0378593889720018 867.282001724331
0.0378813938497516 866.930517102261
0.0379033859525329 866.578809920812
0.0379253653025694 866.226880055145
0.0379473319220206 865.874727362909
0.0379692858329817 865.522351684335
0.0379912270574844 865.169752842334
0.0380131556174964 864.816930642591
0.0380350715349224 864.463884873656
0.0380569748316039 864.110615307041
0.0380788655293195 863.757121697312
0.0381007436497855 863.403403782182
0.0381226092146555 863.049461282598
0.0381444622455213 862.695293902837
0.0381663027639129 862.340901330592
0.0381881307912987 861.986283237065
0.0382099463490856 861.631439277053
0.0382317494586197 861.276369089036
0.0382535401411861 860.921072295263
0.0382753184180093 860.565548501843
0.0382970843102535 860.209797298825
0.0383188378390229 859.853818260284
0.0383405790253616 859.497610944407
0.0383623078902543 859.141174893574
0.0383840244546261 858.784509634443
0.038405728739343 858.427614678026
0.0384274207652123 858.070489519774
0.0384491005529822 857.713133639659
0.0384707681233427 857.355546502244
0.0384924234969256 856.997727556771
0.0385140666943045 856.63967623723
0.0385356977359954 856.281391962443
0.0385573166424567 855.92287413613
0.0385789234340894 855.564122146992
0.0386005181312376 855.20513536878
0.0386221007541882 854.845913160368
0.0386436713231718 854.486454865826
0.0386652298583624 854.126759814488
0.0386867763798777 853.766827321026
0.0387083109077797 853.406656685514
0.0387298334620742 853.0462471935
0.0387513440627118 852.68559811607
0.0387728427295876 852.324708709916
0.0387943294825416 851.963578217399
0.038815804341359 851.602205866614
0.0388372673257701 851.240590871453
0.0388587184554509 850.878732431666
0.0388801577500229 850.516629732924
0.0389015852290538 850.154281946877
0.0389230009120571 849.791688231212
0.0389444048184931 849.428847729716
0.0389657969677682 849.065759572325
0.0389871773792359 848.702422875188
0.0390085460721964 848.338836740716
0.0390299030658972 847.975000257638
0.0390512483795333 847.610912501055
0.0390725820322469 847.246572532487
0.0390939040431284 846.881979399931
0.0391152144312159 846.517132137904
0.0391365132154957 846.152029767495
0.0391578004149024 845.78667129641
0.0391790760483195 845.421055719021
0.0392003401345788 845.055182016412
0.0392215926924613 844.689049156417
0.0392428337406972 844.322656093671
0.0392640632979658 843.956001769649
0.0392852813828962 843.589085112705
0.0393064880140671 843.221905038113
0.039327683210007 842.854460448108
0.0393488669891947 842.486750231923
0.0393700393700591 842.118773265822
0.0393912003709797 841.75052841314
0.0394123500102865 841.382014524315
0.0394334883062607 841.013230436923
0.0394546152771341 840.644174975707
0.03947573094109 840.274846952612
0.039496835316263 839.905245166813
0.0395179284207392 839.535368404744
0.0395390102725566 839.165215440123
0.039560080889705 838.794785033986
0.0395811402901264 838.424075934704
0.0396021884917151 838.053086878013
0.0396232255123179 837.681816587034
0.0396442513697341 837.310263772297
0.039665266081716 836.93842713176
0.0396862696659689 836.566305350833
0.039707262140151 836.193897102389
0.0397282435218741 835.821201046791
0.0397492138287036 835.4482158319
0.0397701730781583 835.074940093094
0.0397911212877111 834.701372453284
0.0398120584747888 834.327511522921
0.0398329846567724 833.953355900015
0.0398538998509974 833.578904170138
0.0398748040747538 833.204154906441
0.0398956973452861 832.829106669656
0.0399165796797939 832.453758008106
0.0399374510954317 832.078107457712
0.0399583116093094 831.702153541993
0.0399791612384919 831.325894772075
0.04 830.949329646692
0.04002082791081 830.572456652184
0.040041644987854 830.195274262501
0.0400624512480203 829.8177809392
0.0400832467081531 829.439975131442
0.0401040313850532 829.061855275991
0.0401248052954778 828.683419797205
0.0401455684561405 828.304667107037
0.0401663208837122 827.925595605019
0.0401870625948202 827.54620367826
0.0402077936060494 827.166489701437
0.0402285139339416 826.78645203678
0.0402492235949962 826.406089034061
0.0402699226056702 826.025399030584
0.0402906109823782 825.64438035117
0.0403112887414928 825.263031308137
0.0403319558993445 824.88135020129
0.0403526124722221 824.499335317895
0.0403732584763727 824.116984932669
0.0403938939280019 823.734297307751
0.0404145188432738 823.351270692688
0.0404351332383115 822.967903324405
0.0404557371291967 822.584193427185
0.0404763305319706 822.200139212643
0.0404969134626332 821.8157388797
0.0405174859371441 821.430990614554
0.0405380479714223 821.045892590649
0.0405585995813465 820.660442968651
0.0405791407827552 820.274639896408
0.0405996715914468 819.888481508923
0.0406201920231798 819.501965928319
0.0406407020936729 819.115091263802
0.0406612018186051 818.727855611624
0.040681691213616 818.340257055048
0.0407021702943058 817.952293664304
0.0407226390762354 817.563963496554
0.0407430975749267 817.175264595846
0.0407635458058627 816.786194993073
0.0407839837844874 816.396752705925
0.0408044115262063 816.00693573885
0.0408248290463863 815.616742083
0.0408452363603558 815.226169716186
0.0408656334834051 814.835216602829
0.0408860204307862 814.443880693906
0.0409063972177132 814.0521599269
0.0409267638593623 813.660052225746
0.0409471203708718 813.267555500775
0.0409674667673428 812.874667648658
0.0409878030638384 812.481386552349
0.0410081292753847 812.087710081023
0.0410284454169706 811.693636090021
0.0410487515035476 811.299162420781
0.0410690475500305 810.90428690078
0.0410893335712972 810.509007343468
0.0411096095821889 810.113321548201
0.0411298755975102 809.717227300173
0.0411501316320292 809.32072237035
0.0411703777004778 808.923804515396
0.0411906138175515 808.526471477604
0.0412108399979099 808.128720984819
0.0412310562561766 807.73055075037
0.0412512626069393 807.331958472987
0.04127145906475 806.932941836727
0.0412916456441252 806.533498510892
0.0413118223595458 806.133626149954
0.0413319892254575 805.733322393467
0.0413521462562707 805.332584865987
0.0413722934663606 804.931411176984
0.0413924308700677 804.529798920759
0.0414125584816973 804.127745676352
0.0414326763155202 803.725249007456
0.0414527843857724 803.322306462322
0.0414728827066554 802.918915573671
0.0414929712923366 802.515073858592
0.0415130501569486 802.110778818456
0.0415331193145904 801.706027938808
0.0415531787793265 801.300818689278
0.0415732285651876 800.895148523469
0.0415932686861708 800.489014878866
0.0416132991562393 800.082415176724
0.0416333199893227 799.675346821963
0.0416533311993171 799.267807203065
0.0416733328000853 798.859793691959
0.041693324805457 798.451303643917
0.0417133072292284 798.042334397432
0.0417332800851631 797.632883274113
0.0417532433869913 797.222947578565
0.0417731971484109 796.812524598268
0.0417931413830866 796.401611603464
0.041813076104651 795.990205847031
0.0418330013267038 795.578304564361
0.0418529170628126 795.165904973233
0.0418728233265125 794.75300427369
0.0418927201313068 794.339599647909
0.0419126074906664 793.925688260067
0.0419324854180304 793.511267256212
0.0419523539268061 793.09633376413
0.0419722130303689 792.680884893202
0.0419920627420627 792.264917734274
0.0420119030752 791.84842935951
0.0420317340430616 791.431416822254
0.0420515556588973 791.013877156882
0.0420713679359253 790.595807378662
0.042091170887333 790.177204483597
0.0421109645262767 789.758065448281
0.0421307488658818 789.338387229746
0.0421505239192429 788.918166765304
0.0421702896994239 788.497400972394
0.042190046219458 788.076086748418
0.042209793492348 787.654220970589
0.0422295315310664 787.231800495756
0.0422492603485552 786.80882216025
0.0422689799577263 786.385282779707
0.0422886903714614 785.961179148903
0.0423083916026124 785.536508041581
0.042328083664001 785.111266210276
0.0423477665684193 784.685450386138
0.0423674403286297 784.25905727875
0.0423871049573649 783.832083575953
0.042406760467328 783.404525943655
0.0424264068711929 782.976381025648
0.0424460441816039 782.547645443417
0.0424656724111762 782.11831579595
0.042485291572496 781.688388659543
0.0425049016781202 781.257860587601
0.0425245027405769 780.826728110446
0.0425440947723653 780.394987735106
0.0425636777859558 779.962635945114
0.0425832517937902 779.529669200303
0.0426028168082816 779.096083936592
0.0426223728418147 778.661876565777
0.0426419199067459 778.227043475311
0.0426614580154031 777.791581028089
0.042680987180086 777.355485562224
0.0427005074130663 776.918753390826
0.0427200187265877 776.481380801772
0.0427395211328656 776.043364057474
0.042759014644088 775.604699394653
0.0427784992724149 775.165383024096
0.0427979750299785 774.725411130416
0.0428174419288838 774.284779871817
0.0428368999812078 773.84348537984
0.0428563491990005 773.401523759119
0.0428757895942843 772.958891087125
0.0428952211790544 772.515583413916
0.0429146439652791 772.071596761873
0.0429340579648993 771.62692712544
0.0429534631898291 771.181570470859
0.0429728596519555 770.735522735898
0.042992247363139 770.288779829581
0.0430116263352131 769.841337631911
0.0430309965799848 769.393191993589
0.0430503581092345 768.944338735732
0.0430697109347161 768.494773649584
0.043089055068157 768.044492496228
0.0431083905212585 767.593491006285
0.0431277173056957 767.141764879622
0.0431470354331172 766.689309785043
0.0431663449151458 766.236121359989
0.0431856457633784 765.78219521022
0.0432049379893857 765.327526909506
0.0432242216047129 764.872111999301
0.0432434966208793 764.415945988428
0.0432627630493785 763.959024352744
0.0432820209016785 763.501342534813
0.0433012701892219 763.042895943565
0.043320510923426 762.583679953957
0.0433397431156823 762.123689906632
0.0433589667773576 761.662921107559
0.0433781819197931 761.201368827686
0.0433973885543051 760.739028302579
0.0434165866921848 760.275894732054
0.0434357763446985 759.811963279811
0.0434549575230874 759.347229073061
0.0434741302385683 758.881687202139
0.043493294502333 758.415332720129
0.0435124503255486 757.948160642467
0.0435315977193578 757.480165946552
0.0435507366948788 757.011343571338
0.0435698672632054 756.541688416936
0.0435889894354067 756.071195344196
0.0436081032225281 755.599859174295
0.0436272086355904 755.127674688312
0.0436463056855904 754.654636626797
0.0436653943835008 754.180739689341
0.0436844747402705 753.705978534133
0.0437035467668243 753.230347777513
0.0437226104740633 752.753841993522
0.0437416658728647 752.276455713438
0.0437607129740821 751.798183425317
0.0437797517885457 751.319019573516
0.0437987823270617 750.838958558217
0.0438178046004133 750.35799473494
0.04383681861936 749.876122414053
0.0438558243946381 749.393335860273
0.0438748219369606 748.909629292158
0.0438938112570174 748.424996881598
0.0439127923654752 747.93943275329
0.0439317652729776 747.452930984212
0.0439507299901454 746.965485603092
0.0439696865275764 746.477090589856
0.0439886348958455 745.987739875089
0.044007575105505 745.497427339466
0.0440265071670844 745.006146813194
0.0440454310910905 744.513892075431
0.0440643468880076 744.020656853707
0.0440832545682976 743.526434823333
0.0441021541423999 743.031219606798
0.0441210456207315 742.535004773163
0.0441399290136871 742.037783837444
0.0441588043316392 741.539550259983
0.0441776715849383 741.040297445815
0.0441965307839126 740.540018744023
0.0442153819388683 740.03870744708
0.0442342250600897 739.536356790193
0.0442530601578392 739.032959950618
0.0442718872423573 738.528510046987
0.0442907063238629 738.023000138606
0.044309517412553 737.516423224757
0.044328320518603 737.008772243977
0.0443471156521669 736.500040073338
0.044365902823377 735.990219527706
0.0443846820423443 735.479303358997
0.0444034533191583 734.967284255414
0.0444222166638872 734.454154840684
0.0444409720865779 733.939907673267
0.0444597195972564 733.424535245567
0.0444784592059272 732.908029983125
0.044497190922574 732.390384243801
0.0445159147571592 731.871590316943
0.0445346307196246 731.351640422542
0.0445533388198909 730.830526710374
0.0445720390678581 730.308241259134
0.0445907314734053 729.784776075547
0.0446094160463909 729.260123093477
0.0446280927966529 728.734274173006
0.0446467617340086 728.207221099519
0.0446654228682546 727.678955582754
0.0446840762091673 727.149469255853
0.0447027217665025 726.618753674388
0.0447213595499958 726.08680031538
0.0447399895693625 725.553600576289
0.0447586118342977 725.019145774005
0.0447772263544762 724.483427143809
0.0447958331395529 723.946435838325
0.0448144321991625 723.408162926449
0.0448330235429198 722.868599392271
0.0448516071804196 722.327736133966
0.0448701831212369 721.785563962676
0.0448887513749269 721.242073601373
0.0449073119510249 720.6972556837
0.0449258648590468 720.151100752794
0.0449444101084885 719.603599260094
0.0449629477088265 719.054741564122
0.0449814776695179 718.504517929246
0.045 717.952918524431
0.045018514709691 717.399933421953
0.0450370218079896 716.845552596108
0.0450555213042752 716.289765921885
0.045074013207908 715.73256317363
0.0450924975282289 715.173934023673
0.0451109742745598 714.613868040945
0.0451294434562035 714.052354689567
0.0451479050824436 713.489383327406
0.0451663591625449 712.924943204621
0.0451848057057532 712.359023462174
0.0452032447212955 711.791613130318
0.0452216762183801 711.222701127061
0.0452401002061961 710.652276256596
0.0452585166939145 710.080327207714
0.0452769256906871 709.506842552183
0.0452953272056475 708.931810743098
0.0453137212479105 708.355220113202
0.0453321078265725 707.777058873182
0.0453504869507116 707.197315109931
0.0453688586293873 706.615976784776
0.0453872228716409 706.033031731681
0.0454055796864952 705.448467655413
0.0454239290829551 704.862272129679
0.0454422710700071 704.274432595221
0.0454606056566195 703.684936357888
0.0454789328517428 703.093770586665
0.0454972526643093 702.500922311665
0.0455155651032333 701.906378422094
0.0455338701774112 701.310125664164
0.0455521678957215 700.712150638981
0.045570458267025 700.112439800385
0.0455887413001646 699.510979452754
0.0456070170039655 698.907755748765
0.0456252853872353 698.302754687114
0.0456435464587638 697.695962110193
0.0456618002273235 697.087363701723
0.0456800467016691 696.476944984343
0.0456982858905379 695.864691317149
0.0457165178026498 695.250587893193
0.0457347424467075 694.634619736928
0.045752959831396 694.016771701605
0.0457711699653832 693.397028466625
0.0457893728573199 692.775374534828
0.0458075685158395 692.151794229744
0.0458257569495584 691.526271692778
0.0458439381670758 690.898790880345
0.0458621121769739 690.269335560948
0.0458802789878179 689.637889312202
0.045898438608156 689.004435517787
0.0459165910465197 688.368957364355
0.0459347363114234 687.731437838365
0.0459528744113648 687.091859722861
0.0459710053548248 686.450205594174
0.0459891291502677 685.806457818575
0.0460072458061409 685.160598548839
0.0460253553308753 684.512609720759
0.0460434577328854 683.862473049572
0.0460615530205688 683.210170026319
0.0460796412023068 682.555681914133
0.0460977222864644 681.898989744442
0.04611579628139 681.240074313098
0.0461338631954157 680.57891617642
0.0461519230368573 679.915495647164
0.0461699758140143 679.249792790394
0.0461880215351701 678.581787419277
0.0462060602085917 677.911459090783
0.0462240918425302 677.23878710129
0.0462421164452205 676.563750482105
0.0462601340248815 675.886327994874
0.0462781445897161 675.206498126908
0.0462961481479111 674.524239086395
0.0463141447076376 673.839528797511
0.0463321342770508 673.152344895427
0.0463501168642899 672.462664721202
0.0463680924774785 671.770465316562
0.0463860611247244 671.075723418572
0.0464040228141196 670.378415454171
0.0464219775537406 669.678517534605
0.0464399253516483 668.976005449718
0.0464578662158878 668.270854662125
0.046475800154489 667.563040301242
0.046493727175466 666.852537157191
0.0465116472868177 666.139319674553
0.0465295604965274 665.423361945988
0.0465474668125631 664.7046377057
0.0465653662428777 663.983120322749
0.0465832587954085 663.258782794214
0.0466011444780776 662.531597738186
0.0466190232987922 661.801537386605
0.0466368952654441 661.068573577915
0.0466547603859099 660.332677749558
0.0466726186680513 659.593820930277
0.046690470119715 658.851973732235
0.0467083147487325 658.107106342954
0.0467261525629206 657.359188517042
0.046743983570081 656.608189567728
0.0467618077780005 655.854078358191
0.0467796251944512 655.096823292665
0.0467974358271904 654.336392307333
0.0468152396839605 653.572752860992
0.0468330367724893 652.805871925479
0.0468508271004899 652.035715975862
0.0468686106756608 651.262250980382
0.0468863875056858 650.485442390136
0.0469041575982343 649.705255128499
0.046921920960961 648.921653580272
0.0469396776015061 648.134601580558
0.0469574275274956 647.344062403333
0.0469751707465408 646.549998749739
0.0469929072662389 645.75237273605
0.0470106370941726 644.951145881338
0.0470283602379103 644.146279094802
0.0470460767050063 643.33773266276
0.0470637865030004 642.525466235296
0.0470814896394185 641.709438812548
0.0470991861217721 640.889608730618
0.047116875957559 640.065933647107
0.0471345591542625 639.23837052625
0.047152235719352 638.406875623637
0.047169905660283 637.571404470523
0.047187568984497 636.73191185769
0.0472052256994216 635.888351818862
0.0472228758124704 635.040677613656
0.0472405193310432 634.188841710042
0.0472581562625261 633.332795766317
0.0472757866142913 632.472490612545
0.0472934103936972 631.607876231484
0.0473110276080887 630.738901738938
0.0473286382647969 629.865515363558
0.0473462423711393 628.987664426036
0.0473638399344197 628.105295317692
0.0473814309619285 627.218353478424
0.0473990154609425 626.326783374008
0.0474165934387249 625.4305284727
0.0474341649025257 624.529531221152
0.0474517298595812 623.623733019583
0.0474692883171144 622.713074196196
0.0474868402823351 621.797493980807
0.0475043857624395 620.876930477662
0.0475219247646108 619.951320637404
0.0475394572960189 619.020600228162
0.0475569833638202 618.084703805735
0.0475745029751582 617.143564682819
0.0475920161371632 616.197114897266
0.0476095228569523 615.245285179311
0.0476270231416297 614.288004917744
0.0476445169982864 613.325202124986
0.0476620044340003 612.356803401015
0.0476794854558366 611.382733896101
0.0476969600708473 610.402917272312
0.0477144282860716 609.417275663727
0.0477318901085358 608.425729635316
0.0477493455452533 607.428198140421
0.0477667946032248 606.424598476797
0.0477842372894382 605.414846241128
0.0478016736108685 604.398855281994
0.0478191035744781 603.376537651179
0.0478365271872168 602.347803553284
0.0478539444560216 601.312561293558
0.0478713553878169 600.270717223877
0.0478887599895146 599.222175686786
0.0479061582680139 598.166838957524
0.0479235502302017 597.104607183944
0.0479409358829522 596.035378324235
0.0479583152331272 594.959048082346
0.0479756882875761 593.875509841013
0.0479930550531359 592.784654592286
0.0480104155366312 591.686370865425
0.0480277697448743 590.580544652075
0.0480451176846653 589.467059328557
0.0480624593627917 588.345795575184
0.0480797947860291 587.21663129242
0.0480971239611407 586.079441513773
0.0481144468948776 584.934098315236
0.0481317635939788 583.780470721135
0.0481490740651711 582.618424606191
0.0481663783151692 581.447822593627
0.0481836763506757 580.268523949124
0.0482009681783814 579.080384470407
0.0482182538049648 577.883256372275
0.0482355332370926 576.6769881668
0.0482528064814196 575.461424538507
0.0482700735445887 574.236406214224
0.0482873344332307 573.00176982737
0.0483045891539648 571.757347776368
0.0483218377133983 570.502968076885
0.0483390801181266 569.238454207575
0.0483563163747337 567.963624948966
0.0483735464897913 566.678294215143
0.0483907704698599 565.382270877821
0.0484079883214882 564.075358582391
0.048425200051213 562.75735555551
0.0484424056655599 561.428054403747
0.0484596051710426 560.08724190279
0.0484767985741633 558.734698776685
0.0484939858814128 557.370199466513
0.0485111670992704 555.993511887924
0.0485283422342037 554.60439717685
0.0485455112926691 553.202609422714
0.0485626742811116 551.787895388389
0.0485798312059645 550.359994216097
0.0485969820736501 548.918637118414
0.0486141268905792 547.463547053442
0.0486312656631513 545.994438383188
0.0486483983977548 544.511016514075
0.0486655251007665 543.01297751847
0.0486826457785523 541.500007736003
0.0486997604374669 539.971783353372
0.0487168690838536 538.427969961224
0.0487339717240448 536.868222086593
0.0487510683643617 535.292182699267
0.0487681590111144 533.699482690307
0.0487852436706019 532.089740320826
0.0488023223491123 530.462560638952
0.0488193950529227 528.817534862767
0.0488364617882991 527.154239726788
0.0488535225614967 525.472236789391
0.0488705773787596 523.771071698345
0.0488876262463213 522.050273411351
0.048904669170404 520.309353368281
0.0489217061572196 518.54780461144
0.0489387372129686 516.765100849905
0.0489557623438413 514.960695463624
0.0489727815560167 513.134020442542
0.0489897948556636 511.284485255617
0.0490068022489396 509.411475644083
0.0490238037419918 507.514352332792
0.0490407993409569 505.592449652874
0.0490577890519606 503.645074068267
0.0490747728811182 501.67150259799
0.0490917508345343 499.670981125143
0.0491087229183031 497.642722582753
0.0491256891385081 495.585905005546
0.0491426495012225 493.499669435554
0.0491596040125088 491.383117668234
0.0491765526784192 489.235309824252
0.0491934955049954 487.055261730553
0.0492104324982688 484.841942092395
0.0492273636642603 482.594269436054
0.0492442890089805 480.311108799482
0.0492612085384298 477.991268145576
0.049278122258598 475.633494469678
0.049295030175465 473.236469569499
0.049311932295 470.798805441685
0.0493288286231625 468.319039264798
0.0493457191659013 465.795627923303
0.0493626039291554 463.2269420212
0.0493794829188534 460.6112593272
0.0493963561409139 457.94675758535
0.0494132236012453 455.231506615983
0.0494300853057461 452.463459621207
0.0494469412603045 449.640443596873
0.0494637914707988 446.760148738445
0.0494806359430973 443.820116711454
0.0494974746830583 440.817727637249
0.0495143076965302 437.750185621445
0.0495311349893512 434.614502624746
0.04954795656735 431.407480442958
0.049564772436345 428.125690523829
0.0495815826021451 424.765451301424
0.049598387070549 421.322802672388
0.0496151858473458 417.793477170465
0.0496319789383149 414.172867313062
0.0496487663492256 410.455988493245
0.0496655480858378 406.637436667486
0.0496823241539014 402.711339938
0.0496990945591567 398.67130294112
0.0497158593073344 394.510342719761
0.0497326184041554 390.220814465623
0.049749371855331 385.794325148208
0.049766119666563 381.221632579488
0.0497828618435434 376.492526864296
0.0497995983919549 371.595690414382
0.0498163293174705 366.518531700231
0.0498330546257535 361.246986597773
0.0498497743224581 355.765279442881
0.0498664884132286 350.055633572149
0.0498831969037003 344.097917969791
0.0498998997994986 337.869212314601
0.0499165971062398 331.343266719367
0.0499332888295307 324.489824010237
0.0499499749749687 317.273760326768
0.049966655548142 309.653982287312
0.0499833305546292 301.58199300383
0.05 293
