0.0020344711469279 5.57886981509451e-14
0.00491164783517008 9.88774374155996e-12
0.00640098408125423 1.51860244869031e-10
0.00759274968686784 1.27713354564658e-09
0.00861815807664854 7.52387004023662e-09
0.00953263198918096 3.46945407144268e-08
0.0103661209106958 1.33280667380613e-07
0.0111370580807919 4.4373132543272e-07
0.0118577668172681 1.31538203362652e-06
0.0125369760989709 3.54010779404644e-06
0.0131811400993511 8.77702868463556e-06
0.0137951922271879 2.02739200530454e-05
0.0143830048247247 4.40210773260326e-05
0.0149476840337818 9.04993986542723e-05
0.0154917668654725 0.000177200205080541
0.0160173574581029 0.000332093209635437
0.0165262240187668 0.000598194904627668
0.0170198694957818 0.00103933800341726
0.0174995841977345 0.00174716173434601
0.0179664856985935 0.00284923459089731
0.0184215495955862 0.00451809140075915
0.0188656335604574 0.00698082493330025
0.0192994963901637 0.010528731524404
0.0197238132724834 0.0155263849273021
0.0201391881474159 0.022419417876014
0.0205461638126663 0.0317402402550811
0.020945230257063 0.0441109268569061
0.0213368315876513 0.0602425726376576
0.0217213718301818 0.0809305399504627
0.0220992198192249 0.107045205568256
0.0224707133467292 0.139518045093634
0.0228361627020398 0.179323153712401
0.0231958537090701 0.227454577084537
0.0235500503452887 0.284900094636217
0.023898997010827 0.352612340021524
0.024242920503207 0.431478342224679
0.0245820317430733 0.522288711185744
0.0249165272882646 0.625707763844226
0.0252465906671227 0.742245885278756
0.0255723935567385 0.872235345470059
0.0258940968276263 1.01581065073837
0.026211851472884 1.17289430993847
0.026525799437078 1.34318865246156
0.0268360743577736 1.52617406362323
0.0271428022307059 1.72111371976969
0.0274461020079906 1.92706462688614
0.0277460861374318 2.14289450773262
0.0280428610498676 2.36730385651626
0.0283365276005435 2.59885229680034
0.0286271814697062 2.83598824450872
0.028914913526932 3.07708079685988
0.0291998101631222 3.32045273994491
0.0294819535936068 3.56441358955179
0.0297614221353703 3.80729164648438
0.0300382904610511 4.04746415181043
0.0303126298320489 4.28338476081663
0.0305845083128035 4.51360770794099
0.0308539909680706 4.73680819955277
0.0311211400448162 4.95179873861659
0.0313860151401691 5.15754124733999
0.0316486733567176 5.35315500441721
0.0319091694462952 5.53792054728958
0.0321675559432828 5.71127980335196
0.0324238832883459 5.87283280496213
0.0326781999434325 6.0223314106098
0.0329305524987753 6.15967049897075
0.0331809857725668 6.28487712506038
0.0334295429039113 6.39809813048435
0.0336762654396001 6.49958668534813
0.0339211934152047 6.5896882108689
0.0341643654309354 6.6688260921016
0.0344058187226734 6.73748754270435
0.0346455892285455 6.79620993107967
0.0348837116513795 6.84556782244431
0.0351202195173473 6.88616093652142
0.0353551452310762 6.91860316768298
0.0355885201274851 6.9435127650556
0.0358203745205801 6.96150372536359
0.0360507377494251 6.97317841208103
0.0362796382214852 6.97912138099736
0.0365071034535221 6.97989436494199
0.0367331601102114 6.97603234882807
0.0369578340406324 6.96804065023782
0.0371811503127736 6.95639290986262
0.0374031332461829 6.94152988982878
0.0376238064428843 6.92385897552354
0.0378431928166718 6.90375427746337
0.0380613146208822 6.88155723330176
0.0382781934747447 6.85757761571831
0.0384938503883931 6.83209485903706
0.0387083057866239 6.80535962557745
0.0389215795314762 6.77759554142127
0.0391336909437034 6.74900104017674
0.0393446588232036 6.71975126213602
0.039554501468468 6.68999996467189
0.0397632366951067 6.65988140766622
0.0399708818535028 6.62951218509527
0.0401774538456452 6.59899298048369
0.0403829691411868 6.56841022977858
0.0405874437927705 6.537837680302
0.0407908934506635 6.50733783874849
0.040993333376738 6.47696330485093
0.0411947784578335 6.4467579902919
0.0413952432185337 6.41675822482523
0.0415947418333892 6.38699375339767
0.0417932881386148 6.35748862944325
0.0419908956432891 6.32826201047969
0.0421875775400821 6.29932886276099
0.0423833467155343 6.27070058208742
0.0425782157599106 6.24238553797882
0.0427721969766501 6.21438954834529
0.0429653023914318 6.18671629158423
0.0431575437608753 6.15936766271284
0.0433489325808941 6.13234407975733
0.0435394800947183 6.10564474619235
0.0437291973006026 6.079267874751
0.0439180949592351 6.05321087747474
0.0441061836008598 6.02747052638907
0.0442934735321273 6.00204308875342
0.0444799748426855 5.97692444039974
0.0446656974115232 5.95211016027156
0.0448506509130766 5.92759560890319
0.0450348448231102 5.90337599323432
0.0452182884243826 5.87944641985127
0.0454009908121059 5.85580193845804
0.0455829608992074 5.83243757713628
0.0457642074214045 5.80934837073328
0.0459447389420983 5.78652938351696
0.0461245638570948 5.7639757270709
0.0463036903991619 5.7416825742534
0.0464821266424272 5.71964516991237
0.0466598805066255 5.6978588389419
0.0468369597612005 5.67631899217104
0.0470133720292676 5.65502113048785
0.0471891247914437 5.63396084754241
0.0473642253895484 5.61313383130771
0.0475386810301833 5.59253586472971
0.0477124987881927 5.57216282565878
0.0478856856100121 5.5520106862155
0.0480582483169073 5.53207551172245
0.0482301936081095 5.51235345930104
0.0484015280638504 5.4928407762204
0.0485722581483005 5.47353379806312
0.0487423902124152 5.45442894676436
0.0489119304966911 5.43552272856506
0.0490808851338378 5.41681173191542
0.0492492601513658 5.39829262535344
0.0494170614740961 5.37996215538141
0.0495842949265927 5.36181714435501
0.049750966235522 5.34385448839835
0.0499170810319411 5.32607115535348
