0 969.080064310597
0.0003125 969.080064310597
0.000625 969.080064310597
0.0009375 969.080064310597
0.00125 969.080064310597
0.0015625 969.080064310597
0.001875 969.080064310597
0.0021875 969.080064310597
0.0025 969.080064310597
0.0028125 969.080064310597
0.003125 969.080064310596
0.0034375 969.080064310596
0.00375 969.080064310596
0.0040625 969.080064310596
0.004375 969.080064310595
0.0046875 969.080064310594
0.005 969.080064310593
0.0053125 969.08006431059
0.005625 969.080064310585
0.0059375 969.080064310575
0.00625 969.080064310557
0.0065625 969.080064310524
0.006875 969.080064310462
0.0071875 969.080064310351
0.0075 969.080064310152
0.0078125 969.080064309796
0.008125 969.080064309165
0.0084375 969.080064308058
0.00875 969.080064306127
0.0090625 969.080064302787
0.009375 969.080064297053
0.0096875 969.080064287284
0.01 969.080064270764
0.0103125 969.080064243043
0.010625 969.080064196874
0.0109375 969.080064120564
0.01125 969.080063995384
0.0115625 969.080063791581
0.011875 969.080063462264
0.0121875 969.080062934126
0.0125 969.080062093471
0.0128125 969.080060765377
0.013125 969.080058682874
0.0134375 969.080055441767
0.01375 969.080050435009
0.0140625 969.080042758204
0.014375 969.080031074775
0.0146875 969.080013425334
0.015 969.079986960578
0.0153125 969.07994757053
0.015625 969.079889374627
0.0159375 969.079804027017
0.01625 969.079679779032
0.0165625 969.079500226079
0.016875 969.079242648913
0.0171875 969.07887583953
0.0175 969.078357279904
0.0178125 969.07762951793
0.018125 969.076615560012
0.0184375 969.075213074895
0.01875 969.073287180137
0.0190625 969.070661563105
0.019375 969.067107675106
0.0196875 969.062331733174
0.02 969.055959272478
0.0203125 969.047517016878
0.020625 969.036411879477
0.0209375 969.021906972333
0.02125 969.003094597742
0.0215625 968.978866314325
0.021875 968.947880320017
0.0221875 968.908526569597
0.0225 968.858890242903
0.0228125 968.796714395434
0.023125 968.719362846819
0.0234375 968.623784583518
0.02375 968.506481156336
0.0240625 968.363478725647
0.024375 968.190306531008
0.0246875 967.981983620772
0.025 967.733015655893
0.0253125 967.437403487839
0.025625 967.088664994304
0.0259375 966.679871334836
0.02625 966.203698364121
0.0265625 965.652493423226
0.026875 965.018357135627
0.0271875 964.293239189249
0.0275 963.469046418294
0.0278125 962.537760843992
0.028125 961.491564729121
0.0284375 960.322969184962
0.02875 959.024942476523
0.0290625 957.591033932756
0.029375 956.015489305764
0.0296875 954.293353549761
0.03 952.42055730886
0.0303125 950.393983902924
0.030625 948.211514261533
0.0309375 945.872048046036
0.03125 943.375500078512
0.0315625 940.722772118336
0.031875 937.915700943127
0.0321875 934.956984552828
0.0325 931.850089078969
0.0328125 928.599139607865
0.033125 925.208798587783
0.0334375 921.684135767687
0.03375 918.030493702502
0.0340625 914.253352761465
0.034375 910.358199307408
0.0346875 906.350400299716
0.035 902.235087043068
0.0353125 898.017050192721
0.035625 893.700647471676
0.0359375 889.289724890873
0.03625 884.787551623085
0.0365625 880.196768091471
0.036875 875.519346315899
0.0371875 870.756561127961
0.0375 865.908970525905
0.0378125 860.976403193254
0.038125 855.957951043466
0.0384375 850.851964566037
0.03875 845.656048721442
0.0390625 840.367057144692
0.039375 834.981082449464
0.0396875 829.493440455106
0.04 823.898646164546
0.0403125 818.1903792791
0.040625 812.361436921509
0.0409375 806.403671024433
0.04125 800.307907496874
0.0415625 794.063843767714
0.041875 787.659920575079
0.0421875 781.083162857464
0.0425 774.318983217841
0.0428125 767.350939548799
0.043125 760.160435844037
0.0434375 752.726351715543
0.04375 745.024581297764
0.0440625 737.027455467806
0.044375 728.703011758579
0.0446875 720.014062618736
0.045 710.916992613711
0.0453125 701.36018527154
0.045625 691.281934775853
0.0459375 680.607626776162
0.04625 669.245859020653
0.0465625 657.082985138691
0.046875 643.975244949904
0.0471875 629.737076380047
0.0475 614.123147239789
0.0478125 596.799570426299
0.048125 577.295419664717
0.0484375 554.915802476665
0.04875 528.573019945944
0.0490625 496.421676444646
0.049375 454.941937104108
0.0496875 396.035095652679
0.05 293
