0.00015625 -0
0.00046875 -3.63766226030293e-13
0.00078125 -3.63709951045621e-13
0.00109375 -3.63625538568612e-13
0.00140625 3.63512988599268e-13
0.00171875 -0
0.00203125 -0
0.00234375 -0
0.00265625 1.08834424139559e-12
0.00296875 3.62528176367505e-13
0.00328125 7.24493602888287e-13
0.00359375 1.44774915611379e-12
0.00390625 7.23199278240826e-13
0.00421875 1.08370155516013e-12
0.00453125 2.16503956096402e-12
0.00484375 4.32501437330756e-12
0.00515625 8.99919161412301e-12
0.00546875 1.72554877053699e-11
0.00578125 3.01545595959852e-11
0.00609375 5.69932701566244e-11
0.00640625 1.05576219588954e-10
0.00671875 1.92581790905422e-10
0.00703125 3.48115364090519e-10
0.00734375 6.25185897860092e-10
0.00765625 1.11296595875387e-09
0.00796875 1.96617781767827e-09
0.00828125 3.447516248265e-09
0.00859375 5.99768896147881e-09
0.00890625 1.03519417721287e-08
0.00921875 1.77310055035206e-08
0.00953125 3.01379500560728e-08
0.00984375 5.08339345793373e-08
0.01015625 8.50856831196016e-08
0.01046875 1.41327244452256e-07
0.01078125 2.32951739831186e-07
0.01109375 3.81054154000431e-07
0.01140625 6.18570757110106e-07
0.01171875 9.96504503358868e-07
0.01203125 1.59316745169118e-06
0.01234375 2.52778168820384e-06
0.01265625 3.98032256928564e-06
0.01296875 6.22016963231384e-06
0.01328125 9.64707676605774e-06
0.01359375 1.48492133827858e-05
0.01390625 2.26845314051772e-05
0.01421875 3.43937525188063e-05
0.01453125 5.1755603079377e-05
0.01484375 7.72979696719348e-05
0.01515625 0.000114582067481369
0.01546875 0.000168580817407537
0.01578125 0.000246177208088402
0.01609375 0.000356813383812263
0.01640625 0.000513326460669951
0.01671875 0.000733012213085414
0.01703125 0.00103896247373802
0.01734375 0.00146172575853692
0.01765625 0.00204134254548457
0.01796875 0.00282980604124054
0.01828125 0.00389399510492081
0.01859375 0.00531911729638195
0.01890625 0.00721268567935201
0.01921875 0.00970903210308836
0.01953125 0.0129743313128621
0.01984375 0.0172120740911253
0.02015625 0.0226688835536604
0.02046875 0.0296405174864639
0.02078125 0.0384778425671014
0.02109375 0.0495925058264655
0.02140625 0.0634619680311384
0.02171875 0.0806335070333511
0.02203125 0.101726751563678
0.02234375 0.127434273164677
0.02265625 0.158519751867146
0.02296875 0.195813245634384
0.02328125 0.240203139647639
0.02359375 0.292624432957792
0.02390625 0.354043138800192
0.02421875 0.4254367304545
0.02453125 0.507770753373656
0.02484375 0.601971939834933
0.02515625 0.70889839470842
0.02546875 0.829307657299588
0.02578125 0.963823669508642
0.02609375 1.11290387814963
0.02640625 1.2768078523085
0.02671875 1.45556888926017
0.02703125 1.64897010131756
0.02734375 1.85652641160455
0.02765625 2.0774737346495
0.02796875 2.31076637948075
0.02828125 2.55508339643487
0.02859375 2.80884420842596
0.02890625 3.0702334428257
0.02921875 3.33723443572881
0.02953125 3.60767044337318
0.02984375 3.87925219376734
0.03015625 4.14963007181605
0.03046875 4.41644897642847
0.03078125 4.67740373603869
0.03109375 4.93029293041139
0.03140625 5.17306904456713
0.03171875 5.40388307008787
0.03203125 5.62112195710316
0.03234375 5.82343768766853
0.03265625 6.00976716350595
0.03296875 6.17934255084014
0.03328125 6.33169217399274
0.03359375 6.46663247051259
0.03390625 6.58425189023121
0.03421875 6.68488791979771
0.03453125 6.76909863019705
0.03484375 6.83763027094784
0.03515625 6.89138247131789
0.03546875 6.93137256188781
0.03578125 6.95870041015425
0.03609375 6.97451498614079
0.03640625 6.97998365502974
0.03671875 6.97626495119301
0.03703125 6.96448533861761
0.03734375 6.94572022182154
0.03765625 6.92097925150745
0.03796875 6.89119577985587
0.03828125 6.85722016762974
0.03859375 6.81981653191378
0.03890625 6.77966244927
0.03921875 6.73735109171895
0.03953125 6.69339526779937
0.03984375 6.64823286240975
0.04015625 6.60223321087556
0.04046875 6.55570399845828
0.04078125 6.50889834039435
0.04109375 6.46202176433398
0.04140625 6.41523888248466
0.04171875 6.36867960159001
0.04203125 6.32244477285887
0.04234375 6.27661122978032
0.04265625 6.23123619893594
0.04296875 6.18636109755404
0.04328125 6.14201475229826
0.04359375 6.09821608753485
0.04390625 6.05497633921825
0.04421875 6.01230085371392
0.04453125 5.97019053046931
0.04484375 5.92864296447148
0.04515625 5.88765333978442
0.04546875 5.84721511985462
0.04578125 5.80732057429783
0.04609375 5.76796117594292
0.04640625 5.72912789629596
0.04671875 5.69081142250685
0.04703125 5.65300231442879
0.04734375 5.61569111652651
0.04765625 5.5788684361629
0.04796875 5.54252499715456
0.04828125 5.50665167535792
0.04859375 5.47123952135947
0.04890625 5.43627977403253
0.04921875 5.40176386771424
0.04953125 5.36768343499396
0.04984375 5.33403030653698
