0 974.113878546583
0.00395284707521047 974.113878546583
0.00559016994374947 974.113878546571
0.00684653196881458 974.113878546437
0.00790569415042095 974.113878545519
0.00883883476483185 974.113878540876
0.00968245836551854 974.113878521874
0.0104582503316759 974.113878455647
0.0111803398874989 974.113878252381
0.0118585412256314 974.113877690035
0.0125 974.113876263821
0.0131101106021269 974.113872905211
0.0136930639376292 974.113865487982
0.0142521928137392 974.113850004607
0.014790199457749 974.113819256464
0.0153093108923949 974.113760858067
0.0158113883008419 974.113654312479
0.0162980060130066 974.113466877203
0.0167705098312484 974.113147912714
0.0172300609401128 974.112621395729
0.0176776695296637 974.111776292016
0.0181142209327368 974.110454523979
0.0185404962177392 974.108436339657
0.0189571886101289 974.105422992964
0.0193649167310371 974.101016778217
0.0197642353760524 974.094698620519
0.0201556443707464 974.085803599766
0.0205395959064437 974.073494970086
0.0209165006633519 974.056737416595
0.021286732957408 974.034270454839
0.021650635094611 974.004583012717
0.0220085210770738 973.965890328454
0.0223606797749979 973.916114341991
0.0227073776557312 973.852868744348
0.0230488611432322 973.773449776898
0.0233853586673371 973.674833740625
0.0237170824512628 973.553681988675
0.0240442300770892 973.406353941495
0.0243669858620224 973.228928393463
0.0246855220726644 973.017233086056
0.025 972.766882219652
0.0253105709141457 972.473321278888
0.025617376914899 972.131878269424
0.0259205516916596 971.737820220072
0.0262202212042538 971.286413604553
0.0265165042944955 970.772987190102
0.026809513236909 970.192995731193
0.0270993542358485 969.542082898301
0.0273861278752583 968.81614186306
0.0276699295264733 968.011372049117
0.0279508497187474 967.124330696284
0.0282289744765905 966.151978066474
0.0285043856274785 965.091715333956
0.0287771610830533 963.941414439429
0.0290473750965556 962.699439436892
0.0293150984988964 961.364659113917
0.0295803989154981 959.936450910294
0.0298433409657833 958.414696388576
0.0301039864469807 956.799768715832
0.0303623945037278 955.092512793312
0.0306186217847897 953.294218816024
0.0308727225880712 951.406590155029
0.0311247489949718 949.431706531076
0.0313747509950278 947.371983489624
0.0316227766016838 945.230129196397
0.0318688719599549 943.009099552292
0.0321130814466628 940.712052580341
0.032355447763862 938.342302969839
0.0325960120260132 935.903277578036
0.0328348138414092 933.398472592527
0.0330718913883074 930.831412952084
0.0333072814861856 928.205614514217
0.0335410196624968 925.524549348072
0.0337731402152657 922.791614424444
0.0340036762718386 920.010103873632
0.0342326598440729 917.183184888576
0.0344601218802256 914.3138772669
0.034686092313779 911.405036512171
0.0349106001094224 908.459340352514
0.035133673306388 905.479278483813
0.0353553390593274 902.467145304873
0.0355756236768943 899.425035382649
0.0357945526581909 896.354841366104
0.0360121507272198 893.258254056668
0.0362284418654736 890.136764340353
0.0364434493427831 886.9916666905
0.036657195746538 883.824063959454
0.0368697030093816 880.634873191371
0.0370809924354783 877.424832205548
0.0372910847254407 874.194506719316
0.0375 870.944297800677
0.0377077578224959 867.674449462759
0.0379143772202578 864.385056234083
0.0381198767049423 861.076070560073
0.0383242742918897 857.747309911705
0.0385275875185561 854.398463496304
0.0387298334620742 851.029098483035
0.0389310287559936 847.638665671371
0.0391311896062463 844.226504544632
0.0393303318063807 840.791847662565
0.0395284707521047 837.333824356793
0.0397256214551768 833.851463700855
0.0399217985566783 830.343696732573
0.040117016339703 826.809357910613
0.0403112887414928 823.247185789469
0.0405046293650491 819.655822897775
0.0406970514902493 816.033814803882
0.0408885680844903 812.379608350069
0.0410791918128875 808.691549032686
0.0412689350480479 804.967877499845
0.0414578098794425 801.206725131094
0.0416458281223942 797.406108654645
0.0418330013267038 793.563923747143
0.042019340784929 789.67793754848
0.0422048575403353 785.745780009526
0.0423895623945329 781.764933973614
0.042573465914816 777.732723872753
0.0427565784412177 773.646302896365
0.0429389100932942 769.502638463225
0.0431204707766508 765.298495795461
0.0433012701892219 761.030419355888
0.0434813178273152 756.694711865442
0.0436606229914325 752.287410564422
0.0438391947918755 747.804260317716
0.0440170421541475 743.240683087641
0.0441941738241592 738.591743205367
0.0443705983732471 733.852107758965
0.0445463242030137 729.016001277874
0.0447213595499958 724.07715372311
0.0448957124901699 719.028740581225
0.0450693909432999 713.863313596347
0.0452424026771346 708.572720343294
0.0454147553114624 703.148010425775
0.0455864563220262 697.579325549673
0.0457575130443078 691.855770035651
0.0459279326771846 685.965257447484
0.0460977222864644 679.894327852773
0.0462668888083044 673.627928703782
0.0464354390525168 667.149150290091
0.0466033797057681 660.438903974261
0.0467707173346743 653.475527689985
0.0469374583887965 646.234298036795
0.0471036092035419 638.686821113877
0.0472691760029726 630.800264034481
0.0474341649025257 622.536374356851
0.0475985819116494 613.850213088858
0.047762432936357 604.688494633604
0.047925723781702 594.987377664724
0.0480884601541784 584.669473558414
0.048250647664047 573.639714463244
0.0484122918275927 561.779516311025
0.0485733980693136 548.938316486857
0.0487339717240448 534.920929100746
0.0488940180390199 519.46796524051
0.0490535421758715 502.224191628051
0.0492125492125738 482.684658481511
0.0493710441453288 460.096789386964
0.0495290318903974 433.26679134393
0.0496865172858795 400.130928596379
0.0498435050934422 356.638974411868
0.05 293
