0.00196418550329597 5.77914607896456e-14
0.00474196328107374 6.71677182385794e-12
0.00617984686497664 9.72084424780565e-11
0.00733044009379079 7.77158414722831e-10
0.00832042331238135 4.40521815644985e-09
0.0092033045490363 1.97060914112747e-08
0.0100079986137662 7.38837971171902e-08
0.0107523019260749 2.4121280535895e-07
0.0114481120654435 7.03888802596295e-07
0.0121038564473873 1.87083148728171e-06
0.0127257662705875 4.59321948992034e-06
0.0133186045074858 1.05312842698882e-05
0.0138861097210544 2.27442205002556e-05
0.0144312807440583 4.65919095764847e-05
0.0149565669405289 9.10508761792622e-05
0.0154639997563112 0.000170554321156623
0.0159552863115801 0.000307463848347936
0.0164318776317296 0.00053526565694642
0.016895019448568 0.000902554364986192
0.0173457907268135 0.00147782238050729
0.0177851333593675 0.00235501267670017
0.0182138753876648 0.00365972056022087
0.0186327493942168 0.00555585007281496
0.0190424072408344 0.00825244894891437
0.0194434320029736 0.0120103697354371
0.019836347726102 0.0171483412038226
0.0202216274712188 0.0240479908217264
0.0205997000026353 0.0331573419206624
0.0209709553880719 0.0449923228238804
0.0213357497198316 0.0601358717109553
0.021694409120037 0.0792343001241017
0.0220472331583497 0.102990686738469
0.0223944977842166 0.132155205851552
0.0227364578553768 0.167512444530086
0.0230733493285779 0.20986591934645
0.0234053911660824 0.260020158436752
0.0237327870017794 0.318760857310583
0.02405572660295 0.386833738298186
0.0243743871575128 0.464922836074698
0.0246889344115653 0.553628989448503
0.0249995236779675 0.653449339100218
0.0253063007334015 0.764758611117641
0.0256094026186214 0.887792908364891
0.0259089583543647 1.02263663964591
0.0262050895835444 1.16921309573218
0.0264979111487925 1.32727903875223
0.0267875316131362 1.49642351494152
0.0270740537305075 1.67607093879991
0.0273575748718672 1.86548833736477
0.0276381874119606 2.06379649411254
0.0279159790810584 2.26998459955568
0.0281910332854828 2.48292790502406
0.0284634294002397 2.70140779118318
0.028733243036667 2.92413360567269
0.0290005462876594 3.14976559544648
0.0292654079527221 3.37693825815477
0.0295278937448468 3.60428346109593
0.0297880664809727 3.83045272286621
0.0300459862575961 4.05413811797568
0.0303017106129216 4.27409134406431
0.0305552946767925 4.48914058047253
0.0308067913095101 4.69820486133293
0.0310562512305304 4.90030578178857
0.0313037231379258 5.09457644868769
0.0315492538194113 5.2802676738992
0.0317928882556492 5.45675148659743
0.032034669716481 5.6235221085691
0.0322746398506678 5.78019459258603
0.0325128387696685 5.92650136737877
0.0327493051259305 6.06228696387866
0.0329840761861281 6.18750121642439
0.0332171878997403 6.30219124056871
0.0334486749633258 6.40649248695101
0.0336785708808209 6.50061916003638
0.033906908020156 6.58485427257998
0.0341337176664637 6.65953958333012
0.0343590300721233 6.72506563798033
0.0345828745038717 6.78186210337543
0.0348052792871852 6.83038855367529
0.0350262718481251 6.87112583583497
0.0352458787528214 6.90456811127597
0.0354641257447549 6.93121564188106
0.0356810377799873 6.95156836200925
0.0358966390604734 6.966120254595
0.0361109530655847 6.97535452873142
0.0363240025819574 6.97973957876354
0.0365358097317735 6.97972569057438
0.0367463959995757 6.97574244962467
0.0369557822577055 6.96819679696217
0.0371639887904515 6.95747167379839
0.0373710353169872 6.94392519196154
0.0375769410131703 6.92789026631892
0.0377817245322728 6.90967464577847
0.0379854040247055 6.88956128143301
0.0381879971567949 6.86780897348645
0.0383895211286684 6.84465324251119
0.0385899926912988 6.8203073751146
0.0387894281627557 6.79496359895335
0.0389878434437087 6.76879434711533
0.0391852540322239 6.74195357693292
0.0393816750378928 6.71457811324865
0.03957712119533 6.6867889908967
0.0397716068770737 6.65869277554838
0.0399651461059212 6.63038284620686
0.0401577525667297 6.60194062625209
0.040349439617709 6.57343675328048
0.0405402203012345 6.544932180825
0.040730107354204 6.51647920753911
0.0409191132179618 6.48812243153228
0.0411072500478121 6.45989962928601
0.0412945297221426 6.43184256001968
0.0414809638511765 6.40397769750076
0.0416665637853732 6.37632689215817
0.0418513406234922 6.34890796701602
0.0420353052203397 6.32173525141078
0.0422184681942096 6.29482005671927
0.0424008399340364 6.26817109848498
0.0425824306062716 6.24179486935285
0.0427632501614982 6.21569596715587
0.0429433083407933 6.18987738237407
0.0431226146818524 6.16434074899055
0.0433011785248852 6.13908656255841
0.0434790090182937 6.11411436903842
0.0436561151241413 6.08942292770395
0.0438325056234243 6.06501035115081
0.044008189121152 6.04087422517336
0.0441831740512455 6.01701171101585
0.0443574686812628 5.99341963225254
0.044531081116957 5.97009454831777
0.0447040193066752 5.94703281648563
0.0448762910456052 5.92423064388589
0.0450479039798758 5.90168413096634
0.0452188656105167 5.87938930763079
0.0453891832972847 5.85734216312817
0.045558864262361 5.83553867062941
0.0457279155939245 5.81397480730758
0.0458963442496076 5.79264657061565
0.0460641570598375 5.77154999137055
0.0462313607310684 5.75068114415768
0.0463979618489091 5.73003615549547
0.0465639668811502 5.70961121014113
0.0467293821806936 5.68940255585077
0.0468942139883896 5.66940650686622
0.0470584684357846 5.64961944635704
0.0472221515477827 5.63003782800634
0.0473852692452243 5.61065817690122
0.0475478273473852 5.59147708986266
0.0477098315743993 5.57249123532503
0.0478712875496074 5.55369735285751
0.0480322008018345 5.53509225240361
0.0481925767675994 5.51667281330234
0.0483524207932576 5.49843598314281
0.0485117381370814 5.48037877649245
0.048670533971278 5.46249827353564
0.048828813383949 5.44479161864929
0.0489865813809926 5.42725601893789
0.0491438428879515 5.4098887427462
0.0493006027518063 5.39268711816419
0.0494568657427197 5.37564853153445
0.0496126365557296 5.35877042597251
0.0497679198123954 5.3420502999054
0.0499227200623977 5.32548570563464
