0.000154320987654321 -0
0.000462962962962963 7.36628180675325e-13
0.000771604938271605 -0
0.00108024691358025 -0
0.00138888888888889 3.68063979294675e-13
0.00169753086419753 -0
0.00200617283950617 -0
0.00231481481481481 -3.675637572087e-13
0.00262345679012346 -0
0.0029320987654321 -0
0.00324074074074074 -7.33626848159474e-13
0.00354938271604938 3.66507732804974e-13
0.00385802469135802 7.32348502828649e-13
0.00416666666666667 1.82906489953894e-12
0.00447530864197531 2.55796742799753e-12
0.00478395061728395 4.74509186511164e-12
0.00509259259259259 8.38493576793553e-12
0.00540123456790123 1.49276897016332e-11
0.00570987654320988 2.65420532564854e-11
0.00601851851851852 5.04655844224545e-11
0.00632716049382716 9.06264890292934e-11
0.0066358024691358 1.63950830748642e-10
0.00694444444444444 2.95191071586487e-10
0.00725308641975309 5.27662855789559e-10
0.00756172839506173 9.34572579404228e-10
0.00787037037037037 1.64420298460754e-09
0.00817901234567901 2.8701347484154e-09
0.00848765432098765 4.97071677645839e-09
0.0087962962962963 8.54478116423249e-09
0.00910493827160494 1.45793051400587e-08
0.00941358024691358 2.46888585201708e-08
0.00972222222222222 4.14956935372858e-08
0.0100308641975309 6.92232208384285e-08
0.0103395061728395 1.14617821896306e-07
0.0106481481481481 1.88365079856112e-07
0.0109567901234568 3.07258406295178e-07
0.0112654320987654 4.9747361434969e-07
0.0115740740740741 7.9947460022822e-07
0.0118827160493827 1.27529200218564e-06
0.0121913580246914 2.01924767568693e-06
0.0125 3.17357782321605e-06
0.0128086419753086 4.95099349357453e-06
0.0131172839506173 7.66696799089236e-06
0.0134259259259259 1.17854811519493e-05
0.0137345679012346 1.79832300764401e-05
0.0140432098765432 2.72388812760755e-05
0.0143518518518519 4.09558993812225e-05
0.0146604938271605 6.11299301017395e-05
0.0149691358024691 9.05745672676043e-05
0.0152777777777778 0.00013322274954228
0.0155864197530864 0.000194524915222429
0.0158950617283951 0.000281969358061692
0.0162037037037037 0.000405754852983976
0.0165123456790123 0.000579650396385398
0.016820987654321 0.00082208143489053
0.0171296296296296 0.00115748597905109
0.0174382716049383 0.00161798681328189
0.0177469135802469 0.00224542710584658
0.0180555555555556 0.00309381521510933
0.0183641975308642 0.00423221955128738
0.0186728395061728 0.00574814502470571
0.0189814814814815 0.007751408035035
0.0192901234567901 0.0103785061618001
0.0195987654320988 0.0137974512467893
0.0199074074074074 0.0182129999631636
0.0202160493827161 0.0238721743973903
0.0205246913580247 0.0310699174577647
0.0208333333333333 0.0401546753406744
0.021141975308642 0.0515336442125049
0.0214506172839506 0.0656773636446471
0.0217592592592593 0.0831232891280802
0.0220679012345679 0.104477934760685
0.0223765432098765 0.130417149972011
0.0226851851851852 0.161684086255353
0.0229938271604938 0.19908442636385
0.0233024691358025 0.243478493675229
0.0236111111111111 0.295769936677502
0.0239197530864198 0.356890794201461
0.0242283950617284 0.427782890501697
0.024537037037037 0.509375682185402
0.0248456790123457 0.602560875340576
0.0251543209876543 0.708164342087003
0.025462962962963 0.826916079853533
0.0257716049382716 0.959419160455224
0.0260802469135802 1.10611879494543
0.0263888888888889 1.26727277918875
0.0266975308641975 1.44292467026637
0.0270061728395062 1.63288106317331
0.0273148148148148 1.83669428241966
0.0276234567901235 2.0536516698605
0.0279320987654321 2.28277243944843
0.0282407407407407 2.52281278825474
0.0285493827160494 2.77227961310074
0.028858024691358 3.0294528007541
0.0291666666666667 3.29241565785521
0.0294753086419753 3.55909264856826
0.0297839506172839 3.82729323790937
0.0300925925925926 4.09476032071604
0.0304012345679012 4.35922147130925
0.0307098765432099 4.61844109348336
0.0310185185185185 4.87027149545468
0.0313271604938272 5.11270096363525
0.0316358024691358 5.34389705964591
0.0319444444444444 5.56224360693017
0.0322530864197531 5.76637015073921
0.0325617283950617 5.95517304753904
0.0328703703703704 6.12782774327187
0.033179012345679 6.28379220935386
0.0334876543209877 6.42280189649382
0.0337962962962963 6.5448569173692
0.0341049382716049 6.65020246184327
0.0344135802469136 6.73930366954681
0.0347222222222222 6.812816326836
0.0350308641975309 6.87155481640449
0.0353395061728395 6.91645873187127
0.0356481481481482 6.94855948455207
0.0359567901234568 6.9689480872963
0.0362654320987654 6.97874511494761
0.0365740740740741 6.97907362808931
0.0368827160493827 6.97103562159141
0.0371913580246914 6.95569233632775
0.0375 6.93404856344834
0.0378086419753086 6.90704088542252
0.0381172839506173 6.87552964350394
0.0384259259259259 6.84029430109182
0.0387345679012346 6.80203178781935
0.0390432098765432 6.7613573587895
0.0393518518518519 6.7188074840409
0.0396604938271605 6.67484429054415
0.0399691358024691 6.62986110750548
0.0402777777777778 6.5841887098536
0.0405864197530864 6.53810190909302
0.0408950617283951 6.49182620018173
0.0412037037037037 6.44554423352398
0.0415123456790124 6.39940193911503
0.041820987654321 6.35351418281768
0.0421296296296296 6.3079698810488
0.0424382716049383 6.26283653889928
0.0427469135802469 6.2181642077079
0.0430555555555556 6.17398888161373
0.0433641975308642 6.13033536928641
0.0436728395061728 6.08721968776805
0.0439814814814815 6.044651031149
0.0442901234567901 6.00263336866444
0.0445987654320988 5.96116672571937
0.0449074074074074 5.92024819820079
0.045216049382716 5.87987274595236
0.0455246913580247 5.84003380609798
0.0458333333333333 5.80072376146133
0.046141975308642 5.76193429399299
0.0464506172839506 5.72365664811985
0.0467592592592593 5.68588182441461
0.0470679012345679 5.64860072002204
0.0473765432098765 5.61180422888738
0.0476851851851852 5.57548331199546
0.0479938271604938 5.53962904550018
0.0483024691358025 5.50423265274844
0.0486111111111111 5.46928552471335
0.0489197530864198 5.43477923219459
0.0492283950617284 5.40070553224746
0.049537037037037 5.36705637062915
0.0498456790123457 5.33382388154333
