0.00014367816091954 -0
0.000431034482758621 -0
0.000718390804597701 -0
0.00100574712643678 3.95471719739676e-13
0.00129310344827586 3.95368225514991e-13
0.00158045977011494 7.90477715468271e-13
0.00186781609195402 7.90167232794217e-13
0.0021551724137931 7.89805003007822e-13
0.00244252873563218 3.94695513054542e-13
0.00272988505747126 1.18338795314701e-12
0.00301724137931034 1.97101957743645e-12
0.00330459770114943 1.18175791910823e-12
0.00359195402298851 1.57443529478142e-12
0.00387931034482759 1.57308986986052e-12
0.00416666666666667 1.96455118839366e-12
0.00445402298850575 2.35513280601701e-12
0.00474137931034483 5.09740604668656e-12
0.00502873563218391 8.22503444663295e-12
0.00531609195402299 1.29096852380575e-11
0.00560344827586207 2.18798151826346e-11
0.00589080459770115 3.86291579137957e-11
0.00617816091954023 6.7799129510604e-11
0.00646551724137931 1.17502447312353e-10
0.00675287356321839 2.04343562135647e-10
0.00704022988505747 3.52569188850856e-10
0.00732758620689655 6.04834602411535e-10
0.00761494252873563 1.02782406666643e-09
0.00790229885057471 1.73592455904124e-09
0.00818965517241379 2.91422042345136e-09
0.00847701149425287 4.86076785854302e-09
0.00876436781609195 8.05436011932738e-09
0.00905172413793104 1.32595901850789e-08
0.00933908045977011 2.16861039470767e-08
0.0096264367816092 3.52368436863499e-08
0.00991379310344828 5.68853980205365e-08
0.0102011494252874 9.12398114009206e-08
0.0104885057471264 1.45395317935811e-07
0.0107758620689655 2.30198213065261e-07
0.0110632183908046 3.62111357107398e-07
0.0113505747126437 5.65948180022936e-07
0.0116379310344828 8.78839879442435e-07
0.0119252873563218 1.35595095057837e-06
0.0122126436781609 2.07865594952764e-06
0.0125 3.16613377127908e-06
0.0127873563218391 4.7916775697191e-06
0.0130747126436782 7.20544605611563e-06
0.0133620689655172 1.07659545299078e-05
0.0136494252873563 1.59832902245683e-05
0.0139367816091954 2.35779126517148e-05
0.0142241379310345 3.45599952165117e-05
0.0145114942528736 5.03355504594273e-05
0.0147988505747126 7.28471441355919e-05
0.0150862068965517 0.00010475883462198
0.0153735632183908 0.000149697016445697
0.0156609195402299 0.000212561223317561
0.015948275862069 0.000299921441872419
0.016235632183908 0.000420521180295304
0.0165229885057471 0.000585908183830466
0.0168103448275862 0.000811217267313814
0.0170977011494253 0.00111613186810355
0.0173850574712644 0.00152605251403629
0.0176724137931034 0.00207350095050478
0.0179597701149425 0.00279978792125718
0.0182471264367816 0.00375697008647977
0.0185344827586207 0.00501011675277179
0.0188218390804598 0.00663989968538717
0.0191091954022988 0.00874550865769773
0.0193965517241379 0.0114478813991343
0.019683908045977 0.014893218849183
0.0199712643678161 0.0192567351671743
0.0202586206896552 0.0247465669631745
0.0205459770114943 0.0316077381225875
0.0208333333333333 0.0401260463286386
0.0211206896551724 0.0506317060845366
0.0214080459770115 0.0635025522550953
0.0216954022988506 0.0791665799528033
0.0219827586206897 0.0981035731053922
0.0222701149425287 0.120845557890954
0.0225574712643678 0.147975810913048
0.0228448275862069 0.180126158071257
0.023132183908046 0.217972320832918
0.0234195402298851 0.262227103743915
0.0237068965517241 0.313631271686982
0.0239942528735632 0.372942037611948
0.0242816091954023 0.44091917041875
0.0245689655172414 0.518308835977116
0.0248563218390805 0.605825398609563
0.0251436781609195 0.704131530868772
0.0254310344827586 0.813817100284389
0.0257183908045977 0.935377416238451
0.0260057471264368 1.06919152095769
0.0262931034482759 1.21550128842971
0.0265804597701149 1.37439214703741
0.026867816091954 1.54577625972018
0.0271551724137931 1.7293789751095
0.0274425287356322 1.92472930170757
0.0277298850574713 2.1311550544038
0.0280172413793103 2.34778318073459
0.0283045977011494 2.57354559794743
0.0285919540229885 2.80719066839336
0.0288793103448276 3.04730021932164
0.0291666666666667 3.29231178473383
0.0294540229885057 3.54054552348446
0.0297413793103448 3.79023506143654
0.0300287356321839 4.0395613277764
0.030316091954023 4.28668831675298
0.0306034482758621 4.52979961431086
0.0308908045977012 4.76713448978573
0.0311781609195402 4.99702236851786
0.0314655172413793 5.21791457110504
0.0317528735632184 5.42841232509006
0.0320402298850575 5.62729021833545
0.0323275862068966 5.81351446087158
0.0326149425287356 5.98625554254978
0.0329022988505747 6.14489510532337
0.0331896551724138 6.28902707916662
0.0334770114942529 6.41845334772757
0.033764367816092 6.53317440351268
0.034051724137931 6.63337561414368
0.0343390804597701 6.71940984481451
0.0346264367816092 6.7917772640316
0.0349137931034483 6.85110319887385
0.0352011494252874 6.89811490403585
0.0354885057471264 6.93361806939731
0.0357758620689655 6.95847381929026
0.0360632183908046 6.97357685973101
0.0363505747126437 6.97983531507759
0.0366379310344828 6.9781526705283
0.0369252873563218 6.96941210887327
0.0372126436781609 6.95446340561138
0.0375 6.93411243151153
0.0377873563218391 6.90911321027219
0.0380747126436782 6.88016239414075
0.0383620689655172 6.84789595386071
0.0386494252873563 6.8128878315536
0.0389367816091954 6.77565027550368
0.0392241379310345 6.73663556273598
0.0395114942528736 6.69623881665841
0.0397988505747126 6.65480164029112
0.0400862068965517 6.61261630799916
0.0403735632183908 6.5699302874332
0.0406609195402299 6.52695089603852
0.040948275862069 6.48384993069908
0.041235632183908 6.44076814297249
0.0415229885057471 6.39781946440525
0.0418103448275862 6.3550949155182
0.0420977011494253 6.31266615750507
0.0423850574712644 6.27058866711736
0.0426724137931035 6.22890453254774
0.0429597701149425 6.18764488150894
0.0432471264367816 6.1468319624851
0.0435344827586207 6.10648090668568
0.0438218390804598 6.06660120209731
0.0441091954022989 6.02719791267298
0.0443965517241379 5.98827267563268
0.044683908045977 5.94982450851246
0.0449712643678161 5.91185045538599
0.0452586206896552 5.87434609893379
0.0455459770114943 5.83730596201959
0.0458333333333333 5.80072381934581
0.0461206896551724 5.76459293677958
0.0464080459770115 5.72890625314267
0.0466954022988506 5.69365651672982
0.0469827586206897 5.65883638658307
0.0472701149425287 5.62443850661323
0.0475574712643678 5.59045555901628
0.0478448275862069 5.55688030206462
0.048132183908046 5.5237055962262
0.0484195402298851 5.49092442165876
0.0487068965517241 5.4585298893955
0.0489942528735632 5.42651524797338
0.0492816091954023 5.39487388680634
0.0495689655172414 5.3635993372673
0.0498563218390805 5.33268527218261
