0.000136612021857923 -0
0.00040983606557377 -0
0.000683060109289618 -4.16016947666754e-13
0.000956284153005465 -0
0.00122950819672131 8.3168948012677e-13
0.00150273224043716 4.15721734632407e-13
0.00177595628415301 -0
0.00204918032786885 -4.15401920511867e-13
0.0023224043715847 4.15205111822302e-13
0.00259562841530055 8.29967404093086e-13
0.00286885245901639 4.14737691184588e-13
0.00314207650273224 4.14467079236437e-13
0.00341530054644809 8.28343732404185e-13
0.00368852459016393 1.6554082083262e-12
0.00396174863387978 2.06753818437407e-12
0.00423497267759563 2.89197034407317e-12
0.00450819672131148 3.71470502882476e-12
0.00478142076502732 4.94792141684915e-12
0.00505464480874317 9.06144723409003e-12
0.00532786885245902 1.48109956037351e-11
0.00560109289617486 2.30117732781599e-11
0.00587431693989071 3.8578342601333e-11
0.00614754098360656 6.4758934826625e-11
0.0064207650273224 1.07646123848605e-10
0.00669398907103825 1.81467428729611e-10
0.0069672131147541 3.06071548433854e-10
0.00724043715846995 5.10949535167082e-10
0.00751366120218579 8.49380736237105e-10
0.00778688524590164 1.40267876009811e-09
0.00806010928961749 2.30301649076254e-09
0.00833333333333333 3.75799612015727e-09
0.00860655737704918 6.0946791576811e-09
0.00887978142076503 9.82680537860134e-09
0.00915300546448088 1.57496355524524e-08
0.00942622950819672 2.50916219461481e-08
0.00969945355191257 3.97443412978526e-08
0.00997267759562842 6.2582435063099e-08
0.0102459016393443 9.7965878602341e-08
0.0105191256830601 1.5246006994673e-07
0.010792349726776 2.35881976579891e-07
0.0110655737704918 3.6282348222501e-07
0.0113387978142077 5.54826912794761e-07
0.0116120218579235 8.43502720492144e-07
0.0118852459016393 1.27492421616644e-06
0.0121584699453552 1.91581896942817e-06
0.012431693989071 2.86219141719114e-06
0.0127049180327869 4.25129250772449e-06
0.0129781420765027 6.27804160566917e-06
0.0132513661202186 9.21746123075642e-06
0.0135245901639344 1.34550511445966e-05
0.0137978142076503 1.95276220014851e-05
0.0140710382513661 2.81777592811151e-05
0.014344262295082 4.04259040583727e-05
0.0146174863387978 5.76650164556789e-05
0.0148907103825137 8.1783889199866e-05
0.0151639344262295 0.000115326494298367
0.0154371584699454 0.000161696205784088
0.0157103825136612 0.000225415350627187
0.0159836065573771 0.000312452263146096
0.0162568306010929 0.000430629828726315
0.0165300546448087 0.000590131270570232
0.0168032786885246 0.000804120613401098
0.0170765027322404 0.00108949668009088
0.0173497267759563 0.00146780047101105
0.0176229508196721 0.00196629617436177
0.017896174863388 0.00261924555790429
0.0181693989071038 0.00346939395357092
0.0184426229508197 0.00456968302388895
0.0187158469945355 0.00598520090884574
0.0189890710382514 0.00779537375575844
0.0192622950819672 0.0100963939218441
0.0195355191256831 0.0130038691017492
0.0198087431693989 0.0166556632089798
0.0200819672131148 0.0212148840851351
0.0203551912568306 0.0268729552355532
0.0206284153005464 0.0338526892544403
0.0209016393442623 0.0424112598611137
0.0211748633879781 0.0528429485822575
0.021448087431694 0.0654815218588089
0.0217213114754098 0.0807020762346023
0.0219945355191257 0.0989221745090528
0.0222677595628415 0.12060208602109
0.0225409836065574 0.146243940936733
0.0228142076502732 0.176389613314192
0.0230874316939891 0.211617161890311
0.0233606557377049 0.252535682280873
0.0236338797814208 0.299778460048218
0.0239071038251366 0.353994361192898
0.0241803278688525 0.415837454366842
0.0244535519125683 0.485954926455362
0.0247267759562842 0.564973428021401
0.025 0.653484064930209
0.0252732240437158 0.75202633375516
0.0255464480874317 0.861071377503291
0.0258196721311475 0.981005010513735
0.0260928961748634 1.11211102247449
0.0263661202185792 1.25455531720409
0.0266393442622951 1.40837146802295
0.0269125683060109 1.57344827492939
0.0271857923497268 1.7495198870864
0.0274590163934426 1.9361590060066
0.0277322404371585 2.132773610614
0.0280054644808743 2.33860754656368
0.0282786885245902 2.55274520205443
0.028551912568306 2.77412035524105
0.0288251366120219 3.00152913009035
0.0290983606557377 3.23364684462967
0.0293715846994536 3.46904838532424
0.0296448087431694 3.70623160102114
0.0299180327868852 3.94364308678535
0.0301912568306011 4.17970562820921
0.0304644808743169 4.41284650580985
0.0307377049180328 4.64152582072301
0.0310109289617486 4.86426399913523
0.0312841530054645 5.07966766410691
0.0315573770491803 5.28645312806647
0.0318306010928962 5.48346685386211
0.032103825136612 5.66970235209229
0.0323770491803279 5.84431312126848
0.0326502732240437 6.00662138825667
0.0329234972677596 6.15612256197697
0.0331967213114754 6.29248546614689
0.0334699453551913 6.41554855989674
0.0337431693989071 6.52531248238565
0.034016393442623 6.6219293639724
0.0342896174863388 6.70568942851802
0.0345628415300546 6.77700546684177
0.0348360655737705 6.8363957896022
0.0351092896174863 6.88446626971299
0.0353825136612022 6.92189206196478
0.035655737704918 6.94939954391302
0.0359289617486339 6.96774896126463
0.0362021857923497 6.97771818735997
0.0364754098360656 6.9800879245631
0.0367486338797814 6.97562858991673
0.0370218579234973 6.96508904255765
0.0372950819672131 6.94918722980595
0.037568306010929 6.92860275552482
0.0378415300546448 6.90397131062865
0.0381147540983607 6.87588085295515
0.0383879781420765 6.84486938290094
0.0386612021857923 6.81142413226886
0.0389344262295082 6.77598196620065
0.0392076502732241 6.7389307908291
0.0394808743169399 6.7006117610699
0.0397540983606557 6.66132209217852
0.0400273224043716 6.62131829368615
0.0403005464480874 6.58081966343905
0.0405737704918033 6.54001190113651
0.0408469945355191 6.49905072359733
0.041120218579235 6.45806538679955
0.0413934426229508 6.41716204156425
0.0416666666666667 6.37642686987261
0.0419398907103825 6.33592896672144
0.0422131147540984 6.29572294783102
0.0424863387978142 6.25585127633984
0.0427595628415301 6.21634631184306
0.0430327868852459 6.17723209296193
0.0433060109289617 6.13852587022849
0.0435792349726776 6.10023940978292
0.0438524590163934 6.06238009045211
0.0441256830601093 6.02495181754798
0.0443989071038251 5.98795577646974
0.044672131147541 5.9513910481828
0.0449453551912568 5.91525510711354
0.0452185792349727 5.8795442201419
0.0454918032786885 5.84425376334698
0.0457650273224044 5.80937847110481
0.0460382513661202 5.77491263011907
0.0463114754098361 5.74085022908945
0.0465846994535519 5.70718507298519
0.0468579234972678 5.67391086935432
0.0471311475409836 5.64102129274599
0.0474043715846995 5.6085100321637
0.0476775956284153 5.57637082548219
0.0479508196721311 5.54459748394474
0.048224043715847 5.51318390918131
0.0484972677595628 5.48212410464208
0.0487704918032787 5.45141218290357
0.0490437158469945 5.42104236995547
0.0493169398907104 5.39100900730446
0.0495901639344262 5.36130655252078
0.0498633879781421 5.33192957868926
