0 974.576421248953
0.00369610635477286 974.576421248953
0.00522708373489317 974.576421248947
0.0064018439966448 974.576421248892
0.00739221270954573 974.576421248551
0.00826474506134108 974.57642124695
0.00905357460425185 974.576421240779
0.00977897823397447 974.576421220292
0.0104541674697863 974.57642115988
0.0110883190643186 974.576420998169
0.0116881145553046 974.576420599004
0.0122585979640298 974.576419679566
0.0128036879932896 974.576417684903
0.0133265009817019 974.576413579167
0.013829563644638 974.57640551271
0.0143149583578467 974.576390311236
0.0147844254190915 974.576362718768
0.0152394369042452 974.576314311175
0.0156812512046795 974.576231982396
0.0161109540850334 974.576095892704
0.0165294901226822 974.57587675884
0.016937687147354 974.575532361333
0.0173362754964102 974.575003146227
0.0177259033697362 974.57420680833
0.0181071492085037 974.573031761853
0.0184805317738643 974.571329432636
0.0188465184273011 974.568905343942
0.0192055319899344 974.565509014545
0.0195579564679489 974.560822741995
0.019904141865149 974.55444940383
0.0202444082544729 974.545899472286
0.0205790492433339 974.534577501017
0.0209083349395727 974.519768402023
0.02123251450326 974.500623884153
0.0215518183529126 974.476149467936
0.0218664600816578 974.445192522171
0.0221766381286372 974.406431783267
0.0224825372428095 974.358368817009
0.0227843297698245 974.299321863279
0.0230821767874241 974.227422467095
0.0233762291106092 974.140615244944
0.0236666281843757 974.036661065356
0.0239535068790204 973.913143839237
0.024236990200705 973.767481021782
0.0245171959280596 973.596937827117
0.0247942351840232 973.398645053084
0.0250682129507958 973.16962031059
0.0253392285346701 972.906792353547
0.0256073759865792 972.607028115262
0.0258727444834101 972.267161978343
0.0261354186744658 971.884026740469
0.0263954789968928 971.454485689783
0.0266530019634037 970.975465172537
0.0269080604252145 970.44398702267
0.0271607238127556 969.857200228077
0.0274110583564112 969.212411230828
0.027659127289276 968.507112297104
0.0279049910336872 967.739007445374
0.0281487073730919 966.906035486114
0.0283903316106337 966.00638980056
0.0286299167156934 965.038534567048
0.0288675134594813 964.001217228508
0.0291031705406666 962.893477081068
0.0293369347019234 961.714649948831
0.0295688508381829 960.464368991439
0.029798962097303 959.142561766929
0.0300273099737938 957.749443740947
0.0302539343961754 956.285508493215
0.0304788738084904 954.751514922329
0.0307021652464394 953.148471789856
0.0309238444085703 951.477619974104
0.0311439457229051 949.740412822908
0.031362502409359 947.938495003747
0.0315795465382713 946.073680249086
0.0317951090853394 944.147928385892
0.032009219983224 942.163322021778
0.0322219081700668 940.122043237354
0.0324332016351456 938.026350606177
0.0326431274618686 935.878556831489
0.0328517118682968 933.68100725381
0.0330589802453643 931.436059446564
0.0332649571929558 929.146064079241
0.0334696665539855 926.813347190207
0.0336731314466113 924.440193974772
0.0338753742947079 922.028834159465
0.0340764168567112 919.581429001012
0.0342762802529408 917.100059918808
0.0344749849914969 914.586718743065
0.0346725509928203 912.0432995374
0.0348689976130017 909.471591934651
0.0350643436659138 906.873275908034
0.0352586074442412 904.249917886436
0.0354518067394723 901.602968112414
0.0356439588609162 898.933759134281
0.0358350806538018 896.243505319125
0.0360251885165126 893.533303271539
0.0362142984170074 890.804133042994
0.0364024259084729 888.056860018708
0.0365895861442522 885.292237372469
0.0367757938920894 882.510908984675
0.0369610635477286 879.713412724719
0.0371454091479018 876.900184005438
0.03732884438274 874.071559524464
0.0375113826076381 871.227781114723
0.0376930368546023 868.368999633865
0.0378738198431079 865.495278829861
0.0380537439904931 862.606599127304
0.0382328214219116 859.70286128592
0.0384110639798688 856.78388988936
0.0385884832333608 853.849436628469
0.0387650904866371 850.899183348785
0.0389408967876056 847.932744837063
0.0391159129358979 844.949671326036
0.0392901494906107 841.949450700484
0.0394636167777401 838.931510390927
0.0396363248973227 835.895218943915
0.0398082837302981 832.839887260003
0.0399795029451056 829.764769492003
0.0401499920040278 826.669063597148
0.0403197601692928 823.551911537243
0.0404888165089458 820.412399120914
0.0406571699025015 817.249555481526
0.0408248290463863 814.062352183407
0.0409918024591803 810.84970194758
0.0411580984866679 807.610456986334
0.0413237253067054 804.343406933579
0.041488690933914 801.047276355153
0.041653003224205 797.72072181986
0.0418166698791453 794.362328508192
0.0419796984501701 790.97060633119
0.0421420963426478 787.543985526805
0.0423038708198056 784.080811695279
0.0424650290065201 780.579340228357
0.0426255778929786 777.037730079533
0.0427855243382172 773.454036813754
0.0429448750735401 769.826204864939
0.0431036367058252 766.152058918084
0.0432618157207202 762.429294319286
0.0434194184857345 758.655466401431
0.0435764512532301 754.827978595129
0.0437329201633155 750.944069173185
0.0438888312466477 747.000796451902
0.0440441904271439 742.995022242972
0.044199003524608 738.923393314721
0.0443532762572744 734.782320579769
0.0445070142442727 730.56795567634
0.0446602230080156 726.276164550513
0.0448129079765136 721.902497574404
0.044965074485619 717.442155647524
0.0451167277812017 712.889951621556
0.0452678730212593 708.240266257681
0.045418515277964 703.486997763983
0.0455686595396489 698.623503760114
0.0457183107127355 693.642534266606
0.0458674736236041 688.536154002727
0.0460161530204103 683.295651880613
0.0461643535748483 677.911435079433
0.046312079883864 672.372904437038
0.0464593364713186 666.668307061335
0.0466061277896049 660.784560974783
0.0467524582212184 654.707045172995
0.0468983320802837 648.419346575404
0.0470437536140385 641.90295279091
0.0471887270042767 635.136876151782
0.0473332563687514 628.097189699352
0.0474773457625396 620.756449160039
0.0476209991793697 613.082965557884
0.0477642205529131 605.039879622378
0.0479070137580409 596.583969443536
0.0480493826120472 587.6640934763
0.0481913308758401 578.219126348806
0.0483328622551002 568.175175388988
0.04847398040141 557.441754568231
0.0486146889133529 545.906409295638
0.0487549913375838 533.426973044158
0.0488948911698724 519.820082801146
0.0490343918561192 504.843552286449
0.0491734967933464 488.168188735258
0.0493122093306621 469.330434366979
0.0494505327702021 447.647710773773
0.0495884703680465 422.054628522329
0.0497260253351142 390.750880995808
0.0498632008380349 350.323421970023
0.05 293
