0.000138888888888889 -0
0.000416666666666667 4.09244478305482e-13
0.000694444444444444 4.09194456096884e-13
0.000972222222222222 -0
0.00125 8.18038756733585e-13
0.00152777777777778 8.17788645690598e-13
0.00180555555555556 1.22623276865852e-12
0.00208333333333333 4.08569178489415e-13
0.00236111111111111 8.16738179310049e-13
0.00263888888888889 1.63257595886535e-12
0.00291666666666667 1.22368163602005e-12
0.00319444444444444 -0
0.00347222222222222 -0
0.00375 4.06993478918593e-13
0.00402777777777778 8.13286646916823e-13
0.00430555555555556 2.03134078446965e-12
0.00458333333333333 4.46454777147664e-12
0.00486111111111111 6.48708464723311e-12
0.00513888888888889 9.71982217379267e-12
0.00541666666666667 1.61806951837207e-11
0.00569444444444444 2.62611152379577e-11
0.00597222222222222 4.47876035991612e-11
0.00625 7.65589192042173e-11
0.00652777777777778 1.32378553701073e-10
0.00680555555555556 2.25792580863526e-10
0.00708333333333333 3.81886118248077e-10
0.00736111111111111 6.4198641865687e-10
0.00763888888888889 1.07270442839535e-09
0.00791666666666667 1.7800528155476e-09
0.00819444444444445 2.93653017678254e-09
0.00847222222222222 4.81342404015095e-09
0.00875 7.84401659785772e-09
0.00902777777777778 1.27057211329884e-08
0.00930555555555556 2.04551609027703e-08
0.00958333333333333 3.2732222295806e-08
0.00986111111111111 5.20609158917292e-08
0.0101388888888889 8.23020954177883e-08
0.0104166666666667 1.29323583841767e-07
0.0106944444444444 2.01982513990515e-07
0.0109722222222222 3.13565314497453e-07
0.01125 4.83857782709549e-07
0.0115277777777778 7.42142489163484e-07
0.0118055555555556 1.13146155086241e-06
0.0120833333333333 1.71466279348238e-06
0.0123611111111111 2.58289583403098e-06
0.0126388888888889 3.8674745062261e-06
0.0129166666666667 5.75630235977908e-06
0.0131944444444444 8.51644747279323e-06
0.0134722222222222 1.25249274609852e-05
0.01375 1.831037007218e-05
0.0140277777777778 2.66089271597889e-05
0.0143055555555556 3.84387494688783e-05
0.0145833333333333 5.51983542286504e-05
0.0148611111111111 7.87954948803561e-05
0.0151388888888889 0.000111814606559021
0.0154166666666667 0.00015773249142508
0.0156944444444444 0.000221193792767056
0.0159722222222222 0.000308359721846278
0.01625 0.00042734555602525
0.0165277777777778 0.000588764481120052
0.0168055555555556 0.000806397252912945
0.0170833333333333 0.00109800877808986
0.0173611111111111 0.00148633390617424
0.0176388888888889 0.00200025512225124
0.0179166666666667 0.00267619430597019
0.0181944444444444 0.00355973887435031
0.0184722222222222 0.00470751914368698
0.01875 0.00618934833781097
0.0190277777777778 0.00809062900664616
0.0193055555555556 0.0105150194020904
0.0195833333333333 0.0135873404720023
0.0198611111111111 0.0174566884929963
0.0201388888888889 0.0222996999850835
0.0204166666666667 0.028323894873325
0.0206944444444444 0.0357710012038669
0.0209722222222222 0.0449201410347255
0.02125 0.0560907332531236
0.0215277777777778 0.0696449464729385
0.0218055555555556 0.0859895152091602
0.0220833333333333 0.105576717045493
0.0223611111111111 0.128904299271685
0.0226388888888889 0.156514142292464
0.0229166666666667 0.188989455830171
0.0231944444444444 0.226950323951192
0.0234722222222222 0.271047447422427
0.02375 0.321953977414301
0.0240277777777778 0.380355392936899
0.0243055555555556 0.446937444807442
0.0245833333333333 0.522372269598159
0.0248611111111111 0.60730286520979
0.0251388888888889 0.702326212035458
0.0254166666666667 0.807975415726056
0.0256944444444444 0.924701334652163
0.0259722222222222 1.0528542319557
0.02625 1.19266605341125
0.0265277777777778 1.34423397324794
0.0268055555555556 1.50750586623797
0.0270833333333333 1.682268352458
0.0273611111111111 1.8681380190686
0.0276388888888889 2.06455635081261
0.0279166666666667 2.27078879886998
0.0281944444444444 2.48592828923414
0.0284722222222222 2.70890332164265
0.02875 2.93849064448233
0.0290277777777778 3.17333231754723
0.0293055555555556 3.41195680132315
0.0295833333333333 3.65280354737408
0.0298611111111111 3.89425041772461
0.0301388888888889 4.13464313995851
0.0304166666666667 4.37232591534578
0.0306944444444444 4.60567224489494
0.0309722222222222 4.83311502562646
0.03125 5.05317499736057
0.0315277777777778 5.26448668758347
0.0318055555555556 5.46582110479553
0.0320833333333333 5.65610456371365
0.0323611111111111 5.8344331817779
0.0326388888888889 6.00008275742961
0.0329166666666667 6.15251391790221
0.0331944444444444 6.29137259905819
0.0334722222222222 6.41648608386004
0.03375 6.52785497211696
0.0340277777777778 6.62564157623521
0.0343055555555556 6.71015533151013
0.0345833333333333 6.78183587253857
0.0348611111111111 6.84123445877292
0.0351388888888889 6.88899443320363
0.0354166666666667 6.92583137104962
0.0356944444444444 6.95251352398977
0.0359722222222222 6.96984309456113
0.03625 6.97863879011534
0.0365277777777778 6.97972001164161
0.0368055555555556 6.97389293511167
0.0370833333333333 6.96193864672776
0.0373611111111111 6.94460340271689
0.0376388888888889 6.92259100264005
0.0379166666666667 6.89655719494834
0.0381944444444444 6.86710597646137
0.0384722222222222 6.83478760411204
0.03875 6.80009810771358
0.0390277777777778 6.76348007578655
0.0393055555555556 6.72532448138601
0.0395833333333333 6.68597331968122
0.0398611111111111 6.64572284188964
0.0401388888888889 6.60482718905117
0.0404166666666667 6.56350225216249
0.0406944444444444 6.52192961059144
0.0409722222222222 6.48026042685169
0.04125 6.43861920152455
0.0415277777777778 6.39710731625299
0.0418055555555556 6.35580631465352
0.0420833333333333 6.31478089013522
0.0423611111111111 6.27408156581758
0.0426388888888889 6.23374706489109
0.0429166666666667 6.19380638002764
0.0431944444444445 6.15428055800835
0.0434722222222222 6.11518422092518
0.04375 6.07652684846758
0.0440277777777778 6.03831384727583
0.0443055555555556 6.00054743349566
0.0445833333333333 5.96322735382584
0.0448611111111111 5.92635146879698
0.0451388888888889 5.88991622000579
0.0454166666666667 5.85391700077933
0.0456944444444444 5.81834844738062
0.0459722222222222 5.78320466555535
0.04625 5.74847940501582
0.0465277777777778 5.71416619243421
0.0468055555555556 5.6802584317008
0.0470833333333333 5.64674947860768
0.0473611111111111 5.61363269574629
0.0476388888888889 5.58090149224264
0.0479166666666667 5.54854935198507
0.0481944444444444 5.51656985320342
0.0484722222222222 5.48495668161168
0.04875 5.45370363880999
0.0490277777777778 5.4228046472326
0.0493055555555556 5.39225375260862
0.0495833333333333 5.36204512465579
0.0498611111111111 5.33217305653775
