0 974.64079732163
0.00365636212063565 974.64079732163
0.00517087689995019 974.640797321625
0.00633300496381124 974.640797321577
0.00731272424127131 974.640797321285
0.00817587425209661 974.640797319931
0.00895622151039798 974.640797314762
0.00967382487439869 974.640797297737
0.0103417537999004 974.640797247866
0.010969086361907 974.640797115108
0.011562432251572 974.640796788927
0.0121267812518166 974.640796040498
0.0126660099276225 974.640794422006
0.0131832011076161 974.640791099248
0.0136808543373968 974.640784584753
0.0141610296009255 974.640772328055
0.0146254484825426 974.640750107894
0.0150755672288882 974.640711158511
0.0155126306998506 974.640644949686
0.0159377129848409 974.640535528767
0.0163517485041932 974.640359323836
0.0167555561859821 974.640082301599
0.0171498585142509 974.639656373019
0.017535296718791 974.639014945087
0.017912443020796 974.638067529652
0.0182818106031783 974.63669334042
0.0186438618018827 974.634733837273
0.0189990148914337 974.631984212817
0.0193476497487974 974.628183858603
0.0196901126141868 974.623005896544
0.0200267201187957 974.616045912811
0.0203577627128768 974.606810084746
0.0206835075998008 974.594702943569
0.0210042012604201 974.579015064139
0.021320071635561 974.558911015164
0.0216313300215838 974.533417936448
0.0219381727238139 974.501415131757
0.0222407825046043 974.461625074976
0.0225393298563718 974.412606222075
0.0228339741247894 974.352748001473
0.023124864503144 974.280268320707
0.0234121409154735 974.19321387865
0.0236959348033203 974.089463511331
0.0239763698286548 973.966734727548
0.0242535625036333 973.822593510576
0.0245276227562898 973.654467377072
0.0247986544399507 973.45966159683
0.0250667557930679 973.235378390605
0.0253320198552449 972.978738840697
0.0255945348444496 972.686807173413
0.025854384499751 972.356617006417
0.0261116483933547 971.9851990994
0.0263664022152322 971.569610105257
0.0266187180332303 971.106961792039
0.026868664531194 970.594450193986
0.027116307227332 970.029384152845
0.0273617086747936 969.409212728059
0.0276049286461946 968.731550985079
0.0278460243036365 967.994203713725
0.0280850503555884 967.195186681406
0.028322059201851 966.33274508706
0.028557101067692 965.405368948836
0.0287902241281237 964.411805229488
0.0290214746231961 963.351066576068
0.0292508969650852 962.22243662265
0.0294785338376801 961.025471874531
0.0297044262893002 959.760000257974
0.0299286138191145 958.426116479491
0.0301511344577764 957.02417439188
0.0303720248427419 955.554776609644
0.0305913202886921 954.018761653632
0.0308090548534447 952.417188933266
0.0310252613997011 950.751321894658
0.0312399716529482 949.022609674395
0.0314532162558016 947.232667602263
0.0316650248190562 945.383256892261
0.0318754259696818 943.476263850686
0.0320844473959874 941.51367891372
0.0322921158901535 939.49757580567
0.032498457388318 937.430091083894
0.0327034970083864 935.313404308237
0.0329072590857209 933.149719042677
0.0331097672068527 930.941244865477
0.0333110442413503 928.690180532477
0.0335111123719643 926.39869840679
0.0337099931231621 924.068930237879
0.0339077073881567 921.702954344189
0.0341042754545244 919.302784226724
0.0342997170285018 916.870358616481
0.0344940512580432 914.407532936722
0.034687296754716 911.916072141867
0.0348794716145035 909.397644878316
0.035070593437582 906.853818898887
0.0352606793471338 904.286057651562
0.035449746007251 901.695717954858
0.0356378096399853 899.084048666207
0.0358248860415919 896.452190245998
0.0360109905980142 893.801175118223
0.0361961382996513 891.131928728763
0.0363803437554499 888.44527120395
0.0365636212063565 885.741919514997
0.0367459845381661 883.022490057863
0.0369274472937998 880.287501562985
0.0371080226850419 877.537378254803
0.0372877236037654 874.772453186923
0.0374665626326732 871.992971684992
0.0376445520555796 869.199094835683
0.0378217038672567 866.390902966475
0.0379980297828674 863.568399067119
0.0381735412470064 860.731512109581
0.0383482494423685 857.88010022892
0.0385221652980636 855.013953732785
0.0386952994975947 852.132797912063
0.0388676624865167 849.236295629594
0.03903926447979 846.324049667774
0.0392101154688457 843.395604819273
0.0393802252283736 840.450449708049
0.0395496033228483 837.48801833028
0.0397182591128044 834.507691306774
0.0398862017608733 831.508796839987
0.0400534402375915 828.490611369764
0.0402199833269922 825.452359922597
0.0403858396319892 822.39321614937
0.0405510175795623 819.312302046385
0.0407155254257536 816.208687353846
0.040879371260483 813.081388625053
0.0410425630121905 809.92936795816
0.0412051084523126 806.751531380653
0.0413670151996015 803.546726874575
0.0415282907242916 800.313742028031
0.0416889423521214 797.051301295521
0.0418489772682167 793.758062846311
0.0420084025208403 790.43261497612
0.0421672250250139 787.073472052984
0.0423254515660185 783.679069963079
0.0424830888027766 780.247761016527
0.0426401432711221 776.777808266623
0.0427966213869628 773.267379188399
0.0429525294493381 769.714538653801
0.0431078736433784 766.117241130868
0.0432626600431677 762.473322022841
0.0434168946145152 758.780488049876
0.0435705832176382 755.036306560667
0.0437237316097603 751.238193643286
0.0438763454476278 747.383400883524
0.0440284302899478 743.469000594244
0.0441799915997503 739.491869310014
0.0443310347466787 735.448669306612
0.0444815650092086 731.335827863688
0.0446315875768011 727.149513939398
0.0447811075519899 722.885611866497
0.0449301299524062 718.539691607597
0.0450786597127435 714.106975020327
0.0452267016866645 709.582297477067
0.0453742606486515 704.960064053905
0.045521341295803 700.234199343276
0.0456679482495788 695.39808974624
0.0458140860574935 690.44451685276
0.0459597591947634 685.365580207834
0.0461049720659048 680.152607368969
0.046249729006288 674.796048661437
0.0463940342836479 669.285353398098
0.0465378920995517 663.608823504044
0.0466813065908265 657.753439409321
0.046824281830947 651.704651656637
0.0469668218313862 645.44612978999
0.0471089305429278 638.959457565933
0.0472506118569444 632.223760102952
0.0473918696066407 625.215243876801
0.0475327075682635 617.906623914851
0.0476731294622796 610.266403283274
0.0478131389545227 602.257956673511
0.0479527396573096 593.838350494204
0.0480919351305282 584.956803004737
0.0482307288826962 575.552644148563
0.0483691243719934 565.552566471662
0.0485071250072666 554.866849445855
0.0486447341490095 543.384060025058
0.0487819551103175 530.963426692519
0.0489187911578183 517.423543389381
0.0490552455125796 502.525058005713
0.0491913213509933 485.94304317129
0.0493270218056382 467.220671438072
0.0494623499661219 445.686638148548
0.0495973088799014 420.295971066386
0.0497319015530832 389.28949758007
0.0498661309512056 349.350935543158
0.05 293
