0.00180893651323105 3.13829479855582e-14
0.00436715906371431 2.93632877691447e-12
0.00569139249906593 3.5721224572124e-11
0.00675104297504478 2.53923632261162e-10
0.00766277803702819 1.31590811963854e-09
0.00847587644507152 5.47490190416443e-09
0.0092169675860191 1.93501966237668e-08
0.00990244125248018 6.01776392181675e-08
0.0105432546406597 1.6871182461365e-07
0.0111471690641466 4.33882133464505e-07
0.0117199232084146 1.03699292463147e-06
0.0122659035811265 2.32664380373768e-06
0.012788553249679 4.9396040779583e-06
0.0132906340194497 9.98745592478691e-06
0.0137744016570265 1.93335241843413e-05
0.0142417270430146 3.59891013701643e-05
0.0146941823670124 6.46616148585269e-05
0.0151331039655379 0.000112489570641331
0.0155596391079048 0.000189999229492338
0.0159747814775872 0.000312315315547125
0.016379398520383 0.000500652264547331
0.0167742528294298 0.000784103150516671
0.0171600190840039 0.0012017304886398
0.0175372976228358 0.00180494679477557
0.0179066254351661 0.00266015362139249
0.0182684851459709 0.00385158658645389
0.0186233124255637 0.00548429178912296
0.0189715021487754 0.00768713728765357
0.0193134135524198 0.0106157433734299
0.0196493745833064 0.0144551987438011
0.0199796855869038 0.0194224177145778
0.0203046224549229 0.025767987534332
0.0206244393257989 0.0337773556284026
0.0209393709133453 0.0437712147743699
0.0212496345243164 0.0561049599773216
0.0215554318142233 0.0711671139430866
0.0218569503217565 0.0893766478060979
0.0221543648150136 0.1111791591025
0.0224478384770011 0.13704190843295
0.0227375239532646 0.167447758129989
0.0230235642807539 0.202888098684009
0.0233060937139795 0.243854889716398
0.0235852384620104 0.290831980075138
0.0238611173478002 0.344285904377265
0.0241338423996206 0.404656379593278
0.0244035193829553 0.472346743772455
0.024670248280023 0.547714589049673
0.0249341237230966 0.631062842106914
0.0251952353869481 0.722631537350608
0.0254536683450337 0.822590511603447
0.0257095033934337 0.931033224739823
0.0259628173460447 1.04797187964139
0.0262136833040812 1.17333397826824
0.0264621709025703 1.30696041013176
0.0267083465361925 1.44860512652309
0.0269522735665484 1.59793641022712
0.0271940125126826 1.7545397075344
0.0274336212264907 1.91792194880981
0.0276711550544493 2.08751724681133
0.0279066669869498 2.26269382955573
0.0281402077963793 2.44276203762099
0.0283718261649673 2.62698319493657
0.0286015688033098 2.81457914767537
0.0288294805603894 3.00474225792909
0.0290556045258257 3.19664563722134
0.0292799821250146 3.38945340926873
0.0295026532077544 3.58233080117757
0.0297236561308934 3.77445387675344
0.0299430278354852 3.96501874411071
0.0301608039188924 4.15325009129941
0.0303770187022358 4.33840892751441
0.0305917052935518 4.51979943261479
0.0308048956469873 4.69677484337526
0.0310166206183312 4.86874233037876
0.0312269100171569 5.0351668440047
0.0314357926558234 5.19557393097822
0.0316432963955658 5.34955154400289
0.0318494481898813 5.49675088562872
0.0320542741254042 5.6368863435485
0.0322577994604429 5.76973458771972
0.0324600486613438 5.89513291009014
0.0326610454368261 6.01297689524577
0.032860812770427 6.12321751510889
0.033059372951182 6.22585774312857
0.0332567476026557 6.32094878333115
0.0334529577104311 6.40858600751675
0.0336480236481559 6.48890468998881
0.0338419652022368 6.56207562386999
0.034034801595268 6.62830069649743
0.0342265515082704 6.6878084940047
0.0344172331018162 6.7408499971523
0.0346068640361056 6.78769442214368
0.0347954614900584 6.82862525168023
0.0349830421794788 6.86393649316707
0.0351696223743491 6.89392919288017
0.0353552179153006 6.91890822725799
0.0355398442293113 6.93917938536656
0.0357235163446723 6.95504675006218
0.0359062489052663 6.96681037958499
0.0360880561841941 6.97476428620501
0.0362689520967867 6.97919470417083
0.0364489502130367 6.9803786355502
0.0366280637694785 6.97858265962428
0.0368063056805493 6.9740619891568
0.0369836885494565 6.96705975522938
0.0371602246785788 6.95780650117228
0.0373359260794238 6.94651986553533
0.0375108044821662 6.93340443384242
0.0376848713447882 6.91865173910446
0.0378581378618401 6.90244039156124
0.038030614972843 6.88493631894274
0.0382023133703498 6.86629309950488
0.0383732435076806 6.84665237125386
0.0385434156063506 6.82614430203836
0.038712839663203 6.80488810651202
0.0388815254572633 6.78299259732091
0.0390494825563258 6.76055675924712
0.0392167203232869 6.73767033637159
0.0393832479222365 6.71441442361194
0.0395490743243183 6.69086205522607
0.0397142083133694 6.66707878403532
0.0398786584913505 6.64312324619258
0.0400424332835749 6.61904770730247
0.0402055409437457 6.59489858660392
0.0403679895588101 6.57071695673794
0.0405297870536386 6.54653901729858
0.0406909411955362 6.52239654103921
0.040851459598594 6.4983172920984
0.0410113497278874 6.47432541609391
0.0411706189035271 6.45044180231964
0.0413292743045701 6.42668441858556
0.0414873229727961 6.40306861950207
0.0416447718163544 6.37960742922228
0.0418016276132874 6.35631179979129
0.0419578970149359 6.3331908463707
0.0421135865492301 6.3102520606857
0.0422687026238719 6.28750150406868
0.0424232515294123 6.2649439814986
0.0425772394422282 6.24258319802304
0.0427306724274028 6.22042189893122
0.042883556441513 6.19846199498691
0.0430358973353283 6.17670467401134
0.0431877008564228 6.15515050000796
0.0433389726517063 6.13379950098965
0.0434897182698751 6.11265124657536
0.0436399431637872 6.09170491636753
0.0437896526927634 6.07095936003654
0.0439388521248191 6.0504131499821
0.0440875466388266 6.03006462735641
0.0442357413266134 6.00991194218044
0.0443834411949965 5.98995308820655
0.0445306511677561 5.97018593313634
0.0446773760875512 5.95060824472565
0.0448236207177785 5.93121771327388
0.0449693897443764 5.91201197092972
0.0451146877775779 5.89298860821301
0.0452595193536109 5.87414518809281
0.0454038889363516 5.85547925794271
0.0455478009189294 5.83698835964598
0.0456912596252871 5.81867003809211
0.0458342693116964 5.80052184828727
0.0459768341682319 5.78254136126015
0.0461189583202032 5.76472616893642
0.046260645829548 5.74707388812359
0.0464019006961865 5.72958216373576
0.0465427268593393 5.71224867136605
0.0466831281988088 5.69507111930754
0.046823108536227 5.67804725010118
0.0469626716362687 5.66117484168811
0.0471018212078333 5.64445170822332
0.0472405609051945 5.62787570060933
0.0473788943291207 5.61144470679214
0.0475168250279646 5.59515665186223
0.0476543564987258 5.57900949799086
0.0477914921880853 5.56300124423397
0.047928235493413 5.54712992622628
0.0480645897637502 5.53139361578689
0.0482005583007663 5.51579042045342
0.0483361443596917 5.50031848296091
0.0484713511502275 5.4849759806772
0.0486061818374315 5.46976112500434
0.0487406395425832 5.45467216075741
0.0488747273440265 5.43970736552505
0.0490084482779924 5.42486504902048
0.049141805339401 5.41014355242592
0.0492748014826441 5.39554124773574
0.0494074396223489 5.38105653710145
0.0495397226341235 5.3666878521812
0.0496716533552842 5.35243365349585
0.0498032345855653 5.33829242979372
0.049934469087813 5.32426269742499
