0 971.198437781821
0.000255102040816326 971.198437781821
0.000510204081632653 971.198437781821
0.00076530612244898 971.198437781821
0.00102040816326531 971.198437781821
0.00127551020408163 971.198437781821
0.00153061224489796 971.198437781821
0.00178571428571429 971.198437781821
0.00204081632653061 971.198437781822
0.00229591836734694 971.198437781822
0.00255102040816327 971.198437781821
0.00280612244897959 971.198437781821
0.00306122448979592 971.198437781821
0.00331632653061225 971.198437781821
0.00357142857142857 971.198437781821
0.0038265306122449 971.198437781821
0.00408163265306122 971.19843778182
0.00433673469387755 971.19843778182
0.00459183673469388 971.198437781819
0.0048469387755102 971.198437781818
0.00510204081632653 971.198437781816
0.00535714285714286 971.198437781813
0.00561224489795918 971.198437781809
0.00586734693877551 971.198437781801
0.00612244897959184 971.198437781789
0.00637755102040816 971.19843778177
0.00663265306122449 971.198437781737
0.00688775510204082 971.198437781684
0.00714285714285714 971.198437781597
0.00739795918367347 971.198437781457
0.0076530612244898 971.198437781231
0.00790816326530612 971.198437780869
0.00816326530612245 971.198437780294
0.00841836734693878 971.198437779383
0.0086734693877551 971.198437777947
0.00892857142857143 971.198437775698
0.00918367346938776 971.198437772192
0.00943877551020408 971.198437766753
0.00969387755102041 971.198437758359
0.00994897959183674 971.198437745471
0.0102040816326531 971.19843772578
0.0104591836734694 971.198437695849
0.0107142857142857 971.198437650583
0.010969387755102 971.198437582468
0.0112244897959184 971.198437480485
0.0114795918367347 971.198437328562
0.011734693877551 971.198437103381
0.0119897959183673 971.198436771284
0.0122448979591837 971.198436283959
0.0125 971.198435572424
0.0127551020408163 971.198434538707
0.0130102040816327 971.19843304441
0.013265306122449 971.198430895069
0.0135204081632653 971.198427818911
0.0137755102040816 971.198423438144
0.014030612244898 971.198417230419
0.0142857142857143 971.198408477392
0.0145408163265306 971.198396196485
0.0147959183673469 971.198379050917
0.0150510204081633 971.198355231809
0.0153061224489796 971.198322304648
0.0155612244897959 971.198277010581
0.0158163265306122 971.198215010858
0.0160714285714286 971.198130560245
0.0163265306122449 971.19801609232
0.0165816326530612 971.197861696273
0.0168367346938776 971.197654461116
0.0170918367346939 971.197377659122
0.0173469387755102 971.197009735842
0.0176020408163265 971.196523069321
0.0178571428571429 971.195882456195
0.0181122448979592 971.195043277395
0.0183673469387755 971.193949291349
0.0186224489795918 971.192529998136
0.0188775510204082 971.190697514278
0.0191326530612245 971.188342895104
0.0193877551020408 971.185331840251
0.0196428571428571 971.181499718378
0.0198979591836735 971.176645849942
0.0201530612244898 971.170526992441
0.0204081632653061 971.162849981369
0.0206632653061225 971.153263492645
0.0209183673469388 971.141348908885
0.0211734693877551 971.126610292872
0.0214285714285714 971.10846349713
0.0216836734693878 971.086224468551
0.0219387755102041 971.059096841412
0.0221938775510204 971.02615895042
0.0224489795918367 970.986350436812
0.0227040816326531 970.938458664185
0.0229591836734694 970.88110520523
0.0232142857142857 970.812732704395
0.023469387755102 970.7315924629
0.0237244897959184 970.635733129487
0.0239795918367347 970.522990910563
0.024234693877551 970.390981734932
0.0244897959183673 970.237095818813
0.0247448979591837 970.058495074345
0.025 969.852113787588
0.0252551020408163 969.61466295869
0.0255102040816327 969.342638646722
0.025765306122449 969.032334594345
0.0260204081632653 968.679859323539
0.0262755102040816 968.281157794363
0.026530612244898 967.832037606164
0.0267857142857143 967.328199597654
0.0270408163265306 966.765272572396
0.0272959183673469 966.138851743663
0.0275510204081633 965.444540361999
0.0278061224489796 964.677993865073
0.0280612244897959 963.834965777631
0.0283163265306122 962.911354494372
0.0285714285714286 961.90325000494
0.0288265306122449 960.806979571829
0.0290816326530612 959.619151351847
0.0293367346938776 958.336694961951
0.0295918367346939 956.956898031634
0.0298469387755102 955.477437856141
0.0301020408163265 953.896407366108
0.0303571428571429 952.212334756673
0.0306122448979592 950.424196268859
0.0308673469387755 948.531421782908
0.0311224489795918 946.533893061567
0.0313775510204082 944.431934664816
0.0316326530612245 942.226297739621
0.0318877551020408 939.918137062673
0.0321428571428571 937.508981874539
0.0323979591836735 935.000701184898
0.0326530612244898 932.39546434588
0.0329081632653061 929.695697780535
0.0331632653061225 926.904038813705
0.0334183673469388 924.023287582035
0.0336734693877551 921.056357998629
0.0339285714285714 918.006228717306
0.0341836734693878 914.875894983954
0.0344387755102041 911.668322181471
0.0346938775510204 908.386401774191
0.0349489795918367 905.0329102422
0.0352040816326531 901.610471470208
0.0354591836734694 898.121522924602
0.0357142857142857 894.568285820534
0.035969387755102 890.952739352721
0.0362244897959184 887.276598942723
0.0364795918367347 883.541298344951
0.036734693877551 879.747975355833
0.0369897959183673 875.897460787005
0.0372448979591837 871.990270294864
0.0375 868.026598605417
0.0377551020408163 864.006315634311
0.0380102040816327 859.928963976165
0.038265306122449 855.793757222919
0.0385204081632653 851.599578565884
0.0387755102040816 847.344979137873
0.039030612244898 843.028175557769
0.0392857142857143 838.647046147074
0.0395408163265306 834.199125293666
0.0397959183673469 829.681595439054
0.0400510204081633 825.091276158825
0.0403061224489796 820.424609788539
0.0405612244897959 815.6776430156
0.0408163265306122 810.846003807872
0.0410714285714286 805.924872977724
0.0413265306122449 800.908949580639
0.0415816326530612 795.792409214303
0.0418367346938776 790.568854109202
0.0420918367346939 785.231253675077
0.0423469387755102 779.77187387566
0.0426020408163265 774.182193429171
0.0428571428571429 768.452804350197
0.0431122448979592 762.57329372734
0.0433673469387755 756.532102826122
0.0436224489795918 750.316358556693
0.0438775510204082 743.911670965446
0.0441326530612245 737.30188857798
0.0443877551020408 730.4688009658
0.0446428571428572 723.391774581662
0.0448979591836735 716.047303343575
0.0451530612244898 708.408449101739
0.0454081632653061 700.444138173922
0.0456632653061224 692.118267315615
0.0459183673469388 683.388553809927
0.0461734693877551 674.205036618411
0.0464285714285714 664.508093461275
0.0466836734693878 654.225773392101
0.0469387755102041 643.270140396343
0.0471938775510204 631.532152858878
0.0474489795918367 618.874314196668
0.0477040816326531 605.119819531384
0.0479591836734694 590.035982458308
0.0482142857142857 573.30789836114
0.048469387755102 554.4945203923
0.0487244897959184 532.950882167357
0.0489795918367347 507.67945160746
0.049234693877551 477.015859066119
0.0494897959183674 437.864045074482
0.0497448979591837 383.393962122144
0.05 293
