0 970.916336609868
0.000263157894736842 970.916336609868
0.000526315789473684 970.916336609868
0.000789473684210526 970.916336609868
0.00105263157894737 970.916336609869
0.00131578947368421 970.916336609869
0.00157894736842105 970.916336609869
0.00184210526315789 970.916336609869
0.00210526315789474 970.916336609869
0.00236842105263158 970.916336609869
0.00263157894736842 970.916336609869
0.00289473684210526 970.916336609869
0.00315789473684211 970.916336609869
0.00342105263157895 970.916336609869
0.00368421052631579 970.916336609869
0.00394736842105263 970.916336609869
0.00421052631578947 970.916336609869
0.00447368421052632 970.916336609868
0.00473684210526316 970.916336609867
0.005 970.916336609866
0.00526315789473684 970.916336609863
0.00552631578947368 970.91633660986
0.00578947368421053 970.916336609853
0.00605263157894737 970.916336609842
0.00631578947368421 970.916336609824
0.00657894736842105 970.916336609793
0.0068421052631579 970.916336609743
0.00710526315789474 970.91633660966
0.00736842105263158 970.916336609523
0.00763157894736842 970.9163366093
0.00789473684210526 970.916336608938
0.00815789473684211 970.916336608353
0.00842105263157895 970.916336607414
0.00868421052631579 970.916336605914
0.00894736842105263 970.916336603531
0.00921052631578947 970.916336599764
0.00947368421052632 970.916336593843
0.00973684210526316 970.916336584586
0.01 970.916336570191
0.0102631578947368 970.916336547926
0.0105263157894737 970.916336513673
0.0107894736842105 970.916336461263
0.0110526315789474 970.916336381498
0.0113157894736842 970.91633626075
0.0115789473684211 970.916336078937
0.0118421052631579 970.916335806637
0.0121052631578947 970.916335400988
0.0123684210526316 970.916334799902
0.0126315789473684 970.916333913949
0.0128947368421053 970.916332615057
0.0131578947368421 970.916330720844
0.0134210526315789 970.916327973079
0.0136842105263158 970.916324008211
0.0139473684210526 970.916318317334
0.0142105263157895 970.916310192134
0.0144736842105263 970.916298652385
0.0147368421052632 970.916282349324
0.015 970.916259437707
0.0152631578947368 970.916227407529
0.0155263157894737 970.916182864129
0.0157894736842105 970.916121242779
0.0160526315789474 970.91603644072
0.0163157894736842 970.915920345967
0.0165789473684211 970.915762238085
0.0168421052631579 970.915548031384
0.0171052631578947 970.915259325809
0.0173684210526316 970.914872225076
0.0176315789473684 970.914355875545
0.0178947368421053 970.913670673011
0.0181578947368421 970.912766078203
0.0184210526315789 970.911577975676
0.0186842105263158 970.910025505124
0.0189473684210526 970.908007289517
0.0192105263157895 970.905396981224
0.0194736842105263 970.902038045991
0.0197368421052632 970.897737705968
0.02 970.892259967455
0.0202631578947368 970.885317667422
0.0205263157894737 970.876563485707
0.0207894736842105 970.86557988776
0.0210526315789474 970.851867986297
0.0213157894736842 970.834835339684
0.0215789473684211 970.813782740277
0.0218421052631579 970.787890087312
0.0221052631578947 970.75620148572
0.0223684210526316 970.717609763697
0.0226315789473684 970.670840656771
0.0228947368421053 970.614436962935
0.0231578947368421 970.546743030127
0.023421052631579 970.465889991643
0.0236842105263158 970.369782214252
0.0239473684210526 970.256085465016
0.0242105263157895 970.122217333053
0.0244736842105263 969.965340458786
0.0247368421052632 969.782359122756
0.025 969.569919726464
0.0252631578947368 969.324415656952
0.0255263157894737 969.041996963876
0.0257894736842105 968.718585192143
0.0260526315789474 968.349893605642
0.0263157894736842 967.931452909748
0.0265789473684211 967.458642435069
0.0268421052631579 966.926726586285
0.0271052631578947 966.330896192702
0.0273684210526316 965.666314227318
0.0276315789473684 964.928165194965
0.0278947368421053 964.111707334431
0.0281578947368421 963.212326641124
0.0284210526315789 962.225591602403
0.0286842105263158 961.147307453108
0.0289473684210526 959.973568709043
0.0292105263157895 958.700808724907
0.0294736842105263 957.32584505256
0.0297368421052632 955.845919446139
0.03 954.258731471023
0.0302631578947368 952.562464820965
0.0305263157894737 950.755805627097
0.0307894736842105 948.837952247696
0.0310526315789474 946.808616251194
0.0313157894736842 944.668014538487
0.0315789473684211 942.416852785498
0.0318421052631579 940.056300614191
0.0321052631578947 937.587959111492
0.0323684210526316 935.013821503075
0.0326315789473684 932.33622794625
0.0328947368421053 929.557815528017
0.0331578947368421 926.681464637381
0.0334210526315789 923.710242923349
0.0336842105263158 920.647348051793
0.0339473684210526 917.496050437155
0.0342105263157895 914.259637052086
0.0344736842105263 910.941357314051
0.0347368421052632 907.544371918171
0.035 904.07170533643
0.0352631578947368 900.526202541262
0.0355263157894737 896.910490343195
0.0357894736842105 893.226943563747
0.0360526315789474 889.477656102064
0.0363157894736842 885.664416801557
0.0365789473684211 881.788689885202
0.0368421052631579 877.851599607972
0.0371052631578947 873.853918673977
0.0373684210526316 869.796059884963
0.0376315789473684 865.678070425642
0.0378947368421053 861.499628148606
0.0381578947368421 857.260039195387
0.0384210526315789 852.958236277866
0.0386842105263158 848.592776942582
0.0389473684210526 844.161841146022
0.0392105263157895 839.663227477892
0.0394736842105263 835.094347377796
0.0397368421052632 830.452216694575
0.04 825.733443932668
0.0402631578947368 820.934214511949
0.0405263157894737 816.050270331959
0.0407894736842105 811.07688387339
0.0410526315789474 806.008825983274
0.0413157894736842 800.840326369037
0.0415789473684211 795.565025661947
0.0418421052631579 790.175917692193
0.0421052631578947 784.665280332261
0.0423684210526316 779.024592894387
0.0426315789473684 773.244437587807
0.0428947368421053 767.314381919472
0.0431578947368421 761.222838113381
0.043421052631579 754.956894566927
0.0436842105263158 748.502112971328
0.0439473684210526 741.842282875751
0.0442105263157895 734.959122996942
0.0444736842105263 727.831915216586
0.0447368421052632 720.437052597825
0.045 712.747476340515
0.0452631578947368 704.731967549046
0.0455263157894737 696.35424672265
0.0457894736842105 687.571814976213
0.0460526315789474 678.334442912075
0.0463157894736842 668.582170441735
0.0465789473684211 658.242614652517
0.0468421052631579 647.227277256444
0.0471052631578947 635.426369813935
0.0473684210526316 622.701380544601
0.0476315789473684 608.874086951104
0.0478947368421053 593.709759370556
0.0481578947368421 576.89043419524
0.0484210526315789 557.970266905808
0.0486842105263158 536.296313540374
0.0489473684210526 510.856730286667
0.0492105263157895 479.958685758966
0.0494736842105263 440.440449597259
0.0497368421052632 385.280200440065
0.05 293
