0 970.964963800103
0.000261780104712042 970.964963800103
0.000523560209424084 970.964963800103
0.000785340314136126 970.964963800103
0.00104712041884817 970.964963800103
0.00130890052356021 970.964963800103
0.00157068062827225 970.964963800104
0.00183246073298429 970.964963800104
0.00209424083769634 970.964963800104
0.00235602094240838 970.964963800104
0.00261780104712042 970.964963800104
0.00287958115183246 970.964963800104
0.0031413612565445 970.964963800104
0.00340314136125654 970.964963800104
0.00366492146596859 970.964963800104
0.00392670157068063 970.964963800104
0.00418848167539267 970.964963800103
0.00445026178010471 970.964963800103
0.00471204188481675 970.964963800102
0.0049738219895288 970.964963800101
0.00523560209424084 970.964963800099
0.00549738219895288 970.964963800096
0.00575916230366492 970.96496380009
0.00602094240837696 970.96496380008
0.00628272251308901 970.964963800064
0.00654450261780105 970.964963800036
0.00680628272251309 970.964963799989
0.00706806282722513 970.964963799912
0.00732984293193717 970.964963799786
0.00759162303664921 970.96496379958
0.00785340314136126 970.964963799247
0.0081151832460733 970.964963798709
0.00837696335078534 970.964963797845
0.00863874345549738 970.964963796468
0.00890052356020942 970.964963794283
0.00916230366492147 970.964963790833
0.00942408376963351 970.964963785418
0.00968586387434555 970.964963776962
0.00994764397905759 970.964963763829
0.0102094240837696 970.96496374354
0.0104712041884817 970.964963712364
0.0107329842931937 970.964963664712
0.0109947643979058 970.964963592264
0.0112565445026178 970.964963482702
0.0115183246073298 970.964963317885
0.0117801047120419 970.96496307126
0.0120418848167539 970.964962704163
0.012303664921466 970.964962160625
0.012565445026178 970.964961360073
0.0128272251308901 970.964960187172
0.0130890052356021 970.96495847775
0.0133507853403141 970.964955999437
0.0136125654450262 970.964952425193
0.0138743455497382 970.964947297326
0.0141361256544503 970.964939978914
0.0143979057591623 970.96492958863
0.0146596858638743 970.964914913854
0.0149214659685864 970.964894295581
0.0151832460732984 970.964865476978
0.0154450261780105 970.964825405371
0.0157068062827225 970.964769975088
0.0159685863874346 970.964693695663
0.0162303664921466 970.964589266635
0.0164921465968586 970.964447036301
0.0167539267015707 970.96425431747
0.0170157068062827 970.963994528396
0.0172774869109948 970.963646121744
0.0175392670157068 970.963181258765
0.0178010471204188 970.962564179795
0.0180628272251309 970.961749216147
0.0183246073298429 970.96067838241
0.018586387434555 970.959278482614
0.018848167539267 970.957457658828
0.0191099476439791 970.955101307161
0.0193717277486911 970.952067284099
0.0196335078534031 970.948180326419
0.0198952879581152 970.943225610964
0.0201570680628272 970.936941387113
0.0204188481675393 970.929010625368
0.0206806282722513 970.919051640698
0.0209424083769634 970.906607669682
0.0212041884816754 970.891135406379
0.0214659685863874 970.871992533476
0.0217277486910995 970.84842432262
0.0219895287958115 970.819549420585
0.0222513089005236 970.784344985467
0.0225130890052356 970.741631388546
0.0227748691099476 970.690056751309
0.0230366492146597 970.628081641868
0.0232984293193717 970.553964308373
0.0235602094240838 970.465746876778
0.0238219895287958 970.361242983656
0.0240837696335079 970.238027348992
0.0243455497382199 970.093427816112
0.0246073298429319 969.924520393346
0.024869109947644 969.728127822241
0.025130890052356 969.500822168036
0.0253926701570681 969.238931878181
0.0256544502617801 968.938553683244
0.0259162303664922 968.59556962172
0.0261780104712042 968.205669357141
0.0264397905759162 967.764377824724
0.0267015706806283 967.267088098683
0.0269633507853403 966.709099214658
0.0272251308900524 966.085658519381
0.0274869109947644 965.392007957645
0.0277486910994764 964.623433551185
0.0280104712041885 963.775317181554
0.0282722513089005 962.843189666172
0.0285340314136126 961.822784019128
0.0287958115183246 960.710087721592
0.0290575916230367 959.501392794766
0.0293193717277487 958.193342474339
0.0295811518324607 956.782973330562
0.0298429319371728 955.267751762285
0.0301047120418848 953.645603914477
0.0303664921465969 951.9149382234
0.0306282722513089 950.074659976542
0.0308900523560209 948.124177479223
0.031151832460733 946.063399638998
0.031413612565445 943.89272500453
0.0316753926701571 941.613022518995
0.0319371727748691 939.22560446111
0.0321989528795812 936.732192241666
0.0324607329842932 934.134875893187
0.0327225130890052 931.436068229159
0.0329842931937173 928.638454753016
0.0332460732984293 925.744940462841
0.0335078534031414 922.758594724631
0.0337696335078534 919.682595375468
0.0340314136125654 916.520173170198
0.0342931937172775 913.274557604751
0.0345549738219895 909.948925040686
0.0348167539267016 906.546349924385
0.0350785340314136 903.069759746621
0.0353403141361257 899.521894230216
0.0356020942408377 895.905269071392
0.0358638743455497 892.222144399987
0.0361256544502618 888.474497970193
0.0363874345549738 884.664002951314
0.0366492146596859 880.792010060571
0.0369109947643979 876.859533669914
0.0371727748691099 872.867241427273
0.037434554973822 868.815446860358
0.037696335078534 864.704104377288
0.0379581151832461 860.532806041779
0.0382198952879581 856.300779479149
0.0384816753926702 852.006886260467
0.0387434554973822 847.649620112592
0.0390052356020942 843.227104308323
0.0392670157068063 838.737087599629
0.0395287958115183 834.176938064419
0.0397905759162304 829.543634239386
0.0400523560209424 824.833752904478
0.0403141361256545 820.043452864092
0.0405759162303665 815.168454031931
0.0408376963350785 810.20401106574
0.0410994764397906 805.144880709206
0.0413612565445026 799.985281874621
0.0416230366492147 794.718847333255
0.0418848167539267 789.338565660374
0.0421465968586387 783.836711794868
0.0424083769633508 778.204764201702
0.0426701570680628 772.433306144757
0.0429319371727749 766.51190795561
0.0431937172774869 760.428986375716
0.043455497382199 754.171635993733
0.043717277486911 747.725426410207
0.043979057591623 741.07415691692
0.0442408376963351 734.199558004223
0.0445026178010471 727.080925655454
0.0447643979057592 719.694669784443
0.0450261780104712 712.013751771336
0.0452879581151832 704.006977022487
0.0455497382198953 695.638095540554
0.0458115183246073 686.864644625995
0.0460732984293194 677.636439801292
0.0463350785340314 667.893577519685
0.0465968586387435 657.563747167494
0.0468586387434555 646.558544566609
0.0471204188481675 634.768306285855
0.0473821989528796 622.054690501065
0.0476439790575916 608.239712097702
0.0479057591623037 593.088983674954
0.0481675392670157 576.285054262535
0.0484293193717278 557.382883834841
0.0486910994764398 535.730867206602
0.0489528795811518 510.319564906745
0.0492146596858639 479.460934301141
0.0494764397905759 440.004319471901
0.049738219895288 384.960363125184
0.05 293
