0.000551351364239039 -0
0.0013310799411788 -2.4872681285261e-13
0.00173469715262419 -0
0.00205767130416251 -7.68246342794011e-13
0.00233556185840381 -0
0.00258338864129877 4.81796598139936e-13
0.00280926810616572 5.2366925663243e-13
0.0030181957486722 -0
0.00321351124659663 -1.19688790411691e-12
0.00339758019475359 -1.26483296899169e-12
0.00357215170486794 -6.64588919822822e-13
0.00373856275420032 -1.39042487904363e-12
0.00389786276592973 1.44896859586293e-12
0.00405089351927377 7.52562796761464e-13
0.00419834255631943 -0
0.00434078010856269 8.05635133025439e-13
0.00447868536854211 8.30826556116789e-13
0.00461246564240522 3.4209132373583e-12
0.00474247060992052 2.63671893371294e-12
0.00486900313895273 4.50958841627247e-12
0.00499232762099404 3.69724925630845e-12
0.0051126764891695 6.6229385819683e-12
0.00523025538106599 9.6742182994029e-12
0.00534524727578513 1.18585215714031e-11
0.00545781584394127 1.51279489324046e-11
0.00556810818629605 1.74829537976795e-11
0.00567625709215415 2.41010701139474e-11
0.00578238291663866 2.98744156287227e-11
0.00588659515265104 3.79974767060818e-11
0.00598899375611535 4.52635032763315e-11
0.00608967027025752 5.49778947060035e-11
0.00618870878496686 6.61019064013332e-11
0.00628618675988439 8.09951208937003e-11
0.00638217573416053 9.74558424701907e-11
0.00647674194139413 1.16716185661642e-10
0.0065699468447932 1.42488417910826e-10
0.00666184760485626 1.67663351252263e-10
0.00675249748969321 1.98378395167244e-10
0.0068419462363582 2.38577887898323e-10
0.00693024037015996 2.79675729116123e-10
0.0070174234877736 3.306597812408e-10
0.00710353650904729 3.8662353821732e-10
0.00718861790163417 4.52947245698874e-10
0.00727270388195047 5.29918655268605e-10
0.00735582859544014 6.19164446486534e-10
0.00743802427869266 7.21001686646243e-10
0.00751932140559821 8.39863707761455e-10
0.00759974881942047 9.72013431156442e-10
0.00767933385241099 1.12615976625737e-09
0.00775810243437205 1.30283696250407e-09
0.00783607919139134 1.50113781471046e-09
0.00791328753581431 1.72586247396898e-09
0.00798974974838668 1.98632866914313e-09
0.00806548705338404 2.27599329533455e-09
0.0081405196874468 2.60730732668315e-09
0.00821486696275346 2.97966386544684e-09
0.00828854732509118 3.39841846259089e-09
0.00836157840731845 3.87210126564095e-09
0.00843397707865929 4.40180921016328e-09
0.00850575949021932 5.00097774334425e-09
0.00857694111707172 5.66784011486288e-09
0.00864753679722399 6.41619944765996e-09
0.0087175607677434 7.25389324633756e-09
0.00878702669829037 8.19210615944955e-09
0.00885594772228347 9.23746066207817e-09
0.00892433646589754 1.04031507787853e-08
0.00899220507507605 1.17026590938058e-08
0.00905956524072157 1.3143194541979e-08
0.00912642822221234 1.47502151977692e-08
0.00919280486937876 1.65298276861571e-08
0.00925870564306158 1.85065784042753e-08
0.00932414063436179 2.069543730379e-08
0.00938911958268282 2.31184045152525e-08
0.00945365189265618 2.57893746388885e-08
0.00951774665003405 2.87447470371947e-08
0.00958141263662465 3.20061289421245e-08
0.00964465834434014 3.55954802966721e-08
0.00970749198842044 3.95490870803413e-08
0.00976992151989157 4.39003908697944e-08
0.00983195463731171 4.8686945818254e-08
0.0098935987978543 5.39327267648467e-08
0.00995486122777333 5.96960002928338e-08
0.0100157489322923 6.60109235409054e-08
0.0100762687049555 7.29320379097522e-08
0.010136427136476 8.05038928739504e-08
0.0101962306231148 8.87881570256977e-08
0.0102556853746191 9.78364767899193e-08
0.010314797421749 1.07721576638939e-07
0.0103735726234186 1.18506202850327e-07
0.0104320166734742 1.30270817135067e-07
0.0104901351071327 1.43085865187379e-07
0.0105479333071014 1.57034099659243e-07
0.0106054165093964 1.72214632803967e-07
0.0106625898088795 1.88720437947607e-07
0.010719458164529 2.06655360217866e-07
0.0107760264044599 2.26124711394673e-07
0.0108322992307087 2.47254560244806e-07
0.0108882812237949 2.7016887398472e-07
0.0109439768470727 2.94999146893646e-07
0.0109993904508848 3.21888423124666e-07
0.011054526276528 3.50999357538798e-07
0.0111093884600425 3.82477038844416e-07
0.0111639810358325 4.16506071501617e-07
0.0112183079401294 4.53271505323047e-07
0.0112723730143038 4.92968763351036e-07
0.0113261800080358 5.35803775983364e-07
0.0113797325823501 5.82001187887937e-07
0.0114330343125229 6.31796547021579e-07
0.0114860886908681 6.85440500796354e-07
0.0115388991294074 7.43201046006996e-07
0.0115914689624314 8.05357615951523e-07
0.0116438014489563 8.72205317313441e-07
0.0116958997750819 9.44059263087128e-07
0.0117477670562556 1.02126315285004e-06
0.0117994063394462 1.10416677056322e-06
0.0118508206052331 1.19314689372088e-06
0.011902012769814 1.28860347235305e-06
0.0119529856869351 1.39095570633636e-06
0.0120037421497478 1.50064648928339e-06
0.0120542848925947 1.61814481846408e-06
0.0121046165927288 1.7439525108446e-06
0.0121547398719683 1.87858751436714e-06
0.0122046572982906 2.02260335134101e-06
0.0122543713873674 2.17658742082631e-06
0.0123038846040444 2.34115059648986e-06
0.0123531993637674 2.51694046485633e-06
0.0124023180339573 2.70464611907238e-06
0.0124512429353367 2.90498118162625e-06
0.0124999763432089 3.11870154651499e-06
0.0125485204886932 3.34660807169796e-06
0.0125968775599167 3.58953827005646e-06
0.012645049703165 3.84837774981957e-06
0.0126930390239946 4.12404964633392e-06
0.0127408475883058 4.41752835057994e-06
0.0127884774233816 4.72984230831453e-06
0.0128359305188899 5.06205890412795e-06
0.0128832088278541 5.41531855352761e-06
0.0129303142675908 5.7907994344335e-06
0.0129772487206168 6.18974947473345e-06
0.0130240140355278 6.61347348662775e-06
0.0130706120278473 7.06332459613525e-06
0.0131170444808494 7.54075492543522e-06
0.0131633131463552 8.0472525497931e-06
0.0132094197455036 8.58441065136306e-06
0.013255365969499 9.1538526055412e-06
0.0133011534803349 9.75731530245493e-06
0.0133467839114954 1.03965970605423e-05
0.0133922588686351 1.10735929988528e-05
0.0134375799302385 1.17902726755505e-05
0.0134827486482597 1.2548697088358e-05
0.0135277665487417 1.33510335962167e-05
0.0135726351324189 1.41995240076305e-05
0.0136173558753002 1.50965323233059e-05
0.0136619302292362 1.60445175423922e-05
0.0137063596224684 1.70460439424335e-05
0.0137506454601642 1.81037819867332e-05
0.0137947891249344 1.92205354545478e-05
0.0138387919773377 2.03992139734005e-05
0.0138826553563697 2.16428698184649e-05
0.0139263805799382 2.29546679509521e-05
0.0139699689453256 2.43379061666058e-05
0.0140134217296375 2.57960282807642e-05
0.0140567401902399 2.73326205234454e-05
0.0140999255651834 2.89514199869391e-05
0.0141429790736161 3.06562988154303e-05
0.0141859019161851 3.24513140336033e-05
0.0142286952754276 3.43406626441284e-05
0.0142713603161505 3.63287390542415e-05
0.0143138981858008 3.84200851044622e-05
0.0143563100148253 4.06194305378702e-05
0.0143985969170216 4.29317043704698e-05
0.0144407599898788 4.53620017907649e-05
0.0144828003149106 4.79156573186362e-05
0.0145247189579781 5.05981746025831e-05
0.0145665169696061 5.34152824128123e-05
0.0146081953852893 5.6372936369879e-05
0.0146497552257925 5.94772980891083e-05
0.0146911974974416 6.27347742852102e-05
0.0147325231924085 6.61520110474783e-05
0.0147737332889879 6.97359031286557e-05
0.0148148287518676 7.34935931934525e-05
0.0148558105323921 7.74324862184668e-05
0.0148966795688192 8.15602716585746e-05
0.0149374367865713 8.58848796502053e-05
0.0149780830984792 9.04145743887266e-05
0.0150186194050214 9.51578696577202e-05
0.0150590465945559 0.000100123620045199
0.0150993655435484 0.000105320959180869
0.0151395771167932 0.000110759370966304
0.0151796821676301 0.000116448635269101
0.0152196815381553 0.000122398899526383
0.0152595760594284 0.000128620637224048
0.015299366551673 0.000135124701832238
0.0153390538244741 0.000141922295520069
0.0153786386769699 0.00014902500779087
0.01541812189804 0.000156444804910723
0.0154575042664882 0.000164194066248432
0.0154967865512225 0.000172285558059802
0.0155359695114295 0.000180732480457412
0.0155750538967463 0.000189548462226293
0.0156140404474272 0.000198747566059244
0.0156529298945078 0.000208344320216107
0.0156917229599646 0.000218353705467862
0.0157304203568715 0.000228791176308182
0.015769022789553 0.000239672682342113
0.0158075309537331 0.00025101466321401
0.0158459455366824 0.000262834070088186
0.0158842672173607 0.000275148395321152
0.015922496666557 0.000287975646145133
0.0159606345470269 0.00030133438774769
0.0159986815136263 0.000315243749120629
0.0160366382134428 0.000329723434279518
0.0160745052859238 0.000344793738925497
0.0161122833630025 0.000360475559097938
0.0161499730692211 0.000376790394425377
0.0161875750218507 0.000393760408299384
0.0162250898310097 0.000411408371751815
0.0162625180997792 0.000429757745492469
0.016299860424316 0.000448832642736148
0.0163371173939637 0.000468657873508986
0.0163742895913608 0.000489258951020115
0.0164113775925473 0.000510662103493141
0.0164483819670688 0.00053289431074676
0.0164853032780784 0.000555983280542728
0.0165221420824371 0.000579957498998675
0.0165588989308113 0.000604846228979893
0.016595574367769 0.000630679541559039
0.0166321689318741 0.00065748830338658
0.0166686831557785 0.000685304224867456
0.0167051175663128 0.000714159861487374
0.0167414726845745 0.000744088634534277
0.0167777490260155 0.00077512484356282
0.0168139471005271 0.000807303687258743
0.0168500674125236 0.000840661292794209
0.0168861104610244 0.000875234689345859
0.0169220767397343 0.000911061890669648
0.0169579667371227 0.000948181863157017
0.0169937809365006 0.000986634563838946
0.0170295198160968 0.00102646096455189
0.0170651838491326 0.00106770304517089
0.0171007735038943 0.00111040383756536
0.0171362892438055 0.00115460742454986
0.0171717315274972 0.00120035898976417
0.0172071008088771 0.00124770479405272
0.0172423975371974 0.00129669223116844
0.0172776221571212 0.00134736982404357
0.0173127751087879 0.00139978726656532
0.0173478568278775 0.0014539954056108
0.0173828677456737 0.00151004630006603
0.0174178082891254 0.00156799322867795
0.0174526788809076 0.00162789068350374
0.0174874799394814 0.00168979443791698
0.017522211879152 0.00175376152586628
0.0175568751101266 0.00181985028712719
0.017591470038571 0.00188812036376044
0.0176259970666649 0.00195863275133716
0.0176604565926565 0.00203144978969943
0.0176948490109162 0.00210663520859435
0.0177291747119891 0.00218425412422394
0.0177634340826472 0.00226437307343936
0.0177976275059393 0.00234706003935652
0.0178317553612421 0.00243238445958274
0.0178658180243085 0.00252041726648672
0.0178998158673161 0.00261123086922427
0.0179337492589149 0.00270489922914494
0.0179676185642735 0.00280149783018609
0.0180014241451252 0.0029011037340007
0.0180351663598132 0.00300379558544815
0.0180688455633347 0.00310965363272039
0.0181024621073844 0.0032187597563296
0.0181360163403977 0.00333119748640487
0.0181695086075924 0.00344705202885451
0.0182029392510106 0.00356641027385927
0.0182363086095591 0.00368936082799812
0.0182696170190496 0.00381599403165638
0.0183028648122382 0.00394640197645465
0.018336052318864 0.00408067853752621
0.0183691798656874 0.00421891938211456
0.0184022477765278 0.0043612219870387
0.0184352563723002 0.00450768568599025
0.0184682059710515 0.0046584116543336
0.0185010968879968 0.0048135029534693
0.0185339294355539 0.00497306455144018
0.0185667039233785 0.00513720332557205
0.0185994206583978 0.00530602810702653
0.0186320799448443 0.00547964967144229
0.0186646820842888 0.00565818079859616
0.0186972273756729 0.00584173623895815
0.0187297161153407 0.00603043278846792
0.0187621485970709 0.0062243892882115
0.0187945251121069 0.00642372661490041
0.0188268459491883 0.00662856774378515
0.01885911139458 0.0068390377331
0.0188913217321027 0.00705526379320626
0.0189234772431613 0.00727737522549256
0.0189555782067739 0.00750550350665148
0.0189876248995999 0.00773978230037469
0.0190196175959681 0.00798034744764096
0.0190515565679039 0.00822733700868407
0.0190834420851562 0.00848089126539496
0.019115274415224 0.00874115273892043
0.019147053823383 0.00900826621640559
0.0191787805727108 0.00928237877779756
0.0192104549241125 0.0095636397950908
0.0192420771363461 0.00985220092221706
0.0192736474660465 0.0101482161923345
0.0193051661677506 0.0104518419371508
0.0193366334939203 0.0107632368903944
0.0193680496949671 0.0110825621222605
0.0193994150192744 0.0114099811307122
0.0194307297132213 0.0117456597849155
0.0194619940212043 0.0120897663919378
0.0194932081856603 0.0124424716739279
0.0195243724470882 0.0128039488411058
0.0195554870440704 0.0131743735130926
0.0195865522132944 0.0135539238259103
0.0196175681895736 0.0139427803623762
0.0196485352058682 0.0143411262219427
0.0196794534933052 0.014749147016106
0.019710323281199 0.0151670308792376
0.0197411447970712 0.0155949684543935
0.0197719182666698 0.0160331529476713
0.0198026439139887 0.0164817800951742
0.0198333219612869 0.0169410482173571
0.0198639526291071 0.0174111581763802
0.0198945361362939 0.0178923134366558
0.0199250727000127 0.0183847200314145
0.0199555625357671 0.0188885865949785
0.019986005857417 0.0194041243667578
0.0200164028771958 0.0199315471700111
0.020046753805728 0.0204710714817651
0.0200770588520459 0.02102291635472
0.0201073182236068 0.0215873034649262
0.0201375321263091 0.022164457143862
0.0201677007645089 0.0227546043567013
0.0201978243410361 0.0233579746709813
0.0202279030572105 0.0239748003231198
0.0202579371128571 0.024605316158397
0.0202879267063218 0.0252497596815901
0.0203178720344868 0.0259083710410336
0.0203477732927854 0.026581393025288
0.0203776306752171 0.0272690710691233
0.0204074443743623 0.0279716532245009
0.0204372145813967 0.0286893902205459
0.0204669414861054 0.0294225353896654
0.0204966252768975 0.0301713447242212
0.0205262661408197 0.0309360768438209
0.02055586426357 0.0317169929975933
0.0205854198295115 0.0325143570439185
0.0206149330216857 0.0333284354716962
0.0206444040218255 0.0341594973831043
0.0206738330103688 0.0350078144857849
0.0207032201664708 0.0358736610817752
0.0207325656680172 0.0367573140690779
0.0207618696916362 0.0376590529303454
0.0207911324127117 0.0385791597020499
0.0208203540053947 0.0395179190370074
0.0208495346426159 0.0404756180701415
0.0208786744960978 0.0414525465259134
0.0209077737363658 0.0424489966418522
0.0209368325327606 0.0434652631951492
0.020965851053449 0.0445016434257881
0.020994829465436 0.0455584370920303
0.0210237679345754 0.0466359464288126
0.021052666625581 0.0477344761156537
0.021081525702038 0.0488543332735226
0.0211103453264132 0.0499958274747247
0.0211391256600658 0.051159270664815
0.0211678668632582 0.0523449772014155
0.0211965690951663 0.0535532638148706
0.0212252325138898 0.0547844495752523
0.021253857276462 0.056038855885209
0.0212824435388606 0.0573168064564717
0.0213109914560167 0.0586186272926287
0.0213395011818254 0.059944646658884
0.0213679728691551 0.0612951950481427
0.0213964066698569 0.06267060516995
0.0214248027347744 0.0640712119491898
0.0214531612137528 0.0654973524558331
0.0214814822556485 0.0669493658867795
0.0215097660083375 0.0684275935706694
0.0215380126187251 0.0699323789037104
0.0215662222327545 0.0714640673441919
0.0215943949954157 0.0730230063775622
0.0216225310507539 0.0746095454713065
0.0216506305418786 0.0762240360691435
0.0216786936109716 0.0778668315258979
0.0217067203992958 0.0795382871014692
0.0217347110472031 0.0812387599348678
0.0217626656941431 0.082968608981797
0.0217905844786706 0.0847281949950462
0.0218184675384541 0.0865178804814248
0.0218463150102834 0.0883380296886105
0.0218741270300778 0.0901890085451751
0.0219019037328935 0.0920711846239304
0.0219296452529313 0.0939849271114572
0.0219573517235443 0.0959306067578164
0.0219850232772452 0.0979085958624074
0.022012660045714 0.0999192681935369
0.0220402621598051 0.101962999003764
0.0220678297495542 0.104040164915989
0.0220953629441863 0.106151143935085
0.0221228618721219 0.108296315410197
0.0221503266609843 0.110476059919735
0.022177757437607 0.112690759326352
0.0222051543280395 0.11494079664843
0.0222325174575551 0.11722655606478
0.0222598469506569 0.119548422839157
0.0222871429310848 0.121906783294532
0.0223144055218216 0.124302024740651
0.0223416348451001 0.126734535448137
0.0223688310224089 0.129204704588953
0.022395994174499 0.131712922186877
0.02242312442139 0.134259579087784
0.0224502218823764 0.13684506685956
0.0224772866760335 0.139469777778743
0.0225043189202236 0.142134104780574
0.022531318732102 0.144838441384926
0.0225582862281229 0.147583181672902
0.0225852215240453 0.150368720188987
0.0226121247349384 0.153195451913776
0.0226389959751882 0.156063772233435
0.0226658353585022 0.15897407683469
0.0226926429979158 0.161926761660164
0.0227194190057973 0.164922222891111
0.0227461634938537 0.167960856858596
0.022772876573136 0.171043059951405
0.0227995583540448 0.17416922865226
0.0228262089463352 0.17733975939462
0.0228528284591226 0.180555048527572
0.0228794170008874 0.183815492273939
0.0229059746794805 0.187121486654231
0.0229325016021283 0.190473427431128
0.0229589978754377 0.193871710046475
0.0229854636054012 0.19731672955884
0.0230118988974017 0.200808880583761
0.0230383038562177 0.204348557251269
0.0230646785860277 0.207936153112086
0.0230910231904153 0.211572061084491
0.023117337772374 0.215256673391286
0.0231436224343116 0.218990381522943
0.0231698772780551 0.22277357613022
0.0231961024048552 0.226606647008238
0.0232222979153909 0.230489982984384
0.0232484639097741 0.234423971872005
0.0232746004875538 0.238409000440205
0.0233007077477207 0.242445454291849
0.0233267857887115 0.246533717826566
0.0233528347084134 0.250674174186699
0.0233788546041683 0.254867205175955
0.0234048455727768 0.259113191204907
0.0234308077105027 0.26341251119587
0.0234567411130772 0.267765542566007
0.0234826458757028 0.272172661114703
0.0235085220930574 0.276634240972396
0.0235343698592983 0.281150654569962
0.0235601892680667 0.285722272515345
0.0235859804124909 0.290349463556133
0.0236117433851907 0.295032594507514
0.0236374782782811 0.299772030193476
0.0236631851833763 0.30456813337223
0.0236888641915933 0.309421264676481
0.0237145153935559 0.314331782525201
0.0237401388793981 0.319300043098512
0.0237657347387681 0.324326400221098
0.023791303060832 0.329411205344645
0.0238168439342772 0.334554807440833
0.0238423574473158 0.339757552949689
0.0238678436876889 0.345019785720475
0.0238933027426693 0.350341846928899
0.0239187346990654 0.355724075045822
0.0239441396432247 0.361166805719543
0.0239695176610369 0.36667037175491
0.0239948688379378 0.372235103016172
0.0240201932589121 0.377861326375275
0.0240454910084969 0.383549365655693
0.0240707621707855 0.389299541560039
0.0240960068294296 0.395112171590099
0.0241212250676438 0.400987569983827
0.0241464169682077 0.406926047691846
0.0241715826134697 0.412927912258268
0.02419672208535 0.418993467796906
0.0242218354653435 0.425123014890796
0.0242469228345234 0.431316850577013
0.0242719842735435 0.437575268219737
0.024297019862642 0.443898557532952
0.0243220296816439 0.450287004414393
0.0243470138099644 0.456740890987194
0.0243719723266114 0.463260495450268
0.0243969053101889 0.469846092074483
0.0244218128388996 0.476497951127102
0.0244466949905476 0.483216338811511
0.0244715518425419 0.49000151716778
0.0244963834718983 0.496853744095542
0.0245211899552428 0.503773273227152
0.0245459713688144 0.510760353891338
0.0245707277884673 0.517815231052636
0.0245954592896743 0.524938145260977
0.0246201659475287 0.532129332597816
0.0246448478367478 0.539389024581892
0.0246695050316749 0.546717448169064
0.0246941376062823 0.55411482566758
0.0247187456341735 0.561581374683779
0.0247433291885861 0.569117308065525
0.0247678883423943 0.576722833853127
0.0247924231681113 0.584398155245356
0.0248169337378919 0.592143470509671
0.0248414201235349 0.599958972955124
0.0248658823964855 0.607844850888253
0.0248903206278379 0.615801287533148
0.0249147348883377 0.623828461005271
0.0249391252483841 0.631926544267402
0.0249634917780323 0.640095705067465
0.0249878345469962 0.648336105891451
0.0250121536246502 0.656647903912183
0.025036449080032 0.665031250980849
0.0250607209818444 0.673486293505763
0.0250849693984581 0.682013172507241
0.0251091943979133 0.690612023478712
0.0251333960479226 0.699282976410421
0.0251575744158728 0.708026155704002
0.0251817295688273 0.716841680173697
0.0252058615735278 0.725729662973183
0.0252299704963973 0.734690211554589
0.0252540564035414 0.743723427664943
0.025278119360751 0.752829407256808
0.0253021594335038 0.762008240488502
0.0253261766869671 0.771260011687549
0.0253501711859993 0.780584799295231
0.0253741429951523 0.789982675854073
0.0253980921786732 0.799453707949084
0.0254220188005064 0.808997956200814
0.025445922924296 0.818615475204094
0.0254698046133872 0.828306313523429
0.0254936639308285 0.838070513666757
0.0255175009393736 0.847908112037485
0.0255413157014836 0.857819138896201
0.0255651082793284 0.867803618365125
0.0255888787347891 0.877861568400349
0.0256126271294595 0.887993000719504
0.0256363535246481 0.89819792085091
0.0256600579813801 0.908476328037732
0.025683740560399 0.918828215270625
0.0257074013221684 0.929253569221017
0.0257310403268741 0.939752370269473
0.0257546576344256 0.950324592457429
0.0257782533044579 0.960970203452219
0.0258018273963334 0.971689164576927
0.0258253799691436 0.982481430749727
0.0258489110817106 0.993346950492798
0.0258724207925893 1.00428566590015
0.0258959091600684 1.01529751265592
0.025919376242173 1.02638241998852
0.0259428220966654 1.03754031067924
0.0259662467810471 1.04877110103095
0.0259896503525606 1.06007470089252
0.026013032868191 1.07145101360572
0.0260363943846673 1.08289993606501
0.0260597349584643 1.0944213586232
0.0260830546458041 1.10601516515848
0.0261063535026578 1.1176812330398
0.0261296315847469 1.12941943313417
0.0261528889475448 1.14122962979435
0.0261761256462786 1.15311168085956
0.0261993417359305 1.16506543766264
0.0262225372712393 1.17709074504095
0.0262457123067017 1.18918744128933
0.0262688668965743 1.20135535823754
0.0262920010948746 1.21359432118131
0.0263151149553829 1.22590414896143
0.0263382085316431 1.23828465390299
0.026361281876965 1.25073564185672
0.026384335044425 1.26325691218678
0.0264073680868679 1.27584825782649
0.0264303810569084 1.28850946522467
0.0264533740069322 1.30124031442156
0.0264763469890975 1.31404057899379
0.0264993000553364 1.32691002611248
0.0265222332573565 1.33984841656239
0.0265451466466417 1.35285550473346
0.0265680402744542 1.36593103865304
0.0265909141918353 1.37907475997486
0.0266137684496071 1.39228640405856
0.0266366030983737 1.40556569990568
0.0266594181885223 1.41891237024903
0.0266822137702248 1.43232613155321
0.026704989893439 1.44580669402869
0.0267277466079097 1.45935376165448
0.0267504839631702 1.47296703220772
0.0267732020085436 1.48664619729186
0.0267959007931436 1.50039094237239
0.0268185803658764 1.51420094676503
0.0268412407754413 1.52807588373044
0.0268638820703323 1.54201542042777
0.0268865042988393 1.55601921799469
0.0269091075090491 1.57008693156948
0.0269316917488468 1.58421821029977
0.0269542570659168 1.5984126974229
0.0269768035077441 1.61267003024623
0.0269993311216155 1.62698984021799
0.0270218399546207 1.64137175294729
0.0270443300536532 1.65581538823553
0.0270668014654119 1.67032036014077
0.027089254236402 1.68488627698669
0.0271116884129361 1.69951274141161
0.0271341040411353 1.71419935040844
0.0271565011669304 1.72894569537358
0.0271788798360629 1.7437513621348
0.0272012400940862 1.75861593099419
0.0272235819863667 1.77353897680735
0.0272459055580845 1.78852006894482
0.0272682108542351 1.80355877143877
0.0272904979196299 1.81865464294304
0.0273127667988975 1.8338072368383
0.0273350175364849 1.84901610124246
0.0273572501766581 1.86428077909817
0.0273794647635036 1.8796008081596
0.0274016613409289 1.89497572109436
0.0274238399526641 1.91040504551204
0.0274460006422625 1.92588830403657
0.0274681434531016 1.94142501432773
0.0274902684283844 1.9570146891328
0.0275123756111401 1.97265683640011
0.0275344650442251 1.98835095922411
0.0275565367703241 2.00409655602614
0.0275785908319509 2.0198931204738
0.0276006272714497 2.03574014167165
0.0276226461309955 2.0516371041211
0.0276446474525954 2.06758348780786
0.0276666312780897 2.08357876826357
0.0276885976491522 2.09962241664565
0.027710546607292 2.11571389972279
0.0277324781938535 2.1318526800186
0.0277543924500181 2.14803821582447
0.0277762894168045 2.16426996127696
0.0277981691350698 2.18054736639798
0.0278200316455108 2.19686987717151
0.0278418769886642 2.21323693562589
0.0278637052049078 2.22964797983908
0.0278855163344615 2.24610244405297
0.027907310417388 2.26259975872594
0.0279290874935936 2.27913935059286
0.0279508476028293 2.29572064271342
0.0279725907846912 2.31234305453627
0.027994317078622 2.32900600201252
0.0280160265239112 2.34570889759404
0.0280377191596962 2.36245115036437
0.0280593950249633 2.37923216602964
0.0280810541585482 2.39605134706541
0.0281026965991369 2.41290809272889
0.0281243223852666 2.42980179914946
0.0281459315553265 2.44673185935908
0.0281675241475585 2.46369766343347
0.028189100200058 2.48069859848574
0.0282106597507748 2.49773404878041
0.0282322028375137 2.51480339578262
0.0282537294979354 2.53190601823241
0.0282752397695574 2.54904129222545
0.0282967336897544 2.56620859123563
0.0283182112957593 2.58340728626053
0.028339672624664 2.60063674582635
0.0283611177134199 2.61789633609914
0.028382546598839 2.63518542092437
0.0284039593175943 2.65250336190009
0.0284253559062207 2.6698495184841
0.0284467364011156 2.68722324803392
0.0284681008385401 2.70462390585205
0.0284894492546189 2.72205084534032
0.0285107816853416 2.73950341797641
0.0285320981665633 2.75698097343427
0.0285533987340053 2.77448285965911
0.0285746834232556 2.79200842292925
0.02859595226977 2.80955700790947
0.0286172053088722 2.82712795774503
0.0286384425757552 2.84472061414517
0.0286596641054814 2.862334317415
0.0286808699329835 2.87996840655291
0.0287020600930652 2.89762221933327
0.0287232346204017 2.91529509233367
0.0287443935495407 2.932986361061
0.0287655369149025 2.95069535998605
0.0287866647507815 2.96842142261739
0.0288077770913458 2.98616388159634
0.0288288739706388 3.0039220687535
0.0288499554225792 3.02169531518037
0.0288710214809619 3.03948295127804
0.0288920721794586 3.05728430685621
0.0289131075516185 3.07509871122572
0.0289341276308688 3.09292549319637
0.0289551324505154 3.11076398124215
0.0289761220437433 3.12861350346943
0.0289970964436176 3.14647338778264
0.0290180556830839 3.16434296187319
0.0290389997949688 3.18222155335871
0.0290599288119806 3.2001084897978
0.02908084276671 3.21800309879622
0.0291017416916305 3.23590470806427
0.0291226256190992 3.25381264546175
0.0291434945813571 3.27172623911084
0.02916434861053 3.28964481743858
0.0291851877386289 3.30756770923283
0.0292060119975504 3.32549424374878
0.0292268214190778 3.34342375073193
0.0292476160348811 3.36135556053297
0.0292683958765178 3.37928900412188
0.0292891609754336 3.39722341318968
0.0293099113629627 3.41515812022449
0.0293306470703284 3.43309245853374
0.0293513681286438 3.45102576234947
0.0293720745689123 3.46895736687759
0.0293927664220279 3.48688660835901
0.0294134437187763 3.50481282415611
0.0294341064898346 3.52273535279713
0.0294547547657727 3.54065353403787
0.0294753885770532 3.55856670892077
0.0294960079540321 3.57647421987056
0.0295166129269597 3.59437541072111
0.0295372035259803 3.6122696267935
0.0295577797811337 3.63015621495843
0.0295783417223548 3.64803452369231
0.0295988893794748 3.6659039031318
0.0296194227822214 3.68376370516612
0.0296399419602191 3.70161328344575
0.0296604469429901 3.71945199348788
0.0296809377599548 3.73727919269853
0.0297014144404318 3.75509424047826
0.0297218770136387 3.77289649821943
0.029742325508693 3.79068532941533
0.0297627599546117 3.80846009969447
0.0297831803803125 3.82622017688393
0.029803586814614 3.8439649310446
0.0298239792862363 3.86169373454707
0.0298443578238011 3.87940596214157
0.0298647224558326 3.89710099096445
0.029885073210758 3.91477820064736
0.0299054101169076 3.93243697333299
0.0299257332025153 3.95007669372941
0.0299460424957194 3.96769674919235
0.0299663380245628 3.98529652972291
0.0299866198169936 4.00287542807774
0.0300068879008651 4.02043283978703
0.0300271423039371 4.03796816320141
0.0300473830538754 4.05548079957199
0.0300676101782528 4.07297015304287
0.0300878237045497 4.0904356307712
0.0301080236601538 4.10787664289272
0.0301282100723613 4.12529260264381
0.0301483829683769 4.14268292637359
0.0301685423753144 4.16004703358753
0.030188688320197 4.17738434696982
0.0302088208299579 4.19469429251617
0.0302289399314405 4.21197629943907
0.030249045651399 4.22922980036172
0.0302691380164986 4.24645423122824
0.0302892170533164 4.26364903143959
0.0303092827883411 4.28081364383723
0.0303293352479739 4.29794751478193
0.0303493744585288 4.31505009416725
0.0303694004462331 4.33212083546185
0.0303894132372275 4.34915919576924
0.0304094128575668 4.36616463583326
0.03042939933322 4.38313662012206
0.0304493726900711 4.40007461681068
0.0304693329539191 4.41697809784988
0.0304892801504787 4.43384653896968
0.0305092143053803 4.45067941979077
0.030529135444171 4.46747622375375
0.0305490435923142 4.48423643822959
0.0305689387751907 4.50095955453087
0.0305888210180984 4.51764506792659
0.0306086903462535 4.53429247768511
0.03062854678479 4.55090128711814
0.0306483903587608 4.56747100360901
0.0306682210931374 4.5840011385876
0.030688039012811 4.60049120764695
0.0307078441425922 4.616940730511
0.0307276365072117 4.63334923108239
0.0307474161313207 4.64971623746062
0.0307671830394911 4.66604128197019
0.030786937256216 4.68232390119768
0.0308066788059097 4.69856363600365
0.0308264077129086 4.71476003154087
0.0308461240014712 4.73091263729869
0.0308658276957785 4.74702100711346
0.0308855188199344 4.76308469917618
0.030905197397966 4.77910327609007
0.0309248634538239 4.79507630484872
0.0309445170113825 4.81100335688384
0.0309641580944408 4.82688400809556
0.0309837867267221 4.84271783880769
0.0310034029318745 4.85850443387867
0.0310230067334715 4.87424338265339
0.0310425981550122 4.88993427898996
0.0310621772199215 4.90557672128927
0.0310817439515506 4.92117031250998
0.0311012983731771 4.93671466018054
0.0311208405080056 4.95220937638223
0.0311403703791679 4.9676540778306
0.0311598880097232 4.98304838582751
0.0311793934226586 4.99839192628212
0.0311988866408894 5.01368432978423
0.0312183676872592 5.02892523149411
0.0312378365845405 5.04411427127866
0.0312572933554348 5.05925109364663
0.0312767380225731 5.07433534778865
0.031296170608516 5.08936668755899
0.031315591135754 5.10434477151168
0.0313349996267082 5.11926926288046
0.03135439610373 5.13413982961437
0.031373780589102 5.1489561443598
0.0313931531050377 5.16371788448928
0.0314125136736823 5.17842473207619
0.0314318623171127 5.19307637392173
0.0314511990573381 5.20767250155434
0.0314705239162997 5.22221281122836
0.0314898369158717 5.23669700391151
0.0315091380778613 5.25112478532544
0.0315284274240085 5.26549586590607
0.0315477049759875 5.27980996084715
0.0315669707554057 5.29406679005891
0.031586224783805 5.30826607818289
0.0316054670826614 5.32240755458419
0.031624697673386 5.33649095338383
0.0316439165773243 5.35051601340699
0.0316631238157573 5.36448247820959
0.0316823194099016 5.37839009607809
0.0317015033809094 5.39223862000696
0.0317206757498689 5.4060278077117
0.0317398365378048 5.41975742161146
0.0317589857656781 5.4334272288285
0.0317781234543868 5.44703700117939
0.0317972496247662 5.46058651517219
0.0318163642975887 5.47407555200741
0.0318354674935643 5.48750389754936
0.0318545592333412 5.50087134234826
0.0318736395375056 5.51417768159093
0.0318927084265819 5.52742271512891
0.0319117659210336 5.54060624744556
0.0319308120412628 5.55372808766685
0.031949846807611 5.56678804953716
0.031968870240359 5.57978595139962
0.0319878823597273 5.5927216162146
0.0320068831858764 5.60559487150897
0.0320258727389071 5.6184055493939
0.0320448510388604 5.63115348653224
0.0320638181057182 5.64383852416444
0.0320827739594032 5.65646050803557
0.0321017186197793 5.6690192884163
0.0321206521066519 5.68151472009616
0.032139574439768 5.6939466623327
0.0321584856388165 5.70631497889497
0.0321773857234285 5.7186195379759
0.0321962747131774 5.7308602122539
0.0322151526275792 5.74303687877929
0.032234019486093 5.75514941905957
0.0322528753081206 5.76719771897705
0.0322717201130074 5.77918166878015
0.0322905539200422 5.79110116309541
0.0323093767484577 5.80295610088318
0.0323281886174305 5.81474638540979
0.0323469895460816 5.82647192424575
0.0323657795534763 5.83813262926759
0.0323845586586245 5.84972841657503
0.0324033268804814 5.86125920654399
0.0324220842379469 5.87272492375254
0.0324408307498666 5.88412549698463
0.0324595664350314 5.89546085919181
0.0324782913121782 5.90673094749482
0.0324970053999899 5.91793570315076
0.0325157087170956 5.92907507151184
0.0325344012820707 5.94014900204367
0.0325530831134375 5.95115744826066
0.0325717542296651 5.96210036772103
0.0325904146491698 5.97297772202465
0.0326090643903149 5.98378947676362
0.0326277034714115 5.99453560147733
0.0326463319107183 6.00521606970573
0.032664949726442 6.01583085884753
0.0326835569367375 6.02637995025762
0.0327021535597079 6.03686332912891
0.0327207396134049 6.04728098453024
0.0327393151158291 6.05763290934226
0.0327578800849298 6.06791910024539
0.0327764345386057 6.07813955770183
0.0327949784947048 6.08829428589827
0.0328135119710245 6.09838329277509
0.0328320349853124 6.10840658993301
0.0328505475552655 6.1183641926733
0.0328690496985315 6.12825611990584
0.032887541432708 6.13808239417556
0.0329060227753434 6.14784304160307
0.032924493743937 6.15753809188114
0.0329429543559386 6.16716757820686
0.0329614046287494 6.17673153729088
0.0329798445797221 6.18623000933071
0.0329982742261606 6.19566303796014
0.0330166935853206 6.20503067022825
0.0330351026744097 6.21433295658765
0.0330535015105878 6.22356995082064
0.0330718901109666 6.23274171007659
0.0330902684926108 6.24184829481221
0.0331086366725373 6.25088976871308
0.0331269946677159 6.25986619875075
0.0331453424950697 6.26877765507511
0.0331636801714747 6.2776242110681
0.0331820077137603 6.28640594322636
0.0332003251387094 6.29512293119906
0.033218632463059 6.30377525773541
0.0332369297034995 6.31236300862148
0.0332552168766757 6.32088627270658
0.0332734939991865 6.32934514184121
0.0332917610875854 6.33773971084284
0.0333100181583804 6.34607007749689
0.0333282652280342 6.35433634247675
0.0333465023129647 6.36253860937329
0.0333647294295447 6.37067698462344
0.0333829465941024 6.37875157745816
0.0334011538229215 6.38676249995522
0.0334193511322412 6.39470986691664
0.0334375385382568 6.40259379588661
0.0334557160571193 6.41041440713732
0.033473883704936 6.41817182356986
0.0334920414977704 6.42586617077599
0.0335101894516425 6.43349757692371
0.033528327582529 6.44106617277251
0.0335464559063635 6.44857209163121
0.0335645744390364 6.45601546932123
0.0335826831963952 6.46339644416539
0.0336007821942449 6.47071515694169
0.0336188714483478 6.47797175084871
0.0336369509744239 6.48516637147411
0.0336550207881509 6.49229916676774
0.0336730809051645 6.49937028705294
0.0336911313410584 6.50637988492332
0.0337091721113847 6.51332811523406
0.0337272032316539 6.52021513510728
0.0337452247173348 6.52704110388274
0.0337632365838551 6.53380618305343
0.0337812388466016 6.54051053628665
0.0337992315209196 6.54715432934409
0.0338172146221141 6.55373773012429
0.0338351881654491 6.5602609085258
0.0338531521661482 6.5667240365079
0.0338711066393946 6.57312728804424
0.0338890516003312 6.57947083903831
0.0339069870640611 6.58575486737347
0.0339249130456472 6.5919795527942
0.0339428295601126 6.59814507696077
0.0339607366224411 6.60425162336674
0.0339786342475767 6.61029937732556
0.0339965224504241 6.61628852595503
0.034014401245849 6.62221925807608
0.0340322706486779 6.6280917643033
0.0340501306736983 6.63390623692209
0.0340679813356593 6.63966286989335
0.0340858226492709 6.64536185879948
0.034103654629205 6.65100340086803
0.034121477290095 6.65658769487653
0.0341392906465361 6.6621149411641
0.0341570947130855 6.66758534161376
0.0341748895042625 6.67299909957822
0.0341926750345485 6.67835641988179
0.0342104513183873 6.68365750880672
0.0342282183701853 6.68890257401593
0.0342459762043114 6.69409182455313
0.0342637248350973 6.69922547083791
0.0342814642768377 6.70430372460135
0.0342991945437901 6.70932679885663
0.0343169156501755 6.71429490792433
0.0343346276101779 6.71920826732101
0.0343523304379449 6.72406709380726
0.0343700241475876 6.72887160531146
0.0343877087531808 6.73362202091621
0.0344053842687631 6.73831856086253
0.0344230507083372 6.74296144645943
0.0344407080858697 6.74755090012925
0.0344583564152915 6.75208714530193
0.034475995710498 6.75657040646577
0.0344936259853487 6.76100090909097
0.034511247253668 6.7653788796102
0.034528859529245 6.76970454541557
0.0345464628258335 6.77397813481335
0.0345640571571523 6.7781998770074
0.0345816425368856 6.78237000205298
0.0345992189786824 6.78648874083829
0.0346167864961573 6.79055632509803
0.0346343451028903 6.79457298735523
0.0346518948124271 6.79853896086113
0.0346694356382788 6.80245447963832
0.0346869675939227 6.80631977843422
0.034704490692802 6.81013509264537
0.0347220049483257 6.81390065837635
0.0347395103738694 6.81761671235278
0.0347570069827746 6.82128349193171
0.0347744947883496 6.82490123503754
0.034791973803869 6.82847018019739
0.0348094440425743 6.83199056647092
0.0348269055176735 6.83546263343649
0.0348443582423418 6.83888662120634
0.0348618022297212 6.84226277031733
0.034879237492921 6.845591321791
0.0348966640450176 6.84887251710138
0.0349140818990549 6.8521065980811
0.0349314910680441 6.85529380699798
0.0349488915649643 6.8584343864714
0.034966283402762 6.86152857943906
0.0349836665943516 6.86457662918928
0.0350010411526156 6.86757877930846
0.0350184070904043 6.87053527366149
0.0350357644205364 6.87344635636561
0.0350531131557985 6.87631227177284
0.035070453308946 6.87913326446381
0.0350877848927024 6.88190957920324
0.0351051079197602 6.88464146092208
0.0351224224027802 6.88732915473505
0.0351397283543922 6.8899729058603
0.035157025787195 6.89257295967293
0.0351743147137561 6.89512956160409
0.0351915951466126 6.8976429571794
0.0352088670982705 6.90011339197234
0.0352261305812051 6.90254111161294
0.0352433856078613 6.90492636173288
0.0352606321906536 6.9072693879759
0.0352778703419661 6.90957043595758
0.0352951000741525 6.91182975126303
0.0353123213995366 6.91404757943842
0.0353295343304119 6.91622416592478
0.0353467388790423 6.91835975610419
0.0353639350576616 6.92045459524314
0.035381122878474 6.92250892848247
0.035398302353654 6.92452300080604
0.0354154734953465 6.92649705708084
0.0354326363156673 6.92843134193649
0.0354497908267024 6.93032609988296
0.035466937040509 6.93218157517638
0.0354840749691149 6.93399801185745
0.035501204624519 6.935775653739
0.0355183260186911 6.93751474435368
0.0355354391635724 6.93921552699488
0.0355525440710753 6.94087824463701
0.0355696407530833 6.94250313999042
0.0355867292214517 6.94409045542455
0.0356038094880072 6.94564043298381
0.0356208815645482 6.94715331435587
0.0356379454628446 6.94862934088522
0.0356550011946385 6.95006875353628
0.0356720487716437 6.95147179289859
0.035689088205546 6.95283869912346
0.0357061195080036 6.95416971198742
0.0357231426906465 6.95546507080594
0.0357401577650773 6.95672501446551
0.0357571647428709 6.95794978141416
0.0357741636355746 6.95913960959675
0.0357911544547085 6.96029473650701
0.0358081372117652 6.96141539913122
0.0358251119182101 6.96250183395337
0.0358420785854814 6.96355427694745
0.0358590372249903 6.96457296354237
0.035875987848121 6.96555812862578
0.0358929304662308 6.96651000654217
0.0359098650906504 6.96742883108219
0.0359267917326835 6.96831483543676
0.0359437104036073 6.96916825222354
0.0359606211146726 6.96998931345712
0.0359775238771036 6.97077825055146
0.0359944187020982 6.97153529429271
0.036011305600828 6.97226067484863
0.0360281845844385 6.97295462172665
0.0360450556640491 6.97361736380893
0.0360619188507529 6.97424912930223
0.0360787741556176 6.97485014575863
0.0360956215896847 6.97542064004766
0.0361124611639699 6.97596083834479
0.0361292928894635 6.97647096613999
0.0361461167771299 6.9769512482022
0.0361629328379083 6.97740190858669
0.0361797410827123 6.97782317064584
0.0361965415224302 6.9782152569899
0.036213334167925 6.97857838949018
0.0362301190300346 6.97891278925776
0.0362468961195717 6.9792186766611
0.0362636654473241 6.97949627130443
0.0362804270240547 6.97974579202743
0.0362971808605014 6.97996745686488
0.0363139269673773 6.98016148309805
0.0363306653553711 6.9803280872133
0.0363473960351466 6.9804674848626
0.0363641190173433 6.98057989093232
0.0363808343125759 6.98066551946322
0.0363975419314351 6.98072458369292
0.0364142418844871 6.98075729601865
0.0364309341822739 6.98076386804201
0.0364476188353135 6.98074451047711
0.0364642958540996 6.98069943322293
0.0364809652491021 6.98062884533053
0.036497627030767 6.98053295497042
0.0365142812095163 6.98041196947482
0.0365309277957483 6.98026609530215
0.0365475667998378 6.98009553803483
0.0365641982321358 6.97990050238575
0.0365808221029698 6.97968119218579
0.0365974384226439 6.97943781035687
0.0366140472014387 6.97917055896237
0.0366306484496117 6.97887963915497
0.036647242177397 6.97856525118574
0.0366638283950056 6.97822759440575
0.0366804071126254 6.97786686724726
0.0366969783404213 6.97748326724476
0.0367135420885352 6.97707699100903
0.0367300983670863 6.97664823424014
0.0367466471861707 6.97619719168738
0.0367631885558621 6.97572405719947
0.0367797224862113 6.97522902370345
0.0367962489872468 6.97471228316095
0.0368127680689743 6.97417402661425
0.0368292797413772 6.9736144441708
0.0368457840144165 6.97303372497928
0.0368622808980309 6.9724320572624
0.0368787704021369 6.97180962828317
0.0368952525366288 6.97116662437987
0.0369117273113788 6.97050323089274
0.0369281947362372 6.96981963225011
0.0369446548210322 6.96911601190058
0.0369611075755702 6.96839255234211
0.0369775530096358 6.96764943511737
0.0369939911329916 6.96688684077868
0.037010421955379 6.96610494897204
0.0370268454865173 6.96530393832456
0.0370432617361045 6.96448398649788
0.0370596707138172 6.96364527022985
0.0370760724293104 6.9627879652485
0.0370924668922178 6.96191224632813
0.0371088541121519 6.96101828727365
0.0371252340987039 6.9601062609
0.0371416068614439 6.95917633907864
0.037157972409921 6.95822869267412
0.0371743307536629 6.95726349160146
0.0371906819021769 6.95628090478996
0.037207025864949 6.955281100198
0.0372233626514446 6.95426424481279
0.0372396922711081 6.95323050463117
0.0372560147333635 6.95218004467094
0.0372723300476139 6.95111302900441
0.037288638223242 6.95002962070732
0.03730493926961 6.94892998186247
0.0373212331960594 6.94781427359954
0.0373375200119117 6.94668265608325
0.0373537997264678 6.94553528848215
0.0373700723490084 6.94437232898406
0.0373863378887941 6.94319393484137
0.0374025963550653 6.94200026228454
0.0374188477570421 6.94079146659223
0.0374350921039251 6.93956770208649
0.0374513294048945 6.93832912210896
0.0374675596691108 6.93707587900215
0.0374837829057145 6.9358081241849
0.0374999991238266 6.93452600808514
0.0375162083325483 6.93322968016723
0.0375324105409609 6.9319192889268
0.0375486057581264 6.93059498190302
0.0375647939930871 6.92925690566213
0.0375809752548659 6.92790520582122
0.0375971495524664 6.92654002701572
0.0376133168948725 6.92516151295585
0.0376294772910492 6.92376980636559
0.0376456307499419 6.92236504903754
0.0376617772804771 6.92094738179599
0.0376779168915621 6.91951694451376
0.037694049592085 6.91807387612363
0.0377101753909149 6.91661831460898
0.0377262942969022 6.91515039700871
0.0377424063188781 6.91367025939736
0.0377585114656551 6.91217803694157
0.037774609746027 6.91067386384758
0.0377907011687686 6.90915787340213
0.0378067857426363 6.90763019793164
0.0378228634763677 6.90609096887114
0.037838934378682 6.90454031667823
0.0378549984582797 6.90297837092164
0.0378710557238431 6.90140526023021
0.0378871061840358 6.89982111229912
0.0379031498475032 6.89822605392959
0.0379191867228725 6.89662021099582
0.0379352168187525 6.89500370844831
0.037951240143734 6.89337667035068
0.0379672567063896 6.8917392198188
0.0379832665152736 6.89009147910692
0.0379992695789227 6.88843356954352
0.0380152659058552 6.88676561156523
0.0380312555045719 6.88508772469884
0.0380472383835554 6.88340002759838
0.0380632145512706 6.88170263800544
0.0380791840161647 6.87999567279837
0.0380951467866673 6.87827924794701
0.03811110287119 6.8765534785554
0.0381270522781271 6.87481847884708
0.0381429950158553 6.87307436217416
0.0381589310927336 6.87132124100279
0.0381748605171039 6.86955922696174
0.0381907832972904 6.86778843077933
0.0382066994416001 6.86600896233792
0.0382226089583226 6.86422093067138
0.0382385118557305 6.86242444395616
0.0382544081420788 6.86061960950881
0.0382702978256057 6.85880653380412
0.0382861809145323 6.85698532246054
0.0383020574170623 6.85515608027953
0.0383179273413829 6.85331891121873
0.0383337906956639 6.85147391839236
0.0383496474880586 6.84962120408647
0.038365497726703 6.84776086976827
0.0383813414197168 6.84589301608334
0.0383971785752026 6.84401774285899
0.0384130092012464 6.84213514910749
0.0384288333059176 6.84024533302032
0.0384446508972689 6.83834839198956
0.0384604619833364 6.83644442261692
0.0384762665721399 6.83453352068714
0.0384920646716825 6.83261578118334
0.0385078562899511 6.83069129832296
0.038523641434916 6.82876016551022
0.0385394201145314 6.8268224753754
0.0385551923367351 6.82487831977174
0.0385709581094486 6.82292778978768
0.0385867174405773 6.82097097569987
0.0386024703380106 6.81900796705596
0.0386182168096217 6.81703885263089
0.0386339568632675 6.81506372042667
0.0386496905067894 6.81308265769653
0.0386654177480124 6.81109575093924
0.0386811385947459 6.80910308590495
0.0386968530547832 6.80710474760176
0.038712561135902 6.80510082030407
0.038728262845864 6.80309138753294
0.0387439581924154 6.80107653209103
0.0387596471832865 6.7990563360451
0.0387753298261922 6.7970308807533
0.0387910061288316 6.79500024681728
0.0388066760988883 6.79296451415704
0.0388223397440304 6.79092376198302
0.0388379970719107 6.7888780687656
0.0388536480901663 6.78682751230195
0.0388692928064191 6.78477216967738
0.0388849312282756 6.78271211727821
0.0389005633633271 6.78064743080345
0.0389161892191495 6.77857818525558
0.0389318088033036 6.77650445498143
0.0389474221233351 6.77442631361188
0.0389630291867745 6.77234383413413
0.0389786300011372 6.77025708884209
0.0389942245739235 6.76816614936855
0.039009812912619 6.7660710866864
0.039025395024694 6.76397197112054
0.0390409709176041 6.76186887231919
0.03905654059879 6.75976185929448
0.0390721040756775 6.75765100040734
0.0390876613556778 6.75553636337444
0.039103212446187 6.75341801527507
0.0391187573545869 6.75129602256225
0.0391342960882445 6.74917045105725
0.039149828654512 6.74704136594546
0.0391653550607273 6.7449088318014
0.0391808753142135 6.74277291257494
0.0391963894222795 6.74063367159892
0.0392118973922194 6.73849117161363
0.0392273992313131 6.73634547473218
0.0392428949468262 6.73419664247355
0.0392583845460097 6.73204473577151
0.0392738680361004 6.72988981494761
0.039289345424321 6.72773193974495
0.0393048167178799 6.72557116932801
0.0393202819239711 6.72340756226178
0.0393357410497747 6.72124117655535
0.0393511941024566 6.71907206962384
0.0393666410891688 6.71690029831799
0.039382082017049 6.71472591893883
0.0393975168932211 6.71254898721111
0.0394129457247951 6.7103695583045
0.0394283685188668 6.70818768684209
0.0394437852825184 6.70600342688653
0.0394591960228182 6.70381683195877
0.0394746007468207 6.70162795504367
0.0394899994615666 6.69943684858127
0.0395053921740829 6.69724356448929
0.039520778891383 6.69504815414787
0.0395361596204664 6.69285066840624
0.0395515343683193 6.69065115760241
0.0395669031419142 6.68844967154377
0.03958226594821 6.6862462595369
0.0395976227941521 6.68404097037552
0.0396129736866726 6.68183385233928
0.03962831863269 6.67962495320323
0.0396436576391096 6.67741432025779
0.039658990712823 6.6752020002916
0.0396743178607088 6.6729880395877
0.0396896390896323 6.67077248396574
0.0397049544064454 6.66855537874679
0.0397202638179869 6.6663367687764
0.0397355673310824 6.66411669842481
0.0397508649525442 6.66189521157864
0.0397661566891719 6.65967235167536
0.0397814425477516 6.65744816165763
0.0397967225350567 6.6552226840478
0.0398119966578473 6.65299596086938
0.0398272649228707 6.65076803371251
0.0398425273368614 6.64853894372092
0.0398577839065407 6.64630873158636
0.0398730346386173 6.64407743754116
0.039888279539787 6.64184510139897
0.0399035186167327 6.63961176253472
0.0399187518761248 6.63737745987316
0.0399339793246206 6.63514223192969
0.039949200968865 6.63290611679577
0.0399644168154903 6.63066915210883
0.0399796268711159 6.62843137513104
0.0399948311423488 6.62619282267433
0.0400100296357834 6.62395353115682
0.0400252223580017 6.62171353658549
0.0400404093155729 6.6194728745623
0.0400555905150541 6.61723158027839
0.0400707659629898 6.61498968854094
0.0400859356659121 6.61274723375205
0.0401010996303409 6.61050424993413
0.0401162578627835 6.60826077070948
0.0401314103697351 6.60601682931595
0.0401465571576787 6.60377245860611
0.0401616982330849 6.60152769107067
0.0401768336024123 6.59928255882407
0.0401919632721072 6.59703709358425
0.0402070872486038 6.59479132672367
0.0402222055383241 6.59254528924955
0.0402373181476783 6.59029901179387
0.0402524250830644 6.58805252463646
0.0402675263508683 6.58580585770057
0.0402826219574641 6.58355904056408
0.040297711909214 6.58131210244248
0.040312796212468 6.57906507221209
0.0403278748735646 6.5768179784064
0.0403429478988302 6.57457084921204
0.0403580152945794 6.57232371248628
0.0403730770671152 6.57007659575119
0.0403881332227286 6.56782952620159
0.0404031837676992 6.56558253068144
0.0404182287082944 6.5633356357429
0.0404332680507705 6.56108886758669
0.0404483018013719 6.55884225211556
0.0404633299663313 6.5565958149023
0.04047835255187 6.55434958121219
0.0404933695641978 6.55210357599728
0.0405083810095128 6.54985782390268
0.0405233868940017 6.54761234926811
0.0405383872238398 6.54536717614323
0.040553382005191 6.54312232825157
0.0405683712442076 6.54087782904033
0.0405833549470309 6.53863370166801
0.0405983331197906 6.53638996898542
0.0406133057686051 6.53414665356092
0.0406282728995816 6.53190377768499
0.040643234518816 6.52966136335363
0.0406581906323931 6.5274194322893
0.0406731412463864 6.52517800593339
0.0406880863668583 6.52293710546465
0.04070302599986 6.52069675177774
0.0407179601514317 6.51845696548937
0.0407328888276025 6.51621776697671
0.0407478120343903 6.51397917632357
0.0407627297778022 6.51174121337049
0.0407776420638343 6.50950389769694
0.0407925488984715 6.50726724861598
0.040807450287688 6.50503128519682
0.0408223462374471 6.50279602625532
0.0408372367537011 6.50056149034327
0.0408521218423916 6.49832769578041
0.0408670015094491 6.4960946606526
0.0408818757607936 6.49386240277251
0.0408967446023342 6.49163093974768
0.0409116080399693 6.48940028892272
0.0409264660795866 6.48717046741903
0.0409413187270631 6.48494149211993
0.0409561659882652 6.48271337968836
0.0409710078690484 6.48048614654545
0.040985844375258 6.47825980890082
0.0410006755127285 6.47603438273369
0.0410155012872838 6.47380988380651
0.0410303217047374 6.47158632765434
0.0410451367708923 6.46936372960165
0.041059946491541 6.46714210475723
0.0410747508724656 6.46492146801982
0.0410895499194375 6.46270183407758
0.0411043436382183 6.46048321741077
0.0411191320345586 6.45826563229728
0.041133915114199 6.45604909279894
0.0411486928828699 6.45383361279526
0.041163465346291 6.45161920594886
0.0411782325101722 6.44940588573329
0.0411929943802129 6.44719366542859
0.0412077509621022 6.44498255812047
0.0412225022615194 6.44277257670044
0.0412372482841332 6.44056373387094
0.0412519890356026 6.43835604214805
0.041266724521576 6.43614951387392
0.0412814547476921 6.43394416118565
0.0412961797195795 6.43173999605959
0.0413108994428566 6.42953703027537
0.0413256139231319 6.42733527545218
0.041340323166004 6.42513474302085
0.0413550271770614 6.42293544424122
0.0413697259618826 6.42073739020992
0.0413844195260365 6.41854059184519
0.0413991078750819 6.41634505990191
0.0414137910145677 6.41415080496682
0.041428468950033 6.41195783745223
0.0414431416870073 6.40976616762592
0.04145780923101 6.40757580558567
0.041472471587551 6.40538676126596
0.0414871287621302 6.4031990444466
0.0415017807602381 6.40101266476046
0.0415164275873552 6.39882763167764
0.0415310692489526 6.39664395451068
0.0415457057504916 6.39446164243846
0.041560337097424 6.39228070447652
0.0415749632951918 6.39010114950016
0.0415895843492277 6.38792298623302
0.0416042002649546 6.38574622326874
0.041618811047786 6.38357086903538
0.041633416703126 6.38139693183811
0.0416480172363691 6.37922441983921
0.0416626126529004 6.37705334106759
0.0416772029580954 6.37488370339786
0.0416917881573204 6.37271551459464
0.0417063682559324 6.37054878227492
0.0417209432592786 6.36838351392035
0.0417355131726974 6.36621971689788
0.0417500780015176 6.36405739843206
0.0417646377510587 6.36189656563325
0.0417791924266309 6.3597372254687
0.0417937420335353 6.35757938480042
0.0418082865770638 6.3554230503525
0.0418228260624989 6.35326822872932
0.0418373604951141 6.35111492643683
0.0418518898801736 6.34896314983116
0.0418664142229326 6.34681290517041
0.041880933528637 6.34466419858877
0.0418954478025238 6.34251703611626
0.041909957049821 6.340371423659
0.0419244612757472 6.33822736701308
0.0419389604855124 6.3360848718714
0.0419534546843172 6.3339439438019
0.0419679438773536 6.33180458829808
0.0419824280698042 6.32966681070534
0.0419969072668432 6.32753061629143
0.0420113814736354 6.32539601020425
0.042025850695337 6.32326299749459
0.0420403149370951 6.32113158312133
0.0420547742040483 6.31900177193365
0.042069228501326 6.31687356868006
0.0420836778340489 6.31474697801243
0.042098122207329 6.31262200448784
0.0421125616262696 6.3104986525688
0.042126996095965 6.30837692661723
0.0421414256215009 6.30625683091392
0.0421558502079544 6.30413836962879
0.0421702698603938 6.30202154685694
0.0421846845838788 6.29990636659621
0.0421990943834603 6.29779283276081
0.0422134992641808 6.29568094917111
0.0422278992310741 6.29357071956596
0.0422422942891654 6.29146214759503
0.0422566844434713 6.28935523682099
0.0422710696990001 6.28724999072291
0.0422854500607512 6.28514641270737
0.0422998255337158 6.28304450609528
0.0423141961228766 6.28094427411692
0.0423285618332076 6.27884571993413
0.0423429226696747 6.27674884662667
0.0423572786372352 6.27465365720068
0.0423716297408379 6.27256015458054
0.0423859759854234 6.27046834161047
0.0424003173759238 6.26837822107485
0.0424146539172631 6.26628979567627
0.0424289856143567 6.26420306803824
0.0424433124721119 6.26211804072864
0.0424576344954277 6.26003471622195
0.0424719516891946 6.25795309694396
0.0424862640582951 6.25587318524441
0.0425005716076035 6.25379498338996
0.0425148743419858 6.2517184936071
0.0425291722662998 6.24964371803948
0.0425434653853952 6.24757065876866
0.0425577537041136 6.24549931780528
0.0425720372272883 6.24342969710379
0.0425863159597446 6.24136179855321
0.0426005899062997 6.23929562398781
0.0426148590717629 6.23723117516321
0.0426291234609352 6.23516845379055
0.0426433830786096 6.23310746151145
0.0426576379295713 6.23104819991389
0.0426718880185973 6.22899067052298
0.0426861333504566 6.22693487480693
0.0427003739299105 6.22488081418749
0.0427146097617121 6.2228284900222
0.0427288408506067 6.22077790361074
0.0427430672013317 6.21872905619964
0.0427572888186165 6.21668194898521
0.0427715057071829 6.2146365831089
0.0427857178717446 6.21259295965885
0.0427999253170076 6.21055107968043
0.04281412804767 6.20851094414629
0.0428283260684222 6.20647255400632
0.0428425193839469 6.20443591014134
0.0428567079989187 6.20240101339214
0.042870891918005 6.20036786454344
0.042885071145865 6.19833646434603
0.0428992456871504 6.19630681348891
0.0429134155465053 6.19427891262808
0.0429275807285659 6.19225276236649
0.0429417412379611 6.19022836325557
0.0429558970793117 6.18820571582298
0.0429700482572314 6.18618482053013
0.0429841947763259 6.18416567780885
0.0429983366411936 6.18214828804205
0.0430124738564251 6.18013265157942
0.0430266064266037 6.17811876872003
0.043040734356305 6.17610663972354
0.0430548576500971 6.17409626481958
0.0430689763125408 6.17208764417836
0.0430830903481891 6.17008077794966
0.0430971997615879 6.16807566623889
0.0431113045572754 6.16607230911583
0.0431254047397825 6.16407070660385
0.0431395003136326 6.16207085870001
0.043153591283342 6.16007276536409
0.0431676776534191 6.15807642650616
0.0431817594283655 6.15608184202485
0.0431958366126751 6.15408901176432
0.0432099092108346 6.15209793553635
0.0432239772273234 6.15010861313297
0.0432380406666136 6.14812104430019
0.0432520995331701 6.14613522875918
0.0432661538314505 6.14415116619207
0.043280203565905 6.14216885625013
0.0432942487409768 6.14018829855596
0.0433082893611018 6.13820949269839
0.0433223254307088 6.13623243824897
0.0433363569542193 6.13425713472726
0.0433503839360476 6.13228358163797
0.0433644063806012 6.13031177846075
0.0433784242922801 6.12834172463275
0.0433924376754773 6.12637341956963
0.0434064465345788 6.12440686265942
0.0434204508739635 6.12244205326774
0.0434344506980031 6.120478990721
0.0434484460110624 6.11851767433287
0.0434624368174992 6.11655810338636
0.0434764231216641 6.11460027713914
0.043490404927901 6.112644194819
0.0435043822405465 6.11068985562542
0.0435183550639304 6.1087372587462
0.0435323234023756 6.106786403346
0.043546287260198 6.10483728854614
0.0435602466417065 6.10288991346989
0.0435742015512032 6.10094427719345
0.0435881519929834 6.09900037878881
0.0436020979713353 6.09705821730065
0.0436160394905405 6.09511779174752
0.0436299765548735 6.09317910112064
0.0436439091686021 6.09124214441466
0.0436578373359874 6.08930692057911
0.0436717610612835 6.08737342855563
0.0436856803487379 6.08544166725415
0.0436995952025911 6.08351163558005
0.0437135056270772 6.0815833324073
0.0437274116264233 6.0796567565987
0.0437413132048498 6.07773190698774
0.0437552103665704 6.07580878240102
0.0437691031157923 6.07388738164686
0.0437829914567158 6.07196770350334
0.0437968753935347 6.07004974674165
0.0438107549304359 6.06813351010867
0.0438246300716 6.06621899234635
0.0438385008212008 6.06430619216939
0.0438523671834056 6.06239510827161
0.0438662291623748 6.06048573934987
0.0438800867622627 6.05857808406524
0.0438939399872168 6.05667214107396
0.0439077888413779 6.05476790901296
0.0439216333288806 6.05286538650435
0.0439354734538528 6.05096457215964
0.0439493092204159 6.04906546457333
0.0439631406326848 6.0471680623164
0.0439769676947681 6.04527236397211
0.0439907904107677 6.04337836807209
0.0440046087847793 6.04148607316945
0.0440184228208919 6.03959547778861
0.0440322325231882 6.03770658043608
0.0440460378957448 6.03581937961631
0.0440598389426313 6.03393387381649
0.0440736356679115 6.03205006151092
0.0440874280756426 6.03016794116587
0.0441012161698753 6.02828751122129
0.0441149999546543 6.02640877013077
0.0441287794340178 6.02453171631342
0.0441425546119977 6.02265634819525
0.0441563254926196 6.0207826641805
0.0441700920799029 6.01891066265967
0.0441838543778606 6.01704034202123
0.0441976123904997 6.01517170063999
0.0442113661218207 6.0133047368846
0.044225115575818 6.01143944910779
0.0442388607564798 6.00957583565127
0.044252601667788 6.00771389485218
0.0442663383137186 6.0058536250399
0.0442800706982411 6.00399502453371
0.044293798825319 6.00213809163583
0.0443075226989097 6.00028282465573
0.0443212423229644 5.99842922187906
0.0443349577014282 5.99657728159077
0.0443486688382401 5.99472700206182
0.044362375737333 5.99287838156344
0.0443760784026337 5.99103141835209
0.0443897768380631 5.9891861106861
0.0444034710475359 5.98734245680105
0.0444171610349608 5.9855004549413
0.0444308468042404 5.98366010333382
0.0444445283592715 5.98182140019468
0.0444582057039447 5.97998434375196
0.0444718788421448 5.97814893221059
0.0444855477777503 5.97631516376579
0.0444992125146341 5.97448303662916
0.0445128730566631 5.97265254897655
0.0445265294076981 5.97082369899373
0.044540181571594 5.96899648486379
0.0445538295522 5.96717090476065
0.0445674733533592 5.96534695684667
0.0445811129789089 5.96352463928727
0.0445947484326805 5.96170395023519
0.0446083797184996 5.95988488784498
0.0446220068401859 5.95806745026311
0.0446356298015533 5.95625163562055
0.0446492486064099 5.95443744206506
0.044662863258558 5.9526248677241
0.044676473761794 5.95081391072662
0.0446900801199085 5.94900456919269
0.0447036823366866 5.9471968412402
0.0447172804159075 5.94539072498447
0.0447308743613444 5.94358621853208
0.0447444641767652 5.9417833199945
0.0447580498659317 5.93998202747159
0.0447716314326003 5.93818233905958
0.0447852088805216 5.9363842528602
0.0447987822134403 5.93458776695805
0.0448123514350958 5.93279287944787
0.0448259165492215 5.9309995884095
0.0448394775595454 5.92920789192477
0.0448530344697897 5.92741778807385
0.0448665872836712 5.92562927493383
0.0448801360049008 5.92384235057581
0.0448936806371839 5.92205701307192
0.0449072211842205 5.92027326048863
0.0449207576497048 5.9184910908898
0.0449342900373254 5.91671050234009
0.0449478183507656 5.9149314929029
0.0449613425937029 5.91315406063043
0.0449748627698095 5.91137820357679
0.0449883788827519 5.90960391980346
0.0450018909361912 5.90783120735536
0.0450153989337829 5.90606006429095
0.045028902879177 5.90429048865247
0.0450424027760184 5.90252247848731
0.045055898627946 5.90075603184067
0.0450693904385935 5.8989911467517
0.0450828782115893 5.89722782126871
0.0450963619505562 5.89546605343176
0.0451098416591116 5.89370584127612
0.0451233173408675 5.89194718284026
0.0451367889994305 5.89019007616335
0.045150256638402 5.88843451927968
0.0451637202613777 5.88668051021994
0.0451771798719482 5.88492804702612
0.0451906354736986 5.88317712772864
0.0452040870702089 5.88142775035387
0.0452175346650535 5.87967991293479
0.0452309782618016 5.87793361350972
0.0452444178640172 5.87618885010331
0.0452578534752587 5.8744456207411
0.0452712850990796 5.87270392345887
0.0452847127390279 5.87096375628153
0.0452981363986464 5.86922511723813
0.0453115560814726 5.86748800435735
0.0453249717910389 5.86575241567027
0.0453383835308723 5.86401834920163
0.0453517913044947 5.86228580297835
0.0453651951154228 5.86055477502755
0.045378594967168 5.85882526338051
0.0453919908632367 5.85709726606643
0.0454053828071299 5.85537078110872
0.0454187708023436 5.85364580653811
0.0454321548523687 5.85192234037786
0.0454455349606907 5.85020038066364
0.0454589111307902 5.84847992541882
0.0454722833661426 5.84676097267779
0.0454856516702182 5.84504352047062
0.0454990160464823 5.84332756682384
0.0455123764983949 5.84161310977055
0.0455257330294112 5.83990014734148
0.0455390856429809 5.83818867757189
0.0455524343425492 5.83647869849209
0.0455657791315559 5.83477020813783
0.0455791200134357 5.83306320454119
0.0455924569916186 5.83135768574127
0.0456057900695293 5.82965364976806
0.0456191192505875 5.82795109466826
0.0456324445382082 5.82625001847147
0.0456457659358011 5.82455041921912
0.045659083446771 5.82285229495482
0.0456723970745179 5.82115564371573
0.0456857068224366 5.81946046354567
0.0456990126939172 5.81776675248929
0.0457123146923446 5.81607450858816
0.0457256128210991 5.8143837298908
0.0457389070835557 5.81269441444881
0.0457521974830848 5.81100656030195
0.0457654840230518 5.80932016550649
0.0457787667068173 5.80763522811124
0.0457920455377369 5.80595174616689
0.0458053205191613 5.80426971773046
0.0458185916544366 5.80258914085673
0.0458318589469037 5.80091001360743
0.045845122399899 5.79923233403596
0.0458583820167539 5.79755610020152
0.045871637800795 5.79588131017143
0.0458848897553441 5.79420796200645
0.0458981378837182 5.79253605376879
0.0459113821892295 5.79086558352983
0.0459246226751856 5.78919654935523
0.0459378593448891 5.7875289493132
0.0459510922016378 5.78586278148033
0.0459643212487251 5.78419804392624
0.0459775464894393 5.78253473473453
0.0459907679270642 5.78087285196917
0.0460039855648788 5.77921239372059
0.0460171994061572 5.7775533580678
0.0460304094541693 5.77589574309381
0.0460436157121797 5.77423954688299
0.0460568181834488 5.7725847675212
0.0460700168712321 5.77093140309873
0.0460832117787805 5.76927945170624
0.0460964029093402 5.76762891143623
0.0461095902661528 5.76597978038445
0.0461227738524553 5.76433205664772
0.0461359536714799 5.7626857383281
0.0461491297264544 5.76104082352324
0.046162302020602 5.75939731033791
0.046175470557141 5.75775519687777
0.0461886353392855 5.75611448124937
0.0462017963702447 5.75447516156405
0.0462149536532235 5.75283723593644
0.046228107191422 5.75120070247809
0.046241256988036 5.74956555930723
0.0462544030462565 5.7479318045424
0.0462675453692702 5.74629943630235
0.046280683960259 5.74466845271327
0.0462938188224005 5.74303885190063
0.0463069499588678 5.74141063199047
0.0463200773728294 5.73978379111605
0.0463332010674494 5.7381583274136
0.0463463210458873 5.73653423901052
0.0463594373112982 5.73491152404901
0.0463725498668328 5.73329018066461
0.0463856587156372 5.73167020700578
0.0463987638608532 5.73005160121613
0.0464118653056182 5.72843436143971
0.0464249630530649 5.72681848582637
0.0464380571063218 5.72520397252905
0.0464511474685131 5.72359081970309
0.0464642341427583 5.72197902550689
0.0464773171321727 5.72036858809842
0.0464903964398671 5.71875950563495
0.0465034720689482 5.71715177628768
0.0465165440225179 5.71554539822305
0.0465296123036742 5.7139403696105
0.0465426769155104 5.71233668861858
0.0465557378611155 5.71073435342104
0.0465687951435745 5.70913336220196
0.0465818487659676 5.70753371313603
0.046594898731371 5.70593540440844
0.0466079450428566 5.70433843420136
0.0466209877034918 5.70274280070496
0.0466340267163398 5.70114850210674
0.0466470620844597 5.69955553660072
0.046660093810906 5.69796390237935
0.0466731218987291 5.69637359764509
0.0466861463509753 5.69478462059817
0.0466991671706865 5.69319696944037
0.0467121843609002 5.6916106423788
0.0467251979246499 5.69002563761906
0.0467382078649648 5.68844195337555
0.04675121418487 5.68685958786077
0.0467642168873861 5.68527853929116
0.0467772159755298 5.68369880588886
0.0467902114523135 5.68212038587345
0.0468032033207454 5.68054327746451
0.0468161915838295 5.67896747889766
0.0468291762445658 5.67739298839932
0.0468421573059498 5.67581980420105
0.0468551347709733 5.67424792454069
0.0468681086426235 5.67267734765317
0.0468810789238839 5.67110807178133
0.0468940456177335 5.6695400951705
0.0469070087271474 5.66797341606373
0.0469199682550966 5.66640803271137
0.0469329242045479 5.66484394336444
0.0469458765784641 5.66328114627837
0.0469588253798037 5.66171963970856
0.0469717706115214 5.66015942191441
0.0469847122765676 5.6586004911616
0.0469976503778889 5.65704284571544
0.0470105849184276 5.65548648384155
0.0470235159011221 5.65393140381412
0.0470364433289066 5.65237760390267
0.0470493672047115 5.65082508238597
0.0470622875314629 5.6492738375435
0.0470752043120832 5.64772386765552
0.0470881175494905 5.64617517100894
0.0471010272465991 5.64462774588659
0.0471139334063192 5.64308159058553
0.0471268360315571 5.64153670339399
0.047139735125215 5.63999308260602
0.0471526306901912 5.6384507265238
0.0471655227293802 5.63690963344704
0.0471784112456721 5.63536980168169
0.0471912962419536 5.63383122953241
0.0472041777211071 5.63229391531126
0.0472170556860111 5.63075785732616
0.0472299301395403 5.62922305389554
0.0472428010845655 5.62768950333641
0.0472556685239534 5.62615720396905
0.047268532460567 5.62462615411937
0.0472813928972652 5.62309635210613
0.0472942498369033 5.62156779626689
0.0473071032823324 5.62004048492995
0.0473199532364 5.61851441642705
0.0473327997019495 5.61698958909963
0.0473456426818207 5.6154660012868
0.0473584821788493 5.61394365132895
0.0473713181958672 5.61242253757425
0.0473841507357027 5.6109026583694
0.04739697980118 5.60938401206561
0.0474098053951196 5.60786659701762
0.0474226275203382 5.60635041158223
0.0474354461796486 5.60483545411597
0.0474482613758598 5.60332172298251
0.0474610731117772 5.60180921654775
0.0474738813902022 5.60029793317966
0.0474866862139325 5.59878787124764
0.0474994875857621 5.59727902912617
0.0475122855084811 5.59577140518853
0.0475250799848759 5.59426499781502
0.0475378710177292 5.59275980538465
0.0475506586098199 5.59125582628598
0.0475634427639233 5.5897530589016
0.0475762234828106 5.5882515016229
0.0475890007692497 5.58675115284345
0.0476017746260047 5.58525201095549
0.0476145450558357 5.58375407436056
0.0476273120614994 5.58225734145501
0.0476400756457488 5.58076181064537
0.047652835811333 5.57926748033769
0.0476655925609977 5.57777434893937
0.0476783458974846 5.57628241486118
0.047691095823532 5.57479167652057
0.0477038423418745 5.57330213233238
0.0477165854552428 5.57181378071543
0.0477293251663644 5.57032662009395
0.0477420614779628 5.56884064889078
0.047754794392758 5.56735586553663
0.0477675239134663 5.56587226845834
0.0477802500428006 5.56438985609241
0.0477929727834698 5.56290862687214
0.0478056921381795 5.56142857923973
0.0478184081096318 5.55994971163216
0.0478311207005248 5.55847202249606
0.0478438299135533 5.55699551027782
0.0478565357514086 5.55552017342714
0.0478692382167781 5.5540460103965
0.047881937312346 5.55257301963847
0.0478946330407927 5.55110119961339
0.0479073254047951 5.54963054877853
0.0479200144070266 5.54816106559645
0.0479327000501571 5.54669274853685
0.0479453823368528 5.54522559606236
0.0479580612697766 5.5437596066482
0.0479707368515876 5.54229477876377
0.0479834090849417 5.54083111088872
0.0479960779724911 5.53936860149936
0.0480087435168845 5.5379072490792
0.0480214057207672 5.53644705211198
0.048034064586781 5.53498800908349
0.0480467201175641 5.53353011848278
0.0480593723157513 5.5320733787999
0.048072021183974 5.53061778853279
0.0480846667248601 5.5291633461789
0.048097308941034 5.52771005023555
0.0481099478351167 5.52625789920504
0.0481225834097257 5.52480689159332
0.0481352156674751 5.52335702590939
0.0481478446109756 5.52190830066098
0.0481604702428345 5.52046071436376
0.0481730925656555 5.51901426553071
0.0481857115820391 5.51756895268046
0.0481983272945824 5.5161247743342
0.0482109397058789 5.51468172901476
0.0482235488185188 5.51323981524789
0.0482361546350891 5.51179903156178
0.0482487571581732 5.5103593764871
0.0482613563903511 5.50892084855896
0.0482739523341996 5.50748344631138
0.0482865449922921 5.50604716828454
0.0482991343671986 5.5046120130178
0.0483117204614857 5.50317797905595
0.0483243032777167 5.5017450649476
0.0483368828184517 5.50031326923717
0.0483494590862472 5.49888259047926
0.0483620320836567 5.49745302722575
0.04837460181323 5.49602457803466
0.048387168277514 5.49459724146367
0.048399731479052 5.49317101607547
0.0484122914203842 5.49174590043472
0.0484248481040472 5.49032189310557
0.0484374015325746 5.48889899265684
0.0484499517084966 5.48747719766255
0.0484624986343402 5.48605650669299
0.0484750423126291 5.48463691833026
0.0484875827458836 5.48321843114952
0.048500119936621 5.48180104373233
0.0485126538873551 5.48038475466415
0.0485251846005966 5.4789695625308
0.048537712078853 5.47755546592005
0.0485502363246283 5.47614246342521
0.0485627573404236 5.4747305536384
0.0485752751287365 5.47331973515709
0.0485877896920617 5.47191000657941
0.0486003010328903 5.47050136650694
0.0486128091537105 5.46909381354314
0.0486253140570072 5.46768734629628
0.0486378157452621 5.46628196337201
0.0486503142209537 5.46487766338162
0.0486628094865573 5.46347444493959
0.048675301544545 5.46207230666236
0.048687790397386 5.46067124716842
0.0487002760475458 5.45927126507536
0.0487127584974873 5.45787235900868
0.04872523774967 5.4564745275937
0.0487377138065501 5.45507776945893
0.0487501866705808 5.45368208323283
0.0487626563442124 5.45228746754975
0.0487751228298916 5.45089392104467
0.0487875861300623 5.44950144235389
0.0488000462471652 5.44811003011896
0.0488125031836379 5.44671968298048
0.0488249569419148 5.44533039958465
0.0488374075244273 5.44394217857683
0.0488498549336037 5.4425550186071
0.0488622991718691 5.4411689183277
0.0488747402416457 5.43978387639246
0.0488871781453523 5.43839989145734
0.048899612885405 5.43701696218105
0.0489120444642166 5.43563508722543
0.0489244728841969 5.43425426525356
0.0489368981477526 5.43287449493123
0.0489493202572874 5.43149577492523
0.0489617392152019 5.43011810390718
0.0489741550238938 5.42874148054991
0.0489865676857574 5.42736590352815
0.0489989772031845 5.42599137151957
0.0490113835785633 5.42461788320299
0.0490237868142795 5.42324543726123
0.0490361869127154 5.42187403237826
0.0490485838762505 5.42050366724055
0.0490609777072612 5.41913434053679
0.0490733684081208 5.41776605095832
0.0490857559812 5.41639879719744
0.0490981404288661 5.41503257795158
0.0491105217534834 5.41366739191757
0.0491228999574137 5.41230323779561
0.0491352750430152 5.41094011428835
0.0491476470126436 5.4095780200995
0.0491600158686514 5.408216953938
0.0491723816133882 5.40685691451137
0.0491847442492007 5.40549790053169
0.0491971037784326 5.4041399107123
0.0492094602034246 5.40278294376927
0.0492218135265146 5.40142699841994
0.0492341637500374 5.40007207338563
0.0492465108763251 5.39871816738916
0.0492588549077066 5.39736527915387
0.0492711958465081 5.39601340740756
0.0492835336950529 5.39466255087956
0.0492958684556611 5.39331270830046
0.0493082001306502 5.39196387840433
0.0493205287223347 5.3906160599274
0.0493328542330263 5.3892692516068
0.0493451766650336 5.38792345218303
0.0493574960206624 5.38657866039816
0.0493698123022159 5.38523487499637
0.0493821255119939 5.38389209472486
0.0493944356522939 5.38255031833249
0.0494067427254101 5.38120954457012
0.049419046733634 5.37986977219076
0.0494313476792543 5.37853099994937
0.0494436455645569 5.3771932266033
0.0494559403918246 5.37585645091235
0.0494682321633377 5.37452067163829
0.0494805208813734 5.3731858875451
0.0494928065482061 5.37185209739793
0.0495050891661076 5.37051929996576
0.0495173687373467 5.36918749401818
0.0495296452641893 5.36785667832727
0.0495419187488988 5.36652685166809
0.0495541891937354 5.36519801281681
0.0495664566009569 5.36387016055212
0.049578720972818 5.36254329365468
0.0495909823115707 5.36121741090763
0.0496032406194644 5.35989251109525
0.0496154958987455 5.35856859300467
0.0496277481516576 5.35724565542533
0.0496399973804417 5.35592369714774
0.049652243587336 5.35460271696554
0.0496644867745759 5.35328271367412
0.049676726944394 5.35196368607045
0.0496889640990201 5.35064563295419
0.0497011982406816 5.34932855312633
0.0497134293716027 5.34801244539068
0.0497256574940051 5.34669730855289
0.0497378826101079 5.34538314142008
0.0497501047221271 5.34406994280258
0.0497623238322764 5.34275771151142
0.0497745399427664 5.34144644636061
0.0497867530558053 5.34013614616542
0.0497989631735984 5.33882680974384
0.0498111702983484 5.33751843591584
0.0498233744322552 5.3362110235029
0.0498355755775161 5.33490457132886
0.0498477737363257 5.33359907821935
0.0498599689108758 5.33229454300226
0.0498721611033558 5.33099096450727
0.049884350315952 5.32968834156591
0.0498965365508484 5.32838667301234
0.0499087198102261 5.32708595768201
0.0499209000962638 5.32578619441254
0.0499330774111373 5.32448738204365
0.0499452517570198 5.3231895194171
0.0499574231360819 5.32189260537626
0.0499695915504915 5.32059663876694
0.049981757002414 5.3193016184365
0.049993919494012 5.31800754323436
