0 974.887339333855
0.00349215147884789 974.887339333855
0.00493864798324795 974.887339333852
0.00604858378909134 974.887339333825
0.00698430295769578 974.887339333673
0.0078086880944303 974.887339333
0.00855398922768302 974.887339330535
0.00923936435359796 974.88733932269
0.0098772959664959 974.887339300358
0.0104764544365437 974.887339242332
0.0110431526074847 974.887339102644
0.0115821561664232 974.887338787595
0.0120971675781827 974.887338116068
0.0125911312186735 974.887336753908
0.0130664343765648 974.887334109586
0.0135250445200115 974.887329174009
0.0139686059153916 974.887320282315
0.0143985094079468 974.887304769841
0.0148159439497438 974.887278488445
0.0152219353918341 974.887235143277
0.0156173761888606 974.887165404301
0.0160030484900724 974.887055741852
0.0163796423320788 974.886886931749
0.0167477701464419 974.886632173499
0.017107978455366 974.886254765466
0.0174607573942395 974.88570528394
0.0178065485350673 974.884918219268
0.018145751367274 974.883808031796
0.0184787287071959 974.882264603436
0.0188058112450744 974.88014807712
0.0191273013919002 974.877283095978
0.0194434765535334 974.873452476277
0.0197545919329918 974.868390372337
0.0200608829414421 974.861775017019
0.0203625672826749 974.853221146931
0.0206598467635334 974.842272246272
0.0209529088730873 974.828392766077
0.0212419281656615 974.810960495522
0.0215270674766988 974.789259277838
0.0218084789955091 974.762472274433
0.0220863052149693 974.729675986266
0.0223606797749979 974.689835240781
0.0226317282139747 974.64179934558
0.0228995686400954 974.584299596353
0.0231643123328464 974.515948306554
0.0234260642832909 974.435239500491
0.0236849236806053 974.340551380312
0.0239409843512609 974.230150641929
0.0241943351563654 974.102198676065
0.0244450603519352 973.95475964959
0.0246932399162397 973.785810420313
0.0249389498478223 973.593252196707
0.0251822624373469 973.374923813873
0.0254232465160261 973.128616459605
0.025661967683049 972.852089650704
0.0258984885141406 972.54308823076
0.0261328687531295 972.199360137073
0.0263651654881875 971.818674666922
0.0265954333142126 971.398840962308
0.0268237244826656 970.937726427805
0.027050089040023 970.433274798127
0.0272745749558887 969.883523580363
0.0274972282416903 969.286620610007
0.0277180930607939 968.640839479441
0.0279372118307831 967.944593621709
0.0281546253185737 967.196448860508
0.0283703727289665 966.395134268357
0.0285844917871861 965.539551208223
0.0287970188158935 964.628780468341
0.0290079888071225 963.662087434896
0.0292174354895389 962.638925281713
0.0294253913913916 961.558936189389
0.0296318878994877 960.421950637727
0.0298369553144925 959.227984844276
0.0300406229028335 957.977236447842
0.0302429189454567 956.670078558512
0.0304438707836681 955.307052314887
0.030643504862269 953.888858104608
0.0308418467701777 952.416345615869
0.0310389212787162 950.890502895439
0.0312347523777212 949.312444592943
0.031429363309631 947.683399571927
0.0316227766016838 946.004698065801
0.0318150140963543 944.277758551495
0.0320060969801449 942.504074505854
0.0321960458108392 940.685201199802
0.0323848805433165 938.82274267356
0.0325726205540189 936.918339023057
0.0327592846641577 934.973654113465
0.0329448911617346 932.990363820965
0.033129457822454 930.970144888647
0.0333130019295916 928.914664467299
0.0334955402928837 926.825570396843
0.0336770892664941 924.7044822698
0.0338576647661151 922.552983304401
0.0340372822852509 920.372613042143
0.0342159569107321 918.164860872724
0.0343937033375049 915.931160378611
0.0345705358827356 913.672884481883
0.0347464684992696 911.39134136773
0.0349215147884789 909.0877711518
0.0350956880125347 906.763343252705
0.0352690011061327 904.419154426246
0.0354414666877037 902.056227414256
0.0356130970701346 899.675510158357
0.0357839042710273 897.27787552731
0.0359539000225187 894.864121505827
0.0361230957806842 892.434971792758
0.036291502734548 889.991076757238
0.0364591318147172 887.533014702673
0.0366259937016615 885.061293390227
0.036792098833654 882.576351775627
0.0369574574143918 880.078561915661
0.03712207942031 877.568231003411
0.0372859746076058 875.045603494251
0.0374491525189856 872.510863287555
0.0376116224901488 869.964135932184
0.0377733936560204 867.405490826773
0.0379344749567449 864.834943388861
0.038094875143451 862.252457169719
0.0382546027838003 859.657945894498
0.0384136662673268 857.051275409878
0.0385720738105793 854.432265523784
0.0387298334620742 851.80069172396
0.0388869531070669 849.156286764155
0.0390434404721515 846.498742108499
0.0391993031296943 843.827709226179
0.0393545485021094 841.14280072992
0.0395091838659836 838.443591352905
0.0396632163560561 835.729618759689
0.0398166529690598 833.000384187447
0.0399695005674296 830.255352914372
0.0401217658828843 827.493954552438
0.0402734555198855 824.71558316188
0.0404245759589809 821.919597184733
0.0405751335600345 819.105319194583
0.0407251345653499 816.272035459325
0.0408745851026903 813.418995313214
0.0410234911881996 810.545410333765
0.0411718587292281 807.650453318255
0.0413196935270669 804.733257053517
0.0414670012795952 801.792912871528
0.0416137875838426 798.828468981909
0.0417600579384702 795.838928570884
0.0419058177461747 792.823247654426
0.0420510723160163 789.780332671336
0.0421958268656753 786.709037799675
0.0423400865236394 783.608161977434
0.0424838563313229 780.476445605413
0.0426271412451235 777.312566907019
0.0427699461384151 774.115137915997
0.0429122758034825 770.882700058927
0.0430541349533975 767.613719294578
0.0431955282238403 764.306580766766
0.0433364601748667 760.959582921224
0.0434769352926241 757.570931029861
0.0436169579910182 754.138730057669
0.0437565326133306 750.66097679811
0.0438956634337913 747.135551191955
0.0440343546591057 743.560206731881
0.0441726104299386 739.932559840424
0.0443104348223569 736.250078091648
0.0444478318492315 732.510067126657
0.0445848054616007 728.709656089279
0.0447213595499958 724.845781380066
0.0448574979457305 720.915168493337
0.0449932244221554 716.91431166214
0.0451285426958777 712.839450988348
0.0452634564279494 708.686546677817
0.0453979692250226 704.451249931385
0.0455320846404743 700.128869958644
0.0456658061755022 695.714336479247
0.0457991372801907 691.202156951374
0.0459320813545497 686.586367612902
0.0460646417495262 681.860477230048
0.0461968217679898 677.017402210641
0.0463286246656927 672.049391441316
0.0464600536522059 666.947938832239
0.0465911118918305 661.703681075495
0.0467218025044871 656.306277512292
0.0468521285665818 650.744268215715
0.046982093111852 645.004905370127
0.0471116991321896 639.073951681647
0.0472409495784449 632.935437769199
0.0473698473612106 626.571368094712
0.0474983953515865 619.961361752853
0.0476265963819254 613.082210001454
0.0477544532465617 605.907326248202
0.0478819687025217 598.406055523309
0.0480091454702173 590.542798040279
0.0481359862341233 582.275883361143
0.0482624936434383 573.556104865449
0.0483886703127307 564.324783627311
0.0485145188225686 554.511167921718
0.0486400417201362 544.028874629136
0.0487652415198346 532.770915247267
0.0488901207038705 520.602572575793
0.0490146817228292 507.350908137296
0.0491389269962365 492.78878816577
0.049262858913107 476.609590971982
0.0493864798324795 458.385210706917
0.0495097920839416 437.492105434258
0.0496327979681414 412.970973098156
0.0497554997572888 383.232934000597
0.0498778996956446 345.354320418842
0.05 293
