0.00125 -0
0.00375 1.35664492972864e-12
0.00625 2.00306786268811e-10
0.00875 1.81690504251719e-08
0.01125 1.00447743844882e-06
0.01375 3.39558728590134e-05
0.01625 0.000705560735716444
0.01875 0.00908650282768366
0.02125 0.0734620842553373
0.02375 0.380052715938904
0.02625 1.29314624746977
0.02875 3.00526069138869
0.03125 5.01943118682993
0.03375 6.44713363771621
0.03625 6.9276272874908
0.03875 6.78425695931739
0.04125 6.43592206416974
0.04375 6.07626457918085
0.04625 5.74846454225161
0.04875 5.45370314215271
