0 971.374284150656
0.00025 971.374284150656
0.0005 971.374284150656
0.00075 971.374284150656
0.001 971.374284150656
0.00125 971.374284150656
0.0015 971.374284150656
0.00175 971.374284150655
0.002 971.374284150655
0.00225 971.374284150655
0.0025 971.374284150655
0.00275 971.374284150655
0.003 971.374284150655
0.00325 971.374284150655
0.0035 971.374284150655
0.00375 971.374284150655
0.004 971.374284150655
0.00425 971.374284150654
0.0045 971.374284150654
0.00475 971.374284150652
0.005 971.374284150651
0.00525 971.374284150648
0.0055 971.374284150644
0.00575 971.374284150638
0.006 971.374284150628
0.00625 971.374284150612
0.0065 971.374284150587
0.00675 971.374284150546
0.007 971.37428415048
0.00725 971.374284150375
0.0075 971.374284150207
0.00775 971.374284149941
0.008 971.37428414952
0.00825 971.374284148857
0.0085 971.37428414782
0.00875 971.374284146203
0.009 971.374284143697
0.00925 971.374284139829
0.0095 971.37428413389
0.00975 971.374284124813
0.01 971.37428411101
0.01025 971.374284090121
0.0105 971.37428405866
0.01075 971.374284011507
0.011 971.374283941179
0.01125 971.37428383679
0.0115 971.374283682592
0.01175 971.374283455913
0.012 971.374283124289
0.01225 971.374282641465
0.0125 971.374281941876
0.01275 971.374280933063
0.013 971.374279485313
0.01325 971.374277417578
0.0135 971.37427447846
0.01375 971.374270320669
0.014 971.374264466921
0.01425 971.37425626465
0.0145 971.37424482625
0.01475 971.37422895064
0.015 971.374207020965
0.01525 971.374176871927
0.0155 971.374135618782
0.01575 971.374079438235
0.016 971.374003289413
0.01625 971.373900560705
0.0165 971.373762625514
0.01675 971.373578286935
0.017 971.373333087944
0.01725 971.373008460002
0.0175 971.37258067899
0.01775 971.372019593266
0.018 971.371287084382
0.01825 971.370335216829
0.0185 971.369104029244
0.01875 971.367518916025
0.019 971.365487545527
0.01925 971.362896259279
0.0195 971.359605896256
0.01975 971.355446987586
0.02 971.350214270512
0.02025 971.343660476382
0.0205 971.335489356298
0.02075 971.325347920108
0.021 971.312817880024
0.02125 971.297406309489
0.0215 971.278535550989
0.02175 971.255532433408
0.022 971.227616889886
0.02225 971.193890100578
0.0225 971.153322320594
0.02275 971.104740590859
0.023 971.046816567479
0.02325 970.978054742232
0.0235 970.896781361448
0.02375 970.801134381076
0.024 970.689054820523
0.02425 970.558279894947
0.0245 970.406338313437
0.02475 970.230548127191
0.025 970.02801749617
0.02525 969.795648713482
0.0255 969.530145783488
0.02575 969.228025792047
0.026 968.885634235897
0.02625 968.49916439392
0.0265 968.064680727686
0.02675 967.578146194408
0.027 967.035453245264
0.02725 966.432458169219
0.0275 965.765018330882
0.02775 965.029031744509
0.028 964.220478329172
0.02825 963.335462106397
0.0285 962.370253534967
0.02875 961.321331131357
0.029 960.185421501183
0.02925 958.959536908837
0.0295 957.641009540233
0.02975 956.227521667185
0.03 954.717131000471
0.03025 953.108290619835
0.0305 951.39986299033
0.03075 949.591127711415
0.031 947.681782793744
0.03125 945.671939413625
0.0315 943.562110251285
0.03175 941.353191671253
0.032 939.046440146004
0.03225 936.643443453007
0.0325 934.146087286172
0.03275 931.556518012198
0.033 928.877102367969
0.03325 926.110384935443
0.0335 923.25904424504
0.03375 920.325848347771
0.034 917.313610661844
0.03425 914.225146843334
0.0345 911.063233355855
0.03475 907.830568324256
0.035 904.529735156238
0.03525 901.163169307148
0.0355 897.733128451177
0.03575 894.241666210403
0.036 890.690609485035
0.03625 887.081539326693
0.0365 883.415775204167
0.03675 879.694362429436
0.037 875.918062442185
0.03725 872.087345594031
0.0375 868.202386029227
0.03775 864.263058226178
0.038 860.26893474255
0.03825 856.219284694775
0.0385 852.113072498428
0.03875 847.94895639742
0.039 843.725286314887
0.03925 839.440100564868
0.0395 835.091120968917
0.03975 830.67574592322
0.04 826.191040957179
0.04025 821.633726311034
0.0405 817.000161035341
0.04075 812.28632307582
0.041 807.487784749926
0.04125 802.599682942452
0.0415 797.61668324159
0.04175 792.532937098192
0.042 787.342030911549
0.04225 782.036925714894
0.0425 776.609885839559
0.04275 771.052394560664
0.043 765.355054245526
0.04325 759.507467906302
0.0435 753.498098256718
0.04375 747.314099327866
0.044 740.941114325184
0.04425 734.363031587774
0.0445 727.561688071268
0.04475 720.516506469175
0.045 713.20404755298
0.04525 705.5974530091
0.0455 697.665745165777
0.04575 689.372937279217
0.046 680.676889512101
0.04625 671.52781822015
0.0465 661.866324451079
0.04675 651.620742849362
0.047 640.703509125249
0.04725 629.006075310434
0.0475 616.391615644584
0.04775 602.684261524291
0.048 587.652675103808
0.04825 570.983968868608
0.0485 552.240255752635
0.04875 530.781815099479
0.049 505.620505408616
0.04925 475.110575636603
0.0495 436.198730760925
0.04975 382.178852240603
0.05 293
