0 974.999399913266
0.00340997169735237 974.999399913266
0.00482242822170412 974.999399913263
0.00590624423218618 974.999399913244
0.00681994339470474 974.999399913134
0.00762492851663023 974.999399912662
0.00835269069584557 974.99939991097
0.00902193708896317 974.999399905679
0.00964485644340824 974.999399890843
0.0102299150920571 974.999399852785
0.0107832773203438 974.999399762168
0.0113095966658491 974.9993995597
0.0118124884643724 974.999399131571
0.0122948278026849 974.999398268995
0.0127589457900886 974.999396604019
0.0132067635948844 974.999393511085
0.0136398867894095 974.999387960623
0.0140596734885505 974.999378307352
0.0144672846651124 974.999361991982
0.0148637220290928 974.99933513087
0.0152498570332605 974.999291964027
0.0156264534207743 974.999224128
0.0159941849898134 974.999119716822
0.0163536497597667 974.998962091761
0.0167053813916911 974.998728399333
0.0170498584867618 974.998387757306
0.0173875122255988 974.997899070448
0.0177187326965586 974.997208441882
0.0180438741779263 974.996246152157
0.0183632595779067 974.994923186718
0.0186771841909407 974.993127303188
0.0189859188947775 974.990718642788
0.0192897128868165 974.987524904845
0.0195887960383623 974.983336119501
0.0198833809300456 974.977899070836
0.0201736646196482 974.970911440108
0.0204598301841142 974.962015756161
0.0207420480700324 974.950793256413
0.0210204772808868 974.93675777679
0.0212952664245607 974.919349801569
0.0215665546406877 974.89793081402
0.021834472424277 974.871778095237
0.0220991423594504 974.840080121331
0.0223606797749979 974.80193270788
0.0226191933316983 974.756336045028
0.0228747855498907 974.702192756836
0.0231275532845615 974.638307104696
0.0233775881541911 974.56338543684
0.0236249769287447 974.476037964921
0.0238698018814666 974.374781924573
0.0241121411085206 974.258046150594
0.0243520688199987 974.124177069573
0.0245896556053699 973.971446084092
0.0248249686760616 973.798058294034
0.0250580720875367 973.602162472583
0.0252890269429437 973.381862188127
0.0255178915801771 973.135227939087
0.0257447217439696 972.860310147291
0.0259695707444533 972.555152837481
0.0261924896034704 972.21780781625
0.0264135271897687 971.846349153468
0.0266327303440972 971.438887763219
0.02685014399511 970.993585879601
0.0270658112668895 970.508671225176
0.0272797735788189 969.982450676472
0.0274920707384579 969.413323241227
0.0277027410280123 968.799792175837
0.0279118212849298 968.140476088217
0.0281193469771011 967.434118890516
0.0283253522731024 966.679598487353
0.0285298701078728 965.875934107901
0.0287329322441835 965.022292213665
0.0289345693302247 964.117990937655
0.0291348109536054 963.162503034363
0.0293336856920345 962.155457342936
0.0295312211609309 961.096638787872
0.0297274440581857 959.985986961964
0.0299223802062821 958.823593354884
0.0301160545919622 957.609697307277
0.0303084914036115 956.344680784609
0.0304997140665209 955.029062076831
0.0306897452761713 953.663488539399
0.0308786070296738 952.248728498151
0.0310663206554907 950.785662445057
0.0312529068415485 949.275273654075
0.0314383856618506 947.718638346348
0.0316227766016838 946.116915531922
0.0318060985815102 944.471336651326
0.0319883699796268 942.783195134825
0.0321696086536693 941.053835990301
0.0323498319610315 939.28464552266
0.032529056778267 937.477041278708
0.0327072995195333 935.632462301792
0.0328845761541366 933.752359770405
0.0330609022232297 931.838188084607
0.0332362928557127 929.891396453702
0.0334107627833823 927.913421028331
0.0335843263553728 925.905677610177
0.0337569975519288 923.869554962858
0.0339287899975474 921.80640873858
0.0340997169735237 919.717556026677
0.0342697914299338 917.604270522457
0.0344390259970852 915.467778307786
0.0346074329964626 913.309254228649
0.0347750244511977 911.129818849523
0.0349418120960854 908.930535959773
0.0351078073871736 906.71241060347
0.0352730215109456 904.476387600905
0.0354374653931171 902.223350527764
0.0356011497070687 899.954121116172
0.0357640848819295 897.669459040765
0.0359262811103321 895.370062052458
0.0360877483558527 893.056566422523
0.0362484963601539 890.729547660086
0.0364085346498433 888.389521466954
0.0365678725430614 886.036944894885
0.0367265191558134 883.672217671795
0.0368844834080548 881.29568366514
0.0370417740295442 878.90763245246
0.0371983995654727 876.508300971081
0.0373543683818814 874.097875220979
0.037509688670876 871.676491996877
0.0376643684556477 869.244240627745
0.0378184155953093 866.801164703897
0.037971837789555 864.347263773897
0.0381246425831512 861.882494995403
0.0382768373702657 859.406774725916
0.0384284293986433 856.919980041111
0.038579425773633 854.421950170064
0.0387298334620742 851.912487838125
0.0388796592960476 849.391360509576
0.0390289099764968 846.858301523377
0.0391775920767246 844.313011116404
0.039325712045772 841.755157329493
0.0394732762116818 839.184376792398
0.0396202907846531 836.600275384425
0.0397667618600913 834.002428768026
0.0399126954215567 831.390382793034
0.040058097343617 828.763653769465
0.0402029733946065 826.121728607003
0.0403473292392965 823.464064819259
0.0404911704414793 820.790090390854
0.0406345024664715 818.099203505151
0.0407773306835357 815.39077213018
0.0409196603682284 812.664133459852
0.0410614967046734 809.918593207084
0.041202844787765 807.153424744777
0.0413437096253033 804.36786808989
0.0414840961400648 801.561128724964
0.0416240091718095 798.732376250501
0.0417634534792278 795.880742860459
0.041902433741829 793.005321631916
0.0420409545617736 790.105164618517
0.0421790204656516 787.179280735774
0.0423166359062084 784.226633424514
0.0424538052640202 781.246138076809
0.0425905328491215 778.236659206495
0.0427268229025847 775.197007343916
0.0428626795980557 772.125935631725
0.0429981070432447 769.022136095418
0.0431331092813754 765.884235558686
0.0432676902925938 762.710791169651
0.0434018539953371 759.500285499403
0.0435356042476649 756.251121169008
0.043668944848554 752.961614955141
0.0438018795391567 749.629991317562
0.0439344120040264 746.254375283704
0.0440665458723086 742.83278461645
0.0441982847189008 739.363121180508
0.0443296320655808 735.84316141041
0.044460591382105 732.270545768731
0.0445911660872785 728.642767066205
0.0447213595499958 724.957157495575
0.0448511750902554 721.210874207657
0.0449806159801474 717.400883230436
0.0451096854448159 713.523941499186
0.0452383866633966 709.576576726564
0.0453667227699304 705.555064794792
0.045494696854254 701.455404295898
0.0456223119628676 697.273287778179
0.0457495710997814 693.00406917482
0.0458764772273406 688.642726790568
0.0460030332670297 684.183821099735
0.0461292421002577 679.621446458042
0.0462551065691231 674.94917564414
0.0463806294771608 670.159995914347
0.0465058135900709 665.246234963079
0.0466306616364293 660.199474814604
0.0467551763083822 655.010451205863
0.0468793602623228 649.66893542436
0.0470032161195529 644.163594797049
0.0471267464669283 638.481827027784
0.0472499538574895 632.609562271358
0.0473728408110768 626.531025098058
0.0474954098149324 620.228446182474
0.0476176633242867 613.681710411467
0.0477396037629332 606.867923808633
0.0478612335237884 599.76087571198
0.0479825549694402 592.330364256828
0.048103570432683 584.54134123889
0.0482242822170412 576.352815033449
0.0483446925972809 567.716424498698
0.0484648038199096 558.57455790004
0.048584618103666 548.857830795249
0.0487041376399974 538.481641558494
0.048823364593528 527.341367819293
0.0489423011025156 515.305505177982
0.0490609492793 502.205591307108
0.0491793112107397 487.820921262219
0.049297388958641 471.854450135956
0.0494151845601762 453.892990992484
0.0495327000282947 433.337585143298
0.0496499373521233 409.272492261539
0.0497668984973598 380.193973156145
0.0498835854066571 343.369768554145
0.05 293
