0.000113636363636364 -0
0.000340909090909091 -5.00199064390472e-13
0.000568181818181818 -5.00158137128892e-13
0.000795454545454545 -0
0.00102272727272727 -0
0.00125 -0
0.00147727272727273 -4.99789791774675e-13
0.00170454545454545 -0
0.00193181818181818 -4.99482837312825e-13
0.00215909090909091 -1.49789599390715e-12
0.00238636363636364 -4.99094028327817e-13
0.00261363636363636 -0
0.00284090909090909 -4.98623364819651e-13
0.00306818181818182 -0
0.00329545454545454 -0
0.00352272727272727 -0
0.00375 1.49230942270151e-12
0.00397727272727273 1.98835437004163e-12
0.00420454545454545 2.48360123578096e-12
0.00443181818181818 2.97798862902709e-12
0.00465909090909091 4.95922165555385e-12
0.00488636363636364 7.43238643963194e-12
0.00511363636363636 1.03958868180599e-11
0.00534090909090909 1.48371469776975e-11
0.00556818181818182 2.22336197452933e-11
0.00579545454545455 3.40562505130038e-11
0.00602272727272727 5.22619001230849e-11
0.00625 8.07674211955604e-11
0.00647727272727273 1.22485912186221e-10
0.00670454545454545 1.86700782478511e-10
0.00693181818181818 2.87552508666521e-10
0.00715909090909091 4.40572540867379e-10
0.00738636363636364 6.72455840344811e-10
0.00761363636363636 1.01999919280615e-09
0.00784090909090909 1.54319407727143e-09
0.00806818181818182 2.32552654665597e-09
0.00829545454545455 3.4937215843911e-09
0.00852272727272727 5.22756948839743e-09
0.00875 7.79193922426203e-09
0.00897727272727273 1.15650470723948e-08
0.00920454545454545 1.71011835942636e-08
0.00943181818181818 2.51835336419504e-08
0.00965909090909091 3.69336272356691e-08
0.00988636363636364 5.39492306890562e-08
0.0101136363636364 7.8483626404875e-08
0.0103409090909091 1.13713957861422e-07
0.0105681818181818 1.64091000938243e-07
0.0107954545454545 2.35829512433837e-07
0.0110227272727273 3.37562923557471e-07
0.01125 4.81231144773631e-07
0.0114772727272727 6.83279711054184e-07
0.0117045454545455 9.66251954977794e-07
0.0119318181818182 1.360913402344e-06
0.0121590909090909 1.90906558018242e-06
0.0123863636363636 2.6672462974895e-06
0.0126136363636364 3.7115858719719e-06
0.0128409090909091 5.14412315440321e-06
0.0130681818181818 7.10101754613391e-06
0.0132954545454545 9.76312365825827e-06
0.0135227272727273 1.33695822206827e-05
0.01375 1.82351534899546e-05
0.0139772727272727 2.47722451768883e-05
0.0142045454545455 3.35187229255849e-05
0.0144318181818182 4.51728556119111e-05
0.0146590909090909 6.06369689955874e-05
0.0148863636363636 8.10716772056649e-05
0.0151136363636364 0.00010796288911183
0.0153409090909091 0.000143204107076876
0.0155681818181818 0.000189196933370467
0.0157954545454545 0.000248973090276589
0.0160227272727273 0.000326341670609505
0.01625 0.000426065744414905
0.0164772727272727 0.000554072867157803
0.0167045454545455 0.000717704393450025
0.0169318181818182 0.000926008817406681
0.0171590909090909 0.00119008462839475
0.0173863636363636 0.00152347823923913
0.0176136363636364 0.0019426426062412
0.0178409090909091 0.00246746184464097
0.0180681818181818 0.00312184679761256
0.0182954545454545 0.00393440574170177
0.0185227272727273 0.00493919335464871
0.01875 0.00617653974736683
0.0189772727272727 0.00769395946314057
0.0192045454545455 0.00954713816191227
0.0194318181818182 0.0118009920295715
0.0196590909090909 0.0145307917603969
0.0198863636363636 0.0178233394015014
0.0201136363636364 0.0217781823374143
0.0203409090909091 0.026508844302327
0.0205681818181818 0.0321440486958406
0.0207954545454545 0.038828904651333
0.0210227272727273 0.0467260214869755
0.02125 0.0560165124783217
0.0214772727272727 0.0669008445786256
0.0217045454545455 0.079599486910278
0.0219318181818182 0.0943533079253592
0.0221590909090909 0.111423669188699
0.0223863636363636 0.131092163154154
0.0226136363636364 0.153659943240744
0.0228409090909091 0.179446597226737
0.0230681818181818 0.208788519625662
0.0232954545454545 0.242036745459279
0.0235227272727273 0.279554216742722
0.02375 0.321712464021871
0.0239772727272727 0.368887698438612
0.0242045454545455 0.421456324785598
0.0244318181818182 0.479789902600829
0.0246590909090909 0.54424960016993
0.0248863636363636 0.615180204862447
0.0251136363636364 0.692903771973784
0.0253409090909091 0.777713012551887
0.0255681818181818 0.869864537844478
0.0257954545454545 0.969572093349165
0.0260227272727273 1.07699992824222
0.02625 1.19225645547978
0.0264772727272727 1.31538836364992
0.0267045454545455 1.44637534290423
0.0269318181818182 1.58512558397431
0.0271590909090909 1.73147220079004
0.0273863636363636 1.88517071373363
0.0276136363636364 2.04589771211635
0.0278409090909091 2.21325079132549
0.0280681818181818 2.38674983290031
0.0282954545454545 2.56583966507341
0.0285227272727273 2.74989410813076
0.02875 2.9382213740933
0.0289772727272727 3.13007075498484
0.0292045454545455 3.32464049938245
0.0294318181818182 3.52108674423367
0.0296590909090909 3.71853333931142
0.0298863636363636 3.9160823760464
0.0301136363636364 4.11282521195137
0.0303409090909091 4.30785376704228
0.0305681818181818 4.50027186018688
0.0307954545454545 4.68920635153717
0.0310227272727273 4.87381786207915
0.03125 5.05331085286542
0.0314772727272727 5.22694286411481
0.0317045454545455 5.39403273753766
0.0319318181818182 5.55396767312512
0.0321590909090909 5.70620900318183
0.0323863636363636 5.85029660056324
0.0326136363636364 5.98585187368067
0.0328409090909091 6.11257933663895
0.0330681818181818 6.23026677780059
0.0332954545454545 6.33878408293299
0.0335227272727273 6.43808079895538
0.03375 6.52818255042575
0.0339772727272727 6.60918644243601
0.0342045454545455 6.68125560034839
0.0344318181818182 6.74461300824531
0.0346590909090909 6.79953481432951
0.0348863636363636 6.84634327267572
0.0351136363636364 6.88539948719083
0.0353409090909091 6.91709611576901
0.0355681818181818 6.94185018099861
0.0357954545454545 6.96009611908114
0.0360227272727273 6.97227918159052
0.03625 6.97884928601111
0.0364772727272727 6.98025539144894
0.0367045454545455 6.97694045616223
0.0369318181818182 6.9693370142495
0.0371590909090909 6.95786339052042
0.0373863636363636 6.94292055570798
0.0376136363636364 6.92488960917314
0.0378409090909091 6.90412986324763
0.0380681818181818 6.88097749266826
0.0382954545454545 6.85574470409494
0.0385227272727273 6.82871937454258
0.03875 6.80016510354492
0.0389772727272727 6.77032162187128
0.0392045454545455 6.73940549939729
0.0394318181818182 6.70761109608669
0.0396590909090909 6.67511170266369
0.0398863636363636 6.64206082121825
0.0401136363636364 6.60859354039784
0.0403409090909091 6.57482796477303
0.0405681818181818 6.54086666317983
0.0407954545454546 6.50679810612385
0.0410227272727273 6.47269806755097
0.04125 6.4386309712538
0.0414772727272727 6.40465116682042
0.0417045454545455 6.37080412425621
0.0419318181818182 6.33712754014695
0.0421590909090909 6.30365235148939
0.0423863636363636 6.27040365606757
0.0426136363636364 6.23740154050959
0.0428409090909091 6.20466181896316
0.0430681818181818 6.17219668670514
0.0432954545454545 6.14001529398169
0.0435227272727273 6.10812424604993
0.04375 6.07652803574204
0.0439772727272727 6.04522941502589
0.0442045454545455 6.01422971196423
0.0444318181818182 5.9835290992731
0.0446590909090909 5.95312682036253
0.0448863636363636 5.92302137834006
0.0451136363636364 5.89321069302217
0.0453409090909091 5.86369223052018
0.0455681818181818 5.83446310949876
0.0457954545454545 5.80552018773271
0.0460227272727273 5.77686013214552
0.04625 5.74847947509387
0.0464772727272727 5.72037465927583
0.0467045454545455 5.69254207329465
0.0469318181818182 5.66497807959447
0.0471590909090909 5.63767903621166
0.0473863636363636 5.61064131354373
0.0476136363636364 5.5838613071298
0.0478409090909091 5.55733544725897
0.0480681818181818 5.531060206072
0.0482954545454545 5.50503210269694
0.0485227272727273 5.4792477068499
0.04875 5.45370364125116
0.0489772727272727 5.42839658312801
0.0492045454545455 5.40332326502449
0.0494318181818182 5.37848047508677
0.0496590909090909 5.35386505695726
0.0498863636363636 5.32947390937967
