0.000105932203389831 -0
0.000317796610169492 5.36580413246788e-13
0.000529661016949153 -0
0.000741525423728814 -0
0.000953389830508475 -0
0.00116525423728814 -0
0.0013771186440678 -5.36198887926977e-13
0.00158898305084746 -5.36065354065042e-13
0.00180084745762712 -5.35912743937118e-13
0.00201271186440678 -2.14296423017281e-12
0.00222457627118644 -2.67775147441648e-12
0.0024364406779661 -1.6060213678722e-12
0.00264830508474576 -2.67555770382757e-12
0.00286016949152542 -2.13945419723054e-12
0.00307203389830508 -2.13838592633507e-12
0.00328389830508475 -2.13724135037564e-12
0.00349576271186441 -1.60201535201418e-12
0.00370762711864407 -1.06736164163244e-12
0.00391949152542373 -1.06667489605678e-12
0.00413135593220339 -5.32974998974569e-13
0.00434322033898305 1.06518694730952e-12
0.00455508474576271 5.32192872068955e-13
0.00476694915254237 2.65886597108581e-12
0.00497881355932203 4.25067552079504e-12
0.00519067796610169 9.02490236516533e-12
0.00540254237288136 1.37903922797119e-11
0.00561440677966102 2.11961488060035e-11
0.00582627118644068 3.44102629629421e-11
0.00603813559322034 5.12988889754987e-11
0.00625 7.7660293129611e-11
0.00646186440677966 1.16628114707803e-10
0.00667372881355932 1.75009703645042e-10
0.00688559322033898 2.62210556092739e-10
0.00709745762711864 3.89690198880419e-10
0.00730932203389831 5.77774022373227e-10
0.00752118644067797 8.57166076127858e-10
0.00773305084745763 1.2636340076277e-09
0.00794491525423729 1.85679731567646e-09
0.00815677966101695 2.71942499723363e-09
0.00836864406779661 3.97081093552742e-09
0.00858050847457627 5.77637067712881e-09
0.00879237288135593 8.37273397506979e-09
0.00900423728813559 1.20956922669981e-08
0.00921610169491525 1.74104284538122e-08
0.00942796610169492 2.49750404074111e-08
0.00963983050847458 3.56986962739054e-08
0.00985169491525424 5.08460245847081e-08
0.0100635593220339 7.21680635673195e-08
0.0102754237288136 1.02070138093322e-07
0.0104872881355932 1.43851481913022e-07
0.0106991525423729 2.02023705566804e-07
0.0109110169491525 2.82724212396408e-07
0.0111228813559322 3.94273990420952e-07
0.0113347457627119 5.47903848921828e-07
0.0115466101694915 7.58730525935899e-07
0.0117584745762712 1.04699961918271e-06
0.0119703389830508 1.43974123589924e-06
0.0121822033898305 1.97288389109025e-06
0.0123940677966102 2.69401442782241e-06
0.0126059322033898 3.66590133630984e-06
0.0128177966101695 4.9710176773051e-06
0.0130296610169492 6.71730630673381e-06
0.0132415254237288 9.04548193001498e-06
0.0134533898305085 1.21382575709709e-05
0.0136652542372881 1.62319426278435e-05
0.0138771186440678 2.1630950345882e-05
0.0140889830508475 2.87258648933705e-05
0.0143008474576271 3.80158332227304e-05
0.0145127118644068 5.01361877498607e-05
0.0147245762711864 6.58923519372642e-05
0.0149364406779661 8.63012648204239e-05
0.0151483050847458 0.000112641734032057
0.0153601694915254 0.000146515346589576
0.0155720338983051 0.000189919763287371
0.0157838983050847 0.000245336475724578
0.0159957627118644 0.000315835332361809
0.0162076271186441 0.000405198356798615
0.0164194915254237 0.000518065653279756
0.0166313559322034 0.000660106367661486
0.016843220338983 0.000838217883972237
0.0170550847457627 0.00106075657497879
0.0172669491525424 0.00133780353231465
0.017478813559322 0.00168146867452859
0.0176906779661017 0.00210623663047845
0.0179025423728814 0.00262935752371779
0.018114406779661 0.00327128553061995
0.0183262711864407 0.00405616756559875
0.0185381355932203 0.00501238379462502
0.01875 0.00617314082588662
0.0189618644067797 0.00757711733551114
0.0191737288135593 0.00926916061201889
0.019385593220339 0.011301030885825
0.0195974576271186 0.0137321885915559
0.0198093220338983 0.0166306176262042
0.020021186440678 0.0200736754238485
0.0202330508474576 0.0241489582155234
0.0204449152542373 0.0289551672318819
0.0206567796610169 0.0346029588746875
0.0208686440677966 0.0412157591303655
0.0210805084745763 0.0489305197612218
0.0212923728813559 0.0578983912125121
0.0215042372881356 0.0682852848112385
0.0217161016949153 0.0802722947993622
0.0219279661016949 0.0940559491802088
0.0221398305084746 0.109848257416668
0.0223516949152542 0.127876522707685
0.0225635593220339 0.148382887229033
0.0227754237288136 0.171623580166754
0.0229872881355932 0.197867840969163
0.0231991525423729 0.22739649389271
0.0234110169491525 0.260500154707557
0.0236228813559322 0.297477056389001
0.0238347457627119 0.338630487681436
0.0240466101694915 0.384265846567453
0.0242584745762712 0.434687319673933
0.0244703389830509 0.490194208521191
0.0246822033898305 0.551076933843123
0.0248940677966102 0.61761275987914
0.0251059322033898 0.690061291263281
0.0253177966101695 0.768659805454327
0.0255296610169492 0.85361849343065
0.0257415254237288 0.945115690069062
0.0259533898305085 1.04329318299895
0.0261652542372881 1.14825169439732
0.0263771186440678 1.26004663388464
0.0265889830508475 1.37868422202368
0.0268008474576271 1.50411808289308
0.0270127118644068 1.63624640042898
0.0272245762711864 1.77490972685852
0.0274364406779661 1.9198895223557
0.0276483050847458 2.07090749346706
0.0278601694915254 2.22762578366888
0.0280720338983051 2.38964805334995
0.0282838983050848 2.55652146855839
0.0284957627118644 2.7277395987384
0.0287076271186441 2.90274620371947
0.0289194915254237 3.08093987008818
0.0291313559322034 3.26167943729174
0.0293432203389831 3.44429013496555
0.0295550847457627 3.62807033567996
0.0297669491525424 3.81229881202042
0.029978813559322 3.99624237420641
0.0301906779661017 4.17916375464268
0.0304025423728814 4.36032959930935
0.030614406779661 4.53901842281389
0.0308262711864407 4.71452838448384
0.0310381355932203 4.88618474697625
0.03125 5.0533468864206
0.0314618644067797 5.21541473387303
0.0316737288135593 5.37183454150584
0.031885593220339 5.52210388300351
0.0320974576271186 5.66577581572133
0.0323093220338983 5.80246215155677
0.032521186440678 5.93183580377815
0.0327330508474576 6.05363219755875
0.0329449152542373 6.16764975206589
0.0331567796610169 6.27374946124481
0.0333686440677966 6.37185361823079
0.0335805084745763 6.46194374430198
0.0337923728813559 6.54405779704893
0.0340042372881356 6.61828674368974
0.0342161016949152 6.68477059406412
0.0344279661016949 6.74369399361353
0.0346398305084746 6.79528147973204
0.0348516949152542 6.83979250518169
0.0350635593220339 6.87751633011273
0.0352754237288136 6.90876687975681
0.0354872881355932 6.93387765836536
0.0356991525423729 6.95319680182313
0.0359110169491525 6.96708234186832
0.0361228813559322 6.97589774441657
0.0363347457627119 6.98000777342966
0.0365466101694915 6.97977472049844
0.0367584745762712 6.97555502911581
0.0369703389830509 6.9676963317892
0.0371822033898305 6.95653490798528
0.0373940677966102 6.94239356155953
0.0376059322033898 6.92557990801573
0.0378177966101695 6.90638505475788
0.0380296610169492 6.88508265149917
0.0382415254237288 6.86192828323406
0.0384533898305085 6.83715917461463
0.0386652542372881 6.81099417217424
0.0388771186440678 6.78363396951173
0.0390889830508475 6.75526154022048
0.0393008474576271 6.72604274384954
0.0395127118644068 6.69612707144428
0.0397245762711864 6.66564849907811
0.0399364406779661 6.63472642009012
0.0401483050847458 6.6034666294365
0.0403601694915254 6.57196233643019
0.0405720338983051 6.54029518515887
0.0407838983050847 6.50853626488967
0.0409957627118644 6.47674709573014
0.0412076271186441 6.44498057762706
0.0414194915254237 6.41328189344595
0.0416313559322034 6.38168935928233
0.0418432203389831 6.35023521732416
0.0420550847457627 6.31894636850674
0.0422669491525424 6.28784504382661
0.042478813559322 6.25694941456632
0.0426906779661017 6.22627414281105
0.0429025423728814 6.19583087451998
0.043114406779661 6.16562867809875
0.0433262711864407 6.1356744318974
0.0435381355932203 6.10597316437525
0.04375 6.07652835084755
0.0439618644067797 6.04734217077021
0.0441737288135593 6.018415729482
0.044385593220339 5.98974924819363
0.0445974576271186 5.96134222582831
0.0448093220338983 5.93319357610257
0.045021186440678 5.90530174297371
0.0452330508474576 5.87766479732132
0.0454449152542373 5.85028051745821
0.045656779661017 5.8231464557912
0.0458686440677966 5.79625999370031
0.0460805084745763 5.76961838645044
0.0462923728813559 5.74321879972551
0.0465042372881356 5.71705833915963
0.0467161016949153 5.69113407404907
0.0469279661016949 5.66544305625592
0.0471398305084746 5.6399823351613
0.0473516949152542 5.61474896939099
0.0475635593220339 5.58974003591804
0.0477754237288136 5.56495263704791
0.0479872881355932 5.54038390570063
0.0481991525423729 5.51603100933374
0.0484110169491525 5.4918911527866
0.0486228813559322 5.46796158027226
0.0488347457627119 5.44423957670213
0.0490466101694915 5.42072246849052
0.0492584745762712 5.3974076239575
0.0494703389830509 5.37429245342388
0.0496822033898305 5.35137440907257
0.0498940677966102 5.32865098463465
