0 975.191615725966
0.0032547227745206 975.191615725966
0.00460287308949162 975.191615725965
0.00563734521002122 975.191615725954
0.00650944554904119 975.191615725895
0.00727778137174478 975.191615725655
0.00797241005179101 975.191615724831
0.00861118704783965 975.191615722345
0.00920574617898323 975.191615715578
0.00976416832356179 975.191615698662
0.0102923371199077 975.191615659264
0.0107946942397093 975.191615572902
0.0112746904200424 975.191615393267
0.0117350698509544 975.19161503644
0.0121780575111864 975.191614355993
0.0126054871022403 975.191613104955
0.0130188910980824 975.191610879351
0.0134195657814518 975.191607036521
0.0138086192684749 975.19160057979
0.0141870076633756 975.191589999204
0.0145555627434896 975.191573056078
0.0149150134803373 975.191546497159
0.0152660029954676 975.19150568222
0.0156091020816897 975.191444107145
0.015944820103582 975.19135280304
0.016273613872603 975.191219590796
0.0165958949386154 975.191028169962
0.0169120356300636 975.190757020824
0.0172223740956793 975.190378099465
0.0175272185423275 975.189855307271
0.0178268508203073 975.189142718983
0.018121529474867 975.188182557029
0.0184114923579665 975.186902904455
0.0186969588753476 975.185215154335
0.018978131929287 975.183011199933
0.0192551996059352 975.180160377057
0.0195283366471236 975.176506177821
0.0197977057393621 975.17186276314
0.0200634586470368 975.166011309658
0.0203257372122228 975.158696235032
0.0205846742398155 975.149621353443
0.0208403942836575 975.138446020508
0.0210930143468706 975.124781333268
0.0213426445075645 975.10818645624
0.0215893884794186 975.088165148602
0.0218333441152343 975.064162570034
0.0220746038603917 975.035562443613
0.0223132551621722 975.001684653165
0.0225493808400849 974.96178334975
0.0227830594216442 974.915045637268
0.0230143654474581 974.860590900823
0.0232433697489873 974.797470833361
0.0234701397019089 974.724670206474
0.0236947394576539 974.641108420338
0.023917230155373 974.545641855667
0.0241376701163154 974.437067037719
0.0243561150223727 974.314124608946
0.0245726180803356 974.17550409325
0.0247872301732367 974.019849421198
0.025 973.84576517239
0.0252109742044805 973.651823478586
0.0254201974948655 973.436571519676
0.0256277127543007 973.198539534131
0.025833561143519 972.936249256606
0.0260377821961648 972.648222687956
0.0262404139074424 972.332991097202
0.0264414928166486 971.989104151101
0.0266410540840986 971.61513906493
0.0268391315629036 971.209709667865
0.0270357578660157 970.771475277994
0.0272309644289146 970.299149285327
0.0274247815682787 969.791507346145
0.0276172385369497 969.247395098528
0.0278083635754742 968.665735316619
0.0279981839604776 968.045534430124
0.0281867260501061 967.385888345339
0.0283740153267512 966.68598751454
0.0285600764372523 965.945121211531
0.028744933230757 965.162680982487
0.0289286087944039 964.33816325251
0.0291111254869791 963.471171079542
0.0292925049706854 962.561415058128
0.0294727682411512 961.608713385916
0.0296519356557981 960.612991115485
0.0298300269606746 959.574278623043
0.0300070613158563 958.492709333634
0.0301830573195053 957.368516749564
0.0303580330306745 956.20203083489
0.0305320059909353 954.993673813809
0.0307049932449022 953.743955444771
0.0308770113597232 952.453467835039
0.0310480764435972 951.122879862263
0.0312182041633794 949.7529312705
0.0313874097613267 948.344426508033
0.0315557080710354 946.898228373359
0.0317231135326183 945.415251533982
0.031889640207164 943.896455980136
0.0320553017905207 942.342840472482
0.0322201116264413 940.755436039186
0.032384082719128 939.135299573696
0.032547227745206 937.483507580122
0.0327095590651615 935.801150108466
0.0328710887342703 934.089324917075
0.0330318285130456 932.349131894789
0.0331917898772307 930.581667770295
0.03335098402736 928.788021131346
0.0335094218979111 926.969267771714
0.0336671141660699 925.126466379185
0.0338240712601273 923.260654573529
0.0339803033675268 921.372845299292
0.0341358204425811 919.46402357441
0.0342906322138732 917.535143592191
0.0344447481913586 915.587126171005
0.0345981776731822 913.620856543216
0.0347509297522249 911.637182472388
0.0349030133223917 909.636912685683
0.035054437084655 907.620815606519
0.0352052095528633 905.589618371113
0.0353553390593274 903.544006111358
0.0355048337601936 901.484621485575
0.0356537016406146 899.412064438128
0.0358019505197266 897.326892168502
0.0359495880554414 895.22961929035
0.0360966217490628 893.120718161095
0.0362430589497341 891.000619362961
0.0363889068587239 888.869712316727
0.0365341725335591 886.728346010089
0.0366788628920097 884.5768298232
0.0368229847159329 882.415434434747
0.0369665446549825 880.244392792784
0.0371095492301887 878.063901135447
0.0372520048374149 875.874120047668
0.0373939177506953 873.67517554093
0.0375352941254594 871.46716014414
0.0376761400016473 869.250133994656
0.0378164613067208 867.024125919469
0.0379562638585741 864.789134497504
0.0380955533683484 862.545129094873
0.0382343354431545 860.292050865827
0.0383726155887065 858.029813712927
0.0385103992118704 855.758305200757
0.0386476916231307 853.477387418201
0.0387844980389793 851.186897784957
0.0389208235842277 848.886649798567
0.0390566732942472 846.576433718779
0.039192052117139 844.256017186526
0.0393269649158377 841.925145775224
0.0394614164701485 839.583543472462
0.0395954114787243 837.230913090431
0.0397289545609808 834.866936603701
0.039862050258955 832.491275413134
0.0399947030391081 830.103570534848
0.0401269172940736 827.703442713223
0.0402586973443554 825.290492456991
0.0403900474399745 822.864299997392
0.0405209717620688 820.424425167344
0.0406514744244456 817.970407200434
0.0407815594750904 815.501764448383
0.0409112308976315 813.017994015409
0.0410404926127636 810.518571307704
0.0411693484796309 808.002949495849
0.0412978022971716 805.47055888774
0.0414258578054245 802.920806209107
0.0415535186868 800.353073788304
0.041680788567315 797.76671864153
0.0418076710177953 795.161071454042
0.0419341695550441 792.535435452338
0.0420602876429794 789.889085161526
0.0421860286937412 787.221265041368
0.0423113960687678 784.531187993588
0.042436393079845 781.818033732085
0.0425610229901268 779.080947006634
0.0426852890151289 776.319035669448
0.0428091943236972 773.53136857269
0.0429327420389503 770.716973283512
0.0430559352391983 767.874833601576
0.0431787769588373 765.00388686215
0.0433012701892219 762.103021005794
0.043423417879515 759.171071393323
0.043545222937516 756.206817342078
0.0436666882304687 753.208978356546
0.0437878165858488 750.176210022997
0.0439086107921318 747.107099533904
0.0440290735995421 744.000160803554
0.0441492077207834 740.853829131192
0.0442690158317515 737.666455362261
0.0443885005722298 734.436299491694
0.0445076645465681 731.161523645507
0.0446265103243444 727.840184368154
0.044745040441012 724.470224132772
0.0448632573985303 721.049461979571
0.0449811636659809 717.575583173662
0.0450987616801697 714.046127757342
0.0452160538462141 710.45847785272
0.0453330425381169 706.809843548047
0.0454497300993273 703.097247174482
0.0455661188432884 699.317505748421
0.0456822110539722 695.467211316908
0.0457980089864029 691.542708898666
0.0459135148671677 687.540071659269
0.0460287308949162 683.455072893898
0.046143659240849 679.283154312254
0.0462583020491952 675.019390024269
0.0463726614376786 670.658445507918
0.0464867394979745 666.194530696182
0.0466005382961563 661.621346141942
0.0467140598731314 656.932020997907
0.0468273062450691 652.1190412714
0.0469402794038177 647.174166464723
0.0470529813173136 642.088332269281
0.0471654139299809 636.8515364165
0.0472775791631237 631.452704061319
0.0473894789153078 625.879528130386
0.0475011150627371 620.1182788317
0.0476124894596194 614.153574890037
0.0477236039385266 607.968106893151
0.047834460310746 601.542300192667
0.0479450603666251 594.853900787257
0.0480554058759085 587.877462060929
0.0481654985880691 580.583702459572
0.0482753402326309 572.938693099275
0.0483849325194864 564.902818249599
0.0484942771392072 556.42942797975
0.0486033757633482 547.463066686387
0.0487122300447455 537.937106534693
0.048820841617809 527.770528646531
0.0489292120988083 516.863455149782
0.0490373430861538 505.090801428295
0.0491452361606711 492.293012308896
0.0492528928858714 478.262112031655
0.0493603148082151 462.719903102124
0.0494675034573717 445.282339126077
0.0495744603464734 425.398021235388
0.0496811869723646 402.234432007169
0.0497876848158461 374.447703644304
0.0498939553419151 339.656008898526
0.05 293
