0.0016273613872603 -0
0.00392879793200611 1.08956332479798e-12
0.00512010914975642 1.08757513328035e-11
0.00607339537953121 6.64115761616865e-11
0.00689361346039298 3.05895377021961e-10
0.00762509571176789 1.15877606010196e-09
0.00829179854981533 3.78687507926837e-09
0.00890846661341144 1.10227151119409e-08
0.00948495725127251 2.92147286746478e-08
0.0100282527217348 7.1622239238887e-08
0.0105435156798085 1.6434625276528e-07
0.0110346923298759 3.56195900089185e-07
0.0115048801354984 7.34445708343954e-07
0.0119565636810704 1.4490837390217e-06
0.0123917723067133 2.74890666213722e-06
0.0128121891001613 5.03364790268287e-06
0.0132192284397671 8.92720683360181e-06
0.0136140925249633 1.53779166376556e-05
0.0139978134659252 2.57925994153636e-05
0.0143712852034326 4.22118507900256e-05
0.0147352881119134 6.75344394107684e-05
0.0150905082379025 0.000105798913464442
0.0154375525385787 0.000162530285544661
0.0157769610926359 0.000245159074384527
0.0161092169880925 0.000363518824975128
0.0164347544056092 0.000530426601843997
0.0167539652843395 0.000762348741826782
0.0170672048628715 0.00108015143706428
0.0173747963190034 0.00150993250316249
0.0176770346813174 0.00208392708822723
0.0179741901475872 0.00284147614958944
0.0182665109164167 0.00383004245033724
0.0185542256166571 0.00510625472229937
0.0188375454023173 0.00673695669236949
0.0191166657676111 0.00880023407407125
0.0193917681265294 0.0113863894818959
0.0196630211932429 0.0145988328482422
0.0199305821931995 0.0185548532936249
0.0201945979296298 0.0233862377984973
0.0204552057260191 0.0292397024410678
0.0207125342617365 0.0362771035530734
0.0209667043152641 0.044675398791478
0.0212178294272175 0.0546263320062402
0.0214660164934916 0.0663358205979085
0.0217113662973265 0.0800230299293465
0.021953973987813 0.09591912592863
0.0221939295112819 0.114265704302276
0.0224313180011285 0.135312902399001
0.0226662201308645 0.15931720767342
0.0228987124345511 0.186538984442961
0.0231288675982227 0.217239748253704
0.0233567547254481 0.251679224163727
0.0235824395797814 0.290112231590689
0.0238059848065135 0.33278544381407
0.0240274501358442 0.379934074557317
0.0242468925693441 0.43177854723342
0.0244643665513541 0.488521204332152
0.0246799241267861 0.550343114919166
0.0248936150866184 0.617401037439995
0.0251054871022403 0.689824592845372
0.025315585849673 0.767713699678782
0.0255239551245831 0.851136318181054
0.0257306369489098 0.940126544947905
0.0259356716698419 1.03468309314983
0.0261390980518036 1.13476818623529
0.0263409533620455 1.24030688537188
0.0265412734503736 1.35118686289794
0.0267400928235011 1.4672586260095
0.0269374447144596 1.58833618688044
0.0271333611474652 1.71419816767252
0.0273278729985966 1.84458932158348
0.0275210100526142 1.97922244431183
0.027712801056212 2.11778064431109
0.0279032737679759 2.2599199349194
0.0280924550052918 2.40527210713921
0.0282803706884286 2.55344783840664
0.0284670458820018 2.70403999024761
0.0286525048340047 2.85662704624227
0.0288367710125804 3.01077664119633
0.0290198671406915 3.16604913281281
0.0292018152288322 3.32200116837796
0.0293826366059183 3.4781892010324
0.0295623519484747 3.634172912885
0.0297409813082364 3.78951850555884
0.0299185441382655 3.94380182258345
0.0300950593176808 4.09661127220948
0.0302705451750899 4.24755052376716
0.0304450195108049 4.39624095532238
0.0306184996179188 4.54232383512268
0.0307910023023127 4.68546222411085
0.0309625439016602 4.82534259135935
0.0311331403034883 4.96167613877222
0.031302806962353 5.0941998355953
0.031471558916181 5.22267716719138
0.0316394108018268 5.34689860608586
0.0318063768698912 5.46668181647352
0.0319724709988423 5.5818716061452
0.032137706708481 5.69233964212089
0.0323020971727846 5.79798394822487
0.032465655232167 5.89872820429507
0.0326283934051837 5.9945208678377
0.0327903238997159 6.08533413959134
0.032951458623658 6.1711627947981
0.0331118091951382 6.25202290197399
0.0332713869522954 6.32795045057231
0.0334302029626355 6.39899990841058
0.0335882680319905 6.4652427287764
0.0337455927130986 6.52676582618029
0.033902187313827 6.58367003838686
0.0340580619050539 6.63606859110416
0.0342132263282271 6.68408558017445
0.0343676902026159 6.72785448464779
0.0345214629322704 6.76751672252781
0.0346745537127035 6.80322025944014
0.0348269715373083 6.83511827891774
0.0349787252035233 6.86336792149279
0.0351298233187591 6.888129098329
0.0352802743060953 6.90956338375506
0.0354300864097605 6.92783298975944
0.0355792677004041 6.94309982430942
0.0357278260801706 6.95552463426495
0.035875769287584 6.96526623264139
0.0360231049022521 6.97248080912046
0.0361698403493984 6.97732132191466
0.036315982904229 6.97993696842045
0.0364615396961415 6.98047273154227
0.0366065177127844 6.97906899810243
0.0367509238039713 6.97586124537079
0.0368947646854577 6.97097979148503
0.0370380469425856 6.96454960532771
0.0371807770338018 6.95669017129913
0.0373229612940551 6.94751540437943
0.0374646059380773 6.93713361087418
0.0376057170635534 6.92564749029261
0.0377463006541841 6.9131541739175
0.0378863625826474 6.89974529577431
0.0380259086134612 6.88550709186094
0.0381649444057514 6.87052052373303
0.0383034755159305 6.85486142271953
0.0384415074002885 6.83860065132613
0.0385790454175006 6.82180427858236
0.0387160948310551 6.80453376637034
0.0388526608116035 6.78684616401704
0.0389887484392374 6.76879430867987
0.0391243627056931 6.75042702928778
0.0392595085164884 6.7317893520782
0.0393941906929931 6.71292270594913
0.0395284139744364 6.69386512610282
0.0396621830198525 6.67465145463915
0.0397955024099679 6.6553135369808
0.0399283766490316 6.6358804131551
0.0400608101665908 6.61637850315152
0.0401928073192145 6.59683178571892
0.0403243723921649 6.57726197010693
0.0404555096010216 6.55768866037974
0.0405862230932572 6.53812951203893
0.040716516949768 6.51860038081356
0.040846395186361 6.49911546352461
0.0409758617551976 6.47968743105065
0.0411049205461973 6.46032755346311
0.0412335753884013 6.44104581745262
0.0413618300512981 6.42185103624073
0.0414896882461123 6.40275095217536
0.0416171536270575 6.38375233227463
0.0417442297925552 6.36486105697708
0.0418709202864197 6.34608220240463
0.0419972285990118 6.32742011642879
0.0421231581683603 6.30887848886455
0.0422487123812545 6.29046041610491
0.0423738945743064 6.27216846050865
0.0424987080349859 6.25400470487085
0.0426231560026279 6.23597080227076
0.0427472416694131 6.21806802161036
0.0428709681813238 6.20029728913771
0.0429943386390743 6.18265922623391
0.0431173560990178 6.16515418373987
0.0432400235740296 6.14778227308571
0.0433623440343685 6.13054339446441
0.0434843204085155 6.11343726228905
0.0436059555839923 6.09646342815511
0.0437272524081587 6.07962130151124
0.0438482136889903 6.06291016823912
0.043968842195837 6.04632920732251
0.0440891406601628 6.02987750577217
0.0442091117762675 6.01355407197115
0.0443287582019907 5.99735784757621
0.0444480825593989 5.98128771812286
0.0445670874354562 5.9653425224451
0.0446857753826782 5.94952106103603
0.0448041489197711 5.93382210344388
0.0449222105322556 5.91824439480806
0.0450399626730753 5.90278666161664
0.0451574077631919 5.88744761676759
0.0452745481921655 5.87222596400828
0.0453913863187221 5.85712040181444
0.0455079244713078 5.84212962677391
0.0456241649486303 5.82725233652465
0.0457401100201876 5.81248723229944
0.0458557619267853 5.79783302111988
0.0459711228810419 5.78328841767763
0.0460861950678826 5.7688521459426
0.0462009806450221 5.75452294052576
0.0463154817434369 5.74029954782851
0.0464297004678265 5.72618072700276
0.0465436388970654 5.71216525074435
0.0466572990846438 5.6982519059413
0.0467706830591003 5.68443949419331
0.0468837928244434 5.67072683222221
0.0469966303605656 5.65711275218089
0.0471091976236473 5.64359610188342
0.0472214965465523 5.63017574495669
0.0473335290392158 5.61685056093301
0.0474452969890225 5.60361944528497
0.0475568022611783 5.59048130941542
0.047668046699073 5.57743508060675
0.0477790321246363 5.56447970193599
0.0478897603386856 5.55161413216226
0.0480002331212668 5.53883734558815
0.0481104522319888 5.52614833190174
0.04822041941035 5.51354609600261
0.0483301363760587 5.50102965781247
0.0484396048293468 5.4885980520763
0.0485488264512777 5.47625032815361
0.0486578029040468 5.46398554980339
0.0487665358312772 5.45180279496361
0.0488750268583086 5.43970115552708
0.048983277592481 5.42767973711523
0.0490912896234124 5.41573765885041
0.0491990645232712 5.40387405312743
0.0493066038470432 5.39208806538584
0.0494139091327934 5.38037885388312
0.0495209819019226 5.36874558946933
0.049627823659419 5.35718745536408
0.0497344358941054 5.34570364693551
0.0498408200788806 5.33429337148233
0.0499469776709575 5.32295584801858
