0 975.222813256474
0.00322748612183951 975.222813256474
0.00456435464587638 975.222813256472
0.00559016994374947 975.222813256462
0.00645497224367903 975.22281325641
0.00721687836487032 975.222813256198
0.00790569415042095 975.222813255472
0.00853912563829966 975.222813253298
0.00912870929175277 975.222813247412
0.00968245836551854 975.222813232767
0.0102062072615966 975.222813198797
0.0107043604822209 975.222813124594
0.0111803398874989 975.222812970726
0.0116368667031408 975.222812665897
0.0120761472884912 975.222812085952
0.0125 975.222811021821
0.0129099444873581 975.222809131962
0.0133072661855594 975.222805873584
0.0136930639376292 975.222800405513
0.0140682858467784 975.22279145401
0.0144337567297406 975.222777131133
0.014790199457749 975.22275469351
0.0151382517704875 975.222720227695
0.0154784796841723 975.222668246617
0.0158113883008419 975.222591180253
0.0161374306091976 975.222478742548
0.0164570147151096 975.222317155877
0.0167705098312484 975.222088214216
0.0170782512765993 975.221768166625
0.0173805446788452 975.221326403797
0.0176776695296637 975.220723932415
0.0179698822107065 975.219911624798
0.0182574185835055 975.218828234952
0.0185404962177392 975.217398176616
0.018819316317727 975.215529064089
0.0190940653956493 975.213109022604
0.0193649167310371 975.210003781516
0.0196320316489829 975.206053570536
0.0198955606438555 975.201069846456
0.0201556443707464 975.194831885129
0.0204124145231932 975.18708328054
0.0206659946127287 975.177528399631
0.0209165006633519 975.165828847643
0.0211640418320005 975.15160000412
0.0214087209644419 975.134407694014
0.021650635094611 975.113765061459
0.0218898758942728 975.089129715548
0.0221265300789196 975.059901217738
0.0223606797749979 975.025418979247
0.0225924028528766 974.984960633982
0.0228217732293819 974.937740948118
0.0230488611432322 974.882911321518
0.0232737334062816 974.819559928829
0.0234964536331195 974.746712539457
0.0237170824512628 974.663334045848
0.0239356776939085 974.568330718882
0.0241522945769824 974.460553197806
0.0243669858620224 974.338800210388
0.0245798020062544 974.201823007012
0.0247907913010725 974.048330480598
0.025 973.876994932689
0.0252074724370903 973.68645843515
0.0254132511366282 973.475339726821
0.025617376914899 973.242241575383
0.0258198889747161 972.985758526842
0.0260208249933267 972.704484958542
0.0262202212042538 972.397023346549
0.0264181124735789 972.061992654787
0.0266145323711189 971.698036751401
0.026809513236909 971.303832757494
0.0270030862433661 970.878099234677
0.0271952814534679 970.419604120601
0.0273861278752583 969.927172325827
0.0275756535129572 969.399692910862
0.0277638854149295 968.83612576878
0.0279508497187474 968.23550774649
0.0281365716935569 967.59695814613
0.0283210757799441 966.919683557154
0.0285043856274785 966.202981979233
0.0286865241300975 965.446246205877
0.0288675134594813 964.64896644865
0.0290473750965556 963.810732191641
0.0292261298612503 962.931233275498
0.0294037979406289 962.010260219521
0.0295803989154981 961.047703799043
0.0297559517855952 960.043553903387
0.0299304749934466 958.997897707027
0.0301039864469807 957.910917193148
0.0302765035409749 956.782886074474
0.0304480431774085 955.614166161018
0.0306186217847897 954.40520322829
0.0307882553365186 953.156522442431
0.0309569593683445 951.868723400816
0.0311247489949718 950.542474847797
0.0312916389258643 949.178509125618
0.0314576434802948 947.777616420065
0.0316227766016838 946.340638859241
0.0317870518712678 944.868464522014
0.0319504825211347 943.362021410283
0.0321130814466628 941.82227143629
0.0322748612183951 940.25020447284
0.0324358340933809 938.64683251064
0.0325960120260132 937.013183962978
0.0327554066783892 935.35029815384
0.0329140294302192 933.659220021273
0.0330718913883074 931.940995063512
0.0332290033956281 930.196664551056
0.0333853760400169 928.42726102364
0.0335410196624968 926.633804086945
0.0336959443652596 924.817296519896
0.0338501600193165 922.978720699664
0.0340036762718386 921.11903534792
0.0341565025531987 919.239172598651
0.0343086480837315 917.340035384799
0.0344601218802256 915.422495138291
0.0346109327621586 913.487389795594
0.0347610893576904 911.535522098789
0.0349106001094224 909.567658180326
0.0350594732799377 907.584526418079
0.0352077169571293 905.586816546031
0.0353553390593274 903.575179004927
0.0355023473402347 901.550224516476
0.0356487493936791 899.512523864172
0.0357945526581909 897.462607863482
0.035939764421413 895.40096750408
0.0360843918243516 893.328054246851
0.0362284418654736 891.244280458651
0.0363719214046587 889.150019968167
0.0365148371670111 887.045608726727
0.036657195746538 884.931345558508
0.0367990036096994 882.807492985257
0.0369402670988358 880.674278111407
0.0370809924354783 878.531893556251
0.0372211857235455 876.380498420668
0.0373608529524332 874.220219276767
0.0375 872.051151169654
0.0376386326354541 869.873358621396
0.0377767565221438 867.686876628115
0.0379143772202578 865.491711641968
0.0380515001894363 863.287842530549
0.0381881307912987 861.075221507064
0.0383242742918897 858.853775025299
0.0384599358640478 856.62340463415
0.038595120589698 854.38398778706
0.0387298334620742 852.135378602348
0.0388640793878701 849.877408570932
0.0389978631893253 847.609887208438
0.0391311896062463 845.332602649121
0.0392640632979658 843.045322179426
0.0393964888452427 840.747792709334
0.0395284707521047 838.439741179909
0.039660013447636 836.120874905741
0.0397911212877111 833.790881851108
0.0399217985566783 831.449430838858
0.0400520494689931 829.096171691086
0.040181878170804 826.730735300733
0.0403112887414928 824.352733633237
0.0404402851951698 821.96175965733
0.040568871482127 819.557387203977
0.0406970514902493 817.139170752379
0.0408248290463863 814.706645141744
0.0409522079176854 812.259325207359
0.0410791918128875 809.796705339277
0.0412057843835871 807.318258961599
0.0413319892254575 804.82343793005
0.0414578098794425 802.311671845177
0.0415832498329155 799.782367278056
0.0417083125208073 797.234906904971
0.0418330013267038 794.66864854699
0.0419573195839137 792.082924109809
0.0420812705765087 789.47703841859
0.0422048575403353 786.850267941843
0.042328083664001 784.20185939761
0.0424509520898334 781.531028234358
0.042573465914816 778.836956978056
0.0426956281914983 776.118793435828
0.0428174419288838 773.375648745445
0.0429389100932942 770.606595258551
0.0430600356092127 767.810664244143
0.0431808213601054 764.986843397105
0.0433012701892219 762.134074134843
0.0434213849003768 759.251248662948
0.0435411682587104 756.33720678855
0.0436606229914325 753.390732457356
0.0437797517885457 750.410549987435
0.0438985573035531 747.395319969437
0.0440170421541475 744.343634799077
0.0441352089228845 741.254013803386
0.0442530601578392 738.124897917186
0.0443705983732471 734.954643860537
0.0444878260501305 731.741517761306
0.0446047456369088 728.483688159383
0.0447213595499958 725.179218320309
0.044837670174382 721.826057775849
0.0449536798642039 718.42203299722
0.0450693909432999 714.964837092824
0.0451848057057532 711.452018406183
0.0452999264164229 707.880967870742
0.0454147553114624 704.24890495586
0.0455292945988258 700.552862011858
0.0456435464587638 696.789666790598
0.0457575130443078 692.955922880749
0.045871196481743 689.047987752228
0.0459845988710713 685.061948050706
0.0460977222864644 680.993591718461
0.0462105687767059 676.838376439664
0.0463231403656243 672.591393812934
0.0464354390525168 668.247328537716
0.0465474668125631 663.800411757923
0.0466592255972314 659.2443675296
0.0467707173346743 654.572351159647
0.0468819439301174 649.776877887858
0.0469929072662389 644.849740038783
0.0471036092035419 639.781910331575
0.0472140515807176 634.563428476535
0.0473242362150023 629.183267467291
0.0474341649025257 623.629175043889
0.047543839418653 617.887484580354
0.0476532615183193 611.94288803637
0.047762432936357 605.778161459192
0.0478713553878169 599.37383061683
0.0479800305682826 592.707760378428
0.0480884601541784 585.754645976729
0.0481966458030708 578.485376605679
0.0483045891539648 570.866230877112
0.0484122918275927 562.85784785344
0.0485197554266988 554.413894094531
0.0486269815363172 545.47931218357
0.0487339717240448 535.98798247663
0.0488407275403087 525.859545236804
0.048947250518628 514.99499337438
0.0490535421758715 503.27041720404
0.0491596040125088 490.527886262112
0.0492654375128582 476.56173735206
0.0493710441453288 461.097180395332
0.049476425362658 443.755405548076
0.0495815826021451 423.993495085423
0.0496865172858795 400.993623741572
0.0497912308209655 373.439760674318
0.0498957245997423 339.009879115098
0.05 293
