0 976.152162223375
0.000981524903811178 976.152162223375
0.00138808583077672 976.152162223375
0.00170005100229511 976.152162223375
0.00196304980762236 976.152162223374
0.00219475640653074 976.152162223374
0.00240423518417173 976.152162223374
0.00259687080110097 976.152162223373
0.00277617166155343 976.152162223373
0.00294457471143353 976.152162223373
0.003103854276221 976.152162223372
0.00325534982833135 976.152162223372
0.00340010200459023 976.152162223372
0.00353893836883606 976.152162223372
0.00367252990664768 976.152162223372
0.00380142960634853 976.152162223372
0.00392609961524471 976.152162223371
0.0040469308525877 976.152162223371
0.00416425749233015 976.152162223371
0.0042783678662814 976.152162223371
0.00438951281306147 976.152162223371
0.00449791216819897 976.152162223371
0.00460375987749512 976.15216222337
0.00470722807461413 976.152162223369
0.00480847036834345 976.152162223369
0.00490762451905589 976.152162223368
0.00500481463761048 976.152162223367
0.00510015300688534 976.152162223366
0.00519374160220194 976.152162223365
0.00528567336933003 976.152162223364
0.0053760333057047 976.152162223363
0.00546489938067004 976.152162223361
0.00555234332310686 976.152162223359
0.00563843129908052 976.152162223356
0.00572322449771564 976.152162223353
0.0058067796400461 976.15216222335
0.00588914942286707 976.152162223346
0.0059703829074572 976.152162223342
0.0060505258613164 976.152162223338
0.00612962105967898 976.152162223332
0.00620770855244201 976.152162223327
0.0062848259012373 976.15216222332
0.00636100839062996 976.152162223313
0.00643628921681323 976.152162223305
0.0065106996566627 976.152162223296
0.00658426921959221 976.152162223286
0.0066570257843027 976.152162223275
0.00672899572222129 976.152162223261
0.00680020400918046 976.152162223246
0.00687067432667824 976.152162223229
0.00694042915388357 976.15216222321
0.00700948985139993 976.152162223189
0.00707787673767212 976.152162223165
0.00714560915881086 976.152162223137
0.00721270555251518 976.152162223107
0.00727918350669117 976.152162223072
0.00734505981329535 976.152162223033
0.00741035051786944 976.15216222299
0.00747507096518083 976.152162222941
0.00753923584133637 976.152162222887
0.00760285921269706 976.152162222827
0.00766595456188556 976.152162222759
0.0077285348211479 976.152162222684
0.00779061240330291 976.1521622226
0.00785219923048942 976.152162222507
0.00791330676089966 976.152162222405
0.00797394601366862 976.152162222291
0.00803412759207266 976.152162222165
0.0080938617051754 976.152162222025
0.0081531581880463 976.152162221871
0.00821202652066516 976.152162221701
0.0082704758456155 976.152162221513
0.00832851498466029 976.152162221306
0.00838615245428513 976.152162221078
0.00844339648028648 976.152162220827
0.00850025501147557 976.152162220551
0.00855673573256281 976.152162220248
0.00861284607628156 976.152162219916
0.00866859323480576 976.152162219551
0.00872398417051073 976.152162219152
0.00877902562612294 976.152162218714
0.0088337241343006 976.152162218235
0.0088880860266835 976.152162217712
0.00894211744244773 976.152162217141
0.00899582433639794 976.152162216517
0.00904921248662728 976.152162215836
0.00910228750177298 976.152162215094
0.00915505482789339 976.152162214285
0.00920751975499025 976.152162213406
0.00925968742319832 976.152162212448
0.00931156282866301 976.152162211407
0.00936315082912479 976.152162210275
0.00941445614922826 976.152162209047
0.0094654833855722 976.152162207714
0.00951623701151589 976.152162206268
0.00956672138175595 976.152162204701
0.0096169407366869 976.152162203004
0.00966689920655789 976.152162201166
0.009716600815437 976.152162199178
0.00976604948499405 976.152162197028
0.00981524903811178 976.152162194704
0.00986420320233498 976.152162192193
0.00991291561316635 976.152162189483
0.00996138981721721 976.152162186559
0.010009629275221 976.152162183405
0.0100576373649164 976.152162180006
0.0101054173838077 976.152162176343
0.0101529725518079 976.1521621724
0.0102003060137707 976.152162168156
0.0102474208419176 976.152162163591
0.0102943200381652 976.152162158683
0.0103410065363567 976.152162153408
0.0103874832044039 976.152162147742
0.0104337528463432 976.152162141659
0.0104798182043094 976.152162135131
0.0105256819604326 976.152162128128
0.0105713467386601 976.152162120621
0.0106168151065082 976.152162112574
0.0106620895767472 976.152162103955
0.0107071726090216 976.152162094725
0.0107520666114094 976.152162084846
0.010796773941923 976.152162074278
0.0108412969099545 976.152162062975
0.0108856377776679 976.152162050893
0.0109297987613401 976.152162037983
0.0109737820326537 976.152162024193
0.011017589719943 976.15216200947
0.0110612239093961 976.152161993757
0.0111046866462137 976.152161976993
0.0111479799357282 976.152161959115
0.011191105744483 976.152161940057
0.011234066001275 976.152161919748
0.011276862598161 976.152161898113
0.0113194973914306 976.152161875076
0.0113619722025451 976.152161850553
0.0114042888190456 976.152161824459
0.0114464489954313 976.152161796703
0.0114884544540078 976.152161767189
0.0115303068857083 976.152161735817
0.011572007950888 976.152161702481
0.0116135592800922 976.152161667069
0.0116549624748009 976.152161629467
0.0116962191081485 976.152161589551
0.0117373307256216 976.152161547193
0.0117782988457341 976.152161502259
0.0118191249606823 976.152161454607
0.0118598105369784 976.152161404088
0.0119003570160658 976.152161350548
0.0119407658149144 976.152161293822
0.0119810383265988 976.152161233741
0.0120211759208586 976.152161170125
0.0120611799446419 976.152161102787
0.0121010517226328 976.15216103153
0.0121407925577631 976.15216095615
0.0121804037317093 976.15216087643
0.0122198865053747 976.152160792146
0.012259242119358 976.152160703062
0.0122984717944077 976.152160608931
0.0123375767318645 976.152160509497
0.0123765581140899 976.152160404489
0.012415417104884 976.152160293626
0.0124541548498904 976.152160176614
0.0124927724769904 976.152160053146
0.0125312710966865 976.152159922901
0.0125696518024746 976.152159785543
0.0126079156712065 976.152159640723
0.0126460637634426 976.152159488076
0.0126840971237947 976.15215932722
0.0127220167812599 976.152159157759
0.0127598237495453 976.152158979277
0.0127975190273843 976.152158791342
0.0128351035988442 976.152158593504
0.0128725784336265 976.152158385293
0.0129099444873581 976.152158166218
0.0129472027018761 976.15215793577
0.0129843540055048 976.152157693418
0.0130213993133254 976.152157438608
0.0130583395274389 976.152157170764
0.0130951755372226 976.152156889287
0.0131319082195801 976.152156593552
0.0131685384391844 976.152156282909
0.0132050670487158 976.152155956682
0.0132414948890932 976.15215561417
0.0132778227897002 976.152155254639
0.0133140515686054 976.152154877331
0.0133501820327771 976.152154481454
0.0133862149782934 976.152154066188
0.0134221511905465 976.15215363068
0.0134579914444426 976.152153174041
0.0134937365045969 976.152152695352
0.0135293871255239 976.152152193656
0.0135649440518232 976.152151667959
0.0136004080183609 976.152151117229
0.0136357797504469 976.152150540397
0.0136710599640079 976.152149936351
0.0137062493657565 976.152149303939
0.0137413486533565 976.152148641965
0.013776358515584 976.152147949189
0.0138112796324854 976.152147224323
0.0138461126755312 976.152146466035
0.0138808583077671 976.152145672941
0.0139155171839609 976.152144843609
0.0139500899507462 976.152143976552
0.0139845772467641 976.152143070233
0.0140189797027999 976.152142123058
0.014053297941918 976.152141133373
0.0140875325795938 976.152140099469
0.0141216842238424 976.152139019576
0.0141557534753442 976.15213789186
0.0141897409275688 976.152136714423
0.0142236471668951 976.152135485301
0.0142574727727296 976.152134202462
0.0142912183176217 976.152132863803
0.0143248843673772 976.152131467149
0.0143584714811685 976.15213001025
0.0143919802116433 976.152128490781
0.0144254111050304 976.152126906335
0.0144587647012438 976.152125254426
0.0144920415339846 976.152123532484
0.0145252421308403 976.152121737852
0.0145583670133823 976.152119867787
0.0145914166972622 976.152117919451
0.0146243916923044 976.152115889916
0.014657292502599 976.152113776156
0.0146901196265907 976.152111575047
0.0147228735571677 976.152109283363
0.0147555547817474 976.152106897773
0.0147881637823616 976.15210441484
0.0148207010357389 976.152101831014
0.0148531670133865 976.152099142636
0.0148855621816697 976.152096345927
0.0149178870018899 976.152093436989
0.0149501419303617 976.152090411804
0.0149823274184874 976.152087266224
0.0150144439128314 976.152083995975
0.0150464918551921 976.152080596649
0.0150784716826727 976.152077063702
0.0151103838277512 976.152073392449
0.0151422287183481 976.152069578063
0.0151740067778938 976.15206561557
0.0152057184253941 976.152061499843
0.0152373640754945 976.152057225603
0.0152689441385439 976.152052787411
0.015300459020656 976.152048179664
0.0153319091237711 976.152043396595
0.0153632948457151 976.152038432262
0.0153946165802588 976.152033280552
0.0154258747171751 976.152027935169
0.0154570696422958 976.152022389635
0.0154882017375673 976.152016637282
0.015519271381105 976.152010671249
0.0155502789472468 976.152004484478
0.0155812248066058 976.151998069707
0.0156121093261221 976.151991419467
0.0156429328691135 976.151984526075
0.0156736957953251 976.151977381634
0.0157043984609788 976.151969978021
0.015735041218821 976.151962306885
0.01576562441817 976.151954359642
0.0157961484049625 976.151946127471
0.0158266135217993 976.151937601304
0.0158570201079901 976.151928771823
0.0158873684995975 976.151919629457
0.0159176590294806 976.151910164371
0.0159478920273372 976.151900366463
0.0159780678197462 976.151890225356
0.0160081867302081 976.151879730395
0.016038249079186 976.15186887064
0.0160682551841453 976.151857634854
0.0160982053595926 976.151846011506
0.0161280999171141 976.151833988757
0.0161579391654139 976.151821554456
0.0161877234103508 976.151808696134
0.0162174529549748 976.151795400994
0.0162471280995634 976.151781655907
0.0162767491416568 976.151767447407
0.0163063163760926 976.151752761675
0.0163358300950404 976.15173758454
0.016365290588035 976.15172190147
0.0163946981420101 976.151705697562
0.0164240530413303 976.151688957534
0.0164533555678236 976.151671665721
0.0164826060008129 976.151653806063
0.016511804617147 976.151635362098
0.016540951691231 976.151616316955
0.0165700474950568 976.151596653345
0.0165990922982325 976.151576353553
0.0166280863680113 976.151555399427
0.0166570299693206 976.151533772372
0.01668592336479 976.151511453339
0.0167147668147793 976.15148842282
0.0167435605774055 976.151464660834
0.0167723049085703 976.15144014692
0.0168010000619859 976.151414860127
0.0168296462892021 976.151388779008
0.0168582438396309 976.151361881603
0.016886792960573 976.151334145436
0.0169152938972416 976.151305547503
0.0169437468927879 976.151276064259
0.0169721521883249 976.151245671614
0.0170005100229511 976.151214344916
0.0170288206337745 976.151182058945
0.017057084255935 976.1511487879
0.0170853011226278 976.151114505392
0.0171134714651256 976.151079184427
0.0171415955128007 976.151042797401
0.0171696734931469 976.151005316083
0.0171977056318008 976.150966711611
0.0172256921525631 976.150926954473
0.0172536332774195 976.1508860145
0.0172815292265609 976.150843860855
0.0173093802184041 976.150800462017
0.0173371864696115 976.15075578577
0.0173649481951108 976.150709799196
0.0173926656081144 976.150662468656
0.0174203389201383 976.15061375978
0.0174479683410215 976.150563637456
0.0174755540789438 976.150512065816
0.0175030963404447 976.150459008222
0.0175305953304413 976.150404427254
0.0175580512522459 976.150348284698
0.0175854643075835 976.150290541531
0.0176128346966096 976.150231157906
0.0176401626179267 976.150170093144
0.0176674482686012 976.150107305712
0.0176946918441803 976.150042753217
0.0177218935387081 976.149976392387
0.0177490535447416 976.149908179059
0.017776172053367 976.149838068163
0.017803249254215 976.149766013709
0.0178302853354765 976.14969196877
0.0178572804839178 976.149615885471
0.0178842348848955 976.14953771497
0.0179111487223716 976.149457407446
0.0179380221789281 976.149374912081
0.0179648554357812 976.149290177047
0.0179916486727959 976.149203149487
0.0180184020684998 976.149113775505
0.0180451158000973 976.149022000144
0.0180717900434828 976.148927767373
0.0180984249732546 976.148831020071
0.0181250207627281 976.14873170001
0.0181515775839492 976.148629747838
0.0181780956077068 976.148525103063
0.018204575003546 976.148417704037
0.0182310159397805 976.148307487937
0.0182574185835055 976.148194390749
0.0182837831006095 976.148078347254
0.0183101096557868 976.147959291002
0.0183363984125492 976.147837154306
0.0183626495332384 976.147711868212
0.018388863179037 976.147583362494
0.0184150395099805 976.147451565626
0.0184411786849687 976.147316404767
0.0184672808617767 976.147177805744
0.0184933461970663 976.147035693034
0.0185193748463966 976.146889989744
0.0185453669642353 976.14674061759
0.0185713227039689 976.146587496885
0.0185972422179137 976.146430546513
0.018623125657326 976.146269683913
0.0186489731724124 976.146104825063
0.0186747849123399 976.145935884453
0.0187005610252463 976.145762775072
0.0187263016582496 976.145585408386
0.0187520069574583 976.145403694319
0.0187776770679806 976.145217541232
0.0188033121339344 976.145026855904
0.0188289122984565 976.144831543511
0.0188544777037119 976.144631507606
0.018880008490903 976.144426650101
0.018905504800279 976.144216871241
0.0189309667711444 976.144002069589
0.0189563945418683 976.143782142003
0.018981788249893 976.143556983615
0.0190071480317426 976.143326487808
0.0190324740230318 976.143090546201
0.0190577663584739 976.142849048621
0.0190830251718899 976.142601883083
0.0191082505962159 976.142348935775
0.0191334427635119 976.142090091027
0.0191586018049697 976.141825231295
0.0191837278509207 976.14155423714
0.0192088210308439 976.141276987201
0.0192338814733738 976.140993358179
0.0192589093063079 976.14070322481
0.0192839046566144 976.140406459847
0.0193088676504397 976.140102934033
0.0193337984131158 976.139792516084
0.0193586970691676 976.139475072662
0.0193835637423205 976.139150468354
0.0194083985555069 976.138818565652
0.019433201630874 976.138479224927
0.0194579730897904 976.138132304404
0.019482713052853 976.137777660148
0.0195074216398941 976.13741514603
0.0195320989699881 976.137044613711
0.019556745161458 976.136665912619
0.0195813603318823 976.136278889922
0.0196059445981012 976.135883390507
0.0196304980762236 976.135479256955
0.0196550208816327 976.135066329521
0.0196795131289933 976.134644446107
0.0197039749322572 976.134213442241
0.01972840640467 976.133773151051
0.0197528076587766 976.133323403244
0.019777178806428 976.132864027081
0.0198015199587867 976.132394848352
0.0198258312263327 976.131915690354
0.0198501127188696 976.131426373869
0.0198743645455303 976.130926717133
0.0198985868147824 976.130416535822
0.0199227796344344 976.129895643021
0.0199469431116409 976.129363849202
0.0199710773529081 976.128820962198
0.0199951824640997 976.128266787186
0.0200192585504419 976.127701126652
0.020043305716529 976.127123780379
0.0200673240663284 976.126534545412
0.0200913137031864 976.125933216042
0.0201152747298327 976.125319583776
0.0201392072483861 976.124693437318
0.0201631113603593 976.124054562542
0.0201869871666639 976.123402742467
0.0202108347676155 976.122737757234
0.0202346542629385 976.122059384086
0.0202584457517712 976.121367397336
0.0202822093326703 976.12066156835
0.0203059451036158 976.119941665516
0.0203296531620159 976.119207454228
0.0203533336047111 976.118458696856
0.0203769865279797 976.117695152725
0.0204006120275414 976.116916578088
0.0204242101985626 976.116122726106
0.0204477811356604 976.115313346821
0.0204713249329073 976.114488187134
0.0204948416838353 976.113646990781
0.0205183314814405 976.112789498307
0.0205417944181874 976.111915447047
0.0205652305860128 976.111024571096
0.0205886400763304 976.110116601291
0.0206120229800347 976.109191265185
0.0206353793875054 976.108248287025
0.020658709388611 976.107287387725
0.0206820130727133 976.106308284848
0.0207052905286713 976.105310692578
0.0207285418448449 976.1042943217
0.0207517671090991 976.103258879575
0.0207749664088078 976.102204070119
0.0207981398308573 976.101129593778
0.0208212874616507 976.100035147507
0.0208444093871113 976.098920424745
0.0208675056926863 976.097785115397
0.0208905764633506 976.096628905806
0.0209136217836103 976.095451478735
0.0209366417375066 976.094252513339
0.0209596364086189 976.093031685154
0.020982605880069 976.091788666061
0.0210055502345239 976.090523124275
0.0210284695541998 976.089234724319
0.0210513639208653 976.087923127002
0.0210742334158448 976.086587989398
0.021097078120022 976.085228964826
0.0211198981138431 976.083845702829
0.0211426934773201 976.082437849149
0.0211654642900343 976.081005045713
0.0211882106311392 976.079546930606
0.0212109325793639 976.078063138053
0.0212336302130164 976.076553298401
0.0212563036099865 976.075017038094
0.021278952847749 976.073453979658
0.0213015780033669 976.071863741675
0.0213241791534945 976.070245938772
0.0213467563743799 976.068600181595
0.0213693097418688 976.06692607679
0.021391839331407 976.065223226987
0.0214143452180433 976.063491230781
0.0214368274764326 976.06172968271
0.0214592861808387 976.05993817324
0.0214817214051374 976.058116288747
0.0215041332228188 976.056263611495
0.0215265217069907 976.054379719622
0.021548886930381 976.052464187122
0.0215712289653405 976.050516583827
0.0215935478838459 976.048536475391
0.0216158437575022 976.046523423269
0.0216381166575455 976.044476984709
0.0216603666548457 976.042396712726
0.0216825938199089 976.040282156092
0.0217047982228804 976.03813285932
0.021726979933547 976.035948362645
0.0217491390213396 976.033728202012
0.0217712755553357 976.031471909059
0.0217933896042621 976.029179011104
0.0218154812364972 976.026849031128
0.0218375505200735 976.024481487764
0.0218595975226802 976.022075895281
0.0218816223116652 976.019631763569
0.0219036249540383 976.017148598131
0.0219256055164725 976.014625900065
0.0219475640653074 976.01206316605
0.0219695006665507 976.00945988834
0.0219914153858812 976.006815554746
0.0220133082886507 976.004129648627
0.022035179439886 976.001401648878
0.0220570289042921 975.998631029918
0.0220788567462534 975.995817261681
0.0221006630298365 975.992959809601
0.0221224478187922 975.990058134608
0.0221442111765577 975.987111693114
0.022165953166259 975.984119937003
0.0221876738507124 975.981082313625
0.0222093732924274 975.977998265785
0.0222310515536083 975.974867231733
0.0222527086961563 975.97168864516
0.0222743447816719 975.968461935185
0.0222959598714564 975.965186526353
0.0223175540265146 975.961861838622
0.0223391273075561 975.958487287361
0.0223606797749979 975.955062283341
0.022382211488966 975.951586232731
0.0224037225092975 975.948058537089
0.0224252128955425 975.944478593359
0.022446682706966 975.940845793868
0.0224681320025499 975.937159526315
0.0224895608409949 975.933419173774
0.022510969280722 975.929624114688
0.0225323573798751 975.925773722861
0.0225537251963221 975.921867367461
0.0225750727876571 975.917904413016
0.0225964002112022 975.913884219409
0.0226177075240091 975.909806141878
0.0226389947828613 975.905669531016
0.0226602620442753 975.901473732766
0.0226815093645027 975.897218088425
0.022702736799532 975.892901934641
0.0227239444050901 975.888524603414
0.0227451322366441 975.884085422095
0.022766300349403 975.879583713389
0.0227874487983195 975.875018795357
0.0228085776380912 975.870389981415
0.0228296869231629 975.865696580338
0.0228507767077278 975.860937896264
0.0228718470457293 975.856113228694
0.0228928979908626 975.851221872497
0.022913929596576 975.846263117916
0.022934941916073 975.84123625057
0.0229559350023135 975.836140551457
0.0229769089080156 975.830975296965
0.0229978636856567 975.825739758873
0.0230187993874756 975.820433204357
0.0230397160654738 975.815054896001
0.0230606137714166 975.809604091798
0.0230814925568355 975.804080045163
0.0231023524730287 975.798482004936
0.0231231935710631 975.792809215396
0.0231440159017759 975.787060916265
0.0231648195157756 975.781236342717
0.0231856044634437 975.775334725393
0.0232063707949361 975.769355290405
0.0232271185601844 975.763297259351
0.0232478478088976 975.757159849324
0.0232685585905631 975.750942272924
0.0232892509544482 975.744643738268
0.0233099249496018 975.738263449008
0.0233305806248552 975.731800604337
0.0233512180288239 975.725254399005
0.0233718372099087 975.718624023338
0.0233924382162971 975.711908663242
0.0234130210959645 975.705107500227
0.0234335858966757 975.698219711416
0.0234541326659862 975.691244469565
0.0234746614512432 975.684180943077
0.0234951722995871 975.677028296018
0.0235156652579527 975.669785688134
0.0235361403730707 975.662452274871
0.0235565976914683 975.655027207391
0.0235770372594711 975.647509632589
0.0235974591232042 975.639898693116
0.0236178633285929 975.632193527393
0.0236382499213646 975.624393269635
0.0236586189470496 975.616497049871
0.0236789704509824 975.608503993961
0.0236993044783027 975.600413223622
0.0237196210739569 975.592223856446
0.023739920282699 975.583935005924
0.0237602021490917 975.575545781468
0.023780466717508 975.567055288435
0.0238007140321316 975.558462628147
0.0238209441369587 975.54976689792
0.0238411570757988 975.540967191085
0.0238613528922756 975.532062597013
0.0238815316298288 975.523052201142
0.0239016933317143 975.513935085001
0.0239218380410059 975.504710326237
0.0239419658005962 975.495376998642
0.0239620766531976 975.48593417218
0.0239821706413435 975.476380913013
0.0240022478073892 975.466716283532
0.024022308193513 975.456939342382
0.0240423518417173 975.447049144495
0.0240623787938293 975.437044741114
0.0240823890915027 975.426925179829
0.024102382776218 975.416689504601
0.0241223598892839 975.406336755797
0.0241423204718381 975.395865970221
0.0241622645648485 975.385276181142
0.024182192209114 975.374566418331
0.0242021034452656 975.363735708088
0.0242219983137672 975.35278307328
0.0242418768549166 975.341707533369
0.0242617391088467 975.330508104452
0.0242815851155262 975.31918379929
0.0243014149147605 975.307733627342
0.0243212285461929 975.296156594807
0.0243410260493051 975.28445170465
0.0243608074634186 975.272617956646
0.0243805728276952 975.26065434741
0.0244003221811384 975.248559870436
0.0244200555625935 975.236333516137
0.0244397730107494 975.223974271877
0.0244594745641389 975.211481122011
0.0244791602611397 975.198853047928
0.0244988301399753 975.186089028079
0.0245184842387159 975.173188038028
0.0245381225952794 975.160149050482
0.0245577452474319 975.146971035336
0.0245773522327888 975.133652959713
0.0245969435888154 975.120193788001
0.0246165193528283 975.106592481896
0.0246360795619955 975.092848000446
0.0246556242533377 975.078959300089
0.0246751534637289 975.064925334696
0.0246946672298975 975.050745055613
0.0247141655884268 975.036417411706
0.0247336485757556 975.021941349402
0.0247531162281798 975.007315812733
0.0247725685818524 974.992539743381
0.0247920056727846 974.977612080719
0.0248114275368465 974.96253176186
0.024830834209768 974.947297721699
0.0248502257271395 974.931908892957
0.0248696021244126 974.91636420623
0.0248889634369009 974.900662590034
0.0249083096997808 974.884802970849
0.024927640948092 974.868784273167
0.0249469572167388 974.852605419539
0.0249662585404902 974.836265330622
0.0249855449539809 974.819762925228
0.0250048164917122 974.803097120367
0.0250240731880524 974.7862668313
0.0250433150772378 974.769270971586
0.0250625421933731 974.75210845313
0.0250817545704324 974.73477818623
0.0251009522422598 974.717279079633
0.02512013524257 974.699610040574
0.0251393036049492 974.681769974837
0.0251584573628554 974.663757786797
0.0251775965496196 974.645572379474
0.025196721198446 974.62721265458
0.025215831342413 974.608677512577
0.0252349270144738 974.589965852719
0.0252540082474569 974.571076573111
0.0252730750740669 974.552008570755
0.0252921275268852 974.532760741607
0.0253111656383705 974.513331980623
0.0253301894408594 974.493721181816
0.0253491989665675 974.473927238307
0.0253681942475894 974.453949042378
0.0253871753158998 974.433785485523
0.0254061422033538 974.413435458504
0.0254250949416877 974.392897851404
0.0254440335625198 974.372171553676
0.0254629580973507 974.351255454203
0.0254818685775639 974.330148441349
0.0255007650344267 974.308849403013
0.0255196474990906 974.287357226683
0.0255385160025919 974.265670799491
0.0255573705758524 974.243789008267
0.0255762112496798 974.221710739595
0.0255950380547685 974.199434879867
0.0256138510217001 974.176960315339
0.0256326501809441 974.154285932184
0.0256514355628579 974.13141061655
0.0256702071976884 974.108333254614
0.0256889651155716 974.085052732638
0.0257077093465337 974.061567937024
0.0257264399204915 974.037877754372
0.0257451568672529 974.013981071533
0.0257638602165177 973.989876775667
0.0257825499978777 973.965563754299
0.0258012262408178 973.941040895377
0.0258198889747161 973.916307087323
0.0258385382288447 973.891361219096
0.02585717403237 973.866202180244
0.0258757964143535 973.840828860964
0.0258944054037522 973.815240152153
0.0259130010294191 973.789434945473
0.0259315833201036 973.763412133401
0.0259501523044524 973.73717060929
0.0259687080110097 973.710709267422
0.0259872504682177 973.684027003071
0.0260057797044173 973.657122712552
0.0260242957478485 973.629995293286
0.0260427986266508 973.602643643851
0.026061288368864 973.575066664044
0.0260797650024284 973.547263254932
0.0260982285551853 973.519232318916
0.0261166790548778 973.490972759785
0.0261351165291508 973.46248348277
0.0261535410055521 973.433763394608
0.0261719525115322 973.404811403591
0.0261903510744453 973.375626419632
0.0262087367215495 973.346207354315
0.0262271094800075 973.316553120954
0.0262454693768868 973.286662634652
0.0262638164391602 973.256534812356
0.0262821506937067 973.226168572913
0.0263004721673111 973.19556283713
0.0263187808866655 973.16471652783
0.0263370768783688 973.133628569905
0.0263553601689279 973.102297890376
0.0263736307847576 973.070723418453
0.0263918887521813 973.038904085582
0.0264101340974315 973.006838825513
0.0264283668466502 972.974526574345
0.026446587025889 972.941966270592
0.0264647946611101 972.909156855234
0.0264829897781863 972.876097271773
0.0265011724029018 972.84278646629
0.0265193425609521 972.809223387503
0.0265375002779449 972.775406986819
0.0265556455794004 972.741336218391
0.0265737784907516 972.707010039174
0.0265918990373447 972.672427408981
0.0266100072444397 972.637587290537
0.0266281031372108 972.602488649533
0.0266461867407465 972.567130454684
0.0266642580800505 972.53151167778
0.0266823171800415 972.495631293744
0.0267003640655543 972.459488280686
0.0267183987613394 972.423081619952
0.0267364212920642 972.386410296187
0.0267544316823128 972.349473297382
0.0267724299565868 972.312269614929
0.0267904161393053 972.274798243676
0.0268083902548055 972.237058181979
0.0268263523273432 972.199048431759
0.026844302381093 972.160767998548
0.0268622404401486 972.122215891546
0.0268801665285235 972.083391123672
0.0268980806701511 972.04429271162
0.0269159828888852 972.004919675904
0.0269338732085001 971.965271040917
0.0269517516526916 971.925345834977
0.0269696182450765 971.885143090382
0.0269874730091938 971.844661843459
0.0270053159685046 971.803901134616
0.0270231471463923 971.762860008391
0.0270409665661635 971.721537513504
0.0270587742510479 971.679932702905
0.0270765702241989 971.638044633828
0.0270943545086938 971.595872367835
0.0271121271275342 971.553414970866
0.0271298881036465 971.510671513295
0.0271476374598818 971.467641069969
0.027165375219017 971.424322720262
0.0271831014037542 971.380715548121
0.0272008160367218 971.336818642114
0.0272185191404747 971.29263109548
0.0272362107374941 971.248152006173
0.0272538908501885 971.203380476908
0.0272715595008938 971.158315615212
0.0272892167118734 971.112956533465
0.0273068625053189 971.06730234895
0.0273244969033502 971.021352183897
0.0273421199280158 970.975105165526
0.0273597316012931 970.928560426097
0.0273773319450892 970.881717102949
0.0273949209812403 970.834574338547
0.027412498731513 970.787131280528
0.0274300652176039 970.739387081737
0.0274476204611403 970.69134090028
0.0274651644836802 970.64299189956
0.027482697306713 970.594339248321
0.0275002189516595 970.54538212069
0.0275177294398722 970.496119696219
0.027535228792636 970.446551159929
0.027552717031168 970.396675702343
0.0275701941766179 970.346492519537
0.0275876602500686 970.296000813172
0.0276051152725363 970.245199790536
0.0276225592649707 970.194088664587
0.0276399922482555 970.142666653987
0.0276574142432083 970.090932983144
0.0276748252705817 970.038886882247
0.0276922253510625 969.986527587306
0.0277096145052729 969.933854340192
0.0277269927537703 969.880866388667
0.0277443601170478 969.827562986429
0.0277617166155343 969.77394339314
0.027779062269595 969.720006874468
0.0277963970995314 969.665752702119
0.0278137211255818 969.611180153872
0.0278310343679217 969.556288513617
0.0278483368466636 969.501077071383
0.0278656285818577 969.445545123378
0.0278829095934919 969.389691972018
0.0279001799014925 969.333516925961
0.0279174395257238 969.27701930014
0.027934688485989 969.220198415794
0.0279519268020301 969.1630536005
0.0279691544935283 969.105584188203
0.027986371580104 969.04778951925
0.0280035780813177 968.989668940414
0.0280207740166694 968.931221804929
0.0280379594055997 968.872447472517
0.0280551342674894 968.813345309419
0.0280722986216601 968.75391468842
0.0280894524873744 968.694154988879
0.028106595883836 968.634065596754
0.0281237288301901 968.573645904635
0.0281408513455238 968.512895311762
0.0281579634488659 968.451813224058
0.0281750651591877 968.390399054151
0.0281921564954026 968.328652221401
0.0282092374763671 968.266572151923
0.0282263081208803 968.204158278613
0.0282433684476848 968.141410041168
0.0282604184754663 968.078326886115
0.0282774582228545 968.014908266829
0.0282944877084227 967.951153643557
0.0283115069506885 967.887062483442
0.0283285159681139 967.822634260537
0.0283455147791055 967.757868455838
0.0283625034020146 967.69276455729
0.0283794818551377 967.62732205982
0.0283964501567166 967.561540465348
0.0284134083249386 967.49541928281
0.0284303563779368 967.428958028174
0.0284472943337903 967.362156224461
0.0284642222105242 967.295013401758
0.0284811400261102 967.22752909724
0.0284980477984668 967.159702855185
0.0285149455454592 967.091534226986
0.0285318332848996 967.023022771173
0.0285487110345477 966.954168053424
0.0285655788121107 966.88496964658
0.0285824366352435 966.815427130662
0.0285992845215489 966.745540092881
0.0286161224885782 966.675308127652
0.0286329505538307 966.604730836609
0.0286497687347544 966.533807828614
0.0286665770487464 966.462538719771
0.0286833755131525 966.390923133438
0.0287001641452678 966.318960700234
0.0287169429623371 966.246651058053
0.0287337119815544 966.17399385207
0.0287504712200639 966.100988734756
0.0287672206949598 966.027635365881
0.0287839604232865 965.953933412525
0.028800690422039 965.879882549087
0.0288174107081627 965.80548245729
0.0288341212985541 965.730732826188
0.0288508222100607 965.655633352176
0.0288675134594813 965.58018373899
0.0288841950635661 965.504383697717
0.028900867039017 965.428232946799
0.0289175294024877 965.351731212037
0.028934182170584 965.274878226594
0.0289508253598639 965.197673731
0.028967458986838 965.120117473155
0.0289840830679693 965.042209208332
0.0290006976196737 964.963948699178
0.02901730265832 964.885335715714
0.0290338982002305 964.806370035341
0.0290504842616806 964.727051442836
0.0290670608588992 964.647379730355
0.0290836280080693 964.56735469743
0.0291001857253275 964.486976150974
0.0291167340267647 964.406243905273
0.029133272928426 964.325157781986
0.029149802446311 964.243717610147
0.0291663225963741 964.161923226158
0.0291828333945243 964.079774473787
0.0291993348566258 963.997271204168
0.029215826998498 963.914413275792
0.0292323098359156 963.831200554503
0.0292487833846088 963.747632913498
0.0292652476602637 963.663710233317
0.0292817026785222 963.579432401838
0.0292981484549822 963.494799314274
0.0293145850051979 963.409810873161
0.0293310123446801 963.324466988356
0.0293474304888959 963.238767577026
0.0293638394532694 963.152712563642
0.0293802392531814 963.066301879971
0.02939662990397 962.979535465061
0.0294130114209304 962.892413265243
0.0294293838193154 962.804935234111
0.0294457471143353 962.717101332516
0.0294621013211582 962.628911528557
0.0294784464549099 962.540365797566
0.0294947825306747 962.4514641221
0.0295111095634948 962.362206491928
0.029527427568371 962.272592904017
0.0295437365602626 962.182623362522
0.0295600365540876 962.092297878772
0.0295763275647231 962.001616471254
0.0295926096070049 961.910579165602
0.0296088826957284 961.819185994585
0.0296251468456479 961.727436998083
0.0296414020714778 961.635332223082
0.0296576483878916 961.542871723654
0.029673885809523 961.45005556094
0.0296901143509655 961.356883803134
0.029706334026773 961.263356525469
0.0297225448514594 961.169473810197
0.0297387468394991 961.075235746574
0.0297549400053271 960.980642430837
0.0297711243633394 960.885693966191
0.0297872999278924 960.79039046279
0.029803466713304 960.694732037714
0.0298196247338531 960.598718814952
0.0298357740037798 960.502350925383
0.029851914537286 960.405628506753
0.0298680463485349 960.30855170366
0.0298841694516516 960.211120667525
0.0299002838607233 960.113335556577
0.029916389589799 960.01519653583
0.0299324866528899 959.916703777059
0.0299485750639698 959.81785745878
0.0299646548369748 959.718657766225
0.0299807259858036 959.619104891321
0.0299967885243177 959.519199032667
0.0300128424663417 959.418940395507
0.0300288878256629 959.31832919171
0.030044924616032 959.217365639741
0.030060952851163 959.116049964642
0.0300769725447334 959.014382398
0.0300929837103842 958.912363177929
0.0301089863617202 958.809992549039
0.0301249805123099 958.707270762412
0.0301409661756861 958.604198075575
0.0301569433653455 958.500774752473
0.0301729120947491 958.397001063444
0.0301888723773224 958.29287728519
0.0302048242264553 958.188403700748
0.0302207676555024 958.083580599467
0.0302367026777832 957.978408276974
0.030252629306582 957.872887035149
0.0302685475551482 957.767017182097
0.0302844574366963 957.660799032116
0.0303003589644062 957.554232905668
0.0303162521514232 957.447319129353
0.0303321370108582 957.340058035875
0.0303480135557877 957.232449964015
0.0303638817992541 957.124495258596
0.0303797417542657 957.016194270459
0.0303955934337969 956.907547356425
0.0304114368507882 956.798554879271
0.0304272720181465 956.689217207692
0.0304430989487451 956.579534716273
0.0304589176554237 956.469507785455
0.0304747281509891 956.359136801504
0.0304905304482144 956.24842215648
0.0305063245598399 956.137364248202
0.0305221104985728 956.025963480214
0.0305378882770877 955.914220261756
0.0305536579080262 955.802135007727
0.0305694194039974 955.689708138653
0.030585172777578 955.576940080651
0.0306009180413121 955.4638312654
0.0306166552077117 955.350382130101
0.0306323842892567 955.236593117445
0.0306481052983949 955.122464675579
0.0306638182475422 955.007997258071
0.0306795231490828 954.893191323873
0.030695220015369 954.778047337287
0.0307109088587217 954.662565767931
0.0307265896914303 954.5467470907
0.0307422625257529 954.430591785733
0.0307579273739164 954.314100338377
0.0307735842481164 954.197273239147
0.0307892331605176 954.080110983695
0.0308048741232539 953.962614072769
0.0308205071484283 953.844783012179
0.0308361322481131 953.726618312759
0.0308517494343501 953.60812049033
0.0308673587191506 953.489290065663
0.0308829601144956 953.370127564442
0.0308985536323357 953.250633517224
0.0309141392845916 953.130808459405
0.0309297170831537 953.010652931181
0.0309452870398827 952.890167477507
0.0309608491666093 952.769352648064
0.0309764034751347 952.648208997217
0.0309919499772302 952.526737083979
0.0310074886846378 952.404937471969
0.03102301960907 952.282810729377
0.03103854276221 952.160357428925
0.031054058155712 952.037578147825
0.0310695658012008 951.914473467743
0.0310850657102723 951.791043974761
0.0311005578944936 951.667290259333
0.0311160423654029 951.54321291625
0.0311315191345098 951.418812544599
0.0311469882132952 951.294089747724
0.0311624496132116 951.169045133186
0.0311779033456831 951.043679312723
0.0311933494221053 950.917992902211
0.0312087878538459 950.791986521624
0.0312242186522443 950.665660794994
0.031239641828612 950.539016350372
0.0312550573942324 950.412053819784
0.0312704653603614 950.284773839198
0.031285865738227 950.157177048475
0.0313012585390295 950.029264091337
0.0313166437739418 949.901035615321
0.0313320214541094 949.772492271741
0.0313473915906503 949.643634715647
0.0313627541946554 949.514463605785
0.0313781092771884 949.384979604556
0.0313934568492859 949.255183377975
0.0314087969219577 949.125075595632
0.0314241295061865 948.994656930649
0.0314394546129283 948.863928059641
0.0314547722531126 948.732889662675
0.031470082437642 948.60154242323
0.0314853851773928 948.469887028152
0.0315006804832148 948.33792416762
0.0315159683659314 948.2056545351
0.03153124883634 948.073078827306
0.0315465219052116 947.940197744159
0.0315617875832912 947.807011988744
0.0315770458812979 947.673522267276
0.031592296809925 947.53972928905
0.0316075403798397 947.405633766405
0.0316227766016838 947.271236414684
0.0316380054860733 947.136537952192
0.0316532270435986 947.001539100151
0.0316684412848249 946.866240582669
0.0316836482202919 946.730643126687
0.0316988478605139 946.594747461947
0.0317140402159802 946.458554320951
0.0317292252971548 946.322064438912
0.0317444031144769 946.185278553723
0.0317595736783606 946.048197405911
0.0317747369991951 945.910821738597
0.0317898930873449 945.773152297456
0.0318050419531498 945.635189830677
0.031820183606925 945.49693508892
0.0318353180589612 945.358388825277
0.0318504453195245 945.219551795233
0.0318655653988569 945.080424756623
0.0318806783071757 944.941008469591
0.0318957840546745 944.801303696553
0.0319108826515223 944.661311202156
0.0319259741078644 944.521031753233
0.031941058433822 944.380466118769
0.0319561356394924 944.239615069857
0.031971205734949 944.09847937966
0.0319862687302417 943.957059823369
0.0320013246353966 943.815357178166
0.0320163734604162 943.673372223179
0.0320314152152795 943.531105739449
0.0320464499099423 943.388558509884
0.0320614775543368 943.245731319224
0.0320764981583721 943.102624953998
0.0320915117319338 942.959240202487
0.0321065182848849 942.815577854684
0.0321215178270649 942.671638702253
0.0321365103682906 942.527423538492
0.0321514959183559 942.382933158293
0.0321664744870316 942.238168358102
0.0321814460840662 942.093129935883
0.0321964107191851 941.947818691075
0.0322113684020915 941.802235424556
0.0322263191424659 941.656380938605
0.0322412629499662 941.510256036862
0.0322561998342282 941.363861524287
0.0322711298048653 941.217198207127
0.0322860528714686 941.070266892876
0.0323009690436072 940.923068390235
0.0323158783308279 940.775603509075
0.0323307807426556 940.6278730604
0.0323456762885934 940.479877856308
0.0323605649781223 940.331618709954
0.0323754468207016 940.183096435513
0.0323903218257689 940.034311848143
0.03240519000274 939.885265763944
0.0324200513610093 939.735958999928
0.0324349059099496 939.586392373974
0.0324497536589122 939.436566704796
0.032464594617227 939.286482811907
0.0324794287942028 939.136141515578
0.0324942561991268 938.985543636805
0.0325090768412653 938.834689997274
0.0325238907298634 938.683581419319
0.0325386978741451 938.532218725893
0.0325534982833135 938.380602740526
0.0325682919665508 938.228734287295
0.0325830789330183 938.076614190782
0.0325978591918564 937.924243276046
0.0326126327521852 937.77162236858
0.0326273996231036 937.618752294282
0.0326421598136904 937.465633879416
0.0326569133330036 937.312267950579
0.0326716601900808 937.158655334668
0.0326864003939392 937.004796858842
0.0327011339535758 936.850693350488
0.0327158608779673 936.696345637189
0.0327305811760701 936.54175454669
0.0327452948568205 936.386920906862
0.0327600019291348 936.231845545669
0.0327747024019093 936.076529291136
0.0327893962840202 935.920972971314
0.0328040835843241 935.765177414246
0.0328187643116575 935.609143447936
0.0328334384748373 935.452871900315
0.0328481060826606 935.29636359921
0.0328627671439051 935.139619372308
0.0328774216673286 934.982640047126
0.0328920696616697 934.825426450981
0.0329067111356473 934.667979410951
0.032921346097961 934.510299753852
0.0329359745572912 934.352388306198
0.0329505965222989 934.194245894178
0.0329652120016259 934.035873343616
0.0329798210038948 933.877271479945
0.0329944235377092 933.718441128178
0.0330090196116538 933.559383112871
0.033023609234294 933.400098258097
0.0330381924141765 933.240587387415
0.0330527691598291 933.080851323839
0.0330673394797608 932.920890889806
0.033081903382462 932.760706907153
0.0330964608764042 932.600300197078
0.0331110119700403 932.439671580117
0.0331255566718049 932.278821876115
0.0331400949901137 932.117751904193
0.0331546269333642 931.95646248272
0.0331691525099355 931.794954429287
0.0331836717281883 931.633228560677
0.033198184596465 931.471285692836
0.0332126911230898 931.309126640844
0.0332271913163687 931.146752218891
0.0332416851845897 930.984163240247
0.0332561727360225 930.82136051723
0.0332706539789192 930.658344861188
0.0332851289215135 930.495117082463
0.0332995975720214 930.331677990371
0.0333140599386412 930.168028393168
0.0333285160295531 930.004169098032
0.0333429658529198 929.840100911028
0.0333574094168864 929.675824637089
0.03337184672958 929.511341079985
0.0333862777991106 929.346651042301
0.0334007026335702 929.181755325408
0.0334151212410338 929.01665472944
0.0334295336295586 928.851350053268
0.0334439398071846 928.685842094475
0.0334583397819347 928.520131649333
0.0334727335618141 928.354219512773
0.0334871211548111 928.188106478369
0.0335015025688968 928.021793338306
0.0335158778120251 927.855280883362
0.0335302468921331 927.688569902878
0.0335446098171405 927.521661184742
0.0335589665949505 927.354555515358
0.033573317233449 927.18725367963
0.0335876617405053 927.019756460932
0.0336020001239719 926.85206464109
0.0336163323916844 926.684179000361
0.0336306585514618 926.516100317403
0.0336449786111065 926.347829369261
0.0336592925784042 926.179366931342
0.0336736004611241 926.01071377739
0.0336879022670189 925.84187067947
0.0337021980038249 925.672838407944
0.0337164876792619 925.503617731449
0.0337307713010334 925.334209416877
0.0337450488768267 925.164614229356
0.0337593204143126 924.994832932226
0.0337735859211459 924.824866287021
0.0337878454049652 924.654715053448
0.0338020988733929 924.484379989368
0.0338163463340354 924.313861850775
0.0338305877944831 924.143161391777
0.0338448232623105 923.972279364579
0.0338590527450759 923.801216519457
0.0338732762503221 923.629973604749
0.0338874937855758 923.458551366827
0.033901705358348 923.286950550085
0.0339159109761339 923.115171896916
0.0339301106464132 922.943216147698
0.0339443043766498 922.771084040774
0.0339584921742919 922.598776312431
0.0339726740467724 922.426293696891
0.0339868500015086 922.253636926285
0.0340010200459023 922.08080673064
0.0340151841873398 921.907803837862
0.0340293424331922 921.734628973719
0.0340434947908151 921.561282861821
0.034057641267549 921.387766223612
0.034071781870719 921.214079778344
0.0340859166076352 921.040224243068
0.0341000454855922 920.866200332616
0.03411416851187 920.692008759584
0.034128285693733 920.517650234319
0.034142397038431 920.343125464902
0.0341565025531987 920.168435157135
0.0341706022452556 919.993580014525
0.0341846961218068 919.818560738267
0.0341987841900421 919.643378027234
0.0342128664571367 919.468032577962
0.0342269429302512 919.29252508463
0.0342410136165312 919.116856239057
0.0342550785231077 918.941026730678
0.0342691376570972 918.765037246536
0.0342831910256015 918.588888471268
0.0342972386357077 918.412581087091
0.0343112804944887 918.236115773789
0.0343253166090028 918.059493208702
0.0343393469862938 917.882714066712
0.0343533716333912 917.705779020229
0.0343673905573101 917.528688739184
0.0343814037650514 917.351443891011
0.0343954112636016 917.174045140639
0.0344094130599331 916.996493150481
0.034423409161004 916.818788580419
0.0344373995737584 916.640932087796
0.0344513843051263 916.462924327402
0.0344653633620233 916.284765951466
0.0344793367513516 916.106457609645
0.0344933044799988 915.927999949011
0.0345072665548389 915.749393614042
0.034521222982732 915.570639246614
0.0345351737705243 915.391737485988
0.034549118925048 915.2126889688
0.0345630584531218 915.033494329055
0.0345769923615504 914.854154198113
0.034590920657125 914.674669204683
0.034604843346623 914.495039974813
0.0346187604368082 914.315267131879
0.0346326719344309 914.135351296581
0.0346465778462278 913.955293086927
0.0346604781789219 913.775093118233
0.034674372939223 913.594752003108
0.0346882621338274 913.414270351451
0.0347021457694179 913.233648770437
0.0347160238526639 913.052887864516
0.0347298963902216 912.871988235401
0.034743763388734 912.690950482061
0.0347576248548305 912.509775200715
0.0347714807951277 912.328462984826
0.0347853312162287 912.147014425089
0.0347991761247237 911.96543010943
0.0348130155271895 911.783710622995
0.0348268494301902 911.601856548149
0.0348406778402766 911.419868464462
0.0348545007639866 911.237746948708
0.0348683182078451 911.055492574861
0.0348821301783642 910.87310591408
0.0348959366820429 910.690587534716
0.0349097377253675 910.507938002295
0.0349235333148115 910.325157879519
0.0349373234568356 910.142247726259
0.0349511081578876 909.959208099551
0.0349648874244027 909.776039553588
0.0349786612628036 909.592742639719
0.0349924296795001 909.409317906442
0.0350061926808895 909.225765899399
0.0350199502733565 909.042087161376
0.0350337024632733 908.858282232292
0.0350474492569996 908.674351649201
0.0350611906608827 908.490295946283
0.0350749266812572 908.306115654846
0.0350886573244456 908.121811303316
0.0351023825967579 907.937383417238
0.0351161025044918 907.752832519271
0.0351298170539326 907.568159129186
0.0351435262513536 907.38336376386
0.0351572301030155 907.198446937276
0.0351709286151671 907.013409160519
0.0351846217940449 906.828250941775
0.0351983096458734 906.642972786324
0.0352119921768647 906.457575196541
0.0352256693932193 906.272058671895
0.0352393413011252 906.086423708944
0.0352530079067587 905.900670801334
0.035266669216284 905.714800439796
0.0352803252358534 905.528813112147
0.0352939759716073 905.342709303285
0.0353076214296743 905.156489495191
0.035321261616171 904.970154166925
0.0353348965372024 904.783703794624
0.0353485261988615 904.597138851503
0.0353621506072298 904.410459807855
0.0353757697683768 904.223667131045
0.0353893836883606 904.036761285516
0.0354029923732275 903.849742732782
0.0354165958290122 903.662611931432
0.0354301940617379 903.475369337128
0.0354437870774161 903.288015402602
0.0354573748820469 903.10055057766
0.0354709574816189 902.912975309182
0.0354845348821091 902.725290041116
0.0354981070894832 902.537495214487
0.0355116741096955 902.349591267388
0.0355252359486889 902.161578634988
0.035538792612395 901.973457749528
0.035552344106734 901.785229040323
0.0355658904376149 901.596892933763
0.0355794316109353 901.408449853312
0.035592967632582 901.219900219512
0.03560649850843 901.031244449979
0.0356200242443437 900.842482959412
0.0356335448461759 900.653616159584
0.0356470603197688 900.464644459354
0.035660570670953 900.275568264658
0.0356740759055485 900.086387978519
0.035687576029364 899.897104001043
0.0357010710481974 899.707716729423
0.0357145609678355 899.518226557942
0.0357280457940543 899.328633877971
0.0357415255326188 899.138939077976
0.0357550001892833 898.949142543513
0.0357684697697909 898.759244657239
0.0357819342798744 898.569245798908
0.0357953937252554 898.379146345373
0.0358088481116449 898.188946670594
0.0358222974447432 897.998647145633
0.0358357417302399 897.808248138663
0.0358491809738138 897.617750014966
0.0358626151811334 897.42715313694
0.0358760443578561 897.236457864099
0.0358894685096291 897.045664553075
0.0359028876420889 896.854773557623
0.0359163017608615 896.663785228626
0.0359297108715623 896.472699914091
0.0359431149797964 896.281517959162
0.0359565140911583 896.090239706114
0.0359699082112322 895.898865494363
0.0359832973455918 895.707395660466
0.0359966814998004 895.515830538127
0.0360100606794112 895.324170458196
0.0360234348899668 895.132415748679
0.0360368041369997 894.940566734737
0.0360501684260321 894.748623738693
0.0360635277625759 894.556587080031
0.0360768821521329 894.364457075407
0.0360902316001946 894.172234038646
0.0361035761122425 893.979918280751
0.0361169156937478 893.787510109906
0.0361302503501718 893.595009831478
0.0361435800869655 893.402417748024
0.0361569049095701 893.209734159295
0.0361702248234165 893.016959362237
0.0361835398339258 892.824093651003
0.0361968499465091 892.631137316947
0.0362101551665675 892.438090648638
0.0362234554994923 892.244953931859
0.0362367509506647 892.051727449617
0.0362500415254563 891.85841148214
0.0362633272292285 891.66500630689
0.0362766080673332 891.471512198561
0.0362898840451124 891.277929429089
0.0363031551678984 891.084258267655
0.0363164214410136 890.89049898069
0.0363296828697707 890.696651831879
0.0363429394594729 890.502717082168
0.0363561912154136 890.30869498977
0.0363694381428765 890.114585810166
0.0363826802471357 889.920389796115
0.0363959175334559 889.726107197656
0.0364091500070919 889.531738262116
0.0364223776732893 889.337283234114
0.0364356005372839 889.142742355565
0.0364488186043022 888.948115865688
0.0364620318795611 888.753404001013
0.036475240368268 888.558606995381
0.0364884440756211 888.363725079955
0.036501643006809 888.168758483221
0.0365148371670111 887.973707431001
0.0365280265613971 887.77857214645
0.0365412111951278 887.583352850067
0.0365543910733545 887.388049759699
0.0365675662012191 887.192663090551
0.0365807365838544 886.997193055185
0.0365939022263839 886.80163986353
0.0366070631339219 886.606003722889
0.0366202193115736 886.410284837943
0.0366333707644348 886.214483410755
0.0366465174975924 886.018599640783
0.0366596595161241 885.822633724878
0.0366727968250985 885.626585857296
0.036685929429575 885.430456229701
0.036699057334604 885.234245031174
0.0367121805452272 885.037952448214
0.0367252990664768 884.84157866475
0.0367384129033762 884.645123862146
0.03675152206094 884.448588219205
0.0367646265441737 884.251971912177
0.0367777263580739 884.055275114763
0.0367908215076283 883.858497998127
0.0368039119978158 883.661640730897
0.0368169978336063 883.464703479172
0.036830079019961 883.267686406532
0.0368431555618323 883.070589674041
0.0368562274641637 882.873413440254
0.03686929473189 882.676157861227
0.0368823573699374 882.478823090516
0.0368954153832231 882.281409279194
0.0369084687766558 882.083916575846
0.0369215175551355 881.886345126586
0.0369345617235535 881.688695075056
0.0369476012867924 881.490966562438
0.0369606362497264 881.293159727457
0.0369736666172208 881.095274706389
0.0369866923941326 880.897311633067
0.0369997135853102 880.69927063889
0.0370127301955934 880.501151852826
0.0370257422298135 880.302955401423
0.0370387496927933 880.10468140881
0.0370517525893472 879.906329996711
0.0370647509242811 879.707901284445
0.0370777447023926 879.509395388936
0.0370907339284706 879.31081242472
0.037103718607296 879.112152503951
0.037116698743641 878.913415736408
0.0371296743422698 878.7146022295
0.0371426454079379 878.515712088277
0.0371556119453927 878.316745415432
0.0371685739593734 878.117702311312
0.0371815314546108 877.918582873919
0.0371944844358275 877.719387198926
0.0372074329077379 877.520115379674
0.0372203768750481 877.320767507185
0.0372333163424562 877.121343670166
0.0372462513146521 876.921843955019
0.0372591817963173 876.722268445842
0.0372721077921255 876.522617224442
0.0372850293067422 876.322890370339
0.0372979463448248 876.123087960773
0.0373108589110225 875.92321007071
0.0373237670099768 875.72325677285
0.0373366706463208 875.523228137634
0.0373495698246798 875.323124233249
0.0373624645496712 875.122945125637
0.0373753548259041 874.922690878501
0.0373882406579801 874.722361553313
0.0374011220504925 874.521957209315
0.0374139990080269 874.321477903536
0.037426871535161 874.120923690788
0.0374397396364644 873.920294623681
0.0374526033164992 873.719590752625
0.0374654625798194 873.518812125839
0.0374783174309713 873.317958789356
0.0374911678744934 873.117030787032
0.0375040139149165 872.916028160552
0.0375168555567634 872.714950949434
0.0375296928045495 872.513799191041
0.0375425256627821 872.312572920581
0.0375553541359612 872.111272171122
0.0375681782285787 871.909896973589
0.0375809979451193 871.70844735678
0.0375938132900596 871.506923347366
0.0376066242678689 871.305324969901
0.0376194308830086 871.103652246828
0.0376322331399329 870.901905198484
0.0376450310430881 870.700083843109
0.037657824596913 870.498188196851
0.037670613805839 870.296218273774
0.0376833986742899 870.094174085863
0.0376961792066819 869.892055643032
0.0377089554074238 869.689862953128
0.037721727280917 869.487596021941
0.0377344948315554 869.28525485321
0.0377472580637254 869.082839448624
0.0377600169818061 868.880349807837
0.0377727715901691 868.677785928469
0.0377855218931787 868.475147806114
0.0377982678951918 868.272435434345
0.037811009600558 868.069648804722
0.0378237470136195 867.866787906798
0.0378364801387112 867.663852728127
0.0378492089801609 867.460843254265
0.0378619335422888 867.257759468784
0.0378746538294081 867.054601353271
0.0378873698458246 866.851368887339
0.0379000815958369 866.648062048633
0.0379127890837366 866.444680812833
0.0379254923138079 866.241225153663
0.0379381912903278 866.037695042897
0.0379508860175662 865.834090450365
0.037963576499786 865.630411343958
0.0379762627412428 865.426657689634
0.0379889447461852 865.222829451428
0.0380016225188545 865.018926591452
0.0380142960634853 864.814949069907
0.0380269653843048 864.610896845085
0.0380396304855333 864.406769873376
0.0380522913713842 864.202568109274
0.0380649480460636 863.998291505386
0.0380776005137708 863.793940012431
0.0380902487786982 863.589513579254
0.0381028928450311 863.385012152826
0.0381155327169479 863.180435678251
0.03812816839862 862.975784098776
0.0381407998942121 862.77105735579
0.0381534272078817 862.566255388835
0.0381660503437798 862.36137813561
0.0381786693060501 862.156425531978
0.0381912840988299 861.951397511968
0.0382038947262493 861.746294007785
0.0382165011924317 861.541114949813
0.038229103501494 861.335860266622
0.0382417016575458 861.130529884974
0.0382542956646903 860.925123729825
0.0382668855270238 860.719641724335
0.0382794712486359 860.514083789871
0.0382920528336096 860.308449846014
0.0383046302860209 860.102739810562
0.0383172036099394 859.89695359954
0.0383297728094278 859.691091127198
0.0383423378885424 859.485152306025
0.0383548988513326 859.279137046747
0.0383674557018413 859.073045258337
0.0383800084441048 858.866876848017
0.0383925570821528 858.660631721267
0.0384051016200083 858.454309781827
0.0384176420616878 858.247910931702
0.0384301784112013 858.041435071171
0.0384427106725523 857.834882098786
0.0384552388497376 857.628251911383
0.0384677629467476 857.421544404084
0.0384802829675663 857.214759470302
0.0384927989161709 857.007897001747
0.0385053107965326 856.800956888431
0.0385178186126158 856.593939018671
0.0385303223683786 856.386843279096
0.0385428220677726 856.179669554651
0.038555317714743 855.972417728601
0.0385678093132288 855.765087682539
0.0385802968671624 855.557679296386
0.0385927803804699 855.350192448399
0.0386052598570711 855.142627015173
0.0386177353008794 854.934982871652
0.0386302067158019 854.727259891123
0.0386426741057395 854.51945794523
0.0386551374745866 854.311576903975
0.0386675968262316 854.103616635722
0.0386800521645563 853.895577007201
0.0386925034934365 853.687457883516
0.0387049508167417 853.479259128144
0.0387173941383353 853.270980602942
0.0387298334620742 853.062622168156
0.0387422687918093 852.854183682414
0.0387547001313854 852.645665002743
0.038767127484641 852.437065984564
0.0387795508554084 852.228386481698
0.038791970247514 852.019626346376
0.0388043856647778 851.810785429234
0.0388167971110138 851.601863579325
0.0388292045900301 851.392860644117
0.0388416081056284 851.183776469502
0.0388540076616044 850.974610899795
0.038866403261748 850.765363777743
0.0388787949098428 850.556034944524
0.0388911826096664 850.346624239756
0.0389035663649905 850.137131501495
0.0389159461795807 849.927556566243
0.0389283220571967 849.717899268951
0.038940694001592 849.508159443021
0.0389530620165145 849.298336920311
0.0389654261057059 849.08843153114
0.038977786272902 848.878443104288
0.0389901425218328 848.668371467002
0.0390024948562221 848.458216444998
0.0390148432797882 848.247977862467
0.0390271877962432 848.037655542077
0.0390395284092936 847.827249304974
0.0390518651226397 847.616758970788
0.0390641979399762 847.406184357639
0.039076526864992 847.195525282132
0.0390888519013701 846.984781559369
0.0391011730527876 846.773953002947
0.0391134903229161 846.563039424963
0.039125803715421 846.352040636016
0.0391381132339623 846.140956445211
0.039150418882194 845.929786660162
0.0391627206637646 845.718531086994
0.0391750185823167 845.507189530347
0.0391873126414871 845.295761793379
0.0391996028449072 845.084247677768
0.0392118891962025 844.872646983714
0.0392241716989927 844.660959509946
0.0392364503568922 844.449185053717
0.0392487251735093 844.237323410817
0.0392609961524471 844.025374375565
0.0392732632973028 843.813337740819
0.0392855266116679 843.601213297977
0.0392977860991287 843.389000836977
0.0393100417632654 843.176700146302
0.0393222936076531 842.964311012982
0.0393345416358609 842.751833222595
0.0393467858514527 842.539266559272
0.0393590262579866 842.326610805695
0.0393712628590153 842.113865743106
0.039383495658086 841.901031151303
0.0393957246587404 841.688106808643
0.0394079498645145 841.475092492049
0.039420171278939 841.261987977007
0.0394323889055392 841.04879303757
0.0394446027478347 840.83550744636
0.0394568128093399 840.62213097457
0.0394690190935637 840.408663391964
0.0394812216040093 840.195104466884
0.039493420344175 839.981453966246
0.0395056153175532 839.767711655547
0.0395178065276313 839.553877298861
0.039529993977891 839.339950658846
0.0395421776718089 839.125931496743
0.039554357612856 838.91181957238
0.0395665338044983 838.697614644169
0.039578706250196 838.483316469112
0.0395908749534045 838.268924802801
0.0396030399175734 838.054439399421
0.0396152011461473 837.839860011747
0.0396273586425655 837.625186391151
0.039639512410262 837.4104182876
0.0396516624526654 837.195555449656
0.0396638087731992 836.980597624483
0.0396759513752817 836.765544557843
0.0396880902623258 836.550395994096
0.0397002254377393 836.335151676209
0.0397123569049247 836.119811345748
0.0397244846672795 835.904374742884
0.0397366087281958 835.688841606396
0.0397487290910606 835.473211673664
0.0397608457592558 835.25748468068
0.0397729587361581 835.04166036204
0.0397850680251389 834.825738450952
0.0397971736295649 834.60971867923
0.0398092755527972 834.393600777303
0.0398213737981921 834.177384474205
0.0398334683691006 833.961069497588
0.0398455592688689 833.744655573712
0.0398576465008377 833.528142427452
0.0398697300683431 833.311529782296
0.0398818099747159 833.094817360345
0.0398938862232817 832.878004882316
0.0399059588173614 832.661092067541
0.0399180277602708 832.444078633965
0.0399300930553205 832.226964298151
0.0399421547058162 832.009748775277
0.0399542127150586 831.792431779137
0.0399662670863437 831.575013022141
0.039978317822962 831.357492215316
0.0399903649281994 831.139869068306
0.0400024084053368 830.922143289369
0.0400144482576502 830.704314585384
0.0400264844884105 830.486382661843
0.0400385171008838 830.268347222855
0.0400505460983314 830.050207971148
0.0400625714840095 829.831964608063
0.0400745932611695 829.613616833558
0.0400866114330579 829.39516434621
0.0400986260029165 829.176606843207
0.040110636973982 828.957944020354
0.0401226443494864 828.739175572072
0.0401346481326569 828.520301191395
0.0401466483267156 828.301320569972
0.0401586449348802 828.082233398064
0.0401706379603633 827.863039364546
0.0401826274063728 827.643738156905
0.0401946132761118 827.42432946124
0.0402065955727787 827.204812962261
0.040218574299567 826.985188343287
0.0402305494596655 826.765455286248
0.0402425210562583 826.545613471681
0.0402544890925247 826.325662578732
0.0402664535716394 826.105602285154
0.0402784144967723 825.885432267304
0.0402903718710885 825.665152200147
0.0403023256977485 825.444761757248
0.0403142759799082 825.224260610778
0.0403262227207186 825.003648431508
0.0403381659233263 824.782924888809
0.0403501055908731 824.562089650652
0.040362041726496 824.341142383606
0.0403739743333278 824.120082752836
0.0403859034144961 823.898910422101
0.0403978289731244 823.677625053757
0.0404097510123313 823.45622630875
0.0404216695352309 823.234713846615
0.0404335845449326 823.013087325481
0.0404454960445414 822.79134640206
0.0404574040371576 822.569490731653
0.040469308525877 822.347519968143
0.0404812095137907 822.125433763998
0.0404931070039856 821.903231770265
0.0405050009995436 821.680913636571
0.0405168915035424 821.458479011118
0.0405287785190552 821.235927540685
0.0405406620491505 821.013258870624
0.0405525420968924 820.790472644858
0.0405644186653406 820.567568505877
0.0405762917575502 820.344546094741
0.0405881613765718 820.121405051073
0.0406000275254517 819.89814501306
0.0406118902072317 819.674765617446
0.040623749424949 819.451266499537
0.0406356051816365 819.227647293193
0.0406474574803227 819.003907630826
0.0406593063240317 818.7800471434
0.0406711517157831 818.556065460428
0.0406829936585921 818.331962209968
0.0406948321554697 818.10773701862
0.0407066672094222 817.883389511526
0.0407184988234519 817.658919312366
0.0407303270005564 817.434326043353
0.0407421517437292 817.209609325235
0.0407539730559593 816.984768777288
0.0407657909402315 816.759804017315
0.0407776053995261 816.534714661641
0.0407894164368193 816.309500325115
0.0408012240550828 816.084160621101
0.040813028257284 815.858695161478
0.0408248290463863 815.633103556637
0.0408366264253485 815.407385415478
0.0408484203971251 815.181540345404
0.0408602109646667 814.955567952321
0.0408719981309193 814.729467840634
0.0408837818988248 814.503239613241
0.0408955622713208 814.276882871534
0.0409073392513407 814.050397215391
0.0409191128418137 813.823782243176
0.0409308830456647 813.597037551734
0.0409426498658145 813.370162736387
0.0409544133051797 813.143157390932
0.0409661733666727 812.916021107633
0.0409779300532017 812.688753477223
0.0409896833676706 812.461354088896
0.0410014333129793 812.233822530306
0.0410131798920236 812.006158387561
0.0410249231076951 811.778361245218
0.0410366629628811 811.550430686281
0.0410483994604649 811.3223662922
0.0410601326033258 811.094167642858
0.0410718623943388 810.865834316576
0.0410835888363748 810.637365890104
0.0410953119323008 810.408761938616
0.0411070316849794 810.180022035709
0.0411187480972695 809.951145753397
0.0411304611720256 809.722132662104
0.0411421709120983 809.492982330665
0.0411538773203341 809.263694326316
0.0411655803995755 809.034268214693
0.0411772801526608 808.804703559826
0.0411889765824245 808.574999924132
0.041200669691697 808.345156868417
0.0412123594833045 808.115173951862
0.0412240459600695 807.885050732026
0.0412357291248102 807.654786764836
0.0412474089803411 807.424381604585
0.0412590855294725 807.193834803926
0.0412707587750107 806.963145913865
0.0412824287197583 806.732314483758
0.0412940953665137 806.501340061308
0.0413057587180714 806.270222192555
0.0413174187772219 806.038960421871
0.041329075546752 805.807554291959
0.0413407290294443 805.576003343845
0.0413523792280775 805.34430711687
0.0413640261454266 805.112465148689
0.0413756697842626 804.880476975263
0.0413873101473524 804.648342130852
0.0413989472374593 804.416060148012
0.0414105810573426 804.183630557588
0.0414222116097577 803.951052888709
0.0414338388974561 803.718326668779
0.0414454629231856 803.485451423477
0.0414570836896899 803.252426676743
0.0414687011997091 803.019251950779
0.0414803154559793 802.785926766041
0.0414919264612328 802.552450641228
0.0415035342181983 802.318823093284
0.0415151387296003 802.085043637385
0.0415267399981597 801.851111786936
0.0415383380265937 801.617027053561
0.0415499328176155 801.382788947103
0.0415615243739346 801.148396975611
0.0415731126982569 800.913850645337
0.0415846977932841 800.679149460726
0.0415962796617146 800.444292924414
0.0416078583062427 800.209280537217
0.0416194337295592 799.974111798128
0.0416310059343511 799.738786204305
0.0416425749233015 799.503303251067
0.0416541406990899 799.267662431891
0.0416657032643921 799.031863238395
0.0416772626218803 798.79590516034
0.0416888187742227 798.559787685619
0.041700371724084 798.323510300248
0.0417119214741252 798.087072488363
0.0417234680270035 797.850473732209
0.0417350113853727 797.613713512133
0.0417465515518826 797.376791306579
0.0417580885291795 797.139706592076
0.041769622319906 796.902458843233
0.0417811529267012 796.665047532733
0.0417926803522004 796.427472131321
0.0418042045990352 796.1897321078
0.0418157256698338 795.951826929019
0.0418272435672206 795.713756059868
0.0418387582938165 795.475518963271
0.0418502698522387 795.237115100173
0.0418617782451009 794.998543929536
0.0418732834750131 794.759804908331
0.0418847855445818 794.520897491524
0.0418962844564098 794.281821132074
0.0419077802130966 794.042575280923
0.0419192728172378 793.803159386983
0.0419307622714257 793.563572897134
0.0419422485782488 793.323815256209
0.0419537317402924 793.083885906991
0.0419652117601379 792.843784290199
0.0419766886403635 792.603509844482
0.0419881623835435 792.363062006409
0.0419996329922491 792.122440210462
0.0420111004690478 791.881643889022
0.0420225648165034 791.640672472365
0.0420340260371764 791.399525388648
0.042045484133624 791.158202063905
0.0420569391083996 790.916701922031
0.0420683909640532 790.675024384779
0.0420798397031314 790.433168871746
0.0420912853281773 790.191134800363
0.0421027278417306 789.948921585891
0.0421141672463274 789.706528641402
0.0421256035445006 789.463955377777
0.0421370367387794 789.221201203691
0.0421484668316897 788.978265525607
0.0421598938257539 788.735147747763
0.0421713177234912 788.49184727216
0.0421827385274172 788.248363498557
0.0421941562400441 788.004695824457
0.0422055708638806 787.760843645094
0.0422169824014324 787.51680635343
0.0422283908552014 787.272583340137
0.0422397962276862 787.02817399359
0.0422511985213823 786.783577699854
0.0422625977387815 786.538793842676
0.0422739938823724 786.293821803471
0.0422853869546403 786.048660961312
0.0422967769580669 785.80331069292
0.042308163895131 785.557770372651
0.0423195477683076 785.312039372486
0.0423309285800686 785.066117062016
0.0423423063328826 784.820002808438
0.0423536810292148 784.573695976535
0.0423650526715272 784.327195928668
0.0423764212622783 784.080502024768
0.0423877868039235 783.833613622316
0.0423991492989149 783.586530076336
0.0424105087497011 783.339250739385
0.0424218651587278 783.091774961535
0.0424332185284369 782.844102090364
0.0424445688612675 782.596231470946
0.0424559161596554 782.348162445831
0.0424672604260327 782.099894355044
0.0424786016628289 781.85142653606
0.0424899398724697 781.602758323799
0.0425012750573779 781.353889050612
0.0425126072199729 781.104818046265
0.042523936362671 780.85554463793
0.0425352624878852 780.60606815017
0.0425465855980253 780.356387904925
0.042557905695498 780.1065032215
0.0425692227827065 779.85641341655
0.0425805368620512 779.606117804069
0.042591847935929 779.355615695372
0.0426031560067339 779.104906399088
0.0426144610768564 778.853989221138
0.042625763148684 778.602863464729
0.0426370622246011 778.351528430335
0.0426483583069889 778.099983415682
0.0426596513982254 777.848227715737
0.0426709415006854 777.596260622693
0.0426822286167407 777.344081425954
0.0426935127487598 777.091689412119
0.0427047938991083 776.839083864969
0.0427160720701485 776.586264065451
0.0427273472642396 776.333229291666
0.0427386194837377 776.07997881885
0.0427498887309958 775.82651191936
0.0427611550083639 775.572827862659
0.0427724183181887 775.318925915304
0.042783678662814 775.064805340924
0.0427949360445804 774.810465400208
0.0428061904658255 774.555905350892
0.0428174419288838 774.301124447736
0.0428286904360866 774.046121942515
0.0428399359897624 773.790897083998
0.0428511785922364 773.535449117936
0.0428624182458309 773.279777287041
0.0428736549528652 773.023880830973
0.0428848887156553 772.767758986323
0.0428961195365145 772.511410986596
0.0429073474177529 772.254836062191
0.0429185723616775 771.99803344039
0.0429297943705924 771.741002345335
0.0429410134467987 771.483741998016
0.0429522295925945 771.226251616248
0.0429634428102748 770.968530414659
0.0429746531021317 770.71057760467
0.0429858604704542 770.452392394475
0.0429970649175285 770.193973989028
0.0430082664456376 769.935321590019
0.0430194650570618 769.676434395863
0.0430306607540782 769.417311601675
0.0430418535389609 769.157952399254
0.0430530434139814 768.898355977066
0.0430642303814078 768.638521520224
0.0430754144435056 768.378448210469
0.0430865956025371 768.118135226149
0.0430977738607619 767.857581742206
0.0431089492204365 767.596786930148
0.0431201216838146 767.335749958038
0.0431312912531468 767.074469990469
0.043142457930681 766.812946188545
0.043153621718662 766.551177709863
0.0431647826193319 766.289163708491
0.0431759406349298 766.02690333495
0.0431870957676918 765.764395736191
0.0431982480198513 765.501640055576
0.0432093973936387 765.238635432857
0.0432205438912815 764.975381004156
0.0432316875150044 764.711875901942
0.0432428282670293 764.448119255012
0.0432539661495752 764.184110188469
0.043265101164858 763.9198478237
0.0432762333150911 763.655331278355
0.0432873626024848 763.390559666322
0.0432984890292467 763.125532097713
0.0433096125975816 762.860247678832
0.0433207333096914 762.59470551216
0.043331851167775 762.328904696328
0.0433429661740288 762.062844326099
0.0433540783306462 761.79652349234
0.0433651876398178 761.529941282002
0.0433762941037315 761.263096778097
0.0433873977245722 760.995989059672
0.0433984985045222 760.728617201789
0.0434095964457609 760.460980275499
0.0434206915504649 760.193077347818
0.0434317838208082 759.924907481705
0.0434428732589618 759.656469736033
0.0434539598670941 759.387763165572
0.0434650436473705 759.118786820957
0.0434761246019539 758.849539748666
0.0434872027330044 758.580020990998
0.0434982780426792 758.310229586041
0.0435093505331329 758.040164567653
0.0435204202065172 757.769824965432
0.0435314870649813 757.499209804694
0.0435425511106714 757.228318106443
0.0435536123457313 756.957148887347
0.0435646707723017 756.685701159711
0.0435757263925209 756.41397393145
0.0435867792085242 756.141966206064
0.0435978292224446 755.869676982607
0.0436088764364119 755.597105255664
0.0436199208525536 755.324250015321
0.0436309624729944 755.051110247136
0.0436420012998562 754.777684932116
0.0436530373352582 754.503973046684
0.0436640705813172 754.229973562651
0.043675101040147 753.95568544719
0.043686128713859 753.681107662805
0.0436971536045617 753.406239167303
0.043708175714361 753.131078913765
0.0437191950453603 752.855625850513
0.0437302115996603 752.579878921086
0.0437412253793588 752.303837064204
0.0437522363865513 752.027499213743
0.0437632446233305 751.7508642987
0.0437742500917865 751.473931243165
0.0437852527940067 751.196698966289
0.0437962527320759 750.919166382254
0.0438072499080765 750.641332400239
0.043818244324088 750.363195924389
0.0438292359821874 750.084755853787
0.0438402248844492 749.806011082415
0.043851211032945 749.526960499125
0.0438621944297442 749.247602987606
0.0438731750769132 748.967937426353
0.0438841529765163 748.687962688629
0.0438951281306147 748.407677642433
0.0439061005412674 748.127081150471
0.0439170702105307 747.846172070114
0.0439280371404583 747.564949253368
0.0439390013331014 747.283411546839
0.0439499627905086 747.001557791698
0.0439609215147259 746.719386823644
0.0439718775077969 746.436897472871
0.0439828307717625 746.154088564028
0.0439937813086611 745.870958916189
0.0440047291205286 745.587507342809
0.0440156742093984 745.303732651695
0.0440266165773013 745.019633644962
0.0440375562262656 744.735209119002
0.0440484931583171 744.450457864438
0.044059427375479 744.165378666095
0.0440703588797721 743.879970302956
0.0440812876732147 743.594231548125
0.0440922137578225 743.308161168787
0.0441031371356088 743.021757926171
0.0441140578085843 742.735020575508
0.0441249757787573 742.447947865992
0.0441358910481336 742.160538540739
0.0441468036187165 741.872791336747
0.0441577134925068 741.584704984856
0.044168620671503 741.296278209703
0.0441795251577009 741.007509729686
0.0441904269530939 740.718398256916
0.044201326059673 740.428942497178
0.0442122224794267 740.139141149888
0.0442231162143412 739.84899290805
0.0442340072664 739.55849645821
0.0442448956375844 739.267650480416
0.044255781329873 738.97645364817
0.0442666643452422 738.684904628386
0.0442775446856659 738.393002081345
0.0442884223531155 738.100744660646
0.0442992973495601 737.808131013165
0.0443101696769663 737.515159779006
0.0443210393372983 737.221829591455
0.0443319063325179 736.928139076935
0.0443427706645846 736.634086854953
0.0443536323354553 736.339671538059
0.0443644913470847 736.044891731794
0.0443753477014248 735.749746034641
0.0443862014004257 735.454233037977
0.0443970524460347 735.158351326025
0.0444079008401968 734.862099475802
0.0444187465848549 734.565476057067
0.0444295896819491 734.268479632275
0.0444404301334175 733.971108756522
0.0444512679411956 733.673361977495
0.0444621031072166 733.375237835419
0.0444729356334115 733.076734863003
0.0444837655217088 732.777851585391
0.0444945927740346 732.478586520103
0.0445054173923127 732.178938176989
0.0445162393784647 731.878905058163
0.0445270587344097 731.578485657958
0.0445378754620646 731.277678462868
0.0445486895633438 730.976481951488
0.0445595010401595 730.674894594463
0.0445703098944216 730.372914854425
0.0445811161280377 730.070541185942
0.0445919197429129 729.767772035456
0.0446027207409501 729.464605841226
0.0446135191240501 729.161041033267
0.0446243148941111 728.857076033292
0.0446351080530292 728.552709254653
0.044645898602698 728.247939102276
0.044656686545009 727.942763972605
0.0446674718818515 727.637182253537
0.0446782546151122 727.33119232436
0.0446890347466758 727.024792555691
0.0446998122784246 726.717981309412
0.0447105872122387 726.410756938604
0.0447213595499958 726.103117787488
0.0447321292935715 725.795062191353
0.0447428964448392 725.486588476493
0.0447536610056697 725.177694960141
0.044764422977932 724.868379950403
0.0447751823634925 724.558641746185
0.0447859391642155 724.248478637133
0.044796693381963 723.937888903554
0.044807445018595 723.626870816357
0.0448181940759689 723.315422636975
0.0448289405559402 723.003542617295
0.0448396844603619 722.691228999589
0.044850425791085 722.378480016442
0.0448611645499581 722.065293890677
0.0448719007388279 721.751668835279
0.0448826343595385 721.437603053329
0.044893365413932 721.123094737918
0.0449040939038483 720.808142072081
0.0449148198311251 720.492743228715
0.0449255431975978 720.176896370501
0.0449362640050998 719.860599649831
0.0449469822554622 719.543851208727
0.0449576979505138 719.226649178759
0.0449684110920815 718.908991680967
0.0449791216819897 718.590876825781
0.0449898297220609 718.272302712938
0.0450005352141154 717.9532674314
0.0450112381599711 717.633769059268
0.0450219385614441 717.313805663704
0.0450326364203479 716.993375300838
0.0450433317384943 716.672476015691
0.0450540245176926 716.35110584208
0.0450647147597502 716.029262802538
0.0450754024664722 715.706944908218
0.0450860876396617 715.384150158812
0.0450967702811194 715.060876542454
0.0451074503926442 714.737122035633
0.0451181279760326 714.412884603101
0.0451288030330792 714.088162197778
0.0451394755655763 713.762952760661
0.0451501455753142 713.437254220729
0.0451608130640809 713.111064494843
0.0451714780336626 712.784381487658
0.0451821404858432 712.457203091517
0.0451928004224043 712.12952718636
0.0452034578451258 711.801351639618
0.0452141127557853 711.472674306118
0.0452247651561583 711.143493027978
0.0452354150480182 710.813805634508
0.0452460624331364 710.4836099421
0.0452567073132821 710.152903754135
0.0452673496902224 709.821684860864
0.0452779895657225 709.489951039312
0.0452886269415455 709.157700053165
0.0452992618194522 708.824929652664
0.0453098942012016 708.491637574491
0.0453205240885505 708.157821541664
0.0453311514832536 707.823479263417
0.0453417763870637 707.488608435097
0.0453523988017314 707.153206738039
0.0453630187290054 706.817271839459
0.0453736361706321 706.48080139233
0.0453842511283561 706.14379303527
0.04539486360392 705.806244392418
0.045405473599064 705.468153073318
0.0454160811155267 705.129516672792
0.0454266861550444 704.790332770823
0.0454372887193515 704.450598932425
0.0454478888101802 704.110312707522
0.045458486429261 703.769471630816
0.0454690815783221 703.428073221666
0.0454796742590897 703.086114983951
0.0454902644732883 702.743594405944
0.0455008522226399 702.400508960176
0.0455114375088649 702.056856103307
0.0455220203336815 701.712633275984
0.0455326006988061 701.367837902713
0.0455431786059528 701.022467391712
0.045553754056834 700.676519134779
0.0455643270531599 700.329990507144
0.0455748975966389 699.982878867335
0.0455854656889773 699.635181557023
0.0455960313318794 699.286895900888
0.0456065945270476 698.938019206463
0.0456171552761823 698.588548763988
0.045627713580982 698.23848184626
0.0456382694431431 697.887815708484
0.0456488228643602 697.536547588112
0.0456593738463257 697.184674704692
0.0456699223907304 696.832194259713
0.0456804684992628 696.479103436442
0.0456910121736096 696.125399399765
0.0457015534154556 695.771079296026
0.0457120922264836 695.416140252859
0.0457226286083745 695.060579379028
0.0457331625628072 694.704393764253
0.0457436940914586 694.347580479045
0.045754223196004 693.990136574532
0.0457647498781164 693.632059082286
0.045775274139467 693.273345014147
0.0457857959817251 692.913991362048
0.0457963154065582 692.553995097833
0.0458068324156316 692.193353173076
0.045817347010609 691.832062518899
0.0458278591931519 691.470120045784
0.0458383689649202 691.10752264339
0.0458488763275717 690.744267180358
0.0458593812827623 690.38035050412
0.045869883832146 690.01576944071
0.045880383977375 689.650520794559
0.0458908817200996 689.284601348306
0.0459013770619681 688.918007862588
0.045911870004627 688.550737075843
0.045922360549721 688.182785704103
0.0459328486988928 687.814150440786
0.0459433344537831 687.444827956483
0.0459538178160311 687.07481489875
0.0459642987872738 686.704107891888
0.0459747773691465 686.33270353673
0.0459852535632825 685.960598410416
0.0459957273713134 685.587789066173
0.0460061987948688 685.214272033089
0.0460166678355766 684.840043815884
0.0460271344950627 684.465100894679
0.0460375987749512 684.089439724763
0.0460480606768645 683.713056736358
0.0460585202024229 683.335948334376
0.0460689773532449 682.958110898181
0.0460794321309475 682.579540781341
0.0460898845371454 682.200234311381
0.0461003345734519 681.820187789534
0.046110782241478 681.439397490482
0.0461212275428333 681.057859662107
0.0461316704791254 680.675570525221
0.04614211105196 680.292526273313
0.0461525492629411 679.908723072274
0.046162985113671 679.524157060131
0.0461734186057499 679.138824346775
0.0461838497407764 678.752721013684
0.0461942785203472 678.365843113638
0.0462047049460573 677.978186670447
0.0462151290194999 677.589747678651
0.0462255507422661 677.20052210324
0.0462359701159457 676.810505879357
0.0462463871421263 676.419694911996
0.0462568018223939 676.028085075709
0.0462672141583327 675.635672214293
0.0462776241515252 675.242452140487
0.0462880318035519 674.848420635656
0.0462984371159916 674.453573449474
0.0463088400904215 674.057906299608
0.0463192407284169 673.661414871386
0.0463296390315512 673.264094817475
0.0463400350013963 672.865941757544
0.0463504286395222 672.466951277927
0.046360819947497 672.067118931282
0.0463712089268874 671.666440236247
0.046381595579258 671.264910677086
0.0463919799061717 670.862525703336
0.04640236190919 670.459280729446
0.0464127415898721 670.055171134416
0.046423118949776 669.650192261424
0.0464334939904575 669.244339417457
0.0464438667134709 668.837607872926
0.0464542371203688 668.429992861287
0.046464605212702 668.021489578654
0.0464749709920195 667.612093183399
0.0464853344598687 667.201798795759
0.0464956956177952 666.790601497428
0.0465060544673429 666.378496331149
0.0465164110100539 665.965478300299
0.0465267652474687 665.551542368469
0.0465371171811261 665.136683459036
0.0465474668125631 664.720896454732
0.0465578141433151 664.304176197206
0.0465681591749155 663.886517486582
0.0465785019088965 663.467915081006
0.0465888423467881 663.048363696195
0.0465991804901189 662.627858004969
0.0466095163404157 662.206392636789
0.0466198498992036 661.783962177278
0.0466301811680062 661.360561167743
0.0466405101483451 660.936184104682
0.0466508368417404 660.510825439297
0.0466611612497105 660.084479576987
0.0466714833737721 659.65714087684
0.0466818032154402 659.228803651124
0.0466921207762283 658.799462164754
0.0467024360576479 658.369110634771
0.0467127490612091 657.937743229802
0.0467230597884203 657.505354069514
0.046733368240788 657.071937224062
0.0467436744198175 656.637486713529
0.0467539783270119 656.20199650736
0.0467642799638731 655.765460523782
0.046774579331901 655.32787262922
0.0467848764325941 654.889226637707
0.0467951712674492 654.449516310281
0.0468054638379613 654.008735354373
0.046815754145624 653.566877423193
0.0468260421919289 653.123936115097
0.0468363279783664 652.679904972953
0.046846611506425 652.234777483494
0.0468568927775916 651.788547076664
0.0468671717933514 651.34120712495
0.0468774485551882 650.89275094271
0.0468877230645839 650.443171785486
0.0468979953230191 649.99246284931
0.0469082653319724 649.54061727
0.046918533092921 649.087628122442
0.0469287986073405 648.633488419863
0.0469390618767048 648.178191113098
0.0469493229024863 647.721729089838
0.0469595816861557 647.264095173871
0.046969838229182 646.805282124314
0.0469800925330329 646.345282634825
0.0469903445991741 645.884089332813
0.0470005944290701 645.421694778631
0.0470108420241835 644.958091464754
0.0470210873859754 644.493271814952
0.0470313305159055 644.027228183442
0.0470415714154315 643.559952854033
0.0470518100860099 643.091438039255
0.0470620465290954 642.621675879475
0.0470722807461413 642.150658441999
0.0470825127385991 641.678377720163
0.0470927425079189 641.204825632404
0.047102970055549 640.729994021318
0.0471131953829365 640.253874652712
0.0471234184915266 639.776459214626
0.0471336393827631 639.297739316352
0.0471438580580881 638.81770648743
0.0471540745189422 638.336352176634
0.0471642887667646 637.853667750934
0.0471745008029927 637.36964449445
0.0471847106290625 636.884273607384
0.0471949182464083 636.397546204933
0.047205123656463 635.909453316192
0.0472153268606579 635.41998588303
0.0472255278604228 634.929134758953
0.0472357266571858 634.43689070795
0.0472459232523735 633.943244403316
0.0472561176474112 633.448186426456
0.0472663098437225 632.95170726567
0.0472764998427292 632.453797314921
0.0472866876458521 631.95444687258
0.04729687325451 631.453646140144
0.0473070566701204 630.951385220945
0.0473172378940993 630.447654118828
0.047327416927861 629.942442736808
0.0473375937728185 629.43574087571
0.0473477684303832 628.927538232777
0.0473579409019648 628.41782440026
0.0473681111889717 627.906588863986
0.0473782792928109 627.393821001893
0.0473884452148875 626.879510082551
0.0473986089566054 626.363645263648
0.0474087705193669 625.846215590452
0.0474189299045729 625.327209994251
0.0474290871136226 624.806617290761
0.0474392421479138 624.284426178509
0.0474493950088429 623.760625237181
0.0474595456978046 623.235202925953
0.0474696942161923 622.708147581784
0.0474798405653979 622.179447417673
0.0474899847468117 621.649090520903
0.0475001267618225 621.117064851236
0.0475102666118178 620.583358239083
0.0475204042981835 620.047958383644
0.0475305398223039 619.510852851006
0.047540673185562 618.972029072215
0.0475508043893394 618.431474341309
0.047560933435016 617.889175813313
0.0475710603239703 617.345120502202
0.0475811850575795 616.799295278824
0.047591307637219 616.251686868781
0.0476014280642632 615.702281850282
0.0476115463400846 615.15106665194
0.0476216624660546 614.598027550541
0.0476317764435427 614.04315066877
0.0476418882739174 613.486421972882
0.0476519979585456 612.927827270345
0.0476621054987926 612.367352207427
0.0476722108960224 611.804982266744
0.0476823141515975 611.240702764758
0.0476924152668791 610.674498849224
0.0477025142432266 610.106355496596
0.0477126110819985 609.536257509374
0.0477227057845513 608.964189513406
0.0477327983522404 608.390135955136
0.0477428887864198 607.814081098792
0.0477529770884418 607.236009023531
0.0477630632596576 606.655903620514
0.0477731473014166 606.073748589938
0.0477832292150672 605.489527437991
0.0477933090019561 604.903223473767
0.0478033866634285 604.314819806097
0.0478134622008285 603.724299340338
0.0478235356154986 603.13164477508
0.0478336069087797 602.536838598797
0.0478436760820117 601.939863086426
0.0478537431365328 601.340700295872
0.0478638080736799 600.739332064451
0.0478738708947884 600.135740005249
0.0478839316011924 599.529905503415
0.0478939901942245 598.921809712372
0.047904046675216 598.311433549947
0.0479141010454968 597.698757694425
0.0479241533063953 597.083762580521
0.0479342034592385 596.466428395255
0.0479442515053523 595.846735073759
0.0479542974460609 595.224662294973
0.0479643412826871 594.600189477267
0.0479743830165525 593.973295773962
0.0479844226489773 593.34396006875
0.0479944601812801 592.712160971019
0.0480044956147785 592.077876811081
0.0480145289507883 591.441085635284
0.0480245601906242 590.801765201031
0.0480345893355995 590.159892971673
0.0480446163870261 589.515446111305
0.0480546413462144 588.868401479433
0.0480646642144736 588.218735625532
0.0480746849931115 587.566424783475
0.0480847036834345 586.911444865836
0.0480947202867477 586.253771458073
0.0481047348043548 585.593379812566
0.0481147472375581 584.930244842528
0.0481247575876586 584.264341115774
0.048134765855956 583.595642848341
0.0481447720437485 582.924123897969
0.0481547761523331 582.249757757423
0.0481647781830054 581.572517547664
0.0481747781370596 580.892376010852
0.0481847760157886 580.209305503194
0.048194771820484 579.523277987612
0.048204765552436 578.834265026246
0.0482147572129335 578.14223777277
0.048224746803264 577.447166964523
0.0482347343247138 576.749022914458
0.0482447197785677 576.047775502883
0.0482547031661094 575.343394169012
0.048264684488621 574.6358479023
0.0482746637473834 573.925105233573
0.0482846409436762 573.211134225922
0.0482946160787777 572.493902465394
0.0483045891539648 571.773377051428
0.0483145601705131 571.04952458706
0.048324529129697 570.322311168886
0.0483344960327894 569.591702376756
0.0483444608810621 568.857663263215
0.0483544236757853 568.120158342671
0.0483643844182281 567.379151580282
0.0483743431096583 566.634606380553
0.0483842997513423 565.886485575639
0.0483942543445454 565.134751413342
0.0484042068905312 564.379365544787
0.0484141573905624 563.620289011775
0.0484241058459003 562.857482233798
0.0484340522578047 562.090904994706
0.0484439966275343 561.320516429018
0.0484539389563465 560.546275007857
0.0484638792454975 559.768138524509
0.0484738174962418 558.986064079576
0.0484837537098332 558.200008065738
0.0484936878875237 557.409926152072
0.0485036200305644 556.615773267954
0.0485135501402048 555.817503586496
0.0485234782176934 555.015070507527
0.0485334042642773 554.20842664009
0.0485433282812023 553.397523784436
0.0485532502697129 552.582312913505
0.0485631702310524 551.762744153882
0.0485730881664629 550.938766766189
0.048583004077185 550.110329124914
0.0485929179644583 549.277378697647
0.048602829829521 548.439862023707
0.0486127396736101 547.597724692127
0.0486226474979611 546.750911318994
0.0486325533038086 545.899365524103
0.0486424570923857 545.043029906907
0.0486523588649244 544.181846021738
0.0486622586226553 543.315754352271
0.0486721563668078 542.444694285201
0.0486820520986101 541.568604083113
0.0486919458192892 540.687420856498
0.0487018375300706 539.801080534902
0.0487117272321789 538.909517837161
0.0487216149268371 538.012666240691
0.0487315006152673 537.110457949807
0.0487413842986902 536.20282386301
0.0487512659783251 535.289693539235
0.0487611456553905 534.37099516298
0.0487710233311031 533.446655508318
0.0487808990066789 532.516599901698
0.0487907726833323 531.580752183526
0.0488006443622767 530.639034668469
0.0488105140447241 529.691368104402
0.0488203817318854 528.73767162999
0.0488302474249703 527.777862730811
0.048840111125187 526.811857193969
0.0488499728337429 525.839569061156
0.0488598325518438 524.860910580065
0.0488696902806947 523.875792154103
0.0488795460214988 522.884122290344
0.0488893997754587 521.88580754561
0.0488992515437755 520.880752470639
0.0489091013276489 519.868859552238
0.0489189491282778 518.850029153331
0.0489287949468596 517.824159450811
0.0489386387845906 516.791146371121
0.0489484806426659 515.750883523416
0.0489583205222793 514.703262130253
0.0489681584246236 513.64817095565
0.0489779943508903 512.585496230423
0.0489878283022695 511.515121574666
0.0489976602799505 510.436927917242
0.0490074902851211 509.350793412146
0.0490173183189681 508.256593351597
0.0490271443826769 507.154200075692
0.0490369684774319 506.043482878478
0.0490467906044162 504.924307910253
0.0490566107648118 503.796538075913
0.0490664289597995 502.660032929167
0.0490762451905589 501.514648562397
0.0490860594582683 500.360237491968
0.0490958717641051 499.19664853873
0.0491056821092453 498.023726703506
0.0491154904948638 496.841313037275
0.0491252969221343 495.649244505808
0.0491351013922294 494.447353848441
0.0491449039063204 493.235469430704
0.0491547044655775 492.013415090459
0.0491645030711698 490.781009977227
0.0491742997242652 489.538068384306
0.0491840944260304 488.284399573324
0.0491938871776308 487.019807590782
0.0492036779802311 485.74409107617
0.0492134668349942 484.457043061167
0.0492232537430824 483.158450759446
0.0492330387056566 481.848095346515
0.0492428217238765 480.525751729069
0.0492526027989007 479.191188303206
0.0492623819318868 477.844166700884
0.0492721591239909 476.484441523903
0.0492819343763684 475.11176006469
0.0492917076901733 473.725862013081
0.0493014790665583 472.326479148244
0.0493112485066753 470.913335014845
0.0493210160116749 469.486144582471
0.0493307815827065 468.044613887259
0.0493405452209184 466.588439654601
0.0493503069274579 465.117308901735
0.0493600667034709 463.630898518884
0.0493698245501025 462.12887482757
0.0493795804684963 460.610893114584
0.0493893344597951 459.076597139974
0.0493990865251404 457.52561861731
0.0494088366656725 455.957576664322
0.0494185848825309 454.372077221848
0.0494283311768535 452.768712438908
0.0494380755497775 451.147060021462
0.0494478180024388 449.506682542284
0.0494575585359722 447.847126709109
0.0494672971515113 446.167922588007
0.0494770338501887 444.468582778634
0.0494867686331359 442.74860153776
0.0494965015014831 441.007453847121
0.0495062324563597 439.244594421283
0.0495159614988937 437.459456650863
0.0495256886302121 435.65145147594
0.0495354138514409 433.819966184079
0.0495451371637049 431.964363126825
0.0495548585681276 430.083978347937
0.0495645780658318 428.178120115975
0.0495742956579388 426.24606735312
0.0495840113455692 424.287067951336
0.0495937251298421 422.300336965951
0.0496034370118759 420.2850546759
0.0496131469927875 418.24036449855
0.049622855073693 416.165370745881
0.0496325612557073 414.059136207302
0.0496422655399443 411.920679542753
0.0496519679275167 409.748972467982
0.0496616684195361 407.542936711748
0.0496713670171131 405.301440722453
0.0496810637213571 403.023296098992
0.0496907585333767 400.707253717641
0.0497004514542791 398.351999523421
0.0497101424851705 395.956149950373
0.0497198316271561 393.518246930834
0.0497295188813401 391.03675244863
0.0497392042488253 388.510042585227
0.0497488877307137 385.936401001114
0.0497585693281063 383.314011786935
0.0497682490421028 380.64095160976
0.0497779268738019 377.915181069425
0.0497876028243012 375.134535167673
0.0497972768946974 372.296712778496
0.0498069490860861 369.399264991398
0.0498166193995615 366.439582179652
0.0498262878362173 363.414879622429
0.0498359543971456 360.322181482341
0.0498456190834378 357.158302907329
0.049855281896184 353.919829987133
0.0498649428364736 350.603097248147
0.0498746019053945 347.204162314734
0.0498842591040338 343.718777297844
0.0498939144334776 340.14235639021
0.0499035678948107 336.469939048246
0.0499132194891172 332.696148019028
0.0499228692174798 328.815141321458
0.0499325170809803 324.820557105514
0.0499421630806996 320.705450083329
0.0499518072177173 316.46221793747
0.0499614494931121 312.082515748321
0.0499710899079617 307.557156021211
0.0499807284633427 302.875991304013
0.0499903651603306 298.027775625887
0.05 293
