0.0049029033784546 5.60622700501271e-11
0.01183665583127 3.77233430232837e-06
0.0154258302088998 0.000324048115320352
0.0182978845129937 0.00603212899599807
0.0207690319982471 0.0484543154120499
0.0229728367767194 0.223597162949005
0.0249814745769508 0.69048420260189
0.0268393679472 1.57035484547985
0.0285762150409945 2.81470800143691
0.0302130519590149 4.19006845950802
0.0317654327133508 5.40872465870496
0.0332452464018687 6.28077084873395
0.0346618250418326 6.76993088223853
0.0360226541722973 6.95034250079239
0.0373338477754523 6.93203656226052
0.0386004766466372 6.80931945964633
0.0398268020153844 6.64364955934666
0.0410164458600121 6.46783885760295
0.0421725177150739 6.29649893510791
0.0432977108393035 6.13482079346417
0.0443943763394987 5.98386865497157
0.0454645811320179 5.84318256431764
0.046510153853344 5.71187046557558
0.0475327216489121 5.58900304881448
0.0485337399630361 5.47373151569554
0.049514516892273 5.365309215067
