0.00155043418236511 -0
0.00374307923063268 7.92188954662093e-13
0.00487807582591545 6.3987966064875e-12
0.00578629914237808 3.69937473382577e-11
0.00656774459113789 1.62423507455181e-10
0.00726464885297143 5.89695178606134e-10
0.00789983589727558 1.85815299622075e-09
0.00848735336724698 5.24285470999054e-09
0.00903659264363046 1.35277639405739e-08
0.00955420592554992 3.24001017342777e-08
0.0100451118235011 7.2852505476065e-08
0.0105130700003423 1.55128966686076e-07
0.0109610314990452 3.14974572157171e-07
0.0113913634549027 6.1319435509984e-07
0.011805999278844 1.14983798869476e-06
0.0122065424971512 2.08466328252513e-06
0.0125943406289199 3.66591628029593e-06
0.0129705390442622 6.2698687364449e-06
0.0133361210643433 1.04539598601403e-05
0.013691938372356 1.70267845633969e-05
0.0140387344535504 2.71385181512645e-05
0.0143771629242693 4.23956537145485e-05
0.0147078020501424 6.50041061884474e-05
0.0150311663797357 9.79448090658224e-05
0.015347716164953 0.000145185787602163
0.0156578650622465 0.000211934442105266
0.0159619864833646 0.000304933257452906
0.0162604188743673 0.000432801430643093
0.0165534701360746 0.000606423966531375
0.0168414213507354 0.000839388643380142
0.0171245299435704 0.00114846982125754
0.0174030323805562 0.00155415653517072
0.0176771464830006 0.00208122056651896
0.0179470734234251 0.00275931835413173
0.0182129994548115 0.00362361871158634
0.0184750974155074 0.00471544643784638
0.0187335280443747 0.00608293004866056
0.0189884411346372 0.00778164022153502
0.0192399765499718 0.00987520399248533
0.0194882651224277 0.0124358786069922
0.0197334294485556 0.0155450679477153
0.0199755845975026 0.0192937640481978
0.0202148387426919 0.0237828960570053
0.0204512937269286 0.029123569424172
0.0206850455693161 0.035437178945168
0.0209161849211402 0.0428553805971015
0.0211447974768675 0.0515199089522305
0.0213709643455419 0.0615822291322992
0.0215947623871472 0.0732030149748065
0.0218162645178936 0.0865514480274677
0.0220355399878646 0.101804335261556
0.0222526546340257 0.119145046895733
0.0224676711112137 0.138762279282317
0.022680649103406 0.160848651470023
0.0228916455172887 0.185599147631428
0.0231007146599039 0.213209420964569
0.0233079084019474 0.243873977910484
0.0235132763281092 0.277784264413688
0.0237168658756921 0.315126678468684
0.0239187224626054 0.356080535277783
0.0241188896057132 0.400816012936434
0.0243174090304116 0.449492107588924
0.0245143207722154 0.502254627514211
0.0247096632710564 0.559234255511395
0.0249034734589208 0.620544708336163
0.0250957868413945 0.686281020748599
0.0252866375736225 0.756517980030367
0.025476058531147 0.831308734675446
0.0256640813760368 0.910683598335613
0.0258507366186871 0.994649067171971
0.0260360536756299 1.08318706546788
0.026220060923666 1.17625443091736
0.0264027857506012 1.27378264730852
0.0265842546028417 1.3756778286625
0.0267644930300853 1.4818209551116
0.0269435257273206 1.59206835718693
0.0271213765743304 1.70625244163023
0.0272980686728784 1.82418264855043
0.0274736243817419 1.94564662663009
0.0276480653497435 2.07041161035276
0.0278214125469167 2.19822598074422
0.0279936862939352 2.32882098907523
0.0281649062899214 2.46191262127471
0.0283350916387423 2.59720357952105
0.0285042608738918 2.73438535663188
0.0286724319820514 2.87314037837266
0.028839622425415 3.01314418874165
0.0290058491628537 3.15406765360258
0.0291711286699965 3.29557915866323
0.0293354769582918 3.43734677878193
0.0294989095931128 3.57904039684498
0.0296614417109654 3.72033375196611
0.0298230880358511 3.86090639848881
0.0299838628948369 4.00044555915811
0.0301437802328769 4.13864785789002
0.0303028536269297 4.27522091964397
0.0304610962994129 4.40988482712531
0.030618521131031 4.54237342621749
0.0307751406730126 4.67243547421071
0.0309309671587906 4.79983562705566
0.0310860125151546 4.92435526385129
0.0312402883729053 5.04579314879997
0.0313938060770376 5.16396593261423
0.0315465766964778 5.27870849705423
0.031698611033398 5.38987414779685
0.0318499196321308 5.49733466217756
0.0320005127877042 5.60098019951368
0.0321504005540167 5.70071908270966
0.0322995927516711 5.79647746066763
0.0324480989754836 5.88819886166762
0.0325959286016859 5.97584364831093
0.0327430907948334 6.05938838499276
0.0328895945144364 6.13882512893856
0.0330354485213255 6.21416065589876
0.0331806613837658 6.28541563144689
0.0333252414833313 6.35262373857226
0.0334691970205503 6.41583077192381
0.0336125360203341 6.47509370858519
0.0337552663371972 6.53047976478494
0.0338973956602805 6.58206544730222
0.0340389315181851 6.62993560773184
0.0341798812836263 6.67418250708568
0.0343202521779154 6.71490489749101
0.0344600512752771 6.75220712704189
0.0345992855070103 6.78619827314373
0.0347379616654981 6.81699130896135
0.0348760864080748 6.84470230688924
0.0350136662607557 6.86944968227881
0.035150707621835 6.89135348000254
0.0352872167653581 6.91053470581593
0.0354231998444738 6.92711470390272
0.0355586628946708 6.94121458142485
0.0356936118369034 6.95295468042784
0.0358280524806122 6.96245409695912
0.0359619905266417 6.96983024689858
0.0360954315700618 6.97519847758718
0.036228381102895 6.97867172402733
0.0363608445167541 6.98036020820282
0.0364928271053936 6.98037117976024
0.0366243340671786 6.97880869615554
0.0367553705074738 6.97577344019661
0.0368859414409563 6.97136257280168
0.0370160517938552 6.96566961869268
0.0371457064061204 6.95878438272485
0.0372749100335232 6.9507928944984
0.037403667349692 6.94177737890582
0.0375319829480852 6.93181625031405
0.0376598613439032 6.92098412809212
0.0377873069759423 6.90935187126988
0.037914324208393 6.89698663020631
0.0380409173325834 6.88395191319448
0.0381670905686711 6.87030766605969
0.0382928480672849 6.85611036289189
0.0384181939111181 6.84141310618627
0.038543132116475 6.82626573473731
0.0386676666347724 6.81071493779985
0.0387918013539983 6.79480437410752
0.0389155401001277 6.77857479446498
0.0390388866384991 6.76206416675647
0.039161844675151 6.74530780230922
0.0392844178581215 6.72833848266286
0.0394066097787113 6.71118658590691
0.039528423972711 6.69388021182858
0.0396498639215956 6.67644530523708
0.0397709330536851 6.65890577688247
0.0398916347452737 6.64128362149946
0.0400119723217288 6.62359903257263
0.0401319490585599 6.60587051348184
0.0402515681824589 6.58811498476814
0.0403708328723124 6.57034788731335
0.0404897462601878 6.55258328127162
0.0406083114322931 6.53483394065806
0.0407265314299109 6.51711144352455
0.0408444092503096 6.49942625771012
0.040961947847629 6.48178782216272
0.0410791501337452 6.46420462389661
0.0411960189791115 6.44668427062868
0.0413125572135791 6.42923355919716
0.0414287676271965 6.41185853986751
0.0415446529709889 6.39456457664571
0.0416602159577183 6.3773564037368
0.0417754592626241 6.36023817828908
0.041890385524146 6.34321352958209
0.0420049973446284 6.32628560480536
0.0421192972910087 6.30945711160232
0.0422332878954874 6.29273035752484
0.042346971656183 6.27610728656806
0.0424603510377707 6.25958951295169
0.0425734284721059 6.24317835228917
0.042686206358833 6.22687485032014
0.0427986870659789 6.2106798093352
0.0429108729305342 6.19459381245992
0.0430227662590186 6.17861724592272
0.0431343693280353 6.16275031945533
0.0432456843848106 6.14699308494183
0.0433567136477225 6.131345453454
0.0434674593068158 6.11580721078264
0.043577923524307 6.10037803157781
0.0436881084350764 6.08505749220556
0.0437980161471494 6.06984508242015
0.0439076487421673 6.05474021594353
0.0440170082758473 6.03974224004132
0.0441260967784322 6.02485044417811
0.0442349162551299 6.01006406782962
0.0443434686865443 5.99538230752078
0.0444517560290948 5.98080432315417
0.0445597802154285 5.9663292436994
0.0446675431548224 5.95195617229212
0.0447750467335771 5.93768419079614
0.0448822928154021 5.92351236388217
0.0449892832417928 5.90943974266542
0.0450960198323994 5.89546536794304
0.045202504385388 5.88158827306772
0.0453087386777939 5.86780748649814
0.0454147244658679 5.8541220340483
0.045520463485415 5.84053094087712
0.0456259574521258 5.82703323323405
0.0457312080619017 5.81362793999007
0.0458362169911728 5.80031409397661
0.0459409858972094 5.78709073314748
0.0460455164184272 5.7739569015912
0.0461498101746865 5.76091165039867
0.0462538687675845 5.7479540384095
0.0463576937807432 5.73508313284866
0.0464612867800894 5.7222980098625
0.0465646493141315 5.70959775496838
0.0466677829142285 5.69698146342791
0.0467706890948554 5.6844482405489
0.0468733693538626 5.67199720192965
0.0469758251727297 5.65962747364539
0.0470780580168158 5.64733819239333
0.0471800693356034 5.63512850559083
0.0472818605629381 5.62299757144042
0.0473834331172644 5.61094455896209
0.0474847884018557 5.59896864799719
0.0475859278050406 5.58706902919065
0.047686852700425 5.57524490394958
0.0477875644471098 5.56349548438512
0.0478880643899039 5.55181999323977
0.0479883538595345 5.54021766380026
0.0480884341728521 5.52868773979949
0.0481883066330323 5.51722947530985
0.0482879725297742 5.50584213462819
0.0483874331394942 5.49452499215372
0.0484866897255171 5.4832773322619
0.0485857435382631 5.47209844917302
0.0486845958154318 5.4609876468183
0.0487832477821822 5.44994423870282
0.0488817006513106 5.43896754776677
0.0489799556234238 5.42805690624626
0.0490780138871104 5.41721165553208
0.0491758766191084 5.40643114602994
0.04927354498447 5.39571473701926
0.0493710201367233 5.3850617965138
0.0494683032180315 5.37447170112233
0.0495653953593489 5.36394383591058
0.0496622976805741 5.35347759426462
0.0497590112907011 5.3430723777554
0.0498555372879672 5.33272759600511
0.0499518767599985 5.32244266655522
