0.00152145154862546 -0
0.00367310896318514 6.28013895439866e-13
0.00478688879803333 5.12520390212117e-12
0.00567813448072457 2.97332784680222e-11
0.00644497218444978 1.27331310834345e-10
0.00712884904969851 4.55598350327997e-10
0.00775216239199672 1.41587350524686e-09
0.00832869725861642 3.94745575635861e-09
0.00886766947499574 1.007899240296e-08
0.00937560688912327 2.39182840207593e-08
0.0098573361667427 5.33468326924771e-08
0.0103165466904431 1.12786915442021e-07
0.0107561343386505 2.27571256806388e-07
0.0111784219972363 4.40603636801171e-07
0.011585306935421 8.22224289612579e-07
0.0119783627043897 1.48442716005935e-06
0.0123589116337442 2.60084967915198e-06
0.0127280776829214 4.43425028775325e-06
0.0130868257916309 7.37347375322877e-06
0.0134359917223496 1.19822381308984e-05
0.0137763050621817 1.9062313468992e-05
0.0141084072092646 2.97339510324545e-05
0.0144328656195716 4.55365820322788e-05
0.0147501852230902 6.85529219118028e-05
0.0150608176681266 0.000101559649494015
0.0153651688785545 0.000148207692523911
0.0156636052858481 0.000213234946568597
0.0159564590094151 0.000302713836010432
0.0162440321944123 0.000424335602815164
0.0165266006687515 0.000587732497423427
0.0168044170455427 0.000804838141621249
0.0170777133704481 0.0010902853726523
0.01734670339299 0.00146183966306843
0.0176115845251242 0.00194086498837617
0.0178725395381616 0.00255281762883133
0.0181297380395415 0.00332776201955495
0.0183833377633959 0.00430090133450212
0.0186334857028288 0.00551311415712956
0.0188803191070118 0.00701148726473866
0.0191239663623199 0.00884983343254637
0.0193645477735772 0.0110891821692468
0.0196021762589161 0.0137982305553708
0.0198369579696482 0.0170537408351435
0.0200689928448072 0.0209408712275998
0.0202983751085882 0.0255534265078219
0.0205251937177114 0.0309940153744755
0.0207495327647363 0.0373741023804783
0.020971471842516 0.0448139433584717
0.0211910863742728 0.053442394665479
0.0214084479131766 0.0633965883938193
0.0216236244148028 0.0748214676808525
0.0218366804854108 0.0878691785312693
0.0220476776086158 0.102698317011483
0.0222566743527083 0.119473033278279
0.0224637265606044 0.138361996578549
0.0226688875241717 0.159537228007298
0.0228722081444747 0.183172810511838
0.0230737370793053 0.209443488121401
0.0232735208792094 0.238523168788249
0.0234716041130884 0.270583347380437
0.0236680294843355 0.305791467246553
0.023862837938364 0.344309240365247
0.0240560687622955 0.386290947332549
0.0242477596774949 0.431881739273093
0.0244379469255701 0.481215964252958
0.0246266653483926 0.534415540829264
0.0248139484626372 0.591588401020091
0.0249998285292957 0.652827024246493
0.0251843366185706 0.718207082719208
0.0253675026705188 0.787786217223266
0.0255493555517821 0.861602960531246
0.0257299231087073 0.939675823567492
0.0259092322171332 1.02200255718155
0.026087308829097 1.10855959986853
0.0262641780166902 1.19930171918444
0.0264398640132719 1.29416185182091
0.0266143902522347 1.3930511446306
0.0267877794034953 1.49585919606235
0.0269600534078732 1.60245449485405
0.0271312335095044 1.7126850501837
0.0273013402864246 1.82637920512168
0.0274703936794483 1.94334662290139
0.0276384130194577 2.06337943354155
0.0278054170532064 2.18625352656573
0.0279714239677375 2.31172997399525
0.0281364514135032 2.43955656658452
0.0283005165262723 2.56946944528718
0.0284636359478999 2.70119480926521
0.0286258258460322 2.83445068137592
0.0287871019328115 2.96894871197261
0.0289474794826441 3.1043960020087
0.0291069733490854 3.24049692686559
0.0292655979808977 3.37695494297211
0.0294233674373289 3.51347436017321
0.0295802954026565 3.64976206382451
0.0297363952000421 3.785529171842
0.0298916798047332 3.92049261327501
0.0300461618566524 4.05437661643574
0.0301998536724052 4.18691409615316
0.0303527672567421 4.31784793131702
0.0305049143135023 4.44693212550016
0.0306563062560691 4.57393284505986
0.0308069542173629 4.69862933072675
0.0309568690593958 4.82081468022839
0.0311060613824125 4.94029650101888
0.0312545415336377 5.05689743356916
0.0314023196156522 5.17045554700653
0.0315494054944144 5.28082461013153
0.0316958088069483 5.38787424189968
0.0318415389687121 5.49148994648523
0.0319866051806651 5.59157303886785
0.0321310164360477 5.68804046764176
0.0322747815268879 5.78082454233645
0.0324179090502479 5.86987257300499
0.0325604074142243 5.95514643022796
0.0327022848437123 6.03662203387784
0.0328435493859458 6.11428877915686
0.0329842089158246 6.18814890839745
0.0331242711410369 6.25821683709239
0.0332637436069885 6.32451844242446
0.0334026337015467 6.38709032233705
0.0335409486596069 6.44597903289718
0.0336786955674907 6.50124031130162
0.0338158813671826 6.55293829149825
0.0339525128604131 6.60114471891892
0.0340885967125936 6.64593817031556
0.0342241394566115 6.68740328423513
0.0343591474964896 6.72563000708143
0.0344936271109172 6.76071285920649
0.0346275844566575 6.79275022497403
0.0347610255718372 6.82184367013411
0.0348939563791219 6.84809728941363
0.0350263826887845 6.87161708667805
0.0351583102016679 6.89251038954926
0.0352897445120496 6.91088529993234
0.0354206911104096 6.9268501814525
0.0355511553861066 6.94051318440526
0.0356811426299667 6.9519818084722
0.0358106580367871 6.9613625031139
0.0359397067077584 6.96876030522692
0.0360682936528097 6.97427851340921
0.0361964237928776 6.97801839791508
0.0363241019621039 6.9800789452053
0.0364513329099642 6.98055663577116
0.036578121303329 6.97954525381321
0.0367044717284616 6.97713572720917
0.0368303886929537 6.97341599611618
0.0369558766276019 6.96847090848425
0.0370809398882272 6.96238214071234
0.0372055827574391 6.95522814165949
0.037329809446347 6.94708409819656
0.03745362409622 6.93802192052266
0.0375770307800983 6.92811024546916
0.0377000335043564 6.917414456069
0.0378226362102208 6.90599671571331
0.0379448427752438 6.89391601527449
0.038066657014734 6.88122823164354
0.0381880826831467 6.86798619621185
0.0383091234754339 6.85423977187677
0.0384297830283564 6.84003593728004
0.0385500649217587 6.82541887702221
0.0386699726798083 6.81043007671406
0.0387895097722005 6.79510842180574
0.0389086796153303 6.77949029921055
0.0390274855734312 6.76360970083579
0.0391459309596836 6.74749832819768
0.039264019037293 6.73118569741828
0.0393817530205392 6.71469924391077
0.0394991360757964 6.69806442620745
0.0396161713225278 6.68130482840079
0.0397328618342523 6.66444226075446
0.0398492106394866 6.64749685811061
0.0399652207226621 6.63048717575678
0.0400808950250181 6.6134302824946
0.0401962364454725 6.59634185067342
0.0403112478414686 6.57923624302601
0.0404259320298018 6.56212659616516
0.0405402917874242 6.54502490064853
0.0406543298522293 6.52794207754759
0.0407680489238168 6.51088805148715
0.0408814516642382 6.49387182015176
0.0409945406987241 6.47690152028238
0.0411073186163932 6.45998449019175
0.0412197879709438 6.44312732887193
0.0413319512813288 6.42633595175066
0.0414438110324136 6.40961564319017
0.041555369675619 6.39297110583082
0.0416666296295473 6.37640650687065
0.0417775932805948 6.35992552140867
0.0418882629835484 6.34353137295043
0.0419986410621694 6.32722687121729
0.042108729809762 6.31101444736691
0.0422185314897301 6.29489618675304
0.0423280483361194 6.27887385935147
0.0424372825541484 6.26294894797289
0.0425462363207264 6.24712267438485
0.0426549117849593 6.23139602346268
0.0427633110686447 6.21576976548104
0.0428714362667551 6.20024447666959
0.0429792894479099 6.18482055813107
0.0430868726548381 6.16949825323347
0.0431941879048286 6.15427766357585
0.0433012371901725 6.13915876362399
0.043408022478594 6.12414141411115
0.0435145457136729 6.10922537428716
0.0436208088152569 6.09441031310461
0.0437268136798657 6.07969581941513
0.0438325621810856 6.06508141125504
0.0439380561699563 6.05056654429158
0.0440432974753484 6.0361506194833
0.0441482879043339 6.02183299003925
0.0442530292425477 6.00761296770914
0.0443575232545425 5.99348982847648
0.044461771684135 5.97946281769817
0.044565776254746 5.96553115473532
0.0446695386697326 5.9516940371264
0.0447730606127138 5.93795064433097
0.0448763437478889 5.92430014109351
0.0449793897203502 5.91074168045417
0.0450822001563882 5.89727440643832
0.0451847766637913 5.88389745646029
0.0452871208321394 5.87060996346038
0.0453892342330908 5.8574110578044
0.0454911184206641 5.84429986896664
0.0455927749315144 5.8312755270196
0.0456942052852029 5.81833716394503
0.045795410984463 5.80548391478609
0.045896393515459 5.79271491865959
0.0459971543480416 5.78002931963447
0.046097694935997 5.76742626749971
0.0461980167172918 5.75490491842424
0.0462981211143129 5.74246443552657
0.046398009534103 5.73010398936043
0.046497683368591 5.71782275832569
0.0465971439948186 5.70561992901275
0.0466963927751622 5.69349469649099
0.0467954310575505 5.68144626454022
0.0468942601756782 5.66947384583845
0.0469928814492157 5.65757666210668
0.0470912961840144 5.64575394422054
0.0471895056723086 5.6340049322853
0.0472875111929135 5.62232887568638
0.0473853140114193 5.61072503311186
0.0474829153803822 5.59919267255568
0.0475803165395114 5.58773107130092
0.0476775187158526 5.57633951588578
0.0477745231239688 5.56501730205676
0.0478713309661169 5.55376373470817
0.0479679434324219 5.54257812781125
0.0480643617010476 5.531459804335
0.048160586938364 5.52040809615859
0.048256620299112 5.50942234397716
0.0483524629265652 5.49850189720259
0.0484481159526886 5.48764611385988
0.0485435804982945 5.47685436047967
0.0486388576731961 5.46612601198789
0.0487339485763576 5.45546045159316
0.0488288542960422 5.44485707067284
0.0489235759099575 5.43431526865737
0.0490181144853985 5.42383445291471
0.0491124710793873 5.4134140386334
0.0492066467388116 5.40305344870661
0.04930064250056 5.39275211361553
0.0493944593916549 5.38250947131408
0.0494880984293842 5.37232496711368
0.0495815606214289 5.36219805356948
0.0496748469659908 5.35212819036723
0.0497679584519159 5.34211484421142
0.0498608960588173 5.33215748871489
0.0499536607571952 5.32225560428958
