9.25925925925926e-05 -0
0.000277777777777778 6.13890165368502e-13
0.000462962962962963 -0
0.000648148148148148 6.1380679502084e-13
0.000833333333333333 1.84122029622813e-12
0.00101851851851852 6.13656728395048e-13
0.0012037037037037 1.22711336795571e-12
0.00138888888888889 1.84031989647337e-12
0.00157407407407407 3.67983943760919e-12
0.00175925925925926 2.45262602523629e-12
0.00194444444444444 2.45195906245499e-12
0.00212962962962963 1.22561270169778e-12
0.00231481481481481 6.12606262014499e-13
0.0025 1.83716849733173e-12
0.00268518518518519 3.06078031068561e-12
0.00287037037037037 2.44762380437654e-12
0.00305555555555556 3.66983499588969e-12
0.00324074074074074 3.05677853399781e-12
0.00342592592592593 1.83316672064393e-12
0.00361111111111111 2.44295506490744e-12
0.0037962962962963 2.44162113934483e-12
0.00398148148148148 2.4402205175041e-12
0.00416666666666667 1.82906489953894e-12
0.00435185185185185 2.43721918498826e-12
0.00453703703703704 2.43561847431314e-12
0.00472222222222222 3.65092660103982e-12
0.00490740740740741 5.47248816928912e-12
0.00509259259259259 7.89885253501178e-12
0.00527777777777778 1.21427433441567e-11
0.00546296296296296 1.75929549565505e-11
0.00564814814814815 2.42461358842169e-11
0.00583333333333333 3.51269170550949e-11
0.00601851851851852 5.14337491116143e-11
0.0062037037037037 7.19417696852058e-11
0.00638888888888889 1.03885552107386e-10
0.00657407407407407 1.46626728678711e-10
0.00675925925925926 2.08569460558768e-10
0.00694444444444444 2.91457524781435e-10
0.00712962962962963 4.12664228785315e-10
0.00731481481481481 5.81672231116194e-10
0.0075 8.19919783907609e-10
0.00768518518518519 1.15473419668887e-09
0.00787037037037037 1.61749426771015e-09
0.00805555555555556 2.26094338131588e-09
0.00824074074074074 3.15068501890894e-09
0.00842592592592593 4.38238820853104e-09
0.00861111111111111 6.07740225461837e-09
0.0087962962962963 8.40636125568992e-09
0.00898148148148148 1.15953508859926e-08
0.00916666666666667 1.59527720825282e-08
0.00935185185185185 2.1887653805758e-08
0.00953703703703704 2.99496637520253e-08
0.00972222222222222 4.08716714872524e-08
0.00990740740740741 5.56254297432207e-08
0.0100925925925926 7.54996293341042e-08
0.0102777777777778 1.02201808053338e-07
0.010462962962963 1.37977331162536e-07
0.0106481481481481 1.8577390578874e-07
0.0108333333333333 2.49454526738759e-07
0.0110185185185185 3.34064588637188e-07
0.0112037037037037 4.46172189150122e-07
0.0113888888888889 5.94303820370787e-07
0.0115740740740741 7.89496090784304e-07
0.0117592592592593 1.04599010426303e-06
0.0119444444444444 1.38210792881751e-06
0.0121296296296296 1.82135620264849e-06
0.0123148148148148 2.39379296168578e-06
0.0125 3.1377488278679e-06
0.0126851851851852 4.10195403054296e-06
0.0128703703703704 5.34817141701825e-06
0.0130555555555556 6.95444553486252e-06
0.0132407407407407 9.01910745421974e-06
0.0134259259259259 1.16656582471345e-05
0.0136111111111111 1.50487551502011e-05
0.0137962962962963 1.93614797579124e-05
0.0139814814814815 2.48441446556371e-05
0.0141666666666667 3.17949480688531e-05
0.0143518518518519 4.05827734842088e-05
0.014537037037037 5.16625533290687e-05
0.0147222222222222 6.55936164160446e-05
0.0149074074074074 8.30615188073272e-05
0.0150925925925926 0.000104903939682328
0.0152777777777778 0.000132141258438878
0.015462962962963 0.000166012532648567
0.0156481481481482 0.000208017655343362
0.0158333333333333 0.000259966594805019
0.0160185185185185 0.000324036599094131
0.0162037037037037 0.000402838459107715
0.0163888888888889 0.000499492905851855
0.0165740740740741 0.000617718322982823
0.0167592592592593 0.000761931020630801
0.0169444444444444 0.000937359356558652
0.0171296296296296 0.00115017303989924
0.0173148148148148 0.00140762895592506
0.0175 0.00171823483557939
0.0176851851851852 0.00209193206225949
0.0178703703703704 0.00254029883198063
0.0180555555555556 0.00307677473606242
0.0182407407407407 0.00371690771114698
0.0184259259259259 0.00447862402215922
0.0186111111111111 0.0053825217265649
0.0187962962962963 0.00645218766750711
0.0189814814814815 0.00771453765952963
0.0191666666666667 0.0092001790473964
0.0193518518518519 0.0109437942285033
0.019537037037037 0.0129845431737503
0.0197222222222222 0.0153664821672149
0.0199074074074074 0.0181389953358811
0.0200925925925926 0.021357234635592
0.0202777777777778 0.025082563108172
0.020462962962963 0.0293829953117974
0.0206481481481481 0.0343336278644797
0.0208333333333333 0.0400170521369818
0.0210185185185185 0.0465237401634478
0.0212037037037037 0.0539523939700875
0.0213888888888889 0.0624102477341994
0.0215740740740741 0.0720133113957812
0.0217592592592593 0.0828865438721413
0.0219444444444444 0.0951639434726502
0.0221296296296296 0.108988542979514
0.0223148148148148 0.124512296826653
0.0225 0.141895848046957
0.0226851851851852 0.161308163226855
0.0228703703703704 0.182926024545944
0.0230555555555556 0.206933369143763
0.0232407407407407 0.233520467608645
0.0234259259259259 0.262882935197209
0.0236111111111111 0.295220571637076
0.0237962962962963 0.330736027872493
0.0239814814814815 0.369633300955659
0.0241666666666667 0.412116061399107
0.0243518518518519 0.458385820633871
0.024537037037037 0.508639949734932
0.0247222222222222 0.563069564206243
0.0249074074074074 0.621857293255338
0.0250925925925926 0.685174955639171
0.0252777777777778 0.753181167634516
0.025462962962963 0.826018911942901
0.0256481481481481 0.903813099339243
0.0258333333333333 0.986668157392924
0.0260185185185185 1.07466568266177
0.0262037037037037 1.16786219425795
0.0263888888888889 1.26628702749393
0.0265740740740741 1.36994040646583
0.0267592592592593 1.47879173378565
0.0269444444444444 1.59277813421665
0.0271296296296296 1.71180328676939
0.0273148148148148 1.83573657672397
0.0275 1.96441259526253
0.0276851851851852 2.09763100982342
0.0278703703703704 2.23515682307385
0.0280555555555556 2.37672103262723
0.0282407407407407 2.52202169736262
0.0284259259259259 2.6707254095904
0.0286111111111111 2.82246916552175
0.0287962962962963 2.97686261956483
0.0289814814814815 3.13349070123809
0.0291666666666667 3.2919165668362
0.0293518518518519 3.45168485190086
0.029537037037037 3.61232518481577
0.0297222222222222 3.77335591692524
0.0299074074074074 3.93428802035818
0.0300925925925926 4.09462910145172
0.0302777777777778 4.25388747530714
0.030462962962963 4.41157624577162
0.0306481481481482 4.56721733484475
0.0308333333333333 4.72034540639847
0.0310185185185185 4.87051163095085
0.0312037037037037 5.01728724117822
0.0313888888888889 5.16026683164491
0.0315740740740741 5.29907136097034
0.0317592592592593 5.43335082001878
0.0319444444444444 5.56278653579929
0.0321296296296296 5.68709308719683
0.0323148148148148 5.8060198155204
0.0325 5.91935191981472
0.0326851851851852 6.02691113387439
0.0328703703703704 6.12855598874686
0.0330555555555556 6.22418167106444
0.0332407407407407 6.31371949371802
0.0334259259259259 6.39713600094329
0.0336111111111111 6.47443173492451
0.0337962962962963 6.54563969522983
0.0339814814814815 6.6108235259336
0.0341666666666667 6.67007546788607
0.0343518518518519 6.72351411550563
0.034537037037037 6.77128201842755
0.0347222222222222 6.81354316857691
0.0349074074074074 6.8504804126792
0.0350925925925926 6.8822928289538
0.0352777777777778 6.90919310483773
0.035462962962963 6.93140495013264
0.0356481481481482 6.94916057704488
0.0358333333333333 6.96269827529718
0.0360185185185185 6.9722601069
0.0362037037037037 6.97808974143288
0.0363888888888889 6.9804304488285
0.0365740740740741 6.97952326280786
0.0367592592592593 6.97560532434713
0.0369444444444444 6.96890841092812
0.0371296296296296 6.95965765393801
0.0373148148148148 6.94807044341905
0.0375 6.93435551656157
0.0376851851851852 6.91871222379982
0.0378703703703704 6.90132996426533
0.0380555555555556 6.88238778053382
0.0382407407407407 6.86205410121528
0.0384259259259259 6.84048661886408
0.0386111111111111 6.81783228995606
0.0387962962962963 6.79422744329705
0.0389814814814815 6.76979798308712
0.0391666666666667 6.74465967303481
0.0393518518518519 6.7189184882646
0.039537037037037 6.69267102234632
0.0397222222222222 6.66600493747984
0.0399074074074074 6.63899944671692
0.0400925925925926 6.61172581803995
0.0402777777777778 6.58424789110909
0.040462962962963 6.55662259851307
0.0406481481481482 6.5289004843982
0.0408333333333333 6.50112621436208
0.0410185185185185 6.47333907148526
0.0412037037037037 6.44557343430933
0.0413888888888889 6.4178592334546
0.0415740740740741 6.39022238435248
0.0417592592592593 6.36268519433115
0.0419444444444445 6.33526674291773
0.0421296296296296 6.30798323480603
0.0423148148148148 6.28084832542652
0.0425 6.25387341948125
0.0426851851851852 6.22706794312983
0.0428703703703704 6.20043959081528
0.0430555555555556 6.1739945479096
0.0432407407407407 6.14773769053257
0.0434259259259259 6.12167276399373
0.0436111111111111 6.09580254137834
0.0437962962962963 6.07012896382513
0.0439814814814815 6.04465326403411
0.0441666666666667 6.0193760745203
0.0443518518518519 5.99429752207166
0.044537037037037 5.9694173098054
0.0447222222222222 5.94473478814382
0.0449074074074074 5.92024901593607
0.0450925925925926 5.89595881286946
0.0452777777777778 5.87186280421679
0.045462962962963 5.84795945887466
0.0456481481481482 5.82424712156012
0.0458333333333333 5.8007240399378
0.0460185185185185 5.77738838737715
0.0462037037037037 5.75423828195292
0.0463888888888889 5.7312718022324
0.0465740740740741 5.70848700033014
0.0467592592592593 5.68588191264092
0.0469444444444444 5.66345456861836
0.0471296296296296 5.64120299790736
0.0473148148148148 5.61912523610048
0.0475 5.59721932934637
0.0476851851851852 5.57548333800924
0.0478703703703704 5.55391533953837
0.0480555555555556 5.53251343069435
0.0482407407407407 5.51127572924383
0.0484259259259259 5.49020037522334
0.0486111111111111 5.46928553185359
0.0487962962962963 5.44852938617047
0.0489814814814815 5.42793014943011
0.0491666666666667 5.4074860573325
0.0493518518518519 5.38719537010173
0.049537037037037 5.36705637245346
0.0497222222222222 5.347067373474
0.0499074074074074 5.32722670643129
