0 973.541673547666
0.000179856115107914 973.541673547666
0.000359712230215827 973.541673547666
0.000539568345323741 973.541673547666
0.000719424460431655 973.541673547666
0.000899280575539568 973.541673547666
0.00107913669064748 973.541673547666
0.0012589928057554 973.541673547666
0.00143884892086331 973.541673547666
0.00161870503597122 973.541673547666
0.00179856115107914 973.541673547667
0.00197841726618705 973.541673547667
0.00215827338129496 973.541673547666
0.00233812949640288 973.541673547666
0.00251798561151079 973.541673547666
0.00269784172661871 973.541673547666
0.00287769784172662 973.541673547666
0.00305755395683453 973.541673547665
0.00323741007194245 973.541673547665
0.00341726618705036 973.541673547665
0.00359712230215827 973.541673547665
0.00377697841726619 973.541673547665
0.0039568345323741 973.541673547665
0.00413669064748201 973.541673547665
0.00431654676258993 973.541673547665
0.00449640287769784 973.541673547665
0.00467625899280576 973.541673547665
0.00485611510791367 973.541673547664
0.00503597122302158 973.541673547664
0.0052158273381295 973.541673547663
0.00539568345323741 973.541673547661
0.00557553956834532 973.541673547658
0.00575539568345324 973.541673547654
0.00593525179856115 973.541673547648
0.00611510791366907 973.54167354764
0.00629496402877698 973.541673547627
0.00647482014388489 973.541673547609
0.00665467625899281 973.541673547584
0.00683453237410072 973.541673547549
0.00701438848920863 973.541673547499
0.00719424460431655 973.541673547428
0.00737410071942446 973.541673547328
0.00755395683453237 973.541673547188
0.00773381294964029 973.541673546993
0.0079136690647482 973.54167354672
0.00809352517985612 973.541673546342
0.00827338129496403 973.541673545818
0.00845323741007194 973.541673545094
0.00863309352517986 973.541673544097
0.00881294964028777 973.541673542728
0.00899280575539568 973.541673540851
0.0091726618705036 973.541673538286
0.00935251798561151 973.541673534789
0.00953237410071943 973.541673530034
0.00971223021582734 973.541673523584
0.00989208633093525 973.541673514857
0.0100719424460432 973.54167350308
0.0102517985611511 973.541673487227
0.010431654676259 973.54167346594
0.0106115107913669 973.541673437429
0.0107913669064748 973.541673399338
0.0109712230215827 973.541673348576
0.0111510791366906 973.541673281097
0.0113309352517986 973.541673191621
0.0115107913669065 973.541673073272
0.0116906474820144 973.541672917125
0.0118705035971223 973.541672711623
0.0120503597122302 973.541672441839
0.0122302158273381 973.541672088547
0.012410071942446 973.54167162705
0.012589928057554 973.541671025705
0.0127697841726619 973.541670244082
0.0129496402877698 973.541669230654
0.0131294964028777 973.541667919933
0.0133093525179856 973.541666228908
0.0134892086330935 973.541664052632
0.0136690647482014 973.541661258785
0.0138489208633094 973.541657680978
0.0140287769784173 973.54165311054
0.0142086330935252 973.541647286471
0.0143884892086331 973.541639883197
0.014568345323741 973.541630495679
0.0147482014388489 973.541618621367
0.0149280575539568 973.541603638398
0.0151079136690647 973.541584779338
0.0152877697841727 973.541561099643
0.0154676258992806 973.541531439922
0.0156474820143885 973.54149438089
0.0158273381294964 973.541448189798
0.0160071942446043 973.541390756904
0.0161870503597122 973.541319520392
0.0163669064748201 973.541231377915
0.0165467625899281 973.541122582713
0.016726618705036 973.540988622028
0.0169064748201439 973.540824075252
0.0170863309352518 973.540622448996
0.0172661870503597 973.540375985946
0.0174460431654676 973.540075444111
0.0176258992805755 973.539709842731
0.0178057553956835 973.539266170837
0.0179856115107914 973.538729054117
0.0181654676258993 973.538080375497
0.0183453237410072 973.537298844529
0.0185251798561151 973.536359510471
0.018705035971223 973.535233213714
0.0188848920863309 973.53388597007
0.0190647482014389 973.532278282315
0.0192446043165468 973.530364373402
0.0194244604316547 973.528091335775
0.0196043165467626 973.525398191421
0.0197841726618705 973.522214857567
0.0199640287769784 973.518461013345
0.0201438848920863 973.51404486333
0.0203237410071942 973.508861794557
0.0205035971223022 973.502792924527
0.0206834532374101 973.495703538809
0.020863309352518 973.48744141808
0.0210431654676259 973.477835055946
0.0212230215827338 973.466691770524
0.0214028776978417 973.453795714636
0.0215827338129496 973.438905791526
0.0217625899280576 973.421753485204
0.0219424460431655 973.40204061695
0.0221223021582734 973.379437042005
0.0223021582733813 973.353578303111
0.0224820143884892 973.324063260289
0.0226618705035971 973.290451718943
0.022841726618705 973.252262081143
0.023021582733813 973.208969047538
0.0232014388489209 973.160001399924
0.0233812949640288 973.104739896796
0.0235611510791367 973.042515316284
0.0237410071942446 972.97260668268
0.0239208633093525 972.89423971406
0.0241007194244604 972.806585529484
0.0242805755395683 972.708759654606
0.0244604316546763 972.599821364362
0.0246402877697842 972.478773400573
0.0248201438848921 972.344562100817
0.025 972.196077972696
0.0251798561151079 972.032156744716
0.0253597122302158 971.851580921264
0.0255395683453237 971.65308186481
0.0257194244604317 971.435342423245
0.0258992805755396 971.197000114522
0.0260791366906475 970.936650874278
0.0262589928057554 970.652853365151
0.0264388489208633 970.344133839047
0.0266187050359712 970.00899153581
0.0267985611510791 969.6459045937
0.026978417266187 969.253336438955
0.027158273381295 968.82974261358
0.0273381294964029 968.373577992593
0.0275179856115108 967.88330433438
0.0276978417266187 967.357398100715
0.0278776978417266 966.794358476544
0.0280575539568345 966.19271551401
0.0282374100719424 965.55103832043
0.0284172661870504 964.867943206304
0.0285971223021583 964.142101706864
0.0287769784172662 963.372248389453
0.0289568345323741 962.557188358978
0.029136690647482 961.695804375116
0.0293165467625899 960.787063497628
0.0294964028776978 959.83002318021
0.0296762589928058 958.823836738672
0.0298561151079137 957.76775812582
0.0300359712230216 956.661145953115
0.0302158273381295 955.503466707915
0.0303956834532374 954.294297124696
0.0305755395683453 953.033325678926
0.0307553956834532 951.720353183079
0.0309352517985612 950.355292475452
0.0311151079136691 948.938167203709
0.031294964028777 947.469109716317
0.0314748201438849 945.948358086034
0.0316546762589928 944.376252300094
0.0318345323741007 942.753229661656
0.0320143884892086 941.079819456182
0.0321942446043165 939.356636944516
0.0323741007194245 937.584376751548
0.0325539568345324 935.763805725222
0.0327338129496403 933.895755345257
0.0329136690647482 931.981113764274
0.0330935251798561 930.020817566022
0.033273381294964 928.015843325971
0.0334532374100719 925.967199058942
0.0336330935251799 923.875915636439
0.0338129496402878 921.743038253302
0.0339928057553957 919.569618019035
0.0341726618705036 917.356703744055
0.0343525179856115 915.105333985022
0.0345323741007194 912.816529406726
0.0347122302158273 910.491285510703
0.0348920863309353 908.130565773011
0.0350719424460432 905.735295225665
0.0352517985611511 903.306354508079
0.035431654676259 900.844574406822
0.0356115107913669 898.350730894011
0.0357913669064748 895.825540667016
0.0359712230215827 893.269657184831
0.0361510791366906 890.683667189603
0.0363309352517986 888.068087695508
0.0365107913669065 885.423363421419
0.0366906474820144 882.749864638704
0.0368705035971223 880.04788540105
0.0370503597122302 877.317642119397
0.0372302158273381 874.559272441951
0.037410071942446 871.772834396695
0.037589928057554 868.958305751913
0.0377697841726619 866.115583548874
0.0379496402877698 863.244483759895
0.0381294964028777 860.344741024588
0.0383093525179856 857.416008416932
0.0384892086330935 854.457857195986
0.0386690647482014 851.469776493423
0.0388489208633094 848.451172891488
0.0390287769784173 845.401369845463
0.0392086330935252 842.319606905138
0.0393884892086331 839.205038689996
0.039568345323741 836.056733572823
0.0397482014388489 832.873672026076
0.0399280575539568 829.654744584545
0.0401079136690648 826.398749376474
0.0402877697841727 823.104389173296
0.0404676258992806 819.770267905402
0.0406474820143885 816.39488658763
0.0408273381294964 812.976638593534
0.0410071942446043 809.513804211539
0.0411870503597122 806.00454440889
0.0413669064748201 802.446893720371
0.0415467625899281 798.838752168133
0.041726618705036 795.177876106053
0.0419064748201439 791.461867866679
0.0420863309352518 787.688164070418
0.0422661870503597 783.854022434727
0.0424460431654676 779.956506894887
0.0426258992805755 775.992470816777
0.0428057553956835 771.958538044673
0.0429856115107914 767.851081482411
0.0431654676258993 763.666198852357
0.0433453237410072 759.399685211708
0.0435251798561151 755.047001726919
0.043705035971223 750.603240111235
0.0438848920863309 746.063082013193
0.0440647482014389 741.420752499949
0.0442446043165468 736.669966601399
0.0444244604316547 731.80386765993
0.0446043165467626 726.814955954104
0.0447841726618705 721.695005716578
0.0449640287769784 716.434968225453
0.0451438848920863 711.024858085165
0.0453237410071942 705.453619088591
0.0455035971223022 699.70896511217
0.0456834532374101 693.777190265872
0.045863309352518 687.642940894669
0.0460431654676259 681.288939859209
0.0462230215827338 674.695650596756
0.0464028776978417 667.840864467826
0.0465827338129496 660.699189369081
0.0467625899280576 653.241409847161
0.0469424460431655 645.433677923779
0.0471223021582734 637.236477891183
0.0473021582733813 628.603284835232
0.0474820143884892 619.478801317152
0.0476618705035971 609.796602352428
0.047841726618705 599.475933286368
0.048021582733813 588.417266581721
0.0482014388489209 576.495991787802
0.0483812949640288 563.553211133944
0.0485611510791367 549.381886671942
0.0487410071942446 533.70520536158
0.0489208633093525 516.141252060533
0.0491007194244604 496.142085133687
0.0492805755395683 472.881185709646
0.0494604316546763 445.026071255801
0.0496402877697842 410.219426413023
0.0498201438848921 363.665789939275
0.05 293
