0.00151864184807697 -0
0.00366632574601476 5.39304240016194e-13
0.00477804873730739 5.13485975094343e-12
0.00566764853552354 2.93759647772692e-11
0.00643307010192994 1.25391332893796e-10
0.00711568403560183 4.45132713252832e-10
0.00773784629041301 1.37989208601902e-09
0.00831331645646277 3.84097633417157e-09
0.00885129334010648 9.79527839295566e-09
0.00935829273420152 2.32224948543632e-08
0.00983913239097383 5.17523809492064e-08
0.0102974948797424 1.0933850989072e-07
0.0107362707310461 2.20474128689289e-07
0.0111577785410281 4.26628612003329e-07
0.011563912075177 7.95760690640817e-07
0.0119562419787636 1.43604307984822e-06
0.0123360881394124 2.5151501533499e-06
0.0127045724409179 4.28676786614576e-06
0.0130626580410127 7.12627665008969e-06
0.0134111791587514 1.15778269749321e-05
0.0137508640338923 1.84153431751837e-05
0.0140823528800879 2.87201852943935e-05
0.014406212105377 4.39784239866743e-05
0.0147229457072811 6.62007765606883e-05
0.0150330045000365 9.80682848778703e-05
0.0153367936578879 0.000143106717480322
0.0156346789356119 0.000205892462361378
0.0159269918392832 0.000292292311401801
0.0162140339560802 0.000409739017579346
0.0164960806045367 0.000567543844720167
0.0167733839312562 0.000777246481206418
0.0170461755533764 0.00105300172549843
0.0173146688256836 0.00141200124210225
0.0175790607955682 0.00187492745702471
0.0178395338968129 0.00246643536566796
0.018096257423639 0.00321565666726065
0.0183493888188872 0.00415671928269881
0.0185990748042058 0.00532927396352916
0.018845452375305 0.00677901845189741
0.0190886496814659 0.00855820851636095
0.0193287868053427 0.010726144201693
0.0195659764565392 0.0133496188691013
0.0198003245903348 0.0165033180859488
0.0200319309612035 0.0202701551767447
0.0202608896193344 0.0247415303050029
0.0204872893571692 0.030017500323494
0.0207112141119716 0.036206847359901
0.0209327433296088 0.0434270351312063
0.0211519522940172 0.0518040433253752
0.0213689124262277 0.0614720720619671
0.0215836915563207 0.0725731103726222
0.0217963541712455 0.0852563647877393
0.0220069616410742 0.099677546476516
0.0222155724259378 0.115998017908179
0.022422242265626 0.134383802534727
0.022627024353591 0.155004463651166
0.0228299694968971 0.178031861146974
0.0230311262634787 0.203638797366167
0.0232305411179158 0.231997565625054
0.0234282585468032 0.263278417084016
0.0236243211746729 0.297647963581919
0.0238187698713233 0.335267535624178
0.0240116438513235 0.376291515988647
0.0242029807663773 0.420865670340868
0.0243928167911647 0.469125496785293
0.0245811867032136 0.521194616426331
0.0247681239573029 0.577183226770888
0.0249536607548474 0.637186639181863
0.0251378281086712 0.701283920608462
0.0253206559035405 0.769536658463814
0.0255021729527882 0.841987865872801
0.0256824070513366 0.918661042581059
0.0258613850253923 0.999559404612968
0.0260391327790664 1.0846652934351
0.0262156753381488 1.17393977280578
0.0263910368912467 1.26732241891789
0.0265652408284774 1.36473130673693
0.0267383097778927 1.46606319277319
0.0269102656397935 1.5711938919104
0.0270811296190836 1.67997884334642
0.0272509222557967 1.79225385833345
0.0274196634539224 1.90783604013164
0.0275873725086439 2.02652486458016
0.0277540681320948 2.14810340786756
0.0279197684777317 2.2723397065132
0.0280844911634114 2.39898823329779
0.0282482532932575 2.52779147185128
0.0284110714783924 2.65848157184932
0.0285729618566049 2.79078206634993
0.0287339401110215 2.92440963255793
0.0288940214878408 3.05907587746135
0.0290532208131878 3.19448913003096
0.029211552509142 3.33035622230909
0.0293690306089876 3.46638424244657
0.0295256687717313 3.60228224373614
0.0296814802959301 3.73776289481281
0.0298364781328702 3.87254405746682
0.0299906748991314 4.00635027991848
0.0301440828885741 4.13891419483012
0.0302967140837793 4.26997781291776
0.0304485801669724 4.39929370456209
0.0305996925304593 4.52662606337935
0.030750062286601 4.65175164729776
0.0308997002773505 4.77446059423805
0.0310486170833767 4.89455711089498
0.031196823032796 5.01186003459572
0.0313443282095323 5.12620326949216
0.0314911424613245 5.23743609959238
0.0316372754073995 5.3454233822048
0.0317827364458279 5.45004562644014
0.0319275347605773 5.55119896221523
0.0320716793282801 5.64879500605906
0.0322151789247277 5.74276063055338
0.0323580421311062 5.8330376448359
0.0325002773399846 5.91958239395361
0.0326418927610689 6.0023652851217
0.0327828964267323 6.08137024913835
0.0329232961973314 6.15659414524812
0.0330630997663207 6.22804611772875
0.0332023146651718 6.29574691233784
0.0333409482681084 6.35972816057978
0.0334790077966652 6.42003163946312
0.0336165003240772 6.47670851409491
0.0337534327795092 6.52981857007317
0.0338898119521306 6.57942944222223
0.0340256444950437 6.62561584573376
0.0341609369290714 6.66845881530491
0.0342956956464101 6.70804495736712
0.034429926914154 6.74446571995696
0.0345636368776967 6.77781668430861
0.0346968315640138 6.80819688166608
0.0348295168848337 6.83570813838621
0.034961698639699 6.86045445184766
0.0350933825189251 6.88254139923091
0.0352245741064582 6.90207558078899
0.0353552788826388 6.91916409878437
0.0354855022268731 6.93391407287959
0.0356152494202165 6.94643219238562
0.0357445256478728 6.95682430544197
0.0358733360016122 6.96519504488616
0.0360016854821118 6.97164749027603
0.0361295790012204 6.97628286532221
0.0362570213841528 6.97920026971794
0.0363840173716134 6.98049644420609
0.0365105716218543 6.98026556755021
0.0366366887126693 6.97859908393706
0.0367623731433259 6.97558555926687
0.0368876293364381 6.97131056465294
0.037012461639783 6.96585658546569
0.0371368743280612 6.95930295414566
0.0372608716046054 6.95172580506684
0.037384457603037 6.94319804967322
0.0375076363888743 6.93378937016348
0.0376304119610932 6.92356623001334
0.0377527882536419 6.91259189968239
0.0378747691369117 6.90092649587678
0.0379963584191656 6.88862703283935
0.0381175598479255 6.87574748416212
0.0382383771113197 6.8623388537394
0.0383588138393929 6.8484492544994
0.0384788736053786 6.83412399369463
0.0385985599269363 6.81940566355802
0.0387178762673536 6.80433423625769
0.0388368260367164 6.78894716214332
0.0389554125930454 6.77327947036049
0.0390736392434024 6.75736387100755
0.0391915092449669 6.74123085806312
0.0393090258060824 6.72490881241043
0.039426192087276 6.70842410435012
0.0395430112022501 6.69180119505907
0.0396594862188476 6.67506273651728
0.0397756201599922 6.65822966951137
0.0398914160046041 6.64132131933904
0.040006876688491 6.62435548893618
0.040122005105217 6.60734854918082
0.0402368041069488 6.59031552615051
0.0403512765052798 6.57327018521983
0.0404654250720338 6.55622511183502
0.0405792525400483 6.53919178891812
0.0406927616039374 6.5221806708334
0.0408059549208368 6.50520125389881
0.0409188351111288 6.48826214344488
0.0410314047591508 6.47137111745306
0.0411436664138851 6.45453518680362
0.0412556225896327 6.43776065221633
0.0413672757666704 6.42105315793045
0.0414786283918917 6.40441774224531
0.0415896828794324 6.38785888498688
0.0417004416112818 6.37138055202656
0.0418109069378783 6.35498623695398
0.0419210811786917 6.33867900001787
0.0420309666227912 6.32246150445977
0.0421405655294006 6.30633605035215
0.0422498801284403 6.29030460607424
0.0423589126210561 6.27436883753135
0.0424676651801372 6.25853013524737
0.0425761399508208 6.24278963944756
0.042684339050986 6.22714826324511
0.0427922645717364 6.21160671403855
0.0428999185778715 6.19616551324422
0.0430073031083477 6.18082501445112
0.0431144201767287 6.16558542011536
0.0432212717716262 6.15044679688109
0.0433278598571308 6.13540908962727
0.0434341863732327 6.12047213432404
0.0435402532362345 6.10563566979305
0.0436460623391534 6.0908993484349
0.0437516155521158 6.07626274602135
0.0438569147227429 6.06172537059981
0.043961961676528 6.04728667060255
0.0440667582172059 6.032946042199
0.0441713061271139 6.01870283597191
0.044275607167546 6.0045563629576
0.0443796630790987 5.99050590010708
0.0444834755820101 5.97655069522272
0.0445870463764916 5.96268997140238
0.0446903771430529 5.94892293104313
0.0447934695428203 5.93524875943903
0.0448963252178477 5.92166662800868
0.0449989457914226 5.90817569718523
0.0451013328683642 5.89477511900215
0.0452034880353167 5.88146403939694
0.0453054128610361 5.86824160026557
0.0454071088966713 5.8551069412854
0.0455085776760394 5.84205920153366
0.0456098207158955 5.82909752091345
0.0457108395161978 5.81622104141596
0.0458116355603662 5.80342890822641
0.0459122103155368 5.79072027069374
0.0460125652328112 5.7780942831768
0.0461127017475005 5.76555010577715
0.0462126212793647 5.75308690497548
0.0463123252328482 5.74070385417726
0.0464118149973093 5.72840013417658
0.0465110919472468 5.71617493355127
0.0466101574425211 5.70402744899221
0.0467090128285716 5.69195688557785
0.0468076594366301 5.67996245699617
0.04690609858393 5.6680433857234
0.047004331573911 5.65619890316195
0.047102359696421 5.64442824974474
0.0472001842279137 5.63273067500552
0.0472978064316421 5.62110543762587
0.0473952275578493 5.60955180545551
0.0474924488439549 5.59806905551197
0.0475894715147388 5.58665647396249
0.0476862967825209 5.57531335609086
0.0477829258473379 5.5640390062477
0.0478793598971171 5.55283273779191
0.0479756001078464 5.54169387302002
0.0480716476437419 5.53062174308689
0.0481675036574119 5.5196156879194
0.0482631692900189 5.50867505612396
0.0483586456714372 5.49779920488898
0.0484539339204097 5.48698749988225
0.0485490351446996 5.47623931514488
0.0486439504412418 5.46555403298393
0.0487386808962899 5.45493104386102
0.0488332275855612 5.4443697462805
0.0489275915743796 5.43386954667601
0.0490217739178153 5.42342985929688
0.0491157756608226 5.41305010609341
0.0492095978383753 5.40272971660272
0.0493032414755993 5.39246812783488
0.0493967075879035 5.38226478415933
0.0494899971811084 5.37211913719193
0.0495831112515721 5.36203064568314
0.0496760507863146 5.35199877540716
0.0497688167631399 5.34202299905219
0.0498614101507559 5.3321027961118
0.0499538319088927 5.32223765277801
