8.92857142857143e-05 -0
0.000267857142857143 6.36628202853119e-13
0.000446428571428571 1.27319209143804e-12
0.000625 6.36547810017874e-13
0.000803571428571429 2.54593398299871e-12
0.000982142857142857 1.90920930874329e-12
0.00116071428571429 3.18153315756067e-12
0.00133928571428571 2.54477632617117e-12
0.00151785714285714 6.36065453006398e-13
0.00169642857142857 -0
0.001875 1.27151992046492e-12
0.00205357142857143 6.35583095994922e-13
0.00223214285714286 1.27078030638066e-12
0.00241071428571429 1.27036226363738e-12
0.00258928571428571 6.34956031880004e-13
0.00276785714285714 1.90414456012279e-12
0.00294642857142857 1.90337278890443e-12
0.003125 1.26836852132328e-12
0.00330357142857143 1.26778969290951e-12
0.00348214285714286 1.90076806104246e-12
0.00366071428571429 1.26653556467967e-12
0.00383928571428571 2.53172052972721e-12
0.00401785714285714 1.26515280791345e-12
0.00419642857142857 1.26441319382918e-12
0.004375 3.15910355652704e-12
0.00455357142857143 3.1570937356459e-12
0.00473214285714286 6.31000704385898e-12
0.00491071428571429 6.93623241383127e-12
0.00508928571428571 9.45174574797293e-12
0.00526785714285714 1.44819524093367e-11
0.00544642857142857 2.01333679277533e-11
0.005625 2.7032780423042e-11
0.00580357142857143 3.6432978285055e-11
0.00598214285714286 4.958231221914e-11
0.00616071428571429 6.77243736747965e-11
0.00633928571428571 9.39772176268761e-11
0.00651785714285714 1.31446550710734e-10
0.00669642857142857 1.83850268342667e-10
0.006875 2.58638246179998e-10
0.00705357142857143 3.60107430493275e-10
0.00723214285714286 5.01885184434055e-10
0.00741071428571429 6.96291110143328e-10
0.00758928571428572 9.68649147178465e-10
0.00776785714285714 1.34229734710191e-09
0.00794642857142857 1.85721368812405e-09
0.008125 2.56123224644968e-09
0.00830357142857143 3.52422772735394e-09
0.00848214285714286 4.83920391453855e-09
0.00866071428571429 6.6276883270129e-09
0.00883928571428571 9.05556328392863e-09
0.00901785714285714 1.23413664919018e-08
0.00919642857142857 1.67774269518515e-08
0.009375 2.27520332813924e-08
0.00955357142857143 3.07756788839899e-08
0.00973214285714286 4.15284864210113e-08
0.00991071428571429 5.58967621403937e-08
0.0100892857142857 7.50488611320225e-08
0.0102678571428571 1.00506610862741e-07
0.0104464285714286 1.34267720457533e-07
0.010625 1.78919576466968e-07
0.0108035714285714 2.37827018589545e-07
0.0109821428571429 3.15337404463471e-07
0.0111607142857143 4.17066183354209e-07
0.0113392857142857 5.50236511486227e-07
0.0115178571428571 7.24119713147622e-07
0.0116964285714286 9.50581741828689e-07
0.011875 1.24476346552967e-06
0.0120535714285714 1.62593469516232e-06
0.0122321428571429 2.11855516811121e-06
0.0124107142857143 2.75357742089678e-06
0.0125892857142857 3.57006691629573e-06
0.0127678571428571 4.61719551652839e-06
0.0129464285714286 5.95667032032607e-06
0.013125 7.66572316347612e-06
0.0133035714285714 9.84073978964482e-06
0.0134821428571429 1.26016784705664e-05
0.0136607142857143 1.609740344127e-05
0.0138392857142857 2.05121402505918e-05
0.0140178571428571 2.60732209166704e-05
0.0141964285714286 3.30603839345145e-05
0.014375 4.18168634727517e-05
0.0145535714285714 5.27626057394185e-05
0.0147321428571429 6.64099562099649e-05
0.0149107142857143 8.33821815602231e-05
0.0150892857142857 0.000104435308354577
0.0152678571428571 0.000130483751371352
0.0154464285714286 0.000162630309385117
0.015625 0.000202201092442955
0.0158035714285714 0.000250786103425919
0.0159821428571429 0.000310286174008441
0.0161607142857143 0.000382967055510383
0.0163392857142857 0.000471521512325481
0.0165178571428571 0.000579140319229375
0.0166964285714286 0.000709593124153736
0.016875 0.000867320164496493
0.0170535714285714 0.00105753585730053
0.0172321428571429 0.0012863453005779
0.0174107142857143 0.00156087473726874
0.0175892857142857 0.00188941698048146
0.0177678571428571 0.00228159277299995
0.0179464285714286 0.00274852897309934
0.018125 0.00330305435836034
0.0183035714285714 0.00395991367694067
0.0184821428571429 0.00473600039651691
0.0186607142857143 0.00565060839678754
0.0188392857142857 0.00672570252620263
0.0190178571428571 0.00798620766461458
0.0191964285714286 0.00946031552001345
0.019375 0.0111798079807903
0.0195535714285714 0.0131803953506386
0.0197321428571429 0.0155020672537746
0.0199107142857143 0.0181894534264373
0.0200892857142857 0.021292190988173
0.0202678571428571 0.0248652941163715
0.0204464285714286 0.0289695213661357
0.020625 0.0336717351780833
0.0208035714285714 0.039045247407044
0.0209821428571429 0.0451701440046352
0.0211607142857143 0.052133581346026
0.0213392857142857 0.0600300460329139
0.0215178571428571 0.0689615695025878
0.0216964285714286 0.0790378882773213
0.021875 0.0903765403558869
0.0220535714285714 0.103102888034258
0.0222321428571429 0.117350057382489
0.0224107142857143 0.133258784739386
0.0225892857142857 0.15097716089147
0.0227678571428571 0.170660264144735
0.0229464285714286 0.192469674290616
0.023125 0.216572860439893
0.0233035714285714 0.243142436981667
0.0234821428571429 0.272355283422868
0.0236607142857143 0.30439152562504
0.0238392857142857 0.339433377906084
0.0240178571428571 0.377663847707062
0.0241964285714286 0.419265306860861
0.024375 0.464417936090582
0.0245535714285714 0.513298051952802
0.0247321428571429 0.566076328220965
0.0249107142857143 0.622915926380909
0.0250892857142857 0.683970552689499
0.0252678571428571 0.749382461749061
0.0254464285714286 0.819280429084473
0.025625 0.893777717331552
0.0258035714285714 0.972970062648625
0.0259821428571429 1.05693370943983
0.0261607142857143 1.14572352271031
0.0263392857142857 1.23937120800386
0.0265178571428571 1.33788366910468
0.0266964285714286 1.4412415332641
0.026875 1.54939787284739
0.0270535714285714 1.6622771507271
0.0272321428571429 1.77977441468405
0.0274107142857143 1.90175476340484
0.0275892857142857 2.02805310346183
0.0277678571428571 2.15847421295796
0.0279464285714286 2.29279312338158
0.028125 2.43075582667434
0.0283035714285714 2.57208030971807
0.0284821428571429 2.71645791341989
0.0286607142857143 2.86355500842584
0.0288392857142857 3.01301497437281
0.0290178571428571 3.1644604645325
0.0291964285714286 3.31749593286535
0.029375 3.4717103959893
0.0295535714285714 3.6266803984446
0.0297321428571429 3.78197314600123
0.0299107142857143 3.93714976876081
0.0300892857142857 4.09176867338857
0.0302678571428571 4.24538894214854
0.0304464285714286 4.39757373549098
0.030625 4.54789365478046
0.0308035714285714 4.69593002235438
0.0309821428571429 4.84127803749801
0.0311607142857143 4.98354976899836
0.0313392857142857 5.12237694776554
0.0315178571428571 5.2574135263867
0.0316964285714286 5.38833797645343
0.031875 5.51485529891732
0.0320535714285714 5.6366987275092
0.0322321428571429 5.75363111028933
0.0324107142857143 5.86544595960331
0.0325892857142857 5.97196816594883
0.0327678571428571 6.07305437643376
0.0329464285714286 6.16859304353598
0.033125 6.2585041546116
0.0333035714285714 6.34273865703484
0.0334821428571429 6.42127759783796
0.0336607142857143 6.49413100020088
0.0338392857142857 6.56133650216953
0.0340178571428571 6.62295778533157
0.0341964285714286 6.67908282301816
0.034375 6.72982197880313
0.0345535714285714 6.77530598669123
0.0347321428571429 6.81568384440979
0.0349107142857143 6.85112065074658
0.0350892857142857 6.88179541683478
0.0352678571428571 6.90789887985225
0.0354464285714286 6.92963134572098
0.035625 6.94720058522579
0.0358035714285714 6.96081980548123
0.0359821428571429 6.97070571603078
0.0361607142857143 6.97707670605647
0.0363392857142857 6.98015114629678
0.0365178571428571 6.98014582640171
0.0366964285714286 6.97727453560552
0.036875 6.97174679186545
0.0370535714285714 6.96376672203061
0.0372321428571429 6.95353209316857
0.0374107142857143 6.94123349300612
0.0375892857142857 6.92705365545133
0.0377678571428571 6.91116692546015
0.0379464285714286 6.89373885606358
0.038125 6.87492592917386
0.0383035714285714 6.85487539085026
0.0384821428571429 6.83372519106165
0.0386607142857143 6.81160401750023
0.0388392857142857 6.7886314128083
0.0390178571428571 6.76491796456594
0.0391964285714286 6.74056555754015
0.039375 6.71566767801229
0.0395535714285714 6.69030976047383
0.0397321428571429 6.66456956750987
0.0399107142857143 6.63851759436349
0.0400892857142857 6.6122174903587
0.0402678571428571 6.58572649011567
0.0404464285714286 6.55909584825809
0.040625 6.53237127209179
0.0408035714285714 6.50559334747923
0.0409821428571429 6.4787979538944
0.0411607142857143 6.45201666532756
0.0413392857142857 6.42527713437988
0.0415178571428571 6.39860345749477
0.0416964285714286 6.37201651983859
0.041875 6.34553431883215
0.0420535714285714 6.31917226578508
0.0422321428571429 6.29294346547757
0.0424107142857143 6.2668589738472
0.0425892857142857 6.2409280342377
0.0427678571428571 6.21515829286961
0.0429464285714286 6.18955599439602
0.043125 6.16412615852482
0.0433035714285714 6.13887273879854
0.0434821428571429 6.11379876468747
0.0436607142857143 6.08890646818308
0.0438392857142857 6.0641973960931
0.0440178571428571 6.0396725092298
0.0441964285714286 6.01533226965258
0.044375 5.9911767170854
0.0445535714285714 5.96720553558385
0.0447321428571429 5.94341811145079
0.0449107142857143 5.91981358335762
0.0450892857142857 5.89639088553875
0.0452678571428571 5.87314878486956
0.0454464285714286 5.85008591256759
0.045625 5.82720079118256
0.0458035714285714 5.80449185748649
0.0459821428571429 5.7819574817992
0.0461607142857143 5.75959598424008
0.0463392857142857 5.73740564832914
0.0465178571428571 5.71538473232194
0.0466964285714286 5.69353147860516
0.046875 5.67184412144796
0.0470535714285714 5.65032089335834
0.0472321428571429 5.62896003026528
0.0474107142857143 5.6077597757122
0.0475892857142857 5.58671838422565
0.0477678571428571 5.5658341239953
0.0479464285714286 5.54510527898305
0.048125 5.52453015055979
0.0483035714285714 5.50410705875453
0.0484821428571429 5.48383434318459
0.0486607142857143 5.46371036372645
0.0488392857142857 5.44373350097577
0.0490178571428571 5.42390215653781
0.0491964285714286 5.40421475318043
0.049375 5.38466973487851
0.0495535714285714 5.36526556677197
0.0497321428571429 5.34600073505538
0.0499107142857143 5.32687374681496
