0.00149403576166799 -0
0.00360692139848928 3.65520419525398e-13
0.00470063148435512 4.27169380614223e-12
0.00557581737086981 2.37013689544841e-11
0.00632883704724129 1.01512222082077e-10
0.0070003907974623 3.56964794020713e-10
0.00761247234876747 1.09421820540778e-09
0.00817861834885306 3.01380391402944e-09
0.00870787855864656 7.61457199607285e-09
0.00920666319761932 1.79073010380006e-08
0.00967971195744092 3.96244327610993e-08
0.0101306477398932 8.31928900190492e-08
0.0105623142411385 1.66826763472031e-07
0.0109769924898203 3.21240128676475e-07
0.0113765455673279 5.9660378148238e-07
0.0117625186702504 1.07255789122799e-06
0.0121362103004792 1.87228381134826e-06
0.0124987241642711 3.18183971898839e-06
0.0128510078136105 5.27620843782649e-06
0.0131938819509572 8.55370307913163e-06
0.0135280630166252 1.35806182884955e-05
0.0138541808510819 2.11482140954134e-05
0.0141727926850312 3.23442824639315e-05
0.0144843943498779 4.86416835239953e-05
0.014789429355454 7.20062880350054e-05
0.0150882963110905 0.000105026775610477
0.015381355045352 0.000151068624246812
0.0156689316930224 0.000214454447075184
0.0159513229547558 0.00030067249782838
0.0162287996881846 0.000416614792464474
0.0165016099544584 0.000570845720255361
0.0167699816178938 0.000773901376100741
0.0170341245763551 0.00103861909169525
0.0172942326845346 0.00138049577771971
0.0175504854202965 0.00181807274434294
0.0178030493348398 0.0023733436631506
0.0180520793200076 0.00307218130559648
0.0182977197201622 0.00394477761761765
0.0185401053113148 0.00502609067917702
0.0187793621663829 0.00635629109120175
0.0190156084223585 0.00798119947581176
0.0192489549626463 0.0099527059403636
0.0194795060257651 0.0123291617899974
0.0197073597498977 0.0151757332537401
0.0199326086613671 0.0185647067796694
0.0201553401139381 0.0225757353887735
0.0203756366848651 0.0272960158091825
0.0205935765327782 0.0328203865095531
0.0208092337218113 0.0392513374993259
0.0210226785157824 0.0466989236314808
0.0212339776457419 0.0552805743740717
0.0214431945537772 0.0651207943394841
0.0216503896155996 0.076350750451901
0.0218556203441289 0.0891077433763531
0.02205894157602 0.103534562678402
0.0222604056428479 0.119778727113642
0.0224600625284659 0.137991613497956
0.022657960013877 0.158327479577099
0.0228541438108097 0.18094238829811
0.0230486576850566 0.205993042797163
0.0232415435705173 0.2336355431866
0.0234328416747894 0.264024077854649
0.0236225905770604 0.297309563424381
0.0238108273189754 0.333638248736087
0.0239975874890868 0.373150299179333
0.0241829053014332 0.41597837838753
0.024366813668736 0.462246244756082
0.0245493442706602 0.512067380343277
0.0247305276175389 0.565543669573695
0.0249103931099243 0.622764144677478
0.0250889690942961 0.68380381413191
0.0252662829152239 0.748722589320903
0.0254423609642574 0.817564323430419
0.0256172287257915 0.890355975159184
0.025790910820131 0.9671069081677
0.0259634310439623 1.04780833543801
0.0261348124084201 1.1324329157423
0.0263050771749206 1.22093450749532
0.026474246888921 1.31324808318678
0.0266423424117485 1.40928980549176
0.0268093839506331 1.50895726417147
0.0269753910870661 1.61212987084739
0.0271403828035967 1.71866940683009
0.0273043775091717 1.82842071738766
0.0274673930631126 1.94121254415919
0.0276294467978198 2.05685848595696
0.0277905555402839 2.17515807681249
0.0279507356324823 2.29589796903176
0.0281100029507284 2.41885320806769
0.0282683729240397 2.54378858527546
0.0284258605515852 2.6704600541305
0.028582480419267 2.79861619511165
0.028738246715488 2.92799971442988
0.0288931732461554 3.05834896177752
0.0290472734489631 3.1893994526119
0.0292005604069959 3.32088538090139
0.0293530468616942 3.4525411088714
0.0295047452252152 3.58410262103701
0.0296556675922258 3.71530893066843
0.0298058257511566 3.84590342781641
0.0299552311949499 3.97563515908176
0.0301038951313254 4.10426003044989
0.0302518284925938 4.23154192564719
0.0303990419450395 4.35725373374484
0.030545545897896 4.48117828087736
0.0306913505119363 4.60310916220854
0.0308364657076977 4.72285147141492
0.0309809011733593 4.84022242615611
0.0311246663722904 4.95505188906919
0.0312677705502877 5.06718278486972
0.0314102227425138 5.17647141515484
0.0315520317801555 5.28278767332293
0.0316932062968127 5.38601516293074
0.0318337547346332 5.48605122348121
0.0319736853502037 5.58280686826315
0.0321130062202111 5.6762066394576
0.0322517252468823 5.76618838613634
0.0323898501632151 5.85270297115098
0.0325273885380091 5.93571391321445
0.0326643477807061 6.01519697059616
0.0328007351460473 6.09113967306076
0.0329365577385592 6.1635408086117
0.0330718225168714 6.23240987161943
0.0332065362978774 6.29776647881743
0.0333407057607438 6.3596397594452
0.033474337450775 6.41806772563135
0.0336074377831387 6.47309662887257
0.0337400130464606 6.52478030811004
0.0338720694062912 6.5731795346331
0.034003612908452 6.61836135865431
0.0341346494822656 6.66039846203353
0.0342651849436743 6.69936852124198
0.0343952249982527 6.7353535842775
0.0345247752441174 6.768439464798
0.03465384117474 6.79871515639826
0.0347824281816646 6.82627226953173
0.0349105415571365 6.85120449319684
0.0350381864966439 6.87360708314384
0.0351653681013762 6.89357637802015
0.0352920913806033 6.911209344491
0.0354183612539777 6.92660315211124
0.0355441825537633 6.93985477837544
0.0356695600269933 6.95106064414579
0.0357944983375598 6.9603162793665
0.035919002068239 6.96771601877428
0.0360430757226518 6.97335272710261
0.0361667237271655 6.97731755307735
0.036289950432736 6.97969971139227
0.0364127601166947 6.98058629163608
0.0365351569844804 6.98006209313139
0.0366571451713205 6.97820948445421
0.0367787287438607 6.97510828639636
0.036899911701747 6.97083567703247
0.037020697979161 6.96546611753946
0.0371410914463103 6.95907129739407
0.0372610959108756 6.95172009751991
0.0373807151194157 6.9434785700295
0.0374999527587326 6.93440993315501
0.0376188124571969 6.9245745800155
0.037737297786037 6.91403009990592
0.0378554122605902 6.9028313108128
0.0379731593415205 6.89103030192711
0.038090542436001 6.87867648496656
0.0382075648988649 6.86581665317343
0.038324230033724 6.85249504693007
0.0384405410940568 6.83875342496634
0.0385565012842677 6.82463114023291
0.0386721137607164 6.81016521954598
0.038787381632721 6.79539044619005
0.0389023079635334 6.78033944473307
0.0390168957712893 6.7650427673548
0.0391311480299329 6.7495289810645
0.0392450676701178 6.73382475523973
0.0393586575800838 6.71795494897655
0.0394719206065115 6.70194269779108
0.0395848595553547 6.68580949926632
0.0396974771926514 6.66957529730306
0.0398097762453146 6.6532585646565
0.0399217594019022 6.63687638350127
0.0400334293133686 6.62044452379651
0.0401447885937964 6.60397751928168
0.040255839821111 6.58748874093463
0.0403665855377763 6.570990467797
0.0404770282514743 6.55449395506303
0.0405871704357677 6.53800949938277
0.040697014530746 6.52154650133345
0.0408065629436564 6.50511352505328
0.0409158180495194 6.48871835503995
0.0410247821917294 6.47236805013038
0.0411334576826416 6.45606899470287
0.0412418468041439 6.43982694715195
0.0413499518082167 6.42364708568436
0.0414577749174782 6.40753405151955
0.0415653183257179 6.39149198956308
0.0416725841984173 6.37552458663338
0.0417795746732589 6.3596351073408
0.0418862918606229 6.34382642769207
0.041992737844073 6.32810106653008
0.0420989146808314 6.31246121489864
0.0422048244022423 6.29690876342343
0.0423104690142254 6.28144532781486
0.0424158504977192 6.26607227257861
0.0425209708091148 6.25079073303674
0.0426258318806789 6.23560163574507
0.042730435620969 6.220505717406
0.0428347839152382 6.20550354235287
0.0429388786258318 6.19059551870193
0.043042721592575 6.17578191325402
0.0431463146331527 6.16106286521656
0.0432496595434803 6.1464383988316
0.0433527580980672 6.13190843497853
0.043455612050372 6.11747280182315
0.043558223133151 6.10313124457623
0.0436605930587984 6.08888343442709
0.0437627235196798 6.07472897671248
0.0438646161884586 6.06066741837288
0.0439662727184158 6.04669825475516
0.0440676947437627 6.0328209358048
0.0441688838799479 6.01903487170181
0.0442698417239569 6.00533943797691
0.0443705698546067 5.99173398015367
0.0444710698328336 5.97821781795511
0.0445713432019756 5.96479024910856
0.0446713914880486 5.95145055277932
0.0447712162000178 5.9381979926744
0.0448708188300629 5.92503181983178
0.0449702008538386 5.91195127512809
0.0450693637307295 5.89895559153585
0.0451683089041002 5.88604399613748
0.0452670378015404 5.87321571193144
0.0453655518351053 5.86046995944344
0.0454638524015512 5.84780595815847
0.0455619408825664 5.83522292779777
0.045659818644998 5.82272008944476
0.0457574870410743 5.8102966665452
0.0458549474086221 5.79795188578405
0.0459522010712812 5.78568497785705
0.046049249338714 5.77349517814698
0.0461460935068108 5.76138172730912
0.0462427348578924 5.74934387178098
0.0463391746609076 5.73738086422152
0.046435414171628 5.72549196388486
0.0465314546328387 5.71367643693917
0.0466272972745252 5.70193355673465
0.0467229433140579 5.69026260402483
0.0468183939563718 5.67866286714965
0.0469136503941439 5.6671336421795
0.0470087138079673 5.65567423302965
0.0471035853665214 5.64428395154516
0.0471982662267401 5.63296211756072
0.047292757533976 5.62170805893853
0.0473870604221621 5.610521111585
0.0474811760139709 5.59940061945328
0.0475751054209699 5.58834593452705
0.047668849743775 5.57735641679347
0.0477624100722011 5.5664314342041
0.0478557874854094 5.55557036262448
0.0479489830520535 5.54477258577694
0.0480419978304211 5.53403749517541
0.048134832868575 5.52336449005202
0.0482274892044904 5.5127529772818
0.0483199678661906 5.50220237129958
0.0484122698718799 5.49171209401471
0.0485043962300745 5.48128157472263
0.048596347939731 5.47091025001349
0.0486881259903728 5.46059756367913
0.0487797313622144 5.45034296661822
0.0488711650262833 5.44014591674105
0.0489624279445405 5.4300058788719
0.0490535210699983 5.41992232465333
0.0491444453468365 5.40989473244852
0.0492352017105164 5.399922587244
0.0493257910878934 5.39000538055349
0.0494162143973273 5.38014261032129
0.0495064725487908 5.37033378082665
0.0495965664439765 5.36057840258923
0.049686496976402 5.35087599227453
0.049776265031513 5.34122607260142
0.0498658714867857 5.33162817224978
0.049955317211826 5.32208182576977
