8.80281690140845e-05 -0
0.000264084507042254 -6.45723404636876e-13
0.000440140845070423 -0
0.000616197183098592 -0
0.000792253521126761 6.4558073566165e-13
0.00096830985915493 1.29100295023972e-12
0.0011443661971831 6.45406362469709e-13
0.00132042253521127 1.9358861931336e-12
0.00149647887323944 2.58067432337733e-12
0.00167253521126761 2.58010364747643e-12
0.00184859154929577 1.93460217235658e-12
0.00202464788732394 6.44693017593581e-13
0.00220070422535211 6.44502792293283e-13
0.00237676056338028 1.93289014465387e-12
0.00255281690140845 2.57629914147043e-12
0.00272887323943662 3.21918501871115e-12
0.00290492957746479 3.86150022005098e-12
0.00308098591549296 2.57325553666561e-12
0.00325704225352113 1.28605709243191e-12
0.0034330985915493 6.42727356157142e-13
0.00360915492957747 6.42410313989978e-13
0.00378521126760563 2.56830967885781e-12
0.0039612676056338 1.9251860199917e-12
0.00413732394366197 1.28272814967665e-12
0.00431338028169014 3.20491812118863e-12
0.00448943661971831 3.8435239291726e-12
0.00466549295774648 5.12140133369156e-12
0.00484154929577465 5.75772443807195e-12
0.00501760563380282 8.3109429097726e-12
0.00519366197183099 1.21380282025776e-11
0.00536971830985915 1.53208326326063e-11
0.00554577464788732 2.10499281629829e-11
0.00572183098591549 2.86816204589408e-11
0.00589788732394366 4.07581583331963e-11
0.00607394366197183 5.47224236953924e-11
0.00625 7.56545389890563e-11
0.00642605633802817 1.0607535268062e-10
0.00660211267605634 1.48495282549217e-10
0.00677816901408451 2.09217638669054e-10
0.00695422535211268 2.93885820072729e-10
0.00713028169014085 4.10648602601502e-10
0.00730633802816901 5.69513622895262e-10
0.00748239436619718 7.89912428424936e-10
0.00765845070422535 1.09370864332107e-09
0.00783450704225352 1.50832933271225e-09
0.00801056338028169 2.07868466813506e-09
0.00818661971830986 2.85385819934868e-09
0.00836267605633803 3.90841653876831e-09
0.0085387323943662 5.34035956202132e-09
0.00871478873239437 7.27846964737647e-09
0.00889084507042254 9.8958500900672e-09
0.0090669014084507 1.34214707530569e-08
0.00924295774647887 1.81578415767432e-08
0.00941901408450704 2.45053718661774e-08
0.00959507042253521 3.29914731921722e-08
0.00977112676056338 4.43068290740687e-08
0.00994718309859155 5.93580474863032e-08
0.0101232394366197 7.93278319402452e-08
0.0102992957746479 1.05757405303264e-07
0.0104753521126761 1.40650293148501e-07
0.0106514084507042 1.86599648264553e-07
0.0108274647887324 2.46957260867936e-07
0.0110035211267606 3.26046161145146e-07
0.0111795774647887 4.29416816378978e-07
0.0113556338028169 5.64190390399654e-07
0.0115316901408451 7.39468897451286e-07
0.0117077464788732 9.66855177879218e-07
0.0118838028169014 1.26110484206271e-06
0.0120598591549296 1.64093190925347e-06
0.0122359154929577 2.13000339745807e-06
0.0124119718309859 2.75816775994515e-06
0.0125880281690141 3.5629775480319e-06
0.0127640845070423 4.59153955584979e-06
0.0129401408450704 5.90278397828585e-06
0.0131161971830986 7.57024114323694e-06
0.0132922535211268 9.68540413204904e-06
0.0134683098591549 1.23617987584926e-05
0.0136443661971831 1.57399114674672e-05
0.0138204225352113 1.99931170823865e-05
0.0139964788732394 2.53347849127589e-05
0.0141725352112676 3.20267702681046e-05
0.0143485915492958 4.03895700235111e-05
0.0145246478873239 5.08143410278185e-05
0.0147007042253521 6.37771724953468e-05
0.0148767605633803 7.9855889990776e-05
0.0150528169014085 9.97498677637286e-05
0.0152288732394366 0.000124303188781293
0.0154049295774648 0.00015453174618867
0.015580985915493 0.00019165475936857
0.0157570422535211 0.000237131313289958
0.0159330985915493 0.000292702610396776
0.0161091549295775 0.000360440572177937
0.0162852112676056 0.000442803605395311
0.0164612676056338 0.00054270031179754
0.016637323943662 0.00066356198564122
0.0168133802816901 0.000809424812617291
0.0169894366197183 0.000985022666750033
0.0171654929577465 0.00119589146316868
0.0173415492957746 0.00144848597614313
0.0175176056338028 0.0017503101071213
0.017693661971831 0.0021100614245884
0.0178697183098592 0.00253779087839895
0.0180457746478873 0.00304507840786704
0.0182218309859155 0.00364522508278758
0.0183978873239437 0.00435346227698181
0.0185739436619718 0.00518717815442727
0.01875 0.00616616157173985
0.0189260563380282 0.00731286315063196
0.0191021126760563 0.00865267304950547
0.0192781690140845 0.0102142145407776
0.0194542253521127 0.0120296520924073
0.0196302816901408 0.0141350122396773
0.019806338028169 0.0165705149926897
0.0199823943661972 0.0193809130196251
0.0201584507042254 0.022615835249451
0.0203345070422535 0.0263301309487684
0.0205105633802817 0.0305842097121619
0.0206866197183099 0.0354443721690206
0.020862676056338 0.0409831255687245
0.0210387323943662 0.0472794778295718
0.0212147887323944 0.054419203008412
0.0213908450704225 0.0624950706666502
0.0215669014084507 0.0716070310882281
0.0217429577464789 0.0818623479744644
0.021919014084507 0.0933756699276623
0.0220950704225352 0.106269031900285
0.0222711267605634 0.120671777777669
0.0224471830985916 0.136720395405591
0.0226232394366197 0.154558255721213
0.0227992957746479 0.174335248174547
0.0229753521126761 0.196207305326907
0.0231514084507042 0.220335810521291
0.0233274647887324 0.24688688361673
0.0235035211267606 0.27603054122496
0.0236795774647887 0.30793972941757
0.0238556338028169 0.342789228743526
0.0240316901408451 0.380754433319105
0.0242077464788732 0.422010007909213
0.0243838028169014 0.466728429234849
0.0245598591549296 0.515078420056033
0.0247359154929577 0.567223287055099
0.0249119718309859 0.623319175975152
0.0250880281690141 0.683513259867607
0.0252640845070423 0.747941878640377
0.0254401408450704 0.816728650243737
0.0256161971830986 0.889982575832386
0.0257922535211268 0.967796162926995
0.0259683098591549 1.05024359202896
0.0261443661971831 1.13737895316703
0.0263204225352113 1.22923457950242
0.0264964788732394 1.32581950530391
0.0266725352112676 1.42711807533122
0.0268485915492958 1.53308873186541
0.0270246478873239 1.64366300433395
0.0272007042253521 1.75874472468282
0.0273767605633803 1.87820948931211
0.0275528169014085 2.00190438562911
0.0277288732394366 2.12964799800081
0.0279049295774648 2.26123070428935
0.028080985915493 2.39641527015127
0.0282570422535211 2.53493774402914
0.0284330985915493 2.67650865132455
0.0286091549295775 2.82081448165138
0.0287852112676056 2.96751945849928
0.0289612676056338 3.11626757606261
0.029137323943662 3.26668488366517
0.0293133802816901 3.41838199402343
0.0294894366197183 3.5709567878358
0.0296654929577465 3.72399728380177
0.0298415492957746 3.87708464024926
0.0300176056338028 4.02979625227767
0.030193661971831 4.18170890654161
0.0303697183098592 4.33240195473375
0.0305457746478873 4.48146046644717
0.0307218309859155 4.6284783223214
0.0308978873239437 4.77306120935147
0.0310739436619718 4.91482948184303
0.03125 5.05342085371578
0.0314260563380282 5.18849289064324
0.0316021126760563 5.31972527387596
0.0317781690140845 5.44682181128174
0.0319542253521127 5.56951217532254
0.0321302816901409 5.68755335202564
0.032306338028169 5.80073078962157
0.0324823943661972 5.90885924017211
0.0326584507042254 6.01178329217392
0.0328345070422535 6.10937759670654
0.0330105633802817 6.20154679409353
0.0331866197183099 6.28822515213864
0.033362676056338 6.36937593086681
0.0335387323943662 6.44499049205061
0.0337147887323944 6.51508717479312
0.0338908450704225 6.57970996092719
0.0340669014084507 6.63892695594756
0.0342429577464789 6.69282871265402
0.034419014084507 6.74152642558081
0.0345950704225352 6.78515002471898
0.0347711267605634 6.82384619690477
0.0349471830985916 6.85777636269238
0.0351232394366197 6.88711463553388
0.0352992957746479 6.91204578866455
0.0354753521126761 6.93276325341091
0.0356514084507042 6.94946717057893
0.0358274647887324 6.96236251437082
0.0360035211267606 6.97165730586224
0.0361795774647887 6.97756093056845
0.0363556338028169 6.9802825720361
0.0365316901408451 6.98002977084708
0.0367077464788732 6.97700711589256
0.0368838028169014 6.97141507233198
0.0370598591549296 6.96344894836222
0.0372359154929577 6.95329800078122
0.0374119718309859 6.9411446773593
0.0375880281690141 6.92716399232187
0.0377640845070423 6.91152302969246
0.0379401408450704 6.8943805679683
0.0381161971830986 6.87588681854325
0.0382922535211268 6.85618326945117
0.0384683098591549 6.83540262541104
0.0386443661971831 6.81366883472705
0.0388204225352113 6.79109719342927
0.0389964788732394 6.76779451698289
0.0391725352112676 6.74385937004958
0.0393485915492958 6.71938234505408
0.0395246478873239 6.69444638068849
0.0397007042253521 6.66912711199497
0.0398767605633803 6.64349324422209
0.0400528169014085 6.61760694327696
0.0402288732394366 6.59152423625173
0.0404049295774648 6.56529541620762
0.040580985915493 6.53896544605422
0.0407570422535211 6.51257435707933
0.0409330985915493 6.4861576383324
0.0411091549295775 6.4597466137028
0.0412852112676056 6.43336880413473
0.0414612676056338 6.40704827297706
0.041637323943662 6.38080595298453
0.0418133802816901 6.35465995393718
0.0419894366197183 6.32862585026874
0.0421654929577465 6.3027169484454
0.0423415492957746 6.27694453415337
0.0425176056338028 6.25131809962103
0.042693661971831 6.2258455516066
0.0428697183098592 6.20053340076768
0.0430457746478873 6.17538693327266
0.0432218309859155 6.15041036559332
0.0433978873239437 6.12560698351415
0.0435739436619718 6.10097926641688
0.04375 6.07652899793227
0.0439260563380282 6.05225736403735
0.0441021126760563 6.02816503966786
0.0442781690140845 6.004252264883
0.0444542253521127 5.98051891157022
0.0446302816901408 5.95696454163913
0.044806338028169 5.93358845758815
0.0449823943661972 5.91038974627204
0.0451584507042254 5.88736731664015
0.0453345070422535 5.86451993214305
0.0455105633802817 5.84184623845786
0.0456866197183099 5.81934478711078
0.045862676056338 5.79701405552273
0.0460387323943662 5.77485246395335
0.0462147887323944 5.75285838975865
0.0463908450704225 5.7310301793386
0.0465669014084507 5.70936615810169
0.0467429577464789 5.6878646387371
0.046919014084507 5.66652392804336
0.0470950704225352 5.64534233253862
0.0472711267605634 5.62431816303477
0.0474471830985915 5.60344973834869
0.0476232394366197 5.58273538828258
0.0477992957746479 5.56217345599933
0.0479753521126761 5.54176229989302
0.0481514084507042 5.52150029504119
0.0483274647887324 5.50138583431328
0.0485035211267606 5.48141732919639
0.0486795774647887 5.46159321038955
0.0488556338028169 5.44191192820974
0.0490316901408451 5.42237195284639
0.0492077464788732 5.40297177449273
0.0493838028169014 5.3837099033796
0.0495598591549296 5.36458486973078
0.0497359154929577 5.34559522365734
0.0499119718309859 5.32673953500367
