0 973.756564053732
0.000171821305841924 973.756564053732
0.000343642611683849 973.756564053732
0.000515463917525773 973.756564053732
0.000687285223367698 973.756564053732
0.000859106529209622 973.756564053731
0.00103092783505155 973.756564053731
0.00120274914089347 973.756564053731
0.0013745704467354 973.756564053731
0.00154639175257732 973.756564053731
0.00171821305841924 973.75656405373
0.00189003436426117 973.75656405373
0.00206185567010309 973.75656405373
0.00223367697594502 973.75656405373
0.00240549828178694 973.75656405373
0.00257731958762887 973.756564053729
0.00274914089347079 973.756564053729
0.00292096219931271 973.756564053728
0.00309278350515464 973.756564053728
0.00326460481099656 973.756564053727
0.00343642611683849 973.756564053726
0.00360824742268041 973.756564053725
0.00378006872852234 973.756564053724
0.00395189003436426 973.756564053723
0.00412371134020619 973.756564053723
0.00429553264604811 973.756564053722
0.00446735395189003 973.756564053721
0.00463917525773196 973.756564053719
0.00481099656357388 973.756564053718
0.00498281786941581 973.756564053716
0.00515463917525773 973.756564053714
0.00532646048109966 973.756564053711
0.00549828178694158 973.756564053708
0.00567010309278351 973.756564053703
0.00584192439862543 973.756564053698
0.00601374570446735 973.75656405369
0.00618556701030928 973.756564053679
0.0063573883161512 973.756564053665
0.00652920962199313 973.756564053645
0.00670103092783505 973.756564053618
0.00687285223367698 973.75656405358
0.0070446735395189 973.756564053528
0.00721649484536082 973.756564053456
0.00738831615120275 973.756564053356
0.00756013745704467 973.75656405322
0.0077319587628866 973.756564053032
0.00790378006872852 973.756564052774
0.00807560137457045 973.756564052421
0.00824742268041237 973.75656405194
0.0084192439862543 973.756564051285
0.00859106529209622 973.756564050395
0.00876288659793814 973.756564049189
0.00893470790378007 973.756564047559
0.00910652920962199 973.756564045359
0.00927835051546392 973.7565640424
0.00945017182130584 973.756564038427
0.00962199312714777 973.756564033104
0.00979381443298969 973.756564025991
0.00996563573883162 973.756564016508
0.0101374570446735 973.756564003892
0.0103092783505155 973.756563987148
0.0104810996563574 973.756563964975
0.0106529209621993 973.756563935682
0.0108247422680412 973.756563897071
0.0109965635738832 973.756563846294
0.0111683848797251 973.75656377967
0.011340206185567 973.756563692452
0.0115120274914089 973.756563578535
0.0116838487972509 973.756563430087
0.0118556701030928 973.756563237079
0.0120274914089347 973.756562986707
0.0121993127147766 973.756562662662
0.0123711340206186 973.756562244215
0.0125429553264605 973.756561705093
0.0127147766323024 973.75656101207
0.0128865979381443 973.75656012323
0.0130584192439863 973.756558985823
0.0132302405498282 973.756557533633
0.0134020618556701 973.756555683728
0.013573883161512 973.756553332509
0.013745704467354 973.756550350865
0.0139175257731959 973.756546578283
0.0140893470790378 973.756541815704
0.0142611683848797 973.756535816864
0.0144329896907216 973.756528277844
0.0146048109965636 973.756518824491
0.0147766323024055 973.756506997312
0.0149484536082474 973.756492233397
0.0151202749140893 973.756473844822
0.0152920962199313 973.75645099296
0.0154639175257732 973.75642265797
0.0156357388316151 973.756387602685
0.015807560137457 973.756344330002
0.015979381443299 973.75629103272
0.0161512027491409 973.756225534691
0.0163230240549828 973.756145221967
0.0164948453608247 973.756046962477
0.0166666666666667 973.755927012617
0.0168384879725086 973.755780908925
0.0170103092783505 973.755603342868
0.0171821305841924 973.755388016514
0.0173539518900344 973.755127476721
0.0175257731958763 973.754812925204
0.0176975945017182 973.754434001669
0.0178694158075601 973.753978536991
0.0180412371134021 973.753432273166
0.018213058419244 973.752778546631
0.0183848797250859 973.751997931316
0.0185567010309278 973.751067837648
0.0187285223367698 973.749962063607
0.0189003436426117 973.748650293801
0.0190721649484536 973.747097542515
0.0192439862542955 973.74526353664
0.0194158075601375 973.743102034473
0.0195876288659794 973.740560076495
0.0197594501718213 973.737577164416
0.0199312714776632 973.734084365107
0.0201030927835052 973.730003336375
0.0202749140893471 973.725245272073
0.020446735395189 973.719709764609
0.0206185567010309 973.71328358366
0.0207903780068729 973.705839370754
0.0209621993127148 973.697234250324
0.0211340206185567 973.687308359011
0.0213058419243986 973.675883296171
0.0214776632302405 973.662760499958
0.0216494845360825 973.647719554816
0.0218213058419244 973.630516437834
0.0219931271477663 973.610881713109
0.0221649484536082 973.588518685053
0.0223367697594502 973.563101523435
0.0225085910652921 973.534273374812
0.022680412371134 973.501644476945
0.0228522336769759 973.464790294625
0.0230240549828179 973.423249697212
0.0231958762886598 973.376523199877
0.0233676975945017 973.324071292187
0.0235395189003436 973.265312879059
0.0237113402061856 973.199623860376
0.0238831615120275 973.126335876476
0.0240549828178694 973.044735247405
0.0242268041237113 972.954062134152
0.0243986254295533 972.853509949996
0.0245704467353952 972.742225049665
0.0247422680412371 972.619306723045
0.024914089347079 972.483807518837
0.025085910652921 972.334733921667
0.0252577319587629 972.171047403822
0.0254295532646048 971.991665869909
0.0256013745704467 971.795465509427
0.0257731958762887 971.581283068444
0.0259450171821306 971.347918547318
0.0261168384879725 971.094138326817
0.0262886597938144 970.818678719988
0.0264604810996564 970.520249941888
0.0266323024054983 970.197540483829
0.0268041237113402 969.849221873177
0.0269759450171821 969.473953794071
0.0271477663230241 969.070389538841
0.027319587628866 968.637181754395
0.0274914089347079 968.172988442579
0.0276632302405498 967.676479168628
0.0278350515463918 967.146341427269
0.0280068728522337 966.581287112089
0.0281786941580756 965.980059030385
0.0283505154639175 965.34143740302
0.0285223367697594 964.664246286844
0.0286941580756014 963.947359856134
0.0288659793814433 963.189708479194
0.0290378006872852 962.390284526869
0.0292096219931272 961.548147851227
0.0293814432989691 960.662430875054
0.029553264604811 959.732343236064
0.0297250859106529 958.757175933854
0.0298969072164948 957.736304932522
0.0300687285223368 956.669194177468
0.0302405498281787 955.555397991177
0.0304123711340206 954.394562819577
0.0305841924398625 953.186428307773
0.0307560137457045 951.930827691557
0.0309278350515464 950.627687498847
0.0310996563573883 949.277026563012
0.0312714776632302 947.878954357889
0.0314432989690722 946.433668671874
0.0316151202749141 944.9414526458
0.031786941580756 943.402671206224
0.0319587628865979 941.817766932153
0.0321305841924399 940.187255398975
0.0323024054982818 938.511720048493
0.0324742268041237 936.79180663822
0.0326460481099656 935.028217326607
0.0328178694158076 933.221704453498
0.0329896907216495 931.373064076845
0.0331615120274914 929.483129327561
0.0333333333333333 927.552763644362
0.0335051546391753 925.582853949588
0.0336769759450172 923.574303825256
0.0338487972508591 921.528026746192
0.034020618556701 919.444939423881
0.034192439862543 917.325955310969
0.0343642611683849 915.171978311967
0.0345360824742268 912.983896741021
0.0347079037800687 910.762577562435
0.0348797250859107 908.508860944299
0.0350515463917526 906.223555149988
0.0352233676975945 903.907431786724
0.0353951890034364 901.561221424713
0.0355670103092784 899.1856095949
0.0357388316151203 896.781233168011
0.0359106529209622 894.348677112428
0.0360824742268041 891.888471623625
0.0362542955326461 889.401089613406
0.036426116838488 886.886944543096
0.0365979381443299 884.346388581127
0.0367697594501718 881.779711062214
0.0369415807560137 879.18713722248
0.0371134020618557 876.568827182496
0.0372852233676976 873.924875148247
0.0374570446735395 871.255308798462
0.0376288659793814 868.560088825565
0.0378006872852234 865.839108596687
0.0379725085910653 863.092193900653
0.0381443298969072 860.319102746583
0.0383161512027491 857.519525179752
0.0384879725085911 854.693083080454
0.038659793814433 851.839329911893
0.0388316151202749 848.957750383434
0.0390034364261168 846.047759995875
0.0391752577319588 843.108704435683
0.0393470790378007 840.139858785307
0.0395189003436426 837.140426516695
0.0396907216494845 834.109538234917
0.0398625429553265 831.04625013832
0.0400343642611684 827.949542160767
0.0402061855670103 824.818315760285
0.0403780068728522 821.651391316669
0.0405498281786942 818.447505098319
0.0407216494845361 815.205305755609
0.040893470790378 811.923350294408
0.0410652920962199 808.600099478825
0.0412371134020619 805.233912606728
0.0414089347079038 801.823041594949
0.0415807560137457 798.365624303123
0.0417525773195876 794.859677015672
0.0419243986254296 791.303085990229
0.0420962199312715 787.693597967497
0.0422680412371134 784.028809521864
0.0424398625429553 780.306155113473
0.0426116838487973 776.522893680437
0.0427835051546392 772.676093583759
0.0429553264604811 768.762615686424
0.043127147766323 764.77909431108
0.043298969072165 760.721915776336
0.0434707903780069 756.587194158491
0.0436426116838488 752.370743861256
0.0438144329896907 748.068048498321
0.0439862542955326 743.674225499061
0.0441580756013746 739.183985732094
0.0443298969072165 734.591587299485
0.0445017182130584 729.890782478965
0.0446735395189004 725.074756573686
0.0448453608247423 720.136057156678
0.0450171821305842 715.066511854475
0.0451890034364261 709.85713238029
0.045360824742268 704.498001973201
0.04553264604811 698.978142687427
0.0457044673539519 693.28535805221
0.0458762886597938 687.406045414666
0.0460481099656357 681.324970682807
0.0462199312714777 675.024996058309
0.0463917525773196 668.48674847993
0.0465635738831615 661.688212585039
0.0467353951890034 654.604226590125
0.0469072164948454 647.205851918257
0.0470790378006873 639.459576634304
0.0472508591065292 631.326297187184
0.0474226804123711 622.760000059093
0.0475945017182131 613.706030548409
0.047766323024055 604.098783165675
0.0479381443298969 593.858565160082
0.0481099656357388 582.887250544643
0.0482817869415808 571.062118152027
0.0484536082474227 558.226880122254
0.0486254295532646 544.17820933164
0.0487972508591065 528.644753680122
0.0489690721649485 511.252978333929
0.0491408934707904 491.468490500592
0.0493127147766323 468.488189562489
0.0494845360824742 441.023829037974
0.0496563573883162 406.812711919132
0.0498281786941581 361.303531052314
0.05 293
