0 906.644012384506
0.00166666666666667 906.644012384506
0.00333333333333333 906.644012384506
0.005 906.644012384503
0.00666666666666667 906.644012384397
0.00833333333333333 906.644012381955
0.01 906.644012336596
0.0116666666666667 906.644011657315
0.0133333333333333 906.644003441827
0.015 906.643923060995
0.0166666666666667 906.643285538443
0.0183333333333333 906.639176484479
0.02 906.617588472492
0.0216666666666667 906.524790857004
0.0233333333333333 906.19689164909
0.025 905.238872974635
0.0266666666666667 902.907038841689
0.0283333333333333 898.132344829389
0.03 889.801548612217
0.0316666666666667 877.204770652359
0.0333333333333333 860.332796076819
0.035 839.767406905012
0.0366666666666667 816.245637580727
0.0383333333333333 790.216117385925
0.04 761.601743984865
0.0416666666666667 729.716132408465
0.0433333333333333 693.110890456397
0.045 649.018322479493
0.0466666666666667 591.514360183789
0.0483333333333333 503.941522374359
0.05 293
