8.01282051282051e-05 -0
0.000240384615384615 1.41877926842846e-12
0.000400641025641026 7.0936077524773e-13
0.000560897435897436 7.09317486797982e-13
0.000721153846153846 -0
0.000881410256410256 -0
0.00104166666666667 -1.41820208909849e-12
0.00120192307692308 -7.09000038166499e-13
0.00136217948717949 7.08884602300503e-13
0.0015224358974359 1.41750947390252e-12
0.00168269230769231 7.08610442118767e-13
0.00184294871794872 1.41690343560605e-12
0.00200320512820513 7.08278564004035e-13
0.00216346153846154 -0
0.00232371794871795 -7.07888967956304e-13
0.00248397435897436 -7.07672525707565e-13
0.00264423076923077 -7.07441653975574e-13
0.00280448717948718 -0
0.00296474358974359 -1.4138732441237e-12
0.003125 -1.41332492376023e-12
0.00328525641025641 -1.41274774443025e-12
0.00344551282051282 -7.06070853066894e-13
0.00360576923076923 -1.41150680887082e-12
0.00376602564102564 -7.05421526320677e-13
0.00392628205128205 -0
0.00408653846153846 7.04714481641464e-13
0.00424679487179487 2.11301794523094e-12
0.00440705128205128 1.4078994380585e-12
0.00456730769230769 1.40709138699654e-12
0.0047275641025641 2.10938171545212e-12
0.00488782051282051 4.21616612391939e-12
0.00504807692307692 4.91572928004083e-12
0.00520833333333333 7.01785296541856e-12
0.00536858974358974 1.05196368539194e-11
0.00552884615384616 1.61188259867755e-11
0.00568910256410256 2.1009404677513e-11
0.00584935897435897 2.93913491698453e-11
0.00600961538461538 4.19556082183939e-11
0.0061698717948718 5.86917925952197e-11
0.00633012820512821 8.30797389448018e-11
0.00649038461538462 1.15099361426455e-10
0.00665064102564103 1.58214523246706e-10
0.00681089743589744 2.20054259942186e-10
0.00697115384615385 2.99174122193774e-10
0.00713141025641026 4.05949423163924e-10
0.00729166666666667 5.49325412890762e-10
0.00745192307692308 7.41678391974052e-10
0.00761217948717949 9.98796881099485e-10
0.0077724358974359 1.34193901332608e-09
0.00793269230769231 1.79918438941118e-09
0.00809294871794872 2.40401151801761e-09
0.00825320512820513 3.2069970631509e-09
0.00841346153846154 4.26881977971375e-09
0.00857371794871795 5.66914629964381e-09
0.00873397435897436 7.51338896559047e-09
0.00889423076923077 9.93597407361776e-09
0.00905448717948718 1.31145596433031e-08
0.00921474358974359 1.72745425184819e-08
0.009375 2.27065260546054e-08
0.00953525641025641 2.97863750852493e-08
0.00969551282051282 3.89930450609747e-08
0.00985576923076923 5.0941929819824e-08
0.0100160256410256 6.64165451907518e-08
0.0101762820512821 8.64182751183874e-08
0.0103365384615385 1.12213609503004e-07
0.0104967948717949 1.45414150272289e-07
0.0106570512820513 1.88058549691416e-07
0.0108173076923077 2.42721348923368e-07
0.0109775641025641 3.12638939621371e-07
0.0111378205128205 4.01887487034109e-07
0.0112980769230769 5.15575152501998e-07
0.0114583333333333 6.60096109891841e-07
0.0116185897435897 8.43429459791608e-07
0.0117788461538462 1.07552195484032e-06
0.0119391025641026 1.36873267428721e-06
0.012099358974359 1.73839017598327e-06
0.0122596153846154 2.20346523564113e-06
0.0124198717948718 2.78737680346262e-06
0.0125801282051282 3.51898305041457e-06
0.0127403846153846 4.43374549045218e-06
0.012900641025641 5.57515158581952e-06
0.0130608974358974 6.99642366012613e-06
0.0132211538461538 8.76253009797198e-06
0.0133814102564103 1.09526072605382e-05
0.0135416666666667 1.36628328912778e-05
0.0137019230769231 1.70098216747336e-05
0.0138621794871795 2.11346573573896e-05
0.0140224358974359 2.62076310854349e-05
0.0141826923076923 3.24338159691807e-05
0.0143429487179487 4.00596064767164e-05
0.0145032051282051 4.93803672741413e-05
0.0146634615384615 6.07493536344735e-05
0.0148237179487179 7.45880650431773e-05
0.0149839743589744 9.13982834144159e-05
0.0151442307692308 0.000111775971375526
0.0153044871794872 0.000136427296004638
0.0154647435897436 0.000166187054909565
0.015625 0.000202039804618526
0.0157852564102564 0.000245143986624394
0.0159455128205128 0.000296859428851262
0.0161057692307692 0.000358778578127995
0.0162660256410256 0.000432761866182717
0.0164262820512821 0.000520977622212482
0.0165865384615385 0.000625946991420808
0.0167467948717949 0.000750594297369909
0.0169070512820513 0.00089830332957632
0.0170673076923077 0.00107298006206555
0.0172275641025641 0.00127912224447817
0.0173878205128205 0.00152189640669641
0.0175480769230769 0.00180722270179962
0.0177083333333333 0.00214186808462896
0.0178685897435897 0.00253354820718161
0.0180288461538462 0.00299103844784401
0.0181891025641026 0.00352429436454505
0.018349358974359 0.0041445818556364
0.0185096153846154 0.00486461714828088
0.0186698717948718 0.0056987167162543
0.0188301282051282 0.00666295701510653
0.0189903846153846 0.00777534387499481
0.019150641025641 0.00905599112262404
0.0193108974358974 0.0105273079214362
0.0194711538461538 0.012214194049613
0.0196314102564103 0.0141442421450662
0.0197916666666667 0.0163479456945126
0.0199519230769231 0.0188589112913171
0.0201121794871795 0.0217140734178925
0.0202724358974359 0.0249539097181247
0.0204326923076923 0.028622654447429
0.0205929487179487 0.0327685074602412
0.0207532051282051 0.0374438358423411
0.0209134615384615 0.0427053649601086
0.021073717948718 0.0486143554459561
0.0212339743589744 0.0552367623621615
0.0213942307692308 0.0626433725436434
0.0215544871794872 0.0709099159160841
0.0217147435897436 0.0801171464071127
0.021875 0.0903508879529294
0.0220352564102564 0.101702041024356
0.0221955128205128 0.11426654508877
0.0223557692307692 0.128145292472658
0.0225160256410256 0.143443989270019
0.0226762820512821 0.160272959069324
0.0228365384615385 0.178746885682214
0.0229967948717949 0.198984491357387
0.0231570512820513 0.221108147506366
0.0233173076923077 0.245243415539096
0.0234775641025641 0.271518516048029
0.0236378205128205 0.300063725388338
0.0237980769230769 0.33101069952574
0.0239583333333333 0.364491725959985
0.0241185897435897 0.400638905536116
0.0242788461538462 0.439583267009282
0.0244391025641026 0.48145381835282
0.024599358974359 0.526376539896699
0.0247596153846154 0.574473325611507
0.0249198717948718 0.62586087990926
0.0250801282051282 0.680649578542195
0.0252403846153846 0.738942303209868
0.025400641025641 0.800833260514158
0.0255608974358974 0.866406796833159
0.0257211538461538 0.93573622150386
0.0258814102564103 1.00888265136305
0.0260416666666667 1.08589389026198
0.0262019230769231 1.16680335752191
0.0263621794871795 1.25162907946323
0.0265224358974359 1.34037275813839
0.0266826923076923 1.43301893116769
0.0268429487179487 1.52953423609879
0.0270032051282051 1.62986679210416
0.0271634615384615 1.73394571086542
0.0273237179487179 1.84168074745156
0.0274839743589744 1.95296210066799
0.0276442307692308 2.06766037083625
0.0278044871794872 2.18562668130245
0.0279647435897436 2.30669296815079
0.028125 2.43067244059883
0.0282852564102564 2.55736021254148
0.0284455128205128 2.68653410354001
0.0286057692307692 2.81795560540066
0.0287660256410256 2.95137100833166
0.0289262820512821 3.08651267851094
0.0290865384615385 3.22310047686533
0.0292467948717949 3.36084330688758
0.0294070512820513 3.49944077751959
0.0295673076923077 3.63858496548405
0.0297275641025641 3.77796226002143
0.0298878205128205 3.91725527177884
0.0300480769230769 4.05614478664792
0.0302083333333333 4.1943117446683
0.0303685897435897 4.3314392237063
0.0305288461538462 4.46721440752152
0.0306891025641026 4.6013305179995
0.030849358974359 4.73348869183444
0.0310096153846154 4.86339978264355
0.0311698717948718 4.99078607059602
0.0313301282051282 5.11538286284124
0.0314903846153846 5.23693996956065
0.031650641025641 5.35522304215235
0.0318108974358974 5.47001476195345
0.0319711538461538 5.58111586985537
0.0321314102564103 5.68834602936015
0.0322916666666667 5.79154451771645
0.0324519230769231 5.89057074205777
0.0326121794871795 5.98530457959542
0.0327724358974359 6.07564654314252
0.0329326923076923 6.16151777526959
0.0330929487179487 6.24285987639993
0.0332532051282051 6.31963457399617
0.0334134615384615 6.39182324162563
0.033573717948718 6.45942627824608
0.0337339743589744 6.52246235928959
0.0338942307692308 6.58096757225591
0.0340544871794872 6.6349944503297
0.0342147435897436 6.68461091822705
0.034375 6.72989916483832
0.0345352564102564 6.7709544574352
0.0346955128205128 6.8078839121747
0.0348557692307692 6.84080523540095
0.0350160256410256 6.86984544981521
0.0351762820512821 6.89513961898302
0.0353365384615385 6.91682958290281
0.0354967948717949 6.93506271647907
0.0356570512820513 6.94999072173512
0.0358173076923077 6.9617684635218
0.0359775641025641 6.97055285734471
0.0361378205128205 6.97650181671301
0.0362980769230769 6.97977326622858
0.0364583333333333 6.98052422539566
0.0366185897435897 6.97890996694713
0.0367788461538462 6.97508325233462
0.0369391025641026 6.9691936458923
0.037099358974359 6.96138690817132
0.0372596153846154 6.9518044679585
0.0374198717948718 6.94058297160829
0.0375801282051282 6.92785390754357
0.0377403846153846 6.9137433030665
0.037900641025641 6.89837149004278
0.0380608974358974 6.88185293552161
0.0382211538461538 6.86429613295495
0.0383814102564103 6.84580354938222
0.0385416666666667 6.82647162374181
0.0387019230769231 6.8063908113334
0.0388621794871795 6.78564566942956
0.0390224358974359 6.76431497904606
0.0391826923076923 6.74247189798314
0.0393429487179487 6.72018414039593
0.0395032051282051 6.69751417835184
0.0396634615384615 6.67451946106251
0.0398237179487179 6.65125264775912
0.0399839743589744 6.62776185046113
0.0401442307692308 6.60409088321148
0.0403044871794872 6.58027951466206
0.0404647435897436 6.55636372122572
0.040625 6.53237593833301
0.0407852564102564 6.50834530765094
0.0409455128205128 6.48429791842702
0.0411057692307692 6.46025704141968
0.0412660256410256 6.43624335415811
0.0414262820512821 6.41227515651625
0.0415865384615385 6.38836857585296
0.0417467948717949 6.3645377611657
0.0419070512820513 6.34079506590998
0.0420673076923077 6.31715121931127
0.0422275641025641 6.29361548615754
0.0423878205128205 6.27019581517396
0.0425480769230769 6.24689897621148
0.0427083333333333 6.22373068656798
0.0428685897435897 6.20069572683657
0.0430288461538462 6.17779804673255
0.0431891025641026 6.15504086140795
0.043349358974359 6.13242673877525
0.0435096153846154 6.10995767839871
0.0436698717948718 6.08763518251541
0.0438301282051282 6.06546031974393
0.0439903846153846 6.04343378204628
0.044150641025641 6.02155593547412
0.0443108974358974 5.99982686523921
0.0444711538461539 5.97824641560275
0.0446314102564103 5.95681422506524
0.0447916666666667 5.93552975731259
0.0449519230769231 5.91439232833937
0.0451121794871795 5.89340113014583
0.0452724358974359 5.87255525137366
0.0454326923076923 5.85185369521899
0.0455929487179487 5.83129539493029
0.0457532051282051 5.81087922716993
0.0459134615384615 5.79060402349995
0.046073717948718 5.77046858021739
0.0462339743589744 5.7504716667471
0.0463942307692308 5.73061203277918
0.0465544871794872 5.7108884143118
0.0467147435897436 5.69129953875229
0.046875 5.67184412919829
0.0470352564102564 5.65252090801891
0.0471955128205128 5.63332859983246
0.0473557692307692 5.61426593397002
0.0475160256410256 5.59533164650062
0.047676282051282 5.57652448188211
0.0478365384615385 5.55784319429831
0.0479967948717949 5.53928654872921
0.0481570512820513 5.52085332179716
0.0483173076923077 5.50254230242594
0.0484775641025641 5.48435229234308
0.0486378205128205 5.46628210645066
0.0487980769230769 5.44833057309012
0.0489583333333333 5.43049653421639
0.0491185897435897 5.41277884549917
0.0492788461538462 5.39517637636449
0.0494391025641026 5.37768800998764
0.049599358974359 5.3603126432465
0.0497596153846154 5.34304918664319
0.0499198717948718 5.32589656420097
