0 974.139043822211
0.000156739811912226 974.139043822211
0.000313479623824451 974.139043822211
0.000470219435736677 974.139043822211
0.000626959247648903 974.139043822211
0.000783699059561128 974.139043822211
0.000940438871473354 974.139043822211
0.00109717868338558 974.139043822211
0.00125391849529781 974.139043822211
0.00141065830721003 974.139043822211
0.00156739811912226 974.139043822211
0.00172413793103448 974.139043822212
0.00188087774294671 974.139043822212
0.00203761755485893 974.139043822212
0.00219435736677116 974.139043822213
0.00235109717868339 974.139043822213
0.00250783699059561 974.139043822213
0.00266457680250784 974.139043822213
0.00282131661442006 974.139043822214
0.00297805642633229 974.139043822214
0.00313479623824451 974.139043822214
0.00329153605015674 974.139043822215
0.00344827586206897 974.139043822215
0.00360501567398119 974.139043822215
0.00376175548589342 974.139043822216
0.00391849529780564 974.139043822216
0.00407523510971787 974.139043822216
0.00423197492163009 974.139043822216
0.00438871473354232 974.139043822216
0.00454545454545455 974.139043822215
0.00470219435736677 974.139043822215
0.004858934169279 974.139043822215
0.00501567398119122 974.139043822214
0.00517241379310345 974.139043822213
0.00532915360501567 974.139043822211
0.0054858934169279 974.139043822209
0.00564263322884013 974.139043822206
0.00579937304075235 974.139043822203
0.00595611285266458 974.139043822197
0.0061128526645768 974.139043822191
0.00626959247648903 974.139043822181
0.00642633228840125 974.139043822167
0.00658307210031348 974.139043822148
0.00673981191222571 974.139043822121
0.00689655172413793 974.139043822086
0.00705329153605016 974.139043822038
0.00721003134796238 974.139043821973
0.00736677115987461 974.139043821885
0.00752351097178683 974.139043821768
0.00768025078369906 974.139043821611
0.00783699059561129 974.139043821401
0.00799373040752351 974.139043821121
0.00815047021943574 974.139043820748
0.00830721003134796 974.139043820254
0.00846394984326019 974.139043819599
0.00862068965517242 974.139043818734
0.00877742946708464 974.139043817592
0.00893416927899686 974.139043816089
0.00909090909090909 974.139043814114
0.00924764890282132 974.139043811524
0.00940438871473354 974.139043808133
0.00956112852664577 974.139043803704
0.00971786833855799 974.139043797929
0.00987460815047022 974.139043790414
0.0100313479623824 974.139043780653
0.0101880877742947 974.139043767999
0.0103448275862069 974.139043751626
0.0105015673981191 974.139043730482
0.0106583072100313 974.139043703229
0.0108150470219436 974.139043668168
0.0109717868338558 974.139043623148
0.011128526645768 974.139043565451
0.0112852664576803 974.139043491648
0.0114420062695925 974.139043397422
0.0115987460815047 974.13904327735
0.0117554858934169 974.139043124632
0.0119122257053292 974.13904293076
0.0120689655172414 974.139042685111
0.0122257053291536 974.139042374445
0.0123824451410658 974.139041982296
0.0125391849529781 974.139041488228
0.0126959247648903 974.139040866927
0.0128526645768025 974.139040087102
0.0130094043887147 974.139039110151
0.013166144200627 974.139037888547
0.0133228840125392 974.139036363899
0.0134796238244514 974.139034464608
0.0136363636363636 974.13903210306
0.0137931034482759 974.139029172261
0.0139498432601881 974.139025541817
0.0141065830721003 974.139021053136
0.0142633228840125 974.139015513725
0.0144200626959248 974.139008690418
0.014576802507837 974.139000301354
0.0147335423197492 974.138990006507
0.0148902821316614 974.138977396513
0.0150470219435737 974.138961979538
0.0152037617554859 974.138943165875
0.0153605015673981 974.138920249905
0.0155172413793103 974.138892389043
0.0156739811912226 974.138858579213
0.0158307210031348 974.138817626347
0.015987460815047 974.138768113343
0.0161442006269592 974.138708361861
0.0163009404388715 974.138636388251
0.0164576802507837 974.138549852832
0.0166144200626959 974.138446001671
0.0167711598746082 974.138321599928
0.0169278996865204 974.138172855711
0.0170846394984326 974.137995333343
0.0172413793103448 974.137783854787
0.0173981191222571 974.137532387936
0.0175548589341693 974.137233920313
0.0177115987460815 974.136880316676
0.0178683385579937 974.136462158889
0.018025078369906 974.135968566328
0.0181818181818182 974.135386995021
0.0183385579937304 974.134703013595
0.0184952978056426 974.133900054054
0.0186520376175549 974.132959135346
0.0188087774294671 974.131858557606
0.0189655172413793 974.130573564954
0.0191222570532915 974.129075974684
0.0192789968652038 974.127333770741
0.019435736677116 974.125310659356
0.0195924764890282 974.122965584852
0.0197492163009404 974.120252203694
0.0199059561128527 974.117118315014
0.0200626959247649 974.113505246053
0.0202194357366771 974.109347191171
0.0203761755485893 974.104570503379
0.0205329153605016 974.099092937685
0.0206896551724138 974.092822845928
0.020846394984326 974.085658323237
0.0210031347962382 974.077486306751
0.0211598746081505 974.068181627805
0.0213166144200627 974.057606019403
0.0214733542319749 974.045607081471
0.0216300940438871 974.032017207138
0.0217868338557994 974.016652474025
0.0219435736677116 973.99931150538
0.0221003134796238 973.979774306748
0.0222570532915361 973.957801084715
0.0224137931034483 973.933131055221
0.0225705329153605 973.905481249806
0.0227272727272727 973.874545329083
0.022884012539185 973.839992413612
0.0230407523510972 973.801465943221
0.0231974921630094 973.758582576616
0.0233542319749216 973.710931143893
0.0235109717868339 973.658071665214
0.0236677115987461 973.599534449497
0.0238244514106583 973.534819287435
0.0239811912225705 973.463394753469
0.0241379310344828 973.384697631542
0.024294670846395 973.298132479473
0.0244514106583072 973.203071346634
0.0246081504702194 973.09885365927
0.0247648902821317 972.984786287258
0.0249216300940439 972.860143805345
0.0250783699059561 972.724168960937
0.0252351097178683 972.576073359341
0.0253918495297806 972.415038375954
0.0255485893416928 972.240216303283
0.025705329153605 972.050731738881
0.0258620689655172 971.845683218271
0.0260188087774295 971.624145094759
0.0261755485893417 971.385169665681
0.0263322884012539 971.127789542194
0.0264890282131661 970.851020257104
0.0266457680250784 970.553863102597
0.0268025078369906 970.235308187004
0.0269592476489028 969.894337697058
0.0271159874608151 969.529929349357
0.0272727272727273 969.141060012175
0.0274294670846395 968.726709476193
0.0275862068965517 968.285864350367
0.027742946708464 967.817522056929
0.0278996865203762 967.32069489755
0.0280564263322884 966.794414160939
0.0282131661442006 966.237734240715
0.0283699059561129 965.649736731261
0.0285266457680251 965.029534468471
0.0286833855799373 964.376275481867
0.0288401253918495 963.68914682452
0.0289968652037618 962.967378247531
0.029153605015674 962.210245686581
0.0293103448275862 961.417074529151
0.0294670846394984 960.587242632535
0.0296238244514107 959.720183064656
0.0297805642633229 958.815386541899
0.0299373040752351 957.872403540755
0.0300940438871473 956.890846062914
0.0302507836990596 955.870389036566
0.0304075235109718 954.810771339991
0.030564263322884 953.711796437056
0.0307210031347962 952.573332617877
0.0308777429467085 951.39531284161
0.0310344827586207 950.177734182147
0.0311912225705329 948.920656881186
0.0313479623824451 947.624203016863
0.0315047021943574 946.288554799675
0.0316614420062696 944.913952510818
0.0318181818181818 943.500692101277
0.031974921630094 942.049122472908
0.0321316614420063 940.55964246546
0.0322884012539185 939.032697575771
0.0324451410658307 937.468776437415
0.0326018808777429 935.868407090688
0.0327586206896552 934.232153074076
0.0329153605015674 932.560609369247
0.0330721003134796 930.854398232041
0.0332288401253919 929.11416494207
0.0333855799373041 927.340573503232
0.0335423197492163 925.5343023268
0.0336990595611285 923.696039927748
0.0338557993730407 921.826480663679
0.034012539184953 919.926320544082
0.0341692789968652 917.99625313581
0.0343260188087774 916.036965588543
0.0344827586206897 914.049134801715
0.0346394984326019 912.033423751952
0.0347962382445141 909.990477997467
0.0349529780564263 907.920922373243
0.0351097178683386 905.825357888117
0.0352664576802508 903.704358832191
0.035423197492163 901.558470100302
0.0355799373040752 899.388204734694
0.0357366771159875 897.194041687458
0.0358934169278997 894.976423800923
0.0360501567398119 892.735756001862
0.0362068965517241 890.472403703251
0.0363636363636364 888.186691405362
0.0365203761755486 885.878901486151
0.0366771159874608 883.549273169315
0.036833855799373 881.198001656993
0.0369905956112853 878.825237412828
0.0371473354231975 876.431085580106
0.0373040752351097 874.01560551882
0.0374608150470219 871.578810444828
0.0376175548589342 869.120667153773
0.0377742946708464 866.64109581205
0.0379310344827586 864.139969796882
0.0380877742946708 861.617115567441
0.0382445141065831 859.072312548944
0.0384012539184953 856.505293011689
0.0385579937304075 853.915741927129
0.0387147335423198 851.30329678321
0.038871473354232 848.667547341391
0.0390282131661442 846.008035317858
0.0391849529780564 843.324253971637
0.0393416927899687 840.615647582301
0.0394984326018809 837.881610800006
0.0396551724137931 835.121487850435
0.0398119122257053 832.334571577001
0.0399686520376176 829.520102302266
0.0401253918495298 826.677266489936
0.040282131661442 823.805195188038
0.0404388714733542 820.902962232832
0.0405956112852665 817.969582191752
0.0407523510971787 815.00400802206
0.0409090909090909 812.005128419947
0.0410658307210031 808.971764832505
0.0412225705329154 805.902668102191
0.0413793103448276 802.796514710126
0.0415360501567398 799.651902580706
0.041692789968652 796.467346405469
0.0418495297805643 793.241272438865
0.0420062695924765 789.972012712409
0.0421630094043887 786.657798606485
0.0423197492163009 783.296753710672
0.0424764890282132 779.886885893698
0.0426332288401254 776.426078492639
0.0427899686520376 772.912080517663
0.0429467084639499 769.342495752864
0.0431034482758621 765.71477061537
0.0432601880877743 762.026180613128
0.0434169278996865 758.273815216141
0.0435736677115987 754.454560925467
0.043730407523511 750.565082288078
0.0438871473354232 746.601800562395
0.0440438871473354 742.560869687452
0.0442006269592476 738.438149146094
0.0443573667711599 734.229173237072
0.0445141065830721 729.929116178978
0.0446708463949843 725.532752356752
0.0448275862068966 721.034410883737
0.0449843260188088 716.427923482175
0.045141065830721 711.706564473931
0.0452978056426332 706.862981409498
0.0454545454545455 701.889114531836
0.0456112852664577 696.77610285203
0.0457680250783699 691.514174078869
0.0459247648902821 686.092514957402
0.0460815047021944 680.499117681647
0.0462382445141066 674.720596884206
0.0463949843260188 668.741970172639
0.046551724137931 662.546393140926
0.0467084639498433 656.11483703607
0.0468652037617555 649.425693516996
0.0470219435736677 642.454285781541
0.0471786833855799 635.172258122279
0.0473354231974922 627.546805736124
0.0474921630094044 619.539691854444
0.0476489028213166 611.105977600688
0.0478056426332288 602.192357564914
0.0479623824451411 592.734944500147
0.0481191222570533 582.656268842099
0.0482758620689655 571.861133623553
0.0484326018808777 560.230757541943
0.04858934169279 547.614281446276
0.0487460815047022 533.816073052701
0.0489028213166144 518.576061638876
0.0490595611285266 501.537944236831
0.0492163009404389 482.195024072635
0.0493730407523511 459.791705629488
0.0495297805642633 433.128549805395
0.0496865203761755 400.130000305868
0.0498432601880878 356.716479474043
0.05 293
