0 975.623560990843
0.00279946255477927 975.623560990843
0.00395903791232448 975.623560990843
0.00484881137876427 975.623560990841
0.00559892510955854 975.623560990832
0.00625978857295168 975.623560990801
0.00685725481323742 975.623560990708
0.00740668172458349 975.623560990459
0.00791807582464896 975.623560989845
0.00839838766433781 975.623560988435
0.00885267789745639 975.623560985392
0.00928476690885259 975.623560979149
0.00969762275752854 975.623560966905
0.0100936057849981 975.623560943817
0.0104746297470869 975.623560901769
0.0108422718529914 975.623560827546
0.0111978502191171 975.623560700157
0.0115424798083164 975.623560487031
0.0118771137369734 975.623560138678
0.012202574372509 975.623559581352
0.0125195771459034 975.623558707109
0.0128287490624705 975.623557360563
0.0131306432859723 975.623555321465
0.013425750768544 975.623552282122
0.0137145096264748 975.623547818467
0.0139973127738964 975.623541353452
0.0142745141943918 975.623532111237
0.0145464341362928 975.623519060489
0.014813363449167 975.6235008449
0.0150755672288882 975.623475698882
0.0153332879014365 975.623441346253
0.0155867478475771 975.623394879535
0.0158361516492979 975.623332617449
0.0160816880225669 975.623249938045
0.0163235314883387 975.623141084888
0.0165618438238741 975.622998943736
0.0167967753286756 975.622814787159
0.0170284659331843 975.622577984696
0.0172570461734686 975.622275676268
0.0174826380511878 975.621892406838
0.0177053557949128 975.62140972056
0.0179253065362928 975.620805713039
0.0181425909124269 975.620054540746
0.0183573036040505 975.619125887119
0.0185695338177052 975.617984385409
0.018779365718855 975.616588998958
0.0189868788219159 975.61489236023
0.019192148342323 975.612840070613
0.0193952455150571 975.610369963708
0.0195962378834549 975.607411335616
0.0197951895616224 975.603884146421
0.0199921614733419 975.599698197861
0.0201872115699962 975.594752292893
0.0203803950297191 975.58893338357
0.0205717644397122 975.582115714302
0.020761369963435 975.574159968185
0.0209492594941738 975.564912424626
0.0211354787963236 975.554204136944
0.021320071635561 975.541850139005
0.0215030798989602 975.527648690213
0.0216845437059828 975.511380568358
0.0218645015111776 975.492808419848
0.0220429901993332 975.471676176808
0.0222200451737505 975.447708550316
0.0223957004382342 975.420610608746
0.0225699886733408 975.390067449742
0.0227429413073671 975.355743973804
0.0229145885825156 975.317284766773
0.0230849596166328 975.274314097755
0.0232540824608751 975.22643603812
0.0234219841536278 975.173234706255
0.0235886907709691 975.114274641707
0.0237542274739469 975.049101311241
0.0239186185529103 974.977241748168
0.0240818874691174 974.898205325091
0.0242440568938214 974.811484659034
0.0244051487450181 974.716556646621
0.0245651842220259 974.612883625813
0.0247241838380497 974.499914659468
0.0248821674508732 974.377086934849
0.0250391542918067 974.243827272079
0.0251951629930134 974.099553733512
0.0253502116133204 973.943677324989
0.0255043176626182 973.775603779115
0.0256574981249409 973.594735409848
0.0258097694803142 973.400473027067
0.0259611477254487 973.192217899189
0.0261116483933547 972.969373751456
0.0262612865719445 972.731348787216
0.0264100769216866 972.477557719267
0.0265580336923692 972.207423798317
0.0267051707390278 971.920380825593
0.026851501537088 971.615875136848
0.0269970391967684 971.293367545246
0.0271417964767895 970.952335231045
0.0272857857974271 970.592273566444
0.0274290192529497 970.212697864579
0.0275715086234739 969.813145042329
0.0277132653862714 969.393175187334
0.0278543007265578 968.952373020479
0.0279946255477927 968.490349245961
0.028134250481517 968.006741781995
0.028273185896753 967.50121686621
0.0284114419089909 966.973470030742
0.0285490283887836 966.423226943086
0.0286859549699707 965.850244109772
0.0288222310575499 965.254309440939
0.0289578658352166 964.635242674901
0.0290928682725856 963.992895662774
0.0292272471321134 963.327152514171
0.0293610109757352 962.63792960589
0.0294941681712309 961.925175456399
0.0296267268983339 961.188870469696
0.0297586951545943 960.429026552929
0.0298900807610098 959.645686612798
0.0300208913674344 958.838923936439
0.0301511344577764 958.008841463021
0.0302808173549942 957.155570952781
0.0304099472259018 956.279272060659
0.0305385310857897 955.380131322014
0.030666575802873 954.458361058201
0.030794088102572 953.514198210002
0.0309210745716344 952.547903107008
0.0310475416621057 951.559758181161
0.0311734956951542 950.550066632652
0.0312989428647584 949.519151056332
0.0314238892412607 948.467352036672
0.0315483407747956 947.395026719165
0.0316723032985958 946.302547365844
0.0317957825321827 945.190299902347
0.0319187840844457 944.05868246366
0.0320413134566153 942.908103945344
0.0321633760451338 941.738982566711
0.032284977144429 940.551744452011
0.0324061219495933 939.346822235302
0.0325268155589742 938.124653694255
0.0326470629766773 936.885680417705
0.0327668691149879 935.630346511345
0.0328862387967119 934.359097345467
0.0330051767574417 933.072378348278
0.0331236876477481 931.770633847805
0.0332417760353022 930.454305965029
0.0333594464069295 929.123833560412
0.0334767031705993 927.779651235609
0.0335935506573513 926.422188391723
0.0337099931231621 925.051868345089
0.0338260347507545 923.669107501213
0.0339416796513499 922.274314587122
0.0340569318663686 920.867889942087
0.0341717953690771 919.450224866335
0.0342862740661871 918.021701027112
0.0344003717994051 916.582689921193
0.0345140923469373 915.133552392678
0.0346274394249492 913.674638204712
0.0347404166889826 912.206285663591
0.034853027735331 910.728821293491
0.0349652761023756 909.242559559983
0.0350771652718827 907.747802640299
0.0351886986702632 906.244840238258
0.0352998796697977 904.733949441644
0.0354107115898256 903.215394619781
0.0355211976979017 901.689427358978
0.0356313412109203 900.15628643351
0.0357411452962078 898.616197809753
0.0358506130725857 897.06937468112
0.0359597476114038 895.516017531429
0.0360685519375463 893.956314224372
0.0361770290304094 892.390440116778
0.0362851818248537 890.818558193425
0.0363930132121305 889.240819221181
0.0365005260407836 887.657361920339
0.0366077231175271 886.068313151063
0.036714607208101 884.47378811295
0.036821181038103 882.873890555771
0.0369274472937998 881.268712999553
0.0370334086229174 879.658336962242
0.0371390676354104 878.042833193264
0.0372444269042121 876.42226191142
0.0373494889659659 874.796673045584
0.0374542563217376 873.166106476839
0.0375587314377101 871.530592280687
0.0376629167458608 869.890150968138
0.0377668146446223 868.244793724502
0.0378704274995261 866.594522644836
0.0379737576438318 864.939330965058
0.0380768073791394 863.279203287823
0.0381795789759879 861.614115802329
0.0382820746744388 859.944036497301
0.0383842966846459 858.268925366456
0.0384862471874114 856.588734605828
0.0385879283347285 854.903408802391
0.0386893422503117 853.212885113468
0.0387904910301142 851.517093436479
0.0388913767428331 849.815956568612
0.0389920014304035 848.109390356073
0.0390923671084804 846.397303832583
0.0391924757669098 844.679599346849
0.0392923293701891 842.956172678755
0.0393919298579168 841.226913144059
0.0394912791452321 839.491703687398
0.0395903791232448 837.750420963437
0.0396892316594548 836.002935405991
0.0397878385981631 834.249111285004
0.0398862017608733 832.488806751234
0.0399843229466838 830.721873868535
0.0400822039326721 828.948158633613
0.0401798464742702 827.167500983141
0.040277252305632 825.379734788108
0.0403744231399923 823.584687835281
0.040471360670019 821.782181795641
0.0405680665681564 819.972032179644
0.0406645424869625 818.154048279152
0.0407607900594382 816.328033095836
0.0408568108993495 814.493783255867
0.0409526066015439 812.651088910651
0.0410481787422588 810.79973362336
0.0411435288794245 808.939494240978
0.0412386585529603 807.070140751517
0.0413335692850649 805.191436126084
0.0414282625805002 803.303136145355
0.04152273992687 801.404989210045
0.0416170027948925 799.496736134869
0.0417110526386677 797.578109925439
0.0418048908959384 795.648835537511
0.0418985189883476 793.708629617909
0.0419919383216891 791.757200226389
0.0420851502861538 789.794246537659
0.0421781562565715 787.819458522659
0.0422709575926471 785.832516608137
0.0423635556391928 783.833091313486
0.0424559517263551 781.820842863672
0.0425481471698382 779.795420777003
0.0426401432711221 777.756463426372
0.0427319413176775 775.703597572477
0.0428235425831755 773.636437867389
0.0429149483276941 771.554586326688
0.0430061597979204 769.457631768248
0.0430971782273489 767.345149215546
0.0431880048364761 765.216699263219
0.0432786408329917 763.071827402349
0.0433690874119655 760.910063302763
0.0434593457560318 758.730920049373
0.0435494170355693 756.533893329309
0.0436393024088784 754.318460566312
0.0437290030223552 752.084079998504
0.0438185200106618 749.830189695341
0.0439078544968936 747.556206509097
0.0439970075927442 745.261524955835
0.0440859803986664 742.945516020322
0.044174774004031 740.607525878816
0.0442633894872819 738.246874533038
0.0443518279160897 735.862854348021
0.0444400903475009 733.45472848575
0.0445281778280861 731.021729225741
0.0446160913940841 728.563056162731
0.0447038320715448 726.077874270707
0.0447914008764683 723.565311821295
0.0448787988149427 721.024458143292
0.0449660268832784 718.454361208674
0.045053086068141 715.854025028798
0.0451399773466817 713.222406842691
0.0452267016866645 710.558414077265
0.0453132600465929 707.86090105697
0.0453996533758328 705.12866543775
0.0454858826147342 702.360444337178
0.0455719486947507 699.554910129212
0.0456578525385569 696.710665868147
0.0457435950601635 693.826240301849
0.0458291771650313 690.900082429274
0.0459145997501823 687.930555551414
0.0459998637043095 684.915930758011
0.0460849699078849 681.85437978464
0.0461699192332656 678.743967165689
0.0462547125447979 675.582641598279
0.04633935069892 672.368226419992
0.046423834544263 669.098409088983
0.0465081649217502 665.770729538391
0.0465923426646947 662.382567257333
0.0466763685988953 658.931126927651
0.0467602435427313 655.413422418226
0.0468439683072555 651.826258906207
0.0469275436962854 648.166212855792
0.0470109705064933 644.429609538907
0.0470942495274953 640.612497726496
0.0471773815419381 636.710621112011
0.0472603673255849 632.719385947347
0.0473432076473999 628.633824272386
0.0474259032696314 624.448551998037
0.0475084549478938 620.157720953475
0.0475908634312476 615.754963823668
0.0476731294622796 611.233330673547
0.0477552537771802 606.585215467516
0.0478372371058206 601.802270630432
0.0479190801718283 596.875307235976
0.0480007836926619 591.794177820085
0.0480823483796843 586.547638058916
0.0481637749382349 581.1231825658
0.0482450640677008 575.506848770195
0.048326216461587 569.682981132304
0.0484072328075854 563.633945661221
0.0484881137876427 557.339781613958
0.0485688600780273 550.777773023913
0.0486494723493956 543.921916846068
0.0487299512668566 536.742256267427
0.0488102974900362 529.204035971978
0.04889051167314 521.266619082128
0.048970594465016 512.882080266158
0.049050546509215 503.993351429937
0.0491303684440517 494.531737652268
0.0492100609026639 484.413528008686
0.0492896245130707 473.535274425401
0.0493690598982309 461.767056808051
0.0494483676760995 448.942607614284
0.0495275484596839 434.844357736997
0.049606602857099 419.179910155205
0.0496855314716221 401.543281080324
0.0497643349017463 381.347313035582
0.0498430137412334 357.697033405559
0.0499215685791662 329.128927546883
0.05 293
