0 975.626859784973
0.00279508497187474 975.626859784973
0.00395284707521047 975.626859784972
0.00484122918275927 975.62685978497
0.00559016994374947 975.626859784962
0.00625 975.626859784932
0.00684653196881458 975.626859784841
0.00739509972887452 975.626859784597
0.00790569415042095 975.626859783997
0.00838525491562421 975.626859782622
0.00883883476483185 975.626859779655
0.00927024810886958 975.626859773574
0.00968245836551854 975.626859761655
0.0100778221853732 975.626859739192
0.0104582503316759 975.626859698304
0.0108253175473055 975.62685962616
0.0111803398874989 975.626859502392
0.0115244305716161 975.626859295401
0.0118585412256314 975.626858957193
0.0121834929310112 975.62685841626
0.0125 975.626857567965
0.0128086884574495 975.626856261703
0.0131101106021269 975.626854284034
0.0134047566184545 975.626851336814
0.0136930639376292 975.626847009172
0.0139754248593737 975.626840742054
0.0142521928137392 975.626831783849
0.0145236875482778 975.626819135447
0.014790199457749 975.626801482924
0.0150519932234904 975.626777115833
0.0153093108923949 975.626743828991
0.0155623744974859 975.626698805461
0.0158113883008419 975.626638478336
0.0160565407233314 975.626558368867
0.0162980060130066 975.626452898383
0.0165359456941537 975.626315171506
0.0167705098312484 975.626136728162
0.0170018381359193 975.625907262003
0.0172300609401128 975.625614303017
0.0174553000547112 975.625242862304
0.0176776695296637 975.624775037281
0.0178972763290954 975.624189575918
0.0181142209327368 975.623461399014
0.018328597873269 975.62256107999
0.0185404962177392 975.621454282195
0.01875 975.620101154311
0.0189571886101289 975.618455685064
0.0191621371459449 975.616465019112
0.0193649167310371 975.614068736702
0.0195655948031232 975.61119810037
0.0197642353760524 975.607775272738
0.0199608992783391 975.603712510151
0.0201556443707464 975.598911337647
0.0203485257451246 975.593261711422
0.0205395959064437 975.586641175614
0.0207289049397213 975.578914020845
0.0209165006633519 975.569930452461
0.0211024287701677 975.559525776923
0.021286732957408 975.547519615135
0.0214694550466471 975.533715151801
0.021650635094611 975.51789843008
0.0218303114957162 975.499837700866
0.0220085210770738 975.479282835981
0.0221852991866236 975.455964814411
0.0223606797749979 975.42959529041
0.0225346954716499 975.399866251917
0.0227073776557312 975.366449777201
0.0228787565221539 975.32899789701
0.0230488611432322 975.287142568768
0.0232177195262584 975.240495768545
0.0233853586673371 975.188649705546
0.023551804601771 975.131177162935
0.0237170824512628 975.067631967668
0.0238812164681785 974.99754959093
0.0240442300770892 974.920447879592
0.0242061459137964 974.835827917908
0.0243669858620224 974.743175017486
0.0245267710879357 974.641959832358
0.0246855220726644 974.531639594799
0.0248432586429397 974.411659466416
0.025 974.281453997905
0.0251557647468726 974.140448689858
0.0253105709141457 973.988061646025
0.0254644359843292 973.82370530956
0.025617376914899 973.646788271995
0.0257694101601104 973.45671714397
0.0259205516916596 973.252898476216
0.0260708170182678 973.034740718759
0.0262202212042538 972.801656206026
0.0263687788871612 972.553063155254
0.0265165042944955 972.28838766551
0.0266634112596269 972.007065704661
0.026809513236909 971.708545071717
0.0269548233160598 971.392287322246
0.0270993542358485 971.057769644899
0.0272431183971292 970.704486677534
0.0273861278752583 970.33195225197
0.0275283944319316 969.93970105707
0.0276699295264733 969.527290210519
0.0278107443266087 969.09430073051
0.0279508497187474 968.640338899339
0.0280902563178053 968.165037511857
0.0282289744765905 967.668057002638
0.0283670142947755 967.149086446693
0.0285043856274785 966.607844429551
0.028641098093474 966.044079783519
0.0287771610830533 965.457572187931
0.0289125837655509 964.848132632175
0.0290473750965556 964.215603741251
0.0291815438248219 963.559859964555
0.0293150984988964 962.880807629472
0.0294480474734744 962.17838486225
0.0295803989154981 961.452561379381
0.0297121608100118 960.703338153541
0.0298433409657833 959.930746958778
0.0299739470207045 959.134849800311
0.0301039864469807 958.315738234848
0.0302334665561196 957.473532587858
0.0303623945037278 956.608381074638
0.0304907772941262 955.720458832405
0.0306186217847897 954.809966870924
0.0307459346906221 953.877130949411
0.0308727225880712 952.922200387618
0.0309989919190931 951.945446819087
0.0311247489949718 950.947162894616
0.03125 949.927660943923
0.0313747509950278 948.887271603424
0.0314990079208854 947.826342417927
0.0316227766016838 946.745236423807
0.0317460627480007 945.644330721059
0.0318688719599549 944.524015041303
0.0319912097301743 943.384690318546
0.0321130814466628 942.22676726916
0.0322344923955691 941.050664987158
0.032355447763862 939.856809560488
0.0324759526419165 938.645632713651
0.0325960120260132 937.417570481526
0.032715630820756 936.173061918872
0.0328348138414092 934.912547849539
0.0329535658161602 933.636469658978
0.0330718913883074 932.345268133239
0.0331897951183794 931.039382347161
0.0333072814861856 929.719248604112
0.0334243548928023 928.385299429148
0.0335410196624968 927.037962617138
0.0336572800445906 925.677660336957
0.0337731402152657 924.304808292524
0.0338886042793149 922.919814941096
0.0340036762718386 921.523080768902
0.0341183601598905 920.114997623889
0.0342326598440729 918.69594810509
0.0343465791600852 917.266305007814
0.0344601218802256 915.826430823657
0.0345732917148483 914.376677294093
0.034686092313779 912.917385016199
0.0347985272676876 911.448883098911
0.0349106001094224 909.97148886804
0.0350223143153047 908.485507618133
0.035133673306388 906.991232409179
0.0352446804496792 905.488943906046
0.0353553390593274 903.978910258445
0.0354656523977778 902.46138701921
0.0355756236768943 900.936617098585
0.0356852560590505 899.404830752215
0.0357945526581909 897.866245600538
0.0359035165408627 896.321066677241
0.0360121507272198 894.769486504503
0.0361204581919997 893.211685192744
0.0362284418654736 891.647830562646
0.0363361046343716 890.078078287272
0.0364434493427831 888.502572052143
0.0365504787930336 886.92144373121
0.036657195746538 885.334813576722
0.0367636029246319 883.742790421064
0.0368697030093816 882.145471888717
0.0369754986443726 880.542944616577
0.0370809924354783 878.935284480941
0.0371861869516088 877.322556829575
0.0372910847254407 875.704816717337
0.037395688254129 874.082109143945
0.0375 872.454469292538
0.0376040223912283 870.82192276779
0.0377077578224959 869.18448583239
0.0378112086556354 867.542165640825
0.0379143772202578 865.894960469435
0.0380172658143639 864.242859941831
0.0381198767049423 862.58584524881
0.0382222121285516 860.923889361996
0.0383242742918897 859.25695724048
0.0384260653723485 857.585006029827
0.0385275875185561 855.907985252855
0.0386288428509061 854.225836991658
0.0387298334620742 852.538496060404
0.0388305614175227 850.845890168477
0.0389310287559936 849.147940073589
0.03903123748999 847.444559724534
0.0391311896062463 845.73565639327
0.039230887066188 844.021130796088
0.0393303318063807 842.300877203617
0.0394295257389688 840.574783539477
0.0395284707521047 838.84273146739
0.0396271687103684 837.104596466589
0.0397256214551768 835.360247895386
0.039823830805185 833.609549042752
0.0399217985566783 831.852357167809
0.0400195264839553 830.088523527093
0.040117016339703 828.317893389483
0.0402142698553635 826.540306038688
0.0403112887414928 824.755594763157
0.0404080746881115 822.963586833296
0.0405046293650491 821.164103465851
0.0406009544222793 819.356959775314
0.0406970514902493 817.541964712172
0.0407929221802018 815.718920987831
0.0408885680844903 813.887624985999
0.0409839907768875 812.047866660293
0.0410791918128875 810.199429417822
0.0411741727300015 808.342089988437
0.0412689350480479 806.475618279344
0.0413634802694357 804.599777214695
0.0414578098794425 802.714322559765
0.0415519253464867 800.819002729266
0.0416458281223942 798.913558579287
0.04173951964266 796.997723182322
0.0418330013267038 795.07122158478
0.0419262745781211 793.133770546288
0.042019340784929 791.185078260076
0.0421122013198075 789.22484405362
0.0422048575403353 787.252758068664
0.0422973107892216 785.268500919663
0.0423895623945329 783.271743329565
0.0424816136699161 781.262145741807
0.042573465914816 779.239357907239
0.04266512041469 777.203018444622
0.0427565784412177 775.152754373189
0.0428478412525065 773.088180615641
0.0429389100932942 771.008899469801
0.0430297861951463 768.914500046998
0.0431204707766508 766.804557675052
0.043210965043609 764.678633263586
0.0433012701892219 762.53627262915
0.0433913873942745 760.377005777433
0.0434813178273152 758.200346139582
0.0435710626448334 756.005789759407
0.0436606229914325 753.792814427902
0.04375 751.560878761243
0.0438391947918755 749.309421218024
0.043928208477014 747.037859051118
0.0440170421541475 744.745587189104
0.0441056969109434 742.43197704172
0.0441941738241592 740.096375223281
0.0442824739597959 737.738102187373
0.0443705983732471 735.356450765523
0.0444585481094469 732.950684601767
0.0445463242030137 730.520036474259
0.0446339276783928 728.063706494131
0.0447213595499958 725.580860170801
0.0448086208223373 723.070626331789
0.0448957124901699 720.53209488384
0.0449826355386165 717.964314400671
0.0450693909432999 715.366289521114
0.0451559796704711 712.736978139531
0.0452424026771346 710.075288368397
0.0453286609111719 707.380075250554
0.0454147553114624 704.650137196056
0.0455006868080032 701.884212115482
0.0455864563220262 699.080973218236
0.0456720647661128 696.239024440409
0.0457575130443078 693.356895462367
0.0458428020522306 690.433036271106
0.0459279326771846 687.46581121658
0.0460129057982649 684.45349250443
0.0460977222864644 681.394253059783
0.0461823830047779 678.286158687748
0.0462668888083044 675.127159445781
0.0463512405443479 671.915080130898
0.0464354390525168 668.64760977049
0.046519485164821 665.322289988816
0.0466033797057681 661.936502101682
0.0466871234924577 658.487452768736
0.0467707173346743 654.97215800548
0.0468541620349783 651.387425324706
0.0469374583887965 647.729833738435
0.0470206071845101 643.99571130519
0.0471036092035419 640.181109851956
0.0471864652204422 636.281776433138
0.0472691760029726 632.293121007692
0.0473517423121895 628.210179716655
0.0474341649025257 624.02757302237
0.0475164445218705 619.739457821722
0.0475985819116494 615.339472461592
0.0476805778069016 610.820673355429
0.047762432936357 606.175461612931
0.0478441480225116 601.395497733009
0.047925723781702 596.471601951259
0.0480071609241788 591.393637246244
0.0480884601541784 586.150371252803
0.0481696221699942 580.729312348126
0.048250647664047 575.116513888539
0.048331537322953 569.296338870475
0.0484122918275927 563.251175010176
0.0484929118531771 556.961087155681
0.0485733980693136 550.403389729544
0.0486537511400714 543.552116059141
0.0487339717240448 536.377353241505
0.0488140604744166 528.844399473583
0.0488940180390199 520.912683777057
0.0489738450603993 512.534362916381
0.0490535421758715 503.652472399371
0.0491331100175839 494.19844995493
0.0492125492125738 484.088757311107
0.0492918603828259 473.2201753616
0.0493710441453288 461.463094292525
0.0494501011121312 448.651677754501
0.0495290318903974 434.568973959982
0.0496078370824611 418.923501803013
0.0496865172858795 401.310697096098
0.049765073093486 381.145726302714
0.0498435050934422 357.537699247634
0.0499218138692896 329.03098499924
0.05 293
