0.00136589591177038 -0
0.00329756443498602 3.00113396748847e-13
0.00429746964025256 2.07964846040989e-12
0.00509759294057768 8.91550565745531e-12
0.0057860279324484 3.42685429454542e-11
0.00639998413449866 1.11454591469211e-10
0.00695956892493528 3.19869439230116e-10
0.00747715794577553 8.31603708768231e-10
0.00796102478174243 1.99722111393108e-09
0.00841702986321795 4.49034519310277e-09
0.00884950636992954 9.54664682624041e-09
0.00926176647609658 1.93414214549491e-08
0.00965640998090859 3.75682960217989e-08
0.0100355222746747 7.03090996691194e-08
0.0104008066467795 1.27292643308649e-07
0.010753675766021 2.23691472075141e-07
0.0110953167649102 3.82631157776779e-07
0.0114267386874755 6.38615988418238e-07
0.0117488078164494 1.04214425577871e-06
0.0120622744646177 1.66580281298267e-06
0.0123677936249338 2.61221562295365e-06
0.0126659411179647 4.02425035980952e-06
0.0129572263820786 6.09794161749543e-06
0.0132421027224144 9.09866589072165e-06
0.013520975610034 1.33811187465242e-05
0.0137942094665057 1.94137345471492e-05
0.0140621332587645 2.78081678354836e-05
0.0143250451497993 3.93545624567027e-05
0.0145832163929633 5.5063257216787e-05
0.014836894615082 7.62136712383732e-05
0.0150863066016976 0.000104411036239437
0.0153316606737529 0.000141651618410538
0.0155731487266777 0.000190397049682723
0.0158109479887141 0.000253658273626144
0.0160452225443421 0.00033508952781854
0.0162761246600655 0.000439092668928286
0.0165037959430267 0.000570931988027381
0.0167283683575198 0.000736859495921862
0.016949965120142 0.000944250477529808
0.0171687014908402 0.00120174888852678
0.017384685474281 0.00151942198058063
0.0175980184436666 0.00190892322802286
0.0178087956972289 0.00238366248557105
0.0180171069560752 0.0029589819547453
0.0182230368107684 0.00365233636262845
0.0184266651229514 0.00448347545322479
0.0186280673874261 0.00547462671299309
0.0188273150593453 0.00665067597715205
0.0190244758505404 0.00803934341657331
0.0192196139984709 0.00967135220228261
0.0194127905108257 0.0115805870334935
0.019604063388417 0.0138042395867825
0.0197934878286769 0.0163829379137371
0.0199811164117805 0.0193608567769016
0.0201669992711748 0.0227858059575051
0.0203511842500816 0.0267092936387091
0.0205337170453595 0.0311865620966367
0.0207146413399499 0.0362765931259002
0.0208939989249965 0.0420420808119497
0.0210718298126052 0.0485493695986642
0.0212481723401058 0.0558683558231629
0.0214230632665874 0.0640723513635636
0.0215965378623933 0.0732379082990749
0.0217686299921958 0.0834446040425056
0.0219393721922031 0.0947747867307771
0.0221087957419979 0.107313281204949
0.0222769307314568 0.121147056349735
0.0224438061231562 0.136364855042207
0.0226094498106314 0.153056788466135
0.02277388867282 0.171313896968461
0.0229371486249925 0.191227680139044
0.0230992546664404 0.212889599181512
0.0232602309251739 0.236390555064158
0.0234201006998526 0.261820346294552
0.0235788864991572 0.289267110473961
0.0237366100787895 0.318816754091538
0.0238932924762745 0.35055237519899
0.0240489540437205 0.384553683826621
0.0242036144786826 0.420896425063066
0.0243572928532622 0.459651809837907
0.024510007641564 0.500885958394418
0.0246617767456216 0.544659361417383
0.024812617519897 0.591026363646037
0.0249625467944458 0.640034674638968
0.0251115808968386 0.691724911132977
0.0252597356729174 0.746130175174133
0.0254070265064625 0.803275671865696
0.0255534683378391 0.86317837022375
0.0256990756816874 0.925846710264606
0.0258438626437154 0.991280358958311
0.0259878429366495 1.05947001730899
0.0261310298953938 1.13039728029693
0.0262734364914464 1.20403455095121
0.0264150753466148 1.28034500933134
0.0265559587460744 1.35928263671911
0.0266960986508054 1.44079229479657
0.0268355067094453 1.52480985915161
0.0269741942695906 1.61126240593922
0.0271121723885777 1.70006845013629
0.0272494518437721 1.79113823337827
0.0273860431423937 1.88437405896679
0.0275219565309034 1.97967067129682
0.0276572020039739 2.07691567663242
0.027791789313068 2.1759900018356
0.0279257279746442 2.27676838745949
0.0280590272780107 2.37911991137592
0.028191696292844 2.48290853891911
0.0283237438763915 2.58799369547921
0.0284551786803722 2.69423085730405
0.0285860091575928 2.80147215630242
0.028716243568292 2.90956699459119
0.0288458899862269 3.01836266460558
0.0289749563045143 3.12770497060866
0.0291034502412393 3.23743884761525
0.0292313793448412 3.34740897380844
0.0293587509992887 3.45746037278838
0.0294855724290538 3.56743900206457
0.0296118507038937 3.67719232454543
0.0297375927434504 3.78656985992696
0.0298628053216755 3.89542371317089
0.0299874950710887 4.00360907753818
0.0301116684868782 4.11098470990787
0.0302353319308488 4.21741337637256
0.0303584916352255 4.32276226644759
0.0304811537063189 4.42690337446553
0.0306033241280581 4.52971384705359
0.0307250087653976 4.63107629583291
0.0308462133676028 4.73087907481621
0.0309669435714197 4.82901652219111
0.0310872049041343 4.9253891664593
0.0312070027865254 5.01990389715883
0.031326342535716 5.11247410059613
0.0314452293679272 5.20301976126551
0.0315636684011388 5.29146752979522
0.0316816646576604 5.37775075848917
0.0317992230666164 5.46180950564337
0.031916348466349 5.54359051000653
0.0320330456067418 5.62304713686959
0.0321493191514676 5.70013929735006
0.0322651736801632 5.77483334259032
0.0323806136905344 5.84710193459339
0.0324956436003935 5.91692389552893
0.0326102677496318 5.98428403735163
0.032724490402131 6.04917297360685
0.0328383157476134 6.11158691532862
0.0329517479034352 6.17152745287384
0.0330647909163248 6.22900132558224
0.0331774487640673 6.28402018108625
0.0332897253571373 6.33660032604467
0.0334016245402836 6.38676247005134
0.033513150094065 6.43453146437388
0.0336243057363407 6.47993603715133
0.0337350951237167 6.52300852656251
0.0338455218529495 6.56378461341095
0.0339555894623081 6.6023030545023
0.0340653014328977 6.63860541806604
0.0341746611899438 6.67273582243023
0.0342836721040401 6.70474067899806
0.0343923374923609 6.73466844054721
0.0345006606198386 6.76256935573759
0.0346086447003087 6.78849523061011
0.0347162928976223 6.81249919782369
0.0348236083267274 6.83463549420802
0.0349305940547214 6.8549592471805
0.0350372531018732 6.87352627046559
0.0351435884426183 6.89039286947677
0.0352496030065269 6.90561565663605
0.0353552996792455 6.91925137684629
0.0354606813034134 6.93135674324166
0.0355657506795549 6.94198828328739
0.0356705105669472 6.95120219525236
0.0357749636844668 6.95905421497988
0.0358791127114119 6.96559949286489
0.035982960288305 6.9708924808982
0.0360865090176738 6.97498682957546
0.0361897614648122 6.97793529443635
0.0362927201585219 6.97978965198077
0.0363953875918349 6.98060062464774
0.0364977662227182 6.98041781456834
0.03659985847476 6.97928964571275
0.0367016667378395 6.97726331411331
0.0368031933687795 6.97438474573613
0.036904440691983 6.97069856168375
0.0370054110000542 6.96624805027596
0.0371061065544042 6.96107514565082
0.0372065295858418 6.95522041246678
0.0373066822951506 6.94872303632158
0.0374065668536511 6.9416208194864
0.0375061854037507 6.93395018156515
0.0376055400594792 6.92574616469875
0.0377046329070126 6.91704244294331
0.0378034660051843 6.90787133544287
0.0379020413859839 6.89826382306714
0.0380003610550448 6.8882495681503
0.0380984269921206 6.87785693701635
0.0381962411515496 6.86711302498357
0.03829380546271 6.85604368351887
0.0383911218304632 6.84467354929528
0.0384881921355884 6.83302607485987
0.0385850182352062 6.82112356065646
0.0386816019631935 6.80898718818678
0.0387779451305885 6.79663705405024
0.0388740495259873 6.78409220469116
0.0389699169159308 6.77137067163316
0.039065549045284 6.75848950703475
0.0391609476376064 6.74546481940084
0.0392561143955145 6.73231180928951
0.0393510510010361 6.71904480488891
0.0394457591159577 6.70567729733268
0.0395402403821632 6.69222197564453
0.0396344964219667 6.678690761208
0.0397285288384369 6.66509484167386
0.0398223392157158 6.65144470423143
0.0399159291193296 6.63775016816643
0.0400093000964937 6.62402041664967
0.0401024536764113 6.61026402771679
0.0401953913705655 6.59648900437374
0.0402881146730052 6.58270280381777
0.0403806250606257 6.56891236573537
0.0404729239934432 6.55512413965444
0.0405650129148631 6.54134411134642
0.0406568932519442 6.52757782825329
0.0407485664156558 6.51383042395734
0.0408400338011314 6.50010664167161
0.0409312967879157 6.4864108567729
0.0410223567402078 6.47274709837962
0.0411132150070991 6.45911906997923
0.0412038729228062 6.44553016914186
0.0412943318068998 6.43198350630348
0.0413845929645287 6.41848192267262
0.0414746576866395 6.40502800725935
0.0415645272501922 6.39162411305454
0.0416542029183708 6.37827237239175
0.0417436859407915 6.36497471150594
0.041832977553705 6.35173286432015
0.041922078980196 6.33854838548944
0.0420109914303789 6.3254226627207
0.0420997161015895 6.31235692840805
0.0421882541785727 6.29935227059782
0.0422766068336677 6.28640964332264
0.0423647752269887 6.27352987632243
0.0424527605066028 6.26071368418462
0.0425405638087043 6.24796167493039
0.042628186257786 6.23527435806592
0.0427156289668071 6.22265215213844
0.0428028930373584 6.21009539180411
0.0428899795598239 6.19760433444656
0.04297688961354 6.18517916636385
0.0430636242669513 6.17282000854375
0.0431501845777642 6.16052692205907
0.0432365715930973 6.14829991308938
0.0433227863496288 6.13613893760977
0.0434088298737423 6.12404390574404
0.0434947031816688 6.11201468581701
0.0435804072796271 6.10005110812363
0.0436659431639612 6.08815296841746
0.0437513118212754 6.07632003115831
0.0438365142285672 6.0645520325101
0.0439215513533578 6.05284868312358
0.04400642415382 6.04120967070561
0.0440911335789044 6.02963466239777
0.0441756805684633 6.01812330696908
0.044260066053372 6.00667523683993
0.0443442909556486 5.99529006994707
0.0444283561885718 5.9839674114591
0.0445122626567958 5.97270685535647
0.0445960112564644 5.9615079858823
0.0446796028753226 5.95037037887313
0.0447630383928263 5.93929360298212
0.0448463186802502 5.92827722079319
0.0449294446007939 5.91732078984642
0.0450124170096867 5.906423863573
0.0450952367542897 5.89558599214783
0.0451779046741972 5.88480672326473
0.0452604216013357 5.87408560284619
0.0453427883600619 5.86342217568499
0.0454250057672585 5.85281598602971
0.0455070746324287 5.84226657810956
0.0455889957577895 5.8317734966162
0.0456707699383629 5.82133628713141
0.0457523979620662 5.81095449651926
0.0458338806098002 5.80062767327253
0.0459152186555366 5.79035536782744
0.0459964128664038 5.78013713284261
0.0460774640027712 5.7699725234483
0.0461583728183324 5.75986109746938
0.0462391400601868 5.74980241562173
0.0463197664689202 5.7397960416824
0.0464002527786842 5.72984154264468
0.0464805997172737 5.71993848884822
0.0465608080062042 5.71008645409488
0.0466408783607871 5.70028501574578
0.0467208114902044 5.69053375480729
0.0468006080975815 5.68083225599877
0.0468802688800598 5.67118010781375
0.0469597945288678 5.66157690256568
0.0470391857293906 5.65202223642509
0.0471184431612393 5.64251570945068
0.0471975674983187 5.63305692560674
0.047276559408894 5.62364549277862
0.0473554195556569 5.61428102277842
0.0474341485957904 5.60496313134619
0.0475127471810326 5.59569143814446
0.0475912159577397 5.58646556675041
0.047669555566948 5.57728514464183
0.0477477666444351 5.56814980317889
0.04782584982078 5.55905917758535
0.0479038057214223 5.55001290692454
0.0479816349667209 5.54101063407201
0.0480593381720116 5.53205200568869
0.0481369159476635 5.52313667219056
0.0482143688991354 5.51426428771522
0.0482916976270304 5.50543451008949
0.048368902727151 5.49664700079417
0.0484459847905518 5.48790142492856
0.0485229444035929 5.47919745117274
0.0485997821479918 5.47053475175086
0.0486764986008744 5.46191300239215
0.0487530943348261 5.45333188229296
0.0488295699179411 5.44479107407726
0.0489059259138721 5.43629026375741
0.0489821628818783 5.42782914069475
0.0490582813768735 5.41940739755979
0.0491342819494731 5.41102473029284
0.0492101651460407 5.40268083806435
0.0492859315087335 5.39437542323537
0.0493615815755481 5.38610819131823
0.0494371158803648 5.37787885093757
0.0495125349529912 5.36968711379143
0.0495878393192064 5.36153269461261
0.0496630295008027 5.35341531113031
0.0497381060156289 5.3453346840323
0.0498130693776308 5.33729053692722
0.0498879200968933 5.3292825963074
0.0499626586796801 5.32131059151198
