0 947.629071730107
0.00870388279778489 947.629071729965
0.0123091490979333 947.629070027554
0.0150755672288882 947.628968765909
0.0174077655955698 947.627258049963
0.0194624736040381 947.613044972666
0.021320071635561 947.539783584171
0.0230283093235919 947.274022882602
0.0246182981958665 946.539672555396
0.0261116483933547 944.906918779337
0.027524094128159 941.86417498808
0.0288675134594813 936.956359451372
0.0301511344577764 929.921107162481
0.0313822957230424 920.753593060787
0.0325669473639465 909.677181219453
0.0337099931231621 897.048959348656
0.0348155311911396 883.251262132571
0.0358870281282637 868.60930019694
0.0369274472937998 853.349623014604
0.0379393455319664 837.593217570372
0.0389249472080762 821.368160942707
0.0398862017608733 804.627641878002
0.0408248290463863 787.26417880086
0.0417423554968361 769.115580069604
0.0426401432711221 749.96068113825
0.0435194139889245 729.502830599596
0.0443812682299297 707.336394220097
0.0452267016866645 682.88493410585
0.0460566186471838 655.284348894309
0.0468718433280546 623.144176036996
0.0476731294622796 583.997325084839
0.048461168459756 532.779379422287
0.0492365963917331 456.165023336179
0.05 293
