0 913.039393608861
0.00151515151515152 913.039393608861
0.00303030303030303 913.039393608861
0.00454545454545455 913.039393608859
0.00606060606060606 913.039393608828
0.00757575757575758 913.03939360824
0.00909090909090909 913.03939359905
0.0106060606060606 913.039393478802
0.0121212121212121 913.039392160697
0.0136363636363636 913.039380042607
0.0151515151515152 913.039286478958
0.0166666666666667 913.038678850634
0.0181818181818182 913.035353653654
0.0196969696969697 913.019986620868
0.0212121212121212 912.959855923785
0.0227272727272727 912.759995029603
0.0242424242424242 912.19348738281
0.0257575757575758 910.817262202937
0.0272727272727273 907.933701558312
0.0287878787878788 902.679930371067
0.0303030303030303 894.267551697763
0.0318181818181818 882.26655752278
0.0333333333333333 866.747146399614
0.0348484848484849 848.171357687522
0.0363636363636364 827.10666788401
0.0378787878787879 803.939399473558
0.0393939393939394 778.709185702685
0.0409090909090909 751.050971715977
0.0424242424242424 720.138407485244
0.0439393939393939 684.483087272739
0.0454545454545455 641.334359719182
0.046969696969697 584.847524336576
0.0484848484848485 498.682543992951
0.05 293
