0.0013498731178901 -0
0.00325888198869313 3.03706329341561e-13
0.00424705769476009 1.71006482702575e-12
0.00503779505973726 7.77889575018578e-12
0.00571815428838204 2.99322291631318e-11
0.00632490840893239 9.65094525898806e-11
0.00687792892775911 2.73704830314803e-10
0.00738944631303463 7.06373035696231e-10
0.00786763709527635 1.68551676139132e-09
0.00831829295843598 3.76532195544876e-09
0.00874569625139433 7.96073602856392e-09
0.00915312029454276 1.60498377945917e-08
0.00954313438983731 3.10375934222351e-08
0.00991779946468425 5.78584034284188e-08
0.0102787988278425 1.04381105510849e-07
0.0106275285766418 1.82842507267374e-07
0.0109651619178031 3.11854684813763e-07
0.0112926960586518 5.19131029628381e-07
0.0116109871198942 8.45167712335201e-07
0.0119207766126888 1.34809039731345e-06
0.0122227118465211 2.10998844828772e-06
0.0125173618872311 3.24503876886012e-06
0.0128052301971635 4.90980160108015e-06
0.0130867647639108 7.31611478385538e-06
0.0133623663021116 1.07470441903445e-05
0.0136323949584464 1.55763841050658e-05
0.0138971758408671 2.22922599034859e-05
0.0141570036147283 3.15253921238519e-05
0.0144121463514158 4.4082602013332e-05
0.014662848772941 6.09861638944968e-05
0.0149093350045131 8.35195889425704e-05
0.0151518109233429 0.000113280417245451
0.0153904661738094 0.000152240548690609
0.0156254759051593 0.00020281462131656
0.0158570022770612 0.000267936836455276
0.0160851957698398 0.000351146580399464
0.0163101963294993 0.000456683054803518
0.0165321343723118 0.000589589029284944
0.0167511316694686 0.000755823667709796
0.0169673021288468 0.000962384219727367
0.0171807524881525 0.00121743621538367
0.0173915829314182 0.0015304515864566
0.0175998876389692 0.00191235393555229
0.0178057552794295 0.0023756700329981
0.0180092694510628 0.00293468629979749
0.0182105090786863 0.0036056089507527
0.0184095487715017 0.00440672616774238
0.0186064591464492 0.00535857054774081
0.0188013071210589 0.00648407985478027
0.0189941561792458 0.00780875394237494
0.0191850666130413 0.00936080559184293
0.0193740957428725 0.0111713028662184
0.019561298118672 0.0132743005313955
0.0197467257038172 0.0157069579890668
0.0199304280436593 0.0185096411998505
0.0201124524201898 0.0217260060524749
0.0202928439942151 0.0254030607156433
0.020471645936249 0.0295912045888373
0.0206488995471997 0.0343442416185306
0.0208246443698065 0.0397193659086492
0.0209989182916791 0.0457771177803885
0.0211717576406997 0.052581308654464
0.0213431972734692 0.0601989134781653
0.0215132706574065 0.0686999296354103
0.0216820099470501 0.0781572017200987
0.0218494460550542 0.0886462118298568
0.0220156087183227 0.100244835462181
0.0221805265596832 0.11303306347514
0.0223442271454629 0.127092690969077
0.0225067370392931 0.142506974329652
0.0226680818524422 0.159360258101296
0.0228282862909447 0.177737573701868
0.0229873741997746 0.197724212376201
0.023145368604284 0.219405275150631
0.0233022917491129 0.242865202816585
0.0234581651347555 0.268187289327367
0.0236130095519538 0.295453182187283
0.0237668451140733 0.324742373673276
0.0239196912876049 0.356131686868221
0.0240715669209225 0.389694760650697
0.0242224902714183 0.425501537838758
0.0243724790311241 0.463617760743065
0.0245215503509234 0.504104478382104
0.024669720863445 0.547017569527262
0.0248170067047272 0.592407285682962
0.0249634235347304 0.640317817945891
0.0251089865567738 0.690786891468703
0.0252537105359632 0.743845391088667
0.025397609816673 0.799517021367007
0.0255406983391427 0.857818003997639
0.0256829896552399 0.918756815240555
0.0258244969434423 0.982333965652122
0.0259652330230843 1.0485418240324
0.026105210367912 1.11736448711975
0.026244441118988 1.18877769614527
0.026382937096983 1.26274880098793
0.0265207098138889 1.33923677223705
0.0266577704841879 1.41819226105012
0.0267941300355071 1.49955770634492
0.0269297991187869 1.58326748843477
0.0270647881179911 1.66924812785568
0.0271991071593834 1.75741852777974
0.0273327661203928 1.84769025809256
0.0274657746380914 1.93996787888644
0.0275981421173041 2.03414930085147
0.0277298777383696 2.1301261797901
0.0278609904645717 2.2277843422898
0.0279914890492567 2.3270042393479
0.0281213820426537 2.42766142466088
0.028250677798413 2.52962705411031
0.0283793844798755 2.63276840292211
0.0285075100660881 2.73694939693026
0.0286350623575768 2.84203115433243
0.0287620489818885 2.94787253438017
0.0288884773989149 3.05433068940775
0.0290143549060062 3.16126161681128
0.0291396886428869 3.26852070751551
0.0292644855963817 3.37596328776333
0.0293887526049609 3.48344515108185
0.0295124963631135 3.59082307750406
0.0296357234255558 3.69795533729964
0.0297584402112834 3.80470217666332
0.0298806530074731 3.91092628303441
0.0300023679732423 4.01649322791988
0.0301235911432707 4.12127188535851
0.0302443284312924 4.22513482436548
0.0303645856334623 4.32795867396716
0.0304843684316034 4.4296244596362
0.0306036823963393 4.53001791023636
0.0307225329901174 4.62902973474243
0.0308409255701276 4.72655586830686
0.0309588653911198 4.82249768740067
0.0310763576081255 4.91676219403324
0.0311934072790877 5.00926216919226
0.031310019367401 5.09991629589597
0.0314261987443683 5.18864925238979
0.031541950191575 5.2753917762044
0.0316572784031858 5.36008069993719
0.0317721879881656 5.44265895976674
0.0318866834724293 5.52307557782833
0.032000769300922 5.60128561966809
0.0321144498396321 5.67725012813355
0.0322277293775417 5.75093603508204
0.0323406121285142 5.82231605241207
0.032453102233124 5.8913685439001
0.0325652037604283 5.95807737944996
0.0326769207096849 6.02243177330619
0.0327882570120169 6.08442610784536
0.0328992165320268 6.14405974453604
0.033009803069362 6.20133682365471
0.0331200203602332 6.25626605431814
0.0332298720788867 6.30886049636358
0.0333393618390344 6.35913733557726
0.0334484931952404 6.4071176537096
0.033557269644268 6.45282619466946
0.0336656946263866 6.49629112823611
0.0337737715266419 6.53754381255048
0.0338815036760884 6.57661855657121
0.0339888943529879 6.61355238365528
0.0340959467839733 6.6483847972765
0.0342026641451796 6.68115754986683
0.0343090495633441 6.71191441569523
0.0344151061168748 6.74070096857036
0.0345208368368898 6.7675643651188
0.0346262447082284 6.79255313430298
0.0347313326704344 6.81571697374908
0.0348361036187123 6.83710655340907
0.0349405604048582 6.85677332696535
0.0350447058381654 6.87476935137711
0.0351485426863063 6.89114711483342
0.0352520736761903 6.90595937335437
0.0353553014947997 6.91925899621605
0.0354582287900028 6.93109882030721
0.0355608581713474 6.94153151346788
0.0356631922108318 6.95060944682405
0.0357652334436574 6.95838457607126
0.0358669843689615 6.96490833162451
0.0359684474505315 6.97023151750689
0.0360696251175007 6.97440421883125
0.0361705197650272 6.97747571765301
0.0362711337549557 6.97949441700405
0.0363714694164617 6.98050777283781
0.0364715290466817 6.9805622336385
0.0365713149113262 6.97970318738295
0.0366708292452785 6.97797491557979
0.0367700742531789 6.97542055405096
0.0368690521099941 6.97208206014305
0.0369677649615741 6.96800018603205
0.0370662149251941 6.96321445779549
0.0371644040900854 6.95776315990089
0.0372623345179517 6.95168332478292
0.0373600082434751 6.94501072716994
0.0374574272748086 6.93777988282771
0.0375545935940586 6.93002405139755
0.0376515091577545 6.92177524299511
0.0377481758973095 6.91306422827922
0.0378445957194686 6.90392055165278
0.0379407705067484 6.89437254735008
0.0380367021178651 6.88444735806596
0.0381323923881543 6.87417095590798
0.0382278431299804 6.86356816538065
0.038323056133137 6.85266268816005
0.0384180331652387 6.84147712942327
0.038512775972104 6.83003302549976
0.0386072862781296 6.81835087265744
0.0387015657866565 6.80645015678345
0.0387956161803284 6.79434938383054
0.038889439121442 6.78206611078808
0.03898303625229 6.76961697707092
0.039076409195496 6.75701773615874
0.0391695595543433 6.74428328733424
0.0392624889130958 6.73142770741088
0.0393551988373123 6.71846428233875
0.0394476908741545 6.70540553856156
0.0395399665526882 6.69226327405196
0.039632027384178 6.679048588934
0.0397238748623762 6.66577191561431
0.0398155104638058 6.65244304835268
0.0399069356480373 6.6390711722292
0.0399981518579597 6.62566489143477
0.0400891605200467 6.61223225686638
0.0401799630446165 6.59878079296728
0.0402705608260872 6.58531752380262
0.0403609552432263 6.57184899833169
0.0404511476593957 6.55838131487104
0.0405411394227916 6.54492014472511
0.0406309318666797 6.53147075498064
0.0407205263096254 6.51803803046313
0.0408099240557202 6.50462649484785
0.0408991263948025 6.491240330936
0.0409881346026755 6.4778834000954
0.0410769499413194 6.46455926088683
0.0411655736591006 6.45127118686929
0.0412540069909763 6.43802218361212
0.0413422511586952 6.42481500493392
0.0414303073709947 6.41165216836132
0.0415181768237938 6.3985359698591
0.0416058607003825 6.38546849782506
0.0416933601716083 6.37245164638393
0.0417806763960579 6.35948712799977
0.0418678105202368 6.34657648543058
0.0419547636787444 6.33372110303863
0.0420415369944469 6.32092221749533
0.042128131578646 6.30818092789026
0.0422145485312454 6.29549820527337
0.0423007889409134 6.28287490165646
0.0423868538852431 6.27031175848561
0.0424727444309096 6.25780941462715
0.0425584616338242 6.2453684138647
0.0426440065392857 6.23298921195152
0.0427293801821292 6.22067218322531
0.0428145835868721 6.20841762681474
0.042899617767858 6.19622577245304
0.0429844837293968 6.18409678591956
0.0430691824659037 6.17203077413318
0.043153714962035 6.16002778991007
0.0432380821928217 6.14808783640716
0.0433222851238003 6.13621087126632
0.0434063247111424 6.12439681048066
0.0434902019017809 6.11264553199251
0.0435739176335348 6.10095687904456
0.043657472835231 6.08933066329323
0.0437408684268253 6.07776666770603
0.04382410531952 6.06626464924389
0.0439071844158803 6.05482434135608
0.0439901066099484 6.0434454562868
0.0440728727873558 6.03212768721766
0.0441554838254337 6.02087071024036
0.0442379405933213 6.00967418618829
0.0443202439520727 5.99853776232415
0.044402394754762 5.98746107389826
0.0444843938465857 5.97644374558269
0.0445662420649651 5.96548539279507
0.0446479402396455 5.95458562291339
0.0447294891927944 5.94374403639539
0.0448108897390982 5.93296022780468
0.044892142685857 5.92223378675008
0.0449732488330783 5.91156429875023
0.0450542089735685 5.90095134602276
0.0451350238930235 5.89039450820175
0.0452156943701177 5.87989336299978
0.0452962211765916 5.86944748680524
0.0453766050773377 5.85905645522929
0.0454568468304856 5.84871984360251
0.045536947187485 5.8384372274232
0.0456169068931881 5.82820818276737
0.0456967266859307 5.81803228665565
0.0457764072976108 5.80790911738657
0.045855949453768 5.79783825483608
0.0459353538736598 5.78781928072681
0.0460146212703379 5.7778517788665
0.0460937523507226 5.76793533536706
0.0461727478156767 5.7580695388338
0.0462516083600776 5.74825398053378
0.0463303346728888 5.73848825454891
0.0464089274372302 5.72877195790585
0.046487387330447 5.71910469069111
0.046565715024178 5.70948605615175
0.0466439111844227 5.69991566078125
0.0467219764716071 5.69039311439315
0.0467999115406492 5.68091803018456
0.0468777170410228 5.6714900247841
0.0469553936168206 5.66210871829869
0.0470329419068168 5.6527737343423
0.047110362544528 5.64348470006655
0.0471876561582736 5.63424124617556
0.0472648233712355 5.62504300694091
0.0473418648015167 5.6158896202053
0.0474187810621988 5.60678072738713
0.0474955727613992 5.59771597347499
0.0475722405023272 5.58869500702051
0.047648784883339 5.57971748012903
0.0477252064979926 5.57078304844157
0.047801505935101 5.56189137112038
0.0478776837787856 5.55304211082718
0.047953740608528 5.54423493370118
0.0480296769992219 5.53546950933464
0.0481054935212231 5.52674551074592
0.0481811907404002 5.51806261435178
0.0482567692181834 5.5094204999388
0.0483322295116134 5.50081885063148
0.0484075721733889 5.49225735286159
0.0484827977519142 5.4837356963356
0.0485579067913457 5.47525357400208
0.0486328998316377 5.46681068201665
0.0487077774085878 5.45840671970928
0.0487825400538814 5.45004138954889
0.048857188295136 5.44171439710905
0.0489317226559444 5.43342545103227
0.0490061436559178 5.42517426299577
0.0490804518107279 5.41696054767549
0.0491546476321484 5.40878402271109
0.0492287316280964 5.40064440867113
0.0493027043026733 5.3925414290176
0.0493765661562037 5.38447481007146
0.0494503176852763 5.37644428097738
0.0495239593827817 5.36844957366988
0.0495974917379514 5.36049042283853
0.0496709152363957 5.35256656589431
0.049744230360141 5.34467774293571
0.0498174375876665 5.33682369671552
0.0498905373939412 5.32900417260762
0.0499635302504593 5.32121891857433
