6.96378830083565e-05 -0
0.00020891364902507 -0
0.000348189415041783 -8.16232306133214e-13
0.000487465181058496 -0
0.000626740947075209 8.16144523427319e-13
0.000766016713091922 8.16081821494536e-13
0.000905292479108635 1.6320131583504e-12
0.00104456824512535 1.6318375929386e-12
0.00118384401114206 8.1581847337685e-13
0.00132311977715877 -1.63141121979568e-12
0.00146239554317549 -1.63116041206455e-12
0.0016016713091922 -8.15442261780155e-13
0.00174094707520891 -8.15291777141478e-13
0.00188022284122563 -8.15128752116244e-13
0.00201949860724234 -0
0.00215877437325905 -0
0.00229805013927577 -8.14564434721203e-13
0.00243732590529248 -3.25740499259897e-12
0.00257660167130919 -4.07062760595863e-12
0.00271587743732591 -2.44166176154146e-12
0.00285515320334262 -8.13636446116023e-13
0.00299442896935933 -8.13373097998337e-13
0.00313370473537604 -0
0.00327298050139276 -8.12808780603296e-13
0.00341225626740947 -1.62501562265188e-12
0.00355153203342618 -0
0.0036908077994429 -0
0.00383008356545961 8.11529661174535e-13
0.00396935933147632 8.11178530350953e-13
0.00410863509749304 -0
0.00424791086350975 -0
0.00438718662952646 -0
0.00452646239554318 8.09648603191063e-13
0.00466573816155989 1.6184695408694e-12
0.0048050139275766 1.61761679458356e-12
0.00494428969359331 3.23347793504921e-12
0.00508356545961003 4.84750817907761e-12
0.00522284122562674 8.88199439098047e-12
0.00536211699164345 1.2104662512818e-11
0.00550139275766017 1.61297685155766e-11
0.00564066852367688 2.2567630688864e-11
0.00577994428969359 2.81915429063714e-11
0.00591922005571031 3.86374059951544e-11
0.00605849582172702 4.90688100182377e-11
0.00619777158774373 6.83276702911674e-11
0.00633704735376045 8.75586783655546e-11
0.00647632311977716 1.15590782797248e-10
0.00661559888579387 1.50799381796348e-10
0.00675487465181059 1.9797604087751e-10
0.0068941504178273 2.58693269064865e-10
0.00703342618384401 3.36918273396452e-10
0.00717270194986072 4.38203473346005e-10
0.00731197771587744 5.70478342077295e-10
0.00745125348189415 7.40845260473157e-10
0.00759052924791086 9.5956988626759e-10
0.00772980501392758 1.24006623098562e-09
0.00786908077994429 1.60047349540097e-09
0.008008356545961 2.06045033093591e-09
0.00814763231197772 2.64990762853309e-09
0.00828690807799443 3.40101655674554e-09
0.00842618384401114 4.35850568330053e-09
0.00856545961002786 5.57800952434203e-09
0.00870473537604457 7.12679874968507e-09
0.00884401114206128 9.09083092238679e-09
0.00898328690807799 1.15778041475382e-08
0.00912256267409471 1.47249228683028e-08
0.00926183844011142 1.86939920449396e-08
0.00940111420612813 2.36988302532144e-08
0.00954038997214485 2.99986631289461e-08
0.00967966573816156 3.7915911274934e-08
0.00981894150417827 4.78467799658995e-08
0.00995821727019499 6.02803850215982e-08
0.0100974930362117 7.58310415200242e-08
0.0102367688022284 9.52523038950087e-08
0.0103760445682451 1.19463373107495e-07
0.0105153203342618 1.49601029554777e-07
0.0106545961002786 1.87053985619763e-07
0.0107938718662953 2.33527283936591e-07
0.010933147632312 2.9110535690354e-07
0.0110724233983287 3.62329264839857e-07
0.0112116991643454 4.50294162347799e-07
0.0113509749303621 5.5876522452809e-07
0.0114902506963788 6.92312592453431e-07
0.0116295264623955 8.56475923404671e-07
0.0117688022284123 1.05796283225736e-06
0.011908077994429 1.30487157737167e-06
0.0120473537604457 1.60696766889109e-06
0.0121866295264624 1.97601376267573e-06
0.0123259052924791 2.4261399028717e-06
0.0124651810584958 2.97430717327804e-06
0.0126044568245125 3.64082155098724e-06
0.0127437325905292 4.44997588989235e-06
0.012883008356546 5.43076123896001e-06
0.0130222841225627 6.61773020782253e-06
0.0131615598885794 8.05198682071262e-06
0.0133008356545961 9.78234659828354e-06
0.0134401114206128 1.18666895033341e-05
0.0135793871866295 1.43735158747559e-05
0.0137186629526462 1.73837628038754e-05
0.013857938718663 2.09928930138171e-05
0.0139972144846797 2.53133116328508e-05
0.0141364902506964 3.047713675164e-05
0.0142757660167131 3.66394023481322e-05
0.0144150417827298 4.39816996626046e-05
0.0145543175487465 5.27163674014863e-05
0.0146935933147632 6.30912661151295e-05
0.0148328690807799 7.53952069550848e-05
0.0149721448467967 8.99641348077712e-05
0.0151114206128134 0.00010718813118104
0.0152506963788301 0.000127519345888455
0.0153899721448468 0.000151480939166928
0.0155292479108635 0.000179677175188777
0.0156685236768802 0.00021280475192385
0.0158077994428969 0.000251665510390152
0.0159470752089136 0.000297180655759894
0.0160863509749304 0.000350406636421635
0.0162256267409471 0.000412552827904577
0.0163649025069638 0.000485001165541432
0.0165041782729805 0.000569327924850963
0.0166434540389972 0.000667327786977256
0.0167827298050139 0.000781040386900775
0.0169220055710306 0.000912779503486096
0.0170612813370474 0.00106516510759004
0.0172005571030641 0.00124115841489664
0.0173398328690808 0.00144410014676962
0.0174791086350975 0.00167775216441706
0.0176183844011142 0.00194634266855682
0.0177576601671309 0.00225461510570794
0.0178969359331476 0.00260788092891452
0.0180362116991643 0.00301207635702902
0.0181754874651811 0.00347382325647613
0.0183147632311978 0.00400049419058957
0.0184540389972145 0.00460028174116237
0.0185933147632312 0.00528227208808607
0.0187325905292479 0.00605652285069696
0.0188718662952646 0.00693414512469392
0.0190111420612813 0.00792738960384895
0.0191504178272981 0.00904973659496632
0.0192896935933148 0.0103159897383207
0.0194289693593315 0.011742373089802
0.0195682451253482 0.0133466312250636
0.0197075208913649 0.0151481319002035
0.0198467966573816 0.017167970733242
0.0199860724233983 0.0194290773112185
0.020125348189415 0.0219563219769628
0.0202646239554318 0.0247766225190184
0.0204038997214485 0.0279190498521231
0.0205431754874652 0.0314149316822594
0.0206824512534819 0.0352979530941601
0.0208217270194986 0.0396042528337732
0.0209610027855153 0.0443725140190173
0.021100278551532 0.049644047912706
0.0212395543175487 0.0554628693037303
0.0213788300835655 0.0618757619612307
0.0215181058495822 0.0689323325654469
0.0216573816155989 0.0766850514905644
0.0217966573816156 0.0851892787275476
0.0219359331476323 0.094503273245815
0.022075208913649 0.104688184080556
0.0222144846796657 0.115808021422392
0.0223537604456824 0.127929606031336
0.0224930362116992 0.141122495370853
0.0226323119777159 0.155458884894912
0.0227715877437326 0.171013483042516
0.0229108635097493 0.187863358628413
0.023050139275766 0.206087759474029
0.0231894150417827 0.225767901269814
0.0233286908077994 0.246986725915924
0.0234679665738162 0.269828628796756
0.0236072423398329 0.294379154676645
0.0237465181058496 0.320724662251505
0.0238857938718663 0.348951957636314
0.024025069637883 0.379147897420536
0.0241643454038997 0.411398962268173
0.0243036211699164 0.445790802359187
0.0244428969359331 0.482407756418123
0.0245821727019499 0.521332346339293
0.0247214484679666 0.562644749896751
0.0248607242339833 0.606422254325762
0.025 0.65273869398286
0.0251392757660167 0.70166387559757
0.0252785515320334 0.753262995026208
0.0254178272980501 0.807596049641403
0.0255571030640669 0.864717250914612
0.0256963788300836 0.924674441824853
0.0258356545961003 0.987508524086888
0.025974930362117 1.0532529003059
0.0261142061281337 1.12193293625854
0.0262534818941504 1.19356544860597
0.0263927576601671 1.26815822335596
0.0265320334261838 1.3457095703364
0.0266713091922006 1.42620791880142
0.0268105849582173 1.50963145921036
0.026949860724234 1.59594783588211
0.0270891364902507 1.68511389503273
0.0272284122562674 1.77707549226092
0.0273676880222841 1.87176736320761
0.0275069637883008 1.96911306058637
0.0276462395543175 2.06902496032804
0.0277855153203343 2.17140433891484
0.027924791086351 2.27614152349462
0.0280640668523677 2.38311611561383
0.0282033426183844 2.49219728878464
0.0283426183844011 2.60324415943074
0.0284818941504178 2.71610622997302
0.0286211699164345 2.83062390222253
0.0287604456824513 2.94662905843207
0.028899721448468 3.06394570675374
0.0290389972144847 3.18239068713135
0.0291782729805014 3.30177443306887
0.0293175487465181 3.42190178407295
0.0294568245125348 3.54257284307997
0.0295961002785515 3.6635838726408
0.0297353760445682 3.78472822323422
0.029874651810585 3.90579728673055
0.0300139275766017 4.02658146772869
0.0301532033426184 4.14687116527363
0.0302924791086351 4.26645775737043
0.0304317548746518 4.38513458063611
0.0305710306406685 4.50269789748068
0.0307103064066852 4.61894784332665
0.030849582172702 4.73368934659951
0.0309888579387187 4.84673301446387
0.0311281337047354 4.95789597768412
0.0312674094707521 5.06700268835913
0.0314066852367688 5.17388566482393
0.0315459610027855 5.27838617852999
0.0316852367688022 5.38035487828664
0.0318245125348189 5.47965234795817
0.0319637883008357 5.57614959429512
0.0321030640668524 5.66972846235068
0.0322423398328691 5.76028197658549
0.0323816155988858 5.84771460653764
0.0325208913649025 5.93194245659546
0.0326601671309192 6.01289338018758
0.0327994428969359 6.09050701930228
0.0329387186629526 6.16473477100319
0.0330779944289694 6.23553968316306
0.0332172701949861 6.3028962822552
0.0333565459610028 6.36679033656033
0.0334958217270195 6.42721855867097
0.0336350974930362 6.48418825153137
0.0337743732590529 6.53771690270587
0.0339136490250696 6.58783173179781
0.0340529247910864 6.63456919622713
0.0341922005571031 6.67797446074944
0.0343314763231198 6.71810083619319
0.0344707520891365 6.75500919295074
0.0346100278551532 6.78876735476222
0.0347493036211699 6.81944947824448
0.0348885793871866 6.84713542350257
0.0350278551532033 6.87191012098889
0.0351671309192201 6.89386293955333
0.0353064066852368 6.91308706036717
0.0354456824512535 6.92967886111428
0.0355849582172702 6.9437373144934
0.0357242339832869 6.95536340476005
0.0358635097493036 6.96465956563148
0.0360027855153203 6.97172914250938
0.036142061281337 6.97667588157933
0.0362813370473538 6.97960344795071
0.0364206128133705 6.9806149746065
0.0365598885793872 6.97981264353517
0.0366991643454039 6.97729730005226
0.0368384401114206 6.97316810094873
0.0369777158774373 6.96752219676507
0.037116991643454 6.96045444814614
0.0372562674094708 6.95205717595696
0.0373955431754875 6.94241994455068
0.0375348189415042 6.93162937732225
0.0376740947075209 6.91976900347027
0.0378133704735376 6.90691913469537
0.0379526462395543 6.89315677038961
0.038091922005571 6.87855552974358
0.0382311977715877 6.86318560907919
0.0383704735376045 6.84711376262979
0.0385097493036212 6.83040330494777
0.0386490250696379 6.8131141330636
0.0387883008356546 6.79530276652063
0.0389275766016713 6.777022403412
0.039066852367688 6.75832299058396
0.0392061281337047 6.73925130618816
0.0393454038997215 6.71985105285336
0.0394846796657382 6.70016295979101
0.0396239554317549 6.68022489225553
0.0397632311977716 6.66007196683672
0.0399025069637883 6.63973667118957
0.040041782729805 6.61924898689196
0.0401810584958217 6.59863651422134
0.0403203342618384 6.57792459775903
0.0404596100278552 6.55713645182984
0.0405988857938719 6.53629328488304
0.0407381615598886 6.51541442204848
0.0408774373259053 6.49451742516732
0.041016713091922 6.47361820972107
0.0411559888579387 6.45273115816281
0.0412952646239554 6.43186922923637
0.0414345403899721 6.41104406296292
0.0415738161559889 6.39026608103464
0.0417130919220056 6.3695445824375
0.0418523676880223 6.34888783418082
0.041991643454039 6.32830315706162
0.0421309192200557 6.30779700646059
0.0422701949860724 6.28737504818972
0.0424094707520891 6.26704222946649
0.0425487465181058 6.24680284511232
0.0426880222841226 6.2266605991162
0.0428272980501393 6.20661866169324
0.042966573816156 6.18667972204283
0.0431058495821727 6.16684603696277
0.0432451253481894 6.14711947553956
0.0433844011142061 6.12750156010628
0.0435236768802228 6.1079935036829
0.0436629526462396 6.08859624411051
0.0438022284122563 6.06931047508955
0.043941504178273 6.0501366743286
0.0440807799442897 6.0310751290102
0.0442200557103064 6.01212595876762
0.0443593314763231 5.99328913636999
0.0444986072423398 5.97456450629127
0.0446378830083565 5.95595180134365
0.0447771587743733 5.93745065753738
0.04491643454039 5.91906062732738
0.0450557103064067 5.90078119138971
0.0451949860724234 5.88261176906456
0.0453342618384401 5.86455172759875
0.0454735376044568 5.84660039030171
0.0456128133704735 5.82875704372533
0.0457520891364903 5.81102094396945
0.045891364902507 5.79339132220444
0.0460306406685237 5.77586738949597
0.0461699164345404 5.75844834100825
0.0463091922005571 5.74113335965656
0.0464484679665738 5.723921619271
0.0465877437325905 5.70681228732948
0.0467270194986072 5.68980452731059
0.046866295264624 5.67289750071266
0.0470055710306407 5.65609036878092
0.0471448467966574 5.63938229397687
0.0472841225626741 5.62277244122628
0.0474233983286908 5.60625997897098
0.0475626740947075 5.58984408005406
0.0477019498607242 5.57352392245607
0.047841225626741 5.55729868990708
0.0479805013927577 5.54116757238917
0.0481197771587744 5.52512976654517
0.0482590529247911 5.50918447600705
0.0483983286908078 5.49333091165605
0.0485376044568245 5.47756829182462
0.0486768802228412 5.46189584244763
0.0488161559888579 5.44631279717233
0.0489554317548747 5.43081839743213
0.0490947075208914 5.41541189249106
0.0492339832869081 5.40009253946236
0.0493732590529248 5.38485960330648
0.0495125348189415 5.36971235681154
0.0496518105849582 5.35465008055935
0.0497910863509749 5.33967206287962
0.0499303621169916 5.32477759979425
