0 916.803698669213
0.00142857142857143 916.803698669213
0.00285714285714286 916.803698669213
0.00428571428571429 916.803698669212
0.00571428571428571 916.803698669196
0.00714285714285714 916.803698668941
0.00857142857142857 916.803698665363
0.01 916.803698622441
0.0114285714285714 916.803698182615
0.0128571428571429 916.803694329408
0.0142857142857143 916.803665438627
0.0157142857142857 916.803479829313
0.0171428571428571 916.802456699844
0.0185714285714286 916.797610076238
0.02 916.777843075745
0.0214285714285714 916.708274713974
0.0228571428571429 916.496420434471
0.0242857142857143 915.936309736387
0.0257142857142857 914.64527581171
0.0271428571428571 912.037182196667
0.0285714285714286 907.388162932112
0.03 900.012248610103
0.0314285714285714 889.480502875561
0.0328571428571429 875.757119204861
0.0342857142857143 859.160650311665
0.0357142857142857 840.171987872006
0.0371428571428571 819.202445524034
0.0385714285714286 796.429000380265
0.04 771.723164962259
0.0414285714285714 744.62281246013
0.0428571428571429 714.261690378759
0.0442857142857143 679.145595673809
0.0457142857142857 636.540445512318
0.0471428571428571 580.653949476948
0.0485714285714286 495.352345641092
0.05 293
