0 975.71327734225
0.00267261241912424 975.71327734225
0.00377964473009227 975.71327734225
0.00462910049886276 975.713277342248
0.00534522483824849 975.713277342243
0.00597614304667197 975.713277342226
0.00654653670707977 975.713277342177
0.00707106781186548 975.713277342048
0.00755928946018454 975.713277341741
0.00801783725737273 975.713277341056
0.00845154254728517 975.713277339612
0.00886405260427918 975.713277336711
0.00925820099772551 975.713277331133
0.00963624111659432 975.713277320793
0.01 975.713277302256
0.0103509833901353 975.713277269992
0.010690449676497 975.71327721532
0.0110194633003868 975.713277124903
0.0113389341902768 975.713276978652
0.0116496474502144 975.713276746862
0.0119522860933439 975.713276386342
0.0122474487139159 975.713275835274
0.0125356634105602 975.713275006462
0.0128173988892331 975.713273778584
0.0130930734141595 975.713271984985
0.0133630620956212 975.713269399476
0.0136277028773849 975.713265718533
0.0138873014965883 975.713260539201
0.014142135623731 975.713253331916
0.0143924583425785 975.713243407406
0.014638501094228 975.713229876694
0.0148804761828569 975.713211603189
0.0151185789203691 975.713187145755
0.0153529894715748 975.713154691568
0.0155838744494796 975.713111977526
0.0158113883008419 975.71305619891
0.0160356745147455 975.712983903974
0.0162568666810586 975.712890873106
0.0164750894209583 975.712771981215
0.0166904592079256 975.712621042015
0.0169030850945703 975.712430632918
0.0171130693581585 975.712191899327
0.0173205080756888 975.71189433721
0.0175254916376933 975.711525552968
0.0177281052085584 975.711070999745
0.0179284291400159 975.710513689547
0.0181265393434993 975.709833880696
0.0183225076262581 975.70900874044
0.018516401995451 975.708011982744
0.0187082869338697 975.706813481625
0.0188982236504614 975.705378860675
0.0190862703084106 975.703669059732
0.0192724822331886 975.701639880042
0.0194569121026803 975.699241509553
0.0196396101212393 975.69641803038
0.0198206241793023 975.693106910813
0.02 975.689238484615
0.0201777812740365 975.68473542068
0.0203540097839643 975.679512186477
0.020528725518857 975.673474508994
0.0207019667802706 975.666518837211
0.0208737702802892 975.658531810365
0.0210441712323661 975.649389736513
0.0212132034355964 975.638958086079
0.021380899352994 975.627091005215
0.0215472901842834 975.613630853903
0.0217124059336724 975.598407773793
0.0218762754730194 975.581239290741
0.0220389266007736 975.561929956993
0.0222003860970287 975.540271037825
0.0223606797749979 975.516040247316
0.0225198325291921 975.489001537702
0.0226778683805536 975.458904946504
0.0228348105187797 975.425486505298
0.0229906813420444 975.388468213663
0.0231455024943138 975.347558081387
0.0232992949004287 975.302450241633
0.0234520787991171 975.25282513721
0.0236038737740833 975.198349781656
0.0237546987833084 975.138678096238
0.0239045721866879 975.073451323453
0.0240535117721182 975.002298517028
0.0242015347801392 974.924837107823
0.0243486579272276 974.840673544478
0.0244948974278318 974.749404007031
0.0246402690152291 974.65061519119
0.0247847879612821 974.543885160357
0.0249284690951645 974.428784261985
0.0250713268211204 974.304876104307
0.0252133751353183 974.171718589037
0.0253546276418555 974.028864995145
0.0254950975679639 973.875865108446
0.0256347977784662 973.712266391347
0.0257737407895267 973.537615186802
0.0259119387817386 973.351457950232
0.0260494036125864 973.15334250299
0.0261861468283191 972.942819300729
0.026322179675269 972.719442709983
0.0264575131106459 972.482772286157
0.0265921578128376 972.232374046166
0.0267261241912424 971.967821728979
0.0268594223956617 971.688698037437
0.0269920623252731 971.394595854869
0.0271240536372108 971.085119430214
0.0272554057547699 970.759885525618
0.0273861278752583 970.418524520734
0.0275162289775117 970.060681468302
0.0276457178290909 969.686017095917
0.0277746029931765 969.294208749305
0.027902892835178 968.884951272823
0.0280305955290694 968.457957823335
0.0281577190634672 968.012960614097
0.0282842712474619 967.549711585711
0.0284102597162162 967.067983001732
0.0285356919363403 966.56756796696
0.0286605752110555 966.048280866961
0.028784916685157 965.50995772782
0.0289087233497829 964.95245649565
0.0290320020470023 964.375657235786
0.0291547594742265 963.779462252109
0.029277002188456 963.163796127351
0.0293987366103667 962.528605685651
0.0295199690282455 961.873859879051
0.0296407056017806 961.199549599971
0.0297609523657138 960.505687422084
0.0298807152333598 959.792307272278
0.03 959.059464036765
0.0301188123461543 958.307233104571
0.0302371578407382 957.535709851956
0.0303550419441083 956.74500907145
0.0304724700110022 955.935264349409
0.0305894472933769 955.106627396103
0.0307059789431495 954.259267332479
0.0308220700148449 953.393369937813
0.0309377254681539 952.509136862506
0.0310529501704059 951.606784810327
0.0311677488989592 950.686544694376
0.0312821263435117 949.748660771027
0.031396087108337 948.793389756033
0.0315096357144468 947.820999926943
0.0316227766016838 946.831770215828
0.0317355141307472 945.825989296233
0.0318478525851542 944.803954668133
0.0319597961731387 943.765971744501
0.0320713490294909 942.712352942954
0.0321825152173395 941.643416785753
0.032293298729878 940.559487011261
0.0324037034920393 939.460891699741
0.0325137333621173 938.34796241621
0.0326233921333407 937.221033372835
0.0327326835353989 936.080440613145
0.0328416112359219 934.926521220143
0.0329501788419166 933.759612550167
0.0330583899011604 932.580051494157
0.033166247903554 931.388173767758
0.0332737562824346 930.184313231499
0.0333809184158512 928.968801242085
0.033487737627803 927.741966035634
0.0335942171894424 926.50413214352
0.0337003603202441 925.255619841276
0.0338061701891407 923.996744630879
0.0339116499156263 922.727816756517
0.0340168025708305 921.449140753842
0.0341216311785605 920.161015032522
0.034226138716317 918.863731491782
0.0343303281162798 917.557575168516
0.0344342022662684 916.242823917392
0.034537764010676 914.919748122311
0.0346410161513775 913.588610438453
0.0347439614486152 912.249665564055
0.0348466026218585 910.903160041021
0.034948942350643 909.549332083344
0.0350509832753866 908.188411432308
0.0351527279981837 906.820619237357
0.0352541790835802 905.44616796149
0.0353553390593274 904.065261310008
0.0354562104171167 902.678094181402
0.0355567956132961 901.284852639162
0.0356570970695677 899.88571390328
0.0357571171736681 898.4808463602
0.0358568582800318 897.070409589987
0.0359563227104378 895.654554409472
0.0360555127546399 894.233422930175
0.0361544306709822 892.807148629785
0.0362530786869986 891.375856436032
0.0363514589999985 889.939662821788
0.0364495737776374 888.498675910277
0.0365474251584744 887.052995589294
0.0366450152525162 885.602713633376
0.0367423461417477 884.147913832901
0.0368394198806504 882.688672129126
0.0369362384967083 881.225056754219
0.0370328039909021 879.75712837538
0.0371291183381915 878.284940242182
0.0372251834879868 876.808538336319
0.0373210013646089 875.327961522967
0.0374165738677394 873.843241703033
0.0375119028728597 872.354403965587
0.0376069902316805 870.861466739832
0.0377018377725619 869.364441945981
0.0377964473009227 867.863335144495
0.0378908205996424 866.358145683117
0.0379849594294524 864.848866841229
0.0380788655293195 863.335485971066
0.0381725406168211 861.817984635351
0.0382659863885111 860.296338740979
0.0383592045202787 858.770518668378
0.0384521966676993 857.240489396233
0.0385449644663773 855.706210621255
0.0386375095322815 854.167636872748
0.0387298334620742 852.62471762171
0.038821937833432 851.077397384262
0.0389138242053607 849.525615819193
0.039005494118503 847.96930781945
0.03909694909544 846.408403597421
0.0391881906409863 844.842828763853
0.0392792202424786 843.272504400292
0.0393700393700591 841.69734712492
0.0394606494769518 840.117269151705
0.0395510519997347 838.532178342755
0.0396412483586046 836.941978253804
0.0397312399576382 835.346568172753
0.0398210281850467 833.7458431512
0.0399106144134257 832.139694028891
0.04 830.528007451021
0.0400891862868637 828.910665878348
0.0401781746012149 827.287547590028
0.0402669662555869 825.65852667913
0.040355562548073 824.023473040757
0.0404439647625488 822.382252352698
0.0405321741688889 820.734726048543
0.0406201920231798 819.080751283168
0.0407080195679286 817.420180890507
0.0407956580322675 815.752863333496
0.0408831086321548 814.07864264609
0.0409703725705714 812.397358367219
0.041057451037714 810.70884546654
0.0411443452111848 809.012934261837
0.0412310562561766 807.309450327896
0.0413175853256559 805.598214396654
0.0414039335605413 803.879042248434
0.0414901020898789 802.151744594006
0.041576092031015 800.416126947249
0.0416619044897648 798.671989488109
0.0417475405605785 796.91912691557
0.0418330013267038 795.157328290281
0.0419182878603463 793.386376866502
0.0420034012228262 791.60604991294
0.0420883424647321 789.81611852207
0.0421731126260729 788.016347407453
0.0422577127364258 786.206494688552
0.0423421438150827 784.386311662479
0.0424264068711929 782.555542562089
0.0425105029039043 780.713924299752
0.0425944329025016 778.861186196115
0.0426781978465419 776.997049693083
0.0427617987059879 775.121228050193
0.0428452364413395 773.233426023502
0.0429285120037621 771.333339526003
0.0430116263352131 769.420655268545
0.0430945803685667 767.495050380132
0.0431773750277355 765.55619200636
0.0432600112277906 763.603736884696
0.0433424898750802 761.637330895171
0.0434248118673448 759.656608584923
0.0435069780938316 757.661192664954
0.0435889894354067 755.650693477261
0.0436708467646651 753.624708430397
0.0437525509460387 751.582821401341
0.0438341028359036 749.52460210136
0.043915503282684 747.44960540337
0.0439967531269557 745.35737062808
0.0440778532015472 743.247420785966
0.0441588043316392 741.119261771853
0.0442396073348629 738.972381508624
0.0443202630213959 736.806249036232
0.0444007721940573 734.620313541863
0.0444811356484008 732.414003326718
0.0445613541728064 730.18672470444
0.0446414285485707 727.93786082578
0.0447213595499958 725.666770423545
0.0448011479444763 723.372786471331
0.0448807944925857 721.055214748876
0.0449602999481606 718.713332306192
0.0450396650583841 716.346385817819
0.0451188905638679 713.953589817697
0.0451979771987325 711.534124804134
0.0452769256906871 709.08713520328
0.0453557367611073 706.611727178267
0.0454344111251122 704.106966269795
0.04551294949164 701.571874852402
0.0455913525635227 699.005429388876
0.0456696210375594 696.406557463312
0.0457477556045883 693.774134571065
0.0458257569495584 691.106980641324
0.0459036257515989 688.403856265134
0.0459813626840888 685.663458598439
0.0460589684147243 682.884416905953
0.0461364436055861 680.065287707436
0.0462137889132052 677.20454948301
0.0462910049886276 674.300596888586
0.0463680924774785 671.351734425965
0.0464450520200253 668.356169504761
0.0465218842512394 665.312004824643
0.0465985898008574 662.217229996387
0.0466751692934416 659.069712308633
0.0467516233484388 655.867186533616
0.0468279525802393 652.607243649289
0.0469041575982343 649.287318336633
0.0469802390068724 645.904675088946
0.047056197405716 642.456392744012
0.0471320333894961 638.939347219268
0.0472077475481666 635.350192193465
0.0472833404669582 631.685337434586
0.0473588127264308 627.940924421256
0.0474341649025257 624.112798841663
0.0475093975666168 620.196479477401
0.0475845112855613 616.187122886588
0.0476595066217494 612.079483186819
0.0477343841331532 607.867866098789
0.0478091443733757 603.5460762388
0.0478837878916982 599.107356434022
0.0479583152331272 594.544317566412
0.0480327269384412 589.848857114238
0.0481070235442364 585.012064133394
0.0481812055829716 580.024107876386
0.048255273583013 574.87410654722
0.0483292280686779 569.549971783722
0.0484030695602783 564.038223273616
0.0484767985741633 558.323766346593
0.0485504156227612 552.389623300057
0.0486239212146215 546.216606407718
0.0486973158544552 539.782916731948
0.0487706000431759 533.063647576819
0.0488437742779393 526.030164024731
0.0489168390521827 518.64931949819
0.0489897948556636 510.882455128783
0.0490626421744983 502.684105436967
0.0491353814911995 494.000300433224
0.0492080132847138 484.766303090622
0.0492805380304581 474.903540817649
0.0493529562003563 464.31535994541
0.0494252682628748 452.881016473623
0.0494974746830583 440.446944132214
0.0495695759225642 426.813671931566
0.0496415724396973 411.715502265481
0.0497134646894438 394.787543989159
0.0497852531235046 375.509316615587
0.049856938190329 353.101634671285
0.0499285203351466 326.321103984633
0.05 293
