7.12250712250712e-05 -0
0.000213675213675214 1.59613434264499e-12
0.000356125356125356 -0
0.000498575498575499 -0
0.000641025641025641 -0
0.000783475783475784 -0
0.000925925925925926 7.97810647175841e-13
0.00106837606837607 7.97720863724512e-13
0.00121082621082621 3.19047301626341e-12
0.00135327635327635 3.98751409099928e-12
0.0014957264957265 2.39212366837959e-12
0.00163817663817664 -0
0.00178062678062678 -7.97079553357879e-13
0.00192307692307692 -7.96912812662552e-13
0.00206552706552707 -1.59346649151979e-12
0.00220797720797721 -1.59308170529981e-12
0.00235042735042735 -2.38900689999775e-12
0.00249287749287749 -1.59223517561585e-12
0.00263532763532764 -1.59177343215187e-12
0.00277777777777778 -1.59128603627323e-12
0.00292022792022792 -2.38615948196988e-12
0.00306267806267806 -2.38535143090792e-12
0.00320512820512821 -7.94834967074658e-13
0.00334757834757835 -7.94539964306001e-13
0.00349002849002849 -0
0.00363247863247863 7.93911480146702e-13
0.00377492877492878 1.5871559975121e-12
0.00391737891737892 3.17292676463228e-12
0.00405982905982906 2.37861767205827e-12
0.0042022792022792 3.1700023893604e-12
0.00434472934472934 5.5448106778409e-12
0.00448717948717949 7.12546378823525e-12
0.00462962962962963 7.91307760058164e-12
0.00477207977207977 8.69972944737809e-12
0.00491452991452991 1.10662776583362e-11
0.00505698005698006 1.42199907643842e-11
0.0051994301994302 1.5790754868925e-11
0.00534188034188034 1.65703266492739e-11
0.00548433048433048 2.12915460032001e-11
0.00562678062678063 2.60064933417407e-11
0.00576923076923077 3.15025003006807e-11
0.00591168091168091 4.24999781828844e-11
0.00605413105413105 5.42683573292799e-11
0.0061965811965812 6.99492300799857e-11
0.00633903133903134 9.11043180633738e-11
0.00648148148148148 1.18505535814014e-10
0.00662393162393162 1.56842973480636e-10
0.00676638176638177 2.06873577413857e-10
0.00690883190883191 2.69350753931064e-10
0.00705128205128205 3.53630287883369e-10
0.00719373219373219 4.62782137242937e-10
0.00733618233618234 6.03769001226963e-10
0.00747863247863248 7.85087916728326e-10
0.00762108262108262 1.02066093454129e-09
0.00776353276353276 1.32513526846896e-09
0.00790598290598291 1.71854742522835e-09
0.00804843304843305 2.22318519062215e-09
0.00819088319088319 2.87056523280886e-09
0.00833333333333333 3.70216088185766e-09
0.00847578347578348 4.76702154966728e-09
0.00861823361823362 6.1286987975342e-09
0.00876068376068376 7.86903292770647e-09
0.0089031339031339 1.00841817585752e-08
0.00904558404558405 1.29046079172358e-08
0.00918803418803419 1.64863925647298e-08
0.00933048433048433 2.10287947926444e-08
0.00947293447293448 2.6780141838455e-08
0.00961538461538462 3.40498179805487e-08
0.00975783475783476 4.32247651365112e-08
0.0099002849002849 5.47812484282337e-08
0.010042735042735 6.93195019445843e-08
0.0101851851851852 8.75751413805887e-08
0.0103276353276353 1.10467146167792e-07
0.0104700854700855 1.39114909780764e-07
0.0106125356125356 1.74914580238461e-07
0.0107549857549858 2.19578206914169e-07
0.0108974358974359 2.75209006559862e-07
0.011039886039886 3.44384298333084e-07
0.0111823361823362 4.30264967379857e-07
0.0113247863247863 5.36707687168176e-07
0.0114672364672365 6.68420676772158e-07
0.0116096866096866 8.31137591574396e-07
0.0117521367521368 1.03182514167726e-06
0.0118945868945869 1.27894285759916e-06
0.012037037037037 1.5827378328216e-06
0.0121794871794872 1.95559424758559e-06
0.0123219373219373 2.41246847357709e-06
0.0124643874643875 2.97137499518093e-06
0.0126068376068376 3.65399120238233e-06
0.0127492877492877 4.48633698370649e-06
0.0128917378917379 5.49959660230322e-06
0.013034188034188 6.73108616698396e-06
0.0131766381766382 8.22535798039752e-06
0.0133190883190883 1.00355354560169e-05
0.0134615384615385 1.22248265217496e-05
0.0136039886039886 1.48683170492047e-05
0.0137464387464387 1.80550269651956e-05
0.0138888888888889 2.189033114945e-05
0.014031339031339 2.64987058227932e-05
0.0141737891737892 3.20269560737826e-05
0.0143162393162393 3.86478900244185e-05
0.0144586894586895 4.65645553293854e-05
0.0146011396011396 5.60151078638968e-05
0.0147435897435897 6.72783591331534e-05
0.0148860398860399 8.06801285795531e-05
0.01502849002849 9.66004642451916e-05
0.0151709401709402 0.000115481863293454
0.0153133903133903 0.000137838573421625
0.0154558404558405 0.00016426713724223
0.0155982905982906 0.000195458259700819
0.0157407407407407 0.000232210205871374
0.0158831908831909 0.000275443825034218
0.016025641025641 0.000326219382283601
0.0161680911680912 0.000385755387446193
0.0163105413105413 0.000455449577126393
0.0164529914529915 0.000536902251930603
0.0165954415954416 0.000631942157066773
0.0167378917378917 0.000742655128201847
0.0168803418803419 0.000871415694227757
0.017022792022792 0.00102092185445934
0.0171652421652422 0.00119423324960782
0.0173076923076923 0.00139481294101163
0.0174501424501425 0.00162657298786457
0.0175925925925926 0.00189392406112585
0.0177350427350427 0.00220182925605977
0.0178774928774929 0.00255586229088263
0.018019943019943 0.00296227025846968
0.0181623931623932 0.00342804104778537
0.0183048433048433 0.0039609755706552
0.0184472934472934 0.00456976483240671
0.0185897435897436 0.00526407190049665
0.0187321937321937 0.00605461875019876
0.0188746438746439 0.00695327790031267
0.019017094017094 0.00797316874854769
0.0191595441595442 0.00912875836007236
0.0193019943019943 0.0104359664752859
0.0194444444444444 0.0119122743699673
0.0195868945868946 0.0135768371252766
0.0197293447293447 0.0154505987778566
0.0198717948717949 0.0175564097246191
0.020014245014245 0.0199191456187661
0.0201566951566952 0.022565826943163
0.0202991452991453 0.0255257382717304
0.0204415954415954 0.0288305461504072
0.0205840455840456 0.0325144144226187
0.0207264957264957 0.0366141156676749
0.0208689458689459 0.0411691373341001
0.021011396011396 0.0462217810633595
0.0211538461538462 0.0518172535275021
0.0212962962962963 0.0580037470809725
0.0214387464387464 0.0648325084032031
0.0215811965811966 0.0723578932225673
0.0217236467236467 0.080637405209083
0.0218660968660969 0.0897317170170268
0.022008547008547 0.0997046714670994
0.0221509971509972 0.110623260887056
0.0222934472934473 0.122557582575903
0.0224358974358974 0.135580768513615
0.0225783475783476 0.149768887406181
0.0227207977207977 0.165200817343113
0.0228632478632479 0.181958087467764
0.023005698005698 0.200124687196151
0.0231481481481481 0.219786841766943
0.0232905982905983 0.24103275311788
0.0234330484330484 0.263952305370425
0.0235754985754986 0.288636734478183
0.0237179487179487 0.315178261936974
0.0238603988603989 0.343669692841598
0.024002849002849 0.374203978906645
0.0241452991452991 0.406873747496694
0.0242877492877493 0.441770798159287
0.0244301994301994 0.4789855685409
0.0245726495726496 0.518606572064525
0.0247150997150997 0.560719810159268
0.0248575498575499 0.605408162302584
0.025 0.652750757565207
0.0251424501424501 0.702822331785924
0.0252849002849003 0.755692574883739
0.0254273504273504 0.811425473240807
0.0255698005698006 0.870078652341534
0.0257122507122507 0.931702725270549
0.0258547008547009 0.996340652835999
0.025997150997151 1.06402712127114
0.0261396011396011 1.13478794372901
0.0262820512820513 1.20863949169417
0.0264245014245014 1.2855881625622
0.0265669515669516 1.36562988952592
0.0267094017094017 1.44874969975282
0.0268518518518519 1.53492132665927
0.026994301994302 1.62410688176251
0.0271367521367521 1.71625659122641
0.0272792022792023 1.81130860178446
0.0274216524216524 1.90918886020805
0.0275641025641026 2.00981106986911
0.0277065527065527 2.11307672737613
0.0278490028490029 2.21887524148533
0.027991452991453 2.3270841357886
0.0281339031339031 2.43756933588583
0.0282763532763533 2.55018554091683
0.0284188034188034 2.66477667852442
0.0285612535612536 2.78117644142483
0.0287037037037037 2.89920890295431
0.0288461538461538 3.01868920813973
0.028988603988604 3.13942433597428
0.0291310541310541 3.26121392786069
0.0292735042735043 3.38385117642588
0.0294159544159544 3.50712376825145
0.0295584045584046 3.630814873424
0.0297008547008547 3.75470417433196
0.0298433048433048 3.87856892561549
0.029985754985755 4.00218503684606
0.0301282051282051 4.12532816924909
0.0302706552706553 4.24777483758141
0.0304131054131054 4.36930350820732
0.0305555555555556 4.48969568446541
0.0306980056980057 4.60873697051862
0.0308404558404558 4.72621810511691
0.030982905982906 4.84193595705776
0.0311253561253561 4.95569447447958
0.0312678062678063 5.06730558068858
0.0314102564102564 5.1765900097743
0.0315527065527066 5.28337807591278
0.0316951566951567 5.38751037098072
0.0318376068376068 5.48883838588077
0.031980056980057 5.58722505173771
0.0321225071225071 5.68254519803576
0.0322649572649573 5.77468592553259
0.0324074074074074 5.86354689272521
0.0325498575498575 5.9490405154586
0.0326923076923077 6.03109208011321
0.0328347578347578 6.10963977163879
0.032977207977208 6.18463461849309
0.0331196581196581 6.25604035725025
0.0332621082621083 6.32383322035176
0.0334045584045584 6.38800165112811
0.0335470085470086 6.44854595071145
0.0336894586894587 6.50547786202155
0.0338319088319088 6.55882009638799
0.033974358974359 6.60860580870529
0.0341168091168091 6.65487802731901
0.0342592592592593 6.69768904496485
0.0344017094017094 6.73709977724008
0.0345441595441595 6.77317909508717
0.0346866096866097 6.80600313773015
0.0348290598290598 6.8356546123961
0.03497150997151 6.86222208696733
0.0351139601139601 6.88579928147863
0.0352564102564103 6.9064843640914
0.0353988603988604 6.92437925680327
0.0355413105413105 6.93958895584228
0.0356837606837607 6.95222087119958
0.0358262108262108 6.96238418938857
0.035968660968661 6.97018926302412
0.0361111111111111 6.97574703036254
0.0362535612535613 6.97916846745321
0.0363960113960114 6.98056407510255
0.0365384615384615 6.98004340236344
0.0366809116809117 6.97771460781318
0.0368233618233618 6.97368405945621
0.036965811965812 6.96805597364941
0.0371082621082621 6.96093209307575
0.0372507122507122 6.95241140341303
0.0373931623931624 6.94258988801921
0.0375356125356125 6.93156031964265
0.0376780626780627 6.91941208791548
0.0378205128205128 6.90623106113721
0.037962962962963 6.89209948066483
0.0381054131054131 6.877095886057
0.0382478632478633 6.8612950689963
0.0383903133903134 6.84476805390113
0.0385327635327635 6.82758210308745
0.0386752136752137 6.8098007442851
0.0388176638176638 6.79148381830796
0.038960113960114 6.77268754470504
0.0391025641025641 6.75346460321603
0.0392450142450142 6.73386422895955
0.0393874643874644 6.71393231930986
0.0395299145299145 6.69371155053485
0.0396723646723647 6.67324150235294
0.0398148148148148 6.65255878867939
0.039957264957265 6.63169719295189
0.0400997150997151 6.61068780654423
0.0402421652421652 6.58955916890164
0.0403846153846154 6.56833740816416
0.0405270655270655 6.54704638116419
0.0406695156695157 6.52570781181347
0.0408119658119658 6.50434142701917
0.040954415954416 6.48296508937888
0.0410968660968661 6.46159492602125
0.0412393162393162 6.44024545307187
0.0413817663817664 6.41892969530922
0.0415242165242165 6.39765930068394
0.0416666666666667 6.37644464944922
0.0418091168091168 6.35529495773034
0.041951566951567 6.33421837544555
0.0420940170940171 6.31322207852175
0.0422364672364672 6.2923123554426
0.0423789173789174 6.27149468818834
0.0425213675213675 6.25077382767228
0.0426638176638177 6.23015386383094
0.0428062678062678 6.20963829052844
0.0429487179487179 6.1892300654823
0.0430911680911681 6.16893166542
0.0432336182336182 6.14874513669933
0.0433760683760684 6.12867214163075
0.0435185185185185 6.10871400075007
0.0436609686609687 6.08887173127849
0.0438034188034188 6.06914608203168
0.043945868945869 6.04953756500628
0.0440883190883191 6.03004648389638
0.0442307692307692 6.01067295976063
0.0443732193732194 5.99141695406843
0.0445156695156695 5.97227828934302
0.0446581196581197 5.95325666759526
0.0448005698005698 5.9343516867514
0.0449430199430199 5.91556285525064
0.0450854700854701 5.89688960498423
0.0452279202279202 5.87833130273587
0.0453703703703704 5.85988726027229
0.0455128205128205 5.84155674321513
0.0456552706552707 5.82333897882757
0.0457977207977208 5.80523316282544
0.0459401709401709 5.78723846532223
0.0460826210826211 5.7693540360003
0.0462250712250712 5.75157900860021
0.0463675213675214 5.73391250480272
0.0465099715099715 5.71635363757957
0.0466524216524217 5.69890151407234
0.0467948717948718 5.68155523805972
0.0469373219373219 5.66431391206501
0.0470797720797721 5.64717663914784
0.0472222222222222 5.63014252442122
0.0473646723646724 5.61321067633042
0.0475071225071225 5.59638020772553
0.0476495726495727 5.57965023675591
0.0477920227920228 5.56301988760907
0.0479344729344729 5.54648829111925
0.0480769230769231 5.53005458526148
0.0482193732193732 5.51371791554853
0.0483618233618234 5.49747743534494
0.0485042735042735 5.48133230611201
0.0486467236467236 5.46528169759122
0.0487891737891738 5.44932478793858
0.0489316239316239 5.43346076381603
0.0490740740740741 5.41768882044703
0.0492165242165242 5.40200816164283
0.0493589743589744 5.3864179998035
0.0495014245014245 5.37091755589868
0.0496438746438746 5.3555060594311
0.0497863247863248 5.34018274838658
0.0499287749287749 5.3249468691724
