0 975.735142270768
0.0026388990698463 975.735142270768
0.00373196685431038 975.735142270768
0.00457070726502004 975.735142270767
0.0052777981396926 975.735142270762
0.00590075770593729 975.735142270748
0.00646395620382858 975.735142270707
0.00698187067381297 975.7351422706
0.00746393370862076 975.735142270346
0.00791669720953889 975.735142269782
0.00834493157601406 975.735142268601
0.00875223807429804 975.735142266243
0.00914141453004008 975.735142261729
0.00951468590710505 975.735142253404
0.00987385619764128 975.735142238542
0.010220412149837 975.735142212775
0.0105555962793852 975.73514216927
0.0108804596003205 975.735142097556
0.0111959005629311 975.735141981901
0.0115026943676635 975.735141799098
0.0118015154118746 975.735141515469
0.0120929547389192 975.735141082898
0.0123775337857905 975.735140433618
0.0126557153460095 975.735139473461
0.0129279124076572 975.735138073218
0.0131944953492315 975.735136057685
0.0134557978515481 975.735133191926
0.0137121217950601 975.735129164223
0.0139637413476259 975.735123565089
0.0142109064005163 975.735115861681
0.0144538454753422 975.73510536686
0.0146927681981955 975.735091202083
0.0149278674172415 975.735072253245
0.015159321024623 975.73504711853
0.0153872935316258 975.735014047254
0.0156119374367581 975.734970868668
0.0158333944190778 975.734914909621
0.0160517963832999 975.734842899962
0.0162672663785823 975.734750864556
0.0164799194091655 975.734634000786
0.0166898631520281 975.734486540417
0.0168971985942718 975.734301594769
0.0171020206009435 975.734070982174
0.0173044184223548 975.73378503678
0.0175044761485961 975.733432397879
0.0177022731178119 975.73299977904
0.0178978842838599 975.732471716502
0.0180913805481858 975.73183029642
0.0182828290600802 975.731054860774
0.0184722934889241 975.73012169195
0.0186598342715519 975.729003676242
0.0188455088374556 975.727669946763
0.0190293718142101 975.726085506521
0.0192114752152012 975.7242108327
0.0193918686114857 975.722001463442
0.0195705992893923 975.719407568765
0.0197477123952826 975.716373507496
0.0199232510687295 975.712837372407
0.0200972565652247 975.708730526051
0.0202697683694043 975.70397713002
0.0204408242996739 975.698493670669
0.0206104606050174 975.69218848454
0.0207787120546922 975.684961286976
0.0209456120214389 975.676702707605
0.0211111925587704 975.667293836543
0.0212754844728461 975.656605785292
0.0214385173893894 975.64449926643
0.021600319816058 975.630824196233
0.021760919200641 975.615419324415
0.0219203419854176 975.598111895143
0.0220786136579835 975.578717343427
0.0222357587988207 975.557039030897
0.0223918011258623 975.532868024815
0.0225467635362817 975.505982924015
0.0227006681457141 975.476149735209
0.0228535363251002 975.443121802844
0.023005388735327 975.406639795416
0.0231562453598235 975.366431750754
0.0233061255352575 975.322213182496
0.0234550479804672 975.273687249495
0.0236030308237491 975.220544989565
0.0237500916286167 975.162465618444
0.0238962474181308 975.099116894477
0.0240415146979004 975.030155548979
0.0241859094778384 974.955227781822
0.0243294472927568 974.873969821274
0.024472143221873 974.786008546643
0.0246140119072999 974.690962171845
0.0247550675715809 974.588440987494
0.0248953240343317 974.478048158745
0.0250347947280422 974.359380575621
0.025173492713091 974.232029752223
0.025311430692019 974.095582770814
0.0254486210231069 973.949623266426
0.0255850757332972 973.793732447356
0.0257208065304995 973.627490146636
0.0258558248153143 973.450475899313
0.0259901416922082 973.26227004022
0.0261237679801727 973.062454816734
0.0262567142228941 972.850615510932
0.026388990698463 972.626341565487
0.0265206074286469 972.389227707616
0.0266515741877518 972.138875065418
0.0267819005110928 971.874892271012
0.0269115957030962 971.59689654497
0.0270406688450516 971.304514756683
0.0271691288025321 970.997384455501
0.0272969842325011 970.675154867656
0.0274242435901202 970.337487854265
0.0275509151352743 969.984058825951
0.0276770069388278 969.614557609946
0.0278025268886257 969.228689265841
0.0279274826952519 968.826174846503
0.028051881897556 968.406752101045
0.0281757318679616 967.970176117099
0.0282990398175645 967.516219900033
0.0284218128010325 967.044674887142
0.0285440577213152 966.555351395247
0.0286657813341728 966.048079000514
0.0287869902525332 965.522706849738
0.0289076909506844 964.979103902668
0.0290278897683093 964.417159105395
0.029147592914372 963.836781495145
0.0292668064708602 963.237900237209
0.029385536396391 962.620464595059
0.0295037885296864 961.98444383506
0.0296215685929238 961.329827067454
0.0297388821949671 960.656623025611
0.029855734834483 959.96485978579
0.0299721319029494 959.254584429901
0.0300880786875572 958.525862653978
0.0302035803740131 957.778778325268
0.030318642049246 957.013432991009
0.030433268704021 956.229945342113
0.0305474652354656 955.428450635102
0.0306612364495109 954.609100075731
0.0307745870632515 953.772060167809
0.0308875217072281 952.917512030768
0.0310000449276339 952.045650689584
0.031112161188451 951.156684340625
0.0312238748735161 950.250833597003
0.0313351902885211 949.328330716975
0.0314461116629491 948.389418818867
0.0315566431519498 947.434351085938
0.0316667888381556 946.463389964509
0.0317765527334412 945.476806358574
0.0318859387806288 944.474878823996
0.0319949508551403 943.457892765282
0.0321035927665998 942.426139637752
0.0322118682603868 941.379916157813
0.0323197810191429 940.319523523869
0.0324273346642333 939.245266650251
0.0325345327571646 938.157453416362
0.0326413788009614 937.056393933101
0.0327478762415014 935.942399828423
0.0328540284688123 934.81578355373
0.032959838818331 933.67685771263
0.0330653105721268 932.525934413411
0.0331704469600883 931.363324646409
0.0332752511610787 930.189337687292
0.0333797263040563 929.004280527114
0.0334838754691649 927.808457329829
0.0335877016887934 926.602168917804
0.033691207948606 925.385712285739
0.0337943971885437 924.15938014322
0.0338972723037988 922.923460486049
0.0339998361457628 921.678236196319
0.0341020915229485 920.423984671112
0.0342040412018871 919.160977479577
0.0343056879080019 917.889480048028
0.034407034326458 916.609751372635
0.0345080831029905 915.322043759146
0.0346088368447097 914.026602589046
0.0347092981208864 912.72366611145
0.0348094694637164 911.413465259979
0.0349093533690649 910.096223493794
0.0350089522971921 908.772156661941
0.0351082686734608 907.441472890077
0.0352073048890248 906.104372488651
0.0353060633015008 904.761047881542
0.0354045462356237 903.411683554183
0.0355027559838846 902.056456020121
0.0356006948071535 900.695533805016
0.0356983649352869 899.32907744702
0.0357957685677199 897.957239512514
0.0358929078740438 896.580164626156
0.0359897849945708 895.197989514235
0.0360864020408833 893.810843060289
0.0361827610963716 892.418846372017
0.0362788642167577 891.022112858478
0.0363747134306069 889.620748316642
0.0364703107398279 888.214851026335
0.0365656581201603 886.80451185269
0.0366607575216509 885.389814355206
0.0367556108691192 883.970834902581
0.0368502200626123 882.547642792481
0.0369445869778482 881.120300375481
0.0370387134666503 879.688863182397
0.0371326013573714 878.253380054321
0.0372262524553076 876.813893274645
0.0373196685431038 875.370438702444
0.0374128513811493 873.923045906588
0.0375058027079651 872.471738300014
0.0375985242405821 871.016533273594
0.0376910176749113 869.557442329107
0.0377832846861057 868.094471210803
0.0378753269289144 866.627620035144
0.0379671460380285 865.156883418273
0.0380587436284202 863.68225060084
0.0381501212956742 862.203705569819
0.0382412806163116 860.721227176988
0.0383322231481077 859.234789253761
0.0384229504304024 857.744360722101
0.0385134639844041 856.249905701246
0.0386037653134876 854.751383610033
0.0386938559034851 853.24874926459
0.0387837372229715 851.741952971217
0.0388734107235439 850.230940614278
0.0389628778400951 848.715653738955
0.0390521399910813 847.196029628714
0.0391411985787845 845.672001377369
0.0392300549895699 844.143497955627
0.0393187105941372 842.61044427201
0.0394071667477675 841.072761228078
0.0394954247905651 839.530365767855
0.0395834860476945 837.983170921402
0.039671351829612 836.43108584246
0.0397590234322939 834.874015840106
0.0398465021374591 833.311862404365
0.0399337892127878 831.744523225733
0.0400208859121359 830.171892208538
0.0401077934757453 828.593859478113
0.0401945131304494 827.010311381713
0.0402810460898759 825.421130483122
0.0403673935546444 823.826195550907
0.0404535567125609 822.225381540247
0.0405395367388086 820.618559568269
0.0406253347961349 819.005596882833
0.0407109520350346 817.386356824682
0.04079638959393 815.760698782856
0.0408816485993478 814.128478143306
0.040966730166092 812.489546230567
0.0410516353974142 810.843750242397
0.0411363653851804 809.190933177243
0.0412209212100348 807.530933754387
0.041305303941561 805.863586326628
0.0413895146384392 804.188720785302
0.0414735543486016 802.506162457472
0.0415574241093844 800.815731995064
0.0416411249476774 799.117245255721
0.0417246578800703 797.410513175127
0.0418080239129972 795.695341630523
0.0418912240428778 793.971531295115
0.0419742592562563 792.238877483054
0.0420571305299382 790.497169984622
0.0421398388311238 788.746192891262
0.0422223851175408 786.98572441001
0.0423047703375726 785.215536666897
0.0423869954303864 783.435395498825
0.0424690613260575 781.645060233397
0.0425509689456923 779.844283456118
0.0426327192015488 778.032810764366
0.0427143129971552 776.210380507463
0.0427957512274265 774.376723512119
0.0428770347787789 772.531562792494
0.0429581645292423 770.674613244025
0.0430391413485711 768.805581320124
0.0431199660983531 766.924164690776
0.043200639632116 765.030051881981
0.0432811627954332 763.122921894909
0.0433615364260265 761.202443803549
0.0434417613538685 759.268276329518
0.0435218384012819 757.320067392619
0.0436017683830385 755.357453635583
0.0436815521064553 753.380059921351
0.0437611903714902 751.38749880106
0.0438406839708351 749.379369950807
0.0439200336900084 747.355259575051
0.0439992403074452 745.314739774362
0.0440783045945865 743.257367875035
0.044157227315967 741.182685717851
0.0442360092293012 739.090218903054
0.0443146510855682 736.979475988349
0.0443931536290957 734.849947636442
0.0444715175976414 732.701105708334
0.0445497437224746 730.532402298239
0.0446278327284554 728.343268705622
0.0447057853341135 726.133114339428
0.0447836022517246 723.901325549123
0.0448612841873871 721.64726437664
0.0449388318410964 719.370267222778
0.0450162459068187 717.06964342096
0.0450935270725634 714.744673710552
0.0451706760204543 712.394608601178
0.0452476934268 710.018666618582
0.0453245799621631 707.616032421638
0.0454013362914282 705.185854778995
0.045477963073869 702.727244392634
0.0455544609632144 700.23927155427
0.0456308306077137 697.720963618949
0.0457070726502004 695.171302278495
0.0457831877281555 692.589220615478
0.0458591764737699 689.973599916177
0.045935039514005 687.323266218503
0.046010777470654 684.636986567985
0.0460863909604004 681.913464951702
0.0461618805948773 679.151337876337
0.0462372469807248 676.349169552329
0.0463124907196469 673.505446641243
0.0463876124084676 670.61857251795
0.0464626126391861 667.686860992842
0.0465374919990312 664.708529431909
0.046612251070515 661.681691204036
0.0466868904314858 658.604347374991
0.0467614106551801 655.474377556103
0.0468358123102742 652.289529802244
0.0469100959609343 649.047409438083
0.0469842621668671 645.745466673205
0.0470583114833686 642.380982845065
0.0471322444613725 638.951055103207
0.0472060616474983 635.452579317878
0.0472797635840985 631.882230960159
0.0473533508093047 628.236443657657
0.0474268238570739 624.511385078207
0.0475001832572334 620.70292973183
0.0475734295355253 616.806628205975
0.0476465632136508 612.81767225762
0.0477195848093135 608.730855074139
0.0477924948362616 604.54052587769
0.047865293804331 600.240537878632
0.0479379822194861 595.824188373311
0.0480105605838611 591.284149519085
0.0480830293958007 586.612387989505
0.0481553891498997 581.800071295029
0.0482276403370423 576.837458022375
0.0482997834444415 571.713768562001
0.0483718189556769 566.41703200795
0.0484437473507326 560.933903757989
0.0485155691060349 555.249446817486
0.0485872846944886 549.346867780511
0.0486588945855136 543.207195729477
0.0487303992450807 536.808888574594
0.048801799135747 530.127346225721
0.0488730947166908 523.134302821942
0.0489442864437461 515.797060078991
0.0490153747694364 508.077509163267
0.0490863601430085 499.930867005737
0.0491572430104656 491.304020810252
0.0492280238145998 482.133325344043
0.0492987029950246 472.34162058746
0.0493692809882064 461.834113374717
0.0494397582274966 450.49256094341
0.0495101351431619 438.16684068639
0.0495804121624154 424.662357408393
0.0496505897094468 409.720551534584
0.0497206682054521 392.987414488941
0.0497906480686634 373.959914050727
0.0498605297143776 351.888695552319
0.0499303135549855 325.585883988337
0.05 293
