6.81198910081744e-05 -0
0.000204359673024523 -0
0.000340599455040872 -0
0.000476839237057221 -1.66877250667709e-12
0.00061307901907357 -0
0.000749318801089918 -0
0.000885558583106267 -0
0.00102179836512262 -0
0.00115803814713896 -8.34018242539597e-13
0.00129427792915531 -1.66781567859983e-12
0.00143051771117166 -2.5013555071008e-12
0.00156675749318801 -1.6673004634813e-12
0.00170299727520436 -8.33503027421071e-13
0.00183923705722071 -8.33343556074862e-13
0.00197547683923706 -1.66634363540404e-12
0.00211171662125341 -2.49896343690765e-12
0.00224795640326976 -1.66558307975289e-12
0.0023841961852861 -1.66516600084741e-12
0.00252043596730245 -1.66472438788868e-12
0.0026566757493188 -0
0.00279291553133515 -1.66376755981142e-12
0.0029291553133515 -8.31626172346447e-13
0.00306539509536785 -8.31356297760553e-13
0.0032016348773842 -0
0.00333787465940054 -0
0.00347411444141689 -0
0.00361035422343324 -0
0.00374659400544959 -0
0.00388283378746594 -0
0.00401907356948229 8.2912369891361e-13
0.00415531335149864 8.28755688114669e-13
0.00429155313351499 -0
0.00442779291553133 -0
0.00456403269754768 2.48273416067411e-12
0.00470027247956403 2.48148292395767e-12
0.00483651226158038 4.13365814360232e-12
0.00497275204359673 5.78403011033207e-12
0.00510899182561308 7.43252522198726e-12
0.00524523160762943 8.25369988764358e-12
0.00538147138964578 9.89869889670874e-12
0.00551771117166213 1.5663616979549e-11
0.00565395095367847 2.05974486392143e-11
0.00579019073569482 2.79950128353018e-11
0.00592643051771117 3.62056309254153e-11
0.00606267029972752 4.93389299479863e-11
0.00619891008174387 6.65628421177099e-11
0.00633514986376022 8.78683143689303e-11
0.00647138964577657 1.14887170924115e-10
0.00660762942779292 1.48426123624513e-10
0.00674386920980927 1.93386128498427e-10
0.00688010899182561 2.51377554738738e-10
0.00701634877384196 3.26459317495777e-10
0.00715258855585831 4.21041284792037e-10
0.00728882833787466 5.44876128839189e-10
0.00742506811989101 7.02785499338382e-10
0.00756130790190736 9.04465615644698e-10
0.00769754768392371 1.16446592214099e-09
0.00783378746594006 1.49565317989513e-09
0.0079700272479564 1.91653761222726e-09
0.00810626702997275 2.45287110501196e-09
0.0082425068119891 3.13436321950367e-09
0.00837874659400545 4.00114866293708e-09
0.0085149863760218 5.09805979714278e-09
0.00865122615803815 6.48188488612218e-09
0.0087874659400545 8.23020073362546e-09
0.00892370572207084 1.0434795140521e-08
0.00905994550408719 1.32088481767771e-08
0.00919618528610354 1.66980983370913e-08
0.00933242506811989 2.10774313937134e-08
0.00946866485013624 2.65659932239333e-08
0.00960490463215259 3.34325502229596e-08
0.00974114441416894 4.20080307802381e-08
0.00987738419618529 5.2709201483287e-08
0.0100136239782016 6.60373264712482e-08
0.010149863760218 8.26160327023933e-08
0.0102861035422343 1.03204905416373e-07
0.0104223433242507 1.28735314066884e-07
0.010558583106267 1.60344350294572e-07
0.0106948228882834 1.99425999449381e-07
0.0108310626702997 2.47672331421169e-07
0.0109673024523161 3.07144511945463e-07
0.0111035422343324 3.8034160732563e-07
0.0112397820163488 4.70298088845682e-07
0.0113760217983651 5.80682040589655e-07
0.0115122615803815 7.15935928853557e-07
0.0116485013623978 8.81412910671672e-07
0.0117847411444142 1.0835646519888e-06
0.0119209809264305 1.33015175851752e-06
0.0120572207084469 1.63049067699882e-06
0.0121934604904632 1.99575154205451e-06
0.0123297002724796 2.43930635887336e-06
0.0124659400544959 2.97713002105846e-06
0.0126021798365123 3.62828788275211e-06
0.0127384196185286 4.41548617648282e-06
0.012874659400545 5.36572417085812e-06
0.0130108991825613 6.51105843007951e-06
0.0131471389645777 7.88948623915749e-06
0.013283378746594 9.54596907222828e-06
0.0134196185286104 1.15336298203295e-05
0.0135558583106267 1.39151229373193e-05
0.0136920980926431 1.67642236840964e-05
0.0138283378746594 2.01676642047857e-05
0.0139645776566757 2.42272382736138e-05
0.0141008174386921 2.9062221468458e-05
0.0142370572207084 3.48121350718902e-05
0.0143732970027248 4.16399181825744e-05
0.0145095367847411 4.97355385159331e-05
0.0146457765667575 5.93201090862262e-05
0.0147820163487738 7.06505637610912e-05
0.0149182561307902 8.40249580333112e-05
0.0150544959128065 9.97884721635546e-05
0.0151907356948229 0.000118340195318431
0.0153269754768392 0.000140140752534597
0.0154632152588556 0.000165720909641371
0.0155994550408719 0.000195691206443842
0.0157356948228883 0.000230752759546796
0.0158719346049046 0.000271709322181278
0.016008174386921 0.000319480734882826
0.0161444141689373 0.00037511789630857
0.0162806539509537 0.000439819353459351
0.01641689373297 0.000514949709145942
0.0165531335149864 0.000602059921020185
0.0166893732970027 0.000702909699643127
0.0168256130790191 0.000819492116202895
0.0169618528610354 0.000954060605988666
0.0170980926430518 0.00110915850885548
0.0172343324250681 0.00128765128636465
0.0173705722070845 0.00149276162189377
0.0175068119891008 0.00172810749770456
0.0176430517711172 0.00199774342935634
0.0177792915531335 0.00230620497710546
0.0179155313351499 0.00265855667643245
0.0180517711171662 0.00306044347462375
0.0181880108991826 0.00351814578938459
0.0183242506811989 0.0040386382483309
0.0184604904632153 0.00462965214522326
0.0185967302452316 0.00529974165922995
0.018732970027248 0.00605835378719169
0.0188692098092643 0.00691590195191156
0.0190054495912807 0.00788384318493372
0.019141689373297 0.00897475873251806
0.0192779291553134 0.0102024378990389
0.0194141689373297 0.0115819648536197
0.019550408719346 0.0131298081137413
0.0196866485013624 0.0148639122899132
0.0198228882833787 0.0168037916848858
0.0199591280653951 0.0189706251739511
0.0200953678474114 0.0213873518256042
0.0202316076294278 0.0240787665312991
0.0203678474114441 0.0270716149246794
0.0205040871934605 0.0303946867471906
0.0206403269754768 0.0340789067102363
0.0207765667574932 0.0381574219135593
0.0209128065395095 0.0426656846794159
0.0210490463215259 0.0476415296852887
0.0211852861035422 0.0531252441592708
0.0213215258855586 0.0591596298677873
0.0214577656675749 0.0657900555096017
0.0215940054495913 0.0730644981595381
0.0217302452316076 0.0810335723235165
0.021866485013624 0.0897505451101868
0.0220027247956403 0.0992713360871584
0.0221389645776567 0.109654500342776
0.022275204359673 0.120961193260922
0.0224114441416894 0.133255115655031
0.0225476839237057 0.146602437829916
0.0226839237057221 0.16107170133922
0.0228201634877384 0.176733697206234
0.0229564032697548 0.193661319527149
0.0230926430517711 0.211929393546432
0.0232288828337875 0.231614477399153
0.0233651226158038 0.252794636903937
0.0235013623978202 0.27554919305534
0.0236376021798365 0.299958441987101
0.0237738419618529 0.326103347509183
0.0239100817438692 0.354065206527993
0.0240463215258856 0.383925287977752
0.0241825613079019 0.415764446101656
0.0243188010899183 0.4496627093497
0.0244550408719346 0.485698846335732
0.024591280653951 0.523949910692884
0.0247275204359673 0.564490766987701
0.0248637602179837 0.607393600063573
0.025 0.652727410669091
0.0251362397820163 0.700557500314337
0.0252724795640327 0.750944948783302
0.025408719346049 0.803946087803043
0.0255449591280654 0.859611974786832
0.0256811989100817 0.917987870638969
0.0258174386920981 0.97911272585264
0.0259536784741144 1.04301867929319
0.0260899182561308 1.10973057412351
0.0262261580381471 1.17926549537895
0.0263623978201635 1.2516323338005
0.0264986376021798 1.3268313803928
0.0266348773841962 1.40485395618138
0.0267711171662125 1.485682081453
0.0269073569482289 1.56928818862553
0.0270435967302452 1.65563488261789
0.0271798365122616 1.74467475235888
0.0273160762942779 1.83635023668279
0.0274523160762943 1.93059354751298
0.0275885558583106 2.02732665282951
0.027724795640327 2.12646132139055
0.0278610354223433 2.22789923075795
0.0279972752043597 2.33153213958708
0.028133514986376 2.43724212461278
0.0282697547683924 2.54490188218938
0.0284059945504087 2.65437509363842
0.0285422343324251 2.76551685309607
0.0286784741144414 2.87817415592288
0.0288147138964578 2.99218644519715
0.0289509536784741 3.10738621318181
0.0290871934604905 3.22359965419965
0.0292234332425068 3.34064736472237
0.0293596730245232 3.45834508611944
0.0294959128065395 3.57650448494242
0.0296321525885559 3.69493396536629
0.0297683923705722 3.813439507934
0.0299046321525886 3.93182552859553
0.0300408719346049 4.04989575170286
0.0301771117166213 4.16745409055024
0.0303133514986376 4.28430552891517
0.030449591280654 4.40025699704338
0.0305858310626703 4.51511823556939
0.0307220708446866 4.6287026409885
0.030858310626703 4.740828086444
0.0309945504087193 4.85131771188993
0.0311307901907357 4.96000067794003
0.031267029972752 5.06671287810887
0.0314032697547684 5.17129760456028
0.0315395095367847 5.27360616291258
0.0316757493188011 5.37349843219541
0.0318119891008174 5.47084336655677
0.0319482288828338 5.56551943586876
0.0320844686648501 5.65741500302156
0.0322207084468665 5.74642863621656
0.0323569482288828 5.83246935524494
0.0324931880108992 5.91545681127336
0.0326294277929155 5.99532140032037
0.0327656675749319 6.07200431111762
0.0329019073569482 6.14545750867522
0.0330381471389646 6.21564365532405
0.0331743869209809 6.28253597161274
0.0333106267029973 6.3461180397653
0.0334468664850136 6.40638355294545
0.03358310626703 6.46333601386745
0.0337193460490463 6.51698838665212
0.0338555858310627 6.56736270608913
0.033991825613079 6.61448964869445
0.0341280653950954 6.65840807011658
0.0342643051771117 6.69916451356126
0.0344005449591281 6.73681269397184
0.0345367847411444 6.77141296271346
0.0346730245231608 6.80303175746755
0.0348092643051771 6.83174104198925
0.0349455040871935 6.85761774020667
0.0350817438692098 6.88074316902816
0.0352179836512262 6.9012024739953
0.0353542234332425 6.91908407167872
0.0354904632152589 6.93447910249975
0.0356267029972752 6.94748089730722
0.0357629427792916 6.95818446081011
0.0358991825613079 6.96668597459585
0.0360354223433242 6.97308232217367
0.0361716621253406 6.97747063813028
0.036307901907357 6.97994788315874
0.0364441416893733 6.98061044640749
0.0365803814713897 6.9795537762329
0.036716621253406 6.97687204017441
0.0368528610354223 6.97265781463461
0.0369891008174387 6.9670018044674
0.037125340599455 6.95999259241771
0.0372615803814714 6.95171641809317
0.0373978201634877 6.94225698592951
0.0375340599455041 6.93169530139846
0.0376702997275204 6.92010953451864
0.0378065395095368 6.90757490957896
0.0379427792915531 6.89416361983116
0.0380790190735695 6.87994476580468
0.0382152588555858 6.8649843158016
0.0383514986376022 6.84934508704951
0.0384877384196185 6.83308674594689
0.0386239782016349 6.81626582580719
0.0387602179836512 6.79893576048501
0.0388964577656676 6.78114693228498
0.0390326975476839 6.76294673256371
0.0391689373297003 6.74437963346871
0.0393051771117166 6.72548726931865
0.039441416893733 6.70630852616163
0.0395776566757493 6.68687963813738
0.0397138964577657 6.66723428932725
0.039850136239782 6.64740371986221
0.0399863760217984 6.62741683513785
0.0401226158038147 6.60730031707654
0.0402588555858311 6.58707873646049
0.0403950953678474 6.56677466545516
0.0405313351498638 6.54640878952114
0.0406675749318801 6.52600001801072
0.0408038147138965 6.50556559282599
0.0409400544959128 6.485121194589
0.0410762942779292 6.46468104587229
0.0412125340599455 6.44425801109729
0.0413487738419619 6.42386369277902
0.0414850136239782 6.40350852386741
0.0416212534059946 6.38320185600058
0.0417574931880109 6.3629520435212
0.0418937329700273 6.3427665231823
0.0420299727520436 6.32265188949392
0.04216621253406 6.30261396571924
0.0423024523160763 6.28265787055428
0.0424386920980926 6.26278808054931
0.042574931880109 6.24300848838587
0.0427111716621253 6.22332245710513
0.0428474114441417 6.20373287044003
0.042983651226158 6.18424217938971
0.0431198910081744 6.164852445207
0.0432561307901907 6.14556537896103
0.0433923705722071 6.12638237786005
0.0435286103542234 6.10730455851214
0.0436648501362398 6.08833278729457
0.0438010899182561 6.06946770803158
0.0439373297002725 6.05070976714128
0.0440735694822888 6.03205923643573
0.0442098092643052 6.01351623373978
0.0443460490463215 5.99508074149442
0.0444822888283379 5.97675262350334
0.0446185286103542 5.95853163996697
0.0447547683923706 5.94041746095419
0.0448910081743869 5.92240967844108
0.0450272479564033 5.90450781704599
0.0451634877384196 5.8867113435804
0.045299727520436 5.86901967552364
0.0454359673024523 5.851432188527
0.0455722070844687 5.83394822304283
0.045708446866485 5.81656709016575
0.0458446866485014 5.79928807676671
0.0459809264305177 5.78211044999439
0.0461171662125341 5.76503346121261
0.0462534059945504 5.74805634943667
0.0463896457765668 5.73117834431811
0.0465258855585831 5.71439866873913
0.0466621253405995 5.69771654105258
0.0467983651226158 5.68113117701608
0.0469346049046322 5.66464179145226
0.0470708446866485 5.64824759967025
0.0472070844686649 5.6319478186794
0.0473433242506812 5.61574166821967
0.0474795640326976 5.59962837163132
0.0476158038147139 5.58360715658797
0.0477520435967302 5.56767725570693
0.0478882833787466 5.55183790705776
0.0480245231607629 5.53608835457886
0.0481607629427793 5.52042784841744
0.0482970027247956 5.50485564520216
0.048433242506812 5.4893710082597
0.0485694822888283 5.47397320778125
0.0487057220708447 5.45866152094818
0.048841961852861 5.44343523202153
0.0489782016348774 5.42829363240285
0.0491144414168937 5.4132360206681
0.0492506811989101 5.39826170258138
0.0493869209809264 5.38336999109043
0.0495231607629428 5.36856020630713
0.0496594005449591 5.35383167547577
0.0497956403269755 5.33918373293137
0.0499318801089918 5.32461572004906
