0 974.636852610831
0.000135135135135135 974.636852610831
0.00027027027027027 974.636852610831
0.000405405405405405 974.636852610831
0.000540540540540541 974.63685261083
0.000675675675675676 974.63685261083
0.000810810810810811 974.63685261083
0.000945945945945946 974.63685261083
0.00108108108108108 974.63685261083
0.00121621621621622 974.63685261083
0.00135135135135135 974.63685261083
0.00148648648648649 974.63685261083
0.00162162162162162 974.63685261083
0.00175675675675676 974.63685261083
0.00189189189189189 974.63685261083
0.00202702702702703 974.636852610829
0.00216216216216216 974.636852610829
0.0022972972972973 974.636852610829
0.00243243243243243 974.63685261083
0.00256756756756757 974.63685261083
0.0027027027027027 974.63685261083
0.00283783783783784 974.63685261083
0.00297297297297297 974.63685261083
0.00310810810810811 974.63685261083
0.00324324324324324 974.636852610829
0.00337837837837838 974.636852610829
0.00351351351351351 974.636852610829
0.00364864864864865 974.636852610829
0.00378378378378378 974.636852610828
0.00391891891891892 974.636852610828
0.00405405405405405 974.636852610828
0.00418918918918919 974.636852610827
0.00432432432432432 974.636852610826
0.00445945945945946 974.636852610826
0.0045945945945946 974.636852610825
0.00472972972972973 974.636852610825
0.00486486486486487 974.636852610824
0.005 974.636852610823
0.00513513513513514 974.636852610822
0.00527027027027027 974.636852610821
0.00540540540540541 974.636852610819
0.00554054054054054 974.636852610817
0.00567567567567568 974.636852610814
0.00581081081081081 974.63685261081
0.00594594594594595 974.636852610804
0.00608108108108108 974.636852610798
0.00621621621621622 974.63685261079
0.00635135135135135 974.636852610779
0.00648648648648649 974.636852610764
0.00662162162162162 974.636852610746
0.00675675675675676 974.636852610721
0.00689189189189189 974.63685261069
0.00702702702702703 974.636852610649
0.00716216216216216 974.636852610597
0.0072972972972973 974.636852610529
0.00743243243243243 974.636852610442
0.00756756756756757 974.636852610329
0.0077027027027027 974.636852610185
0.00783783783783784 974.63685261
0.00797297297297297 974.636852609763
0.00810810810810811 974.63685260946
0.00824324324324324 974.636852609073
0.00837837837837838 974.636852608579
0.00851351351351352 974.636852607951
0.00864864864864865 974.636852607153
0.00878378378378378 974.63685260614
0.00891891891891892 974.636852604856
0.00905405405405406 974.63685260323
0.00918918918918919 974.636852601176
0.00932432432432432 974.636852598585
0.00945945945945946 974.636852595318
0.0095945945945946 974.636852591208
0.00972972972972973 974.636852586043
0.00986486486486487 974.636852579562
0.01 974.636852571442
0.0101351351351351 974.636852561282
0.0102702702702703 974.636852548587
0.0104054054054054 974.636852532747
0.0105405405405405 974.636852513013
0.0106756756756757 974.63685248846
0.0108108108108108 974.636852457956
0.0109459459459459 974.636852420113
0.0110810810810811 974.636852373229
0.0112162162162162 974.63685231523
0.0113513513513514 974.636852243579
0.0114864864864865 974.636852155189
0.0116216216216216 974.636852046303
0.0117567567567568 974.636851912358
0.0118918918918919 974.636851747819
0.012027027027027 974.636851545981
0.0121621621621622 974.63685129874
0.0122972972972973 974.636850996306
0.0124324324324324 974.636850626879
0.0125675675675676 974.636850176254
0.0127027027027027 974.636849627353
0.0128378378378378 974.636848959682
0.012972972972973 974.636848148681
0.0131081081081081 974.636847164959
0.0132432432432432 974.636845973403
0.0133783783783784 974.636844532119
0.0135135135135135 974.636842791208
0.0136486486486486 974.636840691316
0.0137837837837838 974.636838161957
0.0139189189189189 974.636835119546
0.0140540540540541 974.636831465118
0.0141891891891892 974.636827081671
0.0143243243243243 974.636821831094
0.0144594594594595 974.636815550599
0.0145945945945946 974.636808048607
0.0147297297297297 974.636799099995
0.0148648648648649 974.636788440624
0.015 974.636775761049
0.0151351351351351 974.636760699296
0.0152702702702703 974.63674283259
0.0154054054054054 974.636721667891
0.0155405405405405 974.636696631096
0.0156756756756757 974.636667054718
0.0158108108108108 974.636632163893
0.0159459459459459 974.636591060467
0.0160810810810811 974.636542704973
0.0162162162162162 974.636485896233
0.0163513513513514 974.636419248326
0.0164864864864865 974.636341164618
0.0166216216216216 974.636249808546
0.0167567567567568 974.636143070801
0.0168918918918919 974.636018532543
0.017027027027027 974.635873424242
0.0171621621621622 974.635704579709
0.0172972972972973 974.635508384862
0.0174324324324324 974.635280720728
0.0175675675675676 974.635016900153
0.0177027027027027 974.634711597672
0.0178378378378378 974.634358771944
0.017972972972973 974.63395158014
0.0181081081081081 974.63348228364
0.0182432432432432 974.632942144361
0.0183783783783784 974.632321311029
0.0185135135135135 974.631608694672
0.0186486486486486 974.630791832596
0.0187837837837838 974.629856740105
0.0189189189189189 974.6287877492
0.0190540540540541 974.627567333493
0.0191891891891892 974.626175918591
0.0193243243243243 974.624591677193
0.0194594594594595 974.622790308178
0.0195945945945946 974.620744798981
0.0197297297297297 974.618425170607
0.0198648648648649 974.615798204651
0.02 974.61282715179
0.0201351351351351 974.609471421261
0.0202702702702703 974.605686250925
0.0204054054054054 974.601422357631
0.0205405405405405 974.596625567687
0.0206756756756757 974.591236427398
0.0208108108108108 974.585189793744
0.0209459459459459 974.578414405453
0.0210810810810811 974.570832434894
0.0212162162162162 974.562359021386
0.0213513513513514 974.552901786739
0.0214864864864865 974.542360334054
0.0216216216216216 974.530625731048
0.0217567567567568 974.517579979384
0.0218918918918919 974.503095471778
0.022027027027027 974.487034438891
0.0221621621621622 974.469248388285
0.0222972972972973 974.449577538017
0.0224324324324324 974.427850247691
0.0225675675675676 974.403882450108
0.0227027027027027 974.37747708688
0.0228378378378378 974.348423551703
0.022972972972973 974.316497145178
0.0231081081081081 974.281458545391
0.0232432432432432 974.243053298629
0.0233783783783784 974.201011334867
0.0235135135135135 974.155046512837
0.0236486486486486 974.104856199635
0.0237837837837838 974.050120889986
0.0239189189189189 973.990503870345
0.0240540540540541 973.925650933095
0.0241891891891892 973.855190146103
0.0243243243243243 973.778731682866
0.0244594594594595 973.695867718384
0.0245945945945946 973.606172395804
0.0247297297297297 973.509201868629
0.0248648648648649 973.404494423108
0.025 973.291570685082
0.0251351351351351 973.169933915226
0.0252702702702703 973.039070396203
0.0254054054054054 972.898449914793
0.0255405405405405 972.747526341524
0.0256756756756757 972.585738309761
0.0258108108108108 972.412509995585
0.0259459459459459 972.227251999132
0.0260810810810811 972.029362327333
0.0262162162162162 971.818227477258
0.0263513513513513 971.593223618497
0.0264864864864865 971.353717872196
0.0266216216216216 971.099069683542
0.0267567567567568 970.828632283687
0.0268918918918919 970.541754236242
0.027027027027027 970.237781062675
0.0271621621621622 969.916056940114
0.0272972972972973 969.575926464303
0.0274324324324324 969.216736469679
0.0275675675675676 968.837837897863
0.0277027027027027 968.43858770517
0.0278378378378378 968.018350799184
0.027972972972973 967.576501993875
0.0281081081081081 967.112427972313
0.0282432432432432 966.625529245653
0.0283783783783784 966.115222096768
0.0285135135135135 965.580940496731
0.0286486486486487 965.022137982249
0.0287837837837838 964.438289482156
0.0289189189189189 963.828893081179
0.0290540540540541 963.193471709406
0.0291891891891892 962.531574746204
0.0293243243243243 961.842779527749
0.0294594594594595 961.126692747847
0.0295945945945946 960.382951742347
0.0297297297297297 959.611225648138
0.0298648648648649 958.811216428526
0.03 957.98265975765
0.0301351351351351 957.125325757526
0.0302702702702703 956.239019582328
0.0304054054054054 955.323581845538
0.0305405405405405 954.378888886718
0.0306756756756757 953.404852875757
0.0308108108108108 952.401421753606
0.0309459459459459 951.368579009645
0.0310810810810811 950.306343297004
0.0312162162162162 949.214767888244
0.0313513513513514 948.093939974967
0.0314864864864865 946.943979815944
0.0316216216216216 945.765039739396
0.0317567567567568 944.557303006026
0.0318918918918919 943.320982540285
0.032027027027027 942.056319538193
0.0321621621621622 940.763581960762
0.0322972972972973 939.443062922739
0.0324324324324324 938.095078986917
0.0325675675675676 936.719968374766
0.0327027027027027 935.318089104447
0.0328378378378378 933.889817067575
0.032972972972973 932.435544056231
0.0331081081081081 930.955675751772
0.0332432432432432 929.45062968696
0.0333783783783784 927.920833192776
0.0335135135135135 926.366721341036
0.0336486486486487 924.78873489363
0.0337837837837838 923.187318268759
0.0339189189189189 921.562917534077
0.0340540540540541 919.91597843609
0.0341891891891892 918.246944474524
0.0343243243243243 916.55625502972
0.0344594594594595 914.84434355038
0.0345945945945946 913.111635808236
0.0347297297297297 911.358548225406
0.0348648648648649 909.585486279428
0.035 907.792842990099
0.0351351351351351 905.980997491454
0.0352702702702703 904.150313691375
0.0354054054054054 902.301139020516
0.0355405405405405 900.433803271443
0.0356756756756757 898.548617528107
0.0358108108108108 896.645873185034
0.0359459459459459 894.725841054911
0.0360810810810811 892.788770562581
0.0362162162162162 890.834889022841
0.0363513513513514 888.864400998856
0.0364864864864865 886.877487737477
0.0366216216216216 884.874306677268
0.0367567567567568 882.85499102463
0.0368918918918919 880.819649393019
0.037027027027027 878.768365499934
0.0371621621621622 876.701197916074
0.0372972972972973 874.618179860825
0.0374324324324324 872.519319038053
0.0375675675675676 870.404597506034
0.0377027027027027 868.273971575244
0.0378378378378378 866.127371727657
0.037972972972973 863.964702551163
0.0381081081081081 861.785842682699
0.0382432432432432 859.590644753692
0.0383783783783784 857.378935331442
0.0385135135135135 855.150514850123
0.0386486486486486 852.905157525093
0.0387837837837838 850.642611244294
0.0389189189189189 848.362597430538
0.0390540540540541 846.064810868545
0.0391891891891892 843.748919490586
0.0393243243243243 841.414564114644
0.0394594594594595 839.061358128955
0.0395945945945946 836.688887116755
0.0397297297297297 834.296708415011
0.0398648648648649 831.884350600756
0.04 829.451312898525
0.0401351351351351 826.997064502156
0.0402702702702703 824.521043803943
0.0404054054054054 822.022657523824
0.0405405405405405 819.501279730823
0.0406756756756757 816.956250748531
0.0408108108108108 814.38687593578
0.0409459459459459 811.79242433301
0.0410810810810811 809.172127164017
0.0412162162162162 806.525176181849
0.0413513513513514 803.850721846553
0.0414864864864865 801.14787132125
0.0416216216216216 798.415686271626
0.0417567567567568 795.653180452292
0.0418918918918919 792.859317061671
0.042027027027027 790.033005844957
0.0421621621621622 787.173099922313
0.0422972972972973 784.278392316748
0.0424324324324324 781.347612152992
0.0425675675675676 778.379420495169
0.0427027027027027 775.372405786933
0.0428378378378378 772.325078853113
0.042972972972973 769.235867416535
0.0431081081081081 766.103110077495
0.0432432432432432 762.92504969626
0.0433783783783784 759.699826110736
0.0435135135135135 756.425468111885
0.0436486486486486 753.099884588405
0.0437837837837838 749.720854739253
0.0439189189189189 746.286017237498
0.0440540540540541 742.792858211274
0.0441891891891892 739.238697886797
0.0443243243243243 735.620675713822
0.0444594594594595 731.935733764826
0.0445945945945946 728.180598164586
0.0447297297297297 724.351758265593
0.0448648648648649 720.445443235223
0.045 716.457595661152
0.0451351351351351 712.383841709561
0.0452702702702703 708.219457283423
0.0454054054054054 703.959329521647
0.0455405405405405 699.597912849341
0.0456756756756757 695.129178628453
0.0458108108108108 690.546557258544
0.0459459459459459 685.842871328582
0.0460810810810811 681.010258108324
0.0462162162162162 676.040079273233
0.0463513513513513 670.92281525479
0.0464864864864865 665.647940964311
0.0466216216216216 660.2037788065
0.0467567567567568 654.577323814588
0.0468918918918919 648.754034312567
0.047027027027027 642.717579615351
0.0471621621621622 636.449533734209
0.0472972972972973 629.929000601555
0.0474324324324324 623.132151582768
0.0475675675675676 616.031649431703
0.0477027027027027 608.595923504231
0.0478378378378378 600.788247632072
0.047972972972973 592.56555246778
0.0481081081081081 583.87687494254
0.0482432432432433 574.661303120934
0.0483783783783784 564.845205674456
0.0485135135135135 554.338424790841
0.0486486486486487 543.02892949525
0.0487837837837838 530.775116506273
0.0489189189189189 517.394396720017
0.0490540540540541 502.645687329641
0.0491891891891892 486.201437722035
0.0493243243243243 467.600661529684
0.0494594594594595 446.165067355299
0.0495945945945946 420.837011452641
0.0497297297297297 389.831786304716
0.0498648648648649 349.773095461437
0.05 293
