0 975.790042969081
0.00254823595718813 975.790042969081
0.00360374985078224 975.790042969081
0.00441367414752375 975.79004296908
0.00509647191437626 975.790042969077
0.0056980288229819 975.790042969068
0.00624187783932359 975.790042969042
0.00674199862463242 975.790042968976
0.00720749970156447 975.790042968823
0.00764470787156438 975.79004296849
0.0080582296402538 975.790042967804
0.00845154254728517 975.790042966458
0.0088273482950475 975.790042963919
0.00918779540562285 975.790042959298
0.00953462589245592 975.790042951148
0.00986927542439654 975.790042937174
0.0101929438287525 975.790042913818
0.0105066460104836 975.790042875671
0.0108112495523467 975.790042814668
0.0111075030216797 975.790042718988
0.0113960576459638 975.790042571576
0.0116774841624228 975.790042348193
0.0119522860933439 975.790042014852
0.0122209103323218 975.790041524519
0.0124837556786472 975.790040812875
0.0127411797859406 975.790039792965
0.0129935048709411 975.790038348474
0.0132410224425712 975.790036325384
0.0134839972492648 975.790033521698
0.0137226705969242 975.790029674878
0.0139572631559771 975.790024446644
0.0141879773505141 975.790017404679
0.0144149994031289 975.790008000814
0.014638501094228 975.789995545158
0.014858641283079 975.789979175667
0.0150755672288882 975.789957822547
0.0152894157431288 975.789930166908
0.0155003141987426 975.789894593015
0.0157083814173596 975.789849133483
0.0159137284520867 975.789791406733
0.0161164592805076 975.789718546019
0.0163166714201692 975.789627119329
0.0165144564768954 975.78951303948
0.016709900634677 975.789371463711
0.0169030850945703 975.789196682152
0.0170940864689457 975.788981994536
0.017282977136515 975.788719574592
0.0174698255628041 975.788400321616
0.017654696590095 975.788013698785
0.0178376517003169 975.787547557859
0.0180187492539112 975.786987950019
0.0181980447072984 975.786318922691
0.0183755908112457 975.785522302325
0.0185514377921455 975.784577463236
0.0187256335179708 975.783461082731
0.0188982236504614 975.782146882921
0.0190692517849118 975.78060535975
0.019238759578774 975.778803499937
0.0194067868701487 975.776704486706
0.0195733717871215 975.77426739532
0.0197385508487931 975.771446879624
0.0199023590587623 975.768192850958
0.0200648299917393 975.764450150975
0.0202259958738973 975.760158220026
0.020385887657505 975.755250762972
0.020544535090333 975.749655414383
0.0207019667802706 975.743293405229
0.0208582102555549 975.736079233299
0.0210132920209671 975.727920339651
0.0211672376103248 975.718716793526
0.021320071635561 975.708360988189
0.0214718178326606 975.696737350223
0.0216224991046934 975.683722064842
0.0217721375621682 975.669182819773
0.021920754560906 975.652978570255
0.0220683707376187 975.634959327665
0.0222150060433594 975.614965974218
0.0223606797749979 975.592830106103
0.0225054106048636 975.568373907313
0.0226492166086824 975.541410056306
0.0227921152919276 975.511741667472
0.0229341236146932 975.47916226923
0.0230752580151887 975.443455820364
0.0232155344319496 975.40439676605
0.0233549683248457 975.361750134748
0.0234935746949682 975.315271676936
0.023631368103467 975.264708046418
0.0237683626894043 975.209797024656
0.0239045721866879 975.150267788334
0.024040009940141 975.085841220079
0.0241746889207614 975.016230262014
0.0243086217402199 974.9411403115
0.0244418206646436 974.860269658201
0.0245742976277269 974.773309961311
0.0247060642432098 974.679946765509
0.0248371318167601 974.579860053989
0.0249675113572944 974.472724836631
0.0250972135877697 974.358211771167
0.0252262489554756 974.235987814979
0.0253546276418555 974.10571690495
0.0254823595718813 973.967060662618
0.0256094544230086 973.819679121714
0.0257359216337333 973.663231475009
0.0258617704117713 973.497376837296
0.0259870097418821 973.321775021179
0.0261116483933547 973.136087322335
0.0262356949271729 972.939977310773
0.026359157702878 972.733111624649
0.0264820448851425 972.515160763135
0.0266043644500711 972.285799874876
0.0267261241912424 972.04470953859
0.0268473317255034 971.791576532423
0.0269679944985297 971.526094588738
0.0270881197901632 971.24796513113
0.0272077147195376 970.956897990544
0.0273267862500011 970.652612097528
0.0274453411938484 970.33483614779
0.0275633862168686 970.00330923839
0.0276809278427181 969.657781472074
0.0277979724571285 969.298014527446
0.0279145263119541 968.923782192882
0.0280305955290694 968.534870862269
0.0281461861041206 968.131079990907
0.0282613039101401 967.71222251009
0.0283759547010282 967.278125199143
0.0284901441149095 966.828629013889
0.0286038776773678 966.363589370772
0.0287171608045664 965.882876386059
0.0288299988062579 965.386375069805
0.028942396888688 964.873985474451
0.0290543601573988 964.345622798157
0.0291658936199348 963.801217443181
0.029277002188456 963.240715029823
0.0293876906822629 962.664076366614
0.0294979638302353 962.07127737767
0.0296078262731896 961.462308988242
0.0297172825661581 960.837176969715
0.0298263371805924 960.195901745405
0.0299349945064952 959.538518158692
0.0300432588544819 958.865075205121
0.0301511344577764 958.175635730222
0.0302586254741423 957.470276094916
0.0303657359877531 956.749085810449
0.0304724700110022 956.012167144864
0.0305788314862575 955.259634703104
0.0306848242875602 954.491614982873
0.0307904522222709 953.708245908404
0.0308957190326662 952.909676344353
0.0310006283974851 952.09606559199
0.0311051839334293 951.2675828699
0.031209389196618 950.424406781393
0.0313132476839992 949.566724770768
0.0314167628347191 948.694732570589
0.0315199380314507 947.808633642062
0.0316227766016838 946.908638610553
0.0317252818189769 945.99496469825
0.0318274569041734 945.067835155887
0.0319293050265821 944.127478695381
0.0320308293051246 943.174128925175
0.0321320328094494 942.208023789966
0.0322329185610152 941.229405016441
0.0323334895341432 940.238517566538
0.0324337486570401 939.235609099652
0.0325336988127935 938.220929445135
0.0326333428403384 937.194730086306
0.0327326835353989 936.157263657119
0.0328317236514027 935.108783452525
0.0329304659003723 934.049542953471
0.0330289129537908 932.979795367361
0.0331270674434457 931.899793184744
0.0332249319622494 930.809787752862
0.0333225090650391 929.710028866619
0.033419801269354 928.600764377429
0.0335168110561942 927.482239820313
0.0336135408707582 926.354698059544
0.0337099931231621 925.218378953033
0.0338061701891407 924.07351903558
0.0339020744107296 922.920351221049
0.0339977080969314 921.759104523431
0.0340930735243636 920.590003796715
0.0341881729378914 919.413269493403
0.0342830085512441 918.229117441457
0.0343775825476164 917.037758639406
0.0344718970802549 915.839399069298
0.0345659542730299 914.634239527116
0.0346597562209936 913.42247547025
0.0347533049909244 912.204296881579
0.0348466026218585 910.97988814967
0.0349396511256083 909.749427964577
0.0350324524872685 908.513089228705
0.0351250086657104 907.271038982162
0.0352173215940642 906.023438342011
0.03530939318019 904.770442454834
0.0354012253071381 903.512200461973
0.0354928198335982 902.248855476845
0.0355841785943383 900.980544573677
0.0356753034006338 899.707398787043
0.0357661960406859 898.429543121564
0.0358568582800318 897.14709657113
0.0359472918619441 895.860172147023
0.0360374985078224 894.568876914309
0.0361274799175753 893.273312035892
0.0362172377699944 891.973572823615
0.0363067737231197 890.66974879582
0.0363960894145968 889.361923740783
0.0364851864620264 888.050175785458
0.0365740664633062 886.734577468976
0.0366627309969654 885.415195820367
0.0367511816224914 884.092092439986
0.0368394198806504 882.765323584142
0.0369274472937998 881.434940252451
0.0370152653661955 880.100988277451
0.037102875584291 878.763508416031
0.0371902794170316 877.42253644226
0.0372774783161414 876.078103241208
0.0373644737164047 874.730234903365
0.0374512670359416 873.378952819322
0.0375378596764774 872.024273774335
0.0376242530236072 870.666210042472
0.0377104484470541 869.304769480027
0.0377964473009227 867.939955617913
0.0378822509239477 866.571767752768
0.0379678606397364 865.200201036514
0.0380532777570073 863.82524656415
0.0381385035698237 862.446891459536
0.0382235393578219 861.065118958995
0.0383083863864359 859.679908492515
0.0383930459071168 858.291235762409
0.0384775191575481 856.899072819243
0.0385618073618572 855.503388134913
0.0386459117308221 854.104146672724
0.0387298334620742 852.701309954346
0.0388135737402974 851.294836123554
0.0388971337374235 849.884680006626
0.0389805146128232 848.470793169334
0.0390637175134936 847.05312397043
0.039146743574243 845.631617611553
0.0392295939178707 844.206216183503
0.0393122696553448 842.776858708808
0.0393947718859756 841.343481180536
0.0394771016975861 839.906016597301
0.0395592601666799 838.464394994425
0.0396412483586046 837.018543471205
0.0397230673277137 835.568386214251
0.0398047181175245 834.11384451687
0.0398862017608733 832.654836794444
0.0399675192800679 831.191278595784
0.0400486716870373 829.723082610427
0.0401296599834787 828.250158671841
0.0402104851610014 826.772413756498
0.040291148201269 825.289751978808
0.040371650076138 823.802074581847
0.0404519917477945 822.30927992386
0.0405321741688889 820.811263460496
0.0406121982826669 819.30791772273
0.0406920650230995 817.799132290421
0.04077177531501 816.284793761457
0.0408513300741992 814.76478571643
0.0409307302075675 813.238988678767
0.0410099766132362 811.707280070268
0.0410890701806659 810.169534161951
0.0411680117907726 808.625622020132
0.0412468023160427 807.075411447645
0.0413254426206448 805.518766920099
0.0414039335605413 803.955549517065
0.0414822759835959 802.385616848061
0.0415604707296817 800.808822973223
0.041638518630785 799.225018318489
0.0417164205111098 797.634049585171
0.0417941771871782 796.035759653725
0.0418717894679312 794.42998748154
0.0419492581548263 792.816567994553
0.0420265840419343 791.19533197247
0.0421037679160342 789.566105927364
0.0421808105567067 787.9287119754
0.0422577127364258 786.282967701414
0.0423344752206496 784.62868601607
0.0424110987679086 782.965675005266
0.0424875841298938 781.29373777146
0.0425639320515423 779.612672266568
0.0426401432711221 777.922271116029
0.0427162185203153 776.22232143363
0.0427921585243001 774.512604626647
0.0428679640018317 772.792896190821
0.0429436356653212 771.062965494654
0.043019174220914 769.322575552466
0.0430945803685667 767.571482785637
0.0431698548021228 765.809436771382
0.0432449982093868 764.036179978384
0.0433200112721982 762.251447488542
0.0433948946665029 760.454966704062
0.043469649062425 758.646457039024
0.0435442751243363 756.825629594524
0.0436187735109254 754.992186816415
0.0436931448752652 753.145822134585
0.0437673898648802 751.286219582633
0.043841509121812 749.413053396739
0.043915503282684 747.525987592393
0.0439893729787654 745.624675517565
0.0440631188360339 743.708759380798
0.0441367414752375 741.777869752549
0.0442102415119557 739.831625038009
0.0442836195566596 737.869630919459
0.0443568762147704 735.891479766076
0.0444300120867188 733.896750008927
0.0445030277680011 731.885005478689
0.0445759238492371 729.855794703453
0.0446487009162248 727.808650163703
0.0447213595499958 725.743087501349
0.0447939003268694 723.658604679394
0.0448663238185057 721.554681088527
0.0449386305919586 719.430776596586
0.0450108212097272 717.286330536487
0.0450828962298069 715.120760627795
0.0451548562057398 712.933461826666
0.0452267016866645 710.723805098405
0.0452984332173647 708.491136106309
0.0453700513383174 706.234773809886
0.0454415565857406 703.954008964828
0.04551294949164 701.648102516383
0.0455842305838552 699.316283876909
0.0456554003861053 696.957749077465
0.0457264594180338 694.57165878223
0.0457974081952527 692.157136153353
0.0458682472293863 689.713264552527
0.0459389770281143 687.239085064073
0.046009598095214 684.733593822642
0.0460801109306024 682.195739126757
0.0461505160303775 679.624418317273
0.0462208138868588 677.018474397378
0.0462910049886276 674.376692368067
0.0463610898205667 671.697795249815
0.0464310688638993 668.980439757676
0.0465009425962277 666.223211592915
0.0465707114915713 663.424620309649
0.046640376020404 660.583093709608
0.0467099366496914 657.696971711993
0.0467793938429271 654.764499638317
0.0468487480601691 651.783820843918
0.0469179997580747 648.752968618371
0.0469871493899365 645.66985726596
0.047056197405716 642.532272264558
0.0471251442520786 639.337859386233
0.0471939903724269 636.084112645277
0.047262736206934 632.768360918671
0.0473313821925764 629.387753059528
0.0473999287631664 625.939241295137
0.0474683763493839 622.419562666767
0.0475367253788085 618.825218227403
0.04760497627595 615.152449664292
0.0476731294622796 611.397212954061
0.0477411853562601 607.555148586614
0.0478091443733757 603.621547807165
0.0478770069261623 599.59131421987
0.0479447734242357 595.458919966649
0.0480124442743213 591.218355534701
0.048080019880282 586.863072047791
0.0481475006431468 582.385914648945
0.0482148869611381 577.779045271682
0.0482821792296996 573.033852704658
0.0483493778415228 568.140847355571
0.0484164831865744 563.089537480534
0.0484834956521222 557.868282818636
0.0485504156227612 552.464120494363
0.0486172434804398 546.862556634174
0.0486839796044846 541.047315262483
0.048750624371626 535.000033517921
0.0488171781560229 528.699888804356
0.0488836413292871 522.123138783179
0.0489500142605076 515.242548558169
0.0490162973162743 508.026670144342
0.0490824908607021 500.438926023815
0.0491485952554538 492.436429189963
0.0492146108597632 483.968443208718
0.0492805380304581 474.974341944145
0.0493463771219827 465.380860316432
0.0494121284864196 455.098318384469
0.0494777924735123 444.01532153553
0.0495433694306862 431.991133961974
0.0496088597030708 418.84438167571
0.0496742636335202 404.335739479704
0.0497395815626345 388.140299113844
0.0498048138287805 369.801239560596
0.0498699607681116 348.647240241381
0.0499350227145887 323.63326956732
0.05 293
