0.00128247294010644 -0
0.00309616356538147 2.13199351187986e-13
0.00403499891687163 9.69875778560037e-13
0.00478625417180948 4.42573638355567e-12
0.00543264255359491 1.61439012153247e-11
0.00600910098556974 5.09727064136658e-11
0.0065345087748792 1.4076012357858e-10
0.00702048571324154 3.51613146659965e-10
0.00747480007086939 8.15202324411269e-10
0.00790295434858839 1.77566955912138e-09
0.00830901707438607 3.66908464075834e-09
0.0086960981293102 7.24340806508652e-09
0.00906663852814203 1.37432985998332e-08
0.0094225962946358 2.51799016396682e-08
0.00976557068868088 4.47165268625413e-08
0.0100968880994197 7.72167195712248e-08
0.0104176631544811 1.29997004703057e-07
0.0107288432698804 2.13854395164173e-07
0.0110312418195746 3.44440394002176e-07
0.0113255632905135 5.44068849775127e-07
0.0116124226715344 8.44068132293585e-07
0.0118923606145927 1.28780577874383e-06
0.0121658554437804 1.93451972997001e-06
0.0124333327783335 2.86411801063682e-06
0.0126951733249076 4.18313930903621e-06
0.0129517192477897 6.03206831890649e-06
0.0132032794220473 8.59422120491916e-06
0.0134501338001728 1.2106456566438e-05
0.0136925370685465 1.68719481771019e-05
0.0139307217300262 2.32753054218688e-05
0.0141649007190812 3.18003157418921e-05
0.0143952696333186 4.30505878602629e-05
0.0146220086480314 5.77734097366377e-05
0.0148452841671328 7.68870801194308e-05
0.0150652502535375 0.00010151202338249
0.0152820498739747 0.000133005933183514
0.0154958159868395 0.00017300320147874
0.0157066724966218 0.000223458848675543
0.0159147350943858 0.000286697124033614
0.016120112000503 0.000365464948052996
0.0163229046231855 0.000462990232258503
0.0165232081442019 0.00058304516805838
0.0167211120413834 0.000730014391506793
0.0169167005560628 0.000908967958746302
0.0171100531123801 0.00112573892783576
0.0173012446943768 0.00138700528010397
0.0174903461859613 0.0017003758331937
0.017677424678117 0.00207447970379617
0.0178625437471315 0.00251905876423025
0.0180457637071202 0.00304506250145764
0.0182271418396882 0.00366474451993361
0.0184067326032108 0.0043917599162329
0.0185845878239012 0.00524126261172884
0.0187607568705667 0.00623000167686291
0.0189352868147217 0.00737641561973454
0.0191082225775325 0.00870072352016084
0.0192796070648925 0.0102250118564461
0.0194494812917794 0.0119733158250845
0.019617884496916 0.0139716939401614
0.019784854248643 0.0162482946458772
0.0199504265428132 0.0188334137169478
0.0201146358934306 0.0217595412259297
0.0202775154166797 0.0250613968486636
0.020439096908926 0.0287759523873231
0.0205994109192079 0.0329424404063741
0.0207584868166875 0.0376023479643673
0.0209163528534828 0.0427993945356972
0.0210730362232623 0.0485794932865311
0.0212285631159455 0.0549906950368036
0.0213829587688218 0.0620831143244611
0.0215362475143696 0.069908837179171
0.0216884528250329 0.0785218103216091
0.021839597355188 0.0879777117077557
0.0219897029805139 0.0983338024690131
0.0221387908349591 0.109648760505327
0.0222868813454819 0.121982496139089
0.0224339942647271 0.135395950409569
0.0225801487017846 0.149950876806408
0.0227253631511689 0.165709607337055
0.0228696555201405 0.182734804052842
0.0230130431544861 0.201089197299353
0.0231555428628613 0.220835312048784
0.0232971709397929 0.242035183921291
0.0234379431874303 0.264750066501987
0.0235778749361272 0.289040131768896
0.0237169810639303 0.314964165470332
0.0238552760150459 0.342579259405353
0.0239927738173468 0.37194050264229
0.024129488098982 0.403100673681523
0.0242654321041445 0.43610993564862
0.024400618708047 0.471015536622604
0.0245350604311559 0.507861517121427
0.0246687694527264 0.546688426806979
0.0248017576236814 0.58753305237162
0.024934036478871 0.630428158548682
0.0250656172487509 0.675402244032724
0.0251965108705106 0.722479314085704
0.0253267279986849 0.77167867141004
0.0254562790152762 0.823014726785968
0.0255851740394154 0.876496830815438
0.0257134229365874 0.932129127992964
0.0258410353274437 0.989910434082259
0.025968020596226 1.04983413772758
0.0260943878988202 1.11188812695096
0.0262201461704611 1.17605474108012
0.0263453041331063 1.24231074842902
0.026469870302496 1.31062734988671
0.0265938529949155 1.38097020842108
0.0267172603336745 1.45329950426653
0.0268401002553192 1.52757001543988
0.0269623805155888 1.60373122307419
0.0270841086951305 1.68172744081786
0.0272052922049839 1.76149796751819
0.0273259382918471 1.84297726214079
0.0274460540431337 1.92609513984902
0.0275656463918316 2.01077698797143
0.0276847221211736 2.0969440005209
0.027803287869127 2.18451342980418
0.0279213501327121 2.27339885359517
0.028038915272157 2.36351045627985
0.0281559895148963 2.45475532228578
0.0282725789594201 2.54703774011111
0.028388689578982 2.6402595152165
0.0285043272251697 2.7343202900048
0.0286194976313471 2.82911786918553
0.028734206415971 2.92454854869228
0.02884845908579 3.02050744650071
0.0289622610389293 3.1168888336117
0.0290756175678672 3.21358646355098
0.029188533862307 3.31049389878042
0.02930101501195 3.4075048324812
0.0294130660091725 3.50451340425122
0.0295246917516116 3.60141450828649
0.0296358970446631 3.69810409279181
0.0297466866038958 3.79447944934394
0.0298570650573847 3.89043949111783
0.0299670369479672 3.98588501895871
0.0300766067354246 4.08071897432455
0.0301857787985928 4.17484667835672
0.0302945574374046 4.26817605627994
0.0304029468748653 4.36061784659546
0.0305109512589665 4.45208579451701
0.030618574664538 4.54249682927167
0.030725821095042 4.6317712249592
0.0308326944843109 4.71983274478711
0.0309391986982307 4.80660876856703
0.0310453375363733 4.89203040346514
0.0311511147335779 4.97603257811873
0.0312565339614845 5.0585541202432
0.0313615988300214 5.13953781801642
0.0314663128888472 5.21893046554554
0.0315706796287505 5.29668289280887
0.0316747024830078 5.37274998054034
0.0317783848287012 5.44709066055342
0.031881729987998 5.51966790210584
0.0319847412293923 5.59044868486436
0.0320874217689119 5.65940395918364
0.0321897747712894 5.72650859434289
0.0322918033511003 5.79174131548029
0.0323935105738695 5.8550846299609
0.0324948994571451 5.91652474392364
0.0325959729715441 5.97605146981101
0.0326967340417672 6.03365812561203
0.0327971855475866 6.08934142664815
0.0328973303248064 6.14310137063942
0.0329971711661966 6.19494111684963
0.033096710822402 6.24486686006031
0.0331959520028263 6.29288770013076
0.033294897376493 6.33901550785517
0.0333935495728822 6.38326478785425
0.0334919111827469 6.42565253916429
0.0335899847589061 6.46619811419951
0.0336877728170184 6.50492307671254
0.0337852778363346 6.54185105936029
0.0338825022604313 6.57700762145513
0.0339794484979254 6.61042010741795
0.0340761189231705 6.64211750647707
0.0341725158769351 6.67213031404805
0.0342686416670641 6.70049039525419
0.0343644985691236 6.72723085100011
0.0344600888270295 6.75238588692709
0.03455541465366 6.77599068564221
0.0346504782314537 6.79808128247283
0.0347452817129926 6.81869444502813
0.0348398272215705 6.83786755683045
0.0349341168517483 6.85563850515777
0.0350281526698952 6.87204557333563
0.0351219367147171 6.88712733757906
0.0352154709977722 6.9009225684966
0.0353087575039747 6.91347013737515
0.0354017981920862 6.92480892725779
0.0354945949951952 6.93497774890386
0.0355871498211865 6.94401526159221
0.0356794645531982 6.9519598987978
0.0357715410500689 6.95884979868526
0.0358633811467747 6.96472273940298
0.0359549866548555 6.96961607906336
0.0360463593628324 6.97356670038918
0.0361375010366145 6.97661095988308
0.0362284134198977 6.97878464143693
0.0363190982345537 6.98012291425953
0.0364095571810105 6.98066029499177
0.0364997919386242 6.98043061387245
0.0365898041660434 6.97946698480839
0.0366795955015641 6.97780177921131
0.0367691675634786 6.97546660342546
0.0368585219504146 6.97249227960287
0.0369476602416694 6.96890882986539
0.0370365839975345 6.96474546357687
0.0371252947596149 6.96003056757009
0.0372137940511406 6.95479169915828
0.037302083377272 6.94905558178135
0.0373901642253986 6.94284810309502
0.037478038065431 6.93619431537856
0.0375657063500875 6.92911843806403
0.0376531705151743 6.92164386226996
0.0377404319798594 6.91379315715332
0.0378274921469421 6.90558807795626
0.0379143524031151 6.89704957559486
0.0380010141192233 6.88819780764942
0.0380874786505151 6.87905215061829
0.0381737473368908 6.86963121332602
0.0382598215031438 6.85995285134252
0.038345702459199 6.85003418229647
0.0384313915003445 6.83989160197841
0.0385168899074601 6.82954080112686
0.0386021989472404 6.81899678279
0.0386873198724141 6.80827388016548
0.0387722539219581 6.79738577484094
0.0388570023213085 6.78634551533022
0.0389415662825665 6.77516553584658
0.0390259470047007 6.76385767522439
0.0391101456737457 6.75243319592858
0.0391941634629964 6.74090280308163
0.0392780015331986 6.72927666345157
0.0393616610327365 6.71756442435987
0.039445143097816 6.70577523242709
0.0395284488526446 6.69391775215186
0.0396115794096084 6.6820001842508
0.0396945358694452 6.67003028373916
0.0397773193214143 6.65801537771569
0.039859930843464 6.64596238281356
0.0399423715023947 6.63387782231533
0.0400246423540202 6.62176784287893
0.0401067444433249 6.60963823088023
0.0401886788046194 6.59749442834077
0.0402704464616916 6.58534154843761
0.0403520484279568 6.57318439057953
0.0404334857066037 6.56102745503896
0.0405147592907386 6.54887495713359
0.0405958701635265 6.53673084096562
0.0406768192983301 6.52459879269153
0.0407576076588457 6.51248225335104
0.0408382361992375 6.50038443123334
0.0409187058642688 6.48830831379338
0.0409990175894312 6.47625667912067
0.0410791723010716 6.46423210696851
0.0411591709165167 6.45223698933459
0.0412390143441956 6.4402735406262
0.0413187034837602 6.42834380739198
0.0413982392262034 6.41644967764986
0.0414776224539752 6.40459288979947
0.0415568540410973 6.39277504114506
0.041635934853275 6.38099759603665
0.0417148657480076 6.36926189362713
0.0417936475746972 6.3575691552764
0.0418722811747551 6.34592049159744
0.0419507673817065 6.33431690916059
0.0420291070212941 6.32275931686967
0.0421073009115789 6.3112485320146
0.0421853498630401 6.29978528602513
0.0422632546786731 6.28837022992064
0.0423410161540862 6.2770039394785
0.0424186350775946 6.26568692012862
0.0424961122303147 6.25441961158495
0.0425734483862548 6.24320239222324
0.042650644312406 6.23203558322118
0.0427277007688307 6.22091945246339
0.04280461850875 6.20985421823464
0.0428813982786293 6.19884005268776
0.0429580408182633 6.18787708512549
0.0430345468608589 6.17696540508101
0.043110917133117 6.16610506522364
0.043187152355313 6.15529608408408
0.0432632532413764 6.14453844861884
0.0433392204989684 6.13383211661741
0.0434150548295588 6.1231770189631
0.0434907569285017 6.11257306174861
0.0435663274851099 6.10202012826127
0.0436417671827277 6.09151808084352
0.0437170766988037 6.08106676262811
0.0437922567049612 6.07066599916744
0.0438673078670682 6.06031559995194
0.0439422308453066 6.05001535982913
0.0440170262942393 6.03976506032807
0.0440916948628775 6.02956447089431
0.044166237194746 6.01941335003971
0.0442406539279483 6.00931144641476
0.0443149456952299 5.99925849980324
0.0443891131240414 5.98925424205375
0.0444631568366001 5.97929839793591
0.0445370774499512 5.96939068594294
0.0446108755760274 5.95953081903263
0.0446845518217082 5.94971850531072
0.0447581067888784 5.93995344867533
0.044831541074485 5.93023534939828
0.0449048552705939 5.92056390467477
0.0449780499644456 5.91093880912176
0.0450511257385103 5.90135975524558
0.0451240831705416 5.89182643386683
0.0451969228336301 5.88233853451658
0.0452696452962555 5.87289574579688
0.0453422511223391 5.86349775571366
0.0454147408712941 5.85414425198266
0.0454871150980761 5.84483492230812
0.0455593743532329 5.83556945464106
0.0456315191829532 5.8263475374112
0.0457035501291147 5.8171688597398
0.0457754677293316 5.80803311163725
0.0458472725170015 5.79893998417593
0.0459189650213516 5.78988916965472
0.045990545767484 5.78088036174038
0.0460620152764208 5.77191325560099
0.0461333740651482 5.76298754802321
0.0462046226466602 5.75410293751975
0.0462757615300015 5.74525912442177
0.0463467912203102 5.73645581096666
0.0464177122188595 5.72769270137125
0.0464885250230987 5.71896950189845
0.0465592301266945 5.71028592091671
0.0466298280195706 5.70164166895133
0.0467003191879475 5.69303645872733
0.0467707041143819 5.6844700052087
0.0468409832778045 5.67594202563031
0.0469111571535589 5.66745223952434
0.0469812262134383 5.65900036874416
0.0470511909257231 5.65058613747949
0.0471210517552171 5.64220927227263
0.0471908091632837 5.6338695020276
0.0472604636078812 5.62556655801661
0.0473300155435983 5.61730017388344
0.0473994654216882 5.60907008564475
0.0474688136901032 5.60087603168876
0.0475380607935281 5.59271775276972
0.0476072071734136 5.58459499200328
0.0476762532680092 5.57650749485844
0.0477451995123956 5.56845500914746
0.0478140463385163 5.56043728501396
0.04788279417521 5.552454074922
0.0479514434482407 5.54450513364075
0.0480199945803294 5.53659021823095
0.0480884479911839 5.52870908802773
0.0481568040975292 5.52086150462539
0.0482250633131366 5.51304723185857
0.0482932260488533 5.50526603578478
0.0483612927126312 5.49751768466618
0.0484292637095552 5.48980194894976
0.0484971394418716 5.48211860124765
0.0485649203090156 5.47446741631715
0.0486326067076389 5.46684817104155
0.0487001990316368 5.45926064440817
0.0487676976721747 5.45170461748827
0.0488351030177148 5.44417987341645
0.0489024154540422 5.43668619736918
0.0489696353642903 5.42922337654431
0.0490367631289665 5.42179120013909
0.0491037991259775 5.41438945933023
0.0491707437306537 5.40701794725193
0.0492375973157741 5.39967645897516
0.0493043602515902 5.39236479148666
0.0493710329058504 5.38508274366812
0.0494376156438228 5.37783011627524
0.0495041088283197 5.37060671191728
0.0495705128197194 5.36341233503616
0.04963682797599 5.35624679188646
0.0497030546527116 5.34910989051495
0.0497691932030981 5.34200144074046
0.0498352439780199 5.33492125413415
0.0499012073260252 5.32786914399962
0.0499670835933614 5.32084492535352
