0.00405553552826906 8.21572911884477e-12
0.00979092887503311 1.35065948015014e-07
0.0127597869336267 9.05693928048762e-06
0.0151354646434008 0.000172758825016562
0.0171795241829133 0.00162702514170169
0.019002445804363 0.00953731752103757
0.0206639311189747 0.0394400818214452
0.022200725134515 0.124402933470361
0.0236373932783353 0.315703880411714
0.0249913359858716 0.670203151059511
0.0262754190722887 1.22631311140027
0.0274994768449497 1.98086295880794
0.0286712284703655 2.88116066914637
0.0297968657633121 3.83773575773876
0.0308814460276107 4.75096991659604
0.0319291636740148 5.53830140497834
0.0329435434645747 6.15100068003111
0.0339275813917906 6.57694359704585
0.0348838495699558 6.83264042676163
0.035814575782414 6.95073140181945
0.036721704794626 6.96836660553363
0.0376069462981928 6.9193184977567
0.0384718128867045 6.83022749242743
0.0393176504863631 6.71996835172236
0.040145662997321 6.60075381610129
0.0409569324380581 6.47984521170739
0.0417524355573009 6.36119099342238
0.0425330576425619 6.24670596673639
0.043299604082892 6.13714927767302
0.0440528101168842 6.03267186262047
0.0447933491024535 5.93313186531416
0.0455218395735437 5.83826399302747
0.0462388512944585 5.7477643691031
0.0469449104805753 5.6613298435719
0.0476405043216078 5.57867428541065
0.0483260849180492 5.49953395858513
0.0490020727212626 5.42366808596084
0.0496688595516483 5.35085750456111
