0.000657894736842105 -0
0.00197368421052632 8.6268713809994e-14
0.00328947368421053 4.30158832530555e-13
0.00460526315789474 4.54084631416519e-12
0.00592105263157895 6.25385989918102e-11
0.00723684210526316 7.52606685463625e-10
0.00855263157894737 7.91102721079465e-09
0.00986842105263158 7.26191471269849e-08
0.0111842105263158 5.8250372556846e-07
0.0125 4.08582692359403e-06
0.0138157894736842 2.5079847113513e-05
0.0151315789473684 0.000134834053576726
0.0164473684210526 0.000635506581876292
0.0177631578947368 0.00262885562405329
0.0190789473684211 0.00955657290556805
0.0203947368421053 0.0305768912598424
0.0217105263157895 0.0862662580673646
0.0230263157894737 0.215089403573236
0.0243421052631579 0.475255875984546
0.0256578947368421 0.93381974837115
0.0269736842105263 1.63874505732737
0.0282894736842105 2.58263812205491
0.0296052631578947 3.68088325735599
0.0309210526315789 4.78617997115482
0.0322368421052632 5.73937740281377
0.0335526315789474 6.42885131265109
0.0348684210526316 6.8233004711848
0.0361842105263158 6.96332829400515
0.0375 6.9258322067126
0.0388157894736842 6.78742941340549
0.0401315789473684 6.60414594152758
0.0414473684210526 6.40846589828811
0.0427631578947368 6.21562981965397
0.0440789473684211 6.03127006367271
0.0453947368421053 5.85673103162526
0.0467105263157895 5.69181079423901
0.0480263157894737 5.53588128180735
0.0493421052631579 5.38825943985972
