0 921.827462269543
0.00131578947368421 921.827462269543
0.00263157894736842 921.827462269543
0.00394736842105263 921.827462269542
0.00526315789473684 921.827462269536
0.00657894736842105 921.827462269453
0.00789473684210526 921.827462268441
0.00921052631578947 921.827462257722
0.0105263157894737 921.827462158337
0.0118421052631579 921.827461351941
0.0131578947368421 921.827455621267
0.0144736842105263 921.827419923159
0.0157894736842105 921.827224819917
0.0171052631578947 921.826288303358
0.0184210526315789 921.822335363827
0.0197368421052632 921.807643085808
0.0210526315789474 921.759476628089
0.0223684210526316 921.619919601144
0.0236842105263158 921.261692577169
0.025 920.444638077197
0.0263157894736842 918.782651878012
0.0276315789473684 915.753702963619
0.0289473684210526 910.778896354651
0.0302631578947368 903.361007655704
0.0315789473684211 893.226135646148
0.0328947368421053 880.393202450487
0.0342105263157895 865.129498189598
0.0355263157894737 847.815466363842
0.0368421052631579 828.787585003144
0.0381578947368421 808.222423673733
0.0394736842105263 786.081363440545
0.0407894736842105 762.091654398141
0.0421052631578947 735.717795858272
0.043421052631579 706.068471126203
0.0447368421052632 671.652976990867
0.0460526315789474 629.764461128648
0.0473684210526316 574.687797938446
0.0486842105263158 490.591178494252
0.05 293
