0.00127411797859406 -0
0.00307599290398518 2.14608014797015e-13
0.00400871199915299 8.36843966103181e-13
0.00475507303095 4.29027690299936e-12
0.00539725036867908 1.55050292951239e-11
0.00596995333115275 4.71948062826425e-11
0.00649193823197801 1.29644453618934e-10
0.00697474916309845 3.22633228079888e-10
0.00742610378656443 7.44738284283544e-10
0.00785146875590909 1.61731915719321e-09
0.00825488609376948 3.33083709828838e-09
0.00863944542116633 6.55637319430892e-09
0.00900757185033517 1.24092695691964e-08
0.00936121064903939 2.26826903401148e-08
0.00970195065842623 4.01991312777827e-08
0.0100311096265745 6.92854073193601e-08
0.010349794919618 1.16444509805711e-07
0.0106589477814151 1.91259463423917e-07
0.0109593762870132 3.07606897757892e-07
0.0112517803338217 4.85250100896199e-07
0.0115367709041933 7.51919055178036e-07
0.0118148851278834 1.14596766420452e-06
0.0120865982128329 1.71975353620675e-06
0.0123523330054845 2.54387125863154e-06
0.0126124677322939 3.71240543760826e-06
0.0128673423284408 5.34938118903845e-06
0.0131172636567561 7.6166003141294e-06
0.013362509845918 1.07230964067824e-05
0.0136033339230945 1.49364153869941e-05
0.0138399668764506 2.05959825965044e-05
0.0140726202532456 2.81287873583671e-05
0.0143014883768215 3.80676683106853e-05
0.0145267502486785 5.10724548366468e-05
0.0147485711886535 6.79542201489635e-05
0.0149671042559836 8.97029279973036e-05
0.0151824914860085 0.000117518701121147
0.0153948649709357 0.000152846950428353
0.0156043478080511 0.000197417591090451
0.0158110549347231 0.00025328850166739
0.0160150938662971 0.000322893388605118
0.0162165653503384 0.000409094152006081
0.0164155639485323 0.000515237820905488
0.0166121785557862 0.000645218035165392
0.0168064928646237 0.000803541023337955
0.016998585781758 0.000995395947248605
0.0171885318027303 0.0012267294125584
0.0173764013496596 0.00150432385627178
0.0175622610764496 0.00183587946158214
0.0177461741452059 0.00223009916100915
0.017928200477114 0.00269677620414638
0.0181083969806048 0.00324688367354964
0.0182868177592721 0.00389266528113864
0.0184635143016956 0.00464772667887194
0.0186385356550581 0.00552712641659286
0.0188119285842161 0.00654746567964557
0.0189837377176866 0.00772697580626089
0.0191540056818429 0.00908560257449091
0.0193227732244614 0.0106450861867087
0.0194900793286351 0.0124290358534989
0.0196559613179573 0.0144629978498564
0.0198204549537777 0.0167745158939585
0.0199835945252508 0.0193931827532383
0.0201454129328183 0.0223506819222711
0.0203059417657011 0.0256808183095223
0.020465211373919 0.0294195368805218
0.0206232509353018 0.0336049282886816
0.0207800885179128 0.0382772205653236
0.020935751138261 0.0434787560621922
0.021090264815646 0.0492539529030266
0.0212436546229429 0.0556492503410814
0.0213959447341108 0.0627130375255172
0.021547158468677 0.0704955653047529
0.0216973183334308 0.0790488408596816
0.0218464460615371 0.0884265050647386
0.0219945626492624 0.0986836926810325
0.0221416883904891 0.109876875579434
0.0222878429091786 0.122063689415411
0.0224330451899307 0.135302744272181
0.022577313606773 0.149653419988301
0.022720665950305 0.165175647029296
0.0228631194533104 0.181929673889346
0.0230046908149409 0.199975822200688
0.0231453962235692 0.219374230781612
0.0232852513783977 0.240184590075391
0.023424271509907 0.262465868455696
0.0235624713992176 0.286276032029156
0.0236998653964356 0.31167175963485
0.0238364674380461 0.338708154795368
0.0239722910634144 0.367438456474451
0.0241073494304512 0.397913750469687
0.0242416553304906 0.43018268336624
0.0243752212024317 0.464291180919117
0.0245080591461852 0.500282172771125
0.0246401809354684 0.53819532536341
0.024771598029985 0.578066784827388
0.0249023215870272 0.619928931688204
0.025032362472532 0.663810148978543
0.0251617312716227 0.709734605421286
0.0252904382986656 0.757722055181211
0.0254184936068684 0.807787655524497
0.0255459069974449 0.859941803704916
0.025672688028371 0.914189994160374
0.0257988460227523 0.970532697043437
0.0259243900768267 1.02896525889289
0.0260493290676184 1.08947782615215
0.0261736716602638 1.15205529203736
0.0262974263150255 1.21667726715409
0.0264206012940103 1.28331807402408
0.0265432046676068 1.35194676559565
0.0266652443206568 1.42252716759585
0.0267867279583729 1.49501794445737
0.0269076631120165 1.5693726884037
0.0270280571443465 1.64554003109336
0.0271479172548504 1.7234637771187
0.0272672504847693 1.80308305853568
0.0273860637219247 1.88433250940183
0.0275043637053585 1.96714245929878
0.0276221570297933 2.05143914460328
0.0277394501499233 2.13714493626307
0.0278562493845413 2.22417858268186
0.0279725609205118 2.31245546631077
0.028088390816595 2.40188787243834
0.0282037450071303 2.49238526865902
0.0283186293055841 2.58385459343227
0.0284330494079689 2.67620055214853
0.0285470108961386 2.76932591910827
0.0286605192409671 2.86313184379844
0.0287735798054121 2.9575181598728
0.028886197847473 3.05238369529065
0.0289983785230434 3.14762658206141
0.0291101268886668 3.24314456408195
0.0292214479041954 3.33883530167396
0.0293323464353595 3.43459667136504
0.0294428272562491 3.53032705966966
0.0295528950517125 3.62592564954424
0.0296625544196738 3.72129269841045
0.0297718098733753 3.81632980660566
0.0298806658435438 3.91094017528644
0.0299891266804885 4.00502885287189
0.0300971966561291 4.09850296918469
0.0302048799659594 4.19127195659848
0.0303121807309477 4.28324775749963
0.0304191029993776 4.37434501761312
0.0305256507486299 4.46448126465997
0.0306318278869088 4.55357707206561
0.0307376382549155 4.64155620742932
0.0308430856274686 4.72834576559225
0.0309481737150757 4.81387628623983
0.0310529061654572 4.89808185602123
0.0311572865650236 4.98090019528899
0.0312613184403086 5.06227272960532
0.0313650052593591 5.14214464626388
0.0314683504330849 5.22046493611053
0.0315713573165673 5.29718642102759
0.0316740292103303 5.37226576751339
0.0317763693615751 5.44566348681168
0.0318783809653777 5.51734392212925
0.0319800671658533 5.58727522346943
0.032081431057287 5.65542931071735
0.0321824756852323 5.72178182557967
0.0322832040475792 5.78631207302539
0.0323836190955916 5.84900295294007
0.0324837237349168 5.90984088263435
0.0325835208265659 5.96881571095586
0.0326830131878686 6.0259206246735
0.0327822035934008 6.08115204788174
0.0328810947758875 6.13450953511751
0.0329796894270816 6.18599565888407
0.0330779901986182 6.23561589231489
0.0331759997028475 6.28337848761444
0.0332737205136442 6.32929435099238
0.0333711551671965 6.37337691470528
0.0334683061627741 6.41564200687271
0.0335651759634762 6.45610771961833
0.0336617669969601 6.49479427620539
0.0337580816561514 6.53172389763725
0.0338541222999352 6.56692066931165
0.0339498912538305 6.60041040820064
0.0340453908106475 6.6322205310371
0.0341406232311275 6.66237992395648
0.0342355907445677 6.69091881397534
0.0343302955494303 6.71786864272049
0.0344247398139357 6.74326194272676
0.0345189256766424 6.76713221664065
0.0346128552470117 6.7895138195944
0.034706530605959 6.81044184502825
0.0347999538063914 6.82995201415997
0.0348931268737334 6.84808056932459
0.0349860518064384 6.86486417132283
0.0350787305764895 6.8803398009519
0.0351711651298873 6.894544664797
0.0352633573871271 6.90751610540318
0.035355309243664 6.91929151587572
0.0354470225703681 6.92990825895645
0.0355384992139682 6.93940359059215
0.0356297409974861 6.94781458802077
0.0357207497206599 6.95517808230053
0.0358115271603589 6.96153059532854
0.035902075070988 6.96690828122378
0.0359923951848832 6.9713468720536
0.0360824892126988 6.9748816277988
0.0361723588437849 6.97754729048791
0.0362620057465571 6.97937804239031
0.0363514315688583 6.98040746814012
0.0364406379383116 6.98066852069852
0.0365296264626663 6.98019349100566
0.0366183987301358 6.97901398120003
0.0367069563097284 6.97716088126548
0.0367953007515709 6.97466434894805
0.0368834335872251 6.97155379282597
0.0369713563299977 6.96785785835426
0.0370590704752432 6.96360441675321
0.0371465775006613 6.95882055657946
0.0372338788665865 6.9535325778431
0.037320976016273 6.94776598849734
0.0374078703761731 6.94154550318627
0.0374945633562095 6.93489504406152
0.0375810563500423 6.92783774357166
0.0376673507353306 6.92039594904274
0.0377534478739884 6.91259122892998
0.0378393491124352 6.90444438061052
0.037925055781842 6.89597543957919
0.0380105691983718 6.88720368992196
0.0380958906634155 6.87814767594131
0.0381810214638228 6.86882521483817
0.0382659628721289 6.85925341030039
0.0383507161467763 6.84944866692642
0.0384352825323324 6.83942670537336
0.0385196632597027 6.82920257810136
0.0386038595463397 6.81879068567571
0.0386878725964481 6.80820479349171
0.0387717036011858 6.79745804886233
0.0388553537388605 6.78656299839825
0.0389388241751234 6.77553160558813
0.0390221160631584 6.7643752685174
0.0391052305438683 6.75310483768311
0.0391881687460568 6.74173063380981
0.0392709317866078 6.73026246564576
0.0393535207706602 6.71870964767519
0.0394359367917809 6.70708101769937
0.039518180932133 6.69538495425081
0.0396002542626422 6.6836293937946
0.0396821578431592 6.67182184770602
0.0397638927226191 6.65996941895762
0.0398454599391989 6.64807881851922
0.0399268605204706 6.6361563814379
0.0400080954835526 6.62420808256624
0.040089165835258 6.61223955194335
0.0401700725722401 6.60025608978895
0.0402508166811352 6.58826268111069
0.0403313991387035 6.57626400992157
0.0404118209119662 6.56426447304271
0.0404920829583417 6.55226819349213
0.0405721862257779 6.54027903346201
0.0406521316528832 6.52830060687084
0.0407319201690548 6.51633629149762
0.0408115526946046 6.50438924069387
0.0408910301408833 6.49246239467748
0.0409703534104018 6.48055849141494
0.0410495233969511 6.46868007708208
0.0411285409857193 6.45682951613222
0.0412074070534076 6.44500900095298
0.0412861224683437 6.43322056113968
0.041364688090593 6.42146607236901
0.0414431047720686 6.40974726491562
0.0415213733566388 6.39806573177616
0.0415994946802334 6.38642293645219
0.0416774695709474 6.37482022037477
0.041755298849144 6.36325880998848
0.0418329833275547 6.35173982350312
0.0419105238113787 6.34026427733224
0.0419879210983803 6.32883309220987
0.0420651759789843 6.31744709901856
0.0421422892363705 6.30610704431943
0.0422192616465663 6.29481359560929
0.0422960939785377 6.28356734630269
0.0423727869942791 6.27236882045768
0.0424493414489012 6.26121847725605
0.0425257580907181 6.25011671524084
0.0426020376613322 6.23906387632851
0.0426781808957187 6.22806024959559
0.0427541885223077 6.21710607486629
0.0428300612630659 6.20620154608458
0.0429057998335764 6.19534681451249
0.0429814049431176 6.18454199173363
0.0430568772947404 6.17378715248234
0.0431322175853448 6.16308233731599
0.0432074265057548 6.15242755512032
0.0432825047407925 6.14182278546974
0.0433574529693505 6.13126798084239
0.043432271864464 6.12076306870339
0.0435069620933807 6.110307953454
0.0435815243176308 6.09990251826338
0.0436559591930953 6.0895466267881
0.0437302673700727 6.07924012477223
0.0438044494933461 6.06898284155532
0.043878506202248 6.05877459147659
0.0439524381307247 6.04861517518896
0.0440262459073996 6.0385043808864
0.0440999301556357 6.02844198544826
0.0441734914935966 6.01842775550877
0.0442469305343077 6.00846144844815
0.044320247885715 5.99854281332631
0.0443934441507446 5.98867159173824
0.0444665199273599 5.97884751862077
0.0445394758086191 5.96907032299415
0.044612312382731 5.95933972865697
0.0446850302331103 5.94965545482666
0.0447576299384326 5.94001721673466
0.0448301120726875 5.9304247261788
0.0449024772052322 5.92087769202981
0.0449747259008429 5.91137582070561
0.045046858719767 5.90191881660651
0.0451188762177733 5.89250638251616
0.0451907789462022 5.88313821997316
0.0452625674520146 5.87381402961011
0.0453342422778411 5.86453351147017
0.045405803962029 5.85529636529299
0.0454772530386903 5.8461022907798
0.0455485900377476 5.83695098783717
0.0456198154849802 5.82784215679631
0.0456909299020695 5.81877549861616
0.0457619338066432 5.8097507150711
0.0458328277123195 5.80076750891685
0.0459036121287503 5.79182558404174
0.0459742875616641 5.78292464560941
0.0460448545129082 5.77406440018103
0.04611531348049 5.7652445558306
0.0461856649586181 5.75646482224493
0.0462559094377432 5.7477249108173
0.0463260474045971 5.73902453472887
0.046396079342233 5.73036340901961
0.0464660057300635 5.72174125065488
0.0465358270438995 5.71315777858143
0.0466055437559876 5.7046127137787
0.0466751563350477 5.69610577930015
0.0467446652463093 5.68763670031247
0.0468140709515481 5.67920520412738
0.0468833739091219 5.67081102022843
0.0469525745740056 5.66245388029412
0.0470216733978262 5.65413351821395
0.0470906708288973 5.64584967010539
0.0471595673122528 5.63760207432378
0.0472283632896805 5.62939047146961
0.0472970591997552 5.62121460439305
0.0473656554778714 5.61307421819611
0.0474341525562752 5.60496906023266
0.0475025508640962 5.59689888010411
0.0475708508273793 5.58886342965694
0.0476390528691148 5.58086246297377
0.0477071574092698 5.57289573636668
0.0477751648648179 5.56496300836638
0.047843075649769 5.55706403971261
0.047910890175199 5.54919859334079
0.0479786088492785 5.54136643436795
0.0480462320773016 5.53356733008024
0.0481137602617144 5.52580104991646
0.0481811938021424 5.51806736545228
0.0482485330954188 5.51036605038461
0.0483157785356112 5.5026968805131
0.0483829305140486 5.49505963372298
0.0484499894193483 5.48745408996715
0.0485169556374417 5.47988003124804
0.0485838295516005 5.4723372415979
0.0486506115424622 5.46482550705991
0.0487173019880553 5.45734461567011
0.0487839012638245 5.44989435743628
0.048850409742655 5.44247452431945
0.0489168277948974 5.43508491021393
0.048983155788391 5.42772531092726
0.0490493940884882 5.42039552416139
0.049115543058078 5.41309534949179
0.0491816030576085 5.40582458834825
0.0492475744451107 5.39858304399528
0.0493134575762204 5.39137052151234
0.0493792528042011 5.38418682777423
0.049444960479966 5.37703177143164
0.0495105809520993 5.36990516289218
0.0495761145668785 5.36280681430034
0.0496415616682955 5.35573653951911
0.0497069225980774 5.34869415411085
0.0497721976957075 5.3416794753182
0.049837387298446 5.33469232204592
0.0499024917413502 5.32773251484196
0.0499675113572944 5.32079987587952
