0 975.799379112788
0.00253184841770917 975.799379112788
0.00358057437019716 975.799379112787
0.00438529009653515 975.799379112786
0.00506369683541833 975.799379112784
0.00566138517072298 975.799379112775
0.00620173672946042 975.799379112751
0.00669864127057084 975.79937911269
0.00716114874039433 975.799379112551
0.0075955452531275 975.799379112248
0.00800640769025436 975.799379111627
0.00839719122759632 975.799379110412
0.00877058019307029 975.799379108126
0.00912870929175277 975.799379103976
0.00947330933431342 975.799379096673
0.0098058067569092 975.799379084177
0.0101273936708367 975.79937906333
0.0104390784542678 975.79937902934
0.0107417231105915 975.799378975071
0.0110360713931576 975.799378890076
0.011322770341446 975.799378759302
0.0116023870223064 975.799378561373
0.0118754217199071 975.799378266347
0.0121423184538991 975.799377832819
0.0124034734589208 975.799377204205
0.0126592420885458 975.799376304057
0.0129099444873581 975.799375030167
0.0131558702896054 975.799373247257
0.0133972825411417 975.799370777968
0.0136344209960466 975.799367391857
0.0138675049056307 975.79936279206
0.0140967353922087 975.799356599252
0.0143222974807887 975.799348332501
0.0145443618470685 975.79933738656
0.0147630863287023 975.79932300513
0.014978617237882 975.799304249579
0.015191090506255 975.799279962567
0.0154006326876362 975.799248726018
0.0156073618395212 975.799208812829
0.0158113883008419 975.799158131714
0.0160128153805087 975.799094164554
0.0162117399689396 975.799013895605
0.0164082530828473 975.798913731954
0.0166024403519792 975.798789414579
0.0167943824551926 975.798635919412
0.0169841555121689 975.798447347835
0.0171718314361571 975.798216806048
0.017357478252386 975.797936272834
0.0175411603861406 975.79759645527
0.0177229389239642 975.797186632026
0.0179028718509858 975.796694483964
0.0180810142669895 975.796105911836
0.0182574185835055 975.795404840986
0.0184321347039237 975.79457301308
0.0186052101883813 975.793589764982
0.0187766904049703 975.792431795058
0.0189466186686268 975.791072917283
0.0191150363689064 975.789483803711
0.0192819830877136 975.787631715971
0.0194474967079346 975.785480226641
0.0196116135138184 975.782988931462
0.0197743682838578 975.780113153551
0.0199357943768463 975.776803640868
0.0200959238117125 975.773006258395
0.0202547873416733 975.768661676567
0.0204124145231932 975.76370505769
0.0205688337801861 975.758065742148
0.0207240724638566 975.751666936362
0.0208781569085357 975.744425404541
0.0210311124838343 975.736251166361
0.0211829636434081 975.727047202792
0.021333733970597 975.716709172331
0.021483446221183 975.705125139972
0.0216321223634834 975.692175321232
0.0217797836159815 975.677731843573
0.0219264504826757 975.661658527562
0.0220721427863152 975.643810690032
0.022216879699673 975.624034971494
0.0223606797749979 975.602169189955
0.0225035609717719 975.578042223184
0.0226455406828919 975.551473921405
0.0227866357593825 975.522275052184
0.0229268625337403 975.490247279218
0.023066236842001 975.455183176469
0.0232047740446129 975.416866278984
0.0233424890461963 975.375071171492
0.0234793963142593 975.329563615675
0.0236155098969365 975.2801007168
0.0237508434398142 975.226431130138
0.0238854102018956 975.168295307396
0.0240192230707631 975.105425783114
0.0241522945769824 975.037547500744
0.0242846369077981 974.964378177896
0.0244162619201598 974.885628709955
0.0245471811531203 974.80100361107
0.0246774058396412 974.710201491249
0.0248069469178417 974.612915568072
0.02493581504172 974.508834211321
0.0250640205913801 974.397641518594
0.0251915736827889 974.279017919795
0.0253184841770917 974.152640808185
0.0254447616895089 974.018185195522
0.0255704155978379 973.875324388655
0.0256954550505806 973.723730684814
0.0258198889747161 973.563076082697
0.0259437260831385 973.393033006382
0.0260669748817767 973.213275038994
0.0261896436764122 973.023477662999
0.0263117405792109 972.823319003972
0.0264332735149839 972.612480574653
0.0265542502271897 972.390648016109
0.0266746782836919 972.157511832844
0.0267945650822833 971.912768118741
0.0269139178559899 971.656119270777
0.0270327436781624 971.387274687528
0.0271510494673684 971.105951449579
0.0272688419920932 970.811874979066
0.0273861278752583 970.504779675698
0.0275029135985673 970.184409526753
0.0276192055066853 969.850518688692
0.0277350098112615 969.5028720382
0.0278503325948008 969.141245690636
0.0279651798143921 968.765427484061
0.0280795573052984 968.375217427201
0.0281934707844174 967.970428109891
0.0283069258536149 967.550885074765
0.0284199280029403 967.11642714913
0.0285324826137258 966.666906736213
0.0286445949615773 966.202190065106
0.0287562702192596 965.722157399021
0.0288675134594813 965.22670320159
0.0289783296575836 964.715736261198
0.029088723694137 964.189179773497
0.0291987003574492 963.646971382455
0.0293082643459888 963.089063180455
0.0294174202707276 962.51542166815
0.0295261726574047 961.926027674933
0.0296345259487161 961.320876241033
0.0297424845064326 960.699976462395
0.0298500526134485 960.063351299641
0.0299572344757639 959.41103735252
0.0300640342244043 958.743084601379
0.0301704559172779 958.059556117279
0.0302765035409749 957.360527742466
0.03038218101251 956.646087742997
0.0304874921810106 955.916336435366
0.0305924408293525 955.171385789056
0.030697030675746 954.411359006946
0.0308012653752723 953.636390085577
0.0309051485213743 952.846623357265
0.0310086836473021 952.042213016074
0.0311118742275151 951.223322629671
0.0312147236790425 950.390124639037
0.0313172353628035 949.542799848041
0.0314194125848891 948.681536904808
0.0315212585978058 947.806531776802
0.0316227766016838 946.917987221487
0.0317239697454505 946.016112254391
0.0318248411279697 945.101121616321
0.0319253937991494 944.173235241433
0.0320256307610174 943.232677727775
0.0321255549687672 942.279677811854
0.0322251693317745 941.314467848716
0.0323244767145857 940.337283298905
0.0324234799378791 939.348362223636
0.0325221817793995 938.34794478939
0.0326205849748677 937.336272783073
0.0327186922188651 936.313589138784
0.0328165061656947 935.28013747715
0.0329140294302192 934.236161658102
0.0330112645886762 933.181905347861
0.0331082141794728 932.117611600836
0.0332048807039583 931.043522457043
0.0333012666271774 929.959878555549
0.0333973743786037 928.866918764401
0.0334932063528542 927.764879827371
0.0335887649103853 926.653996027823
0.0336840523781713 925.534498869883
0.0337790710503655 924.406616777053
0.0338738231889448 923.27057480833
0.0339683110243379 922.126594391825
0.0340625367560376 920.974893075808
0.0341565025531987 919.815684297068
0.0342502105552203 918.649177166396
0.0343436628723143 917.47557627096
0.0344368615860597 916.295081493295
0.0345298087499438 915.107887846592
0.0346225063898896 913.914185325902
0.0347149565047719 912.714158774879
0.0348071610669193 911.507987767615
0.0348991220226056 910.295846505104
0.0349908412925293 909.07790372586
0.0350823207722812 907.854322630165
0.0351735623328017 906.62526081743
0.0352645678208275 905.390870236114
0.0353553390593274 904.151297145653
0.0354458778479283 902.906682089826
0.035536185963332 901.657159880989
0.0356262651597213 900.40285959459
0.035716117169158 899.143904573395
0.0358057437019716 897.880412440834
0.0358951464471388 896.612495122902
0.0359843270726548 895.340258878022
0.0360732872258968 894.063804334331
0.036162028533979 892.7832265338
0.0362505526040992 891.49861498266
0.0363388610238794 890.210053707586
0.0364269553616971 888.917621317119
0.0365148371670111 887.621391067803
0.0366025079706786 886.321430934548
0.0366899692852671 885.017803684736
0.0367772226053586 883.71056695559
0.0368642694078475 882.399773334371
0.0369511111522322 881.085470440959
0.0370377492809009 879.767701012404
0.0371241852194109 878.446502989048
0.0372104203767625 877.12190960183
0.0372964561456667 875.793949460428
0.0373822939028077 874.462646641866
0.0374679350091002 873.128020779286
0.0375533808099405 871.790087150543
0.0376386326354541 870.448856766365
0.0377236918007361 869.104336457767
0.0378085596060889 867.756528962488
0.0378932373372537 866.405433010181
0.0379777262656375 865.051043406157
0.0380620276485364 863.693351113444
0.0381461427293535 862.33234333298
0.0382300727378129 860.968003581747
0.0383138188901696 859.600311768688
0.0383973823894152 858.229244268238
0.0384807644254793 856.854773991329
0.0385639661754271 855.476870453741
0.0386469888036538 854.095499841673
0.0387298334620742 852.710625074426
0.0388125012903092 851.322205864097
0.0388949934158693 849.930198772183
0.038977310954333 848.534557263039
0.039059455009524 847.135231754077
0.0391414266736827 845.732169662674
0.0392232270276368 844.325315449699
0.0393048571409666 842.914610659631
0.0393863180721688 841.499993957191
0.0394676108688163 840.081401160461
0.0395487365677156 838.658765270449
0.0396296961950608 837.23201649705
0.0397104907665856 835.80108228138
0.0397911212877111 834.365887314445
0.0398715887536926 832.926353552115
0.0399518941497627 831.48240022638
0.0400320384512718 830.033943852846
0.0401120226238264 828.580898234455
0.040191847623425 827.123174461394
0.0402715143965914 825.660680907165
0.0403510238805055 824.193323220777
0.040430377003132 822.721004315043
0.0405095746833467 821.243624350921
0.0405886178310607 819.76108071789
0.0406675073473425 818.273268010284
0.0407462441245375 816.780077999572
0.0408248290463863 815.281399602503
0.0409032629881398 813.777118845077
0.0409815468166732 812.267118822275
0.0410596813905982 810.751279653476
0.0411376675603721 809.229478433494
0.0412155061684064 807.701589179148
0.0412931980491728 806.167482771267
0.0413707440293073 804.627026892055
0.0414481449277132 803.080085957681
0.041525401555662 801.526521045999
0.0416025147168922 799.966189819259
0.0416794852077072 798.398946441676
0.0417563138170714 796.824641491707
0.0418330013267038 795.243121868875
0.0419095485111717 793.654230694961
0.0419859561379816 792.057807209388
0.0420622249676687 790.453686658569
0.0421383557538856 788.84170017903
0.0422143492434893 787.221674674045
0.042290206176626 785.593432683548
0.0423659272868162 783.956792247036
0.0424415133010364 782.311566759171
0.0425169649398015 780.657564817777
0.0425922829172441 778.994590063875
0.042667467941194 777.322441013405
0.0427425207132555 775.640910880239
0.0428174419288838 773.949787390072
0.0428922322774601 772.248852584733
0.042966892442366 770.537882616444
0.0430414231010558 768.816647531498
0.0431158249251288 767.084911042816
0.0431900985803994 765.342430290783
0.0432642447269668 763.588955591711
0.0433382640192836 761.824230173273
0.043412157106223 760.047989896144
0.0434859246311452 758.259962961082
0.0435595672319629 756.459869600583
0.0436330855412055 754.647421754218
0.0437064801860824 752.822322726653
0.0437797517885457 750.984266827317
0.0438529009653515 749.132938990572
0.0439259283281205 747.268014375167
0.0439988344833978 745.389157941671
0.0440716200327114 743.496024006452
0.0441442855726304 741.588255770689
0.0442168316948219 739.665484822753
0.044289258986107 737.727330612188
0.0443615680285167 735.77339989336
0.0444337593993461 733.803286136682
0.044505833671208 731.816568905178
0.0445777914120864 729.812813193923
0.0446496331853885 727.791568729721
0.0447213595499958 725.752369228134
0.0447929710603154 723.694731604749
0.0448644682663298 721.618155137269
0.0449358517136459 719.522120574745
0.0450071219435438 717.406089189908
0.045078279493025 715.269501770205
0.045149324894859 713.111777542746
0.0452202586776303 710.932313027919
0.0452910813657838 708.730480815923
0.0453617934796708 706.505628259937
0.0454323955355929 704.257076079039
0.0455028880458463 701.984116863282
0.045573271518765 699.686013472631
0.0456435464587638 697.361997320564
0.0457137133663804 695.011266532264
0.0457837727383169 692.632983966226
0.0458537250674806 690.226275086971
0.0459235708430253 687.790225675201
0.04599331055039 685.323879360292
0.0460629446713394 682.82623495829
0.0461324736840019 680.296243596762
0.0462018980629085 677.732805605664
0.04627121827903 675.134767151023
0.0463404347998149 672.500916585448
0.0464095480892257 669.829980486439
0.0464785586077754 667.120619349845
0.0465474668125631 664.371422901841
0.0466162731573098 661.58090498813
0.0466849780923926 658.747497993778
0.0467535820648797 655.869546740982
0.0468220855185637 652.945301805047
0.0468904888939959 649.972912180708
0.0469587926285185 646.950417221512
0.047026997156298 643.875737764066
0.0470951029083568 640.74666633614
0.0471631103126053 637.560856332808
0.0472310197938731 634.315810027254
0.0472988317739401 631.008865262394
0.0473665466715671 627.637180645197
0.0474341649025257 624.197719036897
0.0475016868796284 620.687229098164
0.0475691130127577 617.102224607633
0.0476364437088955 613.438961223402
0.0477036793721514 609.693410298512
0.0477708204037913 605.861229290558
0.047837867202265 601.937728219618
0.047904820163234 597.91783152382
0.047971679679599 593.796034533375
0.0480384461415261 589.566353625491
0.0481051199364742 585.222268926356
0.0481717014492204 580.756658181701
0.0482381910618866 576.161720110509
0.0483045891539648 571.428885168913
0.0483708961023423 566.548711158338
0.0484371122813267 561.51076048046
0.0485032380626707 556.303455025804
0.0485692738155962 550.913903620326
0.0486352199068187 545.327695557697
0.0487010767005707 539.528651891203
0.0487668445586254 533.49852367265
0.0488325238403196 527.216622952726
0.0488981149025772 520.65936772565
0.0489636180999311 513.799715556587
0.049029033784546 506.606451533863
0.0490943623062405 499.043283145092
0.0491596040125088 491.067675650253
0.049224759248542 482.629333239984
0.0492898283572501 473.668188326889
0.0493548116792825 464.111694586625
0.0494197095530487 453.871112912487
0.0494845223147395 442.836304532906
0.0495492502983466 430.868248304783
0.0496138938356834 417.787974181647
0.049678453256404 403.359634893697
0.0497429288880236 387.263548470863
0.0498073210559375 369.051123092631
0.0498716300834401 348.064783272124
0.0499358562917444 323.284292729773
0.05 293
