6.41025641025641e-05 -0
0.000192307692307692 -8.86744347693681e-13
0.000320512820512821 -8.86721260520481e-13
0.000448717948717949 -8.86686629760684e-13
0.000576923076923077 -1.77328091082857e-12
0.000705128205128205 -2.65974821244386e-12
0.000833333333333333 -1.77302695192339e-12
0.000961538461538462 -8.86432670855496e-13
0.00108974358974359 -1.7726806443254e-12
0.00121794871794872 -0
0.00134615384615385 1.77224198803462e-12
0.00147435897435897 8.85994014564717e-13
0.0016025641025641 8.85855491525526e-13
0.00173076923076923 3.54282169959893e-12
0.00185897435897436 3.54217525874936e-12
0.00198717948717949 2.65611198266505e-12
0.00211538461538462 4.42592981751379e-12
0.00224358974358974 3.53995889012226e-12
0.00237179487179487 3.53912775188712e-12
0.0025 6.19193826878473e-12
0.00262820512820513 6.19032216666079e-12
0.00275641025641026 5.30453593665488e-12
0.00288461538461538 5.30301218322376e-12
0.00301282051282051 4.41784930689418e-12
0.00314102564102564 2.64987844590137e-12
0.00326923076923077 2.64901267690639e-12
0.0033974358974359 2.64811227715164e-12
0.00352564102564103 2.6471772466371e-12
0.00365384615384615 5.29241517072547e-12
0.00378205128205128 5.29040658665718e-12
0.00391025641025641 6.16971686458084e-12
0.00403846153846154 5.2861816339618e-12
0.00416666666666667 7.04528702044623e-12
0.0042948717948718 7.04223951358407e-12
0.00442307692307692 7.03909965802893e-12
0.00455128205128205 9.67431774894907e-12
0.00467948717948718 1.05488143512608e-11
0.00480769230769231 1.14223297487115e-11
0.00493589743589744 1.22948293105414e-11
0.00506410256410256 1.3166278405991e-11
0.00519230769230769 1.49139325545687e-11
0.00532051282051282 1.57827035379272e-11
0.00544871794871795 1.752664065162e-11
0.00557692307692308 2.01442201422162e-11
0.00570512820512821 2.62598322164055e-11
0.00583333333333333 3.32427146076953e-11
0.00596153846153846 4.19653091599825e-11
0.00608974358974359 5.24240835357674e-11
0.00621794871794872 6.81080894082703e-11
0.00634615384615385 9.07519597603824e-11
0.00647435897435897 1.16853067661045e-10
0.0066025641025641 1.47274897130956e-10
0.00673076923076923 1.90715893539235e-10
0.00685897435897436 2.41925891242104e-10
0.00698717948717949 3.0958246480413e-10
0.00711538461538462 3.9538533940231e-10
0.00724358974358974 5.01896085045068e-10
0.00737179487179487 6.38608316176733e-10
0.0075 8.09782496844497e-10
0.00762820512820513 1.02745995919716e-09
0.00775641025641026 1.3001779539606e-09
0.00788461538461539 1.64336124113946e-09
0.00801282051282051 2.07410703996385e-09
0.00814102564102564 2.6154930986877e-09
0.00826923076923077 3.2896475663882e-09
0.0083974358974359 4.13671351561958e-09
0.00852564102564103 5.19323511849304e-09
0.00865384615384615 6.51023734121737e-09
0.00878205128205128 8.14885588524168e-09
0.00891025641025641 1.01905890082103e-08
0.00903846153846154 1.27243211952735e-08
0.00916666666666667 1.58677064575839e-08
0.0092948717948718 1.97610199826124e-08
0.00942307692307692 2.45781508231438e-08
0.00955128205128205 3.05289760571598e-08
0.00967948717948718 3.7869397147749e-08
0.00980769230769231 4.69138646289699e-08
0.00993589743589744 5.8046961180698e-08
0.0100641025641026 7.17246826679222e-08
0.0101923076923077 8.85122556525613e-08
0.0103205128205128 1.09086867131114e-07
0.010448717948718 1.34267498576894e-07
0.0105769230769231 1.65052159404085e-07
0.0107051282051282 2.02630283197233e-07
0.0108333333333333 2.48441498442844e-07
0.0109615384615385 3.04219583506569e-07
0.0110897435897436 3.7203773463703e-07
0.0112179487179487 4.5439050766141e-07
0.0113461538461538 5.54259930745459e-07
0.011474358974359 6.75211281712791e-07
0.0116025641025641 8.21495582144482e-07
0.0117307692307692 9.98191412417626e-07
0.0118589743589744 1.21133290559781e-06
0.0119871794871795 1.46810009368365e-06
0.0121153846153846 1.77701670124918e-06
0.0122435897435897 2.14817693187943e-06
0.0123717948717949 2.59353422085964e-06
0.0125 3.1272180061706e-06
0.0126282051282051 3.76589641395373e-06
0.0127564102564103 4.52921581535757e-06
0.0128846153846154 5.44029813403385e-06
0.0130128205128205 6.5263083946066e-06
0.0131410256410256 7.81912217594429e-06
0.0132692307692308 9.35608430500855e-06
0.0133974358974359 1.11808938296924e-05
0.013525641025641 1.33445939128754e-05
0.0136538461538462 1.59067308865572e-05
0.0137820512820513 1.89366728844341e-05
0.0139102564102564 2.25150956852517e-05
0.0140384615384615 2.67357094323554e-05
0.0141666666666667 3.17071854151056e-05
0.0142948717948718 3.75553753127119e-05
0.0144230769230769 4.44258017122491e-05
0.0145512820512821 5.24864914210053e-05
0.0146794871794872 6.19311635979358e-05
0.0148076923076923 7.29828321338187e-05
0.0149358974358974 8.58978524031118e-05
0.0150641025641026 0.000100970470898176
0.0151923076923077 0.000118537914230232
0.0153205128205128 0.000138986099806967
0.0154487179487179 0.000162756000025339
0.0155769230769231 0.000190350740657786
0.0157051282051282 0.000222343492529259
0.0158333333333333 0.000259386244593983
0.0159615384615385 0.000302219520789551
0.0160897435897436 0.000351683120627293
0.0162179487179487 0.000408727983882697
0.0163461538461538 0.000474429246608257
0.016474358974359 0.000550000614022913
0.0166025641025641 0.000636810105917229
0.0167307692307692 0.000736397304866943
0.0168589743589744 0.000850492187290485
0.0169871794871795 0.000981035660547498
0.0171153846153846 0.00113020188221503
0.0172435897435897 0.0013004224883291
0.0173717948717949 0.00149441281566144
0.0175 0.00171520022511034
0.0176282051282051 0.00196615461044601
0.0177564102564103 0.00225102119987425
0.0178846153846154 0.00257395570930322
0.0180128205128205 0.00293956193797639
0.0181410256410256 0.0033529318580143
0.0182692307692308 0.00381968826091739
0.0183974358974359 0.00434602998071908
0.018525641025641 0.00493877970684761
0.0186538461538462 0.00560543441532528
0.0187820512820513 0.00635421835834612
0.0189102564102564 0.00719413857494534
0.0190384615384615 0.00813504284235386
0.0191666666666667 0.0091876799892451
0.0192948717948718 0.0103637623643956
0.0194230769230769 0.0116760303562114
0.0195512820512821 0.0131383187041424
0.0196794871794872 0.0147656243584834
0.0198076923076923 0.0165741755996678
0.0199358974358974 0.0185815020525397
0.0200641025641026 0.0208065052287883
0.0201923076923077 0.0232695291544056
0.0203205128205128 0.0259924305825024
0.0204487179487179 0.0289986482597468
0.0205769230769231 0.0323132706838537
0.0207051282051282 0.0359631016730027
0.0208333333333333 0.0399767230912053
0.0209615384615385 0.0443845539959549
0.0210897435897436 0.0492189054159961
0.0212179487179487 0.0545140299551151
0.0213461538461538 0.0603061653468799
0.021474358974359 0.0666335710899042
0.0216025641025641 0.0735365572345577
0.0217307692307692 0.0810575043617855
0.0218589743589744 0.0892408738461503
0.0219871794871795 0.0981332073701343
0.0221153846153846 0.107783114801573
0.0222435897435897 0.118241249420147
0.0223717948717949 0.129560269605412
0.0225 0.141794786067101
0.0226282051282051 0.15500129378116
0.0227564102564103 0.169238087797782
0.0228846153846154 0.184565162236117
0.0230128205128205 0.201044091775643
0.0231410256410256 0.218737895097361
0.0232692307692308 0.237710879836118
0.0233974358974359 0.258028468684934
0.023525641025641 0.279757006452162
0.0236538461538462 0.302963548010265
0.0237820512820513 0.327715627224849
0.0239102564102564 0.354081007109176
0.0240384615384615 0.382127411625308
0.0241666666666667 0.411922239739821
0.0242948717948718 0.443532262508388
0.0244230769230769 0.477023304175839
0.0245512820512821 0.512459908450882
0.0246794871794872 0.549904991329247
0.0248076923076923 0.58941948202297
0.0249358974358974 0.631061953721921
0.0250641025641026 0.674888246152089
0.0251923076923077 0.720951081997277
0.0253205128205128 0.769299679508944
0.0254487179487179 0.81997936367413
0.0255769230769231 0.873031178569238
0.0257051282051282 0.928491503545204
0.0258333333333333 0.986391676059578
0.0259615384615385 1.0467576240269
0.0260897435897436 1.10960951062814
0.0262179487179487 1.17496139451468
0.0263461538461538 1.24282090843638
0.026474358974359 1.31318895920683
0.0266025641025641 1.38605945190731
0.0267307692307692 1.46141904119012
0.0268589743589744 1.53924691236542
0.0269871794871795 1.61951459486967
0.0271153846153846 1.70218581051222
0.0272435897435897 1.78721635873939
0.0273717948717949 1.87455404088447
0.0275 1.96413862515094
0.0276282051282051 2.05590185383191
0.0277564102564103 2.14976749387574
0.0278846153846154 2.24565143172158
0.0280128205128205 2.34346181290019
0.0281410256410256 2.44309922657613
0.0282692307692308 2.54445693488484
0.0283974358974359 2.64742114650772
0.028525641025641 2.75187133359391
0.0286538461538462 2.85768059076727
0.0287820512820513 2.96471603458425
0.0289102564102564 3.07283924149133
0.0290384615384615 3.18190672194411
0.0291666666666667 3.29177042806672
0.0292948717948718 3.40227829193003
0.0294230769230769 3.51327479119241
0.0295512820512821 3.62460153868521
0.0296794871794872 3.73609789222501
0.0298076923076923 3.84760158077974
0.0299358974358974 3.95894934295268
0.0300641025641026 4.06997757363973
0.0301923076923077 4.18052297460374
0.0303205128205128 4.2904232047141
0.030448717948718 4.39951752554628
0.0305769230769231 4.50764743809686
0.0307051282051282 4.61465730646128
0.0308333333333333 4.72039496438913
0.0309615384615385 4.82471230082496
0.0310897435897436 4.92746582071175
0.0312179487179487 5.02851717753561
0.0313461538461538 5.1277336743722
0.031474358974359 5.22498873043796
0.0316025641025641 5.320162310486
0.0317307692307692 5.41314131466766
0.0318589743589744 5.50381992686069
0.0319871794871795 5.59209991977872
0.0321153846153846 5.67789091559514
0.0322435897435897 5.76111060110632
0.0323717948717949 5.84168489690779
0.0325 5.91954808037921
0.0326282051282051 5.99464286265516
0.0327564102564103 6.06692042010861
0.0328846153846154 6.13634038120769
0.0330128205128205 6.20287076996003
0.0331410256410256 6.26648790742964
0.0332692307692308 6.32717627311528
0.0333974358974359 6.384928328248
0.033525641025641 6.43974430327096
0.0336538461538462 6.49163195201734
0.0337820512820513 6.54060627521402
0.0339102564102564 6.58668921617774
0.0340384615384615 6.62990933157935
0.0341666666666667 6.67030144033466
0.0342948717948718 6.70790625369418
0.0344230769230769 6.74276998960762
0.0345512820512821 6.77494397449984
0.0346794871794872 6.80448423549784
0.0348076923076923 6.83145108615006
0.0349358974358974 6.85590870853753
0.0350641025641026 6.87792473465613
0.0351923076923077 6.89756982971934
0.0353205128205128 6.91491727998659
0.035448717948718 6.93004258751048
0.0355769230769231 6.94302307402107
0.0357051282051282 6.95393749601181
0.0358333333333333 6.96286567288594
0.0359615384615385 6.96988812979413
0.0360897435897436 6.97508575666008
0.0362179487179487 6.97853948459686
0.0363461538461538 6.98032998080605
0.036474358974359 6.98053736277114
0.0366025641025641 6.97924093240065
0.0367307692307692 6.97651893059199
0.0368589743589744 6.97244831247299
0.0369871794871795 6.96710454342525
0.0371153846153846 6.96056141582795
0.0372435897435897 6.95289088630592
0.0373717948717949 6.94416293311364
0.0375 6.93444543318823
0.0376282051282051 6.92380405824784
0.0377564102564103 6.91230218926297
0.0378846153846154 6.90000084847808
0.0380128205128205 6.88695864815021
0.0381410256410256 6.87323175505289
0.0382692307692308 6.85887386979625
0.0383974358974359 6.84393621992527
0.038525641025641 6.82846756578464
0.0386538461538462 6.81251421808529
0.0387820512820513 6.79612006612728
0.0389102564102564 6.77932661562451
0.0390384615384615 6.76217303511323
0.0391666666666667 6.7446962099151
0.0392948717948718 6.72693080269434
0.0394230769230769 6.70890931964924
0.0395512820512821 6.69066218143998
0.0396794871794872 6.67221779799614
0.0398076923076923 6.65360264638484
0.0399358974358974 6.63484135099239
0.0400641025641026 6.61595676529717
0.0401923076923077 6.59697005459416
0.0403205128205128 6.57790077906359
0.0404487179487179 6.5587669766492
0.0405769230769231 6.5395852452493
0.0407051282051282 6.52037082379158
0.0408333333333333 6.50113767179718
0.0409615384615385 6.48189854711151
0.0410897435897436 6.46266508151003
0.0412179487179487 6.44344785392814
0.0413461538461539 6.42425646113435
0.041474358974359 6.40509958566773
0.0416025641025641 6.38598506093323
0.0417307692307692 6.3669199333556
0.0418589743589744 6.3479105215417
0.0419871794871795 6.32896247241802
0.0421153846153846 6.31008081434089
0.0422435897435897 6.2912700072027
0.0423717948717949 6.27253398956287
0.0425 6.25387622287498
0.0426282051282051 6.23529973286002
0.0427564102564103 6.21680714813446
0.0428846153846154 6.19840073616387
0.0430128205128205 6.18008243665406
0.0431410256410256 6.1618538924948
0.0432692307692308 6.14371647835172
0.0433974358974359 6.12567132703924
0.043525641025641 6.10771935378338
0.0436538461538462 6.08986127849269
0.0437820512820513 6.07209764616142
0.0439102564102564 6.05442884551468
0.0440384615384615 6.03685512601315
0.0441666666666667 6.01937661332943
0.0442948717948718 6.0019933234004
0.0444230769230769 5.98470517516097
0.0445512820512821 5.9675120020618
0.0446794871794872 5.95041356246199
0.0448076923076923 5.9334095489868
0.0449358974358974 5.91649959693871
0.0450641025641026 5.89968329184122
0.0451923076923077 5.88296017618876
0.0453205128205128 5.86632975547596
0.045448717948718 5.84979150357221
0.0455769230769231 5.83334486749773
0.0457051282051282 5.81698927166657
0.0458333333333333 5.80072412164215
0.0459615384615385 5.78454880745453
0.0460897435897436 5.76846270652491
0.0462179487179487 5.75246518624027
0.0463461538461539 5.73655560620908
0.046474358974359 5.72073332023823
0.0466025641025641 5.7049976780561
0.0467307692307692 5.68934802681609
0.0468589743589744 5.67378371239919
0.0469871794871795 5.65830408054144
0.0471153846153846 5.64290847780705
0.0472435897435897 5.62759625242558
0.0473717948717949 5.61236675500659
0.0475 5.5972193391502
0.0476282051282051 5.58215336196416
0.0477564102564103 5.56716818450057
0.0478846153846154 5.55226317212049
0.0480128205128205 5.5374376947993
0.0481410256410256 5.52269112737514
0.0482692307692308 5.50802284975444
0.0483974358974359 5.49343224707429
0.048525641025641 5.47891870983198
0.0486538461538462 5.46448163398412
0.0487820512820513 5.45012042101984
0.0489102564102564 5.43583447801261
0.0490384615384615 5.42162321765271
0.0491666666666667 5.4074860582642
0.0492948717948718 5.39342242380806
0.0494230769230769 5.37943174387422
0.0495512820512821 5.3655134536637
0.0496794871794872 5.35166699396266
0.0498076923076923 5.33789181111001
0.0499358974358974 5.32418735695923
