0 974.81017039714
0.000126903553299492 974.81017039714
0.000253807106598985 974.81017039714
0.000380710659898477 974.81017039714
0.00050761421319797 974.81017039714
0.000634517766497462 974.81017039714
0.000761421319796954 974.81017039714
0.000888324873096447 974.81017039714
0.00101522842639594 974.81017039714
0.00114213197969543 974.810170397139
0.00126903553299492 974.810170397139
0.00139593908629442 974.810170397139
0.00152284263959391 974.810170397139
0.0016497461928934 974.810170397139
0.00177664974619289 974.810170397139
0.00190355329949239 974.810170397139
0.00203045685279188 974.810170397139
0.00215736040609137 974.810170397139
0.00228426395939086 974.810170397139
0.00241116751269036 974.810170397138
0.00253807106598985 974.810170397138
0.00266497461928934 974.810170397138
0.00279187817258883 974.810170397137
0.00291878172588833 974.810170397137
0.00304568527918782 974.810170397137
0.00317258883248731 974.810170397137
0.0032994923857868 974.810170397136
0.00342639593908629 974.810170397136
0.00355329949238579 974.810170397135
0.00368020304568528 974.810170397135
0.00380710659898477 974.810170397134
0.00393401015228426 974.810170397133
0.00406091370558376 974.810170397133
0.00418781725888325 974.810170397132
0.00431472081218274 974.810170397131
0.00444162436548223 974.81017039713
0.00456852791878173 974.810170397129
0.00469543147208122 974.810170397128
0.00482233502538071 974.810170397126
0.0049492385786802 974.810170397125
0.0050761421319797 974.810170397124
0.00520304568527919 974.810170397122
0.00532994923857868 974.81017039712
0.00545685279187817 974.810170397118
0.00558375634517767 974.810170397115
0.00571065989847716 974.810170397111
0.00583756345177665 974.810170397107
0.00596446700507614 974.810170397101
0.00609137055837564 974.810170397094
0.00621827411167513 974.810170397085
0.00634517766497462 974.810170397074
0.00647208121827411 974.81017039706
0.0065989847715736 974.810170397043
0.0067258883248731 974.81017039702
0.00685279187817259 974.810170396992
0.00697969543147208 974.810170396956
0.00710659898477157 974.81017039691
0.00723350253807107 974.810170396853
0.00736040609137056 974.81017039678
0.00748730964467005 974.810170396688
0.00761421319796954 974.810170396571
0.00774111675126904 974.810170396423
0.00786802030456853 974.810170396238
0.00799492385786802 974.810170396003
0.00812182741116751 974.810170395708
0.00824873096446701 974.810170395338
0.0083756345177665 974.810170394872
0.00850253807106599 974.810170394289
0.00862944162436548 974.810170393559
0.00875634517766498 974.810170392645
0.00888324873096447 974.810170391504
0.00901015228426396 974.81017039008
0.00913705583756345 974.810170388305
0.00926395939086294 974.810170386095
0.00939086294416244 974.810170383349
0.00951776649746193 974.810170379939
0.00964467005076142 974.81017037571
0.00977157360406091 974.810170370472
0.00989847715736041 974.810170363992
0.0100253807106599 974.810170355986
0.0101522842639594 974.810170346107
0.0102791878172589 974.810170333934
0.0104060913705584 974.810170318949
0.0105329949238579 974.810170300528
0.0106598984771574 974.810170277911
0.0107868020304569 974.810170250176
0.0109137055837563 974.810170216209
0.0110406091370558 974.81017017466
0.0111675126903553 974.810170123901
0.0112944162436548 974.810170061968
0.0114213197969543 974.810169986495
0.0115482233502538 974.810169894635
0.0116751269035533 974.810169782971
0.0118020304568528 974.8101696474
0.0119289340101523 974.81016948301
0.0120558375634518 974.810169283921
0.0121827411167513 974.810169043108
0.0123096446700508 974.810168752188
0.0124365482233503 974.810168401171
0.0125634517766497 974.810167978166
0.0126903553299492 974.810167469042
0.0128172588832487 974.810166857023
0.0129441624365482 974.810166122222
0.0130710659898477 974.810165241099
0.0131979695431472 974.81016418582
0.0133248730964467 974.810162923521
0.0134517766497462 974.810161415453
0.0135786802030457 974.810159615984
0.0137055837563452 974.810157471452
0.0138324873096447 974.810154918834
0.0139593908629442 974.810151884211
0.0140862944162437 974.810148281002
0.0142131979695431 974.810144007927
0.0143401015228426 974.810138946674
0.0144670050761421 974.810132959215
0.0145939086294416 974.810125884738
0.0147208121827411 974.810117536136
0.0148477157360406 974.810107695998
0.0149746192893401 974.810096112039
0.0151015228426396 974.810082491898
0.0152284263959391 974.810066497228
0.0153553299492386 974.810047736982
0.0154822335025381 974.810025759818
0.0156091370558376 974.810000045497
0.0157360406091371 974.809969995173
0.0158629441624366 974.809934920443
0.015989847715736 974.809894031017
0.0161167512690355 974.809846420861
0.016243654822335 974.809791052646
0.0163705583756345 974.809726740325
0.016497461928934 974.80965212964
0.0166243654822335 974.809565676356
0.016751269035533 974.809465621995
0.0168781725888325 974.809349966823
0.017005076142132 974.80921643983
0.0171319796954315 974.809062465431
0.017258883248731 974.808885126586
0.0173857868020305 974.808681124024
0.01751269035533 974.808446731233
0.0176395939086294 974.808177744876
0.0177664974619289 974.807869430242
0.0178934010152284 974.807516461359
0.0180203045685279 974.807112855349
0.0181472081218274 974.806651900616
0.0182741116751269 974.8061260784
0.0184010152284264 974.805526977283
0.0185279187817259 974.804845200138
0.0186548223350254 974.804070263079
0.0187817258883249 974.803190485909
0.0189086294416244 974.802192873581
0.0190355329949239 974.801062988194
0.0191624365482234 974.799784811009
0.0192893401015228 974.798340594041
0.0194162436548223 974.796710700721
0.0195431472081218 974.7948734352
0.0196700507614213 974.792804859848
0.0197969543147208 974.790478600548
0.0199238578680203 974.78786563942
0.0200507614213198 974.784934094636
0.0201776649746193 974.781648987047
0.0203045685279188 974.777971993403
0.0204314720812183 974.773861185994
0.0205583756345178 974.769270758636
0.0206852791878173 974.764150738965
0.0208121827411168 974.758446687155
0.0209390862944162 974.752099381199
0.0210659898477157 974.745044489066
0.0211928934010152 974.7372122281
0.0213197969543147 974.728527012213
0.0214467005076142 974.718907087493
0.0215736040609137 974.708264157027
0.0217005076142132 974.696502995879
0.0218274111675127 974.683521057296
0.0219543147208122 974.669208071388
0.0220812182741117 974.653445637693
0.0222081218274112 974.636106813183
0.0223350253807107 974.61705569746
0.0224619289340102 974.596147017047
0.0225888324873096 974.573225710835
0.0227157360406091 974.548126518945
0.0228426395939086 974.520673577387
0.0229695431472081 974.490680021099
0.0230964467005076 974.45794759805
0.0232233502538071 974.42226629727
0.0233502538071066 974.383413993785
0.0234771573604061 974.341156113537
0.0236040609137056 974.295245321493
0.0237309644670051 974.245421236207
0.0238578680203046 974.191410174177
0.0239847715736041 974.132924927363
0.0241116751269036 974.069664577262
0.024238578680203 974.001314348931
0.0243654822335025 973.927545508292
0.024492385786802 973.848015306004
0.0246192893401015 973.762366971102
0.024746192893401 973.670229757451
0.0248730964467005 973.571219045939
0.025 973.464936505106
0.0251269035532995 973.350970312733
0.025253807106599 973.228895440608
0.0253807106598985 973.09827400445
0.025507614213198 972.958655680623
0.0256345177664975 972.809578190933
0.025761421319797 972.650567856445
0.0258883248730964 972.481140220826
0.0260152284263959 972.300800743321
0.0261421319796954 972.109045561013
0.0262690355329949 971.905362319547
0.0263959390862944 971.689231071032
0.0265228426395939 971.460125237327
0.0266497461928934 971.217512636445
0.0267766497461929 970.960856569265
0.0269035532994924 970.689616963286
0.0270304568527919 970.403251569633
0.0271573604060914 970.101217209041
0.0272842639593909 969.782971062084
0.0274111675126904 969.447971998463
0.0275380710659898 969.09568193972
0.0276649746192893 968.725567249383
0.0277918781725888 968.337100144145
0.0279187817258883 967.929760119387
0.0280456852791878 967.503035382035
0.0281725888324873 967.056424283538
0.0282994923857868 966.589436745541
0.0284263959390863 966.101595670689
0.0285532994923858 965.592438330913
0.0286802030456853 965.06151772555
0.0288071065989848 964.508403901616
0.0289340101522843 963.932685228718
0.0290609137055838 963.333969621156
0.0291878172588832 962.711885700051
0.0293147208121827 962.066083888529
0.0294416243654822 961.396237433368
0.0295685279187817 960.702043346838
0.0296954314720812 959.983223262942
0.0298223350253807 959.239524202691
0.0299492385786802 958.470719243602
0.0300761421319797 957.676608089156
0.0302030456852792 956.857017534533
0.0303299492385787 956.011801825601
0.0304568527918782 955.140842908753
0.0305837563451777 954.244050569886
0.0307106598984772 953.32136246149
0.0308375634517767 952.3727440175
0.0309644670050761 951.398188256288
0.0310913705583756 950.397715472828
0.0312182741116751 949.371372821787
0.0313451776649746 948.319233793917
0.0314720812182741 947.241397588811
0.0315989847715736 946.137988387665
0.0317258883248731 945.009154530293
0.0318527918781726 943.855067601174
0.0319796954314721 942.675921429822
0.0321065989847716 941.47193101122
0.0322335025380711 940.243331352476
0.0323604060913706 938.990376252194
0.0324873096446701 937.713337019379
0.0326142131979695 936.412501138923
0.032741116751269 935.088170890902
0.0328680203045685 933.740661931054
0.032994923857868 932.370301839867
0.0331218274111675 930.977428647727
0.033248730964467 929.562389343509
0.0333756345177665 928.125538373936
0.033502538071066 926.667236140825
0.0336294416243655 925.187847503177
0.033756345177665 923.687740290802
0.0338832487309645 922.167283835866
0.034010152284264 920.626847528438
0.0341370558375635 919.066799401716
0.0342639593908629 917.48750475223
0.0343908629441624 915.889324799874
0.0345177664974619 914.272615392183
0.0346446700507614 912.637725756789
0.0347715736040609 910.984997305497
0.0348984771573604 909.314762492951
0.0350253807106599 907.627343732343
0.0351522842639594 905.923052370122
0.0352791878172589 904.202187721159
0.0354060913705584 902.465036165354
0.0355329949238579 900.711870306171
0.0356598984771574 898.942948191132
0.0357868020304569 897.15851259386
0.0359137055837563 895.358790356824
0.0360406091370558 893.543991793557
0.0361675126903553 891.714310148691
0.0362944162436548 889.869921113876
0.0364213197969543 888.01098239723
0.0365482233502538 886.137633343762
0.0366751269035533 884.249994603857
0.0368020304568528 882.348167846742
0.0369289340101523 880.432235515584
0.0370558375634518 878.502260620709
0.0371827411167513 876.558286567295
0.0373096446700508 874.600337013714
0.0374365482233503 872.628415756627
0.0375634517766497 870.642506638844
0.0376903553299492 868.642573475897
0.0378172588832487 866.628559997236
0.0379441624365482 864.600389797914
0.0380710659898477 862.557966296666
0.0381979695431472 860.501172696229
0.0383248730964467 858.429871941806
0.0384517766497462 856.343906673601
0.0385786802030457 854.243099169338
0.0387055837563452 852.127251272755
0.0388324873096447 849.996144304072
0.0389593908629442 847.849538948449
0.0390862944162437 845.687175118493
0.0392131979695431 843.508771786868
0.0393401015228426 841.314026785074
0.0394670050761421 839.102616564448
0.0395939086294416 836.874195915396
0.0397208121827411 834.628397640846
0.0398477157360406 832.364832179798
0.0399746192893401 830.08308717679
0.0401015228426396 827.78272699294
0.0402284263959391 825.463292154073
0.0403553299492386 823.124298731252
0.0404822335025381 820.765237648775
0.0406091370558376 818.385573914436
0.0407360406091371 815.984745766484
0.0408629441624365 813.562163731365
0.040989847715736 811.117209585834
0.0411167512690355 808.649235216549
0.041243654822335 806.157561369614
0.0413705583756345 803.641476281919
0.041497461928934 801.100234185289
0.0416243654822335 798.533053673625
0.041751269035533 795.939115922193
0.0418781725888325 793.317562747106
0.042005076142132 790.66749449176
0.0421319796954315 787.987967725537
0.042258883248731 785.277992738454
0.0423857868020305 782.536530813582
0.04251269035533 779.762491256954
0.0426395939086294 776.954728162284
0.0427664974619289 774.112036885125
0.0428934010152284 771.233150197982
0.0430203045685279 768.316734094381
0.0431472081218274 765.361383205877
0.0432741116751269 762.365615791358
0.0434010152284264 759.327868252747
0.0435279187817259 756.246489125084
0.0436548223350254 753.119732482016
0.0437817258883249 749.945750689604
0.0439086294416244 746.722586431988
0.0440355329949239 743.448163921585
0.0441624365482234 740.120279193803
0.0442893401015228 736.736589371449
0.0444162436548223 733.294600766661
0.0445431472081218 729.791655667772
0.0446700507614213 726.224917634469
0.0447969543147208 722.591355096087
0.0449238578680203 718.887723014031
0.0450507614213198 715.110542328942
0.0451776649746193 711.256076864842
0.0453045685279188 707.320307304365
0.0454314720812183 703.298901778897
0.0455583756345178 699.18718253227
0.0456852791878173 694.980088012706
0.0458121827411168 690.672129620369
0.0459390862944162 686.257342181038
0.0460659898477157 681.729227022029
0.0461928934010152 677.080686284312
0.0463197969543147 672.303946801001
0.0464467005076142 667.390471488952
0.0465736040609137 662.330855712692
0.0467005076142132 657.114705455518
0.0468274111675127 651.730493326433
0.0469543147208122 646.165387381943
0.0470812182741117 640.405046362605
0.0472081218274112 634.433373114438
0.0473350253807107 628.232215512289
0.0474619289340102 621.781000876379
0.0475888324873096 615.056285309095
0.0477157360406091 608.03119303237
0.0478426395939086 600.674711853554
0.0479695431472081 592.950798060729
0.0480964467005076 584.817225352633
0.0482233502538071 576.224084639705
0.0483502538071066 567.111799437851
0.0484771573604061 557.408456201641
0.0486040609137056 547.026144784689
0.0487309644670051 535.855833313617
0.0488578680203046 523.760011816482
0.0489847715736041 510.561827771961
0.0491116751269036 496.028494422878
0.049238578680203 479.844921904523
0.0493654822335025 461.569733659273
0.049492385786802 440.55737053929
0.0496192893401015 415.809185494207
0.049746192893401 385.658530836144
0.0498730964467005 347.004020766998
0.05 293
