0 975.80659697862
0.00251896360929939 975.80659697862
0.00356235249939548 975.806596978619
0.00436297295372363 975.806596978619
0.00503792721859878 975.806596978616
0.00563257386324166 975.806596978608
0.00617017552342295 975.806596978584
0.00666455127182786 975.806596978528
0.00712470499879096 975.806596978397
0.00755689082789818 975.806596978116
0.00796566234846458 975.806596977542
0.00835445715260548 975.80659697642
0.00872594590744725 975.806596974316
0.0090822524543568 975.806596970502
0.00942509879574982 975.806596963804
0.00975590410851907 975.806596952361
0.0100758544371976 975.8065969333
0.0103859530282285 975.806596902266
0.0106870574981864 975.806596852778
0.0109799078153925 975.806596775362
0.0112651477264833 975.806596656376
0.0115433414124536 975.806596476464
0.0118149866114796 975.806596208535
0.0120805250835556 975.806595815148
0.0123403510468459 975.806595245167
0.012594818046497 975.806594429535
0.0128442445978477 975.806593275969
0.0130889188611709 975.806591662368
0.0133291025436557 975.8065894287
0.0135650341792516 975.806586367085
0.0137969319034791 975.806582209775
0.0140249958151228 975.806576614701
0.0142494099975819 975.806569148201
0.0144703442579699 975.806559264541
0.0146879556306906 975.806546281791
0.0149023896833398 975.806529353578
0.0151137816557964 975.806507436231
0.0153222574578311 975.80647925079
0.0155279345461344 975.806443239334
0.0157309226981131 975.806397515054
0.0159313246969292 975.806339805507
0.0161292369399163 975.806267388446
0.0163247499805949 975.806177019638
0.0165179490129346 975.806064852097
0.016708914305211 975.805926346143
0.016897721589725 975.805756169741
0.0170844424137527 975.805548088607
0.0172691444563362 975.805294845589
0.0174518918148945 975.804988028892
0.0176327452650957 975.804617928783
0.0178117624969774 975.804173382468
0.0179889983299156 975.803641606906
0.0181645049087136 975.803008019442
0.0183383318827983 975.802256046204
0.0185105265702689 975.801366918347
0.0186811341083352 975.800319456298
0.0188501975914996 975.79908984234
0.0190177581986824 975.797651381935
0.0191838553103522 975.795974254354
0.0193485266166058 975.794025253327
0.0195118082170381 975.791767518517
0.0196737347131512 975.789160258825
0.0198343392939726 975.78615846861
0.0199936538154836 975.782712638097
0.0201517088743951 975.778768459335
0.0203085338767561 975.774266529224
0.0204641571018287 975.769142051249
0.0206186057616246 975.763324537641
0.020771906056457 975.756737513837
0.0209240832268286 975.749298227155
0.021075161601948 975.740917361705
0.0212251646451376 975.73149876162
0.0213741149963729 975.72093916473
0.0215220345121726 975.709127948835
0.021668944303037 975.695946892764
0.0218148647686181 975.681269954397
0.021959815630785 975.66496306779
0.0221038159647389 975.646883961549
0.0222468842283143 975.626882000487
0.022389038289596 975.604798052577
0.0225302954529666 975.58046438308
0.0226706724836945 975.553704577646
0.0228101856311587 975.524333496035
0.0229488506508037 975.492157257983
0.0230866828249073 975.456973262567
0.0232236969822387 975.418570242253
0.0233599075166795 975.37672835263
0.0234953284048721 975.331219298629
0.0236299732229592 975.281806497832
0.0237638551624677 975.228245281254
0.0238969870453937 975.170283131759
0.0240293813385341 975.107659960062
0.0241610501671112 975.040108418014
0.0242920053277336 974.967354248676
0.0244222583007308 974.889116672424
0.0245518202618989 974.805108808135
0.0246807020936918 974.715038128265
0.0248089143958888 974.61860694642
0.0249364674957684 974.515512935826
0.0250633714578164 974.405449676908
0.0251896360929939 974.288107231982
0.0253152709675886 974.163172744936
0.0254402854116736 974.03033106357
0.0255646885271929 973.889265382167
0.0256884891956954 973.739657901707
0.0258116960857348 973.581190505045
0.0259343176599522 973.413545444282
0.0260563621818604 973.236406037472
0.0261778377223418 973.049457371762
0.0262987521658773 972.852387010024
0.0264191132165182 972.644885698017
0.0265389284036146 972.426648069114
0.0266582050873114 972.197373343654
0.0267769504638249 971.956766020009
0.0268951715705088 971.704536554506
0.0270128752907217 971.440402027432
0.0271300683585032 971.164086792402
0.0272467573630704 970.875323106503
0.0273629487531407 970.573851738724
0.0274786488410908 970.259422554313
0.0275938638069581 969.931795072844
0.0277085997022933 969.590738997914
0.0278228624538688 969.236034716572
0.0279366578672517 968.867473766729
0.0280499916302457 968.484859270971
0.0281628693162083 968.088006335406
0.0282752963872495 967.676742412313
0.0283872781973154 967.250907625591
0.0284988199951639 966.810355058167
0.028609926927235 966.354951000724
0.0287206040404219 965.884575161287
0.028830856284746 965.399120835412
0.0289406885159398 964.898495036875
0.0290501054979431 964.382618588961
0.0291591119053136 963.851426176624
0.0292677123255572 963.304866359945
0.0293759112613813 962.74290154948
0.0294837131328726 962.165507944256
0.0295911222796044 961.572675433304
0.0296981429626748 960.964407461749
0.0298047793666795 960.340720862633
0.0299110356016207 959.701645655717
0.0300169157047555 959.047224814673
0.0301224236423859 958.377514004118
0.0302275633115927 957.692581288061
0.0303323385419146 956.992506811406
0.0304367530969763 956.277382456204
0.0305408106760654 955.547311474422
0.0306445149156622 954.802408099016
0.0307478693909223 954.042797135153
0.0308508776171148 953.268613533429
0.0309535430510171 952.480001946962
0.0310558690922689 951.67711627422
0.0311578590846855 950.860119189468
0.0312595163175327 950.029181662671
0.0313608440267647 949.184482470696
0.0314618453962262 948.32620770161
0.0315625235588192 947.454550253835
0.0316628815976372 946.569709331883
0.0317629225470668 945.67188994034
0.0318626493938583 944.761302377707
0.0319620650781659 943.838161731667
0.0320611724945593 942.902687377232
0.032159974493007 941.955102479229
0.0322584738798325 940.995633500435
0.0323566734186444 940.024509716651
0.0324545758312412 939.041962739896
0.0325521837984913 938.048226050834
0.0326494999611898 937.043534541471
0.0327465269208921 936.028124069059
0.0328432672407251 935.002231022086
0.0329397234461776 933.966091899124
0.0330358980258693 932.919942901248
0.0331317934323002 931.864019538641
0.03322741208258 930.798556251933
0.0333227563591393 929.723786048731
0.0334178286104219 928.639940155738
0.03351263115156 927.547247686766
0.0336071662650317 926.445935326894
0.0337014362013024 925.33622703294
0.03379544317945 924.218343750355
0.0338891893877739 923.09250314659
0.0339826769843899 921.95891936091
0.0340759080978094 920.817802770593
0.0341688848275054 919.669359773385
0.0342616092444635 918.513792586029
0.0343540833917204 917.351299058657
0.0344463092848893 916.182072504766
0.0345382889126724 915.006301546484
0.0346300242373609 913.824169974775
0.034721517195324 912.63585662421
0.0348127696974853 911.441535261898
0.034903783629789 910.241374490149
0.0349945608536541 909.035537662405
0.035085103206419 907.824182811969
0.0351754125017753 906.60746259304
0.0352654905301915 905.385524233544
0.0353553390593274 904.158509499239
0.0354449598344387 902.926554668573
0.0355343545787728 901.689790517749
0.0356235249939548 900.448342315478
0.0357124727603662 899.20232982685
0.0358011995375137 897.951867325817
0.0358897069643909 896.697063615716
0.0359779966598312 895.438022057329
0.0360660702228535 894.174840603925
0.036153929233 892.907611842783
0.0362415752506668 891.636423042671
0.0363290098174272 890.36135620679
0.0364162344563478 889.082488130678
0.0365032506722986 887.799890464612
0.0365900599522554 886.513629780024
0.0366766637655965 885.223767639496
0.0367630635643929 883.930360669887
0.0368492607836924 882.633460638174
0.0369352568417974 881.333114529595
0.0370210531405377 880.029364627707
0.0371066510655367 878.722248595996
0.0371920519864724 877.411799560651
0.0372772572573337 876.098046194192
0.0373622682166704 874.781012799611
0.0374470861878383 873.460719394714
0.0375317124792404 872.137181796381
0.0376161483845614 870.810411704462
0.0377003951829993 869.480416785044
0.0377844541394909 868.147200752852
0.0378683265049337 866.810763452548
0.037952013516403 865.471100938712
0.0380355163973649 864.1282055543
0.0381188363578846 862.782066007406
0.0382019745948316 861.432667446128
0.0382849322920798 860.079991531406
0.0383677106207044 858.724016507652
0.0384503107391746 857.364717271063
0.0385327337935431 856.002065435464
0.0386149809176314 854.636029395588
0.0386970532332116 853.266574387663
0.0387789518501852 851.893662547235
0.0388606778667583 850.517252964112
0.038942232369613 849.137301734371
0.0390236164340763 847.753762009345
0.0391048311242854 846.366584041518
0.0391858774933503 844.975715227282
0.0392667565835126 843.5811001465
0.0393474694263025 842.182680598811
0.0394280170426916 840.780395636657
0.0395084004432444 839.37418159497
0.0395886206282655 837.963972117503
0.0396686785879452 836.549698179747
0.0397485753025021 835.131288108432
0.0398283117423229 833.708667597558
0.0399078888681001 832.28175972094
0.0399873076309672 830.85048494124
0.0400665689726308 829.414761115458
0.0401456738255015 827.974503496845
0.0402246231128214 826.529624733235
0.0403034177487903 825.080034861738
0.0403820586386885 823.625641299788
0.0404605466789989 822.166348832494
0.0405388827575258 820.702059596279
0.0406170677535122 819.232673058754
0.0406951025377548 817.758085994783
0.0407729879727173 816.278192458718
0.0408507249126417 814.79288375272
0.0409283142036573 813.302048391144
0.0410057566838886 811.805572060902
0.0410830531835604 810.303337577755
0.041160204525102 808.79522483846
0.0412372115232492 807.281110768682
0.0413140749851449 805.760869266601
0.0413907957104372 804.234371142111
0.0414673744913772 802.701484051506
0.041543812112914 801.162072427553
0.0416201093527885 799.615997404817
0.0416962669816261 798.063116740124
0.0417722857630274 796.503284728
0.0418481664536571 794.936352110956
0.0419239098033326 793.362165984431
0.0419995165551098 791.780569696228
0.0420749874453685 790.191402740251
0.042150323203896 788.594500644325
0.0422255245539693 786.989694851887
0.0423005922124365 785.376812597306
0.0423755268897959 783.755676774565
0.0424503292902751 782.126105799044
0.0425250001119079 780.487913462092
0.0425995400466101 778.840908778081
0.0426739497802549 777.184895823594
0.0427482299927458 775.51967356838
0.0428223813580897 773.845035697692
0.0428964045444678 772.160770425571
0.0429703002143063 770.466660298646
0.0430440690243451 768.762481989946
0.0431177116257062 767.04800608222
0.0431912286639607 765.3229968402
0.0432646207791945 763.587211971221
0.0433378886060741 761.84040237355
0.0434110327739097 760.082311871743
0.0434840539067189 758.312676938295
0.0435569526232886 756.531226400793
0.0436297295372363 754.737681133724
0.0437023852570699 752.931753734028
0.0437749203862478 751.113148179421
0.0438473355232369 749.281559468427
0.0439196312615701 747.436673240997
0.0439918081899035 745.578165378494
0.0440638668920719 743.705701581725
0.0441358079471443 741.818936925616
0.0442076319294778 739.917515388998
0.0442793394087712 738.001069357857
0.044350930950118 736.069219100278
0.044422407114058 734.121572211153
0.0444937684566286 732.157723024575
0.0445650155294156 730.177251991679
0.0446361488796024 728.179725021475
0.0447071690500193 726.16469278205
0.044778076579192 724.13168995925
0.0448488720013888 722.080234469748
0.044919555846668 720.009826625087
0.0449901286409242 717.91994824303
0.0450605909059333 715.810061702193
0.0451309431593984 713.679608935574
0.0452011859149937 711.528010358208
0.0452713196824082 709.354663723709
0.0453413449673891 707.158942903987
0.045411262271784 704.940196585881
0.0454810720935833 702.697746877816
0.0455507749269615 700.430887818973
0.0456203712623174 698.138883782649
0.0456898615863153 695.820967764694
0.045759246381924 693.47633954696
0.0458285261284563 691.104163724647
0.0458977013016074 688.703567585282
0.0459667723734933 686.273638825719
0.0460357398126882 683.81342309212
0.0461046040842615 681.321921326166
0.0461733656498145 678.79808689891
0.0462420249675168 676.24082251154
0.0463105824921413 673.64897683994
0.0463790386750997 671.021340897203
0.0464473939644774 668.356644085168
0.0465156488050672 665.65354990251
0.0465838036384033 662.91065127291
0.046651858902795 660.126465452228
0.0467198150333589 657.299428468288
0.0467876724620518 654.427889040875
0.0468554316177028 651.510101922491
0.0469230929260444 648.544220592377
0.0469906568097443 645.528289226921
0.047058123688436 642.460233858719
0.0471254939787491 639.337852623868
0.0471927680943393 636.158804982267
0.0472599464459183 632.920599778373
0.0473270294412827 629.62058198942
0.0473940174853432 626.255917984054
0.0474609109801528 622.823579085846
0.0475277103249353 619.320323202231
0.0475944159161129 615.742674239067
0.0476610281473335 612.086898972585
0.0477275474094981 608.348980992303
0.0477939740907875 604.524591258219
0.0478603085766885 600.609054730253
0.0479265512500202 596.597312423941
0.0479927024909599 592.483878118909
0.0480587626770682 588.262788789639
0.0481247321833144 583.92754763348
0.0481906113821013 579.471058328411
0.0482564006432896 574.885548848954
0.0483221003342224 570.16248278476
0.0483877108197488 565.292455618307
0.0484532324622476 560.265072792982
0.0485186656216511 555.068805595628
0.0485840106554673 549.690819826633
0.0486492679188036 544.116770849575
0.0487144377643888 538.330556780104
0.0487795205425954 532.314019117092
0.0488445166014616 526.046576788148
0.0489094262867132 519.50477501012
0.0489742499417848 512.661724007977
0.0490389879078411 505.486393667484
0.0491036405237978 497.942717346794
0.0491682081263425 489.98843934069
0.0492326910499549 481.573612666918
0.0492970896269271 472.638611640071
0.0493614041873836 463.111458177583
0.0494256350593012 452.904156376293
0.0494897825685283 441.907558564849
0.0495538470388039 429.983995307659
0.0496178287917776 416.956389174417
0.0496817281470273 402.591626799853
0.0497455454220788 386.574126681656
0.0498092809324234 368.461738288118
0.0498729349915367 347.607612463545
0.0499365079108965 323.010785122434
0.05 293
