0 974.78338518191
0.000128205128205128 974.78338518191
0.000256410256410256 974.78338518191
0.000384615384615385 974.78338518191
0.000512820512820513 974.78338518191
0.000641025641025641 974.783385181911
0.000769230769230769 974.783385181911
0.000897435897435897 974.783385181911
0.00102564102564103 974.783385181911
0.00115384615384615 974.783385181912
0.00128205128205128 974.783385181912
0.00141025641025641 974.783385181911
0.00153846153846154 974.783385181911
0.00166666666666667 974.783385181911
0.00179487179487179 974.783385181911
0.00192307692307692 974.78338518191
0.00205128205128205 974.78338518191
0.00217948717948718 974.783385181909
0.00230769230769231 974.783385181909
0.00243589743589744 974.783385181908
0.00256410256410256 974.783385181908
0.00269230769230769 974.783385181907
0.00282051282051282 974.783385181906
0.00294871794871795 974.783385181905
0.00307692307692308 974.783385181905
0.00320512820512821 974.783385181905
0.00333333333333333 974.783385181904
0.00346153846153846 974.783385181904
0.00358974358974359 974.783385181904
0.00371794871794872 974.783385181903
0.00384615384615385 974.783385181902
0.00397435897435897 974.783385181901
0.0041025641025641 974.783385181901
0.00423076923076923 974.7833851819
0.00435897435897436 974.783385181899
0.00448717948717949 974.783385181898
0.00461538461538462 974.783385181897
0.00474358974358974 974.783385181895
0.00487179487179487 974.783385181894
0.005 974.783385181892
0.00512820512820513 974.783385181891
0.00525641025641026 974.783385181889
0.00538461538461539 974.783385181887
0.00551282051282051 974.783385181884
0.00564102564102564 974.783385181882
0.00576923076923077 974.783385181878
0.0058974358974359 974.783385181874
0.00602564102564103 974.783385181869
0.00615384615384615 974.783385181862
0.00628205128205128 974.783385181853
0.00641025641025641 974.783385181841
0.00653846153846154 974.783385181826
0.00666666666666667 974.783385181807
0.00679487179487179 974.783385181782
0.00692307692307692 974.78338518175
0.00705128205128205 974.78338518171
0.00717948717948718 974.783385181658
0.00730769230769231 974.783385181592
0.00743589743589744 974.783385181508
0.00756410256410256 974.783385181402
0.00769230769230769 974.783385181267
0.00782051282051282 974.783385181097
0.00794871794871795 974.783385180881
0.00807692307692308 974.783385180608
0.00820512820512821 974.783385180264
0.00833333333333333 974.78338517983
0.00846153846153846 974.783385179284
0.00858974358974359 974.783385178599
0.00871794871794872 974.783385177739
0.00884615384615385 974.783385176661
0.00897435897435898 974.783385175312
0.0091025641025641 974.783385173626
0.00923076923076923 974.783385171522
0.00935897435897436 974.783385168899
0.00948717948717949 974.783385165633
0.00961538461538462 974.783385161572
0.00974358974358974 974.78338515653
0.00987179487179487 974.783385150277
0.01 974.783385142533
0.0101282051282051 974.783385132953
0.0102564102564103 974.783385121118
0.0103846153846154 974.783385106517
0.0105128205128205 974.783385088525
0.0106410256410256 974.783385066384
0.0107692307692308 974.783385039171
0.0108974358974359 974.783385005767
0.011025641025641 974.783384964816
0.0111538461538462 974.783384914677
0.0112820512820513 974.783384853366
0.0114102564102564 974.78338477849
0.0115384615384615 974.783384687163
0.0116666666666667 974.783384575912
0.0117948717948718 974.783384440564
0.0119230769230769 974.783384276105
0.0120512820512821 974.783384076531
0.0121794871794872 974.783383834649
0.0123076923076923 974.783383541861
0.0124358974358974 974.783383187902
0.0125641025641026 974.783382760534
0.0126923076923077 974.783382245182
0.0128205128205128 974.783381624518
0.0129487179487179 974.783380877964
0.0130769230769231 974.783379981119
0.0132051282051282 974.783378905084
0.0133333333333333 974.783377615683
0.0134615384615385 974.783376072551
0.0135897435897436 974.783374228083
0.0137179487179487 974.783372026204
0.0138461538461538 974.783369400959
0.013974358974359 974.783366274875
0.0141025641025641 974.783362557071
0.0142307692307692 974.783358141087
0.0143589743589744 974.783352902379
0.0144871794871795 974.783346695449
0.0146153846153846 974.78333935055
0.0147435897435897 974.783330669912
0.0148717948717949 974.783320423437
0.015 974.783308343774
0.0151282051282051 974.783294120712
0.0152564102564103 974.783277394808
0.0153846153846154 974.783257750137
0.0155128205128205 974.783234706078
0.0156410256410256 974.78320770801
0.0157692307692308 974.7831761168
0.0158974358974359 974.783139196933
0.016025641025641 974.783096103143
0.0161538461538462 974.783045865366
0.0162820512820513 974.782987371854
0.0164102564102564 974.78291935023
0.0165384615384615 974.782840346288
0.0166666666666667 974.782748700306
0.0167948717948718 974.782642520612
0.0169230769230769 974.78251965415
0.0170512820512821 974.782377653757
0.0171794871794872 974.782213741836
0.0173076923076923 974.782024770115
0.0174358974358974 974.78180717513
0.0175641025641026 974.781556929075
0.0176923076923077 974.781269485632
0.0178205128205128 974.780939720367
0.017948717948718 974.780561865276
0.0180769230769231 974.780129437024
0.0182051282051282 974.779635158422
0.0183333333333333 974.779070872667
0.0184615384615385 974.778427449831
0.0185897435897436 974.777694685128
0.0187179487179487 974.776861188404
0.0188461538461538 974.775914264358
0.018974358974359 974.774839782955
0.0191025641025641 974.773622039506
0.0192307692307692 974.772243603894
0.0193589743589744 974.770685158441
0.0194871794871795 974.768925323908
0.0196153846153846 974.766940473165
0.0197435897435897 974.764704532074
0.0198717948717949 974.76218876717
0.02 974.759361559766
0.0201282051282051 974.756188166172
0.0202564102564103 974.752630463724
0.0203846153846154 974.748646682464
0.0205128205128205 974.744191122309
0.0206410256410256 974.739213855676
0.0207692307692308 974.733660415621
0.0208974358974359 974.727471469618
0.021025641025641 974.720582479261
0.0211538461538462 974.712923346265
0.0212820512820513 974.704418045268
0.0214102564102564 974.694984244108
0.0215384615384615 974.684532912344
0.0216666666666667 974.672967919009
0.0217948717948718 974.660185620684
0.0219230769230769 974.646074441194
0.0220512820512821 974.630514444384
0.0221794871794872 974.613376901612
0.0223076923076923 974.594523855775
0.0224358974358974 974.573807683887
0.0225641025641026 974.551070660371
0.0226923076923077 974.526144523455
0.0228205128205128 974.498850047197
0.0229487179487179 974.468996621875
0.0230769230769231 974.436381845591
0.0232051282051282 974.400791130163
0.0233333333333333 974.361997324436
0.0234615384615385 974.319760358351
0.0235897435897436 974.27382691116
0.0237179487179487 974.2239301073
0.0238461538461539 974.16978924351
0.023974358974359 974.111109550785
0.0241025641025641 974.047581994842
0.0242307692307692 973.978883118707
0.0243589743589744 973.904674931038
0.0244871794871795 973.824604843705
0.0246153846153846 973.738305662068
0.0247435897435897 973.645395631253
0.0248717948717949 973.545478541541
0.025 973.438143895821
0.0251282051282051 973.322967141774
0.0252564102564103 973.19950997122
0.0253846153846154 973.067320688714
0.0255128205128205 972.925934651178
0.0256410256410256 972.774874779935
0.0257692307692308 972.613652146128
0.0258974358974359 972.441766630086
0.026025641025641 972.258707654695
0.0261538461538462 972.063954992382
0.0262820512820513 971.856979644821
0.0264102564102564 971.637244793894
0.0265384615384615 971.404206821983
0.0266666666666667 971.157316399061
0.0267948717948718 970.896019633547
0.0269230769230769 970.619759283322
0.0270512820512821 970.327976022783
0.0271794871794872 970.020109761273
0.0273076923076923 969.695601007733
0.0274358974358974 969.353892275912
0.0275641025641026 968.994429524048
0.0276923076923077 968.616663622457
0.0278205128205128 968.220051842148
0.0279487179487179 967.804059357161
0.0280769230769231 967.368160753078
0.0282051282051282 966.911841533895
0.0283333333333333 966.434599619238
0.0284615384615385 965.935946823775
0.0285897435897436 965.41541031061
0.0287179487179487 964.872534010414
0.0288461538461538 964.306879998108
0.028974358974359 963.718029819012
0.0291025641025641 963.105585756581
0.0292307692307692 962.469172034052
0.0293589743589744 961.808435942662
0.0294871794871795 961.123048889452
0.0296153846153846 960.412707358097
0.0297435897435897 959.677133776671
0.0298717948717949 958.916077286824
0.03 958.129314409379
0.0301282051282051 957.316649602017
0.0302564102564103 956.477915705366
0.0303846153846154 955.612974274497
0.0305128205128205 954.721715793549
0.0306410256410256 953.80405977195
0.0307692307692308 952.859954721443
0.0308974358974359 951.889378013872
0.031025641025641 950.89233562046
0.0311538461538462 949.868861734036
0.0312820512820513 948.819018276411
0.0314102564102564 947.742894293805
0.0315384615384615 946.640605243934
0.0316666666666667 945.512292178972
0.0317948717948718 944.35812082928
0.0319230769230769 943.178280593285
0.0320512820512821 941.972983439489
0.0321794871794872 940.742462727
0.0323076923076923 939.486971951404
0.0324358974358974 938.20678342317
0.0325641025641026 936.902186886041
0.0326923076923077 935.573488083109
0.0328205128205128 934.221007278435
0.0329487179487179 932.845077742174
0.0330769230769231 931.446044207202
0.0332051282051282 930.024261305219
0.0333333333333333 928.580091990201
0.0334615384615385 927.113905956966
0.0335897435897436 925.626078062363
0.0337179487179487 924.11698675639
0.0338461538461539 922.587012530201
0.033974358974359 921.036536387652
0.0341025641025641 919.465938346607
0.0342307692307692 917.875595975832
0.0343589743589744 916.265882972821
0.0344871794871795 914.637167787428
0.0346153846153846 912.989812295676
0.0347435897435897 911.324170527567
0.0348717948717949 909.640587452221
0.035 907.939397823092
0.0351282051282051 906.220925085497
0.0352564102564103 904.485480348135
0.0353846153846154 902.733361419755
0.0355128205128205 900.964851911594
0.0356410256410256 899.180220405718
0.0357692307692308 897.3797196889
0.0358974358974359 895.563586051206
0.036025641025641 893.732038648017
0.0361538461538462 891.885278923797
0.0362820512820513 890.023490095539
0.0364102564102564 888.146836693449
0.0365384615384615 886.25546415611
0.0366666666666667 884.349498477071
0.0367948717948718 882.429045899536
0.0369230769230769 880.494192655597
0.0370512820512821 878.545004746262
0.0371794871794872 876.581527758334
0.0373076923076923 874.603786714077
0.0374358974358974 872.611785949475
0.0375641025641026 870.605509016796
0.0376923076923077 868.584918607122
0.0378205128205128 866.549956488441
0.037948717948718 864.500543454879
0.0380769230769231 862.436579282651
0.0382051282051282 860.357942688288
0.0383333333333333 858.264491284741
0.0384615384615385 856.156061530963
0.0385897435897436 854.032468670621
0.0387179487179487 851.893506655606
0.0388461538461538 849.738948050049
0.038974358974359 847.568543910575
0.0391025641025641 845.38202363856
0.0392307692307692 843.17909480015
0.0393589743589744 840.959442909824
0.0394871794871795 838.722731173246
0.0396153846153846 836.468600185129
0.0397435897435897 834.196667577783
0.0398717948717949 831.906527615906
0.04 829.597750733112
0.0401282051282051 827.269883005493
0.0402564102564103 824.922445557379
0.0403846153846154 822.554933894194
0.0405128205128205 820.166817157067
0.0406410256410256 817.757537293521
0.0407692307692308 815.326508138194
0.0408974358974359 812.873114397104
0.041025641025641 810.396710528461
0.0411538461538462 807.896619512456
0.0412820512820513 805.37213150177
0.0414102564102564 802.822502343802
0.0415384615384615 800.246951964724
0.0416666666666667 797.644662604499
0.0417948717948718 795.014776890879
0.0419230769230769 792.356395739093
0.0420512820512821 789.668576062542
0.0421794871794872 786.950328278147
0.0423076923076923 784.200613588142
0.0424358974358974 781.418341018032
0.0425641025641026 778.602364187994
0.0426923076923077 775.751477792328
0.0428205128205128 772.864413758441
0.0429487179487179 769.939837053329
0.0430769230769231 766.976341101468
0.0432051282051282 763.972442773442
0.0433333333333333 760.926576899298
0.0434615384615385 757.837090254543
0.0435897435897436 754.702234959684
0.0437179487179487 751.52016122608
0.0438461538461538 748.288909371491
0.043974358974359 745.006401017782
0.0441025641025641 741.670429370537
0.0442307692307692 738.278648465464
0.0443589743589744 734.828561249066
0.0444871794871795 731.317506340598
0.0446153846153846 727.742643298126
0.0447435897435897 724.100936182978
0.0448717948717949 720.389135182834
0.045 716.603756013202
0.0451282051282051 712.741056768486
0.0452564102564103 708.797011835473
0.0453846153846154 704.767282411526
0.0455128205128205 700.647183084259
0.0456410256410256 696.431643825067
0.0457692307692308 692.115166621073
0.0458974358974359 687.691775812462
0.046025641025641 683.154961007017
0.0461538461538462 678.497611200318
0.0462820512820513 673.711938424942
0.0464102564102564 668.789388866702
0.0465384615384615 663.720538896054
0.0466666666666667 658.494972835246
0.0467948717948718 653.101138471365
0.0469230769230769 647.52617527014
0.0470512820512821 641.755708858426
0.0471794871794872 635.773603502913
0.0473076923076923 629.561661844745
0.0474358974358974 623.099257803032
0.0475641025641026 616.362883966205
0.0476923076923077 609.325588400295
0.0478205128205128 601.956266787048
0.047948717948718 594.218762882346
0.0480769230769231 586.07071144365
0.0482051282051282 577.46202977838
0.0483333333333333 568.332921585585
0.0484615384615385 558.611190789463
0.0485897435897436 548.208557891609
0.0487179487179487 537.015498696966
0.0488461538461538 524.893832107586
0.048974358974359 511.665766404364
0.0491025641025641 497.097158941483
0.0492307692307692 480.870887592923
0.0493589743589744 462.542385995195
0.0494871794871795 441.46078861956
0.0496153846153846 416.617927112026
0.0497435897435898 386.328220044154
0.0498717948717949 347.446609510019
0.05 293
