0 975.83810175503
0.00246033915652561 975.83810175503
0.00347944500319611 975.83810175503
0.00426143242295352 975.838101755029
0.00492067831305123 975.838101755027
0.00550148560169577 975.838101755021
0.00602657552767731 975.838101755004
0.00650944554904119 975.838101754963
0.00695889000639221 975.83810175487
0.00738101746957684 975.838101754671
0.00778027555111846 975.838101754269
0.00816002183921495 975.838101753494
0.00852286484590704 975.838101752052
0.00887087898388493 975.838101749464
0.00920574617898323 975.838101744956
0.00952885257924571 975.838101737313
0.00984135662610246 975.83810172467
0.0101442382171982 975.838101704217
0.0104383350095883 975.838101671795
0.0107243697501313 975.838101621351
0.0110029712033915 975.838101544208
0.0112746904200424 975.8381014281
0.0115400135542784 975.83810125592
0.0117993720849062 975.838101004098
0.0120531510553546 975.838100640531
0.0123016957826281 975.838100121968
0.0125453173691805 975.838099390734
0.0127842972688606 975.83809837066
0.0130188910980824 975.838096962065
0.0132493318393367 975.838095035633
0.0134758325514231 975.838092424984
0.0136985886761786 975.838088917722
0.0139177800127844 975.838084244743
0.0141335724163919 975.838078067529
0.0143461192667051 975.83806996315
0.0145555627434896 975.838059406684
0.0147620349391537 975.838045750712
0.0149656588331395 975.838028201556
0.0151665491485394 975.838005791887
0.0153648131078837 975.83797734932
0.0155605511022369 975.837941460603
0.0157538572854543 975.837896430987
0.015944820103582 975.837840238357
0.0161335227678498 975.837770481694
0.0163200436784299 975.837684323459
0.0165044568050873 975.837578425463
0.0166868320299608 975.837448877814
0.0168672354569817 975.83729112055
0.0170457296918141 975.837099857582
0.0172223740956793 975.836868962591
0.0173972250159805 975.836591376562
0.0175703359962692 975.836258996691
0.0177417579677699 975.835862556426
0.0179115394244062 975.835391496452
0.0180797265830319 975.834833826527
0.0182463635303675 975.834175978091
0.0184114923579665 975.833402647672
0.0185751532863821 975.832496631181
0.0187373847795717 975.831438649272
0.0188982236504614 975.830207164013
0.0190577051584914 975.828778187223
0.0192158630998746 975.827125080913
0.0193727298912223 975.825218350357
0.0195283366471236 975.823025430424
0.0196827132522049 975.820510465891
0.019835888428141 975.817634086554
0.0199878897960437 975.81435317805
0.0201387439346133 975.810620649387
0.0202884764343963 975.806385198272
0.0204371119484674 975.801591075413
0.0205846742398155 975.796177849036
0.0207311862256952 975.790080170947
0.0208766700191766 975.783227545506
0.0210211469681062 975.775544102973
0.0211646376916746 975.766948378691
0.0213071621147676 975.757353099646
0.0214487395002625 975.74666497993
0.0215893884794186 975.734784526693
0.021729127080497 975.721605858138
0.0218679727557339 975.707016535124
0.0220059424067831 975.690897407906
0.0221430524087305 975.673122479544
0.0222793186327796 975.653558787415
0.0224147564676945 975.632066304269
0.0225493808400849 975.608497860144
0.0226832062336064 975.582699086414
0.0228162467071482 975.554508383152
0.0229485159120712 975.52375691086
0.0230800271085569 975.490268607551
0.0232107931811227 975.453860232006
0.0233408266533554 975.414341433948
0.0234701397019089 975.371514851682
0.0235987441698123 975.325176237679
0.023726651579129 975.275114612371
0.0238538731430038 975.221112446314
0.0239804197771359 975.162945870717
0.0241063021107092 975.100384916154
0.0242315304968117 975.033193779157
0.0243561150223727 974.961131116211
0.0244800655176448 974.883950364511
0.0246033915652561 974.801400088707
0.0247261025088559 974.713224352708
0.024848207461376 974.619163115466
0.0249697153129289 974.518952649534
0.025090634738361 974.412325981054
0.0252109742044805 974.299013349711
0.0253307419769757 974.178742687074
0.0254499461270402 974.051240111644
0.0255685945377211 973.916230438819
0.0256866949100019 973.773437703927
0.0258042547686355 973.622585696378
0.0259212814677396 973.463398502938
0.0260377821961648 973.295601058081
0.0261537639826479 973.118919699315
0.0262692337007607 972.93308272539
0.0263841980736636 972.737820955237
0.0264986636786735 972.532868285515
0.0266126369516548 972.317962244654
0.0267261241912424 972.092844541274
0.0268391315629036 971.857261604929
0.0269516651028463 971.61096511715
0.0270637307217818 971.35371253081
0.0271753342085474 971.085267575916
0.0272864812335959 970.805400749991
0.0273971773523572 970.513889791309
0.0275074280084788 970.210520133311
0.0276172385369497 969.895085338649
0.0277266141671123 969.567387511424
0.0278355600255688 969.227237686234
0.027944081138985 968.874456192852
0.0280521824367965 968.508872995393
0.0281598687538214 968.130328005007
0.0282671448327839 967.738671365229
0.0283740153267512 967.33376370927
0.028480484801489 966.915476388639
0.0285865577377371 966.483691672637
0.0286922385334102 966.038302918373
0.0287975315057254 965.579214711098
0.0289024408932598 965.106342974764
0.0290069708579423 964.619615052851
0.0291111254869791 964.11896975961
0.0292149087947195 963.604357402009
0.0293183247244605 963.075739772752
0.0294213771501955 962.533090114875
0.0295240698783074 961.976393058512
0.0296264066492092 961.405644530514
0.0297283911389339 960.820851637716
0.0298300269606746 960.222032524711
0.0299313176662791 959.609216207065
0.0300322667476973 958.982442381013
0.0301328776383865 958.341761210689
0.030233153714674 957.687233094039
0.0303330982970788 957.018928408605
0.0304327146515945 956.3369272384
0.0305320059909353 955.641319083157
0.0306309754757442 954.932202551222
0.0307296262157673 954.209685037441
0.030827961270994 953.473882387344
0.0309259836527642 952.724918548995
0.0310236963248446 951.962925213843
0.0311211022044739 951.188041447911
0.0312182041633794 950.400413314683
0.0313150050287649 949.600193490989
0.0314115075842709 948.787540877196
0.0315077145709085 947.962620202998
0.0316036286879683 947.125601630034
0.0316992525939036 946.276660352573
0.0317945889071905 945.415976197431
0.031889640207164 944.543733224276
0.031984409034833 943.660119327409
0.0320788978936721 942.76532584008
0.0321731092503938 941.859547142337
0.0322670455356995 940.942980273371
0.0323607091450116 940.01582454925
0.0324541024391859 939.078281186896
0.032547227745206 938.13055293509
0.0326400873568598 937.172843713253
0.0327326835353989 936.205358258674
0.0328250185101807 935.228301782819
0.0329170944792951 934.241879637278
0.0330089136101746 933.246296989873
0.0331004780401901 932.241758511379
0.0331917898772307 931.228468073262
0.0332828512002709 930.206628456774
0.0333736640599216 929.176441073722
0.0334642304789702 928.138105699122
0.0335545524529052 927.091820215972
0.0336446319504301 926.037780372254
0.0337344709139633 924.976179550296
0.0338240712601273 923.907208548529
0.0339134348802256 922.831055375658
0.0340025636407086 921.747905057234
0.0340914593836282 920.657939454537
0.0341801239270823 919.561337095695
0.0342685590656484 918.458273018881
0.0343567665708077 917.348918627443
0.0344447481913586 916.233441556755
0.0345325056538218 915.112005552574
0.0346200406628353 913.984770360653
0.0347073549015407 912.851891627337
0.034794450031961 911.713520810864
0.0348813276953697 910.569805103039
0.0349679895126514 909.420887360979
0.035054437084655 908.26690604857
0.0351406719925383 907.107995187296
0.035226695798106 905.944284316077
0.0353125100441392 904.775898459735
0.0353981162547185 903.602958105723
0.0354835159355397 902.425579188724
0.0355687105742229 901.243873082738
0.0356537016406146 900.057946600273
0.0357384905870841 898.867901998239
0.0358230788488124 897.673836990174
0.0359074678440762 896.475844764392
0.0359916589745249 895.274014007701
0.0360756536254526 894.068428934283
0.0361594531660639 892.859169319382
0.0362430589497341 891.646310537422
0.0363264723142646 890.429923604201
0.0364096945821324 889.210075222813
0.036492727060735 887.986827832932
0.0365755710426294 886.760239663158
0.0366582278057678 885.530364786066
0.0367406986137267 884.297253175661
0.0368229847159329 883.060950766937
0.0369050873478842 881.821499517224
0.0369870077313656 880.578937469067
0.0370687470746616 879.333298814343
0.0371503065727641 878.084613959367
0.0372316874075766 876.832909590727
0.0373128907481132 875.578208741617
0.0373939177506953 874.320530858441
0.0374747695591433 873.059891867462
0.0375554473049654 871.796304241298
0.0376359521075416 870.529777065071
0.0377162850743057 869.260316102022
0.0377964473009227 867.987923858415
0.0378764398714631 866.71259964758
0.0379562638585741 865.434339652924
0.0380359203236471 864.153136989784
0.0381154103169828 862.868981765972
0.0381947348779527 861.581861140903
0.0382738950351572 860.291759383173
0.0383528918065817 858.998657926499
0.0384317261997493 857.702535423898
0.0385103992118704 856.403367800036
0.0385889118299902 855.101128301642
0.0386672650311332 853.795787545932
0.0387454597824445 852.487313566937
0.03882349704133 851.175671859716
0.0389013777555923 849.860825422345
0.0389791028635656 848.542734795673
0.0390566732942472 847.221358100756
0.0391340899674273 845.896651073957
0.0392113537938162 844.568567099648
0.0392884656751693 843.237057240489
0.0393654265044098 841.902070265248
0.0394422371657494 840.563552674131
0.0395188985348068 839.22144872159
0.0395954114787243 837.875700436596
0.0396717768562819 836.526247640331
0.0397479955180102 835.173027961306
0.0398240683063005 833.815976847859
0.0398999960555139 832.455027578023
0.0399757795920875 831.090111266749
0.0400514197346398 829.721156870456
0.0401269172940736 828.348091188897
0.0402022730736778 826.97083886431
0.0402774878692265 825.589322377847
0.0403525624690778 824.203462043253
0.0404274976542694 822.813175997767
0.0405022941986141 821.418380190232
0.0405769528687927 820.018988366378
0.0406514744244456 818.614912051253
0.0407258596182633 817.206060528772
0.0408001091960747 815.792340818347
0.0408742238969348 814.373657648565
0.04094820445321 812.949913427864
0.0410220515906631 811.521008212177
0.0410957660285358 810.086839669483
0.0411693484796309 808.647303041218
0.0412427996503926 807.202291100483
0.0413161202409853 805.751694106998
0.041389310945372 804.295399758716
0.0414623724513904 802.833293140037
0.0415353054408289 801.365256666544
0.0416081105895003 799.891170026152
0.041680788567315 798.410910116606
0.0417533400383533 796.924350979206
0.0418257656609354 795.431363728657
0.0418980660876922 793.931816478928
0.0419702419656327 792.425574264989
0.0420422939362125 790.912498960295
0.0421142226353998 789.39244918987
0.0421860286937412 787.865280238833
0.0422577127364258 786.330843956198
0.0423292753833493 784.788988653779
0.0424007172491758 783.239558999989
0.0424720389434 781.682395908343
0.0425432410704076 780.117336420443
0.0426143242295352 778.544213583207
0.0426852890151289 776.962856320087
0.0427561360166026 775.373089296015
0.0428268658184947 773.774732775793
0.042897479000525 772.167602475604
0.0429679761376495 770.551509407339
0.0430383578001154 768.926259715373
0.0431086245535146 767.291654505424
0.0431787769588373 765.647489665093
0.0432488155725235 763.99355567566
0.0433187409465151 762.329637414686
0.0433885536283064 760.655513948911
0.043458254160994 758.970958316962
0.0435278430833264 757.275737301274
0.0435973209297523 755.569611188662
0.0436666882304687 753.852333518878
0.0437359455114678 752.123650820486
0.0438050932945841 750.383302333306
0.0438741320975395 748.63101971666
0.0439430624339893 746.866526742559
0.0440118848135662 745.08953897293
0.0440805997419244 743.299763419922
0.0441492077207834 741.496898188233
0.04421770924797 739.680632098342
0.0442861048174611 737.850644289444
0.0443543949194246 736.006603800772
0.0444225800402612 734.148169129933
0.0444906606626441 732.274987766723
0.0445586372655592 730.386695700809
0.0446265103243444 728.482916901521
0.0446942803107282 726.563262767855
0.0447619476928683 724.627331546628
0.044829512935389 722.674707716581
0.0448969764994186 720.704961336013
0.0449643388426259 718.71764735135
0.0450316004192568 716.712304863813
0.0450987616801697 714.688456351123
0.0451658230728709 712.645606840906
0.0452327850415494 710.583243032158
0.045299648027111 708.500832360835
0.0453664124672128 706.39782200524
0.0454330787962957 704.273637826506
0.0454996474456181 702.127683239046
0.0455661188432884 699.959338005334
0.0456324934142965 697.767956948868
0.0456987715805463 695.552868578556
0.0457649537608865 693.31337361713
0.0458310403711416 691.048743425427
0.0458970318241424 688.758218313584
0.0459629285297562 686.441005729262
0.0460287308949162 684.096278312012
0.046094439323651 681.723171801728
0.0461600542171137 679.320782787858
0.0462255759736102 676.88816628462
0.0462910049886276 674.424333115801
0.0463563416548618 671.928247090941
0.0464215863622454 669.398821952585
0.0464867394979745 666.834918071973
0.0465518014465356 664.235338867891
0.0466167725897322 661.598826920342
0.0466816533067108 658.924059747317
0.0467464439739867 656.20964520899
0.0468111449654696 653.454116499175
0.0468757566524887 650.655926678765
0.0469402794038177 647.813442699941
0.0470047135856991 644.92493886315
0.0470690595618687 641.988589640982
0.0471333176935793 639.002461793993
0.0471974883396247 635.964505692927
0.0472615718563628 632.872545749537
0.0473255685977387 629.724269843773
0.0473894789153078 626.517217618359
0.047453303158258 623.248767491927
0.047517041673432 619.916122218614
0.0475806948053494 616.516292794424
0.0476442628962285 613.046080477887
0.0477077462860076 609.502056653518
0.0477711453123662 605.880540219833
0.047834460310746 602.177572127541
0.0478976916143719 598.388886625752
0.0479608395542718 594.509878691892
0.0480239044592976 590.535567020919
0.0480868866561443 586.460551826935
0.0481497864693708 582.278966559441
0.0482126042214185 577.984422449925
0.0482753402326309 573.569944572078
0.0483379948212729 569.02789780797
0.0484005683035493 564.349900745615
0.0484630609936235 559.526725067488
0.0485254732036361 554.548177393763
0.0485878052437228 549.402959776025
0.0486500574220326 544.078504038693
0.0487122300447455 538.56077385592
0.0487743234160899 532.834026717457
0.0488363378383604 526.880525616749
0.0488982736119344 520.680187155478
0.0489601310352897 514.210148461022
0.0490219104050206 507.444229352324
0.0490836120158552 500.352257804508
0.0491452361606711 492.899214784772
0.0492067831305123 485.044137132028
0.0492682532146047 476.738691403192
0.0493296467003721 467.925292715165
0.0493909638734523 458.534582510363
0.0494522050177118 448.481983904642
0.0495133704152619 437.662897862263
0.0495744603464734 425.94584150612
0.0496354750899918 413.162371578352
0.0496964149227521 399.091798700349
0.0497572801199932 383.437088225149
0.0498180709552729 365.785054908174
0.0498787877004818 345.536726850651
0.0499394306258578 321.776322199267
0.05 293
