0.00123016957826281 -0
0.00296989207986086 1.11165832421872e-13
0.00387043871307481 8.67116954556822e-13
0.00459105536800238 3.0781875423279e-12
0.0052110819573735 1.08435295058297e-11
0.00576403056468654 3.14081257902551e-11
0.00626801053835925 8.39032211305429e-11
0.0067341677777167 2.03445471993111e-10
0.00716995373798453 4.60921567169771e-10
0.00758064651034765 9.82833395194461e-10
0.00797014869516671 1.99154965870162e-09
0.00834144334256099 3.86285023944686e-09
0.00869687191489598 7.21396975243906e-09
0.00903831258143408 1.30276155974478e-08
0.00936729937911447 2.28322797430685e-08
0.00968510460267408 3.89535840496247e-08
0.00999279742165031 6.48583238535804e-08
0.0102912866133932 1.05619373511361e-07
0.0105813523798598 1.68537228762725e-07
0.0108636704767614 2.63954100117636e-07
0.011138830811717 4.06313035622933e-07
0.0114073519871604 6.15502320145492e-07
0.0116696928195923 9.18581682066589e-07
0.0119262615701304 1.35192159114962e-06
0.0121774234189913 1.96387721299263e-06
0.0124235065759043 2.81806102127606e-06
0.0126648073190205 3.99733266247081e-06
0.0129015941834715 5.60862239900068e-06
0.0131341114687096 7.78869770597758e-06
0.0133625821953799 1.07110146919144e-05
0.0135872106138009 1.45937992578969e-05
0.0138081843444815 1.97094983764208e-05
0.0140256762145882 2.6395756007822e-05
0.0142398458415485 3.50680899810354e-05
0.0144508410050973 4.62344061676094e-05
0.0146587988413216 6.05115335342297e-05
0.0148638468861466 7.86439279231604e-05
0.0150661039908395 0.000101524705173172
0.0152656811282115 0.000130219161304619
0.0154626821050603 0.000165990878731354
0.0156572041938456 0.000210330583810701
0.0158493386945181 0.000264987832363823
0.0160391714357159 0.000332005610946122
0.0162267832231398 0.000413757904277824
0.0164122502417586 0.000512990266436115
0.0165956444175241 0.000632863371612732
0.0167770337434712 0.000776999519120625
0.0169564825743979 0.000949532008814501
0.0171340518937467 0.00115515725871481
0.0173097995558299 0.00139918950914039
0.0174837805061248 0.00168761788507312
0.0176560469820195 0.00202716560250097
0.017826648696088 0.00242535095641317
0.0179956330037191 0.0028905497937544
0.0181630450566997 0.0034320590403686
0.018328927944167 0.00406016085461557
0.0184933228221743 0.00478618690685605
0.0186562690329769 0.00562258228240959
0.0188178042150165 0.00658296840421625
0.0189779644044764 0.00768220442037882
0.019136784129183 0.00893644637558306
0.0192942964955485 0.010363203553321
0.0194505332691729 0.0119813912904197
0.0196055249496642 0.0138113795870324
0.0197593008401729 0.0158750368116161
0.0199118891120923 0.0181957678083793
0.0200633168653285 0.0207985457201795
0.0202136101845048 0.0237099368693478
0.0203627941914319 0.0269581180056699
0.0205108930941414 0.0305728853615784
0.0206579302327553 0.0345856548788544
0.0208039281224359 0.0390294531019862
0.0209489084936414 0.0439388982332865
0.0210928923298904 0.0493501709382048
0.0212358999032211 0.0553009745139184
0.0213779508075151 0.0618304841576088
0.0215190639898406 0.0689792850829309
0.0216592577799578 0.076789299381002
0.0217985499181154 0.0853037015361604
0.0219369575812585 0.0945668226563563
0.0220744974077568 0.104624043513634
0.0222111855207551 0.115521676627707
0.0223470375502371 0.127306837672541
0.0224820686538897 0.140027306602536
0.0226162935368456 0.15373137898282
0.0227497264703773 0.168467708072891
0.0228823813096097 0.18428513833362
0.023014271510314 0.201232531043663
0.0231454101448398 0.219358582883477
0.0232758099172391 0.238711638294436
0.0234054831776321 0.259339496605999
0.0235344419358606 0.281289214867147
0.0236626978744707 0.304606907456211
0.0237902623610664 0.329337543524489
0.0239171464600699 0.355524743415645
0.0240433609439226 0.383210575161951
0.0241689163037605 0.412435352248589
0.0242938227595922 0.443237433753135
0.0244180902700088 0.475653028093024
0.0245417285414505 0.509716001458735
0.024664747037056 0.54545769210772
0.024787154985116 0.582906731577833
0.0249089613871525 0.622088873952521
0.025030175025645 0.663026834121855
0.0251508044714208 0.70574013605921
0.0252708580907281 0.750244972013213
0.0253903440520079 0.796554073459231
0.0255092703323807 0.844676594580376
0.0256276447238615 0.89461800900181
0.0257454748393187 0.946380020367543
0.0258627681181876 0.999960487322442
0.0259795318319522 1.05535336333684
0.0260957730894063 1.11254865172706
0.0262114988417043 1.1715323761595
0.0263267158872122 1.23228656679318
0.0264414308761685 1.29478926215169
0.0265556503151641 1.35901452672664
0.0266693805714486 1.42493248419187
0.026782627877073 1.49250936606394
0.0268953983328749 1.56170757550676
0.027007697912314 1.63248576595673
0.0271195324651646 1.70479893410168
0.0272309077210716 1.77859852670987
0.0273418292929765 1.85383256072881
0.027452302680418 1.93044575600832
0.0275623332727143 2.00837967991967
0.027671926352031 2.08757290312687
0.0277810870963406 2.16796116568422
0.0278898205822769 2.24947755260469
0.0279981317878908 2.33205267799779
0.0281060255953089 2.41561487688674
0.0282135067933026 2.50009040369968
0.0283205800797675 2.58540363654423
0.0284272500641201 2.67147728620624
0.0285335212696131 2.7582326089662
0.0286393981355737 2.84558962220614
0.0287448850195678 2.93346732185106
0.0288499861994926 3.02178390068005
0.028954705875601 3.11045696656941
0.0290590481724607 3.19940375974052
0.0291630171408493 3.28854136811372
0.02926661675959 3.37778693992408
0.029369850937328 3.46705789275614
0.0294727235142514 3.55627211821958
0.0295752382637583 3.64534818151923
0.0296773988940716 3.734205515224
0.0297792090498043 3.82276460656999
0.0298806723134769 3.91094717773446
0.0299817922069882 3.99867635846505
0.0300825721930419 4.08587685064878
0.0301830156765303 4.17247508430377
0.0302831260058764 4.25839936466858
0.0303829064743366 4.34358000999306
0.0304823603212649 4.42794947981105
0.0305814907333397 4.51144249341783
0.0306803008457558 4.5939961384092
0.0307787937433807 4.67554996915545
0.0308769724618791 4.75604609512472
0.0309748399888044 4.83542925905181
0.0310723992646592 4.91364690495865
0.0311696531839266 4.99064923610874
0.0312666045960722 5.06638926300268
0.0313632563065179 5.14082284155489
0.0314596110775897 5.21390870166784
0.0315556716294384 5.28560846640098
0.031651440640936 5.35588666200164
0.0317469207505471 5.42471071909757
0.0318421145571773 5.49205096533181
0.0319370246209985 5.55788060982666
0.0320316534642525 5.62217571978594
0.0321260035720329 5.68491518965146
0.0322200773930466 5.74608070318467
0.0323138773403556 5.80565668889928
0.0324074057920988 5.86363026924751
0.0325006650921959 5.91999120398853
0.0325936575510329 5.9747318281833
0.0326863854461293 6.02784698523453
0.0327788510227898 6.07933395542243
0.0328710564947379 6.12919238035531
0.0329630040447348 6.17742418377852
0.0330546958251823 6.22403348916299
0.0331461339587104 6.26902653450016
0.0332373205387508 6.31241158469701
0.0333282576300962 6.35419884199209
0.0334189472694459 6.39440035477186
0.0335093914659377 6.43302992516084
0.0335995922016677 6.47010301576494
0.0336895514321967 6.50563665589651
0.0337792710870453 6.53964934762616
0.0338687530701764 6.57216097198184
0.0339579992604671 6.60319269557848
0.0340470115121684 6.63276687799062
0.0341357916553552 6.66090698010495
0.0342243414963654 6.68763747371263
0.0343126628182281 6.71298375257801
0.0344007573810831 6.73697204518656
0.0344886269225902 6.75962932937492
0.0345762731583285 6.78098324900968
0.034663697782188 6.8010620328889
0.0347509024667509 6.81989441599171
0.0348378888636654 6.83750956322713
0.0349246586040106 6.85393699574778
0.0350112132986532 6.86920651999001
0.0350975545385966 6.88334815944974
0.0351836838953222 6.89639208929925
0.0352696029211226 6.90836857388132
0.0353553131494289 6.9193079071289
0.0354408160951291 6.9292403559067
0.0355261132548813 6.93819610633058
0.0356112061074187 6.94620521301516
0.0356960961138494 6.95329755127522
0.0357807847179483 6.95950277225353
0.0358652733464443 6.96485026092478
0.0359495634093005 6.96936909697
0.0360336562999888 6.97308801845471
0.0361175533957582 6.97603538824521
0.036201256057899 6.97823916315393
0.0362847656319993 6.97972686567703
0.0363680834481985 6.98052555831927
0.0364512108214337 6.98066182038856
0.0365341490516822 6.98016172719447
0.0366168994241986 6.97905083157989
0.0366994632097472 6.97735414767689
0.0367818416648298 6.97509613682222
0.0368640360319086 6.97230069551555
0.0369460475396249 6.96899114537538
0.0370278774030136 6.96519022494395
0.0371095268237129 6.96092008329022
0.0371909969901704 6.9562022753053
0.0372722890778449 6.95105775860225
0.0373534042494042 6.94550689191792
0.0374343436549193 6.93956943494329
0.0375151084320543 6.93326454947308
0.0375956997062535 6.92661080182003
0.0376761185909236 6.91962616636493
0.0377563661876142 6.91232803019456
0.0378364435861929 6.90473319872812
0.0379163518650186 6.89685790225753
0.0379960920911106 6.88871780331738
0.0380756653203149 6.88032800483629
0.0381550725974678 6.87170305895112
0.0382343149565549 6.86285697647023
0.0383133934208694 6.85380323686641
0.0383923090031655 6.84455479878388
0.0384710627058098 6.83512411095536
0.0385496555209303 6.82552312351109
0.0386280884305617 6.81576329959402
0.0387063624067888 6.80585562724445
0.0387844784118873 6.79581063150514
0.0388624373984612 6.7856383866941
0.038940240309579 6.7753485288072
0.0390178880789064 6.7649502680067
0.0390953816308372 6.75445240115552
0.0391727218806217 6.7438633243695
0.0392499097344928 6.73319104554931
0.0393269460897896 6.72244319685513
0.0394038318350796 6.71162704711294
0.0394805678502781 6.70074951410846
0.0395571550067656 6.68981717675641
0.0396335941675031 6.67883628712166
0.039709886187146 6.66781278226573
0.0397860319121554 6.65675229591591
0.0398620321809072 6.64566016991908
0.0399378878238007 6.63454146549948
0.0400135996633636 6.62340097426362
0.0400891685143567 6.61224322898831
0.0401645951838757 6.60107251414927
0.0402398804714521 6.58989287619506
0.0403150251691521 6.57870813356401
0.0403900300616736 6.56752188643177
0.0404648959264417 6.55633752618617
0.0405396235337034 6.54515824463292
0.0406142136466192 6.53398704292107
0.0406886670213545 6.52282674019502
0.040762984407169 6.51167998197484
0.0408371665465048 6.50054924824776
0.0409112141750724 6.48943686130617
0.0409851280219365 6.47834499329248
0.0410589088095994 6.46727567348958
0.0411325572540833 6.45623079533898
0.0412060740650117 6.44521212320586
0.0412794599456889 6.43422129886587
0.0413527155931786 6.42325984777232
0.0414258416983812 6.41232918504062
0.0414988389461097 6.40143062121236
0.0415717080151646 6.3905653677771
0.0416444495784077 6.37973454245803
0.0417170643028342 6.3689391742786
0.0417895528496444 6.35818020840502
0.0418619158743138 6.34745851077622
0.0419341540266624 6.33677487253136
0.0420062679509226 6.32613001422909
0.0420782582858061 6.31552458988038
0.0421501256645705 6.30495919078355
0.0422218707150835 6.29443434919363
0.0422934940598876 6.2839505417938
0.0423649963162625 6.27350819302007
0.0424363780962879 6.26310767820886
0.0425076400069038 6.25274932659298
0.0425787826499714 6.24243342414189
0.0426498066223321 6.23216021626942
0.0427207125158657 6.22192991038841
0.0427915009175486 6.2117426783346
0.0428621724095099 6.20159865867533
0.0429327275690873 6.19149795887487
0.0430031669688824 6.18144065736328
0.043073491176815 6.17142680547953
0.043143700756176 6.16145642931103
0.0432137962656804 6.1515295314375
0.0432837782595193 6.14164609256803
0.0433536472874107 6.1318060730873
0.0434234038946502 6.12200941452445
0.0434930486221602 6.11225604091695
0.0435625820065393 6.10254586011821
0.0436320045801105 6.09287876500733
0.0437013168709682 6.08325463464201
0.043770519403026 6.07367333533692
0.0438396126960618 6.0641347216738
0.0439085972657644 6.05463863745732
0.0439774736237777 6.04518491660728
0.0440462422777453 6.03577338399338
0.0441149037313539 6.02640385622322
0.0441834584843767 6.01707614237954
0.0442519070327155 6.0077900447045
0.0443202498684428 5.99854535924852
0.0443884874798429 5.98934187647066
0.0444566203514527 5.98017938180173
0.0445246489641017 5.97105765616924
0.0445925737949518 5.96197647649159
0.0446603953175363 5.95293561613161
0.0447281140017983 5.94393484532481
0.0447957303141287 5.93497393157863
0.0448632447174038 5.92605264003612
0.0449306576710223 5.91717073382521
0.0449979696309414 5.90832797437436
0.0450651810497133 5.89952412171143
0.0451322923765203 5.89075893473599
0.0451993040572101 5.88203217147604
0.0452662165343302 5.87334358932192
0.0453330302471619 5.86469294524618
0.0453997456317542 5.85607999600212
0.0454663631209569 5.84750449831354
0.0455328831444533 5.83896620904283
0.0455993061287924 5.83046488535031
0.0456656324974214 5.82200028483903
0.0457318626707164 5.81357216568672
0.045797997066014 5.80518028676999
0.045864036097642 5.79682440777504
0.0459299801769493 5.7885042892988
0.0459958297123362 5.78021969294341
0.0460615851092836 5.77197038140204
0.0461272467703824 5.76375611853183
0.046192815095362 5.75557666942742
0.0462582904811189 5.74743180048252
0.0463236733217447 5.73932127944624
0.0463889640085536 5.73124487547519
0.04645416293011 5.72320235917784
0.0465192704722551 5.71519350265439
0.0465842870181339 5.7072180795344
0.0466492129482215 5.69927586500717
0.0467140486403487 5.69136663584924
0.0467787944697281 5.68349017044854
0.0468434508089792 5.67564624882467
0.0469080180281532 5.66783465264603
0.0469724964947584 5.66005516524524
0.0470368865737839 5.65230757162927
0.047101188627724 5.64459165848965
0.047165403016602 5.63690721420914
0.0472295300979937 5.62925402886741
0.0472935702270507 5.62163189424336
0.0473575237565233 5.61404060381556
0.0474213910367829 5.60647995276393
0.047485172415845 5.59894973796649
0.0475488682393907 5.59144975799542
0.047612478850789 5.58397981311559
0.0476760045911181 5.57653970527677
0.0477394457991869 5.56912923810651
0.0478028028115561 5.56174821690518
0.047866075962559 5.55439644863577
0.0479292655843219 5.5470737419151
0.0479923720067847 5.5397799070053
0.0480553955577209 5.53251475580293
0.0481183365627576 5.52527810182772
0.0481811953453946 5.51806976021143
0.0482439722270247 5.51088954768649
0.0483066675269519 5.50373728257364
0.0483692815624111 5.49661278476977
0.0484318146485864 5.48951587573467
0.0484942670986298 5.482446378479
0.0485566392236794 5.47540411754984
0.0486189313328777 5.46838891901822
0.048681143733389 5.46140061046559
0.0487432767304177 5.45443902096923
0.0488053306272251 5.44750398109047
0.0488673057251474 5.44059532285871
0.0489292023236121 5.43371287975857
0.0489910207201552 5.42685648671625
0.0490527612104379 5.42002598008516
0.0491144240882632 5.41322119763219
0.0491760096455917 5.40644197852362
0.0492375181725585 5.39968816331157
0.0492989499574884 5.39295959391998
0.0493603052869122 5.38625611363083
0.049421584445582 5.37957756707038
0.0494827877164869 5.37292380019567
0.0495439153808677 5.36629466028092
0.0496049677182326 5.35968999590395
0.049665945006372 5.35310965693296
0.0497268475213726 5.34655349451304
0.049787675537633 5.34002136105311
0.0498484293278773 5.33351311021278
0.0499091091631698 5.32702859688947
0.0499697153129289 5.32056767720545
