0.00121987509118567 -0
0.00294503898954155 2.24221012410955e-13
0.00383804953517718 7.28767915145509e-13
0.00455263581919262 2.4146886825214e-12
0.00516747381032124 9.76519539989441e-12
0.00571579515128589 2.88785640747017e-11
0.0062155576451755 7.5983172301498e-11
0.00667781391855128 1.82923266807429e-10
0.00710995307026877 4.12273624830976e-10
0.0075172090226093 8.73608675885341e-10
0.00790345171761573 1.76425063976247e-09
0.00827163924220602 3.40974299447991e-09
0.00862409346457381 6.34658684032285e-09
0.00896267683680762 1.14275160309151e-08
0.00928891055849172 1.9974340665389e-08
0.00960405627735801 3.39928985416716e-08
0.00990917421576114 5.64694093417764e-08
0.0102051655460861 9.17644421412639e-08
0.0104928039412884 1.46146156245396e-07
0.0107727595021206 2.28479943961308e-07
0.0110456171996493 3.51130055046089e-07
0.0113118912964628 5.31106961971613e-07
0.0115720367695255 7.91532165680895e-07
0.0118264584634842 1.16346016752108e-06
0.0120755185026003 1.68814463297154e-06
0.0123195423500298 2.41982607213289e-06
0.0125588238045654 3.42912964836043e-06
0.0127936291541429 4.80715267786799e-06
0.0130242006538321 6.67039121744257e-06
0.0132507594579637 9.16656092855832e-06
0.0134735081076182 1.24814884806137e-05
0.0136926326532311 1.68471671220714e-05
0.0139083044756909 2.25511350402686e-05
0.014120681856691 2.99472942908835e-05
0.014329911339294 3.94683418868951e-05
0.0145361289119843 5.16399243098583e-05
0.0147394610434223 6.70966891099162e-05
0.0149400255902863 8.66003557508873e-05
0.0151379325967285 0.000111059944524126
0.0153332850008551 0.000141554298267733
0.0155261792611161 0.000179357007061725
0.0157167059134325 0.00022596383816574
0.0159049500681983 0.00028312273721512
0.0160909918549042 0.000352866519866876
0.0162749068209766 0.000437548228007589
0.0164567662904659 0.000539879207406606
0.0166366376874179 0.00066296988614242
0.0168145848280868 0.000810373195995916
0.0169906681855848 0.000986130566844074
0.0171649451300791 0.00119482037477624
0.017337470147244 0.00144160869080712
0.0175082950373271 0.00173230213194932
0.0176774690968902 0.0020734025806888
0.0178450392850357 0.00247216349438692
0.0180110503757048 0.00293664749872931
0.0181755450974496 0.00347578488213235
0.0183385642619154 0.00409943261330151
0.0185001468821277 0.00481843344770098
0.0186603302815567 0.00564467462554046
0.0188191501948223 0.00659114568472129
0.0189766408608101 0.00767199483365874
0.0191328351088863 0.00890258333261724
0.0192877644388254 0.0102995372916206
0.0194414590950039 0.0118807963053461
0.0195939481353534 0.0136656582775946
0.0197452594955192 0.0156748198576934
0.0198954200486259 0.0179304118434177
0.0200444556610117 0.0204560289502025
0.0201923912442592 0.023276753355404
0.0203392508038188 0.0264191714192649
0.0204850574844942 0.0299113830384483
0.0206298336130329 0.0337830031202364
0.0207736007380452 0.0380651546705954
0.0209163796674523 0.042790453076206
0.0210581905036488 0.0479929811706279
0.021199052676548 0.0537082547677228
0.0213389849746625 0.059973178377458
0.0214780055743626 0.0668259908892278
0.0216161320674405 0.0743062010981111
0.0217533814870984 0.0824545129822472
0.0218897703324706 0.0913127407641399
0.0220253145917777 0.100923713801709
0.0221600297642063 0.111331171512463
0.0222939308805986 0.122579648542459
0.0224270325230294 0.134714350488688
0.0225593488433444 0.147781020615755
0.0226908935807239 0.161825797995401
0.0228216800783366 0.17689506762358
0.022951721299138 0.193035303157584
0.0230810298408683 0.210292902917231
0.0232096179502977 0.228714019935608
0.0233374975367652 0.248344386834368
0.0234646801850534 0.269229136396055
0.0235911771676383 0.291412618727007
0.0237169994563511 0.314938215944527
0.0238421577334857 0.339848155407874
0.0239666624023846 0.366183322414702
0.0240905235975319 0.393983073451241
0.0242137511941815 0.423285050997828
0.024336354817547 0.454125000915919
0.0244583438515761 0.486536593452652
0.024579727447334 0.520551248871322
0.0247005145310148 0.556197968718848
0.0248207138116033 0.593503173691992
0.024940333788203 0.632490549019864
0.0250593827570504 0.673180898280464
0.0251778688182303 0.715592006497894
0.0252957998821076 0.759738513308307
0.0254131836754913 0.805631796931908
0.0255300277475425 0.853279869623774
0.0256463394754408 0.902687285230087
0.0257621260698199 0.953855059368275
0.0258773945799847 1.00678060268786
0.0259921518989198 1.0614576676285
0.0261064047681003 1.11787630894594
0.0262201597821132 1.17602285825749
0.0263334233930998 1.23587991275346
0.0264462019150264 1.29742633812562
0.0265585015277922 1.3606372856997
0.0266703282811806 1.42548422370799
0.0267816880986636 1.49193498247722
0.0268925867810622 1.55995381335078
0.0270030300100741 1.62950146095194
0.0271130233516693 1.70053524847558
0.0272225722593647 1.77300917549206
0.0273316820773787 1.84687402776928
0.027440358043674 1.92207749855529
0.0275486052928919 1.99856432066395
0.0276564288591834 2.07627640870335
0.027763833678941 2.15515301072121
0.0278708245934363 2.23513086851823
0.0279774063513663 2.31614438583639
0.0280835836113131 2.39812580358616
0.0281893609441201 2.48100538130557
0.0282947428351877 2.56471158397474
0.0283997336866933 2.64917127332193
0.0285043378197373 2.7343099027556
0.0286085594764177 2.82005171503659
0.0287124028218386 2.90631994184929
0.0288158719460514 2.99303700438402
0.0289189708659358 3.08012471410644
0.0290217035270187 3.16750447288138
0.0291240738052363 3.25509747164126
0.0292260855086408 3.34282488686021
0.0293277423790531 3.43060807401574
0.0294290480936644 3.51836875741318
0.0295300062665883 3.6060292156287
0.0296306204503656 3.69351246194956
0.0297308941374227 3.78074241925828
0.029830830761486 3.86764408873144
0.0299304336989545 3.95414371190946
0.0300297062702306 4.04016892564584
0.0301286517410114 4.12564890950785
0.0302272733235429 4.21051452529416
0.0303255741778364 4.29469844831139
0.03042355741285 4.37813529015508
0.0305212260876363 4.46076171276441
0.0306185832124564 4.54251653356191
0.0307156317498626 4.62334082154916
0.0308123746157506 4.70317798428345
0.0309088146803815 4.78197384564496
0.0310049547693752 4.85967671444606
0.0311007976646773 4.93623744386849
0.0311963461054974 5.01160948183529
0.0312916027892233 5.0857489124086
0.0313865703723092 5.15861448837264
0.03148125147114 5.23016765517264
0.031575648662873 5.30037256641289
0.0316697644862556 5.36919609114979
0.0317636014424225 5.43660781326457
0.0318571619956712 5.50258002316353
0.031950448574217 5.56708770212396
0.0320434635709285 5.63010849963266
0.0321362093440436 5.69162270401031
0.0322286882178673 5.75161320672213
0.0323209024834513 5.81006546069718
0.0324128543992563 5.86696743305736
0.0325045461917972 5.92230955262858
0.0325959800562725 5.97608465259905
0.0326871581571772 6.02828790874833
0.0327780826289011 6.07891677359991
0.0328687555763113 6.12797090690025
0.0329591790753209 6.17545210280544
0.0330493551734437 6.2213642141616
0.0331392858903352 6.26571307423531
0.0332289732183201 6.30850641626775
0.0333184191229075 6.34975379122483
0.0334076255432935 6.38946648406394
0.0334965943928517 6.42765742886571
0.0335853275596122 6.46434112317059
0.0336738269067286 6.49953354179439
0.0337620942729352 6.53325205046376
0.0338501314729922 6.56551531953215
0.0339379402981212 6.59634323802952
0.0340255225164305 6.62575682835333
0.0341128798733305 6.65377816178303
0.0342000140919394 6.6804302750734
0.03428692687348 6.70573708833426
0.0343736198976669 6.7297233243759
0.0344600948230859 6.75241442971587
0.0345463532875635 6.77383649737961
0.0346323969085293 6.79401619168578
0.0347182272833699 6.81298067511049
0.0348038459897744 6.83075753735075
0.0348892545860735 6.84737472671674
0.03497445461157 6.86286048391727
0.0350594475868623 6.8772432783062
0.0351442350141615 6.8905517466894
0.0352288183776011 6.90281463470275
0.0353131991435399 6.91406074081612
0.0353973787608586 6.92431886298597
0.0354813586612504 6.9336177479819
0.0355651402595048 6.94198604337438
0.0356487249537857 6.94945225218984
0.0357321141259039 6.95604469022576
0.0358153091415834 6.96179144598068
0.0358983113507224 6.96672034320783
0.035981122087649 6.97085890600602
0.0360637426713712 6.97423432644816
0.0361461744058224 6.97687343467107
0.0362284185801012 6.97880267139196
0.0363104764687068 6.98004806276393
0.0363923493317693 6.98063519753239
0.0364740384152756 6.98058920641106
0.0365555449512905 6.97993474361143
0.0366368701581738 6.97869597045051
0.0367180152407924 6.97689654094793
0.0367989813907287 6.97455958936336
0.0368797697864852 6.97170771956174
0.0369603815936839 6.96836299614561
0.037040817965263 6.96454693726656
0.0371210800416693 6.96028050904067
0.0372011689510466 6.95558412146627
0.0372810858094209 6.95047762578522
0.0373608317208819 6.94498031320531
0.0374404077777606 6.93911091488347
0.0375198150608045 6.93288760310771
0.0375990546393483 6.92632799359992
0.0376781275714822 6.91944914885695
0.0377570349042165 6.91226758246093
0.0378357776736438 6.90479926427566
0.0379143569050972 6.89705962648508
0.0379927736133064 6.88906357036443
0.0380710288025505 6.8808254737575
0.0381491234668082 6.87235919917554
0.0382270585899049 6.8636781024567
0.0383048351456572 6.85479504192945
0.0383824540980153 6.84572238803544
0.038459916401202 6.83647203333644
0.0385372229998499 6.82705540286295
0.0386143748291354 6.81748346476297
0.0386913728149109 6.80776674120525
0.0387682178738348 6.7979153194603
0.0388449109134981 6.78793886317349
0.0389214528325498 6.77784662374215
0.0389978445208202 6.76764745178084
0.0390740868594407 6.7573498086445
0.0391501807209632 6.7469617779669
0.0392261269694761 6.73649107718638
0.039301926460719 6.72594506903866
0.0393775800421952 6.71533077297897
0.0394530885532822 6.70465487652772
0.0395284528253403 6.69392374649313
0.0396036736818195 6.68314344007374
0.0396787519383645 6.67231971581732
0.0397536884029178 6.66145804440616
0.039828483875821 6.65056361927584
0.039903139149915 6.63964136703418
0.0399776550106375 6.62869595769014
0.0400520322361198 6.61773181465319
0.0401262715972815 6.60675312453663
0.0402003738579236 6.59576384670774
0.0402743397748203 6.5847677226259
0.0403481700978092 6.5737682849214
0.04042186556988 6.56276886625205
0.0404954269272616 6.55177260789297
0.040568854899508 6.54078246809743
0.0406421502095827 6.52980123019492
0.0407153135739419 6.51883151044458
0.0407883457026159 6.50787576564042
0.0408612472992897 6.49693630046168
0.0409340190613823 6.48601527458746
0.041006661680124 6.47511470955721
0.0410791758406335 6.46423649538366
0.041151562221993 6.45338239695127
0.0412238214973228 6.44255406014484
0.0412959543338537 6.43175301777811
0.0413679613929994 6.42098069527238
0.041439843330427 6.41023841612479
0.0415116007961268 6.39952740715002
0.0415832344344807 6.38884880351613
0.0416547448843301 6.37820365357288
0.0417261327790418 6.36759292346211
0.0417973987465739 6.35701750155047
0.04186854340954 6.34647820265909
0.0419395673852729 6.33597577211044
0.0420104712858868 6.32551088958799
0.0420812557183391 6.31508417283162
0.0421519212844909 6.30469618115475
0.0422224685811668 6.29434741880299
0.0422928982002134 6.28403833814741
0.0423632107285578 6.2737693427315
0.0424334067482641 6.26354079017156
0.0425034868365899 6.25335299490741
0.0425734515660418 6.24320623082819
0.0426433015044296 6.23310073375373
0.0427130372149204 6.22303670380386
0.0427826592560913 6.21301430763505
0.042852168181982 6.20303368056442
0.0429215645421457 6.19309492858751
0.0429908488817003 6.18319813028566
0.0430600217413781 6.17334333863097
0.0431290836575749 6.16353058269121
0.043198035162399 6.15375986925039
0.0432668767837184 6.14403118433248
0.0433356090452085 6.13434449464544
0.0434042324663985 6.12469974893904
0.0434727475627167 6.11509687928844
0.0435411548455364 6.10553580230888
0.0436094548222198 6.09601642029296
0.0436776479961624 6.08653862228636
0.043745734866836 6.0771022850995
0.0438137159298314 6.06770727425494
0.0438815916769006 6.05835344489068
0.0439493625959982 6.04904064258954
0.0440170291713223 6.03976870417736
0.0440845918833551 6.03053745846185
0.0441520512089024 6.02134672692617
0.044219407621133 6.01219632437862
0.0442866615896176 6.00308605956939
0.0443538135803664 5.99401573575712
0.0444208640558677 5.98498515124477
0.0444878134751241 5.97599409988162
0.0445546622936899 5.96704237152825
0.0446214109637067 5.95812975249536
0.0446880599339396 5.949256025952
0.0447546096498121 5.9404209723036
0.0448210605534407 5.93162436954576
0.0448874130836695 5.9228659935972
0.044953667676104 5.9141456186028
0.0450198247631439 5.90546301722459
0.0450858847740169 5.89681796090211
0.0451518481348105 5.88821022010018
0.0452177152685044 5.87963956453931
0.045283486595002 5.87110576340455
0.0453491625311616 5.86260858554417
0.0454147434908274 5.85414779964737
0.04548022988486 5.84572317441468
0.045545622121166 5.83733447871319
0.0456109206047279 5.82898148171618
0.0456761257376336 5.82066395303536
0.0457412379191048 5.81238166284117
0.045806257545526 5.80413438197561
0.0458711850104723 5.79592188204976
0.0459360207047374 5.7877439355394
0.0460007650163607 5.77960031586881
0.046065418330655 5.77149079748779
0.0461299810302328 5.76341515594199
0.0461944534950328 5.75537316793583
0.046258836102346 5.74736461139203
0.0463231292268415 5.73938926550125
0.0463873332405918 5.73144691077015
0.0464514485130984 5.72353732906201
0.0465154754113158 5.71566030363696
0.0465794142996767 5.70781561918082
0.0466432655401159 5.70000306183754
0.0467070294920942 5.69222241923282
0.0467707065126223 5.68447348049687
0.0468342969562834 5.67675603628415
0.0468978011752573 5.66906987878946
0.0469612195193421 5.66141480175972
0.0470245523359775 5.653790600508
0.0470877999702664 5.64619707192001
0.0471509627649973 5.63863401446137
0.0472140410606656 5.63110122818409
0.0472770351954954 5.62359851472898
0.0473399455054602 5.61612567732486
0.0474027723243044 5.60868252079191
0.0474655159835634 5.6012688515383
0.0475281768125841 5.593884477558
0.0475907551385454 5.58652920842846
0.0476532512864779 5.57920285530335
0.0477156655792836 5.57190523090909
0.0477779983377554 5.56463614953706
0.0478402498805963 5.55739542703758
0.0479024205244385 5.55018288080984
0.0479645105838619 5.5429983297954
0.0480265203714133 5.5358415944677
0.048088450197624 5.52871249682262
0.0481503003710284 5.52161086036795
0.0482120711981819 5.51453651011405
0.0482737629836785 5.50748927256101
0.0483353760301684 5.50046897568933
0.0483969106383753 5.49347544894637
0.0484583671071134 5.48650852323651
0.0485197457333048 5.47956803090723
0.0485810468119955 5.47265380573889
0.0486422706363725 5.46576568293066
0.04870341749778 5.45890349908876
0.0487644876857357 5.45206709221412
0.0488254814879465 5.44525630168946
0.0488863991903245 5.43847096826632
0.0489472410770027 5.4317109340527
0.0490080074303503 5.42497604250033
0.0490686985309881 5.41826613839125
0.0491293146578035 5.41158106782599
0.0491898560879658 5.40492067820988
0.0492503230969405 5.39828481824083
0.0493107159585042 5.39167333789644
0.049371034944759 5.38508608842161
0.0494312803261468 5.37852292231546
0.0494914523714636 5.37198369331915
0.0495515513478732 5.36546825640351
0.0496115775209212 5.35897646775639
0.0496715311545488 5.35250818477038
0.0497314125111061 5.34606326603078
0.0497912218513657 5.33964157130348
0.0498509594345358 5.33324296152267
0.0499106255182735 5.32686729877924
0.0499702203586974 5.32051444630876
