0.00121698095877809 -0
0.00293805193583187 3.3713686354782e-13
0.00382894382950132 8.76625596103096e-13
0.00454183477000371 2.7663154796859e-12
0.00515521406870685 9.39735748099782e-12
0.00570223452684004 2.78688510357858e-11
0.00620081134291714 7.33570663868239e-11
0.00666197092133534 1.77596368607195e-10
0.00709308483044184 3.98619329710787e-10
0.00749937457512851 8.44824944632707e-10
0.00788470091606814 1.70401658780212e-09
0.00825201492216896 3.29071748135444e-09
0.0086036329530328 6.12091231844445e-09
0.008941413042113 1.1012506155637e-08
0.00926687277997434 1.92342921937995e-08
0.00958127082111143 3.27116477717193e-08
0.00988566487251987 5.43054156091559e-08
0.0101809539685689 8.81962104924495e-08
0.0104679099466883 1.40386427663533e-07
0.0107472013178283 2.19365808084972e-07
0.0110194116652219 3.36966523393506e-07
0.0112850540313783 5.09468618393217e-07
0.0115445823138371 7.58985280364866e-07
0.011798400396758 1.11521669543026e-06
0.0120468695452692 1.61760732256473e-06
0.0122903144503708 2.31801267399267e-06
0.0125290282138229 3.2839374927104e-06
0.0127632764917981 4.60245467619982e-06
0.0129933009646201 6.38489094740178e-06
0.0132193222619348 8.7724094540875e-06
0.0134415424442976 1.19425821041471e-05
0.0136601471207425 1.61170999221089e-05
0.0138753072655598 2.15707331091748e-05
0.0140871807849224 2.86416834099063e-05
0.014295913874222 3.77434730630271e-05
0.0145016421993128 4.93784940870952e-05
0.0147044919288103 6.41533791270339e-05
0.01490458063978 8.27963005451597e-05
0.0151020181152964 0.000106176371935134
0.0152969070492466 0.000135325227581668
0.0154893436712347 0.000171460933666054
0.0156794183023868 0.000216014307299946
0.015867215851174 0.000270657760782965
0.0160528162569812 0.000337336673864996
0.0162362948879998 0.00041830342588557
0.0164177228990652 0.000516154027342889
0.0165971675542606 0.00063386739724724
0.0167746925184376 0.000774847213228658
0.0169503581212368 0.000942966301155738
0.0171242215967156 0.00114261341527338
0.0172963373012821 0.00137874230058542
0.0174667569122886 0.00165692284410745
0.0176355296093419 0.00198339410890763
0.0178027022401345 0.00236511897035543
0.0179683194723824 0.00280984007544799
0.0181324239332648 0.00332613678660466
0.0182950563376022 0.0039234827241665
0.0184562556058623 0.00461230349972095
0.018616058972966 0.00540403419438232
0.0187745020887535 0.00631117610364406
0.0189316191108793 0.00734735221817436
0.0190874427908223 0.00852736094348374
0.0192420045536244 0.00986722745606171
0.019395334571908 0.0113842521432404
0.0195474618346652 0.0130970555413244
0.0196984142112643 0.0150256191685383
0.0198482185110741 0.0171913216487751
0.0199969005390652 0.0196169695397716
0.020144485147718 0.0223268222976877
0.0202909962855304 0.025346610772875
0.0204364570423953 0.0287035487267681
0.0205808896920907 0.0324263368471785
0.0207243157321028 0.0365451587556813
0.0208667559209866 0.0410916686071306
0.0210082303134442 0.0460989698474404
0.0211487582932915 0.0516015848149754
0.0212883586044659 0.0576354148856628
0.0214270493802145 0.0642376909272238
0.0215648481705932 0.0714469139342556
0.0217017719683935 0.079302785703667
0.0218378372336055 0.0878461295780218
0.0219730599165181 0.0971188012713905
0.0221074554795465 0.107163589934755
0.0222410389178722 0.118024109621223
0.0223738247789746 0.129744681495938
0.0225058271811241 0.142370207067844
0.0226370598309053 0.155946032945937
0.0227675360398302 0.170517807549861
0.0228972687401002 0.186131330401128
0.0230262704995674 0.202832394605373
0.0231545535359467 0.220666623206465
0.0232821297303226 0.239679300219891
0.0234090106399928 0.25991519708935
0.0235352075106898 0.281418395464346
0.023660731288214 0.304232107187685
0.0237855926295159 0.328398492398119
0.0239098019132563 0.353958476734633
0.0240333692498754 0.38095156861322
0.0241563044911982 0.409415677547719
0.0242786172396026 0.439386934542134
0.0244003168567731 0.470899515515543
0.0245214124720642 0.503985468807519
0.0246419129904927 0.538674547655491
0.0247618271003814 0.574994048668825
0.02488116328067 0.61296865717027
0.0249999298079123 0.652620300329698
0.0251181347629757 0.693968008897351
0.0252357860374579 0.737027788353521
0.0253528913398363 0.781812500219207
0.0254694582013616 0.828331754201345
0.0255854939817112 0.876591811791428
0.0257010058744118 0.926595501886999
0.0258160009120438 0.978342148909123
0.0259304859712384 1.03182751383555
0.0260444677774767 1.08704374847831
0.0261579529097001 1.14397936327683
0.0262709478047423 1.20261920878127
0.0263834587615899 1.2629444709455
0.0264954919454803 1.32493268023909
0.026607053391844 1.38855773454636
0.0267181490100995 1.45378993571203
0.0268287845873057 1.5205960395632
0.0269389657916802 1.58893931910238
0.0270486981759882 1.65877964054946
0.0271579871808081 1.73007355185199
0.0272668381376792 1.80277438315132
0.0273752562721373 1.87683235871638
0.0274832467066417 1.9521947197466
0.0275908144634001 2.02880585744576
0.0276979644670935 2.10660745565673
0.0278047015475075 2.1855386423605
0.0279110304420732 2.26553614932235
0.0280169557983201 2.34653447906155
0.0281224821762472 2.42846607837152
0.0282276140506136 2.51126151759162
0.0283323558131527 2.59484967473908
0.0284367117747129 2.67915792372934
0.0285406861673281 2.76411232579653
0.0286442831462205 2.84963782328571
0.0287475067917383 2.93565843497249
0.0288503611112309 3.02209745210803
0.0289528500408646 3.108877634343
0.0290549774473801 3.19592140476783
0.029156747129795 3.28315104329465
0.0292581628210528 3.37048887762744
0.0293592281896205 3.45785747113039
0.0294599468410376 3.54517980689579
0.0295603223194163 3.63237946737366
0.0296603581088972 3.71938080898
0.0297600576350605 3.80610913108224
0.0298594242662946 3.89249083886872
0.0299584613151243 3.97845359961457
0.0300571720394991 4.06392649190466
0.0301555596440437 4.14884014741676
0.0302536272812724 4.23312688495076
0.0303513780527675 4.3167208363607
0.030448815010324 4.39955806417937
0.0305459411570611 4.48157667069804
0.0306427594485026 4.56271689834697
0.0307392727936262 4.64292122126526
0.0308354840558834 4.72213442797887
0.0309313960541905 4.80030369513925
0.0310270115638927 4.87737865234415
0.0311223333177011 4.95331143808596
0.0312173640066039 5.0280567468854
0.0313121062807529 5.10157186775403
0.0314065627503259 5.17381671410182
0.0315007359863655 5.24475384531528
0.0315946285215963 5.31434848014672
0.031688242851219 5.38256850221735
0.0317815814336847 5.44938445783477
0.0318746466914476 5.51476954644503
0.0319674410116994 5.57869960399404
0.0320599667470832 5.64115307951473
0.0321522262163894 5.70211100528541
0.0322442217052344 5.76155696089257
0.0323359554667206 5.81947703154653
0.0324274297220807 5.87585976102054
0.032518646661305 5.93069609957715
0.0326096084437534 5.98397934725943
0.0327003171987518 6.03570509291328
0.0327907750261734 6.08587114931544
0.0328809839970065 6.13447748479533
0.0329709461539071 6.18152615169821
0.0330606635117391 6.22702121207574
0.0331501380581004 6.27096866095512
0.033239371753837 6.31337634753886
0.0333283665335443 6.35425389467631
0.0334171243060565 6.39361261695878
0.0335056469549243 6.43146543773415
0.033593936338881 6.46782680537819
0.0336819942922986 6.50271260911332
0.0337698226256318 6.53614009465123
0.0338574231258525 6.56812777996103
0.0339447975568743 6.59869537138846
0.0340319476599665 6.62786368039543
0.0341188751541594 6.65565454113759
0.0342055817366395 6.68209072911385
0.0342920690831365 6.70719588105322
0.034378338848301 6.73099441626749
0.034464392666074 6.75351145960324
0.0345502321500477 6.77477276618259
0.0346358588938188 6.79480464803119
0.0347212744713336 6.81363390276829
0.0348064804372255 6.83128774443983
0.0348914783271454 6.84779373659005
0.0349762696580841 6.86317972769136
0.0350608559286888 6.87747378895623
0.0351452386195718 6.89070415463781
0.035229419193613 6.90289916483382
0.0353133990962558 6.91408721083216
0.0353971797557966 6.92429668305669
0.0354807625836683 6.93355592158424
0.0355641489747178 6.94189316926042
0.0356473403074776 6.94933652741131
0.0357303379444313 6.95591391413006
0.0358131432322748 6.96165302511899
0.0358957575021703 6.96658129706421
0.0359781820699966 6.97072587349366
0.0360604182365935 6.97411357309958
0.0361424672880012 6.97677086045076
0.0362243304956953 6.97872381905002
0.0363060091168161 6.97999812670307
0.0363875043943946 6.98061903310281
0.0364688175575724 6.98061133956766
0.0365499498218188 6.97999938090022
0.0366309023891421 6.9788070092452
0.0367116764482979 6.977057579912
0.0367922731749925 6.97477393905747
0.0368726937320826 6.97197841318065
0.0369529392697711 6.96869280032042
0.0370330109257991 6.96493836290346
0.0371129098256337 6.96073582214537
0.0371926370826535 6.95610535394135
0.0372721937983284 6.95106658614408
0.0373515810623981 6.94563859718247
0.037430799953046 6.93983991591683
0.0375098515370698 6.93368852266124
0.0375887368700494 6.92720185131047
0.0376674569965111 6.92039679248102
0.0377460129500894 6.91328969759957
0.0378244057536847 6.90589638387376
0.0379026364196195 6.89823214006873
0.0379807059497901 6.89031173303558
0.038058615335817 6.88214941490816
0.0381363655591915 6.87375893092139
0.0382139575914199 6.86515352779308
0.0382913923941654 6.85634596259233
0.0383686709193869 6.84734851206653
0.0384457941094759 6.83817298235287
0.0385227628973902 6.8288307190295
0.0385995782067856 6.81933261747104
0.0386762409521455 6.80968913343898
0.0387527520389079 6.79991029389006
0.0388291123635898 6.79000570793682
0.0389053228139102 6.77998457794948
0.0389813842689103 6.76985571073614
0.0390572975990716 6.75962752878403
0.0391330636664326 6.74930808152786
0.0392086833247028 6.73890505660869
0.0392841574193746 6.72842579110676
0.0393594867878342 6.71787728272144
0.0394346722594694 6.70726620085261
0.0395097146557767 6.69659889760654
0.0395846147904657 6.68588141866242
0.0396593734695619 6.67511951400805
0.0397339914915084 6.66431864851378
0.0398084696472648 6.65348401235247
0.0398828087204056 6.64262053122238
0.0399570094872159 6.63173287638331
0.0400310727167862 6.62082547448783
0.0401049991711055 6.60990251720316
0.0401787896051527 6.59896797061003
0.0402524447669862 6.58802558438243
0.040325965397833 6.57707890071943
0.0403993522321754 6.5661312630669
0.0404726059978365 6.5551858245799
0.0405457274160647 6.54424555635651
0.0406187172016162 6.53331325542004
0.0406915760628369 6.52239155247074
0.0407643047017423 6.51148291938198
0.0408369038140968 6.50058967646417
0.0409093740894907 6.48971399948456
0.0409817162114173 6.47885792644524
0.0410539308573479 6.46802336413264
0.0411260186988054 6.45721209442278
0.041197980401438 6.44642578036882
0.0412698166250899 6.43566597205036
0.0413415280238729 6.42493411220905
0.0414131152462351 6.41423154166299
0.0414845789350297 6.40355950450011
0.0415559197275823 6.39291915307736
0.0416271382557572 6.38231155280394
0.0416982351460225 6.37173768672495
0.0417692110195149 6.36119845992244
0.0418400664921023 6.35069470371299
0.041910802174447 6.34022717967393
0.0419814186720661 6.32979658348567
0.042051916585393 6.31940354860064
0.0421222965098362 6.30904864975255
0.0421925590358383 6.29873240629165
0.0422627047489338 6.28845528537988
0.0423327342298059 6.27821770501788
0.0424026480543427 6.26802003694245
0.0424724467936926 6.25786260937322
0.0425421310143181 6.24774570962874
0.0426117012780503 6.23766958661088
0.0426811581421412 6.22763445317039
0.0427505021593158 6.21764048834225
0.0428197338778237 6.20768783947723
0.0428888538414894 6.19777662425158
0.0429578625897623 6.18790693258414
0.0430267606577658 6.1780788284426
0.0430955485763456 6.16829235155795
0.0431642268721174 6.15854751904044
0.0432327960675143 6.14884432691837
0.0433012566808327 6.13918275158096
0.0433696092262782 6.12956275114612
0.0434378542140108 6.11998426675512
0.0435059921501891 6.11044722378421
0.0435740235370142 6.10095153299655
0.043641948872773 6.09149709162524
0.0437097686518805 6.08208378438749
0.0437774833649219 6.07271148444985
0.0438450934986942 6.063380054324
0.0439125995362469 6.05408934672268
0.0439800019569221 6.04483920534992
0.0440473012363945 6.03562946565474
0.0441144978467103 6.02645995553165
0.0441815922563259 6.01733049598087
0.0442485849301463 6.00824090172728
0.0443154763295623 5.99919098179813
0.0443822669124875 5.99018054006357
0.0444489571333955 5.98120937575014
0.0445155474433553 5.97227728391054
0.0445820382900672 5.96338405586739
0.0446484301178978 5.95452947963111
0.0447147233679149 5.94571334028277
0.0447809184779214 5.9369354203365
0.0448470158824892 5.92819550007709
0.0449130160129924 5.91949335787119
0.0449789192976402 5.91082877045746
0.0450447261615092 5.90220151322306
0.0451104370265756 5.8936113604491
0.0451760523117465 5.88505808554743
0.0452415724328914 5.8765414612782
0.0453069978028727 5.86806125994963
0.045372328831576 5.85961725360412
0.0454375659259402 5.85120921418949
0.0455027094899872 5.84283691372037
0.0455677599248507 5.83450012442327
0.0456327176288055 5.82619861887015
0.0456975829972954 5.81793217010567
0.045762356422962 5.80970055176112
0.0458270382956716 5.80150353815745
0.0458916290025432 5.79334090440344
0.0459561289279755 5.78521242648162
0.046020538453673 5.77711788133143
0.0460848579586731 5.76905704691971
0.0461490878193718 5.76102970230788
0.0462132284095492 5.75303562771346
0.0462772801003951 5.7450746045635
0.0463412432605343 5.73714641554425
0.0464051182560509 5.72925084464482
0.0464689054505127 5.7213876771963
0.0465326052049961 5.7135566999087
0.0465962178781089 5.70575770090024
0.0466597438260148 5.69799046972688
0.0467231834024559 5.69025479740431
0.0467865369587763 5.6825504764291
0.0468498048439443 5.6748773007983
0.0469129874045753 5.66723506602266
0.0469760849849534 5.65962356914106
0.0470390979270539 5.65204260872875
0.0471020265705643 5.64449198490733
0.0471648712529064 5.63697149934967
0.0472276323092566 5.62948095528553
0.0472903100725673 5.62202015750376
0.0473529048735874 5.61458891235259
0.0474154170408826 5.60718702774061
0.0474778469008555 5.59981431313431
0.0475401947777655 5.59247057955624
0.0476024609937486 5.58515563957983
0.0476646458688366 5.57786930732621
0.0477267497209763 5.57061139845703
0.0477887728660488 5.56338173016968
0.0478507156178876 5.55618012118772
0.047912578288298 5.54900639175525
0.0479743611870746 5.54186036362587
0.0480360646220199 5.53474186005693
0.0480976888989618 5.52765070579692
0.0481592343217718 5.52058672707611
0.048220701192382 5.51354975159806
0.0482820898108026 5.50653960852599
0.0483434004751391 5.49955612847351
0.0484046334816088 5.49259914349363
0.048465789124558 5.48566848706562
0.048526867696478 5.47876399408466
0.0485878694880218 5.47188550084899
0.0486487947880203 5.46503284504865
0.0487096438834976 5.45820586575252
0.0487704170596877 5.45140440339636
0.0488311146000494 5.44462829977039
0.048891736786282 5.43787739800759
0.0489522838983406 5.43115154256948
0.0490127562144509 5.42445057923599
0.0490731540111246 5.41777435509032
0.0491334775631736 5.41112271850923
0.0491937271437251 5.40449551914788
0.0492539030242355 5.39789260792967
0.0493140054745053 5.39131383703258
0.0493740347626926 5.38475905987683
0.0494339911553273 5.3782281311131
0.0494938749173253 5.37172090661013
0.0495536863120013 5.36523724344223
0.0496134256010831 5.35877699987761
0.0496730930447246 5.3523400353661
0.0497326889015191 5.34592621052748
0.0497922134285123 5.33953538713938
0.0498516668812152 5.33316742812567
0.0499110495136173 5.32682219754485
0.0499703615781985 5.3204995605785
