0 975.865588872338
0.00240562612162344 975.865588872338
0.00340206908719886 975.865588872338
0.00416666666666667 975.865588872337
0.00481125224324688 975.865588872336
0.00537914353639919 975.86558887233
0.0058925565098879 975.865588872318
0.00636468846521645 975.865588872287
0.00680413817439772 975.865588872218
0.00721687836487032 975.865588872075
0.00760725774312731 975.865588871788
0.00797855923130282 975.86558887124
0.00833333333333333 975.865588870232
0.00867360833110889 975.865588868436
0.0090010287477887 975.865588865333
0.00931694990624912 975.86558886011
0.00962250448649376 975.865588851529
0.0099186505951984 975.865588837733
0.0102062072615966 975.865588815987
0.0104858811600983 975.865588782334
0.0107582870727984 975.865588731119
0.0110239637961025 975.865588654386
0.0112833866731055 975.865588541071
0.0115369775873862 975.86558837598
0.0117851130197758 975.865588138477
0.0120281306081172 975.865587800831
0.0122663345365665 975.865587326142
0.0125 975.865586665775
0.0127293769304329 975.86558575619
0.01295469312929 975.865584515081
0.0131761569173682 975.865582836677
0.013393959390268 975.865580586097
0.0136082763487954 975.865577592586
0.0138192699598142 975.865573641477
0.0140270901921696 975.865568464689
0.0142318760638328 975.86556172958
0.0144337567297406 975.86555302591
0.0146328524345177 975.86554185072
0.0148292753500435 975.865527590855
0.0150231303144333 975.865509502883
0.0152145154862546 975.865486690143
0.0154035229255686 975.865458076625
0.0155902391115581 975.865422377397
0.0157747454050008 975.865378065283
0.0159571184626056 975.865323333468
0.0161374306091976 975.865256053738
0.016315750172876 975.865173730031
0.0164921417875527 975.865073446997
0.0166666666666667 975.86495181328
0.0168393828513641 975.8648048992
0.0170103454359943 975.864628168598
0.0171796067734069 975.864416404558
0.0173472166622178 975.864163628784
0.0175132225179424 975.863863014425
0.0176776695296637 975.863506792171
0.0178406008037016 975.863086149469
0.0180020574955774 975.862591122777
0.0181620789314195 975.86201048278
0.0183207027198235 975.861331612571
0.0184779648550695 975.860540378829
0.0186338998124982 975.859620996101
0.0187885406367621 975.858555884338
0.0189419190235915 975.85732551989
0.0190940653956493 975.855908280256
0.0192450089729875 975.854280282922
0.019394777838568 975.852415218691
0.0195433989992643 975.850284179989
0.0196908984427192 975.847855484681
0.0198373011903968 975.845094496014
0.0199826313471363 975.841963439344
0.0201269121474853 975.838421216399
0.0202701659990645 975.834423217868
0.0204124145231932 975.829921135165
0.0205536785929844 975.824862772287
0.0206939783690991 975.819191858718
0.0208333333333333 975.812847864381
0.0209717623201965 975.805765817688
0.0211092835466259 975.797876127755
0.0212459146399699 975.789104411905
0.021381672664362 975.77937132955
0.0215165741455968 975.768592423631
0.021650635094611 975.756677970728
0.0217838710296641 975.743532840999
0.0219162969973049 975.729056369074
0.0220479275922049 975.713142237024
0.0221787769759324 975.695678370485
0.0223088588947347 975.676546849003
0.0224381866963938 975.655623831609
0.022566773346211 975.632779498583
0.022694631442178 975.607878010321
0.0228217732293819 975.580777484152
0.0229482106136921 975.551329989857
0.0230739551747724 975.519381564607
0.0231990181784584 975.48477224792
0.023323410588537 975.447336137152
0.0234471430779641 975.406901463967
0.0235702260395516 975.363290692095
0.0236926695961555 975.316320636621
0.023814483610392 975.265802604926
0.0239356776939085 975.211542559286
0.0240562612162344 975.153341301052
0.024176243313235 975.090994676201
0.0242956328951888 975.024293801951
0.0244144386545096 974.953025314019
0.0245326690731329 974.876971634002
0.0246503324295817 974.795911256258
0.024767436805732 974.709619053529
0.0248839900932902 974.617866600517
0.025 974.520422514454
0.0251154740555905 974.417052811678
0.0252304196174791 974.307521279102
0.0253448438762426 974.191589859414
0.0254587538608658 974.069019048757
0.0255721564437805 973.939568305577
0.0256850583457041 973.802996469273
0.0257974661402871 973.659062187229
0.02590938625858 973.507524348764
0.0260208249933267 973.348142524505
0.0261317885030928 973.180677409662
0.0262422828162378 973.004891269654
0.0263523138347365 972.820548386539
0.0264618873378578 972.627415504697
0.0265710089857069 972.425262274191
0.0266796843226369 972.213861690307
0.026787918780536 971.992990527715
0.026895717681996 971.762429767794
0.0270030862433661 971.521965017649
0.0271100295776988 971.271386919412
0.0272165526975909 971.010491548473
0.027322660517925 970.739080799322
0.027428357858516 970.456962757758
0.0275336494466653 970.163952058292
0.0276385399196283 969.859870225615
0.0277430338269975 969.544545999112
0.0278471356330048 969.217815639451
0.0279508497187474 968.879523216379
0.0280541803843391 968.529520876927
0.0281571318509907 968.167669093322
0.0282597082630219 967.793836889984
0.0283619136898085 967.407902049094
0.0284637521276656 967.009751294269
0.028565227501671 966.599280452033
0.028666343667431 966.176394590791
0.0287671044127889 965.741008137165
0.0288675134594813 965.2930449696
0.028967574464742 964.83243848925
0.029067291022856 964.359131668233
0.0291666666666667 963.873077075434
0.0292657048690354 963.374236880105
0.0293644090442583 962.86258283359
0.0294627825494395 962.338096229576
0.0295608286858233 961.800767843352
0.029658550700087 961.250597850591
0.0297559517855952 960.687595726278
0.0298530350836176 960.111780124411
0.0299498036845109 959.523178739211
0.0300462606288666 958.921828148568
0.030142408908626 958.307773640544
0.0302382514681628 957.681069023759
0.0303337912053355 957.041776422532
0.0304290309725092 956.389966057679
0.0305239735775499 955.725716013903
0.0306186217847897 955.049111994704
0.0307129783159666 954.360247065789
0.0308070458511373 953.659221387945
0.0309008270295653 952.94614194036
0.0309943244505853 952.221122235374
0.0310875406744436 951.484282025642
0.0311804782231162 950.735747004685
0.0312731395811047 949.975648501802
0.0313655271962117 949.204123172298
0.0314576434802948 948.421312683956
0.0315494908100015 947.627363400703
0.0316410715274848 946.822426064338
0.0317323879410996 946.006655475225
0.0318234423260822 945.180210172782
0.0319142369252113 944.3432521166
0.0320047739494525 943.495946368971
0.0320950555785871 942.638460779589
0.0321850839618235 941.77096567315
0.0322748612183951 940.893633540522
0.0323643894381418 940.00663873416
0.0324536706820776 939.110157168355
0.0325427069829444 938.204366024908
0.032631500345752 937.289443464758
0.0327200527483049 936.365568346059
0.0328083661417159 935.432919949169
0.0328964424509084 934.49167770896
0.0329842835751053 933.542020954841
0.0330718913883074 932.584128658812
0.0331592677397592 931.618179191881
0.0332464144544051 930.644350089075
0.0333333333333333 929.662817823299
0.033420026154211 928.673757588214
0.0335064946717078 927.67734309031
0.0335927406179106 926.673746350266
0.0336787657027282 925.663137513725
0.0337645716142867 924.645684671504
0.0338501600193165 923.62155368929
0.0339355325635295 922.590908046812
0.0340206908719886 921.553908686456
0.0341056365494685 920.510713871273
0.0341903711808088 919.4614790523
0.0342748963312585 918.406356745082
0.0343592135468138 917.345496415278
0.0344433243545479 916.279044373203
0.0345272302629335 915.207143677138
0.0346109327621586 914.129934045233
0.0346944333244356 913.047551775797
0.0347777334043025 911.960129675771
0.0348608344389198 910.867796997155
0.0349437378483587 909.770679381153
0.0350264450358847 908.668898809788
0.0351089573882348 907.562573564742
0.0351912762758887 906.45181819314
0.0352734030533342 905.336743480025
0.0353553390593274 904.217456427242
0.0354370856171474 903.094060238459
0.0355186440348456 901.966654310029
0.0356000156054897 900.835334227431
0.0356812016074031 899.700191766994
0.0357622033043993 898.561314902617
0.0358430219460109 897.418787817211
0.0359236587677155 896.272690918576
0.0360041149911548 895.123100859444
0.0360843918243516 893.970090561391
0.0361644904619209 892.813729242372
0.0362444120852775 891.654082447596
0.0363241578628389 890.491212083484
0.0364037289502254 889.325176454451
0.0364831264904547 888.156030302265
0.0365623516141338 886.98382484773
0.036641405439647 885.808607834471
0.0367202890733397 884.630423574571
0.0367990036096994 883.449312995849
0.0368775501315326 882.265313690562
0.0369559297101391 881.078459965311
0.0370341434054816 879.888782891963
0.0371121922663539 878.696310359395
0.0371900773305441 877.501067125859
0.0372677996249965 876.303074871808
0.0373453601659688 875.102352253007
0.0374227599591874 873.898914953763
0.0375 872.692775740125
0.0375770812735241 871.4839445129
0.0376540047547943 870.272428360361
0.0377307714089059 869.058231610496
0.0378073821911561 867.841355882689
0.0378838380471829 866.621800138707
0.0379601399131012 865.399560732886
0.0380362887156365 864.174631461412
0.0381122853722562 862.947003610604
0.0381881307912987 861.716666004099
0.0382638258720998 860.48360504886
0.0383393715051174 859.247804779933
0.0384147685720537 858.009246903869
0.0384900179459751 856.767910840755
0.0385651204914301 855.523773764778
0.0386400770645654 854.27681064328
0.0387148885132399 853.026994274237
0.038789555677136 851.774295322118
0.0388640793878701 850.518682352082
0.0389384604691005 849.260121862472
0.0390126997366337 847.998578315559
0.0390867979985286 846.734014166517
0.0391607560551991 845.46638989058
0.0392345746995154 844.195664008375
0.0393082547169025 842.921793109381
0.0393817968854384 841.644731873509
0.0394552019759494 840.364433090767
0.0395284707521047 839.080847679007
0.039601603970509 837.793924699719
0.0396746023807936 836.503611371863
0.0397474667257061 835.209853083722
0.0398201977411985 833.912593402764
0.0398927961565141 832.611774083488
0.0399652626942727 831.307335073259
0.0400375980705544 829.999214516091
0.0401098029949824 828.687348754392
0.040181878170804 827.371672328637
0.0402538242949707 826.052117974962
0.0403256420582166 824.728616620664
0.0403973321451361 823.401097377585
0.0404688952342596 822.069487533371
0.040540331998129 820.733712540583
0.0406116431033707 819.393696003632
0.0406828292107689 818.049359663536
0.0407538909753367 816.700623380448
0.0408248290463863 815.347405113956
0.0408956440675985 813.989620901108
0.0409663366770906 812.627184832141
0.0410369075074838 811.260009023872
0.0411073571859687 809.888003590725
0.0411776863343711 808.511076613345
0.0412478955692153 807.129134104767
0.0413179855017876 805.742079974074
0.0413879567381982 804.349815987522
0.0414578098794425 802.952241727047
0.0415275455214613 801.549254546122
0.0415971642551998 800.14074952288
0.0416666666666667 798.726619410445
0.0417360533369909 797.306754584403
0.0418053248424789 795.881042987318
0.0418744817546704 794.449370070222
0.0419435246403931 793.011618730982
0.0420124540618172 791.567669249452
0.0420812705765087 790.117399219299
0.042149974737482 788.660683476397
0.0422185670932518 787.19739402367
0.0422870481878843 785.727399952247
0.042355418561047 784.250567358818
0.0424236787480591 782.766759259015
0.0424918292799399 781.275835496686
0.0425598706834571 779.777652648888
0.0426278034811745 778.272063926429
0.0426956281914983 776.758919069766
0.042763345328724 775.238064240062
0.0428309554030813 773.709341905196
0.0428984589207792 772.172590720486
0.0429658563840501 770.627645403901
0.0430331482911935 769.07433660549
0.0431003351366192 767.512490770768
0.043167417410889 765.941929997755
0.0432343956007594 764.362471887371
0.0433012701892219 762.773929386843
0.0433680416555444 761.17611062578
0.0434347104753108 759.568818744539
0.0435012771204606 757.951851714479
0.0435677420593281 756.325002149674
0.0436341057566806 754.688057109634
0.0437003686737563 753.040797892539
0.043766531268302 751.38299981847
0.0438325939946097 749.714432002083
0.0438985573035531 748.034857114123
0.0439644216426234 746.344031131156
0.0440301874559649 744.641703072815
0.0440958551844098 742.927614725861
0.0441614252655129 741.201500354257
0.0442268981335852 739.463086394426
0.0442922742197277 737.712091134795
0.0443575539518648 735.948224378667
0.0444227377547763 734.171187089377
0.0444878260501305 732.380671016639
0.0445528192565151 730.576358302868
0.0446177177894695 728.757921068221
0.044682522061515 726.92502097294
0.0447472324821862 725.077308755546
0.0448118494580602 723.214423745243
0.0448763733927875 721.335993346822
0.0449408046871207 719.441632496184
0.0450051437389435 717.530943084463
0.0450693909432999 715.603513348557
0.045133546692422 713.658917225699
0.0451976113757583 711.696713669502
0.0452615853800009 709.7164459247
0.0453254690891131 707.717640757544
0.0453892628843561 705.699807638588
0.0454529671443155 703.662437874283
0.0455165822449276 701.605003683485
0.0455801085595054 699.526957214644
0.0456435464587638 697.427729499043
0.0457068963108454 695.306729335032
0.0457701584813447 693.163342097731
0.0458333333333333 690.996928468154
0.0458964212273842 688.806823075111
0.0459594225215953 686.592333042625
0.0460223375716136 684.352736434851
0.0460851667306585 682.087280589705
0.0461479103495449 679.795180331506
0.0462105687767059 677.475616051938
0.0462731423582158 675.127731647511
0.0463356314378119 672.75063230047
0.0463980363569169 670.343382088636
0.0464603574546604 667.905001408154
0.0465225950679006 665.434464191249
0.0465847495312456 662.930694899146
0.0466468211770741 660.392565267963
0.0467088103355562 657.818890782837
0.0467707173346743 655.208426852574
0.0468325425002427 652.559864653772
0.0468942861559281 649.871826609546
0.0469559486232694 647.142861463608
0.0470175302216966 644.371438905445
0.0470790312685508 641.555943696603
0.0471404520791032 638.694669241438
0.0472017929665734 635.785810538084
0.0472630542421488 632.827456436517
0.0473242362150023 629.817581120328
0.0473853391923111 626.754034716918
0.0474463634792742 623.634532926822
0.0475073093791308 620.456645546597
0.047568177193177 617.217783740538
0.047628967220784 613.915185893867
0.047689679759415 610.545901853383
0.0477503151046419 607.106775329835
0.0478108735501625 603.594424198571
0.0478713553878169 600.005218389841
0.0479317609076039 596.335255006002
0.0479920903976972 592.580330237462
0.0480523441444617 588.735907570112
0.0481125224324688 584.797081680632
0.0481726255445128 580.758537298236
0.0482326537616259 576.614502166628
0.0482926073630936 572.358693060802
0.04835248662647 567.984253590713
0.0484122918275927 563.483682245284
0.0484720232405976 558.848748779413
0.0485316811379337 554.070396601985
0.0485912657903775 549.138628254844
0.0486507774670472 544.042370341654
0.0487102164354172 538.769313316815
0.0487695829613318 533.305720302324
0.0488288773090193 527.63619745859
0.0488880997411057 521.743416242812
0.048947250518628 515.607774929068
0.0490063299010482 509.206982721933
0.0490653381462658 502.515544203074
0.0491242755106317 495.504114005692
0.0491831422489605 488.13868044017
0.049241938614544 480.379520619917
0.0493006648591635 472.179845788935
0.0493593212331024 463.484019679218
0.0494179079851589 454.225177544688
0.049476425362658 444.321986495019
0.0495348736114639 433.674146609375
0.049593252975992 422.15599599081
0.0496515636992208 409.607172579172
0.0497098060227036 395.818542389649
0.0497679801865803 380.510189962975
0.0498260864295892 363.295414559265
0.0498841249890777 343.618498961051
0.0499420961010145 320.639414210914
0.05 293
