5.64334085778781e-05 -0
0.000169300225733634 -0
0.00028216704288939 -0
0.000395033860045147 -0
0.000507900677200903 -0
0.000620767494356659 -0
0.000733634311512415 -1.00705069886341e-12
0.000846501128668172 -2.01395912237055e-12
0.000959367945823928 -3.02069478294505e-12
0.00107223476297968 -4.02722719301058e-12
0.00118510158013544 -3.02011551899448e-12
0.0012979683972912 -2.01318677043645e-12
0.00141083521444695 -1.00647143491284e-12
0.00152370203160271 -1.006339322082e-12
0.00163656884875847 -1.00619704672572e-12
0.00174943566591422 -2.01208921768799e-12
0.00186230248306998 -2.01176401687362e-12
0.00197516930022573 -0
0.00208803611738149 -0
0.00220090293453725 -2.01066646412516e-12
0.002313769751693 -2.01025996310722e-12
0.00242663656884876 -2.00983313703838e-12
0.00253950338600452 -3.01407897887794e-12
0.00265237020316027 -4.01783701949599e-12
0.00276523702031603 -3.01264606278967e-12
0.00287810383747178 -2.00792258225401e-12
0.00299097065462754 -3.01109119639602e-12
0.0031038374717833 -3.01026803183468e-12
0.00321670428893905 -3.009414379697e-12
0.00332957110609481 -2.0056868266553e-12
0.00344243792325056 -1.00253853756419e-12
0.00355530474040632 -2.00444699855056e-12
0.00366817155756208 -2.00379659692183e-12
0.00378103837471783 -1.00156293512112e-12
0.00389390519187359 -0
0.00400677200902935 -2.00172344173031e-12
0.0041196388261851 -0
0.00423250564334086 -0
0.00434537246049661 1.9994673610807e-12
0.00445823927765237 -0
0.00457110609480813 2.99679252308971e-12
0.00468397291196388 1.997028354973e-12
0.00479683972911964 2.99426205425298e-12
0.0049097065462754 2.9929510884701e-12
0.00502257336343115 2.99160963511084e-12
0.00513544018058691 4.98372949029215e-12
0.00524830699774266 4.98139210943895e-12
0.00536117381489842 8.96220704872531e-12
0.00547404063205418 1.19437557836419e-11
0.00558690744920993 1.49222252733477e-11
0.00569977426636569 2.18747516229163e-11
0.00581264108352145 2.78260808882798e-11
0.0059255079006772 3.57573654658629e-11
0.00603837471783296 4.76506338230753e-11
0.00615124153498871 5.95303656963908e-11
0.00626410835214447 7.43710367030121e-11
0.00637697516930023 9.51402932430439e-11
0.00648984198645598 1.17865389422405e-10
0.00660270880361174 1.45511776535701e-10
0.00671557562076749 1.81037588859213e-10
0.00682844243792325 2.26404672084817e-10
0.00694130925507901 2.80605284461913e-10
0.00705417607223476 3.49545511692568e-10
0.00716704288939052 4.33194866200438e-10
0.00727990970654628 5.36452576076699e-10
0.00739277652370203 6.60261881522947e-10
0.00750564334085779 8.16394862780395e-10
0.00761851015801354 1.00674849814098e-09
0.0077313769751693 1.23911276226593e-09
0.00784424379232506 1.52223577844284e-09
0.00795711060948081 1.86974748964447e-09
0.00806997742663657 2.29719683932808e-09
0.00818284424379232 2.81615968969355e-09
0.00829571106094808 3.44698962966496e-09
0.00840857787810384 4.21486666176293e-09
0.00852144469525959 5.14781941140985e-09
0.00863431151241535 6.2825760707693e-09
0.00874717832957111 7.65964250822293e-09
0.00886004514672686 9.32718636655493e-09
0.00897291196388262 1.1347826734832e-08
0.00908577878103838 1.37927220668098e-08
0.00919864559819413 1.67454205903472e-08
0.00931151241534989 2.03086073881406e-08
0.00942437923250564 2.46069267200098e-08
0.0095372460496614 2.97839600273139e-08
0.00965011286681716 3.60166781414188e-08
0.00976297968397291 4.35065498789667e-08
0.00987584650112867 5.24978071803651e-08
0.00998871331828443 6.32849621901508e-08
0.0101015801354402 7.62144746841626e-08
0.0102144469525959 9.16912286848139e-08
0.0103273137697517 1.10204256326737e-07
0.0104401805869075 1.32316640622347e-07
0.0105530474040632 1.58706492084132e-07
0.010665914221219 1.90172076970656e-07
0.0107787810383747 2.27646501409262e-07
0.0108916478555305 2.72235321086339e-07
0.0110045146726862 3.25231836285471e-07
0.011117381489842 3.88156206434979e-07
0.0112302483069977 4.62792366561454e-07
0.0113431151241535 5.51230398460537e-07
0.0114559819413093 6.55913350021847e-07
0.011568848758465 7.79698949294982e-07
0.0116817155756208 9.25922745506912e-07
0.0117945823927765 1.09847406925588e-06
0.0119074492099323 1.30188849542297e-06
0.012020316027088 1.54143576344355e-06
0.0121331828442438 1.82324584835769e-06
0.0122460496613995 2.1544358964891e-06
0.0123589164785553 2.54325596124856e-06
0.0124717832957111 2.99927319451686e-06
0.0125846501128668 3.53354692291001e-06
0.0126975169300226 4.15887100875213e-06
0.0128103837471783 4.89000563912639e-06
0.0129232505643341 5.74398415783748e-06
0.0130361173814898 6.74041999525201e-06
0.0131489841986456 7.90189335409664e-06
0.0132618510158014 9.25434562483457e-06
0.0133747178329571 1.08275674416952e-05
0.0134875846501129 1.26557270607948e-05
0.0136004514672686 1.4777959070298e-05
0.0137133182844244 1.72390406705198e-05
0.0138261851015801 2.00901582380275e-05
0.0139390519187359 2.33897407858993e-05
0.0140519187358916 2.72044207101147e-05
0.0141647855530474 3.16100952857159e-05
0.0142776523702032 3.66931172427411e-05
0.0143905191873589 4.25516238943892e-05
0.0145033860045147 4.92970095051754e-05
0.0146162528216704 5.70555878815013e-05
0.0147291196388262 6.59704142170695e-05
0.0148419864559819 7.62033127218878e-05
0.0149548532731377 8.7937146759604e-05
0.0150677200902935 0.000101378302597028
0.0151805869074492 0.000116759439558612
0.015293453724605 0.000134342549495198
0.0154063205417607 0.000154422302114822
0.0155191873589165 0.000177329730303176
0.0156320541760722 0.00020343629236691
0.015744920993228 0.000233158320243963
0.0158577878103837 0.000266961888713093
0.0159706546275395 0.00030536815447223
0.0160835214446953 0.000348959169705975
0.016196388261851 0.000398384241240638
0.0163092550790068 0.000454366829498448
0.0164221218961625 0.000517712078400931
0.0165349887133183 0.000589314957173268
0.016647855530474 0.000670169108779984
0.0167607223476298 0.000761376387976113
0.0168735891647856 0.00086415720851255
0.0169864559819413 0.000979861641225267
0.0170993227990971 0.00110998140990309
0.0172121896162528 0.00125616273460892
0.0173250564334086 0.00142022013913761
0.0174379232505643 0.0016041512095247
0.0175507900677201 0.00181015236703414
0.0176636568848758 0.00204063569721465
0.0177765237020316 0.00229824683568548
0.0178893905191874 0.00258588401790443
0.0180022573363431 0.00290671820382417
0.0181151241534989 0.00326421443950613
0.0182279909706546 0.00366215435999889
0.0183408577878104 0.00410465990250069
0.0184537246049661 0.00459621825158113
0.0185665914221219 0.00514170795785525
0.0186794582392777 0.0057464263051176
0.0187923250564334 0.00641611782815282
0.0189051918735892 0.00715700402056978
0.0190180586907449 0.00797581415992701
0.0191309255079007 0.00887981722919708
0.0192437923250564 0.00987685484245519
0.0193566591422122 0.010975375151698
0.0194695259593679 0.012184467613505
0.0195823927765237 0.0135138985199064
0.0196952595936795 0.0149741472035699
0.0198081264108352 0.0165764427623709
0.019920993227991 0.0183328011602683
0.0200338600451467 0.0202560625713851
0.0201467268623025 0.0223599287316452
0.0202595936794582 0.0246590001524393
0.020372460496614 0.0271688129567403
0.0204853273137698 0.0299058750965076
0.0205981941309255 0.0328877017032431
0.0207110609480813 0.0361328493315989
0.020823927765237 0.0396609487417229
0.0209367945823928 0.0434927359953883
0.0210496613995485 0.0476500814758322
0.0211625282167043 0.0521560165472207
0.02127539503386 0.0570347574638292
0.0213882618510158 0.0623117262047407
0.0215011286681716 0.0680135678239488
0.0216139954853273 0.0741681639672881
0.0217268623024831 0.0808046421346335
0.0218397291196388 0.087953380325745
0.0219525959367946 0.0956460066582252
0.0220654627539503 0.103915393552163
0.0221783295711061 0.112795646118651
0.0222911963882619 0.122322084342041
0.0224040632054176 0.132531218701433
0.0225169300225734 0.143460718858406
0.0226297968397291 0.155149375077851
0.0227426636568849 0.167637052061892
0.0228555304740406 0.180964634902784
0.0229683972911964 0.195173966868665
0.0230812641083521 0.210307778832145
0.0231941309255079 0.22640961011872
0.0233069977426637 0.243523720615781
0.0234198645598194 0.261694994056202
0.0235327313769752 0.280968832419927
0.0236455981941309 0.301391041408829
0.0237584650112867 0.323007707108238
0.0238713318284424 0.345865063889652
0.0239841986455982 0.370009353751771
0.024097065462754 0.395486677342443
0.0242099322799097 0.422342836942386
0.0243227990970655 0.450623171812145
0.0244356659142212 0.480372386301551
0.024548532731377 0.511634371284411
0.0246613995485327 0.544452019454861
0.0247742663656885 0.578867035152315
0.0248871331828442 0.614919739452091
0.025 0.652648871267414
0.0251128668171558 0.692091385350574
0.0252257336343115 0.733282248078211
0.0253386004514673 0.776254232018146
0.025451467268623 0.821037710261182
0.0255643340857788 0.867660451622536
0.0256772009029345 0.916147417808947
0.0257900677200903 0.96652056370391
0.025902934537246 1.01879864193909
0.0260158013544018 1.07299701298215
0.0261286681715576 1.12912746191052
0.0262415349887133 1.18719802313828
0.0263544018058691 1.24721281427782
0.0264672686230248 1.30917188035028
0.0265801354401806 1.37307104956412
0.0266930022573363 1.43890180174312
0.0268058690744921 1.50665115059832
0.0269187358916479 1.57630154085756
0.0270316027088036 1.64783076127594
0.0271444695259594 1.72121187446578
0.0272573363431151 1.79641316440644
0.0273702031602709 1.87339810241883
0.0274830699774266 1.95212533227304
0.0275959367945824 2.03254867503061
0.0277088036117382 2.11461715408097
0.0278216704288939 2.1982750407581
0.0279345372460497 2.28346192073515
0.0280474040632054 2.37011278138655
0.0281602708803612 2.45815812003096
0.0282731376975169 2.54752407299032
0.0283860045146727 2.63813256514018
0.0284988713318284 2.729901479594
0.0286117381489842 2.82274484695138
0.02872460496614 2.91657305349396
0.0288374717832957 3.01129306748569
0.0289503386004515 3.10680868271656
0.0290632054176072 3.20302077823804
0.029176072234763 3.29982759313902
0.0292889390519187 3.39712501513169
0.0294018058690745 3.49480688159252
0.0295146726862302 3.59276529162695
0.029627539503386 3.69089092764362
0.0297404063205418 3.78907338484345
0.0298532731376975 3.88720150701221
0.0299661399548533 3.98516372688562
0.030079006772009 4.082848409401
0.0301918735891648 4.18014419606373
0.0303047404063205 4.27694034868185
0.0304176072234763 4.37312709071586
0.0305304740406321 4.46859594449726
0.0306433408577878 4.56324006259932
0.0307562076749436 4.65695455169852
0.0308690744920993 4.74963678729224
0.0309819413092551 4.84118671770792
0.0310948081264108 4.93150715593488
0.0312076749435666 5.02050405784138
0.0313205417607224 5.10808678550884
0.0314334085778781 5.19416835443401
0.0315462753950339 5.27866566350802
0.0316591422121896 5.36149970679925
0.0317720090293454 5.44259576626683
0.0318848758465011 5.52188358465934
0.0319977426636569 5.59929751800502
0.0321106094808126 5.6747766672035
0.0322234762979684 5.74826498839159
0.0323363431151242 5.8197113818634
0.0324492099322799 5.88906975947469
0.0325620767494357 5.95629909059009
0.0326749435665914 6.02136342675739
0.0327878103837472 6.08423190541682
0.0329006772009029 6.14487873307358
0.0330135440180587 6.20328314850137
0.0331264108352144 6.25942936658429
0.0332392776523702 6.31330650359745
0.033352144469526 6.36490848474756
0.0334650112866817 6.41423393490336
0.0335778781038375 6.46128605354343
0.0336907449209932 6.50607247496475
0.033803611738149 6.54860511491086
0.0339164785553047 6.5889000047866
0.0340293453724605 6.62697711466964
0.0341422121896163 6.66286016638333
0.034255079006772 6.6965764378622
0.0343679458239278 6.72815656012526
0.0344808126410835 6.75763430808791
0.0345936794582393 6.78504638650347
0.034706546275395 6.81043221227017
0.0348194130925508 6.83383369432664
0.0349322799097065 6.8552950123192
0.0350451467268623 6.87486239519185
0.0351580135440181 6.89258390080685
0.0352708803611738 6.90850919762853
0.0353837471783296 6.92268934947897
0.0354966139954853 6.93517660428522
0.0356094808126411 6.94602418769232
0.0357223476297968 6.95528610232311
0.0358352144469526 6.96301693343175
0.0359480812641084 6.96927166158329
0.0360609480812641 6.97410548296483
0.0361738148984199 6.97757363779571
0.0362866817155756 6.97973124731556
0.0363995485327314 6.98063315967235
0.0365124153498871 6.98033380502312
0.0366252821670429 6.97888706004195
0.0367381489841987 6.9763461220105
0.0368510158013544 6.97276339256557
0.0369638826185102 6.96819037112267
0.0370767494356659 6.96267755794438
0.0371896162528217 6.95627436677375
0.0373024830699774 6.94902904688784
0.0374153498871332 6.94098861436202
0.0375282167042889 6.93219879236147
0.0376410835214447 6.92270396013994
0.0377539503386004 6.91254711048409
0.0378668171557562 6.90176981524329
0.037979683972912 6.89041219859714
0.0380925507900677 6.87851291768413
0.0382054176072235 6.86610915018038
0.0383182844243792 6.85323658842366
0.038431151241535 6.83992943966664
0.0385440180586907 6.82622043201777
0.0386568848758465 6.81214082564576
0.0387697516930023 6.79772042881435
0.038882618510158 6.78298761832937
0.0389954853273138 6.7679693639486
0.0391083521444695 6.75269125637168
0.0392212189616253 6.73717753838123
0.039334085778781 6.72145113876611
0.0394469525959368 6.7055337086218
0.0395598194130926 6.68944565969254
0.0396726862302483 6.67320620439757
0.0397855530474041 6.65683339720773
0.0398984198645598 6.64034417707842
0.0400112866817156 6.62375441063788
0.0401241534988713 6.60707893586973
0.0402370203160271 6.59033160602428
0.0403498871331828 6.57352533355477
0.0404627539503386 6.55667213383452
0.0405756207674944 6.53978316848942
0.0406884875846501 6.5228687881638
0.0408013544018059 6.50593857456461
0.0409142212189616 6.48900138164814
0.0410270880361174 6.47206537583168
0.0411399548532731 6.45513807513131
0.0412528216704289 6.43822638713027
0.0413656884875847 6.42133664571508
0.0414785553047404 6.40447464650994
0.0415914221218962 6.38764568098123
0.0417042889390519 6.3708545691594
0.0418171557562077 6.35410569096939
0.0419300225733634 6.33740301615213
0.0420428893905192 6.32075013277983
0.0421557562076749 6.30415027435668
0.0422686230248307 6.28760634553816
0.0423814898419865 6.27112094647333
0.0424943566591422 6.254696395798
0.042607223476298 6.23833475231683
0.0427200902934537 6.22203783539986
0.0428329571106095 6.2058072441369
0.0429458239277652 6.18964437529373
0.043058690744921 6.17355044010404
0.0431715575620768 6.15752647995614
0.0432844243792325 6.1415733810124
0.0433972911963883 6.12569188781048
0.043510158013544 6.1098826158978
0.0436230248306998 6.09414606354604
0.0437358916478555 6.07848262259587
0.0438487584650113 6.06289258847507
0.043961625282167 6.04737616943947
0.0440744920993228 6.03193349509042
0.0441873589164786 6.01656462419635
0.0443002257336343 6.00126955188096
0.0444130925507901 5.98604821620363
0.0445259593679458 5.97090050418843
0.0446388261851016 5.95582625732223
0.0447516930022573 5.94082527657542
0.0448645598194131 5.92589732697321
0.0449774266365689 5.91104214174762
0.0450902934537246 5.89625942610853
0.0452031602708804 5.88154886066294
0.0453160270880361 5.86691010450251
0.0454288939051919 5.85234279799837
0.0455417607223476 5.83784656531727
0.0456546275395034 5.82342101669026
0.0457674943566592 5.8090657504467
0.0458803611738149 5.79478035484494
0.0459932279909707 5.78056440970673
0.0461060948081264 5.76641748788328
0.0462189616252822 5.75233915655893
0.0463318284424379 5.73832897841589
0.0464446952595937 5.72438651266841
0.0465575620767494 5.71051131597997
0.0466704288939052 5.69670294327624
0.0467832957110609 5.6829609484619
0.0468961625282167 5.66928488505433
0.0470090293453725 5.65567430673882
0.0471218961625282 5.64212876785679
0.047234762979684 5.62864782383065
0.0473476297968397 5.61523103153735
0.0474604966139955 5.60187794962948
0.0475733634311512 5.58858813881476
0.047686230248307 5.57536116209625
0.0477990970654628 5.56219658497923
0.0479119638826185 5.5490939756467
0.0480248306997743 5.53605290510749
0.04813769751693 5.52307294732168
0.0482505643340858 5.51015367930532
0.0483634311512415 5.49729468121529
0.0484762979683973 5.48449553641922
0.048589164785553 5.4717558315507
0.0487020316027088 5.45907515655202
0.0488148984198646 5.44645310470656
0.0489277652370203 5.43388927266108
0.0490406320541761 5.4213832604405
0.0491534988713318 5.40893467145473
0.0492663656884876 5.39654311250018
0.0493792325056433 5.3842081937556
0.0494920993227991 5.37192952877325
0.0496049661399549 5.35970673446637
0.0497178329571106 5.34753943109329
0.0498306997742664 5.3354272422387
0.0499435665914221 5.32336979479259
