0 975.876123072027
0.00238365647311398 975.876123072027
0.00337099931231621 975.876123072027
0.00412861411922385 975.876123072027
0.00476731294622796 975.876123072025
0.00533001790889026 975.876123072021
0.00583874208121142 975.87612307201
0.00630656223886891 975.876123071983
0.00674199862463242 975.876123071922
0.00715096941934194 975.876123071796
0.00753778361444409 975.876123071546
0.00790569415042095 975.876123071069
0.0082572282384477 975.876123070195
0.00859439563690411 975.876123068645
0.00891882585015845 975.876123065976
0.00923186182344995 975.876123061498
0.00953462589245592 975.876123054161
0.00982806741383621 975.876123042395
0.0101129979369486 975.876123023895
0.0103901176824204 975.876122995328
0.0106600358177805 975.876122951943
0.0109232862188163 975.876122887063
0.0111803398874989 975.876122791418
0.0114316148545084 975.876122652297
0.0116774841624228 975.876122452454
0.0119182823655699 975.876122168737
0.0121543108701099 975.876121770375
0.0123858423576716 975.876121216838
0.0126131244777378 975.876120455223
0.0128363829513118 975.87611941704
0.0130558241966773 975.876118014329
0.0132716375642331 975.876116134973
0.0134839972492648 975.876113637092
0.0136930639376292 975.876110342379
0.0138989862285642 975.876106028216
0.0141019018704442 975.876100418414
0.0143019388386839 975.8760931724
0.0144992162797605 975.876083872636
0.0146938453411315 975.876072010095
0.0148859299034662 975.87605696754
0.0150755672288882 975.876038000407
0.0152628485367098 975.876014215021
0.0154478595163331 975.875984543912
0.0156306807854995 975.875947717964
0.0158113883008419 975.875902235126
0.0159900537266708 975.875846325419
0.0161667447670716 975.87577791197
0.0163415254656796 975.875694567788
0.0165144564768954 975.875593468027
0.0166855953117979 975.875471337463
0.0168549965615811 975.875324392935
0.0170227121009764 975.875148280519
0.0171887912738082 975.874938007188
0.0173532810625646 975.874687866784
0.0175162262436343 975.874391360094
0.0176776695296637 975.874041108899
0.0178376517003169 975.873628763853
0.017996211722572 975.873144906125
0.0181533868615599 975.872578942734
0.0183092127828389 975.871918995587
0.0184637236468999 975.871151784234
0.0186169521966113 975.870262502447
0.0187689298382387 975.869234688736
0.0189196867166067 975.868050090992
0.0190692517849118 975.866688525502
0.0192176528696452 975.865127730628
0.0193649167310371 975.86334321549
0.0195110691193952 975.861308104078
0.0196561348276724 975.858992975253
0.0198001377405677 975.856365699153
0.0199431008804366 975.853391270591
0.0200850464502597 975.850031640084
0.0202259958738973 975.84624554319
0.0203659698338362 975.841988328893
0.0205049883066181 975.83721178784
0.0206430705961193 975.831863981224
0.0207802353648408 975.825889071227
0.0209165006633519 975.819227153891
0.0210518839580171 975.811814095383
0.0211864021571299 975.803581372593
0.021320071635561 975.794455919072
0.0214529082580258 975.784359977284
0.0215849274010614 975.773210958195
0.0217161439738023 975.760921309192
0.0218465724376326 975.747398391344
0.0219762268247883 975.732544366984
0.0221051207559779 975.716256098588
0.0222332674570829 975.698425059901
0.0223606797749979 975.6789372602
0.0224873701926619 975.6576731826
0.0226133508433323 975.634507737199
0.0227386335241468 975.609310229857
0.0228632297090169 975.581944347321
0.0229871505608914 975.552268159342
0.0231104069434294 975.520134138388
0.0232330094321146 975.48538919744
0.0233549683248457 975.447874746325
0.0234762936520304 975.407426766922
0.0235969951862135 975.363875907516
0.0237170824512628 975.317047596468
0.0238365647311398 975.266762175292
0.0239554510782752 975.212835051134
0.0240737503215734 975.155076868543
0.024191471074064 975.093293700348
0.0243086217402199 975.027287257348
0.0244252105229599 974.956855116439
0.0245412454303511 974.881790966691
0.0246567342820282 974.801884872825
0.0247716847153431 974.716923555427
0.0248861041912587 974.626690687175
0.025 974.53096720425
0.025113379266475 974.429531632041
0.0252262489554756 974.322160424187
0.0253386158766704 974.208628313903
0.0254504866893989 974.088708676522
0.0255618679072773 973.962173902071
0.0256727659026235 973.828795776708
0.0257831869107123 973.688345871749
0.0258931370338657 973.540595939023
0.0260026222453883 973.385318311231
0.0261116483933547 973.222286305967
0.0262202212042538 973.051274632056
0.0263283462864992 972.872059796841
0.0264360291338097 972.684420513039
0.0265432751284662 972.488138103818
0.0266500895444513 972.282996904728
0.0267564775504753 972.068784661149
0.0268624442128952 971.845292919943
0.0269679944985297 971.612317414012
0.0270731332773757 971.369658438533
0.0271778653252304 971.117121217628
0.027282195326223 970.854516260328
0.0273861278752583 970.581659704698
0.0274896674803792 970.298373649077
0.0275928185650476 970.00448646942
0.0276955854703499 969.699833121811
0.0277979724571285 969.384255429271
0.0278999837080435 969.057602352066
0.0280016233295663 968.719730240778
0.0281028953539084 968.370503071482
0.0282038037408883 968.009792662463
0.0283043523797377 967.637478871945
0.0284045450908509 967.253449776429
0.0285043856274785 966.857601829281
0.0286038776773678 966.449839999303
0.0287030248643525 966.030077889087
0.0288018307498925 965.598237833058
0.028900298834567 965.154250975135
0.0289984325595211 964.698057326074
0.0290962353078695 964.229605800577
0.0291937104060571 963.74885423436
0.0292908611251794 963.255769381406
0.0293876906822629 962.750326891735
0.0294842022415086 962.232511270041
0.0295803989154981 961.702315815632
0.029676283766365 961.159742544167
0.0297718598069324 960.604802091713
0.0298671300018173 960.037513601723
0.0299620972685036 959.457904595547
0.0300567644783847 958.866010827165
0.0301511344577764 958.261876122837
0.0302452099889012 957.64555220642
0.0303389938108459 957.01709851111
0.0304324886204918 956.376581978423
0.0305256970734197 955.724076845209
0.0306186217847897 955.059664419549
0.0307112653301979 954.383432846373
0.0308036302465089 953.695476863661
0.0308957190326662 952.995897550083
0.0309875341504817 952.284802064949
0.0310790780254031 951.562303381331
0.0311703530472613 950.828520013214
0.0312613615709989 950.08357573753
0.0313521059173789 949.327599311924
0.031442588373675 948.560724189066
0.0315328111943446 947.783088228333
0.0316227766016838 946.99483340566
0.0317124867864666 946.196105522317
0.0318019439085669 945.387053913379
0.0318911500975655 944.567831156611
0.0319801074533416 943.738592782468
0.0320688180466492 942.899496985881
0.03215728391968 942.050704340471
0.0322455070866117 941.192377515817
0.0323334895341432 940.324680998337
0.0324212332220161 939.447780816347
0.032508740083525 938.561844269816
0.0325960120260132 937.667039665286
0.0326830509313592 936.763536056413
0.0327698586564489 935.851502990552
0.0328564370336385 934.931110261755
0.0329427878712059 934.002527670528
0.0330289129537908 933.065924790675
0.0331148140428254 932.121470743494
0.0332004928769548 931.16933397958
0.0332859511724473 930.209682068445
0.0333711906235957 929.242681496147
0.0334562129031094 928.268497471074
0.0335410196624968 927.287293738002
0.0336256125324405 926.299232400533
0.0337099931231621 925.304473751973
0.0337941630247807 924.303176114686
0.033878123807662 923.295495687941
0.0339618770227603 922.281586404242
0.0340454242019527 921.261599794106
0.0341287668583664 920.23568485923
0.0342119064866977 919.203987953971
0.0342948445635253 918.166652675045
0.0343775825476164 917.123819759325
0.0344601218802256 916.075626989603
0.0345424639853879 915.022209108181
0.0346246102702057 913.963697738108
0.0347065621251292 912.900221311903
0.0347883209242308 911.831905007567
0.0348698880254739 910.75887069169
0.0349512647709766 909.681236869433
0.0350324524872685 908.599118641183
0.0351134524855439 907.512627665645
0.0351942660619079 906.421872129135
0.0352748944976194 905.326956720853
0.0353553390593274 904.22798261388
0.0354356009993032 903.12504745166
0.0355156815556683 902.018245339717
0.0355955819526167 900.907666842364
0.0356753034006338 899.793398984148
0.0357548470967097 898.675525255784
0.0358342142245495 897.55412562433
0.0359134059547786 896.429276547353
0.0359924234451439 895.301050990845
0.0360712678407117 894.169518450643
0.0361499402740611 893.034744977112
0.0362284418654736 891.896793202861
0.0363067737231197 890.755722373258
0.0363849369432412 889.611588379516
0.0364629326103298 888.46444379413
0.0365407617973035 887.314337908446
0.0366184255656779 886.161316772158
0.0366959249657358 885.005423234523
0.0367732610366925 883.846696987091
0.0368504348068587 882.685174607773
0.0369274472937998 881.520889606041
0.0370042995044925 880.353872469104
0.0370809924354783 879.184150708861
0.0371575270730147 878.011748909492
0.0372339043932225 876.836688775507
0.0373101253622318 875.658989180116
0.037386190936324 874.478666213762
0.0374621020620719 873.295733232689
0.0375378596764774 872.110200907409
0.0376134647071062 870.922077270937
0.0376889180722205 869.731367766687
0.0377642206809086 868.538075295905
0.0378393734332135 867.342200264541
0.0379143772202578 866.14374062945
0.0379892329243671 864.942691943845
0.0380639414191914 863.73904740189
0.0381385035698237 862.53279788237
0.0382129202329169 861.323931991352
0.038287192256799 860.112436103762
0.0383613204815855 858.898294403814
0.0384353057392904 857.681488924234
0.0385091488539353 856.461999584207
0.0385828506416564 855.239804226004
0.0386564119108096 854.014878650239
0.0387298334620742 852.787196649703
0.0388031160885543 851.556730041744
0.0388762605758789 850.323448699138
0.0389492677023003 849.087320579434
0.0390221382387905 847.848311752729
0.0390948729491361 846.606386427847
0.039167472590032 845.361506976891
0.0392399379111732 844.113633958152
0.0393122696553448 842.862726137346
0.0393844685585113 841.608740507153
0.0394565353499035 840.351632305055
0.0395284707521047 839.091355029444
0.0396002754811355 837.827860453978
0.0396719502465361 836.56109864019
0.0397434957514491 835.29101794832
0.0398149126926994 834.017565046354
0.0398862017608733 832.740684917276
0.0399573636403969 831.460320864498
0.0400283990096123 830.176414515478
0.0400993085408532 828.888905823484
0.0401700929005195 827.597733067533
0.0402407527491495 826.302832850447
0.0403112887414928 825.004140095044
0.0403817015265803 823.701588038445
0.0404519917477945 822.395108224458
0.0405221600429377 821.084630494066
0.0405922070442994 819.770082973955
0.0406621333787234 818.451392063093
0.0407319396676725 817.128482417339
0.0408016265272933 815.801276932035
0.04087119456848 814.46969672259
0.040940644396936 813.133661103
0.0410099766132362 811.793087562298
0.0410791918128875 810.447891738887
0.0411482905863879 809.097987392735
0.041217273519286 807.743286375379
0.0412861411922385 806.383698597716
0.0413548941810673 805.019131995532
0.0414235330568156 803.649492492712
0.0414920583858033 802.274683962097
0.0415604707296817 800.894608183924
0.0416287706454868 799.509164801798
0.0416969586856927 798.118251276125
0.0417650353982632 796.721762834948
0.0418330013267038 795.319592422107
0.0419008570101116 793.911630642654
0.0419686029832259 792.49776570543
0.0420362397764769 791.077883362735
0.0421037679160342 789.651866846967
0.042171187923855 788.219596804166
0.0422385003177304 786.780951224322
0.0423057056113325 785.335805368358
0.0423728043142597 783.884031691653
0.0424397969320821 782.425499763981
0.0425066839663856 780.960076185718
0.042573465914816 779.487624500191
0.0426401432711221 778.008005101986
0.0427067165251982 776.521075141064
0.0427731861631263 775.026688422512
0.0428395526672172 773.524695301724
0.0429058165160517 772.014942574819
0.0429719781845205 770.497273364091
0.0430380381438644 768.971526998245
0.0431039968617128 767.437538887195
0.0431698548021228 765.895140391152
0.0432356124256172 764.344158683737
0.0433012701892219 762.784416608822
0.0433668285465034 761.21573253079
0.0434322879476046 759.637920177886
0.0434976488392816 758.050788478291
0.0435629116649389 756.454141388572
0.0436280768646647 754.847777714073
0.0436931448752652 753.231490920846
0.0437581161302989 751.605068938656
0.0438229910601107 749.968293954565
0.0438877700918646 748.320942196595
0.0439524536495766 746.662783706902
0.0440170421541475 744.993582103863
0.0440815360233944 743.313094332458
0.0441459356720824 741.621070402257
0.0442102415119557 739.917253112288
0.0442744539517685 738.201377762017
0.044338573397315 736.473171847588
0.0444026002514595 734.732354742456
0.0444665349141658 732.978637361436
0.0445303777825267 731.211721807143
0.0445941292507922 729.431300997724
0.0446577897103986 727.63705827469
0.0447213595499958 725.828666989574
0.0447848391554756 724.005790068039
0.0448482289099986 722.168079549944
0.0449115291940216 720.315176103796
0.0449747403853238 718.44670851384
0.0450378628590333 716.562293137935
0.0451008969876532 714.661533334214
0.0451638431410872 712.74401885434
0.0452267016866645 710.809325201012
0.0452894729891656 708.857012947165
0.0453521574108463 706.886627014103
0.0454147553114624 704.897695905556
0.0454772670482937 702.889730894403
0.0455396929761679 700.862225158506
0.0456020334474841 698.814652861796
0.0456642888122357 696.746468176401
0.0457264594180338 694.657104241212
0.0457885456101295 692.545972051878
0.0458505477314364 690.412459276739
0.0459124661225527 688.255928992693
0.0459743011217828 686.075718334402
0.0460360530651595 683.871137049631
0.0460977222864644 681.641465952769
0.0461593091172498 679.385955267798
0.0462208138868588 677.103822851104
0.0462822369224463 674.794252283515
0.0463435785489994 672.456390819834
0.0464048390893567 670.089347182924
0.0464660188642293 667.692189187972
0.0465271181922191 665.263941181
0.0465881373898393 662.803581273916
0.0466490767715328 660.310038356414
0.0467099366496914 657.782188862725
0.0467707173346743 655.218853268717
0.0468314191348268 652.618792291868
0.0468920423564984 649.980702763362
0.0469525873040608 647.303213137758
0.047013054279926 644.584878601365
0.0470734435845636 641.824175735491
0.0471337555165182 639.019496685072
0.0471939903724269 636.169142776623
0.0472541484470363 633.271317521895
0.047314230033219 630.324118934901
0.0473742354219905 627.325531079826
0.0474341649025257 624.273414755517
0.0474940187621749 621.16549720853
0.04755379728648 617.999360750551
0.0476135007591907 614.772430137121
0.0476731294622796 611.481958542298
0.0477326836759583 608.125011937559
0.0477921636786922 604.698451651977
0.0478515697472165 601.198914853529
0.0479109021565504 597.622792646874
0.0479701611800123 593.966205429613
0.0480293470892347 590.224975084615
0.0480884601541784 586.394593508143
0.0481475006431468 582.470186878682
0.0482064688228005 578.446474955488
0.0482653649581711 574.317724553468
0.0483241893126752 570.077696165001
0.0483829421481279 565.719582480588
0.0484416237247567 561.235937286741
0.0485002343012148 556.618592875286
0.0485587741345943 551.858563662135
0.0486172434804398 546.945933156818
0.0486756425927607 541.86972070804
0.0487339717240448 536.617723521781
0.0487922311252705 531.176328233413
0.0488504210459197 525.530284710587
0.0489085417339901 519.662432622701
0.0489665934360077 513.553368425443
0.0490245763970388 507.181036468945
0.0490824908607021 500.520222493209
0.049140337069181 493.541920145615
0.0491981152632349 486.212530304957
0.0492558256822111 478.492837308722
0.0493134685640564 470.336683086064
0.0493710441453288 461.689225517425
0.0494285526612081 452.484614094725
0.0494859943455079 442.642832161453
0.0495433694306862 432.065319430478
0.0496006781478567 420.628762089146
0.0496579207267994 408.176045933075
0.0497150973959713 394.502660860737
0.0497722083825173 379.335505515637
0.0498292539122807 362.298352429077
0.0498862342098135 342.852448569354
0.0499431494983865 320.187154918171
0.05 293
