5.38793103448276e-05 -0
0.000161637931034483 -0
0.000269396551724138 -1.05498353348296e-12
0.000377155172413793 -2.10990885146453e-12
0.000484913793103448 -1.05491561539801e-12
0.000592672413793104 -3.16460130744057e-12
0.000700431034482759 -1.0548088869788e-12
0.000808189655172414 -2.10948193778771e-12
0.000915948275862069 -1.05466334822534e-12
0.00102370689655172 1.05457602497326e-12
0.00113146551724138 1.05447899913762e-12
0.00123922413793103 3.16311681215525e-12
0.00134698275862069 1.05425583971564e-12
0.00145474137931035 3.16238911838794e-12
0.0015625 4.21597547983765e-12
0.00167025862068966 3.16154499361786e-12
0.00177801724137931 4.2147723594757e-12
0.00188577586206897 5.26764072974165e-12
0.00199353448275862 4.21341399777671e-12
0.00210129310344828 5.26584575178228e-12
0.00220905172413793 5.26487549342589e-12
0.00231681034482759 4.21108537772132e-12
0.00242456896551724 4.21023155036765e-12
0.0025323275862069 4.20933891267977e-12
0.00264008620689655 3.15630559849319e-12
0.00274784482758621 2.10371860315059e-12
0.00285560344827586 2.10321406880526e-12
0.00296336206896552 2.10269012929278e-12
0.00307112068965517 1.0510733923066e-12
0.00317887931034483 2.10158403476647e-12
0.00328663793103448 1.05050093987632e-12
0.00339439655172414 2.10040031957164e-12
0.00350215517241379 -0
0.00360991379310345 -0
0.0037176724137931 1.04923960401297e-12
0.00382543103448276 1.04890001358822e-12
0.00393318965517241 -0
0.00404094827586207 -1.04819172498804e-12
0.00414870689655172 2.09564605362519e-12
0.00425646551724138 1.04744462605359e-12
0.00436422413793103 3.14116956813311e-12
0.00447198275862069 4.18663486713959e-12
0.00457974137931035 7.32375845792641e-12
0.0046875 8.3666719774556e-12
0.00479525862068966 9.40866375154607e-12
0.00490301724137931 7.31479327071312e-12
0.00501077586206897 6.26714489040472e-12
0.00511853448275862 7.30847688881284e-12
0.00522629310344828 8.34881922369746e-12
0.00533405172413793 1.04312697636754e-11
0.00544181034482759 1.35543440134613e-11
0.00554956896551724 1.98007932931236e-11
0.0056573275862069 2.49994195459733e-11
0.00576508620689655 3.33161038129065e-11
0.00587284482758621 3.95429635763524e-11
0.00598060344827586 4.68031798145171e-11
0.00608836206896552 5.61344751647229e-11
0.00619612068965517 6.96112761303388e-11
0.00630387931034483 8.72265677434501e-11
0.00641163793103448 1.04821745900831e-10
0.00651939655172414 1.28619857250592e-10
0.00662715517241379 1.58609753524213e-10
0.00673491379310345 1.95816000655701e-10
0.0068426724137931 2.40224918002242e-10
0.00695043103448276 2.96996573749589e-10
0.00705818965517241 3.64038611019952e-10
0.00716594827586207 4.42363778000557e-10
0.00727370689655172 5.36080370898851e-10
0.00738146551724138 6.58575742562555e-10
0.00748922413793104 8.01538360796643e-10
0.00759698275862069 9.78325733301778e-10
0.00770474137931034 1.18886561464073e-09
0.0078125 1.44543800928433e-09
0.00792025862068966 1.75720058484981e-09
0.00802801724137931 2.13533871751806e-09
0.00813577586206897 2.59202998158514e-09
0.00824353448275862 3.14351926384158e-09
0.00835129310344828 3.81215440884927e-09
0.00845905172413793 4.61611077266984e-09
0.00856681034482759 5.58374535305829e-09
0.00867456896551724 6.74946192758302e-09
0.0087823275862069 8.15061638853853e-09
0.00889008620689655 9.83363347838782e-09
0.00899784482758621 1.18529457712203e-08
0.00910560344827586 1.42760584809728e-08
0.00921336206896552 1.71753342176727e-08
0.00932112068965517 2.06452837858495e-08
0.00942887931034483 2.47963591180377e-08
0.00953663793103448 2.97528418135127e-08
0.00964439655172414 3.56690304790645e-08
0.00975215517241379 4.27199601878497e-08
0.00985991379310345 5.11205683841426e-08
0.0099676724137931 6.11133373164023e-08
0.0100754310344828 7.29964997232419e-08
0.0101831896551724 8.71065611438478e-08
0.0102909482758621 1.03850435770441e-07
0.0103987068965517 1.23703063314636e-07
0.0105064655172414 1.47214106900788e-07
0.010614224137931 1.75037783725649e-07
0.0107219827586207 2.07926260302399e-07
0.0108297413793103 2.46772361921959e-07
0.0109375 2.92606788172022e-07
0.0110452586206897 3.46639497498667e-07
0.0111530172413793 4.10270728038644e-07
0.011260775862069 4.85148012845735e-07
0.0113685344827586 5.73168757245364e-07
0.0114762931034483 6.76538754084934e-07
0.0115840517241379 7.97831286787954e-07
0.0116918103448276 9.40014867748841e-07
0.0117995689655172 1.10653256732294e-06
0.0119073275862069 1.30136681743598e-06
0.0120150862068966 1.52911961969084e-06
0.0121228448275862 1.79510603517843e-06
0.0122306034482759 2.1054509062465e-06
0.0123383620689655 2.46721552741951e-06
0.0124461206896552 2.88852924514615e-06
0.0125538793103448 3.37872690117687e-06
0.0126616379310345 3.94854637758765e-06
0.0127693965517241 4.61029492285925e-06
0.0128771551724138 5.37809387581792e-06
0.0129849137931034 6.26809771095397e-06
0.0130926724137931 7.29879867354443e-06
0.0132004310344828 8.49132487332146e-06
0.0133081896551724 9.86979066533514e-06
0.0134159482758621 1.14617095591734e-05
0.0135237068965517 1.32984083376268e-05
0.0136314655172414 1.54155517185431e-05
0.013739224137931 1.7853685677466e-05
0.0138469827586207 2.06588517523036e-05
0.0139547413793103 2.38832939207458e-05
0.0140625 2.75862152097523e-05
0.0141702586206897 3.18346571700352e-05
0.0142780172413793 3.67044319870009e-05
0.014385775862069 4.22812052558876e-05
0.0144935344827586 4.86616580687576e-05
0.0146012931034483 5.59547987983694e-05
0.0147090517241379 6.42834083060173e-05
0.0148168103448276 7.37856236070173e-05
0.0149245689655172 8.461670819925e-05
0.0150323275862069 9.69509836498412e-05
0.0151400862068966 0.000110983970141391
0.0152478448275862 0.000126934720797003
0.0153556034482759 0.000145048414071528
0.0154633620689655 0.000165599153044126
0.0155711206896552 0.000188893074474347
0.0156788793103448 0.000215271716798069
0.0157866379310345 0.000245115716510581
0.0158943965517241 0.000278848816919136
0.0160021551724138 0.00031694226429178
0.0161099137931034 0.000359919546086405
0.0162176724137931 0.00040836158036525
0.0163254310344828 0.000462912303545897
0.0164331896551724 0.000524284737863492
0.0165409482758621 0.000593267548128953
0.0166487068965517 0.000670732121415402
0.0167564655172414 0.00075764018291981
0.016864224137931 0.000855052013223156
0.0169719827586207 0.000964135253448755
0.0170797413793103 0.00108617436025187
0.0171875 0.00122258074347228
0.0172952586206897 0.00137490358220651
0.0174030172413793 0.00154484138806882
0.017510775862069 0.00173425431819965
0.0176185344827586 0.00194517728451493
0.0177262931034483 0.00217983386026299
0.0178340517241379 0.00244065103609132
0.0179418103448276 0.00273027482228803
0.0180495689655172 0.00305158674207559
0.0181573275862069 0.00340772119727494
0.0182650862068966 0.0038020837587619
0.0183728448275862 0.00423837035875855
0.0184806034482759 0.00472058741097464
0.0185883620689655 0.00525307283259497
0.0186961206896552 0.00584051797728171
0.0188038793103448 0.00648799049662855
0.0189116379310345 0.00720095803243632
0.0190193965517241 0.00798531279118264
0.0191271551724138 0.00884739693870336
0.0192349137931035 0.00979402874342148
0.0193426724137931 0.0108325294687362
0.0194504310344828 0.0119707509104168
0.0195581896551724 0.0132171035437791
0.0196659482758621 0.0145805851631024
0.0197737068965517 0.0160708099539663
0.0198814655172414 0.0176980378629644
0.019989224137931 0.0194732041805225
0.0200969827586207 0.0214079492054762
0.0202047413793103 0.0235146478227338
0.0203125 0.0258064388699869
0.0204202586206897 0.0282972541270533
0.0205280172413793 0.0310018467523503
0.020635775862069 0.0339358189560523
0.0207435344827586 0.0371156487316244
0.0208512931034483 0.0405587154337989
0.0209590517241379 0.044283323958021
0.0210668103448276 0.0483087272991238
0.0211745689655172 0.0526551472623516
0.0212823275862069 0.0573437930308082
0.0213900862068966 0.0623968773396107
0.0214978448275862 0.0678376300382637
0.0216056034482759 0.0736903086606432
0.0217133620689655 0.0799802058333414
0.0218211206896552 0.0867336531580515
0.0219288793103448 0.0939780213032187
0.0220366379310345 0.101741716044256
0.0221443965517241 0.110054169953335
0.0222521551724138 0.118945829427308
0.0223599137931035 0.128448136844238
0.0224676724137931 0.13859350753809
0.0225754310344828 0.14941530135014
0.0226831896551724 0.160947788549956
0.0227909482758621 0.173226109844615
0.0228987068965517 0.186286230329786
0.0230064655172414 0.200164887175174
0.023114224137931 0.214899530917281
0.0232219827586207 0.23052826016815
0.0233297413793103 0.247089749710343
0.0234375 0.264623171883288
0.0235452586206897 0.283168111214611
0.0236530172413793 0.302764472330271
0.023760775862069 0.323452381155124
0.0238685344827586 0.345272079527307
0.0239762931034483 0.368263813320399
0.0240840517241379 0.392467714260276
0.0241918103448276 0.417923675667291
0.0242995689655172 0.444671222366645
0.0244073275862069 0.472749375099399
0.0245150862068966 0.50219650979841
0.0246228448275862 0.533050212099485
0.0247306034482759 0.56534712763098
0.0248383620689655 0.599122808480406
0.0249461206896552 0.634411556493861
0.0250538793103448 0.671246263925704
0.0251616379310345 0.709658252137833
0.0252693965517241 0.749677108981981
0.0253771551724138 0.791330525635064
0.0254849137931034 0.834644133595762
0.0255926724137931 0.879641342662716
0.0257004310344828 0.926343180694961
0.0258081896551724 0.974768135995758
0.0259159482758621 1.02493200317041
0.0260237068965517 1.07684773334717
0.0261314655172414 1.13052528961106
0.026239224137931 1.18597150857131
0.0263469827586207 1.2431899689048
0.0264547413793103 1.30218086777616
0.0265625 1.36294090597184
0.0266702586206897 1.42546318259512
0.0267780172413793 1.48973710012816
0.026885775862069 1.55574828063674
0.0269935344827586 1.62347849385104
0.0271012931034483 1.69290559781664
0.0272090517241379 1.76400349276155
0.0273168103448276 1.83674208874352
0.0274245689655172 1.91108728761193
0.0275323275862069 1.98700097973845
0.0276400862068966 2.0644410558863
0.0277478448275862 2.1433614345193
0.0278556034482759 2.22371210479542
0.0279633620689655 2.30543918536253
0.0280711206896552 2.38848499900454
0.0281788793103448 2.47278816313707
0.0282866379310345 2.55828369598948
0.0283943965517241 2.6449031382736
0.0285021551724138 2.73257469003189
0.0286099137931034 2.82122336227174
0.0287176724137931 2.91077114288649
0.0288254310344828 3.00113717629679
0.0289331896551724 3.0922379561465
0.0290409482758621 3.18398753032641
0.0291487068965517 3.27629771748343
0.0292564655172414 3.36907833414396
0.029364224137931 3.46223743147067
0.0294719827586207 3.55568154065954
0.0295797413793103 3.6493159258391
0.0296875 3.74304484341974
0.0297952586206897 3.83677180664767
0.0299030172413793 3.93039985419814
0.030010775862069 4.02383182155934
0.0301185344827586 4.11697061393544
0.0302262931034483 4.20971947943651
0.0303340517241379 4.30198228124747
0.0304418103448276 4.39366376752334
0.0305495689655172 4.48466983776564
0.0306573275862069 4.57490780443883
0.0307650862068966 4.66428664861886
0.0308728448275862 4.75271726851687
0.0309806034482759 4.84011271975458
0.0310883620689655 4.92638844631996
0.0311961206896552 5.01146250118271
0.0313038793103448 5.09525575563648
0.0314116379310345 5.177692096481
0.0315193965517241 5.25869861023219
0.0316271551724138 5.33820575365883
0.0317349137931034 5.41614750998439
0.0318426724137931 5.49246153020907
0.0319504310344828 5.56708925909157
0.0320581896551724 5.63997604540312
0.0321659482758621 5.71107123619464
0.0322737068965517 5.78032825486834
0.0323814655172414 5.84770466295257
0.032489224137931 5.91316220561403
0.0325969827586207 5.97666684094369
0.0327047413793103 6.03818875320989
0.0328125 6.09770235035732
0.0329202586206897 6.15518624605142
0.0330280172413793 6.21062322670878
0.033135775862069 6.26400020401139
0.0332435344827586 6.31530815343841
0.0333512931034483 6.36454203945422
0.0334590517241379 6.41170072803765
0.0335668103448276 6.45678688726466
0.0336745689655172 6.49980687673756
0.0337823275862069 6.54077062667335
0.0338900862068966 6.57969150750192
0.0339978448275862 6.61658619084874
0.0341056034482759 6.65147450279419
0.0342133620689655 6.68437927034165
0.0343211206896552 6.71532616199512
0.0344288793103448 6.74434352335885
0.0345366379310345 6.7714622087152
0.0346443965517241 6.79671540943364
0.0347521551724138 6.82013848015203
0.0348599137931035 6.84176876357151
0.0349676724137931 6.86164541471507
0.0350754310344828 6.87980922548212
0.0351831896551724 6.89630245025039
0.0352909482758621 6.91116863331302
0.0353987068965517 6.92445243881097
0.0355064655172414 6.93619948385752
0.035614224137931 6.94645617545187
0.0357219827586207 6.95526955175045
0.0358297413793103 6.96268712822459
0.0359375 6.96875674917096
0.0360452586206897 6.97352644498299
0.0361530172413793 6.97704429556063
0.036260775862069 6.97935830018095
0.0363685344827586 6.9805162540747
0.0364762931034483 6.98056563194596
0.0365840517241379 6.97955347859281
0.0366918103448276 6.97752630675691
0.0367995689655172 6.97453000226043
0.0369073275862069 6.97060973648906
0.0370150862068966 6.96580988619414
0.0371228448275862 6.96017396056294
0.0372306034482759 6.9537445354951
0.0373383620689655 6.94656319494155
0.0374461206896552 6.93867047916366
0.0375538793103448 6.93010583975776
0.0376616379310345 6.92090760120281
0.0377693965517241 6.91111292873913
0.0378771551724138 6.90075780230749
0.0379849137931035 6.88987699630842
0.0380926724137931 6.87850406488465
0.0382004310344828 6.8666713324449
0.0383081896551724 6.85440988913497
0.0384159482758621 6.84174959093706
0.0385237068965517 6.82871906410764
0.0386314655172414 6.81534571362244
0.038739224137931 6.80165573532288
0.0388469827586207 6.7876741314655
0.0389547413793103 6.77342472934237
0.0390625 6.75893020269808
0.0391702586206897 6.74421209563201
0.0392780172413793 6.72929084870067
0.039385775862069 6.71418582695368
0.0394935344827586 6.69891534962396
0.0396012931034483 6.68349672122557
0.0397090517241379 6.66794626380508
0.0398168103448276 6.65227935013428
0.0399245689655172 6.63651043760476
0.0400323275862069 6.62065310263421
0.0401400862068966 6.60472007538637
0.0402478448275862 6.58872327463217
0.0403556034482759 6.57267384258681
0.0404633620689655 6.55658217956769
0.0405711206896552 6.54045797834707
0.0406788793103448 6.52431025805898
0.0407866379310345 6.50814739757018
0.0408943965517241 6.49197716820036
0.0410021551724138 6.47580676571338
0.0411099137931035 6.45964284149852
0.0412176724137931 6.44349153288137
0.0413254310344828 6.4273584925103
0.0414331896551724 6.41124891676915
0.0415409482758621 6.39516757319071
0.0416487068965517 6.37911882682927
0.0417564655172414 6.36310666558915
0.041864224137931 6.34713472448334
0.0419719827586207 6.33120630883333
0.0420797413793104 6.31532441639038
0.0421875 6.29949175840549
0.0422952586206897 6.28371077964215
0.0424030172413793 6.26798367736367
0.042510775862069 6.25231241929959
0.0426185344827586 6.23669876062382
0.0427262931034483 6.22114425996826
0.0428340517241379 6.20565029449731
0.0429418103448276 6.1902180740777
0.0430495689655172 6.17484865457114
0.0431573275862069 6.15954295028744
0.0432650862068965 6.14430174562924
0.0433728448275862 6.12912570596253
0.0434806034482759 6.11401538775029
0.0435883620689655 6.0989712479827
0.0436961206896552 6.08399365294084
0.0438038793103448 6.06908288632405
0.0439116379310345 6.05423915678336
0.0440193965517241 6.03946260488336
0.0441271551724138 6.02475330953719
0.0442349137931034 6.01011129393577
0.0443426724137931 5.99553653101064
0.0444504310344828 5.98102894845317
0.0445581896551724 5.96658843332711
0.0446659482758621 5.95221483629147
0.0447737068965517 5.93790797547054
0.0448814655172414 5.92366763998757
0.044989224137931 5.90949359319193
0.0450969827586207 5.89538557560042
0.0452047413793103 5.88134330757297
0.0453125 5.86736649174333
0.0454202586206897 5.85345481522469
0.0455280172413793 5.83960795161078
0.045635775862069 5.82582556278108
0.0457435344827586 5.81210730053543
0.0458512931034483 5.79845280806575
0.0459590517241379 5.78486172128192
0.0460668103448276 5.7713336700039
0.0461745689655172 5.75786827903089
0.0462823275862069 5.7444651691
0.0463900862068966 5.73112395774299
0.0464978448275862 5.71784426005111
0.0466056034482759 5.70462568935753
0.0467133620689655 5.69146785784245
0.0468211206896552 5.67837037707131
0.0469288793103448 5.66533285847243
0.0470366379310345 5.65235491375627
0.0471443965517241 5.63943615528696
0.0472521551724138 5.62657619640823
0.0473599137931034 5.61377465172826
0.0474676724137931 5.60103113737039
0.0475754310344828 5.58834527118946
0.0476831896551724 5.5757166729595
0.0477909482758621 5.56314496453716
0.0478987068965517 5.55062977000076
0.0480064655172414 5.53817071576918
0.048114224137931 5.52576743070221
0.0482219827586207 5.51341954618573
0.0483297413793103 5.50112669620315
0.0484375 5.48888851739137
0.0485452586206897 5.47670464908925
0.0486530172413793 5.46457473337364
0.048760775862069 5.45249841508815
0.0488685344827586 5.44047534186418
0.0489762931034483 5.42850516413489
0.0490840517241379 5.41658753514373
0.0491918103448276 5.40472211094818
0.0492995689655172 5.3929085504187
0.0494073275862069 5.38114651523393
0.0495150862068966 5.36943566987296
0.0496228448275862 5.35777568160457
0.0497306034482759 5.3461662204739
0.0498383620689655 5.33460695928739
0.0499461206896552 5.32309757359566
