0.00116563101030039 -0
0.00281408219378986 -1.17362869339415e-13
0.00366738331620759 4.57842701266457e-13
0.00435019415331891 1.80634123301633e-12
0.00493769219631422 5.93289439848032e-12
0.00546163137931424 1.71606352620504e-11
0.00593917097732061 4.36108615221943e-11
0.00638087214069874 1.02696456521551e-10
0.00679379539788011 2.25460524115291e-10
0.00718294193477361 4.6716694491818e-10
0.00755200960904172 9.23976922319028e-10
0.00790382497060553 1.75337908778433e-09
0.0082406066413452 3.20761188574829e-09
0.00856413425585219 5.68346461725274e-09
0.00887586137065958 9.79030591739568e-09
0.00917699353191791 1.64362955267999e-08
0.00946854381716552 2.69641628102449e-08
0.00975137332643235 4.33140066121419e-08
0.010026221329825 6.82491955547288e-08
0.0102937281307835 1.05648331659703e-07
0.0105544526885163 1.60882895420329e-07
0.0108088863979413 2.41296501296521e-07
0.0110574640046013 3.56816522247778e-07
0.0113005723509511 5.20708382258622e-07
0.0115385574587036 7.50521170271638e-07
0.0117717303186725 1.06924498031576e-06
0.0120003716653249 1.50671902489649e-06
0.012224735945594 2.10133613996702e-06
0.0124450546422139 2.9020879257866e-06
0.0126615390754649 3.97099953199214e-06
0.0128743827800507 5.38600805724472e-06
0.0130837635333179 7.24434621896351e-06
0.0132898450953759 9.66649488517388e-06
0.0134927787096195 1.28007581527441e-05
0.0136927044027936 1.68285540805878e-05
0.0138897521163945 2.19704734558883e-05
0.0140840426954112 2.849318256752e-05
0.0142756887557995 3.67172555095208e-05
0.0144647954483877 4.70260110928383e-05
0.0146514611339419 5.9875421458395e-05
0.0148357779817026 7.58051669733864e-05
0.0150178325017378 9.54509423950498e-05
0.0151977060198449 0.000119558017547572
0.0153754751024034 0.000148996189245331
0.0155512119374789 0.000184776138110744
0.0157249846775613 0.000228067254170723
0.015896857748557 0.000280216966663111
0.0160668921290085 0.000342771625736629
0.0162351456029752 0.000417498949091184
0.0164016729895501 0.000506412024961648
0.0165665263515977 0.000611794894508304
0.0167297551859683 0.000736229672678502
0.0168914065971578 0.000882625176359307
0.0170515254561423 0.00105424700879319
0.017210154545904 0.0012547490153295
0.017367334694988 0.00148820602288591
0.0175231049002718 0.00175914777341297
0.017677502439992 0.00207259388756428
0.0178305629779594 0.00243408971237419
0.0179823206597853 0.00284974292240019
0.0181328082018581 0.00332626061589432
0.018282056973723 0.00387098675986632
0.018430097074457 0.00449193971357942
0.0185769574035626 0.00519784960855108
0.0187226657268545 0.0059981953051664
0.0188672487377664 0.00690324066134316
0.0190107321144578 0.00792406981184268
0.0191531405730707 0.00907262117526548
0.0192944979174464 0.0103617198508984
0.0194348270855872 0.0118051080988726
0.0195741501931187 0.0134174735812724
0.0197124885739868 0.0152144750392662
0.0198498628186016 0.017212765068123
0.0199862928096203 0.0194300096811065
0.0201217977555461 0.0218849043225801
0.0202563962223039 0.0245971860487306
0.0203901061629391 0.0275876415566908
0.020522944945575 0.0308781107785626
0.0206549293797511 0.0344914857868941
0.0207860757412556 0.0384517047507569
0.0209163997955573 0.0427837407207425
0.0210459168199298 0.0475135850409968
0.0211746416243589 0.0526682252190523
0.0213025885713114 0.0582756171031681
0.0214297715944425 0.0643646512657531
0.0215562042163088 0.0709651134957257
0.0216818995651517 0.0781076393674831
0.0218068703908104 0.0858236628684592
0.0219311290798177 0.0941453591404219
0.0220546876697313 0.103105581332212
0.0221775578627451 0.112737791767587
0.0222997510386268 0.123075987469168
0.0224212782670193 0.134154620290308
0.0225421503191465 0.146008511820254
0.0226623776789559 0.158672763369503
0.022781970553733 0.172182661256727
0.0229009388842157 0.186573577795954
0.0230192923542388 0.201880868278042
0.0231370403999341 0.218139764365834
0.0232541922185118 0.235385264298512
0.0233707567766443 0.253652020379326
0.0234867428184772 0.272974224165328
0.0236021588732844 0.293385489888054
0.0237170132627887 0.31491873657788
0.023831314108165 0.337606069436671
0.0239450693367417 0.361478660959882
0.0240582866884177 0.386566632388039
0.0241709737218086 0.412898935966345
0.0242831378201359 0.44050323865765
0.0243947861968728 0.469405807743095
0.0245059259011585 0.499631398937698
0.0246165638229921 0.531203147493481
0.0247267066982176 0.564142462856583
0.02483636111331 0.598468927337481
0.0249455335099716 0.634200199331183
0.0250542301895486 0.671351921513294
0.0251624573172755 0.709937634483061
0.025270220926356 0.749968696247712
0.0253775269218881 0.791454207981581
0.0254843810846402 0.834400946355933
0.0255907890746855 0.87881330283529
0.0256967564349009 0.924693230183681
0.0258022885943359 0.972040196462751
0.0259073908714596 1.02085114674364
0.0260120684772873 1.07112047271325
0.0261163265183969 1.12283999030759
0.0262201699998348 1.17599892551235
0.0263236038279209 1.23058390836596
0.0264266328129527 1.28657897521834
0.0265292616718169 1.3439655792082
0.0266314950305084 1.40272260894495
0.0267333374265646 1.46282641528953
0.0268347933114147 1.52425084611437
0.0269358670526506 1.58696728888025
0.027036562936221 1.65094472085166
0.0271368851685521 1.71614976672327
0.0272368378785981 1.78254676338294
0.0273364251198242 1.85009783156451
0.0274356508721249 1.91876295403047
0.02753451904368 1.98850005999106
0.0276330334727507 2.05926511537443
0.0277311979294186 2.13101221857775
0.0278290161172689 2.20369370129042
0.0279264916750215 2.27726023398767
0.0280236281781101 2.3516609356482
0.0281204291402125 2.42684348728185
0.028216898014734 2.50275424877468
0.0283130381962446 2.57933837865062
0.0284088530218734 2.65653995624353
0.0285043457726596 2.73430210583762
0.0285995196748642 2.81256712232382
0.0286943779012414 2.89127659789192
0.0287889235722731 2.97037154931331
0.0288831597573663 3.04979254538825
0.0289770894760165 3.12947983408022
0.0290707156989362 3.20937346894321
0.029164041349151 3.28941343441653
0.0292570693030653 3.36953976957387
0.0293498023914958 3.44969268995675
0.0294422434006771 3.52981270712821
0.0295343950732388 3.6098407455711
0.0296262601091542 3.68971825662164
0.0297178411666644 3.76938732911046
0.0298091408631747 3.84879079644421
0.0299001617761285 3.92787233983642
0.0299909064438556 4.00657658743885
0.0300813773663984 4.084849209159
0.0301715770063158 4.16263700697392
0.0302615077894651 4.23988800052199
0.0303511721057633 4.31655150786317
0.0304405723099281 4.39257822123884
0.0305297107221996 4.46792027774074
0.0306185896290429 4.54253132478193
0.0307072112838323 4.61636658034106
0.0307955779075182 4.6893828878778
0.0308836916892762 4.76153876594435
0.0309715547871403 4.83279445248467
0.0310591693286191 4.90311194379421
0.0311465374112975 4.97245502823341
0.0312336611034221 5.04078931471154
0.0313205424444728 5.10808225601291
0.0314071834457198 5.1743031670738
0.0314935860907668 5.23942323828291
0.0315797523360811 5.30341554392916
0.0316656841115102 5.36625504595166
0.0317513833207862 5.42791859308494
0.0318368518420183 5.48838491558724
0.0319220915281723 5.5476346157007
0.0320071042075402 5.60565015401914
0.032091891684197 5.66241583192295
0.0321764557384478 5.7179177702897
0.032260798127264 5.77214388466352
0.032344920584709 5.82508385706822
0.0324288248223542 5.87672910467031
0.0325125125296858 5.92707274550315
0.0325959853745011 5.97610956143692
0.0326792450032964 6.02383595862246
0.0327622930416465 6.07024992557866
0.0328451310945744 6.11535098917519
0.0329277607469135 6.15914016867552
0.0330101835636613 6.20161992805498
0.0330924010903253 6.24279412678923
0.0331744148532611 6.28266796932224
0.0332562263600032 6.32124795336807
0.0333378370995877 6.35854181729016
0.0334192485428696 6.39455848666889
0.033500462142831 6.42930802030219
0.0335814793348843 6.46280155576016
0.033662301537168 6.49505125467264
0.0337429301508366 6.52607024792388
0.0338233665603435 6.55587258086753
0.033903612133719 6.58447315875413
0.0339836682228411 6.61188769244472
0.0340635361637019 6.63813264461807
0.0341432172766671 6.66322517651481
0.0342227128667313 6.68718309537289
0.0343020242237669 6.71002480268659
0.0343811526227685 6.73176924330655
0.0344600993240919 6.752435855562
0.0345388655736887 6.77204452243608
0.0346174526033351 6.79061552388043
0.0346958616308573 6.80816949034147
0.0347740938603514 6.82472735757299
0.034852150482399 6.84031032276323
0.0349300326742788 6.85493980205106
0.0350077416001739 6.86863738945097
0.0350852784113745 6.88142481725299
0.0351626442464772 6.89332391787727
0.0352398402315797 6.9043565872701
0.0353168674804727 6.91454474980109
0.0353937270948268 6.92391032470816
0.0354704201643765 6.93247519408853
0.0355469477671007 6.94026117243273
0.035623310969399 6.94728997771148
0.0356995108262656 6.95358320398669
0.0357755483814592 6.95916229556784
0.0358514246676696 6.96404852266664
0.0359271407066814 6.96826295855239
0.0360026975095349 6.97182645817724
0.0360780960766831 6.9747596382521
0.0361533373981467 6.97708285874489
0.0362284224536655 6.97881620575538
0.0363033522128472 6.97997947577397
0.0363781276353139 6.98059216123545
0.0364527496708448 6.98067343738422
0.0365272192595178 6.98024215037546
0.0366015373318469 6.97931680659235
0.0366757048089184 6.97791556313661
0.0367497226025238 6.97605621943773
0.0368235916152907 6.97375620996817
0.0368973127408112 6.97103259798892
0.0369708868637679 6.96790207029678
0.037044314860058 6.96438093294192
0.0371175975969149 6.96048510785243
0.0371907359330276 6.95623013032723
0.0372637307186581 6.95163114737322
0.0373365827957569 6.94670291681514
0.037409292998076 6.94145980715279
0.0374818621512805 6.93591579812092
0.0375542910730579 6.93008448190983
0.0376265805732257 6.92397906501122
0.0376987314538368 6.91761237063856
0.0377707445092836 6.91099684168546
0.0378426205263997 6.90414454419913
0.0379143602845605 6.89706717131023
0.037985964555782 6.88977604760261
0.038057434104817 6.88228213387198
0.0381287696892511 6.87459603224886
0.0381999720595963 6.86672799165494
0.0382710419593825 6.85868791355033
0.038341980125249 6.85048535795822
0.0384127872870329 6.84212954972317
0.0384834641678571 6.83362938497881
0.0385540114842162 6.8249934378083
0.0386244299460613 6.81622996705301
0.0386947202568835 6.80734692326833
0.0387648831137959 6.79835195578799
0.0388349192076141 6.78925241986966
0.0389048292229354 6.78005538392438
0.0389746138382176 6.7707676367911
0.0390442737258548 6.76139569503695
0.0391138095522539 6.75194581028628
0.0391832219779084 6.74242397653606
0.039252511657472 6.73283593746313
0.03932167923983 6.72318719369274
0.0393907253681712 6.71348301003576
0.0394596506800567 6.70372842266721
0.0395284558074892 6.69392824622123
0.0395971413769803 6.68408708084121
0.0396657080096172 6.67420931911801
0.0397341563211282 6.66429915294151
0.0398024869219473 6.65436058025446
0.0398707004172775 6.64439741169698
0.0399387974071535 6.6344132771277
0.0400067784865033 6.62441163202423
0.0400746442452087 6.61439576377875
0.040142395268165 6.60436879783184
0.0402100321353403 6.59433370369891
0.0402775554218326 6.5842933008448
0.0403449656979276 6.57425026442736
0.0404122635291544 6.56420713089886
0.0404794494763411 6.55416630345608
0.0405465240956694 6.54413005736252
0.040613487938728 6.53410054510989
0.0406803415525657 6.52407980144778
0.0407470854797437 6.51406974826161
0.0408137202583868 6.50407219930829
0.040880246422234 6.49408886480712
0.0409466645006883 6.48412135588862
0.0410129750188662 6.47417118890325
0.0410791784976457 6.46423978958854
0.0411452754537145 6.45432849710195
0.0412112663996167 6.44443856791123
0.041277151843799 6.43457117955538
0.0413429322906572 6.42472743426937
0.0414086082405801 6.41490836248273
0.0414741801899952 6.40511492619416
0.0415396486314113 6.39534802220925
0.0416050140534624 6.38560848527158
0.04167027694095 6.37589709106303
0.0417354377748851 6.36621455909492
0.0418004970325296 6.35656155547994
0.0418654551874367 6.34693869559964
0.0419303127094919 6.33734654665701
0.0419950700649518 6.32778563013584
0.042059727716484 6.31825642414287
0.0421242861232049 6.3087593656634
0.0421887457407182 6.29929485271924
0.0422531070211525 6.28986324642892
0.042317370413198 6.28046487298307
0.042381536362143 6.27110002553068
0.0424456053099101 6.26176896598357
0.0425095776950918 6.25247192673702
0.0425734539529851 6.24320911231163
0.0426372345156264 6.23398070092512
0.0427009198118256 6.22478684598499
0.0427645102671993 6.21562767751338
0.0428280063042048 6.2065033035093
0.042891408342172 6.19741381123531
0.0429547167973363 6.18835926845169
0.0430179320828702 6.17933972458892
0.0430810546089146 6.17035521185583
0.0431440847826105 6.16140574630113
0.0432070230081288 6.15249132881629
0.0432698696867011 6.14361194609212
0.0433326252166494 6.1347675715226
0.0433952899934156 6.12595816606383
0.0434578644095904 6.11718367904944
0.0435203488549421 6.10844404896318
0.0435827437164451 6.09973920416741
0.0436450493783073 6.09106906359897
0.0437072662219986 6.08243353742181
0.0437693946262773 6.07383252764833
0.0438314349672175 6.0652659287254
0.0438933876182354 6.05673362808712
0.0439552529501157 6.0482355066809
0.0440170313310374 6.03977143945823
0.0440787231265994 6.03134129584224
0.0441403286998457 6.02294494016637
0.0442018484112903 6.01458223209306
0.044263282618942 6.00625302699776
0.0443246316783285 5.99795717634192
0.0443858959425203 5.98969452801985
0.044447075762155 5.98146492667891
0.0445081714854599 5.97326821403286
0.0445691834582757 5.96510422914521
0.0446301120240791 5.95697280869992
0.0446909575240056 5.94887378725819
0.0447517202968712 5.94080699749478
0.0448124006791954 5.93277227042028
0.0448729990052218 5.92476943559356
0.0449335156069405 5.91679832131409
0.0449939508141088 5.90885875480925
0.0450543049542724 5.9009505624017
0.0451145783527861 5.89307356967599
0.045174771332834 5.88522760161973
0.04523488421545 5.87741248277108
0.0452949173195378 5.8696280373443
0.0453548709618906 5.86187408935382
0.0454147454572101 5.8541504627255
0.0454745411181268 5.8464569814045
0.045534258255218 5.83879346944892
0.0455938971770272 5.83115975112188
0.0456534581900828 5.82355565097965
0.045712941598916 5.81598099394425
0.0457723477060793 5.80843560537657
0.0458316768121642 5.8009193111453
0.0458909292158196 5.79343193768592
0.0459501052137683 5.78597331205823
0.0460092051008252 5.77854326199877
0.0460682291699141 5.77114161596612
0.0461271777120848 5.76376820318985
0.0461860510165293 5.75642285370509
0.0462448493705993 5.74910539839142
0.0463035730598215 5.7418156690072
0.0463622223679148 5.73455349821658
0.0464207975768055 5.72731871962034
0.0464792989666434 5.72011116777865
0.0465377268158176 5.71293067823237
0.0465960814009718 5.70577708752528
0.0466543629970194 5.69865023321921
0.0467125718771589 5.69154995391101
0.0467707083128889 5.68447608924595
0.0468287725740223 5.67742847992849
0.0468867649287018 5.67040696773529
0.0469446856434134 5.66341139551936
0.0470025349830016 5.65644160722159
0.0470603132106826 5.64949744787494
0.0471180205880593 5.6425787636088
0.047175657375134 5.63568540165339
0.0472332238303231 5.62881721034159
0.0472907202104699 5.62197403911077
0.0473481467708584 5.61515573850394
0.0474055037652261 5.6083621601675
0.0474627914457775 5.60159315685357
0.0475200100631969 5.59484858241543
0.0475771598666612 5.58812829180576
0.0476342411038523 5.58143214107548
0.0476912540209701 5.57475998736766
0.0477481988627444 5.56811168891524
0.0478050758724476 5.56148710503641
0.0478618852919066 5.5548860961285
0.0479186273615147 5.54830852366398
0.0479753023202437 5.54175425018461
0.0480319104056554 5.53522313929513
0.0480884518539135 5.52871505565734
0.0481449268997948 5.52222986498243
0.0482013357767008 5.51576743402646
0.0482576787166689 5.50932763058198
0.0483139559503833 5.50291032347043
0.0483701677071865 5.49651538253583
0.0484263142150897 5.49014267863747
0.048482395700784 5.48379208364083
0.0485384123896507 5.47746347041208
0.0485943645057723 5.47115671280833
0.0486502522719424 5.46487168567112
0.0487060759096767 5.45860826481719
0.0487618356392228 5.4523663270323
0.0488175316795703 5.44614575006118
0.0488731642484612 5.43994641260086
0.0489287335623995 5.43376819429216
0.0489842398366612 5.42761097571121
0.0490396832853039 5.42147463836208
0.0490950641211767 5.41535906466806
0.0491503825559292 5.40926413796408
0.0492056388000217 5.40318974248773
0.0492608330627338 5.39713576337209
0.049315965552174 5.39110208663719
0.0493710364752891 5.38508859918226
0.0494260460378727 5.37909518877749
0.0494809944445745 5.37312174405621
0.0495358818989092 5.36716815450705
0.0495907086032653 5.36123431046592
0.0496454747589136 5.35532010310838
0.0497001805660161 5.34942542444159
0.0497548262236342 5.34355016729692
0.0498094119297376 5.33769422532206
0.0498639378812123 5.33185749297359
0.0499184042738689 5.32603986550935
0.049972811302451 5.32024123898089
