0 975.916182738582
0.00229415733870562 975.916182738582
0.00324442842261525 975.916182738582
0.00397359707119513 975.916182738582
0.00458831467741124 975.916182738581
0.00512989176042577 975.916182738578
0.00561951486949016 975.916182738571
0.00606976978666884 975.916182738555
0.0064888568452305 975.916182738519
0.00688247201611685 975.916182738445
0.00725476250110012 975.916182738302
0.00760885910252682 975.916182738034
0.00794719414239026 975.916182737551
0.00827170191868511 975.916182736706
0.00858395075278952 975.916182735272
0.00888523316638639 975.916182732896
0.00917662935482247 975.916182729048
0.00945905302926917 975.916182722944
0.00973328526784575 975.916182713443
0.01 975.916182698907
0.0102597835208515 975.916182677023
0.0105131496607569 975.916182644559
0.0107605517369794 975.916182597058
0.0110023920844036 975.916182528443
0.0112390297389803 975.916182430515
0.0114707866935281 975.916182292317
0.011697953037312 975.916182099351
0.0119207912135854 975.916181832595
0.0121395395733377 975.916181467307
0.0123544153624268 975.916180971554
0.0125656172487509 975.916180304438
0.0127733274731701 975.916179413952
0.012977713690461 975.91617823442
0.0131789305532094 975.916176683445
0.0133771210811988 975.916174658301
0.0135724178507659 975.916172031689
0.0137649440322337 975.916168646763
0.0139548142984872 975.91616431135
0.014142135623731 975.916158791241
0.0143270079882276 975.916151802463
0.0145095250022002 975.916143002403
0.0146897744599504 975.916131979677
0.0148678388335006 975.916118242587
0.0150437957136384 975.916101206065
0.0152177182050536 975.916080176928
0.0153896752812773 975.916054337327
0.01555973210431 975.91602272621
0.015727950313141 975.915984218665
0.0158943882847805 975.915937502971
0.0160591013709393 975.915881055212
0.0162221421130763 975.915813111272
0.0163835604381825 975.915731636079
0.0165434038373702 975.915634289919
0.0167017175290762 975.915518391681
0.0168585446084705 975.915380878883
0.017013926184468 975.91521826434
0.017167901505579 975.915026589345
0.0173205080756888 975.914801373239
0.0174717817607346 975.914537559276
0.0176217568871402 975.91422945668
0.0177704663327728 975.913870678825
0.0179179416111044 975.913454077477
0.01806421294919 975.912971673067
0.0182093093600065 975.912414580982
0.0183532587096449 975.911772933868
0.0184960877797953 975.911035799996
0.0186378223259219 975.910191097742
0.0187784871314856 975.90922550627
0.0189181060585383 975.908124372528
0.0190567020949807 975.906871614717
0.0191942973987479 975.905449622388
0.0193309133391652 975.903839153395
0.0194665705356915 975.90201922792
0.0196012888942485 975.899967019862
0.0197350876413186 975.897657745865
0.0198679853559757 975.895064552337
0.02 975.892158400806
0.0201311489462161 975.888907952011
0.0202614490051791 975.885279449141
0.0203909164503269 975.881236600672
0.0205195670417031 975.876740463263
0.0206474160483506 975.871749325215
0.0207744782694637 975.866218590999
0.020900768054384 975.860100667388
0.0210262993215139 975.853344851746
0.0211510855762212 975.845897223036
0.0212751399277976 975.837700536115
0.0213984751055328 975.828694119916
0.0215211034739588 975.81881378008
0.021643037047318 975.807991706649
0.0217642875033004 975.796156387397
0.0218848661960966 975.783232527381
0.0220047841688072 975.769140975293
0.022124052165246 975.753798657168
0.0222426806411741 975.737118517996
0.0223606797749979 975.719009471773
0.0224780594779607 975.699376360493
0.0225948294038586 975.678119922551
0.0227109989583068 975.655136771043
0.0228265773075805 975.630319382332
0.0229415733870562 975.603556095329
0.0230559959092732 975.574731121779
0.023169853371637 975.543724567911
0.0232831540637839 975.510412467688
0.0233959060746241 975.474666827904
0.0235081172990814 975.43635568529
0.0236197954445441 975.395343175778
0.0237309480370431 975.351489615986
0.0238415824271708 975.304651596981
0.0239517057957532 975.254682090291
0.0240613251592894 975.201430566087
0.0241704473751685 975.144743123452
0.0242790791466754 975.084462632523
0.024387227027796 975.020428888322
0.0244948974278318 974.95247877599
0.0246020966158321 974.880446447106
0.0247088307248537 974.804163506721
0.0248151057560553 974.72345921071
0.0249209275826352 974.638160672963
0.0250263019536184 974.548093081927
0.0251312344975017 974.453079925956
0.0252357307257618 974.352943226892
0.0253397960362331 974.247503781249
0.0254434357163617 974.136581408373
0.0255466549463402 974.019995204884
0.0256494588021288 973.897563804701
0.0257518522583686 973.769105643923
0.0258538401911898 973.634439229811
0.025955427380922 973.493383413116
0.0260566185147086 973.345757662961
0.0261574181890298 973.19138234349
0.0262578309121398 973.030078991491
0.0263578611064188 972.861670594193
0.0264575131106459 972.685981866424
0.0265567911821955 972.502839526345
0.0266556994991592 972.312072568969
0.0267542421623975 972.113512536674
0.0268524231975244 971.906993785951
0.0269502465568255 971.69235374963
0.0270477161211149 971.469433193859
0.0271448357015318 971.238076469113
0.027241609041279 970.998131754559
0.0273380398173064 970.74945129511
0.0274341316419414 970.491891630539
0.0275298880644674 970.225313816059
0.0276253125726541 969.949583633797
0.0277204085942394 969.664571794641
0.0278151794983659 969.370154129958
0.0279096285969744 969.066211772736
0.0280037591461537 968.752631327725
0.0280975743474508 968.42930503022
0.0281910773491412 968.096130893124
0.0282842712474619 967.753012842036
0.0283771590878075 967.39986083807
0.0284697438658916 967.036590988242
0.028562028528874 966.663125643229
0.0286540159764552 966.279393482381
0.0287457090619397 965.885329585922
0.0288371105932689 965.48087549428
0.0289282233340238 965.065979254557
0.0290190500044005 964.64059545417
0.0291095932821575 964.20468524176
0.0291998558035373 963.758216335457
0.0292898401641611 963.301163018684
0.0293795489199008 962.83350612366
0.0294689845877251 962.355233002847
0.0295581496465242 961.866337488568
0.0296470465379109 961.366819841106
0.0297356776670011 960.856686685567
0.029824045403173 960.335950937872
0.0299121520808059 959.804631720216
0.03 959.262754266396
0.0300875914272767 958.710349817401
0.0301749285962614 958.147455507699
0.0302620137083475 957.574114242659
0.0303488489333442 956.99037456756
0.0304354364101073 956.39629052866
0.0305217782471536 955.791921526804
0.0306078765232604 955.177332164063
0.0306937332880491 954.552592083897
0.0307793505625546 953.917775805341
0.0308647303397805 953.272962551723
0.0309498745852403 952.618236074422
0.0310347852374854 951.953684472161
0.03111946420862 951.279400006356
0.0312039133848035 950.595478913005
0.0312881346267407 949.902021211623
0.0313721297701605 949.199130511712
0.031455900626282 948.486913817242
0.0315394489822708 947.765481329618
0.0316227766016838 947.034946249597
0.0317058852249032 946.295424578609
0.031788776569561 945.547034919905
0.031871452330953 944.789898279983
0.0319539141824432 944.024137870667
0.0320361637758594 943.249878912277
0.0321182027418786 942.467248438229
0.0322000326904051 941.676375101457
0.0322816552109382 940.877388982989
0.0323630718729331 940.07042140301
0.0324442842261525 939.255604734727
0.0325252938010113 938.43307222132
0.0326061021089127 937.602957796265
0.0326867106425773 936.765395907275
0.032767120876365 935.920521344108
0.0328473342665893 935.068469070455
0.0329273522518254 934.209374060106
0.0330071762532109 933.343371137594
0.0330868076747404 932.470594823455
0.033166247903554 931.591179184282
0.0332454983102184 930.705257687676
0.0333245602490036 929.812963062228
0.0334034350581525 928.914427162612
0.0334821240601451 928.009780839878
0.0335606285619576 927.099153817006
0.0336389498553154 926.182674569764
0.033717089216941 925.260470212917
0.0337950479087972 924.332666391789
0.0338728271783244 923.399387179194
0.033950428258674 922.460754977726
0.034027852368936 921.516890427382
0.034105100714363 920.567912318494
0.0341821744865885 919.613937509919
0.0342590748638418 918.655080852432
0.0343358030111581 917.691455117262
0.0344123600805843 916.723170929694
0.0344887472113808 915.750336707649
0.0345649655302195 914.773058605159
0.0346410161513775 913.791440460629
0.0347169001769273 912.805583749791
0.034792618696923 911.815587543222
0.0348681727895829 910.821548468324
0.0349435635214691 909.823560675631
0.0350187919476627 908.821715809322
0.0350938591119361 907.816102981803
0.0351687660469223 906.806808752226
0.0352435137742804 905.793917108803
0.0353181033048581 904.777509454785
0.0353925356388514 903.75766459794
0.0354668117659609 902.73445874342
0.0355409326655455 901.70796548983
0.035614899306773 900.678255828398
0.0356887126487678 899.645398145056
0.0357623736407562 898.609458225325
0.0358358832222088 897.570499261829
0.0359092423229804 896.52858186431
0.0359824518634468 895.483764071994
0.0360555127546399 894.436101368171
0.03612842589838 893.385646696843
0.0362011921874056 892.332450481304
0.0362738125055006 891.276560644523
0.0363462877276201 890.218022631182
0.036418618720013 889.156879431253
0.0364908063403431 888.093171604981
0.0365628514378072 887.026937309144
0.0366347548532523 885.958212324473
0.0367065174192899 884.887030084113
0.0367781399604081 883.81342170301
0.0368496232930827 882.737416008113
0.0369209682258854 881.659039569278
0.0369921755595907 880.578316730777
0.0370632460872805 879.495269643308
0.0371341805944477 878.409918296403
0.0372049798590967 877.322280551159
0.0372756446518437 876.232372173173
0.0373461757360143 875.140206865623
0.0374165738677394 874.045796302397
0.0374868397960503 872.949150161195
0.0375569742629711 871.850276156529
0.0376269780036108 870.749180072547
0.0376968517462526 869.645865795621
0.0377665962124426 868.540335346619
0.0378362121170767 867.432588912818
0.037905700168486 866.32262487938
0.0379750610685209 865.210439860359
0.0380442955126341 864.096028729163
0.0381134041899614 862.97938464844
0.0381823877834023 861.860499099336
0.0382512469696982 860.739361910076
0.0383199824195103 859.615961283843
0.0383885947974957 858.490283825899
0.0384570847623823 857.362314569925
0.0385254529670423 856.232037003547
0.0385937000585656 855.099433093004
0.0386618266783304 853.964483306956
0.0387298334620742 852.827166639371
0.0387977210399623 851.687460631504
0.0388654900366569 850.545341392909
0.038933141071383 849.400783621498
0.0390006747579955 848.253760622601
0.0390680917050434 847.10424432702
0.0391353925158343 845.952205308068
0.039202577788497 844.797612797565
0.0392696481160437 843.640434700783
0.0393366040864311 842.480637610332
0.0394034462826206 841.318186818971
0.0394701752826372 840.153046331329
0.0395367916596282 838.985178874535
0.0396032959819202 837.814545907746
0.0396696888130764 836.641107630555
0.0397359707119513 835.464822990285
0.0398021422327466 834.285649688152
0.0398682039250645 833.103544184287
0.0399341563339613 831.918461701625
0.04 830.730356228633
0.0400657354593016 829.539180520884
0.0401313632435963 828.344886101465
0.0401968838802737 827.147423260218
0.0402622978924322 825.94674105179
0.0403276057989274 824.742787292501
0.0403928081144208 823.535508556017
0.0404579053494266 822.324850167808
0.0405228980103582 821.110756198399
0.0405877865995749 819.893169455393
0.0406525716154264 818.672031474247
0.0407172535522978 817.447282507815
0.0407818329006537 816.21886151461
0.0408463101470816 814.986706145806
0.0409106857743343 813.750752730935
0.0409749602613725 812.510936262284
0.0410391340834062 811.267190377957
0.0411032077119357 810.019447343607
0.0411671816147919 808.767638032782
0.0412310562561766 807.511691905899
0.0412948320967011 806.251536987797
0.0413585095934256 804.987099843858
0.0414220891998968 803.718305554655
0.0414855713661864 802.445077689112
0.0415489565389275 801.167338276137
0.0416122451613515 799.885007774685
0.0416754376733245 798.598005042238
0.0417385345113828 797.306247301637
0.041801536108768 796.009650106247
0.0418644428954616 794.708127303391
0.0419272552982199 793.401590996024
0.0419899737406067 792.089951502584
0.0420525986430277 790.773117314977
0.0421151304227627 789.450995054627
0.0421775694939983 788.123489426545
0.0422399162678596 786.790503171344
0.0423021711524424 785.45193701513
0.0423643345528437 784.107689617214
0.0424264068711929 782.757657515542
0.0424883885066819 781.401735069787
0.0425502798555952 780.039814402008
0.0426120813113395 778.671785334773
0.0426737932644726 777.297535326677
0.0427354161027325 775.916949405124
0.0427969502110655 774.52991009629
0.0428583959716548 773.13629735213
0.0429197537639476 771.735988474329
0.0429810239646827 770.328858035053
0.0430422069479176 768.914777794374
0.0431033030850549 767.493616614213
0.0431643127448688 766.06524036867
0.0432252362935309 764.629511850554
0.043286074094636 763.186290673958
0.0433468265092273 761.735433172698
0.0434074938958216 760.276792294413
0.0434680766104336 758.810217490127
0.0435285750066007 757.335554599067
0.0435889894354067 755.852645728491
0.043649320245506 754.36132912829
0.0437095677831464 752.861439060108
0.0437697323921932 751.352805660705
0.0438298144141513 749.835254799264
0.0438898141881882 748.308607928342
0.0439497320511561 746.77268192813
0.0440095683376145 745.227288943673
0.0440693233798511 743.672236214678
0.0441289975079044 742.107325897516
0.0441885910495839 740.532354878985
0.044248104330492 738.947114581396
0.0443075376740442 737.351390758501
0.0443668914014897 735.744963281744
0.0444261658319319 734.127605916293
0.0444853612823483 732.499086086271
0.04454447806761 730.85916462857
0.0446035165005017 729.207595534558
0.0446624768917406 727.544125679009
0.0447213595499958 725.868494535447
0.0447801647819069 724.180433877127
0.0448388928921029 722.479667462754
0.0448975441832202 720.765910706025
0.0449561189559213 719.038870327959
0.0450146175089124 717.298243990968
0.0450730401389614 715.54371991349
0.0451313871409151 713.77497646394
0.0451896588077172 711.991681732639
0.0452478554304249 710.193493080278
0.045305977298226 708.380056661362
0.0453640246984558 706.551006920943
0.0454219979166135 704.705966062852
0.0454798972363788 702.844543487442
0.0455377229396279 700.966335196761
0.0455954753064496 699.070923164831
0.0456531546151609 697.157874670579
0.0457107611423232 695.226741590705
0.0457682951627572 693.277059649604
0.0458257569495584 691.308347623128
0.0458831467741124 689.320106492783
0.0459404649061095 687.311818546585
0.0459977116135598 685.282946422499
0.0460548871628077 683.232932090007
0.0461119918185463 681.161195764931
0.0461690258438319 679.067134752209
0.0462259895000979 676.950122210787
0.0462828830471687 674.809505834275
0.046339706743274 672.64460644036
0.046396460845062 670.4547164613
0.0464531456076131 668.23909832707
0.0465097612844534 665.996982731851
0.0465663081275677 663.727566773622
0.0466227863874127 661.43001195554
0.0466791963129299 659.103442036604
0.0467355381515586 656.746940717749
0.0467918121492482 654.359549148015
0.0468480185504709 651.940263233742
0.0469041575982343 649.488030731814
0.0469602295340934 647.001748105815
0.0470162345981627 644.480257121511
0.0470721730291285 641.92234115528
0.0471280450642603 639.326721185939
0.047183850939423 636.692051436834
0.0472395908890882 634.016914630894
0.0472952651463459 631.299816816682
0.0473508739429157 628.539181718016
0.0474064175091583 625.733344553534
0.0474618960740863 622.880545265403
0.0475173098653754 619.978921088037
0.0475726591093754 617.026498378128
0.0476279440311208 614.02118361605
0.0476831648543416 610.960753475729
0.0477383218014736 607.842843844789
0.0477934150936694 604.664937658945
0.0478484449508082 601.424351393569
0.0479034115915063 598.118220030577
0.0479583152331272 594.743480289316
0.0480131560917915 591.296851875242
0.0480679343823871 587.774816458365
0.0481226503185788 584.17359404347
0.048177304112818 580.489116333881
0.0482318959763525 576.716996617771
0.0482864261192358 572.852495617589
0.048340894750337 568.89048263535
0.0483953020773494 564.825391194145
0.0484496483068002 560.651168213074
0.0485039336440599 556.361215550377
0.0485581582933507 551.948322497023
0.0486123224577559 547.404587485895
0.0486664263392288 542.721326880924
0.048720470138601 537.888968200259
0.048774454055592 532.89692447304
0.0488283782888167 527.733445583031
0.048882243035795 522.385441348589
0.0489360484929593 516.838269635616
0.0489897948556636 511.075480869009
0.0490434823181912 505.078507713811
0.0490971110737635 498.826285172304
0.0491506813145475 492.294781494124
0.0492041932316642 485.45641353629
0.0492576470151964 478.279310647302
0.0493110428541967 470.726377405943
0.0493643809366952 462.754085445806
0.0494176614497074 454.310894630894
0.0494708845792415 445.335158211876
0.0495240505103063 435.752295422688
0.0495771594269186 425.470900992562
0.0496302115121107 414.377272915867
0.0496832069479374 402.327518476208
0.049736145915484 389.135827540193
0.0497890285948727 374.556439889024
0.0498418551652704 358.254747022778
0.0498946258048953 339.758595554314
0.0499473406910244 318.370930905743
0.05 293
