0 975.937185585911
0.00224280652008128 975.937185585911
0.00317180739847776 975.937185585911
0.00388465484432753 975.937185585911
0.00448561304016257 975.93718558591
0.0050150678392815 975.937185585909
0.00549373156598634 975.937185585903
0.00593390829096927 975.937185585891
0.00634361479695551 975.937185585864
0.00672841956024385 975.937185585811
0.00709237695453303 975.937185585707
0.00743854770447231 975.937185585516
0.00776930968865506 975.937185585173
0.00808655390909802 975.93718558458
0.00839181358296689 975.937185583581
0.00868635230104022 975.937185581937
0.00897122608032513 975.937185579293
0.00924732818011911 975.937185575127
0.00951542219543327 975.937185568681
0.00977616697094844 975.937185558875
0.010030135678563 975.937185544188
0.010277830647413 975.937185522508
0.010519695048024 975.93718549093
0.0107561222096971 975.937185445509
0.0109874631319727 975.937185380942
0.0112140326004064 975.937185290161
0.0114361142111076 975.937185163841
0.0116539645329826 975.93718498978
0.0118678165819385 975.93718475214
0.0120778827411535 975.937184430523
0.0122843572316818 975.937183998857
0.0124874182152314 975.937183424041
0.012687229593911 975.937182664334
0.0128839425586709 975.937181667438
0.0130776969280394 975.937180368227
0.0132686223108569 975.93717868607
0.0134568391204877 975.937176521703
0.013642459463059 975.937173753582
0.0138255879183392 975.937170233649
0.0140063222287025 975.937165782453
0.0141847539090661 975.937160183534
0.0143609687886049 975.937153177001
0.0145350474933453 975.937144452218
0.0147070658773367 975.937133639495
0.0148770954089446 975.937120300708
0.0150452035178445 975.937103918726
0.0152114539074961 975.937083885562
0.0153759068372047 975.937059489123
0.0155386193773101 975.937029898458
0.015699645640569 975.936994147391
0.0158590369923888 975.93695111642
0.0160168422422297 975.936899512763
0.016173107818196 975.936837848444
0.0163278779265866 975.936764416296
0.016481194697959 975.936677263769
0.0166330983210751 975.936574164425
0.0167836271659338 975.936452587032
0.0169328178969594 975.93630966212
0.0170807055772913 975.936142145935
0.0172273237650143 975.935946381685
0.0173727046020804 975.935718257989
0.0175168788965862 975.935453164474
0.017659876199005 975.935145944445
0.0178017248729078 975.934790844585
0.0179424521606503 975.934381461638
0.0180820842444598 975.933910686071
0.0182206463033083 975.933370642692
0.0183581625659209 975.932752628235
0.0184946563602382 975.93204704595
0.0186301501596154 975.931243337233
0.01876466562602 975.930329910365
0.0188982236504614 975.929294066437
0.0190308443908665 975.928121922584
0.0191625473075971 975.926798332633
0.0192933511967832 975.925306805329
0.0194232742216376 975.923629420294
0.0195523339418969 975.921746741926
0.0196805473415241 975.919637731436
0.0198079308547988 975.917279657265
0.0199345003909055 975.914648004135
0.020060271357126 975.911716381009
0.0201852586807316 975.908456428255
0.0203094768296617 975.904837724332
0.0204329398320723 975.900827692323
0.020555661294826 975.89639150668
0.0206776544209957 975.891492000526
0.0207989320264441 975.886089573912
0.0209195065555372 975.880142103412
0.021039390096048 975.873604853455
0.0211585943933004 975.866430389826
0.0212771308635991 975.858568495725
0.0213950106069906 975.849966090842
0.0215122444193942 975.840567153852
0.0216288428041418 975.830312648768
0.0217448159829601 975.819140455582
0.0218601739064289 975.806985305617
0.0219749262639453 975.793778722006
0.0220890824932217 975.779448965713
0.0222026517893443 975.763920987494
0.0223156431134169 975.74711638619
0.0224280652008128 975.72895337372
0.0225399265690559 975.709346747136
0.0226512355253516 975.68820786807
0.0227620001737868 975.665444649904
0.0228722284222152 975.640961552938
0.0229819279888461 975.614659587835
0.023091106408551 975.586436327591
0.0231997710389035 975.556185928224
0.0233079290659652 975.523799158391
0.0234155875098316 975.489163438065
0.0235227532299496 975.452162886402
0.023629432930217 975.412678378894
0.0237356331638771 975.37058761384
0.023841360338216 975.325765188176
0.0239466207190739 975.27808268264
0.024051420435178 975.227408756214
0.0241557654823071 975.173609249765
0.0242596617272941 975.116547298764
0.0243631149118756 975.056083454909
0.0244661306563947 974.992075816486
0.0245687144633636 974.924380167213
0.0246708717208941 974.852850123332
0.0247726077059992 974.777337288632
0.0248739275877745 974.697691417104
0.0249748364304628 974.61376058285
0.0250753391964075 974.52539135688
0.0251754407489007 974.432428990379
0.0252751458549289 974.334717604006
0.025374459187822 974.232100382774
0.0254733853298097 974.124419776015
0.025571928774488 974.011517701945
0.025670093929201 973.893235756294
0.0257678851173418 973.769415424478
0.0258653065805732 973.639898296751
0.0259623624809754 973.504526285788
0.0260590569031207 973.363141846121
0.0261553938560787 973.215588194861
0.0262513772753568 973.061709533109
0.0263470110247754 972.90135126749
0.0264422988982834 972.734360231215
0.0265372446217138 972.560584904094
0.0266318518544842 972.379875630923
0.0267261241912424 972.192084837677
0.0268200651634599 971.99706724494
0.0269136782409754 971.794680078033
0.0270069668334908 971.584783273296
0.0270999342920198 971.367239679996
0.0271925839102927 971.141915257367
0.0272849189261179 970.908679266285
0.0273769425227024 970.667404455109
0.0274686578299317 970.417967239245
0.0275600679256127 970.160247874008
0.0276511758366784 969.894130620376
0.0277419845403573 969.619503903269
0.0278324969653092 969.336260461994
0.0279227159927265 969.044297492541
0.028012644457405 968.743516781424
0.0281022851487828 968.433824830821
0.0281916408119503 968.115132974745
0.0282807141486303 967.787357486064
0.0283695078181321 967.450419674172
0.0284580244382771 967.104245973175
0.0285462665862998 966.748768020456
0.0286342367997231 966.383922725536
0.0287219375772098 966.009652329177
0.0288093713793907 965.625904452669
0.0288965406296701 965.232632137325
0.0289834477150095 964.829793874179
0.0290700949866906 964.417353623957
0.0291564847610567 963.995280827391
0.0292426193202362 963.563550405967
0.0293285009128453 963.122142753246
0.0294141317546734 962.671043716907
0.0294995140293498 962.210244571673
0.0295846498889935 961.739741983328
0.0296695414548463 961.259537964025
0.0297541908178892 960.769639819139
0.0298386000394436 960.270060085894
0.0299227711517567 959.760816464045
0.0300067061585726 959.241931738899
0.030090407035689 958.71343369697
0.0301738757314993 958.175355034585
0.0302571141675223 957.627733259745
0.0303401242389183 957.070610587607
0.0304229078149923 956.504033829896
0.0305054667396851 955.928054278611
0.0305878028320531 955.34272758439
0.0306699178867351 954.748113629873
0.0307518136744094 954.144276398446
0.0308334919422389 953.531283838724
0.0309149544143062 952.909207725147
0.0309962027920381 952.278123515052
0.0310772387546202 951.638110202593
0.0311580639594021 950.989250169873
0.0312386800422923 950.331629035652
0.0313190886181451 949.665335501988
0.031399291281138 948.990461199171
0.0314792896051398 948.307100529287
0.031559085144072 947.615350508759
0.0316386794322599 946.915310610208
0.0317180739847776 946.20708260394
0.0317972702977841 945.490770399397
0.0318762698488525 944.766479886859
0.0319550740972913 944.034318779714
0.0320336844844595 943.294396457565
0.0321121024340733 942.546823810465
0.032190329352508 941.791713084527
0.0322683666290914 941.029177729183
0.0323462156363921 940.259332246312
0.0324238777305013 939.482292041477
0.032501354251308 938.69817327748
0.0325786465227691 937.907092730446
0.0326557558531731 937.109167648619
0.0327326835353989 936.304515614043
0.0328094308471679 935.493254407309
0.0328859990512925 934.675501875505
0.032962389395918 933.851375803504
0.0330386031147603 933.020993788741
0.033114641427338 932.18447311956
0.0331905055392003 931.341930657258
0.0332661966421502 930.493482721902
0.0333417159144625 929.639244982003
0.0334170645210983 928.779332348108
0.033492243613914 927.913858870368
0.0335672543318676 927.042937640125
0.0336420978012192 926.166680695549
0.0337167751357291 925.285198931352
0.0337912874368503 924.398602012581
0.0338656357939189 923.506998292516
0.0339398212843391 922.61049473463
0.0340138449737661 921.70919683864
0.0340877079162844 920.803208570587
0.0341614111545825 919.892632296937
0.0342349557201255 918.977568722657
0.0343083426333228 918.058116833221
0.0343815729036935 917.134373840486
0.0344546475300287 916.206435132399
0.0345275675005499 915.274394226442
0.0346003337930655 914.338342726769
0.0346729473751233 913.398370284951
0.0347454092041609 912.454564564244
0.0348177202276529 911.507011207302
0.0348898813832553 910.555793807251
0.0349618935989478 909.60099388202
0.0350337577931723 908.642690851848
0.0351054748749705 907.680962019859
0.035177045744117 906.715882555623
0.0352484712912521 905.747525481572
0.0353197523980101 904.775961662202
0.0353908899371471 903.801259795933
0.0354618847726651 902.823486409531
0.0355327377599348 901.842705854985
0.0356034497458156 900.858980308732
0.0356740215687738 899.87236977313
0.0357444540589985 898.882932080052
0.0358147480385158 897.890722896526
0.0358849043213005 896.895795732292
0.0359549237133861 895.898201949175
0.0360248070129728 894.897990772184
0.0360945550105338 893.89520930221
0.0361641684889197 892.889902530254
0.0362336482234606 891.882113353052
0.0363029949820674 890.871882590026
0.0363722095253303 889.859249001446
0.0364412926066166 888.844249307722
0.0365102449721659 887.826918209727
0.0365790673611847 886.807288410058
0.0366477605059382 885.78539063516
0.0367163251318419 884.761253658213
0.0367847619575503 883.734904322703
0.0368530716950455 882.706367566607
0.0369212550497228 881.675666447096
0.0369893127204764 880.642822165692
0.0370572453997827 879.607854093807
0.0371250537737824 878.570779798582
0.0371927385223615 877.531615068972
0.0372603003192309 876.490373941998
0.0373277398320042 875.447068729119
0.0373950577222755 874.40171004264
0.0374622546456942 873.354306822128
0.0375293312520401 872.304866360753
0.0375962881852966 871.253394331516
0.0376631260837227 870.199894813314
0.037729845579924 869.144370316789
0.0377964473009227 868.086821809906
0.0378629318682263 867.027248743245
0.0379292998978951 865.965649074935
0.037995552000609 864.902019295205
0.0380616887817331 863.836354450518
0.0381277108413818 862.768648167246
0.038193618774483 861.698892674859
0.0382594131708402 860.627078828589
0.0383250946151941 859.553196131554
0.0383906636872834 858.477232756298
0.0384561209619044 857.399175565734
0.0385214670089697 856.319010133464
0.0385867023935663 855.23672076345
0.0386518276760126 854.152290509013
0.0387168434119144 853.065701191158
0.03878175015222 851.976933416179
0.0388465484432753 850.885966592555
0.0389112388268769 849.792778947108
0.0389758218403252 848.697347540403
0.0390402980164764 847.599648281395
0.0391046678837938 846.499655941295
0.0391689319663982 845.39734416665
0.0392330907841181 844.292685491629
0.0392971448525382 843.185651349503
0.0393610946830482 842.076212083305
0.0394249407828903 840.964336955674
0.0394886836552059 839.849994157867
0.0395523237990822 838.733150817929
0.0396158617095976 837.613773008027
0.0396792978778668 836.49182575093
0.0397426327910847 835.367273025632
0.0398058669325706 834.240077772114
0.0398690007818109 833.110201895245
0.0399320348145015 831.977606267803
0.0399949695025897 830.84225073262
0.0400578053143154 829.704094103854
0.040120542714252 828.563094167356
0.0401831821633458 827.419207680162
0.0402457241189565 826.272390369071
0.0403081690348951 825.122596928327
0.0403705173614631 823.969781016388
0.0404327695454901 822.813895251776
0.0404949260303712 821.654891208003
0.0405569872561036 820.492719407568
0.0406189536593235 819.327329315009
0.0406808256733414 818.158669329009
0.0407426037281776 816.986686773549
0.0408042882505972 815.811327888085
0.0408658796641446 814.632537816755
0.0409273783891769 813.45026059659
0.040988784842898 812.264439144729
0.0410500994393912 811.075015244615
0.0411113225896519 809.881929531162
0.0411724547016199 808.685121474881
0.0412334961802108 807.484529364939
0.0412944474273477 806.280090291147
0.0413553088419915 805.071740124843
0.041416080820172 803.859413498661
0.0414767637550175 802.643043785161
0.0415373580367849 801.422563074298
0.0415978640528883 800.197902149698
0.0416582821879287 798.968990463728
0.0417186128237219 797.735756111322
0.0417788563393271 796.498125802535
0.0418390131110744 795.256024833797
0.0418990835125922 794.009377057829
0.0419590679148345 792.758104852191
0.0420189666861075 791.502129086415
0.042078780192096 790.241369087694
0.0421385087958894 788.975742605076
0.0421981528580075 787.705165772124
0.0422577127364258 786.429553067984
0.0423171887866007 785.148817276829
0.042376581361494 783.862869445605
0.0424358908115977 782.571618840035
0.0424951174849578 781.274972898821
0.0425542617271982 779.972837185975
0.0426133238815444 778.665115341211
0.0426723042888466 777.351709028344
0.0427312032876028 776.032517881595
0.0427900212139812 774.707439449748
0.0428487584018426 773.376369138059
0.0429074151827629 772.039200147833
0.0429659918860547 770.695823413589
0.0430244888387885 769.346127537692
0.0430829063658147 767.989998722365
0.0431412447897841 766.627320698969
0.043199504431169 765.257974654426
0.0432576856082837 763.881839154678
0.0433157886373044 762.498790065037
0.04337381383229 761.108700467297
0.0434317615052011 759.711440573466
0.0434896319659202 758.306877635958
0.0435474255222706 756.894875854086
0.0436051424800358 755.475296276686
0.0436627831429782 754.047996700692
0.0437203478128579 752.612831565462
0.0437778367894507 751.169651842663
0.0438352503705671 749.718304921487
0.0438925888520696 748.258634488984
0.0439498525278907 746.790480405255
0.0440070416900507 745.313678573262
0.0440641566286747 743.828060802965
0.0441211976320101 742.333454669521
0.0441781649864434 740.829683365212
0.044235058976517 739.316565544796
0.0442918798849457 737.79391516392
0.0443486279926333 736.261541310235
0.0444053035786886 734.719248026815
0.0444619069204416 733.166834127468
0.0445184382934592 731.604093003488
0.0445748979715608 730.030812421372
0.0446312862268339 728.446774311011
0.0446876033296494 726.851754543799
0.0447438495486766 725.245522700091
0.0448000251508984 723.627841825397
0.0448561304016257 721.99846817466
0.0449121655645123 720.357150943899
0.0449681309015694 718.703631988488
0.0450240266731798 717.037645527249
0.0450798531381117 715.358917831509
0.0451356105535335 713.667166898192
0.0451912991750266 711.96210210596
0.0452469192566 710.24342385333
0.0453024710507032 708.510823177642
0.0453579548082397 706.763981353639
0.0454133707785806 705.002569470329
0.045468719209577 703.226247984744
0.0455240003475735 701.43466625101
0.0455792144374209 699.62746202313
0.0456343617224884 697.804260929665
0.0456894424446768 695.964675918397
0.0457444568444304 694.108306668893
0.0457994051607493 692.234738970729
0.0458542876312018 690.343544064921
0.0459091044919361 688.434277945928
0.0459638559776922 686.506480621368
0.0460185423218136 684.559675326323
0.0460731637562591 682.593367688859
0.0461277205116141 680.60704484308
0.0461822128171021 678.600174485702
0.0462366409005955 676.572203871783
0.0462910049886276 674.522558744833
0.0463453053064025 672.450642196096
0.046399542077807 670.355833447303
0.0464537155254206 668.237486550641
0.0465078258705266 666.0949289991
0.0465618733331224 663.927460239679
0.0466158581319304 661.734350081178
0.0466697804844074 659.514836987492
0.046723640606756 657.26812624636
0.0467774387139336 654.993388002533
0.0468311750196633 652.689755143103
0.0468848497364431 650.356321021469
0.0469384630755564 647.992137004936
0.046992015247081 645.596209829279
0.0470455064598991 643.167498741757
0.0470989369217069 640.704912411937
0.0471523068390238 638.207305587315
0.0472056164172015 635.673475468
0.0472588658604339 633.102157771669
0.0473120553717655 630.492022456472
0.0473651851531008 627.841669065591
0.0474182554052133 625.149621652544
0.0474712663277541 622.414323241122
0.0475242181192609 619.634129767769
0.0475771109771663 616.807303447278
0.0476299450978071 613.932005494658
0.047682720676432 611.006288126697
0.0477354379072106 608.028085755945
0.0477880969832413 604.99520527726
0.04784069809656 601.90531533234
0.0478932414381478 598.755934420422
0.0479457271979395 595.544417703066
0.0479981555648314 592.267942327025
0.0480505267266892 588.923491060894
0.048102840870356 585.507834007595
0.04815509818166 582.017508114651
0.0482072988454221 578.44879415614
0.0482594430454637 574.797690802501
0.0483115309646141 571.059885324575
0.0483635627847183 567.230720393653
0.0484155386866439 563.305156336132
0.0484674588502887 559.277728075003
0.0485193234545881 555.142495834654
0.0485711326775222 550.892988492675
0.0486228866961227 546.522138222021
0.0486745856864802 542.022204765624
0.0487262298237512 537.384687305309
0.0487778192821649 532.600221403536
0.0488293542350302 527.65845787766
0.0488808348547422 522.547919667623
0.0489322613127893 517.255831718269
0.0489836337797597 511.767917531848
0.049034952425348 506.068154235071
0.0490862174183615 500.138475577829
0.0491374289267273 493.958408991237
0.049188587117498 487.50462832032
0.0492396921568587 480.750397575197
0.0492907442101327 473.664872202923
0.0493417434417882 466.21221172117
0.0493926900154443 458.350439112861
0.049443584093877 450.029955008115
0.0494944258390256 441.191573197796
0.0495452154119984 431.763879686291
0.0495959529730788 421.659615086227
0.0496466386817312 410.77061232038
0.0496972726966067 398.960537207915
0.0497478551755491 386.054178866056
0.0497983862756006 371.821115515701
0.0498488661530074 355.949794859584
0.0498992949632253 338.004381417721
0.0499496728609255 317.348512985859
0.05 293
