0 975.947520833094
0.00221621103588968 975.947520833094
0.00313419570403611 975.947520833094
0.00383859011445578 975.947520833093
0.00443242207177936 975.947520833093
0.00495559852873455 975.947520833091
0.00542858620025466 975.947520833086
0.00586354325380094 975.947520833075
0.00626839140807223 975.947520833052
0.00664863310766904 975.947520833006
0.00700827464901256 975.947520832918
0.00735034046229094 975.947520832757
0.00767718022891156 975.94752083247
0.00799066252714941 975.947520831976
0.00829230239308656 975.947520831148
0.00858334843368182 975.947520829791
0.00886484414355872 975.947520827618
0.00913767218963269 975.947520824205
0.00940258711210834 975.947520818941
0.00966023994300271 975.947520810957
0.00991119705746911 975.947520799033
0.010155954827961 975.947520781476
0.0103949511698316 975.947520755967
0.0106285747482333 975.947520719359
0.0108571724005093 975.947520667431
0.0110810551794484 975.947520594566
0.0113005033182412 975.947520493365
0.0115157703433673 975.947520354159
0.0117270865076019 975.947520164414
0.0119346616756562 975.94751990801
0.0121386877654867 975.947519564358
0.0123393408261372 975.947519107347
0.0125367828161445 975.947518504079
0.0127311631336172 975.947517713368
0.012922619939098 975.947516683954
0.0131112813045092 975.947515352417
0.0132972662153381 975.947513640717
0.0134806854483432 975.947511453339
0.0136616423431727 975.947508673973
0.0138402334831595 975.947505161684
0.0140165492980251 975.947500746507
0.0141906745991714 975.947495224403
0.0143626890565509 975.947488351509
0.0145326676247262 975.947479837604
0.0147006809245819 975.947469338723
0.0148667955862037 975.947456448827
0.0150310745576477 975.947440690456
0.0151935773836567 975.947421504264
0.0153543604578231 975.947398237359
0.0155134772512278 975.947370130344
0.0156709785201806 975.947336302965
0.015826912495353 975.947295738275
0.0159813250542988 975.94724726521
0.0161342598791131 975.947189539474
0.016285758600764 975.947121022652
0.0164358609314498 975.947039959435
0.0165846047861731 975.946944352866
0.016732026394587 975.946831937526
0.0168781604040474 975.946700150559
0.0170230399747035 975.946546100458
0.0171666968673636 975.946366533527
0.0173091615247981 975.946157797957
0.0174504631470672 975.945915805443
0.0175906297614028 975.945635990291
0.0177296882871174 975.945313265961
0.0178676645959663 975.944941979022
0.0180045835683458 975.944515860483
0.0181404691456739 975.944027974492
0.0182753443792654 975.943470664404
0.0184092314759836 975.942835496235
0.0185421518409257 975.942113199519
0.0186741261173728 975.941293605637
0.0188051742242167 975.940365583652
0.0189353153910555 975.939316973748
0.0190645681911325 975.938134518355
0.0191929505722789 975.936803791083
0.0193204798860054 975.935309123588
0.0194471729148774 975.933633530514
0.0195730458982944 975.931758632698
0.0196981145567879 975.929664578788
0.0198223941149382 975.927329965513
0.0199458993230071 975.92473175679
0.0200686444773716 975.921845201932
0.0201906434398395 975.91864375319
0.0203119096559219 975.915098982906
0.020432456172128 975.911180500558
0.0205522956523482 975.906855869992
0.0206714403933817 975.902090527158
0.0207899023396631 975.896847698653
0.0209076930972389 975.891088321433
0.0210248239470377 975.884770963998
0.0211413058574802 975.877851749438
0.0212571494964665 975.870284280657
0.0213723652427785 975.862019568163
0.0214869631969324 975.85300596077
0.0216009531915128 975.843189079587
0.0217143448010186 975.832511755639
0.0218271473512487 975.820913971501
0.0219393699282528 975.808332807287
0.0220510213868728 975.794702391346
0.0221621103588968 975.779953856014
0.0222726452608468 975.76401529874
0.0223826343014204 975.746811748921
0.0224920854886051 975.728265140746
0.0226010066364823 975.708294292336
0.0227094053717379 975.686814891469
0.0228172891398938 975.66373948813
0.0229246652112766 975.638977494132
0.0230315406867347 975.612435190029
0.0231379225031184 975.584015739499
0.0232438174385344 975.553619211375
0.0233492321173848 975.521142609471
0.0234541730152038 975.486479910309
0.023558646463299 975.449522108853
0.0236626586532095 975.410157272295
0.0237662156409873 975.368270601947
0.0238693233513124 975.323744503229
0.0239719875814482 975.27645866374
0.0240742140050451 975.22629013935
0.0241760081757991 975.173113448245
0.0242773755309734 975.116800672799
0.0243783213947865 975.057221569143
0.0244788509816761 974.994243684254
0.0245789693994419 974.927732480374
0.0246786816522744 974.857551466534
0.0247779926436728 974.783562336925
0.0248769071792597 974.705625115841
0.024975429969494 974.6235983089
0.0250735656322889 974.537339060207
0.0251713186955372 974.446703315112
0.0252686935995492 974.351545988203
0.0253656946994065 974.25172113613
0.0254623262672344 974.147082134868
0.025558592494398 974.037481860984
0.0256544974936227 973.922772876472
0.0257500453010455 973.80280761671
0.025845239878196 973.677438581063
0.0259400851139138 973.546518525678
0.0260345848262017 973.409900657966
0.0261287427640193 973.267438832306
0.0262225626090184 973.118987746462
0.0263160479772227 972.964403138239
0.0264092024206542 972.803541981863
0.0265020294289077 972.636262683606
0.0265945324306762 972.462425276165
0.0266867147952288 972.281891611305
0.0267785798338427 972.094525550297
0.0268701308011905 971.900193151669
0.0269613708966863 971.698762855828
0.0270523032657902 971.490105666081
0.0271429310012733 971.274095325651
0.0272332571444453 971.050608490231
0.0273232846863455 970.819524895706
0.0274130165688981 970.580727520631
0.0275024556860343 970.334102743101
0.0275916048847811 970.079540491673
0.027680466966319 969.816934389991
0.0277690446870085 969.546181894816
0.0278573407593883 969.267184427178
0.027945357853144 968.979847496368
0.0280330985960502 968.684080816539
0.0281205655748862 968.3797984157
0.028207761336325 968.0669187369
0.0282946883877994 967.745364731428
0.0283813491983428 967.415063943895
0.0284677461994073 967.07594858907
0.0285538817856604 966.727955620358
0.0286397583157587 966.371026789876
0.0287253781131018 966.005108700042
0.0288107434665659 965.630152846684
0.0288958566312173 965.246115653638
0.0289807198290081 964.852958498875
0.0290653352494525 964.450647732189
0.0291497050502859 964.039154684517
0.0292338313581074 963.618455668967
0.0293177162690047 963.18853197367
0.0294013618491638 962.749369846574
0.0294847701354625 962.300960472334
0.0295679431360496 961.84329994144
0.0296508828309084 961.376389211788
0.0297335911724073 960.900234062873
0.0298160700858356 960.414845042814
0.0298983214699263 959.920237408443
0.0299803471973667 959.41643105869
0.0300621491152954 958.903450461517
0.0301437290457875 958.38132457466
0.0302250887863287 957.850086760443
0.0303062301102769 957.309774694953
0.0303871547673133 956.760430271862
0.0304678644838829 956.202099501179
0.0305483609636237 955.634832403239
0.030628645887787 955.058682898238
0.0307087209156462 954.473708691607
0.0307885876848979 953.879971155549
0.0308682478120519 953.277535207037
0.0309477028928133 952.666469182605
0.0310269545024555 952.046844710212
0.0311060041961845 951.41873657853
0.0311848535094947 950.782222603927
0.0312635039585176 950.137383495476
0.0313419570403611 949.484302718278
0.0314202142334428 948.82306635541
0.0314982769978144 948.153762968772
0.0315761467754798 947.476483459142
0.0316538249907059 946.791320925703
0.0317313130503268 946.09837052532
0.0318086123440404 945.397729331841
0.0318857242446998 944.689496195665
0.0319626501085976 943.973771603847
0.0320393912757442 943.250657540964
0.0321159490701401 942.520257350978
0.0321923248000425 941.782675600324
0.0322685197582262 941.038017942438
0.0323445352222386 940.28639098391
0.03242037245465 939.527902152475
0.0324960327032983 938.762659567017
0.0325715172015279 937.990771909752
0.0326468271684253 937.212348300759
0.0327219638090477 936.427498175004
0.032796928314649 935.636331162002
0.0328717218628995 934.838956968244
0.032946345618102 934.035485262507
0.033020800731403 933.226025564154
0.0330950883410005 932.410687134528
0.0331692095723462 931.589578871523
0.0332431655383452 930.762809207411
0.0333169573395504 929.930486009993
0.0333905860643538 929.092716487133
0.033464052789174 928.24960709472
0.0335373585786391 927.401263448112
0.0336105044857678 926.547790237067
0.0336834915521449 925.689291144211
0.0337563208080949 924.825868767038
0.0338289932728513 923.957624543454
0.0339015099547235 923.084658680872
0.0339738718512597 922.207070088824
0.034046079949407 921.324956315106
0.0341181352256687 920.438413485407
0.034190038646258 919.547536246406
0.0342617911672494 918.652417712297
0.0343333937347273 917.753149414697
0.0344048472849308 916.849821255903
0.0344761527443972 915.942521465428
0.034547311030102 915.03133655978
0.0346183230495963 914.116351305402
0.0346891897011419 913.197648684722
0.0347599118738441 912.275309865248
0.0348304904477816 911.349414171614
0.0349009262941344 910.420039060536
0.0349712202753093 909.487260098563
0.0350413732450628 908.551150942572
0.0351113860486225 907.611783322911
0.0351812595228056 906.669227029105
0.0352509944961359 905.723549898048
0.0353205917889579 904.774817804583
0.0353900522135501 903.823094654391
0.0354593765742349 902.868442379092
0.0355285656674879 901.910920933476
0.0355976202820441 900.950588294768
0.0356665411990033 899.987500463841
0.0357353291919327 899.021711468283
0.0358039850269686 898.053273367233
0.0358725094629159 897.082236257894
0.0359409032513457 896.108648283631
0.0360091671366916 895.132555643574
0.0360773018563444 894.154002603635
0.0361453081407448 893.17303150885
0.0362131867134748 892.189682796966
0.0362809382913478 891.203995013191
0.0363485635844965 890.216004826014
0.0364160632964601 889.22574704404
0.0364834381242693 888.233254633725
0.0365506887585308 887.238558737968
0.0366178158835093 886.241688695467
0.0366848201772093 885.242672060769
0.0367517023114547 884.241534624945
0.0368184629519672 883.23830043682
0.0368851027584441 882.232991824689
0.036951622384634 881.225629418457
0.0370180224784115 880.216232172139
0.0370843036818514 879.204817386656
0.0371504666313006 878.191400732872
0.0372165119574495 877.175996274813
0.0372824402854022 876.158616493018
0.0373482522347456 875.13927230796
0.0374139484196172 874.117973103498
0.0374795294487721 873.094726750302
0.0375449959256487 872.069539629214
0.0376103484484334 871.042416654486
0.0376755876101246 870.013361296876
0.0377407139985954 868.982375606538
0.0378057281966552 867.949460235679
0.037870630782111 866.914614460954
0.0379354223278267 865.877836205545
0.0380001034017826 864.83912206091
0.0380646745671333 863.798467308159
0.038129136382265 862.755865939036
0.0381934894008516 861.711310676472
0.0382577341719105 860.66479299469
0.0383218712398568 859.616303138829
0.0383859011445578 858.565830144077
0.0384498244213854 857.513361854276
0.0385136416012685 856.458884939991
0.0385773532107448 855.402384916016
0.0386409597720109 854.343846158311
0.0387044618029725 853.283251920336
0.038767859817294 852.220584348784
0.0388311543244462 851.155824498687
0.0388943458297547 850.088952347889
0.0389574348344466 849.019946810873
0.0390204218356972 847.948785751926
0.0390833073266754 846.875445997636
0.0391460917965888 845.799903348706
0.0392087757307284 844.722132591093
0.039271359610512 843.642107506435
0.0393338439135276 842.559800881789
0.0393962291135757 841.475184518646
0.0394585156807115 840.388229241237
0.0395207040812857 839.298904904117
0.0395827947779859 838.207180399014
0.0396447882298764 837.11302366095
0.0397066848924378 836.016401673615
0.039768485217606 834.917280474011
0.0398301896538109 833.815625156329
0.0398917986460143 832.71139987509
0.039953312635747 831.604567847515
0.0400147320611465 830.495091355147
0.0400760573569924 829.382931744686
0.0401372889547431 828.268049428077
0.0401984272825709 827.150403881805
0.040259472765397 826.029953645414
0.0403204258249258 824.906656319245
0.040381286879679 823.780468561376
0.0404420563450295 822.651346083771
0.0405027346332336 821.519243647626
0.0405633221534644 820.384115057903
0.0406238193118438 819.24591315705
0.0406842265114741 818.104589817902
0.0407445441524695 816.960095935744
0.0408047726319867 815.812381419541
0.0408649123442561 814.661395182319
0.040924963680611 813.507085130684
0.0409849270295182 812.349398153479
0.0410448027766066 811.188280109556
0.0411045913046965 810.023675814661
0.0411642929938281 808.85552902741
0.0412239082212898 807.683782434351
0.0412834373616457 806.508377634092
0.0413428807867634 805.329255120478
0.0414022388658407 804.146354264803
0.0414615119654328 802.959613297041
0.0415207004494785 801.76896928607
0.0415798046793263 800.574358118876
0.04163882501376 799.375714478706
0.0416977618090243 798.172971822161
0.0417566154188498 796.966062355187
0.0418153861944777 795.754917007952
0.0418740744846847 794.539465408571
0.0419326806358062 793.319635855661
0.0419912049917613 792.095355289679
0.0420496478940754 790.866549263025
0.042108009681904 789.633141908868
0.0421662906920554 788.395055908654
0.0422244912590136 787.152212458265
0.0422826117149605 785.904531232786
0.0423406523897981 784.651930349825
0.0423986136111703 783.394326331357
0.0424564957044845 782.13163406403
0.0425142989929331 780.863766757889
0.0425720237975141 779.590635903455
0.0426296704370525 778.312151227109
0.0426872392282203 777.028220644722
0.042744730485557 775.738750213454
0.0428021445214899 774.443644081667
0.0428594816463534 773.142804436879
0.0429167421684091 771.836131451674
0.0429739263938647 770.523523227502
0.0430310346268935 769.204875736274
0.0430880671696527 767.880082759665
0.0431450243223028 766.549035826044
0.0432019063830255 765.211624144909
0.0432587136480421 763.86773453875
0.0433154464116313 762.517251372202
0.0433721049661473 761.160056478398
0.0434286896020372 759.796029082382
0.0434852006078585 758.425045721456
0.0435416382702959 757.04698016233
0.0435980028741787 755.661703314924
0.0436542947024974 754.269083142674
0.0437105140364203 752.868984569171
0.0437666611553097 751.461269380979
0.0438227363367384 750.04579612643
0.0438787398565056 748.622420010224
0.0439346719886526 747.190992783616
0.0439905330054785 745.751362629987
0.0440463231775558 744.303374045563
0.0441020427737456 742.846867715044
0.0441576920612127 741.381680381891
0.0442132713054405 739.907644712993
0.0442687807702458 738.424589157429
0.0443242207177936 736.932337799023
0.0443795914086113 735.430710202365
0.044434893101603 733.919521251945
0.0444901260540638 732.398580984051
0.0445452905216936 730.867694411024
0.044600386758611 729.326661337465
0.0446554150173669 727.775276167946
0.0447103755489582 726.213327705759
0.0447652686028407 724.640598942198
0.0448200944269429 723.056866835841
0.0448748532676785 721.461902081257
0.0449295453699598 719.855468866536
0.0449841709772102 718.237324618972
0.0450387303313767 716.607219738236
0.0450932236729431 714.964897316249
0.0451476512409414 713.310092843003
0.0452020132729647 711.64253389744
0.0452563100051791 709.961939822491
0.0453105416723357 708.268021383291
0.0453647085077825 706.560480407516
0.0454188107434758 704.839009406697
0.0454728486099922 703.103291177323
0.0455268223365399 701.352998380387
0.04558073215097 699.587793097998
0.0456345782797877 697.807326365524
0.0456883609481634 696.011237677637
0.0457420803799441 694.199154466484
0.0457957367976634 692.370691550091
0.0458493304225532 690.525450548929
0.0459028614745537 688.663019268421
0.0459563301723241 686.782971044964
0.0460097367332531 684.884864052862
0.0460630813734694 682.968240569322
0.0461163643078513 681.032626194449
0.0461695857500374 679.077529022867
0.0462227459124364 677.102438763344
0.0462758450062369 675.106825802443
0.0463288832414171 673.090140207881
0.0463818608267549 671.051810666869
0.046434777969837 668.991243354284
0.0464876348770687 666.90782072502
0.0465404317536833 664.800900224365
0.0465931688037512 662.669812909604
0.0466458462301892 660.513861975436
0.0466984642347696 658.332321175024
0.0467510230181292 656.124433127692
0.0468035227797785 653.889407503355
0.0468559637181101 651.626419072762
0.0469083460304075 649.334605611449
0.0469606699128542 647.013065644051
0.0470129355605417 644.660856014143
0.0470651431674785 642.276989263166
0.047117292926598 639.860430800155
0.0471693850297674 637.410095841894
0.0472214196677953 634.924846100804
0.0472733970304403 632.40348619516
0.047325317306419 629.844759753257
0.0473771806834138 627.247345179636
0.0474289873480811 624.609851047597
0.0474807374860589 621.93081107769
0.0475324312819746 619.208678656725
0.0475840689194528 616.441820845894
0.0476356505811229 613.628511819802
0.0476871764486265 610.766925670255
0.0477386467026249 607.855128499563
0.0477900615228065 604.89106971748
0.0478414210878945 601.872572443544
0.0478927255756533 598.797322902149
0.0479439751628965 595.662858680784
0.0479951700254935 592.466555701982
0.048046310338377 589.205613736095
0.0480973962755494 585.877040254296
0.0481484280100901 582.477632388247
0.0481994057141624 579.003956723641
0.0482503295590199 575.452326607821
0.0483011997150136 571.818776595224
0.0483520163515983 568.099033586216
0.0484027796373393 564.288484132265
0.0484534897399189 560.382137279687
0.0485041468261429 556.374582200914
0.0485547510619468 552.259939710477
0.0486053026124025 548.031806575029
0.0486558016417243 543.68319129285
0.0487062483132752 539.206439725238
0.048756642789573 534.593148592663
0.0488069852322966 529.834064379279
0.0488572758022919 524.918964589048
0.0489075146595778 519.836517522642
0.0489577019633522 514.574115737742
0.0490078378719977 509.117677034749
0.0490579225430879 503.45140506066
0.0491079561333926 497.557499282542
0.0491579387988839 491.4158009136
0.0492078706947416 485.003357035003
0.0492577519753593 478.293879134958
0.0493075827943493 471.25706381212
0.0493573633045487 463.857731279292
0.0494070936580246 456.054719700127
0.0494567740060794 447.799447325941
0.0495064044992565 439.034015002793
0.0495559852873455 429.688660695676
0.0496055165193873 419.678281025516
0.0496549983436794 408.897576999061
0.0497044309077813 397.214114846307
0.0497538143585193 384.458126443903
0.0498031488419919 370.407020344395
0.0498524345035747 354.760930873712
0.0499016714879252 337.102268545067
0.049950859938988 316.824818490152
0.05 293
