0 975.963960039208
0.00217186121381535 975.963960039208
0.00307147558416976 975.963960039208
0.00376177396931639 975.963960039208
0.00434372242763069 975.963960039208
0.00485642931178632 975.963960039207
0.00531995176598932 975.963960039203
0.00574620465390229 975.963960039194
0.00614295116833951 975.963960039177
0.00651558364144604 975.963960039143
0.00686802819743445 975.963960039077
0.00720324874295135 975.963960038957
0.00752354793863279 975.963960038745
0.00783075696960269 975.963960038383
0.00812636055372001 975.963960037779
0.00841158231138066 975.963960036797
0.00868744485526139 975.963960035233
0.00895481318874286 975.963960032791
0.00921442675250927 975.963960029046
0.00946692355041668 975.963960023394
0.00971285862357264 975.963960014993
0.0099527184112475 975.963960002678
0.0101869320654287 975.96395998486
0.0104158804734759 975.96395995939
0.0106399035319786 975.963959923393
0.0108593060690767 975.963959873057
0.0110743627100598 975.963959803373
0.0112853219079492 975.963959707808
0.0114924093078046 975.963959577919
0.0116958305746188 975.963959402865
0.0118957737857722 975.963959168826
0.0120924114672938 975.963958858308
0.012285902336679 975.963958449303
0.0124763928023484 975.963957914295
0.0126640182600376 975.963957219084
0.0128489042187512 975.963956321402
0.0130311672828921 975.963955169288
0.013210916012404 975.963953699197
0.0133882516789485 975.963951833806
0.013563268933076 975.963949479478
0.0137360563948689 975.96394652334
0.0139066971785214 975.963942829938
0.0140752693596666 975.963938237422
0.0142418463929101 975.963932553202
0.0144064974859027 975.963925549035
0.014569287935359 975.963916955471
0.0147302794296467 975.963906455615
0.0148895303219258 975.963893678132
0.0150470958772656 975.963878189442
0.0152030284967074 975.963859485016
0.0153573779208488 975.963836979736
0.0155101914151905 975.963809997221
0.0156615139392054 975.963777758058
0.0158113883008419 975.963739366868
0.0159598552979679 975.963693798124
0.0161069538480791 975.963639880655
0.01625272110744 975.963576280756
0.016397192580692 975.963501483837
0.0165404022218439 975.963413774527
0.0166823825274585 975.96331121518
0.0168231646227613 975.9631916227
0.0169627783413155 975.963052543633
0.0171012522988429 975.96289122745
0.0172386139617069 975.962704597987
0.0173748897105228 975.962489222964
0.0175101048993119 975.962241281564
0.0176442839105752 975.961956530012
0.0177774502066257 975.961630265142
0.0179096263774857 975.961257285906
0.0180408341856248 975.960831852834
0.0181710946077908 975.960347645419
0.0183004278741607 975.959797717447
0.0184288535050185 975.959174450269
0.0185563903451482 975.958469504056
0.0186830565961136 975.957673767068
0.018808869846582 975.956777302981
0.0189338471008334 975.955769296332
0.0190580048055879 975.954637996167
0.0191813588752697 975.953370657957
0.0193039247158178 975.951953483902
0.0194257172471453 975.950371561718
0.0195467509243381 975.948608802034
0.0196670397576806 975.946647874546
0.0197865973315844 975.944470143067
0.019905436822495 975.942055599637
0.0200235710158407 975.939382797878
0.0201410123220877 975.936428785762
0.0202577727919573 975.933169038014
0.0203738641308575 975.929577388336
0.0204892977125795 975.925625961693
0.0206040845923034 975.921285106865
0.0207182355189545 975.916523329538
0.0208317609469517 975.911307226142
0.0209446710473815 975.905601418717
0.0210569757186329 975.899368491056
0.0211686845965254 975.892568926386
0.0212798070639573 975.885161046871
0.0213903522601036 975.877100955183
0.0215003290891883 975.868342478441
0.021609746228854 975.858837114773
0.0217186121381535 975.848533982784
0.0218269350651809 975.837379774199
0.0219347230543652 975.825318709942
0.0220419839534415 975.812292499923
0.0221487254201195 975.798240306793
0.0222549549284631 975.783098713898
0.0223606797749979 975.766801697702
0.0224659070845598 975.749280604888
0.0225706438158984 975.730464134366
0.0226748967670467 975.710278324411
0.022778672580471 975.6886465451
0.022881977748009 975.665489496257
0.0229848186156092 975.640725211059
0.02308720138788 975.614269065458
0.0231891321324582 975.58603379355
0.0232906167842047 975.555929509015
0.0233916611492377 975.523863732712
0.0234922709088081 975.489741426532
0.0235924516230278 975.45346503353
0.0236922087344549 975.414934524419
0.0237915475715443 975.374047450403
0.0238904733519688 975.330699002377
0.023988991185817 975.28478207645
0.0240871060786738 975.236187345757
0.0241848229345877 975.184803338483
0.0242821465589316 975.130516522025
0.02437908166116 975.07321139317
0.0244756328574684 975.012770574165
0.024571804673358 974.949074914527
0.0246676015461118 974.882003598431
0.0247630278271824 974.811434257475
0.0248580877844996 974.737243088619
0.0249527856046968 974.659304977076
0.0250471253952632 974.577493623905
0.0251411111866225 974.491681678056
0.025234746934142 974.401740872573
0.0253280365200752 974.307542164692
0.0254209837554399 974.208955879509
0.0255135923818347 974.105851856909
0.0256058660731968 973.998099601436
0.0256978084375023 973.885568434763
0.0257894230184128 973.768127650405
0.0258807132968687 973.645646670344
0.0259716826926326 973.51799520319
0.0260623345657842 973.385043403519
0.0261526722181681 973.246662032014
0.0262426988947977 973.102722616053
0.0263324177852148 972.953097610349
0.026421832024808 972.797660557298
0.0265109446960919 972.636286246634
0.0265997588299466 972.468850874045
0.0266882774068203 972.295232198379
0.026776503357897 972.115309697082
0.0268644395662286 971.928964719502
0.026952088867834 971.736080637738
0.027039454052767 971.536542994671
0.0271265378661519 971.330239648866
0.0272133430091903 971.117060916019
0.0272998721401388 970.896899706642
0.0273861278752583 970.669651659697
0.0274721127897378 970.435215271894
0.0275578294185908 970.193492022376
0.0276432802575278 969.944386492563
0.0277284677638037 969.687806480886
0.0278133943570427 969.423663112205
0.0278980624200401 969.151870941709
0.027982474299542 968.872348053087
0.0280666323070048 968.585016150822
0.0281505387193332 968.289800646429
0.0282341957795995 967.986630738514
0.0283176056977427 967.675439486526
0.02840077065125 967.35616387809
0.0284836927858201 967.02874488986
0.0285663742160089 966.693127541785
0.0286488170258587 966.349260944779
0.0287310232695114 965.997098341722
0.0288129949718054 965.636597141807
0.0288947341288574 965.267718948213
0.02897624270863 964.890429579126
0.0290575226514841 964.504699082148
0.0291385758707179 964.110501742131
0.0292194042530928 963.707816082502
0.0293000096593454 963.296624860175
0.0293803939246875 962.876915054111
0.0294605588592933 962.448677847663
0.0295405062487758 962.011908604807
0.0296202378546499 961.566606840399
0.0296997554147861 961.112776184601
0.0297790606438516 960.650424341624
0.0298581552337425 960.179563042972
0.0299370408540046 959.700207995333
0.0300157191522445 959.212378823334
0.0300941917545311 958.716099007323
0.0301724602657882 958.211395816399
0.0302505262701765 957.69830023689
0.0303283913314689 957.176846896482
0.0304060569934149 956.647073984235
0.0304835247800983 956.109023166695
0.0305607961962862 955.562739500333
0.0306378727277698 955.008271340543
0.0307147558416976 954.445670247424
0.0307914469869016 953.874990888589
0.0308679475942157 953.29629093923
0.0309442590767871 952.70963097967
0.031020382830381 952.115074390654
0.0310963202336783 951.512687246586
0.0311720726485671 950.902538206974
0.0312476414204276 950.284698406291
0.0313230278784108 949.659241342491
0.0313982333357113 949.026242764403
0.0314732590898345 948.385780558225
0.0315481064228572 947.737934633329
0.0316227766016838 947.082786807603
0.0316972708782961 946.420420692522
0.0317715904899983 945.750921578165
0.0318457366596571 945.074376318364
0.0319197105959359 944.390873216179
0.0319935134935252 943.700501909897
0.0320671465333673 943.003353259704
0.0321406108828773 942.299519235234
0.0322139076961582 941.589092804137
0.0322870381142136 940.872167821836
0.0323600032651536 940.148838922612
0.0324328042643992 939.41920141217
0.03250544221488 938.683351161825
0.0325779182072302 937.941384504409
0.0326502333199788 937.193398132058
0.0327223886197376 936.43948899596
0.0327943851613841 935.67975420818
0.0328662239882418 934.914290945668
0.0329379061322568 934.143196356517
0.0330094326141701 933.366567468578
0.0330808044436877 932.584501100488
0.033152022619647 931.797093775188
0.0332230881301793 931.004441635982
0.0332940019528704 930.2066403652
0.033364765054917 929.403785105507
0.0334353783932811 928.595970383883
0.0335058429148404 927.783290038332
0.0335761595565371 926.965837147325
0.0336463292455227 926.143703961999
0.0337163528993008 925.316981841137
0.0337862314258673 924.485761188919
0.0338559657238475 923.650131395457
0.0339255566826311 922.810180780113
0.0339950051825042 921.965996537574
0.0340643120947799 921.117664686687
0.0341334782819249 920.265270022029
0.0342025045976858 919.40889606818
0.034271391887211 918.548625036689
0.0343401409871723 917.684537785681
0.0344087527258828 916.816713782084
0.0344772279234137 915.945231066427
0.0345455673917088 915.070166220171
0.0346137719346963 914.191594335529
0.0346818423483996 913.309588987716
0.0347497794210456 912.424222209591
0.0348175839331708 911.535564468625
0.0348852566577268 910.643684646144
0.0349527983601821 909.748650018792
0.0350202097986237 908.850526242143
0.0350874917238565 907.949377336418
0.0351546448795003 907.045265674218
0.0352216700020861 906.13825197024
0.0352885678211503 905.228395272878
0.0353553390593274 904.315752957676
0.0354219844324408 903.400380722532
0.0354885046495925 902.482332584615
0.0355549004132514 901.561660878913
0.0356211724193393 900.638416258338
0.0356873213573165 899.712647695343
0.035753347910265 898.784402484952
0.0358192527549714 897.853726249164
0.0358850365620073 896.92066294265
0.0359506999958093 895.985254859672
0.0360162437147568 895.047542642171
0.0360816683712495 894.107565288953
0.0361469746117833 893.165360165895
0.036212163077024 892.22096301714
0.0362772344018815 891.274407977179
0.0363421892155815 890.325727583791
0.0364070281417367 889.374952791758
0.0364717517984163 888.422112987314
0.0365363607982152 887.467236003251
0.0366008557483214 886.510348134648
0.0366652372505826 885.551474155142
0.0367295059015716 884.590637333706
0.0367936622926512 883.627859451884
0.0368577070100371 882.663160821404
0.0369216406348609 881.696560302162
0.0369854637432314 880.728075320488
0.0370491769062953 879.757721887676
0.0371127806902964 878.785514618718
0.037176275656635 877.811466751205
0.0372396623619252 876.835590164351
0.037302941358052 875.857895398097
0.0373661131922273 874.878391672264
0.0374291784070451 873.897086905709
0.0374921375405363 872.913987735451
0.0375549911262214 871.929099535735
0.0376177396931639 870.942426437
0.0376803837660223 869.953971344715
0.0377429238651008 868.963735958063
0.0378053605064 867.97172078843
0.0378676942016667 866.977925177686
0.0379299254584427 865.982347316227
0.0379920547801128 864.984984260743
0.0380540826659528 863.985831951709
0.0381160096111758 862.98488523056
0.0381778361069786 861.982137856533
0.0382395626405873 860.977582523164
0.0383011896953015 859.97121087441
0.0383627177505394 858.963013520384
0.0384241472818802 857.952980052695
0.038485478761108 856.941099059354
0.0385467126562535 855.927358139259
0.0386078494316357 854.91174391623
0.038668889547903 853.894242052578
0.0387298334620742 852.874837262211
0.0387906816275775 851.853513323253
0.0388514344942906 850.830253090165
0.0389120925085792 849.80503850538
0.0389726561133354 848.777850610403
0.0390331257480153 847.748669556412
0.0390935018486762 846.717474614321
0.0391537848480135 845.684244184312
0.0392139751753964 844.648955804825
0.0392740732569042 843.611586161002
0.0393340795153612 842.572111092576
0.0393939943703711 841.530505601209
0.0394538182383519 840.486743857256
0.0395135515325689 839.440799205974
0.0395731946631689 838.392644173149
0.039632748037212 837.342250470156
0.039692212058705 836.289588998432
0.0397515871286328 835.234629853369
0.03981087364499 834.177342327626
0.0398700720028123 833.117694913838
0.0399291825942068 832.055655306743
0.0399882058083829 830.991190404711
0.0400471420316814 829.924266310662
0.0401059916476047 828.854848332399
0.0401647550368456 827.782900982312
0.040223432577316 826.708387976492
0.0402820246441755 825.631272233217
0.0403405316098591 824.551515870825
0.0403989538441048 823.469080204965
0.0404572917139814 822.383925745218
0.0405155455839146 821.296012191094
0.0405737158157142 820.205298427381
0.0406318027686001 819.111742518869
0.0406898067992279 818.01530170441
0.040747728261715 816.91593239034
0.0408055675076654 815.813590143228
0.0408633248861949 814.708229681973
0.0409210007439553 813.599804869216
0.0409785954251591 812.488268702077
0.041036109271603 811.373573302201
0.0410935426226922 810.255669905102
0.0411508958154631 809.134508848804
0.0412081691846067 808.01003956176
0.0412653630624916 806.88221055004
0.041322477779186 805.75096938378
0.0413795136624803 804.616262682875
0.041436471037909 803.478036101908
0.0414933502287722 802.336234314291
0.0415501515561571 801.190800995613
0.0416068753389593 800.041678806179
0.0416635218939035 798.88880937271
0.0417200915355641 797.732133269204
0.0417765845763859 796.571589996923
0.0418330013267038 795.407117963496
0.0418893420947629 794.238654461115
0.0419456071867383 793.066135643795
0.0420017969067542 791.889496503677
0.0420579115569033 790.708670846362
0.0421139514372657 789.52359126522
0.0421699168459277 788.334189114675
0.0422258080789998 787.140394482424
0.042281625430636 785.942136160547
0.0423373691930507 784.739341615501
0.0423930396565374 783.531936956942
0.042448637109486 782.319846905339
0.0425041618384001 781.102994758357
0.0425596141279145 779.881302355947
0.0426149942608122 778.654690044124
0.042670302518041 777.423076637354
0.0427255391787302 776.186379379546
0.0427807045202073 774.94451390355
0.0428357988180139 773.697394189157
0.0428908223459219 772.444932519498
0.0429457753759495 771.187039435824
0.0430006581783766 769.923623690575
0.0430554710217605 768.654592198693
0.0431102141729514 767.379849987091
0.043164887897107 766.099300142234
0.0432194924577081 764.812843755717
0.0432740281165731 763.520379867801
0.0433284951338728 762.221805408791
0.0433828937681445 760.917015138181
0.0434372242763069 759.60590158147
0.0434914869136739 758.288354964552
0.0435456819339684 756.964263145569
0.0435998095893367 755.633511544127
0.0436538701303618 754.295983067745
0.0437078638060769 752.951558035433
0.0437617908639791 751.600114098253
0.0438156515500422 750.241526156732
0.0438694461087303 748.87566627499
0.0439231747830103 747.502403591422
0.0439768378143648 746.121604225771
0.044030435442805 744.733131182441
0.044083967906883 743.336844249839
0.0441374354437044 741.932599895587
0.04419083828894 740.520251157384
0.0442441766768387 739.099647529309
0.0442974508402391 737.670634843344
0.044350661010581 736.233055145872
0.044403807417918 734.786746568901
0.0444568902909282 733.331543195745
0.0445099098569262 731.867274920876
0.0445628663418745 730.393767303642
0.0446157599703944 728.910841415533
0.0446685909657773 727.418313680663
0.0447213595499958 725.915995709079
0.0447740659437143 724.403694122548
0.0448267103663 722.881210372376
0.0448792930358336 721.34834054885
0.0449318141691197 719.804875181822
0.044984273981697 718.250599031948
0.0450366726878491 716.685290872042
0.0450890105006145 715.108723258
0.0451412876317967 713.520662288673
0.0451935042919741 711.920867354058
0.0452456606905099 710.309090871116
0.0452977570355623 708.685078006479
0.0453497935340935 707.048566385266
0.0454017703918799 705.399285785165
0.0454536878135213 703.736957814868
0.0455055460024504 702.061295575905
0.045557345160942 700.372003306831
0.0456090854901223 698.668776008651
0.0456607671899779 696.951299050287
0.0457123904593649 695.219247752794
0.0457639554960179 693.472286950944
0.0458154624965588 691.710070530676
0.0458669116565053 689.932240940811
0.0459183031702799 688.138428677277
0.0459696372312183 686.328251738
0.0460209140315779 684.501315046391
0.0460721337625463 682.657209841276
0.0461232966142495 680.795513030871
0.04617440277576 678.915786508239
0.0462254524351054 677.017576425438
0.0462764457792759 675.100412423336
0.0463273829942329 673.163806813799
0.0463782642649163 671.207253710675
0.0464290897752529 669.23022810568
0.0464798597081636 667.232184884936
0.0465305742455715 665.212557781539
0.0465812335684095 663.170758259076
0.0466318378566274 661.106174320586
0.0466823872892001 659.018169236871
0.046732882044134 656.906080187561
0.0467833222984753 654.769216807596
0.0468337082283166 652.606859631168
0.0468840400088044 650.418258424268
0.0469343178141458 648.202630396173
0.0469845418176162 645.95915827913
0.0470347121915655 643.686988264441
0.0470848291074256 641.385227781847
0.047134892735717 639.052943107711
0.0471849032460555 636.689156785934
0.0472348608071591 634.292844843701
0.0472847655868544 631.862933782174
0.0473346177520834 629.398297319939
0.0473844174689098 626.897752864413
0.0474341649025257 624.360057683488
0.0474838602172578 621.783904746314
0.0475335035765738 619.16791819832
0.0475830951430887 616.510648431155
0.0476326350785709 613.810566703273
0.0476821235439486 611.066059261067
0.0477315606993156 608.275420903874
0.0477809467039376 605.436847928498
0.047830281716258 602.548430380037
0.0478795658939038 599.608143525523
0.0479287993936918 596.613838454943
0.0479779823716341 593.563231700209
0.0480271149829438 590.453893746325
0.0480761973820412 587.283236289799
0.0481252297225588 584.048498076712
0.0481742121573475 580.746729126123
0.0482231448384819 577.374773112724
0.0482720279172657 573.92924764489
0.0483208615442374 570.406522128989
0.0483696458691754 566.8026928566
0.0484183810411037 563.113554885762
0.0484670672082971 559.334570208094
0.0485157045182862 555.460831597111
0.0485642931178632 551.487021414991
0.0486128331530864 547.407364509902
0.0486613247692856 543.215574156528
0.0487097681110674 538.904789769306
0.0487581633223201 534.467504838648
0.0488065105462183 529.895483188865
0.0488548099252283 525.179661210672
0.0489030616011131 520.310033151743
0.0489512657149367 515.275515815842
0.0489994224070694 510.06378806969
0.0490475318171923 504.661099311089
0.0490955940843022 499.052039405122
0.0491436093467161 493.21926039635
0.0491915777420761 487.143137336284
0.0492394994073538 480.801351509984
0.0492873744788548 474.168373734535
0.0493352030922235 467.214817529966
0.0493829853824475 459.906620750728
0.0494307214838616 452.203998029202
0.0494784115301529 444.060082438985
0.0495260556543649 435.419138759503
0.0495736539889014 426.214175294192
0.0496212066655316 416.36369375646
0.0496687138153936 405.767174879213
0.0497161755689991 394.298659805162
0.0497635920562375 381.79737458782
0.0498109634063797 368.053597319866
0.0498582897480828 352.786543881987
0.0499055712093935 335.608174731498
0.049952807917753 315.960597366093
0.05 293
