0 975.409593037612
9.38086303939962e-05 975.409593037612
0.000187617260787992 975.409593037612
0.000281425891181989 975.409593037612
0.000375234521575985 975.409593037612
0.000469043151969981 975.409593037612
0.000562851782363977 975.409593037612
0.000656660412757974 975.409593037612
0.00075046904315197 975.409593037611
0.000844277673545966 975.409593037611
0.000938086303939963 975.409593037611
0.00103189493433396 975.409593037611
0.00112570356472795 975.409593037611
0.00121951219512195 975.409593037611
0.00131332082551595 975.409593037611
0.00140712945590994 975.409593037611
0.00150093808630394 975.409593037612
0.00159474671669794 975.409593037612
0.00168855534709193 975.409593037612
0.00178236397748593 975.409593037612
0.00187617260787993 975.409593037612
0.00196998123827392 975.409593037612
0.00206378986866792 975.409593037612
0.00215759849906191 975.409593037613
0.00225140712945591 975.409593037613
0.00234521575984991 975.409593037613
0.0024390243902439 975.409593037613
0.0025328330206379 975.409593037613
0.0026266416510319 975.409593037613
0.00272045028142589 975.409593037613
0.00281425891181989 975.409593037613
0.00290806754221388 975.409593037613
0.00300187617260788 975.409593037613
0.00309568480300188 975.409593037612
0.00318949343339587 975.409593037612
0.00328330206378987 975.409593037612
0.00337711069418387 975.409593037611
0.00347091932457786 975.40959303761
0.00356472795497186 975.40959303761
0.00365853658536585 975.409593037609
0.00375234521575985 975.409593037609
0.00384615384615385 975.409593037609
0.00393996247654784 975.409593037609
0.00403377110694184 975.409593037609
0.00412757973733583 975.409593037609
0.00422138836772983 975.409593037609
0.00431519699812383 975.409593037608
0.00440900562851782 975.409593037608
0.00450281425891182 975.409593037608
0.00459662288930582 975.409593037607
0.00469043151969981 975.409593037607
0.00478424015009381 975.409593037607
0.00487804878048781 975.409593037606
0.0049718574108818 975.409593037605
0.0050656660412758 975.409593037604
0.00515947467166979 975.409593037603
0.00525328330206379 975.409593037602
0.00534709193245779 975.4095930376
0.00544090056285178 975.409593037598
0.00553470919324578 975.409593037596
0.00562851782363977 975.409593037593
0.00572232645403377 975.409593037591
0.00581613508442777 975.409593037587
0.00590994371482176 975.409593037583
0.00600375234521576 975.409593037578
0.00609756097560976 975.409593037572
0.00619136960600375 975.409593037566
0.00628517823639775 975.409593037558
0.00637898686679174 975.409593037549
0.00647279549718574 975.409593037538
0.00656660412757974 975.409593037526
0.00666041275797373 975.409593037511
0.00675422138836773 975.409593037493
0.00684803001876173 975.409593037472
0.00694183864915572 975.409593037447
0.00703564727954972 975.409593037417
0.00712945590994371 975.409593037381
0.00722326454033771 975.409593037338
0.00731707317073171 975.409593037287
0.0074108818011257 975.409593037226
0.0075046904315197 975.409593037154
0.0075984990619137 975.409593037067
0.00769230769230769 975.409593036965
0.00778611632270169 975.409593036843
0.00787992495309569 975.409593036699
0.00797373358348968 975.409593036527
0.00806754221388368 975.409593036325
0.00816135084427767 975.409593036084
0.00825515947467167 975.4095930358
0.00834896810506567 975.409593035463
0.00844277673545966 975.409593035065
0.00853658536585366 975.409593034594
0.00863039399624766 975.409593034039
0.00872420262664165 975.409593033383
0.00881801125703565 975.40959303261
0.00891181988742964 975.409593031699
0.00900562851782364 975.409593030627
0.00909943714821764 975.409593029364
0.00919324577861163 975.40959302788
0.00928705440900563 975.409593026135
0.00938086303939963 975.409593024086
0.00947467166979362 975.409593021682
0.00956848030018762 975.409593018861
0.00966228893058162 975.409593015556
0.00975609756097561 975.409593011684
0.00984990619136961 975.409593007152
0.0099437148217636 975.409593001852
0.0100375234521576 975.409592995657
0.0101313320825516 975.409592988421
0.0102251407129456 975.409592979974
0.0103189493433396 975.409592970121
0.0104127579737336 975.409592958637
0.0105065666041276 975.409592945259
0.0106003752345216 975.409592929687
0.0106941838649156 975.409592911572
0.0107879924953096 975.409592890515
0.0108818011257036 975.409592866053
0.0109756097560976 975.409592837656
0.0110694183864916 975.409592804713
0.0111632270168856 975.409592766522
0.0112570356472795 975.409592722278
0.0113508442776735 975.409592671056
0.0114446529080675 975.409592611796
0.0115384615384615 975.409592543283
0.0116322701688555 975.409592464126
0.0117260787992495 975.409592372734
0.0118198874296435 975.409592267287
0.0119136960600375 975.409592145706
0.0120075046904315 975.409592005618
0.0121013133208255 975.409591844315
0.0121951219512195 975.409591658711
0.0122889305816135 975.409591445288
0.0123827392120075 975.409591200045
0.0124765478424015 975.409590918427
0.0125703564727955 975.409590595257
0.0126641651031895 975.409590224656
0.0127579737335835 975.40958979995
0.0128517823639775 975.40958931357
0.0129455909943715 975.409588756934
0.0130393996247655 975.409588120326
0.0131332082551595 975.409587392747
0.0132270168855535 975.409586561757
0.0133208255159475 975.409585613301
0.0134146341463415 975.409584531502
0.0135084427767355 975.409583298445
0.0136022514071295 975.409581893928
0.0136960600375235 975.409580295185
0.0137898686679174 975.409578476581
0.0138836772983114 975.409576409273
0.0139774859287054 975.409574060827
0.0140712945590994 975.409571394805
0.0141651031894934 975.409568370291
0.0142589118198874 975.409564941384
0.0143527204502814 975.409561056623
0.0144465290806754 975.409556658354
0.0145403377110694 975.409551682037
0.0146341463414634 975.409546055472
0.0147279549718574 975.409539697952
0.0148217636022514 975.409532519323
0.0149155722326454 975.409524418956
0.0150093808630394 975.409515284609
0.0151031894934334 975.40950499118
0.0151969981238274 975.409493399336
0.0152908067542214 975.409480354007
0.0153846153846154 975.409465682734
0.0154784240150094 975.409449193863
0.0155722326454034 975.409430674563
0.0156660412757974 975.409409888659
0.0157598499061914 975.409386574265
0.0158536585365854 975.409360441201
0.0159474671669794 975.409331168166
0.0160412757973734 975.409298399669
0.0161350844277674 975.40926174268
0.0162288930581614 975.409220762982
0.0163227016885553 975.409174981211
0.0164165103189493 975.409123868554
0.0165103189493433 975.409066842079
0.0166041275797373 975.409003259669
0.0166979362101313 975.408932414535
0.0167917448405253 975.408853529286
0.0168855534709193 975.4087657495
0.0169793621013133 975.408668136794
0.0170731707317073 975.408559661336
0.0171669793621013 975.408439193771
0.0172607879924953 975.408305496524
0.0173545966228893 975.408157214439
0.0174484052532833 975.407992864713
0.0175422138836773 975.407810826077
0.0176360225140713 975.407609327194
0.0177298311444653 975.407386434204
0.0178236397748593 975.407140037399
0.0179174484052533 975.406867836943
0.0180112570356473 975.406567327624
0.0181050656660413 975.406235782548
0.0181988742964353 975.405870235757
0.0182926829268293 975.405467463683
0.0183864915572233 975.405023965412
0.0184803001876173 975.404535941679
0.0185741088180113 975.403999272545
0.0186679174484053 975.403409493698
0.0187617260787993 975.402761771323
0.0188555347091932 975.402050875465
0.0189493433395872 975.401271151851
0.0190431519699812 975.400416492089
0.0191369606003752 975.399480302202
0.0192307692307692 975.398455469426
0.0193245778611632 975.397334327232
0.0194183864915572 975.396108618497
0.0195121951219512 975.394769456787
0.0196060037523452 975.393307285697
0.0196998123827392 975.39171183619
0.0197936210131332 975.389972081909
0.0198874296435272 975.388076192396
0.0199812382739212 975.386011484203
0.0200750469043152 975.383764369848
0.0201688555347092 975.381320304585
0.0202626641651032 975.378663730984
0.0203564727954972 975.375778021277
0.0204502814258912 975.372645417483
0.0205440900562852 975.369246969294
0.0206378986866792 975.365562469734
0.0207317073170732 975.361570388596
0.0208255159474672 975.357247803692
0.0209193245778612 975.352570329927
0.0210131332082552 975.347512046255
0.0211069418386492 975.34204542056
0.0212007504690432 975.336141232524
0.0212945590994372 975.329768494556
0.0213883677298311 975.322894370873
0.0214821763602251 975.315484094821
0.0215759849906191 975.307500884557
0.0216697936210131 975.298905857212
0.0217636022514071 975.289657941672
0.0218574108818011 975.279713790134
0.0219512195121951 975.269027688601
0.0220450281425891 975.257551466499
0.0221388367729831 975.24523440561
0.0222326454033771 975.23202314854
0.0223264540337711 975.217861606937
0.0224202626641651 975.202690869711
0.0225140712945591 975.186449111509
0.0226078799249531 975.169071501719
0.0227016885553471 975.150490114276
0.0227954971857411 975.130633838596
0.0228893058161351 975.109428291924
0.0229831144465291 975.086795733444
0.0230769230769231 975.062654980473
0.0231707317073171 975.036921327116
0.0232645403377111 975.009506465713
0.0233583489681051 974.980318411476
0.0234521575984991 974.949261430685
0.0235459662288931 974.916235972842
0.0236397748592871 974.881138607168
0.0237335834896811 974.843861963858
0.023827392120075 974.804294680491
0.023921200750469 974.762321354004
0.024015009380863 974.717822498649
0.024108818011257 974.67067451033
0.024202626641651 974.620749637737
0.024296435272045 974.567915960661
0.024390243902439 974.512037375915
0.024484052532833 974.452973591214
0.024577861163227 974.39058012742
0.024671669793621 974.324708329497
0.024765478424015 974.255205386536
0.024859287054409 974.181914361175
0.024953095684803 974.104674228742
0.025046904315197 974.0233199264
0.025140712945591 973.93768241257
0.025234521575985 973.847588736883
0.025328330206379 973.75286212087
0.025422138836773 973.653322049583
0.025515947467167 973.548784374314
0.025609756097561 973.43906142651
0.025703564727955 973.323962143014
0.025797373358349 973.203292202647
0.025891181988743 973.07685417417
0.025984990619137 972.944447675596
0.026078799249531 972.805869544783
0.026172607879925 972.66091402121
0.026266416510319 972.509372938776
0.0263602251407129 972.351035929437
0.0264540337711069 972.185690637444
0.0265478424015009 972.013122943892
0.0266416510318949 971.833117201259
0.0267354596622889 971.645456477571
0.0268292682926829 971.449922809754
0.0269230769230769 971.246297465738
0.0270168855534709 971.034361214797
0.0271106941838649 970.813894605575
0.0272045028142589 970.584678251217
0.0272983114446529 970.346493120983
0.0273921200750469 970.099120837655
0.0274859287054409 969.842343980068
0.0275797373358349 969.575946390001
0.0276735459662289 969.299713482669
0.0277673545966229 969.013432560019
0.0278611632270169 968.716893126001
0.0279549718574109 968.409887202959
0.0280487804878049 968.092209648285
0.0281425891181989 967.763658470428
0.0282363977485929 967.424035143372
0.0283302063789869 967.073144918651
0.0284240150093809 966.710797133996
0.0285178236397749 966.336805517676
0.0286116322701689 965.95098848761
0.0287054409005629 965.55316944433
0.0287992495309569 965.143177056879
0.0288930581613508 964.72084554074
0.0289868667917448 964.286014926913
0.0290806754221388 963.838531321269
0.0291744840525328 963.378247153333
0.0292682926829268 962.905021413688
0.0293621013133208 962.418719879205
0.0294559099437148 961.919215325347
0.0295497185741088 961.406387724835
0.0296435272045028 960.880124431997
0.0297373358348968 960.340320352179
0.0298311444652908 959.786878095616
0.0299249530956848 959.219708115248
0.0300187617260788 958.638728827994
0.0301125703564728 958.043866719036
0.0302063789868668 957.43505642878
0.0303001876172608 956.812240822136
0.0303939962476548 956.175371039896
0.0304878048780488 955.524406532002
0.0305816135084428 954.85931507256
0.0306754221388368 954.180072756558
0.0307692307692308 953.486663978246
0.0308630393996248 952.779081391255
0.0309568480300188 952.057325850553
0.0310506566604128 951.321406336432
0.0311444652908068 950.571339860745
0.0312382739212008 949.807151355694
0.0313320825515947 949.028873545526
0.0314258911819887 948.236546801546
0.0315196998123827 947.430218980894
0.0316135084427767 946.609945249628
0.0317073170731707 945.775787890643
0.0318011257035647 944.927816097066
0.0318949343339587 944.066105751753
0.0319887429643527 943.190739193603
0.0320825515947467 942.301804971402
0.0321763602251407 941.399397585973
0.0322701688555347 940.483617221415
0.0323639774859287 939.554569466261
0.0324577861163227 938.612365025387
0.0325515947467167 937.657119423547
0.0326454033771107 936.688952701396
0.0327392120075047 935.707989104901
0.0328330206378987 934.714356769026
0.0329268292682927 933.708187396603
0.0330206378986867 932.689615933266
0.0331144465290807 931.658780239366
0.0332082551594747 930.61582075974
0.0333020637898687 929.560880192213
0.0333958724202627 928.494103155693
0.0334896810506567 927.415635858709
0.0335834896810507 926.325625769203
0.0336772983114447 925.224221286384
0.0337711069418387 924.111571415408
0.0338649155722326 922.987825445631
0.0339587242026266 921.853132633147
0.0340525328330206 920.707641888268
0.0341463414634146 919.551501468618
0.0342401500938086 918.38485867841
0.0343339587242026 917.207859574482
0.0344277673545966 916.020648679622
0.0345215759849906 914.823368703633
0.0346153846153846 913.616160272608
0.0347091932457786 912.399161666773
0.0348030018761726 911.172508567266
0.0348968105065666 909.936333812154
0.0349906191369606 908.690767161932
0.0350844277673546 907.435935074731
0.0351782363977486 906.171960491397
0.0352720450281426 904.898962630569
0.0353658536585366 903.617056793842
0.0354596622889306 902.326354181046
0.0355534709193246 901.026961715647
0.0356472795497186 899.718981880234
0.0357410881801126 898.402512562001
0.0358348968105066 897.077646908117
0.0359287054409006 895.744473190833
0.0360225140712946 894.403074682124
0.0361163227016886 893.053529537678
0.0362101313320826 891.695910689944
0.0363039399624766 890.330285749997
0.0363977485928705 888.956716917893
0.0364915572232645 887.575260901189
0.0365853658536585 886.185968841278
0.0366791744840525 884.788886247164
0.0367729831144465 883.384052936277
0.0368667917448405 881.971502981927
0.0369606003752345 880.551264666956
0.0370544090056285 879.123360443161
0.0371482176360225 877.687806896022
0.0372420262664165 876.244614714283
0.0373358348968105 874.7937886639
0.0374296435272045 873.335327565886
0.0375234521575985 871.869224277566
0.0376172607879925 870.395465676742
0.0377110694183865 868.914032648283
0.0378048780487805 867.424900072641
0.0378986866791745 865.928036815796
0.0379924953095685 864.423405720127
0.0380863039399625 862.910963595717
0.0381801125703565 861.390661211597
0.0382739212007505 859.862443286427
0.0383677298311445 858.326248478129
0.0384615384615385 856.782009371983
0.0385553470919325 855.229652466686
0.0386491557223265 853.669098157913
0.0387429643527205 852.100260718872
0.0388367729831144 850.523048277398
0.0389305816135084 848.937362789084
0.0390243902439024 847.343100005997
0.0391181988742964 845.740149440493
0.0392120075046904 844.12839432365
0.0393058161350844 842.50771155786
0.0393996247654784 840.877971663081
0.0394934333958724 839.239038716296
0.0395872420262664 837.590770283667
0.0396810506566604 835.933017344914
0.0397748592870544 834.265624209406
0.0398686679174484 832.588428423473
0.0399624765478424 830.9012606684
0.0400562851782364 829.203944648594
0.0401500938086304 827.496296969353
0.0402439024390244 825.778127003693
0.0403377110694184 824.049236747628
0.0404315196998124 822.309420663308
0.0405253283302064 820.55846550936
0.0406191369606004 818.796150157784
0.0407129455909944 817.022245396685
0.0408067542213884 815.23651371811
0.0409005628517824 813.438709090201
0.0409943714821764 811.628576712853
0.0410881801125704 809.805852755966
0.0411819887429644 807.970264079378
0.0412757973733583 806.12152793348
0.0413696060037523 804.259351639413
0.0414634146341463 802.383432247746
0.0415572232645403 800.493456174366
0.0416510318949343 798.589098812281
0.0417448405253283 796.670024117916
0.0418386491557223 794.735884170354
0.0419324577861163 792.786318701894
0.0420262664165103 790.820954598124
0.0421200750469043 788.839405365591
0.0422138836772983 786.841270564976
0.0423076923076923 784.826135207517
0.0424015009380863 782.793569112226
0.0424953095684803 780.743126221236
0.0425891181988743 778.67434387039
0.0426829268292683 776.586742011919
0.0427767354596623 774.479822385793
0.0428705440900563 772.353067635995
0.0429643527204503 770.205940367667
0.0430581613508443 768.03788214066
0.0431519699812383 765.848312394636
0.0432457786116323 763.636627300401
0.0433395872420263 761.402198531644
0.0434333958724203 759.144371950679
0.0435272045028143 756.862466201186
0.0436210131332083 754.555771200234
0.0437148217636023 752.223546521088
0.0438086303939962 749.865019657467
0.0439024390243902 747.479384158909
0.0439962476547842 745.065797625871
0.0440900562851782 742.623379551922
0.0441838649155722 740.15120899908
0.0442776735459662 737.64832209078
0.0443714821763602 735.11370930526
0.0444652908067542 732.546312550174
0.0445590994371482 729.945021997093
0.0446529080675422 727.308672652017
0.0447467166979362 724.636040635214
0.0448405253283302 721.925839140507
0.0449343339587242 719.176714040414
0.0450281425891182 716.387239099415
0.0451219512195122 713.555910752791
0.0452157598499062 710.681142402993
0.0453095684803002 707.76125817917
0.0454033771106942 704.794486098183
0.0454971857410882 701.778950557005
0.0455909943714822 698.712664076617
0.0456848030018762 695.593518206117
0.0457786116322702 692.41927348256
0.0458724202626642 689.187548326445
0.0459662288930582 685.895806734659
0.0460600375234522 682.541344611204
0.0461538461538462 679.121274550782
0.0462476547842402 675.6325088603
0.0463414634146342 672.07174056772
0.0464352720450281 668.435422125057
0.0465290806754221 664.719741461277
0.0466228893058161 660.920594979341
0.0467166979362101 657.033557017245
0.0468105065666041 653.053845202541
0.0469043151969981 648.97628101942
0.0469981238273921 644.795244772028
0.0470919324577861 640.504623960448
0.0471857410881801 636.097753878383
0.0472795497185741 631.567348982497
0.0473733583489681 626.905423257911
0.0474671669793621 622.103197392596
0.0475609756097561 617.150990048802
0.0476547842401501 612.038089846128
0.0477485928705441 606.752603799165
0.0478424015009381 601.281276814547
0.0479362101313321 595.609275352785
0.0480300187617261 589.719926364628
0.0481238273921201 583.594399927658
0.0482176360225141 577.211320356784
0.0483114446529081 570.546285531208
0.0484052532833021 563.571267155407
0.0484990619136961 556.253854717211
0.0485928705440901 548.55629157251
0.0486866791744841 540.434230579974
0.0487804878048781 531.835105320165
0.0488742964352721 522.695965007716
0.048968105065666 512.940546250869
0.04906191369606 502.475234380255
0.049155722326454 491.183367568176
0.049249530956848 478.916994769305
0.049343339587242 465.484587547818
0.049437148217636 450.63206275662
0.04953095684803 434.012212693625
0.049624765478424 415.132862340907
0.049718574108818 393.263117584392
0.049812382739212 367.249209414224
0.049906191369606 335.110327425346
0.05 293
