4.71698113207547e-05 -0
0.000141509433962264 -2.41014184743931e-12
0.000235849056603774 -1.20505393504504e-12
0.000330188679245283 -1.20502845203311e-12
0.000424528301886792 -0
0.000518867924528302 -1.20495200299733e-12
0.000613207547169811 -3.61470311092043e-12
0.000707547169811321 -2.40968315322463e-12
0.00080188679245283 -2.40954724382769e-12
0.00089622641509434 -3.61409151863418e-12
0.000990566037735849 -3.61383668851491e-12
0.00108490566037736 -3.61355637538371e-12
0.00117924528301887 -1.20441685974686e-12
0.00127358490566038 -1.20430643336185e-12
0.00136792452830189 -1.20418751263952e-12
0.0014622641509434 -0
0.00155660377358491 -0
0.00165094339622642 -3.61133935334607e-12
0.00174528301886792 -2.40725377275425e-12
0.00183962264150943 -0
0.00193396226415094 2.40659121444415e-12
0.00202830188679245 2.40623445227716e-12
0.00212264150943396 3.60879105215337e-12
0.00221698113207547 2.40546996191935e-12
0.00231132075471698 3.60759335059278e-12
0.00240566037735849 2.40463751686308e-12
0.0025 3.6062937169845e-12
0.00259433962264151 2.40373711710833e-12
0.00268867924528302 1.2016307171095e-12
0.00278301886792453 2.4027687626551e-12
0.00287735849056604 2.40225910241656e-12
0.00297169811320755 2.40173245350339e-12
0.00306603773584906 4.80237763183124e-12
0.00316037735849057 1.20031409482661e-12
0.00325471698113208 -0
0.00334905660377358 2.39945597110458e-12
0.00344339622641509 -0
0.0035377358490566 2.39821579785747e-12
0.00363207547169811 2.39757022822197e-12
0.00372641509433962 2.39690766991188e-12
0.00382075471698113 -0
0.00391509433962264 2.39553158726782e-12
0.00400943396226415 2.39481806293384e-12
0.00410377358490566 4.78817509985058e-12
0.00419811320754717 5.98335012060524e-12
0.00429245283018868 2.39257555788428e-12
0.00438679245283019 2.39179407885186e-12
0.0044811320754717 2.39099561114479e-12
0.00457547169811321 8.365630541671e-12
0.00466981132075472 7.16804312912051e-12
0.00476415094339623 8.35974396591586e-12
0.00485849056603774 8.35671148749654e-12
0.00495283018867925 1.19337422124514e-11
0.00504716981132076 9.54339217094219e-12
0.00514150943396226 1.19246532715309e-11
0.00523584905660377 1.54959758018142e-11
0.00533018867924528 1.78728368356768e-11
0.00542452830188679 2.02476507342478e-11
0.0055188679245283 2.3810912138425e-11
0.00561320754716981 2.61809777024404e-11
0.00570754716981132 3.09279043003184e-11
0.00580188679245283 3.56704987861689e-11
0.00589622641509434 4.27856391825285e-11
0.00599056603773585 4.63302385276381e-11
0.00608490566037736 5.93705598227113e-11
0.00617924528301887 7.23984029362775e-11
0.00627358490566038 8.42271891169389e-11
0.00636792452830189 1.03158450637032e-10
0.0064622641509434 1.18515170273003e-10
0.00655660377358491 1.4333243680814e-10
0.00665094339622642 1.71675793527391e-10
0.00674528301886792 2.03539277405963e-10
0.00683962264150943 2.4246504141982e-10
0.00693396226415094 2.91987644607376e-10
0.00702830188679245 3.48544751447216e-10
0.00712264150943396 4.133046948542e-10
0.00721698113207547 4.90973594629773e-10
0.00731132075471698 5.81528465097173e-10
0.00740566037735849 6.9201921014224e-10
0.0075 8.22409643888024e-10
0.00759433962264151 9.76195387330715e-10
0.00768867924528302 1.16039354771979e-09
0.00778301886792453 1.37377028381105e-09
0.00787735849056604 1.6315498035785e-09
0.00797169811320755 1.93482088197366e-09
0.00806603773584906 2.29758182793176e-09
0.00816037735849057 2.71971427286244e-09
0.00825471698113208 3.21516800604597e-09
0.00834905660377358 3.80488523097393e-09
0.00844339622641509 4.49803991259311e-09
0.0085377358490566 5.31196948965879e-09
0.00863207547169811 6.27097761860078e-09
0.00872641509433962 7.39812827050022e-09
0.00882075471698113 8.72342355183463e-09
0.00891509433962264 1.02767751383654e-08
0.00900943396226415 1.2095000138052e-08
0.00910377358490566 1.42322841868829e-08
0.00919811320754717 1.67344934060616e-08
0.00929245283018868 1.96601492662272e-08
0.00938679245283019 2.30850310678416e-08
0.0094811320754717 2.70846751563355e-08
0.00957547169811321 3.17564344924826e-08
0.00966981132075472 3.72101070666983e-08
0.00976415094339623 4.35701997259316e-08
0.00985849056603774 5.09781799980439e-08
0.00995283018867925 5.96051358328263e-08
0.0100471698113208 6.96458634768901e-08
0.0101415094339623 8.13187592982788e-08
0.0102358490566038 9.48841902433585e-08
0.0103301886792453 1.10637381304161e-07
0.0104245283018868 1.28915170566858e-07
0.0105188679245283 1.5010503092419e-07
0.0106132075471698 1.74657495389743e-07
0.0107075471698113 2.0308700965391e-07
0.0108018867924528 2.3597507049247e-07
0.0108962264150943 2.7399860461747e-07
0.0109905660377358 3.17928358723685e-07
0.0110849056603774 3.68644481312951e-07
0.0111792452830189 4.27154300501191e-07
0.0112735849056604 4.94604270150046e-07
0.0113679245283019 5.72307841945653e-07
0.0114622641509434 6.61759458785564e-07
0.0115566037735849 7.6465872033899e-07
0.0116509433962264 8.82944652638903e-07
0.0117452830188679 1.01881836570557e-06
0.0118396226415094 1.17478262266074e-06
0.0119339622641509 1.35368228457843e-06
0.0120283018867925 1.55874220898724e-06
0.012122641509434 1.79361849994861e-06
0.0122169811320755 2.06245960985872e-06
0.012311320754717 2.36995116177009e-06
0.0124056603773585 2.72139777824881e-06
0.0125 3.12279529910595e-06
0.0125943396226415 3.58091715500487e-06
0.012688679245283 4.10340124243309e-06
0.0127830188679245 4.69886545527939e-06
0.012877358490566 5.37702124776555e-06
0.0129716981132075 6.14879871518321e-06
0.0130660377358491 7.02648870131871e-06
0.0131603773584906 8.02391188131714e-06
0.0132547169811321 9.15659216334953e-06
0.0133490566037736 1.04419500195697e-05
0.0134433962264151 1.18995211510462e-05
0.0135377358490566 1.35512036030032e-05
0.0136320754716981 1.54214939884846e-05
0.0137264150943396 1.75378254797187e-05
0.0138207547169811 1.99308396306778e-05
0.0139150943396226 2.26347838529539e-05
0.0140094339622642 2.56878723303561e-05
0.0141037735849057 2.91327127052094e-05
0.0141981132075472 3.30167990305581e-05
0.0142924528301887 3.7392999463526e-05
0.0143867924528302 4.23201415114447e-05
0.0144811320754717 4.78636198744386e-05
0.0145754716981132 5.4096071806949e-05
0.0146698113207547 6.10981159781002e-05
0.0147641509433962 6.89591552310627e-05
0.0148584905660377 7.777825021433e-05
0.0149528301886792 8.76650971285989e-05
0.0150471698113208 9.87410437482174e-05
0.0151415094339623 0.000111140224217948
0.0152358490566038 0.000125010802572801
0.0153301886792453 0.000140516293130507
0.0154245283018868 0.00015783700587307
0.0155188679245283 0.000177171608815315
0.0156132075471698 0.000198738832058308
0.0157075471698113 0.000222779275947664
0.0158018867924528 0.000249557396861183
0.0158962264150943 0.000279363626210556
0.0159905660377358 0.000312516667458054
0.0160849056603774 0.000349365942950182
0.0161792452830189 0.00039029426630151
0.0162735849056604 0.000435720668478561
0.0163679245283019 0.000486103432466981
0.0164622641509434 0.000541943384284456
0.0165566037735849 0.000603787362874523
0.0166509433962264 0.000672231955240352
0.0167452830188679 0.000747927480360549
0.0168396226415094 0.000831582223693221
0.0169339622641509 0.000923966972020741
0.0170283018867925 0.00102591981237259
0.017122641509434 0.00113835123468433
0.0172169811320755 0.0012622495421723
0.017311320754717 0.00139868660296291
0.0174056603773585 0.00154882391553521
0.0175 0.00171391902530187
0.0175943396226415 0.00189533230051726
0.017688679245283 0.00209453407227139
0.0177830188679245 0.0023131121431034
0.017877358490566 0.00255277969801312
0.0179716981132075 0.00281538358063795
0.0180660377358491 0.00310291298892363
0.0181603773584906 0.0034175085693654
0.0182547169811321 0.00376147192346888
0.0183490566037736 0.00413727551254879
0.0184433962264151 0.00454757300011656
0.0185377358490566 0.00499520998086455
0.0186320754716981 0.00548323513609614
0.0187264150943396 0.0060149117914124
0.0188207547169811 0.00659372988258925
0.0189150943396226 0.00722341829283641
0.0190094339622642 0.00790795759717869
0.0191037735849057 0.00865159314483608
0.0191981132075472 0.00945884850687581
0.0192924528301887 0.0103345392521021
0.0193867924528302 0.0112837870154061
0.0194811320754717 0.0123120338660696
0.0195754716981132 0.0134250568952464
0.0196698113207547 0.0146289830437431
0.0197641509433962 0.0159303040949643
0.0198584905660377 0.0173358917922312
0.0199528301886793 0.0188530130593709
0.0200471698113208 0.0204893452579453
0.0201415094339623 0.0222529914263819
0.0202358490566038 0.0241524954367986
0.0203301886792453 0.0261968570352765
0.0204245283018868 0.0283955466452342
0.0205188679245283 0.0307585199396766
0.0206132075471698 0.0332962320345871
0.0207075471698113 0.0360196512409114
0.0208018867924528 0.0389402723364004
0.0208962264150943 0.0420701292135996
0.0209905660377359 0.0454218068270737
0.0210849056603774 0.0490084523801178
0.0211792452830189 0.0528437855941738
0.0212735849056604 0.0569421080006156
0.0213679245283019 0.061318311149445
0.0214622641509434 0.0659878835928354
0.0215566037735849 0.0709669165758128
0.0216509433962264 0.076272108308993
0.0217452830188679 0.081920766696662
0.0218396226415094 0.0879308104225691
0.0219339622641509 0.0943207682919611
0.0220283018867925 0.10110977666547
0.022122641509434 0.10831757496091
0.0222169811320755 0.115964499027441
0.022311320754717 0.124071472337291
0.0224056603773585 0.132659994865588
0.0225 0.1417521295658
0.0225943396226415 0.151370486359682
0.022688679245283 0.161538203523538
0.0227830188679245 0.172278926406917
0.022877358490566 0.183616783377146
0.0229716981132075 0.195576358980719
0.0230660377358491 0.208182664193601
0.0231603773584906 0.221461103726006
0.0232547169811321 0.235437440379301
0.0233490566037736 0.25013775636615
0.0234433962264151 0.265588411608402
0.0235377358490566 0.281815999006413
0.0236320754716981 0.298847296655271
0.0237264150943396 0.316709217086599
0.0238207547169811 0.335428753472673
0.0239150943396226 0.355032922959429
0.0240094339622642 0.375548707089621
0.0241037735849057 0.397002989461377
0.0241981132075472 0.419422490683432
0.0242924528301887 0.44283370075146
0.0243867924528302 0.467262808970811
0.0244811320754717 0.492735631575936
0.0245754716981132 0.519277537207953
0.0246698113207547 0.546913370404633
0.0247641509433962 0.575667373349261
0.0248584905660377 0.605563106033162
0.0249528301886792 0.636623365093169
0.0250471698113208 0.668870101566474
0.0251415094339623 0.702324337796494
0.0252358490566038 0.737006083777913
0.0253301886792453 0.772934253234244
0.0254245283018868 0.810126579695896
0.0255188679245283 0.848599532908225
0.0256132075471698 0.888368235886524
0.0257075471698113 0.929446382928831
0.0258018867924528 0.97184615893499
0.0258962264150943 1.01557816036661
0.0259905660377358 1.06065131819363
0.0260849056603774 1.10707282316413
0.0261792452830189 1.15484805376388
0.0262735849056604 1.20398050719218
0.0263679245283019 1.25447173372577
0.0264622641509434 1.30632127478543
0.0265566037735849 1.35952660504696
0.0266509433962264 1.4140830789374
0.0267452830188679 1.46998388183055
0.0268396226415094 1.52721998623039
0.0269339622641509 1.58578011323723
0.0270283018867925 1.64565069961734
0.027122641509434 1.70681587065756
0.0272169811320755 1.76925741913068
0.027311320754717 1.83295479051949
0.0274056603773585 1.89788507475245
0.0275 1.96402300458105
0.0275943396226415 2.03134096079154
0.027688679245283 2.09980898434447
0.0277830188679245 2.16939479553622
0.027877358490566 2.24006382026937
0.0279716981132076 2.31177922347451
0.0280660377358491 2.38450194963129
0.0281603773584906 2.45819077047212
0.0282547169811321 2.53280233969485
0.0283490566037736 2.60829125469614
0.0284433962264151 2.68461012515465
0.0285377358490566 2.76170964831698
0.0286320754716981 2.83953869084443
0.0287264150943396 2.91804437697522
0.0288207547169811 2.99717218276196
0.0289150943396226 3.07686603613109
0.0290094339622642 3.15706842247278
0.0291037735849057 3.23772049542464
0.0291981132075472 3.31876219248609
0.0292924528301887 3.40013235512579
0.0293867924528302 3.48176885295448
0.0294811320754717 3.56360871157158
0.0295754716981132 3.6455882436314
0.0296698113207547 3.7276431826885
0.0297641509433962 3.80970881936302
0.0298584905660377 3.89172013933313
0.0299528301886792 3.97361196267716
0.0300471698113208 4.05531908408074
0.0301415094339623 4.13677641338127
0.0302358490566038 4.21791911598697
0.0303301886792453 4.29868275263531
0.0304245283018868 4.3790034180197
0.0305188679245283 4.45881787775714
0.0306132075471698 4.53806370326153
0.0307075471698113 4.61667940398511
0.0308018867924528 4.69460455662643
0.0308962264150943 4.77177993080596
0.0309905660377358 4.84814761079977
0.0310849056603774 4.92365111292745
0.0311792452830189 4.99823549818143
0.0312735849056604 5.07184747973896
0.0313679245283019 5.14443552499899
0.0314622641509434 5.21594995185812
0.0315566037735849 5.28634301887801
0.0316509433962264 5.35556900914351
0.0317452830188679 5.42358430751586
0.0318396226415094 5.49034747112765
0.0319339622641509 5.55581929291847
0.0320283018867925 5.61996285806163
0.032122641509434 5.6827435932164
0.0322169811320755 5.74412930846678
0.032311320754717 5.80409023196141
0.0324056603773585 5.86259903718345
0.0325 5.91963086292017
0.0325943396226415 5.97516332594093
0.032688679245283 6.02917652648685
0.0327830188679245 6.08165304665849
0.032877358490566 6.13257794185245
0.0329716981132075 6.18193872541273
0.0330660377358491 6.22972534665383
0.0331603773584906 6.27593016250638
0.0332547169811321 6.32054790299792
0.0333490566037736 6.36357563081563
0.0334433962264151 6.40501269525683
0.0335377358490566 6.44486068082212
0.0336320754716981 6.48312335078368
0.0337264150943396 6.51980658604065
0.0338207547169811 6.55491831959339
0.0339150943396226 6.58846846698835
0.0340094339622641 6.62046885306453
0.0341037735849057 6.65093313538026
0.0341981132075472 6.67987672467971
0.0342924528301887 6.70731670272533
0.0343867924528302 6.73327173792265
0.0344811320754717 6.75776199904395
0.0345754716981132 6.7808090674312
0.0346698113207547 6.8024358480426
0.0347641509433962 6.8226664796582
0.0348584905660377 6.84152624463198
0.0349528301886792 6.85904147847103
0.0350471698113207 6.87523947958972
0.0351415094339623 6.89014841954982
0.0352358490566038 6.90379725405384
0.0353301886792453 6.91621563501516
0.0354245283018868 6.92743382392459
0.0355188679245283 6.93748260680603
0.0356132075471698 6.9463932109661
0.0357075471698113 6.95419722377162
0.0358018867924528 6.96092651365171
0.0358962264150943 6.96661315351365
0.0359905660377358 6.97128934671702
0.0360849056603774 6.97498735579626
0.0361792452830189 6.97773943401867
0.0362735849056604 6.97957775992222
0.0363679245283019 6.98053437491206
0.0364622641509434 6.98064112400309
0.0365566037735849 6.97992959978241
0.0366509433962264 6.97843108959636
0.0367452830188679 6.97617652605728
0.0368396226415094 6.97319644082469
0.0369339622641509 6.96952092170683
0.0370283018867925 6.96517957303678
0.037122641509434 6.96020147932717
0.0372169811320755 6.95461517214262
0.037311320754717 6.94844860015944
0.0374056603773585 6.94172910233301
0.0375 6.9344833841243
0.0375943396226415 6.92673749669401
0.037688679245283 6.91851681898095
0.0377830188679245 6.90984604256849
0.037877358490566 6.90074915924486
0.0379716981132076 6.89124945115062
0.0380660377358491 6.88136948339921
0.0381603773584906 6.87113109904674
0.0382547169811321 6.86055541632543
0.0383490566037736 6.84966282797645
0.0384433962264151 6.83847300260219
0.0385377358490566 6.82700488788253
0.0386320754716981 6.81527671555257
0.0387264150943396 6.80330600801063
0.0388207547169811 6.79110958643385
0.0389150943396226 6.77870358028322
0.0390094339622642 6.76610343807896
0.0391037735849057 6.75332393932688
0.0391981132075472 6.74037920748566
0.0392924528301887 6.72728272385942
0.0393867924528302 6.714047342313
0.0394811320754717 6.70068530470266
0.0395754716981132 6.68720825692301
0.0396698113207547 6.6736272654764
0.0397641509433962 6.65995283447308
0.0398584905660377 6.64619492297275
0.0399528301886792 6.63236296258531
0.0400471698113208 6.61846587525526
0.0401415094339623 6.60451209116403
0.0402358490566038 6.59050956665942
0.0403301886792453 6.57646580217924
0.0404245283018868 6.562387860084
0.0405188679245283 6.54828238235945
0.0406132075471698 6.53415560813982
0.0407075471698113 6.52001339098848
0.0408018867924528 6.50586121592596
0.0408962264150943 6.49170421613548
0.0409905660377359 6.4775471893401
0.0410849056603774 6.46339461380594
0.0411792452830189 6.44925066395718
0.0412735849056604 6.43511922556621
0.0413679245283019 6.42100391052381
0.0414622641509434 6.40690807115281
0.0415566037735849 6.39283481406569
0.0416509433962264 6.37878701354966
0.0417452830188679 6.36476732448129
0.0418396226415094 6.35077819475618
0.0419339622641509 6.336821877245
0.0420283018867925 6.32290044125938
0.042122641509434 6.30901578354389
0.0422169811320755 6.2951696387981
0.042311320754717 6.28136358972093
0.0424056603773585 6.26759907659379
0.0425 6.25387740641923
0.0425943396226415 6.2401997616029
0.042688679245283 6.22656720820807
0.0427830188679245 6.21298070378382
0.042877358490566 6.19944110478422
0.0429716981132076 6.18594917358816
0.0430660377358491 6.17250558513063
0.0431603773584906 6.15911093316096
0.0432547169811321 6.1457657361478
0.0433490566037736 6.13247044282975
0.0434433962264151 6.11922543744013
0.0435377358490566 6.10603104461074
0.0436320754716981 6.09288753397561
0.0437264150943396 6.07979512447733
0.0438207547169811 6.06675398840294
0.0439150943396226 6.05376425515205
0.0440094339622642 6.0408260147603
0.0441037735849057 6.02793932117561
0.0441981132075472 6.01510419532037
0.0442924528301887 6.00232062793328
0.0443867924528302 5.98958858221071
0.0444811320754717 5.97690799626267
0.0445754716981132 5.96427878538709
0.0446698113207547 5.95170084417716
0.0447641509433962 5.9391740484693
0.0448584905660377 5.92669825714536
0.0449528301886793 5.91427331379433
0.0450471698113208 5.90189904824805
0.0451415094339623 5.88957527799002
0.0452358490566038 5.87730180945515
0.0453301886792453 5.86507843922407
0.0454245283018868 5.85290495511903
0.0455188679245283 5.84078113720589
0.0456132075471698 5.82870675871722
0.0457075471698113 5.81668158689054
0.0458018867924528 5.80470538373886
0.0458962264150943 5.79277790675036
0.0459905660377359 5.78089890952894
0.0460849056603774 5.76906814237456
0.0461792452830189 5.75728535281346
0.0462735849056604 5.74555028607672
0.0463679245283019 5.73386268553626
0.0464622641509434 5.72222229309903
0.0465566037735849 5.71062884956191
0.0466509433962264 5.69908209493619
0.0467452830188679 5.68758176873336
0.0468396226415094 5.67612761022894
0.0469339622641509 5.66471935869569
0.0470283018867925 5.65335675361267
0.047122641509434 5.64203953485543
0.0472169811320755 5.63076744286058
0.047311320754717 5.61954021877886
0.0474056603773585 5.60835760460426
0.0475 5.59721934329543
0.0475943396226415 5.58612517887755
0.047688679245283 5.57507485653411
0.0477830188679245 5.5640681226879
0.047877358490566 5.55310472507164
0.0479716981132075 5.54218441278864
0.0480660377358491 5.53130693636607
0.0481603773584906 5.52047204780068
0.0482547169811321 5.50967950059703
0.0483490566037736 5.49892904980113
0.0484433962264151 5.48822045202771
0.0485377358490566 5.47755346548282
0.0486320754716981 5.4669278499833
0.0487264150943396 5.45634336696957
0.0488207547169811 5.4457997795181
0.0489150943396226 5.43529685234934
0.0490094339622642 5.42483435183299
0.0491037735849057 5.4144120459911
0.0491981132075472 5.40402970449892
0.0492924528301887 5.39368709868401
0.0493867924528302 5.38338400152363
0.0494811320754717 5.37312018764039
0.0495754716981132 5.36289543329714
0.0496698113207547 5.35270951639048
0.0497641509433962 5.34256221644316
0.0498584905660377 5.33245331459579
0.0499528301886792 5.32238259359796
