0.00107582870727984 -0
0.0025972802559053 -0
0.00338484152987529 4.96453569151059e-13
0.0040150473958095 1.17558636740818e-12
0.00455728353618312 2.66375711577732e-12
0.00504085750509709 6.61713375806049e-12
0.0054816065962402 1.72908557310932e-11
0.00588927831001748 3.90814195284682e-11
0.00627038921909044 8.24597942622338e-11
0.00662955520903837 1.63163581261511e-10
0.00697018924793917 3.0988699880934e-10
0.00729490012323996 5.69573078304768e-10
0.00760573553021324 1.01026875193675e-09
0.00790433799721066 1.74003985623091e-09
0.00819204909616373 2.91851298888947e-09
0.00846998149578602 4.78168772710963e-09
0.00873907022430583 7.66842168121505e-09
0.00900011004106286 1.20587057641754e-08
0.0092537832614692 1.86309229016268e-08
0.0095006808588397 2.83151842851512e-08
0.00974131872916323 4.23866842479345e-08
0.00997615040941217 6.2565797602337e-08
0.0102055771515532 9.11450845739084e-08
0.0104299559950047 1.31169837824553e-07
0.0106496063033465 1.86620913069893e-07
0.0108648151081024 2.62671558156557e-07
0.0110758415154527 3.65986247930458e-07
0.0112829203692826 5.0508576193141e-07
0.0114862653184815 6.90778254097019e-07
0.0116860714028363 9.36674179639225e-07
0.0118825172467901 1.25980661694524e-06
0.012075766931404 1.68134991788432e-06
0.0122659716004149 2.22746227094843e-06
0.0124532708451554 2.93027168529561e-06
0.0126377939044588 3.82901247689917e-06
0.0128196607088955 4.97134300308689e-06
0.01299898279334 6.41485167021184e-06
0.0131758640976128 8.22877264362394e-06
0.013350401671534 1.04959413664211e-05
0.0135226862979798 1.33150121299734e-05
0.0136928030453073 1.68029479595776e-05
0.0138608317586935 2.10978163838783e-05
0.0140268474984508 2.6361909498702e-05
0.0141909209321475 3.27852304241398e-05
0.0143531186863509 4.05893472660747e-05
0.0145135036629613 5.00316520470828e-05
0.0146721353243975 6.14100475293603e-05
0.0148290699513058 7.50680895727132e-05
0.0149843608759582 9.14005949315556e-05
0.0151380586940862 0.000110859761382341
0.015290211457538 0.000133961792128452
0.0154408648498379 0.000161294068619952
0.015590062346467 0.00019352287025985
0.0157378453614608 0.000231401670003536
0.0158842533817238 0.000275780002985714
0.016029324090297 0.000327612951236129
0.0161730934796683 0.0003879711898316
0.0163155959560923 0.000458051665380948
0.0164568644357756 0.000539188861619665
0.0165969304336908 0.000632866652839994
0.0167358241456968 0.000740730762707659
0.0168735745245728 0.000864601760908624
0.0170102093505091 0.0010064886452079
0.0171457552965384 0.00116860292896033
0.0172802379893476 0.00135337322250847
0.0174136820658602 0.00156346029776964
0.0175461112259442 0.00180177254910764
0.0176775482815659 0.00207148184121215
0.017808015202676 0.00237603968644443
0.0179375331600917 0.00271919367512554
0.0180661225656113 0.00310500411903066
0.0181938031095754 0.00353786082787941
0.0183205937960718 0.00402249994406766
0.0184465129759622 0.00456402077390159
0.0185715783778923 0.00516790251144347
0.0186958071374348 0.00584002077618834
0.0188192158245003 0.00658666387961194
0.0189418204691408 0.00741454871980112
0.0190636365858587 0.00833083620316695
0.0191846791965263 0.00934314610348136
0.0193049628520123 0.0104595712367203
0.019424501652602 0.0116886908728876
0.0195433092672931 0.0130395832363765
0.0196613989520423 0.0145218370486935
0.0197787835670311 0.0161455619607516
0.0198954755930139 0.0179213977724442
0.0200114871468091 0.0198605223515662
0.0201268299959852 0.0219746581541892
0.0202415155727945 0.0242760772225828
0.0203555549873994 0.0267776045776906
0.0204689590404361 0.0294926199294774
0.0205817382349544 0.032435057580218
0.0206939027877721 0.0356194044813269
0.0208054626402787 0.0390606963348133
0.0209164274687197 0.0427745116881036
0.0210268066939929 0.0467769639569894
0.0211366094909839 0.0510846913167051
0.0212458447974675 0.0557148444082233
0.0213545213225992 0.0606850718570985
0.0214626475550193 0.0660135035191587
0.021570231770592 0.0717187315017441
0.0216772820397981 0.0778197888806228
0.0217838062348008 0.0843361261688803
0.0218898120362028 0.0912875855403979
0.0219953069395089 0.0986943727777929
0.0221002982613118 0.106577027061877
0.022204793145215 0.114956388572839
0.0223087985675046 0.123853563996519
0.0224123213425855 0.133289889969661
0.022515368128192 0.143286894592
0.022617945430385 0.153866257015609
0.0227200596083458 0.165049765262993
0.0228217168789767 0.176859272353512
0.022922923321319 0.189316650860416
0.0230236848807947 0.202443746004967
0.023124007373283 0.216262327435927
0.0232238964890376 0.230794039821684
0.0233233577964534 0.246060352398071
0.023422396745689 0.262082507633774
0.0235210186721522 0.278881469156822
0.023619228799854 0.296477869108295
0.0237170322446379 0.314891955106156
0.02381443401729 0.334143536961751
0.0239114390265346 0.354251933339678
0.0240080520819216 0.375235918547022
0.0241042778966084 0.397113669589986
0.0242001210900441 0.419902713738778
0.0242955861905566 0.443619876700917
0.0243906776378497 0.468281231653961
0.0244853997854124 0.493902049259914
0.0245797569028451 0.520496748864365
0.0246737531781047 0.548078851025893
0.0247673927196746 0.576660931567811
0.0248606795586595 0.606254577283916
0.0249536176508111 0.636870343481827
0.0250462108784847 0.668517713491
0.0251384630525326 0.701205060285341
0.0252303779141339 0.734939610359498
0.0253219591365647 0.769727409979872
0.0254132103269116 0.805573293932453
0.0255041350277295 0.842480856874933
0.0255947367186458 0.880452427402152
0.0256850188179153 0.919489044902237
0.0257749846839241 0.95959043928794
0.0258646376166481 1.00075501369949
0.0259539808590651 1.0429798301821
0.0260430175985239 1.08626059846721
0.0261317509680707 1.13059166781444
0.0262201840477362 1.17596602200424
0.0263083198657825 1.22237527747418
0.0263961613999136 1.26980968460039
0.026483711578449 1.31825813212755
0.0265709732814631 1.36770815473693
0.0266579493418904 1.4181459437262
0.026744642546599 1.46955636075898
0.0268310556374322 1.52192295462659
0.0269171913122208 1.57522798101254
0.0270030522257656 1.62945242514293
0.0270886409907921 1.68457602727696
0.0271739601788785 1.74057731095834
0.0272590123213572 1.79743361390716
0.0273437999101909 1.85512112151046
0.0274283253988248 1.91361490274149
0.0275125912030148 1.97288894843169
0.0275965997016333 2.03291621179076
0.0276803532374527 2.09366865100073
0.0277638541179076 2.15511727381996
0.027847104615837 2.21723218399705
0.0279301069702058 2.27998262940388
0.0280128633868074 2.34333705173911
0.028095376038948 2.40726313762604
0.0281776470681121 2.47172787100604
0.0282596785846115 2.53669758664155
0.0283414726682165 2.60213802459757
0.0284230313687714 2.66801438554373
0.028504356706794 2.73429138673403
0.0285854506740593 2.80093331850001
0.028666315234169 2.86790410113194
0.028746952323106 2.93516734197279
0.0288273638497758 3.00268639260493
0.0289075516965329 3.07042440596436
0.0289875177196957 3.13834439325613
0.0290672637500476 3.20640928053001
0.029146791593326 3.27458196477944
0.0292261030306996 3.34282536943944
0.0293051998192335 3.41110249915656
0.029384083692344 3.47937649370075
0.0294627563602412 3.54761068092609
0.0295412195103621 3.61576862863134
0.0296194748077925 3.683814195272
0.0296975238956798 3.75171157935874
0.0297753683956349 3.81942536750692
0.0298530099081259 3.88692058100546
0.029930450012862 3.95416272085217
0.0300076902691679 4.02111781116179
0.030084732216351 4.08775244089939
0.0301615773740587 4.15403380385016
0.0302382272426284 4.21992973677373
0.0303146833034294 4.28540875573088
0.0303909470191965 4.35044009048455
0.0304670198343572 4.41499371695472
0.0305429031753503 4.47904038774114
0.0306185984509381 4.54255166060236
0.0306941070525119 4.6054999249711
0.0307694303543901 4.66785842639262
0.0308445697141101 4.72960128898433
0.0309195264727137 4.79070353580041
0.0309943019550266 4.85114110721294
0.0310688974699315 4.91089087725614
0.0311433143106352 4.96993066794199
0.0312175537549305 5.02823926162065
0.0312916170654521 5.08579641134748
0.031365505489927 5.14258284932796
0.0314392202614199 5.19858029345822
0.0315127625985733 5.25377145197972
0.0315861337058427 5.30814002633701
0.0316593347737262 5.36167071222277
0.0317323669789908 5.4143491988915
0.0318052314848921 5.46616216679058
0.0318779294413913 5.5170972835607
0.0319504619853665 5.56714319844755
0.0320228302408203 5.6162895351753
0.0320950353190831 5.66452688339198
0.0321670783190119 5.71184678868275
0.0322389603271858 5.75824174124833
0.0323106824180972 5.80370516332101
0.0323822456543387 5.84823139534393
0.0324536510867873 5.89181568102421
0.0325248997547845 5.93445415130097
0.0325959926863122 5.97614380729162
0.0326669308981665 6.01688250229536
0.0327377153961267 6.05666892292653
0.0328083471751223 6.09550256942048
0.0328788272193956 6.13338373519436
0.0329491565026623 6.17031348573388
0.0330193359882677 6.2062936368546
0.0330893666293415 6.24132673241154
0.0331592493689483 6.2754160215269
0.033228985140236 6.30856543537572
0.0332985748665808 6.34077956361462
0.0333680194617305 6.37206363049219
0.0334373198299439 6.4024234707288
0.0335064768661285 6.43186550517507
0.0335754914559753 6.46039671634723
0.0336443644760909 6.48802462387075
0.0337130967941279 6.51475725988968
0.0337816892689118 6.54060314447662
0.0338501427505668 6.56557126112037
0.0339184580806383 6.58967103230352
0.0339866360922138 6.612912295236
0.0340546776100415 6.63530527776215
0.0341225834506465 6.65686057452409
0.0341903544224454 6.6775891233494
0.0342579913258582 6.69750218197085
0.0343254949534191 6.71661130507033
0.0343928660898843 6.73492832166144
0.034460105512339 6.75246531289651
0.0345272139903013 6.76923459026984
0.0345941922858258 6.78524867425915
0.0346610411536038 6.80052027344477
0.034727761341063 6.81506226410353
0.0347943535884646 6.82888767031011
0.0348608186289996 6.84200964454158
0.0349271571888828 6.854441448841
0.0349933699874449 6.86619643651113
0.0350594577372243 6.87728803436582
0.0351254211440561 6.88772972555225
0.0351912609071601 6.89753503295183
0.0352569777192273 6.90671750315493
0.0353225722665051 6.91529069102224
0.0353880452288804 6.92326814484464
0.0354533972799627 6.93066339208047
0.0355186290871639 6.93748992569252
0.0355837413117786 6.94376119108103
0.0356487346090622 6.94949057358657
0.0357136096283076 6.95469138660446
0.0357783670129208 6.95937686024825
0.0358430074004958 6.96356013062027
0.0359075314228876 6.9672542296392
0.0359719397062839 6.97047207541653
0.0360362328712768 6.97322646321395
0.0361004115329317 6.97553005693535
0.0361644763008567 6.97739538112935
0.0362284277792696 6.978834813569
0.0362922665670647 6.97986057830012
0.0363559932578782 6.98048473922289
0.0364196084401523 6.98071919414418
0.0364831126971991 6.98057566933318
0.0365465066072628 6.98006571452096
0.0366097907435807 6.97920069837176
0.0366729656744445 6.97799180438978
0.0367360319632591 6.9764500272349
0.0367989901686017 6.97458616950132
0.0368618408442791 6.97241083883266
0.0369245845393851 6.96993444547074
0.0369872217983559 6.96716720016615
0.0370497531610255 6.96411911242052
0.03711217916268 6.96079998911366
0.0371745003341111 6.95721943342807
0.0372367172016685 6.95338684410056
0.037298830287312 6.94931141498202
0.0373608401086624 6.94500213486964
0.0374227471790522 6.94046778763068
0.0374845520075748 6.9357169525675
0.0375462550991333 6.93075800505678
0.0376078569544891 6.92559911738608
0.0376693580703087 6.92024825985453
0.0377307589392111 6.91471320203673
0.0377920600498131 6.90900151428486
0.0378532618867752 6.90312056938603
0.0379143649308461 6.89707754440971
0.037975369658907 6.8908794226977
0.0380362765440144 6.88453299601786
0.0380970860554438 6.87804486685634
0.038157798658731 6.87142145083141
0.0382184148157143 6.86466897921844
0.0382789349845754 6.85779350160026
0.0383393596198792 6.85080088860462
0.0383996891726147 6.84369683472758
0.0384599240902334 6.83648686124128
0.0385200648166882 6.82917631917442
0.0385801117924718 6.82177039234795
0.0386400654546543 6.8142741004764
0.0386999262369203 6.80669230229843
0.0387596945696051 6.79902969877741
0.0388193708797314 6.79129083629959
0.0388789555910447 6.78348010992083
0.0389384491240481 6.77560176662754
0.0389978518960374 6.76765990861241
0.0390571643211348 6.75965849655182
0.039116386810323 6.75160135289785
0.039175519771478 6.74349216515617
0.0392345636094022 6.73533448916432
0.0392935187258567 6.72713175235508
0.039352385519593 6.71888725700735
0.0394111643863846 6.71060418346453
0.0394698557190581 6.70228559334931
0.0395284599075237 6.69393443273732
0.0395869773388055 6.68555353530428
0.0396454083970713 6.67714562543602
0.0397037534636621 6.66871332131312
0.0397620129171208 6.6602591379416
0.0398201871332214 6.65178549015591
0.039878276484997 6.64329469557311
0.0399362813427674 6.63478897749859
0.0399942020741673 6.6262704677937
0.0400520390441729 6.61774120969501
0.0401097926151291 6.60920316056401
0.0401674631467758 6.60065819462117
0.0402250509962739 6.59210810559028
0.0402825565182317 6.5835546093234
0.0403399800647297 6.57499934635028
0.0403973219853459 6.56644388438201
0.0404545826271812 6.55788972075225
0.040511762334883 6.54933828482493
0.0405688614506702 6.54079094032151
0.0406258803143565 6.53224898760097
0.0406828192633744 6.52371366589878
0.0407396786327984 6.5151861554871
0.040796458755368 6.50666757979878
0.0408531599615101 6.49815900748685
0.040909782579362 6.4896614544313
0.0409663269347931 6.48117588569532
0.0410227933514271 6.47270321742094
0.0410791821506634 6.46424431868106
0.0411354936516985 6.45580001326716
0.0411917281715469 6.44737108143631
0.0412478860250625 6.43895826159536
0.0413039675249584 6.4305622519505
0.0413599729818278 6.42218371208898
0.0414159027041638 6.41382326452059
0.0414717569983793 6.40548149617954
0.0415275361688265 6.39715895986059
0.0415832405178164 6.38885617562059
0.0416388703456378 6.38057363213432
0.0416944259505762 6.37231178800263
0.0417499076289326 6.36407107301456
0.0418053156750416 6.35585188937351
0.04186065038129 6.3476546128765
0.0419159120381346 6.33947959405356
0.0419711009341201 6.33132715926734
0.0420262173558964 6.32319761177582
0.0420812615882364 6.31509123275196
0.0421362339140528 6.30700828227255
0.0421911346144151 6.29894900026715
0.0422459639685668 6.29091360743343
0.0423007222539414 6.28290230611768
0.042355409746179 6.27491528116183
0.0424100267191426 6.26695270072057
0.0424645734449341 6.25901471704202
0.0425190501939097 6.25110146722797
0.0425734572346962 6.24321307395123
0.042627794834206 6.23534964615684
0.0426820632576524 6.22751127972887
0.0427362627685649 6.21969805813104
0.0427903936288039 6.21191005302012
0.0428444560985757 6.20414732484209
0.042898450436447 6.19640992339621
0.0429523768993592 6.1886978883749
0.0430062357426428 6.18101124988577
0.0430600272200315 6.17335002895251
0.043113751583676 6.16571423798821
0.0431674090841582 6.15810388125389
0.0432209999705041 6.15051895529353
0.0432745244901983 6.14295944935813
0.0433279828891962 6.13542534580025
0.043381375411938 6.12791662045146
0.0434347023013617 6.12043324300327
0.0434879637989153 6.11297517733822
0.0435411601445706 6.10554238187722
0.0435942915768347 6.09813480988824
0.0436473583327635 6.09075240979604
0.0437003606479733 6.08339512546839
0.0437532987566533 6.07606289649265
0.0438061728915777 6.0687556584416
0.0438589832841176 6.06147334312354
0.0439117301642529 6.0542158788175
0.0439644137605836 6.04698319050779
0.0440170343003419 6.03977520009382
0.0440695920094034 6.03259182660434
0.0441220871122981 6.02543298638624
0.0441745198322221 6.01829859329558
0.0442268903910486 6.01118855887266
0.0442791990093384 6.00410279251651
0.0443314459063511 5.99704120163435
0.0443836313000561 5.99000369180562
0.0444357554071424 5.98299016691806
0.04448781844303 5.97600052930933
0.0445398206218795 5.96903467989545
0.044591762156603 5.96209251829292
0.0446436432588738 5.95517394293775
0.044695464139137 5.94827885119543
0.0447472250066188 5.94140713946473
0.0447989260693368 5.93455870327767
0.0448505675341097 5.92773343739588
0.0449021496065668 5.92093123589327
0.0449536724911578 5.91415199224506
0.0450051363911619 5.90739559940766
0.0450565415086975 5.90066194988919
0.0451078880447314 5.8939509358218
0.0451591761990876 5.887262449031
0.0452104061704569 5.88059638109476
0.0452615781564056 5.87395262340572
0.0453126923533844 5.86733106722521
0.0453637489567371 5.86073160373686
0.0454147481607098 5.85415412409241
0.0454656901584587 5.84759851946362
0.0455165751420594 5.8410646810811
0.045567403302515 5.83455250027955
0.0456181748297645 5.82806186853289
0.045668889912691 5.82159267748956
0.0457195487391301 5.81514481901004
0.0457701514958778 5.80871818519242
0.0458206983686988 5.80231266840798
0.045871189542334 5.79592816132596
0.0459216252005091 5.78956455693858
0.0459720055259417 5.7832217485862
0.0460223307003492 5.7768996299765
0.0460726009044568 5.77059809520922
0.0461228163180047 5.76431703879192
0.0461729771197556 5.75805635565986
0.0462230834875025 5.75181594119409
0.0462731355980756 5.74559569123014
0.0463231336273499 5.73939550207755
0.046373077750252 5.73321527053251
0.0464229681407679 5.72705489388566
0.0464728049719493 5.720914269937
0.0465225884159215 5.71479329700256
0.0465723186438893 5.70869187392583
0.0466219958261448 5.70260990008502
0.0466716201320735 5.69654727539872
0.0467211917301616 5.69050390033504
0.0467707107880023 5.68447967591449
0.0468201774723025 5.67847450371782
0.0468695919488894 5.6724882858887
0.046918954382717 5.66652092514049
0.0469682649378724 5.66057232475468
0.0470175237775823 5.65464238858716
0.0470667310642193 5.64873102107177
0.0471158869593081 5.64283812721896
0.0471649916235315 5.63696361261936
0.0472140452167369 5.63110738344385
0.0472630478979422 5.62526934644622
0.0473119998253416 5.61944940896071
0.047360901156312 5.6136474789044
0.0474097520474184 5.60786346477508
0.0474585526544202 5.60209727565204
0.0475073031322767 5.59634882119578
0.047556003635153 5.5906180116445
0.0476046543164257 5.58490475781581
0.0476532553286882 5.57920897110322
0.0477018068237568 5.5735305634746
0.0477503089526758 5.56786944747135
0.0477987618657234 5.56222553620563
0.0478471657124166 5.55659874335753
0.0478955206415171 5.55098898317417
0.0479438268010364 5.54539617046639
0.0479920843382409 5.53982022060558
0.0480402933996576 5.53426104952184
0.0480884541310788 5.5287185737007
0.0481365666775676 5.52319271018024
0.0481846311834628 5.51768337654877
0.048232647792384 5.51219049093961
0.0482806166472368 5.50671397203104
0.0483285378902174 5.5012537390401
0.0483764116628178 5.4958097117212
0.0484242381058305 5.49038181036181
0.0484720173593535 5.48496995577908
0.0485197495627949 5.47957406931704
0.0485674348548779 5.47419407284271
0.0486150733736452 5.46882988874247
0.0486626652564638 5.46348143991827
0.0487102106400298 5.4581486497854
0.0487577096603726 5.45283144226691
0.0488051624528599 5.44752974179142
0.0488525691522016 5.44224347328925
0.048899929892455 5.43697256218814
0.0489472448070286 5.43171693441059
0.0489945140286868 5.42647651636954
0.0490417376895542 5.42125123496497
0.0490889159211197 5.41604101757999
0.0491360488542411 5.41084579207758
0.0491831366191493 5.40566548679676
0.0492301793454522 5.40050003054919
0.049277177162139 5.39534935261527
0.0493241301975845 5.39021338274047
0.049371038579553 5.38509205113214
0.0494179024352025 5.37998528845534
0.0494647218910885 5.37489302583011
0.0495114970731682 5.36981519482707
0.0495582281068045 5.3647517274645
0.0496049151167695 5.35970255620433
0.049651558227249 5.35466761394912
0.0496981575618459 5.3496468340382
0.049744713243584 5.34464015024438
0.0497912253949123 5.33964749677068
0.0498376941377081 5.3346688082467
0.0498841195932812 5.32970401972518
0.0499305018823774 5.3247530666788
0.0499768411251822 5.31981588499677
