0 940.990380521183
0.000909090909090909 940.990380521183
0.00181818181818182 940.990380521183
0.00272727272727273 940.990380521183
0.00363636363636364 940.990380521183
0.00454545454545455 940.990380521182
0.00545454545454545 940.990380521174
0.00636363636363636 940.990380521128
0.00727272727272727 940.990380520864
0.00818181818181818 940.990380519436
0.00909090909090909 940.990380512213
0.01 940.990380477941
0.0109090909090909 940.990380325386
0.0118181818181818 940.990379688139
0.0127272727272727 940.990377189523
0.0136363636363636 940.99036799112
0.0145454545454545 940.990336188494
0.0154545454545455 940.990232894422
0.0163636363636364 940.989917623114
0.0172727272727273 940.989013060951
0.0181818181818182 940.986572429113
0.0190909090909091 940.980377144798
0.02 940.965574988291
0.0209090909090909 940.932268212046
0.0218181818181818 940.861643197655
0.0227272727272727 940.720415459244
0.0236363636363636 940.453861186171
0.0245454545454545 939.978540811046
0.0254545454545455 939.176810033113
0.0263636363636364 937.895928232533
0.0272727272727273 935.954442705153
0.0281818181818182 933.157133611933
0.0290909090909091 929.317247088818
0.03 924.281814866451
0.0309090909090909 917.953825124965
0.0318181818181818 910.305004231127
0.0327272727272727 901.375309387937
0.0336363636363636 891.259116475132
0.0345454545454545 880.081931408274
0.0354545454545455 867.97370098655
0.0363636363636364 855.044708186002
0.0372727272727273 841.367963250814
0.0381818181818182 826.969061369203
0.0390909090909091 811.82186663072
0.04 795.846797280128
0.0409090909090909 778.907921384966
0.0418181818181818 760.804954527718
0.0427272727272727 741.255683070006
0.0436363636363636 719.862087918001
0.0445454545454545 696.047295973024
0.0454545454545455 668.934863728279
0.0463636363636364 637.099605424694
0.0472727272727273 597.987230538813
0.0481818181818182 546.288237270399
0.0490909090909091 467.736063736315
0.05 293
