0.000454545454545455 -0
0.00136363636363636 -2.49926870310446e-13
0.00227272727272727 1.24799726108904e-13
0.00318181818181818 1.24554162539425e-13
0.00409090909090909 1.24226744446787e-12
0.005 8.17195314084529e-12
0.00590909090909091 4.9947169600273e-11
0.00681818181818182 2.85769829133642e-10
0.00772727272727273 1.53355749716866e-09
0.00863636363636364 7.71084562074975e-09
0.00954545454545455 3.63389804761027e-08
0.0104545454545455 1.60546761704836e-07
0.0113636363636364 6.65126569288078e-07
0.0122727272727273 2.58454366732963e-06
0.0131818181818182 9.42201600880366e-06
0.0140909090909091 3.22322790571013e-05
0.015 0.000103499627208446
0.0159090909090909 0.000312039777722987
0.0168181818181818 0.000883567275294752
0.0177272727272727 0.00235059692894756
0.0186363636363636 0.00587752818229317
0.0195454545454545 0.0138191452935979
0.0204545454545455 0.0305672938987563
0.0213636363636364 0.0636465567191261
0.0222727272727273 0.124832610259047
0.0231818181818182 0.230812010596332
0.0240909090909091 0.402686668602119
0.025 0.663632651434058
0.0259090909090909 1.03442733333031
0.0268181818181818 1.52738607924521
0.0277272727272727 2.14024916031386
0.0286363636363636 2.85222931050456
0.0295454545454545 3.62425234204884
0.0304545454545455 4.40421758017692
0.0313636363636364 5.13625971842075
0.0322727272727273 5.77135107410219
0.0331818181818182 6.27598492117488
0.0340909090909091 6.63645363344741
0.035 6.85798062856006
0.0359090909090909 6.95980611446278
0.0368181818181818 6.96843831192772
0.0377272727272727 6.91132891415435
0.0386363636363636 6.81245083363314
0.0395454545454546 6.69019929333399
0.0404545454545455 6.55720824777626
0.0413636363636364 6.42130337393462
0.0422727272727273 6.28685020808548
0.0431818181818182 6.15600700498953
0.0440909090909091 6.0296671725486
0.045 5.90807011045253
0.0459090909090909 5.79115183800509
0.0468181818181818 5.67872570968112
0.0477272727272727 5.5705665246715
0.0486363636363636 5.46644575623692
0.0495454545454545 5.36614451734227
