0.00337099931231621 1.61151378282456e-12
0.00813831225854417 6.9585023629001e-09
0.0106060550274394 3.24007247468503e-07
0.0125807407058438 5.37547729919055e-06
0.0142797822390765 4.95297082636423e-05
0.0157950118528918 0.000306166571160837
0.0171760540886062 0.0014081277094761
0.0184534517426144 0.00514118653253184
0.0196476238294046 0.0155736515824253
0.0207730337547292 0.0404072986493813
0.0218403757052795 0.0919808457960137
0.0228578240499218 0.187166012060898
0.0238317950325328 0.345584318285197
0.0247674353478478 0.586151939901466
0.0256689486744152 0.922687972537987
0.0265398214459422 1.35983534763213
0.0273829834778291 1.89057637902159
0.0282009250672481 2.49615432177044
0.0289957841798154 3.14845467206235
0.0297694125700197 3.81417597327551
0.0305234267452213 4.45969107036123
0.031259247817175 5.05546649347144
0.0319781330679135 5.57920404915668
0.032681201243967 6.01732951853158
0.0333694530384765 6.36490207104586
0.0340437878353893 6.62433202635488
0.0347050175174425 6.80342930920825
0.0353538779439512 6.91328187644978
0.0359910385618768 6.96634036474716
0.0366171105084598 6.97492592671281
0.0372326534851386 6.95023197264122
0.0378381816231506 6.90178439022377
0.0384341685159489 6.83726554925346
0.0390210515587095 6.76258826358417
0.0395992357081091 6.68211407929228
0.0401690967543339 6.59893264905992
0.0407309841805154 6.51514525008374
0.041285223671459 6.43211926696727
0.0418321193228579 6.3506987061227
0.0423719555935782 6.27136799363384
0.0429049990366224 6.19437327100547
0.043431499838694 6.11980851535213
0.0439516931936104 6.04767444754318
0.0444658005309758 5.97791746901034
0.0449740306183302 5.91045456660422
0.0454765805523492 5.84518872299167
0.0459736366524463 5.78201811575118
0.0464653752682751 5.72084137788573
0.0469519635110592 5.66156043480655
0.0474335599173533 5.60408189474705
0.0479103150527132 5.54831760383116
0.0483823720617933 5.49418473750532
0.048849867170571 5.44160564820837
0.0493129301456942 5.39050759568038
0.0497716847153431 5.34082243030522
