0 962.717275011913
0.00674199862463242 962.717275011903
0.00953462589245592 962.717274991947
0.0116774841624228 962.717274265275
0.0134839972492648 962.717263905059
0.0150755672288882 962.717178150443
0.0165144564768954 962.716689316269
0.0178376517003169 962.714579619579
0.0190692517849118 962.707260790999
0.0202259958738973 962.685995250956
0.021320071635561 962.632675193718
0.0223606797749979 962.514668577114
0.0233549683248457 962.280022855321
0.0243086217402199 961.854823652502
0.0252262489554756 961.144374844121
0.0261116483933547 960.039014051208
0.0269679944985297 958.424073053072
0.0277979724571285 956.192231633897
0.0286038776773678 953.255771798162
0.0293876906822629 949.556259495546
0.0301511344577764 945.069895806364
0.0308957190326662 939.80788571451
0.0316227766016838 933.812287976457
0.0323334895341432 927.148625377648
0.0330289129537908 919.896901504802
0.0337099931231621 912.142603689414
0.0343775825476164 903.968900610571
0.0350324524872685 895.450736769662
0.0356753034006338 886.651034688357
0.0363067737231197 877.618836259021
0.0369274472937998 868.388985152343
0.0375378596764774 858.982863892535
0.0381385035698237 849.409716715794
0.0387298334620742 839.66816906964
0.0393122696553448 829.747657747617
0.0398862017608733 819.629584268978
0.0404519917477945 809.288082115816
0.0410099766132362 798.690339294773
0.0415604707296817 787.796440890889
0.0421037679160342 776.558693826277
0.0426401432711221 764.92036943206
0.0431698548021228 752.813747140196
0.0436931448752652 740.157257276373
0.0442102415119557 726.851385403264
0.0447213595499958 712.772780175431
0.0452267016866645 697.765632772314
0.0457264594180338 681.628730815147
0.0462208138868588 664.09534255006
0.0467099366496914 644.8006063623
0.0471939903724269 623.225811516705
0.0476731294622796 598.596683706379
0.0481475006431468 569.681103499754
0.0486172434804398 534.337516645394
0.0490824908607021 488.324666459141
0.0495433694306862 421.217686100243
0.05 293
