0 975.984336376072
0.00211288563682129 975.984336376072
0.00298807152333598 975.984336376072
0.003659625273557 975.984336376071
0.00422577127364258 975.984336376071
0.00472455591261534 975.98433637607
0.00517549169506766 975.984336376067
0.00559016994374947 975.984336376061
0.00597614304667197 975.984336376049
0.00633865691046388 975.984336376024
0.00668153104781061 975.984336375979
0.00700764888226735 975.984336375898
0.007319250547114 975.984336375757
0.00761811750275055 975.984336375517
0.00790569415042095 975.984336375122
0.00818317088384971 975.984336374485
0.00845154254728517 975.98433637348
0.00871165065546462 975.984336371923
0.00896421457000795 975.984336369552
0.00920985497016259 975.984336366
0.00944911182523068 975.984336360754
0.00968245836551854 975.984336353113
0.00991031208965115 975.98433634212
0.0101330435422222 975.984336326492
0.0103509833901353 975.984336304517
0.0105644281841065 975.984336273936
0.0107736450921417 975.984336231792
0.010978875820671 975.984336174241
0.0111803398874989 975.984336096332
0.01137823737291 975.984335991726
0.0115727512471569 975.984335852366
0.011764049351429 975.984335668079
0.0119522860933439 975.984335426094
0.0121376039056903 975.984335110481
0.0123201345076145 975.984334701477
0.0125 975.984334174698
0.0126773138209278 975.984333500214
0.0128521815824618 975.984332641477
0.0130247018062932 975.984331554063
0.0131949665727937 975.984330184233
0.0133630620956212 975.984328467268
0.0135290692320542 975.984326325555
0.0136930639376292 975.984323666413
0.0138551176723363 975.984320379611
0.0140152977645347 975.984316334548
0.014173667737846 975.984311377076
0.0143302876055278 975.984305325916
0.0144852141361952 975.984297968634
0.014638501094228 975.984289057138
0.014790199457749 975.98427830266
0.0149403576166799 975.984265370164
0.0150890215530554 975.984249872157
0.0152362350055011 975.984231361844
0.0153820396195414 975.984209325573
0.015526475085203 975.984183174547
0.0156695792632002 975.984152235719
0.0158113883008419 975.984115741852
0.0159519367386624 975.984072820675
0.0160912576086697 975.984022483087
0.0162293825250025 975.983963610363
0.0163663417676994 975.983894940311
0.0165021643602113 975.98381505233
0.0166368781412173 975.983722351315
0.0167705098312484 975.98361505038
0.0169030850945703 975.983491152331
0.0170346285967312 975.983348429869
0.0171651640581399 975.983184404468
0.0172947143040046 975.982996323899
0.0174233013109292 975.982781138367
0.0175509462504366 975.982535475235
0.0176776695296637 975.982255612297
0.0178034908294493 975.9819374496
0.0179284291400159 975.981576479791
0.0180525027944287 975.981167756977
0.0181757294999992 975.980705864103
0.018298126367785 975.980184878846
0.0184197099403252 975.979598338039
0.0185404962177392 975.978939200643
0.0186605006823045 975.978199809288
0.0187797383216213 975.977371850414
0.0188982236504614 975.976446313068
0.0190159707313916 975.975413446374
0.0191329931942555 975.974262715769
0.0192493042545884 975.972982758041
0.0193649167310371 975.971561335253
0.0194798430618495 975.96998528764
0.0195940953204931 975.968240485553
0.0197076852304591 975.966311780566
0.0198206241793023 975.964182955837
0.0199329232319655 975.961836675844
0.0200445931434318 975.959254435621
0.0201556443707464 975.956416509619
0.0202660870844444 975.95330190032
0.0203759311794227 975.949888286775
0.0204851862852857 975.946151973186
0.0205938617761979 975.942067837704
0.0207019667802706 975.937609281606
0.0208095101885103 975.932748179015
0.0209165006633519 975.927454827332
0.0210229466468021 975.921697898561
0.0211288563682129 975.91544439171
0.0212342378517068 975.908659586433
0.0213390989232709 975.901306998126
0.0214434472175401 975.893348334631
0.0215472901842834 975.884743454756
0.021650635094611 975.87545032879
0.0217534890469158 975.865425001198
0.0218558589725632 975.854621555679
0.021957751641342 975.842992082767
0.0220591736666889 975.83048665016
0.022160131510698 975.817053275942
0.0222606314889249 975.802637904867
0.0223606797749979 975.787184387881
0.022460282405043 975.770634465017
0.0225594452819339 975.752927751841
0.0226581741793741 975.734001729566
0.02275647474582 975.713791738977
0.0228543525082517 975.692230978307
0.0229518128757995 975.669250505149
0.0230488611432322 975.644779242536
0.0231455024943138 975.618743989268
0.0232417420050342 975.591069434578
0.0233375846467208 975.561678177197
0.0234330352890346 975.530490748887
0.023528098702858 975.497425642485
0.0236227795630767 975.462399344485
0.0237170824512628 975.425326372193
0.0238110118582618 975.386119315443
0.0239045721866879 975.344688882881
0.0239977677533319 975.30094395279
0.0240906027914858 975.254791628427
0.024183081453186 975.206137297818
0.0242752078113806 975.154884697954
0.0243669858620224 975.100935983311
0.0244584195260913 975.044191798603
0.0245495126515491 974.98455135568
0.0246402690152291 974.921912514435
0.0247306923246629 974.856171867609
0.0248207862198487 974.787224829358
0.0249105542749597 974.714965727411
0.025 974.639287898682
0.025089126842405 974.560083788148
0.0251779381885922 974.47724505081
0.0252664373654628 974.39066265656
0.0253546276418555 974.300226997725
0.0254425122299554 974.205827999109
0.0255300942866593 974.107355230296
0.025617376914899 974.00469801999
0.0257043631649237 973.897745572175
0.025791056035544 973.786387083839
0.0258774584753383 973.670511864041
0.0259635733838226 973.550009454066
0.0260494036125864 973.42476974841
0.0261349519663939 973.294683116369
0.0262202212042538 973.159640523961
0.0263052140404576 973.019533655927
0.0263899331455874 972.874255037569
0.0264743811474954 972.72369815617
0.0265585606322546 972.567757581735
0.0266424741450832 972.406329086816
0.0267261241912424 972.239309765169
0.026809513236909 972.066598149003
0.0268926437100239 971.888094324581
0.0269755180011167 971.703700045944
0.0270581384641083 971.513318846524
0.0271405074170905 971.316856148432
0.027222627143085 971.114219369207
0.027304499890782 970.905318025808
0.0273861278752583 970.690063835669
0.0274675132786768 970.46837081461
0.027548658250967 970.240155371427
0.0276295649104878 970.005336399
0.0277102353446726 969.763835361738
0.0277906716106579 969.515576379218
0.0278708757358952 969.260486305887
0.0279508497187474 968.998494806666
0.0280305955290694 968.72953442837
0.0281101151087748 968.453540666805
0.0281894103723873 968.170452029463
0.0282684832075784 967.880210093718
0.028347335475692 967.582759560446
0.0284259690122556 967.278048303011
0.0285043856274785 966.966027411559
0.0285825871067384 966.646651232576
0.0286605752110555 966.319877403686
0.0287383516775555 965.985666883657
0.0288159182199204 965.643983977626
0.0288932765288298 965.294796357519
0.0289704282723904 964.938075077705
0.0290473750965556 964.573794585883
0.0291241186255359 964.201932729259
0.029200660462198 963.822470756029
0.029277002188456 963.435393312252
0.0293531453656528 963.040688434141
0.0294290915349324 962.638347535873
0.0295048422176041 962.228365392972
0.0295803989154981 961.810740121375
0.0296557631113125 961.385473152257
0.0297309362689534 960.952569202729
0.0298059198338662 960.51203624251
0.0298807152333598 960.063885456701
0.0299553238769243 959.608131204765
0.0300297471565399 959.144790975861
0.0301039864469807 958.673885340645
0.0301780431061109 958.19543789969
0.030251918475174 957.709475228657
0.0303256138790768 957.216026820367
0.0303991306266667 956.715125023927
0.0304724700110022 956.206804981045
0.0305456333096191 955.691104559712
0.0306186217847897 955.168064285383
0.0306914366837769 954.637727269839
0.0307640792390829 954.100139137859
0.0308365506686928 953.555347951895
0.0309088521763126 953.003404134886
0.0309809849516026 952.444360391374
0.0310529501704059 951.878271627096
0.0311247489949718 951.305194867192
0.0311963825741749 950.725189173203
0.0312678520437297 950.138315558996
0.0313391585264004 949.544636905796
0.0314103031322072 948.94421787645
0.0314812869586272 948.337124829093
0.0315521110907926 947.723425730356
0.0316227766016838 947.103190068252
0.0316932845523194 946.476488764901
0.0317636359919417 945.843394089208
0.0318338319581991 945.203979569645
0.0319038734773247 944.558319907262
0.0319737615643113 943.906490889048
0.0320434972230828 943.248569301776
0.0321130814466628 942.58463284643
0.0321825152173395 941.914760053349
0.0322517995068271 941.239030198185
0.0323209352764251 940.557523218773
0.0323899234771733 939.870319633031
0.032458765050005 939.177500457962
0.0325274609258964 938.479147129866
0.0325960120260132 937.775341425831
0.0326644192618556 937.0661653866
0.0327326835353989 936.351701240871
0.0328008057392323 935.63203133111
0.0328687867566958 934.907238040944
0.032936627462013 934.17740372418
0.0330043287204226 933.442610635527
0.0330718913883074 932.702940863046
0.0331393163133201 931.958476262395
0.0332066043345081 931.209298392901
0.0332737562824346 930.455488455488
0.0333407729792988 929.697127232509
0.033407655239053 928.934295029492
0.0334744038675182 928.16707161884
0.0335410196624968 927.395536185485
0.0336075034138849 926.619767274528
0.0336738559037805 925.839842740866
0.0337400779065914 925.055839700811
0.0338061701891407 924.267834485713
0.03387213351077 923.475902597579
0.0339379686234417 922.680118666682
0.0340036762718386 921.880556411165
0.0340692571934623 921.077288598614
0.03413471211873 920.270387009594
0.0342000417710689 919.459922403132
0.0342652468670101 918.645964484129
0.0343303281162798 917.828581872668
0.0343952862218897 917.007842075215
0.0344601218802256 916.183811457656
0.0345248357811342 915.356555220177
0.0345894286080093 914.526137373919
0.0346539010378753 913.692620719407
0.0347182537414707 912.856066826698
0.0347824873833288 912.016536017219
0.0348466026218585 911.174087347257
0.0349106001094224 910.328778593062
0.0349744804924145 909.480666237522
0.0350382444113368 908.629805458365
0.0351018925008732 907.776250117854
0.0351654253899643 906.920052753928
0.0352288437018791 906.061264572732
0.035292148054287 905.199935442522
0.0353553390593274 904.336113888863
0.035418417323679 903.469847091106
0.035481383448628 902.601180880075
0.0355442380301345 901.730159736935
0.0356069816588986 900.856826793181
0.0356696149204253 899.981223831716
0.0357321383950879 899.103391288955
0.0357945526581909 898.223368257926
0.0358568582800318 897.341192492309
0.035919055825962 896.45690041138
0.0359811458564462 895.570527105798
0.0360431289271221 894.68210634421
0.0361050055888575 893.791670580614
0.0361667763878081 892.899250962446
0.0362284418654736 892.004877339344
0.0362900025587528 891.108578272544
0.0363514589999985 890.210381044878
0.0364128117170709 889.310311671314
0.0364740612333908 888.408394910018
0.0365352080679915 887.504654273884
0.03659625273557 886.599112042504
0.036657195746538 885.691789274529
0.0367180376070711 884.782705820395
0.0367787788191584 883.871880335379
0.0368394198806504 882.95933029293
0.0368999612853068 882.045071998276
0.0369604035228436 881.12912060224
0.0370207470789788 880.211490115252
0.0370809924354783 879.292193421526
0.0371411400702009 878.371242293361
0.0372011904571422 877.448647405549
0.0372611440664784 876.524418349853
0.0373210013646089 875.598563649535
0.0373807628141994 874.671090773902
0.0374404288742225 873.742006152851
0.0375 872.811315191381
0.0375594766432426 871.879022284061
0.0376188592520902 870.945130829414
0.0376781482711512 870.009643244215
0.0377373441415416 869.07256097767
0.0377964473009227 868.133884525461
0.0378554581835396 867.193613443638
0.0379143772202578 866.251746362335
0.0379732048386001 865.308280999312
0.0380319414627832 864.363214173271
0.0380905875137528 863.416541816978
0.0381491434092188 862.46825899013
0.0382076095636907 861.51835989199
0.0382659863885111 860.566837873751
0.0383242742918897 859.613685450634
0.0383824736789369 858.658894313699
0.0384405849516962 857.702455341365
0.0384986085091768 856.744358610619
0.0385565447473855 855.784593407912
0.0386143940593586 854.823148239736
0.0386721568351924 853.860010842861
0.0387298334620742 852.89516819424
0.0387874243243127 851.928606520556
0.0388449298033678 850.960311307427
0.0389023502778798 849.990267308236
0.038959686123699 849.018458552606
0.0390169377139138 848.044868354495
0.0390741054188796 847.069479319915
0.0391311896062463 846.092273354267
0.0391881906409863 845.113231669293
0.0392451088854213 844.132334789628
0.0393019446992494 843.149562558964
0.0393586984395717 842.164894145813
0.0394153704609183 841.178308048861
0.0394719611152742 840.189782101928
0.0395284707521047 839.199293478507
0.0395848997183811 838.206818695898
0.0396412483586046 837.212333618925
0.0396975170148318 836.215813463238
0.0397537060266982 835.217232798193
0.0398098157314428 834.216565549309
0.0398658464639309 833.213785000308
0.0399217985566783 832.208863794717
0.0399776723398735 831.201773937053
0.040033468141401 830.192486793565
0.0400891862868637 829.180973092552
0.0401448270996045 828.167202924244
0.0402003909007292 827.151145740238
0.040255878009127 826.1327703525
0.0403112887414928 825.112044931921
0.0403666234123476 824.088937006429
0.0404218823340597 823.063413458649
0.0404770658168654 822.035440523113
0.0405321741688889 821.004983783016
0.0405872076961625 819.972008166508
0.0406421667026466 818.936477942534
0.0406970514902493 817.898356716197
0.0407518623588455 816.857607423657
0.0408065996062962 815.814192326555
0.0408612635284674 814.768073005956
0.0409158544192486 813.719210355806
0.0409703725705714 812.667564575906
0.0410248182724277 811.613095164384
0.0410791918128875 810.555760909664
0.0411334934781169 809.495519881937
0.0411877235523957 808.432329424105
0.0412418823181345 807.36614614221
0.0412959700558922 806.29692589533
0.0413499870443925 805.224623784939
0.0414039335605413 804.149194143711
0.0414578098794425 803.07059052378
0.0415116162744151 801.988765684426
0.0415653530170089 800.903671579176
0.0416190203770206 799.815259342337
0.0416726186225097 798.723479274902
0.041726148019814 797.628280829868
0.0417796088335651 796.52961259691
0.0418330013267038 795.427422286424
0.0418863257604947 794.32165671291
0.0419395823945419 793.212261777691
0.041992771486803 792.099182450937
0.0420458932936041 790.982362752993
0.0420989480696541 789.86174573498
0.0421519360680588 788.737273458653
0.0422048575403353 787.608886975505
0.0422577127364258 786.476526305084
0.0423105019047112 785.340130412501
0.0423632252920249 784.199637185119
0.0424158831436662 783.054983408382
0.0424684757034136 781.906104740769
0.0425210032135381 780.752935687842
0.042573465914816 779.595409575359
0.042625864046542 778.433458521423
0.0426781978465419 777.267013407633
0.0427304675511848 776.096003849215
0.0427826733953962 774.920358164078
0.0428348156126699 773.74000334078
0.0428868944350802 772.55486500535
0.0429389100932942 771.364867386935
0.0429908628165833 770.169933282226
0.0430427528328355 768.969984018618
0.0430945803685667 767.764939416064
0.0431463456489323 766.554717747562
0.0431980488977388 765.339235698236
0.0432496903374546 764.118408322953
0.0433012701892219 762.892149002412
0.0433527886728672 761.66036939766
0.0434042460069124 760.422979402961
0.0434556424085855 759.179887096954
0.0435069780938316 757.930998692036
0.0435582532773231 756.676218481895
0.0436094681724705 755.415448787113
0.0436606229914325 754.148589898762
0.0437117179451264 752.875540019913
0.0437627532432384 751.596195204961
0.0438137290942332 750.310449296675
0.0438646457053644 749.018193860875
0.043915503282684 747.71931811864
0.0439663020310523 746.41370887592
0.0440170421541475 745.101250450456
0.0440677238544752 743.781824595871
0.0441183473333779 742.455310422815
0.0441689127910441 741.121584317025
0.0442194204265178 739.780519854154
0.0442698704377077 738.431987711223
0.0443202630213959 737.075855574536
0.0443705983732471 735.711988043893
0.0444208766878175 734.340246532912
0.0444710981585633 732.96048916529
0.0445212629778498 731.572570666788
0.0445713713369596 730.176342252744
0.0446214234261014 728.771651510879
0.0446714194344182 727.35834227917
0.0447213595499958 725.936254518539
0.044771243959871 724.505224180088
0.0448210728500398 723.065083066607
0.0448708464054653 721.615658688052
0.0449205648100861 720.156774110678
0.0449702282468238 718.688247799504
0.0450198368975912 717.209893453724
0.0450693909432999 715.721519834723
0.0451188905638679 714.222930586263
0.0451683359382275 712.713924046432
0.0452177272443326 711.194293050884
0.0452670646591663 709.663824726896
0.0453163483587483 708.122300277714
0.0453655785181421 706.569494756641
0.0454147553114624 705.005176830272
0.0454638789118822 703.429108530253
0.04551294949164 701.841044992875
0.0455619672220467 700.240734185807
0.0456109322734928 698.627916621167
0.045659844815455 697.002325054138
0.0457087050165033 695.363684166217
0.0457575130443078 693.711710232165
0.0458062690656452 692.046110769639
0.0458549732464056 690.366584170411
0.0459036257515989 688.672819312004
0.0459522267453618 686.964495148481
0.0460007763909635 685.241280279032
0.046049274850813 683.502832492904
0.0460977222864644 681.748798289086
0.0461461188586244 679.978812369062
0.0461944647271572 678.192497100797
0.0462427600510919 676.389461951975
0.0462910049886276 674.569302890343
0.0463391996971401 672.731601748854
0.0463873443331876 670.875925553092
0.0464354390525168 669.001825808257
0.0464834840100684 667.108837742764
0.0465314793599835 665.196479505241
0.0465794252556089 663.264251311442
0.046627321849503 661.311634537277
0.0466751692934416 659.338090753825
0.046722967738423 657.34306069982
0.0467707173346743 655.32596318667
0.0468184182316563 653.28619393065
0.0468660705780693 651.223124306344
0.0469136745218583 649.136100014909
0.0469612302102185 647.024439660056
0.0470087377896007 644.88743322397
0.047056197405716 642.72434043463
0.0471036092035419 640.534389015075
0.0471509733273268 638.316772804256
0.0471982899205953 636.070649737976
0.0472455591261534 633.79513967725
0.0472927810860933 631.48932207001
0.0473399559417986 629.152233430599
0.047387083833949 626.782864619714
0.0474341649025257 624.380157905557
0.0474811992868155 621.94300378472
0.0475281871254161 619.47023753884
0.047575128556241 616.960635500224
0.0476220237165237 614.41291099642
0.0476688727428227 611.825709940035
0.0477156757710264 609.197606025888
0.047762432936357 606.527095492791
0.0478091443733757 603.812591401721
0.0478558102159871 601.052417375796
0.0479024305974431 598.24480074014
0.0479490056503484 595.387864991258
0.0479955355066638 592.479621515704
0.0480420202977114 589.517960466418
0.0480884601541784 586.500640691792
0.0481348552061215 583.425278596913
0.0481812055829716 580.289335798199
0.0482275114135372 577.0901054111
0.0482737728260092 573.824696785111
0.0483199899479649 570.490018470248
0.048366162906372 567.08275916327
0.0484122918275927 563.599366339117
0.0484583768373878 560.036022221718
0.0485044180609207 556.388616686467
0.0485504156227612 552.652716611885
0.0485963696468897 548.823531107088
0.0486422802567008 544.895871930683
0.0486881475750076 540.864108280416
0.0487339717240448 536.722114964762
0.0487797528254735 532.463212758839
0.0488254910003839 528.080099486345
0.0488711863693 523.564770041599
0.0489168390521827 518.908423151182
0.0489624491684334 514.101352146391
0.0490080168368984 509.132816339335
0.0490535421758715 503.990888717205
0.0490990253030983 498.662274522455
0.0491444663357796 493.132093774994
0.0491898653905747 487.383618780389
0.0492352225836052 481.397954960726
0.0492805380304581 475.153649659997
0.0493258118461898 468.62620849767
0.0493710441453288 461.787491750523
0.0494162350418796 454.60495318677
0.0494613846493259 447.040669289712
0.049506493080634 439.050085566391
0.0495515604482557 430.580374876912
0.0495965868641324 421.568254196908
0.0496415724396973 411.937030281851
0.0496865172858795 401.592522579821
0.0497314215131066 390.417309252046
0.0497762852313084 378.262394477644
0.0498211085499195 364.934773680563
0.0498658915778826 350.178208752771
0.0499106344236519 333.642218589461
0.0499553371951958 314.829404912794
0.05 293
