0 975.478842714928
8.92857142857143e-05 975.478842714928
0.000178571428571429 975.478842714928
0.000267857142857143 975.478842714928
0.000357142857142857 975.478842714928
0.000446428571428571 975.478842714928
0.000535714285714286 975.478842714928
0.000625 975.478842714928
0.000714285714285714 975.478842714928
0.000803571428571429 975.478842714927
0.000892857142857143 975.478842714927
0.000982142857142857 975.478842714926
0.00107142857142857 975.478842714926
0.00116071428571429 975.478842714926
0.00125 975.478842714926
0.00133928571428571 975.478842714925
0.00142857142857143 975.478842714925
0.00151785714285714 975.478842714925
0.00160714285714286 975.478842714924
0.00169642857142857 975.478842714924
0.00178571428571429 975.478842714923
0.001875 975.478842714923
0.00196428571428571 975.478842714922
0.00205357142857143 975.478842714922
0.00214285714285714 975.478842714922
0.00223214285714286 975.478842714921
0.00232142857142857 975.478842714921
0.00241071428571429 975.478842714921
0.0025 975.478842714921
0.00258928571428571 975.478842714921
0.00267857142857143 975.47884271492
0.00276785714285714 975.47884271492
0.00285714285714286 975.47884271492
0.00294642857142857 975.478842714919
0.00303571428571429 975.478842714919
0.003125 975.478842714919
0.00321428571428571 975.478842714919
0.00330357142857143 975.478842714918
0.00339285714285714 975.478842714918
0.00348214285714286 975.478842714918
0.00357142857142857 975.478842714918
0.00366071428571429 975.478842714917
0.00375 975.478842714917
0.00383928571428571 975.478842714916
0.00392857142857143 975.478842714915
0.00401785714285714 975.478842714914
0.00410714285714286 975.478842714913
0.00419642857142857 975.478842714912
0.00428571428571429 975.478842714911
0.004375 975.478842714911
0.00446428571428571 975.47884271491
0.00455357142857143 975.478842714909
0.00464285714285714 975.478842714908
0.00473214285714286 975.478842714908
0.00482142857142857 975.478842714907
0.00491071428571429 975.478842714907
0.005 975.478842714906
0.00508928571428571 975.478842714905
0.00517857142857143 975.478842714904
0.00526785714285714 975.478842714903
0.00535714285714286 975.478842714902
0.00544642857142857 975.4788427149
0.00553571428571429 975.478842714898
0.005625 975.478842714896
0.00571428571428571 975.478842714893
0.00580357142857143 975.47884271489
0.00589285714285714 975.478842714887
0.00598214285714286 975.478842714883
0.00607142857142857 975.478842714878
0.00616071428571429 975.478842714873
0.00625 975.478842714866
0.00633928571428571 975.478842714859
0.00642857142857143 975.47884271485
0.00651785714285714 975.478842714839
0.00660714285714286 975.478842714827
0.00669642857142857 975.478842714812
0.00678571428571429 975.478842714794
0.006875 975.478842714773
0.00696428571428571 975.478842714749
0.00705357142857143 975.478842714719
0.00714285714285714 975.478842714684
0.00723214285714286 975.478842714642
0.00732142857142857 975.478842714594
0.00741071428571429 975.478842714536
0.0075 975.478842714467
0.00758928571428571 975.478842714387
0.00767857142857143 975.478842714292
0.00776785714285714 975.478842714179
0.00785714285714286 975.478842714047
0.00794642857142857 975.478842713892
0.00803571428571429 975.478842713709
0.008125 975.478842713494
0.00821428571428571 975.478842713242
0.00830357142857143 975.478842712945
0.00839285714285714 975.478842712598
0.00848214285714286 975.47884271219
0.00857142857142857 975.478842711713
0.00866071428571429 975.478842711153
0.00875 975.478842710499
0.00883928571428571 975.478842709733
0.00892857142857143 975.478842708838
0.00901785714285714 975.478842707792
0.00910714285714286 975.47884270657
0.00919642857142857 975.478842705145
0.00928571428571429 975.478842703482
0.009375 975.478842701545
0.00946428571428572 975.478842699288
0.00955357142857143 975.478842696661
0.00964285714285714 975.478842693606
0.00973214285714286 975.478842690054
0.00982142857142857 975.478842685927
0.00991071428571429 975.478842681136
0.01 975.478842675576
0.0100892857142857 975.478842669129
0.0101785714285714 975.478842661657
0.0102678571428571 975.478842653003
0.0103571428571429 975.478842642987
0.0104464285714286 975.4788426314
0.0105357142857143 975.478842618005
0.010625 975.478842602529
0.0107142857142857 975.478842584661
0.0108035714285714 975.478842564043
0.0108928571428571 975.478842540266
0.0109821428571429 975.478842512864
0.0110714285714286 975.478842481304
0.0111607142857143 975.478842444976
0.01125 975.478842403187
0.0113392857142857 975.478842355145
0.0114285714285714 975.478842299949
0.0115178571428571 975.478842236572
0.0116071428571429 975.478842163846
0.0116964285714286 975.478842080444
0.0117857142857143 975.478841984858
0.011875 975.478841875374
0.0119642857142857 975.478841750051
0.0120535714285714 975.478841606683
0.0121428571428571 975.478841442774
0.0122321428571429 975.478841255496
0.0123214285714286 975.478841041648
0.0124107142857143 975.47884079761
0.0125 975.478840519291
0.0125892857142857 975.478840202071
0.0126785714285714 975.478839840733
0.0127678571428571 975.478839429394
0.0128571428571429 975.478838961421
0.0129464285714286 975.478838429344
0.0130357142857143 975.478837824751
0.013125 975.478837138178
0.0132142857142857 975.478836358987
0.0133035714285714 975.478835475224
0.0133928571428571 975.478834473466
0.0134821428571429 975.478833338653
0.0135714285714286 975.478832053896
0.0136607142857143 975.478830600271
0.01375 975.478828956583
0.0138392857142857 975.478827099116
0.0139285714285714 975.478825001341
0.0140178571428571 975.478822633613
0.0141071428571429 975.478819962818
0.0141964285714286 975.478816951996
0.0142857142857143 975.47881355992
0.014375 975.478809740636
0.0144642857142857 975.478805442952
0.0145535714285714 975.478800609878
0.0146428571428571 975.478795178016
0.0147321428571429 975.478789076881
0.0148214285714286 975.478782228166
0.0149107142857143 975.478774544925
0.015 975.478765930692
0.0150892857142857 975.478756278501
0.0151785714285714 975.478745469829
0.0152678571428571 975.478733373429
0.0153571428571429 975.478719844065
0.0154464285714286 975.478704721127
0.0155357142857143 975.478687827118
0.015625 975.478668966014
0.0157142857142857 975.478647921469
0.0158035714285714 975.478624454874
0.0158928571428571 975.478598303235
0.0159821428571429 975.478569176878
0.0160714285714286 975.478536756954
0.0161607142857143 975.478500692734
0.01625 975.478460598683
0.0163392857142857 975.478416051285
0.0164285714285714 975.478366585611
0.0165178571428571 975.478311691619
0.0166071428571429 975.478250810143
0.0166964285714286 975.478183328577
0.0167857142857143 975.478108576216
0.016875 975.478025819242
0.0169642857142857 975.477934255318
0.0170535714285714 975.477833007785
0.0171428571428571 975.477721119421
0.0172321428571429 975.477597545738
0.0173214285714286 975.477461147797
0.0174107142857143 975.477310684504
0.0175 975.477144804357
0.0175892857142857 975.476962036621
0.0176785714285714 975.476760781888
0.0177678571428571 975.476539301998
0.0178571428571429 975.47629570928
0.0179464285714286 975.476027955079
0.0180357142857143 975.475733817537
0.018125 975.475410888582
0.0182142857142857 975.475056560099
0.0183035714285714 975.47466800923
0.0183928571428571 975.474242182773
0.0184821428571429 975.473775780639
0.0185714285714286 975.473265238315
0.0186607142857143 975.472706708313
0.01875 975.47209604054
0.0188392857142857 975.471428761564
0.0189285714285714 975.470700052723
0.0190178571428571 975.469904727046
0.0191071428571429 975.469037204931
0.0191964285714286 975.468091488558
0.0192857142857143 975.467061134973
0.019375 975.465939227826
0.0194642857142857 975.464718347713
0.0195535714285714 975.463390541082
0.0196428571428571 975.461947287684
0.0197321428571429 975.460379466516
0.0198214285714286 975.45867732024
0.0199107142857143 975.456830418039
0.02 975.454827616896
0.0200892857142857 975.452657021262
0.0201785714285714 975.450305941098
0.0202678571428571 975.447760848277
0.0203571428571429 975.445007331337
0.0204464285714286 975.442030048573
0.0205357142857143 975.438812679463
0.020625 975.435337874446
0.0207142857142857 975.43158720304
0.0208035714285714 975.427541100338
0.0208928571428571 975.423178811877
0.0209821428571429 975.418478336933
0.0210714285714286 975.413416370254
0.0211607142857143 975.407968242293
0.02125 975.402107857972
0.0213392857142857 975.39580763405
0.0214285714285714 975.389038435154
0.0215178571428571 975.38176950854
0.0216071428571429 975.373968417684
0.0216964285714286 975.365600974786
0.0217857142857143 975.356631172281
0.021875 975.347021113491
0.0219642857142857 975.336730942513
0.0220535714285714 975.325718773494
0.0221428571428571 975.313940619429
0.0222321428571429 975.301350320622
0.0223214285714286 975.287899472999
0.0224107142857143 975.273537356406
0.0225 975.258210863115
0.0225892857142857 975.241864426695
0.0226785714285714 975.224439951475
0.0227678571428571 975.205876742791
0.0228571428571429 975.186111438259
0.0229464285714286 975.165077940271
0.0230357142857143 975.142707349995
0.023125 975.118927903083
0.0232142857142857 975.093664907369
0.0233035714285714 975.066840682812
0.0233928571428571 975.038374503936
0.0234821428571429 975.008182545067
0.0235714285714286 974.976177828621
0.0236607142857143 974.942270176741
0.02375 974.906366166555
0.0238392857142857 974.868369089363
0.0239285714285714 974.828178914016
0.0240178571428571 974.785692254806
0.0241071428571429 974.74080234413
0.0241964285714286 974.693399010229
0.0242857142857143 974.643368660291
0.024375 974.590594269179
0.0244642857142857 974.53495537408
0.0245535714285714 974.476328075322
0.0246428571428571 974.414585043643
0.0247321428571429 974.349595534127
0.0248214285714286 974.281225407087
0.0249107142857143 974.209337156081
0.025 974.133789943309
0.0250892857142857 974.054439642561
0.0251785714285714 973.971138889915
0.0252678571428571 973.883737142344
0.0253571428571429 973.792080744373
0.0254464285714286 973.696013002914
0.0255357142857143 973.595374270384
0.025625 973.490002036181
0.0257142857142857 973.379731026579
0.0258035714285714 973.264393313069
0.0258928571428571 973.143818429165
0.0259821428571429 973.017833495628
0.0260714285714286 972.886263354093
0.0261607142857143 972.748930708991
0.02625 972.605656277685
0.0263392857142857 972.456258948666
0.0264285714285714 972.300555947664
0.0265178571428571 972.138363011455
0.0266071428571429 971.96949456916
0.0266964285714286 971.793763930778
0.0267857142857143 971.61098348265
0.026875 971.420964889564
0.0269642857142857 971.223519303134
0.0270535714285714 971.018457576103
0.0271428571428571 970.80559048214
0.0272321428571429 970.584728940729
0.0273214285714286 970.355684246676
0.0274107142857143 970.118268303761
0.0275 969.872293862032
0.0275892857142857 969.617574758201
0.0276785714285714 969.353926158609
0.0277678571428571 969.081164804181
0.0278571428571429 968.799109256785
0.0279464285714286 968.507580146391
0.0280357142857143 968.206400418424
0.028125 967.895395580666
0.0282142857142857 967.574393949075
0.0283035714285714 967.243226891882
0.0283928571428571 966.901729071299
0.0284821428571429 966.549738682197
0.0285714285714286 966.187097687086
0.0286607142857143 965.813652046758
0.02875 965.429251945927
0.0288392857142857 965.033752013238
0.0289285714285714 964.627011535004
0.0290178571428571 964.208894662048
0.0291071428571429 963.779270609052
0.0291964285714286 963.338013845811
0.0292857142857143 962.885004279834
0.029375 962.420127429729
0.0294642857142857 961.943274588854
0.0295535714285714 961.454342978729
0.0296428571428571 960.953235891745
0.0297321428571429 960.439862822716
0.0298214285714286 959.91413958887
0.0299107142857143 959.375988437899
0.03 958.825338143731
0.0300892857142857 958.262124089704
0.0301785714285714 957.686288338893
0.0302678571428571 957.097779691347
0.0303571428571429 956.496553728042
0.0304464285714286 955.88257284142
0.0305357142857143 955.255806252384
0.030625 954.616230013699
0.0307142857142857 953.963826999763
0.0308035714285714 953.298586882769
0.0308928571428571 952.620506095321
0.0309821428571429 951.9295877796
0.0310714285714286 951.225841723216
0.0311607142857143 950.509284281941
0.03125 949.77993828953
0.0313392857142857 949.037832954901
0.0314285714285714 948.283003746961
0.0315178571428571 947.515492267417
0.0316071428571429 946.735346111938
0.0316964285714286 945.942618720067
0.0317857142857143 945.137369214313
0.031875 944.31966222889
0.0319642857142857 943.489567728582
0.0320535714285714 942.647160818248
0.0321428571428571 941.792521543518
0.0322321428571429 940.92573468321
0.0323214285714286 940.046889534071
0.0324107142857143 939.156079688412
0.0325 938.253402805251
0.0325892857142857 937.338960375587
0.0326785714285714 936.412857482417
0.0327678571428571 935.475202556128
0.0328571428571429 934.526107125915
0.0329464285714286 933.565685567844
0.0330357142857143 932.594054850196
0.033125 931.611334276741
0.0332142857142857 930.617645228548
0.0333035714285714 929.613110904959
0.0333928571428571 928.597856064333
0.0334821428571429 927.572006765158
0.0335714285714286 926.535690108108
0.0336607142857143 925.48903397961
0.03375 924.432166797474
0.0338392857142857 923.365217259104
0.0339285714285714 922.288314092806
0.0340178571428571 921.201585812663
0.0341071428571429 920.105160477452
0.0341964285714286 918.999165454019
0.0342857142857143 917.883727185539
0.034375 916.758970965017
0.0344642857142857 915.625020714403
0.0345535714285714 914.481998769639
0.0346428571428571 913.330025671913
0.0347321428571429 912.169219965418
0.0348214285714286 910.999698001817
0.0349107142857143 909.82157375164
0.035 908.634958622779
0.0350892857142857 907.439961286218
0.0351785714285714 906.23668750913
0.0352678571428571 905.025239995407
0.0353571428571429 903.805718233697
0.0354464285714286 902.578218352954
0.0355357142857143 901.342832985525
0.035625 900.099651137735
0.0357142857142857 898.848758067908
0.0358035714285714 897.590235171766
0.0358928571428571 896.324159875096
0.0359821428571429 895.050605533542
0.0360714285714286 893.769641339407
0.0361607142857143 892.48133223527
0.03625 891.185738834237
0.0363392857142857 889.882917346623
0.0364285714285714 888.572919512837
0.0365178571428571 887.255792542228
0.0366071428571429 885.931579057637
0.0366964285714286 884.60031704538
0.0367857142857143 883.262039810396
0.036875 881.916775936236
0.0369642857142857 880.564549249623
0.0370535714285714 879.205378789241
0.0371428571428571 877.839278778446
0.0372321428571429 876.466258601567
0.0373214285714286 875.086322783463
0.0374107142857143 873.69947097199
0.0375 872.305697923047
0.0375892857142857 870.904993487837
0.0376785714285714 869.497342602015
0.0377678571428571 868.082725276346
0.0378571428571429 866.661116588543
0.0379464285714286 865.232486675928
0.0380357142857143 863.79680072855
0.038125 862.354018982422
0.0382142857142857 860.904096712533
0.0383035714285714 859.446984225261
0.0383928571428571 857.982626849867
0.0384821428571429 856.510964928699
0.0385714285714286 855.031933805791
0.0386607142857143 853.545463813485
0.03875 852.051480256755
0.0388392857142857 850.549903394886
0.0389285714285714 849.040648420177
0.0390178571428571 847.523625433324
0.0391071428571429 845.998739415148
0.0391964285714286 844.465890194343
0.0392857142857143 842.92497241089
0.039375 841.375875474815
0.0394642857142857 839.81848351994
0.0395535714285714 838.252675352299
0.0396428571428571 836.678324392852
0.0397321428571429 835.09529861417
0.0398214285714286 833.503460470713
0.0399107142857143 831.902666822357
0.04 830.292768850777
0.0400892857142857 828.67361196833
0.0401785714285714 827.045035719014
0.0402678571428571 825.406873671125
0.0403571428571429 823.75895330117
0.0404464285714286 822.101095868612
0.0405357142857143 820.433116280985
0.040625 818.754822948891
0.0407142857142857 817.066017630401
0.0408035714285714 815.366495264307
0.0408928571428571 813.65604379169
0.0409821428571429 811.934443965199
0.0410714285714286 810.201469145431
0.0411607142857143 808.456885083749
0.04125 806.700449690825
0.0413392857142857 804.931912790171
0.0414285714285714 803.151015855856
0.0415178571428571 801.357491733551
0.0416071428571429 799.551064343989
0.0416964285714286 797.731448367867
0.0417857142857143 795.898348911122
0.041875 794.051461149477
0.0419642857142857 792.190469951012
0.0420535714285714 790.315049475488
0.0421428571428571 788.424862748972
0.0422321428571429 786.519561212291
0.0423214285714286 784.598784241629
0.0424107142857143 782.66215863953
0.0425 780.709298094365
0.0425892857142857 778.7398026062
0.0426785714285714 776.753257876814
0.0427678571428571 774.749234661419
0.0428571428571429 772.727288079451
0.0429464285714286 770.686956881539
0.0430357142857143 768.627762669541
0.043125 766.549209066227
0.0432142857142857 764.45078083092
0.0433035714285714 762.331942917039
0.0433928571428571 760.192139467133
0.0434821428571429 758.030792740597
0.0435714285714286 755.847301968778
0.0436607142857143 753.641042131713
0.04375 751.41136265017
0.0438392857142857 749.157585986023
0.0439285714285714 746.879006143374
0.0440178571428571 744.574887061973
0.0441071428571429 742.244460893745
0.0441964285714286 739.886926152175
0.0442857142857143 737.501445723335
0.044375 735.087144726059
0.0444642857142857 732.643108207509
0.0445535714285714 730.168378658805
0.0446428571428572 727.661953333754
0.0447321428571429 725.122781351747
0.0448214285714286 722.549760563789
0.0449107142857143 719.941734158129
0.045 717.297486979201
0.0450892857142857 714.615741530444
0.0451785714285714 711.895153627934
0.0452678571428571 709.134307667685
0.0453571428571429 706.331711464744
0.0454464285714286 703.485790616832
0.0455357142857143 700.594882339063
0.045625 697.657228709108
0.0457142857142857 694.670969253923
0.0458035714285714 691.634132799567
0.0458928571428571 688.544628494466
0.0459821428571429 685.400235903555
0.0460714285714286 682.198594055483
0.0461607142857143 678.937189307313
0.04625 675.613341870188
0.0463392857142857 672.224190814707
0.0464285714285714 668.766677345474
0.0465178571428571 665.237526099448
0.0466071428571429 661.633224181175
0.0466964285714286 657.949997598135
0.0467857142857143 654.183784699521
0.046875 650.330206149278
0.0469642857142857 646.384530876246
0.0470535714285714 642.341637336866
0.0471428571428571 638.195969294205
0.0472321428571429 633.941485154658
0.0473214285714286 629.571599702303
0.0474107142857143 625.079116819634
0.0475 620.456151468018
0.0475892857142857 615.694038802551
0.0476785714285714 610.783227788664
0.0477678571428571 605.713156037074
0.0478571428571429 600.472101732462
0.0479464285714286 595.047007434316
0.0480357142857143 589.423269084896
0.048125 583.584481640975
0.0482142857142857 577.512130169653
0.0483035714285714 571.185211748839
0.0483928571428571 564.579768700112
0.0484821428571429 557.668306974105
0.0485714285714286 550.419064023663
0.0486607142857143 542.795076873556
0.04875 534.752981175475
0.0488392857142857 526.241442352969
0.0489285714285714 517.199074757301
0.0490178571428571 507.551634331278
0.0491071428571429 497.208157561302
0.0491964285714286 486.055533595335
0.0492857142857143 473.95067913564
0.049375 460.708922529606
0.0494642857142857 446.08615693624
0.0495535714285714 429.750269748685
0.0496428571428571 411.233059731191
0.0497321428571429 389.844120996782
0.0498214285714286 364.503808769245
0.0499107142857143 333.382931118744
0.05 293
