0 975.506597471381
8.74125874125874e-05 975.506597471381
0.000174825174825175 975.506597471381
0.000262237762237762 975.506597471382
0.00034965034965035 975.506597471382
0.000437062937062937 975.506597471382
0.000524475524475524 975.506597471381
0.000611888111888112 975.506597471381
0.000699300699300699 975.506597471382
0.000786713286713287 975.506597471382
0.000874125874125874 975.506597471382
0.000961538461538462 975.506597471382
0.00104895104895105 975.506597471382
0.00113636363636364 975.506597471382
0.00122377622377622 975.506597471382
0.00131118881118881 975.506597471383
0.0013986013986014 975.506597471383
0.00148601398601399 975.506597471383
0.00157342657342657 975.506597471384
0.00166083916083916 975.506597471384
0.00174825174825175 975.506597471384
0.00183566433566434 975.506597471384
0.00192307692307692 975.506597471384
0.00201048951048951 975.506597471384
0.0020979020979021 975.506597471385
0.00218531468531469 975.506597471385
0.00227272727272727 975.506597471385
0.00236013986013986 975.506597471386
0.00244755244755245 975.506597471386
0.00253496503496503 975.506597471386
0.00262237762237762 975.506597471387
0.00270979020979021 975.506597471388
0.0027972027972028 975.506597471388
0.00288461538461538 975.506597471389
0.00297202797202797 975.50659747139
0.00305944055944056 975.506597471391
0.00314685314685315 975.506597471392
0.00323426573426573 975.506597471394
0.00332167832167832 975.506597471395
0.00340909090909091 975.506597471396
0.0034965034965035 975.506597471397
0.00358391608391608 975.506597471399
0.00367132867132867 975.5065974714
0.00375874125874126 975.506597471401
0.00384615384615385 975.506597471402
0.00393356643356643 975.506597471403
0.00402097902097902 975.506597471404
0.00410839160839161 975.506597471404
0.0041958041958042 975.506597471405
0.00428321678321678 975.506597471406
0.00437062937062937 975.506597471406
0.00445804195804196 975.506597471407
0.00454545454545455 975.506597471407
0.00463286713286713 975.506597471407
0.00472027972027972 975.506597471408
0.00480769230769231 975.506597471408
0.0048951048951049 975.506597471408
0.00498251748251748 975.506597471408
0.00506993006993007 975.506597471408
0.00515734265734266 975.506597471408
0.00524475524475524 975.506597471408
0.00533216783216783 975.506597471407
0.00541958041958042 975.506597471407
0.00550699300699301 975.506597471405
0.00559440559440559 975.506597471404
0.00568181818181818 975.506597471403
0.00576923076923077 975.5065974714
0.00585664335664336 975.506597471397
0.00594405594405594 975.506597471394
0.00603146853146853 975.50659747139
0.00611888111888112 975.506597471385
0.00620629370629371 975.50659747138
0.0062937062937063 975.506597471373
0.00638111888111888 975.506597471366
0.00646853146853147 975.506597471357
0.00655594405594406 975.506597471346
0.00664335664335664 975.506597471333
0.00673076923076923 975.506597471318
0.00681818181818182 975.5065974713
0.00690559440559441 975.506597471279
0.00699300699300699 975.506597471253
0.00708041958041958 975.506597471223
0.00716783216783217 975.506597471187
0.00725524475524476 975.506597471145
0.00734265734265734 975.506597471095
0.00743006993006993 975.506597471037
0.00751748251748252 975.506597470967
0.00760489510489511 975.506597470886
0.00769230769230769 975.50659747079
0.00777972027972028 975.506597470678
0.00786713286713287 975.506597470547
0.00795454545454546 975.506597470393
0.00804195804195804 975.506597470212
0.00812937062937063 975.50659747
0.00821678321678322 975.506597469753
0.00830419580419581 975.506597469462
0.00839160839160839 975.506597469123
0.00847902097902098 975.506597468726
0.00856643356643357 975.506597468262
0.00865384615384615 975.50659746772
0.00874125874125874 975.506597467088
0.00882867132867133 975.506597466351
0.00891608391608392 975.506597465492
0.0090034965034965 975.506597464491
0.00909090909090909 975.506597463326
0.00917832167832168 975.506597461971
0.00926573426573427 975.506597460396
0.00935314685314685 975.506597458566
0.00944055944055944 975.506597456441
0.00952797202797203 975.506597453975
0.00961538461538462 975.506597451114
0.0097027972027972 975.506597447799
0.00979020979020979 975.506597443959
0.00987762237762238 975.506597439514
0.00996503496503497 975.50659743437
0.0100524475524476 975.506597428423
0.0101398601398601 975.50659742155
0.0102272727272727 975.506597413612
0.0103146853146853 975.50659740445
0.0104020979020979 975.50659739388
0.0104895104895105 975.506597381695
0.0105769230769231 975.506597367656
0.0106643356643357 975.506597351489
0.0107517482517483 975.506597332884
0.0108391608391608 975.506597311485
0.0109265734265734 975.506597286889
0.011013986013986 975.506597258632
0.0111013986013986 975.506597226192
0.0111888111888112 975.506597188968
0.0112762237762238 975.506597146282
0.0113636363636364 975.506597097361
0.011451048951049 975.506597041328
0.0115384615384615 975.506596977186
0.0116258741258741 975.506596903805
0.0117132867132867 975.506596819903
0.0118006993006993 975.50659672403
0.0118881118881119 975.506596614542
0.0119755244755245 975.506596489579
0.0120629370629371 975.506596347037
0.0121503496503497 975.506596184539
0.0122377622377622 975.506595999401
0.0123251748251748 975.506595788592
0.0124125874125874 975.506595548695
0.0125 975.506595275855
0.0125874125874126 975.506594965732
0.0126748251748252 975.506594613438
0.0127622377622378 975.506594213473
0.0128496503496503 975.506593759654
0.0129370629370629 975.50659324503
0.0130244755244755 975.506592661797
0.0131118881118881 975.506592001196
0.0131993006993007 975.506591253402
0.0132867132867133 975.506590407402
0.0133741258741259 975.506589450858
0.0134615384615385 975.50658836996
0.013548951048951 975.506587149256
0.0136363636363636 975.506585771468
0.0137237762237762 975.506584217291
0.0138111888111888 975.506582465167
0.0138986013986014 975.506580491038
0.013986013986014 975.506578268072
0.0140734265734266 975.506575766364
0.0141608391608392 975.506572952603
0.0142482517482517 975.506569789709
0.0143356643356643 975.506566236434
0.0144230769230769 975.506562246917
0.0145104895104895 975.506557770209
0.0145979020979021 975.506552749735
0.0146853146853147 975.506547122722
0.0147727272727273 975.506540819555
0.0148601398601399 975.50653376309
0.0149475524475524 975.506525867884
0.015034965034965 975.506517039371
0.0151223776223776 975.506507172949
0.0152097902097902 975.506496152989
0.0152972027972028 975.506483851758
0.0153846153846154 975.506470128237
0.015472027972028 975.506454826842
0.0155594405594406 975.506437776026
0.0156468531468531 975.506418786764
0.0157342657342657 975.506397650904
0.0158216783216783 975.50637413938
0.0159090909090909 975.506348000267
0.0159965034965035 975.506318956682
0.0160839160839161 975.506286704506
0.0161713286713287 975.506250909914
0.0162587412587413 975.506211206712
0.0163461538461538 975.506167193455
0.0164335664335664 975.506118430334
0.016520979020979 975.506064435823
0.0166083916083916 975.506004683055
0.0166958041958042 975.505938595926
0.0167832167832168 975.505865544902
0.0168706293706294 975.505784842496
0.016958041958042 975.505695738431
0.0170454545454545 975.505597414418
0.0171328671328671 975.505488978575
0.0172202797202797 975.505369459433
0.0173076923076923 975.505237799518
0.0173951048951049 975.505092848478
0.0174825174825175 975.504933355739
0.0175699300699301 975.504757962647
0.0176573426573427 975.504565194091
0.0177447552447552 975.50435344955
0.0178321678321678 975.504120993567
0.0179195804195804 975.503865945586
0.018006993006993 975.503586269151
0.0180944055944056 975.503279760411
0.0181818181818182 975.502944035919
0.0182692307692308 975.50257651967
0.0183566433566434 975.502174429363
0.0184440559440559 975.501734761844
0.0185314685314685 975.50125427769
0.0186188811188811 975.500729484909
0.0187062937062937 975.500156621711
0.0187937062937063 975.499531638325
0.0188811188811189 975.498850177807
0.0189685314685315 975.498107555827
0.0190559440559441 975.497298739379
0.0191433566433566 975.496418324386
0.0192307692307692 975.495460512176
0.0193181818181818 975.494419084767
0.0194055944055944 975.49328737896
0.019493006993007 975.492058259187
0.0195804195804196 975.49072408908
0.0196678321678322 975.489276701755
0.0197552447552448 975.487707368752
0.0198426573426573 975.486006767635
0.0199300699300699 975.484164948197
0.0200174825174825 975.482171297281
0.0201048951048951 975.480014502169
0.0201923076923077 975.477682512549
0.0202797202797203 975.475162501021
0.0203671328671329 975.472440822161
0.0204545454545455 975.46950297011
0.020541958041958 975.466333534713
0.0206293706293706 975.462916156188
0.0207167832167832 975.459233478354
0.0208041958041958 975.455267100409
0.0208916083916084 975.4509975273
0.020979020979021 975.44640411869
0.0210664335664336 975.441465036561
0.0211538461538462 975.436157191484
0.0212412587412587 975.43045618761
0.0213286713286713 975.42433626641
0.0214160839160839 975.417770249248
0.0215034965034965 975.41072947882
0.0215909090909091 975.40318375956
0.0216783216783217 975.395101297068
0.0217657342657343 975.38644863666
0.0218531468531469 975.377190601129
0.0219405594405594 975.367290227828
0.022027972027972 975.35670870517
0.0221153846153846 975.345405308686
0.0222027972027972 975.33333733675
0.0222902097902098 975.320460046121
0.0223776223776224 975.306726587443
0.022465034965035 975.292087940858
0.0225524475524476 975.276492851887
0.0226398601398601 975.259887767765
0.0227272727272727 975.242216774393
0.0228146853146853 975.223421534109
0.0229020979020979 975.203441224454
0.0229895104895105 975.182212478153
0.0230769230769231 975.159669324514
0.0231643356643357 975.135743132455
0.0232517482517483 975.110362555384
0.0233391608391608 975.08345347817
0.0234265734265734 975.054938966418
0.023513986013986 975.024739218303
0.0236013986013986 974.992771519199
0.0236888111888112 974.958950199338
0.0237762237762238 974.923186594765
0.0238636363636364 974.885389011821
0.023951048951049 974.845462695415
0.0240384615384615 974.80330980132
0.0241258741258741 974.758829372767
0.0242132867132867 974.711917321557
0.0243006993006993 974.662466413952
0.0243881118881119 974.610366261576
0.0244755244755245 974.555503317577
0.0245629370629371 974.497760878253
0.0246503496503497 974.437019090387
0.0247377622377622 974.373154964503
0.0248251748251748 974.306042394227
0.0249125874125874 974.235552181979
0.025 974.161552071147
0.0250874125874126 974.08390678494
0.0251748251748252 974.002478072053
0.0252622377622378 973.917124759306
0.0253496503496504 973.827702811361
0.0254370629370629 973.734065397645
0.0255244755244755 973.636062966554
0.0256118881118881 973.533543327017
0.0256993006993007 973.426351737465
0.0257867132867133 973.314331002242
0.0258741258741259 973.197321575458
0.0259615384615385 973.075161672277
0.026048951048951 972.947687387598
0.0261363636363636 972.814732822068
0.0262237762237762 972.676130215344
0.0263111888111888 972.531710086494
0.0263986013986014 972.381301381397
0.026486013986014 972.22473162699
0.0265734265734266 972.06182709216
0.0266608391608392 971.892412955096
0.0267482517482518 971.716313476836
0.0268356643356643 971.533352180763
0.0269230769230769 971.343352037761
0.0270104895104895 971.146135656716
0.0270979020979021 970.941525480023
0.0271853146853147 970.729343983751
0.0272727272727273 970.509413882073
0.0273601398601399 970.28155833556
0.0274475524475525 970.045601162918
0.027534965034965 969.801367055713
0.0276223776223776 969.548681795638
0.0277097902097902 969.287372473823
0.0277972027972028 969.0172677117
0.0278846153846154 968.738197882913
0.027972027972028 968.449995335744
0.0280594405594406 968.152494615524
0.0281468531468531 967.845532686474
0.0282342657342657 967.528949152443
0.0283216783216783 967.202586475957
0.0284090909090909 966.866290195045
0.0284965034965035 966.519909137246
0.0285839160839161 966.163295630264
0.0286713286713287 965.796305708682
0.0287587412587413 965.418799316191
0.0288461538461538 965.030640502776
0.0289335664335664 964.631697616313
0.029020979020979 964.22184348805
0.0291083916083916 963.800955611435
0.0291958041958042 963.368916313802
0.0292832167832168 962.925612920409
0.0293706293706294 962.470937910359
0.029458041958042 962.004789063955
0.0295454545454545 961.527069601043
0.0296328671328671 961.03768830996
0.0297202797202797 960.536559666672
0.0298076923076923 960.023603943775
0.0298951048951049 959.498747309012
0.0299825174825175 958.96192191301
0.0300699300699301 958.413065965976
0.0301573426573427 957.852123803108
0.0302447552447552 957.27904593852
0.0303321678321678 956.693789107504
0.0304195804195804 956.096316297006
0.030506993006993 955.486596764198
0.0305944055944056 954.864606043088
0.0306818181818182 954.230325939138
0.0307692307692308 953.583744511881
0.0308566433566434 952.924856045597
0.0309440559440559 952.253661008098
0.0310314685314685 951.570165997746
0.0311188811188811 950.874383678843
0.0312062937062937 950.166332705573
0.0312937062937063 949.446037634692
0.0313811188811189 948.71352882723
0.0314685314685315 947.968842339448
0.0315559440559441 947.212019803382
0.0316433566433567 946.443108297286
0.0317307692307692 945.662160206328
0.0318181818181818 944.869233073942
0.0319055944055944 944.064389444223
0.031993006993007 943.247696695799
0.0320804195804196 942.419226867648
0.0321678321678322 941.579056477292
0.0322552447552448 940.727266331893
0.0323426573426573 939.863941332726
0.0324300699300699 938.989170273552
0.0325174825174825 938.103045633409
0.0326048951048951 937.205663364368
0.0326923076923077 936.297122674773
0.0327797202797203 935.377525808534
0.0328671328671329 934.446977820999
0.0329545454545455 933.505586351969
0.033041958041958 932.553461396396
0.0331293706293706 931.590715073311
0.0332167832167832 930.617461393514
0.0333041958041958 929.633816026577
0.0333916083916084 928.639896067656
0.033479020979021 927.635819804652
0.0335664335664336 926.621706486198
0.0336538461538462 925.597676090985
0.0337412587412587 924.563849098866
0.0338286713286713 923.520346264229
0.0339160839160839 922.46728839205
0.0340034965034965 921.40479611705
0.0340909090909091 920.33298968637
0.0341783216783217 919.25198874611
0.0342657342657343 918.161912132119
0.0343531468531469 917.062877665345
0.0344405594405594 915.955001952061
0.034527972027972 914.838400189254
0.0346153846153846 913.713185975427
0.0347027972027972 912.57947112706
0.0347902097902098 911.437365500924
0.0348776223776224 910.286976822451
0.034965034965035 909.128410520295
0.0350524475524476 907.961769567241
0.0351398601398601 906.787154327548
0.0352272727272727 905.604662410824
0.0353146853146853 904.41438853249
0.0354020979020979 903.216424380851
0.0354895104895105 902.01085849081
0.0355769230769231 900.797776124192
0.0356643356643357 899.577259156655
0.0357517482517483 898.349385971122
0.0358391608391608 897.114231357671
0.0359265734265734 895.871866419766
0.036013986013986 894.622358486732
0.0361013986013986 893.365771032327
0.0361888111888112 892.102163599261
0.0362762237762238 890.831591729496
0.0363636363636364 889.554106900144
0.036451048951049 888.269756464753
0.0365384615384615 886.97858359979
0.0366258741258741 885.680627256074
0.0367132867132867 884.375922114942
0.0368006993006993 883.064498548885
0.0368881118881119 881.746382586416
0.0369755244755245 880.421595880887
0.0370629370629371 879.090155683002
0.0371503496503497 877.752074816729
0.0372377622377622 876.407361658344
0.0373251748251748 875.056020118307
0.0374125874125874 873.698049625674
0.0375 872.333445114767
0.0375874125874126 870.962197013775
0.0376748251748252 869.584291235012
0.0377622377622378 868.199709166504
0.0378496503496503 866.808427664629
0.0379370629370629 865.410419047481
0.0380244755244755 864.005651088666
0.0381118881118881 862.594087011231
0.0381993006993007 861.175685481411
0.0382867132867133 859.75040060191
0.0383741258741259 858.318181904396
0.0384615384615385 856.878974340933
0.038548951048951 855.432718274032
0.0386363636363636 853.979349465043
0.0387237762237762 852.518799060586
0.0388111888111888 851.050993576731
0.0388986013986014 849.575854880629
0.038986013986014 848.093300169319
0.0390734265734266 846.603241945403
0.0391608391608392 845.105587989313
0.0392482517482518 843.600241327875
0.0393356643356643 842.087100198879
0.0394230769230769 840.566058011365
0.0395104895104895 839.03700330133
0.0395979020979021 837.499819682559
0.0396853146853147 835.95438579228
0.0397727272727273 834.400575231342
0.0398601398601399 832.838256498594
0.0399475524475525 831.267292919164
0.040034965034965 829.687542566303
0.0401223776223776 828.098858176463
0.0402097902097902 826.501087057262
0.0402972027972028 824.894070987992
0.0403846153846154 823.277646112288
0.040472027972028 821.651642822578
0.0405594405594406 820.015885635929
0.0406468531468532 818.370193060844
0.0407342657342657 816.714377454597
0.0408216783216783 815.048244870624
0.0409090909090909 813.371594895507
0.0409965034965035 811.684220475011
0.0410839160839161 809.98590772865
0.0411713286713287 808.276435752204
0.0412587412587413 806.555576407559
0.0413461538461538 804.823094099239
0.0414335664335664 803.078745536917
0.041520979020979 801.322279483182
0.0416083916083916 799.553436485749
0.0416958041958042 797.771948593277
0.0417832167832168 795.977539053884
0.0418706293706294 794.169921995376
0.041958041958042 792.348802086159
0.0420454545454546 790.513874175687
0.0421328671328671 788.66482291325
0.0422202797202797 786.801322343796
0.0423076923076923 784.923035479378
0.0423951048951049 783.029613844707
0.0424825174825175 781.120696995183
0.0425699300699301 779.195912005625
0.0426573426573427 777.254872927793
0.0427447552447552 775.29718021463
0.0428321678321678 773.322420108974
0.0429195804195804 771.330163994324
0.043006993006993 769.319967704999
0.0430944055944056 767.291370792838
0.0431818181818182 765.243895747317
0.0432692307692308 763.177047165695
0.0433566433566434 761.090310869498
0.0434440559440559 758.983152963299
0.0435314685314685 756.855018831422
0.0436188811188811 754.705332067748
0.0437062937062937 752.533493333383
0.0437937062937063 750.338879136444
0.0438811188811189 748.12084052765
0.0439685314685315 745.878701704823
0.0440559440559441 743.61175851869
0.0441433566433566 741.319276871647
0.0442307692307692 739.000491000283
0.0443181818181818 736.654601631518
0.0444055944055944 734.280774001164
0.044493006993007 731.878135722517
0.0445804195804196 729.445774491284
0.0446678321678322 726.98273561162
0.0447552447552448 724.4880193264
0.0448426573426573 721.960577932946
0.0449300699300699 719.399312663261
0.0450174825174825 716.80307030543
0.0451048951048951 714.170639540061
0.0451923076923077 711.500746962521
0.0452797202797203 708.792052758149
0.0453671328671329 706.043145993545
0.0454545454545455 703.252539482381
0.045541958041958 700.418664178812
0.0456293706293706 697.539863045421
0.0457167832167832 694.61438433554
0.0458041958041958 691.640374221581
0.0458916083916084 688.615868691526
0.045979020979021 685.538784624665
0.0460664335664336 682.406909944831
0.0461538461538462 679.217892734334
0.0462412587412587 675.969229174155
0.0463286713286713 672.658250155258
0.0464160839160839 669.282106381353
0.0465034965034965 665.837751754527
0.0465909090909091 662.32192480061
0.0466783216783217 658.731127850113
0.0467657342657343 655.061603641248
0.0468531468531469 651.309308952285
0.0469405594405594 647.469884798869
0.047027972027972 643.538622644969
0.0471153846153846 639.510425970042
0.0472027972027972 635.379766404921
0.0472902097902098 631.140633488636
0.0473776223776224 626.786476899577
0.047465034965035 622.31013976661
0.0475524475524476 617.703781354656
0.0476398601398601 612.958787026355
0.0477272727272727 608.065662881464
0.0478146853146853 603.013911834804
0.0479020979020979 597.791887065493
0.0479895104895105 592.386617690984
0.0480769230769231 586.783600100125
0.0481643356643357 580.966546494335
0.0482517482517483 574.917079656056
0.0483391608391608 568.614359529204
0.0484265734265734 562.03462247712
0.048513986013986 555.150607511732
0.0486013986013986 547.930834503497
0.0486888111888112 540.338686056711
0.0487762237762238 532.33122527707
0.0488636363636364 523.857652698342
0.048951048951049 514.857261612874
0.0490384615384615 505.256682540628
0.0491258741258741 494.96609810357
0.0492132867132867 483.873929375383
0.0493006993006993 471.839187921358
0.0493881118881119 458.680144428377
0.0494755244755245 444.156958208668
0.0495629370629371 427.943944461649
0.0496503496503497 409.583056567694
0.0497377622377622 388.400921812737
0.0498251748251748 363.348796126071
0.0499125874125874 332.659886726691
0.05 293
