0 975.991609508565
0.00209060502501773 975.991609508565
0.00295656197994541 975.991609508565
0.00362103412188951 975.991609508565
0.00418121005003545 975.991609508565
0.00467473495004229 975.991609508564
0.00512091556499189 975.991609508562
0.00553122098585887 975.991609508557
0.00591312395989083 975.991609508546
0.00627181507505318 975.991609508525
0.00661107356684931 975.991609508486
0.00693375245281536 975.991609508416
0.00724206824377901 975.991609508295
0.00753778361444409 975.99160950809
0.0078223277346843 975.991609507754
0.0080968784453912 975.991609507214
0.00836242010007091 975.991609506364
0.00861978533959514 975.991609505052
0.00886968593983624 975.99160950306
0.00911273603491059 975.991609500083
0.00934946990008457 975.991609495699
0.00958035577539878 975.991609489328
0.0098058067569092 975.991609480184
0.010026189481776 975.991609467212
0.0102418311299838 975.991609449008
0.0104530251250886 975.991609423723
0.0106600358177805 975.99160938894
0.0108631023656685 975.991609341521
0.0110624419717177 975.991609277429
0.011258252606344 975.991609191503
0.0114507153103586 975.99160907719
0.0116399961550471 975.991608926224
0.0118262479197817 975.99160872824
0.0120096115353815 975.991608470317
0.0121902173320002 975.99160813644
0.0123681861229538 975.991607706863
0.0125436301501064 975.991607157366
0.012716653911831 975.991606458391
0.0128873548908966 975.991605574028
0.0130558241966773 975.99160446086
0.0132221471336986 975.991603066616
0.0133864037065899 975.991601328638
0.0135486690699284 975.991599172127
0.0137090139301506 975.991596508135
0.0138675049056307 975.991593231306
0.0140242048501269 975.991589217301
0.0141791731440501 975.991584319915
0.0143324659573843 975.991578367824
0.014484136487558 975.99157116095
0.0146342351751241 975.991562466398
0.0147828098997271 975.991552013945
0.0149299061585161 975.991539491018
0.0150755672288882 975.991524537149
0.0152198343172111 975.991506737856
0.0153627466949757 975.991485617903
0.0155043418236511 975.991460633909
0.0156446554693686 975.991431166261
0.0157837218084289 975.991396510278
0.0159215735245139 975.991355866593
0.0160582418983877 975.991308330715
0.0161937568907824 975.991252881701
0.0163281472190935 975.991188369933
0.0164614404284382 975.991113503923
0.0165936629575766 975.991026836124
0.0167248402001418 975.9909267477
0.0168549965615811 975.990811432223
0.0169841555121689 975.990678878246
0.0171123396364193 975.990526850733
0.0172395706791903 975.990352871301
0.0173658695887487 975.99015419726
0.017491256557036 975.989927799402
0.0176157510573545 975.98967033854
0.0177393718796725 975.989378140769
0.0178621371637311 975.989047171425
0.0179840644301163 975.988673007748
0.0181051706094475 975.988250810239
0.0182254720698212 975.987775292703
0.0183449846426336 975.987240691
0.0184637236468999 975.986640730494
0.0185817039121745 975.985968592243
0.0186989398001691 975.985216877931
0.0188154452251595 975.984377573587
0.0189312336732609 975.983442012124
0.0190463182206493 975.982400834738
0.0191607115507976 975.981243951219
0.0192744259707908 975.979960499244
0.0193874734267807 975.978538802691
0.0194998655186326 975.976966329073
0.0196116135138184 975.975229646154
0.0197227283606 975.973314377838
0.0198332207005479 975.971205159422
0.0199431008804366 975.968885592321
0.020052378963552 975.966338198355
0.0201610647404479 975.963544373723
0.0202691677391836 975.960484342783
0.020376697235072 975.957137111754
0.0204836622599676 975.953480422477
0.02059007161112 975.949490706367
0.0206959338596179 975.945143038699
0.0208012573584461 975.940411093367
0.0209060502501773 975.935267098269
0.0210103204743185 975.929681791472
0.0211140757743311 975.923624378301
0.0212173237043418 975.91706248952
0.021320071635561 975.909962140758
0.0214223267624244 975.90228769334
0.0215240961084714 975.89400181669
0.0216253865319754 975.885065452452
0.021726204731337 975.875437780507
0.0218265572502537 975.86507618703
0.0219264504826757 975.85393623475
0.0220258906775608 975.841971635566
0.0221248839434355 975.829134225675
0.0222234362527742 975.815373943343
0.0223215534462042 975.800638809483
0.0224192412365445 975.784874911165
0.022516505212688 975.768026388186
0.0226133508433323 975.750035422833
0.0227097834805677 975.730842232964
0.0228058083633292 975.710385068494
0.0229014306207172 975.68860021142
0.022996655275195 975.665421979452
0.0230914872456666 975.640782733356
0.0231859313504421 975.614612888074
0.0232799923100941 975.58684092769
0.0233736747502114 975.557393424302
0.0234669832040529 975.526195060843
0.0235599221151075 975.493168657881
0.0236524958395633 975.458235204438
0.0237447086486903 975.421313892823
0.0238365647311398 975.382322157491
0.0239280681951646 975.341175717917
0.0240192230707631 975.297788625462
0.0241100333117502 975.252073314201
0.0242005027977589 975.203940655662
0.0242906353361736 975.153300017433
0.0243804346640004 975.100059325551
0.024469904449675 975.044125130615
0.0245590482948109 974.985402677521
0.0246478697358916 974.923795978719
0.0247363722459077 974.859207890887
0.024824559235941 974.791540194899
0.0249124340566989 974.72069367895
0.025 974.646568224711
0.0250872603002127 974.569062896351
0.0251742181356494 974.488076032277
0.025260876629917 974.403505339419
0.0253472388532265 974.315247989896
0.025433307823662 974.223200719874
0.0255190865084112 974.127259930431
0.0256045778249595 974.027321790235
0.0256897846422471 973.923282339848
0.0257747097817932 973.815037597426
0.0258593560187854 973.702483665644
0.0259437260831385 973.585516839597
0.0260278226605214 973.464033715503
0.0261116483933547 973.337931299951
0.0261952058817794 973.207107119517
0.0262784976845983 973.071459330497
0.02636152632019 972.930886828561
0.0264442942673973 972.785289358095
0.0265268039663908 972.634567621025
0.0266090578195087 972.478623384904
0.0266910581920723 972.317359590046
0.0267728074131798 972.1506804555
0.0268543077764787 971.97849158366
0.026935561540916 971.800700063299
0.0270165709314692 971.617214570845
0.0270973381398567 971.427945469685
0.0271778653252304 971.232804907332
0.0272581546148486 971.031706910251
0.0273382081047318 970.824567476193
0.0274180278603012 970.611304663846
0.0274976159170005 970.391838679658
0.0275769742809016 970.166091961675
0.0276561049292944 969.933989260241
0.0277350098112615 969.695457715438
0.0278136908482387 969.450426931126
0.0278921499345609 969.198829045462
0.027970388937994 968.940598797802
0.0280484097002537 968.675673591869
0.0281262140375116 968.403993555098
0.0282038037408883 968.125501594089
0.0282811805769345 967.840143446073
0.0283583462881002 967.547867726347
0.0284353025931927 967.248625971606
0.0285120511878234 966.942372679153
0.0285885937448433 966.629065341917
0.0286649319147686 966.308664479291
0.0287410673261963 965.981133663742
0.0288170015862091 965.646439543209
0.0288927362807715 965.304551859278
0.0289682729751161 964.955443461154
0.0290436132141211 964.599090315436
0.0291187585226791 964.235471511751
0.0291937104060571 963.864569264243
0.0292684703502482 963.486368909009
0.0293430398223154 963.100858897493
0.0294174202707276 962.708030785924
0.0294916131256879 962.307879220859
0.0295656197994541 961.900401920902
0.029639441686653 961.485599654676
0.0297130801645863 961.063476215155
0.029786536593531 960.634038390426
0.0298598123170323 960.197295930987
0.0299329086621902 959.753261513694
0.0300058269399404 959.301950702459
0.030078568445328 958.8433819058
0.0301511344577764 958.377576331388
0.0302235262413494 957.904557937685
0.0302957450450087 957.42435338281
0.0303677921028645 956.936991970766
0.0304396686344222 956.442505595133
0.0305113758448231 955.940928680399
0.0305829149250801 955.432298121018
0.0306542870523083 954.916653218368
0.0307254933899513 954.394035615721
0.0307965350880026 953.864489231377
0.0308674132832216 953.328060190088
0.0309381290993465 952.784796752921
0.0310086836473021 952.234749245692
0.0310790780254031 951.677969986105
0.0311493133195536 951.114513209739
0.0312193906034431 950.54443499502
0.0312893109387372 949.967793187296
0.0313590753752659 949.384647322174
0.0314286849512072 948.795058548226
0.0314981406932674 948.199089549197
0.0315674436168578 947.596804465858
0.031636594726268 946.988268817603
0.0317055950148354 946.373549423929
0.0317744454651121 945.752714325911
0.0318431470490279 945.125832707779
0.0319117007280503 944.492974818724
0.0319801074533416 943.854211895031
0.0320483681659129 943.209616082638
0.0321164837967753 942.559260360244
0.0321844552670876 941.903218463033
0.0322522834883019 941.241564807129
0.0323199693623063 940.574374414871
0.0323875137815648 939.901722840975
0.0324549176292543 939.223686099686
0.0325221817793995 938.540340592982
0.0325893070970056 937.851763039916
0.0326562944381871 937.158030407146
0.032723144650296 936.45921984074
0.0327898585720467 935.755408599296
0.0328564370336385 935.046673988454
0.0329228808568765 934.333093296832
0.0329891908552895 933.614743733442
0.0330553678342466 932.891702366642
0.0331214125910712 932.164046064643
0.0331873259151532 931.43185143762
0.0332531085880588 930.695194781457
0.0333187613836388 929.954152023155
0.0333842850681348 929.208798667924
0.0334496804002836 928.459209747982
0.0335149481314196 927.70545977308
0.0335800890055756 926.947622682764
0.0336451037595815 926.185771800384
0.0337099931231621 925.419979788861
0.033774757819032 924.650318608211
0.0338393985629901 923.876859474831
0.0339039160640113 923.099672822541
0.0339683110243379 922.318828265383
0.0340325841395681 921.534394562154
0.0340967360987443 920.74643958269
0.0341607675844388 919.955030275853
0.0342246792728386 919.160232639244
0.0342884718338292 918.362111690581
0.0343521459310758 917.560731440772
0.0344157022221044 916.756154868608
0.0344791413583806 915.948443897101
0.0345424639853879 915.137659371405
0.0346056707427041 914.323861038313
0.0346687622640768 913.507107527296
0.0347317391774974 912.687456333047
0.034794602105274 911.864963799513
0.0348573516641033 911.039685105364
0.0349199884651412 910.211674250884
0.0349825131140721 909.380984046228
0.0350449262111772 908.547666101031
0.035107228351402 907.71177081532
0.0351694201244222 906.873347371685
0.035231502114709 906.032443728687
0.0352934749015929 905.189106615461
0.0353553390593274 904.343381527459
0.0354170951571502 903.495312723313
0.035478743759345 902.644943222772
0.0355402854253014 901.792314805671
0.0356017207095741 900.937468011889
0.0356630501619414 900.080442142272
0.0357242743274622 899.221275260455
0.035785393746533 898.360004195573
0.0358464089549432 897.496664545798
0.0359073204839301 896.631290682673
0.0359681288602326 895.763915756207
0.0360288346061446 894.894571700686
0.0360894382395674 894.02328924116
0.0361499402740611 893.15009790058
0.0362103412188951 892.275026007535
0.0362706415790987 891.398100704563
0.0363308418555099 890.519347956987
0.0363909425448242 889.638792562257
0.0364509441396424 888.756458159746
0.0365108471285173 887.872367240983
0.0365706519960007 886.986541160275
0.0366303592226887 886.099000145695
0.0366899692852671 885.209763310395
0.0367494826565555 884.318848664229
0.0368088998055512 883.42627312563
0.0368682211974721 882.532052533744
0.0369274472937998 881.636201660759
0.0369865785523208 880.738734224425
0.0370456154271679 879.839662900729
0.0371045583688615 878.938999336698
0.037163407824349 878.036754163308
0.0372221642370444 877.132937008468
0.037280828046868 876.227556510063
0.0373393996902838 875.320620329033
0.0373978796003383 874.412135162452
0.0374562682066971 873.502106756609
0.0375145659356823 872.590539920047
0.0375727732103086 871.677438536558
0.0376308904503191 870.762805578103
0.0376889180722205 869.84664311765
0.0377468564893181 868.9289523419
0.0378047061117502 868.009733563894
0.0378624673465219 867.088986235484
0.0379201405975382 866.166708959647
0.0379777262656375 865.242899502637
0.0380352247486238 864.317554805948
0.0380926364412986 863.390670998089
0.038149961735493 862.462243406154
0.0382072010200984 861.532266567165
0.0382643546810976 860.600734239193
0.0383214231015951 859.667639412237
0.0383784066618469 858.732974318852
0.0384353057392904 857.796730444519
0.038492120708573 856.858898537743
0.0385488519415817 855.919468619881
0.0386054998074706 854.978429994678
0.0386620646726898 854.035771257518
0.0387185469010121 853.091480304371
0.0387749468535613 852.145544340437
0.0388312648888384 851.19794988848
0.0388875013627484 850.248682796843
0.0389436566286268 849.297728247138
0.0389997310372651 848.345070761619
0.0390557249369366 847.390694210213
0.0391116386734215 846.434581817216
0.039167472590032 845.476716167654
0.0392232270276368 844.517079213301
0.0392789023246853 843.55565227834
0.0393344988172316 842.592416064685
0.0393900168389584 841.627350656941
0.0394454567211999 840.660435527014
0.0395008187929654 839.691649538358
0.0395561033809615 838.720970949862
0.0396113108096153 837.748377419372
0.0396664414010959 836.773846006847
0.0397214954753368 835.797353177151
0.0397764733500575 834.818874802462
0.0398313753407846 833.838386164328
0.0398862017608733 832.855861955329
0.0399409529215281 831.871276280375
0.0399956291318233 830.884602657623
0.0400502306987236 829.895814019008
0.040104757927104 828.904882710399
0.0401592111197697 827.911780491368
0.040213590577476 826.916478534571
0.0402678965989471 825.918947424741
0.0403221294808958 824.919157157291
0.0403762895180421 823.917077136522
0.040430377003132 822.91267617344
0.040484392226956 821.905922483164
0.0405383354783672 820.896783681946
0.0405922070442994 819.885226783776
0.0406460072097851 818.871218196587
0.0406997362579726 817.854723718043
0.040753394470144 816.835708530918
0.0408069821257317 815.814137198053
0.0408604995023362 814.789973656893
0.0409139468757421 813.763181213596
0.0409673245199351 812.733722536712
0.0410206327071184 811.701559650425
0.0410738717077285 810.666653927352
0.0411270417904518 809.628966080898
0.04118014322224 808.588456157157
0.0412331762683258 807.545083526351
0.0412861411922385 806.498806873808
0.0413390382558192 805.449584190459
0.0413918677192358 804.397372762864
0.041444629840998 803.342129162739
0.0414973248779722 802.283809235995
0.0415499530853959 801.222368091263
0.0416025147168922 800.157760087908
0.041655010024484 799.089938823514
0.0417074392586082 798.018857120836
0.0417598026681295 796.944467014198
0.0418121005003545 795.866719735339
0.0418643330010449 794.785565698683
0.0419165004144312 793.700954486023
0.0419686029832259 792.612834830608
0.042020640948637 791.521154600615
0.0420726145503806 790.425860781995
0.0421245240266941 789.326899460669
0.0421763696143487 788.224215804069
0.0422281515486622 787.117754041989
0.0422798700635115 786.007457446753
0.0423315253913445 784.893268312649
0.0423831177631928 783.775127934635
0.0424346474086836 782.652976586281
0.0424861145560515 781.526753496926
0.0425375194321502 780.396396828037
0.0425888622624647 779.26184364872
0.0426401432711221 778.123029910394
0.0426913626809036 776.979890420558
0.0427425207132555 775.832358815661
0.0427936175883006 774.680367533015
0.0428446535248488 773.523847781739
0.0428956287404086 772.362729512689
0.0429465434511975 771.196941387344
0.042997397872153 770.026410745613
0.0430481922169428 768.851063572516
0.0430989266979757 767.670824463709
0.0431496015264117 766.485616589807
0.0432002169121723 765.295361659456
0.0432507730639508 764.099979881112
0.0433012701892219 762.89938992348
0.0433517084942523 761.693508874556
0.04340208818411 760.48225219922
0.0434524094626741 759.265533695327
0.0435026725326447 758.043265448231
0.0435528775955521 756.815357783685
0.0436030248517666 755.581719219046
0.0436531145005074 754.34225641272
0.043703146739852 753.096874111774
0.0437531217667456 751.845475097635
0.0438030397770097 750.587960129803
0.0438529009653515 749.32422788749
0.0439027055253723 748.054174909089
0.0439524536495766 746.777695529397
0.0440021455293809 745.494681814477
0.0440517813551216 744.205023494064
0.0441013613160645 742.908607891406
0.0441508856004124 741.605319850424
0.0442003543953137 740.295041660063
0.044249767886871 738.97765297573
0.0442991262601486 737.653030737645
0.0443484296991812 736.32104908601
0.0443976783869815 734.981579272803
0.0444468725055484 733.634489570072
0.0444960122358746 732.27964517454
0.0445450977579546 730.916908108359
0.0445941292507922 729.546137115817
0.0446431068924083 728.167187555805
0.0446920308598482 726.779911289834
0.0447409013291893 725.384156565387
0.0447897184755484 723.979767894359
0.044838482473089 722.56658592635
0.0448871934950286 721.144447316545
0.0449358517136459 719.713184587892
0.0449844573002876 718.27262598731
0.0450330104253761 716.822595335571
0.0450815112584157 715.362911870566
0.045129959968 713.893390083576
0.0451783567218189 712.413839548176
0.0452267016866645 710.924064741379
0.045274995028439 709.423864856581
0.0453232369121602 707.913033607877
0.0453714275019691 706.391359025234
0.0454195669611354 704.858623240035
0.045467655452065 703.314602260428
0.0455156931363054 701.759065735902
0.045563680174553 700.191776710454
0.0456116167266584 698.612491363699
0.0456595029516333 697.020958739186
0.0457073390076565 695.416920459168
0.0457551250520799 693.800110425008
0.0458028612414344 692.170254502337
0.0458505477314364 690.52707019003
0.045898184676993 688.870266271993
0.0459457722322086 687.19954245067
0.04599331055039 685.514588961121
0.0460407997840529 683.815086164406
0.046088240084927 682.100704118942
0.0461356316039621 680.371102128381
0.0461829744913332 678.625928264447
0.0462302688964467 676.864818863051
0.0462775149679452 675.087397991868
0.0463247128537136 673.293276887416
0.0463718627008841 671.482053359514
0.0464189646558417 669.653311160822
0.0464660188642293 667.806619318986
0.0465130254709532 665.941531428681
0.0465599846201883 664.05758490064
0.0466068964553831 662.154300164488
0.0466537611192648 660.231179821923
0.0467005787538448 658.287707746505
0.0467473495004229 656.323348125933
0.046794073499593 654.337544442372
0.0468407508912479 652.329718385936
0.0468873818145839 650.299268696017
0.0469339664081058 648.245569924614
0.0469805048096318 646.167971115291
0.047026997156298 644.065794390751
0.0470734435845636 641.938333441333
0.0471198442302149 639.784851905987
0.0471661992283706 637.604581636389
0.0472125087134859 635.396720833957
0.0472587728193571 633.160432048407
0.0473049916791266 630.894840025332
0.0473511654252867 628.599029388919
0.0473972941896845 626.272042144417
0.047443378103526 623.912874983268
0.0474894172973806 621.520476371873
0.0475354119011857 619.093743402841
0.0475813620442502 616.631518385041
0.0476272678552596 614.132585146043
0.0476731294622796 611.595665017333
0.0477189469927607 609.019412469065
0.0477647205735418 606.402410356989
0.0478104503308551 603.743164739469
0.0478561363903292 601.040099217048
0.0479017788769939 598.29154874081
0.0479473779152838 595.495752828561
0.0479929336290425 592.650848119546
0.0480384461415261 589.75486018875
0.0480839155754077 586.805694530653
0.0481293420527807 583.8011266092
0.048174725695163 580.738790855487
0.0482200666235005 577.616168476738
0.0482653649581711 574.430573919037
0.0483106208189885 571.179139801401
0.0483558343252054 567.858800109263
0.0484010055955178 564.46627140033
0.0484461347480681 560.998031733914
0.0484912219004492 557.450296984615
0.0485362671697075 553.818994140783
0.0485812706723472 550.099731115137
0.0486262325243329 546.287762506161
0.0486711528410939 542.377950640571
0.0487160317375271 538.364721094272
0.0487608693280009 534.242011725314
0.0488056657263581 530.003214049061
0.0488504210459197 525.64110553211
0.048895135399488 521.1477710629
0.04893980889935 516.514511454216
0.0489844416572806 511.731736320022
0.049029033784546 506.788838011131
0.049073585391907 501.674042443476
0.0491180965896218 496.374231542875
0.0491625674874497 490.874730569151
0.0492069981946539 485.159051639928
0.0492513888200049 479.208582164349
0.0492957394717833 473.002203349556
0.0493400502577831 466.515819061622
0.0493843212853147 459.721768515872
0.0494285526612081 452.588086639894
0.0494727444918154 445.077562105465
0.0495168968830144 437.146522766935
0.0495610099402111 428.743248028574
0.0496050837683431 419.805861626752
0.0496491184718819 410.259486481532
0.0496931141548363 400.012328162211
0.0497370709207551 388.950163398133
0.0497809888727299 376.928385095637
0.0498248681133978 363.760177403963
0.0498687087449446 349.198318136538
0.0499125108691072 332.905989509866
0.0499562745871764 314.407535489655
0.05 293
