0 943.290183381651
0.000862068965517241 943.290183381651
0.00172413793103448 943.290183381651
0.00258620689655172 943.290183381651
0.00344827586206897 943.290183381651
0.00431034482758621 943.29018338165
0.00517241379310345 943.290183381646
0.00603448275862069 943.290183381623
0.00689655172413793 943.290183381498
0.00775862068965517 943.29018338086
0.00862068965517242 943.290183377805
0.00948275862068966 943.290183363986
0.0103448275862069 943.290183304988
0.0112068965517241 943.290183067123
0.0120689655172414 943.290182161347
0.0129310344827586 943.290178902916
0.0137931034482759 943.290167826715
0.0146551724137931 943.290132241675
0.0155172413793103 943.290024161779
0.0163793103448276 943.289713749811
0.0172413793103448 943.288870464813
0.0181034482758621 943.28670279825
0.0189655172413793 943.281428691842
0.0198275862068966 943.269277490032
0.0206896551724138 943.242755723621
0.021551724137931 943.187886950628
0.0224137931034483 943.080228640461
0.0232758620689655 942.87974959977
0.0241379310344828 942.525151351518
0.025 941.928865741163
0.0258620689655172 940.974545456784
0.0267241379310345 939.519055636217
0.0275862068965517 937.400456101955
0.028448275862069 934.452124763911
0.0293103448275862 930.521274003277
0.0301724137931034 925.488288294147
0.0310344827586207 919.282348554358
0.0318965517241379 911.889265310189
0.0327586206896552 903.349319099858
0.0336206896551724 893.745573569641
0.0344827586206897 883.185589527765
0.0353448275862069 871.780832251217
0.0362068965517241 859.627941048976
0.0370689655172414 846.79466053758
0.0379310344827586 833.311289329602
0.0387931034482759 819.166714760213
0.0396551724137931 804.30693539362
0.0405172413793103 788.633487796931
0.0413793103448276 771.999107870747
0.0422413793103448 754.197780307839
0.0431034482758621 734.945426418671
0.0439655172413793 713.844881885893
0.0448275862068966 690.322474963769
0.0456896551724138 663.507975486313
0.046551724137931 631.988027826336
0.0474137931034483 593.233684707652
0.0482758620689655 542.002325136744
0.0491379310344828 464.28080412635
0.05 293
