0.00102923371199077 -0
0.00248478998633973 -0
0.00323824135637969 1.73043073781344e-13
0.00384115250601228 8.19650682840272e-13
0.00435990396872735 1.62534531496757e-12
0.00482253396519386 4.6151065130863e-12
0.00524419386333952 1.05769107441552e-11
0.00563420899158937 2.32855086602637e-11
0.00599881368467023 4.75965466076689e-11
0.00634242391049292 9.31061571091734e-11
0.0066683048187787 1.73651727280758e-10
0.00697895220831957 3.13647620317925e-10
0.00727632508708033 5.47782511072473e-10
0.00756199484420591 9.28415572593458e-10
0.00783724494708254 1.53500310849149e-09
0.0081031398738586 2.48092184908103e-09
0.00836057415594759 3.92765159570081e-09
0.00861030813103137 6.10317731178277e-09
0.00885299456289989 9.32494494181861e-09
0.00908919882934464 1.40229541039075e-08
0.00931941448248971 2.07827639650801e-08
0.00954407541626118 3.03918926391087e-08
0.0097635655040846 4.38937131567356e-08
0.00997822632171762 6.26532314953224e-08
0.01018836340085 8.84544263509032e-08
0.0103942513414424 1.23602418691153e-07
0.0105961380275807 1.71047023816032e-07
0.0107942481318751 2.34545030832796e-07
0.010988786049912 3.18842340306831e-07
0.0111799383741503 4.29895144595929e-07
0.0113678759926667 5.75128426554977e-07
0.0115527558800413 7.63742894796945e-07
0.0117347226338557 1.0070782193515e-06
0.0119139097996311 1.31902874227641e-06
0.0120904410187644 1.71652648573626e-06
0.0122644310275378 2.22009999695239e-06
0.0124359865301619 2.8545254039192e-06
0.0126052069647409 3.64954839138403e-06
0.0127721851777902 4.64073139643272e-06
0.0129370080203077 5.87039606218698e-06
0.0130997568762723 7.38870349891322e-06
0.0132605081327031 9.25485119541659e-06
0.0134193335989906 1.15384397931529e-05
0.0135763008820349 1.43209728066495e-05
0.0137314737227536 1.76975488328931e-05
0.0138849122987158 2.1778732734559e-05
0.0140366734969757 2.66926084316634e-05
0.0141868111606203 3.25870743050424e-05
0.0143353763120583 3.96323299414239e-05
0.0144824173556802 4.80236274660927e-05
0.0146279802621704 5.79842486571678e-05
0.0147721087364633 6.97687792873404e-05
0.0149148443710827 8.36666144586452e-05
0.0150562267863891 0.000100005803849793
0.015196293759078 0.000119157159237627
0.0153350813401079 0.000141538686596102
0.0154726239631036 0.000167620348033625
0.0156089545441573 0.000197929131860683
0.0157441045738488 0.000233054484137785
0.015878104202212 0.000273654069168675
0.0160109823172991 0.000320459877234849
0.0161427666179219 0.000374284702960005
0.0162734836810881 0.000436028947969209
0.0164031590246006 0.000506687800107166
0.0165318171652339 0.000587358753462741
0.0166594816728668 0.000679249476610191
0.0167861752209073 0.000783686015688457
0.0169119196333172 0.000902121330089081
0.0170367359285113 0.00103614414847352
0.017160644360382 0.00118748812315126
0.0172836644566762 0.00135804127285793
0.0174058150549302 0.00154985570021232
0.01752711433615 0.00176515753320354
0.0176475798564065 0.00200635711859994
0.017767228576504 0.00227605937380754
0.0178860768898597 0.00257707432845848
0.0180041406487285 0.00291242777485085
0.0181214351888879 0.0032853720239833
0.0182379753528948 0.00369939670647216
0.0183537755120126 0.00415823959430954
0.0184688495869002 0.00466589738998834
0.0185832110671482 0.00522663644720035
0.0186968730297393 0.00584500335737876
0.0188098481565043 0.006525835367018
0.0189221487506397 0.00727427058252088
0.0190337867523488 0.00809575788292416
0.0191447737536609 0.00899606652246513
0.0192551210124818 0.0099812953128201
0.0193648394659237 0.0110578814149687
0.0194739397429593 0.0122326085763544
0.0195824321764406 0.0135126148457874
0.0196903268145218 0.0149053996674439
0.0197976334315224 0.016418830311087
0.0199043615382624 0.0180611475587778
0.0200105203919014 0.019840970612564
0.0201161190053106 0.0217673011635625
0.0202211661560041 0.0238495265997862
0.0203256703946546 0.0260974222122547
0.020429640053217 0.0285211524625251
0.020533083252682 0.0311312711758222
0.0206360079104796 0.0339387206719409
0.0207384217475514 0.0369548297499064
0.0208403322951113 0.0401913105110989
0.0209417469011087 0.0436602540009805
0.0210426727364123 0.0473741245870761
0.0211431168007274 0.0513457531003898
0.0212430859282623 0.0555883286851384
0.0213425867931545 0.0601153893325691
0.0214416259146718 0.0649408111242837
0.0215402096621968 0.0700787961102928
0.0216383442600075 0.0755438588883642
0.021736035791864 0.0813508118266755
0.0218332902054099 0.0875147489628279
0.0219301133163982 0.0940510285890697
0.02202651081275 0.100975254528057
0.0221224882584541 0.108303256117683
0.0222180510973148 0.116051066952543
0.0223132046565555 0.124234902376346
0.0224079541502842 0.132871135804809
0.0225023046828277 0.14197627388159
0.0225962612519409 0.151566930518446
0.0226898287518963 0.16165979991407
0.0227830119764588 0.172271628533192
0.0228758156217519 0.183419186176493
0.02296824428902 0.195119236161015
0.0230603024872902 0.207388504683125
0.0231519946359392 0.220243649471367
0.0232433250671698 0.23370122775594
0.0233342980283984 0.247777663669034
0.0234249176845612 0.262489215153979
0.0235151881203386 0.277851940439504
0.0236051133423039 0.293881664220704
0.0236946972809987 0.310593943575749
0.0237839437929375 0.328004033758096
0.0238728566625451 0.346126853935662
0.023961439604029 0.364976952970431
0.0240496962631905 0.384568475334343
0.0241376302191752 0.404915127276562
0.0242252449861667 0.426030143305156
0.0243125440150259 0.447926253096899
0.0243995306948767 0.470615648953601
0.0244862083546412 0.494109953824374
0.0245725802645267 0.518420190092394
0.0246586496374651 0.543556749114052
0.0247444196305076 0.569529361676231
0.0248298933461763 0.596347069404307
0.024915073833773 0.624018197252497
0.0249999640906496 0.652550327111772
0.0250845670634379 0.681950272638236
0.0251688856492437 0.712224055385407
0.0252529226968043 0.743376882276999
0.0253366810076113 0.775413124526693
0.0254201633370008 0.808336298035647
0.0255033723952107 0.842149045330935
0.0255863108484076 0.876853119128259
0.0256689813196834 0.912449367516596
0.0257513863900237 0.948937720853804
0.0258335285992477 0.986317180380836
0.0259154104469218 1.02458580861207
0.0259970343932472 1.06374072151071
0.026078402859922 1.10377808247378
0.0261595182309802 1.14469309816372
0.0262403828536063 1.18648001617713
0.0263209990389279 1.22913212456068
0.0264013690627865 1.27264175318936
0.0264814951664872 1.31700027698803
0.0265613795575279 1.36219812099651
0.026641024410309 1.40822476726154
0.026720431866824 1.45506876353395
0.0267996040373318 1.50271773375134
0.0268785430010109 1.55115839027553
0.0269572508065964 1.60037654784739
0.0270357294730008 1.65035713922226
0.0271139809899179 1.70108423246635
0.0271920073184118 1.75254104980574
0.0272698103914897 1.80470998807431
0.0273473921146616 1.85757264060092
0.0274247543664838 1.91110982055985
0.0275018989990905 1.96530158568085
0.0275788278387107 2.02012726426232
0.0276555426861728 2.07556548244469
0.0277320453173967 2.13159419262458
0.0278083374838728 2.18819070298958
0.0278844209131308 2.2453317080911
0.0279602973091955 2.30299332032384
0.0280359683530322 2.36115110232365
0.0281114357029814 2.41978010013919
0.0281867009951828 2.47885487712049
0.0282617658439891 2.53834954844604
0.0283366318423699 2.59823781620112
0.0284113005623065 2.65849300494696
0.0284857735551768 2.71908809765391
0.0285600523521312 2.779995771979
0.0286341384644603 2.8411884367375
0.0287080333839535 2.90263826858308
0.0287817385832493 2.96431724870085
0.0288552555161782 3.02619719953595
0.0289285856180966 3.0882498214327
0.0290017303062146 3.15044672911321
0.0290746909799149 3.21275948793804
0.0291474690210655 3.27515964986011
0.029220065794325 3.33761878901575
0.0292924826474414 3.40010853687481
0.0293647209115434 3.46260061689235
0.0294367819014268 3.52506687859531
0.0295086669158328 3.58747933105874
0.0295803772377217 3.6498101756847
0.02965191413454 3.71203183825716
0.0297232788584815 3.7741170002067
0.0297944726467434 3.83603862905287
0.0298654967217761 3.89777000793927
0.0299363522915286 3.95928476428246
0.030007040549688 4.02055689743032
0.0300775626759138 4.0815608053213
0.0301479198360683 4.14227131013704
0.030218113182441 4.2026636828726
0.0302881438539686 4.26271366679569
0.0303580129764513 4.32239749986229
0.0304277216627632 4.38169193591426
0.0304972710130599 4.44057426478463
0.0305666621149803 4.49902233120076
0.0306358960438456 4.55701455254007
0.0307049738628534 4.61452993536531
0.0307738966232687 4.67154809079061
0.0308426653646097 4.72804924864747
0.0309112811148318 4.78401427044153
0.0309797448905058 4.83942466113092
0.0310480576969946 4.89426257970366
0.0311162205286247 4.94851084858617
0.0311842343688554 5.002152961865
0.0312521001904446 5.05517309235103
0.0313198189556105 5.10755609752026
0.0313873916161913 5.159287524303
0.0314548191138012 5.21035361274908
0.0315221023799832 5.26074129865812
0.0315892423363596 5.31043821508122
0.0316562398947792 5.35943269281279
0.0317230959574618 5.40771375986985
0.0317898114171397 5.45527113993932
0.0318563871571973 5.50209524992698
0.031922824051807 5.54817719650617
0.0319891229660634 5.59350877181015
0.0320552847561151 5.6380824482329
0.0321213102692929 5.6818913723955
0.0321872003442369 5.72492935831007
0.032252955811021 5.76719087977386
0.0323185774912744 5.8086710620066
0.0323840661983015 5.84936567262246
0.0324494227371999 5.88927111190125
0.0325146479049754 5.92838440244616
0.0325797424906556 5.96670317824737
0.0326447072754014 6.00422567317767
0.0327095430326161 6.0409507089685
0.032774250528053 6.07687768270781
0.0328388305199208 6.11200655386969
0.0329032837589875 6.14633783094353
0.032967610988682 6.17987255766689
0.0330318129451941 6.21261229893334
0.033095890357573 6.24455912636012
0.0331598439478239 6.27571560361012
0.0332236744310027 6.30608477142894
0.0332873825153095 6.33567013250948
0.03335096890218 6.36447563614402
0.033414434286376 6.39250566275261
0.0334777793560737 6.41976500827332
0.0335410047929507 6.44625886845578
0.0336041112722718 6.47199282311973
0.0336670994629732 6.49697282036394
0.0337299700277448 6.52120516075918
0.0337927236231119 6.5446964815873
0.0338553608995154 6.56745374108201
0.0339178825013897 6.58948420279356
0.033980289067241 6.61079541997932
0.0340425812297226 6.63139522016255
0.0341047596157101 6.65129168980135
0.0341668248463751 6.67049315909531
0.0342287775372573 6.6890081869992
0.0342906182983359 6.70684554639962
0.0343523477340996 6.72401420950576
0.0344139664436158 6.74052333345788
0.0344754750205978 6.75638224619997
0.0345368740534724 6.77160043255501
0.0345981641254449 6.78618752060602
0.034659345814564 6.80015326833404
0.0347204196937855 6.81350755053953
0.0347813863310345 6.82626034607245
0.0348422462892675 6.83842172535833
0.034903000126533 6.85000183823779
0.0349636483960306 6.86101090212405
0.0350241916461706 6.87145919049375
0.0350846304206314 6.88135702170235
0.0351449652584164 6.8907147481405
0.0352051966939102 6.89954274572775
0.0352653252569342 6.9078514037486
0.0353253514728001 6.91565111503498
0.0353852758623643 6.92295226648544
0.0354450989420802 6.92976522995921
0.0355048212240503 6.9361003534968
0.0355644432160771 6.9419679528731
0.0356239654217137 6.94737830353348
0.0356833883403135 6.95234163284528
0.0357427124670788 6.95686811270988
0.0358019382931092 6.96096785250156
0.0358610663054486 6.96465089235518
0.0359200969871328 6.96792719676965
0.0359790308172345 6.97080664855611
0.0360378682709093 6.9732990431114
0.0360966098194404 6.97541408299512
0.0361552559302823 6.97716137283971
0.0362138070671044 6.97855041455481
0.036272263689834 6.979590602846
0.0363306262546979 6.98029122102785
0.0363888952142644 6.98066143711457
0.036447071017484 6.98071030022582
0.0365051541097301 6.98044673723763
0.0365631449328383 6.97987954971963
0.036621043925146 6.97901741113228
0.0366788515215307 6.97786886428905
0.0367365681534485 6.97644231905871
0.0367941942489715 6.97474605030742
0.0368517302328247 6.97278819608094
0.0369091765264228 6.97057675601732
0.0369665335479059 6.96811958996758
0.0370238017121752 6.96542441683609
0.0370809814309283 6.96249881362973
0.0371380731126929 6.95935021468132
0.0371950771628617 6.95598591109249
0.0372519939837257 6.95241305033795
0.0373088239745071 6.94863863605092
0.0373655675313922 6.94466952796764
0.0374222250475637 6.94051244204191
0.0374787969132322 6.9361739506982
0.0375352835156678 6.93166048325263
0.037591685239231 6.92697832644234
0.037648002465403 6.92213362510458
0.037704235572816 6.91713238297264
0.0377603849372832 6.91198046359719
0.0378164509318272 6.90668359136613
0.0378724339267099 6.90124735263652
0.0379283342894605 6.89567719696342
0.0379841523849038 6.8899784384232
0.0380398885751877 6.88415625701279
0.0380955432198112 6.87821570013695
0.0381511166756509 6.87216168417075
0.0382066092969879 6.86599899608702
0.0382620214355343 6.85973229514611
0.0383173534404588 6.85336611464594
0.038372605658413 6.84690486373224
0.038427778433556 6.8403528292423
0.03848287210758 6.83371417759541
0.0385378870197348 6.82699295673953
0.0385928235068519 6.8201930981124
0.0386476819033692 6.81331841863885
0.0387024625413539 6.80637262276009
0.0387571657505268 6.79935930447777
0.0388117918582847 6.79228194942291
0.0388663411897241 6.78514393693662
0.0389208140676628 6.77794854216373
0.0389752108126629 6.77069893815619
0.0390295317430528 6.76339819797583
0.0390837771749483 6.75604929681163
0.0391379474222748 6.74865511408278
0.0391920427967882 6.74121843554989
0.0392460636080956 6.7337419554109
0.0393000101636764 6.72622827840201
0.0393538827689023 6.7186799218713
0.039407681727058 6.71109931786142
0.0394614073393606 6.70348881516066
0.0395150599049793 6.69585068133847
0.0395686397210554 6.68818710477916
0.0396221470827209 6.68050019667868
0.0396755822831176 6.67279199303191
0.039728945613416 6.66506445658884
0.0397822373628339 6.65731947879566
0.0398354578186542 6.64955888170183
0.0398886072662436 6.64178441985706
0.0399416859890698 6.63399778216479
0.0399946942687197 6.62620059370656
0.0400476323849167 6.61839441756201
0.0401005006155375 6.61058075657006
0.0401532992366297 6.60276105507757
0.0402060285224283 6.5949367006583
0.0402586887453723 6.58710902578618
0.0403112801761214 6.57927930949869
0.0403638030835717 6.57144877900699
0.0404162577348723 6.56361861129358
0.040468644395441 6.55578993465801
0.0405209633289797 6.54796383024556
0.0405732147974901 6.54014133354538
0.0406253990612892 6.53232343583518
0.0406775163790239 6.52451108562227
0.0407295670076864 6.5167051900229
0.0407815512026291 6.50890661613729
0.0408334692175785 6.50111619237159
0.0408853213046506 6.49333470972839
0.0409371077143644 6.4855629230907
0.0409888286956565 6.47780155243307
0.0410404844958946 6.47005128403963
0.0410920753608921 6.46231277166987
0.0411436015349207 6.45458663769942
0.0411950632607248 6.4468734742281
0.0412464607795343 6.43917384415828
0.041297794331078 6.43148828224998
0.0413490641535967 6.42381729613795
0.0414002704838559 6.41616136732616
0.0414514135571587 6.40852095215177
0.0415024936073585 6.40089648271041
0.0415535108668711 6.39328836777969
0.0416044655666875 6.38569699368986
0.041655357936386 6.37812272518699
0.0417061882041438 6.3705659062502
0.0417569565967497 6.36302686090217
0.0418076633396153 6.35550589398595
0.0418583086567869 6.34800329192375
0.0419088927709571 6.34051932343604
0.041959415903476 6.33305424025691
0.0420098782743629 6.32560827781504
0.0420602801023171 6.31818165589109
0.0421106216047291 6.31077457926042
0.0421609029976915 6.30338723831088
0.04221112449601 6.29601980964152
0.0422612863132139 6.2886724566337
0.0423113886615666 6.28134533001198
0.0423614317520764 6.2740385683826
0.0424114157945068 6.26675229875162
0.0424613409973864 6.25948663702188
0.0425112075680195 6.25224168848422
0.0425610157124959 6.24501754827238
0.0426107656357009 6.23781430182077
0.042660457541325 6.23063202529204
0.0427100916318741 6.22347078599543
0.0427596681086784 6.21633064278746
0.0428091871719026 6.20921164646128
0.0428586490205547 6.20211384010881
0.0429080538524961 6.1950372594926
0.04295740186445 6.18798193337674
0.0430066932520113 6.18094788386721
0.0430559282096549 6.17393512672508
0.0431051069307455 6.1669436716759
0.0431542296075456 6.15997352269488
0.0432032964312249 6.15302467829919
0.0432523075918686 6.14609713181884
0.0433012632784863 6.13919087164616
0.0433501636790202 6.13230588149714
0.0433990089803538 6.12544214064547
0.04344779936832 6.1185996241501
0.0434965350277094 6.11177830308094
0.0435452161422786 6.10497814472727
0.0435938428947583 6.09819911280004
0.0436424154668609 6.09144116762617
0.043690934039289 6.0847042663352
0.0437393987917428 6.07798836303367
0.043787809902928 6.07129340898141
0.0438361675505637 6.06461935274812
0.0438844719113897 6.05796614037395
0.0439327231611742 6.05133371551649
0.0439809214747211 6.04472201959371
0.0440290670258776 6.0381309919178
0.0440771599875416 6.03156056983213
0.0441252005316685 6.02501068882792
0.0441731888292787 6.01848128266765
0.0442211250504648 6.01197228349606
0.0442690093643984 6.00548362195244
0.0443168419393371 5.9990152272657
0.0443646229426314 5.99256702736425
0.0444123525407318 5.98613894896146
0.044460030899195 5.97973091764511
0.0445076581826914 5.97334285796844
0.0445552345550108 5.96697469352766
0.0446027601790698 5.96062634703938
0.0446502352169178 5.95429774041468
0.0446976598297435 5.94798879482962
0.0447450341778816 5.94169943079111
0.0447923584208188 5.93542956820149
0.0448396327172002 5.92917912641981
0.0448868572248356 5.92294802431483
0.0449340321007052 5.91673618032378
0.0449811575009664 5.91054351249978
0.0450282335809591 5.90436993856665
0.0450752604952124 5.89821537596287
0.0451222383974497 5.89207974188021
0.0451691674405954 5.88596295331507
0.0452160477767801 5.8798649270985
0.0452628795573465 5.87378557994485
0.0453096629328554 5.86772482847637
0.0453563980530909 5.86168258926003
0.0454030850670663 5.85565877884496
0.0454497241230294 5.84965331378471
0.0454963153684685 5.84366611067011
0.045542858950117 5.8376970861544
0.0455893550139596 5.83174615697754
0.0456358037052374 5.82581323999298
0.0456822051684527 5.81989825218593
0.0457285595473749 5.81400111069884
0.0457748669850456 5.80812173284784
0.0458211276237834 5.80226003614272
0.0458673416051892 5.79641593830468
0.0459135090701513 5.79058935727961
0.0459596301588503 5.78478021125922
0.0460057050107644 5.77898841869004
0.0460517337646737 5.77321389829055
0.0460977165586657 5.76745656906063
0.0461436535301397 5.76171635029504
0.0461895448158119 5.75599316159458
0.0462353905517198 5.7502869228767
0.0462811908732274 5.74459755438157
0.0463269459150293 5.73892497668477
0.0463726558111558 5.73326911070355
0.046418320694977 5.72762987770258
0.046463940699208 5.72200719930604
0.0465095159559128 5.71640099749863
0.0465550465965088 5.71081119463357
0.0466005327517717 5.70523771343867
0.0466459745518395 5.69968047701784
0.0466913721262168 5.69413940885977
0.0467367256037793 5.68861443283989
0.0467820351127781 5.68310547322306
0.0468273007808436 5.67761245466774
0.0468725227349902 5.67213530222816
0.0469177011016199 5.66667394135766
0.046962836006527 5.66122829791119
0.0470079275749015 5.6557982981451
0.047052975931334 5.65038386871989
0.0470979811998188 5.64498493670358
0.0471429435037587 5.63960142956775
0.0471878629659685 5.63423327519384
0.0472327397086788 5.62888040186974
0.0472775738535403 5.62354273829092
0.0473223655216273 5.61822021356232
0.0473671148334417 5.61291275719847
0.0474118219089168 5.60762029911908
0.0474564868674208 5.60234276965387
0.0475011098277608 5.59708009953799
0.0475456909081864 5.59183221991554
0.0475902302263932 5.58659906233383
0.0476347278995268 5.58138055874672
0.047679184044186 5.57617664151055
0.0477235987764264 5.5709872433856
0.0477679722117643 5.56581229753141
0.0478123044651798 5.56065173750884
0.0478565956511205 5.55550549727731
0.0479008458835048 5.55037351119226
0.0479450552757256 5.54525571400485
0.0479892239406533 5.54015204086008
0.0480333519906393 5.53506242729375
0.0480774395375197 5.52998680923261
0.0481214866926179 5.52492512299149
0.0481654935667486 5.51987730526981
0.0482094602702205 5.51484329315315
0.0482533869128399 5.50982302410789
0.0482972736039136 5.50481643598096
0.0483411204522525 5.49982346699732
0.0483849275661742 5.49484405575785
0.0484286950535064 5.48987814123672
0.0484724230215902 5.48492566277937
0.0485161115772827 5.47998656010063
0.0485597608269606 5.47506077328305
0.0486033708765228 5.47014824277253
0.0486469418313933 5.46524890937865
0.0486904737965248 5.46036271427013
0.048733966876401 5.4554895989741
0.0487774211750398 5.45062950537356
0.0488208367959962 5.44578237570367
0.0488642138423653 5.44094815255165
0.0489075524167848 5.43612677885259
0.048950852621438 5.43131819788786
0.048994114558057 5.42652235328266
0.0490373383279249 5.42173918900416
0.0490805240318788 5.4169686493582
0.0491236717703126 5.41221067898769
0.0491667816431797 5.40746522287034
0.0492098537499958 5.40273222631553
0.0492528881898411 5.398011634963
0.0492958850613637 5.39330339477966
0.0493388444627818 5.38860745205787
0.0493817664918861 5.38392375341311
0.049424651246043 5.37925224578117
0.0494674988221967 5.37459287641639
0.0495103093168719 5.36994559288912
0.0495530828261764 5.36531034308347
0.0495958194458035 5.36068707519533
0.0496385192710346 5.35607573772973
0.0496811823967417 5.35147627949877
0.0497238089173897 5.34688864961952
0.0497663989270389 5.34231279751156
0.0498089525193475 5.33774867289512
0.0498514697875742 5.33319622578842
0.04989395082458 5.32865540650609
0.0499363957228309 5.32412616565647
0.0499788045744007 5.31960845413977
