0.00102062072615966 -0
0.00246399639913372 -0
0.00321114262594043 3.49031012666611e-13
0.00380900840528568 4.13324326288727e-13
0.00432341877525751 1.63926874510898e-12
0.00478217732293819 4.13757712427772e-12
0.00520030862433661 1.01066459628419e-11
0.00558705997028474 2.19814200201609e-11
0.0059486135244271 4.4809125215497e-11
0.00628934830031849 8.58092478159556e-11
0.00661250212377116 1.59212748548799e-10
0.00692054990786439 2.82313110232782e-10
0.00721543426690267 4.90130944477677e-10
0.0074987134400998 8.27387261339927e-10
0.00777166015434034 1.36273498739526e-09
0.00803532997984911 2.19576137660999e-09
0.0082906099622895 3.46800182244557e-09
0.00853825407657306 5.37680598010153e-09
0.00877890962393524 8.19460761547751e-09
0.00901313725088943 1.2296112768505e-08
0.00924142637934381 1.81908508254073e-08
0.00946420727224912 2.65543428215096e-08
0.0096818605906445 3.82840246531775e-08
0.00989472505186281 5.45586249201682e-08
0.0101031036307983 7.69105206449337e-08
0.0103072686294636 1.07318913797231e-07
0.0105074658575644 1.48316137189522e-07
0.0107039181075723 2.03121405881213e-07
0.0108968280646203 2.75796586489539e-07
0.0110863807596965 3.71437610424789e-07
0.0112727456508269 4.96396159731531e-07
0.0114560783989737 6.58534671751297e-07
0.0116365223916755 8.67536440837987e-07
0.0118142100568983 1.13525937465747e-06
0.0119892640013646 1.47614980216891e-06
0.0121617980012035 1.90771661439553e-06
0.0123319178676877 2.45107821318207e-06
0.0124997222067887 3.13158784843164e-06
0.0126653030880499 3.97954034769405e-06
0.01282874663567 5.0309931279112e-06
0.0129901335525782 6.32866335242935e-06
0.0131495395865607 7.92296809489116e-06
0.0133070359460819 9.87317292886455e-06
0.0134626896722837 1.22486761961815e-05
0.0136165639726779 1.51304634178305e-05
0.0137687185212463 1.86126793378359e-05
0.0139192097289928 2.28044126009186e-05
0.0140680909884266 2.78316290138219e-05
0.0142154128949831 3.38393244684479e-05
0.0143612234479879 4.09938564619386e-05
0.0145055682334269 4.94855205958389e-05
0.0146484905904965 5.95313427858955e-05
0.0147900317636595 7.1378106079961e-05
0.0149302310417196 8.53056375313799e-05
0.0150691258852437 0.00010163036203152
0.0152067520435035 0.0001207091221738
0.015343143661971 0.000142943277697362
0.0154783333812852 0.000168783112767024
0.0156123524285018 0.000198732507178222
0.0157452307013488 0.000233353960158022
0.015876996846133 0.000273273887331808
0.0160076783298729 0.00031918824472605
0.0161373015071706 0.00037186847761845
0.0162658916822871 0.000432167784251366
0.0163934731668321 0.000501027694668371
0.0165200693334433 0.000579484977428515
0.0166457026657899 0.000668678833821353
0.0167703948052032 0.000769858436233857
0.0168941665942083 0.000884390737176874
0.0170170381172062 0.00101376857879955
0.017139028738529 0.00115961906448968
0.0172601571380737 0.00132371221718803
0.0173804413447012 0.00150796986401425
0.0174998987675674 0.00171447474889494
0.0176185462255425 0.00194547984468566
0.0177363999748579 0.00220341785390566
0.0178534757351114 0.00249091086225877
0.0179697887137453 0.00281078010369195
0.0180853536291088 0.003166055828006
0.0182001847322016 0.00355998723705116
0.0183142958271897 0.00399605240875977
0.0184277002907781 0.00447796825299249
0.0185404110905168 0.00500970037829075
0.0186524408021104 0.00559547288373806
0.0187638016257984 0.00623977799962288
0.018874505401864 0.00694738553949075
0.0189845636253303 0.00772335214435728
0.0190939874598933 0.0085730302242791
0.0192027877511395 0.00950207657641345
0.0193109750390947 0.0105164606455243
0.0194185595701418 0.0116224723269703
0.0195255513083489 0.0128267293188073
0.0196319599462404 0.0141361839219141
0.0197377949150464 0.0155581292681053
0.0198430653944594 0.0171002049420995
0.0199477803219278 0.0187704018707411
0.0200519484015124 0.0205770665272278
0.0201555781123308 0.0225289043426926
0.0202586777166134 0.0246349822815873
0.0203612552673915 0.0269047305623847
0.0204633186158392 0.0293479434537623
0.0205648754182868 0.0319747791150262
0.0206659331429242 0.0347957584622045
0.0207664990762107 0.0378217629686243
0.0208665803290066 0.0410640314284537
0.0209661838424414 0.0445341556275358
0.021065316393532 0.0482440748580149
0.0211639846005648 0.0522060693338291
0.0212621949282519 0.0564327524023666
0.0213599536926746 0.0609370616070921
0.0214572670660242 0.0657322485238834
0.0215541410811497 0.0708318674143151
0.0216505816359227 0.0762497626609485
0.021746594497428 0.0820000550281483
0.0218421853059881 0.0880971266602041
0.0219373595790305 0.0945556049582506
0.0220321227148039 0.101390345228439
0.0221264799959515 0.108616412192134
0.0222204365929479 0.116249060352578
0.0223139975674051 0.124303713264984
0.0224071678752552 0.132795941714024
0.0224999523698135 0.141741440857629
0.022592355804729 0.151156006368522
0.0226843828368267 0.161055509633734
0.0227760380288458 0.171455872028981
0.0228673258520806 0.182373038348815
0.0229582506889248 0.193822949454925
0.0230488168353277 0.205821514164608
0.0231390285031621 0.218384580482927
0.0232288898225104 0.231527906241502
0.0233184048438709 0.24526712917014
0.0234075775402887 0.259617736545024
0.0234964118094132 0.274595034437007
0.0235849114754861 0.290214116633462
0.0236730802912629 0.306489833367435
0.0237609219398695 0.323436759881534
0.0238484400365976 0.341069164917052
0.0239356381306413 0.359400979237714
0.0240225197067765 0.378445764264256
0.0241090881869859 0.398216680880336
0.024195346932032 0.418726458514082
0.0242812992429795 0.439987364601379
0.0243669483626694 0.462011174459993
0.0244522974771466 0.484809141718585
0.0245373497170431 0.508391969340283
0.0246221081589178 0.532769781343908
0.0247065758265552 0.557952095290845
0.024790755692224 0.583947795636372
0.0248746506778978 0.610765107977061
0.0249582636564384 0.638411574323534
0.0250415974527437 0.666894029426888
0.0251246548448616 0.6962185782444
0.0252074385650705 0.72639057460006
0.0252899513009282 0.757414601111457
0.0253721956962896 0.789294450435213
0.0254541743522961 0.822033107866468
0.0255358898283343 0.855632735397657
0.0256173446429695 0.890094657193009
0.025698541274851 0.925419346608666
0.0257794821635918 0.961606414745289
0.0258601697106248 0.998654600570981
0.0259406062800333 1.03656176265021
0.0260207941993598 1.07532487251921
0.0261007357603917 1.1149400096853
0.0261804332199253 1.15540235829101
0.0262598888005098 1.19670620545518
0.0263391046911699 1.23884494129772
0.02641808304811 1.28181106061384
0.0264968259953985 1.3255961662461
0.026575335625635 1.37019097409476
0.0266536140005986 1.4155853197941
0.02673166315188 1.46176816701422
0.0268094850814967 1.50872761735914
0.0268870817624921 1.55645092187062
0.0269644551395193 1.60492449405689
0.0270416071294096 1.65413392445452
0.0271185396217269 1.70406399666817
0.0271952544793071 1.75469870483741
0.0272717535387851 1.80602127251639
0.0273480386111074 1.85801417286595
0.0274241114820326 1.91065915017661
0.0274999739126187 1.96393724258657
0.0275756276396993 2.0178288060297
0.0276510743763475 2.07231353925567
0.0277263158123282 2.12737050995068
0.0278013536145398 2.18297818183555
0.0278761894274452 2.23911444269494
0.0279508248734924 2.29575663327444
0.0280252615535245 2.35288157698929
0.0280995010471807 2.41046561032537
0.0281735449132874 2.4684846139209
0.0282473946902399 2.52691404423729
0.0283210518963756 2.58572896571419
0.0283945180303379 2.64490408341319
0.0284677945714325 2.70441377598518
0.0285408829799744 2.76423212895791
0.0286137846976278 2.82433296824685
0.0286865011477376 2.88468989382417
0.0287590337356542 2.94527631346513
0.0288313838490498 3.00606547651336
0.0289035528582284 3.06703050760907
0.0289755421164288 3.12814444027408
0.0290473529601203 3.1893802503146
0.0291189867092925 3.25071088899999
0.0291904446677384 3.31210931591207
0.0292617281233309 3.37354853141674
0.0293328383482942 3.43500160872232
0.0294037765994682 3.49644172544263
0.0294745441185679 3.55784219461667
0.0295451421324372 3.61917649514755
0.0296155718532967 3.68041830159289
0.0296858344789868 3.74154151326386
0.0297559311932054 3.80252028259636
0.0298258631657403 3.86332904273788
0.0298956315526974 3.92394253433926
0.0299652374967233 3.98433583148648
0.0300346821272239 4.04448436671824
0.0301039665605782 4.10436395517712
0.0301730919003475 4.16395081778954
0.0302420592374807 4.22322160346625
0.0303108696505151 4.2821534103344
0.0303795242057732 4.34072380593373
0.0304480239575554 4.39891084638477
0.0305163699483294 4.45669309453533
0.0305845632089143 4.51404963700793
0.0306526047586632 4.57096010021198
0.0307204956056399 4.62740466526367
0.0307882367467941 4.68336408184502
0.0308558291681313 4.73881968094481
0.0309232738448811 4.79375338656231
0.0309905717416608 4.84814772630262
0.0310577238126366 4.90198584090179
0.0311247310016813 4.95525149269484
0.0311915942425293 5.00792907301804
0.0312583144589282 5.06000360857641
0.0313248925647878 5.11146076675343
0.0313913294643263 5.16228685992063
0.0314576260522133 5.21246884875823
0.0315237832137106 5.26199434455103
0.0315898018248098 5.31085161055785
0.0316556827523682 5.35902956242016
0.031721426854241 5.40651776766808
0.031787034979412 5.45330644429994
0.0318525079681215 5.4993864585306
0.0319178466519915 5.54474932164921
0.0319830518541495 5.58938718611143
0.0320481243893489 5.63329284080344
0.0321130650640884 5.67645970554512
0.032177874676728 5.71888182489821
0.032242554017604 5.76055386123921
0.0323071038691411 5.80147108716963
0.0323715250059632 5.84162937730022
0.0324358181950015 5.88102519941466
0.0324999841956011 5.91965560505737
0.0325640237596259 5.95751821959108
0.0326279376315611 5.99461123172122
0.0326917265486144 6.03093338255535
0.0327553912408149 6.06648395421583
0.0328189324311109 6.10126275802286
0.0328823508354654 6.13527012230639
0.0329456471629507 6.16850687984307
0.0330088221158403 6.20097435500976
0.0330718763897002 6.23267435059765
0.033134810673478 6.2636091343971
0.0331976256495911 6.29378142553864
0.0332603219940126 6.32319438063546
0.0333229003763564 6.3518515797366
0.0333853614599608 6.37975701215311
0.0334477059019701 6.40691506215333
0.0335099343534156 6.43333049456854
0.0335720474592951 6.45900844031761
0.0336340458586501 6.48395438192582
0.0336959301846435 6.50817413897912
0.0337577010646345 6.53167385361059
0.0338193591202527 6.55445997601866
0.0338809049674714 6.57653925001468
0.0339423392166794 6.59791869866007
0.0340036624727514 6.6186056099903
0.0340648753351174 6.63860752282347
0.0341259783978317 6.65793221274082
0.0341869722496392 6.67658767818226
0.0342478574740425 6.69458212669843
0.0343086346493664 6.71192396140648
0.0343693043488223 6.72862176761314
0.0344298671405714 6.7446842996579
0.0344903235877861 6.760120467959
0.034550674248712 6.77493932631363
0.0346109196767275 6.78915005940952
0.034671060420403 6.80276197061817
0.0347310970235594 6.81578447001296
0.0347910300253253 6.82822706269695
0.0348508599601938 6.8400993373755
0.0349105873580775 6.85141095523662
0.0349702127443639 6.86217163910155
0.0350297366399689 6.87239116287988
0.0350891595613901 6.88207934132501
0.0351484820207591 6.89124602009562
0.0352077045258928 6.89990106613432
0.0352668275803445 6.90805435830738
0.0353258516834532 6.91571577844852
0.0353847773303935 6.92289520261179
0.0354436050122238 6.929602492716
0.0355023352159338 6.93584748847275
0.0355609684244921 6.94163999961656
0.0356195051168917 6.94698979848699
0.0356779457681967 6.95190661287549
0.0357362908495862 6.95640011922154
0.0357945408283997 6.96047993609816
0.0358526961681797 6.96415561798351
0.0359107573287157 6.96743664938138
0.0359687247660858 6.97033243920632
0.0360265989326993 6.97285231544632
0.036084380277337 6.97500552016863
0.0361420692451926 6.97680120476013
0.0361996662779124 6.97824842548062
0.0362571718136345 6.97935613925593
0.0363145862870281 6.9801331997957
0.0363719101293317 6.98058835391864
0.0364291437683908 6.98073023817611
0.036486287628695 6.98056737570031
0.0365433421314153 6.98010817333037
0.0366003076944397 6.97936091894054
0.0366571847324092 6.97833377904293
0.0367139736567531 6.97703479657757
0.0367706748757235 6.97547188896549
0.0368272887944297 6.9736528463389
0.0368838158148717 6.97158532999419
0.0369402563359741 6.96927687105442
0.0369966107536182 6.96673486931659
0.037052879460675 6.9639665922856
0.0371090628470368 6.96097917438696
0.0371651612996488 6.95777961637092
0.0372211752025403 6.95437478486222
0.0372771049368553 6.95077141206882
0.0373329508808827 6.94697609567555
0.0373887134100863 6.94299529885317
0.037444392897134 6.93883535042121
0.0374999897119271 6.93450244514129
0.037555504221629 6.93000264415694
0.0376109367906932 6.92534187552105
0.0376662877808914 6.92052593486437
0.0377215575513413 6.91556048617059
0.0377767464585331 6.91045106265449
0.0378318548563572 6.90520306773177
0.0378868830961298 6.89982177609069
0.0379418315266197 6.89431233483347
0.0379967004940739 6.88867976472451
0.0380514903422428 6.88292896150514
0.0381062014124057 6.87706469725632
0.0381608340433953 6.87109162186731
0.0382153885716223 6.86501426453162
0.0382698653310997 6.85883703532079
0.0383242646534665 6.85256422679653
0.0383785868680113 6.84620001567583
0.0384328323016954 6.83974846454294
0.0384870012791761 6.83321352359548
0.0385410941228291 6.82659903242011
0.038595111152771 6.81990872180652
0.0386490526868813 6.81314621558929
0.0387029190408242 6.80631503251569
0.0387567105280706 6.79941858811833
0.0388104274599186 6.79246019662096
0.0388640701455151 6.7854430728534
0.0389176388918766 6.77837033417501
0.0389711340039092 6.77124500240447
0.0390245557844293 6.7640700057622
0.0390779045341834 6.75684818080671
0.039131180551868 6.74958227437722
0.0391843841341489 6.74227494552192
0.0392375155756806 6.73492876744698
0.0392905751691253 6.7275462294277
0.0393435632051719 6.72012973873142
0.0393964799725543 6.7126816225234
0.0394493257580698 6.70520412975846
0.0395021008465974 6.69769943306403
0.0395548055211156 6.69016963060332
0.0396074400627201 6.68261674791937
0.0396600047506413 6.67504273976695
0.0397124998622617 6.66744949191564
0.0397649256731328 6.65983882294147
0.0398172824569921 6.65221248599196
0.0398695704857796 6.64457217052455
0.0399217900296545 6.63691950403009
0.0399739413570115 6.6292560537237
0.0400260247344965 6.62158332821104
0.0400780404270231 6.61390277913451
0.0401299886977879 6.60621580278414
0.040181869808286 6.59852374168541
0.0402336840183266 6.59082788616517
0.0402854315860483 6.58312947587366
0.0403371127679336 6.57542970129648
0.0403887278188241 6.56772970522169
0.0404402769919352 6.56003058419344
0.0404917605388703 6.55233338991983
0.0405431787096355 6.54463913066847
0.0405945317526534 6.53694877261526
0.0406458199147773 6.52926324118045
0.0406970434413051 6.52158342232376
0.0407482025759928 6.51391016381282
0.0407992975610683 6.50624427646485
0.0408503286372444 6.49858653535784
0.0409012960437323 6.49093768101445
0.0409522000182549 6.48329842055118
0.041003040797059 6.47566942880769
0.041053818614929 6.4680513494382
0.0411045337051988 6.46044479598638
0.0411551862997648 6.45285035292514
0.041205776629098 6.44526857666068
0.0412563049222564 6.43769999653288
0.0413067714068968 6.43014511576303
0.0413571763092873 6.42260441239522
0.0414075198543187 6.41507834019852
0.0414578022655162 6.40756732955114
0.0415080237650513 6.40007178829332
0.0415581845737529 6.3925921025606
0.0416082849111191 6.38512863759442
0.0416583249953277 6.37768173852237
0.0417083050432479 6.37025173111864
0.041758225270451 6.36283892254184
0.0418080858912214 6.35544360204227
0.041857887118567 6.34806604166992
0.0419076291642303 6.3407064969237
0.0419573122386985 6.33336520741963
0.0420069365512142 6.32604239751397
0.0420565023097852 6.31873827690265
0.0421060097211952 6.31145304122387
0.0421554589910138 6.30418687261774
0.0422048503236062 6.29693994027972
0.0422541839221429 6.28971240099272
0.0423034599886102 6.28250439964394
0.042352678723819 6.27531606971591
0.042401840327415 6.26814753377096
0.0424509449978875 6.26099890391091
0.0424999929325796 6.25387028222654
0.0425489843276965 6.24676176122739
0.0425979193783154 6.23967342426001
0.0426467982783942 6.23260534590317
0.0426956212207807 6.22555759236226
0.0427443883972211 6.21853022183844
0.0427930999983691 6.21152328488197
0.0428417562137947 6.2045368247482
0.0428903572319924 6.19757087772348
0.04293890324039 6.19062547344976
0.042987394425357 6.18370063522844
0.0430358309722129 6.17679638031997
0.0430842130652356 6.16991272023151
0.0431325408876694 6.1630496609873
0.043180814621733 6.1562072033936
0.0432290344486278 6.14938534329126
0.0432772005485459 6.14258407180466
0.0433253131006776 6.13580337556837
0.0433733722832191 6.12904323695831
0.043421378273381 6.12230363430043
0.0434693312473949 6.1155845420848
0.0435172313805217 6.10888593115946
0.0435650788470586 6.10220776892453
0.0436128738203468 6.09555001951019
0.0436606164727787 6.08891264395713
0.0437083069758051 6.0822956003804
0.0437559454999427 6.07569884413033
0.0438035322147807 6.06912232794854
0.0438510672889882 6.06256600211722
0.043898550890321 6.05602981459475
0.0439459831856289 6.04951371115723
0.043993364340862 6.0430176355191
0.0440406945210776 6.0365415294687
0.0440879738904472 6.03008533297431
0.044135202612263 6.02364898430864
0.0441823808489444 6.01723242014649
0.0442295087620443 6.01083557567332
0.0442765865122563 6.00445838468482
0.0443236142594201 5.99810077967923
0.0443705921625288 5.99176269194753
0.0444175203797343 5.98544405165657
0.0444643990683542 5.97914478793799
0.0445112283848775 5.97286482895764
0.0445580084849711 5.96660410199469
0.0446047395234852 5.96036253351301
0.0446514216544602 5.95414004922612
0.0446980550311316 5.94793657416483
0.0447446398059367 5.94175203273364
0.0447911761305201 5.93558634877399
0.0448376641557392 5.92943944561457
0.0448841040316704 5.92331124612943
0.0449304959076144 5.91720167278554
0.044976839932102 5.91111064768991
0.0450231362528993 5.90503809263368
0.0450693850170138 5.89898392913925
0.0451155863706992 5.89294807849633
0.0451617404594613 5.88693046180559
0.0452078474280631 5.88093100000885
0.0452539074205301 5.87494961392926
0.0452999205801555 5.86898622430446
0.0453458870495056 5.8630407518113
0.0453918069704249 5.8571131171028
0.045437680484041 5.85120324083272
0.0454835077307698 5.84531104368116
0.0455292888503208 5.8394364463813
0.0455750239817015 5.83357936974056
0.0456207132632227 5.82773973466757
0.0456663568325033 5.82191746218636
0.0457119548264751 5.81611247346244
0.0457575073813877 5.81032468981726
0.0458030146328132 5.80455403274662
0.0458484767156507 5.7988004239372
0.0458938937641313 5.79306378528466
0.0459392659118227 5.78734403890291
0.0459845932916332 5.78164110714233
0.0460298760358173 5.77595491259885
0.0460751142759791 5.77028537813054
0.0461203081430774 5.76463242686136
0.0461654577674303 5.75899598220133
0.0462105632787187 5.75337596784786
0.0462556248059917 5.74777230779733
0.0463006424776702 5.74218492635496
0.0463456164215514 5.73661374814149
0.0463905467648131 5.73105869810013
0.0464354336340178 5.72551970150222
0.0464802771551168 5.71999668395567
0.0465250774534544 5.71448957141044
0.0465698346537722 5.70899829016179
0.0466145488802126 5.70352276685515
0.0466592202563236 5.69806292849213
0.0467038489050618 5.69261870243176
0.0467484349487974 5.6871900163985
0.0467929785093174 5.68177679847942
0.0468374797078295 5.67637897713235
0.0468819386649664 5.67099648118509
0.0469263555007893 5.66562923983891
0.0469707303347916 5.66027718267091
0.0470150632859029 5.65494023963318
0.0470593544724927 5.64961834105743
0.0471036040123737 5.6443114176553
0.047147812022806 5.63901940051596
0.0471919786205003 5.63374222111335
0.0472361039216219 5.62847981129911
0.0472801880417937 5.6232321033078
0.0473242310961003 5.61799902975636
0.0473682331990912 5.61278052364399
0.0474121944647844 5.60757651834945
0.0474561150066697 5.6023869476348
0.0474999949377123 5.59721174564172
0.047543834370356 5.59205084689281
0.0475876334165267 5.58690418628889
0.0476313921876358 5.5817716991098
0.0476751107945833 5.57665332101297
0.0477187893477612 5.57154898803241
0.0477624279570566 5.56645863657741
0.0478060267318553 5.56138220343074
0.0478495857810447 5.55631962574866
0.0478931052130169 5.55127084105862
0.047936585135672 5.54623578725689
0.0479800256564214 5.54121440260927
0.0480234268821904 5.53620662574676
0.0480667889194218 5.53121239566651
0.0481101118740786 5.52623165172824
0.0481533958516471 5.52126433365424
0.0481966409571401 5.51631038152475
0.0482398472950995 5.51136973577942
0.0482830149695995 5.50644233721263
0.0483261440842495 5.50152812697338
0.0483692347421971 5.49662704656225
0.0484122870461306 5.49173903783059
0.0484553010982823 5.48686404297667
0.048498277000431 5.48200200454568
0.0485412148539052 5.47715286542655
0.0485841147595853 5.47231656885039
0.0486269768179069 5.46749305838725
0.0486698011288633 5.46268227794477
0.0487125877920083 5.45788417176725
0.0487553369064589 5.45309868443222
0.0487980485708979 5.44832576084745
0.0488407228835764 5.44356534625114
0.0488833599423171 5.43881738620759
0.048925959844516 5.43408182660685
0.0489685226871458 5.42935861366088
0.0490110485667579 5.42464769390289
0.0490535375794852 5.41994901418414
0.0490959898210447 5.41526252167228
0.04913840538674 5.41058816384921
0.0491807843714636 5.40592588850842
0.0492231268696995 5.40127564375378
0.0492654329755257 5.39663737799668
0.0493077027826166 5.39201103995418
0.0493499363842456 5.38739657864672
0.049392133873287 5.38279394339571
0.049434295342219 5.37820308382266
0.0494764208831255 5.37362394984564
0.0495185105876989 5.36905649167782
0.0495605645472423 5.36450065982551
0.0496025828526715 5.35995640508585
0.0496445655945179 5.35542367854484
0.0496865128629301 5.35090243157508
0.0497284247476767 5.34639261583419
0.0497703013381483 5.34189418326229
0.0498121427233595 5.33740708608027
0.0498539489919518 5.33293127678771
0.0498957202321949 5.32846670816097
0.0499374565319897 5.32401333325097
0.0499791579788698 5.31957110538145
