0.00322748612183951 1.12253686235761e-12
0.0077918407677159 3.61742482493653e-09
0.0101545245896259 1.53229284922524e-07
0.0120451421874285 2.42465866589149e-06
0.0136718506085493 2.18495819345166e-05
0.0151225725152913 0.000134263795494562
0.0164448197887206 0.000621125902164724
0.0176678349300524 0.0023017372585482
0.0188111676572713 0.00712763783373984
0.0198886656271151 0.019014749859807
0.0209105677438175 0.0447149539676647
0.0218847003697199 0.0943575685528862
0.0228172065906397 0.181236315372607
0.023713013991632 0.320557091166482
0.0245761472884912 0.527178447123753
0.0254099444873581 0.812752207466309
0.0262172106729175 1.18294567784046
0.0270003301231886 1.63547856121367
0.0277613497844076 2.15951326311294
0.0285020425765191 2.73657426517143
0.0292239561874897 3.3427758478452
0.0299284512282365 3.95183826647775
0.0306167314546597 4.5382478761868
0.0312898679850142 5.07997343116391
0.0319488189100395 5.56033837203726
0.0325944453243072 5.96889005384208
0.033227524546358 6.30132861048553
0.0338487611078477 6.55871246387235
0.0344587959554445 6.74622754200086
0.0350582142085089 6.87180224769437
0.0356475517403702 6.94479428860873
0.0362273007942121 6.97489647942858
0.0367979148012447 6.97132989590074
0.0373598125354662 6.9423292257604
0.0379133817133764 6.89488308508766
0.0384589821266864 6.83467101837322
0.03899694838002 6.7661345140237
0.0395275922928384 6.69262587149526
0.0400512050146019 6.61659073458563
0.0405680588939395 6.53975342015439
0.0410784091359219 6.4632862101201
0.0415824952760806 6.38795326966151
0.0420805424953524 6.31422651489715
0.0425727627964424 6.24237487311764
0.0430593560590528 6.17253051697193
0.0435405109888838 6.10473641635596
0.0440164059731924 6.03897946753632
0.0444872098539175 5.97521293205785
0.0449530826278745 5.91337122285641
0.0454141760822585 5.85337937767558
0.0458706343726141 5.7951589458354
0.0463225945495138 5.73863151601992
0.046770187039401 5.68372073120376
0.0472135360843823 5.63035335774242
0.0476527601451713 5.57845977899368
0.0480879722708909 5.52797414962813
0.0485192804390048 5.47883435774439
0.0489467878682768 5.43098188429963
0.0493705933073269 5.38436161297154
0.0497907913010725 5.33892162107244
