0 976.011894129899
0.00202444082544729 976.011894129899
0.00286299167156934 976.011894129899
0.00350643436659138 976.011894129898
0.00404888165089458 976.011894129898
0.00452678730212593 976.011894129897
0.00495884703680465 976.011894129896
0.00535616696809985 976.011894129892
0.00572598334313868 976.011894129885
0.00607332247634187 976.011894129871
0.0064018439966448 976.011894129846
0.00671431062828603 976.011894129801
0.00701286873318277 976.011894129725
0.00729922520029285 976.011894129597
0.00757476396862159 976.01189412939
0.00784062560233975 976.011894129061
0.00809776330178916 976.011894128548
0.00834698335613178 976.011894127763
0.00858897501470802 976.011894126581
0.0088243329753028 976.01189412483
0.00905357460425185 976.011894122271
0.00927715332257109 976.011894118578
0.00949546915250792 976.011894113316
0.00970887712776134 976.011894105898
0.0099176940736093 976.011894095554
0.0101222041272364 976.011894081269
0.0103226632730696 976.011894061726
0.0105193030997741 976.011894035223
0.0107123339361997 976.011893999576
0.0109019474873251 976.011893952008
0.0110883190643186 976.011893889003
0.0112716094825836 976.011893806139
0.0114519666862774 976.011893697892
0.0116295271459911 976.011893557392
0.0118044170671441 976.011893376149
0.0119767534395102 976.011893143718
0.0121466449526837 976.011892847317
0.0123141927978368 976.011892471377
0.0124794913725693 976.01189199702
0.0126426289027943 976.011891401455
0.0128036879932896 976.011890657287
0.0129627461166701 976.011889731721
0.0131198760489947 976.011888585646
0.0132751462589578 976.011887172607
0.0134286212565721 976.01188543762
0.0135803619063778 976.01188331584
0.013730425709494 976.011880731062
0.0138788670582174 976.011877594024
0.0140257374663655 976.011873800512
0.014171085778131 976.011869229241
0.0143149583578467 976.011863739484
0.014457399262752 976.011857168452
0.0145984504005857 976.011849328367
0.014738151673602 976.011840003246
0.0148765411104139 976.01182894534
0.0150136549868969 976.011815871219
0.0151495279372432 976.011800457479
0.0152841930561299 976.01178233604
0.0154176819928544 976.011761089004
0.0155500250381961 976.011736243061
0.0156812512046795 976.011707263407
0.0158113883008419 976.011673547135
0.0159404630000429 976.011634416098
0.0160685009042995 976.01158910919
0.0161955266035783 976.011536774034
0.0163215637309343 976.01147645804
0.0164466350138467 976.011407098813
0.0165707623220667 976.011327513883
0.0166939667122636 976.01123638972
0.016816268469726 976.01113227003
0.016937687147354 976.011013543294
0.0170582416021516 976.010878429523
0.017177950029416 976.010724966229
0.0172968299947954 976.010550993564
0.0174148984643779 976.01035413864
0.0175321718329569 976.010131798987
0.0176486659506056 976.009881125154
0.0177643961476827 976.00959900244
0.0178793772583818 976.009282031731
0.0179936236429264 976.008926509466
0.0181071492085037 976.008528406701
0.0182199674290256 976.008083347292
0.018332091363794 976.007586585189
0.0184435336751456 976.007032980855
0.0185543066451422 976.006416976825
0.01866442219137 976.0057325724
0.0187738918819046 976.004973297526
0.0188827269494949 976.004132185852
0.0189909383050158 976.003201747011
0.0190985365502348 976.002173938148
0.0192055319899344 976.001040134732
0.0193119346434305 975.999791100689
0.0194177542555227 975.998416957907
0.01952300030691 975.996907155145
0.0196276820241042 975.995250436418
0.01973180838887 975.993434808897
0.0198353881472186 975.991447510396
0.0199384298179811 975.989274976502
0.0200409417009854 975.986902807418
0.0201429318848581 975.984315734598
0.0202444082544729 975.981497587239
0.0203453784980646 975.978431258717
0.0204458501140267 975.975098673042
0.0205458304174103 975.971480751428
0.0206453265461392 975.967557379055
0.020744345466957 975.963307372127
0.0208428939811197 975.958708445301
0.0209409787298477 975.953737179604
0.0210386061995483 975.948368990923
0.0211357827268216 975.942578099164
0.02123251450326 975.936337498199
0.021328807580052 975.929618926675
0.0214246678723994 975.922392839811
0.0215201011637576 975.914628382273
0.0216151131099076 975.906293362236
0.0217097092428673 975.897354226726
0.0218038949746501 975.887776038351
0.0218976756008785 975.87752245352
0.0219910563042581 975.866555702242
0.02208404215792 975.854836569613
0.0221766381286372 975.842324379072
0.0222688490799202 975.828976977533
0.0223606797749979 975.814750722462
0.0224521348796888 975.799600471006
0.0225432189651672 975.783479571245
0.0226339365106296 975.766339855638
0.0227242919058648 975.748131636756
0.0228142894537325 975.728803705355
0.0229039333725547 975.708303330858
0.0229932277984228 975.686576264308
0.0230821767874241 975.663566743842
0.0231707843177921 975.639217502741
0.0232590542919822 975.61346978009
0.0233469905386779 975.586263334088
0.0234345968147278 975.557536458041
0.0235218768070193 975.527225999058
0.0236088341342881 975.495267379471
0.0236954723488701 975.461594620981
0.0237817949383936 975.42614037155
0.0238678053274184 975.388835935016
0.0239535068790204 975.349611303441
0.0240389028963265 975.308395192155
0.0241239966239998 975.265115077496
0.0242087912496781 975.219697237191
0.0242932899053675 975.172066793357
0.0243774956687919 975.122147758075
0.0244614115647014 975.069863081479
0.0245450405661397 975.015134702312
0.0246283855956736 974.957883600883
0.0247114495265842 974.898029854341
0.0247942351840232 974.835492694217
0.0248767453461339 974.770190566127
0.0249589827451387 974.702041191555
0.0250409500683953 974.630961631635
0.0251226499594212 974.556868352813
0.0252040850188882 974.4796772943
0.0252852578055887 974.399303937208
0.0253661708373735 974.315663375239
0.0254468265920636 974.228670386837
0.025527227508335 974.13823950866
0.0256073759865792 974.04428511026
0.0256872743897396 973.946721469835
0.0257669250441241 973.845462850939
0.0258463302401955 973.740423579994
0.0259254922333402 973.631518124493
0.0260044132446153 973.518661171744
0.0260830954614758 973.401767708022
0.0261615410384824 973.280753097988
0.0262397520979893 973.155533164245
0.0263177307308148 973.026024266874
0.0263954789968928 972.892143382835
0.0264729989259084 972.753808185071
0.0265502925179156 972.610937121192
0.0266273617439397 972.463449491599
0.0267042085465636 972.31126552691
0.0267808348404992 972.154306464555
0.0268572425131441 971.99249462442
0.0269334334251238 971.825753483386
0.0270094094108204 971.654007748668
0.0270851722788881 971.477183429809
0.0271607238127556 971.295207909215
0.0272360657711154 971.108010011127
0.0273111998884022 970.915520068893
0.0273861278752583 970.71766999046
0.027460851418988 970.514393321963
0.0275353721840014 970.305625309319
0.0276096918122462 970.091302957731
0.0276838119236306 969.871365089015
0.0277577341164348 969.645752396657
0.0278314599677133 969.414407498532
0.0279049910336872 969.177274987202
0.0279783288501279 968.934301477729
0.0280514749327311 968.68543565294
0.028124430777482 968.430628306082
0.028197197861013 968.169832380822
0.0282697776409517 967.903003008539
0.0283421715562621 967.630097542871
0.028414381027577 967.351075591488
0.0284864074575238 967.065899045045
0.0285582522310418 966.774532103309
0.0286299167156934 966.476941298442
0.0287014022619676 966.173095515404
0.0287727102035769 965.862966009511
0.0288438418577476 965.546526421099
0.0289147985255041 965.223752787345
0.0289855814919458 964.894623551215
0.0290561920265194 964.559119567585
0.029126631383284 964.21722410653
0.0291969008011714 963.868922853824
0.0292670015042399 963.514203908676
0.0293369347019234 963.153057778725
0.0294067015892748 962.785477372353
0.0294763033472041 962.411457988338
0.0295457411427118 962.030997302913
0.0296150161291172 961.644095354267
0.0296841294462817 961.250754524554
0.0297530822208279 960.850979519462
0.0298218755663537 960.444777345405
0.0298905105836421 960.032157284403
0.0299589883608669 959.613130866724
0.0300273099737938 959.187711841349
0.0300954764859776 958.755916144337
0.0301634889489557 958.317761865171
0.0302313484024366 957.873269211153
0.0302990558744864 957.422460469942
0.0303666123817094 956.965359970295
0.030434018929427 956.501994041117
0.0305012765118521 956.032390968888
0.0305683861122598 955.556580953564
0.0306353487031556 955.074596063024
0.0307021652464394 954.586470186167
0.0307688366935672 954.09223898473
0.0308353639857088 953.59193984393
0.0309017480539028 953.085611822003
0.0309679898192089 952.573295598747
0.0310340901928566 952.055033423128
0.0311000500763921 951.530869060071
0.0311658703618211 951.000847736494
0.0312315519317496 950.465016086684
0.0312970956595226 949.923422097103
0.031362502409359 949.376115050697
0.0314277730364846 948.8231454708
0.0314929083872628 948.264565064716
0.0315579092993225 947.700426667045
0.0316227766016838 947.130784182856
0.0316875111148815 946.555692530754
0.0317521136510859 945.975207585948
0.031816585014222 945.389386123368
0.0318809260000859 944.798285760913
0.0319451373964597 944.201964902906
0.032009219983224 943.600482683807
0.0320731745324682 942.993898912267
0.0321370018085991 942.382274015572
0.0322007025684478 941.76566898455
0.0322642775613739 941.144145318984
0.0323277275293689 940.517764973604
0.0323910532071566 939.886590304703
0.0324542553222931 939.250684017423
0.0325173345952636 938.610109113776
0.0325802917395788 937.964928841424
0.0326431274618686 937.315206643288
0.0327058424619752 936.661006107999
0.0327684374330434 936.002390921254
0.0328309130616103 935.339424818102
0.0328932700276934 934.672171536192
0.0329555090048764 934.000694770022
0.0330176306603946 933.325058126208
0.033079635655218 932.645325079813
0.0331415246441335 931.961558931746
0.0332032982758256 931.273822767265
0.0332649571929558 930.582179415591
0.0333265020322403 929.886691410662
0.0333879334245271 929.187420953038
0.0334492519948712 928.484429872965
0.0335104583626087 927.777779594612
0.0335715531414302 927.067531101498
0.033632536939452 926.353744903096
0.0336934103592875 925.63648100264
0.0337541739981159 924.915798866122
0.0338148284477508 924.19175739249
0.0338753742947079 923.464414885036
0.0339358121202705 922.733829023982
0.0339961425005549 922.000056840254
0.0340563660065746 921.263154690435
0.0341164832043033 920.523178232895
0.0341764946547367 919.780182405091
0.0342364009139539 919.034221402014
0.0342962025331774 918.285348655788
0.0343559000588321 917.533616816395
0.0344154940326039 916.779077733519
0.0344749849914969 916.021782439489
0.0345343734678895 915.261781133308
0.0345936599895907 914.499123165753
0.0346528450798942 913.733857025515
0.0347119292576325 912.966030326381
0.0347709130372302 912.195689795412
0.0348297969287557 911.422881262125
0.0348885814379733 910.647649648629
0.0349472670663936 909.870038960715
0.035005854311323 909.090092279866
0.0350643436659138 908.307851756164
0.0351227356192118 907.523358602082
0.0351810306562043 906.736653087116
0.0352392292578672 905.947774533251
0.0352973319012112 905.156761311233
0.0353553390593274 904.363650837613
0.0354132512014322 903.568479572548
0.0354710687929117 902.771283018327
0.0355287922953654 901.972095718603
0.0355864221666488 901.1709512583
0.0356439588609162 900.367882264169
0.0357014028286624 899.562920405981
0.0357587545167636 898.756096398306
0.0358160143685182 897.947440002881
0.0358731828236865 897.136980031521
0.0359302603185306 896.32474434956
0.0359872472858527 895.510759879791
0.0360441441550337 894.695052606888
0.0361009513520709 893.877647582271
0.0361576692996151 893.05856892941
0.0362142984170074 892.23783984953
0.0362708391203154 891.415482627695
0.0363272918223688 890.591518639257
0.0363836569327944 889.765968356637
0.0364399348580512 888.938851356421
0.0364961260014642 888.110186326755
0.0365522307632584 887.279991074997
0.0366082495405917 886.448282535636
0.0366641827275881 885.61507677843
0.0367200307153698 884.780389016758
0.0367757938920894 883.944233616161
0.0368314726429609 883.106624103055
0.0368870673502912 882.267573173599
0.0369425783935103 881.427092702693
0.0369980061492021 880.585193753098
0.0370533509911335 879.741886584653
0.0371086132902844 878.897180663575
0.0371637934148763 878.051084671834
0.0372188917304014 877.203606516564
0.0372739085996503 876.354753339529
0.03732884438274 875.504531526597
0.0373836994371418 874.652946717231
0.037438474117708 873.800003813967
0.0374931687766989 872.94570699188
0.0375477837638092 872.090059708013
0.0376023194261938 871.233064710766
0.037656776108494 870.374724049228
0.0377111541528628 869.515039082441
0.0377654538989898 868.654010488588
0.0378196756841258 867.791638274098
0.0378738198431079 866.927921782642
0.037927886708383 866.062859704032
0.0379818766100317 865.196450082997
0.0380357898757921 864.32869032784
0.0380896268310829 863.459577218958
0.038143387799026 862.589106917218
0.0381970731004697 861.717274972195
0.0382506830540104 860.84407633024
0.0383042179760154 859.969505342397
0.0383576781806438 859.093555772147
0.0384110639798688 858.216220802976
0.0384643756834985 857.337493045763
0.038517613599197 856.457364545985
0.0385707780325052 855.575826790727
0.038623869286861 854.692870715495
0.0386768876636198 853.808486710835
0.0387298334620742 852.92266462874
0.038782706979474 852.035393788851
0.0388355085110453 851.146662984448
0.0388882383500103 850.256460488218
0.0389408967876056 849.364774057812
0.0389934841131014 848.471590941172
0.0390460006138199 847.576897881637
0.0390984465751539 846.680681122817
0.0391508222805844 845.782926413241
0.0392031280116988 844.883619010768
0.0392553640482085 843.982743686762
0.0393075306679663 843.080284730033
0.039359628146984 842.176225950533
0.0394116567594486 841.270550682819
0.0394636167777401 840.363241789261
0.0395155084724474 839.454281663018
0.0395673321123854 838.543652230757
0.0396190879646105 837.631334955129
0.0396707762944372 836.717310836995
0.0397223973654539 835.801560417405
0.0397739514395383 834.884063779314
0.0398254387768734 833.964800549059
0.0398768596359622 833.043749897568
0.0399282142736432 832.120890541324
0.0399795029451056 831.196200743065
0.0400307259039034 830.26965831223
0.0400818834019708 829.34124060514
0.0401329756896361 828.410924524922
0.0401840030156362 827.478686521174
0.0402349656271308 826.544502589356
0.0402858637697162 825.608348269928
0.0403366976874393 824.670198647214
0.040387467622811 823.730028347997
0.04043817381682 822.787811539853
0.0404888165089458 821.843521929203
0.0405393959371723 820.897132759097
0.0405899123380004 819.948616806725
0.0406403659464614 818.997946380646
0.0406907569961291 818.045093317742
0.0407410857191333 817.090028979885
0.0407913523461715 816.132724250329
0.0408415571065214 815.173149529802
0.0408917002280534 814.211274732326
0.0409417819372426 813.247069280726
0.0409918024591803 812.28050210186
0.0410417620175864 811.311541621537
0.0410916608348207 810.340155759146
0.0411414991318945 809.366311921967
0.0411912771284821 808.389976999181
0.0412409950429321 807.411117355559
0.0412906530922785 806.429698824843
0.0413402514922518 805.445686702792
0.0413897904572898 804.459045739909
0.0414392702005489 803.469740133833
0.041488690933914 802.477733521392
0.0415380528680098 801.48298897031
0.0415873562122108 800.48546897057
0.0416366011746522 799.485135425414
0.0416857879622394 798.481949641982
0.0417349167806589 797.475872321587
0.0417839878343877 796.4668635496
0.0418330013267038 795.454882784961
0.0418819574596954 794.439888849291
0.0419308564342714 793.421839915605
0.0419796984501701 792.400693496609
0.0420284837059696 791.376406432582
0.0420772123990966 790.348934878824
0.042125884725836 789.318234292664
0.0421745008813402 788.28425942002
0.0422230610596378 787.246964281488
0.0422715654536432 786.206302157961
0.0423200142551651 785.162225575764
0.0423684076549156 784.114686291279
0.042416745842519 783.063635275063
0.0424650290065201 782.009022695436
0.0425132573343931 780.950797901524
0.0425614310125502 779.88890940574
0.0426095502263495 778.823304865695
0.0426576151601041 777.753931065512
0.0427056259970894 776.680733896529
0.0427535829195521 775.603658337374
0.0428014861087177 774.522648433387
0.0428493357447988 773.43764727538
0.0428971320070029 772.34859697769
0.0429448750735401 771.255438655538
0.0429925651216313 770.158112401631
0.0430402023275152 769.056557262015
0.0430877868664565 767.950711211137
0.0431353189127531 766.840511126086
0.0431827986397438 765.725892759999
0.0432302262198152 764.60679071459
0.0432776018244095 763.483138411777
0.0433249256240316 762.354868064372
0.0433721977882561 761.221910645803
0.0434194184857345 760.084195858833
0.0434665878842023 758.941652103234
0.0435137061504857 757.794206442379
0.0435607734505089 756.641784568722
0.0436077899493003 755.484310768101
0.0436547558109999 754.321707882848
0.0437016711988657 753.153897273634
0.0437485362752802 751.98079878001
0.0437953512017571 750.802330679605
0.0438421161389478 749.6184096459
0.0438888312466477 748.42895070455
0.0439354966838029 747.233867188176
0.0439821126085162 746.033070689574
0.0440286791780532 744.826471013269
0.044075196548849 743.613976125357
0.044121664876514 742.395492101552
0.04416808431584 741.170923073366
0.0442144550208061 739.940171172347
0.0442607771445851 738.703136472286
0.0443070508395488 737.459716929311
0.0443532762572744 736.209808319772
0.0443994535485498 734.95330417582
0.04444558286338 733.690095718582
0.0444916643509918 732.420071788823
0.0445376981598404 731.143118774978
0.0445836844376145 729.859120538444
0.0446296233312418 728.567958335997
0.0446755149868948 727.269510739209
0.0447213595499958 725.963653550722
0.0447671571652226 724.650259717233
0.0448129079765136 723.329199239036
0.0448586121270734 722.000339075955
0.0449042697593776 720.663543049496
0.0449498810151783 719.318671741033
0.0449954460355093 717.965582385845
0.0450409649606907 716.604128762779
0.0450864379303345 715.234161079344
0.0451318650833493 713.855525851995
0.0451772465579453 712.468065781368
0.0452225824916392 711.071619622206
0.0452678730212593 709.666022047707
0.0453131182829497 708.251103508005
0.0453583184121758 706.826690082476
0.0454034735437286 705.392603325536
0.0454485838117295 703.948660105607
0.045493649349635 702.494672436854
0.045538670290241 701.030447303328
0.045583646765688 699.555786475081
0.0456285789074649 698.070486315824
0.0456734668464141 696.574337581647
0.0457183107127355 695.0671252103
0.0457631106359912 693.54862810051
0.0458078667451095 692.018618880744
0.0458525791683897 690.476863666825
0.0458972480335061 688.923121807739
0.0459418734675124 687.357145618943
0.0459864555968456 685.778680102422
0.0460309945473308 684.187462652708
0.0460754904441844 682.583222747992
0.0461199434120194 680.965681625431
0.0461643535748483 679.334551939653
0.0462087210560879 677.689537403423
0.0462530459785632 676.03033240932
0.046297328464511 674.356621631226
0.0463415686355842 672.66807960431
0.0463857666128554 670.964370282106
0.0464299225168213 669.245146569158
0.0464740364674059 667.510049827615
0.0465181085839645 665.758709355994
0.0465621389852877 663.990741838216
0.0466061277896049 662.205750760867
0.0466500751145882 660.40332579643
0.0466939810773558 658.583042150111
0.0467378457944758 656.744459867616
0.0467816693819698 654.887123101073
0.0468254519553167 653.010559330001
0.0468691936294557 651.114278533998
0.0469128945187903 649.197772313502
0.0469565547371918 647.26051295467
0.0470001743980022 645.30195243405
0.0470437536140385 643.321521358353
0.0470872924975953 641.318627834146
0.0471307911604488 639.292656261868
0.0471742497138595 637.242966047986
0.0472176682685762 635.168890228531
0.0472610469348389 633.069733996604
0.0473043858223821 630.944773125691
0.0473476850404381 628.793252279813
0.0473909446977401 626.614383200632
0.0474341649025257 624.407342760575
0.0474773457625396 622.171270869961
0.0475204873850372 619.905268224739
0.0475635898767872 617.608393880096
0.0476066533440752 615.279662633482
0.0476496778927066 612.91804219883
0.0476926636280091 610.522450151649
0.0477356106548368 608.091750622311
0.0477785190775719 605.624750712235
0.0478213890001288 603.120196604597
0.0478642205259563 600.576769337807
0.0479070137580409 597.993080206021
0.0479497687989093 595.367665746497
0.0479924857506317 592.698982268441
0.0480351647148246 589.985399872077
0.0480778057926531 587.225195899857
0.0481204090848343 584.416547753862
0.0481629746916399 581.557525004331
0.0482055027128986 578.646080703675
0.0482479932479996 575.680041808005
0.0482904463958944 572.657098593828
0.0483328622551002 569.574792940709
0.0483752409237022 566.430505330869
0.0484175824993562 563.221440393369
0.0484598870792917 559.944610792859
0.0485021547603139 556.59681923008
0.0485443856388067 553.174638282175
0.048586579810735 549.674387764059
0.0486287373716474 546.092109235818
0.0486708584166788 542.423537213252
0.0487129430405527 538.664066556302
0.0487549913375838 534.808715409852
0.0487970034016804 530.852082948607
0.0488389793263469 526.788301026616
0.0488809192046864 522.610978644981
0.0489228231294027 518.31313791845
0.048964691192803 513.887139929893
0.0490065234868002 509.324598493895
0.0490483201029152 504.616279383706
0.0490900811322794 499.751981978472
0.0491318066656368 494.720399517578
0.0491734967933464 489.508953147845
0.0492151516053845 484.103593636023
0.0492567711913471 478.488562879815
0.0492983556404517 472.646105023377
0.0493399050415401 466.556113834388
0.0493814194830802 460.195698688018
0.0494228990531684 453.538645521879
0.0494643438395316 446.55474071113
0.0495057539295297 439.208913790701
0.0495471294101574 431.460137483729
0.0495884703680465 423.259997640547
0.0496297768894679 414.550806630996
0.0496710490603339 405.263073357942
0.0497122869662002 395.3120473307
0.0497534906922678 384.592898023705
0.0497946603233852 372.973827369277
0.0498357959440506 360.285952232765
0.0498768976384136 346.307951004529
0.0499179654902774 330.741847395524
0.0499589995831008 313.172990854524
0.05 293
