0.00101222041272365 -0
0.00244371624850832 -0
0.00318471301908036 3.51951239817991e-13
0.00377765800874298 6.25190913029025e-13
0.00428783447651025 1.65307493101129e-12
0.00474281716946529 3.39018833225212e-12
0.00515750700245225 9.05984745557826e-12
0.00554107515561927 1.91316235014203e-11
0.00589965290974028 3.9381179961193e-11
0.00623758323649334 7.56407675706294e-11
0.00655807731246542 1.40552563932195e-10
0.0068635896807344 2.51114771088074e-10
0.00715604696673781 4.36024932580745e-10
0.00743699458445722 7.34481887640211e-10
0.00770769478548067 1.20924375328227e-09
0.00796919445206445 1.94555782478706e-09
0.00822237332896047 3.06685952107072e-09
0.0084679791854199 4.74394977385312e-09
0.00870665399500541 7.216885075982e-09
0.00893895378977733 1.08114978185449e-08
0.00916536396341147 1.59642843709753e-08
0.00938631123753951 2.32657830964683e-08
0.00960217314013463 3.34888161179605e-08
0.00981328560068532 4.76488278627311e-08
0.0100199491004229 6.70705290011549e-08
0.010222433700153 9.34557654476226e-08
0.0104209831864219 1.28985601680069e-07
0.0106158185179869 1.76425626715505e-07
0.0108071407117624 2.39265614577478e-07
0.0109951332758218 3.21878829904153e-07
0.0111799642734511 4.29711641469278e-07
0.0113617880844305 5.695026663979e-07
0.0115407469161342 7.49544221107571e-07
0.0117169721065676 9.79987713769975e-07
0.0118905852533271 1.27319250569658e-06
0.012061699196097 1.64413313053263e-06
0.0122304188752603 2.11086689383331e-06
0.0123968420852031 2.69505715855439e-06
0.0125610601376818 3.42259318061803e-06
0.012723158448042 4.32427278605258e-06
0.0128832170549799 5.43657997734715e-06
0.0130413110828324 6.80256168214908e-06
0.0131975111539762 8.47282538695356e-06
0.0133518837577649 1.05066269286346e-05
0.0135044915814749 1.29730988060299e-05
0.0136553938079359 1.59526336259621e-05
0.0138046463838557 1.95383668810084e-05
0.0139523022622915 2.3837867873031e-05
0.0140984116222483 2.89749647926378e-05
0.0142430220679889 3.5091760562549e-05
0.0143861788102994 4.23508299006298e-05
0.0145279248316689 5.09376281292856e-05
0.0146683010370939 6.10630989948639e-05
0.014807346392008 7.29665010705494e-05
0.0149450980486554 8.69184714837929e-05
0.01508159146207 0.000103224326452527
0.0152168604966865 0.000122227608210218
0.0153509375244921 0.000144313887129783
0.0154838535155252 0.000169914833252992
0.0156156381214378 0.000199512548978065
0.0157463197527607 0.00023364419701893
0.0158759256504424 0.000272906890877488
0.0160044819521712 0.00031796288387311
0.0161320137539389 0.000369545031587272
0.0162585451672563 0.000428462564691556
0.0163840993723905 0.000495607138254099
0.0165086986679567 0.000571959155103933
0.0166323645171651 0.000658594412223458
0.0167551175909948 0.000756690974014834
0.01687697780854 0.000867536360271353
0.0169979643747528 0.000992534975906354
0.0171180958157838 0.00113321579509927
0.0172373900121057 0.00129124028177762
0.0173558642295866 0.00146841053941344
0.0174735351486674 0.00166667767344289
0.0175904188917813 0.00188815032328379
0.0177065310491441 0.00213510337956978
0.0178218867030323 0.00240998683988159
0.0179365004506541 0.00271543477114824
0.018050386425715 0.00305427438175784
0.0181635583187647 0.00342953514811461
0.0182760293964098 0.00384445796250261
0.0183878125194698 0.0043025042992977
0.0184989201601439 0.0048073653179489
0.0186093644182561 0.00536297091956181
0.0187191570366373 0.00597349867038385
0.0188283094156997 0.00664338257239073
0.0189368326272554 0.00737732166662223
0.0190447374276253 0.00818028837640442
0.0191520342700846 0.00905753657446749
0.0192587333166825 0.0100146093437001
0.0193648444494766 0.011057346358163
0.0194703772812163 0.0121918908592647
0.0195753411655071 0.01342469616714
0.0196797452064871 0.0147625316960792
0.0197835982680443 0.0162124884224997
0.0198869089825998 0.0177819837637602
0.0199896857594832 0.0194787657960633
0.0200919367929217 0.0213109168371864
0.0201936700696655 0.0232868562551304
0.0202948933762687 0.0254153425487913
0.0203956143060456 0.0277054746213786
0.0204958402657185 0.0301666921928591
0.0205955784817748 0.0328087753450651
0.0206948360065481 0.0356418431586157
0.0207936197240384 0.0386763514172342
0.0208919363554837 0.0419230892988059
0.020989792464698 0.0453931751150492
0.0210871944631849 0.0490980510097886
0.0211841486150408 0.0530494765972399
0.021280661041656 0.0572595215775654
0.0213767377262257 0.0617405572424012
0.0214723845180785 0.0665052469290616
0.0215676071368326 0.0715665353526113
0.0216624111763874 0.0769376368781648
0.0217568021087587 0.0826320226785327
0.0218507852877643 0.0886634068090424
0.0219443659525683 0.0950457312066007
0.022037549231089 0.101793149635113
0.0221303401432786 0.108920010564381
0.0222227436042787 0.116440839022953
0.022314764427459 0.1243703174671
0.0224064073273433 0.132723265659122
0.022497676922428 0.141514619601811
0.0225885777378984 0.150759409582561
0.0226791142082472 0.160472737337311
0.0227692906797986 0.17066975240964
0.0228591114131436 0.181365627717777
0.0229485805854888 0.192575534410057
0.0230377022929235 0.204314616051165
0.0231264805526081 0.216597962185512
0.0232149193048872 0.229440581361165
0.0233030224153301 0.242857373650839
0.0233907936767029 0.25686310274235
0.0234782368108735 0.27147236769603
0.0235653554706537 0.286699574379228
0.0236521532415791 0.302558906696059
0.0237386336436318 0.319064297672621
0.023824800132906 0.336229400452891
0.0239106561032194 0.354067559318861
0.0239962048876735 0.372591780757411
0.0240814497601632 0.391814704690983
0.024166393936839 0.411748575942197
0.0242510405775228 0.432405215986452
0.0243353927870797 0.453795995091544
0.0244194536167466 0.475931804899163
0.0245032260654205 0.498823031547906
0.0245867130809066 0.52247952937919
0.0246699175611289 0.546910595328066
0.0247528423553037 0.572124944043169
0.0248354902650786 0.598130683821178
0.0249178640456363 0.624935293417709
0.024999966406767 0.652545599794505
0.0250818000139083 0.680967756863893
0.0251633674891547 0.710207225294144
0.0252446714122384 0.7402687534337
0.0253257143214811 0.771156359392252
0.0254064987147186 0.802873314348695
0.0254870270501993 0.835422127116255
0.0255673017474571 0.868804530007372
0.0256473251881594 0.903021466052964
0.0257270997169318 0.938073077595749
0.0258066276421598 0.973958696288814
0.0258859112367679 1.01067683454814
0.0259649527389777 1.0482251784369
0.0260437543530455 1.08660058206571
0.0261223182499791 1.12579906346217
0.0262006465682358 1.16581580195702
0.026278741414402 1.20664513708913
0.0263566048638538 1.24828056901404
0.0264342389614006 1.29071476045346
0.026511645721912 1.33393954012166
0.0265888271309276 1.37794590768984
0.0266657851452516 1.42272404021214
0.0267425216935314 1.46826330004263
0.0268190386768217 1.51455224419085
0.0268953379691339 1.56157863512307
0.0269714214179721 1.60932945294545
0.0270472908448542 1.65779090896861
0.0271229480458218 1.70694846060866
0.0271983947919355 1.75678682757113
0.0272736328297588 1.8072900093185
0.0273486638818303 1.85844130372473
0.0274234896471232 1.91022332691583
0.0274981118014947 1.96261803422999
0.0275725319981238 2.01560674223705
0.0276467518679384 2.06917015177973
0.0277207730200327 2.12328837198041
0.027794597042074 2.17794094515458
0.0278682255007002 2.23310687255105
0.0279416599419076 2.28876464091815
0.0280149018914295 2.34489224974521
0.0280879528551065 2.4014672392251
0.0281608143192475 2.45846671876619
0.0282334877509823 2.51586739609385
0.0283059745986069 2.57364560676859
0.0283782762919195 2.63177734418
0.0284503942425504 2.6902382898275
0.0285223298442828 2.7490038439362
0.0285940844733676 2.8080491562489
0.0286656594888305 2.86734915700216
0.0287370562327722 2.92687858798566
0.0288082760306623 2.98661203363182
0.0288793201916258 3.04652395207656
0.0289501900087249 3.10658870613884
0.0290208867592326 3.16678059412829
0.0290914117049017 3.22707388048046
0.0291617660922277 3.28744282610577
0.0292319511527056 3.34786171842783
0.0293019681030817 3.40830490105146
0.0293718181455991 3.46874680302972
0.0294415024682394 3.52916196762408
0.0295110222449579 3.58952508058436
0.0295803786359145 3.64981099785478
0.0296495727876994 3.70999477265768
0.0297186058335548 3.77005168197606
0.0297874788935908 3.82995725230084
0.0298561930749979 3.88968728469882
0.0299247494722545 3.94921787911236
0.0299931491673303 4.00852545786867
0.0300613932298857 4.06758678838659
0.0301294827174667 4.12637900503328
0.0301974186756962 4.18487963012
0.0302652021384615 4.24306659400424
0.0303328341280979 4.3009182543006
0.0304003156555682 4.35841341415978
0.0304676477206395 4.41553133959037
0.0305348313120559 4.47225177585687
0.0306018674077077 4.52855496291062
0.0306687569747975 4.58442164982676
0.0307355009700033 4.63983310831466
0.030802100339638 4.69477114518826
0.0308685560198058 4.74921811391853
0.0309348689365558 4.80315692514635
0.0310010400060327 4.85657105628339
0.0310670701346244 4.90944456008251
0.0311329602191066 4.96176207227668
0.0311987111467853 5.01350881826094
0.0312643237956361 5.06467061880825
0.0313297990344408 5.11523389487267
0.0313951377229218 5.16518567146046
0.0314603407118737 5.21451358058638
0.0315254088432926 5.26320586336844
0.0315903429505031 5.31125137122289
0.0316551438582826 5.35863956621776
0.0317198123829837 5.40536052058918
0.0317843493326539 5.45140491545973
0.0318487555071539 5.49676403875803
0.0319130316982728 5.54142978236074
0.0319771786898419 5.58539463853184
0.0320411972578461 5.62865169557985
0.0321050881705336 5.67119463291205
0.0321688521885234 5.7130177153398
0.0322324900649109 5.75411578681042
0.0322960025453714 5.79448426347932
0.0323593903682628 5.8341191262352
0.0324226542647249 5.8730169126682
0.0324857949587784 5.91117470846922
0.0325488131674212 5.94859013839678
0.0326117096007237 5.98526135672204
0.0326744849619219 6.02118703725023
0.0327371399475093 6.05636636294767
0.0327996752473269 6.09079901513614
0.0328620915446519 6.12448516238957
0.0329243895162849 6.1574254490599
0.0329865698326355 6.1896209835216
0.0330486331578063 6.22107332613407
0.0331105801496757 6.25178447695565
0.0331724114599795 6.28175686325628
0.0332341277343907 6.31099332680927
0.0332957296125981 6.33949711104355
0.0333572177283837 6.36727184802007
0.0334185927096992 6.3943215453193
0.0334798551787399 6.42065057282481
0.0335410057520194 6.44626364942086
0.0336020450404411 6.4711658296626
0.0336629736493698 6.49536249040485
0.0337237921787017 6.51885931743202
0.0337845012229334 6.54166229209755
0.0338451013712294 6.5637776780098
0.0339055932074892 6.58521200774847
0.0339659773104127 6.60597206968732
0.0340262542535647 6.62606489485774
0.0340864246054389 6.64549774397217
0.03414648892952 6.66427809453627
0.0342064477843453 6.68241362809557
0.0342663017235656 6.69991221765326
0.0343260512960047 6.71678191523741
0.034385697045718 6.73303093965672
0.0344452395120504 6.74866766443411
0.0345046792296932 6.76370060594907
0.0345640167287401 6.7781384117847
0.0346232525347425 6.79198984931765
0.0346823871687634 6.805263794485
0.0347414211474314 6.81796922086192
0.0348003549829929 6.83011518892226
0.0348591891833645 6.84171083558258
0.0349179242521835 6.85276536400319
0.0349765606888583 6.86328803363847
0.0350350989886184 6.87328815056579
0.0350935396425628 6.8827750580904
0.0351518831377081 6.89175812761939
0.0352101299570358 6.90024674981007
0.0352682805795392 6.90825032601835
0.0353263354802693 6.91577825999931
0.0353842951303798 6.92283994992079
0.0354421599971719 6.92944478065124
0.0354999305441385 6.9356021163259
0.0355576072310071 6.94132129320492
0.0356151905137825 6.94661161280592
0.0356726808447893 6.9514823353341
0.035730078672713 6.95594267338736
0.0357873844426409 6.96000178592189
0.0358445985961024 6.96366877252356
0.0359017215711086 6.96695266792687
0.0359587538021917 6.96986243682651
0.0360156957204432 6.97240696893517
0.0360725477535523 6.97459507431771
0.036129310325843 6.97643547898172
0.0361859838583113 6.97793682071005
0.0362425687686614 6.97910764517999
0.0362990654713421 6.97995640227804
0.0363554743775816 6.98049144268952
0.0364117958954228 6.98072101471688
0.0364680304297577 6.98065326132348
0.0365241783823613 6.98029621740582
0.036580240151925 6.97965780728322
0.0366362161340899 6.97874584240594
0.036692106721479 6.97756801925701
0.0367479123037296 6.9761319174846
0.0368036332675252 6.97444499819588
0.0368592699966261 6.97251460247147
0.0369148228719008 6.97034795004085
0.0369702922713562 6.96795213816583
0.0370256785701678 6.96533414064379
0.0370809821407089 6.96250080705002
0.0371362033525804 6.95945886207232
0.0371913425726389 6.95621490504715
0.0372464001650258 6.95277540961877
0.0373013764911951 6.94914672354633
0.0373562719099409 6.94533506866348
0.0374110867774249 6.94134654093645
0.0374658214472035 6.93718711068082
0.0375204762702541 6.93286262288292
0.0375750515950015 6.9283787976307
0.0376295477673439 6.92374123065058
0.0376839651306784 6.91895539397708
0.0377383040259263 6.9140266366737
0.0377925647915578 6.90896018568021
0.0378467477636169 6.90376114674026
0.0379008532757455 6.89843450540128
0.0379548816592073 6.89298512810585
0.0380088332429119 6.88741776333414
0.0380627083534375 6.88173704284025
0.0381165073150544 6.87594748293805
0.0381702304497478 6.87005348583625
0.0382238780772401 6.86405934105355
0.0382774505150129 6.85796922685882
0.0383309480783296 6.85178721176953
0.0383843710802563 6.84551725609347
0.0384377198316836 6.83916321350183
0.0384909946413478 6.83272883264838
0.0385441958158511 6.82621775879915
0.0385973236596831 6.81963353552069
0.0386503784752404 6.81297960636139
0.038703360562847 6.80625931656649
0.0387562702207741 6.79947591483038
0.0388091077452597 6.79263255502576
0.0388618734305278 6.78573229798004
0.038914567568808 6.77877811323722
0.0389671904503535 6.77177288084109
0.0390197423634606 6.7647193931217
0.0390722235944869 6.75762035647966
0.0391246344278691 6.75047839316429
0.0391769751461416 6.74329604306798
0.0392292460299536 6.73607576550373
0.0392814473580874 6.72881994097698
0.0393335794074752 6.72153087295237
0.0393856424532163 6.71421078960968
0.0394376367685943 6.70686184558998
0.0394895626250938 6.69948612373294
0.0395414202924164 6.69208563679102
0.0395932100384979 6.68466232913458
0.0396449321295238 6.67721807843889
0.0396965868299455 6.66975469735374
0.0397481744024961 6.66227393515999
0.0397996951082059 6.65477747939303
0.0398511492064178 6.64726695745639
0.0399025369548027 6.63974393821317
0.0399538586093744 6.63220993355
0.0400051144245045 6.62466639992207
0.0400563046529371 6.61711473987601
0.0401074295458034 6.60955630354612
0.0401584893526361 6.60199239012139
0.0402094843213835 6.59442424930114
0.0402604146984235 6.58685308270728
0.0403112807285777 6.57928004529008
0.0403620826551251 6.57170624669229
0.0404128207198155 6.56413275259272
0.0404634951628829 6.55656058602623
0.040514106223059 6.54899072867775
0.0405646541375863 6.54142412213644
0.0406151391422309 6.53386166914843
0.0406655614712952 6.5263042348117
0.0407159213576312 6.51875264777822
0.0407662190326524 6.51120770139781
0.0408164547263464 6.50367015485572
0.0408666286672874 6.49614073428073
0.040916741082648 6.48862013381793
0.0409667921982114 6.48110901668673
0.0410167822383833 6.473608016211
0.0410667114262035 6.46611773681343
0.0411165799833576 6.45863875499324
0.0411663881301883 6.45117162028536
0.0412161360857071 6.4437168561814
0.0412658240676053 6.43627496103308
0.0413154522922651 6.42884640892564
0.0413650209747708 6.42143165054477
0.0414145303289194 6.41403111399206
0.0414639805672314 6.4066452056064
0.0415133719009619 6.39927431073527
0.0415627045401103 6.39191879451237
0.0416119786934315 6.38457900258881
0.0416611945684458 6.37725526185225
0.0417103523714492 6.36994788112848
0.0417594523075233 6.36265715185638
0.0418084945805458 6.35538334874494
0.0418574793931996 6.34812673041233
0.0419064069469834 6.34088753999383
0.0419552774422207 6.33366600575459
0.0420040910780698 6.32646234165553
0.0420528480525331 6.31927674792023
0.0421015485624663 6.31210941157592
0.0421501928035881 6.30496050698321
0.042198780970489 6.2978301963351
0.0422473132566405 6.29071863015961
0.0422957898544041 6.2836259477837
0.0423442109550404 6.27655227780472
0.0423925767487173 6.26949773852492
0.0424408874245195 6.26246243838471
0.0424891431704566 6.2554464763712
0.0425373441734716 6.24844994242794
0.0425854906194498 6.24147291783293
0.0426335826932268 6.23451547557218
0.0426816205785967 6.22757768070031
0.0427296044583207 6.22065959068608
0.0427775345141349 6.21376125574877
0.0428254109267582 6.20688271917557
0.0428732338759008 6.20002401763641
0.0429210035402715 6.19318518147799
0.0429687200975857 6.18636623501631
0.0430163837245732 6.17956719681194
0.0430639945969858 6.17278807993381
0.0431115528896048 6.1660288922209
0.0431590587762484 6.15928963652423
0.0432065124297795 6.15257031094895
0.0432539140221123 6.14587090907726
0.0433012637242205 6.13919142019365
0.0433485617061438 6.13253182949124
0.0433958081369953 6.12589211827704
0.0434430031849684 6.11927226416585
0.043490147017344 6.11267224126629
0.0435372398004973 6.10609202036124
0.0435842816999046 6.09953156907937
0.0436312728801501 6.09299085205994
0.0436782135049328 6.08646983111328
0.043725103737073 6.07996846537142
0.0437719437385187 6.07348671143121
0.0438187336703524 6.06702452349863
0.0438654736927977 6.06058185352079
0.0439121639652253 6.05415865131131
0.0439588046461596 6.04775486467733
0.0440053958932847 6.04137043953535
0.0440519378634511 6.035005320022
0.0440984307126815 6.02865944860393
0.044144874596177 6.02233276617805
0.044191269668323 6.01602521217645
0.0442376160826956 6.00973672464942
0.0442839139920669 6.00346724036876
0.0443301635484116 5.99721669489954
0.0443763649029121 5.99098502269428
0.0444225182059649 5.98477215716683
0.0444686236071859 5.97857803076502
0.0445146812554161 5.97240257504396
0.0445606912987274 5.96624572073565
0.0446066538844282 5.96010739781197
0.0446525691590683 5.95398753554634
0.0446984372684453 5.94788606257406
0.0447442583576092 5.94180290694903
0.0447900325708681 5.93573799619381
0.0448357600517935 5.9296912573585
0.0448814409432255 5.92366261705883
0.0449270753872779 5.91765200153037
0.0449726635253438 5.91165933666813
0.0450182054981 5.90568454807059
0.0450637014455126 5.89972756108148
0.0451091515068419 5.89378830082088
0.0451545558206473 5.88786669222615
0.0451999145247922 5.88196266008472
0.0452452277564492 5.87607612906729
0.0452904956521045 5.8702070237571
0.0453357183475628 5.86435526867703
0.0453808959779522 5.85852078832287
0.0454260286777291 5.85270350718257
0.0454711165806822 5.84690334976732
0.045516159819938 5.84112024062676
0.0455611585279645 5.83535410437986
0.0456061128365765 5.82960486572937
0.0456510228769395 5.8238724494836
0.0456958887795748 5.818156780577
0.0457407106743634 5.81245778408358
0.0457854886905503 5.80677538523424
0.0458302229567496 5.80110950943531
0.0458749136009479 5.79546008228015
0.0459195607505093 5.7898270295644
0.045964164532179 5.78421027729806
0.0460087250720882 5.77860975171493
0.0460532424957576 5.7730253792902
0.0460977169281019 5.76745708674577
0.0461421484934338 5.7619048010618
0.0461865373154681 5.75636844948598
0.0462308835173256 5.75084795954224
0.0462751872215371 5.74534325903652
0.0463194485500476 5.7398542760699
0.0463636676242198 5.73438093903778
0.0464078445648384 5.7289231766434
0.0464519794921136 5.72348091789765
0.0464960725256852 5.71805409213114
0.0465401237846261 5.71264262899167
0.0465841333874463 5.70724645845583
0.0466281014520966 5.70186551082834
0.046672028095972 5.69649971674776
0.0467159134359158 5.69114900718987
0.0467597575882228 5.68581331347134
0.0468035606686433 5.68049256725006
0.0468473227923862 5.67518670053283
0.046891044074123 5.66989564567044
0.046934724627991 5.6646193353657
0.046978364567597 5.65935770267361
0.0470219640060204 5.65411068099973
0.0470655230558169 5.64887820410414
0.0471090418290221 5.64366020610465
0.0471525204371541 5.63845662147273
0.0471959589912179 5.63326738503756
0.0472393576017076 5.62809243198369
0.0472827163786105 5.62293169785426
0.0473260354314101 5.61778511855089
0.0473693148690891 5.61265263032977
0.0474125548001329 5.60753416980664
0.0474557553325327 5.60242967395298
0.0474989165737884 5.59733908009689
0.0475420386309122 5.59226232592238
0.0475851216104312 5.58719934946807
0.0476281656183909 5.58215008912731
0.0476711707603579 5.57711448364697
0.0477141371414229 5.5720924721261
0.0477570648662043 5.567083994015
0.0477999540388503 5.56208898911444
0.0478428047630426 5.55710739757454
0.0478856171419986 5.55213915989231
0.0479283912784751 5.54718421691196
0.0479711272747705 5.54224250982171
0.0480138252327282 5.53731398015452
0.0480564852537388 5.53239856978347
0.0480991074387437 5.52749622092367
0.0481416918882371 5.52260687612856
0.0481842387022692 5.51773047828841
0.0482267479804491 5.51286697062828
0.048269219821947 5.50801629670818
0.0483116543254973 5.50317840041892
0.0483540515894012 5.49835322598226
0.0483964117115292 5.49354071794706
0.048438734789324 5.48874082119037
0.0484810209198028 5.48395348091186
0.0485232701995603 5.47917864263519
0.0485654827247708 5.47441625220435
0.0486076585911912 5.4696662557821
0.0486497978941631 5.46492859984863
0.0486919007286157 5.46020323119805
0.0487339671890682 5.45549009693911
0.0487759973696321 5.45078914449034
0.0488179913640137 5.44610032157991
0.0488599492655167 5.44142357624238
0.0489018711670446 5.43675885681889
0.0489437571611028 5.43210611195283
0.0489856073398016 5.42746529058922
0.0490274217948577 5.42283634197173
0.0490692006175973 5.41821921564166
0.0491109438989581 5.41361386143578
0.0491526517294916 5.40902022948382
0.0491943241993655 5.40443827020697
0.0492359613983658 5.39986793431603
0.0492775634158994 5.39530917280888
0.0493191303409959 5.39076193696882
0.0493606622623102 5.3862261783628
0.0494021592681243 5.38170184883918
0.04944362144635 5.37718890052617
0.0494850488845307 5.37268728582931
0.0495264416698436 5.36819695743005
0.0495677998891019 5.36371786828371
0.0496091236287572 5.35924997161764
0.0496504129749009 5.3547932209289
0.049691668013267 5.35034756998292
0.049732888829234 5.34591297281135
0.0497740755078265 5.34148938371007
0.0498152281337179 5.33707675723782
0.0498563467912321 5.33267504821378
0.0498974315643455 5.328284211716
0.0499384825366891 5.32390420307963
0.0499794997915504 5.3195349778951
