0.0032009219983224 1.07887033990555e-12
0.00772770930044833 3.20077776475325e-09
0.0100709468342852 1.33138649180245e-07
0.0119460035288041 2.08694400521541e-06
0.0135593231755682 1.87163832677114e-05
0.0149981047812631 0.000114808240420582
0.0163094691760167 0.000531352145389053
0.0175224181779288 0.00197323926227338
0.018656340599219 0.00613160110639867
0.0197249701222036 0.0164322476583249
0.0207384613788665 0.0388531755626998
0.0217045763159486 0.0824971082029211
0.0226294074580307 0.159536038913121
0.0235178418332223 0.284239143152779
0.0243738710315218 0.471052747853255
0.0252008055853012 0.732032963503438
0.026001427491736 1.07420236560927
0.0267781014048242 1.49749627757913
0.0275328574232214 1.99384116106592
0.0282674538746903 2.54761535424844
0.0289834257088084 3.13738887014705
0.0296821223378586 3.73854169641221
0.0303647376101166 4.32620070799047
0.0310323338278992 4.87793754593917
0.0316858611962915 5.37580355055471
0.0323261737225463 5.80748152644628
0.0329540423274122 6.16654168428467
0.0335701657438318 6.45195062904831
0.0341751796431024 6.66707340597558
0.0347696643287054 6.81842940215543
0.035354151263415 6.91442992083049
0.0359291286389618 6.96426193388086
0.0364950461545484 6.97701108560567
0.0370523191374147 6.96105366635712
0.037601332112924 6.92370071738182
0.0381424419114884 6.8710498255069
0.0386759803837372 6.80798920662624
0.0392022567826728 6.73829984072649
0.0397215598614228 6.6648097910741
0.0402341597270257 6.58956622980942
0.040740309484063 6.51400213519591
0.0412402466965471 6.43908440107128
0.041734194692042 6.36543749728977
0.0422223637283451 6.29344181899132
0.0427049520400301 6.22330882157869
0.0431821467796373 6.15513646327861
0.0436541248661911 6.08894886988481
0.044121053751961 6.02472391584479
0.044583092116894 5.96241189210009
0.0450403904988864 5.90194780938312
0.0454930918669974 5.84325928657248
0.0459413321437919 5.786271456672
0.0463852406822266 5.73090990788042
0.0468249407018217 5.67710236126704
0.0472605496882891 5.6247795560116
0.0476921797602902 5.57387565073514
0.0481199380065705 5.52432833841801
0.048543926796342 5.47607879851005
0.0489642440654651 5.42907156184679
0.0493809835806964 5.38325433350479
0.0497942351840232 5.33857779978179
