0.000409836065573771 -0
0.00122950819672131 -0
0.00204918032786885 1.38467306837289e-13
0.00286885245901639 1.38245897061529e-13
0.00368852459016393 4.1385205208155e-13
0.00450819672131148 2.88921502241927e-12
0.00532786885245902 1.52224121482832e-11
0.00614754098360656 7.62352017579256e-11
0.0069672131147541 3.64293158535937e-10
0.00778688524590164 1.64769406175586e-09
0.00860655737704918 7.07599385572259e-09
0.00942622950819672 2.88280798087249e-08
0.0102459016393443 1.1143256118816e-07
0.0110655737704918 4.0876037985042e-07
0.0118852459016393 1.42317547814358e-06
0.0127049180327869 4.70388916319661e-06
0.0135245901639344 1.47618453394601e-05
0.014344262295082 4.39934878607422e-05
0.0151639344262295 0.000124532937546549
0.0159836065573771 0.000334902679768758
0.0168032786885246 0.000855835534946938
0.0176229508196721 0.00207877856192139
0.0184426229508197 0.00480057832196569
0.0192622950819672 0.0105434362582035
0.0200819672131148 0.0220306562027844
0.0209016393442623 0.0438130481904442
0.0217213114754098 0.0829677172983489
0.0225409836065574 0.149683078169196
0.0233606557377049 0.257428962149797
0.0241803278688525 0.422345751775119
0.025 0.661544861334703
0.0258196721311475 0.990248380147589
0.0266393442622951 1.41809531339895
0.0274590163934426 1.94539439665225
0.0282786885245902 2.56041613060439
0.0290983606557377 3.23879224909196
0.0299180327868852 3.94563833742097
0.0307377049180328 4.64023224487738
0.0315573770491803 5.28224476276317
0.0323770491803279 5.83797256084008
0.0331967213114754 6.2850066611473
0.034016393442623 6.61429410794172
0.0348360655737705 6.8293912067369
0.035655737704918 6.94351933011731
0.0364754098360656 6.97552461732307
0.0372950819672131 6.94589284757606
0.0381147540983607 6.87365917007848
0.0389344262295082 6.77457831090567
0.0397540983606557 6.66048952608515
0.0405737704918033 6.53954756075624
0.0413934426229508 6.41691824088251
0.0422131147540984 6.29560232689684
0.0430327868852459 6.177175816601
0.0438524590163934 6.06235531568768
0.044672131147541 5.95138075165023
0.0454918032786885 5.84424972176147
0.0463114754098361 5.7408487302855
0.0471311475409836 5.64102076745364
0.0479508196721311 5.54459730990988
0.0487704918032787 5.45141212838281
0.0495901639344262 5.36130653636538
