0 976.01662567678
0.00200804832225625 976.01662567678
0.00283980917123532 976.01662567678
0.00347804171820126 976.01662567678
0.00401609664451249 976.016625676779
0.00449013255066937 976.016625676779
0.00491869376837965 976.016625676777
0.00531279648129052 976.016625676773
0.00567961834247065 976.016625676767
0.00602414496676874 976.016625676754
0.00635000635000953 976.016625676731
0.00665994284582664 976.016625676691
0.00695608343640252 976.016625676623
0.00724012118950434 976.016625676509
0.00751342883796911 976.016625676325
0.00777713771047819 976.016625676034
0.00803219328902499 976.016625675581
0.00827939533400684 976.01662567489
0.00851942751370597 976.016625673853
0.00875287971046138 976.016625672319
0.00898026510133875 976.016625670082
0.00920203343586833 976.016625666861
0.0094185814971977 976.016625662277
0.00963026144421173 976.016625655828
0.00983738753675929 976.016625646849
0.0100402416112812 976.016625634468
0.0102390775794219 976.016625617552
0.0104341251546038 976.016625594643
0.010625592962581 976.01662556387
0.0108136711560398 976.016625522853
0.0109985336266015 976.016625468587
0.0111803398874989 976.016625397294
0.0113592366849413 976.016625304255
0.0115353593844766 976.016625183612
0.011708833169601 976.016625028125
0.0118797740827873 976.016624828897
0.0120482899335375 976.016624575043
0.0122144810936485 976.016624253314
0.0123784411963548 976.016623847654
0.0125402577531775 976.016623338686
0.0127000127000191 976.016622703132
0.0128577828821753 976.01662191313
0.0130136404864157 976.01662093547
0.0131676534270231 976.016619730714
0.0133198856916533 976.016618252195
0.0134703976520081 976.016616444893
0.0136192463436029 976.016614244159
0.0137664857183036 976.016611574279
0.013912166872805 976.016608346869
0.0140563382557937 976.016604459077
0.0141990458561766 976.016599791572
0.0143403333744485 976.016594206317
0.0144802423790087 976.016587544091
0.0146188124490109 976.016579621751
0.0147560813051389 976.016570229208
0.0148920849295318 976.016559126099
0.0150268576759382 976.016546038131
0.0151604323710579 976.016530653081
0.0152928404079143 976.016512616413
0.0154241118320133 976.016491526513
0.0155542754209564 976.016466929491
0.0156833587581068 976.016438313548
0.0158113883008419 976.016405102872
0.0159383894438716 976.016366651035
0.01606438657805 976.016322233882
0.0161894031450683 976.016271041865
0.0163134616883746 976.016212171822
0.016436583900634 976.016144618152
0.0165587906680137 976.016067263383
0.0166801021115463 976.015978868101
0.0168005376258062 976.015878060212
0.0169201159151066 976.01576332353
0.0170388550274119 976.01563298566
0.017156772386136 976.015485205157
0.0172738848199875 976.015317957949
0.0173902085910063 976.015129023012
0.0175057594209228 976.014915967261
0.0176205525159611 976.01467612968
0.017734602590198 976.014406604644
0.0178479238875779 976.014104224455
0.0179605302026775 976.013765541068
0.0180724349003062 976.013386807013
0.018183650934021 976.01296395551
0.0182941908636277 976.012492579781
0.0184040668717367 976.011967911563
0.0185132907794339 976.011384798832
0.0186218740611247 976.010737682754
0.0187298278586031 976.01002057387
0.0188371629943954 976.009227027543
0.0189438899844234 976.008350118684
0.0190500190500286 976.007382415781
0.0191555601293976 976.006315954273
0.0192605228884235 976.005142209284
0.0193649167310371 976.003852067772
0.0194687508090405 976.002435800118
0.0195720340314703 976.000883031215
0.0196747750735186 975.999182711092
0.019776982385037 975.997323085131
0.0198786641986473 975.995291663936
0.0199798285374799 975.9930751929
0.0200804832225625 975.990659621552
0.0201806358798758 975.988030072728
0.0202802939470967 975.985170811654
0.020379464680044 975.982065214994
0.0204781551588437 975.978695739961
0.0205763722938275 975.975043893542
0.0206741228311798 975.97109020194
0.0207714133583448 975.966814180296
0.0208682503092076 975.962194302794
0.0209646399690588 975.957207973213
0.0210605884793558 975.95183149604
0.0211561018422887 975.946040048206
0.0212511859251621 975.939807651552
0.0213458464646011 975.933107146113
0.0214400890705901 975.92591016431
0.0215339192303527 975.918187106133
0.0216273423120797 975.909907115423
0.021720363568513 975.90103805733
0.0218129881403925 975.891546497042
0.0219052210597706 975.881397679874
0.021997067253203 975.870555512807
0.0220885315448187 975.858982547557
0.0221796186592774 975.84663996526
0.0222703332246171 975.833487562866
0.0223606797749979 975.819483741298
0.0224506627533469 975.804585495479
0.0225402865139073 975.788748406273
0.0226295553246976 975.771926634438
0.0227184733698826 975.754072916632
0.0228070447520625 975.735138563549
0.0228952734944813 975.715073460238
0.0229831635431594 975.693826068655
0.0230707187689532 975.671343432505
0.0231579429695438 975.647571184408
0.0232448398713599 975.622453555438
0.0233314131314346 975.595933387052
0.023417666339202 975.567952145456
0.0235036030182334 975.538449938418
0.0235892266279169 975.507365534546
0.0236745405650826 975.474636385046
0.0237595481655746 975.440198647957
0.0238442527057732 975.403987214873
0.0239286574040687 975.365935740131
0.0240127654222875 975.325976672463
0.024096579867075 975.28404128909
0.0241801037912338 975.240059732225
0.0242633401950217 975.193961047961
0.0243462920274088 975.145673227509
0.024428962187297 975.095123250734
0.0245113535247016 975.042237131945
0.0245934688418982 974.986939967883
0.0246753108945346 974.929155987845
0.0247568823927095 974.868808605886
0.0248381860020205 974.80582047501
0.0249192243445795 974.740113543299
0.025 974.671609111875
0.0250805155063551 974.600227894619
0.0251607733611078 974.525890079563
0.0252407760220154 974.448515391852
0.0253205259080072 974.368023158172
0.0254000254000381 974.284332372561
0.025479276841918 974.197361763475
0.0255582825411179 974.107029862018
0.0256370447695543 974.013255071212
0.0257155657643507 973.915955736197
0.0257938477285798 973.815050215245
0.0258718928319842 973.710456951473
0.0259497032116784 973.60209454512
0.0260272809728314 973.489881826285
0.0261046281893312 973.373737927992
0.0261817469044321 973.253582359458
0.0262586391313841 973.129335079444
0.0263353068540462 973.000916569568
0.0264117520274837 972.868247907438
0.0264879765785499 972.731250839515
0.0265639824064526 972.589847853541
0.0266397713833066 972.443962250452
0.0267153453546713 972.29351821562
0.0267907061400754 972.138440889335
0.0268658555335278 971.978656436384
0.0269407953040162 971.814092114639
0.0270155271959927 971.644676342516
0.0270900529298474 971.470338765217
0.0271643742023712 971.291010319633
0.0272384926872059 971.106623297821
0.027312410035284 970.917111408936
0.0273861278752583 970.722409839538
0.0274596478139199 970.522455312174
0.0275329714366073 970.317186142148
0.027606100307605 970.106542292396
0.0276790359705331 969.890465426384
0.0277517799487273 969.668898958957
0.0278243337456101 969.44178810506
0.0278966988450536 969.209079926278
0.0279688767117332 968.970723375119
0.0280408687914737 968.726669336994
0.0281126765115875 968.476870669837
0.028184301281204 968.221282241316
0.0282557444915931 967.959860963605
0.0283270075164799 967.69256582566
0.0283980917123532 967.419357922988
0.0284689984187667 967.140200484865
0.0285397289586334 966.855058898997
0.0286102846385137 966.563900733592
0.0286806667488971 966.266695756839
0.0287508765644772 965.963415953792
0.0288209153444217 965.654035540644
0.0288907843326352 965.338530976403
0.0289604847580173 965.016880971973
0.029030017834715 964.68906649666
0.0290993847623689 964.355070782103
0.0291685867263552 964.014879323672
0.0292376248980217 963.668479879332
0.0293065004349195 963.315862466033
0.0293752144810289 962.95701935363
0.0294437681669817 962.591945056387
0.0295121626102779 962.220636322103
0.0295803989154981 961.843092118902
0.029648478174512 961.459313619729
0.0297164014666822 961.069304184615
0.0297841698590635 960.673069340758
0.029851784406599 960.27061676047
0.0299192461523111 959.861956237065
0.0299865561274898 959.447099658736
0.0300537153518764 959.026060980489
0.0301207248338437 958.598856194208
0.0301875855705726 958.165503296903
0.0302542985482255 957.726022257233
0.0303208647421157 957.28043498035
0.030387285116874 956.828765271168
0.0304535606266116 956.371038796095
0.0305196922150802 955.907283043339
0.0305856808158285 955.437527281841
0.0306515273523565 954.96180251892
0.0307172327382656 954.480141456708
0.030782797877407 953.992578447458
0.0308482236640265 953.499149447783
0.0309135109829072 952.999891971938
0.0309786607095084 952.494845044194
0.0310436737101032 951.98404915039
0.0311085508419128 951.467546188757
0.0311732929532378 950.945379420064
0.0312379008835886 950.417593417183
0.0313023754638114 949.884234014147
0.0313667175162135 949.34534825476
0.0314309278546856 948.800984340856
0.0314950072848216 948.25119158026
0.0315589566040369 947.696020334537
0.0316227766016838 947.135521966589
0.0316864680591655 946.569748788172
0.0317500317500476 945.998754007404
0.0318134684401677 945.422591676326
0.0318767788877431 944.841316638578
0.0319399638434764 944.254984477254
0.0320030240506596 943.663651463004
0.0320659602452759 943.067374502422
0.0321287731561 942.466211086801
0.0321914635047965 941.860219241287
0.0322540320060169 941.249457474502
0.0323164793674942 940.63398472867
0.0323788062901367 940.013860330315
0.0324410134681195 939.389143941554
0.032503101588975 938.759895512044
0.0325650713336812 938.126175231621
0.0326269233767491 937.48804348367
0.0326886583863085 936.845560799263
0.0327502770241916 936.198787812102
0.0328117799460164 935.547785214296
0.032873167801268 934.892613713005
0.0329344412333782 934.233333987989
0.0329956008798045 933.570006650064
0.0330566473721076 932.902692200523
0.0331175813360274 932.231450991508
0.0331784033915573 931.556343187389
0.0332391141530189 930.877428727137
0.0332997142291332 930.194767287728
0.0333602042230927 929.508418248582
0.033420584732631 928.818440657054
0.0334808563500918 928.124893194985
0.0335410196624968 927.427834146318
0.0336010752516124 926.7273213658
0.0336610236940149 926.023412248751
0.0337208655611559 925.316163701926
0.0337806014194251 924.605632115462
0.0338402318302133 923.891873335902
0.0338997573499737 923.174942640315
0.0339591785302827 922.454894711485
0.0340184959178993 921.731783614183
0.0340777100548239 921.005662772507
0.0341368214783562 920.276584948285
0.0341958307211519 919.54460222053
0.0342547383112788 918.809765965943
0.0343135447722719 918.072126840448
0.0343722506231877 917.33173476175
0.0344308563786575 916.588638892896
0.0344893625489405 915.842887626841
0.0345477696399749 915.094528571983
0.0346060781534298 914.34360853867
0.0346642885867546 913.590173526651
0.0347224014332293 912.834268713456
0.0347804171820126 912.075938443688
0.0348383363181905 911.315226219215
0.0348961593228234 910.552174690224
0.0349538866729923 909.786825647143
0.0350115188418455 909.019220013386
0.0350690562986434 908.249397838916
0.035126499508803 907.477398294599
0.035183848933942 906.703259667333
0.0352411050319221 905.927019355917
0.0352982682568916 905.148713867656
0.0353553390593274 904.368378815666
0.0354123178860763 903.586048916861
0.035469205180396 902.801757990602
0.0355260013819955 902.015538957985
0.0355827069270743 901.227423841735
0.0356393222483619 900.437443766704
0.0356958477751558 899.645628960927
0.0357522839333603 898.852008757236
0.0358086311455231 898.056611595387
0.0358648898308728 897.259465024696
0.035921060405355 896.460595707156
0.0359771432816681 895.660029421002
0.0360331388692991 894.857791064725
0.036089047574558 894.053904661492
0.0361448698006125 893.248393363956
0.0362006059475217 892.441279459448
0.0362562564122698 891.632584375511
0.0363118215887991 890.822328685768
0.036367301868042 890.010532116099
0.0364226976379538 889.197213551109
0.036478009283544 888.382391040867
0.0365332371869075 887.566081807896
0.0365883817272554 886.748302254396
0.0366434432809455 885.929067969682
0.0366984222215123 885.108393737818
0.0367533189196963 884.28629354543
0.0368081337434733 883.462780589682
0.0368628670580835 882.637867286395
0.0369175192260592 881.811565278296
0.0369720906072536 880.98388544338
0.0370265815588677 880.15483790337
0.0370809924354783 879.324432032259
0.0371353235890643 878.492676464919
0.0371895753690336 877.659579105763
0.0372437481222493 876.825147137451
0.0372978421930554 875.98938702962
0.0373518579233026 875.152304547627
0.0374057956523731 874.313904761293
0.0374596557172061 873.474192053645
0.0375134384523217 872.633170129621
0.0375671441898455 871.790842024757
0.0376207732595326 870.947210113819
0.0376743259887908 870.102276119388
0.0377278027027045 869.256041120378
0.0377812037240571 868.408505560481
0.0378345293733545 867.559669256528
0.0378877799688467 866.709531406761
0.0379409558265505 865.858090599004
0.0379940572602713 865.005344818728
0.0380470845816245 864.151291456995
0.0381000381000572 863.295927318288
0.0381529181228687 862.439248628205
0.038205724955232 861.581251041021
0.0382584589002139 860.7219296471
0.0383111202587952 859.861278980172
0.0383637093298913 858.999293024443
0.0384162264103712 858.135965221549
0.0384686717950779 857.271288477355
0.0385210457768469 856.405255168567
0.038573348646526 855.537857149187
0.0386255806929937 854.669085756781
0.0386777422031778 853.798931818566
0.0387298334620742 852.927385657311
0.0387818547527644 852.054437097052
0.0388338063564342 851.180075468608
0.0388856885523909 850.304289614906
0.0389375016180811 849.427067896105
0.0389892458291076 848.548398194517
0.039040921459247 847.668267919326
0.0390925287804667 846.786664011098
0.0391440680629406 845.903572946081
0.039195539575067 845.018980740299
0.0392469435834838 844.132872953426
0.0392982803530851 843.245234692445
0.0393495501470372 842.356050615098
0.0394007532267939 841.465304933108
0.0394518898521126 840.572981415184
0.0395029602810693 839.679063389807
0.039553964770074 838.783533747785
0.0396049035738856 837.886374944597
0.0396557769456266 836.987569002494
0.0397065851367982 836.087097512387
0.0397573283972945 835.1849416355
0.0398080069754169 834.281082104793
0.0398586211178881 833.375499226159
0.0399091710698665 832.468172879387
0.0399596570749598 831.559082518887
0.0400100793752387 830.648207174192
0.0400604382112505 829.735525450215
0.0401107338220324 828.821015527271
0.0401609664451249 827.904655160873
0.0402111363165848 826.986421681269
0.0402612436709981 826.066291992761
0.0403112887414928 825.144242572766
0.0403612717597515 824.220249470643
0.0404111929560244 823.294288306275
0.0404610525591407 822.366334268404
0.040510850796522 821.43636211272
0.0405605878941933 820.504346159703
0.0406102640767959 819.570260292208
0.0406598795675985 818.634077952809
0.0407094345885095 817.695772140878
0.040758929360088 816.755315409415
0.040808364101556 815.812679861612
0.0408577390308088 814.86783714717
0.0409070543644271 813.920758458333
0.0409563103176874 812.971414525673
0.0410055071045735 812.019775613598
0.0410546449377868 811.06581151559
0.0411037240287575 810.109491549167
0.0411527445876551 809.15078455057
0.0412017068233986 808.189658869162
0.0412506109436673 807.226082361549
0.0412994571549109 806.260022385406
0.0413482456623596 805.291445793011
0.0413969766700342 804.320318924481
0.0414456503807561 803.346607600705
0.0414942669961573 802.37027711597
0.0415428267166897 801.391292230274
0.0415913297416351 800.409617161319
0.0416397762691148 799.425215576184
0.0416881664960988 798.438050582663
0.0417365006184151 797.448084720272
0.0417847788307595 796.45527995091
0.0418330013267038 795.459597649168
0.0418811682987058 794.460998592288
0.0419292799381176 793.459442949746
0.041977336435195 792.454890272479
0.0420253379791057 791.44729948171
0.0420732847579385 790.4366288574
0.0421211769587116 789.422836026291
0.0421690147673812 788.405877949546
0.0422167983688499 787.385710909964
0.0422645279469752 786.362290498767
0.0423122036845774 785.335571601951
0.0423598257634481 784.305508386177
0.0424073943643581 783.272054284202
0.0424549096670657 782.235161979831
0.0425023718503241 781.194783392379
0.0425497810918898 780.150869660625
0.0425971375685299 779.103371126255
0.0426444414560301 778.05223731676
0.0426916929292022 776.997416927792
0.0427388921618917 775.938857804948
0.0427860393269852 774.876506924975
0.0428331345964177 773.810310376368
0.0428801781411803 772.740213339347
0.0429271701313267 771.666160065197
0.0429741107359813 770.58809385494
0.0430210001233456 769.505957037333
0.0430678384607055 768.419690946149
0.0431146259144381 767.329235896735
0.043161362650019 766.234531161815
0.0432080488320286 765.135514946514
0.0432546846241593 764.03212436257
0.0433012701892219 762.924295401718
0.0433478056891524 761.811962908202
0.0433942912850185 760.695060550394
0.043440727137026 759.57352079149
0.0434871134045255 758.447274859238
0.0435334502460186 757.31625271467
0.0435797378191643 756.180383019803
0.043625976280785 755.039593104266
0.0436721657868731 753.893808930811
0.043718306492597 752.742955059675
0.0437643985523069 751.586954611736
0.0438104421195413 750.425729230422
0.0438564373470326 749.259199042334
0.0439023843867131 748.08728261651
0.043948283389721 746.909896922299
0.043994134506406 745.726957285773
0.0440399378863351 744.538377344629
0.0440856936782986 743.344069001509
0.044131402030315 742.143942375684
0.0441770630896374 740.937905753023
0.0442226770027587 739.725865534186
0.0442682439154168 738.50772618096
0.0443137639726006 737.283390160653
0.0443592373185549 736.052757888485
0.0444046640967859 734.815727667855
0.0444500444500667 733.572195628434
0.0444953785204421 732.322055661943
0.0445406664492342 731.065199355554
0.0445859083770472 729.801515922782
0.0446311044437729 728.530892131764
0.0446762547885953 727.25321223081
0.0447213595499958 725.968357871097
0.0447664188657583 724.67620802637
0.0448114328729738 723.376638909529
0.0448564017080455 722.069523885928
0.0449013255066937 720.754733383258
0.0449462044039603 719.432134797839
0.0449910385342136 718.101592397144
0.0450358280311533 716.762967218386
0.0450805730278146 715.416116962964
0.0451252736565735 714.060895886572
0.0451699300491506 712.697154684754
0.0452145423366164 711.324740373669
0.0452591106493952 709.943496165847
0.0453036351172697 708.553261340649
0.0453481158693856 707.153871109185
0.045392553034256 705.745156473397
0.0454369467397652 704.326944078996
0.0454812971131736 702.899056061927
0.0455256042811217 701.461309888037
0.0455698683696344 700.013518185553
0.045614089504125 698.555488570013
0.0456582678093994 697.087023461202
0.0457024034096606 695.607919891685
0.0457464964285121 694.11796930645
0.0457905469889626 692.616957353167
0.0458345552134293 691.104663662527
0.0458785212237428 689.580861618109
0.04592244514115 688.045318115138
0.0459663270863189 686.497793307528
0.0460101671793417 684.938040342474
0.0460539655397392 683.365805081891
0.0460977222864644 681.780825809885
0.0461414375379064 680.182832925414
0.0461851114118937 678.571548619236
0.0462287440256984 676.946686534161
0.0462723354960398 675.307951407566
0.0463158859390877 673.655038695049
0.0463593954704664 671.987634174018
0.046402864205258 670.305413525909
0.0464462922580062 668.608041895647
0.0464896797427197 666.895173426838
0.0465330267728756 665.16645077107
0.0465763334614231 663.421504569575
0.0466195999207865 661.659952905371
0.0466628262628691 659.88140072382
0.0467060125990565 658.085439219417
0.0467491590402196 656.271645186403
0.0467922656967181 654.439580330626
0.046835332678404 652.58879053982
0.0468783600946246 650.718805109269
0.0469213480542259 648.829135919536
0.0469642966655557 646.919276562646
0.0470072060364668 644.988701412802
0.0470500762743203 643.036864637357
0.0470929074859885 641.06319914336
0.0471356997778583 639.067115454587
0.0471784532558339 637.048000513472
0.0472211680253403 635.005216401835
0.047263844191326 632.938098973696
0.047306481858266 630.845956392845
0.0473490811301652 628.728067567074
0.0473916421105608 626.583680470203
0.0474341649025257 624.412010342085
0.047476649608671 622.212237755807
0.0475190963311491 619.983506540139
0.0475615051716569 617.724921544034
0.047603876231438 615.435546228535
0.0476462096112858 613.114400069858
0.0476885054115465 610.760455755591
0.0477307637321216 608.372636153921
0.0477729846724708 605.949811033464
0.0478151683316147 603.490793508675
0.0478573148081373 600.994336182805
0.0478994242001893 598.459126956987
0.0479414966054898 595.883784470181
0.04798353212133 593.266853130229
0.048025530844575 590.606797691241
0.0480674928716668 587.901997326675
0.0481094182986269 585.150739140768
0.0481513072210586 582.3512110532
0.0481931597341499 579.501493982939
0.0482349759326757 576.599553246725
0.0482767559110005 573.643229075605
0.0483184997630808 570.630226138687
0.0483602075824676 567.558101946765
0.0484018794623088 564.424253988926
0.0484435154953518 561.22590543233
0.0484851157739455 557.960089188148
0.0485266803900434 554.623630114444
0.048568209435205 551.213125088306
0.0486097030005991 547.724920633615
0.0486511611770055 544.155087735604
0.0486925840548177 540.499393406755
0.0487339717240448 536.753268487862
0.0487753242743143 532.911771069813
0.0488166417948739 528.969544801364
0.048857924374594 524.92077120023
0.0488991721019698 520.759114901826
0.0489403850651237 516.477660552289
0.0489815633518071 512.068839767385
0.0490227070494033 507.524346219731
0.0490638162449287 502.835036461075
0.0491048910250358 497.990813503914
0.049145931476015 492.98048943645
0.0491869376837965 487.791622370321
0.0492279097339527 482.410321743339
0.0492688477117002 476.821014309673
0.049309751701902 471.006160891199
0.0493506217890691 464.945910911219
0.0493914580573631 458.617677557083
0.0494322605905979 451.995610635119
0.0494730294722416 445.049936057065
0.0495137647854191 437.746119309021
0.0495544666129131 430.043793446698
0.0495951350371671 421.895367332191
0.0496357701402865 413.244192397889
0.049676372004041 404.022108510127
0.0497169407098666 394.146098244847
0.0497574763388669 383.51363042277
0.0497979789718159 371.996024313953
0.049838448689159 359.428731075322
0.0498788855710154 345.596637806687
0.0499192896971799 330.210986120413
0.0499596611471243 312.871423878176
0.05 293
