0 976.026271859593
0.00197334259490965 976.026271859593
0.00279072786092974 976.026271859593
0.00341792963512332 976.026271859593
0.00394668518981929 976.026271859592
0.0044125281851138 976.026271859592
0.00483368244522832 976.02627185959
0.0052209737576618 976.026271859587
0.00558145572185948 976.026271859582
0.00592002778472894 976.026271859572
0.00624025720374147 976.026271859554
0.00654483697014159 976.026271859522
0.00683585927024663 976.026271859468
0.00711498791000389 976.02627185938
0.00738357189687933 976.026271859237
0.00764272300644679 976.026271859013
0.00789337037963858 976.026271858667
0.00813629995434292 976.026271858141
0.00837218358278921 976.026271857355
0.00860160095219547 976.026271856197
0.0088250563702276 976.026271854517
0.00904299181325403 976.026271852107
0.00925579720669507 976.026271848692
0.0094638186229634 976.026271843904
0.00966736489045664 976.026271837261
0.00986671297454823 976.026271828129
0.0100621123984481 976.026271815693
0.0102537889053699 976.026271798898
0.0104419475153236 976.0262717764
0.0106267750945269 976.026271746493
0.0108084425291779 976.026271707022
0.0109871065755924 976.026271655287
0.011162911443719 976.026271587924
0.0113359901595404 976.026271500758
0.0115064657429673 976.026271388642
0.0116744522308743 976.026271245256
0.0118400555694579 976.026271062884
0.0120033743957579 976.02627083214
0.0121645007247162 976.026270541665
0.012323520555365 976.026270177768
0.0124805144074829 976.026269724011
0.0126355577982246 976.026269160742
0.0127887216667327 976.026268464554
0.0129400727535066 976.026267607669
0.0130896739402832 976.026266557238
0.0132375845553414 976.026265274557
0.0133838606484339 976.026263714165
0.0135285552389596 976.02626182285
0.0136717185404933 976.02625953851
0.0138133981643675 976.026256788901
0.0139536393046487 976.026253490222
0.0140924849065423 976.02624954555
0.0142299758200078 976.026244843097
0.0143661509401402 976.026239254286
0.014501047335685 976.026232631616
0.0146347003668903 976.026224806317
0.0147671437937587 976.02621558577
0.0148984098756354 976.026204750678
0.0150285294629686 976.026192051963
0.0151575320819782 976.026177207387
0.0152854460128936 976.026159897869
0.0154122983623459 976.026139763473
0.0155381151304415 976.026116399063
0.0156629212729854 976.026089349601
0.0157867407592772 976.026058105055
0.0159095966258579 976.026022094923
0.0160315110265499 976.025980682331
0.0161525052790976 976.025933157697
0.0162725999086858 976.025878731935
0.0163918146885891 976.025816529196
0.0165101686781793 976.025745579098
0.0166276802584972 976.025664808459
0.0167443671655784 976.025573032495
0.0168602465217026 976.025468945468
0.0169753348647227 976.025351110779
0.0170896481756166 976.025217950477
0.0172032019043909 976.025067734178
0.0173160109944561 976.024898567379
0.0174280899055809 976.024708379159
0.017539452635527 976.024494909241
0.0176501127404552 976.024255694431
0.0177600833541868 976.023988054408
0.0178693772063983 976.02368907686
0.0179780066398206 976.023355601975
0.0180859836265081 976.022984206275
0.0181933197832392 976.022571185794
0.0183000263861036 976.022112538607
0.0184061143843282 976.021603946712
0.0185115944133901 976.021040757269
0.0186164768074612 976.020417963221
0.0187207716112244 976.019730183279
0.0188244885911015 976.018971641327
0.0189276372459268 976.018136145222
0.0190302268171002 976.017217065044
0.0191322662982503 976.016207310796
0.019233764444436 976.015099309593
0.0193347297809133 976.013884982362
0.0194351706114924 976.012555720086
0.0195350950265082 976.011102359628
0.0196345109104248 976.009515159167
0.0197334259490965 976.007783773297
0.0198318476367019 976.005897227811
0.0199297832823702 976.003843894245
0.0200272400165157 976.001611464192
0.0201242247968962 975.999186923478
0.0202207444144101 975.996556526213
0.0203168054986453 975.993705768806
0.0204124145231932 975.990619363973
0.0205075778107399 975.987281214817
0.0206023015379456 975.983674389038
0.0206965917401228 975.979781093324
0.020790454315724 975.975582648
0.0208838950306472 975.971059462005
0.0209769195223697 975.966191008244
0.0210695333039168 975.960955799411
0.0211617417676746 975.95533136433
0.0212535501890538 975.949294224899
0.0213449637300117 975.942819873701
0.0214359874424389 975.935882752354
0.0215266262714175 975.928456230676
0.0216168850583558 975.920512586732
0.0217067685440061 975.912022987833
0.0217962813713702 975.902957472567
0.0218854280884981 975.893284933916
0.0219742131511849 975.882973103546
0.022062640925569 975.871988537323
0.022150715690638 975.860296602124
0.0222384416406447 975.847861464021
0.0223258228874379 975.834646077878
0.0224128634627111 975.82061217844
0.0224995673201734 975.805720272965
0.022585938337645 975.789929635453
0.0226719803190808 975.773198302525
0.0227576969965256 975.755483071014
0.0228430920320029 975.736739497288
0.0229281690193404 975.716921898383
0.0230129314859347 975.695983354952
0.0230973828944582 975.673875716095
0.0231815266445093 975.650549606087
0.0232653660742095 975.625954433027
0.0233489044617486 975.600038399455
0.0234321450268802 975.572748514935
0.0235150909323701 975.544030610632
0.0235977452853979 975.51382935589
0.0236801111389158 975.482088276826
0.0237621914929639 975.44874977693
0.0238439892959457 975.413755159683
0.0239255074458632 975.377044653176
0.0240067487915157 975.338557436728
0.0240877161336609 975.298231669481
0.0241684122261416 975.256004520958
0.0242488397769789 975.21181220355
0.0243290014494323 975.165590006918
0.0244088998630287 975.11727233426
0.0244885375945614 975.066792740418
0.0245679171790596 975.014083971779
0.0246470411107301 974.959078007916
0.0247259118438715 974.90170610493
0.0248045317937628 974.841898840436
0.0248829033375262 974.779586160122
0.0249610288149659 974.71469742584
0.0250389105293829 974.647161465142
0.0251165507483676 974.57690662221
0.0251939517045701 974.503860810092
0.0252711155964492 974.427951564179
0.025348044589001 974.349106096838
0.0254247408144678 974.267251353124
0.0255012063730277 974.182314067484
0.0255774433334654 974.09422082137
0.0256534537338254 974.002898101667
0.0257292395820476 973.908272359852
0.0258048028565864 973.810270071788
0.0258801455070132 973.708817798066
0.0259552694546032 973.603842244786
0.0260301765929074 973.4952703247
0.026104868788309 973.383029218607
0.0261793478805663 973.267046436906
0.0262536156833416 973.147249881219
0.0263276739847158 973.023567905968
0.0264015245476917 972.895929379831
0.0264751691106828 972.764263746959
0.0265486093879912 972.628501087877
0.0266218470702734 972.488572179958
0.0266948838249936 972.344408557382
0.0267677212968678 972.195942570495
0.026840361108295 972.043107444457
0.0269128048597793 971.885837337106
0.0269850541303412 971.724067395944
0.0270571104779193 971.557733814158
0.0271289754397621 971.386773885589
0.0272006505328108 971.211126058576
0.0272721372540728 971.030729988585
0.0273434370809865 970.845526589554
0.0274145514717778 970.655458083879
0.0274854818658076 970.460468050967
0.0275562296839122 970.26050147429
0.027626796328735 970.055504786877
0.0276971831850514 969.845425915178
0.0277673916200852 969.63021432125
0.0278374229838191 969.409821043202
0.0279072786092974 969.184198733849
0.0279769598129216 968.953301697539
0.0280464678947406 968.71708592509
0.0281158041387331 968.475509126816
0.0281849698130845 968.228530763591
0.0282539661704577 967.97611207593
0.0283227944482577 967.718216111048
0.0283914558688902 967.454807747882
0.0284599516400156 967.185853720049
0.0285282829547961 966.911322636719
0.0285964509921388 966.631185001401
0.0286644569169325 966.345413228625
0.0287323018802804 966.05398165851
0.0287999870197271 965.756866569223
0.0288675134594813 965.454046187328
0.0289348823106336 965.145500696029
0.0290020946713699 964.831212241317
0.0290691516271801 964.511164936024
0.0291360542510628 964.185344861819
0.0292028036037254 963.85374006914
0.0292694007337807 963.516340575097
0.0293358466779387 963.173138359379
0.0294021424611951 962.824127358164
0.0294682890970157 962.469303456099
0.0295342875875173 962.108664476346
0.0296001389236447 961.742210168766
0.0296658440853442 961.369942196245
0.029731404041734 960.991864119233
0.0297968197512708 960.60798137851
0.0298620921619133 960.218301276252
0.0299272222112826 959.82283295542
0.0299922108268193 959.421587377538
0.0300570589259372 959.014577298901
0.030121767416175 958.601817245268
0.0301863371953443 958.183323485095
0.0302507691516747 957.759114001359
0.0303150641639565 957.329208462035
0.0303792231016806 956.893628189283
0.0304432468251756 956.452396127391
0.0305071361857427 956.005536809551
0.0305708920257872 955.55307632352
0.0306345151789484 955.095042276221
0.0306980064702271 954.631463757353
0.0307613667161098 954.162371302069
0.0308245967246917 953.687796852779
0.0308876972957966 953.207773720146
0.0309506692210951 952.722336543332
0.0310135132842206 952.231521249558
0.0310762302608829 951.735365013035
0.0311388209189799 951.233906213334
0.0312012860187074 950.727184393247
0.0312636263126667 950.215240216201
0.0313258425459708 949.698115423293
0.0313879354563475 949.17585278999
0.0314499057742424 948.648496082562
0.0315117542229183 948.116090014298
0.0315734815185543 947.578680201568
0.0316350883703425 947.036313119778
0.0316965754805825 946.48903605928
0.0317579435447755 945.936897081275
0.0318191932517157 945.379944973784
0.0318803252835807 944.818229207703
0.0319413403160199 944.251799893033
0.0320022390182419 943.680707735286
0.0320630220530999 943.105003992151
0.032123690077176 942.524740430445
0.0321842437408639 941.939969283389
0.0322446836884505 941.350743208265
0.0323050105581953 940.757115244482
0.0323652249824097 940.159138772086
0.0324253275875338 939.556867470767
0.0324853189942128 938.950355279377
0.0325451998173717 938.339656356006
0.0326049706662885 937.724825038644
0.0326646321446671 937.105915806459
0.0327241848507079 936.48298324171
0.0327836293771783 935.856081992342
0.0328429663114809 935.225266735262
0.032902196235722 934.590592140348
0.0329613197267773 933.952112835176
0.0330203373563585 933.30988337053
0.0330792496910769 932.663958186668
0.0331380572925073 932.014391580393
0.0331967607172504 931.361237672933
0.0332553605169943 930.704550378636
0.0333138572385749 930.044383374509
0.0333722514240354 929.380790070596
0.0334305436106851 928.713823581208
0.0334887343311569 928.043536697027
0.033546824113464 927.369981858063
0.0336048134810562 926.693211127495
0.0336627029528744 926.013276166385
0.0337204930434053 925.330228209274
0.0337781842627342 924.644118040652
0.0338357771165982 923.954995972317
0.0338932721064372 923.262911821607
0.0339506697294454 922.56791489051
0.0340079704786211 921.870053945651
0.0340651748428164 921.16937719914
0.0341222833067856 920.465932290289
0.0341792963512332 919.759766268186
0.0342362144528612 919.050925575114
0.0342930380844158 918.339456030811
0.0343497677147324 917.62540281757
0.0344064038087819 916.908810466148
0.034462946827714 916.189722842493
0.034519397228902 915.468183135272
0.0345757554659853 914.744233844183
0.0346320219889122 914.017916769043
0.0346881972439817 913.289272999637
0.0347442816738851 912.558342906317
0.0348002757177462 911.825166131326
0.0348561798111617 911.089781580854
0.034911994386241 910.352227417785
0.0349677198716446 909.612541055137
0.0350233566926229 908.87075915017
0.0350789052710539 908.126917599158
0.0351343660254808 907.381051532785
0.0351897393711483 906.633195312177
0.0352450257200393 905.883382525528
0.0353002254809104 905.131645985316
0.0353553390593274 904.378017726097
0.0354103668576998 903.622529002838
0.0354653092753154 902.865210289792
0.0355201667083736 902.106091279891
0.0355749395500195 901.345200884636
0.0356296281903758 900.582567234467
0.0356842330165762 899.8182176796
0.0357387544127967 899.052178791308
0.0357931927602872 898.284476363631
0.0358475484374031 897.515135415498
0.0359018218196354 896.744180193237
0.0359560132796412 895.971634173471
0.0360101231872736 895.197520066366
0.036064151909611 894.421859819217
0.0361180998109865 893.644674620374
0.0361719672530161 892.865984903459
0.0362257545946272 892.085810351886
0.0362794621920866 891.304169903656
0.0363330903990278 890.521081756408
0.0363866395664784 889.736563372716
0.0364401100428867 888.950631485618
0.0364935021741485 888.163302104353
0.0365468163036326 887.3745905203
0.0366000527722072 886.584511313104
0.0366532119182649 885.793078356966
0.036706294077748 885.000304827094
0.0367592995841733 884.206203206289
0.0368122287686563 883.410785291673
0.0368650819599356 882.614062201516
0.0369178594843967 881.816044382183
0.0369705616660951 881.016741615154
0.0370231888267803 880.216163024143
0.0370757412859178 879.41431708226
0.0371282193607126 878.611211619254
0.0371806233661309 877.806853828777
0.0372329536149224 877.001250275697
0.0372852104176421 876.194406903429
0.0373373940826718 875.386329041278
0.0373895049162411 874.577021411786
0.0374415432224488 873.766488138073
0.0374935093032833 872.954732751164
0.0375454034586429 872.14175819729
0.0375972259863565 871.327566845158
0.037648977182203 870.512160493174
0.0377006573399315 869.69554037663
0.0377522667512802 868.877707174821
0.037803805705996 868.058661018107
0.0378552744918536 867.238401494904
0.0379066733946738 866.416927658588
0.0379580026983422 865.594238034335
0.0380092626848277 864.770330625848
0.0380604536342004 863.945202922005
0.0381115758246495 863.1188519034
0.0381626295325007 862.291274048777
0.0382136150322339 861.462465341351
0.0382645325965006 860.632421275018
0.0383153824961404 859.801136860437
0.0383661650001982 858.968606630989
0.0384168803759404 858.134824648611
0.038467528888872 857.299784509484
0.0385181108027521 856.463479349598
0.0385686263796103 855.625901850168
0.0386190758797625 854.787044242904
0.0386694595618265 853.946898315136
0.0387197776827376 853.105455414793
0.0387700304977635 852.262706455219
0.0388202182605198 851.41864191984
0.0388703412229849 850.573251866671
0.0389203996355146 849.726525932662
0.0389703937468567 848.878453337876
0.0390203238041656 848.029022889511
0.0390701900530163 847.178222985747
0.0391199927374188 846.326041619425
0.0391697320998317 845.472466381562
0.0392194083811762 844.617484464683
0.0392690218208495 843.761082665989
0.0393185726567387 842.903247390338
0.0393680611252335 842.043964653067
0.03941748746124 841.183220082614
0.0394668518981929 840.320998922981
0.0395161546680693 839.457286036002
0.0395653960014008 838.592065903438
0.0396145761272861 837.725322628885
0.0396636952734038 836.857039939503
0.0397127536660242 835.987201187553
0.0397617515300219 835.115789351759
0.0398106890888878 834.242787038475
0.0398595665647404 833.368176482668
0.0399083841783385 832.491939548713
0.039957142149092 831.614057731
0.0400058406950738 830.734512154347
0.0400544800330314 829.853283574233
0.0401030603783975 828.970352376822
0.0401515819453017 828.08569857881
0.0402000449465814 827.199301827074
0.0402484495937924 826.311141398123
0.0402967960972201 825.421196197356
0.0403450846658898 824.529444758124
0.0403933155075775 823.635865240597
0.0404414888288202 822.740435430427
0.0404896048349261 821.843132737212
0.0405376637299852 820.943934192764
0.0405856657168789 820.042816449168
0.0406336109972905 819.139755776641
0.0406814997717146 818.234728061185
0.0407293322394671 817.327708802032
0.0407771085986952 816.41867310888
0.0408248290463863 815.50759569892
0.040872493778378 814.594450893649
0.0409201029893674 813.67921261547
0.0409676568729201 812.761854384074
0.0410151556214798 811.842349312606
0.0410625994263769 810.920670103603
0.041109988477838 809.996789044721
0.0411573229649945 809.070678004219
0.0412046030758912 808.14230842623
0.0412518289974957 807.211651325788
0.0412990009157064 806.278677283629
0.041346119015361 805.343356440745
0.0413931834802457 804.4056584927
0.0414401944931026 803.465552683707
0.0414871522356386 802.523007800439
0.0415340568885335 801.577992165607
0.0415809086314479 800.630473631264
0.0416277076430316 799.680419571854
0.0416744541009308 798.727796876995
0.0417211481817972 797.772571943989
0.0417677900612944 796.814710670052
0.0418143799141067 795.854178444268
0.0418609179139461 794.890940139251
0.0419074042335602 793.924960102511
0.0419538390447394 792.956202147531
0.0420002225183247 791.98462954452
0.0420465548242144 791.010205010871
0.0420928361313722 790.032890701287
0.0421390666078336 789.052648197583
0.0421852464207135 788.069438498152
0.0422313757362131 787.083222007089
0.0422774547196268 786.09395852296
0.0423234835353492 785.101607227215
0.0423694623468821 784.106126672224
0.042415391316841 783.107474768939
0.0424612706069617 782.105608774168
0.0425071003781076 781.100485277436
0.0425528807902756 780.092060187453
0.0425986120026027 779.080288718143
0.042644294173373 778.065125374251
0.0426899274600234 777.046523936491
0.0427355120191503 776.024437446244
0.042781048006516 774.998818189775
0.0428265355770545 773.969617681966
0.0428719748848778 772.936786649547
0.0429173660832824 771.9002750138
0.0429627093247547 770.860031872744
0.0430080047609773 769.816005482753
0.0430532525428351 768.768143239615
0.0430984528204206 767.716391659
0.0431436057430403 766.660696356324
0.0431887114592203 765.601002025985
0.0432337701167117 764.537252419955
0.0432787818624965 763.469390325694
0.0433237468427933 762.397357543389
0.0433686652030625 761.32109486246
0.0434135370880122 760.24054203734
0.0434583626416032 759.15563776248
0.0435031420070549 758.066319646568
0.0435478753268499 756.972524185921
0.0435925627427403 755.874186737031
0.043637204395752 754.771241488227
0.0436818004261903 753.663621430426
0.0437263509736452 752.551258326936
0.0437708561769962 751.434082682271
0.0438153161744175 750.31202370996
0.043859731103383 749.185009299282
0.043904101100671 748.052965980915
0.0439484263023698 746.915818891441
0.0439927068438817 745.773491736664
0.0440369428599284 744.625906753701
0.0440811344845557 743.472984671793
0.044125281851138 742.314644671781
0.0441693850923833 741.150804344212
0.0442134443403377 739.981379645987
0.0442574597263899 738.80628485553
0.044301431381276 737.625432526388
0.044345359435084 736.43873343921
0.044389244017258 735.24609655204
0.0444330852566031 734.047428948839
0.0444768832812895 732.842635786184
0.0445206382188568 731.631620238044
0.0445643501962187 730.414283438565
0.0446080193396669 729.190524422769
0.0446516457748758 727.960240065087
0.0446952296269062 726.723325015615
0.0447387710202097 725.479671634012
0.0447822700786331 724.229169920913
0.0448257269254222 722.971707446767
0.044869141683226 721.707169277963
0.0449125144741006 720.435437900144
0.0449558454195133 719.156393138549
0.0449991346403468 717.869912075272
0.0450423822569027 716.575868963287
0.0450855883889057 715.27413513707
0.0451287531555074 713.964578919685
0.0451718766752899 712.647065526138
0.0452149590662702 711.321456962835
0.0452580004459032 709.987611922945
0.045301000931086 708.645385677478
0.0453439606381615 707.294629961851
0.0453868796829219 705.93519285773
0.0454297581806123 704.566918669901
0.0454725962459347 703.189647797921
0.0455153939930512 701.803216602283
0.0455581515355876 700.407457264811
0.0456008689866372 699.00219764298
0.0456435464587638 697.587261117841
0.0456861840640058 696.162466435227
0.045728781913879 694.727627539857
0.0457713401193802 693.282553401966
0.0458138587909911 691.82704783606
0.0458563380386807 690.360909311349
0.0458987779719095 688.883930753406
0.0459411786996321 687.395899336553
0.0459835403303009 685.896596266456
0.0460258629718694 684.385796552362
0.0460681467317949 682.863268768391
0.0461103917170421 681.328774803229
0.0461525980340863 679.782069597563
0.0461947657889163 678.222900868501
0.0462368950870376 676.651008820227
0.0462789860334753 675.066125840032
0.0463210387327777 673.467976178833
0.0463630532890186 671.856275615235
0.0464050298058008 670.230731102078
0.046446968386259 668.591040394395
0.0464888691330627 666.936891657566
0.046530732148419 665.267963054415
0.0465725575340758 663.583922309852
0.0466143453913244 661.884426251606
0.0466560958210025 660.169120325426
0.0466978089234972 658.437638083054
0.0467394847987474 656.689600641103
0.046781123546247 654.924616108819
0.0468227252650474 653.142278982589
0.0468642900537605 651.342169504814
0.0469058180105611 649.523852984619
0.0469473092331899 647.686879077639
0.0469887638189562 645.830781021878
0.0470301818647401 643.955074826401
0.0470715634669958 642.059258409306
0.0471129087217537 640.14281068113
0.0471542177246234 638.20519056949
0.0471954905707957 636.245835980385
0.047236727355046 634.264162691143
0.0472779281717361 632.259563169561
0.047319093114817 630.231405313233
0.0473602222778315 628.179031102532
0.0474013157539165 626.101755160014
0.0474423736358056 623.998863208367
0.0474833960158313 621.869610418184
0.0475243829859278 619.713219635997
0.0475653346376332 617.528879481977
0.0476062510620918 615.315742305662
0.0476471323500565 613.07292198677
0.0476879785918913 610.799491566811
0.0477287898775736 608.494480695634
0.0477695662966962 606.156872875267
0.0478103079384701 603.785602481437
0.0478510148917264 601.379551540902
0.0478916872449187 598.937546240156
0.0479323250861253 596.458353138189
0.0479729285030514 593.940675052688
0.0480134975830314 591.38314658528
0.0480540324130311 588.784329247139
0.0480945330796498 586.142706141354
0.0481349996691224 583.456676152786
0.0481754322673217 580.724547589651
0.0482158309597604 577.944531213534
0.0482561958315932 575.114732585889
0.0482965269676191 572.233143648944
0.0483368244522832 569.297633447273
0.0483770883696789 566.305937882554
0.0484173188035502 563.255648378064
0.0484575158372929 560.144199310662
0.0484976795539578 556.968854045857
0.0485378100362518 553.726689385409
0.0485779073665401 550.414578205899
0.0486179716268484 547.029170029702
0.0486580028988646 543.566869225727
0.0486980012639411 540.023810484202
0.048737966803096 536.395831146017
0.048777899597016 532.678439889729
0.0488177997260575 528.866781185387
0.0488576672702488 524.955594809308
0.0488975023092921 520.93916957278
0.0489373049225651 516.811290243142
0.0489770751891229 512.565176418954
0.0490168131877 508.193411849905
0.049056518996712 503.687862351187
0.0490961926942574 499.039580030055
0.0491358343581193 494.238690991175
0.0491754440657674 489.274262978543
0.0492150218943597 484.134148493018
0.0492545679207441 478.804797722641
0.0492940822214602 473.271034036503
0.0493335648727412 467.515782677148
0.0493730159505154 461.519740434426
0.049412435530408 455.260970193837
0.0494518236877429 448.714398879506
0.0494911804975442 441.85118978836
0.0495305060345378 434.637949618112
0.0495698003731533 427.03571504086
0.0496090635875255 418.998640945921
0.0496482957514962 410.472278372453
0.0496874969386155 401.39127784295
0.0497266672221436 391.676271575671
0.0497658066750524 381.229555157721
0.0498049153700273 369.928967655
0.0498439933794681 357.618986141493
0.0498830407754915 344.097360779461
0.0499220576299318 329.094312502978
0.049961044014343 312.238704740222
0.05 293
