0.003125 8.87857964926297e-13
0.00754441738241592 2.25134591891533e-09
0.00983207615606866 8.87973881453314e-08
0.0116626587736527 1.35323481882071e-06
0.0132377124296868 1.19571655000427e-05
0.0146423678758843 7.28947067134328e-05
0.0159226282932743 0.000337409536629533
0.0171068076119087 0.00125924880890182
0.0182138347648318 0.00394767144049084
0.0192571176880262 0.0107069762557187
0.0202465701578868 0.0256878002634999
0.0211897700171661 0.0554631291166475
0.0220926652831305 0.109260479292598
0.0229600270694935 0.198591656858805
0.0237957522905667 0.336147483016192
0.0246030729568982 0.534037264245775
0.0253847050800552 0.801676916788972
0.026142957227303 1.14377949942627
0.0268798113458124 1.55891896007447
0.0275969840579383 2.03901513291231
0.0282959739061107 2.56986906645972
0.0289780982961852 3.13263520089068
0.0296445227598005 3.70592249046484
0.0302962844027471 4.26811700089888
0.0309343108923949 4.79952503225732
0.0315594359799775 5.28402805074704
0.0321724123009357 5.71007985814007
0.0327739220151119 6.07102074389317
0.033364585716449 6.36480026043427
0.0339449699443318 6.59327224733669
0.0345155935558803 6.76125038817942
0.0350769331635075 6.87549853704645
0.035629427800095 6.94379142198654
0.0361734829418229 6.9741327283641
0.0367094739935779 6.97417071545094
0.0372377493221863 6.95081380219656
0.0377586329071819 6.91002305655654
0.03827242666646 6.8567450063687
0.038779412504273 6.79494441861221
0.0392798541210474 6.7276996224158
0.03977399861803 6.65732960712776
0.0402620779245022 6.58553011343584
0.0407443100709683 6.51350361311749
0.041220900328165 6.44207452135894
0.0416920422287818 6.3717858515239
0.042157918486327 6.30297683279176
0.0426187018235197 6.23584300326073
0.0430745557208642 6.17048128246671
0.043525635094611 6.10692283173654
0.0439720869120796 6.04515639390267
0.044414050751276 5.98514446634376
0.0448516593108463 5.92683424048583
0.0452850388756516 5.87016482131591
0.0457143097425939 5.81507186717466
0.0461395866107662 5.76149048143288
0.0465609789395111 5.7093569456564
0.0469785912775582 5.65860970186834
0.0473925235660458 5.60918985927378
0.0478028714179141 5.56104140750888
0.0482097263758858 5.51411125432293
0.0486131761510046 5.46834916250848
0.0490133048434952 5.42370763255839
0.0494101931475174 5.38014175926708
0.0498039185412305 5.33760907894708
