3.89408099688474e-05 -0
0.000116822429906542 2.91946221465801e-12
0.000194704049844237 -0
0.000272585669781931 -0
0.000350467289719626 -2.91933599039333e-12
0.000428348909657321 -1.45963293290092e-12
0.000506230529595016 -2.91918171629205e-12
0.00058411214953271 -0
0.000661993769470405 -4.37845701377635e-12
0.0007398753894081 -2.91884511825288e-12
0.000817757009345794 -2.91870486906991e-12
0.000895638629283489 -2.91855059496862e-12
0.000973520249221184 -4.37757344392355e-12
0.00105140186915888 -2.91819997201116e-12
0.00112928348909657 -2.91800362315499e-12
0.00120716510903427 -1.45889662469025e-12
0.00128504672897196 -1.45878442534387e-12
0.00136292834890966 -1.45866521353833e-12
0.00144080996884735 1.45853898927365e-12
0.00151869158878505 5.83362301019923e-12
0.00159657320872274 4.3747965101005e-12
0.00167445482866044 4.37435472517408e-12
0.00175233644859813 2.91592793524683e-12
0.00183021806853583 2.91560536212597e-12
0.00190809968847352 1.4576343820434e-12
0.00198598130841121 4.37237721169401e-12
0.00206386292834891 4.37183023988038e-12
0.0021417445482866 4.3712622306893e-12
0.0022196261682243 7.28445530686794e-12
0.00229750778816199 8.74012620034958e-12
0.00237538940809969 7.28238663141889e-12
0.00245327102803738 5.82503976020065e-12
0.00253115264797508 4.36810662407217e-12
0.00260903426791277 7.27902065102733e-12
0.00268691588785047 8.73339423956631e-12
0.00276479750778816 4.36596081157252e-12
0.00284267912772586 7.27533910997401e-12
0.00292056074766355 1.0183658527044e-11
0.00299844236760125 7.27270943779306e-12
0.00307632398753894 4.36280520495536e-12
0.00315420560747664 5.81595161314334e-12
0.00323208722741433 8.72220235476426e-12
0.00330996884735202 8.72043521505867e-12
0.00338785046728972 7.26552166716511e-12
0.00346573208722741 8.71677471138279e-12
0.00354361370716511 7.26240112284376e-12
0.0036214953271028 5.80863060579156e-12
0.0036993769470405 5.80731226347151e-12
0.00377725856697819 7.25745733914355e-12
0.00385514018691589 8.70688714398244e-12
0.00393302180685358 8.70478340623769e-12
0.00401090342679128 7.25219799478166e-12
0.00408878504672897 1.16005996086447e-11
0.00416666666666667 1.15976263259653e-11
0.00424454828660436 1.44932461795163e-11
0.00432242990654206 1.44893893269841e-11
0.00440031152647975 1.73825548198326e-11
0.00447819314641745 2.02740513474039e-11
0.00455607476635514 2.31638368349423e-11
0.00463395638629283 2.46045431405999e-11
0.00471183800623053 2.17035797931772e-11
0.00478971962616822 2.16971633930556e-11
0.00486760124610592 1.87985562319075e-11
0.00494548286604361 2.16840150321509e-11
0.00502336448598131 2.16772830713677e-11
0.005101246105919 2.31151423186107e-11
0.0051791277258567 2.31077371617489e-11
0.00525700934579439 2.59877472812339e-11
0.00533489096573209 2.5979164031235e-11
0.00541277258566978 2.59704545569717e-11
0.00549065420560748 2.74039310172464e-11
0.00556853582554517 2.88362854840567e-11
0.00564641744548287 3.60327344286028e-11
0.00572429906542056 3.89015316259075e-11
0.00580218068535826 4.60889134607733e-11
0.00588006230529595 5.03913413924547e-11
0.00595794392523365 5.90080062370231e-11
0.00603582554517134 6.33019070183793e-11
0.00611370716510903 7.04685039243262e-11
0.00619158878504673 7.90668311882201e-11
0.00626947040498442 9.19691361372689e-11
0.00634735202492212 1.01987931749713e-10
0.00642523364485981 1.17741727146885e-10
0.00650311526479751 1.34917512596246e-10
0.0065809968847352 1.56382696828186e-10
0.0066588785046729 1.80697555281335e-10
0.00673676012461059 2.09291658476214e-10
0.00681464174454829 2.37860474743402e-10
0.00689252336448598 2.73564969984153e-10
0.00697040498442368 3.13532055376151e-10
0.00704828660436137 3.60617569092209e-10
0.00712616822429906 4.16241734044793e-10
0.00720404984423676 4.7896250454856e-10
0.00728193146417445 5.54485624408668e-10
0.00735981308411215 6.41363942869483e-10
0.00743769470404984 7.32441550012826e-10
0.00751557632398754 8.46263249223803e-10
0.00759345794392523 9.7423659669177e-10
0.00767133956386293 1.12204217551846e-09
0.00774922118380062 1.29392401387572e-09
0.00782710280373832 1.48984416033469e-09
0.00790498442367601 1.71688203290911e-09
0.00798286604361371 1.96929591387844e-09
0.0080607476635514 2.26695394540468e-09
0.0081386292834891 2.60409657007122e-09
0.00821651090342679 2.99344394420054e-09
0.00829439252336448 3.44058843415843e-09
0.00837227414330218 3.9525280643453e-09
0.00845015576323987 4.53766244997014e-09
0.00852803738317757 5.20720632306455e-09
0.00860591900311527 5.97376447097293e-09
0.00868380062305296 6.85132728344199e-09
0.00876168224299066 7.85243546796465e-09
0.00883956386292835 8.9938415940557e-09
0.00891744548286604 1.02993250137256e-08
0.00899532710280374 1.17897801040433e-08
0.00907320872274143 1.34874596641891e-08
0.00915109034267913 1.54173810924093e-08
0.00922897196261682 1.76186010184747e-08
0.00930685358255452 2.01272562873688e-08
0.00938473520249221 2.29807968937471e-08
0.00946261682242991 2.62222038536406e-08
0.0095404984423676 2.99112271897978e-08
0.0096183800623053 3.41018318281745e-08
0.00969626168224299 3.88632928468958e-08
0.00977414330218069 4.42660993807011e-08
0.00985202492211838 5.03931757483338e-08
0.00992990654205608 5.73440460225481e-08
0.0100077881619938 6.521935569111e-08
0.0100856697819315 7.41474799191419e-08
0.0101635514018692 8.42536266733968e-08
0.0102414330218069 9.56920188801367e-08
0.0103193146417445 1.08630410840843e-07
0.0103971962616822 1.2325701999587e-07
0.0104750778816199 1.39784636825324e-07
0.0105529595015576 1.58458902223082e-07
0.0106308411214953 1.79544238083627e-07
0.010708722741433 2.03336308544388e-07
0.0107866043613707 2.30167465090432e-07
0.0108644859813084 2.60420514887693e-07
0.0109423676012461 2.94506273717639e-07
0.0110202492211838 3.32902349541855e-07
0.0110981308411215 3.76118163915598e-07
0.0111760124610592 4.247489210861e-07
0.0112538940809969 4.79433667839473e-07
0.0113317757009346 5.40904973487805e-07
0.0114096573208723 6.09967776381671e-07
0.01148753894081 6.87521203094019e-07
0.0115654205607477 7.74571987778233e-07
0.0116433021806854 8.72225719489695e-07
0.0117211838006231 9.81723669586275e-07
0.0117990654205607 1.10445599233275e-06
0.0118769470404984 1.24193763960241e-06
0.0119548286604361 1.39587113217232e-06
0.0120327102803738 1.56814434898593e-06
0.0121105919003115 1.76084068282855e-06
0.0121884735202492 1.97628347546083e-06
0.0122663551401869 2.2170404091861e-06
0.0123442367601246 2.48594431274737e-06
0.0124221183800623 2.78614947486308e-06
0.0125 3.12113424669468e-06
0.0125778816199377 3.49474738377311e-06
0.0126557632398754 3.91123498345448e-06
0.0127336448598131 4.375285007026e-06
0.0128115264797508 4.89208791385591e-06
0.0128894080996885 5.46735602988432e-06
0.0129672897196262 6.10739317820882e-06
0.0130451713395639 6.81913666815959e-06
0.0131230529595016 7.61024252983596e-06
0.0132009345794393 8.48912946551957e-06
0.0132788161993769 9.46505779621496e-06
0.0133566978193146 1.05482146910484e-05
0.0134345794392523 1.17497974958856e-05
0.01351246105919 1.30821005767207e-05
0.0135903426791277 1.45586286431804e-05
0.0136682242990654 1.61941917627068e-05
0.0137461059190031 1.80050375357616e-05
0.0138239875389408 2.00089743025188e-05
0.0139018691588785 2.22255069866762e-05
0.0139797507788162 2.46760043289627e-05
0.0140576323987539 2.7383828661779e-05
0.0141355140186916 3.03745453940866e-05
0.0142133956386293 3.36761001895437e-05
0.014291277258567 3.73190284208267e-05
0.0143691588785047 4.13366591227361e-05
0.0144470404984424 4.57653750449939e-05
0.0145249221183801 5.06448614988917e-05
0.0146028037383178 5.6018376107062e-05
0.0146806853582555 6.19330459459817e-05
0.0147585669781931 6.84402091850365e-05
0.0148364485981308 7.55957195783881e-05
0.0149143302180685 8.34603444666388e-05
0.0149922118380062 9.21001372201295e-05
0.0150700934579439 0.000101586879886954
0.0151479750778816 0.000111998517178641
0.0152258566978193 0.000123419652042977
0.015303738317757 0.000135942057272426
0.0153816199376947 0.000149665228080395
0.0154595015576324 0.000164696977896713
0.0155373831775701 0.000181154055841107
0.0156152647975078 0.000199162835720634
0.0156931464174455 0.000218860012669947
0.0157710280373832 0.00024039338620972
0.0158489096573209 0.000263922654012488
0.0159267912772586 0.000289620279179585
0.0160046728971963 0.000317672409332171
0.016082554517134 0.000348279850885775
0.0161604361370717 0.00038165908743787
0.0162383177570093 0.000418043390111678
0.016316199376947 0.000457683973235208
0.0163940809968847 0.000500851205221663
0.0164719626168224 0.000547835928711498
0.0165498442367601 0.00059895081989349
0.0166277258566978 0.000654531830631176
0.0167056074766355 0.000714939722844189
0.0167834890965732 0.000780561691516783
0.0168613707165109 0.000851813028668571
0.0169392523364486 0.000929138944073813
0.0170171339563863 0.00101301642607846
0.017095015576324 0.00110395620893202
0.0171728971962617 0.00120250486728082
0.0172507788161994 0.00130924696680839
0.0173286604361371 0.00142480736528821
0.0174065420560748 0.00154985357753615
0.0174844236760125 0.00168509828918966
0.0175623052959502 0.00183130195474102
0.0176401869158879 0.00198927552974914
0.0177180685358255 0.0021598833201597
0.0177959501557632 0.00234404594073294
0.0178738317757009 0.00254274339628838
0.0179517133956386 0.00275701830949713
0.0180295950155763 0.00298797924998298
0.018107476635514 0.00323680421390568
0.0181853582554517 0.00350474419990762
0.0182632398753894 0.00379312694942778
0.0183411214953271 0.00410336081110701
0.0184190031152648 0.00443693871084377
0.0184968847352025 0.00479544228240495
0.0185747663551402 0.00518054612591946
0.0186526479750779 0.00559402216185489
0.0187305295950156 0.00603774415649204
0.0188084112149533 0.00651369234967977
0.018886292834891 0.00702395820910645
0.0189641744548287 0.00757074930122488
0.0190420560747664 0.00815639428899763
0.0191199376947041 0.00878334803903525
0.0191978193146417 0.00945419682453685
0.0192757009345794 0.010171663640459
0.0193535825545171 0.0109386136147508
0.0194314641744548 0.0117580594996288
0.0195093457943925 0.012633167256765
0.0195872274143302 0.0135672616881152
0.0196651090342679 0.0145638321697404
0.0197429906542056 0.0156265384008024
0.0198208722741433 0.0167592162090798
0.019898753894081 0.0179658833824717
0.0199766355140187 0.0192507455207841
0.0200545171339564 0.0206182018801069
0.0201323987538941 0.0220728512215278
0.0202102803738318 0.0236194976207141
0.0202881619937695 0.0252631562174051
0.0203660436137072 0.0270090589279168
0.0204439252336449 0.0288626600790072
0.0205218068535826 0.0308296419181928
0.0205996884735202 0.0329159200181015
0.0206775700934579 0.0351276485328662
0.0207554517133956 0.037471225301273
0.0208333333333333 0.0399532967601655
0.020911214953271 0.0425807626403932
0.0209890965732087 0.0453607804360709
0.0210669781931464 0.0483007696020339
0.0211448598130841 0.0514084154828558
0.0212227414330218 0.0546916729254309
0.0213006230529595 0.0581587695311958
0.0213785046728972 0.0618182085705038
0.0214563862928349 0.0656787714788884
0.0215342679127726 0.0697495199404467
0.0216121495327103 0.0740397975055789
0.021690031152648 0.0785592307431387
0.0217679127725857 0.0833177298738721
0.0218457943925234 0.0883254888448163
0.0219236760124611 0.0935929848578704
0.0220015576323988 0.0991309772811563
0.0220794392523364 0.104950505943253
0.0221573208722741 0.11106288874952
0.0222352024922118 0.117479718634864
0.0223130841121495 0.124212859777831
0.0223909657320872 0.131274443112618
0.0224688473520249 0.138676861016068
0.0225467289719626 0.146432761266815
0.0226246105919003 0.15455504012497
0.022702492211838 0.163056834630063
0.0227803738317757 0.171951514012703
0.0228582554517134 0.181252670219713
0.0229361370716511 0.19097410754833
0.0230140186915888 0.201129831388085
0.0230919003115265 0.211734036006427
0.0231697819314642 0.22280109141285
0.0232476635514019 0.234345529266577
0.0233255451713396 0.246382027838655
0.0234034267912773 0.258925396006766
0.023481308411215 0.27199055627912
0.0235591900311527 0.285592526881832
0.0236370716510903 0.29974640286471
0.023714953271028 0.314467336273723
0.0237928348909657 0.32977051536952
0.0238707165109034 0.345671142918443
0.0239485981308411 0.362184413596362
0.0240264797507788 0.379325490471133
0.0241043613707165 0.397109480628625
0.0241822429906542 0.415551409965872
0.0242601246105919 0.434666197158951
0.0243380062305296 0.454468626870093
0.0244158878504673 0.474973322202994
0.024493769470405 0.496194716466173
0.0245716510903427 0.518147024280113
0.0246495327102804 0.54084421207855
0.0247274143302181 0.564299968075023
0.0248052959501558 0.588527671699162
0.0248831775700935 0.613540362617279
0.0249610591900312 0.639350709373306
0.0250389408099688 0.665970977719788
0.0251168224299065 0.693412998699817
0.0251947040498442 0.72168813655422
0.0252725856697819 0.750807256554108
0.0253504672897196 0.780780692778384
0.0254283489096573 0.811618215986657
0.025506230529595 0.843329001603824
0.0255841121495327 0.875921597950928
0.0256619937694704 0.909403894770584
0.0257398753894081 0.943783092161164
0.0258177570093458 0.979065669983412
0.0258956386292835 1.01525735786658
0.0259735202492212 1.05236310584479
0.0260514018691589 1.09038705578684
0.0261292834890966 1.12933251364553
0.0262071651090343 1.16920192266294
0.026285046728972 1.20999683759428
0.0263629283489097 1.25171790005601
0.0264408099688474 1.29436481508066
0.026518691588785 1.3379363289641
0.0265965732087227 1.38243020849236
0.0266744548286604 1.42784322164167
0.0267523364485981 1.47417111980955
0.0268302180685358 1.52140862167165
0.0269080996884735 1.56954939874784
0.0269859813084112 1.61858606272228
0.0270638629283489 1.66851015461559
0.0271417445482866 1.71931213584471
0.0272196261682243 1.77098138126217
0.027297507788162 1.82350617418895
0.0273753894080997 1.87687370353791
0.0274532710280374 1.93107006302994
0.0275311526479751 1.9860802525683
0.0276090342679128 2.041888181805
0.0276869158878505 2.09847667591003
0.0277647975077882 2.15582748357312
0.0278426791277259 2.21392128727031
0.0279205607476636 2.27273771578144
0.0279984423676012 2.3322553589639
0.0280763239875389 2.39245178480336
0.0281542056074766 2.453303558695
0.0282320872274143 2.51478626497239
0.028309968847352 2.57687453061971
0.0283878504672897 2.63954205119334
0.0284657320872274 2.70276161885608
0.0285436137071651 2.76650515252003
0.0286214953271028 2.83074373001867
0.0286993769470405 2.89544762228456
0.0287772585669782 2.96058632943749
0.0288551401869159 3.02612861872763
0.0289330218068536 3.09204256425081
0.0290109034267913 3.15829558836802
0.029088785046729 3.22485450471827
0.0291666666666667 3.29168556275381
0.0292445482866044 3.3587544936868
0.0293224299065421 3.42602655775026
0.0294003115264798 3.49346659266895
0.0294781931464174 3.56103906319928
0.0295560747663551 3.62870811168299
0.0296339563862928 3.6964376094348
0.0297118380062305 3.76419120886891
0.0297897196261682 3.83193239625098
0.0298676012461059 3.89962454492301
0.0299454828660436 3.96723096889292
0.0300233644859813 4.03471497665504
0.030101246105919 4.10203992509511
0.0301791277258567 4.16916927337898
0.0302570093457944 4.23606663666248
0.0303348909657321 4.30269583951735
0.0304127725856698 4.36902096891963
0.0304906542056075 4.43500642669654
0.0305685358255452 4.50061698128718
0.0306464174454829 4.56581781869344
0.0307242990654206 4.6305745925176
0.0308021806853583 4.6948534729435
0.0308800623052959 4.75862119456229
0.0309579439252336 4.82184510291406
0.0310358255451713 4.88449319966914
0.031113707165109 4.94653418630957
0.0311915887850467 5.00793750623261
0.0312694704049844 5.06867338518017
0.0313473520249221 5.12871286991223
0.0314252336448598 5.18802786501934
0.0315031152647975 5.24659116783265
0.0315809968847352 5.3043765013275
0.0316588785046729 5.36135854498666
0.0317367601246106 5.41751296353881
0.0318146417445483 5.47281643353833
0.031892523364486 5.52724666775147
0.0319704049844237 5.58078243728121
0.0320482866043614 5.63340359142769
0.0321261682242991 5.68509107524393
0.0322040498442368 5.73582694480193
0.0322819314641745 5.78559438010576
0.0323598130841121 5.8343776956995
0.0324376947040498 5.88216234894413
0.0325155763239875 5.92893494599204
0.0325934579439252 5.97468324546632
0.0326713395638629 6.01939615986928
0.0327492211838006 6.06306375474742
0.0328271028037383 6.10567724566242
0.032904984423676 6.14722899299519
0.0329828660436137 6.18771249463139
0.0330607476635514 6.22712237659564
0.0331386292834891 6.26545438167309
0.0332165109034268 6.30270535608709
0.0332943925233645 6.33887323431288
0.0333722741433022 6.37395702207467
0.0334501557632399 6.4079567776222
0.0335280373831776 6.44087359135632
0.0336059190031153 6.47270956387699
0.033683800623053 6.50346778256014
0.0337616822429907 6.53315229672376
0.0338395638629283 6.56176809149135
0.033917445482866 6.58932106044982
0.0339953271028037 6.61581797715298
0.0340732087227414 6.64126646562586
0.0341510903426791 6.6656749699133
0.0342289719626168 6.68905272278794
0.0343068535825545 6.71140971372211
0.0343847352024922 6.7327566561942
0.0344626168224299 6.75310495444481
0.0345404984423676 6.77246666976472
0.0346183800623053 6.79085448642027
0.034696261682243 6.80828167727984
0.0347741433021807 6.82476206926791
0.0348520249221184 6.8403100087022
0.0349299065420561 6.85494032662167
0.0350077881619938 6.86866830416528
0.0350856697819315 6.88150963811486
0.0351635514018692 6.89348040663904
0.0352414330218069 6.90459703536062
0.0353193146417446 6.91487626375887
0.0353971962616822 6.92433511203969
0.0354750778816199 6.93299084849665
0.0355529595015576 6.94086095742727
0.0356308411214953 6.94796310768661
0.035708722741433 6.95431512190174
0.0357866043613707 6.95993494643018
0.0358644859813084 6.96484062207371
0.0359423676012461 6.96905025561486
0.0360202492211838 6.97258199222339
0.0360981308411215 6.97545398872594
0.0361760124610592 6.97768438782199
0.0362538940809969 6.97929129324086
0.0363317757009346 6.98029274587438
0.0364096573208723 6.98070670090476
0.03648753894081 6.98055100594283
0.0365654205607477 6.97984338019964
0.0366433021806854 6.97860139467931
0.0367211838006231 6.97684245343102
0.0367990654205607 6.97458377583009
0.0368769470404984 6.97184237992042
0.0369548286604361 6.96863506678821
0.0370327102803738 6.96497840598035
0.0371105919003115 6.96088872195226
0.0371884735202492 6.95638208152308
0.0372663551401869 6.95147428235964
0.0373442367601246 6.94618084243239
0.0374221183800623 6.94051699044322
0.0375 6.93449765721933
0.0375778816199377 6.92813746802374
0.0376557632398754 6.92145073578955
0.0377336448598131 6.914451455222
0.0378115264797508 6.90715329777332
0.0378894080996885 6.89956960743108
0.0379672897196262 6.89171339732348
0.0380451713395639 6.88359734709793
0.0381230529595016 6.87523380101616
0.0382009345794393 6.86663476680294
0.038278816199377 6.85781191513615
0.0383566978193146 6.84877657981016
0.0384345794392523 6.83953975850471
0.03851246105919 6.8301121141413
0.0385903426791277 6.82050397679141
0.0386682242990654 6.81072534610596
0.0387461059190031 6.80078589422843
0.0388239875389408 6.79069496917368
0.0389018691588785 6.78046159861749
0.0389797507788162 6.77009449409337
0.0390576323987539 6.7596020555503
0.0391355140186916 6.74899237623407
0.0392133956386293 6.73827324788576
0.039291277258567 6.72745216621211
0.0393691588785047 6.7165363365982
0.0394470404984424 6.70553268005322
0.0395249221183801 6.69444783934335
0.0396028037383178 6.68328818529121
0.0396806853582555 6.67205982324029
0.0397585669781931 6.66076859961603
0.0398364485981308 6.64942010860754
0.0399143302180685 6.63801969892423
0.0399922118380062 6.62657248060345
0.0400700934579439 6.61508333187138
0.0401479750778816 6.60355690601384
0.0402258566978193 6.59199763825916
0.040303738317757 6.58040975264457
0.0403816199376947 6.56879726886313
0.0404595015576324 6.55716400905892
0.0405373831775701 6.54551360457826
0.0406152647975078 6.53384950264754
0.0406931464174455 6.52217497297981
0.0407710280373832 6.51049311428773
0.0408489096573209 6.49880686069968
0.0409267912772586 6.48711898807524
0.0410046728971963 6.47543212020062
0.041082554517134 6.46374873486279
0.0411604361370717 6.45207116980646
0.0412383177570094 6.44040162854575
0.041316199376947 6.42874218604814
0.0413940809968847 6.41709479427069
0.0414719626168224 6.40546128756158
0.0415498442367601 6.39384338790114
0.0416277258566978 6.38224271000522
0.0417056074766355 6.37066076627326
0.0417834890965732 6.35909897158362
0.0418613707165109 6.34755864794002
0.0419392523364486 6.33604102896115
0.0420171339563863 6.32454726422062
0.042095015576324 6.3130784234353
0.0421728971962617 6.30163550050835
0.0422507788161994 6.29021941741064
0.0423286604361371 6.2788310279297
0.0424065420560748 6.26747112126491
0.0424844236760125 6.25614042547914
0.0425623052959502 6.24483961081698
0.0426401869158878 6.23356929288322
0.0427180685358255 6.22233003567914
0.0427959501557632 6.21112235451855
0.0428738317757009 6.19994671880874
0.0429517133956386 6.18880355470594
0.0430295950155763 6.17769324765384
0.043107476635514 6.16661614479653
0.0431853582554517 6.15557255728919
0.0432632398753894 6.14456276247929
0.0433411214953271 6.133587006
0.0434190031152648 6.12264550374369
0.0434968847352025 6.11173844374545
0.0435747663551402 6.10086598796576
0.0436526479750779 6.09002827398005
0.0437305295950156 6.07922541658167
0.0438084112149533 6.06845750929106
0.043886292834891 6.05772462579547
0.0439641744548287 6.0470268212957
0.0440420560747664 6.03636413378732
0.0441199376947041 6.0257365852644
0.0441978193146417 6.01514418285756
0.0442757009345794 6.00458691989983
0.0443535825545171 5.99406477693478
0.0444314641744548 5.98357772266637
0.0445093457943925 5.97312571484405
0.0445872274143302 5.96270870110187
0.0446651090342679 5.95232661973938
0.0447429906542056 5.94197940045859
0.0448208722741433 5.93166696505077
0.044898753894081 5.92138922804225
0.0449766355140187 5.91114609729382
0.0450545171339564 5.90093747456924
0.0451323987538941 5.8907632560562
0.0452102803738318 5.88062333286126
0.0452881619937695 5.87051759146441
0.0453660436137072 5.8604459141473
0.0454439252336449 5.85040817939053
0.0455218068535826 5.84040426224243
0.0455996884735203 5.83043403466203
0.045677570093458 5.82049736583949
0.0457554517133956 5.81059412249109
0.0458333333333333 5.80072416913351
0.045911214953271 5.79088736833838
0.0459890965732087 5.78108358096852
0.0460669781931464 5.77131266639443
0.0461448598130841 5.76157448269586
0.0462227414330218 5.75186888684753
0.0463006230529595 5.74219573489222
0.0463785046728972 5.73255488209593
0.0464563862928349 5.7229461830943
0.0465342679127726 5.71336949202805
0.0466121495327103 5.70382466266332
0.046690031152648 5.69431154850494
0.0467679127725857 5.68483000290177
0.0468457943925234 5.67537987913946
0.0469236760124611 5.6659610305274
0.0470015576323988 5.6565733104787
0.0470794392523365 5.64721657258048
0.0471573208722741 5.63789067066178
0.0472352024922118 5.62859545885227
0.0473130841121495 5.61933079163622
0.0473909657320872 5.61009652390209
0.0474688473520249 5.60089251098675
0.0475467289719626 5.59171860871709
0.0476246105919003 5.58257467344465
0.047702492211838 5.57346056207786
0.0477803738317757 5.56437613211348
0.0478582554517134 5.55532124166061
0.0479361370716511 5.54629574946415
0.0480140186915888 5.53729951492675
0.0480919003115265 5.52833239812578
0.0481697819314642 5.51939425982949
0.0482476635514019 5.51048496151212
0.0483255451713396 5.50160436536506
0.0484034267912773 5.49275233430721
0.048481308411215 5.4839287319948
0.0485591900311527 5.47513342282878
0.0486370716510903 5.46636627196022
0.048714953271028 5.4576271452971
0.0487928348909657 5.44891590950706
0.0488707165109034 5.44023243202093
0.0489485981308411 5.43157658103506
0.0490264797507788 5.42294822551307
0.0491043613707165 5.41434723518616
0.0491822429906542 5.40577348055363
0.0492601246105919 5.39722683288208
0.0493380062305296 5.38870716420487
0.0494158878504673 5.38021434732037
0.049493769470405 5.37174825578995
0.0495716510903427 5.3633087639363
0.0496495327102804 5.35489574684034
0.0497274143302181 5.34650908033848
0.0498052959501558 5.33814864101956
0.0498831775700935 5.32981430622135
0.0499610591900312 5.32150595402702
