0.000952424147199324 -0
0.00229935529330024 -0
0.0029965781594056 -1.87110412576937e-13
0.00355449530770334 2.21625132606594e-13
0.0040345334309486 1.00476439351301e-12
0.00446263831589372 1.38721090609639e-12
0.00485283061548595 4.82020345634769e-12
0.00521373972834401 1.00191327159824e-11
0.0055511347337998 1.95859129397342e-11
0.00586910204529132 3.7002097729007e-11
0.00617066314122772 6.58868802280064e-11
0.00645812756414376 1.14228677980552e-10
0.0067333081253266 1.943357601885e-10
0.00699765894442745 3.2077968688627e-10
0.00725236770633901 5.17977652381185e-10
0.00749841944942608 8.19605503078338e-10
0.00773664194808893 1.26849487944306e-09
0.00796773879759438 1.93284318103916e-09
0.0081923140473325 2.89538297358258e-09
0.00841089088212967 4.27357639841243e-09
0.00862392602134458 6.22366303517177e-09
0.00883182097830477 8.95050885450602e-09
0.00903493097876285 1.272471212335e-08
0.00923357210739027 1.78933170726913e-08
0.00942802709468414 2.49074545556811e-08
0.00961855004778294 3.43405968869753e-08
0.00980537035170039 4.69212086689935e-08
0.00998869591219844 6.35699530198675e-08
0.0101687158712473 8.54385165541919e-08
0.0103456028962998 1.13959759902504e-07
0.0105195151224121 1.50906902300531e-07
0.0106905978094788 1.9846668238976e-07
0.0108589847640657 2.59309856709583e-07
0.0110247995654704 3.36698932535558e-07
0.0111881566279901 4.34586149916018e-07
0.0113491621253778 5.57735071721742e-07
0.0115079147987312 7.1188227566321e-07
0.0116645066652966 9.03879532391789e-07
0.0118190236426474 1.14189776437167e-06
0.0119715461002728 1.43563331276871e-06
0.012122149348635 1.79654698623838e-06
0.0122709040741494 2.23813660299572e-06
0.0124178767272214 2.77625308028561e-06
0.0125631298693891 3.42942425635007e-06
0.0127067224847186 4.21925561175488e-06
0.0128487102598524 5.17084856454872e-06
0.0129891458364826 6.31327608347852e-06
0.0131280790394988 7.68011311863473e-06
0.013265557083614 9.31000806269741e-06
0.0134016247608998 1.12473341010831e-05
0.0135363246113445 1.35428894906515e-05
0.0136696970782744 1.62546641537061e-05
0.0138017806502498 1.94486894089903e-05
0.0139326119908466 2.31999570911438e-05
0.0140622260575643 2.75934191600797e-05
0.0141906562109535 3.27250736799345e-05
0.0143179343149293 3.87031497758464e-05
0.0144440908291248 4.5649373129117e-05
0.0145691548940435 5.3700330722734e-05
0.014693154409685 6.30089620276881e-05
0.0148161161082468 7.37461253868425e-05
0.0149380656214357 8.61023022012373e-05
0.015059027542873 0.000100289404244873
0.0151790254860212 0.00011654269918438
0.015298082138019 0.000135122876076831
0.0154162193097744 0.000156318211352824
0.0155334579826262 0.000180446893102479
0.0156498183518595 0.000207859452545438
0.0157653198673286 0.000238941344195526
0.0158799812714201 0.000274115658918338
0.0159938206345661 0.000313845980167476
0.0161068553884968 0.000358639368626303
0.0162191023574074 0.000409049492452637
0.0163305777871962 0.000465679900803665
0.0164412973729177 0.000529187431626556
0.016551276284583 0.000600285750669744
0.0166605291914259 0.000679749030534344
0.016769070284747 0.000768415781652567
0.0168769132994343 0.000867192755482984
0.0169840715342534 0.000977059066157093
0.0170905578709937 0.00109907033097739
0.0171963847925459 0.0012343629993367
0.0173015643999846 0.0013841587592674
0.0174061084287219 0.00154976904685261
0.0175100282637928 0.0017325996577038
0.0176133349543278 0.00193415544614726
0.0177160392272673 0.00215604508465705
0.0178181515003632 0.0023999858991499
0.0179196818945137 0.00266780876010337
0.0180206402454736 0.00296146302069537
0.0181210361149754 0.0032830214811332
0.0182208788013009 0.00363468534690593
0.0183201773493323 0.00401878923048336
0.018418940560117 0.00443780612277263
0.018517176999972 0.00489435233277702
0.0186148950091569 0.00539119239106713
0.0187121027101381 0.00593124388750396
0.0188088080154695 0.00651758224243805
0.0189050186353095 0.00715344538641493
0.0190007420845964 0.00784223830562845
0.0190959856898986 0.00858753748319624
0.0191907565959602 0.00939309517499495
0.0192850617719562 0.0102628435398804
0.019378908017474 0.0112008985415887
0.0194723019682352 0.0122115636881761
0.0195652501015717 0.0132993335322812
0.0196577587416691 0.0144688968977185
0.019749834064588 0.0157251398979043
0.0198414821030768 0.0170731486131006
0.0199327087511843 0.0185182115137792
0.0200235197686838 0.0200658215161564
0.0201139207853169 0.0217216777494665
0.020203917304867 0.0234916869225466
0.0202935147090696 0.0253819643390399
0.0203827182613682 0.0273988345202459
0.0204715331105226 0.0295488314037628
0.0205599642940775 0.0318386981491048
0.0206480167416965 0.0342753864781255
0.0207356952783697 0.0368660555751891
0.0208230046274987 0.0396180705360634
0.0209099494138664 0.0425390003146913
0.0209965341664958 0.0456366152074773
0.0210827633214032 0.0489188838409062
0.0211686412242503 0.0523939696299683
0.0212541721329001 0.0560702267602545
0.0213393602198804 0.0599561956334894
0.0214242095747593 0.0640605977928357
0.0215087242064359 0.0683923303269387
0.0215929080453512 0.0729604597523072
0.0216767649456206 0.0777742153625151
0.0217602986870935 0.0828429820475981
0.0218435129773409 0.0881762926080387
0.0219264114535763 0.0937838195365725
0.0220089976845106 0.0996753662915854
0.0220912751721448 0.105860858062511
0.022173247353503 0.112350332031909
0.0222549176023078 0.11915392717961
0.0223362892306006 0.126281873569948
0.022417365490309 0.133744481202474
0.0224981495747631 0.141552128416046
0.0225786446201638 0.149715249853725
0.0226588537070025 0.158244324007991
0.0227387798614379 0.167149860384749
0.0228184260566274 0.176442386287404
0.0228977952140181 0.186132433231935
0.0229768902045973 0.196230523052397
0.0230557138501039 0.20674715368599
0.0231342689242034 0.217692784678485
0.0232125581536269 0.229077822432808
0.0232905842192751 0.240912605227114
0.02336834975729 0.253207388018147
0.0234458573600938 0.265972327101132
0.0235231095773975 0.279217464584164
0.0236001089171797 0.292952712788137
0.0236768578466364 0.307187838527984
0.0237533587931038 0.321932447365348
0.0238296141449538 0.337195967826299
0.0239056262524643 0.352987635631372
0.0239813974286642 0.369316477971195
0.0240569299501549 0.386191297852515
0.0241322260579085 0.403620658556331
0.0242072879580434 0.421612868237269
0.0242821178225785 0.440175964671924
0.0243567177901669 0.459317700243849
0.0244310899668087 0.479045527135394
0.0245052364265452 0.49936658281654
0.0245791592121332 0.520287675785745
0.0246528603357023 0.541815271694081
0.0247263417793933 0.563955479769001
0.024799605495981 0.586714039679219
0.0248726534094791 0.610096308772927
0.0249454874157299 0.634107249786901
0.0250181093829787 0.658751419000369
0.0250905211524326 0.684032954904675
0.0251627245388055 0.709955567376136
0.0252347213308485 0.736522527402358
0.025306513291867 0.763736657367746
0.0253781021602249 0.791600321929086
0.0254494896498353 0.820115419478686
0.0255206774506396 0.849283374275543
0.0255916672290742 0.879105129147163
0.0256624606285257 0.909581138920912
0.0257330592697745 0.940711364491318
0.0258034647514283 0.972495267548082
0.0258736786503441 1.00493180604786
0.0259437025220403 1.03801943036421
0.0260135379010989 1.07175608014753
0.0260831863015579 1.10613918190632
0.0261526492172942 1.14116564731576
0.0262219281223974 1.1768318722809
0.0262910244715352 1.21313373666716
0.0263599397003093 1.25006660482423
0.0264286752256036 1.28762532680643
0.0264972324459243 1.32580424033183
0.0265656127417314 1.36459717346368
0.0266338174757638 1.40399744800236
0.0267018479933554 1.44399788359558
0.0267697056227452 1.48459080256232
0.0268373916753796 1.52576803538039
0.0269049074462084 1.56752092688184
0.0269722542139738 1.60984034311117
0.0270394332414926 1.6527166788254
0.0271064457759332 1.69613986566724
0.0271732930490851 1.74009938092718
0.0272399762776234 1.78458425693548
0.0273064966633671 1.82958309103559
0.0273728553935318 1.8750840561306
0.0274390536409772 1.92107491179044
0.0275050925644484 1.96754301584903
0.027570973308813 2.01447533656589
0.0276366970052929 2.06185846523603
0.02770226477169 2.10967862924877
0.0277676777126091 2.15792170562274
0.0278329369196743 2.20657323492065
0.027898043471742 2.25561843556336
0.0279629984351086 2.30504221849732
0.0280278028637145 2.35482920220974
0.0280924577993437 2.40496372804243
0.0281569642718189 2.45542987577763
0.0282213232991932 2.50621147950003
0.0282855358879374 2.55729214366287
0.0283496030331237 2.60865525938425
0.0284135257186056 2.6602840208676
0.0284773049171942 2.71216144202171
0.0285409415908308 2.7642703731522
0.0286044366907564 2.8165935177795
0.0286677911576775 2.8691134494937
0.0287310059219286 2.92181262886183
0.0287940819036319 2.9746734203441
0.0288570200128533 3.0276781091892
0.0289198211497554 3.08080891829689
0.0289824862047484 3.13404802499983
0.0290450160586367 3.18737757778152
0.0291074115827637 3.24077971285004
0.0291696736391534 3.29423657058921
0.0292318030806494 3.34773031184479
0.029293800751051 3.4012431340352
0.0293556674852473 3.45475728704284
0.0294174041093478 3.50825508889743
0.0294790114408117 3.56171894119123
0.0295404902885739 3.61513134425589
0.0296018414531688 3.66847491202071
0.0296630657268522 3.72173238660602
0.0297241638937206 3.77488665257196
0.0297851367298281 3.82792075084905
0.0298459850033017 3.88081789229836
0.0299067094744543 3.93356147093931
0.0299673108958952 3.98613507676228
0.0300277900126391 4.03852250819255
0.0300881475622129 4.09070778409673
0.0301483842747607 4.1426751554494
0.0302085008731472 4.19440911650757
0.0302684980730579 4.24589441560131
0.0303283765830998 4.29711606545015
0.030388137104898 4.34805935308157
0.0304477803331922 4.39870984923835
0.0305073069559307 4.44905341737356
0.0305667176543631 4.49907622215823
0.0306260131031312 4.54876473753413
0.0306851939703584 4.59810575429409
0.0307442609177375 4.64708638719132
0.0308032146006169 4.69569408158072
0.0308620556680859 4.7439166195897
0.0309207847630576 4.79174212579826
0.030979402522351 4.83915907249503
0.0310379095767715 4.88615628440277
0.0310963065511904 4.93272294298362
0.0311545940646224 4.97884859026925
0.0312127727303025 5.0245231322402
0.0312708431557607 5.06973684172468
0.0313288059428968 5.11448036088777
0.0313866616880526 5.15874470324458
0.0314444109820838 5.20252125526772
0.0315020544104301 5.24580177753022
0.0315595925531847 5.28857840548379
0.0316170259851625 5.3308436497465
0.0316743552759667 5.37259039606361
0.031731580990055 5.41381190482139
0.0317887036868044 5.45450181018138
0.0318457239205751 5.49465411887003
0.031902642240773 5.53426320856065
0.0319594591919117 5.57332382593302
0.0320161753136731 5.61183108435954
0.0320727911409674 5.64978046127434
0.0321293072039917 5.68716779521537
0.0321857240282883 5.72398928255555
0.0322420421348013 5.76024147392125
0.0322982620399331 5.79592127034268
0.0323543842555995 5.83102591910892
0.0324104092892838 5.86555300937107
0.0324663376440908 5.89950046747908
0.0325221698187993 5.93286655209531
0.032577906307914 5.96564984905157
0.0326335476017165 5.99784926603013
0.032689094186316 6.02946402700071
0.0327445465436982 6.06049366647872
0.0327999051517748 6.09093802361858
0.032855170484431 6.12079723610732
0.0329103430115731 6.15007173394677
0.0329654231991753 6.17876223303355
0.033020411509325 6.20686972865684
0.0330753084002688 6.23439548884144
0.0331301143264563 6.26134104760645
0.0331848297385847 6.28770819808887
0.0332394550836416 6.31349898563729
0.0332939908049475 6.33871570074917
0.0333484373421982 6.36336087203331
0.033402795131506 6.3874372590219
0.0334570646054403 6.41094784501558
0.0335112461930678 6.43389582985276
0.0335653403199922 6.45628462264669
0.0336193474083933 6.4781178345424
0.033673267877065 6.49939927141185
0.0337271021414538 6.52013292661792
0.0337808506136955 6.54032297371715
0.0338345137026526 6.55997375923956
0.0338880918139502 6.57908979545486
0.033941585350012 6.59767575319044
0.0339949947100953 6.61573645470174
0.034048320290326 6.63327686656313
0.0341015624837328 6.65030209263583
0.0341547216802812 6.66681736708863
0.0342077982669062 6.68282804748765
0.0342607926275461 6.69833960797658
0.034313705143174 6.71335763250999
0.0343665361918302 6.72788780818863
0.0344192861486539 6.74193591868829
0.0344719553859137 6.75550783778071
0.0345245442730389 6.76860952293444
0.0345770531766492 6.7812470090605
0.0346294824605848 6.79342640233623
0.0346818324859358 6.80515387415416
0.0347341036110711 6.81643565516021
0.0347862961916671 6.82727802946344
0.0348384105807359 6.83768732890966
0.0348904471286534 6.84766992751539
0.0349424061831862 6.85723223601653
0.0349942880895195 6.86638069655344
0.0350460931902829 6.87512177746998
0.0350978218255779 6.8834619682524
0.0351494743330031 6.891407774612
0.0352010510476801 6.89896571368899
0.0352525523022792 6.90614230939301
0.0353039784270441 6.91294408788942
0.0353553297498165 6.91937757321307
0.0354066065960611 6.92544928302139
0.035457809288889 6.93116572448138
0.0355089381490815 6.93653339030671
0.0355599934951142 6.94155875491585
0.0356109756431794 6.94624827072808
0.0356618849072094 6.95060836461726
0.0357127215988986 6.954645434461
0.0357634860277266 6.95836584586565
0.035814178500979 6.96177592899339
0.0358647993237703 6.96488197554639
0.0359153487990645 6.96769023585512
0.0359658272276965 6.97020691611687
0.0360162349083932 6.97243817575647
0.0360665721377937 6.97439012490965
0.03611683921047 6.97606882203852
0.0361670364189472 6.9774802716471
0.036217164053723 6.97863042216175
0.0362672224032874 6.97952516388045
0.0363172117541423 6.98017032707994
0.0363671323908207 6.98057168019598
0.0364169845959049 6.98073492816776
0.0364667686500461 6.98066571084361
0.0365164848319821 6.98036960152342
0.0365661334185559 6.97985210560288
0.0366157146847337 6.97911865929668
0.0366652289036224 6.97817462850166
0.0367146763464872 6.97702530773082
0.0367640572827694 6.97567591914912
0.0368133719801027 6.97413161169926
0.0368626207043309 6.97239746033315
0.0369118037195243 6.97047846530548
0.0369609212879961 6.9683795515896
0.0370099736703189 6.96610556832669
0.0370589611253408 6.96366128840205
0.0371078839102014 6.96105140807417
0.0371567422803473 6.95828054668605
0.0372055364895478 6.95535324644517
0.0372542667899106 6.95227397228246
0.0373029334318964 6.94904711175772
0.0373515366643343 6.9456769750651
0.0374000767344366 6.9421677950716
0.0374485538878134 6.9385237274224
0.0374969683684871 6.93474885070953
0.0375453204189069 6.93084716669864
0.0375936102799628 6.92682260059568
0.0376418381909994 6.92267900137545
0.0376900043898302 6.91842014215531
0.037738109112751 6.91404972061784
0.0377861525945535 6.90957135947108
0.0378341350685386 6.90498860694882
0.0378820567665296 6.9003049373701
0.0379299179188854 6.89552375170374
0.0379777187545135 6.89064837819794
0.0380254595008824 6.88568207303325
0.0380731403840345 6.88062802099465
0.0381207616285987 6.87548933619321
0.0381683234578023 6.87026906279937
0.0382158260934837 6.86497017581248
0.0382632697561043 6.85959558184806
0.0383106546647603 6.85414811995479
0.0383579810371946 6.84863056243918
0.0384052490898085 6.84304561572494
0.0384524590376732 6.83739592121491
0.0384996110945414 6.83168405618256
0.0385467054728583 6.82591253466303
0.0385937423837729 6.82008380837378
0.038640722037149 6.8142002676329
0.0386876446415764 6.80826424229364
0.0387345104043811 6.80227800268529
0.0387813195316367 6.796243760569
0.0388280722281745 6.79016367008301
0.0388747686975941 6.78403982871327
0.0389214091422738 6.77787427826218
0.0389679937633806 6.77166900580934
0.0390145227608807 6.76542594467775
0.0390609963335492 6.75914697542345
0.0391074146789802 6.75283392678846
0.0391537779935962 6.74648857668639
0.0392000864726587 6.74011265315408
0.0392463403102766 6.73370783533005
0.0392925396994167 6.72727575442525
0.0393386848319125 6.72081799466223
0.0393847758984738 6.71433609424244
0.0394308130886957 6.70783154629073
0.0394767965910679 6.70130579979765
0.0395227265929834 6.69476026055414
0.0395686032807477 6.68819629209431
0.0396144268395875 6.68161521658709
0.0396601974536595 6.67501831578033
0.0397059153060589 6.668406831877
0.039751580578828 6.66178196845245
0.0397971934529647 6.65514489132281
0.0398427541084309 6.64849672942548
0.0398882627241606 6.64183857568991
0.0399337194780683 6.63517148787518
0.0399791245470571 6.62849648943249
0.0400244781070265 6.62181457032186
0.0400697803328807 6.61512668784086
0.0401150313985363 6.60843376742626
0.0401602314769299 6.60173670345128
0.0402053807400262 6.5950363600181
0.0402504793588252 6.58833357172634
0.0402955275033702 6.58162914441908
0.0403405253427549 6.57492385595112
0.0403854730451311 6.56821845691019
0.0404303707777158 6.56151367134527
0.0404752187067987 6.55481019747329
0.0405200169977489 6.54810870837097
0.0405647658150228 6.54140985267178
0.0406094653221705 6.53471425522288
0.0406541156818428 6.52802251774777
0.0406987170557985 6.52133521949599
0.040743269604911 6.51465291787017
0.0407877734891751 6.50797614904612
0.0408322288677135 6.50130542858405
0.0408766358987838 6.49464125201542
0.0409209947397848 6.4879840954339
0.0409653055472633 6.48133441606118
0.0410095684769202 6.4746926528002
0.0410537836836169 6.46805922678065
0.0410979513213821 6.46143454189673
0.0411420715434174 6.45481898532083
0.041186144502104 6.44821292801707
0.0412301703490086 6.44161672523549
0.0412741492348896 6.43503071699801
0.0413180813097029 6.42845522856792
0.0413619667226083 6.42189057091683
0.0414058056219748 6.41533704117356
0.041449598155387 6.4087949230596
0.0414933444696507 6.40226448732442
0.0415370447107985 6.39574599215826
0.0415806990240958 6.38923968359995
0.0416243075540461 6.3827457959374
0.0416678704443967 6.37626455208655
0.0417113878381443 6.36979616396994
0.0417548598775406 6.36334083289102
0.0417982867040973 6.35689874987447
0.0418416684585918 6.3504700960312
0.0418850052810726 6.34405504287854
0.0419282973108644 6.33765375268137
0.0419715446865731 6.33126637876293
0.0420147475460915 6.3248930658191
0.0420579060266041 6.31853395022065
0.0421010202645923 6.31218916029751
0.0421440903958392 6.3058588166264
0.042187116555435 6.29954303232031
0.0422300988777815 6.29324191327156
0.0422730374965974 6.28695555843826
0.0423159325449228 6.28068406007537
0.0423587841551244 6.27442750399407
0.0424015924588997 6.26818596978807
0.0424443575872824 6.26195953107239
0.0424870796706466 6.25574825570185
0.0425297588387115 6.24955220598972
0.0425723952205462 6.24337143892043
0.0426149889445741 6.23720600634607
0.0426575401385774 6.23105595518615
0.0427000489297016 6.22492132762175
0.0427425154444601 6.21880216127438
0.0427849398087383 6.21269848938776
0.042827322147798 6.20661034100299
0.042869662586282 6.20053774112124
0.0429119612482182 6.19448071086676
0.0429542182570236 6.18843926764807
0.042996433735509 6.1824134253047
0.0430386078058826 6.17640319425252
0.0430807405897546 6.1704085816317
0.0431228322081411 6.16442959143596
0.0431648827814682 6.158466224652
0.0432068924295758 6.15251847937663
0.0432488612717219 6.14658635095313
0.0432907894265865 6.14066983208375
0.0433326770122752 6.13476891293959
0.0433745241463235 6.12888358128173
0.0434163309457005 6.12301382256198
0.0434580975268124 6.1171596200259
0.0434998240055069 6.11132095481713
0.0435415104970763 6.1054978060657
0.0435831571162619 6.0996901509894
0.0436247639772568 6.09389796497801
0.0436663311937105 6.08812122168124
0.0437078588787319 6.08235989308568
0.043749347144893 6.07661394960707
0.0437907961042328 6.07088336015517
0.0438322058682602 6.06516809221364
0.0438735765479582 6.05946811191182
0.0439149082537867 6.0537833840865
0.0439562010956867 6.04811387236109
0.0439974551830829 6.04245953919834
0.0440386706248876 6.03682034596244
0.044079847529504 6.03119625298356
0.0441209860048293 6.025587219609
0.0441620861582584 6.01999320426175
0.0442031480966866 6.01441416448653
0.0442441719265134 6.00885005700669
0.0442851577536453 6.00330083776891
0.0443261056834994 5.99776646199295
0.0443670158210061 5.99224688420849
0.0444078882706126 5.98674205830639
0.0444487231362858 5.98125193757723
0.0444895205215157 5.97577647474612
0.0445302805293178 5.97031562201649
0.044571003262237 5.9648693311022
0.0446116888223499 5.95943755326336
0.0446523373112681 5.95402023934294
0.0446929488301412 5.94861733979114
0.0447335234796596 5.94322880470285
0.0447740613600574 5.93785458384512
0.0448145625711155 5.93249462668019
0.0448550272121642 5.92714888240266
0.0448954553820863 5.92181729995456
0.0449358471793195 5.91649982805659
0.0449762027018599 5.91119641522771
0.0450165220472639 5.9059070098105
0.0450568053126518 5.90063155998957
0.0450970525947098 5.89537001381498
0.0451372639896934 5.89012231922031
0.0451774395934293 5.88488842404118
0.0452175795013188 5.8796682760356
0.04525768380834 5.87446182289605
0.0452977526090507 5.86926901227019
0.0453377859975906 5.86408979177328
0.0453777840676844 5.85892410900679
0.0454177469126441 5.85377191156732
0.0454576746253711 5.84863314706509
0.0454975672983598 5.84350776313416
0.045537425023699 5.83839570744205
0.0455772478930749 5.83329692770848
0.0456170359977736 5.82821137170595
0.0456567894286835 5.82313898727995
0.0456965082762976 5.81807972235521
0.0457361926307157 5.81303352494136
0.0457758425816474 5.80800034314897
0.0458154582184141 5.80298012519228
0.0458550396299511 5.79797281939962
0.0458945869048103 5.79297837421801
0.0459341001311626 5.78799673822832
0.0459735793967998 5.78302786014127
0.0460130247891371 5.77807168881349
0.0460524363952153 5.77312817324338
0.046091814301703 5.76819726258731
0.0461311585948993 5.76327890615944
0.046170469360735 5.7583730534355
0.0462097466847759 5.75347965406145
0.0462489906522242 5.74859865785569
0.0462882013479209 5.74373001481245
0.0463273788563482 5.73887367510708
0.046366523261631 5.7340295891002
0.0464056346475397 5.72919770733988
0.046444713097492 5.72437798056559
0.0464837586945547 5.71957035971102
0.0465227715214462 5.71477479590566
0.0465617516605384 5.709991240479
0.0466006991938585 5.70521964496138
0.0466396142030913 5.7004599610878
0.0466784967695813 5.69571214079934
0.0467173469743342 5.69097613624375
0.0467561648980192 5.68625189977938
0.0467949506209711 5.68153938397458
0.0468337042231919 5.67683854161032
0.0468724257843528 5.6721493256791
0.0469111153837965 5.66747168939198
0.0469497731005383 5.66280558617082
0.046988399013269 5.65815096965812
0.0470269932003558 5.65350779371058
0.0470655557398448 5.64887601240305
0.0471040867094626 5.64425558003167
0.0471425861866182 5.63964645110685
0.0471810542484046 5.63504858036049
0.0472194909716011 5.6304619227436
0.0472578964326743 5.62588643342668
0.0472962707077808 5.6213220677991
0.0473346138727683 5.61676878147033
0.0473729260031774 5.6122265302698
0.0474112071742437 5.60769527024569
0.0474494574608992 5.60317495766594
0.0474876769377742 5.5986655490158
0.0475258656791988 5.59416700100237
0.0475640237592049 5.58967927054679
0.0476021512515274 5.58520231479188
0.0476402482296064 5.58073609109676
0.0476783147665885 5.57628055703676
0.0477163509353284 5.57183567040351
0.0477543568083909 5.56740138920498
0.0477923324580521 5.56297767166418
0.0478302779563011 5.55856447621876
0.047868193374842 5.55416176152044
0.0479060787850947 5.54976948643254
0.0479439342581973 5.54538761003175
0.0479817598650071 5.54101609160663
0.0480195556761023 5.53665489065504
0.0480573217617837 5.53230396688659
0.0480950581920759 5.5279632802182
0.0481327650367291 5.52363279077542
0.0481704423652206 5.51931245889129
0.048208090246756 5.51500224510492
0.048245708750271 5.51070211016071
0.0482832979444327 5.50641201500754
0.0483208578976412 5.5021319207982
0.0483583886780309 5.49786178888679
0.0483958903534721 5.49360158082974
0.0484333629915721 5.4893512583834
0.0484708066596771 5.48511078350409
0.0485082214248734 5.48088011834585
0.0485456073539886 5.47665922526014
0.0485829645135932 5.47244806679596
0.0486202929700021 5.46824660569635
0.0486575927892757 5.46405480489822
0.0486948640372214 5.45987262753312
0.048732106779395 5.45570003692401
0.048769321081102 5.45153699658389
0.0488065070073989 5.44738347021771
0.0488436646230944 5.44323942171737
0.0488807939927512 5.43910481516434
0.0489178951806866 5.43497961482542
0.0489549682509746 5.43086378515381
0.0489920132674463 5.42675729078702
0.0490290302936921 5.42266009654652
0.0490660193930623 5.41857216743587
0.0491029806286685 5.41449346863964
0.0491399140633852 5.41042396552352
0.0491768197598506 5.40636362363185
0.049213697780468 5.40231240868732
0.0492505481874073 5.3982702865895
0.0492873710426059 5.39423722341436
0.0493241664077698 5.39021318541251
0.0493609343443752 5.3861981390085
0.0493976749136695 5.38219205079981
0.0494343881766725 5.37819488755552
0.0494710741941776 5.37420661621567
0.0495077330267528 5.37022720388964
0.0495443647347421 5.36625661785587
0.0495809693782667 5.36229482555996
0.049617547017226 5.3583417946144
0.0496540977112986 5.35439749279713
0.0496906215199438 5.35046188805054
0.0497271185024024 5.34653494848052
0.0497635887176981 5.34261664235546
0.0498000322246384 5.33870693810503
0.0498364490818157 5.3348058043197
0.0498728393476087 5.33091320974912
0.0499092030801831 5.32702912330143
0.0499455403374929 5.3231535140423
0.0499818511772813 5.31928635119394
