3.62844702467344e-05 -0
0.000108853410740203 -0
0.000181422351233672 1.5665842047238e-12
0.000253991291727141 -1.56656460240693e-12
0.00032656023222061 -0
0.000399129172714078 -0
0.000471698113207547 -1.5664665908226e-12
0.000544267053701016 -0
0.000616835994194485 -0
0.000689404934687954 -3.13261954457532e-12
0.000761973875181422 -1.56624443123144e-12
0.000834542815674891 -3.13234511213918e-12
0.00090711175616836 -3.13218829360425e-12
0.000979680696661829 -1.56600920342904e-12
0.0010522496371553 -1.56591772595032e-12
0.00112481857764877 -1.56581971436598e-12
0.00119738751814224 -3.13143033735206e-12
0.0012699564586357 1.56560408888045e-12
0.00134252539912917 -0
0.00141509433962264 3.13072465394484e-12
0.00148766328011611 3.13046328971996e-12
0.00156023222060958 3.13018885728383e-12
0.00163280116110305 -0
0.00170537010159652 -0
0.00177793904208999 1.56464357535397e-12
0.00185050798258345 1.56448022271341e-12
0.00192307692307692 3.12862067193446e-12
0.00199564586357039 4.69240174534631e-12
0.00206821480406386 3.127901920316e-12
0.00214078374455733 1.56376147109496e-12
0.0022133526850508 4.69069634377886e-12
0.00228592162554427 6.25345156260797e-12
0.00235849056603774 6.25261519708835e-12
0.0024310595065312 4.68881452135963e-12
0.00250362844702467 6.25086405678154e-12
0.00257619738751814 3.12497464099722e-12
0.00264876632801161 1.5622520926962e-12
0.00272133526850508 -1.56201033078818e-12
0.00279390420899855 -6.2470481390981e-12
0.00286647314949202 -4.68452161396577e-12
0.00293904208998549 -4.68373752129112e-12
0.00301161103047896 -3.1219558841997e-12
0.00308417997097242 -3.12140701932744e-12
0.00315674891146589 -4.68126762936588e-12
0.00322931785195936 -1.56013504247456e-12
0.00330188679245283 -1.55984100772158e-12
0.0033744557329463 -1.55954043886293e-12
0.00344702467343977 -0
0.00351959361393324 1.55891969882882e-12
0.00359216255442671 6.23439811061334e-12
0.00366473149492017 7.79136411186104e-12
0.00373730043541364 3.11587916597096e-12
0.00380986937590711 3.11519961898622e-12
0.00388243831640058 3.11450700379025e-12
0.00395500725689405 3.11380132038304e-12
0.00402757619738752 4.66962385314694e-12
0.00410014513788099 7.78087687233723e-12
0.00417271407837446 7.77901465223487e-12
0.00424528301886793 9.33254371392527e-12
0.00431785195936139 1.24403075207134e-11
0.00439042089985486 1.24371711500144e-11
0.00446298984034833 1.39882303197799e-11
0.0045355587808418 1.55384269876028e-11
0.00460812772133527 1.08740173507425e-11
0.00468069666182874 7.76506433673122e-12
0.00475326560232221 1.24207052038465e-11
0.00482583454281568 9.31294139705832e-12
0.00489840348330914 1.55171911443303e-11
0.00497097242380261 1.24101983620058e-11
0.00504354136429608 9.3049436517765e-12
0.00511611030478955 1.08525658819846e-11
0.00518867924528302 1.08493184314902e-11
0.00526124818577649 1.39448895971869e-11
0.00533381712626996 1.39405966897931e-11
0.00540638606676343 1.39362449754488e-11
0.00547895500725689 1.39318344541535e-11
0.00555152394775036 1.70223351538874e-11
0.00562409288824383 2.16577464299958e-11
0.0056966618287373 2.31970834142749e-11
0.00576923076923077 2.78272085989342e-11
0.00584179970972424 3.24540994013119e-11
0.00591436865021771 3.24429848876479e-11
0.00598693759071118 4.32423108770217e-11
0.00605950653120465 5.09462551897618e-11
0.00613207547169811 6.01878049487914e-11
0.00620464441219158 7.09651959455904e-11
0.00627721335268505 8.17344650491016e-11
0.00634978229317852 9.24954750431072e-11
0.00642235123367199 1.07871137459656e-10
0.00649492017416546 1.20153907693816e-10
0.00656748911465893 1.38586198006557e-10
0.00664005805515239 1.60082212254189e-10
0.00671262699564586 1.87715410188982e-10
0.00678519593613933 2.13788009159807e-10
0.0068577648766328 2.45988644069926e-10
0.00693033381712627 2.81235916228731e-10
0.00700290275761974 3.24134193376522e-10
0.00707547169811321 3.7160242313031e-10
0.00714804063860668 4.2516920040471e-10
0.00722060957910015 4.84826155010422e-10
0.00729317851959361 5.5516557966057e-10
0.00736574746008708 6.36172851026738e-10
0.00743831640058055 7.29365351498358e-10
0.00751088534107402 8.31662675568862e-10
0.00758345428156749 9.52236961193242e-10
0.00765602322206096 1.08494123005999e-09
0.00772859216255443 1.24046415307983e-09
0.0078011611030479 1.4141860138983e-09
0.00787373004354136 1.6137201287832e-09
0.00794629898403483 1.83750050813333e-09
0.0080188679245283 2.09617707561317e-09
0.00809143686502177 2.39122289277353e-09
0.00816400580551524 2.72563244816618e-09
0.00823657474600871 3.10544241786552e-09
0.00830914368650218 3.53210522218298e-09
0.00838171262699565 4.02229931282769e-09
0.00845428156748912 4.57287915232807e-09
0.00852685050798258 5.20048315792804e-09
0.00859941944847605 5.91106915864989e-09
0.00867198838896952 6.71362044372756e-09
0.00874455732946299 7.62317599271714e-09
0.00881712626995646 8.65018564190094e-09
0.00888969521044993 9.8141795940025e-09
0.0089622641509434 1.11331264269263e-08
0.00903483309143686 1.26204043664938e-08
0.00910740203193033 1.43014793787754e-08
0.0091799709724238 1.62017570547069e-08
0.00925253991291727 1.83465814992877e-08
0.00932510885341074 2.07657721954815e-08
0.00939767779390421 2.34920984345861e-08
0.00947024673439768 2.65658024127752e-08
0.00954281567489115 3.00285359546722e-08
0.00961538461538462 3.3929391426349e-08
0.00968795355587809 3.83218614230926e-08
0.00976052249637155 4.32638234795893e-08
0.00983309143686502 4.88265642104007e-08
0.00990566037735849 5.50826909162893e-08
0.00997822931785196 6.21091336458097e-08
0.0100507982583454 7.00051756903917e-08
0.0101233671988389 7.887284271809e-08
0.0101959361393324 8.8822897696717e-08
0.0102685050798258 9.99913218456729e-08
0.0103410740203193 1.12519727449295e-07
0.0104136429608128 1.26561330472566e-07
0.0104862119013062 1.42294392141599e-07
0.0105587808417997 1.59922131615339e-07
0.0106313497822932 1.79654679155208e-07
0.0107039187227866 2.01740449137119e-07
0.0107764876632801 2.26455543080195e-07
0.0108490566037736 2.54084229506595e-07
0.0109216255442671 2.84972636036084e-07
0.0109941944847605 3.19488255816325e-07
0.011066763425254 3.58028801364868e-07
0.0111393323657475 4.0105634458495e-07
0.0112119013062409 4.49070282470485e-07
0.0112844702467344 5.02625036073845e-07
0.0113570391872279 5.6233429424963e-07
0.0114296081277213 6.28876720770171e-07
0.0115021770682148 7.03001632645046e-07
0.0115747460087083 7.85546517015943e-07
0.0116473149492017 8.7742037175179e-07
0.0117198838896952 9.7963155127272e-07
0.0117924528301887 1.09330364412959e-06
0.0118650217706821 1.21966168814777e-06
0.0119375907111756 1.36006278151643e-06
0.0120101596516691 1.51600439428707e-06
0.0120827285921626 1.68912967973769e-06
0.012155297532656 1.88126224881035e-06
0.0122278664731495 2.09438182265353e-06
0.012300435413643 2.33069128878881e-06
0.0123730043541364 2.59259514208215e-06
0.0124455732946299 2.88275152994303e-06
0.0125181422351234 3.20406232649739e-06
0.0125907111756168 3.55973076992102e-06
0.0126632801161103 3.95325865804847e-06
0.0127358490566038 4.3884933733344e-06
0.0128084179970972 4.86964829251955e-06
0.0128809869375907 5.40134795072097e-06
0.0129535558780842 5.98864663166217e-06
0.0130261248185777 6.63708482596094e-06
0.0130986937590711 7.35272785529277e-06
0.0131712626995646 8.14220718200749e-06
0.0132438316400581 9.01276146813778e-06
0.0133164005805515 9.97232544732308e-06
0.013388969521045 1.10295426193838e-05
0.0134615384615385 1.2193857796654e-05
0.0135341074020319 1.34755786069845e-05
0.0136066763425254 1.4885948224662e-05
0.0136792452830189 1.6437219100644e-05
0.0137518142235123 1.81427465168691e-05
0.0138243831640058 2.0017072874748e-05
0.0138969521044993 2.20760360371577e-05
0.0139695210449927 2.433686398213e-05
0.0140420899854862 2.68183020537588e-05
0.0141146589259797 2.95407163191858e-05
0.0141872278664732 3.25262495736802e-05
0.0142597968069666 3.57989446646449e-05
0.0143323657474601 3.93848986405209e-05
0.0144049346879536 4.33124417613142e-05
0.014477503628447 4.76122822915954e-05
0.0145500725689405 5.23177277839807e-05
0.014622641509434 5.7464856153642e-05
0.0146952104499274 6.30927399852915e-05
0.0147677793904209 6.92436779003303e-05
0.0148403483309144 7.59634400550214e-05
0.0149129172714078 8.33015262142645e-05
0.0149854862119013 9.13114305723203e-05
0.0150580551523948 0.000100050964570771
0.0151306240928882 0.000109582561784066
0.0152031930333817 0.00011997359767857
0.0152757619738752 0.000131296771018691
0.0153483309143687 0.000143630482531961
0.0154208998548621 0.000157059232079411
0.0154934687953556 0.000171674049740303
0.0155660377358491 0.000187572961931435
0.0156386066763425 0.00020486147244188
0.015711175616836 0.000223653082235012
0.0157837445573295 0.000244069826488636
0.0158563134978229 0.000266242865345041
0.0159288824383164 0.000290313085627954
0.0160014513788099 0.00031643175840111
0.0160740203193033 0.000344761220931208
0.0161465892597968 0.000375475598225787
0.0162191582002903 0.000408761570763494
0.0162917271407837 0.000444819183755102
0.0163642960812772 0.000483862690500938
0.0164368650217707 0.000526121461634281
0.0165094339622642 0.000571840916298206
0.0165820029027576 0.000621283534966748
0.0166545718432511 0.000674729877835603
0.0167271407837446 0.000732479701899752
0.016799709724238 0.000794853118741223
0.0168722786647315 0.0008621917869641
0.016944847605225 0.000934860204066526
0.0170174165457184 0.00101324702187894
0.0170899854862119 0.00109776643503315
0.0171625544267054 0.00118885966656709
0.0172351233671988 0.00128699645842313
0.0173076923076923 0.00139267669218417
0.0173802612481858 0.00150643203254365
0.0174528301886792 0.00162882768395977
0.0175253991291727 0.00176046417671774
0.0175979680696662 0.00190197926018561
0.0176705370101597 0.00205404987048436
0.0177431059506531 0.00221739416338315
0.0178156748911466 0.00239277363479752
0.0178882438316401 0.00258099532231137
0.0179608127721335 0.00278291408390724
0.018033381712627 0.0029994349583016
0.0181059506531205 0.00323151563301581
0.0181785195936139 0.00348016895754465
0.0182510885341074 0.00374646557146936
0.0183236574746009 0.00403153660664021
0.0183962264150943 0.00433657648261907
0.0184687953555878 0.00466284577235198
0.0185413642960813 0.00501167417477864
0.0186139332365747 0.00538446355501724
0.0186865021770682 0.00578269106845941
0.0187590711175617 0.00620791239571085
0.0188316400580552 0.0066617650019051
0.0189042089985486 0.00714597153781958
0.0189767779390421 0.00766234329083564
0.0190493468795356 0.00821278369796665
0.019121915820029 0.00879929196114925
0.0191944847605225 0.00942396670021688
0.019267053701016 0.010089009702506
0.0193396226415094 0.0107967297193456
0.0194121915820029 0.0115495463147864
0.0194847605224964 0.0123499937851597
0.0195573294629898 0.0132007251146731
0.0196298984034833 0.0141045159604349
0.0197024673439768 0.0150642687107567
0.0197750362844702 0.0160830165342981
0.0198476052249637 0.0171639274693477
0.0199201741654572 0.0183103085426034
0.0199927431059507 0.0195256098633729
0.0200653120464441 0.020813428737092
0.0201378809869376 0.022177513761425
0.0202104499274311 0.0236217689078903
0.0202830188679245 0.0251502575631436
0.020355587808418 0.0267672065291476
0.0204281567489115 0.0284770099945555
0.0205007256894049 0.0302842333915329
0.0205732946298984 0.0321936172371017
0.0206458635703919 0.0342100808290061
0.0207184325108853 0.0363387258783533
0.0207910014513788 0.0385848400030822
0.0208635703918723 0.0409539000993696
0.0209361393323657 0.0434515755754872
0.0210087082728592 0.0460837313952627
0.0210812772133527 0.0488564309732677
0.0211538461538462 0.0517759388756925
0.0212264150943396 0.0548487232968045
0.0212989840348331 0.0580814583161117
0.0213715529753266 0.0614810259206787
0.02144412191582 0.065054517754242
0.0215166908563135 0.0688092365975619
0.021589259796807 0.0727526975599895
0.0216618287373004 0.0768926289347569
0.0217343976777939 0.0812369727497602
0.0218069666182874 0.0857938849552803
0.0218795355587808 0.0905717352415658
0.0219521044992743 0.0955791064881299
0.0220246734397678 0.100824793782333
0.0220972423802612 0.106317803053025
0.0221698113207547 0.112067349235715
0.0222423802612482 0.118082853999279
0.0223149492017417 0.124373943005878
0.0223875181422351 0.130950442656207
0.0224600870827286 0.137822376364599
0.0225326560232221 0.144999960292598
0.0226052249637155 0.152493598558504
0.022677793904209 0.160313877906525
0.0227503628447025 0.168471561788086
0.0228229317851959 0.176977583910043
0.0228955007256894 0.185843041167866
0.0229680696661829 0.195079186000276
0.0230406386066763 0.204697418144382
0.0231132075471698 0.214709275755734
0.0231857764876633 0.225126425951432
0.0232583454281568 0.235960654691818
0.0233309143686502 0.247223856067692
0.0234034833091437 0.258928020919739
0.0234760522496372 0.271085224875418
0.0235486211901306 0.283707615726938
0.0236211901306241 0.296807400193376
0.0236937590711176 0.310396830032451
0.023766328011611 0.324488187590536
0.0238388969521045 0.339093770699746
0.023911465892598 0.354225876974876
0.0239840348330914 0.369896787560236
0.0240566037735849 0.386118750267995
0.0241291727140784 0.402903962149895
0.0242017416545718 0.420264551566962
0.0242743105950653 0.438212559707341
0.0243468795355588 0.456759921604515
0.0244194484760522 0.475918446686252
0.0244920174165457 0.495699798868915
0.0245645863570392 0.516115476237581
0.0246371552975327 0.537176790304948
0.0247097242380261 0.558894844941018
0.0247822931785196 0.581280514947688
0.0248548621190131 0.604344424351429
0.0249274310595065 0.628096924445016
0.025 0.65254807159901
0.0250725689404935 0.677707604907469
0.0251451378809869 0.703584923696639
0.0252177068214804 0.730189064954137
0.0252902757619739 0.757528680706435
0.0253628447024673 0.785612015400425
0.0254354136429608 0.814446883339333
0.0255079825834543 0.844040646245463
0.0255805515239478 0.874400190945649
0.0256531204644412 0.905531907287302
0.0257256894049347 0.937441666305242
0.0257982583454282 0.970134798705598
0.0258708272859216 1.00361607372296
0.0259433962264151 1.03788967840691
0.0260159651669086 1.07295919736658
0.026088534107402 1.1088275930895
0.0261611030478955 1.14549718680529
0.026233671988389 1.18296964003715
0.0263062409288824 1.22124593682968
0.0263788098693759 1.2603263667324
0.0264513788098694 1.30021050862336
0.0265239477503628 1.34089721535251
0.0265965166908563 1.38238459932458
0.0266690856313498 1.42467001906076
0.0267416545718432 1.46775006672086
0.0268142235123367 1.51162055677143
0.0268867924528302 1.55627651566386
0.0269593613933237 1.60171217275518
0.0270319303338171 1.64792095235962
0.0271044992743106 1.69489546706906
0.0271770682148041 1.74262751233312
0.0272496371552975 1.79110806233761
0.027322206095791 1.84032726721726
0.0273947750362845 1.89027445166514
0.0274673439767779 1.94093811490939
0.0275399129172714 1.99230593208976
0.0276124818577649 2.0443647571194
0.0276850507982583 2.09710062694524
0.0277576197387518 2.15049876730519
0.0278301886792453 2.20454359994224
0.0279027576197388 2.25921875132256
0.0279753265602322 2.31450706279248
0.0280478955007257 2.37039060226036
0.0281204644412192 2.42685067731535
0.0281930333817126 2.48386784984811
0.0282656023222061 2.54142195206861
0.0283381712626996 2.59949210402387
0.028410740203193 2.65805673247074
0.0284833091436865 2.71709359117473
0.02855587808418 2.77657978255614
0.0286284470246734 2.83649178065116
0.0287010159651669 2.89680545538718
0.0287735849056604 2.95749609808334
0.0288461538461538 3.01853844819336
0.0289187227866473 3.07990672117314
0.0289912917271408 3.14157463748423
0.0290638606676343 3.20351545264773
0.0291364296081277 3.26570198829282
0.0292089985486212 3.32810666416665
0.0292815674891147 3.39070153101317
0.0293541364296081 3.45345830426236
0.0294267053701016 3.51634839847641
0.0294992743105951 3.57934296247762
0.0295718432510885 3.64241291508677
0.029644412191582 3.70552898138322
0.0297169811320755 3.76866172943402
0.0297895500725689 3.83178160741592
0.0298621190130624 3.89485898104179
0.0299346879535559 3.95786417118956
0.0300072568940494 4.0207674917194
0.0300798258345428 4.0835392873378
0.0301523947750363 4.14614997145771
0.0302249637155298 4.2085700639679
0.0302975326560232 4.27077022882213
0.0303701015965167 4.33272131141008
0.0304426705370102 4.39439437556254
0.0305152394775036 4.45576074017477
0.0305878084179971 4.5167920153349
0.0306603773584906 4.57746013791175
0.030732946298984 4.63773740648982
0.0308055152394775 4.69759651561748
0.030878084179971 4.75701058927687
0.0309506531204644 4.81595321350049
0.0310232220609579 4.87439846810402
0.0310957910014514 4.93232095743816
0.0311683599419448 4.989695840102
0.0312409288824383 5.04649885758382
0.0313134978229318 5.10270636175295
0.0313860667634253 5.15829534117324
0.0314586357039187 5.21324344614835
0.0315312046444122 5.2675290125157
0.0316037735849057 5.32113108409352
0.0316763425253991 5.37402943377734
0.0317489114658926 5.42620458323832
0.0318214804063861 5.47763782120129
0.0318940493468795 5.52831122026066
0.031966618287373 5.57820765223964
0.0320391872278665 5.62731080205403
0.0321117561683599 5.67560518007007
0.0321843251088534 5.723076132953
0.0322568940493469 5.76970985298975
0.0323294629898404 5.81549338589807
0.0324020319303338 5.86041463710333
0.0324746008708273 5.90446237652027
0.0325471698113208 5.94762624180325
0.0326197387518142 5.98989674012894
0.0326923076923077 6.03126524848072
0.0327648766328012 6.07172401249491
0.0328374455732946 6.11126614385773
0.0329100145137881 6.14988561630904
0.0329825834542816 6.1875772602519
0.033055152394775 6.22433675604028
0.0331277213352685 6.26016062593823
0.033200290275762 6.29504622480938
0.0332728592162554 6.32899172959264
0.0333454281567489 6.36199612756397
0.0334179970972424 6.39405920348316
0.0334905660377358 6.42518152562821
0.0335631349782293 6.455364430788
0.0336357039187228 6.48461000826878
0.0337082728592163 6.51292108293581
0.0337808417997097 6.5403011973949
0.0338534107402032 6.56675459332405
0.0339259796806967 6.59228619203012
0.0339985486211901 6.61690157428023
0.0340711175616836 6.64060695948101
0.0341436865021771 6.66340918423059
0.0342162554426705 6.68531568035222
0.034288824383164 6.70633445240522
0.0343613933236575 6.72647405478709
0.0344339622641509 6.74574356844775
0.0345065312046444 6.76415257729217
0.0345791001451379 6.78171114432013
0.0346516690856313 6.79842978755295
0.0347242380261248 6.81431945582328
0.0347968069666183 6.82939150445618
0.0348693759071118 6.8436576709138
0.0349419448476052 6.85713005043852
0.0350145137880987 6.86982107177269
0.0350870827285922 6.88174347296105
0.0351596516690856 6.89291027731847
0.0352322206095791 6.90333476960221
0.0353047895500726 6.913030472414
0.035377358490566 6.92201112289571
0.0354499274310595 6.93029064973989
0.035522496371553 6.93788315057411
0.0355950653120464 6.94480286973032
0.0356676342525399 6.95106417645979
0.0357402031930334 6.95668154359029
0.0358127721335268 6.96166952669966
0.0358853410740203 6.96604274378906
0.0359579100145138 6.96981585552163
0.0360304789550073 6.9730035460001
0.0361030478955007 6.97562050416829
0.0361756168359942 6.97768140579194
0.0362481857764877 6.97920089608067
0.0363207547169811 6.9801935729391
0.0363933236574746 6.98067397088015
0.0364658925979681 6.98065654558877
0.0365384615384615 6.9801556591594
0.036611030478955 6.97918556601785
0.0366835994194485 6.9777603995108
0.0367561683599419 6.97589415918916
0.0368287373004354 6.97360069877854
0.0369013062409289 6.97089371481453
0.0369738751814224 6.96778673599431
0.0370464441219158 6.96429311316687
0.0371190130624093 6.96042601002108
0.0371915820029028 6.95619839442883
0.0372641509433962 6.95162303045099
0.0373367198838897 6.9467124709797
0.0374092888243832 6.94147905103105
0.0374818577648766 6.93593488164539
0.0375544267053701 6.93009184441586
0.0376269956458636 6.92396158659768
0.037699564586357 6.91755551681362
0.0377721335268505 6.91088480131906
0.037844702467344 6.9039603608129
0.0379172714078374 6.89679286779519
0.0379898403483309 6.88939274442198
0.0380624092888244 6.88177016087423
0.0381349782293179 6.873935034197
0.0382075471698113 6.8658970275957
0.0382801161103048 6.85766555018797
0.0383526850507983 6.84924975715259
0.0384252539912917 6.84065855030228
0.0384978229317852 6.83190057902823
0.0385703918722787 6.82298424160643
0.0386429608127721 6.81391768685911
0.0387155297532656 6.80470881611103
0.0387880986937591 6.79536528549091
0.0388606676342525 6.78589450847598
0.038933236574746 6.77630365873674
0.0390058055152395 6.76659967320045
0.039078374455733 6.75678925536378
0.0391509433962264 6.74687887881162
0.0392235123367199 6.73687479091851
0.0392960812772134 6.72678301673476
0.0393686502177068 6.71660936303566
0.0394412191582003 6.7063594225019
0.0395137880986938 6.69603857804004
0.0395863570391872 6.6856520071945
0.0396589259796807 6.67520468668762
0.0397314949201742 6.66470139700677
0.0398040638606676 6.65414672708688
0.0398766328011611 6.64354507903812
0.0399492017416546 6.63290067291935
0.040021770682148 6.62221755153705
0.0400943396226415 6.61149958527244
0.040166908563135 6.60075047691767
0.0402394775036284 6.58997376649747
0.0403120464441219 6.57917283609882
0.0403846153846154 6.56835091467176
0.0404571843251089 6.55751108279339
0.0405297532656023 6.54665627741612
0.0406023222060958 6.53578929655213
0.0406748911465893 6.524912803916
0.0407474600870827 6.51402933351235
0.0408200290275762 6.50314129415648
0.0408925979680697 6.49225097392885
0.0409651669085631 6.48136054455714
0.0410377358490566 6.47047206571681
0.0411103047895501 6.45958748925452
0.0411828737300435 6.44870866332669
0.041255442670537 6.43783733644713
0.0413280116110305 6.42697516144918
0.041400580551524 6.41612369934325
0.0414731494920174 6.40528442309527
0.0415457184325109 6.39445872129692
0.0416182873730044 6.38364790174445
0.0416908563134978 6.37285319491425
0.0417634252539913 6.36207575734272
0.0418359941944848 6.35131667490533
0.0419085631349782 6.34057696599248
0.0419811320754717 6.32985758459384
0.0420537010159652 6.31915942327136
0.0421262699564586 6.30848331605283
0.0421988388969521 6.29783004119965
0.0422714078374456 6.28720032390557
0.042343976777939 6.27659483888521
0.0424165457184325 6.26601421286498
0.042489114658926 6.25545902699429
0.0425616835994194 6.24492981915422
0.0426342525399129 6.23442708617835
0.0427068214804064 6.22395128598886
0.0427793904208999 6.21350283964644
0.0428519593613933 6.20308213331162
0.0429245283018868 6.19268952012705
0.0429970972423803 6.18232532202034
0.0430696661828737 6.17198983142756
0.0431422351233672 6.16168331293959
0.0432148040638607 6.15140600487965
0.0432873730043541 6.14115812080155
0.0433599419448476 6.1309398509275
0.0434325108853411 6.12075136351044
0.0435050798258345 6.11059280613757
0.043577648766328 6.1004643069706
0.0436502177068215 6.09036597591869
0.043722786647315 6.0802979057643
0.0437953555878084 6.07026017322263
0.0438679245283019 6.06025283995521
0.0439404934687954 6.05027595352333
0.0440130624092888 6.04032954829761
0.0440856313497823 6.03041364631703
0.0441582002902758 6.02052825810629
0.0442307692307692 6.0106733834417
0.0443033381712627 6.00084901208055
0.0443759071117562 5.99105512444865
0.0444484760522496 5.98129169228797
0.0445210449927431 5.97155867927289
0.0445936139332366 5.96185604158386
0.04466618287373 5.95218372845179
0.0447387518142235 5.94254168267183
0.044811320754717 5.93292984108411
0.0448838896952105 5.92334813502684
0.0449564586357039 5.9137964907622
0.0450290275761974 5.90427482987654
0.0451015965166909 5.89478306965553
0.0451741654571843 5.88532112343598
0.0452467343976778 5.87588890093386
0.0453193033381713 5.86648630855578
0.0453918722786647 5.85711324968772
0.0454644412191582 5.84776962496313
0.0455370101596517 5.83845533251684
0.0456095791001451 5.82917026822178
0.0456821480406386 5.81991432590843
0.0457547169811321 5.81068739757005
0.0458272859216255 5.80148937355357
0.045899854862119 5.79232014274026
0.0459724238026125 5.78317959270778
0.046044992743106 5.77406760988772
0.0461175616835994 5.76498407970757
0.0461901306240929 5.75592888672359
0.0462626995645864 5.74690191474507
0.0463352685050798 5.73790304694948
0.0464078374455733 5.72893216598408
0.0464804063860668 5.71998915407143
0.0465529753265602 5.71107389309264
0.0466255442670537 5.70218626467643
0.0466981132075472 5.69332615027465
0.0467706821480406 5.68449343123186
0.0468432510885341 5.67568798885388
0.0469158200290276 5.66690970446697
0.046988388969521 5.65815845947331
0.0470609579100145 5.64943413540101
0.047133526850508 5.64073661395348
0.0472060957910015 5.63206577704949
0.0472786647314949 5.62342150686429
0.0473512336719884 5.61480368586379
0.0474238026124819 5.60621219683826
0.0474963715529753 5.59764692293064
0.0475689404934688 5.58910774766615
0.0476415094339623 5.58059455497358
0.0477140783744557 5.57210722920913
0.0477866473149492 5.56364565517641
0.0478592162554427 5.55520971814317
0.0479317851959361 5.54679930385841
0.0480043541364296 5.5384142985666
0.0480769230769231 5.53005458902092
0.0481494920174165 5.52172006249334
0.04822206095791 5.5134106067866
0.0482946298984035 5.50512611024107
0.048367198838897 5.49686646174402
0.0484397677793904 5.48863155073539
0.0485123367198839 5.48042126721426
0.0485849056603774 5.47223550174267
0.0486574746008708 5.46407414545077
0.0487300435413643 5.45593709003972
0.0488026124818578 5.44782422778447
0.0488751814223512 5.43973545153541
0.0489477503628447 5.4316706547205
0.0490203193033382 5.4236297313457
0.0490928882438316 5.4156125759959
0.0491654571843251 5.40761908383498
0.0492380261248186 5.39964915060508
0.049310595065312 5.39170267262682
0.0493831640058055 5.38377954679767
0.049455732946299 5.37587967059107
0.0495283018867925 5.36800294205466
0.0496008708272859 5.3601492598089
0.0496734397677794 5.35231852304503
0.0497460087082729 5.34451063152291
0.0498185776487663 5.33672548556877
0.0498911465892598 5.32896298607281
0.0499637155297533 5.32122303448661
