0 975.721009760599
7.14285714285714e-05 975.721009760599
0.000142857142857143 975.721009760599
0.000214285714285714 975.721009760599
0.000285714285714286 975.721009760599
0.000357142857142857 975.721009760599
0.000428571428571429 975.721009760599
0.0005 975.721009760599
0.000571428571428571 975.721009760599
0.000642857142857143 975.721009760599
0.000714285714285714 975.721009760599
0.000785714285714286 975.721009760598
0.000857142857142857 975.721009760598
0.000928571428571429 975.721009760598
0.001 975.721009760598
0.00107142857142857 975.721009760597
0.00114285714285714 975.721009760597
0.00121428571428571 975.721009760597
0.00128571428571429 975.721009760597
0.00135714285714286 975.721009760597
0.00142857142857143 975.721009760597
0.0015 975.721009760596
0.00157142857142857 975.721009760596
0.00164285714285714 975.721009760595
0.00171428571428571 975.721009760595
0.00178571428571429 975.721009760594
0.00185714285714286 975.721009760593
0.00192857142857143 975.721009760592
0.002 975.721009760591
0.00207142857142857 975.72100976059
0.00214285714285714 975.721009760589
0.00221428571428571 975.721009760588
0.00228571428571429 975.721009760587
0.00235714285714286 975.721009760586
0.00242857142857143 975.721009760586
0.0025 975.721009760585
0.00257142857142857 975.721009760584
0.00264285714285714 975.721009760583
0.00271428571428571 975.721009760582
0.00278571428571429 975.721009760582
0.00285714285714286 975.721009760581
0.00292857142857143 975.721009760581
0.003 975.72100976058
0.00307142857142857 975.72100976058
0.00314285714285714 975.721009760579
0.00321428571428571 975.721009760579
0.00328571428571429 975.721009760578
0.00335714285714286 975.721009760577
0.00342857142857143 975.721009760577
0.0035 975.721009760576
0.00357142857142857 975.721009760575
0.00364285714285714 975.721009760574
0.00371428571428571 975.721009760574
0.00378571428571429 975.721009760573
0.00385714285714286 975.721009760572
0.00392857142857143 975.721009760571
0.004 975.721009760571
0.00407142857142857 975.72100976057
0.00414285714285714 975.72100976057
0.00421428571428571 975.721009760569
0.00428571428571429 975.721009760568
0.00435714285714286 975.721009760568
0.00442857142857143 975.721009760567
0.0045 975.721009760566
0.00457142857142857 975.721009760565
0.00464285714285714 975.721009760563
0.00471428571428572 975.721009760562
0.00478571428571429 975.72100976056
0.00485714285714286 975.721009760559
0.00492857142857143 975.721009760557
0.005 975.721009760556
0.00507142857142857 975.721009760555
0.00514285714285714 975.721009760553
0.00521428571428571 975.721009760553
0.00528571428571429 975.721009760552
0.00535714285714286 975.721009760551
0.00542857142857143 975.721009760549
0.0055 975.721009760548
0.00557142857142857 975.721009760547
0.00564285714285714 975.721009760545
0.00571428571428571 975.721009760543
0.00578571428571429 975.721009760541
0.00585714285714286 975.721009760539
0.00592857142857143 975.721009760536
0.006 975.721009760533
0.00607142857142857 975.721009760529
0.00614285714285714 975.721009760525
0.00621428571428571 975.72100976052
0.00628571428571429 975.721009760514
0.00635714285714286 975.721009760508
0.00642857142857143 975.7210097605
0.0065 975.721009760491
0.00657142857142857 975.721009760482
0.00664285714285714 975.721009760471
0.00671428571428571 975.721009760458
0.00678571428571429 975.721009760443
0.00685714285714286 975.721009760427
0.00692857142857143 975.721009760408
0.007 975.721009760386
0.00707142857142857 975.72100976036
0.00714285714285714 975.721009760332
0.00721428571428571 975.721009760299
0.00728571428571429 975.721009760261
0.00735714285714286 975.721009760218
0.00742857142857143 975.721009760169
0.0075 975.721009760113
0.00757142857142857 975.72100976005
0.00764285714285714 975.721009759977
0.00771428571428571 975.721009759895
0.00778571428571429 975.7210097598
0.00785714285714286 975.721009759693
0.00792857142857143 975.72100975957
0.008 975.721009759431
0.00807142857142857 975.721009759272
0.00814285714285714 975.721009759092
0.00821428571428571 975.721009758887
0.00828571428571429 975.721009758654
0.00835714285714286 975.721009758389
0.00842857142857143 975.721009758087
0.0085 975.721009757745
0.00857142857142857 975.721009757357
0.00864285714285714 975.721009756916
0.00871428571428571 975.721009756417
0.00878571428571429 975.72100975585
0.00885714285714286 975.721009755207
0.00892857142857143 975.72100975448
0.009 975.721009753655
0.00907142857142857 975.721009752722
0.00914285714285714 975.721009751666
0.00921428571428571 975.721009750471
0.00928571428571429 975.721009749121
0.00935714285714286 975.721009747594
0.00942857142857143 975.72100974587
0.0095 975.721009743922
0.00957142857142857 975.721009741723
0.00964285714285714 975.721009739242
0.00971428571428572 975.721009736444
0.00978571428571429 975.721009733288
0.00985714285714286 975.721009729731
0.00992857142857143 975.721009725725
0.01 975.721009721212
0.0100714285714286 975.721009716133
0.0101428571428571 975.721009710416
0.0102142857142857 975.721009703986
0.0102857142857143 975.721009696755
0.0103571428571429 975.721009688628
0.0104285714285714 975.721009679497
0.0105 975.721009669242
0.0105714285714286 975.721009657729
0.0106428571428571 975.721009644809
0.0107142857142857 975.721009630316
0.0107857142857143 975.721009614064
0.0108571428571429 975.721009595848
0.0109285714285714 975.721009575438
0.011 975.721009552579
0.0110714285714286 975.721009526987
0.0111428571428571 975.721009498347
0.0112142857142857 975.721009466308
0.0112857142857143 975.721009430481
0.0113571428571429 975.721009390434
0.0114285714285714 975.721009345687
0.0115 975.721009295709
0.0115714285714286 975.72100923991
0.0116428571428571 975.721009177637
0.0117142857142857 975.721009108165
0.0117857142857143 975.721009030694
0.0118571428571429 975.721008944336
0.0119285714285714 975.721008848108
0.012 975.721008740927
0.0120714285714286 975.721008621591
0.0121428571428571 975.721008488774
0.0122142857142857 975.721008341013
0.0122857142857143 975.721008176689
0.0123571428571429 975.721007994019
0.0124285714285714 975.721007791033
0.0125 975.721007565561
0.0125714285714286 975.72100731521
0.0126428571428571 975.721007037344
0.0127142857142857 975.72100672906
0.0127857142857143 975.721006387162
0.0128571428571429 975.721006008133
0.0129285714285714 975.721005588106
0.013 975.721005122828
0.0130714285714286 975.721004607625
0.0131428571428571 975.721004037365
0.0132142857142857 975.721003406411
0.0132857142857143 975.721002708575
0.0133571428571429 975.72100193707
0.0134285714285714 975.721001084451
0.0135 975.721000142559
0.0135714285714286 975.720999102454
0.0136428571428571 975.720997954341
0.0137142857142857 975.720996687501
0.0137857142857143 975.7209952902
0.0138571428571429 975.720993749604
0.0139285714285714 975.720992051681
0.014 975.720990181093
0.0140714285714286 975.720988121085
0.0141428571428571 975.720985853357
0.0142142857142857 975.720983357937
0.0142857142857143 975.720980613032
0.0143571428571429 975.720977594872
0.0144285714285714 975.720974277545
0.0145 975.720970632815
0.0145714285714286 975.720966629925
0.0146428571428571 975.720962235384
0.0147142857142857 975.720957412747
0.0147857142857143 975.720952122364
0.0148571428571429 975.72094632112
0.0149285714285714 975.720939962149
0.015 975.720932994535
0.0150714285714286 975.720925362979
0.0151428571428571 975.720917007451
0.0152142857142857 975.720907862812
0.0152857142857143 975.720897858411
0.0153571428571429 975.720886917647
0.0154285714285714 975.720874957507
0.0155 975.720861888067
0.0155714285714286 975.720847611956
0.0156428571428571 975.720832023787
0.0157142857142857 975.720815009544
0.0157857142857143 975.720796445927
0.0158571428571429 975.720776199658
0.0159285714285714 975.720754126727
0.016 975.720730071603
0.0160714285714286 975.720703866375
0.0161428571428571 975.720675329853
0.0162142857142857 975.720644266596
0.0162857142857143 975.720610465882
0.0163571428571429 975.720573700611
0.0164285714285714 975.720533726138
0.0165 975.720490279029
0.0165714285714286 975.720443075738
0.0166428571428571 975.720391811209
0.0167142857142857 975.720336157377
0.0167857142857143 975.720275761588
0.0168571428571429 975.720210244919
0.0169285714285714 975.720139200397
0.017 975.720062191108
0.0170714285714286 975.719978748198
0.0171428571428571 975.719888368754
0.0172142857142857 975.719790513563
0.0172857142857143 975.719684604741
0.0173571428571429 975.719570023226
0.0174285714285714 975.719446106131
0.0175 975.719312143949
0.0175714285714286 975.719167377599
0.0176428571428571 975.719010995318
0.0177142857142857 975.71884212938
0.0177857142857143 975.718659852634
0.0178571428571429 975.718463174872
0.0179285714285714 975.718251038994
0.018 975.718022316981
0.0180714285714286 975.717775805658
0.0181428571428571 975.717510222247
0.0182142857142857 975.717224199696
0.0182857142857143 975.716916281774
0.0183571428571429 975.71658491793
0.0184285714285714 975.716228457908
0.0185 975.715845146096
0.0185714285714286 975.715433115623
0.0186428571428571 975.714990382167
0.0187142857142857 975.714514837499
0.0187857142857143 975.71400424272
0.0188571428571429 975.713456221206
0.0189285714285714 975.712868251244
0.019 975.712237658349
0.0190714285714286 975.711561607255
0.0191428571428571 975.710837093573
0.0192142857142857 975.710060935106
0.0192857142857143 975.70922976281
0.0193571428571429 975.708340011397
0.0194285714285714 975.707387909576
0.0195 975.706369469907
0.0195714285714286 975.705280478284
0.0196428571428571 975.704116483026
0.0197142857142857 975.702872783563
0.0197857142857143 975.701544418735
0.0198571428571429 975.700126154665
0.0199285714285714 975.698612472237
0.02 975.696997554135
0.0200714285714286 975.695275271475
0.0201428571428571 975.693439170002
0.0202142857142857 975.691482455856
0.0202857142857143 975.689397980913
0.0203571428571429 975.687178227678
0.0204285714285714 975.68481529376
0.0205 975.682300875895
0.0205714285714286 975.679626253544
0.0206428571428571 975.676782272057
0.0207142857142857 975.673759325402
0.0207857142857143 975.670547338472
0.0208571428571429 975.66713574897
0.0209285714285714 975.663513488875
0.021 975.659668965498
0.0210714285714286 975.655590042147
0.0211428571428571 975.651264018386
0.0212142857142857 975.646677609928
0.0212857142857143 975.641816928152
0.0213571428571429 975.636667459268
0.0214285714285714 975.631214043138
0.0215 975.625440851789
0.0215714285714286 975.619331367599
0.0216428571428571 975.612868361221
0.0217142857142857 975.606033869224
0.0217857142857143 975.598809171506
0.0218571428571429 975.591174768486
0.0219285714285714 975.583110358102
0.022 975.57459481265
0.0220714285714286 975.565606155492
0.0221428571428571 975.556121537656
0.0222142857142857 975.54611721437
0.0222857142857143 975.535568521561
0.0223571428571429 975.524449852356
0.0224285714285714 975.512734633616
0.0225 975.500395302563
0.0225714285714286 975.487403283511
0.0226428571428571 975.473728964769
0.0227142857142857 975.459341675754
0.0227857142857143 975.444209664347
0.0228571428571429 975.428300074562
0.0229285714285714 975.411578924559
0.023 975.394011085056
0.0230714285714286 975.375560258202
0.0231428571428571 975.356188956942
0.0232142857142857 975.335858484957
0.0232857142857143 975.314528917209
0.0233571428571429 975.29215908116
0.0234285714285714 975.268706538725
0.0235 975.244127569006
0.0235714285714286 975.218377151875
0.0236428571428571 975.191408952469
0.0237142857142857 975.163175306638
0.0237857142857143 975.133627207435
0.0238571428571429 975.102714292682
0.0239285714285714 975.070384833688
0.024 975.036585725181
0.0240714285714286 975.0012624765
0.0241428571428571 974.964359204125
0.0242142857142857 974.925818625595
0.0242857142857143 974.885582054868
0.0243571428571429 974.843589399196
0.0244285714285714 974.799779157562
0.0245 974.754088420733
0.0245714285714286 974.706452872989
0.0246428571428571 974.656806795582
0.0247142857142857 974.605083071974
0.0247857142857143 974.551213194895
0.0248571428571429 974.495127275287
0.0249285714285714 974.436754053159
0.025 974.376020910417
0.0250714285714286 974.312853885677
0.0251428571428571 974.247177691142
0.0252142857142857 974.178915731528
0.0252857142857143 974.107990125119
0.0253571428571429 974.034321726927
0.0254285714285714 973.957830154036
0.0255 973.878433813098
0.0255714285714286 973.796049930036
0.0256428571428571 973.710594581947
0.0257142857142857 973.621982731218
0.0257857142857143 973.53012826186
0.0258571428571429 973.434944018056
0.0259285714285714 973.336341844926
0.026 973.234232631492
0.0260714285714286 973.128526355825
0.0261428571428571 973.019132132372
0.0262142857142857 972.905958261416
0.0262857142857143 972.788912280664
0.0263571428571429 972.667901018906
0.0264285714285714 972.542830651727
0.0265 972.413606759207
0.0265714285714286 972.280134385584
0.0266428571428571 972.142318100803
0.0267142857142857 972.000062063903
0.0267857142857143 971.853270088184
0.0268571428571429 971.70184570807
0.0269285714285714 971.545692247598
0.027 971.38471289047
0.0270714285714286 971.218810751562
0.0271428571428571 971.047888949809
0.0272142857142857 970.871850682386
0.0272857142857143 970.690599300069
0.0273571428571429 970.504038383681
0.0274285714285714 970.312071821531
0.0275 970.114603887712
0.0275714285714286 969.911539321164
0.0276428571428571 969.702783405383
0.0277142857142857 969.488242048641
0.0277857142857143 969.267821864624
0.0278571428571429 969.041430253324
0.0279285714285714 968.808975482095
0.028 968.570366766714
0.0280714285714286 968.325514352331
0.0281428571428571 968.074329594169
0.0282142857142857 967.816725037835
0.0282857142857143 967.552614499117
0.0283571428571429 967.281913143114
0.0284285714285714 967.004537562576
0.0285 966.720405855309
0.0285714285714286 966.429437700507
0.0286428571428571 966.131554433884
0.0287142857142857 965.826679121451
0.0287857142857143 965.514736631822
0.0288571428571429 965.195653706913
0.0289285714285714 964.86935903089
0.029 964.535783297249
0.0290714285714286 964.194859273901
0.0291428571428571 963.846521866136
0.0292142857142857 963.490708177339
0.0292857142857143 963.127357567357
0.0293571428571429 962.75641170839
0.0294285714285714 962.377814638299
0.0295 961.991512811242
0.0295714285714286 961.59745514551
0.0296428571428571 961.195593068496
0.0297142857142857 960.785880558691
0.0297857142857143 960.368274184627
0.0298571428571429 959.942733140692
0.0299285714285714 959.509219279738
0.03 959.067697142421
0.0300714285714286 958.618133983211
0.0301428571428571 958.160499793015
0.0302142857142857 957.694767318368
0.0302857142857143 957.220912077158
0.0303571428571429 956.738912370837
0.0304285714285714 956.248749293101
0.0305 955.750406735019
0.0305714285714286 955.243871386593
0.0306428571428571 954.729132734743
0.0307142857142857 954.206183057729
0.0307857142857143 953.675017415999
0.0308571428571429 953.135633639493
0.0309285714285714 952.588032311424
0.031 952.03221674855
0.0310714285714286 951.468192977997
0.0311428571428571 950.895969710649
0.0312142857142857 950.315558311178
0.0312857142857143 949.726972764747
0.0313571428571429 949.130229640469
0.0314285714285714 948.52534805167
0.0315 947.912349613041
0.0315714285714286 947.291258394759
0.0316428571428571 946.662100873656
0.0317142857142857 946.024905881522
0.0317857142857143 945.379704550655
0.0318571428571429 944.726530256737
0.0319285714285714 944.065418559144
0.032 943.396407138817
0.0320714285714286 942.719535733779
0.0321428571428571 942.034846072427
0.0322142857142857 941.342381804726
0.0322857142857143 940.642188431408
0.0323571428571429 939.934313231313
0.0324285714285714 939.218805186998
0.0325 938.49571490874
0.0325714285714286 937.765094557057
0.0326428571428571 937.026997763898
0.0327142857142857 936.281479552608
0.0327857142857143 935.528596256823
0.0328571428571429 934.768405438419
0.0329285714285714 934.000965804651
0.033 933.226337124608
0.0330714285714286 932.444580145131
0.0331428571428571 931.655756506309
0.0332142857142857 930.859928656699
0.0332857142857143 930.057159768382
0.0333571428571429 929.247513651998
0.0334285714285714 928.431054671875
0.0335 927.607847661374
0.0335714285714286 926.777957838576
0.0336428571428571 925.941450722419
0.0337142857142857 925.098392049408
0.0337857142857143 924.248847691004
0.0338571428571429 923.392883571791
0.0339285714285714 922.530565588537
0.034 921.661959530241
0.0340714285714286 920.787130999261
0.0341428571428571 919.906145333609
0.0342142857142857 919.019067530512
0.0342857142857143 918.125962171307
0.0343571428571429 917.226893347749
0.0344285714285714 916.321924589816
0.0345 915.411118795059
0.0345714285714286 914.494538159575
0.0346428571428571 913.572244110653
0.0347142857142857 912.644297241148
0.0347857142857143 911.710757245626
0.0348571428571429 910.771682858326
0.0349285714285714 909.827131792977
0.035 908.877160684498
0.0350714285714286 907.921825032611
0.0351428571428571 906.96117914739
0.0352142857142857 905.99527609676
0.0352857142857143 905.024167655958
0.0353571428571429 904.047904258968
0.0354285714285714 903.066534951933
0.0355 902.080107348535
0.0355714285714286 901.088667587341
0.0356428571428571 900.092260291111
0.0357142857142857 899.090928528044
0.0357857142857143 898.08471377494
0.0358571428571429 897.073655882273
0.0359285714285714 896.057793041127
0.036 895.037161751979
0.0360714285714286 894.011796795286
0.0361428571428571 892.981731203843
0.0362142857142857 891.946996236876
0.0362857142857143 890.907621355811
0.0363571428571429 889.863634201687
0.0364285714285714 888.815060574161
0.0365 887.761924412044
0.0365714285714286 886.704247775321
0.0366428571428571 885.642050828597
0.0367142857142857 884.575351825913
0.0367857142857143 883.504167096856
0.0368571428571429 882.428511033924
0.0369285714285714 881.348396081062
0.037 880.263832723307
0.0370714285714286 879.174829477489
0.0371428571428571 878.081392883893
0.0372142857142857 876.983527498836
0.0372857142857143 875.881235888082
0.0373571428571429 874.774518621012
0.0374285714285714 873.663374265493
0.0375 872.547799383367
0.0375714285714286 871.427788526484
0.0376428571428571 870.303334233206
0.0377142857142857 869.174427025315
0.0377857142857143 868.041055405248
0.0378571428571429 866.903205853573
0.0379285714285714 865.760862826657
0.038 864.614008754429
0.0380714285714286 863.462624038176
0.0381428571428571 862.306687048294
0.0382142857142857 861.146174121924
0.0382857142857143 859.981059560399
0.0383571428571429 858.811315626427
0.0384285714285714 857.636912540942
0.0385 856.457818479539
0.0385714285714286 855.273999568444
0.0386428571428571 854.085419879921
0.0387142857142857 852.892041427067
0.0387857142857143 851.693824157904
0.0388571428571429 850.490725948714
0.0389285714285714 849.282702596542
0.039 848.069707810788
0.0390714285714286 846.851693203826
0.0391428571428571 845.628608280577
0.0392142857142857 844.400400426972
0.0392857142857143 843.167014897216
0.0393571428571429 841.928394799805
0.0394285714285714 840.684481082212
0.0395 839.435212514166
0.0395714285714286 838.180525669465
0.0396428571428571 836.920354906237
0.0397142857142857 835.654632345587
0.0397857142857143 834.383287848539
0.0398571428571429 833.106248991213
0.0399285714285714 831.823441038153
0.04 830.534786913717
0.0400714285714286 829.240207171465
0.0401428571428571 827.939619961451
0.0402142857142857 826.63294099533
0.0402857142857143 825.320083509208
0.0403571428571429 824.000958224124
0.0404285714285714 822.675473304088
0.0405 821.343534311563
0.0405714285714286 820.005044160303
0.0406428571428571 818.659903065438
0.0407142857142857 817.308008490687
0.0407857142857143 815.949255092607
0.0408571428571429 814.583534661738
0.0409285714285714 813.210736060533
0.041 811.83074515794
0.0410714285714286 810.443444760494
0.0411428571428571 809.048714539793
0.0412142857142857 807.646430956183
0.0412857142857143 806.236467178518
0.0413571428571429 804.818692999813
0.0414285714285714 803.392974748617
0.0415 801.959175195935
0.0415714285714286 800.517153457475
0.0416428571428571 799.066764891046
0.0417142857142857 797.607860988862
0.0417857142857143 796.140289264534
0.0418571428571429 794.663893134498
0.0419285714285714 793.178511793634
0.042 791.683980084766
0.0420714285714286 790.180128361796
0.0421428571428571 788.666782346116
0.0422142857142857 787.143762976
0.0422857142857143 785.610886248609
0.0423571428571429 784.067963054232
0.0424285714285714 782.514799002375
0.0425 780.951194239263
0.0425714285714286 779.376943256315
0.0426428571428571 777.791834689084
0.0427142857142857 776.195651106186
0.0427857142857143 774.588168787621
0.0428571428571429 772.969157491946
0.0429285714285714 771.338380211625
0.043 769.695592915927
0.0430714285714286 768.040544280621
0.0431428571428571 766.372975403707
0.0432142857142857 764.692619506375
0.0432857142857143 762.999201618274
0.0433571428571429 761.292438246174
0.0434285714285714 759.572037024978
0.0435 757.837696350002
0.0435714285714286 756.08910498935
0.0436428571428571 754.325941675091
0.0437142857142857 752.547874671916
0.0437857142857143 750.754561321765
0.0438571428571429 748.945647562872
0.0439285714285714 747.120767421494
0.044 745.279542474502
0.0440714285714286 743.421581280817
0.0441428571428572 741.546478779551
0.0442142857142857 739.653815652506
0.0442857142857143 737.743157648504
0.0443571428571429 735.814054866805
0.0444285714285714 733.866040996628
0.0445 731.898632509543
0.0445714285714286 729.911327801205
0.0446428571428572 727.903606278601
0.0447142857142857 725.874927388632
0.0447857142857143 723.824729583464
0.0448571428571429 721.752429217677
0.0449285714285714 719.657419371758
0.045 717.539068595991
0.0450714285714286 715.396719568198
0.0451428571428571 713.229687658169
0.0452142857142857 711.037259390916
0.0452857142857143 708.818690800073
0.0453571428571429 706.573205661917
0.0454285714285714 704.299993599479
0.0455 701.99820804512
0.0455714285714286 699.666964048737
0.0456428571428571 697.305335917328
0.0457142857142857 694.912354670155
0.0457857142857143 692.487005291926
0.0458571428571429 690.028223764491
0.0459285714285714 687.534893855254
0.046 685.005843638008
0.0460714285714286 682.439841718996
0.0461428571428571 679.835593137715
0.0462142857142857 677.19173490825
0.0462857142857143 674.506831162653
0.0463571428571429 671.779367852968
0.0464285714285714 669.007746962891
0.0465 666.1902801736
0.0465714285714286 663.325181920784
0.0466428571428571 660.410561771311
0.0467142857142857 657.444416037928
0.0467857142857143 654.424618538739
0.0468571428571429 651.348910394635
0.0469285714285714 648.214888741922
0.047 645.019994218731
0.0470714285714286 641.761497061832
0.0471428571428571 638.436481624457
0.0472142857142857 635.041829094961
0.0472857142857143 631.574198159445
0.0473571428571429 628.030003307678
0.0474285714285714 624.405390429023
0.0475 620.696209281749
0.0475714285714286 616.897982342385
0.0476428571428571 613.005869448524
0.0477142857142857 609.014627534506
0.0477857142857143 604.918564619379
0.0478571428571429 600.711487033654
0.0479285714285714 596.386638656497
0.048 591.936630666582
0.0480714285714286 587.353359972092
0.0481428571428571 582.627914057696
0.0482142857142857 577.750459440799
0.0482857142857143 572.710110228054
0.0483571428571429 567.494772354348
0.0484285714285714 562.090957898191
0.0485 556.483562299467
0.0485714285714286 550.655595215357
0.0486428571428571 544.587852933927
0.0487142857142857 538.258516425745
0.0487857142857143 531.642653813975
0.0488571428571429 524.711598626414
0.0489285714285714 517.432164657268
0.049 509.765643055252
0.0490714285714286 501.666504896182
0.0491428571428571 493.080698979187
0.0492142857142857 483.943383221198
0.0492857142857143 474.175847364222
0.0493571428571429 463.681254513611
0.0494285714285714 452.338612222704
0.0495 439.994009740195
0.0495714285714286 426.44748544837
0.0496428571428571 411.432619829297
0.0497142857142857 394.583416097936
0.0497857142857143 375.377613265964
0.0498571428571429 353.03296758537
0.0499285714285714 326.300361644111
0.05 293
