0 976.049096706872
0.00188310894288677 976.049096706872
0.00266311820645654 976.049096706872
0.00326164036526721 976.049096706872
0.00376621788577355 976.049096706872
0.00421075960533259 976.049096706871
0.00461265604014443 976.04909670687
0.00498223795452014 976.049096706868
0.00532623641291308 976.049096706865
0.00564932682866032 976.049096706859
0.00595491334175414 976.049096706849
0.00624556580291822 976.049096706832
0.00652328073053442 976.049096706803
0.00678964585086305 976.049096706757
0.00704594848625237 976.049096706685
0.00729324957489473 976.049096706573
0.00753243577154709 976.049096706401
0.00776425707606738 976.049096706145
0.00798935461936961 976.049096705767
0.00820828158172115 976.049096705217
0.00842151921066519 976.049096704427
0.00862948927262691 976.049096703307
0.00883256386318056 976.049096701735
0.00903107323012848 976.049096699554
0.00922531208028885 976.049096696554
0.00941554471443387 976.049096692469
0.00960200924600074 976.04909668695
0.00978492109580163 976.049096679557
0.00996447590904027 976.049096669728
0.0101408520072341 976.049096656755
0.0103142124625879 976.04909663975
0.0104847068635315 976.049096617608
0.0106524728258262 976.049096588956
0.0108176372926691 976.049096552098
0.0109803176587258 976.049096504957
0.0111406227463865 976.049096444988
0.0112986536573206 976.049096369099
0.0114545045182612 976.049096273545
0.0116082631366473 976.049096153805
0.011760011579094 976.049096004449
0.0119098266835083 976.049095818979
0.0120577805139249 976.049095589644
0.0122039407657021 976.049095307239
0.0123483711275433 976.049094960864
0.0124911316058364 976.049094537655
0.0126322788159978 976.049094022488
0.0127718662448323 976.049093397628
0.0129099444873581 976.049092642346
0.0130465614610688 976.049091732488
0.0131817626002074 976.049090639985
0.0133155910322827 976.049089332315
0.0134480877387749 976.049087771894
0.0135792917017261 976.049085915407
0.0137092400377026 976.049083713061
0.0138379681204333 976.04908110776
0.0139655096932732 976.04907803419
0.0140918969725047 976.049074417819
0.0142171607423729 976.049070173791
0.0143413304426489 976.049065205714
0.0144644342494281 976.049059404332
0.0145864991497895 976.049052646075
0.0147075510108783 976.049044791481
0.0148276146439125 976.049035683469
0.0149467138635604 976.049025145475
0.0150648715430942 976.049012979418
0.0151821096656792 976.048998963509
0.0152984493721256 976.048982849881
0.0154139110053961 976.048964362024
0.0155285141521348 976.048943192039
0.0156422776814577 976.048918997673
0.015755219781222 976.048891399148
0.0158673579919718 976.048859975754
0.0159787092387392 976.048824262213
0.0160892898608655 976.048783744797
0.0161991156399888 976.048737857185
0.0163082018263361 976.048685976057
0.0164165631634423 976.048627416412
0.0165242139114111 976.0485614266
0.0166311678688194 976.04848718306
0.0167374383933633 976.04840378475
0.0168430384213304 976.048310247269
0.016947980485981 976.048205496659
0.0170522767349106 976.048088362872
0.0171559389464626 976.047957572902
0.0172589785452538 976.047811743582
0.0173614066168704 976.047649374017
0.0174632339217881 976.047468837674
0.0175644709085663 976.047268374105
0.0176651277263611 976.047046080306
0.0177652142368009 976.046799901712
0.0178647400252624 976.046527622813
0.0179637144115852 976.046226857406
0.018062146460257 976.045895038472
0.0181600449901027 976.045529407671
0.0182574185835055 976.045127004481
0.018354275595188 976.044684654954
0.0184506241605777 976.044198960111
0.0185464722037824 976.043666283978
0.0186418274451958 976.043082741263
0.0187366974087547 976.042444184682
0.0188310894288677 976.041746191955
0.0189250106570325 976.040984052457
0.0190184680681588 976.040152753559
0.0191114684666133 976.039246966659
0.0192040184920015 976.038261032917
0.019296124624699 976.03718894871
0.0193877931911472 976.036024350822
0.0194790303689243 976.034760501395
0.0195698421916033 976.033390272641
0.0196602345534084 976.031906131357
0.0197502132136799 976.030300123247
0.0198397838011556 976.028563857083
0.0199289518180805 976.026688488724
0.020017722644151 976.024664705027
0.020106101540302 976.022482707658
0.0201940936523459 976.020132196852
0.0202817040144682 976.017602355138
0.0203689375525892 976.014881831058
0.0204557990875951 976.011958722916
0.0205422933384478 976.008820562586
0.0206284249251759 976.005454299411
0.0207141983717545 976.001846284232
0.0207996181088783 975.997982253562
0.0208846884766318 975.993847313973
0.020969413727063 975.989425926696
0.021053798026663 975.984701892493
0.0211378454587571 975.979658336827
0.0212215600258105 975.974277695376
0.0213049456516523 975.968541699912
0.0213880061836217 975.962431364598
0.0214707453946392 975.955926972733
0.0215531669852066 975.949008063981
0.0216352745853381 975.941653422124
0.0217170717564261 975.933841063379
0.021798561993043 975.925548225298
0.0218797487246842 975.916751356322
0.0219606353174515 975.907426105982
0.0220412250756821 975.897547315816
0.0221215212435235 975.887089011021
0.022201527006457 975.876024392875
0.0222812454927731 975.864325831963
0.0223606797749979 975.851964862239
0.0224398328712756 975.838912175957
0.0225187077467061 975.825137619495
0.0225973073146413 975.810610190101
0.0226756344379407 975.795298033599
0.022753691930188 975.77916844306
0.0228314825568705 975.762187858486
0.0229090090365223 975.744321867502
0.0229862740418329 975.72553520711
0.0230632802007221 975.705791766487
0.0231400300973832 975.685054590883
0.0232165262732947 975.663285886595
0.0232927712282021 975.640447027066
0.0233687674210717 975.616498560095
0.023444517271015 975.591400216184
0.023520023158188 975.565110918018
0.0235952874246635 975.537588791093
0.0236703123752785 975.508791175485
0.0237451002784583 975.47867463878
0.0238196533670165 975.447194990129
0.0238939738389328 975.414307295477
0.0239680638581088 975.379965893901
0.024041925555104 975.344124415106
0.0241155610278497 975.306735798027
0.0241889723423448 975.267752310545
0.0242621615333322 975.227125570304
0.0243351306049564 975.184806566611
0.0244078815314042 975.140745683385
0.0244804162575281 975.094892723166
0.0245527366994521 975.047196932137
0.0246248447451635 974.997607026137
0.0246967422550867 974.946071217656
0.0247684310626443 974.89253724376
0.0248399129748022 974.836952394942
0.0249111897726007 974.779263544839
0.0249822632116729 974.719417180805
0.0250531350227489 974.657359435296
0.0251238069121474 974.59303611803
0.0251942805622555 974.526392748878
0.0252645576319956 974.457374591459
0.0253346397572811 974.385926687394
0.0254045285514608 974.311993891163
0.0254742256057523 974.235520905544
0.0255437324896646 974.156452317573
0.0256130507514104 974.07473263498
0.0256821819183088 973.990306323072
0.0257511274971774 973.903117841984
0.0258198889747161 973.813111684284
0.0258884678178807 973.72023241286
0.0259568654742484 973.624424699047
0.0260250833723738 973.525633360945
0.0260931229221377 973.423803401879
0.0261609855150865 973.318880048948
0.0262286725247647 973.210808791614
0.0262961853070389 973.099535420272
0.0263635252004148 972.985006064774
0.0264306935263471 972.867167232827
0.0264976915895417 972.745965848234
0.0265645206782514 972.621349288923
0.0266311820645654 972.493265424717
0.026697677004691 972.361662654789
0.0267640067392307 972.226489944761
0.0268301724934516 972.087696863402
0.0268961754775498 971.945233618863
0.0269620168869083 971.799051094424
0.0270276979023503 971.649100883692
0.0270932196903854 971.495335325212
0.0271585834034522 971.337707536453
0.027223790180154 971.176171447114
0.0272888411454908 971.010681831726
0.0273537374110853 970.841194341495
0.0274184800754052 970.667665535364
0.0274830702239792 970.490052910246
0.0275475089296101 970.308314930392
0.0276117972525826 970.122411055873
0.0276759362408666 969.932301770133
0.0277399269303164 969.737948606585
0.0278037703448664 969.539314174226
0.0278674674967219 969.336362182236
0.0279310193865464 969.129057463541
0.0279944270036451 968.917365997322
0.0280576913261443 968.701254930437
0.0281208133211679 968.480692597737
0.0281837939450095 968.255648541271
0.0282466341433016 968.026093528345
0.0283093348511814 967.791999568441
0.0283718969934527 967.553339928957
0.0284343214847457 967.310089149786
0.0284966092296724 967.062223056701
0.02855876112298 966.809718773552
0.0286207780497004 966.552554733262
0.0286826608852978 966.290710687628
0.0287444104958125 966.024167715913
0.0288060277380022 965.752908232229
0.0288675134594813 965.47691599173
0.0289288684988562 965.196176095592
0.0289900936858592 964.910674994806
0.0290511898414794 964.620400492774
0.0291121577780908 964.32534174673
0.0291729982995789 964.025489267986
0.0292337122014638 963.720834921013
0.0292943002710219 963.411371921379
0.0293547632874049 963.097094832543
0.0294151020217567 962.777999561538
0.0294753172373282 962.454083353539
0.0295354096895898 962.125344785352
0.0295953801263423 961.791783757832
0.029655229287825 961.453401487253
0.0297149579068229 961.11020049565
0.0297745667087707 960.762184600158
0.0298340564118562 960.409358901371
0.0298934277271208 960.051729770737
0.0299526813585591 959.689304837034
0.0300118180032159 959.32209297192
0.0300708383512821 958.950104274626
0.0301297430861884 958.573350055779
0.0301885328846981 958.191842820408
0.0302472084169974 957.805596250157
0.0303057703467847 957.41462518473
0.0303642193313584 957.018945602597
0.0304225560217023 956.618574600998
0.0304807810625712 956.213530375274
0.030538895092573 955.803832197546
0.0305968987442511 955.389500394788
0.0306547926441648 954.970556326317
0.0307125774129674 954.547022360734
0.0307702536654851 954.118921852343
0.0308278220107921 953.686279117095
0.0308852830522865 953.249119408059
0.0309426373877638 952.807468890495
0.0309998856094892 952.361354616518
0.0310570283042695 951.91080449941
0.0311140660535228 951.455847287607
0.0311709994333476 950.99651253839
0.0312278290145911 950.532830591308
0.0312845553629154 950.064832541371
0.0313411790388635 949.592550212037
0.031397700597924 949.116016128031
0.0314541205905945 948.635263488015
0.0315104395624441 948.150326137147
0.0315666580541751 947.661238539553
0.0316227766016838 947.168035750745
0.0316787957361195 946.670753390009
0.0317347159839435 946.169427612788
0.0317905378669871 945.664095083094
0.0318462619025078 945.154792945966
0.0319018886032457 944.641558800013
0.0319574184774784 944.124430670047
0.0320128520290752 943.603446979848
0.0320681897575501 943.078646525077
0.0321234321581151 942.550068446355
0.0321785797217311 942.017752202546
0.0322336329351592 941.481737544238
0.032288592281011 940.942064487477
0.0323434582377974 940.39877328774
0.0323982312799776 939.851904414193
0.0324529118780072 939.301498524234
0.0325075004983847 938.747596438345
0.0325619976036984 938.190239115277
0.0326164036526721 937.629467627568
0.0326707191002099 937.065323137422
0.032724944397441 936.497846872959
0.0327790799917628 935.927080104849
0.0328331263268846 935.353064123344
0.0328870838428697 934.77584021572
0.0329409529761773 934.195449644133
0.0329947341597035 933.611933623918
0.0330484278228221 933.025333302318
0.0331020343914247 932.435689737666
0.0331555542879597 931.843043879027
0.0332089879314716 931.247436546303
0.0332623357376388 930.648908410806
0.0333155981188119 930.047499976321
0.0333687754840504 929.443251560635
0.0334218682391596 928.836203277568
0.0334748767867266 928.22639501949
0.0335278015261559 927.613866440332
0.0335806428537049 926.998656939099
0.033633401162518 926.380805643876
0.0336860768426608 925.760351396345
0.033738670281154 925.13733273679
0.0337911818620066 924.511787889622
0.0338436119662483 923.883754749387
0.0338959609719619 923.253270867292
0.0339482292543153 922.620373438214
0.0340004171855924 921.985099288226
0.0340525251352247 921.347484862597
0.0341045534698211 920.707566214303
0.0341565025531987 920.065378993015
0.0342083727464118 919.420958434575
0.0342601644077816 918.774339350959
0.0343118778929252 918.125556120707
0.0343635135547835 917.474642679831
0.0344150717436499 916.821632513187
0.0344665528071977 916.166558646309
0.0345179570905077 915.509453637691
0.0345692849360948 914.850349571527
0.034620536683935 914.189278050885
0.0346717126714916 913.526270191317
0.0347228132337408 912.861356614899
0.034773838703198 912.194567444685
0.034824789409942 911.52593229958
0.034875665681641 910.855480289613
0.0349264678435763 910.183240011607
0.0349771962186672 909.50923954524
0.0350278511274947 908.833506449477
0.0350784328883248 908.156067759387
0.0351289418171326 907.476949983308
0.0351793782276246 906.796179100379
0.0352297424312618 906.113780558402
0.0352800347372821 905.429779272057
0.0353302554527222 904.744199621429
0.0353804048824401 904.057065450859
0.0354304833291358 903.368400068107
0.0354804910933734 902.678226243808
0.0355304284736018 901.986566211219
0.0355802957661753 901.293441666253
0.0356300932653746 900.598873767778
0.0356798212634266 899.902883138182
0.0357294800505248 899.205489864189
0.0357790699148487 898.506713497923
0.0358285911425835 897.806573058205
0.0358780440179393 897.105087032073
0.0359274288231703 896.402273376524
0.0359767458385935 895.698149520464
0.0360259953426069 894.992732366852
0.0360751776117085 894.286038295038
0.0361242929205139 893.578083163287
0.0361733415417746 892.868882311467
0.036222323746395 892.158450563907
0.0362712398034508 891.446802232413
0.0363200899802053 890.733951119428
0.0363688745421273 890.019910521337
0.036417593752907 889.304693231895
0.0364662478744736 888.588311545788
0.0365148371670111 887.870777262307
0.0365633618889745 887.152101689128
0.0366118222971063 886.432295646198
0.0366602186464521 885.711369469707
0.036708551190376 884.989333016158
0.0367568201805765 884.266195666502
0.0368050258671015 883.541966330362
0.0368531684983638 882.816653450304
0.0369012483211554 882.090265006185
0.0369492655806628 881.362808519542
0.0369972205204815 880.634291058029
0.03704511338263 879.904719239903
0.0370929444075648 879.174099238529
0.0371407138341938 878.442436786925
0.0371884218998905 877.70973718233
0.0372360688405078 876.976005290778
0.0372836548903915 876.241245551699
0.0373311802823939 875.505461982511
0.0373786452478869 874.768658183229
0.0374260500167752 874.030837341057
0.0374733948175094 873.292002234982
0.0375206798770987 872.552155240346
0.0375679054211237 871.81129833341
0.037615071673749 871.069433095892
0.0376621788577355 870.326560719478
0.0377092271944525 869.582682010304
0.0377562169038904 868.837797393409
0.037803148204672 868.091906917144
0.037850021314065 867.345010257544
0.0378968364479934 866.597106722655
0.0379435938210489 865.848195256813
0.0379902936465029 865.098274444873
0.0380369361363175 864.347342516382
0.0380835215011569 863.595397349697
0.0381300499503981 862.842436476042
0.0381765216921427 862.088457083506
0.0382229369332266 861.333456020971
0.0382692958792319 860.577429801975
0.0383155987344969 859.820374608504
0.0383618457021265 859.062286294717
0.038408036984003 858.303160390587
0.0384541727807961 857.542992105475
0.0385002532919733 856.781776331622
0.0385462787158096 856.01950764756
0.038592249249398 855.256180321442
0.0386381650886586 854.491788314287
0.0386840264283492 853.726325283147
0.0387298334620742 852.959784584175
0.0387755863822945 852.192159275616
0.0388212853803369 851.423442120701
0.0388669306464035 850.653625590458
0.0389125223695807 849.882701866422
0.0389580607378486 849.110662843258
0.0390035459380898 848.337500131289
0.0390489781560985 847.563205058927
0.0390943575765895 846.78776867501
0.0391396843832065 846.011181751041
0.0391849587585313 845.233434783326
0.0392301808840921 844.45451799502
0.0392753509403718 843.674421338067
0.0393204691068169 842.893134495043
0.0393655355618455 842.110646880898
0.0394105504828555 841.326947644595
0.0394555140462329 840.542025670648
0.0395004264273598 839.755869580555
0.0395452878006222 838.968467734133
0.0395900983394184 838.179808230742
0.0396348582161663 837.389878910408
0.0396795676023112 836.598667354845
0.0397242266683338 835.80616088836
0.0397688355837576 835.012346578668
0.0398133945171562 834.217211237586
0.0398579036361611 833.420741421628
0.0399023631074688 832.622923432494
0.0399467730968481 831.823743317443
0.0399911337691474 831.023186869566
0.040035445288302 830.221239627948
0.0400797078173407 829.417886877718
0.0401239215183933 828.613113649993
0.0401680865526971 827.80690472171
0.0402122030806041 826.999244615348
0.0402562712615876 826.190117598538
0.0403002912542491 825.379507683566
0.0403442632163246 824.567398626751
0.0403881873046918 823.753773927731
0.0404320636753758 822.938616828613
0.0404758924835565 822.12191031303
0.0405196738835742 821.303637105062
0.0405634080289364 820.483779668063
0.0406070950723241 819.662320203357
0.0406507351655975 818.839240648821
0.0406943284598029 818.014522677353
0.0407378751051783 817.188147695222
0.0407813752511595 816.360096840291
0.0408248290463863 815.530350980132
0.0408682366387081 814.698890710005
0.0409115981751902 813.865696350729
0.0409549138021191 813.030747946421
0.0409981836650087 812.194025262108
0.0410414079086058 811.355507781226
0.0410845866768956 810.515174702975
0.0411277201131078 809.673004939557
0.0411708083597214 808.828977113283
0.0412138515584711 807.983069553542
0.0412568498503517 807.135260293646
0.0412998033756245 806.285527067532
0.041342712273822 805.433847306333
0.0413855766837531 804.58019813481
0.041428396743509 803.724556367644
0.0414711725904678 802.866898505581
0.0415139043612998 802.007200731441
0.0415565921919727 801.145438905976
0.0415992362177566 800.28158856358
0.0416418365732287 799.415624907846
0.041684393392279 798.547522806976
0.0417269068081142 797.677256789028
0.0417693769532636 796.804801037006
0.0418118039595831 795.930129383794
0.0418541879582604 795.053215306914
0.0418965290798196 794.174031923131
0.041938827454126 793.292551982873
0.0419810832103905 792.408747864486
0.0420232964771746 791.52259156831
0.0420654673823944 790.63405471057
0.042107596053326 789.743108517084
0.0421496826166088 788.849723816785
0.042191727198251 787.953871035044
0.0422337299236335 787.0555201868
0.0422756909175142 786.154640869488
0.0423176103040327 785.251202255755
0.0423594882067141 784.345173085975
0.0424013247484737 783.436521660538
0.042443120051621 782.525215831917
0.0424848742378637 781.611222996523
0.0425265874283121 780.694510086307
0.0425682597434832 779.775043560135
0.0426098913033046 778.852789394918
0.0426514822271186 777.927713076492
0.0426930326336862 776.999779590231
0.042734542641191 776.068953411409
0.0427760123672433 775.135198495283
0.0428174419288838 774.198478266896
0.0428588314425873 773.258755610598
0.0429001810242672 772.315992859268
0.0429414907892783 771.370151783241
0.0429827608524214 770.421193578911
0.0430239913279467 769.469078857022
0.0430651823295573 768.513767630633
0.0431063339704131 767.555219302732
0.0431474463631346 766.593392653506
0.0431885196198059 765.628245827258
0.0432295538519788 764.659736318938
0.0432705491706763 763.687820960304
0.0433115056863958 762.712455905686
0.0433524235091128 761.733596617337
0.0433933027482843 760.751197850375
0.0434341435128521 759.765213637283
0.0434749459112466 758.775597271969
0.0435157100513894 757.782301293361
0.0435564360406975 756.78527746853
0.043597123986086 755.78447677532
0.0436377739939715 754.779849384467
0.0436783861702755 753.771344641198
0.0437189606204276 752.758911046291
0.0437594974493684 751.74249623656
0.043799996761553 750.72204696478
0.0438404586609542 749.697509078999
0.0438808832510652 748.668827501233
0.0439212706349031 747.63594620552
0.0439616209150115 746.598808195312
0.0440019341934642 745.557355480177
0.0440422105718677 744.511529051782
0.0440824501513643 743.461268859153
0.044122653032635 742.406513783159
0.0441628193159028 741.347201610203
0.0442029491009351 740.2832690051
0.0442430424870469 739.214651483098
0.0442830995731037 738.141283381012
0.0443231204575242 737.06309782745
0.0443631052382831 735.980026712082
0.044403054012914 734.892000653923
0.0444429668785123 733.798948968592
0.0444828439317375 732.700799634506
0.0445226852688166 731.597479257965
0.0445624909855461 730.4889130371
0.0446022611772953 729.375024724607
0.0446419959390084 728.255736589261
0.0446816953652077 727.130969376122
0.0447213595499958 726.000642265412
0.0447609885870585 724.864672829982
0.0448005825696671 723.722976991334
0.0448401415906812 722.575468974128
0.0448796657425512 721.422061259108
0.0449191551173205 720.262664534392
0.0449586098066286 719.097187645047
0.044998029901713 717.925537540882
0.0450374154934122 716.747619222385
0.0450767666721674 715.563335684714
0.0451160835280258 714.372587859673
0.0451553661506424 713.175274555576
0.0451946146292826 711.971292394902
0.0452338290528244 710.760535749661
0.0452730095097611 709.542896674344
0.0453121560882033 708.318264836372
0.0453512688758813 707.086527443922
0.0453903479601475 705.847569170999
0.0454293934279784 704.601272079653
0.0454684053659772 703.347515539183
0.0455073838603759 702.086176142204
0.0455463289970375 700.817127617426
0.0455852408614583 699.540240738981
0.0456241195387697 698.255383232153
0.045662965113741 696.962419675311
0.0457017776707811 695.661211397882
0.0457405572939408 694.351616374165
0.045779304066915 693.033489112775
0.0458180180730446 691.706680541507
0.0458566993953187 690.371037887383
0.0458953481163767 689.026404551649
0.0459339643185104 687.672619979453
0.0459725480836658 686.309519523939
0.0460110994934455 684.936934304456
0.0460496186291105 683.5546910586
0.0460881055715822 682.162611987723
0.0461265604014443 680.760514595597
0.0461649831989449 679.34821151985
0.0462033740439986 677.925510355782
0.0462417330161882 676.492213472141
0.0462800601947665 675.048117818428
0.0463183556586585 673.593014723244
0.0463566194864635 672.126689683184
0.0463948517564562 670.648922141735
0.0464330525465893 669.159485257613
0.0464712219344952 667.658145661916
0.0465093599974875 666.144663203454
0.0465474668125631 664.618790681539
0.0465855424564043 663.080273565508
0.0466235870053799 661.528849700166
0.0466616005355475 659.964248996293
0.0466995831226553 658.386193105302
0.0467375348421434 656.794395077069
0.0467754557691462 655.188558999864
0.0468133459784934 653.568379621255
0.0468512055447126 651.933541948777
0.0468890345420301 650.283720829037
0.0469268330443731 648.61858050385
0.0469646011253715 646.937774141896
0.0470023388583593 645.240943344235
0.0470400463163761 643.527717621938
0.0470777235721693 641.797713843904
0.0471153706981954 640.050535652805
0.0471529877666214 638.28577284693
0.0471905748493269 636.503000725501
0.0472281320179055 634.701779394848
0.0472656593436661 632.881653032593
0.047303156897635 631.042149106769
0.047340624750557 629.1827775465
0.0473780629728974 627.303029860617
0.0474154716348431 625.40237820021
0.0474528508063045 623.480274360806
0.0474902005569167 621.536148719428
0.0475275209560414 619.569409101382
0.0475648120727679 617.579439571105
0.0476020739759153 615.565599140909
0.0476393067340331 613.527220390808
0.0476765104154034 611.463607992007
0.0477136850880421 609.374037125851
0.0477508308197002 607.257751789227
0.0477879476778655 605.113962976497
0.0478250357297639 602.941846727003
0.0478620950423607 600.740542026033
0.0478991256823624 598.509148545861
0.0479361277162177 596.246724211999
0.0479731012101189 593.952282578178
0.0480100462300037 591.624789991753
0.0480469628415561 589.263162529088
0.048083851110208 586.866262678195
0.0481207111011406 584.432895743157
0.0481575428792854 581.961805941886
0.0481943465093261 579.451672165266
0.0482311220556994 576.90110336181
0.0482678695825966 574.308633507423
0.0483045891539648 571.672716114708
0.0483412808335083 568.991718230283
0.0483779446846897 566.263913861742
0.0484145807707314 563.487476767943
0.0484511891546168 560.660472537191
0.0484877698990914 557.780849867194
0.0485243230666644 554.846430948279
0.0485608487196094 551.854900836912
0.0485973469199665 548.803795689551
0.0486338177295424 545.69048970696
0.0486702612099127 542.512180615581
0.0487066774224224 539.265873484742
0.0487430664281875 535.948362645429
0.0487794282880957 532.556211436951
0.0488157630628085 529.085729460655
0.0488520708127612 525.532946963187
0.0488883515981651 521.893585903366
0.0489246054790082 518.163027173723
0.0489608325150561 514.336273346744
0.0489970327658539 510.40790619196
0.0490332062907265 506.372038057671
0.0490693531487803 502.222256022395
0.0491054733989043 497.951557486188
0.0491415670997708 493.552275577581
0.049177634309837 489.015992380589
0.0492136750873458 484.333437514671
0.0492496894903269 479.494368997101
0.0492856775765982 474.487432539098
0.0493216394037665 469.299994415013
0.0493575750292289 463.91794171592
0.0493934845101734 458.325442039484
0.0494293679035805 452.504652312561
0.0494652252662241 446.435363254694
0.0495010566546723 440.094561622566
0.0495368621252887 433.455886312868
0.0495726417342332 426.488945866512
0.0496083955374634 419.158452716109
0.0496441235907353 411.423111778313
0.0496798259496043 403.234174713844
0.0497155026694266 394.533531441113
0.0497511538053595 385.25114901079
0.0497867794123633 375.301570362509
0.0498223795452014 364.579026044072
0.0498579542584418 352.950442774888
0.0498935036064582 340.24516077546
0.0499290276434304 326.239307395601
0.0499645264233458 310.631108088564
0.05 293
