3.52112676056338e-05 -0
0.000105633802816901 -0
0.000176056338028169 1.6143332805115e-12
0.000246478873239437 3.22862851596294e-12
0.000316901408450704 4.84286668382429e-12
0.000387323943661972 6.45702876156552e-12
0.000457746478873239 4.84265743599395e-12
0.000528169014084507 3.22834951885583e-12
0.000598591549295775 1.61412403268117e-12
0.000669014084507042 -0
0.00073943661971831 -3.22800711331529e-12
0.000809859154929577 -4.84180142214262e-12
0.000880281690140845 -1.61385771726075e-12
0.000950704225352113 -1.61377528629728e-12
0.00102112676056338 -1.61368651449048e-12
0.00109154929577465 -0
0.00116197183098592 3.22697989669367e-12
0.00123239436619718 3.22676430801999e-12
0.00130281690140845 6.45307207531928e-12
0.00137323943661972 1.6131475428063e-12
0.00144366197183099 4.83906217781828e-12
0.00151408450704225 9.67732540937528e-12
0.00158450704225352 9.67648841805402e-12
0.00165492957746479 8.06301115139384e-12
0.00172535211267606 8.06225025019259e-12
0.00179577464788732 1.12860407026846e-11
0.00186619718309859 1.45091400032521e-11
0.00193661971830986 1.45075991783196e-11
0.00200704225352113 1.45060012857972e-11
0.00207746478873239 1.61159403618717e-11
0.00214788732394366 1.2891230487095e-11
0.00221830985915493 1.12784507132026e-11
0.0022887323943662 1.12770303642937e-11
0.00235915492957746 8.05397544962959e-12
0.00242957746478873 4.83173850375671e-12
0.0025 3.22071514347044e-12
0.00257042253521127 4.8303879041246e-12
0.00264084507042254 8.04947345085577e-12
0.0027112676056338 9.65792242874464e-12
0.00278169014084507 1.28752515618698e-11
0.00285211267605634 9.65491686899989e-12
0.00292253521126761 8.04446418461457e-12
0.00299295774647887 6.43450608600994e-12
0.00306338028169014 9.65012319143232e-12
0.00313380281690141 8.04037434065811e-12
0.00320422535211268 6.43115812072469e-12
0.00327464788732394 6.42999140554947e-12
0.00334507042253521 6.42879932700096e-12
0.00341549295774648 8.0344773563487e-12
0.00348591549295775 9.63950861967556e-12
0.00355633802816901 1.28501418222302e-11
0.00362676056338028 1.28475547581461e-11
0.00369718309859155 1.12393023464008e-11
0.00376760563380282 9.63167133730324e-12
0.00383802816901408 1.28394892054133e-11
0.00390845070422535 9.62752442575657e-12
0.00397887323943662 1.12296262194589e-11
0.00404929577464789 9.6232253339699e-12
0.00411971830985916 9.62101872048642e-12
0.00419014084507042 1.44281610929141e-11
0.00426056338028169 1.60274855972321e-11
0.00433098591549296 1.76259794510719e-11
0.00440140845070423 1.92236236319035e-11
0.00447183098591549 1.76172607914748e-11
0.00454225352112676 2.08151235355359e-11
0.00461267605633803 2.08097655229105e-11
0.0046830985915493 2.24046577777316e-11
0.00475352112676056 2.39986179285809e-11
0.00482394366197183 2.23926735838126e-11
0.0048943661971831 2.8782704994612e-11
0.00496478873239437 2.87747155319994e-11
0.00503521126760564 3.03647570416629e-11
0.0051056338028169 3.19537713347044e-11
0.00517605633802817 3.0347288018252e-11
0.00524647887323944 3.35318857180387e-11
0.0053169014084507 3.19256179902596e-11
0.00538732394366197 3.03201809129592e-11
0.00545774647887324 3.35015257601104e-11
0.00552816901408451 3.18963232940137e-11
0.00559859154929578 3.18863047615312e-11
0.00566901408450704 3.66575833240091e-11
0.00573943661971831 3.82390646951583e-11
0.00580985915492958 4.30049091548914e-11
0.00588028169014084 4.77674436943989e-11
0.00595070422535211 5.73017577230084e-11
0.00602112676056338 6.36470608248634e-11
0.00609154929577465 6.99877731561394e-11
0.00616197183098592 7.79138981814361e-11
0.00623239436619718 8.74236858279945e-11
0.00630281690140845 9.69263907525374e-11
0.00637323943661972 1.08010285369436e-10
0.00644366197183099 1.20673524493278e-10
0.00651408450704225 1.34914224893588e-10
0.00658450704225352 1.50730465294838e-10
0.00665492957746479 1.69706326813944e-10
0.00672535211267606 1.96594319117089e-10
0.00679577464788732 2.28215424446622e-10
0.00686619718309859 2.58226926764789e-10
0.00693661971830986 2.94548274188831e-10
0.00700704225352113 3.3242267698331e-10
0.0070774647887324 3.79759450597833e-10
0.00714788732394366 4.28638157743569e-10
0.00721830985915493 4.91704638270229e-10
0.0072887323943662 5.57877933371384e-10
0.00735915492957747 6.33472250653125e-10
0.00742957746478873 7.20053872485131e-10
0.0075 8.20764557829537e-10
0.00757042253521127 9.38740371571189e-10
0.00764084507042253 1.06607234700688e-09
0.0077112676056338 1.20905197250098e-09
0.00778169014084507 1.37553498971773e-09
0.00785211267605634 1.56391305747354e-09
0.00792253521126761 1.77100587716047e-09
0.00799295774647887 2.01094696990365e-09
0.00806338028169014 2.28368828479238e-09
0.00813380281690141 2.58918097196954e-09
0.00820422535211268 2.93523199933214e-09
0.00827464788732394 3.32806211679652e-09
0.00834507042253521 3.77073944711077e-09
0.00841549295774648 4.27260124991517e-09
0.00848591549295775 4.84139698799867e-09
0.00855633802816901 5.48172423251999e-09
0.00862676056338028 6.20443674352825e-09
0.00869718309859155 7.02036469313422e-09
0.00876760563380282 7.94031422165344e-09
0.00883802816901409 8.97819583006897e-09
0.00890845070422535 1.01463250890641e-08
0.00897887323943662 1.14648029783524e-08
0.00904929577464789 1.29458750657057e-08
0.00911971830985915 1.46158077125103e-08
0.00919014084507042 1.64883243521879e-08
0.00926056338028169 1.85973877550772e-08
0.00933098591549296 2.09690885904762e-08
0.00940140845070423 2.36356857563919e-08
0.00947183098591549 2.66309173100162e-08
0.00954225352112676 2.99915509994369e-08
0.00961267605633803 3.37682612121488e-08
0.0096830985915493 3.80038265896073e-08
0.00975352112676056 4.2754899332491e-08
0.00982394366197183 4.80842004838168e-08
0.0098943661971831 5.40511892193813e-08
0.00996478873239437 6.07322305521727e-08
0.0100352112676056 6.82143434425743e-08
0.0101056338028169 7.65920677580531e-08
0.0101760563380282 8.59627933701664e-08
0.0102464788732394 9.6443766608228e-08
0.0103169014084507 1.08164294483028e-07
0.010387323943662 1.21256430260552e-07
0.0104577464788732 1.35885847451095e-07
0.0105281690140845 1.52219317005388e-07
0.0105985915492958 1.70450918865682e-07
0.010669014084507 1.90788074555751e-07
0.0107394366197183 2.13471523765901e-07
0.0108098591549296 2.38756733139689e-07
0.0108802816901408 2.66938456156939e-07
0.0109507042253521 2.98324453894018e-07
0.0110211267605634 3.33270782300321e-07
0.0110915492957746 3.72169334326196e-07
0.0111619718309859 4.15446170031384e-07
0.0112323943661972 4.63576721124146e-07
0.0113028169014085 5.1707487684272e-07
0.0113732394366197 5.76529591077286e-07
0.011443661971831 6.42564807392081e-07
0.0115140845070423 7.15891316562688e-07
0.0115845070422535 7.9727432885294e-07
0.0116549295774648 8.87568383237485e-07
0.0117253521126761 9.87704787531291e-07
0.0117957746478873 1.09871418790799e-06
0.0118661971830986 1.22172769687178e-06
0.0119366197183099 1.35798867128924e-06
0.0120070422535211 1.50885682127163e-06
0.0120774647887324 1.67584727770084e-06
0.0121478873239437 1.86059348144084e-06
0.0122183098591549 2.06490895008475e-06
0.0122887323943662 2.29077135712134e-06
0.0123591549295775 2.54035975069431e-06
0.0124295774647887 2.81604915786432e-06
0.0125 3.12045062999286e-06
0.0125704225352113 3.45642839249231e-06
0.0126408450704225 3.8271017755271e-06
0.0127112676056338 4.2358879131855e-06
0.0127816901408451 4.68653516683261e-06
0.0128521126760563 5.18312317712305e-06
0.0129225352112676 5.73012017618111e-06
0.0129929577464789 6.33239782500862e-06
0.0130633802816901 6.99529110582263e-06
0.0131338028169014 7.72459923874771e-06
0.0132042253521127 8.52665869280158e-06
0.0132746478873239 9.40837225940268e-06
0.0133450704225352 1.03772694501368e-05
0.0134154929577465 1.14415395662876e-05
0.0134859154929577 1.26101109933688e-05
0.013556338028169 1.38926881380043e-05
0.0136267605633803 1.52998344827739e-05
0.0136971830985916 1.68430357342069e-05
0.0137676056338028 1.85347700459576e-05
0.0138380281690141 2.03885927273328e-05
0.0139084507042254 2.24192204362231e-05
0.0139788732394366 2.46426371898961e-05
0.0140492957746479 2.7076169967266e-05
0.0141197183098592 2.97386158497411e-05
0.0141901408450704 3.26503475853736e-05
0.0142605633802817 3.58334273767752e-05
0.014330985915493 3.93117614558811e-05
0.0144014084507042 4.31112255381884e-05
0.0144718309859155 4.72598057286204e-05
0.0145422535211268 5.17877828703741e-05
0.014612676056338 5.67278772881267e-05
0.0146830985915493 6.2115453075379e-05
0.0147535211267606 6.79887003954073e-05
0.0148239436619718 7.43888430705443e-05
0.0148943661971831 8.13603771636773e-05
0.0149647887323944 8.89512858908663e-05
0.0150352112676056 9.7213301536021e-05
0.0151056338028169 0.000106202175852743
0.0151760563380282 0.000115977948591158
0.0152464788732394 0.00012660527275338
0.0153169014084507 0.000138153722947364
0.015387323943662 0.000150698132256806
0.0154577464788732 0.000164318966162377
0.0155281690140845 0.000179102693791724
0.0155985915492958 0.000195142208978592
0.015669014084507 0.000212537245358515
0.0157394366197183 0.000231394839350492
0.0158098591549296 0.000251829811544441
0.0158802816901408 0.000273965283736069
0.0159507042253521 0.000297933210966589
0.0160211267605634 0.000323874935636303
0.0160915492957747 0.000351941818511294
0.0161619718309859 0.000382295857709457
0.0162323943661972 0.000415110341922611
0.0163028169014085 0.000450570575090867
0.0163732394366197 0.000488874605541134
0.016443661971831 0.000530234002688405
0.0165140845070423 0.000574874688042246
0.0165845070422535 0.000623037778283945
0.0166549295774648 0.000674980503422596
0.0167253521126761 0.000730977146230525
0.0167957746478873 0.000791320039936185
0.0168661971830986 0.000856320603536094
0.0169366197183099 0.000926310441470209
0.0170070422535211 0.00100164248127811
0.0170774647887324 0.00108269216733158
0.0171478873239437 0.00116985870432234
0.0172183098591549 0.00126356636560028
0.0172887323943662 0.00136426585853906
0.0173591549295775 0.00147243573347228
0.0174295774647887 0.00158858385835319
0.0175 0.00171324897114881
0.0175704225352113 0.00184700227509984
0.0176408450704225 0.00199044909463717
0.0177112676056338 0.00214423062371236
0.0177816901408451 0.00230902571044152
0.0178521126760563 0.00248555272118362
0.0179225352112676 0.00267457147605717
0.0179929577464789 0.0028768852507525
0.0180633802816901 0.00309334284094286
0.0181338028169014 0.00332484071087623
0.0182042253521127 0.00357232519422529
0.0182746478873239 0.0038367947911878
0.0183450704225352 0.0041193025130529
0.0184154929577465 0.00442095831393405
0.0184859154929577 0.00474293158614947
0.018556338028169 0.0050864537238283
0.0186267605633803 0.00545282077595579
0.0186971830985916 0.00584339614447657
0.0187676056338028 0.00625961337100288
0.0188380281690141 0.00670297897196788
0.0189084507042254 0.00717507536005281
0.0189788732394366 0.00767756381872156
0.0190492957746479 0.00821218755229917
0.0191197183098592 0.00878077476612849
0.0191901408450704 0.00938524185036684
0.0192605633802817 0.0100275965721875
0.019330985915493 0.0107099413595409
0.0194014084507042 0.011434476607643
0.0194718309859155 0.0122035040333283
0.0195422535211268 0.0130194300898108
0.019612676056338 0.0138847693926329
0.0196830985915493 0.0148021481928377
0.0197535211267606 0.0157743078729239
0.0198239436619718 0.0168041084495609
0.0198943661971831 0.0178945321107754
0.0199647887323944 0.0190486867592083
0.0200352112676056 0.0202698095320608
0.0201056338028169 0.0215612703444672
0.0201760563380282 0.0229265754091861
0.0202464788732394 0.0243693707129447
0.0203169014084507 0.0258934455043281
0.020387323943662 0.0275027357017937
0.0204577464788732 0.0292013272754944
0.0205281690140845 0.0309934595605439
0.0205985915492958 0.0328835285080938
0.020669014084507 0.0348760898551261
0.0207394366197183 0.0369758622074009
0.0208098591549296 0.0391877299939682
0.0208802816901408 0.0415167463643582
0.0209507042253521 0.043968135897281
0.0210211267605634 0.0465472972190206
0.0210915492957746 0.049259805439667
0.0211619718309859 0.0521114144465677
0.0212323943661972 0.0551080590197406
0.0213028169014085 0.0582558567329603
0.0213732394366197 0.0615611096841846
0.021443661971831 0.0650303059782298
0.0215140845070423 0.0686701210055525
0.0215845070422535 0.0724874184394786
0.0216549295774648 0.076489251010398
0.0217253521126761 0.080682860965389
0.0217957746478873 0.0850756802681837
0.0218661971830986 0.0896753304969983
0.0219366197183099 0.0944896223736214
0.0220070422535211 0.099526555018153
0.0220774647887324 0.104794314833065
0.0221478873239437 0.110301274004163
0.0222183098591549 0.11605598865872
0.0222887323943662 0.122067196616482
0.0223591549295775 0.128343814726167
0.0224295774647887 0.134894935816234
0.0225 0.141729825190391
0.0225704225352113 0.148857916688396
0.0226408450704225 0.156288808305149
0.0227112676056338 0.164032257330937
0.0227816901408451 0.172098175037487
0.0228521126760563 0.180496620858854
0.0229225352112676 0.189237796104117
0.0229929577464789 0.198332037149946
0.0230633802816901 0.207789808141553
0.0231338028169014 0.217621693177684
0.0232042253521127 0.227838387975007
0.0232746478873239 0.238450691015288
0.0233450704225352 0.249469494171997
0.0234154929577465 0.260905772791143
0.0234859154929577 0.272770575285672
0.023556338028169 0.285075012154906
0.0236267605633803 0.297830244540895
0.0236971830985915 0.311047472192951
0.0237676056338028 0.324737920980194
0.0238380281690141 0.33891282987059
0.0239084507042253 0.353583437412621
0.0239788732394366 0.368760967718404
0.0240492957746479 0.384456615960199
0.0241197183098592 0.400681533458822
0.0241901408450704 0.417446812218252
0.0242605633802817 0.434763469110619
0.024330985915493 0.45264242958663
0.0244014084507042 0.47109451102616
0.0244718309859155 0.490130405655475
0.0245422535211268 0.509760663153345
0.024612676056338 0.529995672904074
0.0246830985915493 0.550845645928446
0.0247535211267606 0.57232059655435
0.0248239436619718 0.594430323792855
0.0248943661971831 0.617184392553522
0.0249647887323944 0.640592114595692
0.0250352112676056 0.664662529349238
0.0251056338028169 0.689404384637957
0.0251760563380282 0.714826117248582
0.0252464788732394 0.740935833493889
0.0253169014084507 0.767741289750803
0.025387323943662 0.795249872985375
0.0254577464788732 0.823468581396458
0.0255281690140845 0.852404005108536
0.0255985915492958 0.882062307041952
0.025669014084507 0.912449203970919
0.0257394366197183 0.943569947779656
0.0258098591549296 0.975429307047498
0.0258802816901408 1.00803154888671
0.0259507042253521 1.04138042121086
0.0260211267605634 1.07547913535716
0.0260915492957746 1.11033034919198
0.0261619718309859 1.14593615071152
0.0262323943661972 1.18229804217825
0.0263028169014084 1.219416924841
0.0263732394366197 1.25729308431284
0.026443661971831 1.29592617659091
0.0265140845070423 1.33531521481176
0.0265845070422535 1.37545855677843
0.0266549295774648 1.4163538932551
0.0267253521126761 1.45799823714732
0.0267957746478873 1.50038791352351
0.0268661971830986 1.54351855057964
0.0269366197183099 1.58738507154785
0.0270070422535211 1.63198168758848
0.0270774647887324 1.67730189173337
0.0271478873239437 1.72333845382244
0.0272183098591549 1.77008341659101
0.0272887323943662 1.81752809280334
0.0273591549295775 1.86566306356704
0.0274295774647887 1.91447817775422
0.0275 1.96396255264686
0.0275704225352113 2.01410457572586
0.0276408450704225 2.06489190769504
0.0277112676056338 2.11631148671938
0.0277816901408451 2.16834953388608
0.0278521126760563 2.22099155987516
0.0279225352112676 2.27422237291752
0.0279929577464789 2.3280260879471
0.0280633802816901 2.38238613700662
0.0281338028169014 2.43728528086409
0.0282042253521127 2.49270562187532
0.0282746478873239 2.54862861804686
0.0283450704225352 2.60503509829013
0.0284154929577465 2.66190527883097
0.0284859154929578 2.71921878082816
0.028556338028169 2.77695464907521
0.0286267605633803 2.83509137182873
0.0286971830985916 2.89360690172744
0.0287676056338028 2.95247867773161
0.0288380281690141 3.01168364807569
0.0289084507042254 3.07119829422033
0.0289788732394366 3.13099865568766
0.0290492957746479 3.1910603558523
0.0291197183098592 3.25135862849401
0.0291901408450704 3.31186834523746
0.0292605633802817 3.37256404364684
0.029330985915493 3.43341995607419
0.0294014084507042 3.49441003915648
0.0294718309859155 3.55550800384395
0.0295422535211268 3.61668734599639
0.029612676056338 3.67792137743983
0.0296830985915493 3.7391832574253
0.0297535211267606 3.80044602443835
0.0298239436619718 3.86168262830284
0.0298943661971831 3.92286596248644
0.0299647887323944 3.9839688965782
0.0300352112676056 4.04496430886608
0.0301056338028169 4.10582511891564
0.0301760563380282 4.16652432014433
0.0302464788732394 4.22703501228069
0.0303169014084507 4.2873304336446
0.030387323943662 4.34738399322661
0.0304577464788732 4.40716930244964
0.0305281690140845 4.4666602065973
0.0305985915492958 4.52583081579186
0.030669014084507 4.5846555355268
0.0307394366197183 4.64310909664219
0.0308098591549296 4.70116658471589
0.0308802816901408 4.75880346878544
0.0309507042253521 4.81599562938022
0.0310211267605634 4.87271938577564
0.0310915492957746 4.92895152245629
0.0311619718309859 4.98466931470466
0.0312323943661972 5.03985055329018
0.0313028169014085 5.09447356819492
0.0313732394366197 5.14851725136911
0.031443661971831 5.20196107844487
0.0315140845070423 5.25478512937839
0.0315845070422535 5.30697010799624
0.0316549295774648 5.3584973604058
0.0317253521126761 5.40934889226843
0.0317957746478873 5.45950738485719
0.0318661971830986 5.50895620993322
0.0319366197183099 5.5576794433839
0.0320070422535211 5.60566187763598
0.0320774647887324 5.65288903280858
0.0321478873239437 5.69934716660199
0.0322183098591549 5.74502328292591
0.0322887323943662 5.78990513925197
0.0323591549295775 5.83398125270995
0.0324295774647887 5.87724090488374
0.0325 5.9196741453819
0.0325704225352113 5.96127179412954
0.0326408450704225 6.00202544243348
0.0327112676056338 6.04192745280664
0.0327816901408451 6.08097095759116
0.0328521126760563 6.11914985638418
0.0329225352112676 6.1564588123032
0.0329929577464789 6.19289324709962
0.0330633802816901 6.22844933515353
0.0331338028169014 6.26312399639122
0.0332042253521127 6.29691488812608
0.0332746478873239 6.32982039590498
0.0333450704225352 6.36183962333696
0.0334154929577465 6.39297238097782
0.0334859154929577 6.42321917432365
0.033556338028169 6.45258119090133
0.0336267605633803 6.48106028653487
0.0336971830985916 6.50865897083301
0.0337676056338028 6.53538039191785
0.0338380281690141 6.5612283204655
0.0339084507042254 6.58620713307113
0.0339788732394366 6.61032179501751
0.0340492957746479 6.63357784247267
0.0341197183098592 6.65598136416865
0.0341901408450704 6.67753898261866
0.0342605633802817 6.69825783490289
0.034330985915493 6.71814555305849
0.0344014084507042 6.7372102441871
0.0344718309859155 6.75546047022559
0.0345422535211268 6.77290522750794
0.034612676056338 6.78955392613347
0.0346830985915493 6.80541636917828
0.0347535211267606 6.82050273180623
0.0348239436619718 6.83482354032028
0.0348943661971831 6.84838965119916
0.0349647887323944 6.86121223015536
0.0350352112676056 6.87330273125202
0.0351056338028169 6.88467287613416
0.0351760563380282 6.89533463337662
0.0352464788732394 6.90530019804093
0.0353169014084507 6.91458197141678
0.035387323943662 6.92319254102262
0.0354577464788732 6.93114466087739
0.0355281690140845 6.93845123208982
0.0355985915492958 6.94512528375485
0.035669014084507 6.95117995425368
0.0357394366197183 6.95662847291709
0.0358098591549296 6.96148414209848
0.0358802816901408 6.96576031969571
0.0359507042253521 6.96947040212422
0.0360211267605634 6.97262780775317
0.0360915492957747 6.97524596085287
0.0361619718309859 6.9773382760285
0.0362323943661972 6.97891814318012
0.0363028169014084 6.9799989129992
0.0363732394366197 6.98059388300662
0.036443661971831 6.98071628413109
0.0365140845070423 6.98037926786169
0.0365845070422535 6.97959589395307
0.0366549295774648 6.9783791187021
0.0367253521126761 6.97674178379617
0.0367957746478873 6.97469660572493
0.0368661971830986 6.97225616578187
0.0369366197183099 6.96943290061955
0.0370070422535211 6.96623909337325
0.0370774647887324 6.96268686536115
0.0371478873239437 6.95878816833255
0.0372183098591549 6.9545547772643
0.0372887323943662 6.94999828371393
0.0373591549295775 6.94513008970944
0.0374295774647887 6.93996140214862
0.0375 6.93450322773734
0.0375704225352113 6.92876636842869
0.0376408450704225 6.92276141734659
0.0377112676056338 6.91649875520678
0.0377816901408451 6.90998854720009
0.0378521126760563 6.90324074033479
0.0379225352112676 6.89626506122389
0.0379929577464789 6.88907101429152
0.0380633802816901 6.88166788040621
0.0381338028169014 6.87406471590359
0.0382042253521127 6.86627035200027
0.0382746478873239 6.85829339456533
0.0383450704225352 6.85014222425161
0.0384154929577465 6.8418249969602
0.0384859154929577 6.83334964462937
0.038556338028169 6.8247238763201
0.0386267605633803 6.81595517960015
0.0386971830985915 6.80705082218986
0.0387676056338028 6.79801785387775
0.0388380281690141 6.78886310866162
0.0389084507042254 6.77959320713164
0.0389788732394366 6.77021455905142
0.0390492957746479 6.76073336614764
0.0391197183098592 6.75115562506323
0.0391901408450704 6.74148713049406
0.0392605633802817 6.73173347847134
0.039330985915493 6.72190006978053
0.0394014084507042 6.71199211350602
0.0394718309859155 6.70201463069689
0.0395422535211268 6.69197245812072
0.039612676056338 6.6818702521069
0.0396830985915493 6.67171249247351
0.0397535211267606 6.66150348651284
0.0398239436619718 6.65124737303445
0.0398943661971831 6.64094812643969
0.0399647887323944 6.6306095608481
0.0400352112676056 6.62023533422511
0.0401056338028169 6.60982895255082
0.0401760563380282 6.59939377396505
0.0402464788732394 6.58893301293233
0.0403169014084507 6.57844974439152
0.040387323943662 6.56794690787718
0.0404577464788732 6.55742731163102
0.0405281690140845 6.54689363667512
0.0405985915492958 6.53634844084716
0.040669014084507 6.52579416280148
0.0407394366197183 6.51523312594652
0.0408098591549296 6.50466754234941
0.0408802816901409 6.4940995165744
0.0409507042253521 6.48353104945757
0.0410211267605634 6.47296404182349
0.0410915492957747 6.46240029813137
0.0411619718309859 6.45184153004902
0.0412323943661972 6.44128935996043
0.0413028169014085 6.4307453243928
0.0413732394366197 6.42021087736518
0.041443661971831 6.40968739366609
0.0415140845070423 6.39917617204053
0.0415845070422535 6.38867843830265
0.0416549295774648 6.37819534836719
0.0417253521126761 6.36772799118954
0.0417957746478873 6.3572773916359
0.0418661971830986 6.34684451325836
0.0419366197183099 6.3364302609908
0.0420070422535211 6.3260354837665
0.0420774647887324 6.31566097704321
0.0421478873239437 6.30530748525587
0.0422183098591549 6.29497570418103
0.0422887323943662 6.28466628322587
0.0423591549295775 6.27437982762941
0.0424295774647887 6.26411690059537
0.0425 6.25387802534548
0.0425704225352113 6.24366368708493
0.0426408450704225 6.23347433491198
0.0427112676056338 6.22331038363867
0.0427816901408451 6.21317221554817
0.0428521126760563 6.20306018207983
0.0429225352112676 6.19297460544268
0.0429929577464789 6.18291578016986
0.0430633802816901 6.17288397459887
0.0431338028169014 6.16287943229116
0.0432042253521127 6.15290237339752
0.0432746478873239 6.14295299594972
0.0433450704225352 6.13303147710931
0.0434154929577465 6.12313797434581
0.0434859154929577 6.11327262657347
0.043556338028169 6.10343555522181
0.0436267605633803 6.09362686526827
0.0436971830985916 6.08384664621575
0.0437676056338028 6.07409497301664
0.0438380281690141 6.06437190696388
0.0439084507042254 6.05467749652635
0.0439788732394366 6.04501177815276
0.0440492957746479 6.03537477702219
0.0441197183098592 6.02576650776741
0.0441901408450704 6.01618697515134
0.0442605633802817 6.00663617471802
0.044330985915493 5.99711409339695
0.0444014084507042 5.98762071008443
0.0444718309859155 5.97815599618654
0.0445422535211268 5.96871991613658
0.044612676056338 5.95931242788299
0.0446830985915493 5.94993348334678
0.0447535211267606 5.94058302885437
0.0448239436619718 5.93126100555038
0.0448943661971831 5.92196734977822
0.0449647887323944 5.91270199344272
0.0450352112676056 5.90346486435244
0.0451056338028169 5.89425588653785
0.0451760563380282 5.88507498055448
0.0452464788732394 5.87592206376245
0.0453169014084507 5.86679705059537
0.045387323943662 5.85769985280437
0.0454577464788732 5.84863037969471
0.0455281690140845 5.83958853834252
0.0455985915492958 5.83057423379757
0.045669014084507 5.82158736927722
0.0457394366197183 5.81262784634115
0.0458098591549296 5.80369556506168
0.0458802816901408 5.79479042417648
0.0459507042253521 5.78591232123505
0.0460211267605634 5.777061152734
0.0460915492957747 5.7682368142419
0.0461619718309859 5.75943920051808
0.0462323943661972 5.75066820562143
0.0463028169014085 5.74192372300968
0.0463732394366197 5.73320564563599
0.046443661971831 5.72451386603431
0.0465140845070423 5.71584827640258
0.0465845070422535 5.70720876867628
0.0466549295774648 5.69859523459666
0.0467253521126761 5.69000756577722
0.0467957746478873 5.68144565376246
0.0468661971830986 5.67290939007995
0.0469366197183099 5.6643986662966
0.0470070422535211 5.65591337405793
0.0470774647887324 5.64745340513631
0.0471478873239437 5.63901865146771
0.0472183098591549 5.6306090051882
0.0472887323943662 5.6222243586679
0.0473591549295775 5.61386460453908
0.0474295774647887 5.60552963572641
0.0475 5.59721934547006
0.0475704225352113 5.58893362735006
0.0476408450704225 5.58067237530605
0.0477112676056338 5.57243548365744
0.0477816901408451 5.5642228471193
0.0478521126760563 5.55603436081902
0.0479225352112676 5.54786992030875
0.0479929577464789 5.53972942158009
0.0480633802816901 5.53161276107285
0.0481338028169014 5.52351983568676
0.0482042253521127 5.51545054279024
0.0482746478873239 5.50740478022676
0.0483450704225352 5.49938244632314
0.0484154929577465 5.49138343989541
0.0484859154929577 5.48340766025299
0.048556338028169 5.47545500720444
0.0486267605633803 5.46752538106021
0.0486971830985916 5.45961868263584
0.0487676056338028 5.45173481325501
0.0488380281690141 5.4438736747513
0.0489084507042254 5.43603516946941
0.0489788732394366 5.42821920026678
0.0490492957746479 5.42042567051367
0.0491197183098592 5.41265448409371
0.0491901408450704 5.40490554540406
0.0492605633802817 5.39717875935466
0.049330985915493 5.38947403136802
0.0494014084507042 5.38179126737808
0.0494718309859155 5.37413037382902
0.0495422535211268 5.36649125767407
0.049612676056338 5.3588738263741
0.0496830985915493 5.35127798789575
0.0497535211267606 5.34370365070959
0.0498239436619718 5.33615072378829
0.0498943661971831 5.32861911660428
0.0499647887323944 5.32110873912788
