0 975.747051642365
6.92520775623269e-05 975.747051642365
0.000138504155124654 975.747051642365
0.000207756232686981 975.747051642365
0.000277008310249308 975.747051642365
0.000346260387811634 975.747051642365
0.000415512465373961 975.747051642366
0.000484764542936288 975.747051642366
0.000554016620498615 975.747051642366
0.000623268698060942 975.747051642367
0.000692520775623269 975.747051642367
0.000761772853185596 975.747051642367
0.000831024930747923 975.747051642368
0.000900277008310249 975.747051642368
0.000969529085872576 975.747051642368
0.0010387811634349 975.747051642368
0.00110803324099723 975.747051642368
0.00117728531855956 975.747051642368
0.00124653739612188 975.747051642368
0.00131578947368421 975.747051642368
0.00138504155124654 975.747051642368
0.00145429362880886 975.747051642368
0.00152354570637119 975.747051642368
0.00159279778393352 975.747051642368
0.00166204986149585 975.747051642368
0.00173130193905817 975.747051642368
0.0018005540166205 975.747051642367
0.00186980609418283 975.747051642367
0.00193905817174515 975.747051642366
0.00200831024930748 975.747051642366
0.00207756232686981 975.747051642365
0.00214681440443213 975.747051642364
0.00221606648199446 975.747051642364
0.00228531855955679 975.747051642363
0.00235457063711911 975.747051642363
0.00242382271468144 975.747051642363
0.00249307479224377 975.747051642362
0.00256232686980609 975.747051642362
0.00263157894736842 975.747051642361
0.00270083102493075 975.747051642361
0.00277008310249307 975.74705164236
0.0028393351800554 975.747051642359
0.00290858725761773 975.747051642358
0.00297783933518006 975.747051642356
0.00304709141274238 975.747051642355
0.00311634349030471 975.747051642354
0.00318559556786704 975.747051642353
0.00325484764542936 975.747051642351
0.00332409972299169 975.74705164235
0.00339335180055402 975.747051642349
0.00346260387811634 975.747051642348
0.00353185595567867 975.747051642346
0.003601108033241 975.747051642346
0.00367036011080332 975.747051642345
0.00373961218836565 975.747051642344
0.00380886426592798 975.747051642343
0.0038781163434903 975.747051642342
0.00394736842105263 975.74705164234
0.00401662049861496 975.747051642339
0.00408587257617729 975.747051642338
0.00415512465373961 975.747051642336
0.00422437673130194 975.747051642335
0.00429362880886427 975.747051642334
0.00436288088642659 975.747051642332
0.00443213296398892 975.74705164233
0.00450138504155125 975.747051642328
0.00457063711911357 975.747051642327
0.0046398891966759 975.747051642325
0.00470914127423823 975.747051642324
0.00477839335180055 975.747051642323
0.00484764542936288 975.747051642322
0.00491689750692521 975.74705164232
0.00498614958448754 975.747051642318
0.00505540166204986 975.747051642317
0.00512465373961219 975.747051642315
0.00519390581717452 975.747051642314
0.00526315789473684 975.747051642312
0.00533240997229917 975.74705164231
0.0054016620498615 975.747051642309
0.00547091412742382 975.747051642306
0.00554016620498615 975.747051642304
0.00560941828254848 975.747051642302
0.0056786703601108 975.747051642299
0.00574792243767313 975.747051642297
0.00581717451523546 975.747051642294
0.00588642659279778 975.74705164229
0.00595567867036011 975.747051642286
0.00602493074792244 975.747051642283
0.00609418282548476 975.747051642278
0.00616343490304709 975.747051642274
0.00623268698060942 975.747051642268
0.00630193905817174 975.747051642262
0.00637119113573407 975.747051642254
0.0064404432132964 975.747051642246
0.00650969529085873 975.747051642237
0.00657894736842105 975.747051642227
0.00664819944598338 975.747051642215
0.00671745152354571 975.747051642201
0.00678670360110803 975.747051642186
0.00685595567867036 975.747051642169
0.00692520775623269 975.74705164215
0.00699445983379501 975.747051642128
0.00706371191135734 975.747051642103
0.00713296398891967 975.747051642075
0.007202216066482 975.747051642043
0.00727146814404432 975.747051642006
0.00734072022160665 975.747051641965
0.00740997229916898 975.747051641918
0.0074792243767313 975.747051641864
0.00754847645429363 975.747051641804
0.00761772853185596 975.747051641735
0.00768698060941828 975.747051641657
0.00775623268698061 975.747051641569
0.00782548476454294 975.747051641469
0.00789473684210526 975.747051641355
0.00796398891966759 975.747051641227
0.00803324099722992 975.747051641082
0.00810249307479224 975.747051640918
0.00817174515235457 975.747051640732
0.0082409972299169 975.747051640521
0.00831024930747922 975.747051640283
0.00837950138504155 975.747051640013
0.00844875346260388 975.747051639709
0.00851800554016621 975.747051639364
0.00858725761772853 975.747051638975
0.00865650969529086 975.747051638535
0.00872576177285319 975.747051638039
0.00879501385041551 975.747051637478
0.00886426592797784 975.747051636846
0.00893351800554017 975.747051636132
0.00900277008310249 975.747051635326
0.00907202216066482 975.747051634418
0.00914127423822715 975.747051633394
0.00921052631578947 975.74705163224
0.0092797783933518 975.74705163094
0.00934903047091413 975.747051629477
0.00941828254847646 975.747051627831
0.00948753462603878 975.747051625978
0.00955678670360111 975.747051623895
0.00962603878116344 975.747051621552
0.00969529085872576 975.747051618919
0.00976454293628809 975.747051615961
0.00983379501385042 975.747051612639
0.00990304709141274 975.747051608909
0.00997229916897507 975.747051604723
0.0100415512465374 975.747051600027
0.0101108033240997 975.74705159476
0.0101800554016621 975.747051588857
0.0102493074792244 975.747051582242
0.0103185595567867 975.747051574831
0.010387811634349 975.747051566533
0.0104570637119114 975.747051557245
0.0105263157894737 975.747051546852
0.010595567867036 975.747051535226
0.0106648199445983 975.747051522227
0.0107340720221607 975.747051507698
0.010803324099723 975.747051491465
0.0108725761772853 975.747051473334
0.0109418282548476 975.747051453092
0.01101108033241 975.747051430501
0.0110803324099723 975.747051405297
0.0111495844875346 975.747051377188
0.011218836565097 975.747051345853
0.0112880886426593 975.747051310932
0.0113573407202216 975.747051272031
0.0114265927977839 975.74705122871
0.0114958448753463 975.747051180488
0.0115650969529086 975.747051126828
0.0116343490304709 975.74705106714
0.0117036011080332 975.747051000771
0.0117728531855956 975.747050927
0.0118421052631579 975.747050845033
0.0119113573407202 975.747050753992
0.0119806094182825 975.74705065291
0.0120498614958449 975.747050540722
0.0121191135734072 975.747050416252
0.0121883656509695 975.747050278208
0.0122576177285319 975.747050125167
0.0123268698060942 975.747049955561
0.0123961218836565 975.747049767666
0.0124653739612188 975.747049559588
0.0125346260387812 975.747049329243
0.0126038781163435 975.747049074343
0.0126731301939058 975.747048792375
0.0127423822714681 975.747048480577
0.0128116343490305 975.747048135923
0.0128808864265928 975.74704775509
0.0129501385041551 975.747047334435
0.0130193905817175 975.747046869964
0.0130886426592798 975.747046357303
0.0131578947368421 975.747045791661
0.0132271468144044 975.74704516779
0.0132963988919668 975.747044479951
0.0133656509695291 975.747043721863
0.0134349030470914 975.747042886657
0.0135041551246537 975.747041966828
0.0135734072022161 975.747040954172
0.0136426592797784 975.747039839731
0.0137119113573407 975.747038613723
0.013781163434903 975.747037265476
0.0138504155124654 975.747035783343
0.0139196675900277 975.747034154627
0.01398891966759 975.747032365487
0.0140581717451524 975.74703040084
0.0141274238227147 975.747028244259
0.014196675900277 975.747025877861
0.0142659279778393 975.747023282181
0.0143351800554017 975.747020436045
0.014404432132964 975.747017316427
0.0144736842105263 975.747013898298
0.0145429362880886 975.747010154462
0.014612188365651 975.747006055379
0.0146814404432133 975.74700156898
0.0147506925207756 975.746996660457
0.014819944598338 975.746991292053
0.0148891966759003 975.746985422821
0.0149584487534626 975.746979008375
0.0150277008310249 975.746972000624
0.0150969529085873 975.746964347476
0.0151662049861496 975.746955992535
0.0152354570637119 975.746946874763
0.0153047091412742 975.746936928132
0.0153739612188366 975.746926081238
0.0154432132963989 975.746914256896
0.0155124653739612 975.746901371709
0.0155817174515235 975.746887335599
0.0156509695290859 975.746872051312
0.0157202216066482 975.746855413892
0.0157894736842105 975.746837310112
0.0158587257617729 975.746817617874
0.0159279778393352 975.746796205565
0.0159972299168975 975.746772931373
0.0160664819944598 975.74674764256
0.0161357340720222 975.746720174682
0.0162049861495845 975.746690350768
0.0162742382271468 975.746657980438
0.0163434903047091 975.746622858974
0.0164127423822715 975.746584766322
0.0164819944598338 975.746543466046
0.0165512465373961 975.746498704206
0.0166204986149584 975.746450208174
0.0166897506925208 975.746397685375
0.0167590027700831 975.746340821956
0.0168282548476454 975.746279281374
0.0168975069252078 975.746212702904
0.0169667590027701 975.746140700049
0.0170360110803324 975.746062858879
0.0171052631578947 975.745978736253
0.0171745152354571 975.745887857953
0.0172437673130194 975.745789716712
0.0173130193905817 975.74568377013
0.017382271468144 975.745569438473
0.0174515235457064 975.745446102358
0.0175207756232687 975.745313100311
0.017590027700831 975.745169726191
0.0176592797783934 975.745015226479
0.0177285318559557 975.744848797433
0.017797783933518 975.744669582084
0.0178670360110803 975.744476667084
0.0179362880886427 975.744269079396
0.018005540166205 975.744045782817
0.0180747922437673 975.743805674323
0.0181440443213296 975.743547580246
0.018213296398892 975.743270252258
0.0182825484764543 975.742972363162
0.0183518005540166 975.742652502495
0.0184210526315789 975.742309171908
0.0184903047091413 975.741940780354
0.0185595567867036 975.741545639036
0.0186288088642659 975.741121956148
0.0186980609418283 975.740667831368
0.0187673130193906 975.740181250116
0.0188365650969529 975.739660077566
0.0189058171745152 975.739102052401
0.0189750692520776 975.738504780308
0.0190443213296399 975.737865727199
0.0191135734072022 975.737182212168
0.0191828254847645 975.73645140015
0.0192520775623269 975.735670294306
0.0193213296398892 975.734835728102
0.0193905817174515 975.733944357087
0.0194598337950139 975.732992650371
0.0195290858725762 975.731976881774
0.0195983379501385 975.730893120669
0.0196675900277008 975.729737222491
0.0197368421052632 975.728504818913
0.0198060941828255 975.727191307693
0.0198753462603878 975.725791842177
0.0199445983379501 975.724301320449
0.0200138504155125 975.722714374149
0.0200831024930748 975.721025356919
0.0201523545706371 975.719228332511
0.0202216066481994 975.717317062522
0.0202908587257618 975.715284993783
0.0203601108033241 975.713125245378
0.0204293628808864 975.710830595302
0.0204986149584488 975.708393466763
0.0205678670360111 975.705805914117
0.0206371191135734 975.703059608445
0.0207063711911357 975.700145822776
0.0207756232686981 975.697055416949
0.0208448753462604 975.693778822131
0.0209141274238227 975.690306024981
0.020983379501385 975.686626551485
0.0210526315789474 975.682729450444
0.0211218836565097 975.678603276646
0.021191135734072 975.67423607371
0.0212603878116343 975.669615356636
0.0213296398891967 975.66472809404
0.021398891966759 975.659560690117
0.0214681440443213 975.654098966325
0.0215373961218837 975.648328142809
0.021606648199446 975.642232819582
0.0216759002770083 975.635796957485
0.0217451523545706 975.629003858926
0.021814404432133 975.621836148442
0.0218836565096953 975.614275753077
0.0219529085872576 975.606303882622
0.0220221606648199 975.597901009729
0.0220914127423823 975.589046849914
0.0221606648199446 975.579720341495
0.0222299168975069 975.569899625476
0.0222991689750693 975.559562025412
0.0223684210526316 975.548684027281
0.0224376731301939 975.537241259396
0.0225069252077562 975.525208472391
0.0225761772853186 975.512559519312
0.0226454293628809 975.499267335843
0.0227146814404432 975.485303920717
0.0227839335180055 975.470640316333
0.0228531855955679 975.455246589624
0.0229224376731302 975.439091813224
0.0229916897506925 975.422144046958
0.0230609418282548 975.404370319711
0.0231301939058172 975.38573661171
0.0231994459833795 975.366207837268
0.0232686980609418 975.345747828029
0.0233379501385042 975.324319316769
0.0234072022160665 975.301883921783
0.0234764542936288 975.278402131925
0.0235457063711911 975.253833292329
0.0236149584487535 975.228135590877
0.0236842105263158 975.201266045442
0.0237534626038781 975.173180491972
0.0238227146814404 975.143833573463
0.0238919667590028 975.113178729851
0.0239612188365651 975.081168188895
0.0240304709141274 975.047752958091
0.0240997229916898 975.012882817658
0.0241689750692521 974.976506314658
0.0242382271468144 974.938570758284
0.0243074792243767 974.89902221638
0.0243767313019391 974.857805513221
0.0244459833795014 974.814864228611
0.0245152354570637 974.770140698341
0.024584487534626 974.723576016049
0.0246537396121884 974.675110036524
0.0247229916897507 974.624681380501
0.024792243767313 974.572227440973
0.0248614958448753 974.517684391074
0.0249307479224377 974.460987193562
0.025 974.402069611925
0.0250692520775623 974.340864223166
0.0251385041551247 974.277302432273
0.025207756232687 974.211314488413
0.0252770083102493 974.142829502881
0.0253462603878116 974.071775468803
0.025415512465374 973.998079282646
0.0254847645429363 973.921666767518
0.0255540166204986 973.842462698296
0.0256232686980609 973.760390828582
0.0256925207756233 973.675373919493
0.0257617728531856 973.587333770295
0.0258310249307479 973.49619125088
0.0259002770083103 973.401866336075
0.0259695290858726 973.304278141791
0.0260387811634349 973.203344962991
0.0261080332409972 973.098984313464
0.0261772853185596 972.991112967391
0.0262465373961219 972.879647002683
0.0263157894736842 972.764501846058
0.0263850415512465 972.645592319835
0.0264542936288089 972.522832690406
0.0265235457063712 972.396136718359
0.0265927977839335 972.265417710194
0.0266620498614958 972.130588571606
0.0267313019390582 971.991561862266
0.0268005540166205 971.848249852069
0.0268698060941828 971.70056457877
0.0269390581717452 971.548417906969
0.0270083102493075 971.391721588355
0.0270775623268698 971.230387323172
0.0271468144044321 971.064326822805
0.0272160664819945 970.893451873435
0.0272853185595568 970.717674400663
0.0273545706371191 970.536906535044
0.0274238227146814 970.351060678424
0.0274930747922438 970.160049571007
0.0275623268698061 969.963786359055
0.0276315789473684 969.762184663128
0.0277008310249308 969.555158646764
0.0277700831024931 969.342623085516
0.0278393351800554 969.124493436219
0.0279085872576177 968.900685906406
0.0279778393351801 968.671117523766
0.0280470914127424 968.435706205523
0.0281163434903047 968.194370827645
0.028185595567867 967.947031293769
0.0282548476454294 967.693608603728
0.0283240997229917 967.434024921575
0.028393351800554 967.168203642993
0.0284626038781163 966.896069461976
0.0285318559556787 966.617548436678
0.028601108033241 966.332568054313
0.0286703601108033 966.041057294992
0.0287396121883657 965.742946694408
0.028808864265928 965.438168405233
0.0288781163434903 965.126656257144
0.0289473684210526 964.808345815361
0.029016620498615 964.483174437593
0.0290858725761773 964.151081329305
0.0291551246537396 963.81200759718
0.0292243767313019 963.465896300715
0.0292936288088643 963.112692501826
0.0293628808864266 962.752343312391
0.0294321329639889 962.384797939635
0.0295013850415513 962.010007729278
0.0295706371191136 961.627926206366
0.0296398891966759 961.238509113699
0.0297091412742382 960.841714447804
0.0297783933518006 960.437502492365
0.0298476454293629 960.025835849054
0.0299168975069252 959.606679465716
0.0299861495844875 959.180000661829
0.0300554016620499 958.745769151215
0.0301246537396122 958.303957061944
0.0301939058171745 957.854538953388
0.0302631578947368 957.397491830413
0.0303324099722992 956.932795154646
0.0304016620498615 956.460430852833
0.0304709141274238 955.980383322235
0.0305401662049862 955.49263943307
0.0306094182825485 954.997188527992
0.0306786703601108 954.4940224186
0.0307479224376731 953.983135378979
0.0308171745152355 953.464524136294
0.0308864265927978 952.938187858442
0.0309556786703601 952.404128138786
0.0310249307479224 951.86234897799
0.0310941828254848 951.312856763002
0.0311634349030471 950.755660243205
0.0312326869806094 950.190770503781
0.0313019390581717 949.618200936341
0.0313711911357341 949.037967206867
0.0314404432132964 948.450087221019
0.0315096952908587 947.854581086872
0.0315789473684211 947.251471075148
0.0316481994459834 946.640781577006
0.0317174515235457 946.02253905947
0.031786703601108 945.396772018571
0.0318559556786704 944.763510930272
0.0319252077562327 944.122788199282
0.031994459833795 943.474638105825
0.0320637119113573 942.819096750462
0.0321329639889197 942.156201997067
0.032202216066482 941.485993414037
0.0322714681440443 940.808512213849
0.0323407202216067 940.123801191049
0.032409972299169 939.43190465879
0.0324792243767313 938.732868384012
0.0325484764542936 938.026739521372
0.032617728531856 937.313566546027
0.0326869806094183 936.593399185383
0.0327562326869806 935.866288349912
0.0328254847645429 935.13228606314
0.0328947368421053 934.391445390928
0.0329639889196676 933.643820370137
0.0330332409972299 932.889465936794
0.0331024930747922 932.128437853864
0.0331717451523546 931.360792638728
0.0332409972299169 930.586587490478
0.0333102493074792 929.805880217131
0.0333795013850416 929.018729162854
0.0334487534626039 928.225193135319
0.0335180055401662 927.425331333259
0.0335872576177285 926.619203274351
0.0336565096952909 925.806868723493
0.0337257617728532 924.988387621578
0.0337950138504155 924.163820014858
0.0338642659279778 923.333225984965
0.0339335180055402 922.496665579695
0.0340027700831025 921.654198744616
0.0340720221606648 920.805885255578
0.0341412742382272 919.95178465221
0.0342105263157895 919.091956172458
0.0342797783933518 918.226458688236
0.0343490304709141 917.355350642256
0.0344182825484765 916.478689986089
0.0344875346260388 915.596534119505
0.0345567867036011 914.708939831169
0.0346260387811634 913.815963240697
0.0346952908587258 912.917659742164
0.0347645429362881 912.014083949054
0.0348337950138504 911.105289640731
0.0349030470914127 910.191329710427
0.0349722991689751 909.272256114795
0.0350415512465374 908.348119825041
0.0351108033240997 907.41897077966
0.0351800554016621 906.484857838785
0.0352493074792244 905.545828740159
0.0353185595567867 904.601930056757
0.035387811634349 903.653207156026
0.0354570637119114 902.699704160784
0.0355263157894737 901.741463911747
0.035595567867036 900.778527931682
0.0356648199445983 899.81093639119
0.0357340720221607 898.838728076089
0.035803324099723 897.861940356386
0.0358725761772853 896.88060915683
0.0359418282548476 895.894768929001
0.03601108033241 894.904452624927
0.0360803324099723 893.909691672201
0.0361495844875346 892.910515950554
0.036218836565097 891.906953769864
0.0362880886426593 890.899031849559
0.0363573407202216 889.886775299376
0.0364265927977839 888.87020760144
0.0364958448753463 887.849350593613
0.0365650969529086 886.82422445408
0.0366343490304709 885.794847687117
0.0367036011080332 884.761237109996
0.0367728531855956 883.723407840979
0.0368421052631579 882.68137328835
0.0369113573407202 881.635145140435
0.0369806094182826 880.584733356554
0.0370498614958449 879.530146158853
0.0371191135734072 878.471390024956
0.0371883656509695 877.408469681394
0.0372576177285319 876.341388097736
0.0373268698060942 875.270146481386
0.0373961218836565 874.194744272962
0.0374653739612188 873.115179142228
0.0375346260387812 872.031446984496
0.0376038781163435 870.943541917455
0.0376731301939058 869.851456278353
0.0377423822714681 868.755180621492
0.0378116343490305 867.654703715956
0.0378808864265928 866.550012543529
0.0379501385041551 865.441092296732
0.0380193905817175 864.327926376925
0.0380886426592798 863.210496392416
0.0381578947368421 862.088782156514
0.0382271468144044 860.962761685468
0.0382963988919668 859.832411196234
0.0383656509695291 858.697705104014
0.0384349030470914 857.558616019503
0.0385041551246537 856.41511474579
0.0385734072022161 855.267170274854
0.0386426592797784 854.114749783597
0.0387119113573407 852.957818629358
0.0387811634349031 851.79634034485
0.0388504155124654 850.63027663246
0.0389196675900277 849.459587357865
0.03898891966759 848.284230542892
0.0390581717451524 847.104162357578
0.0391274238227147 845.919337111368
0.039196675900277 844.729707243396
0.0392659279778393 843.535223311792
0.0393351800554017 842.33583398195
0.039404432132964 841.131486013721
0.0394736842105263 839.922124247441
0.0395429362880886 838.70769158877
0.039612188365651 837.48812899226
0.0396814404432133 836.263375443595
0.0397506925207756 835.033367940459
0.039819944598338 833.798041471952
0.0398891966759003 832.557328996499
0.0399584487534626 831.311161418189
0.0400277008310249 830.059467561488
0.0400969529085873 828.802174144237
0.0401662049861496 827.539205748894
0.0402354570637119 826.270484791931
0.0403047091412742 824.995931491322
0.0403739612188366 823.715463832052
0.0404432132963989 822.42899752956
0.0405124653739612 821.136445991046
0.0405817174515236 819.837720274558
0.0406509695290859 818.532729045773
0.0407202216066482 817.221378532384
0.0407894736842105 815.903572475998
0.0408587257617729 814.57921208146
0.0409279778393352 813.248195963486
0.0409972299168975 811.910420090516
0.0410664819944598 810.565777725665
0.0411357340720222 809.214159364668
0.0412049861495845 807.855452670689
0.0412742382271468 806.489542405867
0.0413434903047091 805.116310359483
0.0414127423822715 803.735635272574
0.0414819944598338 802.347392758885
0.0415512465373961 800.951455221974
0.0416204986149585 799.547691768312
0.0416897506925208 798.135968116222
0.0417590027700831 796.71614650044
0.0418282548476454 795.28808557214
0.0418975069252078 793.85164029419
0.0419667590027701 792.406661831431
0.0420360110803324 790.952997435757
0.0421052631578947 789.490490325734
0.0421745152354571 788.018979560517
0.0422437673130194 786.538299907774
0.0423130193905817 785.048281705339
0.0423822714681441 783.548750716267
0.0424515235457064 782.039527976982
0.0425207756232687 780.52042963815
0.042590027700831 778.99126679791
0.0426592797783934 777.451845327066
0.0427285318559557 775.901965685818
0.042797783933518 774.341422731576
0.0428670360110803 772.770005517384
0.0429362880886427 771.187497080423
0.043005540166205 769.593674220077
0.0430747922437673 767.988307264942
0.0431440443213296 766.371159828171
0.043213296398892 764.741988550491
0.0432825484764543 763.100542830157
0.0433518005540166 761.446564539099
0.043421052631579 759.779787724421
0.0434903047091413 758.099938294394
0.0435595567867036 756.40673368797
0.0436288088642659 754.699882526843
0.0436980609418283 752.979084248923
0.0437673130193906 751.244028722098
0.0438365650969529 749.494395836996
0.0439058171745152 747.729855077403
0.0439750692520776 745.950065066879
0.0440443213296399 744.154673090002
0.0441135734072022 742.34331458654
0.0441828254847645 740.515612616713
0.0442520775623269 738.67117729559
0.0443213296398892 736.809605194446
0.0443905817174515 734.930478706791
0.0444598337950139 733.033365376553
0.0445290858725762 731.117817185679
0.0445983379501385 729.183369798226
0.0446675900277008 727.229541757706
0.0447368421052632 725.255833634216
0.0448060941828255 723.261727117536
0.0448753462603878 721.246684052075
0.0449445983379501 719.210145409123
0.0450138504155125 717.151530191504
0.0450831024930748 715.070234265217
0.0451523545706371 712.965629112175
0.0452216066481994 710.837060497574
0.0452908587257618 708.683847044794
0.0453601108033241 706.505278710046
0.0454293628808864 704.300615148182
0.0454986149584488 702.06908396025
0.0455678670360111 699.809878812358
0.0456371191135734 697.522157414376
0.0457063711911357 695.205039345758
0.0457756232686981 692.857603714394
0.0458448753462604 690.478886632896
0.0459141274238227 688.067878494962
0.045983379501385 685.62352103252
0.0460526315789474 683.144704132138
0.0461218836565097 680.630262386696
0.046191135734072 678.07897135545
0.0462603878116344 675.489543502413
0.0463296398891967 672.860623779254
0.046398891966759 670.190784814747
0.0464681440443213 667.478521667946
0.0465373961218837 664.722246096735
0.046606648199446 661.920280287045
0.0466759002770083 659.070849980659
0.0467451523545706 656.172076931061
0.046814404432133 653.2219706069
0.0468836565096953 650.218419051211
0.0469529085872576 647.159178791169
0.0470221606648199 644.041863677501
0.0470914127423823 640.863932514399
0.0471606648199446 637.622675319123
0.0472299168975069 634.315198025046
0.0472991689750693 630.938405411617
0.0473684210526316 627.488982008794
0.0474376731301939 623.963370680498
0.0475069252077562 620.357748540149
0.0475761772853186 616.667999789262
0.0476454293628809 612.889684995041
0.0477146814404432 609.018006231627
0.0477839335180055 605.047767398238
0.0478531855955679 600.973328890623
0.0479224376731302 596.788555633343
0.0479916897506925 592.486757270791
0.0480609418282548 588.060619052961
0.0481301939058172 583.502121622923
0.0481994459833795 578.802447496442
0.0482686980609418 573.951871493369
0.0483379501385042 568.939631698684
0.0484072022160665 563.753776648339
0.0484764542936288 558.380983282134
0.0485457063711911 552.806338686037
0.0486149584487535 547.013076622815
0.0486842105263158 540.982257126595
0.0487534626038781 534.692373729668
0.0488227146814404 528.118867779321
0.0488919667590028 521.233522161778
0.0489612188365651 514.003696624481
0.0490304709141274 506.391352295894
0.0490997229916897 498.351791598036
0.0491689750692521 489.832007732083
0.0492382271468144 480.76848898286
0.0493074792243767 471.084246462337
0.0493767313019391 460.684710625294
0.0494459833795014 449.451937341726
0.0495152354570637 437.236212833307
0.049584487534626 423.843517930726
0.0496537396121884 409.01613267934
0.0497229916897507 392.401323362772
0.049792243767313 373.498093384773
0.0498614958448753 351.560552618969
0.0499307479224377 325.407238716822
0.05 293
