3.42465753424658e-05 -0
0.000102739726027397 1.65982089272379e-12
0.000171232876712329 -0
0.00023972602739726 1.65979005711574e-12
0.000308219178082192 -1.65976538862931e-12
0.000376712328767123 3.31946910604255e-12
0.000445205479452055 3.31939510058325e-12
0.000513698630136986 3.31930876088074e-12
0.000582191780821918 3.31921008693502e-12
0.000650684931506849 1.65954953937304e-12
0.000719178082191781 1.65948786815696e-12
0.000787671232876712 -1.65942002981927e-12
0.000856164383561644 -4.97803807307992e-12
0.000924657534246575 -3.31853170355815e-12
0.000993150684931507 -3.31835902415313e-12
0.00106164383561644 -1.65908700525244e-12
0.00113013698630137 -1.65898833130672e-12
0.0011986301369863 -1.65888349023939e-12
0.00126712328767123 -0
0.00133561643835616 -1.65865530673989e-12
0.0014041095890411 -1.65853196430773e-12
0.00147260273972603 -3.31680490950793e-12
0.00154109589041096 -3.31653355615717e-12
0.00160958904109589 -6.63249973712648e-12
0.00167808219178082 -8.28988461681509e-12
0.00174657534246575 -8.28911372661408e-12
0.00181506849315069 -8.28831200080508e-12
0.00188356164383562 -8.28747943938801e-12
0.00195205479452055 -6.6292928338903e-12
0.00202054794520548 -4.9714330858379e-12
0.00208904109589041 -4.97087804489312e-12
0.00215753424657534 -6.62707267011145e-12
0.00222602739726027 -8.2828540981821e-12
0.00229452054794521 -8.28183652311674e-12
0.00236301369863014 -6.62463048995476e-12
0.00243150684931507 -1.15915924126269e-11
0.0025 -1.49014778116907e-11
0.00256849315068493 -1.15884410134852e-11
0.00263698630136986 -9.93154333640361e-12
0.00270547945205479 -8.27508352495613e-12
0.00277397260273973 -9.92862012076139e-12
0.00284246575342466 -1.15816201769869e-11
0.00291095890410959 -9.92554889420065e-12
0.00297945205479452 -1.15779507396302e-11
0.00304794520547945 -9.92232965672139e-12
0.00311643835616438 -1.15741086228683e-11
0.00318493150684932 -1.15721228097108e-11
0.00325342465753425 -9.91722328003004e-12
0.00332191780821918 -9.91544714900683e-12
0.00339041095890411 -8.26136167937858e-12
0.00345890410958904 -1.1563747858567e-11
0.00352739726027397 -1.15615461961531e-11
0.0035958904109589 -1.15593013638879e-11
0.00366438356164384 -1.15570133617712e-11
0.00373287671232877 -1.15546821898035e-11
0.0038013698630137 -9.90197815541521e-12
0.00386986301369863 -1.15498903363142e-11
0.00393835616438356 -1.319706246262e-11
0.00400684931506849 -1.48434760329684e-11
0.00407534246575342 -1.48402012913946e-11
0.00414383561643836 -1.64854122730289e-11
0.00421232876712329 -1.64816503288485e-11
0.00428082191780822 -1.64778267134513e-11
0.00434931506849315 -1.31791531414707e-11
0.00441780821917808 -1.64699944690095e-11
0.00448630136986301 -1.64659858399642e-11
0.00455479452054795 -1.15233408777921e-11
0.00462328767123288 -1.31662268545805e-11
0.00469178082191781 -1.48082309329792e-11
0.00476027397260274 -1.80942680727851e-11
0.00482876712328767 -1.48005158638475e-11
0.0048972602739726 -1.31525111761247e-11
0.00496575342465753 -1.64361986425977e-11
0.00503424657534247 -1.31453573150595e-11
0.0051027397260274 -1.31417063790676e-11
0.00517123287671233 -1.14957553428397e-11
0.00523972602739726 -8.20891031010328e-12
0.00530821917808219 -1.14891503555978e-11
0.00537671232876712 -9.84495694902846e-12
0.00544520547945206 -6.56135582225762e-12
0.00551369863013699 -6.55938234334301e-12
0.00558219178082192 -4.91803814695653e-12
0.00565068493150685 -0
0.00571917808219178 6.5533138956809e-12
0.00578767123287671 9.82686261423084e-12
0.00585616438356164 1.47355760733162e-11
0.00592465753424658 1.96410702949225e-11
0.00599315068493151 2.45432897749545e-11
0.00606164383561644 3.10778556209473e-11
0.00613013698630137 4.0878193445143e-11
0.0061986301369863 4.74026082089686e-11
0.00626712328767123 5.71904021078126e-11
0.00633561643835617 7.35049851123042e-11
0.0064041095890411 8.16435285648612e-11
0.00647260273972603 9.46728699882314e-11
0.00654109589041096 1.10955939001306e-10
0.00660958904109589 1.30489035331114e-10
0.00667808219178082 1.5326838469924e-10
0.00674657534246575 1.77660228468871e-10
0.00681506849315068 2.05291775793667e-10
0.00688356164383562 2.39416415071638e-10
0.00695205479452055 2.73514116362426e-10
0.00702054794520548 3.17349078157614e-10
0.00708904109589041 3.61148702345977e-10
0.00715753424657534 4.14669416845883e-10
0.00722602739726027 4.73022545176336e-10
0.00729452054794521 5.41076153297896e-10
0.00736301369863014 6.18817697285245e-10
0.00743150684931507 6.99740301668393e-10
0.0075 7.98444741576529e-10
0.00756849315068493 9.08418998160275e-10
0.00763698630136986 1.03126905950788e-09
0.00770547945205479 1.17183949484652e-09
0.00777397260273973 1.32848579624644e-09
0.00784246575342466 1.50766286884384e-09
0.00791095890410959 1.71257651552639e-09
0.00797945205479452 1.94157236713694e-09
0.00804794520547945 2.19946737036495e-09
0.00811643835616438 2.4878361288168e-09
0.00818493150684932 2.81309702593452e-09
0.00825342465753425 3.18165590123469e-09
0.00832191780821918 3.59667718855341e-09
0.00839041095890411 4.06615896898153e-09
0.00845890410958904 4.59001909645903e-09
0.00852739726027397 5.18429448550722e-09
0.0085958904109589 5.85209986912886e-09
0.00866438356164384 6.60298407142806e-09
0.00873287671232877 7.44969481838643e-09
0.0088013698630137 8.39690809479567e-09
0.00886986301369863 9.4605449287943e-09
0.00893835616438356 1.0656491948317e-08
0.00900684931506849 1.20006007643828e-08
0.00907534246575343 1.35118987385133e-08
0.00914383561643836 1.51997411890373e-08
0.00921232876712329 1.70975203972087e-08
0.00928082191780822 1.92257288987489e-08
0.00934931506849315 2.16080154794481e-08
0.00941780821917808 2.42791835707729e-08
0.00948630136986301 2.72675530774436e-08
0.00955479452054795 3.06077747329993e-08
0.00962328767123288 3.43552023398943e-08
0.00969178082191781 3.85410884269215e-08
0.00976027397260274 4.3220564138777e-08
0.00982876712328767 4.84486269046299e-08
0.0098972602739726 5.42865200488647e-08
0.00996575342465754 6.08112800364081e-08
0.0100342465753425 6.80901906847121e-08
0.0101027397260274 7.62094766788666e-08
0.0101712328767123 8.52694706705751e-08
0.0102397260273973 9.53734321693495e-08
0.0103082191780822 1.06632304298092e-07
0.0103767123287671 1.19172631707783e-07
0.0104452054794521 1.33144449907537e-07
0.010513698630137 1.48694227574106e-07
0.0105821917808219 1.66004525690417e-07
0.0106506849315068 1.85257420688642e-07
0.0107191780821918 2.06667767628959e-07
0.0107876712328767 2.30467257956455e-07
0.0108561643835616 2.56910686845677e-07
0.0109246575342466 2.86288521518791e-07
0.0109931506849315 3.18906232527586e-07
0.0110616438356164 3.55114241206554e-07
0.0111301369863014 3.95277773009382e-07
0.0111986301369863 4.39825692625975e-07
0.0112671232876712 4.89214025213632e-07
0.0113356164383562 5.43946327520526e-07
0.0114041095890411 6.0458453142495e-07
0.011472602739726 6.7173299500076e-07
0.011541095890411 7.4606191919752e-07
0.0116095890410959 8.28316527001083e-07
0.0116780821917808 9.1930421824251e-07
0.0117465753424658 1.01991158402773e-06
0.0118150684931507 1.13111193892957e-06
0.0118835616438356 1.25397595037364e-06
0.0119520547945205 1.38968065174918e-06
0.0120205479452055 1.53950276221277e-06
0.0120890410958904 1.7048620666418e-06
0.0121575342465753 1.88728647227707e-06
0.0122260273972603 2.08846308839798e-06
0.0122945205479452 2.31023758509625e-06
0.0123630136986301 2.55463693280581e-06
0.0124315068493151 2.82385463369594e-06
0.0125 3.12029828761235e-06
0.0125684931506849 3.44660737388466e-06
0.0126369863013699 3.80565227994237e-06
0.0127054794520548 4.20056283639838e-06
0.0127739726027397 4.63475825969395e-06
0.0128424657534247 5.11197383750623e-06
0.0129109589041096 5.63627041820308e-06
0.0129794520547945 6.21207171556043e-06
0.0130479452054795 6.84420451339707e-06
0.0131164383561644 7.53790926872255e-06
0.0131849315068493 8.29890627332421e-06
0.0132534246575342 9.13340433363546e-06
0.0133219178082192 1.00481510363116e-05
0.0133904109589041 1.10504935318646e-05
0.013458904109589 1.21484035497728e-05
0.013527397260274 1.33505391941978e-05
0.0135958904109589 1.46662971629814e-05
0.0136643835616438 1.61058692699327e-05
0.0137328767123288 1.76803216702596e-05
0.0138013698630137 1.9401635268806e-05
0.0138698630136986 2.12828010584356e-05
0.0139383561643836 2.33378873342883e-05
0.0140068493150685 2.55821263910237e-05
0.0140753424657534 2.80320037562704e-05
0.0141438356164384 3.07053575763759e-05
0.0142123287671233 3.36214667050365e-05
0.0142808219178082 3.68011809509736e-05
0.0143493150684932 4.02670185239903e-05
0.0144178082191781 4.40433024483026e-05
0.014486301369863 4.81562854748726e-05
0.0145547945205479 5.26342985179924e-05
0.0146232876712329 5.7507905745619e-05
0.0146917808219178 6.28100510842164e-05
0.0147602739726027 6.85762401526708e-05
0.0148287671232877 7.48447270820015e-05
0.0148972602739726 8.16566864855011e-05
0.0149657534246575 8.90564523278668e-05
0.0150342465753425 9.70917174637095e-05
0.0151027397260274 0.000105813768046438
0.0151712328767123 0.000115277734457472
0.0152397260273973 0.000125542852590584
0.0153082191780822 0.000136672742919963
0.0153767123287671 0.000148735713219971
0.0154452054794521 0.000161805057690853
0.015513698630137 0.000175959391514666
0.0155821917808219 0.000191283011567034
0.0156506849315068 0.000207866259085181
0.0157191780821918 0.000225805909685129
0.0157876712328767 0.000245205591991298
0.0158561643835616 0.000266176225664929
0.0159246575342466 0.000288836469683303
0.0159931506849315 0.000313313231455015
0.0160616438356164 0.000339742157311804
0.0161301369863014 0.000368268186313688
0.0161986301369863 0.000399046111831201
0.0162671232876712 0.000432241190888488
0.0163356164383562 0.000468029745930776
0.0164041095890411 0.000506599861302642
0.016472602739726 0.00054815205072184
0.016541095890411 0.000592899997969048
0.0166095890410959 0.000641071322862101
0.0166780821917808 0.000692908370747143
0.0167465753424658 0.000748669063584188
0.0168150684931507 0.000808627781110233
0.0168835616438356 0.000873076258480427
0.0169520547945205 0.000942324579559977
0.0170205479452055 0.00101670216217292
0.0170890410958904 0.00109655881007008
0.0171575342465753 0.00118226582070596
0.0172260273972603 0.00127421710430071
0.0172945205479452 0.00137283040171793
0.0173630136986301 0.00147854850230885
0.0174315068493151 0.00159184055351051
0.0175 0.00171320339421501
0.0175684931506849 0.0018431629523062
0.0176369863013699 0.00198227570128893
0.0177054794520548 0.00213113014624947
0.0177739726027397 0.00229034841418596
0.0178424657534247 0.00246058784031178
0.0179109589041096 0.00264254267179946
0.0179794520547945 0.00283694578791099
0.0180479452054795 0.00304457048379784
0.0181164383561644 0.00326623234749298
0.0181849315068493 0.00350279114970934
0.0182534246575342 0.00375515282380794
0.0183219178082192 0.00402427150322203
0.0183904109589041 0.00431115160975865
0.018458904109589 0.00461685001353949
0.018527397260274 0.0049424782378011
0.0185958904109589 0.00528920474502621
0.0186643835616438 0.00565825726757057
0.0187328767123288 0.00605092519197199
0.0188013698630137 0.00646856201891921
0.0188698630136986 0.00691258787067917
0.0189383561643836 0.00738449204939737
0.0190068493150685 0.00788583566242158
0.0190753424657534 0.00841825427663163
0.0191438356164384 0.00898346065777289
0.0192123287671233 0.00958324751842398
0.0192808219178082 0.010219490350388
0.0193493150684932 0.0108941502723844
0.0194178082191781 0.011609276926169
0.019486301369863 0.0123670114158813
0.0195547945205479 0.0131695892769025
0.0196232876712329 0.0140193434635154
0.0196917808219178 0.0149187073840571
0.0197602739726027 0.0158702179361561
0.0198287671232877 0.0168765185694419
0.0198972602739726 0.0179403623607592
0.0199657534246575 0.0190646150927073
0.0200342465753425 0.0202522583249982
0.0201027397260274 0.0215063924732528
0.0201712328767123 0.0228302398722379
0.0202397260273973 0.0242271478075438
0.0203082191780822 0.0257005915472582
0.0203767123287671 0.0272541773076183
0.0204452054794521 0.0288916452106838
0.020513698630137 0.0306168721793848
0.0205821917808219 0.0324338747627792
0.0206506849315069 0.0343468119149249
0.0207191780821918 0.0363599876924399
0.0207876712328767 0.0384778538708781
0.0208561643835616 0.0407050124632587
0.0209246575342466 0.04304621813412
0.0209931506849315 0.0455063804997106
0.0210616438356164 0.0480905663213992
0.0211301369863014 0.0508040015325528
0.0211986301369863 0.0536520731610123
0.0212671232876712 0.0566403310521213
0.0213356164383562 0.0597744894629402
0.0214041095890411 0.0630604284424277
0.021472602739726 0.0665041950548831
0.021541095890411 0.0701120043727159
0.0216095890410959 0.0738902402580218
0.0216780821917808 0.0778454559518044
0.0217465753424658 0.0819843743751573
0.0218150684931507 0.0863138882188373
0.0218835616438356 0.0908410597433345
0.0219520547945205 0.0955731203283733
0.0220205479452055 0.100517469722752
0.0220890410958904 0.105681674987986
0.0221575342465753 0.111073469161198
0.0222260273972603 0.116700749567723
0.0222945205479452 0.122571575818951
0.0223630136986301 0.128694167450306
0.0224315068493151 0.135076901236578
0.0225 0.141728308101318
0.0225684931506849 0.148657069691066
0.0226369863013699 0.155872014547912
0.0227054794520548 0.163382113897838
0.0227739726027397 0.171196477007983
0.0228424657534247 0.179324346200526
0.0229109589041096 0.187775091378952
0.0229794520547945 0.196558204188996
0.0230479452054795 0.205683291712899
0.0231164383561644 0.215160069762978
0.0231849315068493 0.224998355698317
0.0232534246575342 0.235208060845633
0.0233219178082192 0.245799182461384
0.0233904109589041 0.256781795210529
0.023458904109589 0.2681660422722
0.023527397260274 0.279962125941662
0.0235958904109589 0.292180297816191
0.0236643835616438 0.304830848525337
0.0237328767123288 0.317924097050613
0.0238013698630137 0.331470379564328
0.0238698630136986 0.345480037899639
0.0239383561643836 0.359963407558028
0.0240068493150685 0.374930805317505
0.0240753424657534 0.39039251644701
0.0241438356164384 0.406358781528682
0.0242123287671233 0.422839782894445
0.0242808219178082 0.439845630678604
0.0243493150684932 0.457386348586308
0.0244178082191781 0.475471859238337
0.024486301369863 0.49411196925271
0.0245547945205479 0.513316354026529
0.0246232876712329 0.533094542216144
0.0246917808219178 0.553455899986506
0.0247602739726027 0.574409614983553
0.0248287671232877 0.595964680140583
0.0248972602739726 0.618129877269357
0.0249657534246575 0.640913760489808
0.0250342465753425 0.664324639535526
0.0251027397260274 0.688370562957536
0.0251712328767123 0.713059301218045
0.0252397260273973 0.738398329783278
0.0253082191780822 0.764394812166801
0.0253767123287671 0.791055583004522
0.0254452054794521 0.818387131169839
0.025513698630137 0.84639558297837
0.0255821917808219 0.875086685509318
0.0256506849315069 0.904465790065149
0.0257191780821918 0.934537835840306
0.0257876712328767 0.965307333820874
0.0258561643835616 0.996778350889734
0.0259246575342466 1.02895449429803
0.0259931506849315 1.06183889642262
0.0260616438356164 1.0954341999152
0.0261301369863014 1.12974254325963
0.0261986301369863 1.1647655467624
0.0262671232876712 1.20050429902249
0.0263356164383562 1.2369593439561
0.0264041095890411 1.27413066831789
0.026472602739726 1.31201768985729
0.026541095890411 1.35061924608533
0.0266095890410959 1.38993358369047
0.0266780821917808 1.42995834865789
0.0267465753424658 1.47069057712258
0.0268150684931507 1.51212668696043
0.0268835616438356 1.55426247017358
0.0269520547945205 1.59709308609283
0.0270205479452055 1.64061305543958
0.0270890410958904 1.68481625523129
0.0271575342465753 1.72969591460255
0.0272260273972603 1.77524461152423
0.0272945205479452 1.82145427051553
0.0273630136986301 1.86831616123684
0.0274315068493151 1.91582089812609
0.0275 1.9639584410093
0.0275684931506849 2.01271809671272
0.0276369863013699 2.06208852170547
0.0277054794520548 2.112057725766
0.0277739726027397 2.16261307669439
0.0278424657534247 2.21374130605567
0.0279109589041096 2.26542851599211
0.0279794520547945 2.31766018704625
0.0280479452054795 2.37042118707116
0.0281164383561644 2.42369578114619
0.0281849315068493 2.47746764256447
0.0282534246575342 2.53171986479648
0.0283219178082192 2.58643497453352
0.0283904109589041 2.64159494565334
0.028458904109589 2.69718121424749
0.028527397260274 2.75317469456218
0.0285958904109589 2.80955579590198
0.0286643835616438 2.86630444046938
0.0287328767123288 2.92340008206752
0.0288013698630137 2.98082172569962
0.0288698630136986 3.03854794799694
0.0289383561643836 3.09655691843983
0.0290068493150685 3.15482642138128
0.0290753424657534 3.21333387878285
0.0291438356164384 3.27205637363552
0.0292123287671233 3.33097067408521
0.0292808219178082 3.39005325810929
0.0293493150684931 3.44928033882192
0.0294178082191781 3.50862789028686
0.029486301369863 3.56807167379843
0.0295547945205479 3.62758726460257
0.0296232876712329 3.68715007902472
0.0296917808219178 3.74673540190532
0.0297602739726027 3.8063184143254
0.0298287671232877 3.86587422158137
0.0298972602739726 3.92537788132092
0.0299657534246575 3.98480443181429
0.0300342465753425 4.04412892031686
0.0301027397260274 4.10332643141489
0.0301712328767123 4.16237211539101
0.0302397260273973 4.22124121645206
0.0303082191780822 4.2799091008664
0.0303767123287671 4.33835128487914
0.0304452054794521 4.39654346239379
0.030513698630137 4.45446153236961
0.0305821917808219 4.51208162585247
0.0306506849315069 4.56938013262231
0.0307191780821918 4.62633372740309
0.0307876712328767 4.68291939555571
0.0308561643835616 4.73911445825845
0.0309246575342466 4.79489659707244
0.0309931506849315 4.85024387791638
0.0310616438356164 4.90513477431951
0.0311301369863014 4.95954819000007
0.0311986301369863 5.01346348069458
0.0312671232876712 5.0668604751533
0.0313356164383562 5.11971949536906
0.0314041095890411 5.17202137590613
0.031472602739726 5.22374748236076
0.031541095890411 5.27487972890382
0.0316095890410959 5.32540059487965
0.0316780821917808 5.37529314042928
0.0317465753424658 5.4245410211338
0.0318150684931507 5.47312850165018
0.0318835616438356 5.52104046830878
0.0319520547945206 5.56826244069575
0.0320205479452055 5.61478058215294
0.0320890410958904 5.66058170923717
0.0321575342465753 5.70565330010293
0.0322260273972603 5.7499835018105
0.0322945205479452 5.79356113656492
0.0323630136986301 5.83637570687145
0.0324315068493151 5.87841739963028
0.0325 5.91967708913419
0.0325684931506849 5.96014633904972
0.0326369863013699 5.99981740330678
0.0327054794520548 6.03868322597697
0.0327739726027397 6.07673744010281
0.0328424657534247 6.1139743655446
0.0329109589041096 6.15038900581053
0.0329794520547945 6.18597704392812
0.0330479452054794 6.22073483737316
0.0331164383561644 6.25465941205936
0.0331849315068493 6.28774845543647
0.0332534246575343 6.32000030870831
0.0333219178082192 6.35141395822488
0.0333904109589041 6.38198902602649
0.033458904109589 6.41172575964216
0.033527397260274 6.44062502111464
0.0335958904109589 6.4686882753108
0.0336643835616438 6.49591757755367
0.0337328767123288 6.5223155606185
0.0338013698630137 6.5478854210862
0.0338698630136986 6.57263090515686
0.0339383561643836 6.5965562939094
0.0340068493150685 6.61966638806105
0.0340753424657534 6.64196649228057
0.0341438356164384 6.66346239906376
0.0342123287671233 6.68416037223699
0.0342808219178082 6.70406713011029
0.0343493150684931 6.72318982832856
0.0344178082191781 6.74153604245167
0.034486301369863 6.75911375031048
0.034554794520548 6.77593131415972
0.0346232876712329 6.79199746270029
0.0346917808219178 6.80732127295114
0.0347602739726027 6.82191215207845
0.0348287671232877 6.83577981913832
0.0348972602739726 6.84893428684618
0.0349657534246575 6.86138584334213
0.0350342465753425 6.87314503402744
0.0351027397260274 6.88422264348587
0.0351712328767123 6.89462967752178
0.0352397260273973 6.9043773453451
0.0353082191780822 6.9134770419382
0.0353767123287671 6.92194033063442
0.0354452054794521 6.92977892591784
0.035513698630137 6.93700467647673
0.0355821917808219 6.94362954855338
0.0356506849315068 6.9496656095885
0.0357191780821918 6.95512501218383
0.0357876712328767 6.96001997842246
0.0358561643835617 6.96436278454932
0.0359246575342466 6.96816574601735
0.0359931506849315 6.97144120295355
0.0360616438356164 6.9742015060158
0.0361301369863014 6.97645900268361
0.0361986301369863 6.97822602398437
0.0362671232876712 6.979514871665
0.0363356164383562 6.98033780581088
0.0364041095890411 6.98070703293774
0.036472602739726 6.98063469454907
0.036541095890411 6.9801328561754
0.0366095890410959 6.97921349687502
0.0366780821917808 6.97788849923715
0.0367465753424658 6.97616963985388
0.0368150684931507 6.97406858028346
0.0368835616438356 6.97159685849526
0.0369520547945205 6.96876588079622
0.0370205479452055 6.96558691424134
0.0370890410958904 6.96207107951265
0.0371575342465753 6.9582293442718
0.0372260273972603 6.954072516992
0.0372945205479452 6.94961124122186
0.0373630136986301 6.9448559903416
0.0374315068493151 6.93981706272278
0.0375 6.93450457735947
0.0375684931506849 6.92892846991352
0.0376369863013699 6.92309848917144
0.0377054794520548 6.91702419393099
0.0377739726027397 6.91071495026602
0.0378424657534247 6.9041799291895
0.0379109589041096 6.89742810468452
0.0379794520547945 6.89046825211009
0.0380479452054795 6.88330894695273
0.0381164383561644 6.87595856391463
0.0381849315068493 6.86842527633199
0.0382534246575342 6.86071705591195
0.0383219178082192 6.85284167276374
0.0383904109589041 6.84480669572317
0.038458904109589 6.83661949294374
0.038527397260274 6.8282872327706
0.0385958904109589 6.81981688483293
0.0386643835616438 6.81121522139936
0.0387328767123288 6.8024888189448
0.0388013698630137 6.79364405992444
0.0388698630136986 6.78468713475081
0.0389383561643836 6.77562404395938
0.0390068493150685 6.76646060053028
0.0390753424657534 6.75720243238495
0.0391438356164384 6.74785498503408
0.0392123287671233 6.73842352433963
0.0392808219178082 6.72891313942716
0.0393493150684932 6.71932874569902
0.0394178082191781 6.70967508794786
0.039486301369863 6.69995674356762
0.0395547945205479 6.69017812584703
0.0396232876712329 6.68034348733135
0.0396917808219178 6.67045692324658
0.0397602739726027 6.66052237497728
0.0398287671232877 6.6505436335895
0.0398972602739726 6.64052434338517
0.0399657534246575 6.63046800549494
0.0400342465753425 6.62037798146878
0.0401027397260274 6.61025749690458
0.0401712328767123 6.60010964506085
0.0402397260273973 6.58993739047479
0.0403082191780822 6.57974357257835
0.0403767123287671 6.56953090928548
0.0404452054794521 6.55930200057484
0.040513698630137 6.54905933203757
0.0405821917808219 6.53880527839546
0.0406506849315069 6.52854210698722
0.0407191780821918 6.51827198121113
0.0407876712328767 6.50799696393254
0.0408561643835616 6.49771902083446
0.0409246575342466 6.48744002372332
0.0409931506849315 6.47716175377894
0.0410616438356164 6.46688590475292
0.0411301369863014 6.45661408610457
0.0411986301369863 6.44634782607129
0.0412671232876712 6.43608857469042
0.0413356164383562 6.42583770673493
0.0414041095890411 6.41559652460989
0.041472602739726 6.40536626115452
0.041541095890411 6.3951480823945
0.0416095890410959 6.38494309022299
0.0416780821917808 6.37475232499736
0.0417465753424658 6.36457676808816
0.0418150684931507 6.3544173443375
0.0418835616438356 6.34427492446074
0.0419520547945205 6.33415032736801
0.0420205479452055 6.32404432242218
0.0420890410958904 6.31395763162585
0.0421575342465753 6.30389093173495
0.0422260273972603 6.2938448563079
0.0422945205479452 6.28381999768149
0.0423630136986301 6.27381690888849
0.0424315068493151 6.26383610549983
0.0425 6.25387806740691
0.0425684931506849 6.24394324053117
0.0426369863013699 6.23403203848626
0.0427054794520548 6.2241448441614
0.0427739726027397 6.21428201125572
0.0428424657534247 6.20444386574576
0.0429109589041096 6.19463070729856
0.0429794520547945 6.18484281062845
0.0430479452054795 6.17508042679844
0.0431164383561644 6.16534378445945
0.0431849315068493 6.15563309105202
0.0432534246575342 6.14594853394712
0.0433219178082192 6.13629028153731
0.0433904109589041 6.12665848428314
0.043458904109589 6.11705327571019
0.043527397260274 6.10747477336804
0.0435958904109589 6.09792307973229
0.0436643835616438 6.08839828307681
0.0437328767123288 6.07890045830108
0.0438013698630137 6.06942966771451
0.0438698630136986 6.05998596178825
0.0439383561643836 6.05056937986765
0.0440068493150685 6.04117995085103
0.0440753424657534 6.03181769382987
0.0441438356164384 6.02248261870702
0.0442123287671233 6.01317472677118
0.0442808219178082 6.00389401124873
0.0443493150684932 5.99464045782822
0.0444178082191781 5.98541404514912
0.044486301369863 5.97621474527532
0.0445547945205479 5.96704252413399
0.0446232876712329 5.95789734193426
0.0446917808219178 5.94877915356541
0.0447602739726027 5.93968790896815
0.0448287671232877 5.93062355348717
0.0448972602739726 5.92158602820295
0.0449657534246575 5.9125752702487
0.0450342465753425 5.90359121310285
0.0451027397260274 5.89463378686777
0.0451712328767123 5.88570291853246
0.0452397260273973 5.87679853221657
0.0453082191780822 5.86792054940546
0.0453767123287671 5.85906888916361
0.0454452054794521 5.85024346834388
0.045513698630137 5.84144420177189
0.0455821917808219 5.83267100243342
0.0456506849315069 5.82392378163634
0.0457191780821918 5.81520244917259
0.0457876712328767 5.80650691346192
0.0458561643835616 5.79783708169413
0.0459246575342466 5.78919285995401
0.0459931506849315 5.78057415334545
0.0460616438356164 5.77198086609899
0.0461301369863014 5.7634129016826
0.0461986301369863 5.75487016289443
0.0462671232876712 5.74635255195768
0.0463356164383562 5.73785997060206
0.0464041095890411 5.72939232014568
0.046472602739726 5.72094950156573
0.046541095890411 5.71253141556788
0.0466095890410959 5.70413796264987
0.0466780821917808 5.69576904315914
0.0467465753424658 5.68742455734654
0.0468150684931507 5.67910440541901
0.0468835616438356 5.670808487583
0.0469520547945206 5.66253670408939
0.0470205479452055 5.65428895527134
0.0470890410958904 5.64606514158309
0.0471575342465753 5.63786516363123
0.0472260273972603 5.62968892220716
0.0472945205479452 5.62153631831479
0.0473630136986301 5.61340725319641
0.0474315068493151 5.60530162835734
0.0475 5.5972193455863
0.0475684931506849 5.58916030697621
0.0476369863013699 5.581124414944
0.0477054794520548 5.57311157224333
0.0477739726027397 5.56512168198257
0.0478424657534247 5.55715464763753
0.0479109589041096 5.54921037306362
0.0479794520547945 5.54128876250715
0.0480479452054795 5.53338972061379
0.0481164383561644 5.52551315244029
0.0481849315068493 5.51765896345969
0.0482534246575343 5.50982705956964
0.0483219178082192 5.50201734709849
0.0483904109589041 5.49422973281023
0.048458904109589 5.48646412390959
0.048527397260274 5.47872042804615
0.0485958904109589 5.47099855331792
0.0486643835616438 5.46329840827322
0.0487328767123288 5.45561990191474
0.0488013698630137 5.44796294369999
0.0488698630136986 5.44032744354378
0.0489383561643836 5.43271331181919
0.0490068493150685 5.42512045935775
0.0490753424657534 5.41754879745024
0.0491438356164384 5.40999823784738
0.0492123287671233 5.4024686927586
0.0492808219178082 5.39496007485254
0.0493493150684931 5.38747229725605
0.0494178082191781 5.38000527355329
0.049486301369863 5.37255891778487
0.049554794520548 5.36513314444663
0.0496232876712329 5.35772786848812
0.0496917808219178 5.35034300531146
0.0497602739726027 5.34297847076936
0.0498287671232877 5.33563418116349
0.0498972602739726 5.32831005324277
0.0499657534246575 5.3210060042013
