0.000333333333333333 -0
0.001 -3.40925453201635e-13
0.00166666666666667 -0
0.00233333333333333 -1.70162593349232e-13
0.003 -0
0.00366666666666667 3.39244706992759e-13
0.00433333333333333 1.86188412953925e-12
0.005 7.26020630281709e-12
0.00566666666666667 2.76113341897144e-11
0.00633333333333333 1.0237114793199e-10
0.007 3.64040742852012e-10
0.00766666666666667 1.25004026244824e-09
0.00833333333333333 4.14601686316018e-09
0.009 1.32749768852136e-08
0.00966666666666667 4.10426722453393e-08
0.0103333333333333 1.22549114727917e-07
0.011 3.5343422965093e-07
0.0116666666666667 9.84642193861874e-07
0.0123333333333333 2.65009026768825e-06
0.013 6.89123279635397e-06
0.0136666666666667 1.73152498626586e-05
0.0143333333333333 4.20435236720007e-05
0.015 9.86626622918838e-05
0.0156666666666667 0.000223788354252334
0.0163333333333333 0.000490686324240262
0.017 0.0010401768096578
0.0176666666666667 0.00213209626147196
0.0183333333333333 0.00422637601514078
0.019 0.00810331751218701
0.0196666666666667 0.0150303870454152
0.0203333333333333 0.0269760191839254
0.021 0.0468579935131278
0.0216666666666667 0.0787946678290544
0.0223333333333333 0.128303842761219
0.023 0.202371698287685
0.0236666666666667 0.309301676836382
0.0243333333333333 0.458260535085098
0.025 0.658474358719747
0.0256666666666667 0.918093169790762
0.0263333333333333 1.24283074274421
0.027 1.63457694991373
0.0276666666666667 2.0902458883302
0.0283333333333333 2.60113652187019
0.029 3.15302619238454
0.0296666666666667 3.72709303211487
0.0303333333333333 4.30159565832107
0.031 4.85406984069464
0.0316666666666667 5.36367943330637
0.0323333333333333 5.81331916401377
0.033 6.19112234393061
0.0336666666666667 6.49116107577881
0.0343333333333333 6.71330111559932
0.035 6.86234003577741
0.0356666666666667 6.94667450140418
0.0363333333333333 6.97678809526671
0.037 6.96382619134549
0.0376666666666667 6.91844883272072
0.0383333333333333 6.85005565915057
0.039 6.76638654813689
0.0396666666666667 6.67343664151443
0.0403333333333333 6.57559180427295
0.041 6.47588701797245
0.0416666666666667 6.37630641923848
0.0423333333333333 6.27806888950362
0.043 6.1818684682597
0.0436666666666667 6.08805907245975
0.0443333333333333 5.99678616148752
0.045 5.90807462720298
0.0456666666666667 5.82188405680738
0.0463333333333333 5.7381415730266
0.047 5.65676029955613
0.0476666666666667 5.57764916816116
0.0483333333333333 5.50071780356904
0.049 5.42587876059318
0.0496666666666667 5.35304841297724
