0 976.062014467413
0.00182574185835055 976.062014467413
0.00258198889747161 976.062014467412
0.00316227766016838 976.062014467413
0.00365148371670111 976.062014467412
0.00408248290463863 976.062014467412
0.00447213595499958 976.062014467412
0.00483045891539648 976.062014467411
0.00516397779494322 976.062014467409
0.00547722557505166 976.062014467405
0.00577350269189626 976.062014467398
0.00605530070819498 976.062014467386
0.00632455532033676 976.062014467367
0.00658280588604383 976.062014467336
0.00683130051063973 976.062014467289
0.00707106781186548 976.062014467216
0.00730296743340221 976.062014467107
0.00752772652709081 976.062014466946
0.00774596669241483 976.06201446671
0.00795822425754221 976.062014466369
0.00816496580927726 976.062014465884
0.00836660026534076 976.0620144652
0.00856348838577675 976.062014464248
0.00875595035770913 976.062014462936
0.00894427190999916 976.062014461143
0.00912870929175277 976.062014458715
0.00930949336251263 976.062014455454
0.00948683298050514 976.062014451109
0.00966091783079296 976.062014445363
0.00983192080250175 976.062014437815
0.01 976.062014427968
0.0101653004546513 976.062014415203
0.0103279555898864 976.062014398755
0.0104880884817015 976.062014377683
0.0106458129484475 976.062014350835
0.0108012344973464 976.06201431681
0.0109544511501033 976.062014273904
0.0111055541659718 976.062014220062
0.0112546286774228 976.06201415281
0.0114017542509914 976.062014069181
0.0115470053837925 976.062013965636
0.0116904519445001 976.06201383796
0.0118321595661992 976.062013681159
0.0119721899973786 976.062013489327
0.01211060141639 976.06201325551
0.0122474487139159 976.062012971541
0.0123827837473378 976.062012627861
0.0125166555703457 976.062012213309
0.0126491106406735 976.062011714898
0.0127801930084539 976.062011117554
0.0129099444873581 976.062010403825
0.0130384048104053 976.062009553567
0.0131656117720877 976.062008543579
0.0132916013582513 976.062007347212
0.0134164078649987 976.062005933925
0.0135400640077266 976.062004268803
0.0136626010212795 976.062002312019
0.0137840487520902 976.062000018247
0.0139044357430761 976.061997336012
0.0140237893119751 976.061994206981
0.014142135623731 976.061990565187
0.0142594997574716 976.061986336179
0.0143759057685652 976.061981436099
0.0144913767461894 976.061975770675
0.0146059348668044 976.061969234126
0.0147196014438797 976.061961707981
0.0148323969741913 976.061953059789
0.0149443411809733 976.061943141739
0.0150554530541816 976.061931789158
0.0151657508881031 976.061918818902
0.0152752523165195 976.061904027622
0.0153839743456191 976.061887189902
0.0154919333848297 976.061868056262
0.0155991452757301 976.061846351024
0.0157056253191863 976.061821770026
0.0158113883008419 976.061793978186
0.0159164485150844 976.061762606904
0.0160208197875972 976.061727251295
0.0161245154965971 976.061687467256
0.0162275485928508 976.061642768344
0.0163299316185545 976.061592622473
0.016431676725155 976.06153644842
0.016532795690183 976.061473612128
0.0166332999331662 976.061403422806
0.0167332005306815 976.06132512882
0.0168325082306035 976.061237913365
0.0169312334656004 976.061140889919
0.0170293863659264 976.061033097465
0.0171269767715535 976.060913495487
0.0172240142436851 976.060780958725
0.0173205080756888 976.060634271694
0.0174164673034842 976.060472122956
0.0175119007154183 976.060293099143
0.017606816861659 976.060095678736
0.0177012240631357 976.059878225579
0.0177951304200522 976.059638982154
0.0178885438199983 976.059376062586
0.0179814719456816 976.059087445399
0.0180739222823013 976.058770966007
0.018165902124585 976.058424308958
0.0182574185835055 976.058044999912
0.0183484785926972 976.057630397368
0.0184390889145858 976.057177684141
0.0185292561462497 976.056683858588
0.0186189867250253 976.056145725586
0.0187082869338697 976.055559887271
0.0187971629064956 976.05492273354
0.0188856206322871 976.054230432328
0.0189736659610103 976.053478919654
0.0190613046073277 976.052663889456
0.0191485421551268 976.051780783216
0.0192353840616713 976.050824779395
0.0193218356615859 976.049790782665
0.0194079021706795 976.04867341298
0.0194935886896179 976.047466994471
0.0195789002074512 976.046165544189
0.0196638416050035 976.044762760712
0.0197484176581315 976.043252012621
0.019832633040858 976.041626326871
0.0199164923283862 976.039878377055
0.02 976.038000471606
0.0200831604418561 976.035984541916
0.0201659779496722 976.033822130425
0.0202484567313166 976.031504378683
0.0203306009093025 976.02902201539
0.0204124145231932 976.02636534447
0.0204939015319192 976.023524233159
0.0205750658160146 976.020488100155
0.0206559111797729 976.017245903842
0.0207364413533277 976.01378613061
0.0208166599946613 976.010096783291
0.0208965706915433 976.006165369741
0.020976176963403 976.001978891581
0.0210554822631383 975.997523833131
0.0211344899788631 975.992786150552
0.0212132034355964 975.987751261221
0.0212916258968951 975.982404033369
0.0213697605664328 975.976728776002
0.0214476105895272 975.970709229126
0.0215251790546173 975.964328554301
0.0216024689946929 975.957569325562
0.0216794833886788 975.950413520702
0.0217562251627743 975.94284251297
0.0218326971917504 975.934837063195
0.0219089023002066 975.926377312354
0.0219848432637882 975.917442774614
0.0220605228103657 975.908012330876
0.0221359436211787 975.898064222827
0.0222111083319436 975.887576047535
0.022286019533929 975.876524752607
0.0223606797749979 975.864886631924
0.0224350915606185 975.852637321975
0.0225092573548455 975.839751798814
0.0225831795812724 975.826204375652
0.0226568606239552 975.811968701107
0.0227303028283098 975.797017758119
0.0228035085019828 975.781323863563
0.022876479915698 975.764858668556
0.022949219304078 975.74759315948
0.0230217288664427 975.72949765974
0.023094010767585 975.710541832257
0.0231660671385254 975.690694682714
0.0232379000772445 975.669924563561
0.0233095116493961 975.64819917879
0.0233809038890002 975.625485589487
0.0234520787991171 975.601750220163
0.0235230383525031 975.576958865869
0.0235937844922485 975.551076700112
0.0236643191323985 975.524068283544
0.0237346441585572 975.495897573461
0.0238047614284762 975.466527934082
0.0238746727726266 975.435922147626
0.0239443799947573 975.404042426167
0.0240138848724372 975.370850424277
0.0240831891575846 975.336307252447
0.0241522945769824 975.30037349127
0.0242212028327799 975.263009206391
0.0242899156029822 975.224173964203
0.0243584345419268 975.18382684829
0.0244267612807483 975.141926476587
0.0244948974278318 975.098431019263
0.0245628445692541 975.053298217298
0.0246306042692149 975.006485401744
0.0246981780704569 974.957949513652
0.0247655674946756 974.907647124648
0.0248327740429189 974.855534458131
0.0248997991959775 974.801567411086
0.0249666444147653 974.745701576475
0.0250333111406915 974.687892266198
0.0250998007960223 974.628094534584
0.0251661147842358 974.566263202406
0.0252322544903674 974.502352881381
0.025298221281347 974.436317999127
0.0253640165063291 974.368112824567
0.0254296414970142 974.297691493729
0.0254950975679639 974.225008035935
0.0255603860169078 974.15001640033
0.0256255081250434 974.072670482741
0.0256904651573303 973.992924152816
0.0257552583627758 973.910731281426
0.0258198889747161 973.826045768299
0.0258843582110896 973.738821569839
0.0259486672747048 973.649012727115
0.0260128173535022 973.556573393986
0.0260768096208106 973.461457865313
0.0261406452355969 973.363620605244
0.0262043253427114 973.263016275539
0.0262678510731274 973.159599763877
0.0263312235441753 973.053326212155
0.0263944438597722 972.9441510447
0.0264575131106459 972.832029996397
0.0265204323745548 972.716919140684
0.0265832027165025 972.598774917386
0.0266458251889485 972.477554160348
0.0267083008320135 972.353214124856
0.0267706306736817 972.225712514789
0.0268328157299975 972.095007509491
0.0268948570052591 971.961057790324
0.0269567554922076 971.823822566874
0.0270185121722126 971.683261602781
0.0270801280154532 971.539335241162
0.0271416039810964 971.392004429607
0.0272029410174709 971.24123074471
0.027264140062238 971.086976416119
0.0273252020425589 970.929204350072
0.0273861278752583 970.767878152396
0.0274469184669852 970.602962150946
0.0275075747143703 970.434421417466
0.0275680975041804 970.26222178884
0.0276284877134695 970.086329887714
0.0276887462097269 969.906713142479
0.0277488738510232 969.72333980658
0.0278088714861523 969.536178977151
0.0278687399547713 969.345200612936
0.0279284800875379 969.150375551503
0.0279880927062444 968.951675525719
0.0280475786239502 968.749073179483
0.0281069386451104 968.542542082695
0.0281661735657035 968.332056745453
0.0282252841733554 968.117592631477
0.0282842712474619 967.899126170723
0.0283431355593084 967.676634771217
0.0284018778721877 967.450096830062
0.0284604989415154 967.219491743642
0.0285189995149433 966.984799917003
0.0285773803324704 966.746002772406
0.0286356421265527 966.503082757058
0.0286937856222098 966.256023350009
0.0287518115371304 966.004809068219
0.0288097205817759 965.749425471796
0.0288675134594813 965.489859168403
0.0289251908665555 965.226097816837
0.0289827534923789 964.958130129784
0.0290402020194993 964.685945875754
0.0290975371237269 964.409535880196
0.0291547594742265 964.128892025811
0.0292118697336089 963.844007252056
0.0292688685580203 963.554875553851
0.0293257565972304 963.261491979511
0.0293825344947187 962.963852627883
0.0294392028877595 962.661954644737
0.0294957624075053 962.355796218378
0.0295522136790687 962.045376574539
0.0296085573216033 961.730695970517
0.0296647939483827 961.411755688616
0.0297209241668784 961.088558028863
0.0297769485788364 960.761106301052
0.0298328677803526 960.429404816103
0.0298886823619465 960.093458876767
0.0299443929086343 959.753274767685
0.03 959.408859744827
0.0300555042102663 959.060222024314
0.0301109061083632 958.707370770663
0.0301662062579967 958.350316084443
0.030221405217715 957.989068989392
0.0302765035409749 957.623641418987
0.0303315017762062 957.254046202512
0.0303864004668755 956.880297050612
0.030441200151549 956.502408540392
0.0304959013639538 956.120396100038
0.0305505046330389 955.734275993019
0.0306050104830347 955.344065301864
0.0306594194335118 954.949781911546
0.0307137319994385 954.551444492491
0.0307679486912382 954.149072483236
0.0308220700148449 953.742686072747
0.0308760964717584 953.33230618243
0.0309300285590988 952.917954447849
0.0309838667696593 952.499653200171
0.0310376115919594 952.077425447361
0.0310912635102961 951.651294855148
0.0311448230047949 951.221285727776
0.0311982905514602 950.787422988576
0.0312516666222246 950.349732160354
0.0313049516849971 949.908239345645
0.0313581462037113 949.462971206821
0.0314112506383727 949.013954946101
0.0314642654451045 948.561218285464
0.0315171910761942 948.104789446487
0.0315700279801375 947.644697130136
0.0316227766016838 947.180970496512
0.0316754373818789 946.713639144592
0.0317280107581088 946.242733091953
0.0317804971641414 945.768282754531
0.0318328970301689 945.290318926397
0.0318852107828483 944.8088727596
0.0319374388453426 944.323975744063
0.0319895816373602 943.835659687567
0.0320416395751944 943.343956695838
0.0320936130717624 942.848899152732
0.0321455025366432 942.350519700564
0.0321973083761153 941.848851220565
0.0322490309931942 941.343926813502
0.0323006707876684 940.835779780458
0.0323522281561358 940.324443603798
0.0324037034920393 939.809951928324
0.0324550971857016 939.292338542639
0.0325064096243597 938.771637360716
0.0325576411921994 938.247882403706
0.0326087922703883 937.72110778197
0.032659863237109 937.191347677368
0.0327108544675923 936.65863632579
0.0327617663341483 936.123007999967
0.0328125992061992 935.584496992542
0.03286335345031 935.043137599424
0.0329140294302192 934.498964103435
0.0329646275068696 933.952010758246
0.0330151480384384 933.402311772614
0.033065591380366 932.849901294931
0.0331159578853861 932.294813398083
0.033166247903554 931.737082064621
0.033216461782275 931.176741172268
0.0332665998663324 930.613824479738
0.0333166624979154 930.048365612893
0.0333666500166459 929.480398051238
0.0334165627596057 928.909955114739
0.033466401061363 928.337069950997
0.0335161652539985 927.76177552275
0.0335658556671309 927.184104595726
0.0336154726279432 926.604089726837
0.0336650164612069 926.02176325272
0.0337144874893074 925.437157278625
0.0337638860322683 924.850303667645
0.0338132124077754 924.261234030301
0.0338624669312008 923.669979714461
0.0339116499156263 923.076571795615
0.0339607616718667 922.48104106749
0.0340098025084926 921.883418033006
0.0340587727318528 921.283732895575
0.0341076726460973 920.68201555074
0.0341565025531987 920.078295578149
0.0342052627529741 919.472602233865
0.034253953543107 918.864964443004
0.0343025752191678 918.25541079271
0.0343511280746353 917.643969525443
0.0343996124009172 917.030668532605
0.0344480284873702 916.415535348467
0.0344963766213207 915.798597144422
0.0345446570880843 915.179880723546
0.0345928701709856 914.559412515465
0.0346410161513775 913.93721857152
0.0346890953086605 913.313324560236
0.0347371079203014 912.687755763075
0.0347850542618522 912.060537070485
0.0348329346069684 911.431692978229
0.0348807492274273 910.801247583983
0.034928498393146 910.169224584222
0.0349761823721991 909.535647271357
0.0350238014308365 908.900538531146
0.0350713558335004 908.26392084035
0.0351188458428425 907.625816264649
0.0351662717197412 906.986246456794
0.035213633723318 906.345232655005
0.0352609321109544 905.702795681595
0.0353081671383076 905.058955941828
0.0353553390593274 904.413733422992
0.0354024481262713 903.767147693694
0.0354494945897211 903.119217903354
0.0354964786985977 902.469962781918
0.0355434007001769 901.81940063975
0.0355902608401044 901.167549367729
0.0356370593624109 900.514426437529
0.035683796509527 899.860048902073
0.0357304725222976 899.204433396165
0.0357770876399966 898.547596137292
0.0358236421003411 897.889552926579
0.0358701361395056 897.230319149909
0.0359165699921359 896.569909779189
0.0359629438913631 895.908339373759
0.0360092580688171 895.245622081943
0.0360555127546399 894.581771642726
0.0361017081774995 893.916801387569
0.0361478445646026 893.250724242337
0.0361939221417077 892.58355272934
0.0362399411331384 891.915298969497
0.0362859017617954 891.245974684593
0.0363318042491699 890.575591199643
0.0363776488153555 889.904159445346
0.0364234356790606 889.23168996063
0.0364691650576209 888.558192895283
0.0365148371670111 887.88367801266
0.0365604522218567 887.208154692468
0.0366060104354463 886.531631933616
0.0366515120197426 885.854118357131
0.0366969571853944 885.175622209137
0.0367423461417477 884.496151363888
0.0367876790968571 883.815713326846
0.0368329562574967 883.134315237815
0.0368781778291715 882.451963874111
0.036923344016128 881.768665653771
0.0369684550213647 881.084426638797
0.0370135110466435 880.399252538426
0.0370585122924995 879.713148712433
0.0371034589582517 879.026120174449
0.0371483512420134 878.3381715953
0.0371931893407023 877.649307306361
0.0372379734500505 876.959531302919
0.0372827037646145 876.268847247548
0.0373273804777851 875.577258473481
0.0373720037817972 874.884767987992
0.0374165738677394 874.191378475763
0.0374610909255635 873.497092302264
0.0375055551440939 872.801911517105
0.0375499667110372 872.105837857388
0.0375943258129912 871.408872751046
0.0376386326354541 870.711017320158
0.0376828873628335 870.012272384251
0.0377270901784558 869.312638463575
0.0377712412645741 868.612115782358
0.0378153408023781 867.910704272029
0.0378593889720018 867.208403574422
0.0379033859525329 866.505213044931
0.0379473319220206 865.801131755654
0.0379912270574844 865.096158498479
0.0380350715349224 864.390291788151
0.0380788655293195 863.683529865287
0.0381226092146555 862.975870699357
0.0381663027639129 862.267311991617
0.0382099463490856 861.557851178004
0.0382535401411861 860.847485431974
0.0382970843102535 860.136211667308
0.0383405790253616 859.424026540849
0.0383840244546261 858.710926455208
0.0384274207652123 857.9969075614
0.0384707681233427 857.281965761443
0.0385140666943045 856.566096710889
0.0385573166424567 855.84929582131
0.0386005181312376 855.131558262713
0.0386436713231718 854.412878965919
0.0386867763798777 853.693252624857
0.0387298334620742 852.97267369882
0.0387728427295876 852.251136414645
0.038815804341359 851.528634768841
0.0388587184554509 850.805162529652
0.0389015852290538 850.08071323905
0.0389444048184931 849.355280214672
0.0389871773792359 848.628856551693
0.0390299030658972 847.901435124624
0.0390725820322469 847.173008589051
0.0391152144312159 846.443569383309
0.0391578004149024 845.713109730085
0.0392003401345788 844.981621637949
0.0392428337406972 844.249096902827
0.0392852813828962 843.515527109399
0.039327683210007 842.780903632423
0.0393700393700591 842.045217637999
0.0394123500102865 841.308460084761
0.0394546152771341 840.570621724986
0.039496835316263 839.831693105651
0.0395390102725566 839.091664569406
0.0395811402901264 838.350526255476
0.0396232255123179 837.608268100498
0.039665266081716 836.864879839278
0.039707262140151 836.12035100548
0.0397492138287036 835.37467093224
0.0397911212877111 834.627828752708
0.0398329846567724 833.879813400512
0.0398748040747538 833.13061361016
0.0399165796797939 832.380217917349
0.0399583116093094 831.628614659217
0.04 830.875791974513
0.040041644987854 830.121737803689
0.0400832467081531 829.366439888922
0.0401248052954778 828.609885774058
0.0401663208837122 827.85206280448
0.0402077936060494 827.092958126898
0.0402492235949962 826.332558689067
0.0402906109823782 825.570851239424
0.0403319558993445 824.807822326647
0.0403732584763727 824.043458299144
0.0404145188432738 823.277745304448
0.0404557371291967 822.510669288555
0.0404969134626332 821.742215995163
0.0405380479714223 820.972370964841
0.0405791407827552 820.201119534124
0.0406201920231798 819.428446834513
0.0406612018186051 818.654337791406
0.0407021702943058 817.878777122944
0.0407430975749267 817.101749338774
0.0407839837844874 816.32323873873
0.0408248290463863 815.543229411433
0.0408656334834051 814.761705232802
0.0409063972177132 813.978649864488
0.0409471203708718 813.194046752217
0.0409878030638384 812.407879124049
0.0410284454169706 811.620129988547
0.0410690475500305 810.83078213287
0.0411096095821889 810.039818120757
0.0411501316320292 809.247220290447
0.0411906138175515 808.452970752485
0.0412310562561766 807.657051387454
0.04127145906475 806.859443843602
0.0413118223595458 806.060129534388
0.0413521462562707 805.259089635921
0.0413924308700677 804.456305084316
0.0414326763155202 803.651756572937
0.0414728827066554 802.84542454956
0.0415130501569486 802.037289213422
0.0415531787793265 801.227330512177
0.0415932686861708 800.415528138742
0.0416333199893227 799.60186152805
0.0416733328000853 798.786309853687
0.0417133072292284 797.968852024423
0.0417532433869913 797.149466680642
0.0417931413830866 796.328132190653
0.0418330013267038 795.504826646887
0.0418728233265125 794.679527861988
0.0419126074906664 793.852213364779
0.0419523539268061 793.022860396113
0.0419920627420627 792.191445904598
0.0420317340430616 791.35794654221
0.0420713679359253 790.522338659762
0.0421109645262767 789.684598302264
0.0421505239192429 788.844701204138
0.042190046219458 788.002622784304
0.0422295315310664 787.158338141132
0.0422689799577263 786.311822047251
0.0423083916026124 785.463048944219
0.0423477665684193 784.611992937043
0.0423871049573649 783.758627788555
0.0424264068711929 782.902926913633
0.0424656724111762 782.044863373267
0.0425049016781202 781.18440986847
0.0425440947723653 780.321538734018
0.0425832517937902 779.456221932028
0.0426223728418147 778.588431045369
0.0426614580154031 777.71813727089
0.0427005074130663 776.845311412476
0.0427395211328656 775.969923873912
0.0427784992724149 775.091944651567
0.0428174419288838 774.211343326883
0.0428563491990005 773.328089058657
0.0428952211790544 772.442150575135
0.0429340579648993 771.553496165879
0.0429728596519555 770.662093673437
0.0430116263352131 769.767910484777
0.0430503581092345 768.87091352251
0.043089055068157 767.971069235863
0.0431277173056957 767.068343591433
0.0431663449151458 766.162702063675
0.0432049379893857 765.25410962515
0.0432434966208793 764.342530736515
0.0432820209016785 763.427929336232
0.043320510923426 762.510268830013
0.0433589667773576 761.589512079982
0.0433973885543051 760.665621393535
0.0434357763446985 759.738558511912
0.0434741302385683 758.808284598453
0.0435124503255486 757.874760226531
0.0435507366948788 756.937945367167
0.0435889894354067 755.997799376296
0.0436272086355904 755.054280981692
0.0436653943835008 754.107348269525
0.0437035467668243 753.156958670555
0.0437416658728647 752.203068945933
0.0437797517885457 751.245635172615
0.0438178046004133 750.284612728364
0.0438558243946381 749.31995627633
0.0438938112570174 748.351619749196
0.0439317652729776 747.379556332874
0.0439696865275764 746.403718449736
0.044007575105505 745.42405774137
0.0440454310910905 744.44052505083
0.0440832545682976 743.453070404385
0.0441210456207315 742.461642992727
0.0441588043316392 741.466191151641
0.0441965307839126 740.466662342101
0.0442342250600897 739.463003129781
0.0442718872423573 738.455159163961
0.044309517412553 737.443075155799
0.0443471156521669 736.426694855961
0.0443846820423443 735.405961031567
0.0444222166638872 734.380815442448
0.0444597195972564 733.351198816674
0.044497190922574 732.317050825333
0.0445346307196246 731.278310056537
0.0445720390678581 730.234913988619
0.0446094160463909 729.186798962493
0.0446467617340086 728.133900153157
0.0446840762091673 727.07615154028
0.0447213595499958 726.013485877877
0.0447586118342977 724.945834662998
0.0447958331395529 723.873128103421
0.0448330235429198 722.795295084297
0.0448701831212369 721.712263133713
0.0449073119510249 720.623958387128
0.0449444101084885 719.53030555063
0.0449814776695179 718.431227862987
0.045018514709691 717.326647056422
0.0450555213042752 716.216483316079
0.0450924975282289 715.100655238106
0.0451294434562035 713.979079786325
0.0451663591625449 712.851672247415
0.0452032447212955 711.718346184534
0.0452401002061961 710.579013389354
0.0452769256906871 709.433583832398
0.0453137212479105 708.281965611642
0.0453504869507116 707.124064899284
0.0453872228716409 705.959785886621
0.0454239290829551 704.789030726937
0.0454606056566195 703.611699476321
0.0454972526643093 702.427690032336
0.0455338701774112 701.236898070418
0.045570458267025 700.039216977935
0.0456070170039655 698.834537785775
0.0456435464587638 697.622749097372
0.0456800467016691 696.403737015037
0.0457165178026498 695.177385063483
0.045752959831396 693.943574110413
0.0457893728573199 692.70218228402
0.0458257569495584 691.453084887282
0.0458621121769739 690.19615430887
0.045898438608156 688.931259930535
0.0459347363114234 687.658268030779
0.0459710053548248 686.377041684662
0.0460072458061409 685.087440659519
0.0460434577328854 683.789321306421
0.0460796412023068 682.482536447148
0.04611579628139 681.166935256455
0.0461519230368573 679.842363139395
0.0461880215351701 678.508661603449
0.0462240918425302 677.165668125197
0.0462601340248815 675.813216011238
0.0462961481479111 674.451134253079
0.0463321342770508 673.079247375652
0.0463680924774785 671.697375279149
0.0464040228141196 670.305333073779
0.0464399253516483 668.902930907112
0.046475800154489 667.48997378356
0.0465116472868177 666.066261375599
0.0465474668125631 664.631587826247
0.0465832587954085 663.185741542326
0.0466190232987922 661.728504977979
0.0466547603859099 660.259654407884
0.046690470119715 658.778959689571
0.0467261525629206 657.286184014222
0.0467618077780005 655.78108364525
0.0467974358271904 654.263407643955
0.0468330367724893 652.732897581479
0.0468686106756608 651.189287236211
0.0469041575982343 649.632302275781
0.0469396776015061 648.061659922665
0.0469751707465408 646.477068602396
0.0470106370941726 644.87822757327
0.0470460767050063 643.264826536374
0.0470814896394185 641.63654522467
0.047116875957559 639.993052969758
0.047152235719352 638.33400824486
0.047187568984497 636.659058182442
0.0472228758124704 634.967838064748
0.0472581562625261 633.259970785425
0.0472934103936972 631.535066280228
0.0473286382647969 629.792720924658
0.0473638399344197 628.032516896202
0.0473990154609425 626.254021498644
0.0474341649025257 624.456786445711
0.0474692883171144 622.64034710108
0.0475043857624395 620.804221671521
0.0475394572960189 618.947910349651
0.0475745029751582 617.070894402497
0.0476095228569523 615.172635201681
0.0476445169982864 613.252573190701
0.0476794854558366 611.310126784337
0.0477144282860716 609.344691194754
0.0477493455452533 607.355637178379
0.0477842372894382 605.342309697031
0.0478191035744781 603.304026486178
0.0478539444560216 601.240076522473
0.0478887599895146 599.149718381948
0.0479235502302017 597.032178479373
0.0479583152331272 594.886649178295
0.0479930550531359 592.712286760201
0.0480277697448743 590.508209240006
0.0480624593627917 588.2734940137
0.0480971239611407 586.007175322434
0.0481317635939788 583.708241515592
0.0481663783151692 581.375632093407
0.0482009681783814 579.008234507473
0.0482355332370926 576.604880694979
0.0482700735445887 574.1643433196
0.0483045891539648 571.685331688762
0.0483390801181266 569.166487313245
0.0483735464897913 566.606379070859
0.0484079883214882 564.003497931067
0.0484424056655599 561.356251191825
0.0484767985741633 558.66295617352
0.0485111670992704 555.921833307418
0.0485455112926691 553.130998547547
0.0485798312059645 550.288455024892
0.0486141268905792 547.392083851309
0.0486483983977548 544.439633967029
0.0486826457785523 541.428710909838
0.0487168690838536 538.35676436554
0.0487510683643617 535.221074337461
0.0487852436706019 532.018735747014
0.0488193950529227 528.746641246784
0.0488535225614967 525.401461991248
0.0488876262463213 521.979626066782
0.0489217061572196 518.477294230535
0.0489557623438413 514.890332544936
0.0489897948556636 511.21428141865
0.0490238037419918 507.444320472442
0.0490577890519606 503.575228535566
0.0490917508345343 499.601337939696
0.0491256891385081 495.51648210636
0.0491596040125088 491.313935211264
0.0491934955049954 486.986342443478
0.0492273636642603 482.52563904355
0.0492612085384298 477.922955882
0.049295030175465 473.168508800711
0.0493288286231625 468.251468247237
0.0493626039291554 463.159804834942
0.0493963561409139 457.880105289539
0.0494300853057461 452.397351696287
0.0494637914707988 446.694654901882
0.0494974746830583 440.752930150724
0.0495311349893512 434.550499255412
0.049564772436345 428.062598386778
0.049598387070549 421.260763276296
0.0496319789383149 414.112053272859
0.0496655480858378 406.578060764135
0.0496990945591567 398.613630545236
0.0497326184041554 390.165180878067
0.049766119666563 381.168467719166
0.0497995983919549 371.545554759723
0.0498330546257535 361.200624855527
0.0498664884132286 350.014057180038
0.0498998997994986 337.833830608769
0.0499332888295307 324.462661148896
0.049966655548142 309.638053209182
0.05 293
