0 975.776989023713
6.66666666666667e-05 975.776989023713
0.000133333333333333 975.776989023713
0.0002 975.776989023713
0.000266666666666667 975.776989023713
0.000333333333333333 975.776989023713
0.0004 975.776989023714
0.000466666666666667 975.776989023714
0.000533333333333333 975.776989023714
0.0006 975.776989023714
0.000666666666666667 975.776989023714
0.000733333333333333 975.776989023715
0.0008 975.776989023715
0.000866666666666667 975.776989023716
0.000933333333333333 975.776989023716
0.001 975.776989023716
0.00106666666666667 975.776989023717
0.00113333333333333 975.776989023717
0.0012 975.776989023717
0.00126666666666667 975.776989023717
0.00133333333333333 975.776989023717
0.0014 975.776989023716
0.00146666666666667 975.776989023716
0.00153333333333333 975.776989023715
0.0016 975.776989023714
0.00166666666666667 975.776989023714
0.00173333333333333 975.776989023713
0.0018 975.776989023712
0.00186666666666667 975.776989023712
0.00193333333333333 975.776989023711
0.002 975.77698902371
0.00206666666666667 975.776989023709
0.00213333333333333 975.776989023709
0.0022 975.776989023708
0.00226666666666667 975.776989023707
0.00233333333333333 975.776989023706
0.0024 975.776989023704
0.00246666666666667 975.776989023703
0.00253333333333333 975.776989023702
0.0026 975.7769890237
0.00266666666666667 975.776989023699
0.00273333333333333 975.776989023697
0.0028 975.776989023696
0.00286666666666667 975.776989023694
0.00293333333333333 975.776989023693
0.003 975.776989023692
0.00306666666666667 975.776989023691
0.00313333333333333 975.77698902369
0.0032 975.776989023689
0.00326666666666667 975.776989023688
0.00333333333333333 975.776989023686
0.0034 975.776989023685
0.00346666666666667 975.776989023684
0.00353333333333333 975.776989023683
0.0036 975.776989023682
0.00366666666666667 975.776989023681
0.00373333333333333 975.77698902368
0.0038 975.776989023679
0.00386666666666667 975.776989023679
0.00393333333333333 975.776989023678
0.004 975.776989023677
0.00406666666666667 975.776989023676
0.00413333333333333 975.776989023675
0.0042 975.776989023675
0.00426666666666667 975.776989023674
0.00433333333333333 975.776989023673
0.0044 975.776989023673
0.00446666666666667 975.776989023672
0.00453333333333333 975.776989023671
0.0046 975.77698902367
0.00466666666666667 975.77698902367
0.00473333333333333 975.776989023669
0.0048 975.776989023669
0.00486666666666667 975.776989023668
0.00493333333333333 975.776989023668
0.005 975.776989023667
0.00506666666666667 975.776989023666
0.00513333333333333 975.776989023666
0.0052 975.776989023665
0.00526666666666667 975.776989023664
0.00533333333333333 975.776989023663
0.0054 975.776989023662
0.00546666666666667 975.776989023661
0.00553333333333333 975.77698902366
0.0056 975.776989023658
0.00566666666666667 975.776989023656
0.00573333333333333 975.776989023655
0.0058 975.776989023653
0.00586666666666667 975.77698902365
0.00593333333333333 975.776989023648
0.006 975.776989023645
0.00606666666666667 975.776989023642
0.00613333333333333 975.776989023639
0.0062 975.776989023635
0.00626666666666667 975.77698902363
0.00633333333333333 975.776989023625
0.0064 975.776989023619
0.00646666666666667 975.776989023612
0.00653333333333333 975.776989023604
0.0066 975.776989023596
0.00666666666666667 975.776989023585
0.00673333333333333 975.776989023574
0.0068 975.776989023561
0.00686666666666667 975.776989023546
0.00693333333333333 975.776989023529
0.007 975.776989023509
0.00706666666666667 975.776989023487
0.00713333333333333 975.776989023461
0.0072 975.776989023433
0.00726666666666667 975.7769890234
0.00733333333333333 975.776989023363
0.0074 975.77698902332
0.00746666666666667 975.776989023272
0.00753333333333333 975.776989023218
0.0076 975.776989023156
0.00766666666666667 975.776989023087
0.00773333333333333 975.776989023008
0.0078 975.776989022919
0.00786666666666667 975.776989022818
0.00793333333333333 975.776989022704
0.008 975.776989022575
0.00806666666666667 975.776989022429
0.00813333333333333 975.776989022265
0.0082 975.776989022079
0.00826666666666667 975.77698902187
0.00833333333333333 975.776989021634
0.0084 975.776989021368
0.00846666666666667 975.776989021068
0.00853333333333333 975.77698902073
0.0086 975.776989020349
0.00866666666666667 975.776989019921
0.00873333333333333 975.776989019438
0.0088 975.776989018896
0.00886666666666667 975.776989018286
0.00893333333333333 975.7769890176
0.009 975.77698901683
0.00906666666666667 975.776989015966
0.00913333333333333 975.776989014995
0.0092 975.776989013905
0.00926666666666667 975.776989012682
0.00933333333333333 975.776989011311
0.0094 975.776989009775
0.00946666666666667 975.776989008053
0.00953333333333333 975.776989006124
0.0096 975.776989003964
0.00966666666666667 975.776989001547
0.00973333333333333 975.776988998842
0.0098 975.776988995816
0.00986666666666667 975.776988992433
0.00993333333333333 975.776988988651
0.01 975.776988984426
0.0100666666666667 975.776988979706
0.0101333333333333 975.776988974436
0.0102 975.776988968554
0.0102666666666667 975.776988961991
0.0103333333333333 975.77698895467
0.0104 975.776988946508
0.0104666666666667 975.77698893741
0.0105333333333333 975.776988927272
0.0106 975.77698891598
0.0106666666666667 975.776988903406
0.0107333333333333 975.77698888941
0.0108 975.776988873837
0.0108666666666667 975.776988856514
0.0109333333333333 975.776988837252
0.011 975.776988815842
0.0110666666666667 975.776988792051
0.0111333333333333 975.776988765625
0.0112 975.776988736281
0.0112666666666667 975.776988703709
0.0113333333333333 975.776988667565
0.0114 975.776988627472
0.0114666666666667 975.776988583014
0.0115333333333333 975.776988533732
0.0116 975.776988479123
0.0116666666666667 975.77698841863
0.0117333333333333 975.776988351643
0.0118 975.776988277489
0.0118666666666667 975.776988195431
0.0119333333333333 975.776988104658
0.012 975.776988004277
0.0120666666666667 975.77698789331
0.0121333333333333 975.776987770684
0.0122 975.776987635218
0.0122666666666667 975.77698748562
0.0123333333333333 975.776987320472
0.0124 975.776987138221
0.0124666666666667 975.776986937164
0.0125333333333333 975.776986715435
0.0126 975.776986470994
0.0126666666666667 975.776986201606
0.0127333333333333 975.776985904826
0.0128 975.776985577981
0.0128666666666667 975.776985218148
0.0129333333333333 975.776984822132
0.013 975.776984386445
0.0130666666666667 975.776983907275
0.0131333333333333 975.776983380463
0.0132 975.776982801469
0.0132666666666667 975.77698216534
0.0133333333333333 975.776981466677
0.0134 975.776980699594
0.0134666666666667 975.776979857677
0.0135333333333333 975.776978933941
0.0136 975.776977920777
0.0136666666666667 975.776976809906
0.0137333333333333 975.776975592321
0.0138 975.776974258222
0.0138666666666667 975.776972796958
0.0139333333333333 975.77697119695
0.014 975.776969445619
0.0140666666666667 975.776967529304
0.0141333333333333 975.776965433174
0.0142 975.776963141134
0.0142666666666667 975.776960635723
0.0143333333333333 975.776957898006
0.0144 975.776954907457
0.0144666666666667 975.776951641832
0.0145333333333333 975.776948077036
0.0146 975.776944186978
0.0146666666666667 975.776939943416
0.0147333333333333 975.776935315791
0.0148 975.776930271049
0.0148666666666667 975.776924773451
0.0149333333333333 975.776918784369
0.015 975.776912262065
0.0150666666666667 975.776905161465
0.0151333333333333 975.776897433901
0.0152 975.77688902685
0.0152666666666667 975.776879883648
0.0153333333333333 975.776869943186
0.0154 975.776859139585
0.0154666666666667 975.776847401853
0.0155333333333333 975.776834653512
0.0156 975.776820812208
0.0156666666666667 975.776805789292
0.0157333333333333 975.776789489373
0.0158 975.776771809844
0.0158666666666667 975.776752640377
0.0159333333333333 975.776731862388
0.016 975.776709348465
0.0160666666666667 975.776684961759
0.0161333333333333 975.776658555346
0.0162 975.776629971538
0.0162666666666667 975.776599041161
0.0163333333333333 975.776565582786
0.0164 975.776529401912
0.0164666666666667 975.776490290104
0.0165333333333333 975.776448024074
0.0166 975.776402364719
0.0166666666666667 975.77635305609
0.0167333333333333 975.776299824312
0.0168 975.776242376435
0.0168666666666667 975.776180399225
0.0169333333333333 975.776113557883
0.017 975.776041494697
0.0170666666666667 975.775963827614
0.0171333333333333 975.77588014874
0.0172 975.775790022754
0.0172666666666667 975.775692985239
0.0173333333333333 975.775588540921
0.0174 975.775476161821
0.0174666666666667 975.775355285305
0.0175333333333333 975.775225312037
0.0176 975.775085603822
0.0176666666666667 975.774935481345
0.0177333333333333 975.774774221797
0.0178 975.774601056373
0.0178666666666667 975.774415167662
0.0179333333333333 975.774215686898
0.018 975.774001691083
0.0180666666666667 975.773772199975
0.0181333333333333 975.773526172931
0.0182 975.7732625056
0.0182666666666667 975.772980026475
0.0183333333333333 975.772677493276
0.0184 975.772353589175
0.0184666666666667 975.772006918853
0.0185333333333333 975.771636004388
0.0186 975.771239280954
0.0186666666666667 975.770815092349
0.0187333333333333 975.770361686325
0.0188 975.769877209722
0.0188666666666667 975.769359703414
0.0189333333333333 975.768807097032
0.019 975.768217203492
0.0190666666666667 975.767587713295
0.0191333333333333 975.766916188616
0.0192 975.766200057153
0.0192666666666667 975.76543660576
0.0193333333333333 975.764622973828
0.0194 975.763756146437
0.0194666666666667 975.762832947251
0.0195333333333333 975.761850031169
0.0196 975.760803876717
0.0196666666666667 975.759690778179
0.0197333333333333 975.75850683747
0.0198 975.757247955736
0.0198666666666667 975.755909824679
0.0199333333333333 975.75448791762
0.02 975.752977480272
0.0200666666666667 975.751373521238
0.0201333333333333 975.749670802228
0.0202 975.747863827988
0.0202666666666667 975.745946835947
0.0203333333333333 975.743913785571
0.0204 975.741758347435
0.0204666666666667 975.739473892006
0.0205333333333333 975.737053478135
0.0206 975.734489841267
0.0206666666666667 975.731775381362
0.0207333333333333 975.728902150531
0.0208 975.7258618404
0.0208666666666667 975.722645769182
0.0209333333333333 975.719244868492
0.021 975.715649669877
0.0210666666666667 975.711850291091
0.0211333333333333 975.707836422112
0.0212 975.703597310904
0.0212666666666667 975.699121748934
0.0213333333333333 975.694398056463
0.0214 975.689414067596
0.0214666666666667 975.684157115131
0.0215333333333333 975.678614015187
0.0216 975.672771051654
0.0216666666666667 975.66661396045
0.0217333333333333 975.660127913616
0.0218 975.653297503256
0.0218666666666667 975.646106725339
0.0219333333333333 975.638538963383
0.022 975.630576972033
0.0220666666666667 975.622202860551
0.0221333333333333 975.613398076244
0.0222 975.604143387843
0.0222666666666667 975.594418868861
0.0223333333333333 975.584203880945
0.0224 975.573477057249
0.0224666666666667 975.562216285855
0.0225333333333333 975.550398693263
0.0226 975.538000627971
0.0226666666666667 975.524997644194
0.0227333333333333 975.511364485714
0.0228 975.497075069926
0.0228666666666667 975.482102472089
0.0229333333333333 975.466418909811
0.023 975.449995727815
0.0230666666666667 975.432803383006
0.0231333333333333 975.414811429867
0.0232 975.395988506239
0.0232666666666667 975.376302319493
0.0233333333333333 975.355719633147
0.0234 975.334206253955
0.0234666666666667 975.311727019511
0.0235333333333333 975.288245786391
0.0236 975.263725418887
0.0236666666666667 975.238127778357
0.0237333333333333 975.21141371323
0.0238 975.183543049711
0.0238666666666667 975.154474583216
0.0239333333333333 975.124166070573
0.024 975.092574223038
0.0240666666666667 975.059654700148
0.0241333333333333 975.025362104462
0.0242 974.989649977215
0.0242666666666667 974.95247079493
0.0243333333333333 974.913775967021
0.0244 974.873515834423
0.0244666666666667 974.831639669278
0.0245333333333333 974.788095675724
0.0246 974.742830991803
0.0246666666666667 974.695791692537
0.0247333333333333 974.646922794194
0.0248 974.596168259765
0.0248666666666667 974.543471005707
0.0249333333333333 974.488772909951
0.025 974.432014821217
0.0250666666666667 974.373136569658
0.0251333333333333 974.312076978848
0.0252 974.24877387915
0.0252666666666667 974.183164122463
0.0253333333333333 974.115183598387
0.0254 974.044767251798
0.0254666666666667 973.971849101873
0.0255333333333333 973.896362262547
0.0256 973.818238964434
0.0256666666666667 973.737410578202
0.0257333333333333 973.653807639421
0.0258 973.567359874867
0.0258666666666667 973.477996230298
0.0259333333333333 973.385644899689
0.026 973.29023335592
0.0260666666666667 973.19168838291
0.0261333333333333 973.089936109179
0.0262 972.984902042842
0.0262666666666667 972.876511107983
0.0263333333333333 972.764687682427
0.0264 972.649355636856
0.0264666666666667 972.530438375262
0.0265333333333333 972.407858876694
0.0266 972.28153973828
0.0266666666666667 972.151403219477
0.0267333333333333 972.017371287518
0.0268 971.879365664012
0.0268666666666667 971.737307872654
0.0269333333333333 971.591119287999
0.027 971.440721185249
0.0270666666666667 971.286034791009
0.0271333333333333 971.126981334936
0.0272 970.963482102249
0.0272666666666667 970.79545848703
0.0273333333333333 970.622832046243
0.0274 970.445524554425
0.0274666666666667 970.263458058968
0.0275333333333333 970.076554935934
0.0276 969.884737946313
0.0276666666666667 969.687930292682
0.0277333333333333 969.486055676155
0.0278 969.279038353577
0.0278666666666667 969.066803194865
0.0279333333333333 968.849275740421
0.028 968.626382258544
0.0280666666666667 968.398049802757
0.0281333333333333 968.164206268948
0.0282 967.92478045227
0.0282666666666667 967.6797021037
0.0283333333333333 967.428901986172
0.0284 967.1723119302
0.0284666666666667 966.909864888916
0.0285333333333333 966.641494992424
0.0286 966.367137601393
0.0286666666666667 966.086729359804
0.0287333333333333 965.800208246771
0.0288 965.507513627343
0.0288666666666667 965.208586302217
0.0289333333333333 964.903368556274
0.029 964.591804205864
0.0290666666666667 964.273838644754
0.0291333333333333 963.949418888676
0.0292 963.618493618385
0.0292666666666667 963.281013221172
0.0293333333333333 962.936929830745
0.0294 962.586197365425
0.0294666666666667 962.228771564582
0.0295333333333333 961.864610023253
0.0296 961.493672224885
0.0296666666666667 961.115919572135
0.0297333333333333 960.73131541569
0.0298 960.339825081044
0.0298666666666667 959.941415893183
0.0299333333333333 959.536057199156
0.03 959.123720388456
0.0300666666666667 958.704378911207
0.0301333333333333 958.278008294113
0.0302 957.844586154124
0.0302666666666667 957.404092209829
0.0303333333333333 956.956508290511
0.0304 956.501818342892
0.0304666666666667 956.040008435512
0.0305333333333333 955.571066760766
0.0306 955.094983634575
0.0306666666666667 954.611751493695
0.0307333333333333 954.121364890666
0.0308 953.623820486414
0.0308666666666667 953.119117040503
0.0309333333333333 952.607255399066
0.031 952.088238480426
0.0310666666666667 951.56207125843
0.0311333333333333 951.02876074353
0.0312 950.488315961624
0.0312666666666667 949.940747930713
0.0313333333333333 949.386069635397
0.0314 948.824295999254
0.0314666666666667 948.255443855144
0.0315333333333333 947.679531913497
0.0316 947.096580728625
0.0316666666666667 946.50661266311
0.0317333333333333 945.909651850336
0.0318 945.305724155216
0.0318666666666667 944.694857133186
0.0319333333333333 944.077079987511
0.032 943.452423524999
0.0320666666666667 942.820920110164
0.0321333333333333 942.182603617934
0.0322 941.537509384956
0.0322666666666667 940.885674159589
0.0323333333333333 940.227136050659
0.0324 939.561934475038
0.0324666666666667 938.890110104155
0.0325333333333333 938.211704809488
0.0326 937.526761607145
0.0326666666666667 936.835324601594
0.0327333333333333 936.137438928642
0.0328 935.433150697727
0.0328666666666667 934.722506933622
0.0329333333333333 934.005555517624
0.033 933.282345128316
0.0330666666666667 932.552925181969
0.0331333333333333 931.817345772693
0.0332 931.075657612382
0.0332666666666667 930.327911970568
0.0333333333333333 929.574160614232
0.0334 928.814455747668
0.0334666666666667 928.048849952472
0.0335333333333333 927.277396127725
0.0336 926.500147430446
0.0336666666666667 925.717157216387
0.0337333333333333 924.92847898124
0.0338 924.134166302318
0.0338666666666667 923.334272780779
0.0339333333333333 922.528851984454
0.034 921.717957391342
0.0340666666666667 920.901642333826
0.0341333333333333 920.079959943668
0.0342 919.252963097839
0.0342666666666667 918.420704365222
0.0343333333333333 917.583235954253
0.0344 916.740609661534
0.0344666666666667 915.892876821461
0.0345333333333333 915.040088256908
0.0346 914.182294231005
0.0346666666666667 913.319544400041
0.0347333333333333 912.451887767521
0.0348 911.57937263941
0.0348666666666667 910.702046580589
0.0349333333333333 909.819956372532
0.035 908.933147972248
0.0350666666666667 908.041666472472
0.0351333333333333 907.145556063152
0.0352 906.244859994215
0.0352666666666667 905.339620539637
0.0353333333333333 904.429878962812
0.0354 903.51567548323
0.0354666666666667 902.597049244453
0.0355333333333333 901.674038283403
0.0356 900.746679500938
0.0356666666666667 899.815008633719
0.0357333333333333 898.879060227354
0.0358 897.938867610805
0.0358666666666667 896.994462872054
0.0359333333333333 896.045876834989
0.036 895.093139037511
0.0360666666666667 894.136277710831
0.0361333333333333 893.175319759937
0.0362 892.210290745199
0.0362666666666667 891.2412148651
0.0363333333333333 890.268114940042
0.0364 889.291012397219
0.0364666666666667 888.309927256515
0.0365333333333333 887.324878117384
0.0366 886.335882146701
0.0366666666666667 885.342955067524
0.0367333333333333 884.346111148748
0.0368 883.345363195596
0.0368666666666667 882.340722540931
0.0369333333333333 881.33219903732
0.037 880.319801049834
0.0370666666666667 879.303535449529
0.0371333333333333 878.283407607568
0.0372 877.259421389947
0.0372666666666667 876.231579152769
0.0373333333333333 875.199881738036
0.0374 874.164328469904
0.0374666666666667 873.124917151365
0.0375333333333333 872.081644061301
0.0376 871.034503951871
0.0376666666666667 869.98349004619
0.0377333333333333 868.928594036247
0.0378 867.869806081011
0.0378666666666667 866.807114804699
0.0379333333333333 865.740507295142
0.038 864.669969102211
0.0380666666666667 863.595484236256
0.0381333333333333 862.517035166511
0.0382 861.434602819433
0.0382666666666667 860.3481665769
0.0383333333333333 859.25770427426
0.0384 858.163192198156
0.0384666666666667 857.064605084103
0.0385333333333333 855.961916113757
0.0386 854.855096911842
0.0386666666666667 853.744117542691
0.0387333333333333 852.628946506351
0.0388 851.509550734207
0.0388666666666667 850.385895584094
0.0389333333333333 849.25794483484
0.039 848.125660680204
0.0390666666666667 846.989003722159
0.0391333333333333 845.847932963486
0.0392 844.702405799626
0.0392666666666667 843.552378009754
0.0393333333333333 842.397803747024
0.0394 841.238635527951
0.0394666666666667 840.074824220872
0.0395333333333333 838.906319033454
0.0396 837.733067499198
0.0396666666666667 836.555015462897
0.0397333333333333 835.372107064993
0.0398 834.184284724802
0.0398666666666667 832.99148912254
0.0399333333333333 831.793659180124
0.04 830.590732040679
0.0400666666666667 829.382643046709
0.0401333333333333 828.169325716883
0.0402 826.950711721379
0.0402666666666667 825.726730855736
0.0403333333333333 824.497311013148
0.0404 823.26237815516
0.0404666666666667 822.021856280689
0.0405333333333333 820.775667393318
0.0406 819.5237314668
0.0406666666666667 818.2659664087
0.0407333333333333 817.002288022112
0.0408 815.732609965379
0.0408666666666667 814.456843709735
0.0409333333333333 813.174898494806
0.041 811.886681281871
0.0410666666666667 810.592096704813
0.0411333333333333 809.291047018661
0.0412 807.983432045643
0.0412666666666667 806.669149118636
0.0413333333333333 805.348093021925
0.0414 804.020155929157
0.0414666666666667 802.685227338379
0.0415333333333333 801.34319400404
0.0416 799.993939865833
0.0416666666666667 798.637345974245
0.0417333333333333 797.27329041268
0.0418 795.901648215997
0.0418666666666667 794.522291285328
0.0419333333333333 793.135088298984
0.042 791.739904619313
0.0420666666666667 790.33660219529
0.0421333333333333 788.925039460672
0.0422 787.505071227505
0.0422666666666667 786.076548574762
0.0423333333333333 784.639318731891
0.0424 783.193224957018
0.0424666666666667 781.738106409563
0.0425333333333333 780.273798016976
0.0426 778.800130335322
0.0426666666666667 777.316929403386
0.0427333333333333 775.824016589988
0.0428 774.321208434143
0.0428666666666667 772.808316477705
0.0429333333333333 771.285147090096
0.043 769.751501284702
0.0430666666666667 768.207174526473
0.0431333333333333 766.651956530275
0.0432 765.085631049458
0.0432666666666667 763.507975654107
0.0433333333333333 761.918761498399
0.0434 760.317753076431
0.0434666666666667 758.704707965873
0.0435333333333333 757.079376558714
0.0436 755.441501778361
0.0436666666666667 753.790818782262
0.0437333333333333 752.127054649188
0.0438 750.449928050239
0.0438666666666667 748.759148902555
0.0439333333333333 747.054418004677
0.044 745.335426652379
0.0440666666666667 743.601856233732
0.0441333333333333 741.853377802062
0.0442 740.08965162535
0.0442666666666667 738.310326710522
0.0443333333333333 736.515040300947
0.0444 734.703417345334
0.0444666666666667 732.875069936064
0.0445333333333333 731.029596714842
0.0446 729.166582243376
0.0446666666666667 727.285596336601
0.0447333333333333 725.386193355757
0.0448 723.467911458396
0.0448666666666667 721.530271802147
0.0449333333333333 719.57277769879
0.045 717.594913714888
0.0450666666666667 715.596144714873
0.0451333333333333 713.575914842136
0.0452 711.533646433245
0.0452666666666667 709.468738859972
0.0453333333333333 707.380567293285
0.0454 705.268481382945
0.0454666666666667 703.131803845685
0.0455333333333333 700.969828954293
0.0456 698.781820919138
0.0456666666666667 696.567012152825
0.0457333333333333 694.324601407724
0.0458 692.053751775019
0.0458666666666667 689.753588532773
0.0459333333333333 687.4231968291
0.046 685.061619185089
0.0460666666666667 682.667852800369
0.0461333333333333 680.240846642314
0.0462 677.779498297703
0.0462666666666667 675.282650563198
0.0463333333333333 672.749087748197
0.0464 670.17753166046
0.0464666666666667 667.566637241283
0.0465333333333333 664.914987812842
0.0466 662.221089895643
0.0466666666666667 659.483367548528
0.0467333333333333 656.700156177491
0.0468 653.869695752334
0.0468666666666667 650.990123361886
0.0469333333333333 648.059465028829
0.047 645.075626694017
0.0470666666666667 642.036384267057
0.0471333333333333 638.93937262465
0.0472 635.78207342028
0.0472666666666667 632.561801547742
0.0473333333333333 629.275690076089
0.0474 625.920673444076
0.0474666666666667 622.493468667119
0.0475333333333333 618.990554267849
0.0476 615.40814659119
0.0476666666666667 611.742173104406
0.0477333333333333 607.98824220955
0.0478 604.14160900696
0.0478666666666667 600.19713634016
0.0479333333333333 596.149250319664
0.048 591.991889359257
0.0480666666666667 587.718445555099
0.0481333333333333 583.32169698429
0.0482 578.793729181022
0.0482666666666667 574.125843645752
0.0483333333333333 569.308450730046
0.0484 564.330943582015
0.0484666666666667 559.181548986507
0.0485333333333333 553.847149824583
0.0486 548.313072415886
0.0486666666666667 542.562830065304
0.0487333333333333 536.577811525568
0.0488 530.336899540575
0.0488666666666667 523.815999753826
0.0489333333333333 516.987453460653
0.049 509.819298052949
0.0490666666666667 502.274325160421
0.0491333333333333 494.308866237415
0.0492 485.871205135196
0.0492666666666667 476.899471172272
0.0493333333333333 467.318794399589
0.0494 457.037389673784
0.0494666666666667 445.941046084932
0.0495333333333333 433.885173399904
0.0496 420.682979427621
0.0496666666666667 406.087276305316
0.0497333333333333 389.761298068109
0.0498 371.229470828379
0.0498666666666667 349.788977008577
0.0499333333333333 324.337547585275
0.05 293
