3.24675324675325e-05 -0
9.74025974025974e-05 -1.75077072331728e-12
0.000162337662337662 -0
0.000227272727272727 -1.750741489559e-12
0.000292207792207792 3.50143620510477e-12
0.000357142857142857 -0
0.000422077922077922 -0
0.000487012987012987 3.50122572204522e-12
0.000551948051948052 -0
0.000616883116883117 -0
0.000681818181818182 -0
0.000746753246753247 1.75039068445975e-12
0.000811688311688312 1.7503205234399e-12
0.000876623376623377 3.50048903133679e-12
0.000941558441558442 5.2504879834357e-12
0.00100649350649351 5.25022487961126e-12
0.00107142857142857 6.99992564737579e-12
0.00113636363636364 3.49976403413166e-12
0.0012012987012987 1.74977677553605e-12
0.00126623376623377 6.99866274901847e-12
0.00133116883116883 5.24864625666462e-12
0.0013961038961039 6.9977038817472e-12
0.00146103896103896 6.9971893676016e-12
0.00152597402597403 8.74581433306179e-12
0.00159090909090909 8.74511272286328e-12
0.00165584415584416 6.99550550312518e-12
0.00172077922077922 6.99489744095316e-12
0.00178571428571429 6.99426599177448e-12
0.00185064935064935 6.9936111555892e-12
0.00191558441558442 8.74116616549666e-12
0.00198051948051948 1.22364048138479e-11
0.00204545454545455 1.22351360687389e-11
0.00211038961038961 1.57292053667593e-11
0.00217532467532468 1.5727468881518e-11
0.00224025974025974 1.74729775283465e-11
0.00230519480519481 1.74709311652676e-11
0.00237012987012987 1.92157089681391e-11
0.00243506493506494 1.92133293402159e-11
0.0025 1.57179971438381e-11
0.00256493506493507 1.74621610377861e-11
0.00262987012987013 1.5713840103412e-11
0.0026948051948052 1.92031676858408e-11
0.00275974025974026 2.09459634399018e-11
0.00282467532467532 1.745245543004e-11
0.00288961038961039 2.09398594311746e-11
0.00295454545454545 2.09367021852813e-11
0.00301948051948052 2.26779310098988e-11
0.00308441558441558 2.09301772104353e-11
0.00314935064935065 1.91829086913589e-11
0.00321428571428571 1.56925286936322e-11
0.00327922077922078 1.74332196170975e-11
0.00334415584415584 1.74302377737539e-11
0.00340909090909091 1.39417579703149e-11
0.00347402597402597 1.56816888160653e-11
0.00353896103896104 1.56788472947612e-11
0.0036038961038961 1.74177257252138e-11
0.00366883116883117 1.74144515442874e-11
0.00373376623376623 1.567000700626e-11
0.0037987012987013 1.56669550018966e-11
0.00386363636363636 1.56638503767681e-11
0.00392857142857143 1.56606931308748e-11
0.00399350649350649 1.56574832642167e-11
0.00405844155844156 1.91329365049697e-11
0.00412337662337662 2.08678742248075e-11
0.00418831168831169 2.26019992461649e-11
0.00425324675324675 2.08588234532468e-11
0.00431818181818182 2.08541928259366e-11
0.00438311688311688 2.25869497074068e-11
0.00444805194805195 2.08447210882567e-11
0.00451298701298701 2.25765366427106e-11
0.00457792207792208 2.08349687064974e-11
0.00464285714285714 1.90941550012473e-11
0.00470779220779221 1.90895243739369e-11
0.00477272727272727 2.08198139262096e-11
0.00483766233766234 2.60182775134254e-11
0.0049025974025974 2.60116999178147e-11
0.00496753246753247 2.77387035956571e-11
0.00503246753246753 2.94647191724706e-11
0.0050974025974026 2.94569663797771e-11
0.00516233766233766 2.59845125226221e-11
0.00522727272727273 3.11729957047652e-11
0.00529220779220779 3.11644711408525e-11
0.00535714285714286 3.46176014837902e-11
0.00542207792207792 3.80686854636481e-11
0.00548701298701299 3.63279769999283e-11
0.00555194805194805 3.8046947240998e-11
0.00561688311688312 4.49515006753891e-11
0.00568181818181818 5.01234609373571e-11
0.00574675324675325 5.35643014083165e-11
0.00581168831168831 5.87302512095841e-11
0.00587662337662338 6.04391942715668e-11
0.00594155844155844 6.7325780638124e-11
0.00600649350649351 7.42078591591576e-11
0.00607142857142857 8.28105800922321e-11
0.00613636363636364 8.79582120205673e-11
0.0062012987012987 9.99986921864812e-11
0.00626623376623377 1.10307462039471e-10
0.00633116883116883 1.18886100202482e-10
0.0063961038961039 1.2918104833456e-10
0.00646103896103896 1.42912317398571e-10
0.00652597402597403 1.58355043627774e-10
0.00659090909090909 1.77227975086681e-10
0.00665584415584416 1.92647121366464e-10
0.00672077922077922 2.20091055130717e-10
0.00678571428571429 2.44077169457213e-10
0.00685064935064935 2.71481824743852e-10
0.00691558441558442 3.04018676534466e-10
0.00698051948051948 3.41681813763121e-10
0.00704545454545455 3.8274885753253e-10
0.00711038961038961 4.28931323475421e-10
0.00717532467532467 4.80223002341514e-10
0.00724025974025974 5.34903146477261e-10
0.00730519480519481 5.96394857309084e-10
0.00737012987012987 6.6982899828157e-10
0.00743506493506494 7.51766038596157e-10
0.0075 8.47330474584844e-10
0.00756493506493507 9.49660784905458e-10
0.00762987012987013 1.06045819490776e-09
0.0076948051948052 1.18996966258626e-09
0.00775974025974026 1.33817108763067e-09
0.00782467532467532 1.49991299638583e-09
0.00788961038961039 1.68542261405947e-09
0.00795454545454545 1.89296140717944e-09
0.00801948051948052 2.12420560623222e-09
0.00808441558441558 2.38764994264779e-09
0.00814935064935065 2.67643143924294e-09
0.00821428571428572 3.00414619987677e-09
0.00827922077922078 3.3758497701391e-09
0.00834415584415584 3.78637287342698e-09
0.00840909090909091 4.24927363894758e-09
0.00847402597402597 4.76277614325229e-09
0.00853896103896104 5.33700801798077e-09
0.0086038961038961 5.98037786606453e-09
0.00866883116883117 6.69957879901114e-09
0.00873376623376623 7.50468573999423e-09
0.0087987012987013 8.3972675731405e-09
0.00886363636363637 9.4009402198481e-09
0.00892857142857143 1.05189268343306e-08
0.00899350649350649 1.17713888044234e-08
0.00905844155844156 1.31648950215481e-08
0.00912337662337662 1.47161568887506e-08
0.00918831168831169 1.64452343761112e-08
0.00925324675324675 1.8375527133685e-08
0.00931818181818182 2.05303842722061e-08
0.00938311688311688 2.29246548621269e-08
0.00944805194805195 2.55951083062202e-08
0.00951298701298701 2.85615535208959e-08
0.00957792207792208 3.18690600136865e-08
0.00964285714285714 3.55423619049581e-08
0.00970779220779221 3.96246737190205e-08
0.00977272727272727 4.41574265261127e-08
0.00983766233766234 4.92004749875315e-08
0.0099025974025974 5.47967084137167e-08
0.00996753246753247 6.10158226827791e-08
0.0100324675324675 6.79172647854138e-08
0.0100974025974026 7.55704186287537e-08
0.0101623376623377 8.40596131005055e-08
0.0102272727272727 9.34756870094593e-08
0.0102922077922078 1.03907580950296e-07
0.0103571428571429 1.15464132012611e-07
0.0104220779220779 1.28272339024424e-07
0.010487012987013 1.42453863513197e-07
0.0105519480519481 1.58145122394359e-07
0.0106168831168831 1.75507276532099e-07
0.0106818181818182 1.94714452281347e-07
0.0107467532467532 2.15948685053524e-07
0.0108116883116883 2.39424934876119e-07
0.0108766233766234 2.65365950886976e-07
0.0109415584415584 2.94018916879559e-07
0.0110064935064935 3.25663703183638e-07
0.0110714285714286 3.60584439943395e-07
0.0111363636363636 3.9911610636125e-07
0.0112012987012987 4.41627726764123e-07
0.0112662337662338 4.88505624640297e-07
0.0113311688311688 5.40183265148198e-07
0.0113961038961039 5.9713112847882e-07
0.011461038961039 6.59863214795324e-07
0.011525974025974 7.28945180991235e-07
0.0115909090909091 8.04995813331292e-07
0.0116558441558442 8.88685177835348e-07
0.0117207792207792 9.80750984945844e-07
0.0117857142857143 1.08199999762032e-06
0.0118506493506494 1.19330777594531e-06
0.0119155844155844 1.31563659372644e-06
0.0119805194805195 1.45002686006633e-06
0.0120454545454545 1.59762487268723e-06
0.0121103896103896 1.75966428135131e-06
0.0121753246753247 1.93749705772457e-06
0.0122402597402597 2.13260457227162e-06
0.0123051948051948 2.3465888686706e-06
0.0123701298701299 2.58119685819705e-06
0.0124350649350649 2.83832139694857e-06
0.0125 3.12003519731265e-06
0.0125649350649351 3.42858519751581e-06
0.0126298701298701 3.76641318464361e-06
0.0126948051948052 4.13616976290381e-06
0.0127597402597403 4.5407380766152e-06
0.0128246753246753 4.98324268723141e-06
0.0128896103896104 5.46708129405109e-06
0.0129545454545455 5.9959317854987e-06
0.0130194805194805 6.57378537226037e-06
0.0130844155844156 7.20496486799968e-06
0.0131493506493507 7.89416896199672e-06
0.0132142857142857 8.64646412304227e-06
0.0132792207792208 9.46735142296661e-06
0.0133441558441558 1.03627842178402e-05
0.0134090909090909 1.13391971009887e-05
0.013474025974026 1.24035558164926e-05
0.013538961038961 1.35633809331092e-05
0.0136038961038961 1.48268135552821e-05
0.0136688311688312 1.62026385412291e-05
0.0137337662337662 1.77003464478885e-05
0.0137987012987013 1.93301886670027e-05
0.0138636363636364 2.1103217694672e-05
0.0139285714285714 2.30313562481455e-05
0.0139935064935065 2.51274627678297e-05
0.0140584415584416 2.74053997716873e-05
0.0141233766233766 2.98801002015362e-05
0.0141883116883117 3.25676462655099e-05
0.0142532467532468 3.54853574797401e-05
0.0143181818181818 3.86518717624087e-05
0.0143831168831169 4.20872405047886e-05
0.0144480519480519 4.58130311066674e-05
0.014512987012987 4.98524208752793e-05
0.0145779220779221 5.42303159974818e-05
0.0146428571428571 5.89734890215729e-05
0.0147077922077922 6.41106610912047e-05
0.0147727272727273 6.96726859845857e-05
0.0148376623376623 7.56926531666226e-05
0.0149025974025974 8.22060620040475e-05
0.0149675324675325 8.92509661973256e-05
0.0150324675324675 9.68681571319106e-05
0.0150974025974026 0.000105101325374924
0.0151623376623377 0.000113997276812707
0.0152272727272727 0.000123606107679427
0.0152922077922078 0.000133981424486186
0.0153571428571429 0.000145180568874188
0.0154220779220779 0.00015726486160779
0.015487012987013 0.000170299846548098
0.0155519480519481 0.000184355547241793
0.0156168831168831 0.000199506758159796
0.0156818181818182 0.000215833327669829
0.0157467532467532 0.000233420475387414
0.0158116883116883 0.000252359105793815
0.0158766233766234 0.00027274616696104
0.0159415584415584 0.000294685002094652
0.0160064935064935 0.000318285717491819
0.0160714285714286 0.000343665598197452
0.0161363636363636 0.000370949520753561
0.0162012987012987 0.000400270397520886
0.0162662337662338 0.000431769614695374
0.0163311688311688 0.000465597550125265
0.0163961038961039 0.000501914045192959
0.016461038961039 0.000540888966969606
0.016525974025974 0.000582702733503246
0.0165909090909091 0.000627546927204988
0.0166558441558442 0.000675624874111659
0.0167207792207792 0.000727152298157647
0.0167857142857143 0.000782357972093891
0.0168506493506494 0.000841484425591173
0.0169155844155844 0.00090478865260428
0.0169805194805195 0.000972542881489934
0.0170454545454545 0.00104503534846966
0.0171103896103896 0.00112257112692865
0.0171753246753247 0.0012054729780351
0.0172402597402597 0.00129408223013198
0.0173051948051948 0.00138875971435381
0.0173701298701299 0.00148988671740241
0.0174350649350649 0.00159786597586057
0.0175 0.00171312271007124
0.0175649350649351 0.00183610570790459
0.0176298701298701 0.00196728841491241
0.0176948051948052 0.00210717011041376
0.0177597402597403 0.0022562770813863
0.0178246753246753 0.00241516386747043
0.0178896103896104 0.00258441452745189
0.0179545454545455 0.00276464395742106
0.0180194805194805 0.00295649925392577
0.0180844155844156 0.00316066112309399
0.0181493506493507 0.00337784532147294
0.0182142857142857 0.00360880414180043
0.0182792207792208 0.00385432795377606
0.0183441558441558 0.00411524677489537
0.0184090909090909 0.00439243190875489
0.018474025974026 0.00468679758646911
0.018538961038961 0.00499930270618028
0.0186038961038961 0.00533095255783359
0.0186688311688312 0.00568280064019096
0.0187337662337662 0.00605595049067155
0.0187987012987013 0.00645155756225646
0.0188636363636364 0.00687083115878723
0.0189285714285714 0.00731503638881706
0.0189935064935065 0.00778549616304015
0.0190584415584416 0.0082835932480844
0.0191233766233766 0.00881077233094996
0.0191883116883117 0.00936854213850464
0.0192532467532468 0.00995847757385209
0.0193181818181818 0.0105822219018959
0.0193831168831169 0.0112414889594281
0.019448051948052 0.0119380653891471
0.019512987012987 0.012673812899962
0.0195779220779221 0.0134506705395501
0.0196428571428571 0.0142706570157408
0.0197077922077922 0.0151358730125027
0.0197727272727273 0.0160485035223328
0.0198376623376623 0.0170108201944491
0.0199025974025974 0.0180251836878094
0.0199675324675325 0.0190940460432231
0.0200324675324675 0.0202199530193635
0.0200974025974026 0.0214055464528201
0.0201623376623377 0.0226535666091629
0.0202272727272727 0.0239668545128029
0.0202922077922078 0.025348354250976
0.0203571428571429 0.0268011152792912
0.0204220779220779 0.0283282946567142
0.020487012987013 0.0299331593108013
0.0205519480519481 0.031619088182154
0.0206168831168831 0.033389574404502
0.0206818181818182 0.0352482273740482
0.0207467532467532 0.0371987747797319
0.0208116883116883 0.0392450645942233
0.0208766233766234 0.041391066941367
0.0209415584415584 0.0436408759463525
0.0210064935064935 0.0459987114366821
0.0210714285714286 0.0484689206260579
0.0211363636363636 0.0510559796166187
0.0212012987012987 0.0537644948572707
0.0212662337662338 0.0565992044603524
0.0213311688311688 0.0595649794133288
0.0213961038961039 0.0626668246113529
0.021461038961039 0.0659098798308616
0.021525974025974 0.0692994204868736
0.0215909090909091 0.0728408582627598
0.0216558441558442 0.0765397415975857
0.0217207792207792 0.0804017559521001
0.0217857142857143 0.084432723936332
0.0218506493506493 0.0886386052612015
0.0219155844155844 0.0930254964234619
0.0219805194805195 0.0975996302777346
0.0220454545454545 0.102367375330846
0.0221103896103896 0.107335234843057
0.0221753246753247 0.112509845686824
0.0222402597402597 0.117897976993584
0.0223051948051948 0.123506528539922
0.0223701298701299 0.129342528868327
0.0224350649350649 0.135413133193092
0.0225 0.141725620988147
0.0225649350649351 0.148287393341296
0.0226298701298701 0.155105970028431
0.0226948051948052 0.162188986258833
0.0227597402597403 0.169544189201218
0.0228246753246753 0.177179434157768
0.0228896103896104 0.185102680445776
0.0229545454545455 0.193321987006882
0.0230194805194805 0.201845507674822
0.0230844155844156 0.210681486131059
0.0231493506493506 0.219838250557028
0.0232142857142857 0.229324207978825
0.0232792207792208 0.239147838238095
0.0233441558441558 0.249317687719676
0.0234090909090909 0.259842362682349
0.023474025974026 0.270730522316186
0.023538961038961 0.281990871455605
0.0236038961038961 0.293632152962399
0.0236688311688312 0.305663139818296
0.0237337662337662 0.31809262686958
0.0237987012987013 0.330929422276859
0.0238636363636364 0.344182338654705
0.0239285714285714 0.357860183893821
0.0239935064935065 0.371971751689001
0.0240584415584416 0.386525811794899
0.0241233766233766 0.401531099962062
0.0241883116883117 0.416996307627789
0.0242532467532468 0.432930071310001
0.0243181818181818 0.449340961768973
0.0243831168831169 0.466237472909252
0.0244480519480519 0.483628010446962
0.024512987012987 0.501520880354774
0.0245779220779221 0.519924277085391
0.0246428571428571 0.538846271632019
0.0247077922077922 0.558294799358566
0.0247727272727273 0.57827764771986
0.0248376623376623 0.598802443758944
0.0249025974025974 0.619876641573001
0.0249675324675325 0.641507509561335
0.0250324675324675 0.663702117650791
0.0250974025974026 0.686467324418241
0.0251623376623377 0.709809764143988
0.0252272727272727 0.733735833865814
0.0252922077922078 0.758251680389334
0.0253571428571429 0.783363187326386
0.0254220779220779 0.809075962135834
0.025487012987013 0.835395323259848
0.0255519480519481 0.862326287315075
0.0256168831168831 0.889873556374921
0.0256818181818182 0.918041505393313
0.0257467532467532 0.946834169785356
0.0258116883116883 0.976255233166754
0.0258766233766234 1.00630801531053
0.0259415584415584 1.03699546031218
0.0260064935064935 1.06832012502879
0.0260714285714286 1.10028416776265
0.0261363636363636 1.13288933728568
0.0262012987012987 1.16613696218026
0.0262662337662338 1.20002794049865
0.0263311688311688 1.23456272985598
0.0263961038961039 1.26974133789013
0.026461038961039 1.30556331317264
0.026525974025974 1.34202773653075
0.0265909090909091 1.37913321290502
0.0266558441558442 1.41687786366286
0.0267207792207792 1.45525931943163
0.0267857142857143 1.49427471351496
0.0268506493506494 1.53392067581816
0.0269155844155844 1.57419332741345
0.0269805194805195 1.6150882756764
0.0270454545454545 1.6566006100386
0.0271103896103896 1.69872489841672
0.0271753246753247 1.74145518426713
0.0272402597402597 1.78478498433602
0.0273051948051948 1.8287072870725
0.0273701298701299 1.87321455176958
0.0274350649350649 1.9182987084018
0.0275 1.963951158192
0.0275649350649351 2.01016277491459
0.0276298701298701 2.05692390691757
0.0276948051948052 2.10422437994905
0.0277597402597403 2.15205350067134
0.0278246753246753 2.20040006096023
0.0278896103896104 2.24925234298289
0.0279545454545455 2.29859812501376
0.0280194805194805 2.34842468800126
0.0280844155844156 2.39871882292504
0.0281493506493507 2.44946683886902
0.0282142857142857 2.50065457187499
0.0282792207792208 2.55226739452134
0.0283441558441558 2.60429022621878
0.0284090909090909 2.65670754426077
0.028474025974026 2.70950339556419
0.028538961038961 2.76266140911081
0.0286038961038961 2.81616480905339
0.0286688311688312 2.86999642853694
0.0287337662337662 2.92413872409593
0.0287987012987013 2.97857379074495
0.0288636363636364 3.03328337763743
0.0289285714285714 3.08824890432363
0.0289935064935065 3.14345147756225
0.0290584415584416 3.19887190868433
0.0291233766233766 3.25449073144156
0.0291883116883117 3.31028822036931
0.0292532467532468 3.36624440957651
0.0293181818181818 3.42233911197037
0.0293831168831169 3.47855193888588
0.029448051948052 3.53486232006695
0.029512987012987 3.59124952397786
0.0295779220779221 3.64769267841782
0.0296428571428571 3.70417079139715
0.0297077922077922 3.76066277224457
0.0297727272727273 3.81714745289307
0.0298376623376623 3.87360360935552
0.0299025974025974 3.93000998329465
0.0299675324675325 3.98634530369355
0.0300324675324675 4.04258830856813
0.0300974025974026 4.09871776669184
0.0301623376623377 4.15471249932708
0.0302272727272727 4.21055140182295
0.0302922077922078 4.26621346521175
0.0303571428571429 4.32167779759182
0.0304220779220779 4.37692364537645
0.030487012987013 4.43193041434558
0.0305519480519481 4.48667769042894
0.0306168831168831 4.54114526025451
0.0306818181818182 4.59531313132862
0.0307467532467533 4.64916155193389
0.0308116883116883 4.70267103060282
0.0308766233766234 4.75582235522857
0.0309415584415584 4.80859661169817
0.0310064935064935 4.86097520207455
0.0310714285714286 4.91293986228936
0.0311363636363636 4.96447267929852
0.0312012987012987 5.01555610768306
0.0312662337662338 5.06617298569608
0.0313311688311688 5.11630655067776
0.0313961038961039 5.16594045387099
0.031461038961039 5.21505877459064
0.031525974025974 5.26364603370256
0.0315909090909091 5.31168720646899
0.0316558441558442 5.35916773463899
0.0317207792207792 5.40607353786558
0.0317857142857143 5.45239102436722
0.0318506493506494 5.49810710087287
0.0319155844155844 5.54320918180506
0.0319805194805195 5.58768519767743
0.0320454545454545 5.63152360276882
0.0321103896103896 5.67471338200295
0.0321753246753247 5.7172440570252
0.0322402597402597 5.75910569155994
0.0323051948051948 5.80028889591994
0.0323701298701299 5.84078483077755
0.0324350649350649 5.88058521014123
0.0325 5.91968230356862
0.0325649350649351 5.95806893759471
0.0326298701298701 5.99573849640415
0.0326948051948052 6.03268492176001
0.0327597402597403 6.06890271216145
0.0328246753246753 6.10438692129756
0.0328896103896104 6.13913315574887
0.0329545454545455 6.17313757201767
0.0330194805194805 6.20639687282261
0.0330844155844156 6.23890830274861
0.0331493506493507 6.27066964323121
0.0332142857142857 6.3016792068706
0.0332792207792208 6.33193583116796
0.0333441558441558 6.36143887161324
0.0334090909090909 6.39018819423116
0.033474025974026 6.4181841675487
0.033538961038961 6.44542765401976
0.0336038961038961 6.47192000093716
0.0336688311688312 6.49766303087006
0.0337337662337662 6.5226590316302
0.0337987012987013 6.54691074577411
0.0338636363636364 6.57042135973547
0.0339285714285714 6.59319449251114
0.0339935064935065 6.6152341840537
0.0340584415584416 6.63654488326128
0.0341233766233766 6.65713143568829
0.0341883116883117 6.67699907098362
0.0342532467532468 6.69615339004229
0.0343181818181818 6.71460035195192
0.0343831168831169 6.73234626072492
0.0344480519480519 6.74939775183989
0.034512987012987 6.76576177866816
0.0345779220779221 6.78144559873019
0.0346428571428571 6.79645675989124
0.0347077922077922 6.8108030864517
0.0347727272727273 6.82449266521277
0.0348376623376623 6.83753383148923
0.0349025974025974 6.8499351551463
0.0349675324675325 6.86170542664687
0.0350324675324675 6.87285364313232
0.0350974025974026 6.88338899459047
0.0351623376623377 6.89332085008904
0.0352272727272727 6.90265874413101
0.0352922077922078 6.91141236313698
0.0353571428571429 6.91959153207388
0.0354220779220779 6.92720620122569
0.035487012987013 6.93426643318455
0.0355519480519481 6.94078239002586
0.0356168831168831 6.9467643206808
0.0356818181818182 6.95222254855446
0.0357467532467532 6.9571674594027
0.0358116883116883 6.96160948943373
0.0358766233766234 6.96555911370006
0.0359415584415584 6.96902683477204
0.0360064935064935 6.97202317169412
0.0360714285714286 6.97455864924473
0.0361363636363636 6.97664378750739
0.0362012987012987 6.97828909176989
0.0362662337662338 6.97950504271798
0.0363311688311688 6.98030208700488
0.0363961038961039 6.98069062811568
0.036461038961039 6.98068101759632
0.036525974025974 6.98028354662163
0.0365909090909091 6.97950843790649
0.0366558441558442 6.97836583797108
0.0367207792207792 6.97686580975771
0.0367857142857143 6.97501832559881
0.0368506493506494 6.97283326053301
0.0369155844155844 6.97032038597614
0.0369805194805195 6.96748936373405
0.0370454545454545 6.96434974037213
0.0371103896103896 6.96091094192019
0.0371753246753247 6.95718226893421
0.0372402597402597 6.95317289186977
0.0373051948051948 6.94889184680563
0.0373701298701299 6.9443480315029
0.0374350649350649 6.93955020175166
0.0375 6.93450696809208
0.0375649350649351 6.92922679278197
0.0376298701298701 6.92371798710749
0.0376948051948052 6.91798870898911
0.0377597402597403 6.91204696086368
0.0378246753246753 6.90590058785172
0.0378896103896104 6.89955727620449
0.0379545454545455 6.89302455201556
0.0380194805194805 6.88630978019091
0.0380844155844156 6.87942016365975
0.0381493506493507 6.87236274284022
0.0382142857142857 6.86514439532513
0.0382792207792208 6.85777183579597
0.0383441558441558 6.85025161615924
0.0384090909090909 6.84259012586489
0.038474025974026 6.83479359245253
0.038538961038961 6.82686808225124
0.0386038961038961 6.8188195012884
0.0386688311688312 6.81065359635337
0.0387337662337662 6.80237595620786
0.0387987012987013 6.79399201298114
0.0388636363636364 6.78550704367575
0.0389285714285714 6.77692617182645
0.0389935064935065 6.76825436927295
0.0390584415584416 6.75949645806348
0.0391233766233766 6.75065711244863
0.0391883116883117 6.74174086099104
0.0392532467532468 6.73275208876562
0.0393181818181818 6.72369503963693
0.0393831168831169 6.71457381861886
0.039448051948052 6.70539239430431
0.039512987012987 6.69615460135966
0.0395779220779221 6.68686414306678
0.0396428571428571 6.67752459392133
0.0397077922077922 6.66813940227643
0.0397727272727273 6.65871189301367
0.0398376623376623 6.64924527024417
0.0399025974025974 6.63974262004821
0.0399675324675325 6.63020691321732
0.0400324675324675 6.62064100801267
0.0400974025974026 6.61104765293956
0.0401623376623377 6.60142948951901
0.0402272727272727 6.59178905505965
0.0402922077922078 6.58212878542421
0.0403571428571429 6.57245101778161
0.0404220779220779 6.56275799335441
0.040487012987013 6.55305186013952
0.0405519480519481 6.54333467561578
0.0406168831168831 6.53360840941359
0.0406818181818182 6.52387494597962
0.0407467532467533 6.51413608718722
0.0408116883116883 6.50439355493336
0.0408766233766234 6.4946489936865
0.0409415584415584 6.48490397300272
0.0410064935064935 6.4751599900098
0.0410714285714286 6.46541847183066
0.0411363636363636 6.45568077798313
0.0412012987012987 6.44594820272601
0.0412662337662338 6.43622197735708
0.0413311688311688 6.42650327247448
0.0413961038961039 6.41679320017874
0.041461038961039 6.40709281622943
0.041525974025974 6.39740312215963
0.0415909090909091 6.38772506732513
0.0416558441558442 6.37805955092108
0.0417207792207792 6.36840742392855
0.0417857142857143 6.3587694910317
0.0418506493506493 6.34914651246083
0.0419155844155844 6.33953920580246
0.0419805194805195 6.32994824775143
0.0420454545454545 6.32037427580428
0.0421103896103896 6.31081788992069
0.0421753246753247 6.30127965411355
0.0422402597402597 6.29176009800516
0.0423051948051948 6.28225971832935
0.0423701298701299 6.27277898037878
0.0424350649350649 6.26331831941332
0.0425 6.25387814201532
0.0425649350649351 6.24445882740083
0.0426298701298701 6.2350607286831
0.0426948051948052 6.2256841740936
0.0427597402597403 6.21632946815424
0.0428246753246753 6.20699689281273
0.0428896103896104 6.19768670853137
0.0429545454545455 6.18839915533398
0.0430194805194805 6.17913445381438
0.0430844155844156 6.16989280610654
0.0431493506493506 6.16067439681001
0.0432142857142857 6.1514793938863
0.0432792207792208 6.14230794951507
0.0433441558441558 6.13316020091041
0.0434090909090909 6.12403627110704
0.043474025974026 6.11493626972114
0.043538961038961 6.10586029365988
0.0436038961038961 6.09680842781513
0.0436688311688312 6.08778074572128
0.0437337662337662 6.07877731018419
0.0437987012987013 6.06979817388066
0.0438636363636364 6.06084337993192
0.0439285714285714 6.05191296245113
0.0439935064935065 6.04300694706234
0.0440584415584416 6.03412535139722
0.0441233766233766 6.02526818556807
0.0441883116883117 6.01643545261751
0.0442532467532468 6.00762714894498
0.0443181818181818 5.99884326471469
0.0443831168831169 5.99008378424215
0.0444480519480519 5.98134868635717
0.044512987012987 5.97263794475792
0.0445779220779221 5.96395152833644
0.0446428571428571 5.95528940149326
0.0447077922077922 5.94665152443349
0.0447727272727273 5.93803785345036
0.0448376623376623 5.9294483411884
0.0449025974025974 5.92088293689447
0.0449675324675325 5.91234158665908
0.0450324675324675 5.90382423363748
0.0450974025974026 5.89533081826517
0.0451623376623377 5.8868612784555
0.0452272727272727 5.87841554979196
0.0452922077922078 5.86999356570416
0.0453571428571429 5.86159525763697
0.0454220779220779 5.85322055520851
0.045487012987013 5.84486938635998
0.0455519480519481 5.83654167749409
0.0456168831168831 5.8282373536117
0.0456818181818182 5.8199563384287
0.0457467532467532 5.8116985545
0.0458116883116883 5.80346392332282
0.0458766233766234 5.79525236544317
0.0459415584415584 5.78706380054976
0.0460064935064935 5.77889814756621
0.0460714285714286 5.77075532473426
0.0461363636363636 5.76263524969374
0.0462012987012987 5.75453783955565
0.0462662337662338 5.74646301097137
0.0463311688311688 5.73841068019758
0.0463961038961039 5.73038076315805
0.046461038961039 5.72237317549543
0.046525974025974 5.71438783263047
0.0465909090909091 5.70642464980492
0.0466558441558442 5.698483542129
0.0467207792207792 5.69056442462446
0.0467857142857143 5.68266721226443
0.0468506493506494 5.67479182000923
0.0469155844155844 5.66693816283805
0.0469805194805195 5.6591061557836
0.0470454545454545 5.65129571396007
0.0471103896103896 5.64350675258974
0.0471753246753247 5.63573918702861
0.0472402597402597 5.62799293278861
0.0473051948051948 5.62026790555906
0.0473701298701299 5.61256402122593
0.0474350649350649 5.60488119589104
0.0475 5.59721934588682
0.0475649350649351 5.58957838779224
0.0476298701298701 5.5819582384468
0.0476948051948052 5.57435881496414
0.0477597402597403 5.56678003474109
0.0478246753246753 5.55922181547001
0.0478896103896104 5.55168407514871
0.0479545454545455 5.54416673208748
0.0480194805194805 5.5366697049181
0.0480844155844156 5.52919291260104
0.0481493506493507 5.52173627443102
0.0482142857142857 5.51429971004318
0.0482792207792208 5.50688313941759
0.0483441558441558 5.49948648288462
0.0484090909090909 5.49210966112796
0.048474025974026 5.48475259518837
0.048538961038961 5.47741520646701
0.0486038961038961 5.47009741672738
0.0486688311688312 5.46279914809793
0.0487337662337662 5.45552032307371
0.0487987012987013 5.44826086451787
0.0488636363636364 5.44102069566236
0.0489285714285714 5.43379974010958
0.0489935064935065 5.42659792183247
0.0490584415584416 5.41941516517468
0.0491233766233766 5.4122513948518
0.0491883116883117 5.40510653594936
0.0492532467532468 5.39798051392468
0.0493181818181818 5.39087325460498
0.0493831168831169 5.38378468418744
0.0494480519480519 5.37671472923833
0.049512987012987 5.36966331669224
0.0495779220779221 5.36263037385077
0.0496428571428571 5.35561582838199
0.0497077922077922 5.34861960831873
0.0497727272727273 5.34164164205779
0.0498376623376623 5.3346818583582
0.0499025974025974 5.3277401863399
0.0499675324675325 5.32081655548246
