0 975.805604860744
6.41025641025641e-05 975.805604860744
0.000128205128205128 975.805604860744
0.000192307692307692 975.805604860744
0.000256410256410256 975.805604860744
0.000320512820512821 975.805604860744
0.000384615384615385 975.805604860744
0.000448717948717949 975.805604860744
0.000512820512820513 975.805604860744
0.000576923076923077 975.805604860744
0.000641025641025641 975.805604860744
0.000705128205128205 975.805604860744
0.000769230769230769 975.805604860744
0.000833333333333333 975.805604860744
0.000897435897435897 975.805604860744
0.000961538461538462 975.805604860744
0.00102564102564103 975.805604860744
0.00108974358974359 975.805604860745
0.00115384615384615 975.805604860745
0.00121794871794872 975.805604860745
0.00128205128205128 975.805604860746
0.00134615384615385 975.805604860746
0.00141025641025641 975.805604860746
0.00147435897435897 975.805604860747
0.00153846153846154 975.805604860747
0.0016025641025641 975.805604860747
0.00166666666666667 975.805604860747
0.00173076923076923 975.805604860748
0.00179487179487179 975.805604860748
0.00185897435897436 975.805604860748
0.00192307692307692 975.805604860748
0.00198717948717949 975.805604860748
0.00205128205128205 975.805604860749
0.00211538461538462 975.805604860749
0.00217948717948718 975.805604860749
0.00224358974358974 975.805604860749
0.00230769230769231 975.805604860749
0.00237179487179487 975.805604860749
0.00243589743589744 975.805604860749
0.0025 975.805604860748
0.00256410256410256 975.805604860748
0.00262820512820513 975.805604860747
0.00269230769230769 975.805604860747
0.00275641025641026 975.805604860746
0.00282051282051282 975.805604860746
0.00288461538461538 975.805604860746
0.00294871794871795 975.805604860746
0.00301282051282051 975.805604860746
0.00307692307692308 975.805604860746
0.00314102564102564 975.805604860746
0.00320512820512821 975.805604860746
0.00326923076923077 975.805604860746
0.00333333333333333 975.805604860746
0.0033974358974359 975.805604860745
0.00346153846153846 975.805604860745
0.00352564102564103 975.805604860745
0.00358974358974359 975.805604860744
0.00365384615384615 975.805604860744
0.00371794871794872 975.805604860744
0.00378205128205128 975.805604860743
0.00384615384615385 975.805604860743
0.00391025641025641 975.805604860743
0.00397435897435897 975.805604860742
0.00403846153846154 975.805604860742
0.0041025641025641 975.805604860741
0.00416666666666667 975.805604860741
0.00423076923076923 975.80560486074
0.00429487179487179 975.80560486074
0.00435897435897436 975.80560486074
0.00442307692307692 975.80560486074
0.00448717948717949 975.805604860739
0.00455128205128205 975.805604860739
0.00461538461538462 975.805604860739
0.00467948717948718 975.805604860738
0.00474358974358974 975.805604860737
0.00480769230769231 975.805604860736
0.00487179487179487 975.805604860735
0.00493589743589744 975.805604860735
0.005 975.805604860734
0.00506410256410256 975.805604860734
0.00512820512820513 975.805604860733
0.00519230769230769 975.805604860732
0.00525641025641026 975.805604860731
0.00532051282051282 975.80560486073
0.00538461538461539 975.805604860728
0.00544871794871795 975.805604860727
0.00551282051282051 975.805604860725
0.00557692307692308 975.805604860724
0.00564102564102564 975.805604860721
0.00570512820512821 975.805604860719
0.00576923076923077 975.805604860717
0.00583333333333333 975.805604860714
0.0058974358974359 975.805604860712
0.00596153846153846 975.805604860708
0.00602564102564103 975.805604860705
0.00608974358974359 975.805604860701
0.00615384615384615 975.805604860697
0.00621794871794872 975.805604860692
0.00628205128205128 975.805604860687
0.00634615384615385 975.805604860681
0.00641025641025641 975.805604860675
0.00647435897435897 975.805604860667
0.00653846153846154 975.805604860659
0.0066025641025641 975.805604860649
0.00666666666666667 975.805604860638
0.00673076923076923 975.805604860626
0.00679487179487179 975.805604860613
0.00685897435897436 975.805604860597
0.00692307692307692 975.80560486058
0.00698717948717949 975.805604860561
0.00705128205128205 975.805604860539
0.00711538461538462 975.805604860514
0.00717948717948718 975.805604860486
0.00724358974358974 975.805604860455
0.00730769230769231 975.805604860419
0.00737179487179487 975.805604860379
0.00743589743589744 975.805604860334
0.0075 975.805604860284
0.00756410256410256 975.805604860227
0.00762820512820513 975.805604860163
0.00769230769230769 975.805604860091
0.00775641025641026 975.805604860009
0.00782051282051282 975.805604859918
0.00788461538461538 975.805604859816
0.00794871794871795 975.8056048597
0.00801282051282051 975.805604859571
0.00807692307692308 975.805604859425
0.00814102564102564 975.805604859262
0.00820512820512821 975.805604859079
0.00826923076923077 975.805604858873
0.00833333333333333 975.805604858643
0.0083974358974359 975.805604858385
0.00846153846153846 975.805604858096
0.00852564102564103 975.805604857772
0.00858974358974359 975.805604857409
0.00865384615384615 975.805604857003
0.00871794871794872 975.805604856549
0.00878205128205128 975.80560485604
0.00884615384615385 975.805604855471
0.00891025641025641 975.805604854835
0.00897435897435898 975.805604854123
0.00903846153846154 975.805604853327
0.0091025641025641 975.805604852438
0.00916666666666667 975.805604851446
0.00923076923076923 975.805604850337
0.00929487179487179 975.805604849098
0.00935897435897436 975.805604847717
0.00942307692307692 975.805604846175
0.00948717948717949 975.805604844455
0.00955128205128205 975.805604842538
0.00961538461538462 975.805604840401
0.00967948717948718 975.805604838019
0.00974358974358974 975.805604835366
0.00980769230769231 975.805604832412
0.00987179487179487 975.805604829123
0.00993589743589744 975.805604825463
0.01 975.805604821391
0.0100641025641026 975.805604816862
0.0101282051282051 975.805604811826
0.0101923076923077 975.805604806228
0.0102564102564103 975.805604800009
0.0103205128205128 975.8056047931
0.0103846153846154 975.805604785429
0.0104487179487179 975.805604776914
0.0105128205128205 975.805604767465
0.0105769230769231 975.805604756982
0.0106410256410256 975.805604745356
0.0107051282051282 975.805604732467
0.0107692307692308 975.805604718183
0.0108333333333333 975.805604702357
0.0108974358974359 975.805604684828
0.0109615384615385 975.80560466542
0.011025641025641 975.805604643937
0.0110897435897436 975.805604620165
0.0111538461538462 975.805604593869
0.0112179487179487 975.805604564792
0.0112820512820513 975.805604532647
0.0113461538461538 975.805604497123
0.0114102564102564 975.805604457877
0.011474358974359 975.805604414533
0.0115384615384615 975.805604366678
0.0116025641025641 975.80560431386
0.0116666666666667 975.805604255582
0.0117307692307692 975.8056041913
0.0117948717948718 975.805604120419
0.0118589743589744 975.805604042285
0.0119230769230769 975.805603956184
0.0119871794871795 975.805603861333
0.0120512820512821 975.805603756877
0.0121153846153846 975.805603641879
0.0121794871794872 975.805603515314
0.0122435897435897 975.805603376065
0.0123076923076923 975.805603222907
0.0123717948717949 975.805603054506
0.0124358974358974 975.805602869402
0.0125 975.805602666004
0.0125641025641026 975.805602442574
0.0126282051282051 975.805602197215
0.0126923076923077 975.805601927863
0.0127564102564103 975.805601632263
0.0128205128205128 975.805601307959
0.0128846153846154 975.805600952278
0.0129487179487179 975.805600562306
0.0130128205128205 975.805600134873
0.0130769230769231 975.805599666527
0.0131410256410256 975.805599153514
0.0132051282051282 975.805598591751
0.0132692307692308 975.805597976799
0.0133333333333333 975.805597303835
0.0133974358974359 975.805596567617
0.0134615384615385 975.805595762454
0.013525641025641 975.805594882166
0.0135897435897436 975.805593920046
0.0136538461538462 975.805592868818
0.0137179487179487 975.80559172059
0.0137820512820513 975.805590466805
0.0138461538461538 975.805589098189
0.0139102564102564 975.805587604695
0.013974358974359 975.805585975438
0.0140384615384615 975.805584198637
0.0141025641025641 975.805582261537
0.0141666666666667 975.805580150339
0.0142307692307692 975.805577850116
0.0142948717948718 975.805575344729
0.0143589743589744 975.805572616735
0.0144230769230769 975.805569647283
0.0144871794871795 975.805566416015
0.0145512820512821 975.805562900945
0.0146153846153846 975.805559078345
0.0146794871794872 975.805554922608
0.0147435897435897 975.805550406114
0.0148076923076923 975.80554549908
0.0148717948717949 975.805540169401
0.0149358974358974 975.805534382482
0.015 975.805528101056
0.0150641025641026 975.805521284996
0.0151282051282051 975.805513891102
0.0151923076923077 975.80550587289
0.0152564102564103 975.805497180355
0.0153205128205128 975.805487759723
0.0153846153846154 975.805477553188
0.015448717948718 975.805466498629
0.0155128205128205 975.805454529314
0.0155769230769231 975.80544157358
0.0156410256410256 975.805427554494
0.0157051282051282 975.805412389497
0.0157692307692308 975.805395990021
0.0158333333333333 975.805378261085
0.0158974358974359 975.805359100863
0.0159615384615385 975.805338400234
0.016025641025641 975.805316042294
0.0160897435897436 975.805291901847
0.0161538461538462 975.80526584486
0.0162179487179487 975.805237727894
0.0162820512820513 975.805207397492
0.0163461538461538 975.805174689537
0.0164102564102564 975.805139428575
0.016474358974359 975.805101427092
0.0165384615384615 975.805060484756
0.0166025641025641 975.805016387619
0.0166666666666667 975.804968907261
0.0167307692307692 975.804917799906
0.0167948717948718 975.804862805472
0.0168589743589744 975.804803646581
0.0169230769230769 975.804740027509
0.0169871794871795 975.804671633081
0.0170512820512821 975.80459812751
0.0171153846153846 975.804519153172
0.0171794871794872 975.80443432932
0.0172435897435897 975.804343250725
0.0173076923076923 975.804245486258
0.0173717948717949 975.80414057739
0.0174358974358974 975.80402803662
0.0175 975.803907345827
0.0175641025641026 975.803777954537
0.0176282051282051 975.803639278106
0.0176923076923077 975.803490695818
0.0177564102564103 975.803331548888
0.0178205128205128 975.803161138369
0.0178846153846154 975.802978722966
0.017948717948718 975.802783516744
0.0180128205128205 975.80257468673
0.0180769230769231 975.802351350408
0.0181410256410256 975.8021125731
0.0182051282051282 975.801857365229
0.0182692307692308 975.801584679463
0.0183333333333333 975.801293407732
0.0183974358974359 975.800982378119
0.0184615384615385 975.800650351613
0.018525641025641 975.800296018735
0.0185897435897436 975.799917996012
0.0186538461538462 975.799514822313
0.0187179487179487 975.799084955033
0.0187820512820513 975.798626766125
0.0188461538461538 975.798138537976
0.0189102564102564 975.797618459117
0.018974358974359 975.797064619772
0.0190384615384615 975.796475007236
0.0191025641025641 975.795847501076
0.0191666666666667 975.795179868164
0.0192307692307692 975.794469757515
0.0192948717948718 975.793714694951
0.0193589743589744 975.792912077569
0.0194230769230769 975.792059168019
0.0194871794871795 975.791153088589
0.0195512820512821 975.790190815078
0.0196153846153846 975.789169170481
0.0196794871794872 975.78808481846
0.0197435897435897 975.786934256603
0.0198076923076923 975.785713809474
0.0198717948717949 975.784419621454
0.0199358974358974 975.78304764935
0.02 975.781593654799
0.0200641025641026 975.780053196444
0.0201282051282051 975.778421621883
0.0201923076923077 975.776694059403
0.0202564102564103 975.774865409477
0.0203205128205128 975.772930336043
0.0203846153846154 975.770883257551
0.0204487179487179 975.768718337785
0.0205128205128205 975.766429476452
0.0205769230769231 975.764010299553
0.0206410256410256 975.76145414952
0.0207051282051282 975.758754075135
0.0207692307692308 975.755902821219
0.0208333333333333 975.752892818109
0.0208974358974359 975.749716170908
0.0209615384615385 975.746364648528
0.021025641025641 975.742829672522
0.0210897435897436 975.739102305701
0.0211538461538462 975.735173240558
0.0212179487179487 975.731032787492
0.0212820512820513 975.726670862846
0.0213461538461538 975.722076976749
0.0214102564102564 975.717240220795
0.021474358974359 975.712149255549
0.0215384615384615 975.706792297885
0.0216025641025641 975.701157108179
0.0216666666666667 975.695230977363
0.0217307692307692 975.68900071384
0.0217948717948718 975.682452630281
0.0218589743589744 975.675572530317
0.0219230769230769 975.668345695129
0.0219871794871795 975.66075686996
0.0220512820512821 975.652790250553
0.0221153846153846 975.644429469536
0.0221794871794872 975.635657582774
0.0222435897435897 975.626457055682
0.0223076923076923 975.616809749548
0.0223717948717949 975.60669690786
0.0224358974358974 975.596099142655
0.0225 975.58499642093
0.0225641025641026 975.573368051107
0.0226282051282051 975.561192669591
0.0226923076923077 975.548448227444
0.0227564102564103 975.535111977169
0.0228205128205128 975.521160459669
0.0228846153846154 975.506569491364
0.0229487179487179 975.491314151517
0.0230128205128205 975.475368769775
0.0230769230769231 975.458706913962
0.0231410256410256 975.441301378142
0.0232051282051282 975.423124170979
0.0232692307692308 975.404146504423
0.0233333333333333 975.384338782742
0.0233974358974359 975.36367059194
0.0234615384615385 975.342110689566
0.023525641025641 975.319626994965
0.0235897435897436 975.296186579989
0.0236538461538462 975.271755660188
0.0237179487179487 975.246299586525
0.0237820512820513 975.21978283763
0.0238461538461539 975.192169012635
0.0239102564102564 975.163420824595
0.023974358974359 975.13350009456
0.0240384615384615 975.102367746287
0.0241025641025641 975.06998380165
0.0241666666666667 975.036307376757
0.0242307692307692 975.001296678819
0.0242948717948718 974.964909003777
0.0243589743589744 974.927100734739
0.0244230769230769 974.88782734123
0.0244871794871795 974.8470433793
0.0245512820512821 974.8047024925
0.0246153846153846 974.760757413767
0.0246794871794872 974.715159968225
0.0247435897435897 974.667861076939
0.0248076923076923 974.61881076164
0.0248717948717949 974.567958150438
0.0249358974358974 974.51525148455
0.025 974.460638126062
0.0250641025641026 974.404064566735
0.0251282051282051 974.345476437887
0.0251923076923077 974.28481852135
0.0252564102564103 974.222034761533
0.0253205128205128 974.157068278589
0.0253846153846154 974.089861382707
0.0254487179487179 974.020355589543
0.0255128205128205 973.948491636781
0.0255769230769231 973.874209501848
0.0256410256410256 973.797448420789
0.0257051282051282 973.718146908286
0.0257692307692308 973.636242778844
0.0258333333333333 973.551673169133
0.0258974358974359 973.464374561487
0.0259615384615385 973.374282808552
0.026025641025641 973.281333159087
0.0260897435897436 973.185460284888
0.0261538461538462 973.086598308862
0.0262179487179487 972.984680834194
0.0262820512820513 972.879640974633
0.0263461538461538 972.771411385851
0.0264102564102564 972.659924297873
0.026474358974359 972.545111548554
0.0265384615384615 972.426904618081
0.0266025641025641 972.305234664461
0.0266666666666667 972.180032559999
0.0267307692307692 972.051228928702
0.0267948717948718 971.918754184601
0.0268589743589744 971.782538570949
0.0269230769230769 971.64251220026
0.0269871794871795 971.498605095157
0.0270512820512821 971.35074722998
0.0271153846153846 971.198868573116
0.0271794871794872 971.04289913002
0.0272435897435897 970.88276898686
0.0273076923076923 970.718408354756
0.0273717948717949 970.549747614561
0.0274358974358974 970.376717362122
0.0275 970.199248453995
0.0275641025641026 970.017272053526
0.0276282051282051 969.830719677276
0.0276923076923077 969.63952324171
0.0277564102564103 969.443615110107
0.0278205128205128 969.242928139624
0.0278846153846154 969.03739572846
0.0279487179487179 968.826951863051
0.0280128205128205 968.61153116525
0.0280769230769231 968.391068939408
0.0281410256410256 968.165501219313
0.0282051282051282 967.934764814914
0.0282692307692308 967.698797358761
0.0283333333333333 967.457537352111
0.0283974358974359 967.210924210621
0.0284615384615385 966.958898309576
0.028525641025641 966.701401028577
0.0285897435897436 966.438374795629
0.0286538461538462 966.169763130569
0.0287179487179487 965.895510687761
0.0287820512820513 965.61556329801
0.0288461538461538 965.329868009615
0.0289102564102564 965.03837312851
0.028974358974359 964.741028257435
0.0290384615384615 964.43778433407
0.0291025641025641 964.128593668077
0.0291666666666667 963.813409976997
0.0292307692307692 963.492188420936
0.0292948717948718 963.164885636
0.0293589743589744 962.831459766417
0.0294230769230769 962.491870495297
0.0294871794871795 962.146079073985
0.0295512820512821 961.794048349956
0.0296153846153846 961.435742793212
0.0296794871794872 961.071128521137
0.0297435897435897 960.700173321761
0.0298076923076923 960.322846675418
0.0298717948717949 959.939119774732
0.0299358974358974 959.548965542931
0.03 959.152358650426
0.0300641025641026 958.749275529657
0.0301282051282051 958.339694388162
0.0301923076923077 957.923595219853
0.0302564102564103 957.500959814481
0.0303205128205128 957.07177176527
0.0303846153846154 956.636016474717
0.0304487179487179 956.193681158523
0.0305128205128205 955.744754847682
0.0305769230769231 955.289228388695
0.0306410256410256 954.827094441916
0.0307051282051282 954.358347478035
0.0307692307692308 953.882983772702
0.0308333333333333 953.401001399294
0.0308974358974359 952.912400219835
0.0309615384615385 952.417181874088
0.031025641025641 951.915349766832
0.0310897435897436 951.406909053341
0.0311538461538462 950.891866623082
0.0312179487179487 950.370231081673
0.0312820512820513 949.842012731103
0.0313461538461538 949.307223548267
0.0314102564102564 948.765877161835
0.031474358974359 948.217988827488
0.0315384615384615 947.663575401566
0.0316025641025641 947.102655313162
0.0316666666666667 946.535248534708
0.0317307692307692 945.961376551083
0.0317948717948718 945.381062327313
0.0318589743589744 944.794330274884
0.0319230769230769 944.201206216735
0.0319871794871795 943.601717350976
0.0320512820512821 942.995892213385
0.0321153846153846 942.383760638734
0.0321794871794872 941.765353721006
0.0322435897435897 941.140703772554
0.0323076923076923 940.509844282269
0.0323717948717949 939.872809872797
0.0324358974358974 939.229636256894
0.0325 938.580360192945
0.0325641025641026 937.925019439743
0.0326282051282051 937.263652710561
0.0326923076923077 936.596299626595
0.0327564102564103 935.92300066984
0.0328205128205128 935.243797135455
0.0328846153846154 934.558731083681
0.0329487179487179 933.867845291378
0.0330128205128205 933.171183203247
0.0330769230769231 932.468788882782
0.0331410256410256 931.760706963036
0.0332051282051282 931.046982597245
0.0332692307692308 930.327661409375
0.0333333333333333 929.60278944466
0.0333974358974359 928.872413120174
0.0334615384615385 928.136579175503
0.033525641025641 927.395334623584
0.0335897435897436 926.648726701738
0.0336538461538462 925.896802822981
0.0337179487179487 925.139610527654
0.0337820512820513 924.377197435406
0.0338461538461539 923.609611197618
0.0339102564102564 922.836899450277
0.033974358974359 922.059109767368
0.0340384615384615 921.276289614824
0.0341025641025641 920.488486305081
0.0341666666666667 919.695746952262
0.0342307692307692 918.898118428054
0.0342948717948718 918.095647318297
0.0343589743589744 917.288379880325
0.0344230769230769 916.476362001094
0.0344871794871795 915.659639156128
0.0345512820512821 914.838256369308
0.0346153846153846 914.012258173534
0.0346794871794872 913.181688572288
0.0347435897435897 912.346591002115
0.0348076923076923 911.507008296043
0.0348717948717949 910.662982647963
0.0349358974358974 909.814555577986
0.035 908.961767898792
0.0350641025641026 908.10465968297
0.0351282051282051 907.243270231386
0.0351923076923077 906.377638042555
0.0352564102564103 905.507800783051
0.0353205128205128 904.633795258935
0.0353846153846154 903.755657388227
0.0354487179487179 902.873422174399
0.0355128205128205 901.987123680903
0.0355769230769231 901.096795006719
0.0356410256410256 900.202468262935
0.0357051282051282 899.304174550324
0.0357692307692308 898.401943937935
0.0358333333333333 897.495805442675
0.0358974358974359 896.585787009867
0.0359615384615385 895.671915494779
0.036025641025641 894.754216645102
0.0360897435897436 893.83271508436
0.0361538461538462 892.907434296236
0.0362179487179487 891.978396609796
0.0362820512820513 891.045623185586
0.0363461538461538 890.109134002576
0.0364102564102564 889.168947845945
0.036474358974359 888.225082295656
0.0365384615384615 887.277553715823
0.0366025641025641 886.326377244819
0.0366666666666667 885.371566786119
0.0367307692307692 884.413134999832
0.0367948717948718 883.451093294903
0.0368589743589744 882.485451821957
0.0369230769230769 881.516219466745
0.0369871794871795 880.543403844167
0.0370512820512821 879.567011292844
0.0371153846153846 878.587046870198
0.0371794871794872 877.603514348012
0.0372435897435897 876.616416208444
0.0373076923076923 875.625753640442
0.0373717948717949 874.631526536555
0.0374358974358974 873.633733490074
0.0375 872.632371792497
0.0375641025641026 871.627437431265
0.0376282051282051 870.618925087745
0.0376923076923077 869.606828135419
0.0377564102564103 868.591138638247
0.0378205128205128 867.571847349174
0.0378846153846154 866.548943708737
0.037948717948718 865.522415843741
0.0380128205128205 864.492250565975
0.0380769230769231 863.458433370928
0.0381410256410256 862.420948436469
0.0382051282051282 861.379778621462
0.0382692307692308 860.334905464276
0.0383333333333333 859.286309181162
0.0383974358974359 858.23396866446
0.0384615384615385 857.177861480596
0.038525641025641 856.11796386785
0.0385897435897436 855.054250733846
0.0386538461538462 853.986695652741
0.0387179487179487 852.915270862073
0.0387820512820513 851.839947259239
0.0388461538461538 850.760694397569
0.0389102564102564 849.677480481961
0.038974358974359 848.590272364045
0.0390384615384615 847.499035536845
0.0391025641025641 846.403734128903
0.0391666666666667 845.304330897831
0.0392307692307692 844.200787223266
0.0392948717948718 843.093063099181
0.0393589743589744 841.981117125533
0.0394230769230769 840.864906499206
0.0394871794871795 839.744387004213
0.0395512820512821 838.619513001138
0.0396153846153846 837.490237415759
0.0396794871794872 836.356511726845
0.0397435897435897 835.218285953068
0.0398076923076923 834.075508639008
0.0398717948717949 832.928126840216
0.0399358974358974 831.776086107284
0.04 830.619330468906
0.0400641025641026 829.457802413866
0.0401282051282051 828.291442871944
0.0401923076923077 827.120191193666
0.0402564102564103 825.943985128888
0.0403205128205128 824.762760804153
0.0403846153846154 823.576452698779
0.040448717948718 822.384993619644
0.0405128205128205 821.188314674607
0.0405769230769231 819.98634524453
0.0406410256410256 818.779012953839
0.0407051282051282 817.566243639588
0.0407692307692308 816.347961318952
0.0408333333333333 815.124088155118
0.0408974358974359 813.894544421489
0.0409615384615385 812.659248464169
0.041025641025641 811.418116662642
0.0410897435897436 810.171063388587
0.0411538461538462 808.918000962777
0.0412179487179487 807.658839609958
0.0412820512820513 806.39348741166
0.0413461538461538 805.121850256854
0.0414102564102564 803.843831790359
0.041474358974359 802.559333358933
0.0415384615384615 801.268253954945
0.0416025641025641 799.970490157527
0.0416666666666667 798.665936071121
0.0417307692307692 797.354483261305
0.0417948717948718 796.036020687777
0.0418589743589744 794.710434634407
0.0419230769230769 793.377608636197
0.0419871794871795 792.037423403056
0.0420512820512821 790.689756740216
0.0421153846153846 789.33448346517
0.0421794871794872 787.971475320967
0.0422435897435897 786.600600885701
0.0423076923076923 785.221725478021
0.0423717948717949 783.83471105849
0.0424358974358974 782.439416126589
0.0425 781.035695613164
0.0425641025641026 779.623400768111
0.0426282051282051 778.202379043051
0.0426923076923077 776.772473968778
0.0427564102564103 775.333525027195
0.0428205128205128 773.885367517488
0.0428846153846154 772.427832416238
0.0429487179487179 770.960746231163
0.0430128205128205 769.483930848166
0.0430769230769231 767.997203371345
0.0431410256410256 766.500375955585
0.0432051282051282 764.993255631353
0.0432692307692308 763.475644121263
0.0433333333333333 761.947337647981
0.0433974358974359 760.408126732975
0.0434615384615385 758.857795985625
0.043525641025641 757.296123882138
0.0435897435897436 755.722882533692
0.0436538461538462 754.137837443203
0.0437179487179487 752.540747250037
0.0437820512820513 750.931363461989
0.0438461538461538 749.309430173748
0.0439102564102564 747.674683771057
0.043974358974359 746.026852619703
0.0440384615384615 744.365656738398
0.0441025641025641 742.690807454567
0.0441666666666667 741.002007041975
0.0442307692307692 739.298948339034
0.0442948717948718 737.58131434657
0.0443589743589744 735.848777803713
0.0444230769230769 734.101000740481
0.0444871794871795 732.337634005528
0.0445512820512821 730.558316767375
0.0446153846153846 728.762675987353
0.0446794871794872 726.950325862304
0.0447435897435897 725.120867234959
0.0448076923076923 723.273886969711
0.0448717948717949 721.408957291352
0.0449358974358974 719.52563508409
0.045 717.62346114798
0.0450641025641026 715.701959409623
0.0451282051282051 713.760636083723
0.0451923076923077 711.798978781812
0.0452564102564103 709.816455564084
0.0453205128205128 707.812513929943
0.0453846153846154 705.786579742458
0.045448717948718 703.738056081469
0.0455128205128205 701.666322019597
0.0455769230769231 699.570731314857
0.0456410256410256 697.450611012978
0.0457051282051282 695.305259951834
0.0457692307692308 693.133947159668
0.0458333333333333 690.935910137914
0.0458974358974359 688.710353018516
0.0459615384615385 686.456444584574
0.046025641025641 684.173316141965
0.0460897435897436 681.860059228299
0.0461538461538462 679.515723144038
0.0462179487179487 677.139312288973
0.0462820512820513 674.729783285353
0.0463461538461538 672.286041866825
0.0464102564102564 669.806939509939
0.046474358974359 667.29126978222
0.0465384615384615 664.737764377722
0.0466025641025641 662.145088807395
0.0466666666666667 659.511837707575
0.0467307692307692 656.836529725254
0.0467948717948718 654.117601933498
0.0468589743589744 651.353403724215
0.0469230769230769 648.542190118506
0.0469871794871795 645.682114426612
0.0470512820512821 642.771220180103
0.0471153846153846 639.807432247963
0.0471794871794872 636.788547035457
0.0472435897435897 633.712221649755
0.0473076923076923 630.575961898795
0.0473717948717949 627.377108969275
0.0474358974358974 624.112824605417
0.0475 620.780074581353
0.0475641025641026 617.37561022586
0.0476282051282051 613.895947717359
0.0476923076923077 610.337344818267
0.0477564102564103 606.695774659082
0.0478205128205128 602.966896111523
0.0478846153846154 599.146020204002
0.047948717948718 595.228071927545
0.0480128205128205 591.207546651579
0.0480769230769231 587.078460210206
0.0481410256410256 582.834291522967
0.0482051282051282 578.46791636883
0.0482692307692308 573.971530624532
0.0483333333333333 569.336560889881
0.0483974358974359 564.553559928519
0.0484615384615385 559.612083719454
0.048525641025641 554.500546096883
0.0485897435897436 549.206045890382
0.0486538461538462 543.714160077063
0.0487179487179487 538.008694598041
0.0487820512820513 532.071381997595
0.0488461538461538 525.881511659827
0.0489102564102564 519.41547377092
0.048974358974359 512.646191668839
0.0490384615384615 505.542408113496
0.0491025641025641 498.067777919001
0.0491666666666667 490.179700289321
0.0492307692307692 481.827795797813
0.0492948717948718 472.951889824904
0.0493589743589744 463.479297231808
0.0494230769230769 453.321096078119
0.0494871794871795 442.366902371766
0.0495512820512821 430.477358956981
0.0496153846153846 417.473023503418
0.0496794871794872 403.117364339926
0.0497435897435898 387.089670177394
0.0498076923076923 368.939728260076
0.0498717948717949 348.007257258708
0.0499358974358974 323.267146252895
0.05 293
