0.000895143592549291 -0
0.00216106780140387 -1.53023890344454e-13
0.00281635839121969 -0
0.00334072136746369 -0
0.00379188910766217 -0
0.00419424697083116 5.90939133992969e-13
0.00456097238184593 2.24624860252314e-12
0.00490017575128752 4.47610716789773e-12
0.00521727919535704 9.1531828265571e-12
0.00551612336300936 1.73970862838089e-11
0.00579954801533826 3.20695319084031e-11
0.00606972379470698 5.34627808416579e-11
0.00632835448656973 8.88053113685821e-11
0.00657680675712493 1.4353269270186e-10
0.0068161968616931 2.27831310236643e-10
0.00704745059660485 3.52394323855584e-10
0.00727134595237275 5.36850380776921e-10
0.00748854420873934 8.03580537356955e-10
0.00769961308644406 1.18573011048679e-09
0.00790504430500749 1.72222351985482e-09
0.00810526711583901 2.47086899377128e-09
0.00830065888450999 3.50602846427781e-09
0.00849155347283745 4.91797774026743e-09
0.00867824795557443 6.82989031920546e-09
0.0088610080592816 9.39535871333438e-09
0.00904007260862284 1.28119551662887e-08
0.0092156571929717 1.73189023700772e-08
0.00938795721425203 2.32261827224427e-08
0.0095571504390851 3.0914859308849e-08
0.00972339915038299 4.08560164620602e-08
0.00988685197266618 5.3627535510388e-08
0.0100476454296299 6.99392208943594e-08
0.0102059052804648 9.06503249609816e-08
0.0103617476721804 1.16808765141148e-07
0.0105152801379859 1.49670482450098e-07
0.0106666024661478 1.90750254368566e-07
0.0108158074592911 2.41859132804937e-07
0.0109629816005742 3.05153627756682e-07
0.0111082056403283 3.83192178160147e-07
0.0112515551144725 4.79006043519401e-07
0.0113931008041581 5.9615860896856e-07
0.0115329091445883 7.38840654956295e-07
0.011671042589718 9.11956249955712e-07
0.0118075599385184 1.12122737109603e-06
0.0119425166276443 1.37331022444067e-06
0.0120759649946403 1.67592039274676e-06
0.0122079545152296 2.0379881187505e-06
0.0123385320177405 2.46980409560908e-06
0.0124677418773055 2.98320269331504e-06
0.012595626192118 3.59175935644266e-06
0.0127222249437324 4.31100239527985e-06
0.0128475761431385 5.15865045483363e-06
0.0129717159641232 6.15487049164426e-06
0.0130946788652469 7.32256363939781e-06
0.0132164977016002 8.68767890434219e-06
0.0133372038273683 1.02795474966456e-05
0.0134568271901114 1.21312478073697e-05
0.0135753964175639 1.42800116062074e-05
0.0136929388976651 1.67676537896278e-05
0.0138094808524572 1.96410358483442e-05
0.0139250474064134 2.29525801521462e-05
0.0140396626497024 2.67608015908259e-05
0.0141533496968394 3.11309062059524e-05
0.0142661307411294 3.61354048745875e-05
0.0143780271052646 4.18547892912241e-05
0.0144890592884046 4.83782596221098e-05
0.0145992470100314 5.58044792368045e-05
0.0147086092508484 6.42423926327925e-05
0.0148171642909593 7.38121040976676e-05
0.0149249297455491 8.46457815773071e-05
0.0150319225982605 9.68886610956055e-05
0.015138159232447 0.000110700050849317
0.0152436554604656 0.000126254455195491
0.0153484265511562 0.000143742692391578
0.0154524872556436 0.000163373153139571
0.0155558518315861 0.000185373033060891
0.0156585340659829 0.000209989704967993
0.0157605472966432 0.000237492096324045
0.0158619044324134 0.00026817218282682
0.0159626179722468 0.000302346516032608
0.016062700023198 0.000340357805934531
0.0161621623174134 0.000382576614167061
0.0162610162281867 0.000429403070985718
0.0163592727851406 0.000481268680381286
0.0164569426885927 0.000538638188379534
0.0165540363231586 0.000602011494861818
0.0166505637706405 0.000671925680002322
0.0167465348222472 0.000748957023523087
0.0168419589901877 0.000833723148382181
0.0169368455186758 0.000926885190764068
0.0170312033943841 0.00102915003064716
0.0171250413563782 0.00114127259799681
0.0172183679055645 0.00126405819786793
0.0173111913136789 0.00139836491383375
0.0174035196318444 0.00154510605654841
0.0174953606987217 0.00170525264281602
0.0175867221482772 0.00187983591200246
0.017677611417189 0.00206994990445952
0.0177680357519124 0.00227675405237907
0.0178580022154232 0.0025014757862804
0.0179475176936566 0.00274541320270083
0.0180365889016584 0.00300993769620804
0.0181252223894646 0.00329649666194869
0.0182134245477226 0.00360661615577594
0.0183012016130696 0.00394190358170691
0.0183885596732787 0.00430405036548697
0.0184755046721871 0.00469483461617266
0.0185620424144158 0.00511612376755347
0.0186481785698926 0.0055698771990851
0.0187339186781871 0.00605814882005637
0.0188192681526692 0.00658308961646348
0.0189042322844974 0.00714695014517661
0.0189888162464475 0.00775208297126052
0.0190730250965873 0.00840094506748092
0.019156863781807 0.0090961000945114
0.0192403371412106 0.00984022065448495
0.0193234499093753 0.010636090435206
0.0194062067194859 0.011486606242589
0.0194886121063483 0.0123947799659088
0.0195706705092902 0.0133637403956125
0.0196523862749514 0.0143967349557897
0.0197337636599711 0.0154971312882826
0.0198148068335753 0.0166684187060267
0.0198955198800696 0.0179142095028357
0.0199759068012411 0.0192382401234185
0.0200559715186742 0.0206443721521354
0.0201357178759826 0.0221365931646995
0.0202151496409631 0.0237190173702196
0.0202942705076723 0.0253958861118724
0.0203730840984322 0.0271715681510634
0.0204515939657649 0.0290505597627233
0.0205298035942613 0.0310374846482087
0.0206077164023862 0.0331370936142048
0.0206853357442215 0.0353542640541528
0.0207626649111513 0.0376939992072524
0.0208397071334909 0.0401614272041157
0.0209164655820608 0.0427617998641123
0.0209929433697101 0.045500491287946
0.0210691435527895 0.0483829961737358
0.0211450691325764 0.0514149279433695
0.0212207230566544 0.0546020165841579
0.0212961082202489 0.0579501062756221
0.0213712274675194 0.0614651527407721
0.0214460835928124 0.0651532203749319
0.0215206793418737 0.069020479105119
0.0215950174130239 0.0730732010247017
0.0216691004582974 0.0773177567352104
0.0217429310845465 0.0817606114839551
0.0218165118545113 0.0864083210332229
0.0218898452878585 0.0912675272714106
0.0219629338621873 0.0963449536044121
0.0220357800140071 0.101647400089202
0.0221083861396844 0.107181738338217
0.0221807545963633 0.112954906172787
0.0222528877028581 0.118973902074745
0.0223247877405206 0.125245779382105
0.0223964569540814 0.131777640297044
0.0224678975524684 0.138576629657232
0.0225391117096007 0.145649928507567
0.0226101015651607 0.153004747478118
0.0226808692253442 0.160648319966137
0.0227514167635895 0.168587895139766
0.0228217462212864 0.176830730752622
0.0228918596084653 0.18538408582144
0.0229617589044677 0.194255213115625
0.023031446058598 0.203451351515961
0.023100922990758 0.212979718249386
0.0231701915920639 0.222847500975276
0.0232392537254472 0.233061849777753
0.0233081112262389 0.243629869047493
0.0233767659027391 0.254558609267839
0.0234452195367706 0.265855058732733
0.0235134738842188 0.277526135211563
0.0235815306755575 0.289578677520034
0.02364939161636 0.302019437091342
0.0237170583877989 0.31485506950147
0.023784532647131 0.328092125987898
0.0238518160281717 0.341737044955458
0.0239189101417563 0.355796143506106
0.02398581657619 0.370275608993447
0.0240525368976866 0.385181490622929
0.0241190726507963 0.400519691096168
0.0241854253588229 0.416295958299052
0.0242515965242307 0.432515877129933
0.0243175876290417 0.449184861383167
0.0243834001352226 0.46630814572244
0.0244490354850627 0.483890777815962
0.0245144951015429 0.501937610577562
0.0245797803886956 0.520453294566344
0.0246448927319561 0.539442270542584
0.0247098334985055 0.558908762182104
0.0247746040376057 0.578856769008502
0.0248392056809267 0.599290059490873
0.0249036397428659 0.620212164333258
0.02496790752086 0.641626370054045
0.0250320102956901 0.663535712698718
0.0250959493317792 0.685942971879847
0.0251597258774836 0.708850665008768
0.0252233411653769 0.732261041807247
0.0252867964125283 0.756176079099767
0.0253500928207738 0.780597475849748
0.0254132315769824 0.805526648538641
0.0254762138533153 0.830964726766978
0.0255390408074798 0.856912549218537
0.0256017135829781 0.88337065990563
0.0256642333093494 0.910339304720097
0.0257266011024082 0.937818428338562
0.0257888180644759 0.965807671399807
0.0258508852846088 0.99430636807194
0.02591280383882 1.02331354391668
0.0259745747902974 1.05282791409627
0.0260361991896165 1.08284788192152
0.026097678074949 1.11337153777013
0.0261590124722667 1.14439665829618
0.0262202033955415 1.1759207060405
0.0262812518469409 1.20794082936083
0.0263421588170193 1.24045386270872
0.0264029252849058 1.27345632724902
0.0264635522184877 1.30694443185285
0.0265240405745906 1.34091407440479
0.0265843912991543 1.37536084347406
0.0266446053274054 1.41028002029051
0.0267046835840266 1.44566658111924
0.0267646269833223 1.48151519989121
0.026824436429381 1.5178202512264
0.0268841128162343 1.55457581373888
0.0269436570280128 1.59177567370131
0.0270030699390991 1.62941332896662
0.0270623524142773 1.6674819932484
0.0271215053088803 1.70597460067431
0.0271805294689334 1.74488381064721
0.0272394257312958 1.78420201297859
0.0272981949237987 1.82392133330241
0.0273568378653812 1.86403363876577
0.0274153553662238 1.90453054397643
0.0274737482278783 1.94540341721469
0.0275320172433964 1.98664338686108
0.0275901631974554 2.02824134808943
0.0276481868664812 2.07018796976649
0.0277060890187693 2.11247370155637
0.0277638704146037 2.15508878126027
0.0278215318063734 2.1980232423243
0.0278790739386864 2.24126692153502
0.027936497548482 2.28480946689287
0.0279938033651412 2.32864034564272
0.0280509921105943 2.37274885244887
0.0281080644994277 2.41712411771744
0.0281650212389871 2.4617551160499
0.0282218630294809 2.50663067480562
0.0282785905640796 2.55173948275507
0.0283352045290154 2.59707009886719
0.028391705603678 2.64261096111931
0.0284480944607109 2.68835039544566
0.0285043717661036 2.73427662467756
0.0285605381792845 2.78037777758409
0.0286165943532103 2.82664189792393
0.0286725409344548 2.87305695351501
0.0287283785632959 2.91961084534413
0.0287841078738013 2.96629141665027
0.0288397294939121 3.01308646202649
0.0288952440455258 3.05998373647054
0.028950652144577 3.10697096445314
0.0290059544011173 3.15403584889236
0.029061151419394 3.20116608012099
0.0291162437979266 3.2483493447679
0.0291712321295827 3.29557333458496
0.0292261170016526 3.34282575518297
0.0292808989959224 3.39009433469289
0.0293355786887459 3.43736683230799
0.0293901566511153 3.48463104674771
0.0294446334487309 3.53187482457423
0.0294990096420694 3.57908606842219
0.0295532857864514 3.62625274506341
0.0296074624321071 3.67336289335925
0.0296615401242419 3.72040463204045
0.0297155194031002 3.76736616736959
0.0297694008040282 3.8142358006012
0.0298231848575361 3.86100193532364
0.029876872089359 3.90765308457605
0.0299304630205167 3.95417787783201
0.0299839581673729 4.00056506777499
0.0300373580416931 4.04680353689997
0.0300906631507018 4.09288230391104
0.0301438739971386 4.13879052993078
0.0301969910793137 4.18451752449803
0.0302500148911622 4.23005275135906
0.0303029459222977 4.27538583408134
0.0303557846580653 4.32050656140856
0.0304085315795929 4.36540489243579
0.0304611871638432 4.41007096155872
0.0305137518836632 4.45449508319998
0.0305662262078342 4.49866775631184
0.0306186106011205 4.54257966867699
0.0306709055243172 4.58622170096869
0.030723111434298 4.62958493057214
0.0307752287840611 4.67266063524096
0.0308272580227757 4.71544029646061
0.0308791995958267 4.75791560262077
0.0309310539448594 4.80007845196152
0.0309828215078233 4.84192095531133
0.0310345027190152 4.8834354385598
0.0310860980091217 4.92461444495574
0.0311376078052611 4.96545073716529
0.0311890325310248 5.00593729910112
0.0312403726065176 5.04606733756453
0.0312916284483982 5.0858342836488
0.031342800469918 5.12523179393542
0.0313938890809608 5.16425375150306
0.0314448946880804 5.2028942666963
0.0314958176945388 5.24114767772182
0.0315466585003429 5.27900855102175
0.0315974175022819 5.31647168148219
0.0316480950939628 5.35353209240058
0.0316986916658461 5.39018503531541
0.0317492076052813 5.42642598961586
0.0317996432965409 5.46225066198871
0.0318499991208551 5.49765498567878
0.031900275456445 5.53263511957748
0.0319504726785558 5.56718744715311
0.0320005911594898 5.6013085752035
0.0320506312686382 5.63499533245431
0.0321005933725131 5.66824476801741
0.0321504778347787 5.70105414967042
0.0322002850162823 5.73342096201377
0.0322500152750848 5.76534290447882
0.0322996689664904 5.79681788921666
0.0323492464430767 5.82784403881699
0.0323987480547234 5.85841968396334
0.0324481741486416 5.88854336089939
0.0324975250694018 5.91821380883834
0.0325468011589622 5.94742996721205
0.0325960027566963 5.97619097288096
0.0326451301994199 6.00449615716316
0.0326941838214186 6.03234504283689
0.0327431639544736 6.05973734101489
0.0327920709278884 6.08667294794761
0.0328409050685145 6.11315194175645
0.0328896667007768 6.13917457906945
0.0329383561466987 6.16474129159455
0.0329869737259272 6.18985268265379
0.0330355197557572 6.21450952361921
0.0330839945511555 6.23871275031706
0.0331323984247849 6.26246345937611
0.0331807316870276 6.28576290452794
0.0332289946460086 6.30861249288359
0.0332771876076181 6.33101378113419
0.0333253108755349 6.35296847176356
0.033373364751248 6.37447840920962
0.0334213495340792 6.39554557599825
0.0334692655212045 6.41617208888697
0.0335171130076755 6.43636019495175
0.0335648922864411 6.45611226769455
0.0336126036483677 6.47543080313597
0.0336602473822607 6.49431841590259
0.0337078237748842 6.51277783530993
0.0337553331109813 6.53081190145296
0.0338027756732943 6.54842356132467
0.033850151742584 6.56561586490023
0.0338974615976491 6.58239196128345
0.0339447055153456 6.59875509483903
0.0339918837706055 6.61470860136457
0.0340389966364553 6.63025590427559
0.034086044384035 6.64540051080581
0.0341330272826155 6.66014600827771
0.0341799455996174 6.67449606035659
0.0342267996006282 6.68845440337505
0.0342735895494201 6.70202484267152
0.0343203157079671 6.71521124897651
0.0343669783364624 6.72801755484806
0.0344135776933351 6.74044775114373
0.034460114035267 6.75250588353617
0.034506587617209 6.76419604907009
0.0345529986923975 6.77552239278941
0.0345993475123705 6.78648910440092
0.0346456343269832 6.79710041499065
0.0346918593844244 6.80736059378841
0.0347380229312311 6.81727394502117
0.0347841252123048 6.82684480476438
0.0348301664709259 6.83607753790781
0.0348761469487691 6.84497653515975
0.034922066885918 6.85354621008774
0.0349679265208798 6.86179099626406
0.0350137260905999 6.86971534442524
0.0350594658304758 6.87732371975938
0.0351051459743717 6.88462059916295
0.035150766754632 6.89161046866739
0.0351963284020953 6.89829782083397
0.0352418311461082 6.90468715227411
0.0352872752145384 6.91078296122364
0.0353326608337884 6.91658974516399
0.0353779882288081 6.92211199851514
0.0354232576231086 6.92735421040689
0.0354684692387743 6.93232086250088
0.0355136232964761 6.93701642687724
0.0355587200154838 6.94144536400732
0.0356037596136785 6.94561212076016
0.0356487423075648 6.94952112849378
0.0356936683122832 6.95317680120301
0.0357385378416218 6.95658353374551
0.0357833511080286 6.95974570010038
0.0358281083226227 6.96266765171771
0.0358728096952063 6.96535371593528
0.0359174554342759 6.96780819441654
0.0359620457470339 6.9700353616953
0.0360065808393997 6.97203946376499
0.0360510609160207 6.9738247167112
0.0360954861802835 6.97539530542377
0.0361398568343246 6.97675538237147
0.036184173079041 6.9779090664006
0.0362284351141011 6.978860441642
0.0362726431379551 6.97961355642158
0.0363167973478452 6.98017242227135
0.0363608979398161 6.98054101295734
0.036404945108725 6.98072326358359
0.0364489390482517 6.98072306973808
0.0364928799509086 6.98054428670522
0.0365367680080506 6.98019072870239
0.0365806034098843 6.9796661681869
0.0366243863454785 6.97897433521405
0.0366681170027727 6.97811891681068
0.0367117955685876 6.97710355644928
0.0367554222286333 6.97593185351092
0.0367989971675195 6.97460736282597
0.0368425205687639 6.97313359424228
0.0368859926148017 6.97151401225972
0.036929413486994 6.96975203567817
0.0369727833656373 6.96785103728484
0.0370161024299717 6.96581434360877
0.0370593708581896 6.96364523468573
0.0371025888274446 6.96134694387668
0.0371457565138597 6.95892265769572
0.0371888740925355 6.9563755157227
0.0372319417375589 6.95370861048848
0.037274959622011 6.95092498743716
0.0373179279179753 6.9480276449017
0.0373608467965458 6.94501953411585
0.0374037164278349 6.9419035592408
0.0374465369809811 6.93868257744848
0.0374893086241571 6.93535939899677
0.0375320315245773 6.93193678736495
0.0375747058485054 6.92841745938809
0.0376173317612621 6.92480408543418
0.0376599094272326 6.92109928958614
0.0377024390098736 6.91730564987336
0.0377449206717212 6.91342569848742
0.0377873545743976 6.90946192205275
0.0378297408786187 6.90541676190153
0.0378720797442011 6.90129261436107
0.0379143713300689 6.89709183107629
0.0379566157942608 6.89281671932797
0.0379988132939371 6.88846954239429
0.0380409639853866 6.88405251988899
0.0380830680240328 6.87956782816739
0.0381251255644414 6.87501760067569
0.0381671367603261 6.87040392839104
0.0382091017645558 6.86572886021654
0.0382510207291607 6.86099440340528
0.0382928938053391 6.85620252399859
0.0383347211434633 6.85135514727682
0.0383765028930861 6.84645415820898
0.0384182392029472 6.84150140191448
0.0384599302209792 6.83649868414035
0.0385015760943138 6.83144777173428
0.0385431769692877 6.82635039313482
0.0385847329914489 6.82120823885827
0.0386262443055622 6.81602296199326
0.0386677110556157 6.81079617871297
0.0387091333848258 6.80552946876868
0.038750511435644 6.80022437600432
0.0387918453497615 6.7948824088728
0.0388331352681158 6.78950504094512
0.0388743813308958 6.78409371142926
0.0389155836775475 6.77864982569381
0.0389567424467794 6.77317475579421
0.0389978577765681 6.76766984096956
0.0390389298041635 6.76213638820181
0.0390799586660945 6.75657567270536
0.0391209444981739 6.75098893847257
0.0391618874355038 6.74537739878651
0.0392027876124809 6.7397422367324
0.0392436451628013 6.73408460573396
0.0392844602194662 6.72840563006066
0.0393252329147864 6.72270640534958
0.0393659633803875 6.71698799910749
0.0394066517472149 6.71125145123734
0.0394472981455386 6.70549777453335
0.0394879027049584 6.69972795520005
0.039528465554408 6.69394295333503
0.0395689868221607 6.68814370343755
0.0396094666358333 6.68233111491081
0.0396499051223914 6.67650607253598
0.0396903024081538 6.67066943697555
0.0397306586187969 6.66482204523385
0.0397709738793596 6.65896471115889
0.0398112483142478 6.65309822589483
0.0398514820472386 6.64722335836459
0.0398916752014849 6.64134085571602
0.03993182789952 6.63545144379781
0.0399719402632615 6.62955582760384
0.040012012414016 6.62365469171468
0.0400520444724833 6.61774870074658
0.0400920365587606 6.61183849978627
0.0401319887923467 6.60592471482139
0.040171901292146 6.60000795316497
0.040211774176473 6.59408880387173
0.0402516075630562 6.58816783815458
0.0402914015690421 6.58224560978832
0.0403311563109991 6.57632265551918
0.040370871904922 6.57039949545012
0.0404105484662352 6.56447663343496
0.0404501861097973 6.55855455746195
0.0404897849499047 6.55263374003349
0.0405293451002952 6.54671463852625
0.0405688666741522 6.54079769557073
0.0406083497841083 6.53488333939868
0.0406477945422492 6.52897198420496
0.0406872010601171 6.52306403048464
0.0407265694487147 6.51715986538588
0.0407658998185085 6.511259863028
0.0408051922794328 6.5053643848518
0.0408444469408933 6.49947377992748
0.04088366391177 6.4935883852626
0.0409228433004216 6.48770852613767
0.0409619852146883 6.48183451638961
0.0410010897618958 6.47596665872389
0.0410401570488583 6.4701052449952
0.0410791871818821 6.46425055650738
0.0411181802667691 6.45840286428756
0.0411571364088198 6.4525624293565
0.0411960557128369 6.4467295030146
0.0412349382831287 6.44090432709268
0.0412737842235118 6.43508713421831
0.0413125936373151 6.42927814806136
0.0413513666273824 6.42347758359003
0.0413901032960757 6.41768564731192
0.0414288037452787 6.41190253750802
0.0414674680763994 6.40612844447258
0.0415060963903738 6.40036355072187
0.0415446887876684 6.39460803124311
0.0415832453682835 6.38886205369005
0.0416217662317563 6.38312577860279
0.0416602514771638 6.37739935960992
0.0416987012031259 6.37168294364599
0.0417371155078079 6.36597667112469
0.0417754944889242 6.36028067615632
0.0418138382437404 6.35459508671604
0.0418521468690768 6.34892002483976
0.0418904204613107 6.34325560680089
0.0419286591163799 6.33760194328163
0.0419668629297849 6.33195913954825
0.0420050319965917 6.32632729561346
0.0420431664114353 6.3207065064025
0.0420812662685214 6.31509686190392
0.0421193316616299 6.30949844733629
0.0421573626841172 6.30391134328732
0.042195359428919 6.29833562586222
0.042233321988553 6.29277136683153
0.0422712504551214 6.28721863376426
0.0423091449203135 6.28167749016545
0.0423470054754086 6.27614799560818
0.042384832211278 6.27063020585849
0.0424226252183881 6.26512417300602
0.0424603845868027 6.25962994558088
0.0424981104061852 6.25414756866997
0.0425358027658017 6.24867708404058
0.042573461754523 6.24321853023995
0.0426110874608272 6.23777194271423
0.0426486799728022 6.23233735390891
0.0426862393781478 6.22691479337063
0.0427237657641786 6.22150428785113
0.0427612592178258 6.21610586139869
0.0427987198256399 6.21071953546174
0.042836147673793 6.20534532896684
0.0428735428480812 6.19998325841837
0.0429109054339265 6.1946333379827
0.0429482355163794 6.18929557956801
0.0429855331801213 6.18396999290865
0.0430227985094662 6.1786565856462
0.0430600315883636 6.17335536340104
0.0430972325004 6.1680663298487
0.0431344013288019 6.1627894867936
0.0431715381564372 6.15752483423997
0.0432086430658178 6.1522723704542
0.0432457161391015 6.14703209203568
0.0432827574580944 6.14180399397909
0.0433197671042527 6.13658806973843
0.0433567451586853 6.13138431127905
0.043393691702155 6.12619270915006
0.0434306068150814 6.12101325252322
0.0434674905775425 6.11584592925891
0.0435043430692769 6.11069072595849
0.0435411643696858 6.10554762801251
0.0435779545578347 6.10041661965011
0.043614713712456 6.09529768398843
0.0436514419119503 6.09019080307685
0.0436881392343887 6.08509595794471
0.0437248057575149 6.08001312864202
0.0437614415587465 6.0749422942837
0.0437980467151777 6.06988343309086
0.0438346213035806 6.06483652242644
0.0438711654004074 6.05980153883587
0.0439076790817919 6.05477845808488
0.0439441624235519 6.04976725519158
0.0439806155011905 6.04476790446413
0.0440170383898984 6.03978037953184
0.0440534311645552 6.03480465337841
0.0440897938997317 6.02984069837444
0.0441261266696912 6.02488848629982
0.0441624295483917 6.01994798838492
0.0441987026094874 6.01501917532666
0.0442349459263305 6.01010201732455
0.0442711595719731 6.0051964840986
0.0443073436191685 6.00030254492194
0.0443434981403734 5.99542016864027
0.0443796232077491 5.9905493236956
0.0444157188931638 5.9856899781507
0.0444517852681936 5.98084209970866
0.0444878224041245 5.97600565573658
0.0445238303719543 5.97118061328373
0.0445598092423935 5.96636693910145
0.0445957590858677 5.9615645996599
0.0446316799725187 5.95677356116896
0.0446675719722064 5.95199378959639
0.04470343515451 5.94722525067807
0.0447392695887302 5.94246790994411
0.04477507534389 5.93772173272829
0.0448108524887369 5.93298668418246
0.0448466010917441 5.92826272929196
0.044882321221112 5.9235498328867
0.0449180129447701 5.91884795966565
0.0449536763303778 5.91415707419229
0.0449893114453268 5.90947714092325
0.0450249183567418 5.90480812420817
0.0450604971314824 5.90014998830861
0.0450960478361445 5.89550269740148
0.0451315705370615 5.89086621560049
0.0451670653003061 5.88624050695523
0.0452025321916917 5.88162553546651
0.0452379712767736 5.87702126509342
0.0452733826208504 5.87242765976611
0.0453087662889656 5.86784468338708
0.0453441223459091 5.86327229984727
0.0453794508562182 5.85871047302812
0.0454147518841793 5.85415916681248
0.0454500254938289 5.84961834508869
0.0454852717489556 5.84508797176156
0.0455204907131007 5.84056801075367
0.0455556824495601 5.83605842601589
0.0455908470213852 5.83155918153156
0.0456259844913846 5.82707024132374
0.0456610949221252 5.82259156945994
0.0456961783759335 5.81812313005412
0.045731234914897 5.81366488727722
0.0457662646008652 5.8092168053597
0.0458012674954513 5.80477884859426
0.0458362436600332 5.80035098134103
0.0458711931557547 5.79593316803333
0.045906116043527 5.79152537318141
0.0459410123840297 5.78712756137329
0.0459758822377121 5.7827396972837
0.0460107256647944 5.77836174567002
0.0460455427252691 5.77399367138245
0.0460803334789019 5.76963543936328
0.0461150979852332 5.76528701465166
0.046149836303579 5.760948362384
0.0461845484930322 5.75661944779932
0.0462192346124641 5.75230023623913
0.0462538947205249 5.74799069315268
0.0462885288756453 5.74369078409628
0.0463231371360378 5.73940047473812
0.0463577195596973 5.73511973085691
0.0463922762044027 5.73084851834623
0.0464268071277178 5.72658680321612
0.0464613123869926 5.72233455159314
0.0464957920393643 5.71809172972296
0.0465302461417582 5.7138583039727
0.0465646747508891 5.70963424083123
0.0465990779232624 5.70541950691043
0.0466334557151751 5.70121406894434
0.0466678081827165 5.69701789379573
0.0467021353817699 5.69283094845029
0.0467364373680134 5.68865320002433
0.0467707141969208 5.68448461575873
0.0468049659237629 5.68032516302551
0.0468391926036081 5.67617480932482
0.0468733942913242 5.67203352228781
0.0469075710415786 5.66790126967767
0.04694172290884 5.6637780193849
0.0469758499473787 5.65966373943556
0.0470099522112685 5.65555839798474
0.0470440297543868 5.65146196332319
0.0470780826304162 5.64737440387185
0.0471121108928452 5.64329568818632
0.0471461145949695 5.63922578495384
0.0471800937898923 5.63516466299705
0.0472140485305262 5.63111229126951
0.0472479788695934 5.62706863886144
0.0472818848596269 5.62303367499344
0.0473157665529716 5.61900736902298
0.0473496240017851 5.6149896904399
0.0473834572580386 5.6109806088678
0.0474172663735179 5.60698009406168
0.0474510513998244 5.60298811591374
0.0474848123883757 5.59900464444679
0.047518549390407 5.59502964981785
0.0475522624569717 5.59106310231726
0.0475859516389422 5.58710497236632
0.0476196169870111 5.58315523052027
0.0476532585516919 5.57921384746604
0.0476868763833198 5.57528079402222
0.047720470532053 5.57135604114071
0.0477540410478729 5.56743955990131
0.0477875879805857 5.56353132151826
0.0478211113798225 5.55963129733498
0.0478546112950409 5.55573945882415
0.0478880877755255 5.55185577759004
0.0479215408703885 5.54798022536397
0.0479549706285709 5.54411277400948
0.0479883770988435 5.54025339551615
0.0480217603298071 5.5364020620027
0.0480551203698938 5.53255874571515
0.0480884572673678 5.52872341902704
0.0481217710703261 5.52489605443921
0.0481550618266992 5.52107662457607
0.0481883295842521 5.51726510219079
0.0482215743905853 5.51346146016104
0.0482547962931348 5.5096656714883
0.0482879953391739 5.50587770929928
0.0483211715758133 5.50209754684366
0.048354325050002 5.49832515749533
0.0483874558085284 5.49456051474921
0.0484205638980206 5.49080359222415
0.0484536493649475 5.48705436365921
0.0484867122556195 5.48331280291443
0.0485197526161891 5.47957888397123
0.0485527704926519 5.47585258093074
0.048585765930847 5.47213386801262
0.0486187389764583 5.46842271955608
0.0486516896750145 5.46471911001838
0.0486846180718905 5.46102301397399
0.0487175242123078 5.45733440611493
0.0487504081413351 5.4536532612498
0.0487832699038894 5.44997955430232
0.0488161095447366 5.44631326031229
0.0488489271084918 5.44265435443412
0.0488817226396206 5.43900281193651
0.0489144961824394 5.43535860820185
0.0489472477811163 5.43172171872479
0.0489799774796718 5.42809211911305
0.0490126853219793 5.42446978508663
0.0490453713517659 5.42085469247561
0.0490780356126131 5.4172468172222
0.0491106781479576 5.41364613537748
0.0491432990010918 5.41005262310301
0.0491758982151642 5.40646625666899
0.0492084758331808 5.40288701245394
0.0492410318980052 5.39931486694425
0.0492735664523593 5.39574979673346
0.049306079538824 5.392191778522
0.0493385711998402 5.38864078911649
0.0493710414777088 5.38509680542884
0.0494034904145919 5.38155980447593
0.0494359180525132 5.37802976337947
0.0494683244333586 5.37450665936442
0.0495007095988769 5.37099046975943
0.0495330735906805 5.36748117199568
0.0495654164502458 5.36397874360635
0.0495977382189142 5.36048316222678
0.0496300389378922 5.35699440559274
0.0496623186482526 5.35351245154081
0.0496945773909344 5.35003727800765
0.0497268152067442 5.34656886302887
0.0497590321363562 5.34310718473937
0.0497912282203131 5.3396522213721
0.0498234034990266 5.33620395125788
0.049855558012778 5.33276235282466
0.0498876918017186 5.32932740459721
0.0499198049058707 5.32589908519641
0.0499518973651279 5.32247737333866
0.0499839692192557 5.31906224783565
