0.000889460083706025 -0
0.00214734659727259 -0
0.00279847656984987 4.0089439240507e-13
0.00331951022369535 4.74932669112009e-13
0.00376781337785138 2.69195782332863e-13
0.0041676165620923 5.94767951921727e-13
0.00453201353425781 1.93786239302137e-12
0.00486906320973798 4.15869801785235e-12
0.00518415327825121 9.5814584226007e-12
0.00548110000343314 1.67326892726011e-11
0.00576272511596605 2.98283230524405e-11
0.0060311854762176 5.08247894224538e-11
0.00628817405184717 8.27200240013639e-11
0.00653504883171978 1.34326445285706e-10
0.00677291898374891 2.11185312555115e-10
0.00700270442613379 3.26120422032347e-10
0.00722517820971477 4.95179605482315e-10
0.00744099741559038 7.37831494798659e-10
0.0076507261598875 1.08520325014054e-09
0.00785485304006644 1.57301479594553e-09
0.00805380458210327 2.25182861004986e-09
0.00824795575557323 3.19003647759354e-09
0.00843763830251433 4.46872780343238e-09
0.00862314741147168 6.1991094383052e-09
0.00880474712183608 8.51797133493119e-09
0.00898267474190902 1.15997304434629e-08
0.0091571444922288 1.56638155394551e-08
0.00932835053405958 2.09856742312786e-08
0.00949646950533427 2.79038596333182e-08
0.00966166265858683 3.68413503556369e-08
0.00982407767468045 4.83127458787164e-08
0.00998385021048449 6.29507429032552e-08
0.0101411052267105 8.1525190544987e-08
0.0102959581329191 1.04962942551962e-07
0.0104485157795622 1.34391445007508e-07
0.0105988773213235 1.71150634374805e-07
0.0107471349715991 2.16852490636559e-07
0.0108933746644423 2.73414064498213e-07
0.0110376766374788 3.43113374776948e-07
0.0111801159470295 4.2863630352583e-07
0.0113207629248372 5.3314974021159e-07
0.01145968358429 6.60372343885337e-07
0.0115969399828057 8.14656548440354e-07
0.0117325905460248 1.00107353792384e-06
0.01186669035862 1.22552921468731e-06
0.0119992914258305 1.49486498937452e-06
0.0121304429092448 1.81699192782719e-06
0.0122601913398655 2.20103275543446e-06
0.0123885808110754 2.65746835845238e-06
0.012515653153775 3.19832314219621e-06
0.0126414480956652 3.83735370872815e-06
0.0127660034063934 4.59024556371601e-06
0.0128893550300696 5.47486359399969e-06
0.0130115372064674 6.5114794478902e-06
0.0131325825820715 7.7230704707871e-06
0.013252522311991 9.13559872312034e-06
0.013371386153641 1.07783556602947e-05
0.0134892025529904 1.26842969904105e-05
0.0136059987240852 1.48904442352205e-05
0.0137218007224768 1.74382816772316e-05
0.0138366335131163 2.03742246988809e-05
0.0139505210332173 2.37500881024622e-05
0.014063486250535 2.76236027459198e-05
0.0141755512174627 3.20589883631886e-05
0.0142867371213094 3.71275350408865e-05
0.0143970643310796 4.2908255295578e-05
0.0145065524410515 4.94885533788433e-05
0.0146152203114143 5.69649604021145e-05
0.0147230861062069 6.54439117828752e-05
0.0148301673287704 7.50425626720759e-05
0.0149364808549138 8.58896680762586e-05
0.0150420429639684 9.81264965341568e-05
0.0151468693678941 0.000111907813948747
0.0152509752385849 0.000127402916085942
0.0153543752335067 0.000144796711198114
0.0154570835197921 0.000164290864300078
0.0155591137969028 0.000186105013036265
0.0156604793179628 0.000210477995304677
0.0157611929098565 0.000237669202928882
0.0158612669921783 0.000267959941200641
0.0159607135951115 0.000301654885703824
0.0160595443763122 0.000339083555315316
0.0161577706368619 0.000380601910673329
0.0162554033363531 0.000426593961470149
0.0163524531071644 0.000477473448439709
0.0164489302679765 0.000533685602950134
0.0165448448365796 0.000595708938384917
0.0166402065420154 0.000664057125885727
0.0167350248360973 0.000739280920139469
0.0168293089043453 0.000821970137219542
0.0169230676763729 0.000912755686555511
0.0170163098357592 0.00101231168189661
0.0171090438294359 0.00112135755476388
0.0172012778766195 0.00124066026597107
0.0172930199773143 0.00137103655067035
0.0173842779204111 0.00151335517647192
0.0174750592914062 0.00166853929183069
0.0175653714797603 0.00183756878141466
0.017655221685919 0.00202148265382665
0.0177446169280132 0.00222138149456462
0.0178335640482576 0.00243842988255134
0.0179220697190623 0.00267385889831673
0.0180101404488752 0.00292896859396777
0.0180977825877681 0.00320513052003322
0.0181850023327797 0.00350379022303069
0.0182718057330305 0.00382646976541225
0.0183581986946186 0.0041747702387186
0.0184441869853098 0.00455037426297106
0.0185297762390319 0.00495504847212788
0.0186149719601826 0.00539064599472952
0.0186997795277605 0.00585910886622887
0.0187842041993294 0.00636247045197032
0.0188682511148216 0.00690285780112323
0.0189519253001898 0.00748249396328232
0.0190352316709151 0.00810370024294091
0.0191181750353768 0.00876889839824187
0.0192007600980909 0.00948061276593956
0.0192829914628248 0.0102414723189951
0.0193648736355919 0.0110542126208259
0.0194464110275333 0.0119216777072535
0.0195276079576907 0.0128468218589136
0.0196084686556769 0.0138327112643981
0.0196889972642463 0.0148825255853073
0.0197691978417721 0.0159995593843496
0.0198490743646331 0.0171872234250087
0.0199286307295143 0.0184490458565341
0.0200078707556254 0.0197886732172532
0.0200867981868403 0.0212098713263319
0.0201654166937613 0.0227165259993872
0.020243729875711 0.0243126436015208
0.0203217412626558 0.0260023514382105
0.0203994543170619 0.027789897962661
0.0204768724356893 0.02967965279508
0.0205539989513239 0.0316761065703584
0.0206308371344522 0.0337838705829084
0.0207073901948789 0.0360076762366104
0.0207836612832924 0.0383523742733134
0.0208596534927775 0.0408229338250688
0.0209353698602791 0.0434244412241938
0.0210108133680188 0.0461620986164279
0.0210859869448653 0.0490412223472561
0.0211608934676613 0.0520672411121253
0.021235535762508 0.0552456939204712
0.0213099166060097 0.0585822277822775
0.0213840387264789 0.062082595205696
0.0214579048051038 0.0657526514371524
0.0215315174770803 0.0695983514891257
0.021604879332709 0.0736257469218425
0.0216779929184586 0.0778409824008341
0.0217508607379976 0.0822502920280196
0.0218234852531945 0.0868599954294198
0.0218958688850884 0.0916764936277655
0.0219680140148308 0.0967062646844942
0.0220399229845995 0.101955859110514
0.0221115980984861 0.107431895073584
0.0221830416233575 0.11314105337277
0.0222542557896919 0.11909007220932
0.022325242792392 0.125285741748667
0.0223960047915742 0.131734898471471
0.0224665439133355 0.138444419344509
0.0225368622504989 0.145421215788766
0.0226069618633377 0.152672227455456
0.0226768447802806 0.160204415842861
0.0227465129985957 0.168024757739087
0.022815968485057 0.176140238482718
0.0228852131765925 0.184557845104072
0.0229542489809137 0.193284559290276
0.0230230777771299 0.202327350218571
0.0230917014163441 0.211693167303318
0.0231601217222345 0.221388932754706
0.0232283404916195 0.231421534102398
0.0232963594950089 0.241797816582238
0.0233641804771396 0.252524575431546
0.0234318051574978 0.263608548156258
0.0234992352308279 0.275056406685836
0.0235664723676281 0.286874749494691
0.0236335182146331 0.299070093696548
0.0237003743952846 0.311648867089327
0.0237670425101903 0.324617400214025
0.0238335241375708 0.337981918354632
0.0238998208336955 0.351748533637477
0.023965934133308 0.365923237047384
0.0240318655500401 0.380511890554825
0.0240976165768166 0.39552021925289
0.0241631886862498 0.410953803569875
0.0242285833310239 0.426818071531277
0.0242938019442707 0.443118291134882
0.0243588459399363 0.45985956278119
0.0244237167131385 0.47704681186065
0.024488415640516 0.494684781415619
0.0245529440805693 0.512778024953947
0.0246173033739936 0.531330899408164
0.0246814948440037 0.550347558245295
0.0247455197966515 0.569831944736434
0.024809379521136 0.589787785411185
0.0248730752901061 0.610218583694808
0.0249366083599569 0.6311276137472
0.0249999799711184 0.65251791449906
0.0250631913483382 0.674392283926499
0.0251262437009581 0.696753273533501
0.0251891382231834 0.719603183075932
0.0252518760943471 0.742944055526518
0.0253144584791681 0.766777672323399
0.0253768865280033 0.791105548824622
0.0254391613770943 0.815928930080977
0.0255012841488087 0.841248786852765
0.0255632559518762 0.86706581192035
0.0256250778816194 0.893380416701471
0.0256867510201799 0.920192728120018
0.0257482764367388 0.947502585811456
0.0258096551877336 0.975309539607575
0.0258708883170695 1.00361284735347
0.0259319768563263 1.0324114729976
0.0259929218249619 1.06170408503478
0.0260537242305101 1.09148905524337
0.0261143850687754 1.12176445776319
0.0261749053240228 1.15252806844324
0.0262352859691648 1.18377736457326
0.0262955279659433 1.21550952490766
0.0263556322651087 1.24772143000104
0.0264155998065947 1.28040966287498
0.0264754315196899 1.31357051001324
0.0265351283232061 1.3471999626727
0.0265946911256425 1.38129371849129
0.0266541208253472 1.41584718343713
0.0267134183106754 1.4508554740515
0.0267725844601441 1.48631342001139
0.0268316201425842 1.52221556697362
0.0268905262172891 1.55855617975068
0.0269493035341609 1.59532924575633
0.0270079529338533 1.63252847874294
0.027066475247912 1.67014732282993
0.0271248712989121 1.7081789568247
0.0271831419005932 1.74661629876236
0.0272412878579914 1.78545201077816
0.0272993099675695 1.82467850418622
0.0273572090173439 1.86428794482596
0.0274149857870097 1.90427225865836
0.0274726410480629 1.94462313758517
0.0275301755639212 1.98533204548461
0.0275875900900412 2.02639022449388
0.0276448853740347 2.06778870146741
0.027702062155782 2.1095182946492
0.0277591211675435 2.15156962054174
0.027816063134069 2.1939331009374
0.0278728887727054 2.23659897013407
0.0279295987935015 2.27955728230034
0.0279861938993123 2.32279791899819
0.0280426747859001 2.36631059684395
0.0280990421420345 2.41008487530104
0.0281552966495904 2.45411016458517
0.0282114389836441 2.49837573369243
0.028267469812568 2.54287071849988
0.0283233897981235 2.58758412998979
0.0283791995955517 2.63250486252883
0.0284348998536637 2.67762170220669
0.0284904912149279 2.72292333525786
0.0285459743155571 2.76839835651527
0.028601349785593 2.8140352778826
0.0286566182489897 2.85982253686785
0.0287117803236961 2.90574850511481
0.0287668366217362 2.95180149692348
0.0288217877492882 2.99796977779001
0.0288766343067627 3.04424157292987
0.0289313768888791 3.09060507576182
0.0289860160847409 3.13704845636322
0.0290405524779094 3.18355986989802
0.0290949866464767 3.23012746497591
0.0291493191631373 3.27673939193994
0.029203550595258 3.32338381112164
0.0292576815049472 3.37004890097056
0.0293117124491232 3.41672286613094
0.0293656439795805 3.46339394542089
0.0294194766430558 3.5100504196825
0.029473210981293 3.55668061954632
0.0295268475311061 3.60327293307208
0.0295803868244424 3.64981581324802
0.0296338293884437 3.69629778538984
0.0296871757455071 3.74270745437526
0.0297404264133443 3.78903351172901
0.0297935819050405 3.83526474259994
0.0298466427291117 3.88139003250699
0.029899609389562 3.92739837401518
0.029952482385939 3.97327887316089
0.0300052622133889 4.01902075575242
0.0300579493627108 4.06461337349116
0.0301105443204096 4.11004620988884
0.0301630475687486 4.15530888603008
0.0302154595858013 4.20039116612222
0.0302677808455016 4.24528296287171
0.0303200118176944 4.28997434265087
0.0303721529681847 4.33445553048616
0.0304242047587858 4.37871691483091
0.0304761676473672 4.42274905214886
0.0305280420879016 4.46654267127309
0.0305798285305111 4.51008867760332
0.030631527421513 4.55337815704606
0.0306831392034644 4.5964023797882
0.0307346643152063 4.63915280383829
0.0307861031919076 4.68162107837241
0.0308374562651077 4.7237990468769
0.0308887239627586 4.76567875006511
0.0309399067092667 4.80725242860304
0.030991004925534 4.84851252563282
0.0310420190289979 4.88945168906384
0.0310929494336714 4.9300627736886
0.0311437965501824 4.97033884307915
0.0311945607858121 5.01027317130245
0.0312452425445329 5.04985924439047
0.0312958422270464 5.08909076166305
0.03134636023082 5.12796163683914
0.0313967969501232 5.16646599894011
0.0314471527760641 5.20459819300974
0.031497428096624 5.24235278066188
0.031547623296693 5.27972454043002
0.0315977387581038 5.31670846792873
0.0316477748596661 5.35329977584727
0.0316977319771994 5.38949389377186
0.0317476104835666 5.42528646783289
0.0317974107487059 5.4606733601674
0.0318471331396634 5.49565064824733
0.0318967780206239 5.53021462401981
0.0319463457529428 5.56436179291655
0.0319958366951761 5.59808887269763
0.0320452512031113 5.63139279214022
0.0320945896297967 5.66427068959358
0.0321438523255713 5.6967199114092
0.0321930396380934 5.72873801019192
0.0322421519123695 5.76032274298688
0.0322911894907822 5.79147206927139
0.0323401527131188 5.82218414886592
0.0323890419165977 5.8524573397409
0.0324378574358965 5.88229019566027
0.0324865996031781 5.91168146375813
0.0325352687481171 5.94063008201345
0.0325838651979263 5.96913517661451
0.0326323892773818 5.99719605920805
0.0326808413088488 6.02481222410858
0.032729221612306 6.05198334539165
0.0327775305053709 6.07870927390832
0.0328257683033237 6.1049900342224
0.0328739353191315 6.13082582150785
0.032922031863472 6.15621699834128
0.0329700582447566 6.18116409145096
0.0330180147691537 6.205667788405
0.0330659017406118 6.22972893425817
0.0331137194608812 6.25334852813199
0.0331614682295368 6.2765277197682
0.0332091483439999 6.29926780604044
0.0332567600995596 6.32157022740453
0.0333043037893943 6.34343656436216
0.0333517797045926 6.36486853385739
0.0333991881341745 6.38586798568157
0.0334465293651114 6.40643689882577
0.0334938036823466 6.42657737784283
0.0335410113688156 6.44629164920415
0.0335881527054652 6.46558205761256
0.0336352279712737 6.48445106234347
0.0336822374432698 6.50290123357093
0.0337291813965513 6.5209352487051
0.0337760601043048 6.53855588871461
0.0338228738378234 6.55576603448684
0.0338696228665252 6.57256866317226
0.0339163074579718 6.58896684457381
0.0339629278778857 6.60496373751245
0.0340094843901681 6.62056258624506
0.0340559772569164 6.63576671691564
0.0341024067384414 6.65057953398702
0.0341487730932842 6.66500451673289
0.034195076578233 6.67904521577746
0.03424131744834 6.69270524961146
0.0342874959569372 6.70598830119805
0.0343336123556531 6.71889811459554
0.0343796668944288 6.73143849160892
0.034425659821533 6.74361328849895
0.0344715913835786 6.75542641271521
0.0345174618255375 6.76688181970742
0.034563271390756 6.77798350974249
0.0346090203209701 6.78873552480053
0.0346547088563197 6.79914194548579
0.0347003372353644 6.80920688804456
0.0347459056950969 6.81893450136822
0.0347914144709581 6.82832896409395
0.034836863796851 6.83739448175069
0.0348822539051549 6.84613528394314
0.0349275850267389 6.85455562160753
0.0349728573909762 6.86265976433038
0.0350180712257569 6.87045199770272
0.0350632267575021 6.87793662074414
0.0351083242111767 6.88511794338974
0.0351533638103025 6.8920002840315
0.0351983457769713 6.89858796711276
0.0352432703318575 6.90488532079013
0.0352881376942309 6.91089667465416
0.0353329480819691 6.91662635751221
0.0353777017115696 6.92207869521812
0.0354223987981627 6.92725800859675
0.0354670395555228 6.93216861137225
0.0355116241960806 6.93681480821385
0.0355561529309351 6.941200892814
0.035600625969865 6.94533114601428
0.0356450435213404 6.9492098340237
0.0356894057925341 6.95284120667342
0.0357337129893329 6.95622949573049
0.0357779653163486 6.95937891329054
0.0358221629769294 6.96229365020692
0.0358663061731705 6.96497787457561
0.0359103951059249 6.96743573030353
0.0359544299748142 6.96967133571382
0.035998410978239 6.97168878220571
0.0360423383133894 6.97349213297539
0.0360862121762553 6.97508542180698
0.0361300327616367 6.97647265187731
0.0361738002631535 6.97765779466375
0.036217514873256 6.97864478886371
0.0362611767832341 6.97943753939578
0.0363047861832277 6.98003991643152
0.0363483432622359 6.98045575449392
0.0363918482081268 6.98068885158128
0.0364353012076469 6.98074296838233
0.0364787024464305 6.98062182748525
0.0365220521090087 6.98032911267332
0.0365653503788191 6.97986846826214
0.0366085974382141 6.97924349845937
0.0366517934684705 6.97845776679255
0.0366949386497981 6.97751479556385
0.0367380331613485 6.97641806537118
0.0367810771812237 6.97517101462747
0.036824070886485 6.97377703916442
0.0368670144531609 6.97223949185689
0.0369099080562563 6.97056168228156
0.0369527518697599 6.96874687641076
0.0369955460666535 6.96679829636502
0.037038290818919 6.96471912017909
0.0370809862975475 6.96251248160361
0.0371236326725466 6.96018146994971
0.0371662301129486 6.9577291299621
0.0372087787868181 6.95515846172124
0.03725127886126 6.9524724205861
0.0372937305024271 6.94967391713967
0.0373361338755274 6.94676581720068
0.0373784891448319 6.9437509418459
0.0374207964736821 6.94063206742788
0.0374630560244969 6.93741192569459
0.0375052679587803 6.93409320384139
0.0375474324371284 6.93067854466281
0.0375895496192368 6.92717054668438
0.0376316196639071 6.92357176433221
0.0376736427290546 6.91988470812176
0.0377156189717144 6.91611184486599
0.0377575485480491 6.91225559790751
0.037799431613355 6.90831834735396
0.037841268322069 6.90430243035515
0.0378830588277751 6.9002101413792
0.0379248032832113 6.89604373250235
0.0379665018402758 6.89180541374617
0.0380081546500337 6.88749735337122
0.038049761862723 6.88312167825384
0.0380913236277613 6.87868047421706
0.038132840093752 6.87417578640727
0.0381743114084904 6.86960961966604
0.0382157377189698 6.86498393894221
0.0382571191713876 6.86030066965797
0.0382984559111515 6.85556169815667
0.0383397480828853 6.85076887208692
0.0383809958304348 6.84592400086307
0.0384221992968736 6.84102885607459
0.0384633586245091 6.83608517194805
0.0385044739548881 6.83109464578325
0.0385455454288023 6.82605893841601
0.0385865731862944 6.82097967467446
0.038627557366663 6.81585844386131
0.0386684981084688 6.8106968001987
0.0387093955495396 6.80549626332347
0.038750249826976 6.8002583187521
0.0387910610771566 6.79498441837659
0.0388318294357432 6.78967598093034
0.0388725550376863 6.78433439249041
0.0389132380172303 6.77896100695548
0.0389538785079185 6.77355714653274
0.0389944766425982 6.76812410224159
0.0390350325534262 6.76266313438371
0.039075546371873 6.7571754730533
0.0391160182287287 6.75166231860734
0.0391564482541072 6.74612484217394
0.0391968365774514 6.7405641861327
0.0392371833275381 6.7349814646013
0.0392774886324826 6.7293777639186
0.0393177526197436 6.723754143138
0.0393579754161278 6.7181116345009
0.0393981571477944 6.71245124392257
0.0394382979402603 6.70677395146464
0.039478397918404 6.70108071181047
0.0395184572064704 6.6953724547437
0.0395584759280756 6.68965008560319
0.0395984542062107 6.68391448576246
0.0396383921632468 6.67816651307506
0.039678289920939 6.67240700234848
0.039718147600431 6.66663676578136
0.0397579653222591 6.66085659342771
0.0397977432063569 6.65506725363379
0.0398374813720589 6.64926949347263
0.0398771799381051 6.64346403919011
0.0399168390226452 6.63765159663255
0.0399564587432423 6.63183285167725
0.0399960392168775 6.62600847063999
0.0400355805599534 6.62017910070788
0.0400750828882984 6.61434537034123
0.0401145463171707 6.6085078896805
0.040153970961262 6.60266725095074
0.0401933569347015 6.59682402885635
0.0402327043510598 6.59097878096521
0.0402720133233528 6.58513204809863
0.0403112839640451 6.57928435471176
0.0403505163850543 6.57343620926111
0.0403897106977543 6.56758810458147
0.0404288670129791 6.56174051824144
0.0404679854410266 6.55589391290204
0.0405070660916621 6.55004873667223
0.0405461090741218 6.5442054234437
0.0405851144971166 6.53836439323925
0.0406240824688353 6.53252605254778
0.0406630130969487 6.52669079465548
0.0407019064886122 6.52085899995653
0.04074076275047 6.51503103627973
0.0407795819886582 6.50920725920462
0.0408183643088082 6.50338801235282
0.0408571098160499 6.49757362770899
0.0408958186150155 6.4917644258898
0.0409344908098421 6.48596071646559
0.0409731265041757 6.48016279821624
0.0410117258011739 6.47437095942319
0.0410502888035094 6.46858547814973
0.0410888156133729 6.46280662248686
0.0411273063324768 6.45703465083808
0.0411657610620577 6.45126981216312
0.0412041799028798 6.4455123462344
0.0412425629552382 6.43976248389119
0.0412809103189615 6.434020447269
0.0413192220934151 6.42828645004385
0.0413574983775042 6.42256069766331
0.0413957392696767 6.41684338756847
0.0414339448679264 6.4111347094226
0.0414721152697953 6.40543484532831
0.0415102505723773 6.39974397003278
0.0415483508723206 6.39406225113952
0.0415864162658306 6.38838984931555
0.0416244468486728 6.38272691848128
0.0416624427161758 6.37707360601166
0.0417004039632337 6.37143005292338
0.0417383306843091 6.3657963940552
0.0417762229734358 6.36017275825871
0.0418140809242217 6.35455926856372
0.041851904629851 6.34895604235708
0.0418896941830875 6.34336319155443
0.0419274496762769 6.33778082275085
0.0419651712013493 6.33220903739636
0.0420028588498221 6.32664793193798
0.0420405127128027 6.32109759799126
0.0420781328809906 6.31555812246449
0.0421157194446803 6.31002958772403
0.0421532724937637 6.30451207171933
0.0421907921177326 6.29900564813666
0.0422282784056815 6.29351038652337
0.0422657314463094 6.28802635241557
0.042303151327923 6.28255360747558
0.0423405381384385 6.27709220960797
0.0423778919653846 6.27164221308195
0.0424152128959043 6.26620366865383
0.0424525010167577 6.26077662367341
0.0424897564143241 6.25536112219859
0.0425269791746045 6.24995720510992
0.0425641693832239 6.24456491020419
0.0426013271254336 6.23918427230437
0.0426384524861132 6.23381532336395
0.0426755455497732 6.22845809255282
0.0427126064005574 6.22311260635806
0.0427496351222445 6.21777888867302
0.0427866317982508 6.21245696089267
0.0428235965116323 6.20714684199165
0.0428605293450869 6.20184854861645
0.0428974303809565 6.19656209515939
0.0429342997012289 6.19128749384224
0.0429711373875405 6.18602475479502
0.0430079435211779 6.18077388612574
0.0430447181830801 6.17553489399987
0.043081461453841 6.17030778270495
0.0431181734137106 6.16509255472137
0.0431548541425979 6.15988921078983
0.0431915037200725 6.15469774997292
0.0432281222253668 6.14951816972451
0.0432647097373776 6.1443504659427
0.0433012663346687 6.13919463302715
0.0433377920954724 6.13405066395098
0.0433742870976916 6.12891855029555
0.0434107514189017 6.12379828231846
0.0434471851363527 6.11868984900485
0.0434835883269707 6.11359323810956
0.0435199610673605 6.10850843621437
0.0435563034338067 6.10343542876931
0.0435926155022759 6.09837420014302
0.0436288973484188 6.09332473366347
0.0436651490475717 6.08828701166175
0.0437013706747583 6.08326101551494
0.0437375623046919 6.07824672568727
0.0437737240117766 6.07324412177009
0.0438098558701098 6.06825318251073
0.0438459579534832 6.06327388585837
0.0438820303353854 6.05830620899498
0.0439180730890028 6.05335012837447
0.043954086287222 6.04840561975065
0.0439900700026311 6.0434726582065
0.0440260243075215 6.03855121819404
0.0440619492738899 6.03364127355745
0.0440978449734396 6.02874279756192
0.0441337114775821 6.02385576292559
0.0441695488574394 6.01898014184204
0.0442053571838447 6.01411590600878
0.044241136527345 6.00926302665311
0.044276886958202 6.00442147455183
0.0443126085463941 5.99959122006046
0.0443483013616176 5.99477223313367
0.044383965473289 5.98996448334265
0.0444196009505457 5.98516793990606
0.0444552078622482 5.98038257169816
0.0444907862769816 5.97560834727465
0.0445263362630566 5.97084523489824
0.0445618578885118 5.96609320254334
0.0445973512211146 5.96135221792226
0.044632816328363 5.95662224849971
0.0446682532774871 5.95190326150816
0.0447036621354504 5.94719522396608
0.0447390429689517 5.94249810269484
0.0447743958444259 5.93781186432409
0.0448097208280461 5.93313647531562
0.0448450179857246 5.92847190196951
0.0448802873831146 5.92381811044551
0.0449155290856115 5.9191750667652
0.0449507431583543 5.91454273683511
0.0449859296662273 5.90992108644764
0.045021088673861 5.90531008129917
0.0450562202456336 5.90070968699749
0.0450913244456729 5.89611986907673
0.045126401337857 5.89154059299666
0.045161450985816 5.8869718241677
0.0451964734529333 5.88241352794381
0.0452314688023468 5.87786566964463
0.0452664370969506 5.87332821455453
0.0453013783993957 5.86880112793336
0.0453362927720919 5.86428437502887
0.0453711802772089 5.85977792107976
0.0454060409766774 5.85528173131974
0.0454408749321906 5.85079577099092
0.0454756822052056 5.84632000534438
0.0455104628569443 5.84185439965317
0.0455452169483947 5.8373989192097
0.0455799445403126 5.8329535293395
0.0456146456932223 5.82851819540278
0.0456493204674182 5.82409288279803
0.0456839689229658 5.81967755697176
0.0457185911197029 5.81527218341754
0.0457531871172412 5.81087672768655
0.0457877569749668 5.80649115538761
0.0458223007520421 5.80211543219288
0.0458568185074065 5.79774952384194
0.0458913102997778 5.79339339614237
0.0459257761876534 5.7890470149804
0.045960216229311 5.78471034631809
0.0459946304828106 5.78038335619884
0.0460290190059948 5.77606601075092
0.0460633818564905 5.77175827618708
0.0460977190917096 5.76746011881456
0.0461320307688506 5.76317150502769
0.0461663169448992 5.7588924013209
0.0462005776766297 5.7546227742824
0.0462348130206062 5.75036259060473
0.0462690230331834 5.74611181707596
0.0463032077705078 5.74187042059074
0.0463373672885189 5.73763836815136
0.0463715016429501 5.73341562686621
0.0464056108893298 5.72920216395246
0.0464396950829825 5.72499794673909
0.0464737542790299 5.7208029426656
0.0465077885323916 5.7166171192863
0.0465417978977868 5.71244044427031
0.0465757824297345 5.70827288540308
0.0466097421825554 5.70411441058767
0.0466436772103719 5.69996498784476
0.0466775875671102 5.69582458531564
0.0467114733065004 5.69169317126005
0.046745334482078 5.68757071405937
0.0467791711471848 5.68345718221742
0.0468129833549696 5.67935254436146
0.0468467711583896 5.67525676924051
0.0468805346102111 5.67116982572724
0.0469142737630105 5.66709168281947
0.0469479886691754 5.66302230963873
0.0469816793809052 5.65896167543408
0.0470153459502124 5.65490974957732
0.0470489884289235 5.65086650156876
0.0470826068686797 5.64683190103338
0.0471162013209381 5.64280591772248
0.0471497718369722 5.63878852151488
0.0471833184678734 5.63477968241591
0.0472168412645516 5.63077937055855
0.0472503402777358 5.62678755619992
0.0472838155579756 5.62280420972724
0.0473172671556418 5.61882930165466
0.0473506951209269 5.61486280262194
0.0473840995038468 5.61090468339585
0.0474174803542411 5.60695491487044
0.0474508377217738 5.6030134680673
0.0474841716559349 5.59908031413364
0.0475174822060405 5.59515542434406
0.047550769421234 5.59123877009756
0.0475840333504872 5.58733032292271
0.0476172740426004 5.58343005447084
0.047650491546204 5.57953793652004
0.0476836859097589 5.57565394097408
0.0477168571815575 5.57177803986188
0.0477500054097245 5.56791020533657
0.0477831306422174 5.56405040967494
0.0478162329268279 5.56019862528021
0.0478493123111822 5.55635482467776
0.0478823688427421 5.55251898051713
0.0479154025688057 5.54869106556946
0.047948413536508 5.54487105273106
0.0479814017928221 5.54105891501795
0.0480143673845595 5.53725462556944
0.0480473103583711 5.53345815764694
0.0480802307607484 5.52966948463064
0.0481131286380232 5.52588858002294
0.0481460040363696 5.52211541744591
0.0481788570018038 5.51834997064118
0.0482116875801854 5.51459221346982
0.0482444958172178 5.51084211991107
0.0482772817584492 5.50709966406227
0.0483100454492732 5.50336482013903
0.0483427869349298 5.49963756247455
0.0483755062605055 5.49591786551744
0.0484082034709347 5.49220570383373
0.0484408786110002 5.48850105210467
0.0484735317253336 5.48480388512633
0.0485061628584164 5.48111417781014
0.0485387720545808 5.47743190518113
0.0485713593580099 5.47375704237879
0.0486039248127387 5.47008956465479
0.048636468462655 5.46642944737379
0.0486689903514996 5.46277666601212
0.0487014905228674 5.45913119615833
0.0487339690202079 5.45549301351098
0.048766425886826 5.45186209387962
0.0487988611658824 5.44823841318441
0.0488312749003946 5.44462194745288
0.0488636671332375 5.44101267282331
0.0488960379071437 5.43741056554141
0.0489283872647047 5.4338156019607
0.0489607152483712 5.43022775854183
0.0489930219004538 5.42664701185177
0.0490253072631238 5.4230733385643
0.0490575713784137 5.41950671545841
0.0490898142882177 5.41594711941739
0.0491220360342928 5.41239452743046
0.0491542366582589 5.40884891658981
0.0491864162015998 5.40531026409041
0.0492185747056636 5.40177854723163
0.0492507122116635 5.39825374341374
0.0492828287606781 5.39473583013959
0.0493149243936527 5.39122478501288
0.0493469991513989 5.3877205857381
0.0493790530745961 5.38422321011993
0.0494110862037916 5.38073263606246
0.0494430985794015 5.37724884156932
0.049475090241711 5.37377180474198
0.0495070612308751 5.3703015037807
0.0495390115869195 5.3668379169829
0.0495709413497406 5.36338102274278
0.0496028505591065 5.35993079955137
0.0496347392546575 5.35648722599549
0.0496666074759067 5.35305028075713
0.0496984552622403 5.34961994261363
0.0497302826529187 5.3461961904365
0.0497620896870765 5.34277900319099
0.0497938764037233 5.33936835993596
0.0498256428417444 5.33596423982301
0.0498573890399013 5.33256662209607
0.0498891150368318 5.32917548609103
0.0499208208710514 5.32579081123493
0.0499525065809529 5.3224125770459
0.0499841722048079 5.31904076313229
