0 976.073897701063
0.00176776695296637 976.073897701063
0.0025 976.073897701063
0.00306186217847897 976.073897701063
0.00353553390593274 976.073897701063
0.00395284707521047 976.073897701063
0.00433012701892219 976.073897701062
0.00467707173346743 976.073897701062
0.005 976.07389770106
0.00530330085889911 976.073897701057
0.00559016994374947 976.073897701052
0.00586301969977929 976.073897701045
0.00612372435695795 976.073897701033
0.00637377439199098 976.073897701013
0.00661437827766148 976.073897700983
0.00684653196881458 976.073897700937
0.00707106781186548 976.073897700868
0.00728868986855663 976.073897700768
0.0075 976.073897700622
0.00770551750371122 976.073897700413
0.00790569415042095 976.073897700119
0.00810092587300982 976.073897699707
0.0082915619758885 976.073897699138
0.00847791247890659 976.073897698358
0.00866025403784439 976.0738976973
0.00883883476483185 976.073897695876
0.00901387818865997 976.073897693975
0.00918558653543692 976.073897691456
0.00935414346693485 976.073897688142
0.00951971638232989 976.073897683813
0.00968245836551854 976.073897678193
0.00984250984251477 976.073897670942
0.01 976.073897661641
0.010155048005795 976.073897649778
0.0103077640640442 976.073897634726
0.0104582503316759 976.073897615726
0.0106066017177982 976.073897591859
0.0107529065838033 976.073897562018
0.0108972473588517 976.073897524876
0.0110397010829098 976.073897478845
0.0111803398874989 976.073897422034
0.0113192314226718 976.073897352199
0.0114564392373896 976.073897266686
0.0115920231193696 976.073897162364
0.0117260393995586 976.073897035552
0.0118585412256314 976.073896881936
0.0119895788082818 976.073896696476
0.0121191996435408 976.073896473296
0.0122474487139159 976.073896205571
0.0123743686707646 976.073895885387
0.0125 976.073895503599
0.0126243811729526 976.073895049658
0.012747548783982 976.073894511432
0.0128695376762337 976.073893874998
0.0129903810567666 976.073893124415
0.0131101106021269 976.073892241475
0.013228756555323 976.073891205421
0.0133463478150391 976.073889992649
0.0134629120178363 976.073888576364
0.0135784756140003 976.07388692622
0.0136930639376292 976.07388500791
0.0138067012714841 976.073882782729
0.0139194109070751 976.073880207091
0.0140312152004023 976.073877232006
0.014142135623731 976.073873802509
0.0142521928137392 976.07386985704
0.0143614066163451 976.073865326775
0.0144697961284878 976.073860134896
0.0145773797371133 976.073854195808
0.0146841751555884 976.073847414289
0.014790199457749 976.07383968458
0.0148954691097662 976.073830889397
0.015 976.073820898882
0.0151038074669932 976.073809569462
0.0152069063257455 976.073796742645
0.0153093108923949 976.073782243713
0.0154110350074224 976.07376588034
0.0155120920574886 976.073747441111
0.015612494995996 976.073726693947
0.0157122563624707 976.073703384422
0.0158113883008419 976.073677233989
0.0159099025766973 976.073647938078
0.0160078105935821 976.073615164097
0.0161051234084064 976.073578549306
0.0162018517460196 976.073537698572
0.0162980060130066 976.073492181999
0.016393596310755 976.073441532424
0.0164886324478411 976.073385242785
0.016583123951777 976.073322763349
0.0166770800801579 976.073253498794
0.0167705098312484 976.073176805155
0.0168634219540401 976.07309198661
0.0169558249578132 976.072998292127
0.0170477271212323 976.072894911942
0.0171391365010026 976.07278097389
0.0172300609401128 976.072655539569
0.0173205080756888 976.072517600343
0.0174104853464801 976.072366073174
0.0175 976.072199796293
0.0175890590993379 976.072017524696
0.0176776695296637 976.07181792547
0.0177658380044399 976.071599572945
0.0178535710713571 976.071360943674
0.0179408751180092 976.071100411234
0.0180277563773199 976.07081624086
0.0181142209327368 976.070506583895
0.0182002747232013 976.070169472075
0.0182859235479097 976.06980281163
0.0183711730708738 976.069404377224
0.0184560288252918 976.068971805714
0.0185404962177392 976.068502589748
0.0186245805321892 976.067994071195
0.0187082869338697 976.067443434406
0.0187916204729661 976.066847699326
0.0188745860881769 976.066203714441
0.0189571886101289 976.065508149579
0.0190394327646598 976.06475748856
0.0191213231759729 976.063948021708
0.0192028643696715 976.063075838225
0.0192840607756769 976.062136818437
0.0193649167310371 976.061126625919
0.0194454364826301 976.060040699496
0.0195256241897666 976.05887424515
0.0196054839266977 976.057622227816
0.0196850196850295 976.056279363089
0.0197642353760524 976.054840108855
0.0198431348329844 976.053298656841
0.0199217218131365 976.051648924111
0.02 976.049884544504
0.0200779730052613 976.047998860033
0.0201556443707464 976.045984912257
0.0202330175702983 976.043835433628
0.0203100960115899 976.041542838841
0.0203868830378751 976.039099216184
0.0204633819296811 976.036496318911
0.0205395959064437 976.033725556644
0.0206155281280883 976.030777986829
0.0206911816965586 976.027644306237
0.0207665596572952 976.024314842556
0.0208416650006663 976.020779546061
0.0209165006633519 976.017027981388
0.0209910695296833 976.013049319427
0.0210653744329409 976.008832329347
0.0211394181566097 976.004365370769
0.0212132034355964 975.9996363861
0.021286732957408 975.994632893045
0.0213600093632938 975.989341977314
0.0214330352493528 975.983750285537
0.0215058131676066 975.977844018399
0.0215783456270401 975.971608924019
0.021650635094611 975.965030291581
0.0217226839962285 975.958092945236
0.0217944947177034 975.950781238287
0.0218660696056699 975.943079047673
0.0219374109684803 975.934969768769
0.0220085210770738 975.926436310514
0.0220794021658196 975.917461090883
0.0221500564333367 975.90802603271
0.022220486043289 975.898112559891
0.0222906931251588 975.887701593964
0.0223606797749979 975.876773551085
0.022430448056158 975.865308339418
0.0225 975.853285356946
0.0225693376065847 975.840683489706
0.0226384628453435 975.827481110481
0.0227073776557312 975.813656077938
0.0227760839478608 975.799185736235
0.0228445836031213 975.784046915097
0.0229128784747792 975.768215930383
0.0229809703885628 975.751668585139
0.0230488611432322 975.734380171153
0.0231165525111337 975.716325471012
0.0231840462387393 975.69747876068
0.0232513440471728 975.677813812586
0.023318447632722 975.657303899242
0.0233853586673371 975.635921797385
0.0234520787991171 975.613639792647
0.0235186096527835 975.590429684773
0.0235849528301415 975.566262793354
0.0236511099105306 975.54110996412
0.0237170824512628 975.514941575751
0.0237828719880506 975.48772754724
0.0238484800354236 975.459437345785
0.0239139080871362 975.430039995217
0.0239791576165636 975.399504084965
0.0240442300770892 975.367797779539
0.0241091269024824 975.33488882855
0.0241738495072671 975.30074457724
0.0242383992870816 975.265331977531
0.0243027776190295 975.228617599579
0.0243669858620224 975.190567643824
0.0244310253571151 975.151147953542
0.0244948974278318 975.110324027868
0.0245586033804856 975.068061035299
0.0246221445044903 975.024323827661
0.0246855220726644 974.979076954522
0.0247487373415292 974.932284678051
0.024811791551599 974.883910988303
0.0248746859276655 974.833919618916
0.024937421679075 974.782274063214
0.025 974.728937590695
0.0250624220697043 974.67387326389
0.0251246890528022 974.61704395558
0.0251868020995124 974.558412366352
0.0252487623459052 974.497941042484
0.0253105709141457 974.435592394129
0.0253722289127306 974.371328713799
0.0254337374367198 974.305112195111
0.0254950975679639 974.236904951794
0.0255563103753261 974.166669036927
0.025617376914899 974.094366462393
0.0256782982302177 974.019959218534
0.0257390753524675 973.943409293973
0.0257997093006879 973.864678695608
0.0258602010819715 973.783729468727
0.0259205516916596 973.70052371725
0.0259807621135332 973.615023624063
0.0260408333199996 973.527191471431
0.0261007662722764 973.436989661455
0.0261605619205704 973.344380736581
0.0262202212042538 973.249327400104
0.0262797450520358 973.151792536674
0.0263391343821318 973.051739232772
0.0263983901024286 972.949130797133
0.0264575131106459 972.843930781102
0.0265165042944955 972.7361029989
0.0265753645318366 972.625611547777
0.0266340946908281 972.512420828028
0.0266926956300783 972.39649556287
0.0267511681987909 972.277800818135
0.026809513236909 972.156302021783
0.0268677315752558 972.031964983192
0.0269258240356725 971.904755912231
0.0269837914311536 971.774641438078
0.0270416345659799 971.641588627771
0.0270993542358485 971.505565004482
0.0271569512280005 971.366538565482
0.0272144263213466 971.224477799788
0.0272717802865893 971.079351705479
0.0273290138863443 970.931129806661
0.0273861278752583 970.779782170053
0.0274431230001252 970.625279421209
0.0275 970.467592760331
0.0275567596063108 970.30669397767
0.0276134025429682 970.142555468513
0.0276699295264733 969.975150247722
0.0277263412660235 969.804451963827
0.0277826384636161 969.630434912663
0.0278388218141501 969.453074050522
0.0278948920055268 969.272345006837
0.0279508497187474 969.088224096359
0.0280066956280101 968.900688330841
0.0280624304008046 968.709715430207
0.028118054698005 968.515283833202
0.0281735691739616 968.317372707518
0.0282289744765905 968.115961959387
0.0282842712474619 967.911032242629
0.0283394601218866 967.702564967163
0.0283945417290014 967.490542306966
0.0284495166918526 967.274947207479
0.0285043856274785 967.055763392455
0.0285591491469897 966.832975370248
0.028613807855649 966.606568439542
0.0286683623529493 966.376528694517
0.0287228132326901 966.142843029448
0.0287771610830533 965.905499142744
0.028831406486677 965.664485540418
0.0288855500207284 965.419791539001
0.0289395922569756 965.171407267889
0.028993533761858 964.919323671133
0.0290473750965556 964.663532508676
0.029101116817057 964.404026357028
0.0291547594742265 964.140798609405
0.0292083036138698 963.873843475312
0.0292617497767991 963.603155979595
0.0293150984988964 963.328731960949
0.0293683503111768 963.050568069911
0.0294215057398496 962.76866176632
0.029474565306379 962.483011316268
0.0295275295275443 962.193615788543
0.0295803989154981 961.900475050571
0.0296331739778242 961.603589763872
0.0296858552175948 961.302961379022
0.0297384431334258 960.998592130162
0.0297909382195325 960.690485029018
0.0298433409657833 960.378643858488
0.0298956518577535 960.063073165778
0.0299478713767773 959.743778255096
0.03 959.420765179939
0.0300520382004283 959.094040734957
0.0301039864469807 958.763612447423
0.030155845204537 958.429488568309
0.0302076149339864 958.09167806299
0.0302592960922755 957.75019060158
0.0303108891324554 957.40503654892
0.0303623945037278 957.05622695422
0.0304138126514911 956.703773540376
0.0304651440173849 956.347688692974
0.0305163890393343 955.987985448989
0.0305675481515937 955.624677485194
0.0306186217847897 955.257779106297
0.0306696103659632 954.887305232814
0.0307205143186113 954.513271388685
0.0307713340627279 954.135693688661
0.0308220700148449 953.754588825469
0.0308727225880712 953.369974056754
0.0309232921921325 952.981867191839
0.0309737792334097 952.59028657829
0.0310241841149771 952.195251088313
0.0310745072366401 951.796780104995
0.0311247489949718 951.394893508401
0.0311749097833498 950.989611661528
0.031224989991992 950.580955396157
0.031274990007992 950.168945998584
0.0313249102153542 949.753605195261
0.0313747509950278 949.334955138359
0.0314245127249413 948.913018391259
0.0314741957800354 948.487817913983
0.0315238005322962 948.059377048581
0.0315733273507877 947.627719504492
0.0316227766016838 947.192869343868
0.0316721486482998 946.754850966902
0.0317214438511238 946.313689097149
0.0317706625678471 945.869408766861
0.0318198051533946 945.422035302341
0.0318688719599549 944.971594309336
0.0319178633370093 944.518111658468
0.0319667796313611 944.061613470718
0.0320156211871642 943.602126102983
0.0320643883459516 943.139676133688
0.0321130814466628 942.674290348494
0.0321617008256715 942.205995726097
0.0322102468168128 941.734819424114
0.0322587197514099 941.260788765093
0.0323071199583002 940.783931222628
0.032355447763862 940.304274407606
0.0324037034920393 939.821846054577
0.0324518874643679 939.336674008277
0.0325 938.848786210283
0.0325480414157288 938.358210685831
0.0325960120260132 937.864975530793
0.0326439121430015 937.369108898812
0.0326917420765551 936.870638988622
0.032739502134272 936.369594031538
0.03278719262151 935.866002279126
0.0328348138414092 935.359891991071
0.0328823660949148 934.851291423229
0.0329298496807987 934.340228815884
0.0329772648956823 933.826732382201
0.0330246120340573 933.31083029689
0.0330718913883074 932.792550685075
0.0331191032487294 932.271921611382
0.033166247903554 931.748971069236
0.0332133256389661 931.223726970383
0.0332603367391252 930.696217134635
0.0333072814861856 930.16646927983
0.0333541601603158 929.634511012034
0.0334009730397185 929.100369815953
0.0334477204006491 928.564073045592
0.0334944025174357 928.025647915136
0.0335410196624968 927.485121490063
0.033587572106361 926.942520678497
0.0336340601176843 926.39787222279
0.0336804839632687 925.851202691342
0.0337268439080801 925.302538470653
0.0337731402152657 924.751905757613
0.0338193731461717 924.199330552026
0.0338655429603602 923.644838649369
0.0339116499156263 923.088455633784
0.0339576942680153 922.530206871307
0.0340036762718386 921.970117503325
0.0340495961796906 921.408212440269
0.0340954542424646 920.844516355534
0.0341412507093692 920.279053679628
0.0341869858279434 919.711848594553
0.0342326598440729 919.142925028405
0.0342782730020052 918.572306650204
0.034323825544365 918.000016864941
0.0343693177121688 917.426078808846
0.0344147497448405 916.850515344876
0.0344601218802256 916.273349058415
0.0345054343546057 915.694602253185
0.0345506874027131 915.114296947376
0.0345958812577451 914.532454869967
0.0346410161513775 913.949097457271
0.034686092313779 913.364245849661
0.0347311099736245 912.777920888512
0.0347760693581089 912.190143113328
0.0348209706929603 911.600932759061
0.0348658142024534 911.010309753627
0.0349106001094224 910.418293715595
0.0349553286352739 909.82490395207
0.035 909.230159456751
0.0350446144221905 908.634078908155
0.0350891721190455 908.036680668027
0.035133673306388 907.437982779908
0.0351781181986757 906.838002967874
0.0352225070090134 906.236758635424
0.0352668399491647 905.634266864543
0.0353111172295638 905.0305444149
0.0353553390593274 904.425607723208
0.0353995056462657 903.819472902723
0.0354436171968946 903.212155742887
0.035487673916446 902.603671709113
0.0355316760088797 901.994035942695
0.0355756236768943 901.383263260856
0.0356195171219375 900.771368156922
0.0356633565442178 900.158364800615
0.0357071421427142 899.54426703847
0.0357508741151877 898.929088394361
0.0357945526581909 898.312842070148
0.0358381779670786 897.69554094642
0.0358817502360183 897.077197583353
0.0359252696579998 896.457824221661
0.0359687364248454 895.837432783647
0.0360121507272198 895.216034874345
0.0360555127546399 894.593641782754
0.0360988226954841 893.970264483156
0.0361420807370024 893.345913636517
0.0361852870653253 892.720599591965
0.0362284418654736 892.094332388346
0.0362715453213673 891.46712175585
0.0363145976158349 890.838977117703
0.0363575989306225 890.209907591934
0.0364005494464026 889.579921993187
0.0364434493427831 888.949028834609
0.0364862987983161 888.317236329781
0.0365290979905061 887.684552394707
0.0365718470958195 887.050984649846
0.036614546289692 886.416540422203
0.036657195746538 885.781226747444
0.036699795639758 885.145050372069
0.0367423461417477 884.508017755607
0.0367848474239054 883.870135072856
0.0368272996566406 883.231408216153
0.0368697030093816 882.591842797662
0.0369120576505835 881.951444151703
0.0369543637477362 881.310217337095
0.0369966214673719 880.668167139518
0.0370388309750726 880.025298073905
0.0370809924354783 879.381614386834
0.0371231060122937 878.737120058945
0.0371651718682963 878.091818807362
0.037207190165343 877.445714088129
0.0372491610643784 876.798809098645
0.0372910847254407 876.151106780109
0.0373329613076702 875.502609819968
0.0373747909693151 874.853320654357
0.0374165738677394 874.203241470547
0.0374583101594292 873.552374209383
0.0375 872.900720567719
0.037541643544203 872.248282000844
0.0375832409459323 871.595059724895
0.037624792358231 870.941054719269
0.0376662979332984 870.286267729012
0.0377077578224959 869.630699267196
0.0377491721763537 868.974349617284
0.0377905411445774 868.317218835473
0.0378318648760539 867.659306753019
0.0378731435188578 867.000612978544
0.0379143772202578 866.341136900317
0.0379555661267224 865.680877688514
0.0379967103839267 865.019834297451
0.0380378101367574 864.3580054678
0.0380788655293195 863.695389728764
0.0381198767049423 863.031985400233
0.0381608438061844 862.367790594913
0.0382017669748403 861.702803220416
0.0382426463519459 861.037020981325
0.0382834820777839 860.370441381225
0.0383242742918897 859.703061724699
0.038365023133057 859.034879119295
0.038405728739343 858.36589047745
0.0384463912480743 857.696092518385
0.0384870107958516 857.025481769961
0.0385275875185561 856.354054570494
0.0385681215513538 855.68180707054
0.0386086130287012 855.008735234631
0.0386490620843508 854.334834842979
0.0386894688513554 853.660101493139
0.0387298334620742 852.984530601624
0.0387701560481771 852.30811740549
0.0388104367406501 851.63085696387
0.0388506756698001 850.952744159468
0.0388908729652601 850.273773700011
0.0389310287559936 849.59394011966
0.0389711431702997 848.913237780369
0.0390112163358181 848.231660873208
0.0390512483795333 847.549203419639
0.0390912394277797 846.865859272741
0.0391311896062463 846.1816221184
0.039171099039981 845.496485476444
0.0392109678533953 844.810442701734
0.039250796170269 844.123486985215
0.0392905841137543 843.435611354909
0.0393303318063807 842.746808676868
0.0393700393700591 842.05707165608
0.0394097069260861 841.366392837325
0.0394493345951488 840.67476460598
0.0394889224973283 839.982179188785
0.0395284707521047 839.288628654552
0.039567979478361 838.594104914826
0.0396074487943871 837.898599724502
0.0396468788178843 837.202104682392
0.0396862696659689 836.504611231738
0.0397256214551768 835.806110660678
0.0397649343014672 835.106594102666
0.0398042083202267 834.406052536836
0.0398434436262731 833.704476788321
0.0398826403338595 833.001857528519
0.0399217985566783 832.298185275309
0.0399609184078645 831.593450393217
0.04 830.88764309353
0.0400390434451174 830.180753434361
0.0400780488547035 829.472771320661
0.040117016339703 828.76368650418
0.0401559460105225 828.053488583377
0.0401948379770338 827.342167003279
0.0402336923485777 826.629711055284
0.0402725092339675 825.916109876919
0.0403112887414928 825.201352451536
0.0403500309789224 824.485427607964
0.0403887360535088 823.768324020105
0.0404274040719906 823.050030206476
0.0404660351405966 822.330534529694
0.0405046293650491 821.609825195919
0.0405431868505671 820.887890254228
0.0405817077018698 820.164717595947
0.0406201920231798 819.44029495392
0.0406586399182265 818.714609901731
0.0406970514902493 817.987649852861
0.0407354268420008 817.259402059799
0.0407737660757502 816.529853613089
0.0408120692932863 815.798991440328
0.0408503365959205 815.0668023051
0.0408885680844903 814.333272805861
0.0409267638593623 813.598389374754
0.0409649240204349 812.862138276382
0.0410030486671418 812.124505606508
0.041041137898455 811.385477290702
0.0410791918128875 810.645039082932
0.0411172105084963 809.903176564086
0.0411551940828858 809.159875140441
0.0411931426332102 808.415120042065
0.0412310562561766 807.668896321161
0.0412689350480479 806.921188850347
0.0413067791046458 806.171982320868
0.0413445885213531 805.421261240753
0.0413823633931171 804.669009932899
0.0414201038144522 803.915212533094
0.0414578098794425 803.159852987968
0.0414954816817446 802.402915052883
0.0415331193145904 801.644382289753
0.0415707228707897 800.884238064788
0.0416082924427331 800.122465546182
0.0416458281223942 799.359047701711
0.0416833300013327 798.593967296279
0.0417207981706966 797.827206889371
0.0417582327212252 797.058748832449
0.0417956337432512 796.288575266259
0.0418330013267038 795.516668118069
0.0418703355611106 794.743009098826
0.0419076365356005 793.967579700234
0.0419449043389063 793.190361191751
0.0419821390593667 792.411334617504
0.042019340784929 791.630480793121
0.0420565096031518 790.847780302475
0.0420936456012068 790.063213494348
0.0421307488658818 789.276760478997
0.0421678194835825 788.488401124638
0.0422048575403353 787.698115053834
0.0422418631217895 786.905881639792
0.0422788363132194 786.111680002563
0.0423157771995269 785.315489005142
0.0423526858652435 784.517287249477
0.0423895623945329 783.717053072364
0.0424264068711929 782.91476454125
0.0424632193786576 782.110399449924
0.0425 781.303935314103
0.0425367488179339 780.4953493669
0.042573465914816 779.684618554191
0.0426101513726483 778.871719529856
0.04264680527308 778.056628650908
0.0426834276974097 777.239321972496
0.0427200187265877 776.419775242788
0.0427565784412177 775.597963897729
0.0427931069215592 774.773863055662
0.0428296042475295 773.947447511821
0.0428660704987056 773.11869173269
0.0429025057543263 772.287569850218
0.0429389100932942 771.45405565589
0.0429752835941777 770.618122594661
0.0430116263352131 769.779743758722
0.0430479383943064 768.938891881135
0.0430842198490352 768.095539329286
0.0431204707766508 767.249658098194
0.0431566912540802 766.401219803644
0.0431928813579275 765.550195675151
0.0432290411644765 764.69655654875
0.043265170749692 763.8402728596
0.0433012701892219 762.981314634416
0.0433373395583993 762.119651483692
0.0433733789322437 761.255252593745
0.0434093883854633 760.388086718549
0.0434453679924569 759.518122171362
0.0434813178273152 758.64532681615
0.043517237963823 757.769668058776
0.0435531284754609 756.891112837984
0.0435889894354067 756.009627616132
0.0436248209165379 755.125178369702
0.0436606229914325 754.23773057956
0.0436963957323713 753.347249220956
0.0437321392113398 752.453698753282
0.043767853500029 751.557043109543
0.0438035386698381 750.657245685567
0.0438391947918755 749.75426932892
0.0438748219369606 748.848076327542
0.0439104201756257 747.938628398066
0.0439459895781174 747.025886673838
0.043981530214398 746.109811692609
0.0440170421541475 745.190363383905
0.0440525254667652 744.267501056045
0.044087980221371 743.341183382818
0.044123406486807 742.411368389789
0.0441588043316392 741.478013440235
0.0441941738241592 740.541075220695
0.0442295150323853 739.600509726116
0.0442648280240644 738.656272244591
0.0443001128666734 737.708317341672
0.0443353696274205 736.756598844237
0.0443705983732471 735.801069823909
0.044405799170829 734.841682580004
0.0444409720865779 733.87838862199
0.044476117186643 732.911138651448
0.0445112345369121 731.939882543509
0.0445463242030137 730.96456932776
0.0445813862503175 729.985147168592
0.0446164207439369 729.00156334497
0.0446514277487294 728.013764229611
0.0446864073292987 727.021695267544
0.0447213595499958 726.02530095404
0.0447562844749204 725.024524811866
0.0447911821679223 724.019309367872
0.0448260526926028 723.009596128857
0.0448608961123159 721.995325556702
0.0448957124901699 720.976437042751
0.0449305018890286 719.952868881387
0.0449652643715124 718.924558242806
0.045 717.891441144923
0.0450347088366296 716.853452424416
0.0450693909432999 715.810525706841
0.0451040463816718 714.762593375806
0.0451386752131695 713.709586541153
0.0451732774989816 712.651435006128
0.0452078533000628 711.58806723347
0.0452424026771346 710.519410310414
0.0452769256906871 709.445389912533
0.0453114224009796 708.365930266395
0.0453458928680426 707.280954110973
0.0453803371516784 706.190382657766
0.0454147553114624 705.094135549583
0.0454491474067446 703.99213081792
0.0454835134966506 702.884284838894
0.0455178536400828 701.770512287653
0.0455521678957215 700.650726091213
0.0455864563220262 699.524837379655
0.0456207189772367 698.392755435606
0.0456549559193742 697.254387641937
0.0456891672062427 696.1096394276
0.0457233528954297 694.958414211528
0.0457575130443078 693.800613344505
0.0457916477100355 692.63613604893
0.0458257569495584 691.464879356365
0.0458598408196104 690.286738042795
0.0458938993767146 689.101604561471
0.0459279326771846 687.909368973239
0.0459619407771256 686.709918874251
0.0459959237324352 685.503139320922
0.0460298815988049 684.288912752012
0.0460638144317207 683.06711890771
0.0460977222864644 681.837634745557
0.0461316052181148 680.600334353096
0.0461654632815485 679.355088857048
0.0461992965314408 678.101766328889
0.0462331050222673 676.840231686628
0.0462668888083044 675.57034659262
0.0463006479436303 674.291969347203
0.0463343824821266 673.004954777963
0.0463680924774785 671.709154124411
0.0464017779831765 670.404414917836
0.0464354390525168 669.090580856093
0.0464690757386028 667.767491673066
0.0465026880943457 666.434983002531
0.0465362761724657 665.092886236136
0.0465698400254929 663.74102837518
0.0466033797057681 662.379231875866
0.0466368952654441 661.007314487686
0.0466703867564862 659.625089084559
0.0467038542306735 658.232363488343
0.0467372977395998 656.828940284287
0.0467707173346743 655.414616627983
0.0468041130671226 653.989184043357
0.046837484987988 652.552428211178
0.0468708331481317 651.104128747547
0.0469041575982343 649.644058971802
0.0469374583887965 648.171985663224
0.0469707355701398 646.687668805874
0.0470039891924079 645.19086132088
0.047037219305567 643.681308785414
0.0470704259594068 642.158749137556
0.0471036092035419 640.622912366196
0.047136769087412 639.073520185038
0.047169905660283 637.51028568974
0.047203018971248 635.932912997109
0.047236109069228 634.341096865226
0.0472691760029726 632.734522293279
0.0473022198210613 631.112864099779
0.0473352405719037 629.475786477751
0.047368238303741 627.822942525373
0.0474012130646464 626.153973750421
0.0474341649025257 624.468509546741
0.0474670938651188 622.766166640825
0.0475 621.046548506446
0.0475328833545789 619.309244745076
0.0475657439761011 617.553830429691
0.0475985819116494 615.779865409315
0.0476313972081441 613.986893571461
0.0476641899123441 612.174442059364
0.0476969600708473 610.34202044065
0.047729707730092 608.489119823771
0.047762432936357 606.615211918224
0.0477951357357629 604.719748034197
0.0478278161742725 602.802158016909
0.0478604742976916 600.861849110446
0.04789311015167 598.898204745439
0.047925723781702 596.910583244349
0.0479583152331272 594.898316437573
0.0479908845511312 592.860708182878
0.0480234317807464 590.797032779955
0.0480559569668527 588.706533271043
0.0480884601541784 586.588419617662
0.0481209413873004 584.44186674245
0.0481534007106456 582.266012423946
0.048185838168491 580.059955030874
0.0482182538049648 577.822751081013
0.048250647664047 575.553412608086
0.0482830197895699 573.25090431829
0.0483153702252192 570.914140515937
0.0483476990145343 568.541981775372
0.0483800062009091 566.13323133359
0.0484122918275927 563.686631174963
0.0484445559376903 561.200857775981
0.0484767985741633 558.674517473971
0.0485090197798306 556.106141419181
0.048541219597369 553.494180064449
0.0485733980693136 550.836997140657
0.048605555238059 548.132863059318
0.0486376911458593 545.37994767562
0.0486698058348295 542.576312336113
0.0487018993469454 539.719901124423
0.0487339717240448 536.808531205974
0.0487660230078279 533.839882158097
0.0487980532398578 530.811484154834
0.0488300624615615 527.720704855658
0.0488620507142302 524.564734823711
0.0488940180390199 521.34057127108
0.0489259644769523 518.044999895382
0.0489578900689153 514.674574532251
0.0489897948556636 511.225594300795
0.0490216788778189 507.694077861981
0.0490535421758715 504.075734340969
0.0490853847901797 500.365930380767
0.0491172067609713 496.559652692666
0.0491490081283438 492.651465344092
0.049180788932265 488.635460870758
0.0492125492125738 484.505204109709
0.0492442890089805 480.253667412745
0.0492760083610676 475.873155602609
0.0493077073082901 471.355218659442
0.0493393858899764 466.690549648804
0.0493710441453288 461.868864793019
0.0494026821134238 456.878761801239
0.049434299833213 451.707551550695
0.0494658973435234 446.341056868623
0.0494974746830583 440.763370384392
0.0495290318903974 434.956561037564
0.0495605690039975 428.900315599109
0.0495920860621934 422.57149713796
0.049623583103198 415.9435962197
0.049655060165103 408.986041968271
0.0496865172858795 401.663327738678
0.0497179545033784 393.933888131227
0.049749371855331 385.748637367092
0.0497807693793497 377.049038619811
0.0498121471129282 367.764511292149
0.0498435050934422 357.808883744357
0.04987484335815 347.075436236185
0.0499061619441928 335.429803679414
0.0499374608885955 322.699524584301
0.0499687402282667 308.658135889312
0.05 293
