0 955.314085484955
0.000617283950617284 955.314085484955
0.00123456790123457 955.314085484954
0.00185185185185185 955.314085484954
0.00246913580246914 955.314085484954
0.00308641975308642 955.314085484955
0.0037037037037037 955.314085484955
0.00432098765432099 955.314085484954
0.00493827160493827 955.314085484952
0.00555555555555556 955.314085484945
0.00617283950617284 955.31408548492
0.00679012345679012 955.314085484837
0.00740740740740741 955.314085484566
0.00802469135802469 955.314085483716
0.00864197530864197 955.314085481126
0.00925925925925926 955.31408547347
0.00987654320987654 955.314085451498
0.0104938271604938 955.314085390283
0.0111111111111111 955.314085224687
0.0117283950617284 955.314084789685
0.0123456790123457 955.314083679966
0.012962962962963 955.314080930475
0.0135802469135802 955.314074313714
0.0141975308641975 955.314058845916
0.0148148148148148 955.314023719034
0.0154320987654321 955.313946216036
0.0160493827160494 955.313780063386
0.0166666666666667 955.313433924197
0.0172839506172839 955.312733119274
0.0179012345679012 955.311354011036
0.0185185185185185 955.308715792629
0.0191358024691358 955.303809022769
0.0197530864197531 955.294935005569
0.0203703703703704 955.279326616844
0.0209876543209877 955.252621769067
0.0216049382716049 955.208168286922
0.0222222222222222 955.136156414801
0.0228395061728395 955.022604375833
0.0234567901234568 954.848262959809
0.0240740740740741 954.587553145814
0.0246913580246914 954.207698188223
0.0253086419753086 953.668246566735
0.0259259259259259 952.921191031949
0.0265432098765432 951.911859532527
0.0271604938271605 950.580679749135
0.0277777777777778 948.865803596901
0.0283950617283951 946.706436316935
0.0290123456790123 944.046571998392
0.0296296296296296 940.838724539051
0.0302469135802469 937.04718926369
0.0308641975308642 932.650394611456
0.0314814814814815 927.642007843179
0.0320987654320988 922.030627203153
0.0327160493827161 915.838093321256
0.0333333333333333 909.096644859802
0.0339506172839506 901.845289693907
0.0345679012345679 894.125837050301
0.0351851851851852 885.979029214937
0.0358024691358025 877.441132969055
0.0364197530864198 868.54122404498
0.037037037037037 859.29925233074
0.0376543209876543 849.724839460148
0.0382716049382716 839.81665402006
0.0388888888888889 829.562141874234
0.0395061728395062 818.937357793135
0.0401234567901235 807.906638592901
0.0407407407407407 796.421860658868
0.041358024691358 784.42101639407
0.0419753086419753 771.825802547105
0.0425925925925926 758.537810595462
0.0432098765432099 744.43270296027
0.0438271604938272 729.351372647642
0.0444444444444444 713.086366250308
0.0450617283950617 695.360477398186
0.045679012345679 675.791653132057
0.0462962962962963 653.832392214117
0.0469135802469136 628.657782358783
0.0475308641975309 598.939427962183
0.0481481481481481 562.330107034737
0.0487654320987654 514.062348093897
0.0493827160493827 441.874622589743
0.05 293
