0.000308641975308642 -0
0.000925925925925926 1.84110149348271e-13
0.00154320987654321 1.83998988884721e-13
0.00216049382716049 -1.83832248189396e-13
0.00277777777777778 -1.83609927262296e-13
0.00339506172839506 -1.83332026103421e-13
0.00401234567901235 7.31994178851084e-13
0.00462962962962963 3.10436121253588e-12
0.00524691358024691 1.14763849978772e-11
0.0058641975308642 3.96028869747372e-11
0.00648148148148148 1.33114980371829e-10
0.00709876543209877 4.29764391027573e-10
0.00771604938271605 1.34477226588893e-09
0.00833333333333333 4.08025771889698e-09
0.00895061728395062 1.20099773937454e-08
0.0095679012345679 3.43036066119061e-08
0.0101851851851852 9.50942943973132e-08
0.0108024691358025 2.55869378030916e-07
0.0114197530864198 6.68310130092524e-07
0.012037037037037 1.6945957822145e-06
0.0126543209876543 4.17172759605238e-06
0.0132716049382716 9.97149502796396e-06
0.0138888888888889 2.31436929179551e-05
0.0145061728395062 5.21636144715981e-05
0.0151234567901235 0.000114183014107754
0.0157407407407407 0.000242757329567137
0.016358024691358 0.000501326847890737
0.0169753086419753 0.00100575239833783
0.0175925925925926 0.00196033340504385
0.0182098765432099 0.00371269148034672
0.0188271604938272 0.00683319496716514
0.0194444444444444 0.0122235149923164
0.0200617283950617 0.0212555904786842
0.020679012345679 0.0359359718527331
0.0212962962962963 0.0590809004445884
0.0219135802469136 0.0944751754966869
0.0225308641975309 0.146974819948775
0.0231481481481481 0.222503232201127
0.0237654320987654 0.327887491121868
0.0243827160493827 0.470490460777631
0.025 0.657618499175718
0.0256172839506173 0.895723736516948
0.0262345679012346 1.18946913508251
0.0268518518518519 1.54077404028698
0.0274691358024691 1.94799451095056
0.0280864197530864 2.40540318854871
0.0287037037037037 2.90310891047336
0.029320987654321 3.42749590343187
0.0299382716049383 3.96217542683753
0.0305555555555556 4.48934717966334
0.0311728395061728 4.99138607763595
0.0317901234567901 5.4524226962282
0.0324074074074074 5.85968518574539
0.0330246913580247 6.20441718651594
0.033641975308642 6.48226837993883
0.0342592592592593 6.69315141463899
0.0348765432098765 6.84064823913727
0.0354938271604938 6.93111160516445
0.0361111111111111 6.97263364656624
0.0367283950617284 6.97404319985281
0.0373456790123457 6.94405569912768
0.037962962962963 6.89064756430914
0.0385802469135803 6.82067481477239
0.0391975308641975 6.73971372868838
0.0398148148148148 6.65207521370139
0.0404320987654321 6.56093461210365
0.0410493827160494 6.46852173008313
0.0416666666666667 6.37632701002602
0.042283950617284 6.28529401530475
0.0429012345679012 6.19598197559435
0.0435185185185185 6.10869284312986
0.0441358024691358 6.02356439695927
0.0447530864197531 5.94063469446828
0.0453703703703704 5.85988442649232
0.0459876543209877 5.78126342022361
0.0466049382716049 5.7047064521623
0.0472222222222222 5.6301422404358
0.0478395061728395 5.55749830190261
0.0484567901234568 5.48670342049175
0.0490740740740741 5.41768879908687
0.0496913580246914 5.35038851962802
