0 975.831141889627
6.17283950617284e-05 975.831141889627
0.000123456790123457 975.831141889627
0.000185185185185185 975.831141889627
0.000246913580246914 975.831141889627
0.000308641975308642 975.831141889627
0.00037037037037037 975.831141889627
0.000432098765432099 975.831141889627
0.000493827160493827 975.831141889627
0.000555555555555556 975.831141889627
0.000617283950617284 975.831141889627
0.000679012345679012 975.831141889626
0.000740740740740741 975.831141889626
0.000802469135802469 975.831141889626
0.000864197530864197 975.831141889626
0.000925925925925926 975.831141889626
0.000987654320987654 975.831141889626
0.00104938271604938 975.831141889626
0.00111111111111111 975.831141889625
0.00117283950617284 975.831141889624
0.00123456790123457 975.831141889624
0.0012962962962963 975.831141889623
0.00135802469135802 975.831141889622
0.00141975308641975 975.831141889621
0.00148148148148148 975.83114188962
0.00154320987654321 975.831141889619
0.00160493827160494 975.831141889618
0.00166666666666667 975.831141889617
0.00172839506172839 975.831141889616
0.00179012345679012 975.831141889615
0.00185185185185185 975.831141889614
0.00191358024691358 975.831141889613
0.00197530864197531 975.831141889612
0.00203703703703704 975.831141889612
0.00209876543209877 975.831141889611
0.00216049382716049 975.83114188961
0.00222222222222222 975.831141889609
0.00228395061728395 975.831141889608
0.00234567901234568 975.831141889607
0.00240740740740741 975.831141889605
0.00246913580246914 975.831141889604
0.00253086419753086 975.831141889603
0.00259259259259259 975.831141889601
0.00265432098765432 975.8311418896
0.00271604938271605 975.831141889598
0.00277777777777778 975.831141889597
0.00283950617283951 975.831141889596
0.00290123456790123 975.831141889594
0.00296296296296296 975.831141889593
0.00302469135802469 975.831141889591
0.00308641975308642 975.83114188959
0.00314814814814815 975.831141889588
0.00320987654320988 975.831141889587
0.00327160493827161 975.831141889586
0.00333333333333333 975.831141889585
0.00339506172839506 975.831141889584
0.00345679012345679 975.831141889584
0.00351851851851852 975.831141889583
0.00358024691358025 975.831141889583
0.00364197530864198 975.831141889582
0.0037037037037037 975.831141889582
0.00376543209876543 975.831141889581
0.00382716049382716 975.831141889581
0.00388888888888889 975.83114188958
0.00395061728395062 975.831141889579
0.00401234567901235 975.831141889578
0.00407407407407407 975.831141889576
0.0041358024691358 975.831141889575
0.00419753086419753 975.831141889574
0.00425925925925926 975.831141889573
0.00432098765432099 975.831141889571
0.00438271604938272 975.831141889569
0.00444444444444444 975.831141889567
0.00450617283950617 975.831141889565
0.0045679012345679 975.831141889563
0.00462962962962963 975.831141889561
0.00469135802469136 975.831141889559
0.00475308641975309 975.831141889557
0.00481481481481482 975.831141889556
0.00487654320987654 975.831141889553
0.00493827160493827 975.831141889551
0.005 975.831141889549
0.00506172839506173 975.831141889547
0.00512345679012346 975.831141889544
0.00518518518518519 975.831141889541
0.00524691358024691 975.831141889539
0.00530864197530864 975.831141889536
0.00537037037037037 975.831141889533
0.0054320987654321 975.83114188953
0.00549382716049383 975.831141889527
0.00555555555555556 975.831141889524
0.00561728395061728 975.831141889521
0.00567901234567901 975.831141889518
0.00574074074074074 975.831141889515
0.00580246913580247 975.831141889511
0.0058641975308642 975.831141889507
0.00592592592592593 975.831141889503
0.00598765432098766 975.831141889499
0.00604938271604938 975.831141889495
0.00611111111111111 975.83114188949
0.00617283950617284 975.831141889484
0.00623456790123457 975.831141889479
0.0062962962962963 975.831141889472
0.00635802469135802 975.831141889465
0.00641975308641975 975.831141889458
0.00648148148148148 975.831141889449
0.00654320987654321 975.83114188944
0.00660493827160494 975.83114188943
0.00666666666666667 975.831141889418
0.0067283950617284 975.831141889405
0.00679012345679012 975.83114188939
0.00685185185185185 975.831141889374
0.00691358024691358 975.831141889356
0.00697530864197531 975.831141889336
0.00703703703703704 975.831141889313
0.00709876543209877 975.831141889288
0.00716049382716049 975.83114188926
0.00722222222222222 975.831141889229
0.00728395061728395 975.831141889194
0.00734567901234568 975.831141889155
0.00740740740740741 975.831141889112
0.00746913580246914 975.831141889064
0.00753086419753086 975.831141889011
0.00759259259259259 975.831141888951
0.00765432098765432 975.831141888884
0.00771604938271605 975.831141888809
0.00777777777777778 975.831141888727
0.00783950617283951 975.831141888634
0.00790123456790123 975.83114188853
0.00796296296296296 975.831141888415
0.00802469135802469 975.831141888285
0.00808641975308642 975.831141888141
0.00814814814814815 975.83114188798
0.00820987654320988 975.831141887801
0.00827160493827161 975.831141887601
0.00833333333333333 975.831141887378
0.00839506172839506 975.831141887129
0.00845679012345679 975.831141886851
0.00851851851851852 975.831141886542
0.00858024691358025 975.831141886198
0.00864197530864197 975.831141885814
0.0087037037037037 975.831141885385
0.00876543209876543 975.831141884908
0.00882716049382716 975.831141884376
0.00888888888888889 975.831141883784
0.00895061728395062 975.831141883124
0.00901234567901235 975.83114188239
0.00907407407407407 975.831141881573
0.0091358024691358 975.831141880664
0.00919753086419753 975.831141879653
0.00925925925925926 975.831141878528
0.00932098765432099 975.831141877278
0.00938271604938272 975.831141875889
0.00944444444444444 975.831141874346
0.00950617283950617 975.831141872632
0.0095679012345679 975.831141870729
0.00962962962962963 975.831141868616
0.00969135802469136 975.831141866271
0.00975308641975309 975.83114186367
0.00981481481481482 975.831141860784
0.00987654320987654 975.831141857585
0.00993827160493827 975.831141854039
0.01 975.831141850109
0.0100617283950617 975.831141845756
0.0101234567901235 975.831141840935
0.0101851851851852 975.831141835597
0.0102469135802469 975.831141829688
0.0103086419753086 975.83114182315
0.0103703703703704 975.831141815918
0.0104320987654321 975.831141807921
0.0104938271604938 975.83114179908
0.0105555555555556 975.831141789309
0.0106172839506173 975.831141778513
0.010679012345679 975.831141766589
0.0107407407407407 975.831141753422
0.0108024691358025 975.831141738887
0.0108641975308642 975.831141722848
0.0109259259259259 975.831141705152
0.0109876543209877 975.831141685635
0.0110493827160494 975.831141664117
0.0111111111111111 975.831141640398
0.0111728395061728 975.831141614261
0.0112345679012346 975.831141585468
0.0112962962962963 975.831141553759
0.011358024691358 975.831141518849
0.0114197530864198 975.831141480426
0.0114814814814815 975.831141438148
0.0115432098765432 975.831141391643
0.0116049382716049 975.831141340503
0.0116666666666667 975.831141284283
0.0117283950617284 975.831141222497
0.0117901234567901 975.831141154611
0.0118518518518519 975.831141080048
0.0119135802469136 975.831140998174
0.0119753086419753 975.831140908299
0.012037037037037 975.83114080967
0.0120987654320988 975.831140701465
0.0121604938271605 975.83114058279
0.0122222222222222 975.83114045267
0.012283950617284 975.831140310044
0.0123456790123457 975.831140153755
0.0124074074074074 975.831139982544
0.0124691358024691 975.831139795042
0.0125308641975309 975.831139589759
0.0125925925925926 975.831139365074
0.0126543209876543 975.831139119227
0.012716049382716 975.831138850301
0.0127777777777778 975.831138556218
0.0128395061728395 975.831138234718
0.0129012345679012 975.831137883346
0.012962962962963 975.831137499441
0.0130246913580247 975.831137080113
0.0130864197530864 975.831136622226
0.0131481481481481 975.831136122382
0.0132098765432099 975.831135576895
0.0132716049382716 975.83113498177
0.0133333333333333 975.831134332682
0.0133950617283951 975.831133624943
0.0134567901234568 975.831132853479
0.0135185185185185 975.831132012797
0.0135802469135802 975.831131096954
0.013641975308642 975.831130099522
0.0137037037037037 975.831129013547
0.0137654320987654 975.831127831514
0.0138271604938272 975.831126545303
0.0138888888888889 975.831125146138
0.0139506172839506 975.831123624543
0.0140123456790123 975.831121970287
0.0140740740740741 975.831120172326
0.0141358024691358 975.831118218745
0.0141975308641975 975.831116096692
0.0142592592592593 975.831113792308
0.014320987654321 975.831111290653
0.0143827160493827 975.831108575629
0.0144444444444444 975.831105629894
0.0145061728395062 975.831102434768
0.0145679012345679 975.831098970144
0.0146296296296296 975.831095214381
0.0146913580246914 975.831091144194
0.0147530864197531 975.831086734538
0.0148148148148148 975.831081958485
0.0148765432098765 975.83107678709
0.0149382716049383 975.831071189247
0.015 975.831065131547
0.0150617283950617 975.831058578107
0.0151234567901235 975.83105149041
0.0151851851851852 975.831043827118
0.0152469135802469 975.831035543881
0.0153086419753086 975.831026593134
0.0153703703703704 975.831016923879
0.0154320987654321 975.831006481454
0.0154938271604938 975.830995207292
0.0155555555555556 975.830983038655
0.0156172839506173 975.830969908366
0.015679012345679 975.830955744514
0.0157407407407407 975.830940470144
0.0158024691358025 975.830924002931
0.0158641975308642 975.830906254834
0.0159259259259259 975.830887131728
0.0159876543209877 975.830866533015
0.0160493827160494 975.830844351215
0.0161111111111111 975.830820471531
0.0161728395061728 975.830794771389
0.0162345679012346 975.830767119956
0.0162962962962963 975.830737377623
0.016358024691358 975.83070539547
0.0164197530864198 975.830671014691
0.0164814814814815 975.830634065993
0.0165432098765432 975.830594368966
0.0166049382716049 975.830551731407
0.0166666666666667 975.83050594862
0.0167283950617284 975.830456802671
0.0167901234567901 975.830404061609
0.0168518518518519 975.830347478641
0.0169135802469136 975.830286791269
0.0169753086419753 975.83022172038
0.017037037037037 975.830151969285
0.0170987654320988 975.830077222723
0.0171604938271605 975.829997145796
0.0172222222222222 975.82991138287
0.0172839506172839 975.829819556403
0.0173456790123457 975.829721265732
0.0174074074074074 975.829616085793
0.0174691358024691 975.829503565777
0.0175308641975309 975.829383227728
0.0175925925925926 975.829254565071
0.0176543209876543 975.829117041072
0.017716049382716 975.828970087227
0.0177777777777778 975.828813101576
0.0178395061728395 975.828645446939
0.0179012345679012 975.828466449076
0.017962962962963 975.828275394762
0.0180246913580247 975.828071529779
0.0180864197530864 975.827854056815
0.0181481481481481 975.827622133279
0.0182098765432099 975.827374869019
0.0182716049382716 975.82711132394
0.0183333333333333 975.826830505529
0.0183950617283951 975.826531366273
0.0184567901234568 975.826212800969
0.0185185185185185 975.825873643927
0.0185802469135802 975.825512666066
0.018641975308642 975.825128571884
0.0187037037037037 975.82471999632
0.0187654320987654 975.824285501485
0.0188271604938272 975.823823573276
0.0188888888888889 975.82333261786
0.0189506172839506 975.822810958018
0.0190123456790123 975.822256829373
0.0190740740740741 975.821668376459
0.0191358024691358 975.82104364867
0.0191975308641975 975.82038059605
0.0192592592592593 975.819677064943
0.019320987654321 975.818930793495
0.0193827160493827 975.818139407002
0.0194444444444444 975.817300413099
0.0195061728395062 975.816411196801
0.0195679012345679 975.815469015371
0.0196296296296296 975.814470993036
0.0196913580246914 975.813414115535
0.0197530864197531 975.812295224491
0.0198148148148148 975.811111011628
0.0198765432098765 975.809858012801
0.0199382716049383 975.808532601867
0.02 975.807130984367
0.0200617283950617 975.805649191041
0.0201234567901235 975.804083071162
0.0201851851851852 975.802428285689
0.0202469135802469 975.800680300239
0.0203086419753086 975.798834377884
0.0203703703703704 975.796885571762
0.0204320987654321 975.794828717505
0.0204938271604938 975.792658425491
0.0205555555555556 975.790369072911
0.0206172839506173 975.787954795657
0.020679012345679 975.78540948003
0.0207407407407407 975.782726754269
0.0208024691358025 975.779899979907
0.0208641975308642 975.776922242949
0.0209259259259259 975.773786344879
0.0209876543209877 975.770484793495
0.0210493827160494 975.767009793584
0.0211111111111111 975.763353237425
0.0211728395061728 975.75950669514
0.0212345679012346 975.755461404886
0.0212962962962963 975.7512082629
0.021358024691358 975.746737813394
0.0214197530864198 975.742040238317
0.0214814814814815 975.737105346979
0.0215432098765432 975.731922565548
0.0216049382716049 975.72648092643
0.0216666666666667 975.720769057534
0.0217283950617284 975.714775171437
0.0217901234567901 975.708487054447
0.0218518518518519 975.701892055583
0.0219135802469136 975.694977075478
0.0219753086419753 975.687728555215
0.022037037037037 975.680132465103
0.0220987654320988 975.672174293413
0.0221604938271605 975.663839035075
0.0222222222222222 975.655111180358
0.022283950617284 975.645974703538
0.0223456790123457 975.636413051572
0.0224074074074074 975.626409132786
0.0224691358024691 975.615945305604
0.0225308641975309 975.605003367316
0.0225925925925926 975.593564542914
0.0226543209876543 975.581609473998
0.0227160493827161 975.56911820779
0.0227777777777778 975.556070186248
0.0228395061728395 975.542444235312
0.0229012345679012 975.5282185543
0.022962962962963 975.513370705463
0.0230246913580247 975.497877603723
0.0230864197530864 975.481715506624
0.0231481481481482 975.464860004486
0.0232098765432099 975.447286010818
0.0232716049382716 975.428967752981
0.0233333333333333 975.409878763136
0.0233950617283951 975.389991869493
0.0234567901234568 975.369279187889
0.0235185185185185 975.3477121137
0.0235802469135802 975.325261314132
0.023641975308642 975.301896720882
0.0237037037037037 975.27758752323
0.0237654320987654 975.252302161539
0.0238271604938272 975.226008321225
0.0238888888888889 975.198672927193
0.0239506172839506 975.170262138772
0.0240123456790123 975.140741345169
0.0240740740740741 975.110075161457
0.0241358024691358 975.078227425139
0.0241975308641975 975.045161193275
0.0242592592592593 975.010838740232
0.024320987654321 974.975221556047
0.0243827160493827 974.938270345445
0.0244444444444444 974.899945027511
0.0245061728395062 974.860204736062
0.0245679012345679 974.819007820717
0.0246296296296296 974.776311848689
0.0246913580246914 974.732073607327
0.0247530864197531 974.686249107415
0.0248148148148148 974.638793587247
0.0248765432098765 974.589661517495
0.0249382716049383 974.538806606896
0.025 974.486181808752
0.0250617283950617 974.431739328273
0.0251234567901235 974.375430630776
0.0251851851851852 974.317206450742
0.0252469135802469 974.257016801749
0.0253086419753086 974.194810987295
0.0253703703703704 974.130537612508
0.0254320987654321 974.064144596763
0.0254938271604938 973.995579187209
0.0255555555555556 973.924787973203
0.0256172839506173 973.851716901676
0.025679012345679 973.776311293406
0.0257407407407407 973.698515860223
0.0258024691358025 973.618274723139
0.0258641975308642 973.535531431395
0.0259259259259259 973.450228982432
0.0259876543209877 973.362309842777
0.0260493827160494 973.271715969841
0.0261111111111111 973.178388834619
0.0261728395061728 973.08226944529
0.0262345679012346 972.983298371694
0.0262962962962963 972.881415770693
0.026358024691358 972.776561412386
0.0264197530864198 972.668674707172
0.0264814814814815 972.557694733645
0.0265432098765432 972.443560267298
0.0266049382716049 972.326209810026
0.0266666666666667 972.20558162039
0.0267283950617284 972.08161374464
0.0267901234567901 971.954244048461
0.0268518518518519 971.823410249415
0.0269135802469136 971.689049950063
0.0269753086419753 971.551100671719
0.027037037037037 971.40949988883
0.0270987654320988 971.264185063932
0.0271604938271605 971.115093683155
0.0272222222222222 970.962163292243
0.027283950617284 970.805331533058
0.0273456790123457 970.644536180517
0.0274074074074074 970.479715179944
0.0274691358024691 970.310806684775
0.0275308641975309 970.137749094598
0.0275925925925926 969.960481093465
0.0276543209876543 969.778941688453
0.0277160493827161 969.593070248412
0.0277777777777778 969.402806542874
0.0278395061728395 969.208090781056
0.0279012345679012 969.008863650937
0.027962962962963 968.805066358333
0.0280246913580247 968.596640665951
0.0280864197530864 968.383528932348
0.0281481481481482 968.165674150772
0.0282098765432099 967.943019987809
0.0282716049382716 967.715510821813
0.0283333333333333 967.483091781049
0.0283950617283951 967.245708781514
0.0284567901234568 967.003308564375
0.0285185185185185 966.755838732987
0.0285802469135802 966.503247789428
0.028641975308642 966.245485170508
0.0287037037037037 965.982501283214
0.0287654320987654 965.71424753952
0.0288271604938272 965.440676390533
0.0288888888888889 965.16174135992
0.0289506172839506 964.877397076571
0.0290123456790123 964.587599306453
0.0290740740740741 964.292304983602
0.0291358024691358 963.991472240227
0.0291975308641975 963.685060435863
0.0292592592592593 963.373030185542
0.029320987654321 963.05534338694
0.0293827160493827 962.731963246459
0.0294444444444444 962.402854304209
0.0295061728395062 962.067982457847
0.0295679012345679 961.727314985243
0.0296296296296296 961.38082056594
0.0296913580246914 961.028469301374
0.0297530864197531 960.670232733821
0.0298148148148148 960.306083864046
0.0298765432098765 959.935997167634
0.0299382716049383 959.559948609958
0.03 959.177915659787
0.0300617283950617 958.789877301488
0.0301234567901235 958.395814045829
0.0301851851851852 957.995707939337
0.0302469135802469 957.589542572223
0.0303086419753086 957.177303084847
0.0303703703703704 956.758976172708
0.0304320987654321 956.334550089972
0.0304938271604938 955.904014651502
0.0305555555555556 955.46736123341
0.0306172839506173 955.024582772124
0.030679012345679 954.575673761954
0.0307407407407407 954.120630251186
0.0308024691358025 953.659449836688
0.0308641975308642 953.192131657038
0.0309259259259259 952.718676384199
0.0309876543209877 952.239086213728
0.0310493827160494 951.753364853548
0.0311111111111111 951.261517511297
0.0311728395061728 950.763550880265
0.0312345679012346 950.259473123942
0.0312962962962963 949.749293859204
0.031358024691358 949.233024138147
0.0314197530864198 948.710676428605
0.0314814814814815 948.182264593375
0.0315432098765432 947.647803868184
0.0316049382716049 947.107310838409
0.0316666666666667 946.560803414609
0.0317283950617284 946.008300806883
0.0317901234567901 945.449823498097
0.0318518518518519 944.885393216011
0.0319135802469136 944.315032904353
0.0319753086419753 943.738766692869
0.032037037037037 943.156619866399
0.0320987654320988 942.568618833008
0.0321604938271605 941.974791091232
0.0322222222222222 941.375165196462
0.032283950617284 940.769770726527
0.0323456790123457 940.158638246515
0.0324074074074074 939.541799272872
0.0324691358024691 938.919286236835
0.0325308641975309 938.291132447244
0.0325925925925926 937.657372052769
0.0326543209876543 937.018040003622
0.0327160493827161 936.373172012772
0.0327777777777778 935.722804516743
0.0328395061728395 935.066974636017
0.0329012345679012 934.405720135101
0.032962962962963 933.739079382316
0.0330246913580247 933.067091309332
0.0330864197530864 932.389795370516
0.0331481481481481 931.707231502132
0.0332098765432099 931.019440081444
0.0332716049382716 930.326461885765
0.0333333333333333 929.628338051492
0.0333950617283951 928.925110033189
0.0334567901234568 928.216819562741
0.0335185185185185 927.503508608638
0.0335802469135802 926.785219335424
0.033641975308642 926.061994063356
0.0337037037037037 925.333875228307
0.0337654320987654 924.600905341968
0.0338271604938272 923.86312695236
0.0338888888888889 923.12058260473
0.0339506172839506 922.373314802825
0.0340123456790123 921.621365970621
0.0340740740740741 920.864778414502
0.0341358024691358 920.103594285949
0.0341975308641975 919.337855544758
0.0342592592592593 918.567603922812
0.034320987654321 917.792880888446
0.0343827160493827 917.013727611417
0.0344444444444444 916.230184928527
0.0345061728395062 915.442293309885
0.0345679012345679 914.650092825872
0.0346296296296296 913.853623114797
0.0346913580246914 913.052923351278
0.0347530864197531 912.24803221536
0.0348148148148148 911.438987862388
0.0348765432098765 910.625827893646
0.0349382716049383 909.808589327775
0.035 908.987308572986
0.0350617283950617 908.162021400062
0.0351234567901235 907.332762916182
0.0351851851851852 906.499567539545
0.0352469135802469 905.662468974817
0.0353086419753086 904.821500189399
0.0353703703703704 903.976693390519
0.0354320987654321 903.12808000314
0.0354938271604938 902.275690648696
0.0355555555555556 901.419555124646
0.0356172839506173 900.559702384836
0.035679012345679 899.696160520681
0.0357407407407407 898.828956743138
0.0358024691358025 897.958117365485
0.0358641975308642 897.083667786879
0.0359259259259259 896.205632476687
0.0359876543209877 895.324034959592
0.0360493827160494 894.43889780144
0.0361111111111111 893.550242595829
0.0361728395061728 892.658089951422
0.0362345679012346 891.762459479969
0.0362962962962963 890.863369785015
0.036358024691358 889.960838451293
0.0364197530864198 889.054882034759
0.0364814814814815 888.145516053274
0.0365432098765432 887.232754977901
0.0366049382716049 886.316612224798
0.0366666666666667 885.397100147685
0.0367283950617284 884.474230030867
0.0367901234567901 883.54801208279
0.0368518518518519 882.618455430101
0.0369135802469136 881.685568112197
0.0369753086419753 880.749357076235
0.037037037037037 879.809828172576
0.0370987654320988 878.866986150647
0.0371604938271605 877.920834655188
0.0372222222222222 876.971376222858
0.0372839506172839 876.018612279182
0.0373456790123457 875.062543135808
0.0374074074074074 874.103167988052
0.0374691358024691 873.140484912691
0.0375308641975309 872.174490866003
0.0375925925925926 871.205181682004
0.0376543209876543 870.232552070867
0.0377160493827161 869.256595617494
0.0377777777777778 868.277304780214
0.0378395061728395 867.294670889585
0.0379012345679012 866.30868414726
0.037962962962963 865.31933362491
0.0380246913580247 864.326607263162
0.0380864197530864 863.330491870531
0.0381481481481482 862.33097312232
0.0382098765432099 861.328035559459
0.0382716049382716 860.321662587262
0.0383333333333333 859.311836474071
0.0383950617283951 858.298538349759
0.0384567901234568 857.281748204074
0.0385185185185185 856.261444884794
0.0385802469135803 855.23760609566
0.038641975308642 854.210208394073
0.0387037037037037 853.179227188526
0.0387654320987654 852.144636735739
0.0388271604938272 851.106410137481
0.0388888888888889 850.06451933704
0.0389506172839506 849.018935115338
0.0390123456790124 847.96962708664
0.0390740740740741 846.916563693851
0.0391358024691358 845.859712203364
0.0391975308641975 844.799038699439
0.0392592592592593 843.734508078091
0.039320987654321 842.66608404045
0.0393827160493827 841.593729085578
0.0394444444444444 840.517404502715
0.0395061728395062 839.437070362924
0.0395679012345679 838.352685510109
0.0396296296296296 837.26420755139
0.0396913580246914 836.171592846794
0.0397530864197531 835.074796498241
0.0398148148148148 833.973772337798
0.0398765432098765 832.86847291518
0.0399382716049383 831.75884948445
0.04 830.644851989911
0.0400617283950617 829.526429051152
0.0401234567901235 828.403527947205
0.0401851851851852 827.276094599812
0.0402469135802469 826.144073555735
0.0403086419753086 825.00740796811
0.0403703703703704 823.866039576782
0.0404320987654321 822.719908687611
0.0404938271604938 821.568954150697
0.0405555555555556 820.413113337494
0.0406172839506173 819.252322116779
0.040679012345679 818.086514829427
0.0407407407407407 816.915624261961
0.0408024691358025 815.739581618827
0.0408641975308642 814.55831649336
0.0409259259259259 813.371756837381
0.0409876543209877 812.179828929395
0.0410493827160494 810.982457341328
0.0411111111111111 809.779564903753
0.0411728395061728 808.571072669556
0.0412345679012346 807.356899875989
0.0412962962962963 806.136963905032
0.041358024691358 804.911180242031
0.0414197530864198 803.679462432522
0.0414814814814815 802.441722037195
0.0415432098765432 801.197868584903
0.0416049382716049 799.94780952367
0.0416666666666667 798.691450169595
0.0417283950617284 797.42869365359
0.0417901234567901 796.159440865845
0.0418518518518519 794.883590397953
0.0419135802469136 793.601038482584
0.0419753086419753 792.311678930609
0.042037037037037 791.015403065577
0.0420987654320988 789.712099655424
0.0421604938271605 788.401654841309
0.0422222222222222 787.083952063435
0.042283950617284 785.758871983742
0.0423456790123457 784.426292405336
0.0424074074074074 783.086088188483
0.0424691358024691 781.738131163052
0.0425308641975309 780.382290037212
0.0425925925925926 779.018430302232
0.0426543209876543 777.646414133199
0.0427160493827161 776.266100285452
0.0427777777777778 774.877343986547
0.0428395061728395 773.479996823518
0.0429012345679012 772.073906625225
0.042962962962963 770.658917339537
0.0430246913580247 769.234868905095
0.0430864197530864 767.801597117389
0.0431481481481482 766.358933488856
0.0432098765432099 764.906705102695
0.0432716049382716 763.444734460075
0.0433333333333333 761.972839320391
0.0433950617283951 760.490832534199
0.0434567901234568 758.998521868443
0.0435185185185185 757.495709823555
0.0435802469135802 755.982193441986
0.043641975308642 754.457764107701
0.0437037037037037 752.922207336127
0.0437654320987654 751.37530255403
0.0438271604938272 749.816822868731
0.0438888888888889 748.246534826067
0.0439506172839506 746.664198156437
0.0440123456790123 745.069565508231
0.0440740740740741 743.462382167901
0.0441358024691358 741.842385765868
0.0441975308641975 740.20930596742
0.0442592592592593 738.562864147663
0.044320987654321 736.90277304956
0.0443827160493827 735.228736423985
0.0444444444444444 733.54044865067
0.0445061728395062 731.837594338804
0.0445679012345679 730.119847905999
0.0446296296296296 728.386873134174
0.0446913580246914 726.638322700864
0.0447530864197531 724.873837684295
0.0448148148148148 723.093047040453
0.0448765432098765 721.295567050236
0.0449382716049383 719.481000734614
0.045 717.64893723557
0.0450617283950617 715.798951160378
0.0451234567901235 713.930601886604
0.0451851851851852 712.043432824977
0.0452469135802469 710.136970637031
0.0453086419753087 708.210724404152
0.0453703703703704 706.264184744379
0.0454320987654321 704.296822872953
0.0454938271604938 702.308089602289
0.0455555555555556 700.297414276612
0.0456172839506173 698.264203636073
0.045679012345679 696.207840604687
0.0457407407407407 694.127682995862
0.0458024691358025 692.023062128733
0.0458641975308642 689.893281347806
0.0459259259259259 687.737614437703
0.0459876543209877 685.555303923972
0.0460493827160494 683.345559249976
0.0461111111111111 681.10755481888
0.0461728395061728 678.840427888575
0.0462345679012346 676.543276306077
0.0462962962962963 674.215156066499
0.046358024691358 671.855078680041
0.0464197530864198 669.462008328591
0.0464814814814815 667.034858791434
0.0465432098765432 664.572490117217
0.0466049382716049 662.073705016598
0.0466666666666667 659.537244946997
0.0467283950617284 656.961785857338
0.0467901234567901 654.345933556755
0.0468518518518519 651.688218666646
0.0469135802469136 648.987091110292
0.0469753086419753 646.240914088245
0.047037037037037 643.447957480817
0.0470987654320988 640.606390611022
0.0471604938271605 637.71427429211
0.0472222222222222 634.76955207312
0.047283950617284 631.770040583401
0.0473456790123457 628.713418862485
0.0474074074074074 625.597216544608
0.0474691358024691 622.418800747116
0.0475308641975309 619.175361488327
0.0475925925925926 615.863895432361
0.0476543209876543 612.481187725237
0.047716049382716 609.023791646762
0.0477777777777778 605.488005755315
0.0478395061728395 601.869848145442
0.0479012345679012 598.165027369268
0.047962962962963 594.368909489081
0.0480246913580247 590.476480626517
0.0480864197530864 586.482304248927
0.0481481481481481 582.380472279799
0.0482098765432099 578.16454892975
0.0482716049382716 573.827505907507
0.0483333333333333 569.361647373176
0.0483950617283951 564.758522621208
0.0484567901234568 560.008824004205
0.0485185185185185 555.10226699914
0.0485802469135803 550.027448531186
0.048641975308642 544.771678647286
0.0487037037037037 539.320779288556
0.0487654320987654 533.658842130563
0.0488271604938272 527.767935076421
0.0488888888888889 521.62774375903
0.0489506172839506 515.215129983253
0.0490123456790124 508.503582892979
0.0490740740740741 501.462529991311
0.0491358024691358 494.056462758025
0.0491975308641975 486.243813589245
0.0492592592592593 477.975494070754
0.049320987654321 469.192964166731
0.0493827160493827 459.825639293343
0.0494444444444445 449.787342750921
0.0495061728395062 438.971348223716
0.0495679012345679 427.243281851974
0.0496296296296296 414.430670095634
0.0496913580246914 400.307032770968
0.0497530864197531 384.566706976044
0.0498148148148148 366.783065487833
0.0498765432098765 346.334989262165
0.0499382716049383 322.26746251907
0.05 293
