0 976.076015056549
0.00175682092231577 976.076015056549
0.00248451997499977 976.076015056549
0.00304290309725092 976.076015056549
0.00351364184463153 976.076015056549
0.00392837100659193 976.076015056549
0.00430331482911935 976.076015056548
0.00464811125852264 976.076015056548
0.00496903994999953 976.076015056547
0.0052704627669473 976.076015056544
0.00555555555555556 976.07601505654
0.00582671582316751 976.076015056533
0.00608580619450185 976.076015056522
0.00633430791721743 976.076015056504
0.0065734219812218 976.076015056477
0.00680413817439772 976.076015056434
0.00702728368926307 976.076015056372
0.00724355822800294 976.07601505628
0.0074535599249993 976.076015056147
0.00765780486227235 976.076015055957
0.00785674201318386 976.076015055689
0.00805076485899413 976.076015055315
0.0082402205412174 976.076015054799
0.00842541716005728 976.076015054093
0.0086066296582387 976.076015053136
0.00878410461157883 976.07601505185
0.00895806416477617 976.076015050134
0.00912870929175277 976.076015047864
0.00929622251704528 976.076015044881
0.00946077020329245 976.076015040987
0.00962250448649376 976.076015035937
0.00978156492314389 976.076015029427
0.00993807989999907 976.076015021085
0.0100921678469916 976.076015010453
0.010243938285881 976.076014996974
0.0103934927410387 976.076014979973
0.0105409255338946 976.076014958633
0.0106863244787063 976.076014931971
0.0108297714942322 976.076014898808
0.0109713431434064 976.076014857735
0.0111111111111111 976.076014807077
0.0112491426285092 976.076014744844
0.0113855008510662 976.076014668683
0.0115202451962932 976.076014575821
0.011653431646335 976.076014463001
0.0117851130197758 976.076014326405
0.011915339216404 976.076014161573
0.0120441574381549 976.076013963311
0.0121716123890037 976.076013725584
0.0122977464562104 976.076013441399
0.0124225998749988 976.076013102675
0.0125462108784847 976.076012700095
0.0126686158344349 976.076012222946
0.0127898493702459 976.076011658936
0.0129099444873581 976.076010993993
0.0130289326661762 976.076010212049
0.0131468439624436 976.076009294788
0.0132637070959037 976.076008221386
0.0133795495319914 976.076006968207
0.0134943975572124 976.076005508486
0.0136082763487954 976.076003811967
0.0137212100391427 976.076001844518
0.013833221775543 976.075999567709
0.0139443337755679 976.075996938344
0.0140545673785261 976.075993907963
0.0141639430933133 976.075990422294
0.0142724806429613 976.075986420661
0.0143801990061609 976.075981835342
0.0144871164560059 976.075976590876
0.0145932505961819 976.075970603315
0.0146986183948033 976.075963779417
0.0148032362160825 976.075956015779
0.0149071198499986 976.075947197901
0.0150102845401181 976.075937199187
0.015112745009706 976.075925879871
0.0152145154862546 976.075913085869
0.0153156097245447 976.07589864755
0.0154160410283462 976.075882378427
0.0155158222708544 976.075864073762
0.0156149659139502 976.075843509074
0.0157134840263677 976.075820438563
0.0158113883008419 976.075794593431
0.0159086900703071 976.075765680098
0.0160054003232088 976.075733378319
0.0161015297179883 976.075697339191
0.0161970885967925 976.075657183043
0.0162920869984613 976.07561249721
0.0163865346708363 976.075562833691
0.0164804410824348 976.075507706677
0.0165738154335292 976.075446589958
0.0166666666666667 976.075378914192
0.0167590034766648 976.075304064042
0.0168508343201146 976.075221375182
0.0169421674244188 976.075130131149
0.0170330107963954 976.075029560062
0.0171233722304694 976.074918831193
0.0172132593164774 976.074797051383
0.0173026794471083 976.074663261313
0.0173916398249984 976.074516431618
0.0174801474695025 976.074355458843
0.0175682092231577 976.07417916125
0.0176558317578563 976.073986274453
0.0177430215807459 976.073775446907
0.017829785039868 976.073545235222
0.0179161283295523 976.073294099326
0.0180020574955774 976.073020397461
0.0180875784401108 976.072722381013
0.0181726969264401 976.07239818919
0.0182574185835055 976.072045843529
0.0183417489102435 976.071663242248
0.0184256932797522 976.071248154437
0.0185092569432863 976.07079821409
0.0185924450340906 976.070310913991
0.0186752625710796 976.069783599435
0.0187577144623713 976.069213461805
0.0188398055086813 976.06859753201
0.0189215404065849 976.067932673768
0.0190029237516523 976.067215576758
0.0190839600414641 976.06644274964
0.0191646536785115 976.065610512942
0.0192450089729875 976.064714991829
0.0193250301454734 976.063752108749
0.0194047213295255 976.062717575977
0.0194840865741669 976.061606888045
0.0195631298462878 976.060415314088
0.0196418550329597 976.059137890088
0.0197202659436654 976.05776941105
0.0197983663124505 976.056304423097
0.0198761597999981 976.054737215507
0.0199536499956311 976.053061812693
0.0200308404192444 976.051271966144
0.020107734523171 976.049361146325
0.0201843356939833 976.047322534561
0.0202606472542339 976.045149014907
0.0203366724641368 976.042833166012
0.0204124145231932 976.040367253
0.020487876571762 976.037743219369
0.0205630616925797 976.034952678926
0.0206379729122297 976.031986907773
0.0207126132025636 976.028836836343
0.0207869854820775 976.025493041518
0.0208610926172429 976.021945738829
0.0209349374237964 976.018184774755
0.0210085226679878 976.014199619136
0.0210818510677892 976.009979357711
0.0211549252940664 976.005512684797
0.0212277479717142 976.000787896124
0.0213003216807565 975.995792881833
0.0213726489574126 975.990515119664
0.021444732295132 975.984941668331
0.0215165741455968 975.979059161118
0.0215881769196949 975.972853799689
0.0216595429884644 975.966311348142
0.0217306746840088 975.959417127316
0.0218015743003873 975.952156009361
0.0218722440944773 975.944512412591
0.0219426862868128 975.936470296625
0.0220129030623988 975.928013157838
0.022082896571502 975.919124025134
0.0221526689304188 975.909785456043
0.0222222222222222 975.899979533174
0.0222915584974876 975.889687861009
0.0223606797749979 975.878891563086
0.0224295880424293 975.867571279541
0.0224982852570184 975.855707165058
0.022566773346211 975.843278887212
0.0226350542082926 975.830265625223
0.0227031297130028 975.81664606914
0.0227710017021324 975.802398419449
0.022838671990105 975.78750038712
0.0229061423645426 975.771929194109
0.022973414586817 975.755661574312
0.0230404903925864 975.738673774976
0.0231073714923171 975.720941558591
0.0231740595717936 975.70244020525
0.0232405562926132 975.683144515489
0.02330686329267 975.663028813615
0.0233729821866251 975.642066951525
0.0234389145663655 975.620232313012
0.0235046620014513 975.597497818572
0.0235702260395516 975.573835930707
0.0236356082068696 975.549218659721
0.0237008100085573 975.523617570025
0.0237658329291194 975.497003786935
0.023830678432808 975.469348003966
0.0238953479640073 975.440620490631
0.0239598429476087 975.410791100726
0.0240241647893774 975.379829281115
0.0240883148763098 975.347704080993
0.0241522945769824 975.314384161641
0.0242161052418926 975.279837806658
0.0242797482037913 975.24403293266
0.0243432247780074 975.206937100451
0.0244065362627653 975.168517526655
0.0244696839394947 975.128741095789
0.0245326690731329 975.087574372792
0.0245954929124207 975.044983615975
0.0246581566901913 975.000934790403
0.0247206616236522 974.955393581687
0.0247830089146616 974.908325410179
0.0248451997499977 974.859695445556
0.0249072353016221 974.809468621783
0.024969116726938 974.75760965244
0.0250308451690418 974.704083046407
0.0250924217569694 974.648853123877
0.0251538476059373 974.5918840327
0.0252151238175783 974.533139765033
0.0252762514801718 974.472584174286
0.0253372316688697 974.410180992342
0.0253980654459166 974.345893847039
0.0254587538608658 974.279686279902
0.0255192979507908 974.211521764095
0.0255796987404919 974.141363722589
0.0256399572426985 974.069175546523
0.0257000744582675 973.994920613737
0.025760051376377 973.918562307466
0.0258198889747161 973.84006403517
0.0258795882196714 973.759389247484
0.0259391500665083 973.676501457276
0.0259985754595502 973.591364258775
0.0260578653323524 973.503941346776
0.0261170206078737 973.414196535882
0.0261760421986439 973.322093779776
0.026234931006928 973.227597190494
0.0262936879248872 973.130671057689
0.0263523138347365 973.031279867868
0.0264108096088994 972.929388323566
0.0264691761101591 972.824961362462
0.0265274141918074 972.717964176403
0.0265855246977898 972.608362230315
0.0266435084628484 972.496121281
0.026701366312662 972.381207395773
0.0267590990639829 972.263586970955
0.0268167075247715 972.143226750169
0.0268741924943285 972.020093842449
0.026931554763424 971.894155740128
0.0269887951144247 971.765380336499
0.027045914321418 971.633735943222
0.0271029131503344 971.499191307467
0.0271597923590674 971.361715628777
0.0272165526975909 971.221278575632
0.0272731949080746 971.077850301707
0.0273297197249974 970.93140146179
0.0273861278752583 970.781903227375
0.0274424200782855 970.629327301883
0.0274985970461435 970.473645935533
0.0275546594836383 970.314831939813
0.0276106080884204 970.152858701572
0.0276664435510861 969.987700196696
0.027722166555277 969.819331003376
0.0277777777777778 969.647726314938
0.0278332778886119 969.472861952245
0.0278886675511359 969.294714375644
0.0279439474221318 969.11326069646
0.0279991181518981 968.928478688024
0.0280541803843391 968.740346796225
0.0281091347570523 968.548844149583
0.0281639819014146 968.353950568838
0.0282187224426673 968.155646576038
0.0282733569999988 967.953913403132
0.0283278861866266 967.74873300006
0.0283823106098773 967.540088042328
0.0284366308712661 967.327961938076
0.0284908475665735 967.112338834628
0.0285449612859225 966.893203624523
0.0285989726138528 966.670541951023
0.0286528821293947 966.444340213107
0.0287066904061418 966.214585569928
0.0287603980123217 965.981265944758
0.0288140055108665 965.744370028407
0.0288675134594813 965.503887282114
0.0289209224107119 965.259807939926
0.0289742329120118 965.012123010544
0.029027445505807 964.760824278669
0.0290805607295609 964.505904305816
0.0291335791158375 964.247356430634
0.0291865011923638 963.985174768701
0.0292393274820906 963.719354211836
0.0292920585032535 963.449890426895
0.0293446947694317 963.176779854088
0.0293972367896066 962.900019704801
0.0294496850682191 962.619607958943
0.0295020401052261 962.335543361814
0.0295543023961564 962.047825420513
0.029606472432165 961.756454399877
0.029658550700087 961.461431317981
0.029710537682491 961.162757941178
0.0297624338577308 960.860436778722
0.0298142396999972 960.554471076952
0.029865955679368 960.244864813064
0.0299175822618584 959.931622688476
0.0299691199094693 959.614750121791
0.0300205690802362 959.294253241378
0.0300719302282764 958.970138877573
0.0301232038038355 958.642414554509
0.0301743902533339 958.311088481597
0.0302254900194121 957.976169544655
0.0302765035409749 957.637667296707
0.030327431253236 957.295591948454
0.0303782735877607 956.949954358442
0.0304290309725092 956.60076602292
0.0304797038318782 956.248039065413
0.0305302925867424 955.891786226022
0.0305807976544953 955.532020850455
0.0306312194490894 955.168756878805
0.0306815583810757 954.802008834089
0.030731814857643 954.431791810558
0.0307819892826557 954.058121461786
0.0308320820566925 953.681013988564
0.0308820935770829 953.300486126587
0.0309320242379446 952.916555133974
0.0309818744302193 952.529238778614
0.0310316445417088 952.138555325349
0.0310813349571097 951.744523523026
0.0311309460580487 951.347162591403
0.0311804782231162 950.946492207943
0.0312299318279004 950.542532494495
0.0312793072450206 950.135304003876
0.0313286048441593 949.724827706371
0.0313778249920954 949.311124976158
0.0314269680527354 948.894217577662
0.0314760343871451 948.474127651866
0.0315250243535802 948.05087770258
0.0315739383075174 947.624490582669
0.0316227766016838 947.194989480274
0.0316715395860872 946.762397905017
0.0317202276080449 946.326739674204
0.0317688410122129 945.888038899049
0.0318173801406141 945.446319970903
0.0318658453326666 945.001607547532
0.0319142369252113 944.553926539418
0.031962555252539 944.103302096119
0.0320108006464176 943.649759592683
0.0320589734361189 943.193324616132
0.0321070739484442 942.734022952016
0.0321551025077506 942.271880571056
0.0322030594359765 941.806923615877
0.0322509450526667 941.339178387837
0.032298759674997 940.868671333971
0.0323465036177992 940.395429034039
0.032394177193585 939.919478187704
0.0324417807125699 939.440845601836
0.0324893144826965 938.959558177949
0.0325367788096585 938.475642899778
0.0325841739969226 937.98912682101
0.032631500345752 937.500037053159
0.0326787581552283 937.008400753608
0.0327259477222736 936.514245113807
0.0327730693416725 936.017597347646
0.0328201233060932 935.518484679998
0.032867109906109 935.016934335441
0.0329140294302192 934.512973527162
0.0329608821648696 934.006629446051
0.0330076683944732 933.497929249978
0.03305438840143 932.986900053268
0.0331010424661472 932.473568916372
0.0331476308670584 931.957962835739
0.0331941538806437 931.440108733892
0.033240611781448 930.920033449699
0.0332870048421005 930.397763728866
0.0333333333333333 929.87332621463
0.0333795975239996 929.346747438665
0.0334257976810918 928.818053812204
0.0334719340697602 928.287271617368
0.0335180069533297 927.754426998724
0.0335640165933183 927.219545955041
0.0336099632494537 926.682654331281
0.033655847179691 926.143777810794
0.0337016686402291 925.602941907743
0.0337474278855276 925.060171959736
0.0337931251683234 924.515493120686
0.0338387607396468 923.968930353881
0.0338843348488376 923.420508425278
0.033929847743561 922.870251897011
0.0339752996698237 922.318185121117
0.0340206908719886 921.764332233476
0.0340660215927909 921.208717147963
0.0341112920733528 920.651363550824
0.0341565025531987 920.09229489525
0.0342016532702697 919.531534396171
0.0342467444609388 918.969105025253
0.0342917763600244 918.40502950611
0.0343367492008054 917.839330309714
0.0343816632150351 917.272029650006
0.0344265186329548 916.703149479721
0.0344713156833079 916.132711486398
0.0345160545933535 915.560737088593
0.0345607355888795 914.987247432286
0.0346053588942165 914.412263387479
0.0346499247322504 913.835805544982
0.0346944333244356 913.257894213387
0.0347388848908077 912.678549416225
0.0347832796499967 912.097790889301
0.0348276178192388 911.515638078212
0.0348718996143894 910.932110136034
0.0349161252499348 910.347225921185
0.0349602949390051 909.761003995454
0.0350044088933853 909.173462622195
0.0350484673235278 908.584619764688
0.0350924704385639 907.994493084649
0.0351364184463153 907.403099940908
0.0351803115533057 906.810457388229
0.0352241499647719 906.216582176281
0.0352679338846753 905.621490748761
0.0353116635157127 905.025199242651
0.0353553390593274 904.427723487617
0.03539896071572 903.829079005541
0.0354425286838591 903.229281010192
0.0354860431614918 902.628344407011
0.0355295043451544 902.026283793037
0.0355729124301825 901.423113456943
0.0356162676107213 900.818847379194
0.035659570079736 900.213499232315
0.0357028200290214 899.607082381278
0.035746017649212 898.999609883989
0.035789163129792 898.391094491881
0.0358322566591047 897.781548650608
0.0358752984243621 897.170984500835
0.0359182886116547 896.559413879123
0.0359612274059606 895.946848318903
0.0360041149911548 895.333299051536
0.0360469515500185 894.718777007459
0.0360897372642483 894.103292817409
0.0361324723144647 893.486856813725
0.0361751568802216 892.869479031724
0.0362177911400147 892.251169211146
0.0362603752712905 891.631936797668
0.0363029094504545 891.011790944481
0.0363453938528803 890.39074051393
0.0363878286529174 889.768794079207
0.0364302140239 889.145959926109
0.0364725501381552 888.522246054836
0.0365148371670111 887.897660181848
0.0365570752808047 887.272209741761
0.0365992646488902 886.645901889295
0.036641405439647 886.01874350125
0.0366834978204871 885.390741178537
0.0367255419578631 884.761901248228
0.0367675380172762 884.132229765647
0.0368094861632832 883.501732516492
0.0368513865595044 882.870415018979
0.0368932393686311 882.238282526018
0.0369350447524326 881.605340027403
0.0369768028717639 880.971592252033
0.0370185138865726 880.337043670139
0.0370601779559065 879.701698495538
0.03710179523792 879.065560687892
0.0371433658898817 878.42863395498
0.0371848900681811 877.790921754985
0.0372263679283355 877.15242729878
0.0372677996249965 876.513153552221
0.0373091853119574 875.873103238448
0.0373505251421591 875.232278840183
0.0373918192676974 874.590682602023
0.0374330678398289 873.948316532742
0.0374742710089779 873.305182407576
0.0375154289247425 872.661281770511
0.0375565417359013 872.01661593656
0.0375976095904192 871.371185994025
0.0376386326354541 870.724992806763
0.0376796110173626 870.078037016421
0.0377205448817066 869.430319044671
0.0377614343732587 868.781839095423
0.0378022796360089 868.132597157023
0.0378430808131698 867.482593004434
0.0378838380471829 866.831826201394
0.0379245514797245 866.180296102557
0.0379652212517109 865.528001855608
0.0380058475033046 864.874942403363
0.0380464303739199 864.221116485834
0.038086970002228 863.566522642275
0.0381274665261633 862.911159213204
0.0381679200829282 862.255024342389
0.0382083308089987 861.598115978816
0.03824869884013 860.940431878618
0.0382890243113617 860.281969606981
0.038329307357023 859.622726540018
0.0383695481107378 858.962699866606
0.0384097467054302 858.301886590194
0.0384499032733295 857.640283530581
0.0384900179459751 856.977887325653
0.0385300908542216 856.314694433091
0.038570122128244 855.650701132035
0.0386101118975423 854.985903524728
0.0386500602909469 854.320297538101
0.0386899674366226 853.653878925344
0.0387298334620742 852.986643267418
0.0387696584941509 852.318585974543
0.0388094426590511 851.649702287643
0.0388491860823269 850.979987279748
0.0388888888888889 850.30943585736
0.0389285512030108 849.638042761779
0.0389681731483337 848.965802570384
0.039007754847871 848.292709697878
0.0390472964240124 847.618758397487
0.0390867979985286 846.943942762121
0.0391262596925756 846.268256725489
0.039165681626699 845.591694063177
0.0392050639208386 844.914248393674
0.0392444066943319 844.235913179366
0.0392837100659193 843.556681727475
0.0393229741537475 842.876547190965
0.0393621990753741 842.195502569398
0.0394013849477714 841.513540709745
0.0394405318873308 840.830654307157
0.0394796400098664 840.146835905686
0.0395187094306194 839.462077898965
0.039557740264262 838.776372530845
0.039596732624901 838.089711895977
0.0396356866260822 837.40208794036
0.0396746023807936 836.713492461838
0.03971348000147 836.023917110548
0.0397523195999963 835.333353389329
0.0397911212877111 834.641792654079
0.0398298851754109 833.949226114067
0.0398686113733537 833.255644832201
0.0399072999912622 832.561039725248
0.0399459511383279 831.865401564003
0.0399845649232146 831.168720973418
0.0400231414540619 830.470988432677
0.0400616808384888 829.77219427523
0.0401001831835969 829.07232868877
0.0401386485959743 828.371381715177
0.040177077181699 827.669343250398
0.0402154690463419 826.966203044288
0.0402538242949707 826.261950700401
0.0402921430321528 825.556575675735
0.040330425361959 824.850067280418
0.0403686713879666 824.14241467736
0.0404068812132626 823.433606881844
0.0404450549404473 822.723632761072
0.0404831926716371 822.012481033659
0.0405212945084677 821.300140269086
0.0405593605520977 820.586598887086
0.0405973909032114 819.871845156997
0.0406353856620217 819.155867197051
0.0406733449282736 818.438652973621
0.0407112688012473 817.72019030041
0.0407491573797606 817.000466837595
0.0407870107621726 816.279470090908
0.0408248290463863 815.55718741068
0.0408626123298518 814.833605990816
0.0409003607095688 814.10871286773
0.0409380742820901 813.382494919217
0.0409757531435239 812.654938863276
0.0410133973895372 811.926031256877
0.0410510071153581 811.195758494674
0.0410885824157791 810.464106807658
0.0411261233851594 809.73106226176
0.0411636301174282 808.996610756394
0.041201102706087 808.260738022945
0.0412385412442125 807.523429623193
0.0412759458244594 806.78467094769
0.0413133165390627 806.044447214065
0.0413506534798409 805.30274346528
0.0413879567381982 804.559544567817
0.0414252264051272 803.814835209812
0.0414624625712118 803.068599899122
0.0414996653266291 802.320822961327
0.0415368347611528 801.571488537675
0.0415739709641549 800.82058058296
0.0416110740246089 800.068082863331
0.0416481440310918 799.31397895404
0.0416851810717868 798.558252237122
0.0417221852344858 797.800885899003
0.0417591566065914 797.041862928041
0.0417960952751201 796.281166112
0.0418330013267038 795.51877803545
0.0418698748475928 794.754681077089
0.041906715923658 793.988857407003
0.0419435246403931 793.221288983841
0.0419803010829168 792.451957551915
0.0420170453359756 791.680844638234
0.0420537574839457 790.907931549437
0.0420904376108351 790.133199368666
0.0421270858002864 789.35662895235
0.0421637021355784 788.5782009269
0.0422002866996288 787.797895685327
0.042236839574996 787.01569338377
0.0422733608438818 786.231573937933
0.0423098505881328 785.44551701944
0.0423463088892433 784.657502052087
0.042382735828357 783.867508208005
0.0424191314862691 783.075514403735
0.0424554959434284 782.281499296189
0.0424918292799399 781.485441278525
0.0425281315755659 780.687318475913
0.0425644029097288 779.887108741199
0.0426006433615129 779.084789650458
0.0426368530096664 778.280338498447
0.0426730319326034 777.473732293934
0.0427091802084057 776.664947754924
0.0427452979148252 775.853961303762
0.0427813851292855 775.040749062116
0.0428174419288838 774.225286845842
0.0428534683903931 773.407550159717
0.042889464590264 772.587514192051
0.0429254306046264 771.765153809164
0.0429613665092916 770.940443549721
0.0429972723797541 770.113357618944
0.0430331482911935 769.283869882667
0.0430689943184762 768.451953861255
0.0431048105361574 767.617582723372
0.0431405970184826 766.780729279592
0.0431763538393899 765.941365975857
0.0432120810725112 765.099464886775
0.0432477787911746 764.254997708748
0.0432834470684055 763.407935752934
0.0433190859769287 762.558249938034
0.0433546955891704 761.705910782894
0.0433902759772592 760.850888398937
0.0434258272130285 759.993152482388
0.0434613493680177 759.132672306317
0.0434968425134742 758.269416712483
0.043532306720355 757.403354102959
0.0435677420593281 756.534452431562
0.0436031486007746 755.662679195057
0.04363852641479 754.788001424136
0.0436738755711857 753.910385674174
0.043709196139491 753.029798015739
0.0437444881889545 752.146204024868
0.0437797517885457 751.259568773083
0.0438149870069563 750.369856817157
0.0438501939126025 749.477032188604
0.0438853725736256 748.581058382905
0.0439205230578942 747.681898348443
0.0439556454330055 746.779514475156
0.043990739766287 745.873868582875
0.0440258061247977 744.964921909371
0.0440608445753297 744.052635098068
0.0440958551844098 743.136968185435
0.0441308380183011 742.217880588036
0.044165793143004 741.295331089228
0.044200720624258 740.369277825504
0.0442356205275431 739.439678272451
0.0442704929180812 738.50648923034
0.0443053378608375 737.569666809301
0.044340155420522 736.629166414098
0.0443749456615908 735.684942728478
0.0444097086482474 734.736949699082
0.0444444444444444 733.785140518897
0.0444791531138847 732.829467610251
0.0445138347200225 731.869882607318
0.0445484893260655 730.90633633812
0.0445831169949753 729.938778806018
0.0446177177894695 728.967159170665
0.0446522917720225 727.991425728406
0.0446868390048671 727.011525892103
0.0447213595499958 726.027406170374
0.0447558534691619 725.039012146208
0.0447903208238808 724.046288454957
0.0448247616754318 723.049178761658
0.0448591760848586 722.047625737681
0.0448935641129709 721.04157103667
0.0449279258203461 720.030955269746
0.0449622612673296 719.015717979963
0.0449965705140369 717.995797615967
0.0450308536203543 716.971131504839
0.0450651106459405 715.941655824104
0.0450993416502276 714.907305572849
0.045133546692422 713.868014541935
0.0451677258315063 712.823715283268
0.04520187912624 711.774339078079
0.0452360066351606 710.719815904193
0.0452701084165853 709.660074402234
0.0453041845286114 708.595041840735
0.0453382350291181 707.524644080096
0.0453722599757676 706.448805535365
0.0454062594260057 705.367449137771
0.0454402334370634 704.280496294984
0.0454741820659581 703.187866850024
0.0455081053694942 702.089479038795
0.0455420034042649 700.985249446153
0.0455758762266526 699.875092960484
0.0456097238928307 698.758922726693
0.0456435464587638 697.636650097578
0.0456773439802099 696.508184583476
0.0457111165127205 695.373433800155
0.045744864111642 694.232303414837
0.045778586832117 693.084697090296
0.0458122847290851 691.930516426939
0.0458459578572839 690.769660902784
0.0458796062712502 689.602027811243
0.0459132300253209 688.427512196607
0.0459468291736341 687.246006787146
0.0459804037701301 686.057401925696
0.0460139538685526 684.861585497637
0.0460474795224491 683.658442856134
0.0460809807851727 682.44785674452
0.0461144577098825 681.229707215682
0.0461479103495449 680.003871548318
0.0461813387569342 678.770224159919
0.0462147429846343 677.528636516307
0.0462481230850387 676.278977037579
0.0462814791103523 675.021111000285
0.0463148111125919 673.754900435645
0.0463481191435871 672.480204023614
0.0463814032549818 671.196876982609
0.0464146634982343 669.904770954652
0.0464478999246188 668.603733885724
0.0464811125852264 667.293609901077
0.0465143015309655 665.974239175247
0.0465474668125631 664.645457796496
0.0465806084805657 663.307097625403
0.0466137265853401 661.958986147279
0.0466468211770741 660.600946318103
0.0466798923057778 659.232796403611
0.0467129400212842 657.854349811187
0.0467459643732503 656.465414914165
0.0467789654111575 655.065794868112
0.0468119431843131 653.655287418669
0.0468448977418507 652.233684700459
0.0468778291327311 650.800773026586
0.0469107374057434 649.356332668159
0.0469436226095058 647.900137623299
0.046976484792466 646.431955374996
0.0470093240029026 644.951546637188
0.0470421402889257 643.458665088343
0.0470749336984775 641.953057091817
0.0471077042793335 640.434461402185
0.0471404520791032 638.902608856694
0.0471731771452306 637.357222050918
0.0472058795249956 635.79801499765
0.047238559265514 634.224692767957
0.0472712164137392 632.636951113291
0.0473038510164622 631.034476067427
0.0473364631203129 629.416943526928
0.0473690527717605 627.784018808728
0.0474016200171145 626.135356183328
0.0474341649025257 624.470598381964
0.0474666874739863 622.789376075984
0.0474991877773312 621.09130732655
0.0475316658582388 619.375997002582
0.0475641217622311 617.643036164755
0.0475965555346753 615.892001413109
0.047628967220784 614.122454195691
0.047661356865616 612.33394007538
0.0476937245140772 610.525987951843
0.0477260702109212 608.698109235265
0.0477583940007499 606.849796968242
0.0477906959280146 604.980524891861
0.0478229760370163 603.089746451686
0.0478552343719067 601.176893738912
0.0478874709766888 599.241376361582
0.0479196858952174 597.282580240223
0.0479518791712002 595.299866321758
0.0479840508481982 593.292569204945
0.0480162009696265 591.259995669939
0.0480483295787548 589.201423103838
0.0480804367187085 587.11609781325
0.0481125224324688 585.003233214022
0.048144586762874 582.862007887234
0.0481766297526196 580.691563489429
0.0482086514442592 578.491002503759
0.0482406518802054 576.259385817293
0.0482726311027299 573.995730108108
0.0483045891539648 571.699005023956
0.0483365260759027 569.368130132229
0.0483684419103976 567.001971618616
0.0484003366991656 564.599338709176
0.0484322104837853 562.158979787563
0.0484640633056986 559.679578175677
0.0484958952062116 557.159747542122
0.0485277062264944 554.598026898371
0.0485594964075826 551.992875137379
0.0485912657903775 549.342665063526
0.0486230144156468 546.645676855947
0.0486547423240251 543.900090899465
0.0486864495560148 541.103979908266
0.0487181361519861 538.255300256897
0.0487498021521785 535.3518824209
0.0487814475967004 532.391420415029
0.0488130725255307 529.371460100218
0.0488446769785184 526.289386210727
0.0488762609953839 523.142407929592
0.0489078246157195 519.927542812982
0.0489393678789894 516.641598831374
0.0489708908245311 513.281154256455
0.0490023934915554 509.842535076024
0.0490338759191472 506.321789563136
0.0490653381462658 502.714659558061
0.049096780211746 499.016547939658
0.0491282021542981 495.222481662875
0.0491596040125088 491.327069616797
0.0491909858248415 487.324454407197
0.0492223476296371 483.208256981328
0.0492536894651145 478.971512780864
0.0492850113693708 474.606597818563
0.0493163133803826 470.105142708216
0.0493475955360055 465.457932212683
0.0493788578739755 460.654787280541
0.0494101004319092 455.684425775796
0.0494413232473044 450.534297109301
0.0494725263575404 445.190384674641
0.0495037097998788 439.636968261932
0.0495348736114639 433.856336309634
0.0495660178293233 427.828434725121
0.0495971424903681 421.530434720756
0.049628247631394 414.936196171171
0.0496593332890812 408.015594641514
0.0496903994999953 400.733668302346
0.0497214463005877 393.049523613285
0.0497524737271958 384.91491301144
0.0497834818160441 376.272359111386
0.0498144706032442 367.052640091153
0.0498454401247954 357.171356121396
0.0498763904165854 346.524142065135
0.0499073215143905 334.979831151849
0.0499382334538761 322.370418692167
0.0499691262705975 308.475842775257
0.05 293
