0 975.867984230112
5.81395348837209e-05 975.867984230112
0.000116279069767442 975.867984230112
0.000174418604651163 975.867984230111
0.000232558139534884 975.867984230111
0.000290697674418605 975.867984230111
0.000348837209302326 975.867984230111
0.000406976744186047 975.86798423011
0.000465116279069767 975.86798423011
0.000523255813953488 975.86798423011
0.000581395348837209 975.86798423011
0.00063953488372093 975.86798423011
0.000697674418604651 975.86798423011
0.000755813953488372 975.86798423011
0.000813953488372093 975.86798423011
0.000872093023255814 975.86798423011
0.000930232558139535 975.86798423011
0.000988372093023256 975.86798423011
0.00104651162790698 975.867984230109
0.0011046511627907 975.867984230109
0.00116279069767442 975.867984230109
0.00122093023255814 975.867984230109
0.00127906976744186 975.86798423011
0.00133720930232558 975.86798423011
0.0013953488372093 975.86798423011
0.00145348837209302 975.867984230111
0.00151162790697674 975.867984230111
0.00156976744186047 975.867984230111
0.00162790697674419 975.867984230112
0.00168604651162791 975.867984230112
0.00174418604651163 975.867984230112
0.00180232558139535 975.867984230112
0.00186046511627907 975.867984230112
0.00191860465116279 975.867984230112
0.00197674418604651 975.867984230112
0.00203488372093023 975.867984230112
0.00209302325581395 975.867984230112
0.00215116279069767 975.867984230111
0.0022093023255814 975.867984230111
0.00226744186046512 975.867984230111
0.00232558139534884 975.867984230111
0.00238372093023256 975.867984230111
0.00244186046511628 975.86798423011
0.0025 975.86798423011
0.00255813953488372 975.867984230109
0.00261627906976744 975.867984230109
0.00267441860465116 975.867984230109
0.00273255813953488 975.867984230109
0.0027906976744186 975.867984230109
0.00284883720930233 975.867984230109
0.00290697674418605 975.867984230108
0.00296511627906977 975.867984230108
0.00302325581395349 975.867984230108
0.00308139534883721 975.867984230108
0.00313953488372093 975.867984230107
0.00319767441860465 975.867984230107
0.00325581395348837 975.867984230107
0.00331395348837209 975.867984230106
0.00337209302325581 975.867984230106
0.00343023255813954 975.867984230105
0.00348837209302326 975.867984230105
0.00354651162790698 975.867984230104
0.0036046511627907 975.867984230103
0.00366279069767442 975.867984230103
0.00372093023255814 975.867984230102
0.00377906976744186 975.867984230101
0.00383720930232558 975.8679842301
0.0038953488372093 975.867984230099
0.00395348837209302 975.867984230098
0.00401162790697674 975.867984230097
0.00406976744186047 975.867984230096
0.00412790697674419 975.867984230094
0.00418604651162791 975.867984230093
0.00424418604651163 975.867984230092
0.00430232558139535 975.867984230091
0.00436046511627907 975.86798423009
0.00441860465116279 975.867984230089
0.00447674418604651 975.867984230088
0.00453488372093023 975.867984230088
0.00459302325581395 975.867984230087
0.00465116279069767 975.867984230087
0.0047093023255814 975.867984230086
0.00476744186046512 975.867984230085
0.00482558139534884 975.867984230085
0.00488372093023256 975.867984230084
0.00494186046511628 975.867984230083
0.005 975.867984230082
0.00505813953488372 975.867984230082
0.00511627906976744 975.867984230081
0.00517441860465116 975.86798423008
0.00523255813953488 975.86798423008
0.0052906976744186 975.867984230079
0.00534883720930233 975.867984230079
0.00540697674418605 975.867984230078
0.00546511627906977 975.867984230077
0.00552325581395349 975.867984230076
0.00558139534883721 975.867984230075
0.00563953488372093 975.867984230074
0.00569767441860465 975.867984230072
0.00575581395348837 975.86798423007
0.00581395348837209 975.867984230068
0.00587209302325581 975.867984230066
0.00593023255813954 975.867984230063
0.00598837209302326 975.86798423006
0.00604651162790698 975.867984230057
0.0061046511627907 975.867984230054
0.00616279069767442 975.86798423005
0.00622093023255814 975.867984230046
0.00627906976744186 975.867984230041
0.00633720930232558 975.867984230036
0.0063953488372093 975.86798423003
0.00645348837209302 975.867984230023
0.00651162790697674 975.867984230016
0.00656976744186047 975.867984230008
0.00662790697674419 975.867984229999
0.00668604651162791 975.867984229988
0.00674418604651163 975.867984229977
0.00680232558139535 975.867984229964
0.00686046511627907 975.86798422995
0.00691860465116279 975.867984229934
0.00697674418604651 975.867984229916
0.00703488372093023 975.867984229896
0.00709302325581395 975.867984229874
0.00715116279069767 975.867984229849
0.0072093023255814 975.867984229821
0.00726744186046512 975.867984229791
0.00732558139534884 975.867984229757
0.00738372093023256 975.867984229719
0.00744186046511628 975.867984229677
0.0075 975.86798422963
0.00755813953488372 975.867984229578
0.00761627906976744 975.86798422952
0.00767441860465116 975.867984229455
0.00773255813953488 975.867984229384
0.00779069767441861 975.867984229305
0.00784883720930233 975.867984229217
0.00790697674418605 975.867984229119
0.00796511627906977 975.86798422901
0.00802325581395349 975.86798422889
0.00808139534883721 975.867984228756
0.00813953488372093 975.867984228607
0.00819767441860465 975.867984228442
0.00825581395348837 975.867984228259
0.00831395348837209 975.867984228056
0.00837209302325581 975.867984227831
0.00843023255813954 975.867984227582
0.00848837209302326 975.867984227305
0.00854651162790698 975.867984226998
0.0086046511627907 975.867984226659
0.00866279069767442 975.867984226282
0.00872093023255814 975.867984225866
0.00877906976744186 975.867984225404
0.00883720930232558 975.867984224893
0.0088953488372093 975.867984224328
0.00895348837209302 975.867984223702
0.00901162790697674 975.867984223009
0.00906976744186047 975.867984222243
0.00912790697674419 975.867984221396
0.00918604651162791 975.86798422046
0.00924418604651163 975.867984219425
0.00930232558139535 975.867984218281
0.00936046511627907 975.867984217018
0.00941860465116279 975.867984215622
0.00947674418604651 975.867984214081
0.00953488372093023 975.867984212381
0.00959302325581395 975.867984210504
0.00965116279069768 975.867984208433
0.0097093023255814 975.86798420615
0.00976744186046512 975.867984203632
0.00982558139534884 975.867984200856
0.00988372093023256 975.867984197797
0.00994186046511628 975.867984194427
0.01 975.867984190714
0.0100581395348837 975.867984186626
0.0101162790697674 975.867984182125
0.0101744186046512 975.867984177171
0.0102325581395349 975.86798417172
0.0102906976744186 975.867984165723
0.0103488372093023 975.867984159128
0.010406976744186 975.867984151877
0.0104651162790698 975.867984143907
0.0105232558139535 975.867984135149
0.0105813953488372 975.867984125526
0.0106395348837209 975.867984114957
0.0106976744186047 975.867984103351
0.0107558139534884 975.86798409061
0.0108139534883721 975.867984076628
0.0108720930232558 975.867984061287
0.0109302325581395 975.867984044459
0.0109883720930233 975.867984026005
0.011046511627907 975.867984005773
0.0111046511627907 975.867983983598
0.0111627906976744 975.8679839593
0.0112209302325581 975.867983932682
0.0112790697674419 975.867983903531
0.0113372093023256 975.867983871612
0.0113953488372093 975.867983836674
0.011453488372093 975.867983798439
0.0115116279069767 975.867983756609
0.0115697674418605 975.867983710857
0.0116279069767442 975.867983660828
0.0116860465116279 975.867983606137
0.0117441860465116 975.867983546365
0.0118023255813953 975.867983481056
0.0118604651162791 975.867983409717
0.0119186046511628 975.867983331811
0.0119767441860465 975.867983246756
0.0120348837209302 975.867983153919
0.012093023255814 975.867983052616
0.0121511627906977 975.867982942104
0.0122093023255814 975.867982821575
0.0122674418604651 975.867982690157
0.0123255813953488 975.867982546903
0.0123837209302326 975.867982390787
0.0124418604651163 975.867982220699
0.0125 975.867982035437
0.0125581395348837 975.867981833699
0.0126162790697674 975.867981614078
0.0126744186046512 975.86798137505
0.0127325581395349 975.867981114967
0.0127906976744186 975.86798083205
0.0128488372093023 975.867980524371
0.012906976744186 975.867980189853
0.0129651162790698 975.867979826247
0.0130232558139535 975.867979431126
0.0130813953488372 975.867979001872
0.0131395348837209 975.867978535655
0.0131976744186047 975.867978029425
0.0132558139534884 975.867977479889
0.0133139534883721 975.867976883498
0.0133720930232558 975.867976236424
0.0134302325581395 975.867975534541
0.0134883720930233 975.867974773404
0.013546511627907 975.867973948225
0.0136046511627907 975.867973053845
0.0136627906976744 975.867972084714
0.0137209302325581 975.867971034854
0.0137790697674419 975.867969897836
0.0138372093023256 975.86796866674
0.0138953488372093 975.867967334127
0.013953488372093 975.867965892
0.0140116279069767 975.867964331759
0.0140697674418605 975.867962644167
0.0141279069767442 975.867960819302
0.0141860465116279 975.867958846504
0.0142441860465116 975.867956714332
0.0143023255813953 975.867954410505
0.0143604651162791 975.867951921845
0.0144186046511628 975.867949234214
0.0144767441860465 975.867946332453
0.0145348837209302 975.867943200308
0.014593023255814 975.867939820358
0.0146511627906977 975.867936173934
0.0147093023255814 975.867932241041
0.0147674418604651 975.867928000264
0.0148255813953488 975.867923428675
0.0148837209302326 975.867918501734
0.0149418604651163 975.867913193184
0.015 975.867907474937
0.0150581395348837 975.867901316955
0.0151162790697674 975.867894687123
0.0151744186046512 975.867887551117
0.0152325581395349 975.867879872261
0.0152906976744186 975.867871611379
0.0153488372093023 975.867862726632
0.015406976744186 975.867853173354
0.0154651162790698 975.867842903871
0.0155232558139535 975.867831867316
0.0155813953488372 975.867820009429
0.0156395348837209 975.867807272346
0.0156976744186047 975.867793594379
0.0157558139534884 975.867778909779
0.0158139534883721 975.867763148492
0.0158720930232558 975.867746235897
0.0159302325581395 975.867728092529
0.0159883720930233 975.86770863379
0.016046511627907 975.867687769643
0.0161046511627907 975.86766540429
0.0161627906976744 975.86764143583
0.0162209302325581 975.867615755903
0.0162790697674419 975.867588249313
0.0163372093023256 975.867558793631
0.0163953488372093 975.867527258777
0.016453488372093 975.867493506584
0.0165116279069767 975.867457390334
0.0165697674418605 975.867418754272
0.0166279069767442 975.867377433102
0.0166860465116279 975.867333251445
0.0167441860465116 975.867286023285
0.0168023255813954 975.867235551371
0.0168604651162791 975.867181626607
0.0169186046511628 975.867124027396
0.0169767441860465 975.867062518966
0.0170348837209302 975.866996852653
0.017093023255814 975.866926765155
0.0171511627906977 975.866851977754
0.0172093023255814 975.866772195491
0.0172674418604651 975.866687106315
0.0173255813953488 975.866596380182
0.0173837209302326 975.866499668121
0.0174418604651163 975.866396601252
0.0175 975.866286789763
0.0175581395348837 975.86616982184
0.0176162790697674 975.86604526255
0.0176744186046512 975.865912652673
0.0177325581395349 975.86577150749
0.0177906976744186 975.865621315506
0.0178488372093023 975.865461537134
0.017906976744186 975.865291603311
0.0179651162790698 975.865110914061
0.0180232558139535 975.864918837
0.0180813953488372 975.864714705774
0.0181395348837209 975.864497818442
0.0181976744186047 975.864267435782
0.0182558139534884 975.864022779541
0.0183139534883721 975.863763030606
0.0183720930232558 975.863487327113
0.0184302325581395 975.863194762474
0.0184883720930233 975.862884383333
0.018546511627907 975.862555187444
0.0186046511627907 975.862206121471
0.0186627906976744 975.861836078701
0.0187209302325581 975.861443896678
0.0187790697674419 975.861028354751
0.0188372093023256 975.86058817153
0.0188953488372093 975.860122002259
0.018953488372093 975.85962843609
0.0190116279069767 975.859105993266
0.0190697674418605 975.858553122209
0.0191279069767442 975.857968196509
0.0191860465116279 975.857349511808
0.0192441860465116 975.856695282594
0.0193023255813954 975.856003638874
0.0193604651162791 975.855272622759
0.0194186046511628 975.854500184926
0.0194767441860465 975.853684180981
0.0195348837209302 975.852822367705
0.019593023255814 975.851912399188
0.0196511627906977 975.850951822852
0.0197093023255814 975.849938075351
0.0197674418604651 975.848868478361
0.0198255813953488 975.847740234243
0.0198837209302326 975.846550421595
0.0199418604651163 975.845295990675
0.02 975.843973758701
0.0200581395348837 975.842580405037
0.0201162790697674 975.841112466241
0.0201744186046512 975.839566331002
0.0202325581395349 975.837938234936
0.0202906976744186 975.836224255271
0.0203488372093023 975.834420305393
0.020406976744186 975.832522129278
0.0204651162790698 975.830525295779
0.0205232558139535 975.828425192809
0.0205813953488372 975.826217021377
0.0206395348837209 975.823895789517
0.0206976744186047 975.821456306072
0.0207558139534884 975.818893174377
0.0208139534883721 975.816200785797
0.0208720930232558 975.81337331316
0.0209302325581395 975.810404704062
0.0209883720930233 975.807288674054
0.021046511627907 975.804018699721
0.0211046511627907 975.800588011634
0.0211627906976744 975.796989587201
0.0212209302325581 975.793216143409
0.0212790697674419 975.789260129458
0.0213372093023256 975.785113719288
0.0213953488372093 975.780768804022
0.021453488372093 975.776216984301
0.0215116279069767 975.771449562534
0.0215697674418605 975.766457535064
0.0216279069767442 975.761231584252
0.0216860465116279 975.755762070479
0.0217441860465116 975.750039024094
0.0218023255813953 975.744052137276
0.0218604651162791 975.737790755857
0.0219186046511628 975.731243871078
0.0219767441860465 975.724400111309
0.0220348837209302 975.717247733726
0.022093023255814 975.709774615961
0.0221511627906977 975.701968247721
0.0222093023255814 975.693815722403
0.0222674418604651 975.685303728688
0.0223255813953488 975.676418542151
0.0223837209302326 975.66714601687
0.0224418604651163 975.657471577064
0.0225 975.647380208749
0.0225581395348837 975.636856451449
0.0226162790697674 975.625884389943
0.0226744186046512 975.614447646078
0.0227325581395349 975.602529370657
0.0227906976744186 975.590112235399
0.0228488372093023 975.577178425004
0.022906976744186 975.563709629317
0.0229651162790698 975.54968703561
0.0230232558139535 975.535091320996
0.0230813953488372 975.519902644984
0.0231395348837209 975.504100642189
0.0231976744186047 975.48766441521
0.0232558139534884 975.470572527691
0.0233139534883721 975.452802997573
0.0233720930232558 975.434333290555
0.0234302325581395 975.415140313782
0.0234883720930233 975.395200409764
0.023546511627907 975.37448935054
0.0236046511627907 975.35298233212
0.0236627906976744 975.330653969188
0.0237209302325581 975.307478290115
0.0237790697674419 975.283428732262
0.0238372093023256 975.258478137617
0.0238953488372093 975.232598748758
0.023953488372093 975.205762205175
0.0240116279069767 975.177939539952
0.0240697674418605 975.149101176821
0.0241279069767442 975.119216927625
0.0241860465116279 975.088255990168
0.0242441860465116 975.056186946504
0.0243023255813953 975.022977761649
0.0243604651162791 974.988595782745
0.0244186046511628 974.953007738687
0.0244767441860465 974.916179740221
0.0245348837209302 974.878077280534
0.024593023255814 974.838665236344
0.0246511627906977 974.797907869497
0.0247093023255814 974.755768829095
0.0247674418604651 974.712211154154
0.0248255813953488 974.667197276818
0.0248837209302326 974.620689026118
0.0249418604651163 974.572647632309
0.025 974.523033731783
0.0250581395348837 974.471807372559
0.0251162790697674 974.418928020384
0.0251744186046512 974.364354565422
0.0252325581395349 974.308045329566
0.0252906976744186 974.249958074355
0.0253488372093023 974.190050009526
0.025406976744186 974.128277802186
0.0254651162790698 974.064597586623
0.0255232558139535 973.998964974748
0.0255813953488372 973.931335067185
0.0256395348837209 973.861662464997
0.0256976744186047 973.789901282059
0.0257558139534884 973.716005158079
0.0258139534883721 973.639927272255
0.0258720930232558 973.561620357587
0.0259302325581395 973.481036715822
0.0259883720930233 973.398128233041
0.026046511627907 973.312846395883
0.0261046511627907 973.225142308399
0.0261627906976744 973.134966709529
0.0262209302325581 973.042269991201
0.0262790697674419 972.947002217035
0.0263372093023256 972.849113141658
0.0263953488372093 972.748552230608
0.026453488372093 972.645268680817
0.0265116279069767 972.539211441673
0.0265697674418605 972.430329236633
0.0266279069767442 972.318570585391
0.0266860465116279 972.203883826567
0.0267441860465116 972.08621714092
0.0268023255813954 971.965518575059
0.0268604651162791 971.841736065629
0.0269186046511628 971.714817463979
0.0269767441860465 971.584710561252
0.0270348837209302 971.451363113923
0.027093023255814 971.314722869727
0.0271511627906977 971.174737593975
0.0272093023255814 971.031355096229
0.0272674418604651 970.884523257316
0.0273255813953488 970.734190056652
0.0273837209302326 970.580303599857
0.0274418604651163 970.422812146627
0.0275 970.261664138847
0.0275581395348837 970.096808228908
0.0276162790697674 969.928193308207
0.0276744186046512 969.755768535798
0.0277325581395349 969.579483367166
0.0277906976744186 969.399287583098
0.0278488372093023 969.215131318608
0.027906976744186 969.026965091908
0.0279651162790698 968.834739833372
0.0280232558139535 968.638406914474
0.0280813953488372 968.437918176664
0.0281395348837209 968.233225960152
0.0281976744186047 968.024283132567
0.0282558139534884 967.811043117461
0.0283139534883721 967.593459922618
0.0283720930232558 967.371488168148
0.0284302325581395 967.145083114319
0.0284883720930233 966.914200689106
0.028546511627907 966.678797515423
0.0286046511627907 966.438830937995
0.0286627906976744 966.194259049852
0.0287209302325581 965.945040718407
0.0287790697674419 965.691135611079
0.0288372093023256 965.432504220448
0.0288953488372093 965.169107888886
0.028953488372093 964.900908832664
0.0290116279069767 964.62787016547
0.0290697674418605 964.349955921341
0.0291279069767442 964.067131076962
0.0291860465116279 963.779361573298
0.0292441860465116 963.486614336559
0.0293023255813954 963.188857298434
0.0293604651162791 962.886059415604
0.0294186046511628 962.578190688479
0.0294767441860465 962.265222179151
0.0295348837209302 961.947126028543
0.029593023255814 961.623875472712
0.0296511627906977 961.295444858308
0.0297093023255814 960.961809657153
0.0297674418604651 960.622946479923
0.0298255813953488 960.278833088918
0.0298837209302326 959.929448409908
0.0299418604651163 959.574772543021
0.03 959.21478677268
0.0300581395348837 958.849473576559
0.0301162790697674 958.478816633555
0.0301744186046512 958.102800830762
0.0302325581395349 957.721412269433
0.0302906976744186 957.334638269932
0.0303488372093023 956.942467375659
0.030406976744186 956.544889355942
0.0304651162790698 956.141895207904
0.0305232558139535 955.73347715728
0.0305813953488372 955.319628658214
0.0306395348837209 954.900344391996
0.0306976744186047 954.475620264773
0.0307558139534884 954.045453404224
0.0308139534883721 953.609842155199
0.0308720930232558 953.168786074327
0.0309302325581395 952.722285923612
0.0309883720930233 952.27034366301
0.031046511627907 951.812962441999
0.0311046511627907 951.350146590161
0.0311627906976744 950.881901606773
0.0312209302325581 950.408234149438
0.0312790697674419 949.929152021745
0.0313372093023256 949.444664160006
0.0313953488372093 948.954780619049
0.031453488372093 948.45951255712
0.0315116279069768 947.958872219881
0.0315697674418605 947.452872923552
0.0316279069767442 946.941529037193
0.0316860465116279 946.424855964166
0.0317441860465116 945.902870122787
0.0318023255813953 945.375588926201
0.0318604651162791 944.843030761495
0.0319186046511628 944.305214968083
0.0319767441860465 943.762161815382
0.0320348837209302 943.213892479813
0.032093023255814 942.660429021144
0.0321511627906977 942.101794358211
0.0322093023255814 941.538012244046
0.0322674418604651 940.969107240436
0.0323255813953488 940.395104691944
0.0323837209302326 939.816030699425
0.0324418604651163 939.231912093066
0.0325 938.642776404978
0.0325581395348837 938.048651841372
0.0326162790697674 937.449567254357
0.0326744186046512 936.84555211338
0.0327325581395349 936.236636476349
0.0327906976744186 935.622850960462
0.0328488372093023 935.004226712785
0.032906976744186 934.380795380599
0.0329651162790698 933.752589081554
0.0330232558139535 933.119640373662
0.0330813953488372 932.481982225155
0.0331395348837209 931.839647984242
0.0331976744186047 931.192671348799
0.0332558139534884 930.541086336018
0.0333139534883721 929.884927252043
0.0333720930232558 929.224228661628
0.0334302325581395 928.559025357845
0.0334883720930233 927.889352331869
0.033546511627907 927.215244742866
0.0336046511627907 926.536737888015
0.0336627906976744 925.853867172694
0.0337209302325581 925.16666808085
0.0337790697674419 924.475176145574
0.0338372093023256 923.779426919925
0.0338953488372093 923.079455948009
0.033953488372093 922.375298736338
0.0340116279069767 921.666990725506
0.0340697674418605 920.954567262185
0.0341279069767442 920.238063571473
0.0341860465116279 919.517514729619
0.0342441860465116 918.792955637122
0.0343023255813954 918.064420992253
0.0343604651162791 917.331945264993
0.0344186046511628 916.595562671415
0.0344767441860465 915.855307148517
0.0345348837209302 915.111212329537
0.034593023255814 914.363311519744
0.0346511627906977 913.61163767273
0.0347093023255814 912.856223367207
0.0347674418604651 912.097100784334
0.0348255813953488 911.334301685562
0.0348837209302326 910.567857391021
0.0349418604651163 909.797798758459
0.035 909.024156162726
0.0350581395348837 908.246959475821
0.0351162790697674 907.4662380475
0.0351744186046512 906.682020686458
0.0352325581395349 905.894335642072
0.0352906976744186 905.103210586724
0.0353488372093023 904.308672598696
0.035406976744186 903.51074814564
0.0354651162790698 902.709463068621
0.0355232558139535 901.904842566728
0.0355813953488372 901.096911182266
0.0356395348837209 900.285692786503
0.0356976744186047 899.471210565988
0.0357558139534884 898.653487009421
0.0358139534883721 897.832543895084
0.0358720930232558 897.008402278806
0.0359302325581395 896.181082482485
0.0359883720930233 895.350604083123
0.036046511627907 894.516985902397
0.0361046511627907 893.680245996743
0.0361627906976744 892.84040164794
0.0362209302325581 891.997469354195
0.0362790697674419 891.151464821705
0.0363372093023256 890.3024029567
0.0363953488372093 889.450297857939
0.036453488372093 888.595162809659
0.0365116279069767 887.73701027496
0.0365697674418605 886.875851889607
0.0366279069767442 886.011698456248
0.0366860465116279 885.144559939022
0.0367441860465116 884.274445458545
0.0368023255813954 883.401363287268
0.0368604651162791 882.525320845179
0.0369186046511628 881.646324695839
0.0369767441860465 880.764380542747
0.0370348837209302 879.879493225989
0.037093023255814 878.991666719196
0.0371511627906977 878.100904126753
0.0372093023255814 877.207207681274
0.0372674418604651 876.310578741306
0.0373255813953488 875.411017789259
0.0373837209302326 874.508524429534
0.0374418604651163 873.60309738684
0.0375 872.694734504675
0.0375581395348837 871.783432743965
0.0376162790697674 870.869188181829
0.0376744186046512 869.951996010465
0.0377325581395349 869.031850536134
0.0377906976744186 868.108745178223
0.0378488372093023 867.182672468374
0.037906976744186 866.253624049659
0.0379651162790698 865.321590675779
0.0380232558139535 864.386562210287
0.0380813953488372 863.448527625787
0.0381395348837209 862.507475003125
0.0381976744186047 861.56339153053
0.0382558139534884 860.616263502699
0.0383139534883721 859.666076319812
0.0383720930232558 858.712814486443
0.0384302325581395 857.756461610375
0.0384883720930233 856.797000401279
0.038546511627907 855.834412669247
0.0386046511627907 854.86867932318
0.0386627906976744 853.899780368977
0.0387209302325581 852.927694907547
0.0387790697674419 851.952401132601
0.0388372093023256 850.973876328221
0.0388953488372093 849.992096866176
0.038953488372093 849.007038202993
0.0390116279069767 848.018674876731
0.0390697674418605 847.026980503472
0.0391279069767442 846.031927773501
0.0391860465116279 845.033488447151
0.0392441860465116 844.031633350311
0.0393023255813953 843.026332369569
0.0393604651162791 842.017554446973
0.0394186046511628 841.005267574407
0.0394767441860465 839.989438787543
0.0395348837209302 838.970034159371
0.039593023255814 837.947018793282
0.0396511627906977 836.920356815681
0.0397093023255814 835.890011368127
0.0397674418604651 834.855944598965
0.0398255813953488 833.818117654444
0.0398837209302326 832.776490669298
0.0399418604651163 831.731022756773
0.04 830.681671998078
0.0400581395348837 829.628395431243
0.0401162790697674 828.571149039364
0.0401744186046512 827.509887738214
0.0402325581395349 826.444565363199
0.0402906976744186 825.37513465564
0.0403488372093023 824.301547248356
0.0404069767441861 823.223753650524
0.0404651162790698 822.141703231804
0.0405232558139535 821.05534420569
0.0405813953488372 819.964623612069
0.0406395348837209 818.869487298969
0.0406976744186047 817.76987990346
0.0407558139534884 816.665744831685
0.0408139534883721 815.557024237994
0.0408720930232558 814.443659003148
0.0409302325581395 813.325588711569
0.0409883720930233 812.202751627601
0.041046511627907 811.075084670742
0.0411046511627907 809.942523389833
0.0411627906976744 808.805001936143
0.0412209302325581 807.662453035335
0.0412790697674419 806.514807958259
0.0413372093023256 805.361996490547
0.0413953488372093 804.203946900949
0.041453488372093 803.040585908384
0.0415116279069767 801.87183864765
0.0415697674418605 800.69762863375
0.0416279069767442 799.517877724778
0.0416860465116279 798.332506083318
0.0417441860465116 797.141432136302
0.0418023255813953 795.944572533263
0.0418604651162791 794.741842102924
0.0419186046511628 793.533153808071
0.0419767441860465 792.318418698618
0.0420348837209302 791.097545862828
0.042093023255814 789.870442376586
0.0421511627906977 788.637013250663
0.0422093023255814 787.397161375887
0.0422674418604651 786.150787466134
0.0423255813953488 784.897789999049
0.0423837209302326 783.638065154407
0.0424418604651163 782.371506750009
0.0425 781.098006175004
0.0425581395348837 779.81745232055
0.0426162790697674 778.529731507659
0.0426744186046512 777.234727412141
0.0427325581395349 775.932320986497
0.0427906976744186 774.622390378624
0.0428488372093023 773.304810847199
0.0429069767441861 771.979454673582
0.0429651162790698 770.64619107008
0.0430232558139535 769.304886084395
0.0430813953488372 767.955402500091
0.0431395348837209 766.597599732876
0.0431976744186047 765.231333722504
0.0432558139534884 763.856456820084
0.0433139534883721 762.472817670575
0.0433720930232558 761.080261090212
0.0434302325581395 759.678627938632
0.0434883720930233 758.26775498542
0.043546511627907 756.847474770783
0.0436046511627907 755.417615460068
0.0436627906976744 753.978000691788
0.0437209302325581 752.528449418824
0.0437790697674419 751.068775742428
0.0438372093023256 749.598788738666
0.0438953488372093 748.118292276858
0.043953488372093 746.627084829612
0.0440116279069767 745.124959273957
0.0440697674418605 743.611702683104
0.0441279069767442 742.087096108287
0.0441860465116279 740.550914350135
0.0442441860465116 739.002925718965
0.0443023255813954 737.44289178335
0.0443604651162791 735.870567106282
0.0444186046511628 734.285698968197
0.0444767441860465 732.688027076056
0.0445348837209302 731.077283257664
0.044593023255814 729.453191140307
0.0446511627906977 727.815465812745
0.0447093023255814 726.163813469514
0.0447674418604651 724.497931036437
0.0448255813953488 722.817505776123
0.0448837209302326 721.122214872177
0.0449418604651163 719.411724990731
0.045 717.685691817796
0.0450581395348837 715.943759570826
0.0451162790697674 714.185560482745
0.0451744186046512 712.410714256579
0.0452325581395349 710.618827488636
0.0452906976744186 708.809493058062
0.0453488372093023 706.982289480376
0.045406976744186 705.136780222427
0.0454651162790698 703.272512975964
0.0455232558139535 701.389018886799
0.0455813953488372 699.485811736254
0.0456395348837209 697.562387071323
0.0456976744186047 695.618221279639
0.0457558139534884 693.652770604986
0.0458139534883721 691.665470098732
0.0458720930232558 689.655732502096
0.0459302325581395 687.622947053712
0.0459883720930233 685.566478216431
0.046046511627907 683.485664316685
0.0461046511627907 681.379816089134
0.0461627906976744 679.248215118559
0.0462209302325581 677.090112170186
0.0462790697674419 674.904725398697
0.0463372093023256 672.691238425228
0.0463953488372093 670.448798270466
0.046453488372093 668.176513130769
0.0465116279069767 665.873449982757
0.0465697674418605 663.538632000251
0.0466279069767442 661.171035765667
0.0466860465116279 658.769588255885
0.0467441860465116 656.333163580379
0.0468023255813954 653.86057944675
0.0468604651162791 651.350593325868
0.0469186046511628 648.801898285455
0.0469767441860465 646.213118457106
0.0470348837209302 643.582804097369
0.047093023255814 640.909426198434
0.0471511627906977 638.191370598276
0.0472093023255814 635.426931533361
0.0472674418604651 632.614304569427
0.0473255813953488 629.751578836908
0.0473837209302326 626.836728487291
0.0474418604651163 623.867603274666
0.0475 620.841918152763
0.0475581395348837 617.757241761317
0.0476162790697674 614.610983656384
0.0476744186046512 611.400380116489
0.0477325581395349 608.122478329673
0.0477906976744186 604.774118734642
0.0478488372093023 601.351915251234
0.0479069767441861 597.852233090098
0.0479651162790698 594.271163776894
0.0480232558139535 590.604496960677
0.0480813953488372 586.847688496421
0.0481395348837209 582.995824194761
0.0481976744186047 579.043578513448
0.0482558139534884 574.985167319198
0.0483139534883721 570.814293668377
0.0483720930232558 566.52408533072
0.0484302325581395 562.10702249978
0.0484883720930233 557.554853780437
0.048546511627907 552.858498095708
0.0486046511627907 548.007929582713
0.0486627906976744 542.992041810652
0.0487209302325581 537.798486697032
0.0487790697674419 532.413482245394
0.0488372093023256 526.821581571266
0.0488953488372093 521.005393470357
0.048953488372093 514.945241795146
0.0490116279069767 508.618746823185
0.0490697674418605 502.000306149907
0.0491279069767442 495.060444708691
0.0491860465116279 487.764992222463
0.0492441860465116 480.074030023733
0.0493023255813954 471.940525033819
0.0493604651162791 463.308532344955
0.0494186046511628 454.110791898027
0.0494767441860465 444.265456438618
0.0495348837209302 433.671544570028
0.049593023255814 422.202472429241
0.0496511627906977 409.696599758722
0.0497093023255814 395.942968498976
0.0497674418604651 380.658968144068
0.0498255813953488 363.453743462704
0.0498837209302326 343.764824198321
0.0499418604651163 320.740429805191
0.05 293
