0 975.887203924296
5.61797752808989e-05 975.887203924296
0.000112359550561798 975.887203924296
0.000168539325842697 975.887203924296
0.000224719101123596 975.887203924296
0.000280898876404494 975.887203924296
0.000337078651685393 975.887203924296
0.000393258426966292 975.887203924296
0.000449438202247191 975.887203924296
0.00050561797752809 975.887203924296
0.000561797752808989 975.887203924296
0.000617977528089888 975.887203924296
0.000674157303370787 975.887203924296
0.000730337078651685 975.887203924295
0.000786516853932584 975.887203924295
0.000842696629213483 975.887203924295
0.000898876404494382 975.887203924295
0.000955056179775281 975.887203924294
0.00101123595505618 975.887203924294
0.00106741573033708 975.887203924294
0.00112359550561798 975.887203924294
0.00117977528089888 975.887203924294
0.00123595505617978 975.887203924294
0.00129213483146067 975.887203924294
0.00134831460674157 975.887203924295
0.00140449438202247 975.887203924295
0.00146067415730337 975.887203924295
0.00151685393258427 975.887203924295
0.00157303370786517 975.887203924296
0.00162921348314607 975.887203924296
0.00168539325842697 975.887203924296
0.00174157303370787 975.887203924296
0.00179775280898876 975.887203924297
0.00185393258426966 975.887203924297
0.00191011235955056 975.887203924297
0.00196629213483146 975.887203924297
0.00202247191011236 975.887203924297
0.00207865168539326 975.887203924297
0.00213483146067416 975.887203924296
0.00219101123595506 975.887203924296
0.00224719101123596 975.887203924296
0.00230337078651685 975.887203924296
0.00235955056179775 975.887203924296
0.00241573033707865 975.887203924296
0.00247191011235955 975.887203924296
0.00252808988764045 975.887203924295
0.00258426966292135 975.887203924295
0.00264044943820225 975.887203924295
0.00269662921348315 975.887203924295
0.00275280898876405 975.887203924295
0.00280898876404494 975.887203924295
0.00286516853932584 975.887203924294
0.00292134831460674 975.887203924294
0.00297752808988764 975.887203924293
0.00303370786516854 975.887203924293
0.00308988764044944 975.887203924293
0.00314606741573034 975.887203924292
0.00320224719101124 975.887203924292
0.00325842696629213 975.887203924291
0.00331460674157303 975.887203924291
0.00337078651685393 975.88720392429
0.00342696629213483 975.88720392429
0.00348314606741573 975.887203924289
0.00353932584269663 975.887203924289
0.00359550561797753 975.887203924288
0.00365168539325843 975.887203924288
0.00370786516853933 975.887203924287
0.00376404494382022 975.887203924286
0.00382022471910112 975.887203924285
0.00387640449438202 975.887203924284
0.00393258426966292 975.887203924284
0.00398876404494382 975.887203924283
0.00404494382022472 975.887203924282
0.00410112359550562 975.887203924282
0.00415730337078652 975.887203924281
0.00421348314606742 975.88720392428
0.00426966292134831 975.887203924279
0.00432584269662921 975.887203924279
0.00438202247191011 975.887203924278
0.00443820224719101 975.887203924277
0.00449438202247191 975.887203924277
0.00455056179775281 975.887203924276
0.00460674157303371 975.887203924275
0.00466292134831461 975.887203924275
0.00471910112359551 975.887203924274
0.0047752808988764 975.887203924273
0.0048314606741573 975.887203924273
0.0048876404494382 975.887203924272
0.0049438202247191 975.887203924271
0.005 975.88720392427
0.0050561797752809 975.887203924268
0.0051123595505618 975.887203924267
0.0051685393258427 975.887203924266
0.0052247191011236 975.887203924264
0.00528089887640449 975.887203924263
0.00533707865168539 975.887203924261
0.00539325842696629 975.887203924259
0.00544943820224719 975.887203924257
0.00550561797752809 975.887203924255
0.00556179775280899 975.887203924253
0.00561797752808989 975.887203924251
0.00567415730337079 975.887203924248
0.00573033707865169 975.887203924245
0.00578651685393258 975.887203924242
0.00584269662921348 975.887203924238
0.00589887640449438 975.887203924235
0.00595505617977528 975.887203924231
0.00601123595505618 975.887203924227
0.00606741573033708 975.887203924222
0.00612359550561798 975.887203924217
0.00617977528089888 975.887203924212
0.00623595505617978 975.887203924206
0.00629213483146068 975.887203924199
0.00634831460674157 975.887203924192
0.00640449438202247 975.887203924185
0.00646067415730337 975.887203924176
0.00651685393258427 975.887203924167
0.00657303370786517 975.887203924157
0.00662921348314607 975.887203924146
0.00668539325842697 975.887203924134
0.00674157303370787 975.887203924121
0.00679775280898876 975.887203924107
0.00685393258426966 975.887203924091
0.00691011235955056 975.887203924075
0.00696629213483146 975.887203924056
0.00702247191011236 975.887203924036
0.00707865168539326 975.887203924014
0.00713483146067416 975.88720392399
0.00719101123595506 975.887203923963
0.00724719101123596 975.887203923933
0.00730337078651685 975.8872039239
0.00735955056179775 975.887203923864
0.00741573033707865 975.887203923824
0.00747191011235955 975.887203923779
0.00752808988764045 975.88720392373
0.00758426966292135 975.887203923677
0.00764044943820225 975.887203923617
0.00769662921348315 975.887203923552
0.00775280898876405 975.887203923479
0.00780898876404494 975.887203923398
0.00786516853932584 975.88720392331
0.00792134831460674 975.887203923211
0.00797752808988764 975.887203923103
0.00803370786516854 975.887203922983
0.00808988764044944 975.88720392285
0.00814606741573034 975.887203922703
0.00820224719101124 975.887203922541
0.00825842696629213 975.887203922362
0.00831460674157303 975.887203922164
0.00837078651685393 975.887203921945
0.00842696629213483 975.887203921704
0.00848314606741573 975.887203921438
0.00853932584269663 975.887203921144
0.00859550561797753 975.887203920819
0.00865168539325843 975.88720392046
0.00870786516853933 975.887203920065
0.00876404494382023 975.887203919628
0.00882022471910112 975.887203919146
0.00887640449438202 975.887203918614
0.00893258426966292 975.887203918028
0.00898876404494382 975.887203917382
0.00904494382022472 975.88720391667
0.00910112359550562 975.887203915886
0.00915730337078652 975.887203915021
0.00921348314606741 975.887203914069
0.00926966292134832 975.887203913021
0.00932584269662921 975.887203911867
0.00938202247191011 975.887203910596
0.00943820224719101 975.887203909199
0.00949438202247191 975.887203907661
0.00955056179775281 975.88720390597
0.00960674157303371 975.887203904111
0.00966292134831461 975.887203902066
0.00971910112359551 975.887203899819
0.0097752808988764 975.887203897349
0.0098314606741573 975.887203894636
0.0098876404494382 975.887203891655
0.0099438202247191 975.887203888382
0.01 975.887203884788
0.0100561797752809 975.887203880843
0.0101123595505618 975.887203876514
0.0101685393258427 975.887203871766
0.0102247191011236 975.887203866558
0.0102808988764045 975.887203860847
0.0103370786516854 975.887203854586
0.0103932584269663 975.887203847724
0.0104494382022472 975.887203840204
0.0105056179775281 975.887203831967
0.010561797752809 975.887203822945
0.0106179775280899 975.887203813066
0.0106741573033708 975.887203802252
0.0107303370786517 975.887203790417
0.0107865168539326 975.887203777467
0.0108426966292135 975.887203763301
0.0108988764044944 975.887203747809
0.0109550561797753 975.88720373087
0.0110112359550562 975.887203712354
0.0110674157303371 975.88720369212
0.011123595505618 975.887203670012
0.0111797752808989 975.887203645863
0.0112359550561798 975.887203619492
0.0112921348314607 975.887203590701
0.0113483146067416 975.887203559275
0.0114044943820225 975.887203524982
0.0114606741573034 975.88720348757
0.0115168539325843 975.887203446764
0.0115730337078652 975.887203402267
0.0116292134831461 975.887203353757
0.011685393258427 975.887203300886
0.0117415730337079 975.887203243276
0.0117977528089888 975.887203180516
0.0118539325842697 975.887203112164
0.0119101123595506 975.887203037739
0.0119662921348315 975.887202956721
0.0120224719101124 975.887202868548
0.0120786516853933 975.88720277261
0.0121348314606742 975.887202668251
0.0121910112359551 975.887202554757
0.012247191011236 975.887202431359
0.0123033707865169 975.887202297227
0.0123595505617978 975.887202151461
0.0124157303370787 975.88720199309
0.0124719101123596 975.887201821068
0.0125280898876405 975.887201634262
0.0125842696629214 975.887201431451
0.0126404494382022 975.887201211317
0.0126966292134831 975.887200972439
0.012752808988764 975.887200713282
0.0128089887640449 975.887200432196
0.0128651685393258 975.887200127395
0.0129213483146067 975.887199796962
0.0129775280898876 975.887199438827
0.0130337078651685 975.887199050761
0.0130898876404494 975.887198630365
0.0131460674157303 975.887198175056
0.0132022471910112 975.887197682053
0.0132584269662921 975.887197148366
0.013314606741573 975.887196570776
0.0133707865168539 975.887195945823
0.0134269662921348 975.887195269787
0.0134831460674157 975.887194538668
0.0135393258426966 975.88719374817
0.0135955056179775 975.887192893677
0.0136516853932584 975.88719197023
0.0137078651685393 975.887190972508
0.0137640449438202 975.887189894794
0.0138202247191011 975.887188730958
0.013876404494382 975.887187474419
0.0139325842696629 975.887186118121
0.0139887640449438 975.887184654498
0.0140449438202247 975.887183075435
0.0141011235955056 975.887181372241
0.0141573033707865 975.887179535597
0.0142134831460674 975.887177555526
0.0142696629213483 975.88717542134
0.0143258426966292 975.887173121598
0.0143820224719101 975.887170644053
0.014438202247191 975.887167975601
0.0144943820224719 975.887165102222
0.0145505617977528 975.887162008921
0.0146067415730337 975.887158679667
0.0146629213483146 975.887155097323
0.0147191011235955 975.887151243573
0.0147752808988764 975.887147098852
0.0148314606741573 975.887142642258
0.0148876404494382 975.887137851475
0.0149438202247191 975.887132702678
0.015 975.887127170439
0.0150561797752809 975.887121227626
0.0151123595505618 975.8871148453
0.0151685393258427 975.887107992596
0.0152247191011236 975.887100636609
0.0152808988764045 975.887092742267
0.0153370786516854 975.887084272197
0.0153932584269663 975.887075186585
0.0154494382022472 975.88706544303
0.0155056179775281 975.887054996384
0.015561797752809 975.887043798587
0.0156179775280899 975.887031798499
0.0156741573033708 975.887018941707
0.0157303370786517 975.887005170339
0.0157865168539326 975.886990422856
0.0158426966292135 975.88697463384
0.0158988764044944 975.886957733763
0.0159550561797753 975.886939648755
0.0160112359550562 975.886920300348
0.0160674157303371 975.886899605212
0.016123595505618 975.886877474883
0.0161797752808989 975.886853815465
0.0162359550561798 975.886828527327
0.0162921348314607 975.886801504775
0.0163483146067416 975.886772635723
0.0164044943820225 975.886741801326
0.0164606741573034 975.886708875615
0.0165168539325843 975.886673725102
0.0165730337078652 975.886636208366
0.0166292134831461 975.886596175625
0.016685393258427 975.886553468284
0.0167415730337079 975.886507918461
0.0167977528089888 975.886459348485
0.0168539325842697 975.886407570384
0.0169101123595506 975.886352385333
0.0169662921348315 975.886293583088
0.0170224719101124 975.886230941387
0.0170786516853933 975.886164225329
0.0171348314606742 975.886093186716
0.0171910112359551 975.886017563373
0.017247191011236 975.885937078439
0.0173033707865169 975.885851439614
0.0173595505617978 975.885760338386
0.0174157303370787 975.885663449219
0.0174719101123596 975.885560428703
0.0175280898876405 975.885450914669
0.0175842696629213 975.885334525272
0.0176404494382022 975.885210858023
0.0176966292134831 975.885079488789
0.017752808988764 975.884939970752
0.0178089887640449 975.884791833316
0.0178651685393258 975.88463458098
0.0179213483146067 975.884467692158
0.0179775280898876 975.884290617951
0.0180337078651685 975.884102780878
0.0180898876404494 975.883903573543
0.0181460674157303 975.883692357264
0.0182022471910112 975.883468460639
0.0182584269662921 975.883231178062
0.018314606741573 975.882979768177
0.0183707865168539 975.882713452282
0.0184269662921348 975.882431412663
0.0184831460674157 975.882132790874
0.0185393258426966 975.881816685955
0.0185955056179775 975.881482152576
0.0186516853932584 975.881128199123
0.0187078651685393 975.880753785717
0.0187640449438202 975.880357822155
0.0188202247191011 975.879939165786
0.018876404494382 975.879496619317
0.0189325842696629 975.879028928536
0.0189887640449438 975.878534779965
0.0190449438202247 975.878012798434
0.0191011235955056 975.877461544575
0.0191573033707865 975.876879512235
0.0192134831460674 975.876265125807
0.0192696629213483 975.875616737478
0.0193258426966292 975.874932624392
0.0193820224719101 975.874210985718
0.019438202247191 975.873449939646
0.0194943820224719 975.872647520275
0.0195505617977528 975.871801674424
0.0196067415730337 975.870910258342
0.0196629213483146 975.869971034327
0.0197191011235955 975.868981667253
0.0197752808988764 975.867939720995
0.0198314606741573 975.866842654762
0.0198876404494382 975.865687819332
0.0199438202247191 975.864472453182
0.02 975.863193678525
0.0200561797752809 975.861848497243
0.0201123595505618 975.86043378672
0.0201685393258427 975.85894629557
0.0202247191011236 975.857382639269
0.0202808988764045 975.855739295676
0.0203370786516854 975.854012600459
0.0203932584269663 975.852198742414
0.0204494382022472 975.850293758677
0.0205056179775281 975.848293529843
0.020561797752809 975.846193774972
0.0206179775280899 975.843990046502
0.0206741573033708 975.841677725047
0.0207303370786517 975.83925201411
0.0207865168539326 975.836707934685
0.0208426966292135 975.834040319761
0.0208988764044944 975.831243808729
0.0209550561797753 975.828312841697
0.0210112359550562 975.825241653698
0.0210674157303371 975.822024268817
0.021123595505618 975.81865449422
0.0211797752808989 975.815125914093
0.0212359550561798 975.811431883494
0.0212921348314607 975.807565522124
0.0213483146067416 975.803519708011
0.0214044943820225 975.799287071118
0.0214606741573034 975.794859986873
0.0215168539325843 975.790230569627
0.0215730337078652 975.785390666042
0.0216292134831461 975.780331848419
0.021685393258427 975.775045407955
0.0217415730337079 975.769522347952
0.0217977528089888 975.763753376968
0.0218539325842697 975.757728901923
0.0219101123595506 975.751439021162
0.0219662921348315 975.74487351748
0.0220224719101124 975.738021851114
0.0220786516853933 975.730873152714
0.0221348314606742 975.723416216282
0.0221910112359551 975.715639492113
0.022247191011236 975.707531079716
0.0223033707865169 975.699078720741
0.0223595505617978 975.69026979191
0.0224157303370787 975.681091297956
0.0224719101123595 975.671529864598
0.0225280898876404 975.661571731528
0.0225842696629214 975.651202745445
0.0226404494382022 975.640408353131
0.0226966292134831 975.62917359458
0.022752808988764 975.617483096186
0.0228089887640449 975.605321064013
0.0228651685393258 975.592671277128
0.0229213483146067 975.579517081039
0.0229775280898876 975.565841381223
0.0230337078651685 975.551626636762
0.0230898876404494 975.536854854107
0.0231460674157303 975.521507580956
0.0232022471910112 975.505565900281
0.0232584269662921 975.489010424504
0.023314606741573 975.471821289825
0.0233707865168539 975.45397815073
0.0234269662921348 975.435460174671
0.0234831460674157 975.416246036946
0.0235393258426966 975.396313915776
0.0235955056179775 975.3756414876
0.0236516853932584 975.354205922594
0.0237078651685393 975.331983880427
0.0237640449438202 975.308951506261
0.0238202247191011 975.285084427018
0.023876404494382 975.260357747914
0.0239325842696629 975.234746049268
0.0239887640449438 975.208223383618
0.0240449438202247 975.180763273126
0.0241011235955056 975.152338707315
0.0241573033707865 975.122922141116
0.0242134831460674 975.092485493265
0.0242696629213483 975.061000145043
0.0243258426966292 975.02843693938
0.0243820224719101 974.994766180322
0.024438202247191 974.959957632884
0.0244943820224719 974.923980523295
0.0245505617977528 974.886803539637
0.0246067415730337 974.848394832901
0.0246629213483146 974.808722018463
0.0247191011235955 974.767752177984
0.0247752808988764 974.725451861751
0.0248314606741573 974.681787091473
0.0248876404494382 974.636723363516
0.0249438202247191 974.590225652618
0.025 974.542258416062
0.0250561797752809 974.492785598336
0.0251123595505618 974.441770636272
0.0251685393258427 974.38917646468
0.0252247191011236 974.334965522472
0.0252808988764045 974.2790997593
0.0253370786516854 974.221540642689
0.0253932584269663 974.162249165686
0.0254494382022472 974.101185855025
0.0255056179775281 974.038310779809
0.025561797752809 973.973583560713
0.0256179775280899 973.90696337971
0.0256741573033708 973.838408990315
0.0257303370786517 973.767878728371
0.0257865168539326 973.695330523336
0.0258426966292135 973.620721910116
0.0258988764044944 973.544010041408
0.0259550561797753 973.465151700568
0.0260112359550562 973.384103315003
0.0260674157303371 973.300820970068
0.026123595505618 973.215260423488
0.0261797752808989 973.127377120273
0.0262359550561798 973.037126208144
0.0262921348314607 972.944462553452
0.0263483146067416 972.849340757585
0.0264044943820225 972.751715173852
0.0264606741573034 972.651539924848
0.0265168539325843 972.548768920274
0.0265730337078652 972.443355875215
0.0266292134831461 972.335254328858
0.026685393258427 972.224417663645
0.0267415730337079 972.110799124842
0.0267977528089888 971.994351840517
0.0268539325842697 971.875028841908
0.0269101123595506 971.752783084173
0.0269662921348315 971.627567467504
0.0270224719101124 971.499334858586
0.0270786516853933 971.368038112388
0.0271348314606742 971.233630094277
0.0271910112359551 971.096063702415
0.027247191011236 970.955291890449
0.0273033707865169 970.811267690454
0.0273595505617978 970.663944236116
0.0274157303370787 970.513274786136
0.0274719101123596 970.359212747843
0.0275280898876405 970.201711700968
0.0275842696629213 970.040725421593
0.0276404494382022 969.876207906227
0.0276966292134831 969.708113395991
0.027752808988764 969.536396400899
0.0278089887640449 969.361011724203
0.0278651685393258 969.181914486778
0.0279213483146067 968.99906015153
0.0279775280898876 968.812404547792
0.0280337078651685 968.621903895693
0.0280898876404494 968.427514830469
0.0281460674157303 968.229194426696
0.0282022471910112 968.026900222412
0.0282584269662921 967.82059024311
0.028314606741573 967.610223025576
0.0283707865168539 967.395757641539
0.0284269662921348 967.177153721116
0.0284831460674157 966.95437147602
0.0285393258426966 966.727371722514
0.0285955056179775 966.496115904073
0.0286516853932584 966.260566113738
0.0287078651685393 966.020685116139
0.0287640449438202 965.776436369148
0.0288202247191011 965.527784045156
0.028876404494382 965.274693051934
0.0289325842696629 965.017129053064
0.0289887640449438 964.75505848791
0.0290449438202247 964.488448591109
0.0291011235955056 964.217267411559
0.0291573033707865 963.941483830878
0.0292134831460674 963.661067581319
0.0292696629213483 963.375989263113
0.0293258426966292 963.08622036122
0.0293820224719101 962.791733261473
0.029438202247191 962.492501266091
0.0294943820224719 962.188498608539
0.0295505617977528 961.879700467726
0.0296067415730337 961.566082981519
0.0296629213483146 961.24762325955
0.0297191011235955 960.924299395309
0.0297752808988764 960.596090477507
0.0298314606741573 960.262976600693
0.0298876404494382 959.924938875102
0.0299438202247191 959.581959435745
0.03 959.234021450707
0.0300561797752809 958.881109128648
0.0301123595505618 958.52320772551
0.0301685393258427 958.160303550403
0.0302247191011236 957.792383970672
0.0302808988764045 957.419437416142
0.0303370786516854 957.041453382525
0.0303932584269663 956.658422433989
0.0304494382022472 956.270336204892
0.0305056179775281 955.877187400669
0.030561797752809 955.478969797866
0.0306179775280899 955.075678243345
0.0306741573033708 954.667308652623
0.0307303370786517 954.253858007387
0.0307865168539326 953.835324352149
0.0308426966292135 953.411706790077
0.0308988764044944 952.983005477985
0.0309550561797753 952.549221620493
0.0310112359550562 952.110357463374
0.0310674157303371 951.666416286079
0.031123595505618 951.217402393457
0.0311797752808989 950.763321106684
0.0312359550561798 950.304178753399
0.0312921348314607 949.83998265707
0.0313483146067416 949.370741125597
0.0314044943820225 948.896463439165
0.0314606741573034 948.417159837359
0.0315168539325843 947.93284150556
0.0315730337078652 947.443520560638
0.0316292134831461 946.949210035954
0.031685393258427 946.449923865686
0.0317415730337079 945.945676868509
0.0317977528089888 945.436484730631
0.0318539325842697 944.92236398822
0.0319101123595506 944.403332009227
0.0319662921348315 943.879406974638
0.0320224719101124 943.350607859167
0.0320786516853933 942.816954411416
0.0321348314606742 942.278467133526
0.0321910112359551 941.735167260329
0.032247191011236 941.187076738045
0.0323033707865169 940.634218202524
0.0323595505617978 940.076614957076
0.0324157303370787 939.514290949896
0.0324719101123596 938.94727075113
0.0325280898876405 938.375579529573
0.0325842696629213 937.799243029063
0.0326404494382022 937.218287544563
0.0326966292134831 936.632739897973
0.032752808988764 936.042627413695
0.0328089887640449 935.447977893966
0.0328651685393258 934.848819593999
0.0329213483146067 934.245181196946
0.0329775280898876 933.637091788705
0.0330337078651685 933.024580832617
0.0330898876404494 932.40767814404
0.0331460674157303 931.786413864868
0.0332022471910112 931.160818437981
0.0332584269662921 930.530922581673
0.033314606741573 929.896757264077
0.0333707865168539 929.258353677602
0.0334269662921348 928.615743213413
0.0334831460674157 927.96895743598
0.0335393258426966 927.3180280577
0.0335955056179775 926.66298691364
0.0336516853932584 926.0038659364
0.0337078651685393 925.340697131124
0.0337640449438202 924.673512550689
0.0338202247191011 924.002344271071
0.033876404494382 923.327224366931
0.0339325842696629 922.648184887417
0.0339887640449438 921.965257832222
0.0340449438202247 921.278475127889
0.0341011235955056 920.587868604414
0.0341573033707865 919.893469972122
0.0342134831460674 919.195310798874
0.0342696629213483 918.493422487582
0.0343258426966292 917.787836254074
0.0343820224719101 917.078583105304
0.034438202247191 916.365693817931
0.0344943820224719 915.649198917275
0.0345505617977528 914.929128656658
0.0346067415730337 914.205512997143
0.0346629213483146 913.478381587682
0.0347191011235955 912.747763745687
0.0347752808988764 912.013688438013
0.0348314606741573 911.276184262387
0.0348876404494382 910.535279429266
0.0349438202247191 909.791001744148
0.035 909.043378590329
0.0350561797752809 908.292436912116
0.0351123595505618 907.538203198504
0.0351685393258427 906.780703467305
0.0352247191011236 906.01996324975
0.0352808988764045 905.256007575555
0.0353370786516854 904.488860958454
0.0353932584269663 903.718547382199
0.0354494382022472 902.945090287026
0.0355056179775281 902.168512556591
0.035561797752809 901.388836505367
0.0356179775280899 900.606083866504
0.0356741573033708 899.820275780149
0.0357303370786517 899.031432782224
0.0357865168539326 898.23957479365
0.0358426966292135 897.444721110021
0.0358988764044944 896.646890391724
0.0359550561797753 895.846100654486
0.0360112359550562 895.042369260361
0.0360674157303371 894.235712909129
0.036123595505618 893.426147630121
0.0361797752808989 892.613688774447
0.0362359550561798 891.79835100762
0.0362921348314607 890.980148302579
0.0363483146067416 890.159093933088
0.0364044943820225 889.335200467511
0.0364606741573034 888.508479762946
0.0365168539325843 887.678942959715
0.0365730337078652 886.846600476197
0.0366292134831461 886.011462003988
0.036685393258427 885.173536503381
0.0367415730337079 884.332832199162
0.0367977528089888 883.489356576693
0.0368539325842697 882.64311637829
0.0369101123595506 881.794117599861
0.0369662921348315 880.942365487823
0.0370224719101124 880.087864536246
0.0370786516853933 879.23061848425
0.0371348314606742 878.370630313615
0.0371910112359551 877.5079022466
0.037247191011236 876.642435743961
0.0373033707865169 875.774231503156
0.0373595505617978 874.903289456707
0.0374157303370787 874.029608770733
0.0374719101123596 873.153187843614
0.0375280898876404 872.274024304788
0.0375842696629214 871.392115013665
0.0376404494382022 870.50745605864
0.0376966292134832 869.620042756191
0.037752808988764 868.72986965006
0.0378089887640449 867.836930510484
0.0378651685393258 866.941218333476
0.0379213483146067 866.042725340142
0.0379775280898876 865.141442976015
0.0380337078651685 864.23736191039
0.0380898876404494 863.330472035656
0.0381460674157303 862.420762466604
0.0382022471910112 861.508221539698
0.0382584269662921 860.592836812299
0.038314606741573 859.674595061824
0.0383707865168539 858.753482284828
0.0384269662921348 857.829483696001
0.0384831460674157 856.902583727053
0.0385393258426966 855.972766025492
0.0385955056179775 855.040013453266
0.0386516853932584 854.104308085263
0.0387078651685393 853.165631207654
0.0387640449438202 852.22396331607
0.0388202247191011 851.27928411359
0.038876404494382 850.331572508539
0.0389325842696629 849.380806612071
0.0389887640449438 848.426963735537
0.0390449438202247 847.470020387608
0.0391011235955056 846.509952271162
0.0391573033707865 845.546734279895
0.0392134831460674 844.580340494671
0.0392696629213483 843.610744179575
0.0393258426966292 842.637917777666
0.0393820224719101 841.66183290642
0.039438202247191 840.682460352842
0.0394943820224719 839.699770068236
0.0395505617977528 838.713731162621
0.0396067415730337 837.72431189878
0.0396629213483146 836.731479685927
0.0397191011235955 835.735201072974
0.0397752808988764 834.735441741389
0.0398314606741573 833.732166497637
0.0398876404494382 832.725339265165
0.0399438202247191 831.714923075955
0.04 830.700880061586
0.0400561797752809 829.683171443829
0.0401123595505618 828.661757524732
0.0401685393258427 827.636597676194
0.0402247191011236 826.607650329002
0.0402808988764045 825.574872961328
0.0403370786516854 824.538222086645
0.0403932584269663 823.49765324108
0.0404494382022472 822.453120970143
0.0405056179775281 821.404578814855
0.040561797752809 820.35197929722
0.0406179775280899 819.295273905052
0.0406741573033708 818.234413076113
0.0407303370786517 817.169346181553
0.0407865168539326 816.100021508627
0.0408426966292135 815.02638624267
0.0408988764044944 813.948386448296
0.0409550561797753 812.865967049813
0.0410112359550562 811.779071810813
0.0410674157303371 810.687643312919
0.041123595505618 809.591622933667
0.0411797752808989 808.490950823476
0.0412359550561798 807.385565881699
0.0412921348314607 806.275405731712
0.0413483146067416 805.160406695006
0.0414044943820225 804.040503764257
0.0414606741573034 802.91563057534
0.0415168539325843 801.785719378236
0.0415730337078652 800.650701006815
0.0416292134831461 799.510504847439
0.041685393258427 798.365058806347
0.0417415730337079 797.214289275788
0.0417977528089888 796.058121098843
0.0418539325842697 794.896477532896
0.0419101123595506 793.729280211705
0.0419662921348315 792.556449106017
0.0420224719101124 791.377902482671
0.0420786516853933 790.193556862141
0.0421348314606742 789.003326974447
0.0421910112359551 787.807125713375
0.042247191011236 786.604864088944
0.0423033707865169 785.39645117805
0.0423595505617978 784.181794073199
0.0424157303370787 782.960797829278
0.0424719101123596 781.733365408256
0.0425280898876405 780.499397621755
0.0425842696629214 779.258793071382
0.0426404494382022 778.011448086733
0.0426966292134831 776.757256660982
0.042752808988764 775.496110383931
0.0428089887640449 774.227898372425
0.0428651685393258 772.952507198014
0.0429213483146067 771.669820811738
0.0429775280898876 770.379720465898
0.0430337078651685 769.082084632698
0.0430898876404494 767.776788919591
0.0431460674157303 766.463705981198
0.0432022471910112 765.142705427621
0.0432584269662921 763.813653728997
0.043314606741573 762.47641411611
0.0433707865168539 761.130846476863
0.0434269662921348 759.776807248423
0.0434831460674157 758.41414930482
0.0435393258426966 757.042721839782
0.0435955056179775 755.662370244559
0.0436516853932584 754.272935980493
0.0437078651685393 752.87425644607
0.0437640449438202 751.466164838163
0.0438202247191011 750.048490007163
0.043876404494382 748.621056305706
0.0439325842696629 747.183683430614
0.0439887640449438 745.736186257734
0.0440449438202247 744.278374669263
0.0441011235955056 742.810053373169
0.0441573033707865 741.331021714262
0.0442134831460674 739.841073476469
0.0442696629213483 738.33999667581
0.0443258426966292 736.827573343551
0.0443820224719101 735.303579298988
0.044438202247191 733.767783911249
0.0444943820224719 732.219949849487
0.0445505617977528 730.659832820781
0.0446067415730337 729.087181295017
0.0446629213483146 727.501736215967
0.0447191011235955 725.903230697731
0.0447752808988764 724.29138970566
0.0448314606741573 722.665929720776
0.0448876404494382 721.02655838669
0.0449438202247191 719.372974137891
0.045 717.704865808226
0.0450561797752809 716.021912218301
0.0451123595505618 714.323781740417
0.0451685393258427 712.610131839571
0.0452247191011236 710.880608588924
0.0452808988764045 709.134846158015
0.0453370786516854 707.372466271867
0.0453932584269663 705.593077638973
0.0454494382022472 703.796275346001
0.0455056179775281 701.981640216853
0.045561797752809 700.148738133558
0.0456179775280899 698.297119316214
0.0456741573033708 696.426317558996
0.0457303370786517 694.535849418987
0.0457865168539326 692.625213354268
0.0458426966292135 690.693888807434
0.0458988764044944 688.741335230331
0.0459550561797753 686.76699104544
0.0460112359550562 684.770272538888
0.0460674157303371 682.750572679647
0.046123595505618 680.707259858897
0.0461797752808989 678.639676543032
0.0462359550561798 676.547137833074
0.0462921348314607 674.42892992261
0.0463483146067416 672.284308445545
0.0464044943820225 670.112496704082
0.0464606741573034 667.912683766373
0.0465168539325843 665.684022422148
0.0465730337078652 663.425626983431
0.0466292134831461 661.13657091602
0.046685393258427 658.815884285875
0.0467415730337079 656.462551002776
0.0467977528089888 654.075505841633
0.0468539325842697 651.653631219558
0.0469101123595506 649.195753704293
0.0469662921348315 646.700640226644
0.0470224719101124 644.166993966307
0.0470786516853933 641.593449876687
0.0471348314606742 638.978569810035
0.0471910112359551 636.320837199265
0.047247191011236 633.618651247206
0.0473033707865169 630.870320567489
0.0473595505617978 628.074056213784
0.0474157303370787 625.227964025408
0.0474719101123596 622.330036207241
0.0475280898876405 619.378142050156
0.0475842696629213 616.370017684499
0.0476404494382023 613.303254743124
0.0476966292134831 610.175287791716
0.0477528089887641 606.983380361971
0.0478089887640449 603.724609397043
0.0478651685393258 600.395847887632
0.0479213483146067 596.993745440138
0.0479775280898876 593.514706474124
0.0480337078651685 589.954865693347
0.0480898876404494 586.310060410739
0.0481460674157303 582.575799230354
0.0482022471910112 578.74722649529
0.0482584269662921 574.819081795565
0.048314606741573 570.78565368871
0.0483707865168539 566.64072661129
0.0484269662921348 562.377519742728
0.0484831460674157 557.98861631172
0.0485393258426966 553.465881494445
0.0485955056179775 548.800366621687
0.0486516853932584 543.982196860623
0.0487078651685393 539.000438828076
0.0487640449438202 533.842943672858
0.0488202247191011 528.496159962655
0.048876404494382 522.944909123811
0.0489325842696629 517.172114065844
0.0489887640449438 511.158468769354
0.0490449438202247 504.88203272443
0.0491011235955056 498.317728731571
0.0491573033707865 491.436715050142
0.0492134831460674 484.205592180506
0.0492696629213483 476.58538910758
0.0493258426966292 468.530251093825
0.0493820224719101 459.985716988188
0.049438202247191 450.88642167836
0.0494943820224719 441.152977031139
0.0495505617977528 430.687651684373
0.0496067415730337 419.368248297024
0.0496629213483146 407.039193589764
0.0497191011235955 393.498166112478
0.0497752808988764 378.475281477777
0.0498314606741573 361.599241732494
0.0498876404494382 342.339249120692
0.0499438202247191 319.898382429875
0.05 293
