2.80898876404494e-05 -0
8.42696629213483e-05 -0
0.000140449438202247 -0
0.000196629213483146 -2.02359472858804e-12
0.000252808988764045 -4.04714898977136e-12
0.000308988764044944 -0
0.000365168539325843 -0
0.000421348314606742 -0
0.00047752808988764 -0
0.000533707865168539 -0
0.000589887640449438 4.0466937314684e-12
0.000646067415730337 4.04658244610545e-12
0.000702247191011236 4.04646104389133e-12
0.000758426966292135 4.04632952482602e-12
0.000814606741573034 2.02309394445478e-12
0.000870786516853933 2.02301806807094e-12
0.000926966292134832 8.09174853304613e-12
0.00098314606741573 6.06855342007957e-12
0.00103932584269663 2.02276008836593e-12
0.00109550561797753 2.02266397827975e-12
0.00115168539325843 -2.02256280976798e-12
0.00120786516853933 -4.04491316566124e-12
0.00126404494382022 -4.04469059493536e-12
0.00132022471910112 -4.04445790735826e-12
0.00137640449438202 -2.02210755146502e-12
0.00143258426966292 -2.02198109082529e-12
0.00148876404494382 -6.06554871528002e-12
0.00154494382022472 -6.0651389828073e-12
0.00160112359550562 -2.02157135835264e-12
0.00165730337078652 -4.04284932802113e-12
0.00171348314606742 -6.06381873372872e-12
0.00176966292134831 -4.04223220009931e-12
0.00182584269662921 -0
0.00188202247191011 -2.02078730238641e-12
0.00193820224719101 2.0206153159164e-12
0.00199438202247191 -0
0.00205056179775281 -0
0.00210674157303371 4.04013801190568e-12
0.00216292134831461 -2.01987678578048e-12
0.00221910112359551 -0
0.0022752808988764 -0
0.0023314606741573 2.01926977470984e-12
0.0023876404494382 6.05717196250542e-12
0.0024438202247191 6.0565194256045e-12
0.0025 6.05585171342682e-12
0.0025561797752809 -0
0.0026123595505618 -2.01815692108037e-12
0.0026685393258427 2.01791917507772e-12
0.0027247191011236 4.03535274129895e-12
0.00278089887640449 4.03485701559131e-12
0.00283707865168539 8.06870234606485e-12
0.00289325842696629 8.06767042724473e-12
0.00294943820224719 8.06661827472239e-12
0.00300561797752809 8.06554588849768e-12
0.00306179775280899 8.0644532685705e-12
0.00311797752808989 8.06334041494097e-12
0.00317415730337079 8.06220732760926e-12
0.00323033707865169 1.00763175082188e-11
0.00328651685393258 6.04491033887882e-12
0.00334269662921348 8.05868666339966e-12
0.00339887640449438 6.04310448094372e-12
0.00345505617977528 8.05623838541482e-12
0.00351123595505618 8.05498389586881e-12
0.00356741573033708 1.00671364657755e-11
0.00362359550561798 1.20786213235049e-11
0.00367977528089888 1.0063873781271e-11
0.00373595505617978 1.40870863011577e-11
0.00379213483146067 1.81089178708583e-11
0.00384831460674157 2.0117580127109e-11
0.00390449438202247 1.20684538880719e-11
0.00396067415730337 1.40773842408787e-11
0.00401685393258427 8.04278297334938e-12
0.00407303370786517 1.20619892201698e-11
0.00412921348314607 1.20597736297619e-11
0.00418539325842697 1.40671156369342e-11
0.00424157303370786 1.40644599635e-11
0.00429775280898876 1.40617688810872e-11
0.00435393258426966 1.00421731354962e-11
0.00441011235955056 1.20482404194201e-11
0.00446629213483146 1.20458427256913e-11
0.00452247191011236 1.60578862418784e-11
0.00457865168539326 1.20409562865728e-11
0.00463483146067416 8.02564502745537e-12
0.00469101123595506 1.00299570377e-11
0.00474719101123596 1.20333989987436e-11
0.00480337078651685 1.20308192016932e-11
0.00485955056179775 1.80423135811346e-11
0.00491573033707865 1.60340914079098e-11
0.00497191011235955 1.80343465608324e-11
0.00502808988764045 2.20370269312555e-11
0.00508426966292135 2.40349299162795e-11
0.00514044943820225 2.40294061155368e-11
0.00519662921348315 2.60258067481606e-11
0.00525280898876405 3.00227205134124e-11
0.00530898876404494 3.00155881333331e-11
0.00536516853932584 3.2008938535327e-11
0.00542134831460674 3.4001241843225e-11
0.00547752808988764 3.3992900499429e-11
0.00553370786516854 3.59835598190108e-11
0.00558988764044944 4.19703033220474e-11
0.00564606741573034 4.595584068815e-11
0.00570224719101124 5.1936797352314e-11
0.00575842696629214 5.79145419162278e-11
0.00581460674157303 5.98959645506844e-11
0.00587078651685393 6.38721944137057e-11
0.00592696629213483 6.98416229259518e-11
0.00598314606741573 7.18177949146486e-11
0.00603932584269663 7.97758998436463e-11
0.00609550561797753 8.57356010034854e-11
0.00615168539325843 9.56783912514456e-11
0.00620786516853933 1.05615399718955e-10
0.00626404494382022 1.11562186718268e-10
0.00632022471910112 1.21488537083066e-10
0.00637640449438202 1.37382019434892e-10
0.00643258426966292 1.49285032455664e-10
0.00648876404494382 1.63170601198229e-10
0.00654494382022472 1.75058277072618e-10
0.00660112359550562 1.90915849661186e-10
0.00665730337078652 2.06763426800802e-10
0.00671348314606742 2.26575902930115e-10
0.00676966292134831 2.48362613671123e-10
0.00682584269662921 2.70135282222689e-10
0.00688202247191011 2.93879413368744e-10
0.00693820224719101 3.21578023147781e-10
0.00699438202247191 3.49258321426182e-10
0.00705056179775281 3.84855255660617e-10
0.00710674157303371 4.24394659825689e-10
0.00716292134831461 4.69854916442068e-10
0.00721910112359551 5.192480319805e-10
0.00727528089887641 5.74550952368753e-10
0.0073314606741573 6.33776827281728e-10
0.0073876404494382 6.98901145820655e-10
0.0074438202247191 7.69917443317666e-10
0.0075 8.5077626295061e-10
0.0075561797752809 9.37511147734684e-10
0.0076123595505618 1.03209251822878e-09
0.0076685393258427 1.14044095372914e-09
0.0077247191011236 1.26254117273207e-09
0.0077808988764045 1.39837768128009e-09
0.00783707865168539 1.54398595976531e-09
0.00789325842696629 1.7033017352371e-09
0.00794943820224719 1.88420084744905e-09
0.00800561797752809 2.08863063030576e-09
0.00806179775280899 2.30276284220168e-09
0.00811797752808989 2.54432231475279e-09
0.00817415730337079 2.8113065063978e-09
0.00823033707865168 3.10368474790238e-09
0.00828651685393259 3.42339457500046e-09
0.00834269662921348 3.78024153779568e-09
0.00839887640449438 4.17418020150909e-09
0.00845505617977528 4.60909723152034e-09
0.00851123595505618 5.0869070313831e-09
0.00856741573033708 5.60952029176732e-09
0.00862359550561798 6.1925921622443e-09
0.00867977528089888 6.83604614424382e-09
0.00873595505617978 7.53980479832919e-09
0.00879213483146067 8.31555982179157e-09
0.00884831460674157 9.16713936920167e-09
0.00890449438202247 1.01042443368967e-08
0.00896067415730337 1.11345990698414e-08
0.00901685393258427 1.22639551554504e-08
0.00907303370786517 1.35117565584904e-08
0.00912921348314607 1.48778445303913e-08
0.00918539325842697 1.6383574626989e-08
0.00924157303370787 1.80268018361649e-08
0.00929775280898876 1.98386062481158e-08
0.00935393258426966 2.18304769550117e-08
0.00941011235955056 2.40060694724163e-08
0.00946629213483146 2.63944032984735e-08
0.00952247191011236 2.90185908731981e-08
0.00957865168539326 3.1899749920431e-08
0.00963483146067416 3.50550579299045e-08
0.00969101123595506 3.85172439595464e-08
0.00974719101123596 4.23033933244561e-08
0.00980337078651685 4.64617005968127e-08
0.00985955056179775 5.1014972298233e-08
0.00991573033707865 5.59956905343001e-08
0.00997191011235955 6.14518218231338e-08
0.0100280898876405 6.74176346299541e-08
0.0100842696629213 7.39486882026658e-08
0.0101404494382022 8.10868395630742e-08
0.0101966292134831 8.88874383935763e-08
0.010252808988764 9.74231724763732e-08
0.0103089887640449 1.06753009187578e-07
0.0103651685393258 1.16951289111403e-07
0.0104213483146067 1.28090257685919e-07
0.0104775280898876 1.40251681858564e-07
0.0105337078651685 1.53530693931982e-07
0.0105898876404494 1.68031888590284e-07
0.0106460674157303 1.83853834060352e-07
0.0107022471910112 2.01114197665566e-07
0.0107584269662921 2.19940040518528e-07
0.010814606741573 2.40471649909477e-07
0.0108707865168539 2.62854786042368e-07
0.0109269662921348 2.87258015076209e-07
0.0109831460674157 3.13837960792356e-07
0.0110393258426966 3.42795182882291e-07
0.0110955056179775 3.74333633767891e-07
0.0111516853932584 4.08672187037979e-07
0.0112078651685393 4.46056129494636e-07
0.0112640449438202 4.86734021058746e-07
0.0113202247191011 5.30990333904374e-07
0.011376404494382 5.79131909325043e-07
0.0114325842696629 6.3147637517213e-07
0.0114887640449438 6.88384710159771e-07
0.0115449438202247 7.50240031083209e-07
0.0116011235955056 8.17449436358651e-07
0.0116573033707865 8.90457330734198e-07
0.0117134831460674 9.69749136448127e-07
0.0117696629213483 1.05583777662145e-06
0.0118258426966292 1.14928843271022e-06
0.0118820224719101 1.25070118682459e-06
0.011938202247191 1.36072808931887e-06
0.0119943820224719 1.48007108337359e-06
0.0120505617977528 1.6094856557155e-06
0.0121067415730337 1.74978256606991e-06
0.0121629213483146 1.90184671353931e-06
0.0122191011235955 2.06660452743506e-06
0.0122752808988764 2.24509422282538e-06
0.0123314606741573 2.43839317583611e-06
0.0123876404494382 2.64768619658248e-06
0.0124438202247191 2.87423668258319e-06
0.0125 3.11940722760077e-06
0.0125561797752809 3.38465359076964e-06
0.0126123595505618 3.6715547089221e-06
0.0126685393258427 3.9817952204199e-06
0.0127247191011236 4.31719539241856e-06
0.0127808988764045 4.67969550814301e-06
0.0128370786516854 5.07139326786248e-06
0.0128932584269663 5.49452433350874e-06
0.0129494382022472 5.95149205702431e-06
0.0130056179775281 6.44488765036833e-06
0.013061797752809 6.9774781936894e-06
0.0131179775280899 7.55223050693012e-06
0.0131741573033708 8.17231607630956e-06
0.0132303370786517 8.84115173480539e-06
0.0132865168539326 9.56238371165052e-06
0.0133426966292135 1.03399225151052e-05
0.0133988764044944 1.11779457124659e-05
0.0134550561797753 1.20809288627215e-05
0.0135112359550562 1.30536650501408e-05
0.0135674157303371 1.41012693159499e-05
0.013623595505618 1.5229224302248e-05
0.0136797752808989 1.64433826037181e-05
0.0137359550561798 1.77500046651806e-05
0.0137921348314607 1.91557665683499e-05
0.0138483146067416 2.06678126427038e-05
0.0139044943820225 2.22937629926588e-05
0.0139606741573034 2.40417545812465e-05
0.0140168539325843 2.59204746550623e-05
0.0140730337078652 2.79391809487064e-05
0.0141292134831461 3.01077590473736e-05
0.014185393258427 3.24367403706069e-05
0.0142415730337079 3.49373591278146e-05
0.0142977528089888 3.76215792426315e-05
0.0143539325842697 4.05021527182839e-05
0.0144101123595506 4.35926572859267e-05
0.0144662921348315 4.69075486950386e-05
0.0145224719101124 5.04622257159205e-05
0.0145786516853933 5.42730577475154e-05
0.0146348314606742 5.83574659584388e-05
0.0146910112359551 6.27339818138181e-05
0.014747191011236 6.74223089852377e-05
0.0148033707865169 7.24433867735532e-05
0.0148595505617978 7.78194698048079e-05
0.0149157303370787 8.3574194385491e-05
0.0149719101123596 8.97326684580159e-05
0.0150280898876404 9.63215463338746e-05
0.0150842696629213 0.000103369115894179
0.0151404494382022 0.000110905405545995
0.0151966292134831 0.000118962250151196
0.015252808988764 0.000127573431875656
0.0153089887640449 0.000136774750529971
0.0153651685393258 0.000146604157674333
0.0154213483146067 0.000157101853325674
0.0154775280898876 0.00016831044436306
0.0155337078651685 0.000180275023362825
0.0155898876404494 0.000193043351161254
0.0156460674157303 0.000206665961660918
0.0157022471910112 0.000221196320759049
0.0157584269662921 0.00023669098435514
0.015814606741573 0.000253209755427716
0.0158707865168539 0.000270815865675177
0.0159269662921348 0.000289576123319464
0.0159831460674157 0.000309561110911596
0.0160393258426966 0.000330845389228309
0.0160955056179775 0.000353507672701726
0.0161516853932584 0.000377631056363006
0.0162078651685393 0.000403303234159984
0.0162640449438202 0.000430616714110273
0.0163202247191011 0.000459669046577729
0.016376404494382 0.000490563110793758
0.0164325842696629 0.00052340730565246
0.0164887640449438 0.000558315885466053
0.0165449438202247 0.000595409194444379
0.0166011235955056 0.000634813973517919
0.0166573033707865 0.000676663616572546
0.0167134831460674 0.000721098554536937
0.0167696629213483 0.000768266521982968
0.0168258426966292 0.000818322931484987
0.0168820224719101 0.000871431175549243
0.016938202247191 0.000927763021526283
0.0169943820224719 0.000987498987803762
0.0170505617977528 0.00105082870493214
0.0171067415730337 0.00111795134403187
0.0171629213483146 0.00118907603159804
0.0172191011235955 0.00126442224716506
0.0172752808988764 0.00134422032166729
0.0173314606741573 0.00142871183793213
0.0173876404494382 0.0015181501565222
0.0174438202247191 0.00161280088990867
0.0175 0.00171294239281301
0.0175561797752809 0.00181886631297649
0.0176123595505618 0.00193087810607414
0.0176685393258427 0.00204929761424974
0.0177247191011236 0.00217445963693773
0.0177808988764045 0.00230671450280783
0.0178370786516854 0.00244642870112263
0.0178932584269663 0.0025939854890166
0.0179494382022472 0.00274978555774878
0.0180056179775281 0.00291424767458229
0.018061797752809 0.00308780936557051
0.0181179775280899 0.00327092763186651
0.0181741573033708 0.00346407963417629
0.0182303370786517 0.00366776346145976
0.0182865168539326 0.00388249884981463
0.0183426966292135 0.00410882799736095
0.0183988764044944 0.00434731630442551
0.0184550561797753 0.00459855323024731
0.0185112359550562 0.00486315308343879
0.0185674157303371 0.00514175588282778
0.018623595505618 0.00543502822352735
0.0186797752808989 0.00574366414459197
0.0187359550561798 0.00606838604692969
0.0187921348314607 0.00640994560705609
0.0188483146067416 0.00676912467790493
0.0189044943820225 0.00714673628958854
0.0189606741573034 0.00754362558441723
0.0190168539325843 0.00796067079921358
0.0190730337078652 0.00839878428925705
0.0191292134831461 0.00885891351730902
0.019185393258427 0.00934204209598272
0.0192415730337079 0.00984919082423207
0.0192977528089888 0.0103814187420143
0.0193539325842697 0.0109398242183517
0.0194101123595506 0.0115255459897865
0.0194662921348315 0.0121397642956038
0.0195224719101124 0.0127837019577908
0.0195786516853933 0.0134586255020829
0.0196348314606742 0.0141658462579199
0.0196910112359551 0.014906721505797
0.019747191011236 0.0156826556065106
0.0198033707865169 0.0164951011241926
0.0198595505617978 0.0173455599737608
0.0199157303370787 0.0182355845651343
0.0199719101123596 0.0191667789542821
0.0200280898876405 0.0201407999719447
0.0200842696629214 0.0211593583656943
0.0201404494382023 0.0222242199432014
0.0201966292134831 0.0233372067045924
0.020252808988764 0.0245001979621204
0.0203089887640449 0.0257151314419659
0.0203651685393258 0.0269840044256133
0.0204213483146067 0.0283088747985357
0.0204775280898876 0.0296918621467625
0.0205337078651685 0.0311351488198581
0.0205898876404494 0.0326409809603669
0.0206460674157303 0.034211669538473
0.0207022471910112 0.0358495913328269
0.0207584269662921 0.0375571899014092
0.020814606741573 0.0393369765338814
0.0208707865168539 0.0411915311536317
0.0209269662921348 0.0431235031947241
0.0209831460674157 0.0451356124588105
0.0210393258426966 0.0472306498952114
0.0210955056179775 0.049411478386261
0.0211516853932584 0.0516810334444612
0.0212078651685393 0.0540423239067154
0.0212640449438202 0.0564984325458461
0.0213202247191011 0.0590525166346164
0.021376404494382 0.0617078084857268
0.0214325842696629 0.0644676158800398
0.0214887640449438 0.0673353224879729
0.0215449438202247 0.0703143881880724
0.0216011235955056 0.0734083493446245
0.0216573033707865 0.0766208189883214
0.0217134831460674 0.0799554869599662
0.0217696629213483 0.0834161199466639
0.0218258426966292 0.0870065614703621
0.0218820224719101 0.0907307317273736
0.021938202247191 0.0945926274518784
0.0219943820224719 0.0985963215971493
0.0220505617977528 0.102745962964829
0.0221067415730337 0.107045775746819
0.0221629213483146 0.111500058941271
0.0222191011235955 0.116113185708829
0.0222752808988764 0.120889602591497
0.0223314606741573 0.125833828642382
0.0223876404494382 0.130950454475146
0.0224438202247191 0.136244141126915
0.0225 0.141719618898061
0.0225561797752809 0.147381686028458
0.0226123595505618 0.153235207242401
0.0226685393258427 0.15928511222604
0.0227247191011236 0.165536393941702
0.0227808988764045 0.171994106826932
0.0228370786516854 0.178663364877926
0.0228932584269663 0.185549339604009
0.0229494382022472 0.192657257840011
0.0230056179775281 0.199992399442026
0.023061797752809 0.20756009484995
0.0231179775280899 0.215365722516997
0.0231741573033708 0.223414706203998
0.0232303370786517 0.231712512132238
0.0232865168539326 0.240264646021695
0.0233426966292135 0.249076649958868
0.0233988764044944 0.258154099183331
0.0234550561797753 0.267502598681369
0.0235112359550562 0.277127779666814
0.0235674157303371 0.287035295960988
0.023623595505618 0.297230820166228
0.0236797752808989 0.307720039773724
0.0237359550561798 0.318508653112544
0.0237921348314607 0.329602365131999
0.0238483146067416 0.341006883145482
0.0239044943820225 0.352727912334037
0.0239606741573034 0.364771151227076
0.0240168539325843 0.377142286973536
0.0240730337078652 0.389846990560458
0.0241292134831461 0.402890911883573
0.024185393258427 0.416279674676641
0.0242415730337079 0.430018871397841
0.0242977528089888 0.44411405792859
0.0243539325842697 0.45857074823754
0.0244101123595506 0.47339440889951
0.0244662921348315 0.488590453541022
0.0245224719101124 0.504164237181801
0.0245786516853933 0.520121050490394
0.0246348314606742 0.536466113993595
0.0246910112359551 0.553204572150901
0.024747191011236 0.570341487419547
0.0248033707865169 0.587881834197622
0.0248595505617978 0.605830492766956
0.0249157303370787 0.624192243142911
0.0249719101123596 0.642971758904391
0.0250280898876405 0.66217360097813
0.0250842696629213 0.681802211375302
0.0251404494382022 0.701861906951882
0.0251966292134831 0.72235687309782
0.025252808988764 0.743291157464664
0.0253089887640449 0.764668663657444
0.0253651685393258 0.786493144972732
0.0254213483146067 0.808768198115452
0.0254775280898876 0.831497256965877
0.0255337078651685 0.854683586373666
0.0255898876404494 0.878330275990537
0.0256460674157303 0.902440234167168
0.0257022471910112 0.927016181872899
0.0257584269662921 0.952060646766817
0.025814606741573 0.977575957225671
0.0258707865168539 1.00356423658839
0.0259269662921348 1.03002739740496
0.0259831460674157 1.05696713581611
0.0260393258426966 1.0843849260803
0.0260955056179775 1.11228201516863
0.0261516853932584 1.1406594175691
0.0262078651685393 1.16951791013362
0.0262640449438202 1.19885802717745
0.0263202247191011 1.22868005567719
0.026376404494382 1.25898403065965
0.0264325842696629 1.28976973077143
0.0264887640449438 1.32103667402165
0.0265449438202247 1.35278411374861
0.0266011235955056 1.38501103476167
0.0266573033707865 1.41771614971035
0.0267134831460674 1.45089789568485
0.0267696629213483 1.48455443102687
0.0268258426966292 1.51868363238653
0.0268820224719101 1.55328309202735
0.026938202247191 1.58835011536757
0.0269943820224719 1.62388171881416
0.0270505617977528 1.65987462780832
0.0271067415730337 1.6963252752003
0.0271629213483146 1.73322979985005
0.0272191011235955 1.77058404555927
0.0272752808988764 1.80838356024776
0.0273314606741573 1.84662359545004
0.0273876404494382 1.88529910610523
0.0274438202247191 1.92440475063627
0.0275 1.96393489134595
0.0275561797752809 2.00388359512384
0.0276123595505618 2.04424463446183
0.0276685393258427 2.08501148876614
0.0277247191011236 2.12617734602005
0.0277808988764045 2.16773510473941
0.0278370786516854 2.20967737623245
0.0278932584269663 2.25199648722825
0.0279494382022472 2.29468448277228
0.0280056179775281 2.33773312946965
0.028061797752809 2.3811339190299
0.0281179775280899 2.42487807214984
0.0281741573033708 2.46895654268692
0.0282303370786517 2.51336002215668
0.0282865168539326 2.55807894453381
0.0283426966292135 2.60310349136928
0.0283988764044944 2.64842359719113
0.0284550561797753 2.694028955226
0.0285112359550562 2.73990902339051
0.0285674157303371 2.78605303056981
0.028623595505618 2.83244998321931
0.0286797752808989 2.8790886721643
0.0287359550561798 2.92595767975151
0.0287921348314607 2.97304538719762
0.0288483146067416 3.02033998222603
0.0289044943820225 3.0678294669293
0.0289606741573034 3.11550166588348
0.0290168539325843 3.16334423448219
0.0290730337078652 3.2113446674964
0.0291292134831461 3.25949030781231
0.029185393258427 3.30776835541349
0.0292415730337079 3.35616587652896
0.0292977528089888 3.40466981294251
0.0293539325842697 3.45326699150002
0.0294101123595506 3.50194413375076
0.0294662921348315 3.55068786572519
0.0295224719101124 3.59948472787611
0.0295786516853933 3.64832118509426
0.0296348314606742 3.69718363687472
0.0296910112359551 3.74605842754001
0.029747191011236 3.79493185657452
0.0298033707865169 3.84379018900877
0.0298595505617978 3.89261966585204
0.0299157303370787 3.94140651460181
0.0299719101123595 3.99013695974135
0.0300280898876404 4.03879723327862
0.0300842696629213 4.08737358527196
0.0301404494382022 4.13585229437039
0.0301966292134832 4.18421967829305
0.030252808988764 4.23246210428958
0.0303089887640449 4.28056599957218
0.0303651685393258 4.32851786163681
0.0304213483146067 4.37630426855035
0.0304775280898876 4.42391188910442
0.0305337078651685 4.47132749292458
0.0305898876404494 4.5185379604085
0.0306460674157303 4.56553029256357
0.0307022471910112 4.61229162070431
0.0307584269662921 4.65880921597539
0.030814606741573 4.70507049876639
0.0308707865168539 4.7510630478773
0.0309269662921348 4.79677460954994
0.0309831460674157 4.84219310629269
0.0310393258426966 4.88730664547946
0.0310955056179775 4.93210352775353
0.0311516853932584 4.97657225519755
0.0312078651685393 5.02070153924791
0.0312640449438202 5.0644803084028
0.0313202247191011 5.10789771562929
0.031376404494382 5.15094314555002
0.0314325842696629 5.19360622132269
0.0314887640449438 5.23587681129057
0.0315449438202247 5.27774503528545
0.0316011235955056 5.3192012706947
0.0316573033707865 5.360236158214
0.0317134831460674 5.40084060727336
0.0317696629213483 5.44100580120665
0.0318258426966292 5.48072320206525
0.0318820224719101 5.51998455513951
0.031938202247191 5.55878189315656
0.0319943820224719 5.59710754016543
0.0320505617977528 5.63495411507727
0.0321067415730337 5.67231453490003
0.0321629213483146 5.70918201764661
0.0322191011235955 5.74555008490285
0.0322752808988764 5.78141256407652
0.0323314606741573 5.81676359032447
0.0323876404494382 5.85159760812973
0.0324438202247191 5.88590937258045
0.0325 5.91969395031113
0.0325561797752809 5.95294672012353
0.0326123595505618 5.98566337327595
0.0326685393258427 6.01783991349562
0.0327247191011236 6.04947265661381
0.0327808988764045 6.08055822996062
0.0328370786516854 6.11109357140094
0.0328932584269663 6.14107592810758
0.0329494382022472 6.17050285500932
0.0330056179775281 6.19937221297055
0.033061797752809 6.22768216668013
0.0331179775280899 6.25543118226317
0.0331741573033708 6.28261802461191
0.0332303370786517 6.30924175448216
0.0332865168539326 6.33530172528678
0.0333426966292135 6.3607975796886
0.0333988764044944 6.38572924591231
0.0334550561797753 6.41009693384394
0.0335112359550562 6.43390113090576
0.0335674157303371 6.45714259769794
0.033623595505618 6.47982236344077
0.0336797752808989 6.50194172122776
0.0337359550561798 6.52350222307254
0.0337921348314607 6.54450567478466
0.0338483146067416 6.56495413065684
0.0339044943820225 6.58484988802009
0.0339606741573034 6.60419548160608
0.0340168539325843 6.62299367780711
0.0340730337078652 6.64124746875793
0.0341292134831461 6.6589600663327
0.034185393258427 6.67613489600947
0.0342415730337079 6.69277559062463
0.0342977528089888 6.7088859840324
0.0343539325842697 6.72447010469912
0.0344101123595506 6.73953216919484
0.0344662921348315 6.75407657562097
0.0345224719101124 6.76810789700862
0.0345786516853933 6.78163087463081
0.0346348314606742 6.79465041129764
0.0346910112359551 6.80717156461426
0.034747191011236 6.81919954022627
0.0348033707865169 6.83073968504813
0.0348595505617978 6.84179748048064
0.0349157303370786 6.85237853564855
0.0349719101123595 6.86248858062961
0.0350280898876404 6.87213345973903
0.0350842696629214 6.88131912480115
0.0351404494382022 6.89005162850427
0.0351966292134831 6.89833711775336
0.035252808988764 6.90618182712146
0.0353089887640449 6.91359207230656
0.0353651685393258 6.92057424370895
0.0354213483146067 6.92713480004946
0.0354775280898876 6.93328026206038
0.0355337078651685 6.93901720628874
0.0355898876404494 6.94435225896226
0.0356460674157303 6.94929208996114
0.0357022471910112 6.95384340690138
0.0357584269662921 6.95801294930608
0.035814606741573 6.96180748289334
0.0358707865168539 6.96523379398473
0.0359269662921348 6.96829868402572
0.0359831460674157 6.97100896423627
0.0360393258426966 6.97337145036899
0.0360955056179775 6.97539295762204
0.0361516853932584 6.97708029565971
0.0362078651685393 6.97844026379306
0.0362640449438202 6.97947964628037
0.0363202247191011 6.9802052077625
0.036376404494382 6.98062368885623
0.0364325842696629 6.98074180188322
0.0364887640449438 6.98056622674571
0.0365449438202247 6.98010360692239
0.0366011235955056 6.97936054566533
0.0366573033707865 6.97834360229487
0.0367134831460674 6.97705928864956
0.0367696629213483 6.97551406571413
0.0368258426966292 6.97371434035092
0.0368820224719101 6.97166646221587
0.036938202247191 6.96937672080029
0.0369943820224719 6.96685134262068
0.0370505617977528 6.96409648855697
0.0371067415730337 6.96111825134705
0.0371629213483146 6.95792265319672
0.0372191011235955 6.95451564355158
0.0372752808988764 6.95090309700314
0.0373314606741573 6.94709081133113
0.0373876404494382 6.94308450568649
0.0374438202247191 6.93888981890101
0.0375 6.93451230793148
0.0375561797752809 6.92995744644206
0.0376123595505618 6.92523062349784
0.0376685393258427 6.92033714239823
0.0377247191011236 6.91528221961747
0.0377808988764045 6.91007098388569
0.0378370786516854 6.90470847535397
0.0378932584269663 6.89919964491153
0.0379494382022472 6.8935493535728
0.0380056179775281 6.88776237201442
0.038061797752809 6.88184338017604
0.0381179775280899 6.87579696699619
0.0381741573033708 6.86962763022377
0.0382303370786517 6.86333977632775
0.0382865168539326 6.85693772051945
0.0383426966292135 6.85042568682373
0.0383988764044944 6.84380780827737
0.0384550561797753 6.83708812718391
0.0385112359550562 6.83027059544682
0.0385674157303371 6.82335907500122
0.038623595505618 6.81635733828191
0.0386797752808989 6.80926906878995
0.0387359550561798 6.80209786171385
0.0387921348314607 6.7948472246132
0.0388483146067416 6.78752057815694
0.0389044943820225 6.78012125693369
0.0389606741573034 6.77265251028938
0.0390168539325843 6.76511750324633
0.0390730337078652 6.75751931743394
0.0391292134831461 6.74986095209701
0.039185393258427 6.74214532512095
0.0392415730337079 6.73437527410912
0.0392977528089888 6.72655355748472
0.0393539325842697 6.71868285563341
0.0394101123595506 6.71076577207141
0.0394662921348315 6.7028048346473
0.0395224719101124 6.69480249676064
0.0395786516853933 6.6867611386019
0.0396348314606742 6.67868306841829
0.0396910112359551 6.67057052379778
0.039747191011236 6.66242567296148
0.0398033707865169 6.65425061607778
0.0398595505617978 6.64604738657518
0.0399157303370787 6.63781795247305
0.0399719101123596 6.62956421771969
0.0400280898876405 6.62128802352613
0.0400842696629213 6.61299114972117
0.0401404494382022 6.60467531608159
0.0401966292134831 6.59634218368228
0.040252808988764 6.58799335624404
0.0403089887640449 6.57963038145959
0.0403651685393258 6.5712547523346
0.0404213483146067 6.56286790851289
0.0404775280898876 6.5544712375963
0.0405337078651685 6.54606607645238
0.0405898876404494 6.53765371251833
0.0406460674157303 6.52923538507967
0.0407022471910112 6.52081228656079
0.0407584269662921 6.512385563777
0.040814606741573 6.5039563191843
0.0408707865168539 6.49552561211573
0.0409269662921348 6.48709445999832
0.0409831460674157 6.47866383955591
0.0410393258426966 6.47023468798328
0.0410955056179775 6.46180790412495
0.0411516853932584 6.4533843496167
0.0412078651685393 6.44496485000891
0.0412640449438202 6.43655019588243
0.0413202247191011 6.42814114393628
0.041376404494382 6.41973841805505
0.0414325842696629 6.41134271035801
0.0414887640449438 6.40295468222565
0.0415449438202247 6.39457496530508
0.0416011235955056 6.38620416250259
0.0416573033707865 6.37784284893968
0.0417134831460674 6.36949157290099
0.0417696629213483 6.36115085675258
0.0418258426966292 6.3528211978445
0.0418820224719101 6.3445030693852
0.041938202247191 6.33619692130615
0.0419943820224719 6.32790318108861
0.0420505617977528 6.31962225458267
0.0421067415730337 6.31135452680025
0.0421629213483146 6.30310036268843
0.0422191011235955 6.294860107875
0.0422752808988764 6.28663408940439
0.0423314606741573 6.27842261644983
0.0423876404494382 6.27022598099567
0.0424438202247191 6.26204445851096
0.0425 6.2538783086013
0.0425561797752809 6.24572777563771
0.0426123595505618 6.23759308936765
0.0426685393258427 6.22947446550786
0.0427247191011236 6.22137210632098
0.0427808988764045 6.21328620116658
0.0428370786516854 6.20521692704169
0.0428932584269663 6.19716444910161
0.0429494382022472 6.18912892116029
0.0430056179775281 6.18111048617982
0.043061797752809 6.17310927673662
0.0431179775280899 6.16512541547603
0.0431741573033708 6.15715901555181
0.0432303370786517 6.14921018104547
0.0432865168539326 6.14127900737484
0.0433426966292135 6.13336558168597
0.0433988764044944 6.12546998323127
0.0434550561797753 6.11759228373456
0.0435112359550562 6.10973254773577
0.0435674157303371 6.10189083293827
0.043623595505618 6.09406719052561
0.0436797752808989 6.08626166547458
0.0437359550561798 6.07847429685541
0.0437921348314607 6.07070511811907
0.0438483146067416 6.06295415737654
0.0439044943820225 6.05522143766152
0.0439606741573034 6.04750697718279
0.0440168539325843 6.03981078957244
0.0440730337078652 6.03213288411625
0.0441292134831461 6.02447326598434
0.044185393258427 6.0168319364364
0.0442415730337079 6.00920889303376
0.0442977528089888 6.00160412983348
0.0443539325842697 5.99401763758264
0.0444101123595506 5.98644940388715
0.0444662921348315 5.97889941339453
0.0445224719101124 5.97136764795193
0.0445786516853933 5.96385408676676
0.0446348314606742 5.95635870655477
0.0446910112359551 5.94888148168297
0.044747191011236 5.94142238430938
0.0448033707865169 5.93398138450809
0.0448595505617978 5.92655845039841
0.0449157303370787 5.91915354826121
0.0449719101123596 5.91176664265037
0.0450280898876405 5.90439769650048
0.0450842696629214 5.89704667123248
0.0451404494382023 5.88971352684603
0.0451966292134831 5.8823982220138
0.045252808988764 5.87510071417057
0.0453089887640449 5.86782095959603
0.0453651685393258 5.86055891349079
0.0454213483146067 5.85331453005705
0.0454775280898876 5.84608776256787
0.0455337078651685 5.83887856343186
0.0455898876404494 5.83168688426395
0.0456460674157303 5.82451267593807
0.0457022471910112 5.81735588865365
0.0457584269662921 5.81021647198315
0.045814606741573 5.80309437492602
0.0458707865168539 5.79598954596258
0.0459269662921348 5.78890193309178
0.0459831460674157 5.78183148387939
0.0460393258426966 5.77477814550048
0.0460955056179775 5.7677418647776
0.0461516853932584 5.76072258821603
0.0462078651685393 5.75372026204025
0.0462640449438202 5.74673483222583
0.0463202247191011 5.73976624453326
0.046376404494382 5.73281444453083
0.0464325842696629 5.72587937762908
0.0464887640449438 5.71896098910173
0.0465449438202247 5.7120592241137
0.0466011235955056 5.70517402774055
0.0466573033707865 5.69830534499115
0.0467134831460674 5.69145312083066
0.0467696629213483 5.68461730019429
0.0468258426966292 5.67779782800975
0.0468820224719101 5.67099464921041
0.046938202247191 5.66420770875459
0.0469943820224719 5.65743695163574
0.0470505617977528 5.65068232289931
0.0471067415730337 5.64394376765575
0.0471629213483146 5.63722123108938
0.0472191011235955 5.63051465847233
0.0472752808988764 5.62382399517438
0.0473314606741573 5.6171491866712
0.0473876404494382 5.61049017855548
0.0474438202247191 5.60384691654382
0.0475 5.59721934648488
0.0475561797752809 5.59060741436597
0.0476123595505618 5.58401106632154
0.0476685393258427 5.57743024863751
0.0477247191011236 5.57086490775712
0.0477808988764045 5.56431499028767
0.0478370786516854 5.55778044300413
0.0478932584269663 5.55126121285368
0.0479494382022472 5.54475724696005
0.0480056179775281 5.53826849262721
0.048061797752809 5.53179489734207
0.0481179775280899 5.52533640877994
0.0481741573033708 5.51889297480399
0.0482303370786517 5.51246454347087
0.0482865168539326 5.50605106303122
0.0483426966292135 5.49965248193174
0.0483988764044944 5.4932687488186
0.0484550561797753 5.48689981253709
0.0485112359550562 5.48054562213435
0.0485674157303371 5.4742061268604
0.048623595505618 5.46788127616905
0.0486797752808989 5.46157101971912
0.0487359550561798 5.455275307375
0.0487921348314607 5.44899408920726
0.0488483146067416 5.44272731549334
0.0489044943820225 5.43647493671846
0.0489606741573034 5.4302369035749
0.0490168539325843 5.42401316696305
0.0490730337078652 5.417803677991
0.0491292134831461 5.41160838797527
0.049185393258427 5.40542724843946
0.0492415730337079 5.39926021111584
0.0492977528089888 5.39310722794333
0.0493539325842697 5.38696825106879
0.0494101123595506 5.38084323284587
0.0494662921348315 5.37473212583454
0.0495224719101124 5.368634882801
0.0495786516853933 5.36255145671719
0.0496348314606742 5.35648180075994
0.0496910112359551 5.35042586831054
0.049747191011236 5.34438361295438
0.0498033707865169 5.33835498847997
0.0498595505617978 5.33233994887841
0.0499157303370787 5.32633844834251
0.0499719101123596 5.32035044126636
