0 970.27402649117
0.0052704627669473 970.274026491169
0.0074535599249993 970.274026490692
0.00912870929175277 970.274026480745
0.0105409255338946 970.274026377363
0.0117851130197758 970.274025667887
0.0129099444873581 970.274022019734
0.0139443337755679 970.274006919341
0.0149071198499986 970.273954245672
0.0158113883008419 970.273794432044
0.0166666666666667 970.273362896779
0.0174801474695025 970.27230772124
0.0182574185835055 970.269939668333
0.0190029237516523 970.265009293412
0.0197202659436654 970.255402429221
0.0204124145231932 970.237757043798
0.0210818510677892 970.207020285865
0.0217306746840088 970.15598194564
0.0223606797749979 970.074836097543
0.022973414586817 969.950832690065
0.0235702260395516 969.768082353129
0.0241522945769824 969.507569229871
0.0247206616236522 969.147408632912
0.0252762514801718 968.663361067912
0.0258198889747161 968.029585361887
0.0263523138347365 967.219585640244
0.0268741924943285 966.207283882929
0.0273861278752583 964.968134982858
0.0278886675511359 963.480196411567
0.0283823106098773 961.725069926988
0.0288675134594813 959.688646906248
0.0293446947694317 957.361609410021
0.0298142396999972 954.739662941669
0.0302765035409749 951.823500942901
0.030731814857643 948.618522644432
0.0311804782231162 945.134342945605
0.0316227766016838 941.384144369493
0.0320589734361189 937.383926524667
0.0324893144826965 933.151708331223
0.0329140294302192 928.706733503234
0.0333333333333333 924.068721698478
0.0337474278855276 919.257197718224
0.0341565025531987 914.290920448604
0.0345607355888795 909.187422953788
0.0349602949390051 903.962666053482
0.0353553390593274 898.630800339268
0.035746017649212 893.20402612555
0.0361324723144647 887.692537281632
0.0365148371670111 882.104533072653
0.0368932393686311 876.446281762631
0.0372677996249965 870.722220465613
0.0376386326354541 864.935077228724
0.0380058475033046 859.086003278973
0.0383695481107378 853.1747054977
0.0387298334620742 847.199571293295
0.0390867979985286 841.157779973982
0.0394405318873308 835.045396380447
0.0397911212877111 828.857443870027
0.0401386485959743 822.587954730883
0.0404831926716371 816.229996749955
0.0408248290463863 809.775674979557
0.0411636301174282 803.216107765411
0.0414996653266291 796.541375831487
0.0418330013267038 789.740442671995
0.0421637021355784 782.801043669787
0.0424918292799399 775.709540211827
0.0428174419288838 768.45073354429
0.0431405970184826 761.007631097941
0.0434613493680177 753.361155356382
0.0437797517885457 745.48978178914
0.0440958551844098 737.369087558886
0.0444097086482474 728.971186080067
0.0447213595499958 720.264013206916
0.0450308536203543 711.210417550801
0.0453382350291181 701.766988104645
0.0456435464587638 691.882523661162
0.0459468291736341 681.496004970689
0.0462481230850387 670.533862909114
0.0465474668125631 658.90622791073
0.0468448977418507 646.501668300507
0.0471404520791032 633.179623024438
0.0474341649025257 618.759199966611
0.0477260702109212 603.002022488532
0.0480162009696265 585.584877902248
0.0483045891539648 566.053910104882
0.0485912657903775 543.74308042234
0.0488762609953839 517.617266421192
0.0491596040125088 485.937460130191
0.0494413232473044 445.435023715185
0.0497214463005877 388.77262653902
0.05 293
