0 975.898985739935
5.49450549450549e-05 975.898985739935
0.00010989010989011 975.898985739935
0.000164835164835165 975.898985739935
0.00021978021978022 975.898985739935
0.000274725274725275 975.898985739935
0.00032967032967033 975.898985739935
0.000384615384615385 975.898985739935
0.00043956043956044 975.898985739935
0.000494505494505495 975.898985739935
0.00054945054945055 975.898985739935
0.000604395604395605 975.898985739934
0.000659340659340659 975.898985739934
0.000714285714285714 975.898985739934
0.000769230769230769 975.898985739934
0.000824175824175824 975.898985739934
0.000879120879120879 975.898985739934
0.000934065934065934 975.898985739934
0.000989010989010989 975.898985739934
0.00104395604395604 975.898985739934
0.0010989010989011 975.898985739934
0.00115384615384615 975.898985739934
0.00120879120879121 975.898985739934
0.00126373626373626 975.898985739934
0.00131868131868132 975.898985739934
0.00137362637362637 975.898985739934
0.00142857142857143 975.898985739933
0.00148351648351648 975.898985739933
0.00153846153846154 975.898985739932
0.00159340659340659 975.898985739932
0.00164835164835165 975.898985739932
0.0017032967032967 975.898985739931
0.00175824175824176 975.89898573993
0.00181318681318681 975.898985739929
0.00186813186813187 975.898985739929
0.00192307692307692 975.898985739928
0.00197802197802198 975.898985739927
0.00203296703296703 975.898985739927
0.00208791208791209 975.898985739927
0.00214285714285714 975.898985739927
0.0021978021978022 975.898985739927
0.00225274725274725 975.898985739927
0.00230769230769231 975.898985739927
0.00236263736263736 975.898985739927
0.00241758241758242 975.898985739927
0.00247252747252747 975.898985739927
0.00252747252747253 975.898985739927
0.00258241758241758 975.898985739928
0.00263736263736264 975.898985739928
0.00269230769230769 975.898985739929
0.00274725274725275 975.898985739929
0.0028021978021978 975.898985739929
0.00285714285714286 975.89898573993
0.00291208791208791 975.89898573993
0.00296703296703297 975.89898573993
0.00302197802197802 975.898985739931
0.00307692307692308 975.898985739931
0.00313186813186813 975.898985739931
0.00318681318681319 975.898985739932
0.00324175824175824 975.898985739932
0.0032967032967033 975.898985739933
0.00335164835164835 975.898985739933
0.00340659340659341 975.898985739934
0.00346153846153846 975.898985739934
0.00351648351648352 975.898985739935
0.00357142857142857 975.898985739935
0.00362637362637363 975.898985739936
0.00368131868131868 975.898985739937
0.00373626373626374 975.898985739937
0.00379120879120879 975.898985739937
0.00384615384615385 975.898985739937
0.0039010989010989 975.898985739938
0.00395604395604396 975.898985739938
0.00401098901098901 975.898985739938
0.00406593406593407 975.898985739939
0.00412087912087912 975.898985739939
0.00417582417582418 975.898985739939
0.00423076923076923 975.89898573994
0.00428571428571429 975.89898573994
0.00434065934065934 975.89898573994
0.0043956043956044 975.89898573994
0.00445054945054945 975.89898573994
0.00450549450549451 975.89898573994
0.00456043956043956 975.89898573994
0.00461538461538462 975.89898573994
0.00467032967032967 975.898985739939
0.00472527472527473 975.898985739939
0.00478021978021978 975.898985739939
0.00483516483516484 975.898985739939
0.00489010989010989 975.898985739938
0.00494505494505494 975.898985739938
0.005 975.898985739937
0.00505494505494506 975.898985739936
0.00510989010989011 975.898985739936
0.00516483516483517 975.898985739935
0.00521978021978022 975.898985739935
0.00527472527472527 975.898985739934
0.00532967032967033 975.898985739934
0.00538461538461539 975.898985739933
0.00543956043956044 975.898985739932
0.00549450549450549 975.898985739932
0.00554945054945055 975.898985739931
0.0056043956043956 975.89898573993
0.00565934065934066 975.898985739929
0.00571428571428571 975.898985739928
0.00576923076923077 975.898985739927
0.00582417582417582 975.898985739926
0.00587912087912088 975.898985739924
0.00593406593406593 975.898985739923
0.00598901098901099 975.898985739921
0.00604395604395604 975.898985739919
0.0060989010989011 975.898985739916
0.00615384615384615 975.898985739913
0.00620879120879121 975.89898573991
0.00626373626373626 975.898985739906
0.00631868131868132 975.898985739902
0.00637362637362637 975.898985739897
0.00642857142857143 975.898985739892
0.00648351648351648 975.898985739886
0.00653846153846154 975.898985739879
0.00659340659340659 975.898985739871
0.00664835164835165 975.898985739863
0.0067032967032967 975.898985739853
0.00675824175824176 975.898985739843
0.00681318681318681 975.898985739831
0.00686813186813187 975.898985739818
0.00692307692307692 975.898985739804
0.00697802197802198 975.898985739788
0.00703296703296703 975.89898573977
0.00708791208791209 975.89898573975
0.00714285714285714 975.898985739728
0.0071978021978022 975.898985739703
0.00725274725274725 975.898985739676
0.00730769230769231 975.898985739646
0.00736263736263736 975.898985739612
0.00741758241758242 975.898985739575
0.00747252747252747 975.898985739534
0.00752747252747253 975.898985739488
0.00758241758241758 975.898985739438
0.00763736263736264 975.898985739381
0.00769230769230769 975.898985739319
0.00774725274725275 975.89898573925
0.0078021978021978 975.898985739174
0.00785714285714286 975.89898573909
0.00791208791208791 975.898985738998
0.00796703296703297 975.898985738895
0.00802197802197802 975.898985738782
0.00807692307692308 975.898985738657
0.00813186813186813 975.898985738519
0.00818681318681319 975.898985738367
0.00824175824175824 975.898985738199
0.0082967032967033 975.898985738013
0.00835164835164835 975.898985737809
0.00840659340659341 975.898985737583
0.00846153846153846 975.898985737334
0.00851648351648352 975.898985737059
0.00857142857142857 975.898985736757
0.00862637362637363 975.898985736423
0.00868131868131868 975.898985736056
0.00873626373626374 975.898985735651
0.00879120879120879 975.898985735205
0.00884615384615385 975.898985734714
0.0089010989010989 975.898985734174
0.00895604395604396 975.898985733579
0.00901098901098901 975.898985732924
0.00906593406593407 975.898985732205
0.00912087912087912 975.898985731413
0.00917582417582418 975.898985730543
0.00923076923076923 975.898985729586
0.00928571428571429 975.898985728534
0.00934065934065934 975.898985727379
0.0093956043956044 975.898985726109
0.00945054945054945 975.898985724715
0.00950549450549451 975.898985723184
0.00956043956043956 975.898985721503
0.00961538461538462 975.898985719659
0.00967032967032967 975.898985717635
0.00972527472527473 975.898985715414
0.00978021978021978 975.898985712979
0.00983516483516484 975.898985710309
0.00989010989010989 975.898985707381
0.00994505494505495 975.898985704173
0.01 975.898985700658
0.0100549450549451 975.898985696807
0.0101098901098901 975.898985692589
0.0101648351648352 975.898985687971
0.0102197802197802 975.898985682916
0.0102747252747253 975.898985677383
0.0103296703296703 975.89898567133
0.0103846153846154 975.898985664708
0.0104395604395604 975.898985657466
0.0104945054945055 975.898985649547
0.0105494505494505 975.898985640891
0.0106043956043956 975.898985631431
0.0106593406593407 975.898985621095
0.0107142857142857 975.898985609805
0.0107692307692308 975.898985597475
0.0108241758241758 975.898985584012
0.0108791208791209 975.898985569317
0.0109340659340659 975.89898555328
0.010989010989011 975.898985535781
0.011043956043956 975.898985516693
0.0110989010989011 975.898985495877
0.0111538461538462 975.898985473181
0.0112087912087912 975.898985448441
0.0112637362637363 975.898985421479
0.0113186813186813 975.898985392104
0.0113736263736264 975.898985360106
0.0114285714285714 975.898985325258
0.0114835164835165 975.898985287317
0.0115384615384615 975.898985246018
0.0115934065934066 975.898985201073
0.0116483516483516 975.898985152172
0.0117032967032967 975.89898509898
0.0117582417582418 975.898985041132
0.0118131868131868 975.898984978237
0.0118681318681319 975.89898490987
0.0119230769230769 975.898984835573
0.011978021978022 975.898984754849
0.012032967032967 975.898984667163
0.0120879120879121 975.898984571937
0.0121428571428571 975.898984468546
0.0121978021978022 975.898984356317
0.0122527472527473 975.898984234522
0.0123076923076923 975.898984102378
0.0123626373626374 975.898983959037
0.0124175824175824 975.898983803587
0.0124725274725275 975.898983635045
0.0125274725274725 975.89898345235
0.0125824175824176 975.898983254359
0.0126373626373626 975.898983039842
0.0126923076923077 975.898982807474
0.0127472527472527 975.898982555827
0.0128021978021978 975.898982283366
0.0128571428571429 975.898981988435
0.0129120879120879 975.898981669258
0.012967032967033 975.89898132392
0.013021978021978 975.898980950364
0.0130769230769231 975.898980546378
0.0131318681318681 975.898980109583
0.0131868131868132 975.898979637426
0.0132417582417582 975.898979127161
0.0132967032967033 975.898978575839
0.0133516483516484 975.898977980297
0.0134065934065934 975.898977337134
0.0134615384615385 975.898976642704
0.0135164835164835 975.898975893094
0.0135714285714286 975.898975084106
0.0136263736263736 975.898974211238
0.0136813186813187 975.898973269664
0.0137362637362637 975.89897225421
0.0137912087912088 975.898971159331
0.0138461538461538 975.898969979089
0.0139010989010989 975.89896870712
0.013956043956044 975.898967336613
0.014010989010989 975.898965860274
0.0140659340659341 975.898964270296
0.0141208791208791 975.898962558328
0.0141758241758242 975.898960715435
0.0142307692307692 975.89895873206
0.0142857142857143 975.898956597986
0.0143406593406593 975.898954302291
0.0143956043956044 975.898951833304
0.0144505494505495 975.898949178555
0.0145054945054945 975.898946324722
0.0145604395604396 975.898943257582
0.0146153846153846 975.898939961949
0.0146703296703297 975.898936421615
0.0147252747252747 975.898932619282
0.0147802197802198 975.898928536501
0.0148351648351648 975.898924153593
0.0148901098901099 975.898919449575
0.0149450549450549 975.89891440208
0.015 975.898908987268
0.0150549450549451 975.898903179742
0.0151098901098901 975.898896952446
0.0151648351648352 975.898890276571
0.0152197802197802 975.898883121442
0.0152747252747253 975.89887545441
0.0153296703296703 975.898867240732
0.0153846153846154 975.898858443446
0.0154395604395604 975.898849023242
0.0154945054945055 975.898838938317
0.0155494505494506 975.898828144236
0.0156043956043956 975.898816593771
0.0156593406593407 975.898804236744
0.0157142857142857 975.898791019852
0.0157692307692308 975.898776886489
0.0158241758241758 975.898761776555
0.0158791208791209 975.898745626257
0.0159340659340659 975.898728367901
0.015989010989011 975.898709929668
0.016043956043956 975.898690235386
0.0160989010989011 975.898669204283
0.0161538461538462 975.898646750733
0.0162087912087912 975.898622783985
0.0162637362637363 975.898597207884
0.0163186813186813 975.898569920574
0.0163736263736264 975.898540814184
0.0164285714285714 975.898509774507
0.0164835164835165 975.898476680655
0.0165384615384615 975.8984414047
0.0165934065934066 975.898403811301
0.0166483516483516 975.898363757311
0.0167032967032967 975.898321091362
0.0167582417582418 975.898275653437
0.0168131868131868 975.898227274416
0.0168681318681319 975.898175775606
0.0169230769230769 975.898120968245
0.016978021978022 975.898062652987
0.017032967032967 975.898000619361
0.0170879120879121 975.89793464521
0.0171428571428571 975.897864496097
0.0171978021978022 975.897789924691
0.0172527472527473 975.897710670128
0.0173076923076923 975.897626457336
0.0173626373626374 975.897536996337
0.0174175824175824 975.897441981519
0.0174725274725275 975.897341090873
0.0175274725274725 975.8972339852
0.0175824175824176 975.897120307289
0.0176373626373626 975.896999681049
0.0176923076923077 975.896871710622
0.0177472527472527 975.896735979445
0.0178021978021978 975.896592049277
0.0178571428571429 975.896439459199
0.0179120879120879 975.896277724553
0.017967032967033 975.896106335861
0.018021978021978 975.895924757683
0.0180769230769231 975.895732427446
0.0181318681318681 975.895528754214
0.0181868131868132 975.895313117423
0.0182417582417582 975.895084865565
0.0182967032967033 975.894843314813
0.0183516483516484 975.894587747614
0.0184065934065934 975.894317411211
0.0184615384615385 975.894031516123
0.0185164835164835 975.893729234571
0.0185714285714286 975.893409698837
0.0186263736263736 975.893071999582
0.0186813186813187 975.892715184086
0.0187362637362637 975.892338254445
0.0187912087912088 975.891940165698
0.0188461538461538 975.891519823887
0.0189010989010989 975.891076084065
0.018956043956044 975.890607748222
0.019010989010989 975.890113563161
0.0190659340659341 975.889592218288
0.0191208791208791 975.889042343347
0.0191758241758242 975.888462506076
0.0192307692307692 975.887851209788
0.0192857142857143 975.887206890888
0.0193406593406593 975.886527916301
0.0193956043956044 975.885812580837
0.0194505494505495 975.88505910447
0.0195054945054945 975.88426562954
0.0195604395604396 975.883430217876
0.0196153846153846 975.882550847836
0.0196703296703297 975.881625411269
0.0197252747252747 975.880651710387
0.0197802197802198 975.879627454558
0.0198351648351648 975.878550257016
0.0198901098901099 975.877417631475
0.0199450549450549 975.876226988667
0.02 975.874975632788
0.0200549450549451 975.873660757857
0.0201098901098901 975.872279443983
0.0201648351648352 975.870828653548
0.0202197802197802 975.869305227295
0.0202747252747253 975.867705880334
0.0203296703296703 975.866027198048
0.0203846153846154 975.864265631914
0.0204395604395604 975.862417495239
0.0204945054945055 975.860478958792
0.0205494505494506 975.858446046361
0.0206043956043956 975.85631463021
0.0206593406593407 975.854080426452
0.0207142857142857 975.85173899033
0.0207692307692308 975.849285711414
0.0208241758241758 975.846715808707
0.0208791208791209 975.844024325666
0.0209340659340659 975.841206125138
0.020989010989011 975.838255884217
0.021043956043956 975.835168089006
0.0210989010989011 975.831937029312
0.0211538461538462 975.828556793253
0.0212087912087912 975.825021261792
0.0212637362637363 975.821324103196
0.0213186813186813 975.817458767415
0.0213736263736264 975.813418480401
0.0214285714285714 975.809196238353
0.0214835164835165 975.804784801895
0.0215384615384615 975.800176690198
0.0215934065934066 975.795364175037
0.0216483516483516 975.790339274794
0.0217032967032967 975.785093748413
0.0217582417582418 975.779619089298
0.0218131868131868 975.773906519177
0.0218681318681319 975.767946981914
0.0219230769230769 975.761731137297
0.021978021978022 975.755249354783
0.022032967032967 975.748491707227
0.0220879120879121 975.74144796458
0.0221428571428571 975.734107587578
0.0221978021978022 975.726459721413
0.0222527472527473 975.718493189404
0.0223076923076923 975.710196486668
0.0223626373626374 975.70155777379
0.0224175824175824 975.692564870517
0.0224725274725275 975.68320524946
0.0225274725274725 975.673466029827
0.0225824175824176 975.663333971191
0.0226373626373626 975.652795467292
0.0226923076923077 975.641836539886
0.0227472527472527 975.63044283265
0.0228021978021978 975.618599605153
0.0228571428571429 975.606291726885
0.0229120879120879 975.593503671371
0.022967032967033 975.580219510376
0.023021978021978 975.566422908187
0.0230769230769231 975.552097116017
0.0231318681318681 975.537224966501
0.0231868131868132 975.521788868328
0.0232417582417582 975.50577080099
0.0232967032967033 975.48915230967
0.0233516483516484 975.471914500285
0.0234065934065934 975.454038034674
0.0234615384615385 975.435503125954
0.0235164835164835 975.416289534057
0.0235714285714286 975.396376561442
0.0236263736263736 975.375743049002
0.0236813186813187 975.354367372183
0.0237362637362637 975.332227437302
0.0237912087912088 975.309300678099
0.0238461538461539 975.285564052516
0.0239010989010989 975.260994039713
0.023956043956044 975.235566637349
0.024010989010989 975.209257359108
0.0240659340659341 975.182041232511
0.0241208791208791 975.153892796991
0.0241758241758242 975.12478610228
0.0242307692307692 975.094694707071
0.0242857142857143 975.063591678007
0.0243406593406593 975.03144958898
0.0243956043956044 974.998240520757
0.0244505494505495 974.963936060941
0.0245054945054945 974.928507304281
0.0245604395604396 974.891924853326
0.0246153846153846 974.854158819453
0.0246703296703297 974.81517882425
0.0247252747252747 974.774954001288
0.0247802197802198 974.733452998274
0.0248351648351648 974.690643979588
0.0248901098901099 974.646494629236
0.0249450549450549 974.600972154194
0.025 974.554043288171
0.0250549450549451 974.505674295793
0.0251098901098901 974.455830977202
0.0251648351648352 974.404478673098
0.0252197802197802 974.351582270202
0.0252747252747253 974.297106207169
0.0253296703296703 974.241014480939
0.0253846153846154 974.183270653533
0.0254395604395604 974.123837859309
0.0254945054945055 974.062678812658
0.0255494505494505 973.999755816165
0.0256043956043956 973.935030769223
0.0256593406593407 973.868465177111
0.0257142857142857 973.80002016052
0.0257692307692308 973.729656465549
0.0258241758241758 973.657334474159
0.0258791208791209 973.583014215077
0.0259340659340659 973.506655375171
0.025989010989011 973.428217311265
0.026043956043956 973.347659062415
0.0260989010989011 973.264939362633
0.0261538461538462 973.180016654057
0.0262087912087912 973.092849100557
0.0262637362637363 973.003394601784
0.0263186813186813 972.911610807643
0.0263736263736264 972.817455133194
0.0264285714285714 972.720884773968
0.0264835164835165 972.621856721699
0.0265384615384615 972.520327780443
0.0265934065934066 972.416254583108
0.0266483516483517 972.309593608354
0.0267032967032967 972.200301197875
0.0267582417582418 972.088333574038
0.0268131868131868 971.973646857875
0.0268681318681319 971.856197087423
0.0269230769230769 971.735940236377
0.026978021978022 971.612832233075
0.027032967032967 971.486828979766
0.0270879120879121 971.357886372182
0.0271428571428571 971.225960319371
0.0271978021978022 971.09100676379
0.0272527472527473 970.952981701645
0.0273076923076923 970.811841203449
0.0273626373626374 970.667541434788
0.0274175824175824 970.520038677291
0.0274725274725275 970.369289349754
0.0275274725274725 970.215250029436
0.0275824175824176 970.057877473487
0.0276373626373626 969.897128640486
0.0276923076923077 969.73296071209
0.0277472527472527 969.565331114756
0.0278021978021978 969.394197541521
0.0278571428571429 969.219517973821
0.0279120879120879 969.041250703331
0.027967032967033 968.859354353801
0.028021978021978 968.673787902863
0.0280769230769231 968.4845107038
0.0281318681318681 968.291482507246
0.0281868131868132 968.094663482794
0.0282417582417582 967.894014240497
0.0282967032967033 967.689495852235
0.0283516483516484 967.481069872936
0.0284065934065934 967.268698361606
0.0284615384615385 967.052343902174
0.0285164835164835 966.831969624115
0.0285714285714286 966.607539222825
0.0286263736263736 966.379016979742
0.0286813186813187 966.146367782176
0.0287362637362637 965.909557142832
0.0287912087912088 965.668551219012
0.0288461538461538 965.423316831462
0.0289010989010989 965.173821482854
0.028956043956044 964.920033375872
0.029010989010989 964.6619214309
0.0290659340659341 964.399455303264
0.0291208791208791 964.132605400042
0.0291758241758242 963.861342896389
0.0292307692307692 963.585639751392
0.0292857142857143 963.305468723405
0.0293406593406593 963.02080338487
0.0293956043956044 962.731618136599
0.0294505494505495 962.437888221493
0.0295054945054945 962.139589737698
0.0295604395604396 961.836699651163
0.0296153846153846 961.529195807605
0.0296703296703297 961.21705694385
0.0297252747252747 960.900262698551
0.0297802197802198 960.578793622258
0.0298351648351648 960.252631186836
0.0298901098901099 959.921757794216
0.0299450549450549 959.586156784465
0.03 959.245812443184
0.0300549450549451 958.900710008188
0.0301098901098901 958.550835675506
0.0301648351648352 958.19617660465
0.0302197802197802 957.83672092318
0.0302747252747253 957.472457730539
0.0303296703296703 957.103377101159
0.0303846153846154 956.729470086838
0.0304395604395604 956.35072871838
0.0304945054945055 955.967146006494
0.0305494505494506 955.578715941957
0.0306043956043956 955.185433495035
0.0306593406593407 954.787294614165
0.0307142857142857 954.384296223891
0.0307692307692308 953.976436222076
0.0308241758241758 953.563713476368
0.0308791208791209 953.146127819939
0.0309340659340659 952.723680046499
0.030989010989011 952.296371904586
0.031043956043956 951.864206091143
0.0310989010989011 951.427186244388
0.0311538461538462 950.985316935982
0.0312087912087912 950.538603662502
0.0312637362637363 950.087052836241
0.0313186813186813 949.630671775326
0.0313736263736264 949.169468693176
0.0314285714285714 948.703452687319
0.0314835164835165 948.232633727557
0.0315384615384615 947.757022643518
0.0315934065934066 947.276631111589
0.0316483516483516 946.79147164126
0.0317032967032967 946.301557560874
0.0317582417582418 945.806903002825
0.0318131868131868 945.307522888189
0.0318681318681319 944.803432910837
0.0319230769230769 944.294649521019
0.031978021978022 943.781189908451
0.032032967032967 943.263071984927
0.0320879120879121 942.740314366459
0.0321428571428571 942.212936354977
0.0321978021978022 941.680957919605
0.0322527472527473 941.14439967753
0.0323076923076923 940.603282874484
0.0323626373626374 940.057629364862
0.0324175824175824 939.507461591498
0.0324725274725275 938.952802565109
0.0325274725274725 938.393675843444
0.0325824175824176 937.830105510145
0.0326373626373626 937.262116153346
0.0326923076923077 936.689732844035
0.0327472527472528 936.112981114196
0.0328021978021978 935.531886934752
0.0328571428571429 934.94647669333
0.0329120879120879 934.356777171874
0.032967032967033 933.762815524124
0.033021978021978 933.164619252978
0.0330769230769231 932.562216187768
0.0331318681318681 931.955634461454
0.0331868131868132 931.344902487785
0.0332417582417582 930.730048938412
0.0332967032967033 930.11110272
0.0333516483516484 929.488092951352
0.0334065934065934 928.861048940557
0.0334615384615385 928.230000162191
0.0335164835164835 927.594976234586
0.0335714285714286 926.956006897182
0.0336263736263736 926.313121987993
0.0336813186813187 925.666351421184
0.0337362637362637 925.0157251648
0.0337912087912088 924.361273218645
0.0338461538461539 923.70302559234
0.0339010989010989 923.041012283568
0.033956043956044 922.375263256528
0.034010989010989 921.705808420609
0.0340659340659341 921.032677609297
0.0341208791208791 920.355900559338
0.0341758241758242 919.675506890158
0.0342307692307692 918.991526083563
0.0342857142857143 918.303987463726
0.0343406593406593 917.612920177476
0.0343956043956044 916.918353174899
0.0344505494505494 916.220315190255
0.0345054945054945 915.51883472324
0.0345604395604396 914.813940020574
0.0346153846153846 914.105659057953
0.0346703296703297 913.394019522352
0.0347252747252747 912.679048794699
0.0347802197802198 911.960773932914
0.0348351648351648 911.239221655337
0.0348901098901099 910.514418324537
0.0349450549450549 909.786389931508
0.035 909.055162080269
0.0350549450549451 908.320759972849
0.0351098901098901 907.583208394688
0.0351648351648352 906.84253170043
0.0352197802197802 906.098753800134
0.0352747252747253 905.351898145881
0.0353296703296703 904.601987718801
0.0353846153846154 903.849045016502
0.0354395604395604 903.093092040911
0.0354945054945055 902.334150286522
0.0355494505494506 901.572240729049
0.0356043956043956 900.807383814491
0.0356593406593407 900.039599448589
0.0357142857142857 899.268906986694
0.0357692307692308 898.495325224019
0.0358241758241758 897.718872386293
0.0358791208791209 896.939566120803
0.0359340659340659 896.157423487809
0.035989010989011 895.37246095235
0.036043956043956 894.584694376412
0.0360989010989011 893.794139011471
0.0361538461538462 893.000809491384
0.0362087912087912 892.204719825648
0.0362637362637363 891.40588339299
0.0363186813186813 890.604312935307
0.0363736263736264 889.800020551926
0.0364285714285714 888.993017694193
0.0364835164835165 888.183315160373
0.0365384615384615 887.370923090852
0.0365934065934066 886.55585096364
0.0366483516483516 885.738107590152
0.0367032967032967 884.917701111276
0.0367582417582418 884.094638993694
0.0368131868131868 883.268928026473
0.0368681318681319 882.440574317892
0.0369230769230769 881.609583292511
0.036978021978022 880.775959688458
0.037032967032967 879.939707554941
0.0370879120879121 879.100830249953
0.0371428571428571 878.259330438174
0.0371978021978022 877.415210089052
0.0372527472527473 876.568470475059
0.0373076923076923 875.719112170096
0.0373626373626374 874.867135048055
0.0374175824175824 874.012538281508
0.0374725274725275 873.155320340526
0.0375274725274725 872.295478991607
0.0375824175824176 871.433011296701
0.0376373626373626 870.567913612332
0.0376923076923077 869.700181588792
0.0377472527472527 868.829810169396
0.0378021978021978 867.956793589799
0.0378571428571429 867.081125377348
0.0379120879120879 866.202798350468
0.037967032967033 865.321804618062
0.038021978021978 864.43813557892
0.0380769230769231 863.551781921121
0.0381318681318681 862.66273362142
0.0381868131868132 861.770979944604
0.0382417582417582 860.876509442808
0.0382967032967033 859.979309954781
0.0383516483516484 859.079368605084
0.0384065934065934 858.176671803216
0.0384615384615385 857.271205242654
0.0385164835164835 856.362953899795
0.0385714285714286 855.451902032782
0.0386263736263736 854.53803318022
0.0386813186813187 853.621330159751
0.0387362637362637 852.701775066489
0.0387912087912088 851.779349271298
0.0388461538461538 850.85403341891
0.0389010989010989 849.925807425856
0.038956043956044 848.994650478217
0.039010989010989 848.060541029169
0.0390659340659341 847.123456796324
0.0391208791208791 846.18337475884
0.0391758241758242 845.240271154305
0.0392307692307692 844.29412147537
0.0392857142857143 843.344900466133
0.0393406593406593 842.39258211825
0.0393956043956044 841.437139666769
0.0394505494505495 840.478545585675
0.0395054945054945 839.516771583129
0.0395604395604396 838.551788596401
0.0396153846153846 837.583566786468
0.0396703296703297 836.612075532288
0.0397252747252747 835.63728342471
0.0397802197802198 834.659158260038
0.0398351648351648 833.677667033207
0.0398901098901099 832.692775930587
0.039945054945055 831.704450322379
0.04 830.712654754602
0.0400549450549451 829.717352940661
0.0401098901098901 828.718507752467
0.0401648351648352 827.716081211115
0.0402197802197802 826.710034477091
0.0402747252747253 825.700327840002
0.0403296703296703 824.68692070781
0.0403846153846154 823.669771595557
0.0404395604395604 822.648838113567
0.0404945054945055 821.624076955103
0.0405494505494506 820.595443883471
0.0406043956043956 819.56289371855
0.0406593406593407 818.526380322725
0.0407142857142857 817.485856586221
0.0407692307692308 816.441274411799
0.0408241758241758 815.39258469881
0.0408791208791209 814.339737326583
0.0409340659340659 813.282681137124
0.040989010989011 812.221363917107
0.041043956043956 811.155732379135
0.0410989010989011 810.085732142241
0.0411538461538462 809.011307711625
0.0412087912087912 807.932402457573
0.0412637362637363 806.848958593562
0.0413186813186813 805.760917153494
0.0413736263736264 804.668217968065
0.0414285714285714 803.570799640207
0.0414835164835165 802.468599519594
0.0415384615384615 801.361553676171
0.0415934065934066 800.249596872681
0.0416483516483517 799.132662536139
0.0417032967032967 798.010682728236
0.0417582417582418 796.883588114628
0.0418131868131868 795.75130793306
0.0418681318681319 794.613769960299
0.0419230769230769 793.47090047783
0.041978021978022 792.322624236259
0.042032967032967 791.168864418383
0.0420879120879121 790.009542600885
0.0421428571428571 788.844578714586
0.0421978021978022 787.673891003209
0.0422527472527473 786.497395980598
0.0423076923076923 785.31500838633
0.0423626373626374 784.126641139653
0.0424175824175824 782.932205291693
0.0424725274725275 781.731609975852
0.0425274725274725 780.524762356328
0.0425824175824176 779.311567574677
0.0426373626373626 778.091928694344
0.0426923076923077 776.865746643068
0.0427472527472527 775.632920153078
0.0428021978021978 774.393345698989
0.0428571428571429 773.146917433288
0.0429120879120879 771.893527119317
0.042967032967033 770.633064061641
0.043021978021978 769.36541503368
0.0430769230769231 768.090464202488
0.0431318681318681 766.808093050555
0.0431868131868132 765.518180294486
0.0432417582417582 764.220601800419
0.0432967032967033 762.915230496035
0.0433516483516484 761.601936279001
0.0434065934065934 760.280585921664
0.0434615384615385 758.951042971839
0.0435164835164835 757.613167649487
0.0435714285714286 756.266816739089
0.0436263736263736 754.911843477511
0.0436813186813187 753.548097437129
0.0437362637362637 752.175424403979
0.0437912087912088 750.793666250692
0.0438461538461538 749.402660803933
0.0439010989010989 748.002241706074
0.043956043956044 746.592238270804
0.044010989010989 745.172475332349
0.0440659340659341 743.742773087977
0.0441208791208791 742.302946933418
0.0441758241758242 740.852807290835
0.0442307692307692 739.392159428927
0.0442857142857143 737.92080327474
0.0443406593406593 736.438533216731
0.0443956043956044 734.945137898588
0.0444505494505495 733.440400003292
0.0445054945054945 731.924096026868
0.0445604395604396 730.395996041221
0.0446153846153846 728.855863445436
0.0446703296703297 727.30345470486
0.0447252747252747 725.738519077241
0.0447802197802198 724.160798325153
0.0448351648351648 722.570026413879
0.0448901098901099 720.965929193856
0.0449450549450549 719.348224066744
0.045 717.716619634078
0.0450549450549451 716.070815327431
0.0451098901098901 714.41050101888
0.0451648351648352 712.735356610533
0.0452197802197802 711.045051601742
0.0452747252747253 709.339244632533
0.0453296703296703 707.617583001669
0.0453846153846154 705.879702157653
0.0454395604395604 704.125225160798
0.0454945054945055 702.353762114413
0.0455494505494506 700.564909562919
0.0456043956043956 698.758249854573
0.0456593406593407 696.933350466296
0.0457142857142857 695.089763287832
0.0457692307692308 693.227023862303
0.0458241758241758 691.344650579907
0.0458791208791209 689.442143821268
0.0459340659340659 687.518985046606
0.045989010989011 685.574635826574
0.046043956043956 683.608536810212
0.0460989010989011 681.620106625077
0.0461538461538462 679.608740704107
0.0462087912087912 677.573810033303
0.0462637362637363 675.514659813727
0.0463186813186813 673.430608030678
0.0463736263736264 671.320943922215
0.0464285714285714 669.184926338414
0.0464835164835165 667.021781981865
0.0465384615384615 664.830703518945
0.0465934065934066 662.610847550315
0.0466483516483517 660.361332427846
0.0467032967032967 658.08123590384
0.0467582417582418 655.769592596817
0.0468131868131868 653.425391256447
0.0468681318681319 651.047571808203
0.0469230769230769 648.635022156097
0.046978021978022 646.186574719354
0.047032967032967 643.701002675988
0.0470879120879121 641.177015883021
0.0471428571428571 638.613256439351
0.0471978021978022 636.008293853035
0.0472527472527473 633.360619769903
0.0473076923076923 630.668642214846
0.0473626373626374 627.930679290681
0.0474175824175824 625.14495227212
0.0474725274725275 622.309578023788
0.0475274725274725 619.422560661328
0.0475824175824176 616.481782363049
0.0476373626373626 613.484993226133
0.0476923076923077 610.429800045649
0.0477472527472527 607.313653876133
0.0478021978021978 604.133836213687
0.0478571428571429 600.887443610894
0.0479120879120879 597.571370506249
0.047967032967033 594.182290013584
0.048021978021978 590.716632373555
0.0480769230769231 587.170560717224
0.0481318681318681 583.539943729132
0.0481868131868132 579.820324721367
0.0482417582417582 576.006886537972
0.0482967032967033 572.094411596361
0.0483516483516484 568.077236234105
0.0484065934065934 563.949198358631
0.0484615384615385 559.703577185301
0.0485164835164835 555.333023584331
0.0485714285714286 550.829479223854
0.0486263736263736 546.184082274636
0.0486813186813187 541.387056904175
0.0487362637362637 536.427583096907
0.0487912087912088 531.293642442186
0.0488461538461538 525.971834362066
0.0489010989010989 520.447155708332
0.048956043956044 514.702734603179
0.049010989010989 508.719506630736
0.0490659340659341 502.475817717061
0.0491208791208791 495.946932836287
0.0491758241758242 489.104422409515
0.0492307692307692 481.915387943948
0.0492857142857143 474.34147357581
0.0493406593406593 466.337588326996
0.0493956043956044 457.850231162472
0.0494505494505495 448.815260857773
0.0495054945054945 439.154874164125
0.0495604395604396 428.773429227392
0.0496153846153846 417.551540920867
0.0496703296703297 405.337512677579
0.0497252747252747 391.93452009886
0.0497802197802198 377.080740506104
0.0498351648351648 360.417193133405
0.0498901098901099 341.432881735779
0.0499450549450549 319.364856922732
0.05 293
