0.000819782294729941 -0
0.00197912953413036 1.6714107020624e-13
0.00257925182501808 2.17586151570057e-13
0.00305946917507754 -0
0.0034726535272268 -0
0.00384113726002316 3.22996671628823e-13
0.00417698840332553 3.50861238569237e-13
0.00448763455987012 1.88275249378676e-12
0.00477804136299067 2.80341213755261e-12
0.00505172612101589 6.34458056158641e-12
0.00531128951822182 1.06614309636015e-11
0.00555871945263108 1.85768039680768e-11
0.00579557626960166 3.09559654792548e-11
0.00602311157698911 4.87070048702825e-11
0.00624234765362754 7.43384181973977e-11
0.00645413235392453 1.12213093567993e-10
0.00665917817010254 1.66008694589626e-10
0.00685809070938404 2.43649208451974e-10
0.00705138989663295 3.52564529904631e-10
0.00723952605396552 5.01891952880249e-10
0.00742289229451839 7.06273962256665e-10
0.00760183421381008 9.84502076333314e-10
0.00777665756614502 1.35658889899186e-09
0.00794763441583199 1.8528723681774e-09
0.0081150081181622 2.50617693554268e-09
0.00827899739137555 3.36267756915835e-09
0.00843979967457883 4.47523653268309e-09
0.00859759391899155 5.91281617353809e-09
0.00875254292523021 7.75789017208096e-09
0.00890479531376102 1.01136592221413e-08
0.00905448719654576 1.31036993450207e-08
0.00920174360347807 1.68751747057041e-08
0.00934667970620053 2.16098313139328e-08
0.00948940187341503 2.75249425422626e-08
0.009630008585211 3.48756721274728e-08
0.00976859122877446 4.39733227747423e-08
0.00990523479376483 5.51878892806363e-08
0.0100400184824045 6.89464118047467e-08
0.0101730162467302 8.57631021003635e-08
0.0103042972633631 1.06239633450232e-07
0.0104339263544557 1.31074324454158e-07
0.0105619643620941 1.61092067130962e-07
0.0106884684822933 1.9724561785843e-07
0.0108134925637943 2.40645249169557e-07
0.0109370873760923 2.92574800031666e-07
0.0110593008504829 3.54517925368552e-07
0.0111801782973748 4.28187109031774e-07
0.0112997626026633 5.15541903196059e-07
0.0114180944055802 6.18828548259543e-07
0.0115352122601117 7.40619199673528e-07
0.0116511527818026 8.838505790391e-07
0.0117659507815332 1.05185999627758e-06
0.0118796393876532 1.24843744170534e-06
0.0119922501576893 1.4778821608912e-06
0.0121038131806927 1.74505319741964e-06
0.0122143571711696 2.05543381300076e-06
0.0123239095554229 2.41519768926763e-06
0.0124324965510451 2.83129263113972e-06
0.0125401432402105 3.31151070311074e-06
0.0126468736373524 3.86457794601084e-06
0.0127527107517381 4.50025846802808e-06
0.0128576766454076 5.22943987815082e-06
0.0129617924868869 6.06426134164454e-06
0.0130650786010474 7.0182212301598e-06
0.013167554515444 8.10631602415184e-06
0.0132692390034311 9.34516890778929e-06
0.0133701501243263 1.07531819905957e-05
0.0134703052608652 1.23506981803011e-05
0.013569721154167 1.41601696609598e-05
0.0136684139364106 1.62063447556964e-05
0.0137663991614019 1.85164445928722e-05
0.0138636918331952 2.11203992686373e-05
0.0139603064329201 2.40510465139763e-05
0.0140562569439472 2.73443676872973e-05
0.0141515568755179 3.10397512789989e-05
0.0142462192849517 3.51802436545386e-05
0.0143402567985332 3.9812836309423e-05
0.0144336816311742 4.49887548415325e-05
0.0145265056049372 5.07637831049259e-05
0.0146187401665005 5.7198583851275e-05
0.0147103964036371 6.43590483176019e-05
0.0148014850607752 7.23166639750199e-05
0.0148920165537013 8.11488949182288e-05
0.0149820009834647 9.09395956965255e-05
0.0150714481495334 0.000101779432617551
0.0151603675622518 0.000113766312325018
0.0152487684546446 0.000127005873667184
0.0153366597936082 0.000141611949186501
0.0154240502905274 0.000157707085759223
0.0155109484113545 0.000175423065280349
0.0155973623861825 0.000194901465439247
0.0156833002183433 0.000216294225422918
0.0157687696930599 0.000239764248664717
0.0158537783856787 0.000265486005825409
0.0159383336695061 0.000293646195712547
0.0160224427232733 0.000324444395931978
0.0161061125382503 0.000358093755013603
0.0161893499250282 0.000394821705822108
0.0162721615199902 0.00043487069539581
0.0163545537914867 0.000478498937329344
0.0164365330457324 0.000525981201695974
0.0165181054324398 0.000577609608098104
0.0165992769502035 0.000633694448917291
0.0166800534516483 0.000694565045548041
0.0167604406483548 0.000760570600139454
0.0168404441155722 0.000832081102898975
0.0169200692967316 0.000909488226050598
0.0169993215077685 0.00099320625833985
0.0170782059412646 0.00108367305630008
0.0171567276704186 0.00118135100960199
0.0172348916528537 0.0012867280306084
0.0173127027342709 0.00140031854497026
0.0173901656519546 0.00152266452682026
0.0174672850381389 0.00165433651545118
0.0175440654232398 0.00179593467121336
0.0176205112389617 0.00194808983836597
0.0176966268212823 0.00211146460669967
0.0177724164133228 0.00228675440433336
0.0178478841681081 0.00247468858761641
0.0179230341512231 0.0026760315302868
0.0179978703433681 0.00289158373666667
0.0180723966428198 0.00312218294704705
0.0181466168678009 0.00336870524538737
0.0182205347587633 0.00363206618639546
0.0182941539805873 0.00391322188698165
0.0183674781247029 0.00421317015640501
0.0184405107111335 0.00453295158186049
0.0185132551904686 0.00487365064411011
0.0185857149457657 0.00523639678745253
0.0186578932943869 0.00562236553812173
0.0187297934897708 0.00603277951897208
0.0188014187231439 0.00646890954292888
0.0188727721251736 0.00693207563560054
0.0189438567675648 0.00742364804741166
0.0190146756646032 0.00794504826317745
0.0190852317746466 0.00849774996054099
0.0191555280015674 0.00908327996195815
0.0192255671961468 0.00970321915084857
0.0192953521574241 0.0103592033665038
0.019364885634002 0.011052924249447
0.0194341703253099 0.0117861300643096
0.0195032088828268 0.0125606264872334
0.0195720039112651 0.0133782773375603
0.0196405579697179 0.0142410052923318
0.0197088735727693 0.0151507925199015
0.0197769531915707 0.0161096813035771
0.0198447992548844 0.0171197745999438
0.019912414150094 0.0181832365366923
0.0199798002241852 0.0193022928690858
0.0200469597846961 0.0204792313846356
0.0201138951006393 0.0217164022268298
0.0201806084033966 0.0230162181813333
0.0202471018875869 0.0243811548899357
0.0203133777119084 0.0258137509900005
0.0203794379999566 0.0273166082291316
0.0204452848410184 0.0288923914308443
0.0205109202908428 0.0305438284902839
0.02057634637239 0.0322737102124585
0.020641565076559 0.0340848901160111
0.0207065783628941 0.0359802841719856
0.0207713881602728 0.0379628704276047
0.0208359963675723 0.0400356885884371
0.0209004048543198 0.04220183949895
0.0209646154613233 0.0444644845660504
0.0210286300012851 0.0468268450388597
0.0210924502593997 0.0492922013065264
0.0211560779939342 0.0518638920177227
0.0212195149367934 0.0545453131645623
0.0212827627940703 0.0573399170633239
0.0213458232465812 0.060251211271188
0.021408697950387 0.0632827573692752
0.0214713885373007 0.0664381697253262
0.0215338966153813 0.069721114102707
0.0215962237694155 0.0731353062381909
0.0216583715613862 0.076684510290439
0.0217203415309294 0.0803725372212411
0.0217821351957793 0.0842032431094611
0.0218437540522017 0.0881805273166559
0.0219051995754173 0.0923083306464022
0.0219664732200133 0.0965906333713247
0.0220275764203455 0.10103145316679
0.0220885105909298 0.105634843010964
0.0221492771268245 0.110404888953957
0.022209877404003 0.115345707823067
0.022270312779717 0.120461444882943
0.0223305845928517 0.12575627135059
0.0223906941642715 0.131234381907521
0.0224506427971578 0.136899992068374
0.022510431777339 0.142757335543895
0.0225700623736116 0.148810661495736
0.0226295358380551 0.155064231718907
0.0226888534063385 0.161522317790978
0.0227480162980196 0.168189198141912
0.022807025716838 0.17506915502692
0.0228658828510002 0.182166471533683
0.0229245888734598 0.189485428430318
0.0229831449421892 0.197030301042566
0.0230415522004466 0.204805356030395
0.0230998117770365 0.212814848153366
0.0231579247865641 0.221063016973031
0.0232158923296841 0.229554083525076
0.023273715493344 0.23829224695237
0.0233313953510218 0.247281681115092
0.0233889329629587 0.25652653115347
0.0234463293763864 0.266030910043959
0.0235035856257493 0.275798895120176
0.0235607027329224 0.285834524594612
0.0236176817074238 0.296141794049279
0.0236745235466232 0.306724652916031
0.0237312292359451 0.317587000962725
0.0237877997490687 0.328732684767377
0.0238442360481225 0.340165494197824
0.0239005390838754 0.351889158897847
0.0239567097959237 0.363907344775527
0.024012749112874 0.376223650524626
0.0240686579525221 0.388841604124336
0.0241244372220287 0.40176465940483
0.0241800878180909 0.414996192605242
0.0242356106271105 0.42853949899128
0.0242910065253588 0.442397789467823
0.0243462763791378 0.45657418726239
0.0244014210449383 0.47107172463519
0.0244564413695949 0.485893339616731
0.0245113381904375 0.501041872831044
0.0245661123354402 0.516520064359823
0.024620764623367 0.532330550626628
0.0246752958639143 0.548475861379703
0.0247297068578512 0.564958416750123
0.0247839983971566 0.581780524315419
0.0248381712651536 0.598944376295529
0.0248922262366416 0.616452046788109
0.0249461640780251 0.634305489090729
0.0249999855474412 0.652506533108471
0.0250536913948834 0.671056882826929
0.0251072823623235 0.689958113900685
0.0251607591838317 0.709211671286332
0.0252141225856934 0.728818867012568
0.0252673732865245 0.748780878017032
0.0253205119973845 0.769098744099333
0.0253735394218867 0.789773365930427
0.0254264562563076 0.810805503238587
0.0254792631896932 0.832195773007722
0.0255319609039636 0.853944647872346
0.025584550074016 0.876052454559729
0.0256370313678255 0.898519372453956
0.0256894054465438 0.921345432273552
0.0257416729645966 0.944530514872367
0.0257938345697794 0.968074350153594
0.0258458909033502 0.991976516084374
0.0258978426001224 1.01623643783236
0.0259496902885549 1.04085338702821
0.0260014345908402 1.06582648113738
0.0260530761229925 1.09115468297508
0.0261046154949325 1.11683680028293
0.0261560533105717 1.14287148551351
0.0262073901678951 1.16925723563726
0.0262586266590421 1.1959923921584
0.0263097633703861 1.22307514119394
0.0263608008826133 1.25050351370113
0.0264117397707991 1.27827538580246
0.0264625806044838 1.30638847927703
0.0265133239477472 1.33484036209572
0.0265639703592814 1.36362844915521
0.0266145203924624 1.39275000308556
0.0266649745954209 1.42220213517742
0.0267153335111118 1.4519818064288
0.0267655976773818 1.48208582873339
0.026815767627037 1.51251086613128
0.0268658438879086 1.54325343621826
0.0269158269829173 1.57430991164524
0.0269657174301378 1.60567652172
0.0270155157428608 1.63734935414627
0.0270652224296548 1.66932435682206
0.0271148379944269 1.70159733979386
0.027164362936482 1.73416397727663
0.0272137977505817 1.76701980977231
0.0272631429270022 1.800160246319
0.0273123989515904 1.83358056678131
0.0273615663058203 1.86727592429576
0.0274106454668475 1.90124134775532
0.0274596369075635 1.93547174441011
0.0275085410966488 1.96996190252899
0.0275573584986251 2.00470649417352
0.0276060895739068 2.03970007801693
0.0276547347788519 2.07493710226366
0.0277032945658116 2.11041190764866
0.0277517693831793 2.14611873044723
0.0278001596754393 2.18205170566018
0.027848465883214 2.21820487014722
0.0278966884433109 2.2545721658967
0.0279448277887685 2.29114744331902
0.0279928843489018 2.3279244646121
0.0280408585493471 2.36489690717723
0.0280887508121056 2.40205836705423
0.0281365615555871 2.43940236244312
0.0281842911946525 2.47692233723507
0.0282319401406557 2.51461166459604
0.0282795088014851 2.55246365058498
0.0283269975816044 2.59047153778146
0.0283744068820925 2.62862850900193
0.028421737100683 2.66692769093815
0.0284689886318036 2.70536215792538
0.0285161618666139 2.74392493565035
0.0285632571930435 2.78260900491661
0.0286102749958289 2.82140730539833
0.0286572156565507 2.86031273942059
0.0287040795536692 2.89931817571803
0.0287508670625603 2.93841645322567
0.0287975785555505 2.97760038484919
0.0288442144019515 3.01686276121836
0.0288907749680942 3.05619635448246
0.0289372606173622 3.09559392201813
0.0289836717102252 3.13504821020109
0.0290300086042713 3.17455195810197
0.0290762716542392 3.21409790119645
0.0291224612120501 3.25367877503747
0.0291685776268386 3.29328731890221
0.0292146212449838 3.33291627941478
0.0292605924101395 3.37255841414645
0.0293064914632639 3.41220649514471
0.0293523187426498 3.45185331248896
0.0293980745839528 3.4914916777478
0.0294437593202207 3.53111442742336
0.0294893732819213 3.5707144263463
0.0295349167969706 3.61028457103529
0.0295803901907603 3.64981779297723
0.0296257937861846 3.68930706190561
0.0296711279036674 3.72874538897826
0.0297163928611882 3.76812582993222
0.0297615889743086 3.80744148816717
0.0298067165561976 3.84668551778041
0.0298517759176571 3.88585112652029
0.0298967673671468 3.92493157871255
0.029941691210809 3.96392019811087
0.0299865477524926 4.00281037065149
0.0300313372937774 4.04159554718531
0.0300760601339974 4.08026924612761
0.0301207165702647 4.11882505601695
0.0301653068974918 4.15725663804815
0.0302098314084149 4.19555772848515
0.030254290393616 4.23372214104581
0.0302986841415453 4.27174376917138
0.0303430129385428 4.30961658827435
0.0303872770688599 4.3473346578545
0.0304314768146808 4.38489212357918
0.0304756124561432 4.4222832192795
0.0305196842713593 4.45950226885584
0.0305636925364362 4.4965436881249
0.030607637525496 4.53340198657328
0.0306515195106956 4.57007176904764
0.0306953387622467 4.60654773736391
0.0307390955484349 4.64282469182096
0.0307827901356391 4.67889753267067
0.0308264227883503 4.71476126147054
0.0308699937691901 4.75041098239152
0.0309135033389295 4.78584190342421
0.0309569517565069 4.82104933753685
0.0310003392790461 4.85602870370752
0.0310436661618741 4.89077552792981
0.0310869326585386 4.9252854441147
0.0311301390208253 4.95955419491286
0.0311732854987749 4.99357763248551
0.0312163723407003 5.02735171917765
0.0312593997932029 5.06087252811844
0.0313023681011893 5.09413624376147
0.0313452775078874 5.12713916234246
0.0313881282548627 5.15987769226609
0.0314309205820339 5.192348354421
0.0314736547276888 5.22454778241033
0.0315163309284995 5.25647272276136
0.031558949419538 5.28812003499914
0.0316015104342913 5.31948669170396
0.0316440142046758 5.35056977846792
0.0316864609610529 5.3813664938208
0.0317288509322428 5.41187414906261
0.0317711843455393 5.44209016804418
0.0318134614267239 5.47201208688799
0.03185568240008 5.50163755363929
0.0318978474884064 5.53096432787446
0.0319399569130315 5.55999028022416
0.0319820108938264 5.58871339187008
0.0320240096492187 5.61713175396318
0.0320659533962056 5.64524356700789
0.0321078423503666 5.67304714017477
0.0321496767258771 5.7005408905613
0.0321914567355207 5.72772334242913
0.032233182590702 5.75459312635783
0.032274854501459 5.78114897838483
0.0323164726764755 5.80738973906244
0.0323580373230933 5.83331435252063
0.032399548647324 5.8589218654188
0.0324410068538616 5.88421142592939
0.0324824121460934 5.90918228263796
0.0325237647261121 5.93383378340808
0.0325650647947275 5.95816537422805
0.0326063125514774 5.98217659799314
0.0326475081946392 6.00586709329316
0.0326886519212409 6.0292365931309
0.032729743927072 6.05228492363308
0.0327707844066946 6.07501200271389
0.0328117735534539 6.09741783873614
0.0328527115594891 6.11950252912096
0.0328935986157436 6.14126625894032
0.0329344349119755 6.16270929948992
0.0329752206367682 6.18383200684054
0.03301595597754 6.20463482036755
0.0330566411205544 6.22511826125412
0.0330972762509304 6.24528293099128
0.0331378615526516 6.26512950983078
0.0331783972085766 6.28465875527721
0.0332188834004481 6.30387150050476
0.0332593203089027 6.32276865280729
0.0332997081134804 6.34135119200902
0.0333400469926334 6.35962016888475
0.033380337123736 6.37757670355658
0.033420578683093 6.39522198389987
0.0334607718459493 6.41255726391509
0.0335009167864983 6.42958386212739
0.033541013677891 6.44630315996827
0.0335810626922448 6.46271660014522
0.0336210640006519 6.47882568501639
0.0336610177731879 6.4946319749768
0.03370092417892 6.51013708682839
0.0337407833859161 6.52534269215457
0.033780595561252 6.54025051571914
0.0338203608710205 6.55486233382951
0.033860079480339 6.56917997273583
0.0338997515533574 6.58320530703373
0.0339393772532664 6.59694025804224
0.0339789567423052 6.61038679224428
0.0340184901817691 6.62354691968235
0.0340579777320172 6.63642269238769
0.0340974195524801 6.6490162028258
0.0341368158016675 6.66132958233789
0.0341761666371753 6.67336499959755
0.0342154722156932 6.68512465908672
0.034254732693012 6.69661079957566
0.0342939482240307 6.70782569263254
0.0343331189627637 6.71877164111104
0.0343722450623476 6.72945097769849
0.0344113266750486 6.73986606346011
0.0344503639522693 6.7500192863778
0.0344893570445554 6.7599130599383
0.0345283061016022 6.76954982173769
0.0345672112722622 6.77893203205824
0.0346060727045508 6.78806217253458
0.0346448905456534 6.79694274476997
0.0346836649419315 6.80557626902517
0.0347223960389299 6.81396528287813
0.0347610839813819 6.82211233996414
0.0347997289132169 6.83002000865634
0.0348383309775655 6.83769087085494
0.0348768903167666 6.84512752072706
0.034915407072373 6.85233256349525
0.0349538813851574 6.85930861426027
0.0349923133951189 6.86605829681217
0.0350307032414883 6.87258424249998
0.0350690510627347 6.87888908908835
0.0351073569965706 6.88497547966369
0.0351456211799583 6.89084606155697
0.0351838437491151 6.89650348526385
0.0352220248395194 6.90195040342455
0.0352601645859159 6.90718946980477
0.0352982631223214 6.91222333830027
0.0353363205820303 6.91705466197192
0.0353743370976199 6.92168609209178
0.0354123128009559 6.92612027721817
0.0354502478231977 6.93035986230456
0.0354881422948037 6.93440748781073
0.0355259963455364 6.93826578884428
0.0355638101044679 6.94193739433737
0.0356015836999847 6.94542492622773
0.0356393172597929 6.94873099866392
0.0356770109109233 6.95185821725465
0.0357146647797364 6.95480917831182
0.0357522789919272 6.95758646812756
0.0357898536725303 6.96019266228482
0.0358273889459246 6.9626303249598
0.035864884935838 6.96490200828699
0.0359023417653525 6.96701025171472
0.0359397595569085 6.96895758138148
0.03597713843231 6.9707465095356
0.0360144785127285 6.97237953395788
0.0360517799187083 6.97385913741532
0.0360890427701705 6.97518778711741
0.0361262671864181 6.97636793422701
0.0361634532861395 6.97740201335035
0.0362006011874141 6.97829244207493
0.0362377110077157 6.97904162051614
0.0362747828639174 6.97965193088899
0.0363118168722954 6.98012573709606
0.036348813148534 6.98046538432709
0.036385771807729 6.98067319868878
0.0364226929643924 6.98075148685435
0.0364595767324564 6.98070253570563
0.0364964232252775 6.98052861202559
0.0365332325556406 6.98023196220069
0.0365700048357627 6.9798148119173
0.0366067401772976 6.97927936590424
0.036643438691339 6.97862780766858
0.0366801004884253 6.97786229927233
0.0367167256785427 6.97698498109482
0.0367533143711294 6.97599797164383
0.0367898666750795 6.9749033673498
0.0368263826987468 6.97370324239387
0.0368628625499481 6.97239964855795
0.0368993063359676 6.97099461506361
0.03693571416356 6.96949014844492
0.0369720861389544 6.9678882324345
0.0370084223678578 6.96619082784289
0.0370447229554591 6.96439987248848
0.037080988006432 6.96251728109809
0.0371172176249389 6.96054494525009
0.0371534119146344 6.95848473331734
0.0371895709786688 6.95633849041674
0.0372256949196912 6.95410803839242
0.0372617838398532 6.95179517577411
0.0372978378408123 6.94940167778975
0.037333857023735 6.94692929635021
0.0373698414893004 6.9443797600705
0.0374057913377032 6.94175477428446
0.0374417066686571 6.93905602107471
0.0374775875813981 6.93628515932228
0.0375134341746875 6.93344382474637
0.0375492465468152 6.93053362996374
0.0375850247956029 6.92755616456106
0.0376207690184072 6.92451299516519
0.0376564793121224 6.92140566552849
0.037692155773184 6.91823569661363
0.0377277984975716 6.91500458670482
0.0377634075808115 6.91171381149554
0.0377989831179804 6.90836482421221
0.0378345252037079 6.90495905573726
0.0378700339321794 6.9014979147199
0.0379055093971394 6.89798278771169
0.0379409516918938 6.89441503931206
0.0379763609093135 6.89079601231041
0.0380117371418364 6.88712702781551
0.0380470804814711 6.88340938542952
0.0380823910197989 6.87964436339826
0.038117668847977 6.8758332187799
0.0381529140567414 6.87197718759645
0.0381881267364089 6.86807748501725
0.0382233069768807 6.86413530553498
0.0382584548676446 6.86015182313891
0.0382935704977775 6.85612819150268
0.0383286539559484 6.8520655441664
0.038363705330421 6.84796499472764
0.0383987247090558 6.84382763703746
0.0384337121793133 6.83965454537687
0.0384686678282562 6.83544677468549
0.038503591742552 6.831205360734
0.0385384840084755 6.82693132034045
0.0385733447119112 6.822625651571
0.0386081739383561 6.8182893339383
0.0386429717729216 6.81392332863153
0.0386777383003364 6.80952857869537
0.0387124736049488 6.80510600926452
0.0387471777707288 6.80065652776406
0.038781850881271 6.79618102412897
0.0388164930197964 6.79168037100918
0.038851104269155 6.787155423999
0.0388856847118282 6.78260702182844
0.0389202344299308 6.7780359866094
0.0389547535052137 6.77344312402899
0.0389892420190657 6.76882922357718
0.0390237000525161 6.76419505875502
0.0390581276862365 6.75954138730619
0.0390925250005436 6.75486895141671
0.039126892075401 6.75017847794423
0.0391612289904212 6.74547067863107
0.0391955358248681 6.7407462503102
0.0392298126576592 6.73600587514195
0.0392640595673672 6.73125022080555
0.0392982766322228 6.72647994073326
0.039332463930116 6.72169567430668
0.039366621538599 6.71689804708612
0.0394007495348876 6.71208767100886
0.0394348479958635 6.70726514460131
0.0394689169980762 6.70243105320377
0.0395029566177455 6.69758596915309
0.0395369669307626 6.69273045201844
0.0395709480126928 6.68786504878613
0.0396048999387772 6.68299029407376
0.0396388227839348 6.67810671032583
0.039672716622764 6.67321480803138
0.0397065815295451 6.66831508590227
0.0397404175782416 6.66340803109424
0.0397742248425028 6.65849411938719
0.0398080033956649 6.65357381539061
0.0398417533107534 6.64864757272897
0.0398754746604848 6.64371583424343
0.0399091675172681 6.638779032178
0.0399428319532073 6.63383758836546
0.0399764680401026 6.62889191440978
0.0400100758494523 6.62394241188959
0.0400436554524549 6.61898947251789
0.0400772069200104 6.61403347834318
0.0401107303227225 6.60907480190589
0.0401442257308997 6.60411380644221
0.040177693214558 6.59915084603581
0.0402111328434216 6.59418626580491
0.0402445446869251 6.58922040206115
0.0402779288142152 6.58425358249284
0.0403112852941522 6.5792861263272
0.0403446141953118 6.57431834448393
0.0403779155859867 6.56935053975157
0.0404111895341881 6.56438300693982
0.0404444361076475 6.55941603304861
0.0404776553738183 6.55444989740042
0.0405108473998771 6.54948487182907
0.0405440122527259 6.54452122080603
0.0405771499989929 6.53955920159482
0.0406102607050348 6.534599064405
0.0406433444369378 6.52964105253166
0.0406764012605194 6.5246854025092
0.0407094312413298 6.51973234423966
0.0407424344446537 6.51478210113752
0.0407754109355114 6.50983489027311
0.0408083607786605 6.50489092249505
0.0408412840385976 6.49995040257759
0.0408741807795591 6.49501352933438
0.0409070510655236 6.49008049577345
0.0409398949602126 6.48515148919333
0.0409727125270922 6.48022669133046
0.0410055038293747 6.47530627847062
0.0410382689300195 6.47039042157377
0.0410710078917353 6.46547928639369
0.0411037207769808 6.46057303359385
0.0411364076479664 6.45567181885631
0.0411690685666556 6.45077579300809
0.0412017035947662 6.44588510211449
0.0412343127937718 6.44099988760482
0.0412668962249032 6.43612028636652
0.0412994539491495 6.43124643085879
0.0413319860272598 6.42637844920908
0.0413644925197441 6.42151646532102
0.041396973486875 6.41666059896484
0.0414294289886888 6.41181096588569
0.0414618590849866 6.40696767789217
0.0414942638353361 6.40213084295176
0.0415266432990724 6.39730056528934
0.0415589975352996 6.39247694546646
0.0415913266028917 6.3876600804737
0.0416236305604944 6.38285006382515
0.0416559094665257 6.37804698563774
0.0416881633791775 6.37325093271085
0.0417203923564168 6.36846198861719
0.0417525964559869 6.36368023377917
0.0417847757354085 6.35890574554498
0.0418169302519811 6.35413859827191
0.041849060062784 6.34937886339367
0.0418811652246775 6.34462660950283
0.0419132457943042 6.33988190241796
0.0419453018280901 6.33514480525675
0.0419773333822457 6.33041537850861
0.0420093405127673 6.32569368009488
0.0420413232754378 6.32097976544225
0.0420732817258284 6.31627368754721
0.0421052159192993 6.3115754970368
0.0421371259110007 6.30688524223282
0.0421690117558743 6.30220296921759
0.0422008735086544 6.29752872188705
0.0422327112238686 6.29286254201005
0.0422645249558392 6.2882044692896
0.0422963147586842 6.28355454141701
0.0423280806863184 6.278912794122
0.0423598227924544 6.27427926123915
0.0423915411306037 6.26965397474123
0.0424232357540779 6.26503696480984
0.0424549067159893 6.26042825986967
0.0424865540692526 6.25582788664769
0.0425181778665853 6.25123587021873
0.0425497781605091 6.24665223404972
0.0425813550033508 6.24207700003898
0.0426129084472434 6.2375101885813
0.0426444385441269 6.23295181858564
0.0426759453457495 6.22840190753868
0.0427074289036685 6.2238604715317
0.0427388892692514 6.2193275253129
0.0427703264936765 6.21480308231301
0.0428017406279345 6.21028715469714
0.0428331317228288 6.2057797533988
0.0428644998289771 6.20128088814724
0.0428958449968117 6.19679056752118
0.042927167276581 6.19230879895977
0.0429584667183501 6.18783558882618
0.0429897433720019 6.183370942414
0.043020997287238 6.17891486399358
0.0430522285135795 6.17446735683843
0.043083437100368 6.17002842326469
0.0431146230967667 6.16559806464686
0.0431457865517609 6.16117628146177
0.0431769275141592 6.1567630733066
0.0432080460325945 6.15235843893129
0.0432391421555244 6.14796237626751
0.0432702159312325 6.14357488244548
0.0433012674078293 6.13919595383449
0.0433322966332526 6.13482558605777
0.043363303655269 6.1304637740161
0.0433942885214743 6.12611051191662
0.0434252512792945 6.12176579329517
0.0434561919759867 6.11742961104084
0.0434871106586398 6.11310195740721
0.0435180073741754 6.10878282404825
0.0435488821693488 6.1044722020275
0.0435797350907496 6.10017008184783
0.0436105661848026 6.09587645346017
0.0436413754977686 6.09159130629754
0.0436721630757451 6.08731462927781
0.0437029289646675 6.08304641083092
0.0437336732103094 6.07878663891974
0.0437643958582838 6.0745353010418
0.0437950969540435 6.07029238426833
0.0438257765428822 6.06605787524206
0.0438564346699352 6.06183176019816
0.0438870713801802 6.05761402498529
0.0439176867184379 6.05340465507539
0.0439482807293729 6.04920363557293
0.0439788534574946 6.04501095124461
0.0440094049471575 6.04082658651482
0.0440399352425625 6.03665052549649
0.0440704443877573 6.03248275198775
0.0441009324266373 6.02832324949409
0.0441313994029462 6.02417200123786
0.0441618453602769 6.02002899017318
0.0441922703420721 6.01589419899009
0.0442226743916249 6.01176761013303
0.04425305755208 6.00764920580955
0.0442834198664337 6.00353896799866
0.0443137613775353 5.99943687846516
0.0443440821280875 5.99534291876245
0.0443743821606469 5.99125707025053
0.044404661517625 5.98717931410262
0.0444349202412889 5.98310963130744
0.0444651583737618 5.97904800268817
0.0444953759570238 5.97499440890447
0.0445255730329124 5.97094883046253
0.0445557496431235 5.96691124772457
0.044585905829212 5.96288164091495
0.044616041632592 5.95885999012637
0.0446461570945381 5.95484627532721
0.0446762522561858 5.95084047637111
0.0447063271585321 5.9468425730056
0.044736381842436 5.94285254487339
0.0447664163486196 5.93887037151845
0.0447964307176684 5.93489603239813
0.044826424990032 5.9309295068869
0.0448563992060248 5.92697077427761
0.0448863534058265 5.92301981379305
0.044916287629483 5.9190766045855
0.0449462019169068 5.9151411257513
0.0449760963078774 5.9112133563244
0.0450059708420426 5.90729327529109
0.0450358255589183 5.90338086158746
0.0450656604978899 5.89947609410674
0.0450954756982122 5.89557895170823
0.0451252711990105 5.89168941321612
0.0451550470392809 5.88780745742008
0.0451848032578911 5.8839330630908
0.0452145398935809 5.88006620897385
0.0452442569849626 5.87620687379679
0.0452739545705222 5.87235503627792
0.045303632688619 5.86851067511559
0.0453332913774873 5.86467376900726
0.0453629306752359 5.86084429664559
0.0453925506198496 5.85702223671835
0.0454221512491891 5.85320756792149
0.0454517326009919 5.84940026894979
0.0454812947128728 5.84560031850912
0.0455108376223243 5.8418076953144
0.0455403613667175 5.83802237809313
0.0455698659833023 5.83424434558942
0.0455993515092081 5.83047357656624
0.0456288179814444 5.8267100498039
0.0456582654369011 5.82295374410793
0.0456876939123495 5.81920463830682
0.0457171034444423 5.81546271125648
0.0457464940697145 5.81172794184125
0.0457758658245837 5.80800030897356
0.045805218745351 5.80427979160545
0.045834552868201 5.80056636871535
0.0458638682292027 5.79686001932338
0.0458931648643098 5.79316072248388
0.0459224428093614 5.78946845729053
0.0459517021000825 5.78578320287811
0.0459809427720843 5.78210493842423
0.0460101648608648 5.77843364315307
0.0460393684018096 5.7747692963245
0.0460685534301919 5.77111187725223
0.0460977199811732 5.76746136529499
0.0461268680898042 5.76381773985954
0.0461559977910244 5.76018098040181
0.0461851091196636 5.75655106643079
0.0462142021104416 5.75292797750389
0.0462432767979691 5.7493116932324
0.046272333216748 5.74570219328003
0.046301371401172 5.74209945736784
0.046330391385527 5.73850346526789
0.0463593932039915 5.73491419681006
0.0463883768906374 5.73133163188318
0.04641734247943 5.72775575043028
0.0464462900042287 5.72418653245259
0.0464752194987876 5.72062395801324
0.0465041309967556 5.7170680072311
0.0465330245316773 5.71351866028672
0.0465619001369931 5.70997589742008
0.0465907578460397 5.70643969893338
0.0466195976920508 5.70291004518955
0.0466484197081572 5.69938691661281
0.0466772239273874 5.695870293691
0.0467060103826684 5.69236015697268
0.0467347791068253 5.68885648707197
0.0467635301325825 5.68535926466304
0.0467922634925639 5.68186847048816
0.0468209792192931 5.67838408535079
0.0468496773451943 5.67490609011799
0.0468783579025922 5.67143446572441
0.0469070209237128 5.66796919316557
0.0469356664406837 5.66451025350563
0.0469642944855344 5.66105762787111
0.0469929050901971 5.65761129745488
0.0470214982865065 5.65417124351701
0.0470500741062009 5.65073744738006
0.047078632580922 5.64730989043365
0.0471071737422158 5.64388855413504
0.0471356976215328 5.64047342000432
0.0471642042502281 5.63706446962986
0.0471926936595625 5.63366168466559
0.0472211658807022 5.63026504683142
0.0472496209447196 5.6268745379119
0.0472780588825937 5.62349013976105
0.0473064797252101 5.62011183429624
0.047334883503362 5.61673960350064
0.0473632702477502 5.6133734294273
0.0473916399889833 5.61001329418999
0.0474199927575785 5.60665917997322
0.0474483285839621 5.60331106902543
0.0474766474984691 5.59996894366156
0.0475049495313444 5.5966327862599
0.0475332347127429 5.59330257927075
0.0475615030727295 5.58997830520285
0.0475897546412802 5.58665994663445
0.0476179894482818 5.58334748620919
0.0476462075235328 5.58004090663557
0.0476744088967431 5.57674019068746
0.0477025935975353 5.57344532120315
0.0477307616554442 5.57015628108707
0.0477589130999175 5.56687305330811
0.0477870479603163 5.5635956209004
0.0478151662659153 5.56032396696201
0.047843268045903 5.55705807465489
0.0478713533293826 5.55379792720657
0.0478994221453715 5.55054350790778
0.0479274745228025 5.5472948001137
0.0479555104905237 5.54405178724289
0.0479835300772987 5.54081445277809
0.0480115333118074 5.53758278026401
0.0480395202226462 5.53435675331053
0.0480674908383279 5.53113635558928
0.0480954451872827 5.52792157083461
0.048123383297858 5.52471238284482
0.0481513051983192 5.52150877547838
0.0481792109168496 5.51831073265756
0.048207100481551 5.51511823836748
0.048234973920444 5.511931276654
0.0482628312614682 5.50874983162278
0.0482906725324826 5.50557388744277
0.0483184977612661 5.50240342834504
0.0483463069755175 5.49923843861995
0.0483741002028561 5.49607890261866
0.0484018774708217 5.49292480475387
0.0484296388068753 5.48977612949696
0.0484573842383992 5.48663286138115
0.0484851137926974 5.48349498499795
0.0485128274969958 5.48036248499914
0.0485405253784425 5.47723534609552
0.0485682074641084 5.4741135530572
0.0485958737809871 5.47099709071387
0.0486235243559955 5.46788594395293
0.0486511592159741 5.46478009771942
0.0486787783876869 5.46167953701891
0.0487063818978224 5.45858424691245
0.0487339697729932 5.45549421252076
0.0487615420397368 5.45240941902027
0.0487890987245157 5.44932985164585
0.0488166398537177 5.44625549568915
0.0488441654536562 5.44318633649786
0.0488716755505703 5.44012235947715
0.0488991701706257 5.43706355008759
0.0489266493399142 5.43400989384653
0.0489541130844546 5.43096137632631
0.0489815614301927 5.4279179831557
0.0490089944030015 5.42487970001772
0.0490364120286819 5.42184651265132
0.0490638143329625 5.41881840685035
0.0490912013415001 5.41579536846211
0.0491185730798801 5.41277738338931
0.0491459295736166 5.40976443758839
0.0491732708481526 5.40675651706976
0.0492005969288606 5.40375360789692
0.0492279078410426 5.40075569618761
0.0492552036099303 5.39776276811186
0.0492824842606858 5.39477480989356
0.0493097498184015 5.39179180780839
0.0493370003081003 5.38881374818489
0.0493642357547363 5.38584061740363
0.0493914561831946 5.3828724018972
0.0494186616182917 5.37990908815003
0.0494458520847762 5.37695066269785
0.0494730276073283 5.37399711212779
0.0495001882105605 5.37104842307798
0.0495273339190181 5.36810458223718
0.049554464757179 5.36516557634459
0.0495815807494539 5.36223139219005
0.0496086819201872 5.35930201661358
0.0496357682936565 5.35637743650464
0.0496628398940734 5.35345763880273
0.0496898967455834 5.35054261049661
0.0497169388722665 5.34763233862401
0.0497439662981371 5.3447268102719
0.0497709790471443 5.34182601257585
0.0497979771431725 5.33892993271997
0.0498249606100412 5.33603855793667
0.0498519294715054 5.33315187550629
0.0498788837512561 5.33026987275718
0.0499058234729201 5.327392537065
0.0499327486600607 5.32451985585322
0.0499596593361774 5.32165181659212
0.0499865555247066 5.31878840679914
