0 976.096622357131
0.00163780445520105 976.096622357131
0.0023162052730604 976.096622357132
0.00283676052927088 976.096622357131
0.00327560891040209 976.096622357131
0.00366224209568155 976.096622357131
0.00401178521369955 976.096622357131
0.00433322328461559 976.096622357131
0.00463241054612079 976.096622357131
0.00491341336560314 976.096622357129
0.00517919244040651 976.096622357127
0.00543198285787431 976.096622357124
0.00567352105854175 976.096622357119
0.00590518794241074 976.096622357112
0.00612810313789426 976.0966223571
0.00634318937933796 976.096622357084
0.00655121782080418 976.09662235706
0.0067528407629011 976.096622357025
0.00694861581918119 976.096622356976
0.00713902410950205 976.096622356908
0.0073244841913631 976.096622356813
0.00750536288949471 976.096622356683
0.00768198382818401 976.096622356507
0.00785463423527519 976.09662235627
0.00802357042739911 976.096622355953
0.00818902227600523 976.096622355534
0.00835119687651933 976.096622354982
0.00851028158781263 976.096622354261
0.00866644656923119 976.096622353325
0.00881984691311677 976.096622352118
0.00897062444896072 976.096622350569
0.00911890927895262 976.096622348594
0.00926482109224159 976.096622346089
0.0094084702956815 976.096622342928
0.00954995899144061 976.096622338958
0.00968938182608539 976.096622333998
0.00982682673120628 976.096622327825
0.00996237557205241 976.096622320179
0.0100961047177663 976.096622310744
0.0102280855444985 976.096622299151
0.010358384880813 976.096622284959
0.0104870654032733 976.096622267649
0.0106141859888551 976.096622246613
0.0107398020298088 976.096622221135
0.0108639657157486 976.09662219038
0.0109867262870446 976.096622153372
0.0111081302630062 976.09662210898
0.0112282216478564 976.096622055889
0.0113470421170835 976.096621992578
0.0114646311864073 976.096621917293
0.011581026365302 976.096621828012
0.0116962632967669 976.096621722416
0.0118103758848215 976.096621597842
0.0119233964110168 976.096621451247
0.0120353556410987 976.096621279159
0.0121462829228205 976.09662107762
0.0122562062757885 976.096620842133
0.0123651524741167 976.096620567595
0.0124731471225842 976.096620248228
0.0125802147269078 976.0966198775
0.0126863787586759 976.096619448044
0.0127916617154324 976.09661895156
0.0128960851763447 976.096618378718
0.0129996698538468 976.096617719045
0.0131024356416084 976.096616960806
0.0132044016591425 976.096616090874
0.0133055862933372 976.096615094583
0.0134060072371649 976.096613955579
0.0135056815258022 976.096612655652
0.0136046255703665 976.096611174551
0.0137028551894613 976.096609489794
0.0138003856386995 976.096607576453
0.0138972316383624 976.09660540693
0.0139934073993355 976.09660295071
0.0140889266474509 976.096600174097
0.0141838026463544 976.096597039938
0.0142780482190041 976.096593507313
0.0143716757679013 976.096589531216
0.014464697294142 976.096585062205
0.0145571244153725 976.096580046032
0.0146489683827262 976.096574423252
0.0147402400968094 976.096568128792
0.0148309501228028 976.09656109151
0.0149211087047357 976.096553233713
0.0150107257789894 976.09654447065
0.0150998109870784 976.096534709972
0.0151883736877577 976.096523851161
0.0152764229684978 976.096511784925
0.015363967656368 976.096498392551
0.0154510163283649 976.096483545232
0.0155375773212195 976.09646710335
0.015623658740716 976.096448915717
0.0157092684705504 976.096428818781
0.0157944141807572 976.096406635781
0.0158791033357297 976.096382175871
0.0159633432018565 976.096355233182
0.0160471408547982 976.096325585854
0.0161305031864232 976.096292995007
0.0162134369114228 976.09625720367
0.0162959485736229 976.096217935655
0.0163780445520105 976.096174894377
0.0164597310664882 976.096127761631
0.0165410141833744 976.096076196299
0.0166218998206604 976.096019833009
0.0167023937530387 976.095958280739
0.0167825016167144 976.095891121354
0.0168622289140107 976.095817908088
0.0169415810177791 976.095738163968
0.0170205631756253 976.095651380166
0.0170991805139582 976.095557014297
0.0171774380418735 976.09545448865
0.0172553406548778 976.09534318835
0.0173328931384624 976.09522245946
0.0174101001715336 976.09509160701
0.0174869663297071 976.094949892968
0.0175634960884724 976.094796534126
0.0176396938262335 976.094630699939
0.0177155638272322 976.094451510276
0.0177911102843587 976.094258033115
0.017866337301856 976.094049282156
0.0179412488979214 976.093824214378
0.0180158490072115 976.093581727512
0.0180901414832533 976.093320657456
0.0181641301007672 976.093039775611
0.0182378185579052 976.092737786155
0.0183112104784077 976.092413323241
0.0183843094136828 976.092064948134
0.0184571188448117 976.091691146271
0.0185296421844832 976.091290324265
0.0186018827788602 976.090860806831
0.0186738439093811 976.090400833653
0.0187455287944994 976.089908556192
0.018816940591363 976.089382034416
0.0188880823974368 976.088819233488
0.0189589572520705 976.088218020376
0.0190295681380139 976.087576160418
0.0190999179828812 976.086891313824
0.0191700096605679 976.086161032127
0.0192398459926202 976.08538275458
0.0193094297495607 976.084553804502
0.0193787636521708 976.083671385584
0.019447850372732 976.082732578135
0.0195166925362278 976.081734335305
0.0195852927215072 976.080673479255
0.0196536534624126 976.079546697293
0.0197217772488708 976.078350537981
0.0197896665279522 976.077081407209
0.0198573237048961 976.075735564244
0.0199247511441048 976.074309117753
0.019991951170108 976.07279802181
0.0200589260684978 976.071198071885
0.0201256780868356 976.069504900825
0.0201922094355326 976.067713974821
0.0202585222887033 976.065820589377
0.0203246187849948 976.063819865278
0.0203905010283917 976.061706744561
0.020456171088997 976.059475986501
0.0205216310037919 976.057122163603
0.0205868827773724 976.05463965762
0.0206519283826655 976.052022655589
0.020716769761626 976.049265145899
0.0207814088259122 976.046360914393
0.0208458474575436 976.043303540501
0.0209100875095408 976.040086393424
0.0209741308065466 976.036702628362
0.0210379791454314 976.033145182799
0.0211016342958805 976.029406772837
0.0211650980009675 976.025479889607
0.0212283719777103 976.02135679574
0.0212914579176136 976.017029521913
0.0213543574871965 976.012489863477
0.0214170723285061 976.00772937717
0.0214796040596176 976.002739377913
0.0215419542751213 975.997510935712
0.0216041245465974 975.992034872651
0.021666116423078 975.986301759997
0.0217279314314972 975.980301915413
0.0217895710771305 975.974025400285
0.0218510368440218 975.967462017174
0.0219123301954008 975.960601307392
0.0219734525740893 975.953432548711
0.0220344054028973 975.945944753202
0.0220951900850095 975.938126665226
0.0221558080043627 975.929966759557
0.0222162605260124 975.921453239665
0.0222765489964925 975.912574036149
0.0223366747441648 975.903316805335
0.0223966390795603 975.893668928027
0.0224564432957128 975.883617508433
0.0225160886684841 975.873149373267
0.0225755764568818 975.86225107101
0.0226349079033689 975.85090887137
0.022694084234167 975.839108764914
0.0227531066595519 975.826836462883
0.0228119763741422 975.814077397207
0.0228706945571816 975.800816720705
0.0229292623728146 975.787039307484
0.0229876809703556 975.772729753533
0.023045951484552 975.757872377522
0.0231040750358417 975.742451221803
0.023162052730604 975.726450053611
0.0232198856614057 975.709852366483
0.0232775749072413 975.692641381876
0.0233351215337677 975.674800051
0.0233925265935338 975.656311056864
0.0234497911262054 975.637156816533
0.0235069161587848 975.617319483597
0.0235639027058256 975.596780950862
0.0236207517696429 975.575522853246
0.0236774643405194 975.553526570897
0.0237340413969059 975.530773232526
0.0237904839056191 975.507243718948
0.0238467928220337 975.482918666851
0.0239029690902714 975.45777847276
0.0239590136433858 975.431803297231
0.0240149274035427 975.40497306925
0.0240707112821973 975.377267490834
0.024126366180268 975.348666041857
0.0241818929883054 975.319147985067
0.0242372925866593 975.288692371317
0.0242925658456411 975.257278044994
0.0243477136256833 975.224883649649
0.0244027367774961 975.191487633823
0.0244576361422202 975.157068257067
0.0245124125515771 975.121603596153
0.0245670668280157 975.08507155147
0.0246215997848569 975.047449853608
0.0246760122264344 975.008716070115
0.0247303049482334 974.968847612435
0.024784478737026 974.927821743016
0.0248385343710045 974.88561558258
0.0248924726199116 974.842206117565
0.0249462942451684 974.797570207713
0.025 974.751684593821
0.025053590629558 974.704525905628
0.0251070668710416 974.656070669854
0.0251604294538156 974.60629531837
0.0252136790995266 974.555176196497
0.0252668165222171 974.502689571436
0.0253198424284366 974.448811640814
0.0253727575173518 974.393518541336
0.025425562480854 974.336786357559
0.0254782580036644 974.278591130748
0.0255308447634379 974.218908867843
0.0255833234308649 974.1577155505
0.0256356946697708 974.09498714422
0.0256879591372143 974.030699607554
0.0257401174835833 973.964828901363
0.0257921703526893 973.897350998157
0.0258441183818605 973.82824189147
0.0258959622020326 973.757477605294
0.0259477024378378 973.685034203543
0.0259993397076936 973.610887799555
0.0260508746238879 973.535014565621
0.0261023077926647 973.457390742526
0.0261536398143065 973.377992649103
0.0262048712832167 973.296796691796
0.0262560027879994 973.213779374211
0.0263070349115386 973.128917306663
0.0263579682310755 973.042187215703
0.026408803318285 972.95356595362
0.0264595407393503 972.863030507913
0.0265101810550365 972.770558010718
0.0265607248207629 972.676125748202
0.0266111725866744 972.579711169885
0.0266615248977106 972.481291897923
0.0267117822936756 972.380845736307
0.0267619453093044 972.27835068
0.0268120144743299 972.173784923988
0.0268619903135481 972.067126872247
0.0269118733468822 971.958355146615
0.0269616640894456 971.847448595568
0.0270113630516044 971.734386302885
0.0270609707390377 971.619147596204
0.0271104876527984 971.501712055463
0.0271599142893715 971.382059521211
0.0272092511407331 971.26017010279
0.0272584986944065 971.136024186391
0.0273076574335192 971.009602442954
0.0273567278368579 970.880885835934
0.0274057103789227 970.749855628909
0.0274546055299811 970.616493393034
0.0275034137561202 970.480781014334
0.027552135519299 970.342700700828
0.027600771277399 970.202234989484
0.0276493214842747 970.059366752999
0.0276977865898026 969.9140792064
0.0277461670399305 969.766355913457
0.0277944632767248 969.616180792916
0.0278426757384178 969.463538124534
0.0278908048594542 969.308412554925
0.0279388510705367 969.150789103201
0.027986814798671 968.990653166418
0.0280346964672098 968.827990524818
0.0280824964958969 968.662787346856
0.0281302153009097 968.495030194031
0.0281778532949019 968.324706025489
0.0282254108870445 968.151802202426
0.0282728884830674 967.976306492267
0.0283202864852996 967.79820707263
0.0283676052927088 967.617492535069
0.0284148453009408 967.434151888595
0.0284620069023579 967.248174562981
0.0285090904860774 967.059550411832
0.0285560964380082 966.868269715446
0.0286030251408885 966.674323183436
0.0286498769743218 966.477701957135
0.0286966523148128 966.278397611773
0.0287433515358027 966.07640215843
0.0287899750077037 965.871708045761
0.028836523097934 965.664308161497
0.0288829961709508 965.454195833718
0.028929394588284 965.241364831909
0.0289757187085689 965.025809367787
0.0290219688875787 964.807524095903
0.0290681454782562 964.586504114029
0.0291142488307451 964.362744963321
0.0291602792924213 964.136242628267
0.0292062372079235 963.906993536409
0.0292521229191826 963.674994557862
0.0292979367654524 963.440243004608
0.0293436790833379 963.202736629589
0.0293893502068249 962.962473625585
0.029434950467308 962.719452623881
0.0294804801936188 962.473672692744
0.0295259397120537 962.225133335679
0.0295713293464008 961.973834489507
0.0296166494179673 961.719776522225
0.0296619002456056 961.462960230697
0.0297070821457398 961.203386838129
0.0297521954323914 960.941057991383
0.0297972404172045 960.675975758086
0.0298422174094715 960.408142623572
0.0298871267161572 960.137561487645
0.0299319686419239 959.864235661166
0.0299767434891549 959.588168862471
0.0300214515579788 959.309365213633
0.0300660931462926 959.027829236544
0.0301106685497852 958.743565848862
0.0301551780619597 958.456580359783
0.0301996219741568 958.166878465683
0.0302440005755762 957.874466245596
0.0302883141532989 957.579350156567
0.0303325629923092 957.28153702886
0.0303767473755154 956.981034061033
0.0304208675837714 956.677848814888
0.0304649238958976 956.371989210295
0.0305089165887009 956.0634635199
0.0305528459369955 955.75228036371
0.0305967122136229 955.438448703582
0.0306405156894713 955.121977837585
0.0306842566334955 954.802877394284
0.0307279353127361 954.481157326907
0.0307715519923381 954.156827907433
0.0308151069355705 953.829899720582
0.030858600403844 953.500383657734
0.0309020326567298 953.168290910752
0.0309454039519776 952.833632965748
0.0309887145455333 952.496421596767
0.0310319646915568 952.156668859413
0.0310751546424391 951.814387084406
0.0311182846488199 951.469588871094
0.0311613549596043 951.122287080899
0.0312043658219796 950.772494830729
0.031247317481432 950.420225486337
0.0312902101817627 950.065492655643
0.031333044165104 949.708310182027
0.0313758196719359 949.348692137583
0.0314185369411008 948.986652816352
0.03146119620982 948.622206727533
0.0315037977137085 948.255368588671
0.0315463416867906 947.886153318841
0.0315888283615144 947.514576031809
0.0316312579687671 947.140652029197
0.0316736307378894 946.764396793641
0.0317159468966898 946.385825981955
0.0317582066714593 946.004955418295
0.0318004102869853 945.621801087334
0.0318425579665654 945.236379127451
0.0318846499320214 944.848705823939
0.031926686403713 944.458797602222
0.0319686676005508 944.066671021111
0.0320105937400102 943.67234276607
0.0320524650381442 943.275829642526
0.0320942817095964 942.877148569201
0.0321360439676139 942.476316571488
0.0321777520240599 942.073350774862
0.0322194060894264 941.668268398331
0.0322610063728465 941.261086747939
0.0323025530821066 940.851823210306
0.0323440464236588 940.440495246232
0.0323854866026322 940.027120384343
0.0324268738228456 939.611716214793
0.0324682082868184 939.194300383034
0.0325094901957828 938.774890583631
0.0325507197496949 938.353504554157
0.0325918971472459 937.930160069138
0.0326330225858735 937.50487493407
0.032674096261773 937.077666979512
0.0327151183699078 936.648554055237
0.0327560891040209 936.217554024467
0.0327970086566448 935.784684758177
0.0328378772191125 935.349964129474
0.032878694981568 934.913410008062
0.0329194621329763 934.475040254774
0.0329601788611339 934.034872716199
0.0330008453526787 933.592925219377
0.0330414617931001 933.149215566591
0.0330820283667487 932.703761530234
0.0331225452568465 932.256580847764
0.0331630126454959 931.80769121675
0.0332034307136898 931.357110290006
0.0332437996413207 930.904855670804
0.0332841196071903 930.45094490819
0.0333243907890186 929.99539549238
0.033364613363453 929.538224850256
0.0334047875060773 929.079450340946
0.0334449133914211 928.619089251499
0.0334849911929678 928.157158792654
0.0335250210831643 927.693676094705
0.0335650032334288 927.228658203447
0.03360493781416 926.762122076234
0.0336448249947453 926.294084578115
0.0336846649435691 925.824562478072
0.0337244578280214 925.353572445351
0.0337642038145055 924.881131045884
0.0338039030684468 924.407254738812
0.0338435557543001 923.931959873093
0.0338831620355583 923.455262684211
0.0339227220747595 922.977179290973
0.0339622360334953 922.497725692407
0.0340017040724186 922.01691776474
0.0340411263512505 921.534771258484
0.0340805030287888 921.0513017956
0.0341198342629145 920.566524866768
0.0341591202106002 920.080455828729
0.0341983610279164 919.593109901741
0.0342375568700394 919.104502167102
0.0342767078912585 918.614647564781
0.0343158142449824 918.123560891122
0.034354876083747 917.63125679665
0.034393893559222 917.13774978395
0.0344328668222175 916.643054205645
0.0344717960226914 916.14718426245
0.0345106813097557 915.650154001316
0.0345495228316832 915.151977313654
0.0345883207359142 914.652667933643
0.0346270751690631 914.152239436622
0.0346657862769248 913.650705237556
0.0347044542044807 913.14807858959
0.034743079095906 912.644372582672
0.0347816610945747 912.139600142266
0.0348202003430671 911.633774028125
0.0348586969831749 911.126906833156
0.0348971511559079 910.619010982345
0.0349355630014998 910.110098731765
0.0349739326594142 909.600182167648
0.0350122602683505 909.089273205534
0.0350505459662498 908.577383589486
0.0350887898903007 908.06452489137
0.0351269921769448 907.550708510208
0.0351651529618828 907.035945671593
0.0352032723800799 906.520247427169
0.035241350565771 906.003624654172
0.0352793876524671 905.486088055036
0.0353173837729598 904.967648157058
0.0353553390593274 904.448315312122
0.0353932536429399 903.92809969648
0.0354311276544644 903.407011310592
0.0354689612238705 902.885059979015
0.0355067544804352 902.36225535036
0.0355445075527483 901.83860689728
0.0355822205687174 901.314123916533
0.0356198936555731 900.788815529074
0.0356575269398736 900.262690680213
0.0356951205475102 899.735758139806
0.035732674603712 899.208026502504
0.0357701892330505 898.679504188039
0.0358076645594448 898.150199441554
0.0358451007061662 897.620120333982
0.0358824977958429 897.089274762459
0.0359198559504649 896.557670450777
0.0359571752913883 896.025314949879
0.0359944559393401 895.492215638391
0.036031698014423 894.958379723187
0.0360689016361193 894.42381423999
0.036106066923296 893.888526054005
0.0361431939942087 893.352521860592
0.0361802829665065 892.815808185955
0.036217333957236 892.278391387879
0.0362543470828456 891.740277656479
0.03629132245919 891.201473014987
0.0363282602015344 890.661983320565
0.0363651604245583 890.121814265136
0.0364020232423603 889.580971376246
0.0364388487684616 889.039460017946
0.0364756371158105 888.497285391698
0.0365123883967862 887.954452537297
0.036549102723203 887.41096633382
0.0365857802063141 886.866831500587
0.0366224209568155 886.322052598143
0.0366590250848502 885.776634029254
0.0366955927000117 885.230580039925
0.036732123911348 884.683894720424
0.0367686188273656 884.136582006324
0.0368050775560327 883.588645679559
0.0368415002047834 883.040089369489
0.0368778868805214 882.490916553976
0.0369142376896233 881.941130560471
0.0369505527379427 881.390734567111
0.0369868321308133 880.839731603821
0.0370230759730528 880.288124553424
0.0370592843689664 879.735916152761
0.0370954574223501 879.183108993811
0.0371315952364946 878.629705524822
0.0371676979141881 878.075708051436
0.0372037655577204 877.521118737831
0.0372397982688856 876.965939607853
0.0372757961489862 876.410172546157
0.0373117592988357 875.853819299344
0.0373476878187623 875.296881477105
0.0373835818086122 874.739360553356
0.0374194413677527 874.181257867377
0.0374552665950752 873.622574624951
0.0374910575889989 873.063311899493
0.0375268144474735 872.503470633187
0.0375625372679826 871.943051638105
0.0375982261475466 871.382055597337
0.037633881182726 870.820483066105
0.0376695024696241 870.258334472874
0.0377050901038903 869.695610120461
0.0377406441807233 869.132310187132
0.0377761647948735 868.5684347277
0.0378116520406464 868.003983674601
0.0378471060119053 867.438956838978
0.0378825268020742 866.873353911747
0.037917914504141 866.307174464653
0.0379532692106599 865.740417951327
0.0379885910137544 865.173083708318
0.0380238800051202 864.605170956126
0.0380591362760278 864.036678800222
0.0380943599173254 863.467606232053
0.0381295510194417 862.897952130037
0.0381647096723882 862.32771526055
0.0381998359657625 861.756894278896
0.0382349299887503 861.185487730265
0.0382699918301286 860.613494050682
0.0383050215782682 860.040911567936
0.0383400193211358 859.467738502502
0.0383749851462973 858.893972968444
0.0384099191409201 858.31961297431
0.0384448213917752 857.744656424002
0.0384796919852403 857.169101117643
0.0385145310073023 856.592944752423
0.038549338543559 856.016184923427
0.0385841146792226 855.438819124456
0.0386188594991214 854.860844748823
0.0386535730877024 854.282259090139
0.038688255529034 853.70305934308
0.0387229069068078 853.123242604142
0.0387575273043416 852.54280587237
0.038792116804581 851.96174605008
0.0388266754901026 851.380059943562
0.0388612034431155 850.797744263759
0.038895700745464 850.21479562694
0.0389301674786298 849.631210555344
0.0389646037237342 849.046985477813
0.0389990095615404 848.462116730409
0.0390333850724555 847.876600557006
0.0390677303365331 847.29043310987
0.039102045433475 846.703610450222
0.0391363304426338 846.11612854877
0.0391705854430145 845.527983286245
0.0392048105132773 844.939170453893
0.0392390057317391 844.349685753972
0.039273171176376 843.759524800212
0.0393073069248251 843.168683118263
0.0393414130543868 842.577156146132
0.0393754896420268 841.984939234585
0.0394095367643776 841.392027647542
0.0394435544977416 840.798416562451
0.0394775429180919 840.204101070635
0.0395115021010751 839.609076177632
0.039545432122013 839.013336803505
0.0395793330559045 838.416877783137
0.0396132049774276 837.819693866507
0.0396470479609412 837.221779718944
0.0396808620804872 836.623129921363
0.0397146474097923 836.023738970482
0.0397484040222698 835.423601279015
0.0397821319910217 834.822711175849
0.0398158313888402 834.221062906201
0.0398495022882096 833.618650631753
0.0398831447613087 833.015468430766
0.0399167588800115 832.411510298181
0.0399503447158902 831.806770145686
0.039983902340216 831.201241801777
0.0400174318239615 830.594919011791
0.0400509332378021 829.987795437919
0.040084406652118 829.3798646592
0.0401178521369955 828.771120171495
0.0401512697622294 828.161555387437
0.0401846595973238 827.551163636367
0.0402180217114948 826.939938164238
0.0402513561736713 826.327872133511
0.040284663052497 825.71495862302
0.0403179424163324 825.101190627823
0.0403511943332558 824.486561059026
0.0403844188710652 823.87106274359
0.0404176160972802 823.254688424116
0.0404507860791432 822.637430758605
0.0404839288836209 822.019282320204
0.0405170445774066 821.40023559692
0.0405501332269209 820.780282991325
0.0405831948983136 820.159416820227
0.0406162296574655 819.537629314327
0.0406492375699897 818.914912617852
0.0406822187012328 818.291258788163
0.0407151731162771 817.666659795347
0.0407481008799415 817.04110752178
0.0407810020567833 816.414593761669
0.0408138767110996 815.787110220577
0.0408467249069288 815.158648514921
0.0408795467080519 814.52920017144
0.040912342177994 813.898756626657
0.0409451113800261 813.267309226299
0.040977854377166 812.634849224708
0.0410105712321799 812.001367784221
0.0410432620075838 811.366855974526
0.0410759267656453 810.731304771999
0.041108565568384 810.094705059013
0.0411411784775741 809.457047623223
0.0411737655547447 808.818323156827
0.0412063268611819 808.178522255802
0.0412388624579296 807.537635419117
0.0412713724057913 806.895653047916
0.0413038567653311 806.252565444681
0.0413363155968751 805.608362812366
0.0413687489605129 804.963035253504
0.0414011569160986 804.316572769291
0.0414335395232521 803.668965258644
0.0414658968413607 803.020202517226
0.0414982289295802 802.370274236451
0.0415305358468359 801.719170002454
0.0415628176518243 801.066879295046
0.0415950744030141 800.413391486622
0.0416273061586473 799.75869584106
0.0416595129767407 799.102781512578
0.0416916949150872 798.445637544567
0.0417238520312564 797.787252868393
0.0417559843825967 797.12761630217
0.0417880920262356 796.466716549503
0.0418201750190815 795.804542198196
0.0418522334178247 795.14108171894
0.0418842672789385 794.476323463952
0.0419162766586804 793.810255665596
0.0419482616130933 793.142866434971
0.0419802221980064 792.474143760452
0.0420121584690369 791.804075506216
0.0420440704815904 791.132649410721
0.0420759582908627 790.459853085155
0.0421078219518405 789.78567401185
0.0421396615193024 789.110099542656
0.0421714770478205 788.433116897288
0.0422032685917611 787.754713161623
0.0422350362052858 787.074875285974
0.0422667799423528 786.393590083311
0.0422984998567178 785.710844227456
0.042330196001935 785.026624251227
0.0423618684313583 784.340916544553
0.0423935171981423 783.653707352537
0.0424251423552433 782.964982773487
0.0424567439554205 782.274728756896
0.0424883220512368 781.582931101385
0.0425198766950598 780.889575452599
0.0425514079390632 780.194647301057
0.0425829158352272 779.498131979957
0.0426144004353402 778.800014662939
0.0426458617909991 778.100280361788
0.0426772999536108 777.398913924103
0.0427087149743931 776.695900030907
0.0427401069043753 775.991223194207
0.0427714757943995 775.284867754507
0.0428028216951217 774.576817878265
0.0428341446570123 773.867057555294
0.0428654447303575 773.15557059611
0.0428967219652598 772.442340629231
0.0429279764116396 771.727351098403
0.0429592081192352 771.010585259782
0.0429904171376045 770.292026179047
0.0430216035161256 769.571656728459
0.0430527673039979 768.849459583849
0.0430839085502426 768.125417221549
0.043115027303704 767.399511915257
0.0431461236130503 766.67172573283
0.0431771975267744 765.942040533013
0.0432082490931948 765.2104379621
0.0432392783604566 764.476899450513
0.0432702853765321 763.741406209326
0.0433012701892219 763.003939226692
0.0433322328461559 762.264479264215
0.0433631733947938 761.523006853224
0.043394091882426 760.779502290982
0.0434249883561747 760.033945636804
0.0434558628629945 759.286316708091
0.0434867154496733 758.536595076283
0.0435175461628334 757.78476006272
0.0435483550489317 757.030790734409
0.043579142154261 756.274665899705
0.0436099075249508 755.516364103893
0.043640651206968 754.755863624669
0.0436713732461176 753.99314246753
0.0437020736880436 753.228178361054
0.0437327525782299 752.460948752072
0.0437634099620007 751.691430800746
0.043794045884522 750.91960137552
0.0438246603908016 750.145437047967
0.0438552535256903 749.368914087516
0.0438858253338826 748.590008456062
0.0439163758599173 747.808695802452
0.0439469051481786 747.02495145684
0.0439774132428964 746.238750424922
0.0440079001881475 745.450067382033
0.0440383660278561 744.658876667106
0.0440688108057945 743.86515227649
0.0440992345655839 743.068867857635
0.0441296373506951 742.269996702613
0.0441600192044494 741.468511741496
0.0441903801700191 740.664385535581
0.0442207202904282 739.857590270447
0.0442510396085535 739.048097748849
0.0442813381671246 738.235879383444
0.0443116160087253 737.420906189344
0.044341873175794 736.603148776484
0.0443721097106242 735.782577341811
0.0444023256553657 734.95916166128
0.0444325210520248 734.132871081654
0.0444626959424651 733.303674512107
0.0444928503684084 732.471540415615
0.0445229843714351 731.636436800138
0.0445530979929851 730.798331209578
0.0445831912743582 729.957190714519
0.044613264256715 729.112981902724
0.0446433169810775 728.2656708694
0.0446733494883296 727.415223207217
0.044703361819218 726.561603996067
0.0447333540143525 725.70477779256
0.0447633261142072 724.844708619264
0.0447932781591205 723.981359953644
0.0448232101892961 723.114694716736
0.0448531222448036 722.244675261511
0.044883014365579 721.371263360937
0.0449128865914255 720.494420195731
0.0449427389620139 719.614106341777
0.0449725715168835 718.73028175722
0.0450023842954424 717.842905769204
0.0450321773369682 716.951937060261
0.0450619506806089 716.057333654322
0.0450917043653831 715.159052902359
0.0451214384301807 714.257051467624
0.0451511529137636 713.351285310488
0.0451808478547663 712.441709672857
0.0452105232916963 711.528279062158
0.045240179262935 710.610947234872
0.0452698158067378 709.689667179612
0.0452994329612352 708.764391099711
0.0453290307644331 707.835070395328
0.0453586092542132 706.901655645031
0.045388168468334 705.964096586856
0.0454177084444311 705.022342098819
0.0454472292200176 704.076340178853
0.0454767308324851 703.126037924171
0.0455062133191038 702.171381510011
0.0455356767170233 701.212316167753
0.0455651210632731 700.24878616239
0.0455945463947631 699.280734769316
0.0456239527482843 698.308104250423
0.0456533401605092 697.330835829464
0.045682708667992 696.348869666672
0.04571205830717 695.362144832599
0.0457413891143632 694.370599281137
0.0457707011257755 693.374169821719
0.0457999943774946 692.372792090633
0.0458292689054933 691.366400521444
0.0458585247456293 690.354928314474
0.045887761933646 689.338307405317
0.0459169805051731 688.316468432331
0.045946180495727 687.289340703096
0.0459753619407112 686.256852159771
0.0460045248754172 685.218929343326
0.0460336693350243 684.175497356588
0.0460627953546008 683.126479826074
0.0460919029691041 682.071798862541
0.0461209922133813 681.011375020216
0.0461500631221698 679.94512725465
0.0461791157300975 678.872972879132
0.0462081500716834 677.794827519615
0.0462371661813382 676.710605068082
0.0462661640933649 675.620217634299
0.0462951438419586 674.52357549587
0.046324105461208 673.420587046543
0.0463530489850947 672.311158742673
0.0463819744474949 671.19519504778
0.0464108818821787 670.072598375103
0.0464397713228115 668.943269028079
0.0464686428029537 667.807105138646
0.0464974963560617 666.664002603272
0.0465263320154883 665.513855016623
0.0465551498144827 664.356553602744
0.0465839497861914 663.191987143656
0.0466127319636586 662.020041905253
0.0466414963798264 660.840601560355
0.0466702430675354 659.653547108813
0.0466989720595251 658.458756794508
0.0467276833884346 657.256106019109
0.0467563770868024 656.045467252429
0.0467850531870675 654.826709939231
0.0468137117215695 653.599700402293
0.046842352722549 652.364301741569
0.0468709762221481 651.120373729244
0.0468995822524108 649.86777270049
0.0469281708452835 648.606351439698
0.0469567420326155 647.335959061975
0.0469852958461589 646.056440889651
0.0470138323175696 644.767638323554
0.0470423514784075 643.469388708779
0.0470708533601368 642.161525194666
0.0470993379941266 640.843876588686
0.0471278054116511 639.51626720392
0.0471562556438903 638.178516699773
0.0471846887219298 636.830439915582
0.047213104676762 635.471846696718
0.0472415035392859 634.102541712779
0.0472698853403077 632.722324267439
0.0472982501105412 631.330988099484
0.0473265978806082 629.928321174542
0.0473549286810388 628.514105466989
0.0473832425422717 627.088116731454
0.0474115394946549 625.650124263328
0.0474398195684458 624.199890647652
0.0474680827938118 622.737171495664
0.0474963292008303 621.261715168315
0.0475245588194896 619.773262485931
0.0475527716796887 618.271546423214
0.0475809678112381 616.756291788653
0.0476091472438601 615.227214887413
0.047637310007189 613.684023166635
0.0476654561307715 612.126414842064
0.0476935856440673 610.554078504787
0.0477216985764491 608.966692706817
0.0477497949572031 607.363925524134
0.0477778748155295 605.745434095687
0.0478059381805429 604.110864136771
0.0478339850812721 602.459849425034
0.0478620155466612 600.792011257249
0.0478900296055694 599.106957874845
0.0479180272867717 597.404283855995
0.0479460086189588 595.683569471915
0.047973973630738 593.94438000481
0.0480019223506332 592.186265024683
0.0480298548070854 590.408757622009
0.0480577710284526 588.611373592991
0.0480856710430109 586.793610573834
0.0481135548789541 584.95494712018
0.0481414225643946 583.094841727454
0.0481692741273634 581.212731787536
0.0481971095958104 579.308032476711
0.0482249289976049 577.380135569394
0.0482527323605359 575.428408171623
0.0482805197123124 573.452191367684
0.0483082910805636 571.450798772653
0.0483360464928395 569.423514982882
0.0483637859766108 567.36959391566
0.0483915095592697 565.288257028421
0.0484192172681299 563.178691406836
0.048446909130427 561.040047710058
0.0484745851733186 558.871437960084
0.0485022454238853 556.671933160854
0.04852988990913 554.440560731093
0.048557518655979 552.176301733131
0.0485851316912821 549.878087877927
0.0486127290418127 547.544798284268
0.0486403107342683 545.175255967504
0.0486678767952708 542.768224030295
0.0486954272513666 540.322401524484
0.0487229621290271 537.836418949424
0.0487504814546491 535.308833347764
0.0487779852545548 532.738122954702
0.0488054735549922 530.122681350992
0.0488329463821355 527.460811063478
0.0488604037620852 524.750716549265
0.0488878457208688 521.990496490909
0.0489152722844404 519.178135319799
0.0489426834786817 516.311493873064
0.0489700793294017 513.388299075505
0.0489974598623375 510.406132521837
0.0490248251031541 507.362417815572
0.0490521750774451 504.254406498412
0.0490795098107327 501.079162377585
0.0491068293284679 497.833544027148
0.0491341336560314 494.514185201834
0.0491614228187329 491.117472857345
0.0491886968418122 487.639522417278
0.0492159557504392 484.076149862144
0.0492431995697138 480.422840137589
0.0492704283246669 476.674711283531
0.04929764204026 472.826473569338
0.049324840741386 468.87238277682
0.0493520244528689 464.806186595702
0.0493791931994645 460.621062876025
0.0494063470058607 456.309548206553
0.0494334858966773 451.863454941605
0.0494606098964668 447.273774359348
0.0494877190297143 442.530563073727
0.0495148133208379 437.622809100451
0.0495418927941889 432.538273041338
0.049568957474052 427.263298626073
0.0495960073846459 421.782585231834
0.0496230425501231 416.078912841162
0.0496500629945704 410.132806984204
0.049677068742009 403.922127233333
0.0497040598163949 397.421557318405
0.0497310362416191 390.601967221659
0.049757998041508 383.429606641426
0.0497849452398231 375.865073345052
0.0498118778602621 367.861976557177
0.0498387959264582 359.36518040511
0.0498656994619811 350.308458477872
0.0498925884903369 340.611305562939
0.0499194630349683 330.174514981586
0.0499463231192552 318.873899877723
0.0499731687665143 306.551138113339
0.05 293
