0 975.925316437783
5.20833333333333e-05 975.925316437783
0.000104166666666667 975.925316437783
0.00015625 975.925316437783
0.000208333333333333 975.925316437783
0.000260416666666667 975.925316437783
0.0003125 975.925316437783
0.000364583333333333 975.925316437783
0.000416666666666667 975.925316437783
0.00046875 975.925316437783
0.000520833333333333 975.925316437783
0.000572916666666667 975.925316437783
0.000625 975.925316437783
0.000677083333333333 975.925316437783
0.000729166666666667 975.925316437783
0.00078125 975.925316437782
0.000833333333333333 975.925316437782
0.000885416666666667 975.925316437782
0.0009375 975.925316437782
0.000989583333333333 975.925316437782
0.00104166666666667 975.925316437782
0.00109375 975.925316437782
0.00114583333333333 975.925316437782
0.00119791666666667 975.925316437781
0.00125 975.925316437781
0.00130208333333333 975.925316437781
0.00135416666666667 975.925316437781
0.00140625 975.925316437781
0.00145833333333333 975.92531643778
0.00151041666666667 975.92531643778
0.0015625 975.92531643778
0.00161458333333333 975.92531643778
0.00166666666666667 975.925316437779
0.00171875 975.925316437779
0.00177083333333333 975.925316437778
0.00182291666666667 975.925316437777
0.001875 975.925316437777
0.00192708333333333 975.925316437777
0.00197916666666667 975.925316437776
0.00203125 975.925316437776
0.00208333333333333 975.925316437776
0.00213541666666667 975.925316437775
0.0021875 975.925316437775
0.00223958333333333 975.925316437775
0.00229166666666667 975.925316437774
0.00234375 975.925316437774
0.00239583333333333 975.925316437773
0.00244791666666667 975.925316437773
0.0025 975.925316437773
0.00255208333333333 975.925316437772
0.00260416666666667 975.925316437772
0.00265625 975.925316437772
0.00270833333333333 975.925316437772
0.00276041666666667 975.925316437771
0.0028125 975.925316437771
0.00286458333333333 975.92531643777
0.00291666666666667 975.92531643777
0.00296875 975.92531643777
0.00302083333333333 975.92531643777
0.00307291666666667 975.925316437769
0.003125 975.925316437769
0.00317708333333333 975.925316437769
0.00322916666666667 975.925316437769
0.00328125 975.925316437768
0.00333333333333333 975.925316437767
0.00338541666666667 975.925316437767
0.0034375 975.925316437766
0.00348958333333333 975.925316437765
0.00354166666666667 975.925316437764
0.00359375 975.925316437764
0.00364583333333333 975.925316437763
0.00369791666666667 975.925316437763
0.00375 975.925316437762
0.00380208333333333 975.925316437762
0.00385416666666667 975.925316437762
0.00390625 975.925316437762
0.00395833333333333 975.925316437761
0.00401041666666667 975.925316437761
0.0040625 975.925316437761
0.00411458333333333 975.92531643776
0.00416666666666667 975.92531643776
0.00421875 975.92531643776
0.00427083333333333 975.925316437759
0.00432291666666667 975.925316437758
0.004375 975.925316437757
0.00442708333333333 975.925316437756
0.00447916666666667 975.925316437755
0.00453125 975.925316437754
0.00458333333333333 975.925316437754
0.00463541666666667 975.925316437753
0.0046875 975.925316437752
0.00473958333333333 975.925316437751
0.00479166666666667 975.925316437751
0.00484375 975.92531643775
0.00489583333333333 975.925316437749
0.00494791666666667 975.925316437749
0.005 975.925316437748
0.00505208333333333 975.925316437747
0.00510416666666667 975.925316437746
0.00515625 975.925316437745
0.00520833333333333 975.925316437744
0.00526041666666667 975.925316437742
0.0053125 975.925316437741
0.00536458333333333 975.925316437739
0.00541666666666667 975.925316437738
0.00546875 975.925316437736
0.00552083333333333 975.925316437734
0.00557291666666667 975.925316437732
0.005625 975.92531643773
0.00567708333333333 975.925316437728
0.00572916666666667 975.925316437725
0.00578125 975.925316437723
0.00583333333333333 975.92531643772
0.00588541666666667 975.925316437717
0.0059375 975.925316437714
0.00598958333333333 975.92531643771
0.00604166666666667 975.925316437706
0.00609375 975.925316437702
0.00614583333333333 975.925316437697
0.00619791666666667 975.925316437692
0.00625 975.925316437687
0.00630208333333333 975.925316437681
0.00635416666666667 975.925316437674
0.00640625 975.925316437668
0.00645833333333333 975.92531643766
0.00651041666666667 975.925316437653
0.0065625 975.925316437644
0.00661458333333333 975.925316437635
0.00666666666666667 975.925316437625
0.00671875 975.925316437614
0.00677083333333333 975.925316437602
0.00682291666666667 975.925316437589
0.006875 975.925316437575
0.00692708333333333 975.92531643756
0.00697916666666667 975.925316437543
0.00703125 975.925316437524
0.00708333333333333 975.925316437504
0.00713541666666667 975.925316437482
0.0071875 975.925316437458
0.00723958333333333 975.925316437431
0.00729166666666667 975.925316437402
0.00734375 975.92531643737
0.00739583333333333 975.925316437334
0.00744791666666667 975.925316437295
0.0075 975.925316437252
0.00755208333333333 975.925316437205
0.00760416666666667 975.925316437153
0.00765625 975.925316437097
0.00770833333333333 975.925316437035
0.00776041666666667 975.925316436967
0.0078125 975.925316436893
0.00786458333333333 975.925316436811
0.00791666666666667 975.925316436721
0.00796875 975.925316436622
0.00802083333333333 975.925316436513
0.00807291666666667 975.925316436394
0.008125 975.925316436264
0.00817708333333333 975.92531643612
0.00822916666666667 975.925316435962
0.00828125 975.925316435789
0.00833333333333333 975.925316435599
0.00838541666666667 975.925316435391
0.0084375 975.925316435162
0.00848958333333333 975.925316434912
0.00854166666666667 975.925316434637
0.00859375 975.925316434336
0.00864583333333333 975.925316434007
0.00869791666666667 975.925316433646
0.00875 975.92531643325
0.00880208333333333 975.925316432817
0.00885416666666667 975.925316432342
0.00890625 975.925316431822
0.00895833333333333 975.925316431252
0.00901041666666667 975.925316430629
0.0090625 975.925316429947
0.00911458333333333 975.9253164292
0.00916666666666667 975.925316428384
0.00921875 975.92531642749
0.00927083333333333 975.925316426513
0.00932291666666667 975.925316425445
0.009375 975.925316424278
0.00942708333333333 975.925316423002
0.00947916666666667 975.925316421608
0.00953125 975.925316420085
0.00958333333333333 975.925316418422
0.00963541666666667 975.925316416606
0.0096875 975.925316414623
0.00973958333333333 975.925316412459
0.00979166666666667 975.925316410097
0.00984375 975.92531640752
0.00989583333333333 975.925316404708
0.00994791666666667 975.925316401642
0.01 975.925316398299
0.0100520833333333 975.925316394654
0.0101041666666667 975.925316390682
0.01015625 975.925316386353
0.0102083333333333 975.925316381636
0.0102604166666667 975.925316376499
0.0103125 975.925316370904
0.0103645833333333 975.925316364812
0.0104166666666667 975.925316358181
0.01046875 975.925316350963
0.0105208333333333 975.92531634311
0.0105729166666667 975.925316334566
0.010625 975.925316325273
0.0106770833333333 975.925316315167
0.0107291666666667 975.925316304179
0.01078125 975.925316292235
0.0108333333333333 975.925316279254
0.0108854166666667 975.92531626515
0.0109375 975.925316249829
0.0109895833333333 975.925316233189
0.0110416666666667 975.925316215119
0.01109375 975.925316195502
0.0111458333333333 975.925316174209
0.0111979166666667 975.925316151102
0.01125 975.925316126032
0.0113020833333333 975.925316098837
0.0113541666666667 975.925316069344
0.01140625 975.925316037365
0.0114583333333333 975.925316002698
0.0115104166666667 975.925315965125
0.0115625 975.92531592441
0.0116145833333333 975.925315880301
0.0116666666666667 975.925315832523
0.01171875 975.925315780784
0.0117708333333333 975.925315724767
0.0118229166666667 975.925315664129
0.011875 975.925315598505
0.0119270833333333 975.925315527498
0.0119791666666667 975.925315450683
0.01203125 975.925315367603
0.0120833333333333 975.925315277765
0.0121354166666667 975.92531518064
0.0121875 975.925315075659
0.0122395833333333 975.92531496221
0.0122916666666667 975.925314839635
0.01234375 975.925314707228
0.0123958333333333 975.925314564231
0.0124479166666667 975.925314409828
0.0125 975.925314243144
0.0125520833333333 975.925314063241
0.0126041666666667 975.92531386911
0.01265625 975.92531365967
0.0127083333333333 975.92531343376
0.0127604166666667 975.925313190137
0.0128125 975.925312927465
0.0128645833333333 975.925312644316
0.0129166666666667 975.925312339156
0.01296875 975.925312010342
0.0130208333333333 975.925311656115
0.0130729166666667 975.92531127459
0.013125 975.925310863748
0.0131770833333333 975.925310421429
0.0132291666666667 975.925309945321
0.01328125 975.925309432949
0.0133333333333333 975.925308881664
0.0133854166666667 975.925308288636
0.0134375 975.925307650836
0.0134895833333333 975.925306965025
0.0135416666666667 975.925306227745
0.01359375 975.925305435295
0.0136458333333333 975.925304583725
0.0136979166666667 975.925303668814
0.01375 975.925302686054
0.0138020833333333 975.925301630633
0.0138541666666667 975.925300497412
0.01390625 975.92529928091
0.0139583333333333 975.925297975277
0.0140104166666667 975.925296574272
0.0140625 975.92529507124
0.0141145833333333 975.925293459085
0.0141666666666667 975.925291730243
0.01421875 975.92528987665
0.0142708333333333 975.925287889717
0.0143229166666667 975.925285760292
0.014375 975.925283478628
0.0144270833333333 975.925281034347
0.0144791666666667 975.9252784164
0.01453125 975.925275613026
0.0145833333333333 975.925272611713
0.0146354166666667 975.925269399148
0.0146875 975.92526596117
0.0147395833333333 975.925262282723
0.0147916666666667 975.9252583478
0.01484375 975.925254139385
0.0148958333333333 975.925249639398
0.0149479166666667 975.925244828631
0.015 975.925239686679
0.0150520833333333 975.925234191875
0.0151041666666667 975.925228321214
0.01515625 975.925222050279
0.0152083333333333 975.925215353158
0.0152604166666667 975.925208202356
0.0153125 975.925200568711
0.0153645833333333 975.925192421295
0.0154166666666667 975.925183727318
0.01546875 975.92517445202
0.0155208333333333 975.925164558565
0.0155729166666667 975.925154007923
0.015625 975.925142758749
0.0156770833333333 975.925130767256
0.0157291666666667 975.925117987083
0.01578125 975.925104369153
0.0158333333333333 975.925089861524
0.0158854166666667 975.92507440924
0.0159375 975.925057954162
0.0159895833333333 975.925040434802
0.0160416666666667 975.925021786145
0.01609375 975.925001939461
0.0161458333333333 975.924980822107
0.0161979166666667 975.924958357328
0.01625 975.924934464038
0.0163020833333333 975.924909056594
0.0163541666666667 975.924882044566
0.01640625 975.924853332483
0.0164583333333333 975.924822819585
0.0165104166666667 975.924790399545
0.0165625 975.924755960193
0.0166145833333333 975.924719383218
0.0166666666666667 975.924680543864
0.01671875 975.924639310605
0.0167708333333333 975.924595544814
0.0168229166666667 975.924549100409
0.016875 975.924499823487
0.0169270833333333 975.924447551948
0.0169791666666667 975.924392115089
0.01703125 975.924333333197
0.0170833333333333 975.92427101711
0.0171354166666667 975.92420496777
0.0171875 975.924134975752
0.0172395833333333 975.924060820774
0.0172916666666667 975.923982271187
0.01734375 975.923899083449
0.0173958333333333 975.923811001564
0.0174479166666667 975.923717756516
0.0175 975.923619065666
0.0175520833333333 975.923514632135
0.0176041666666667 975.923404144154
0.01765625 975.923287274396
0.0177083333333333 975.923163679274
0.0177604166666667 975.923032998223
0.0178125 975.922894852942
0.0178645833333333 975.92274884662
0.0179166666666667 975.922594563117
0.01796875 975.922431566134
0.0180208333333333 975.922259398331
0.0180729166666667 975.922077580434
0.018125 975.921885610291
0.0181770833333333 975.921682961905
0.0182291666666667 975.92146908443
0.01828125 975.921243401129
0.0183333333333333 975.921005308296
0.0183854166666667 975.920754174147
0.0184375 975.92048933766
0.0184895833333333 975.920210107389
0.0185416666666667 975.919915760228
0.01859375 975.919605540136
0.0186458333333333 975.919278656828
0.0186979166666667 975.918934284407
0.01875 975.918571559965
0.0188020833333333 975.918189582138
0.0188541666666667 975.917787409604
0.01890625 975.917364059546
0.0189583333333333 975.916918506063
0.0190104166666667 975.916449678529
0.0190625 975.915956459907
0.0191145833333333 975.915437685007
0.0191666666666667 975.914892138698
0.01921875 975.914318554064
0.0192708333333333 975.913715610504
0.0193229166666667 975.913081931783
0.019375 975.912416084027
0.0194270833333333 975.911716573653
0.0194791666666667 975.910981845259
0.01953125 975.910210279438
0.0195833333333333 975.909400190545
0.0196354166666667 975.908549824402
0.0196875 975.907657355944
0.0197395833333333 975.906720886796
0.0197916666666667 975.905738442806
0.01984375 975.904707971494
0.0198958333333333 975.903627339463
0.0199479166666667 975.90249432972
0.02 975.901306638961
0.0200520833333333 975.900061874767
0.0201041666666667 975.898757552756
0.02015625 975.897391093657
0.0202083333333333 975.895959820326
0.0202604166666667 975.894460954691
0.0203125 975.892891614639
0.0203645833333333 975.89124881083
0.0204166666666667 975.889529443454
0.02046875 975.887730298911
0.0205208333333333 975.885848046439
0.0205729166666667 975.883879234665
0.020625 975.881820288101
0.0206770833333333 975.879667503565
0.0207291666666667 975.87741704655
0.02078125 975.875064947517
0.0208333333333333 975.872607098135
0.0208854166666667 975.870039247453
0.0209375 975.867356998013
0.0209895833333333 975.864555801899
0.0210416666666667 975.861630956732
0.02109375 975.8585776016
0.0211458333333333 975.855390712938
0.0211979166666667 975.85206510034
0.02125 975.848595402333
0.0213020833333333 975.84497608208
0.0213541666666667 975.841201423047
0.02140625 975.83726552461
0.0214583333333333 975.833162297617
0.0215104166666667 975.828885459905
0.0215625 975.824428531773
0.0216145833333333 975.819784831414
0.0216666666666667 975.814947470304
0.02171875 975.80990934856
0.0217708333333333 975.804663150258
0.0218229166666667 975.799201338728
0.021875 975.793516151807
0.0219270833333333 975.787599597083
0.0219791666666667 975.781443447106
0.02203125 975.77503923458
0.0220833333333333 975.768378247545
0.0221354166666667 975.761451524545
0.0221875 975.754249849784
0.0222395833333333 975.746763748285
0.0222916666666667 975.738983481039
0.02234375 975.730899040169
0.0223958333333333 975.722500144091
0.0224479166666667 975.713776232695
0.0225 975.704716462537
0.0225520833333333 975.695309702061
0.0226041666666667 975.685544526839
0.02265625 975.675409214842
0.0227083333333333 975.664891741756
0.0227604166666667 975.653979776329
0.0228125 975.642660675773
0.0228645833333333 975.63092148121
0.0229166666666667 975.618748913184
0.02296875 975.606129367228
0.0230208333333333 975.593048909506
0.0230729166666667 975.579493272526
0.023125 975.565447850937
0.0231770833333333 975.550897697405
0.0232291666666667 975.535827518594
0.02328125 975.520221671234
0.0233333333333333 975.5040641583
0.0233854166666667 975.487338625301
0.0234375 975.470028356688
0.0234895833333333 975.452116272385
0.0235416666666667 975.43358492445
0.02359375 975.414416493878
0.0236458333333333 975.394592787537
0.0236979166666667 975.374095235272
0.02375 975.352904887146
0.0238020833333333 975.331002410862
0.0238541666666667 975.308368089344
0.02390625 975.284981818502
0.0239583333333333 975.260823105179
0.0240104166666667 975.235871065283
0.0240625 975.210104422127
0.0241145833333333 975.183501504961
0.0241666666666667 975.156040247724
0.02421875 975.127698188005
0.0242708333333333 975.098452466234
0.0243229166666667 975.068279825094
0.024375 975.037156609176
0.0244270833333333 975.005058764873
0.0244791666666667 974.971961840522
0.02453125 974.937840986796
0.0245833333333333 974.902670957366
0.0246354166666667 974.866426109814
0.0246875 974.829080406828
0.0247395833333333 974.790607417665
0.0247916666666667 974.750980319906
0.02484375 974.710171901482
0.0248958333333333 974.668154563006
0.0249479166666667 974.624900320387
0.025 974.580380807756
0.0250520833333333 974.534567280691
0.0251041666666667 974.487430619745
0.02515625 974.438941334295
0.0252083333333333 974.389069566699
0.0252604166666667 974.337785096776
0.0253125 974.285057346606
0.0253645833333333 974.230855385649
0.0254166666666667 974.175147936199
0.02546875 974.117903379159
0.0255208333333333 974.059089760146
0.0255729166666667 973.998674795936
0.025625 973.936625881227
0.0256770833333333 973.872910095748
0.0257291666666667 973.807494211693
0.02578125 973.740344701492
0.0258333333333333 973.671427745917
0.0258854166666667 973.600709242512
0.0259375 973.528154814365
0.0259895833333333 973.453729819202
0.0260416666666667 973.377399358811
0.02609375 973.299128288794
0.0261458333333333 973.218881228639
0.0261979166666667 973.136622572112
0.02625 973.05231649797
0.0263020833333333 972.965926980981
0.0263541666666667 972.877417803254
0.02640625 972.78675256588
0.0264583333333333 972.693894700858
0.0265104166666667 972.598807483331
0.0265625 972.501454044096
0.0266145833333333 972.401797382401
0.0266666666666667 972.299800379019
0.02671875 972.195425809588
0.0267708333333333 972.088636358206
0.0268229166666667 971.979394631289
0.026875 971.867663171665
0.0269270833333333 971.753404472902
0.0269791666666667 971.636580993877
0.02703125 971.517155173541
0.0270833333333333 971.395089445908
0.0271354166666667 971.270346255239
0.0271875 971.142888071402
0.0272395833333333 971.012677405424
0.0272916666666667 970.879676825195
0.02734375 970.743848971334
0.0273958333333333 970.605156573192
0.0274479166666667 970.463562464987
0.0275 970.319029602057
0.0275520833333333 970.171521077213
0.0276041666666667 970.021000137192
0.02765625 969.867430199181
0.0277083333333333 969.710774867409
0.0277604166666667 969.550997949793
0.0278125 969.388063474617
0.0278645833333333 969.22193570724
0.0279166666666667 969.052579166808
0.02796875 968.879958642965
0.0280208333333333 968.704039212543
0.0280729166666667 968.524786256219
0.028125 968.342165475118
0.0281770833333333 968.156142907363
0.0282291666666667 967.966684944535
0.02828125 967.773758348044
0.0283333333333333 967.57733026539
0.0283854166666667 967.377368246306
0.0284375 967.173840258751
0.0284895833333333 966.966714704759
0.0285416666666667 966.755960436111
0.02859375 966.54154676983
0.0286458333333333 966.323443503473
0.0286979166666667 966.101620930209
0.02875 965.876049853668
0.0288020833333333 965.646701602555
0.0288541666666667 965.41354804499
0.02890625 965.176561602598
0.0289583333333333 964.93571526429
0.0290104166666667 964.690982599767
0.0290625 964.44233777269
0.0291145833333333 964.189755553545
0.0291666666666667 963.933211332145
0.02921875 963.672681129802
0.0292708333333333 963.408141611119
0.0293229166666667 963.139570095409
0.029375 962.866944567729
0.0294270833333333 962.590243689511
0.0294791666666667 962.309446808779
0.02953125 962.024533969946
0.0295833333333333 961.735485923183
0.0296354166666667 961.442284133337
0.0296875 961.1449107884
0.0297395833333333 960.843348807527
0.0297916666666667 960.537581848565
0.02984375 960.227594315122
0.0298958333333333 959.913371363143
0.0299479166666667 959.594898906993
0.03 959.272163625045
0.0300520833333333 958.945152964756
0.0301041666666667 958.613855147241
0.03015625 958.278259171324
0.0302083333333333 957.938354817072
0.0302604166666667 957.594132648802
0.0303125 957.245584017563
0.0303645833333333 956.892701063086
0.0304166666666667 956.535476715197
0.03046875 956.173904694701
0.0305208333333333 955.807979513729
0.0305729166666667 955.43769647554
0.030625 955.063051673797
0.0306770833333333 954.684041991295
0.0307291666666667 954.300665098167
0.03078125 953.91291944954
0.0308333333333333 953.520804282674
0.0308854166666667 953.124319613558
0.0309375 952.72346623299
0.0309895833333333 952.318245702132
0.0310416666666667 951.90866034754
0.03109375 951.494713255694
0.0311458333333333 951.076408267004
0.0311979166666667 950.653749969329
0.03125 950.226743690991
0.0313020833333333 949.7953954933
0.0313541666666667 949.359712162604
0.03140625 948.919701201857
0.0314583333333333 948.47537082173
0.0315104166666667 948.026729931258
0.0315625 947.573788128044
0.0316145833333333 947.116555688022
0.0316666666666667 946.655043554795
0.03171875 946.189263328552
0.0317708333333333 945.719227254584
0.0318229166666667 945.244948211398
0.031875 944.766439698449
0.0319270833333333 944.283715823503
0.0319791666666667 943.796791289634
0.03203125 943.305681381878
0.0320833333333333 942.810401953551
0.0321354166666667 942.310969412246
0.0321875 941.807400705513
0.0322395833333333 941.299713306259
0.0322916666666667 940.787925197851
0.03234375 940.272054858962
0.0323958333333333 939.752121248154
0.0324479166666667 939.228143788233
0.0325 938.700142350362
0.0325520833333333 938.168137237984
0.0326041666666667 937.632149170525
0.03265625 937.092199266937
0.0327083333333333 936.548309029057
0.0327604166666667 936.000500324822
0.0328125 935.448795371341
0.0328645833333333 934.893216717851
0.0329166666666667 934.333787228552
0.03296875 933.770530065358
0.0330208333333333 933.203468670564
0.0330729166666667 932.632626749448
0.033125 932.058028252822
0.0331770833333333 931.479697359543
0.0332291666666667 930.897658459007
0.03328125 930.311936133632
0.0333333333333333 929.72255514134
0.0333854166666667 929.129540398065
0.0334375 928.532916960291
0.0334895833333333 927.932710007631
0.0335416666666667 927.328944825468
0.03359375 926.721646787666
0.0336458333333333 926.110841339363
0.0336979166666667 925.496553979857
0.03375 924.878810245606
0.0338020833333333 924.257635693336
0.0338541666666667 923.633055883294
0.03390625 923.005096362625
0.0339583333333333 922.373782648914
0.0340104166666667 921.739140213883
0.0340625 921.101194467262
0.0341145833333333 920.459970740844
0.0341666666666667 919.815494272727
0.03421875 919.167790191757
0.0342708333333333 918.516883502181
0.0343229166666667 917.862799068515
0.034375 917.205561600639
0.0344270833333333 916.545195639117
0.0344791666666667 915.881725540768
0.03453125 915.215175464467
0.0345833333333333 914.54556935721
0.0346354166666667 913.872930940431
0.0346875 913.197283696584
0.0347395833333333 912.518650855989
0.0347916666666667 911.837055383954
0.03484375 911.152519968174
0.0348958333333333 910.465067006408
0.0349479166666667 909.77471859444
0.035 909.08149651433
0.0350520833333333 908.385422222949
0.0351041666666667 907.686516840812
0.03515625 906.984801141198
0.0352083333333333 906.280295539572
0.0352604166666667 905.573020083293
0.0353125 904.862994441632
0.0353645833333333 904.150237896071
0.0354166666666667 903.434769330915
0.03546875 902.716607224186
0.0355208333333333 901.995769638825
0.0355729166666667 901.272274214174
0.035625 900.54613815777
0.0356770833333333 899.817378237409
0.0357291666666667 899.086010773515
0.03578125 898.352051631788
0.0358333333333333 897.615516216139
0.0358854166666667 896.876419461901
0.0359375 896.134775829322
0.0359895833333333 895.390599297329
0.0360416666666667 894.643903357564
0.03609375 893.89470100868
0.0361458333333333 893.143004750904
0.0361979166666667 892.388826580856
0.03625 891.63217798661
0.0363020833333333 890.873069943016
0.0363541666666667 890.11151290725
0.03640625 889.347516814604
0.0364583333333333 888.581091074505
0.0365104166666667 887.812244566761
0.0365625 887.040985638013
0.0366145833333333 886.267322098411
0.0366666666666667 885.491261218481
0.03671875 884.712809726205
0.0367708333333333 883.931973804274
0.0368229166666667 883.148759087538
0.036875 882.363170660623
0.0369270833333333 881.57521305573
0.0369791666666667 880.784890250576
0.03703125 879.992205666513
0.0370833333333333 879.197162166773
0.0371354166666667 878.399762054865
0.0371875 877.600007073099
0.0372395833333333 876.797898401235
0.0372916666666667 875.993436655248
0.03734375 875.1866218862
0.0373958333333333 874.377453579213
0.0374479166666667 873.565930652533
0.0375 872.752051456684
0.0375520833333333 871.935813773687
0.0376041666666667 871.117214816358
0.03765625 870.296251227662
0.0377083333333333 869.472919080116
0.0377604166666667 868.64721387524
0.0378125 867.819130543043
0.0378645833333333 866.988663441533
0.0379166666666667 866.155806356253
0.03796875 865.320552499823
0.0380208333333333 864.482894511488
0.0380729166666667 863.642824456659
0.038125 862.800333826447
0.0381770833333333 861.955413537165
0.0382291666666667 861.108053929817
0.03828125 860.258244769535
0.0383333333333333 859.405975244981
0.0383854166666667 858.551233967694
0.0384375 857.694008971372
0.0384895833333333 856.834287711095
0.0385416666666667 855.972057062461
0.03859375 855.107303320647
0.0386458333333333 854.240012199372
0.0386979166666667 853.370168829764
0.03875 852.497757759115
0.0388020833333333 851.622762949528
0.0388541666666667 850.745167776432
0.03890625 849.864955026977
0.0389583333333333 848.982106898279
0.0390104166666667 848.096604995527
0.0390625 847.208430329934
0.0391145833333333 846.317563316525
0.0391666666666667 845.423983771758
0.03921875 844.527670910965
0.0392708333333333 843.628603345613
0.0393229166666667 842.726759080365
0.039375 841.822115509949
0.0394270833333333 840.914649415811
0.0394791666666667 840.00433696256
0.03953125 839.091153694177
0.0395833333333333 838.175074530006
0.0396354166666667 837.256073760495
0.0396875 836.33412504269
0.0397395833333333 835.409201395474
0.0397916666666667 834.481275194543
0.03984375 833.550318167101
0.0398958333333333 832.61630138628
0.0399479166666667 831.679195265268
0.04 830.73896955113
0.0400520833333333 829.795593318333
0.0401041666666667 828.849034961938
0.04015625 827.899262190479
0.0402083333333333 826.946242018494
0.0402604166666667 825.989940758711
0.0403125 825.030324013885
0.0403645833333333 824.067356668253
0.0404166666666667 823.101002878631
0.04046875 822.131226065099
0.0405208333333333 821.157988901309
0.0405729166666667 820.181253304364
0.040625 819.200980424285
0.0406770833333333 818.217130633037
0.0407291666666667 817.22966351311
0.04078125 816.238537845642
0.0408333333333333 815.243711598058
0.0408854166666667 814.245141911234
0.0409375 813.242785086154
0.0409895833333333 812.236596570043
0.0410416666666667 811.226530941983
0.04109375 810.212541897966
0.0411458333333333 809.194582235393
0.0411979166666667 808.172603836987
0.04125 807.14655765411
0.0413020833333333 806.116393689457
0.0413541666666667 805.08206097912
0.04140625 804.04350757399
0.0414583333333333 803.000680520489
0.0415104166666667 801.953525840593
0.0415625 800.901988511142
0.0416145833333333 799.846012442404
0.0416666666666667 798.785540455869
0.04171875 797.720514261247
0.0417708333333333 796.650874432648
0.0418229166666667 795.576560383914
0.041875 794.497510343072
0.0419270833333333 793.413661325878
0.0419791666666667 792.32494910843
0.04203125 791.231308198798
0.0420833333333333 790.132671807656
0.0421354166666667 789.028971817873
0.0421875 787.920138753015
0.0422395833333333 786.806101744744
0.0422916666666667 785.686788499039
0.04234375 784.562125261229
0.0423958333333333 783.43203677977
0.0424479166666667 782.296446268731
0.0425 781.155275368933
0.0425520833333333 780.008444107692
0.0426041666666667 778.855870857113
0.04265625 777.697472290873
0.0427083333333333 776.533163339443
0.0427604166666667 775.362857143674
0.0428125 774.186465006688
0.0428645833333333 773.003896344009
0.0429166666666667 771.815058631849
0.04296875 770.61985735349
0.0430208333333333 769.418195943662
0.0430729166666667 768.209975730851
0.043125 766.995095877439
0.0431770833333333 765.773453317582
0.0432291666666667 764.54494269273
0.04328125 763.309456284694
0.0433333333333333 762.066883946134
0.0433854166666667 760.81711302837
0.0434375 759.560028306387
0.0434895833333333 758.295511900908
0.0435416666666667 757.0234431974
0.04359375 755.743698761881
0.0436458333333333 754.456152253363
0.0436979166666667 753.160674332785
0.04375 751.857132568265
0.0438020833333333 750.545391336499
0.0438541666666667 749.22531172012
0.04390625 747.896751400808
0.0439583333333333 746.559564547973
0.0440104166666667 745.213601702756
0.0440625 743.858709657139
0.0441145833333333 742.494731327908
0.0441666666666667 741.121505625208
0.04421875 739.738867315416
0.0442708333333333 738.346646878032
0.0443229166666667 736.94467035628
0.044375 735.532759201089
0.0444270833333333 734.110730108093
0.0444791666666667 732.678394847289
0.04453125 731.235560084938
0.0445833333333333 729.782027197301
0.0446354166666667 728.31759207575
0.0446875 726.842044922769
0.0447395833333333 725.35517003835
0.0447916666666667 723.856745596209
0.04484375 722.346543409274
0.0448958333333333 720.824328683783
0.0449479166666667 719.289859761364
0.045 717.74288784836
0.0450520833333333 716.183156731641
0.0451041666666667 714.610402480102
0.04515625 713.02435313096
0.0452083333333333 711.424728359918
0.0452604166666667 709.811239134192
0.0453125 708.183587347328
0.0453645833333333 706.541465434647
0.0454166666666667 704.884555968068
0.04546875 703.212531228984
0.0455208333333333 701.525052757738
0.0455729166666667 699.821770878148
0.045625 698.102324195412
0.0456770833333333 696.366339065575
0.0457291666666667 694.613429034616
0.04578125 692.843194245036
0.0458333333333333 691.055220807671
0.0458854166666667 689.24908013624
0.0459375 687.424328241973
0.0459895833333333 685.580504985379
0.0460416666666667 683.717133282019
0.04609375 681.833718258835
0.0461458333333333 679.929746357298
0.0461979166666667 678.004684379307
0.04625 676.057978471395
0.0463020833333333 674.089053042388
0.0463541666666667 672.097309609232
0.04640625 670.082125565174
0.0464583333333333 668.042852863952
0.0465104166666667 665.978816613035
0.0465625 663.889313568246
0.0466145833333333 661.773610521379
0.0466666666666667 659.630942571524
0.04671875 657.460511269914
0.0467708333333333 655.261482627012
0.0468229166666667 653.03298496938
0.046875 650.77410663253
0.0469270833333333 648.48389347448
0.0469791666666667 646.161346193005
0.04703125 643.805417427704
0.0470833333333333 641.415008625834
0.0471354166666667 638.98896664841
0.0471875 636.52608009032
0.0472395833333333 634.025075285025
0.0472916666666667 631.48461196086
0.04734375 628.903278511801
0.0473958333333333 626.279586840928
0.0474479166666667 623.611966729367
0.0475 620.898759677368
0.0475520833333333 618.138212156959
0.0476041666666667 615.328468207448
0.04765625 612.467561295404
0.0477083333333333 609.553405349694
0.0477604166666667 606.583784869165
0.0478125 603.556343985415
0.0478645833333333 600.468574345384
0.0479166666666667 597.317801657527
0.04796875 594.101170720759
0.0480208333333333 590.815628726075
0.0480729166666667 587.457906586065
0.048125 584.024498006059
0.0481770833333333 580.511635960982
0.0482291666666667 576.915266182197
0.04828125 573.231017186383
0.0483333333333333 569.454166290737
0.0483854166666667 565.579600951757
0.0484375 561.60177463355
0.0484895833333333 557.514656249761
0.0485416666666667 553.311672022451
0.04859375 548.985638350924
0.0486458333333333 544.528683969129
0.0486979166666667 539.932159273136
0.04875 535.186530194628
0.0488020833333333 530.281253348137
0.0488541666666667 525.204628341865
0.04890625 519.943622049393
0.0489583333333333 514.483658202258
0.0490104166666667 508.808363753391
0.0490625 502.899260896791
0.0491145833333333 496.735390145536
0.0491666666666667 490.292845081009
0.04921875 483.544192712885
0.0492708333333333 476.457743955264
0.0493229166666667 468.996625173946
0.049375 461.117581956685
0.0494270833333333 452.769416757236
0.0494791666666667 443.890917174133
0.04953125 434.408061685706
0.0495833333333333 424.230177769027
0.0496354166666667 413.244542874432
0.0496875 401.308604100886
0.0497395833333333 388.238434279675
0.0497916666666667 373.79100578402
0.04984375 357.635832412819
0.0498958333333333 339.30728402086
0.0499479166666667 318.119272446293
0.05 293
