0 976.100281995109
0.00161374306091976 976.100281995109
0.00228217732293819 976.100281995109
0.00279508497187474 976.100281995109
0.00322748612183951 976.100281995109
0.00360843918243516 976.100281995109
0.00395284707521047 976.100281995109
0.00426956281914983 976.100281995108
0.00456435464587638 976.100281995107
0.00484122918275927 976.100281995106
0.00510310363079829 976.100281995104
0.00535218024111047 976.100281995101
0.00559016994374947 976.100281995097
0.00581843335157039 976.100281995091
0.0060380736442456 976.100281995081
0.00625 976.100281995068
0.00645497224367903 976.100281995048
0.00665363309277971 976.10028199502
0.00684653196881458 976.100281994981
0.00703414292338922 976.100281994926
0.00721687836487032 976.10028199485
0.00739509972887452 976.100281994746
0.00756912588524373 976.100281994605
0.00773923984208613 976.100281994416
0.00790569415042095 976.100281994164
0.00806871530459879 976.100281993831
0.00822850735755479 976.100281993394
0.00838525491562421 976.100281992825
0.00853912563829966 976.100281992088
0.00869027233942259 976.10028199114
0.00883883476483185 976.100281989926
0.00898494110535326 976.100281988382
0.00912870929175277 976.100281986427
0.00927024810886958 976.100281983966
0.00940965815886351 976.100281980882
0.00954703269782467 976.100281977036
0.00968245836551854 976.100281972259
0.00981601582449146 976.100281966351
0.00994778032192777 976.100281959076
0.0100778221853732 976.100281950151
0.0102062072615966 976.100281939243
0.0103329973063644 976.10028192596
0.0104582503316759 976.100281909842
0.0105820209160002 976.100281890349
0.0107043604822209 976.100281866852
0.0108253175473055 976.100281838618
0.0109449379471364 976.100281804795
0.0110632650394598 976.100281764395
0.0111803398874989 976.100281716278
0.0112962014264383 976.10028165913
0.011410886614691 976.100281591435
0.0115244305716161 976.100281511458
0.0116368667031408 976.100281417209
0.0117482268165597 976.100281306414
0.0118585412256314 976.100281176481
0.0119678388469542 976.100281024457
0.0120761472884912 976.100280846989
0.0121834929310112 976.100280640276
0.0122899010031272 976.100280400014
0.0123953956505363 976.100280121343
0.0125 976.100279798782
0.0126037362185451 976.10027942616
0.0127066255683141 976.100278996544
0.0128086884574495 976.100278502153
0.0129099444873581 976.100277934273
0.0130104124966633 976.100277283161
0.0131101106021269 976.100276537933
0.0132090562367895 976.100275686458
0.0133072661855594 976.10027471523
0.0134047566184545 976.100273609236
0.013501543121683 976.100272351809
0.0135976407267339 976.100270924475
0.0136930639376292 976.100269306784
0.0137878267564786 976.100267476126
0.0138819427074647 976.100265407543
0.0139754248593737 976.100263073512
0.0140682858467784 976.100260443726
0.014160537889972 976.100257484851
0.0142521928137392 976.10025416027
0.0143432620650488 976.100250429809
0.0144337567297406 976.100246249439
0.0145236875482778 976.100241570967
0.0146130649306252 976.100236341696
0.0147018989703145 976.100230504078
0.014790199457749 976.100223995328
0.0148779758927976 976.100216747024
0.0149652374967233 976.100208684681
0.0150519932234904 976.100199727299
0.0151382517704875 976.100189786884
0.0152240215887043 976.100178767936
0.0153093108923949 976.100166566922
0.0153941276682593 976.1001530717
0.0154784796841723 976.100138160927
0.0155623744974859 976.100121703427
0.0156458194629322 976.100103557526
0.0157288217401474 976.100083570358
0.0158113883008419 976.100061577126
0.0158935259356339 976.100037400329
0.0159752412605673 976.10001084896
0.0160565407233314 976.099981717648
0.0161374306091976 976.099949785773
0.0162179170466905 976.099914816535
0.0162980060130066 976.099876555975
0.0163777033391946 976.099834731964
0.0164570147151096 976.099789053132
0.0165359456941537 976.099739207764
0.0166145016978141 976.09968486264
0.0166926880200084 976.099625661834
0.0167705098312484 976.099561225454
0.0168479721826298 976.099491148345
0.0169250800096583 976.099414998728
0.0170018381359193 976.099332316795
0.0170782512765993 976.099242613249
0.0171543240418658 976.099145367788
0.0172300609401128 976.099040027541
0.0173054663810793 976.09892600544
0.0173805446788452 976.098802678543
0.0174553000547112 976.098669386299
0.0175297366399689 976.098525428756
0.0176038584785647 976.098370064709
0.0176776695296637 976.098202509795
0.0177511736701173 976.098021934526
0.0178243746968395 976.097827462265
0.0178972763290954 976.097618167147
0.0179698822107065 976.097393071934
0.0180421959121758 976.097151145817
0.0181142209327368 976.096891302162
0.0181859607023293 976.096612396187
0.0182574185835055 976.096313222591
0.018328597873269 976.095992513126
0.0183995018048497 976.0956489341
0.0184701335494179 976.095281083838
0.0185404962177392 976.094887490076
0.0186105928617727 976.094466607305
0.0186804264762166 976.094016814059
0.01875 976.09353641015
0.018819316317727 976.093023613852
0.0188883782610719 976.092476559026
0.0189571886101289 976.091893292209
0.0190257500947181 976.091271769641
0.0190940653956493 976.090609854252
0.0191621371459449 976.089905312602
0.0192299679320239 976.089155811779
0.019297560294849 976.088358916249
0.0193649167310371 976.087512084674
0.019432039693935 976.086612666687
0.0194989315946626 976.085657899633
0.0195655948031232 976.084644905279
0.0196320316489829 976.083570686484
0.0196982444226214 976.082432123854
0.0197642353760524 976.081225972361
0.019830006723818 976.079948857941
0.0198955606438555 976.078597274074
0.0199608992783391 976.077167578344
0.0200260247344965 976.075655988989
0.020090939085402 976.074058581432
0.0201556443707464 976.072371284813
0.0202201425975849 976.07058987851
0.0202844357410635 976.068709988659
0.0203485257451246 976.066727084679
0.0204124145231932 976.064636475806
0.0204761039588427 976.062433307624
0.0205395959064437 976.060112558622
0.0206028921917935 976.057669036765
0.0206659946127287 976.055097376079
0.0207289049397213 976.052392033269
0.0207916249164578 976.049547284362
0.0208541562604037 976.046557221381
0.0209165006633519 976.043415749062
0.0209786597919568 976.040116581604
0.0210406352882543 976.036653239472
0.0211024287701677 976.033019046243
0.0211640418320005 976.029207125507
0.0212254760449167 976.025210397831
0.021286732957408 976.021021577779
0.0213478140957492 976.016633170997
0.0214087209644419 976.01203747138
0.0214694550466471 976.007226558297
0.0215300178046064 976.002192293913
0.0215904106800527 975.99692632058
0.021650635094611 975.991420058321
0.0217106924501884 975.985664702412
0.0217705841293552 975.979651221049
0.0218303114957162 975.973370353125
0.0218898758942728 975.966812606104
0.0219492786517765 975.959968254011
0.0220085210770738 975.952827335525
0.0220676044614423 975.945379652197
0.0221265300789196 975.937614766785
0.0221852991866236 975.929522001712
0.0222439130250652 975.921090437652
0.0223023728184544 975.91230891225
0.0223606797749979 975.903166018975
0.022418835087191 975.89365010611
0.022476839932102 975.883749275888
0.0225346954716499 975.873451383765
0.0225924028528766 975.862744037855
0.0226499632082115 975.8516145985
0.0227073776557312 975.840050178006
0.0227646472994129 975.828037640527
0.0228217732293819 975.815563602121
0.0228787565221539 975.802614430949
0.0229355982408715 975.789176247658
0.0229922994355357 975.775234925916
0.0230488611432322 975.760776093123
0.023105284388353 975.745785131288
0.0231615701828122 975.730247178085
0.0232177195262584 975.71414712807
0.0232737334062816 975.69746963409
0.0233296127986157 975.680199108852
0.0233853586673371 975.662319726681
0.0234409719650587 975.64381542545
0.0234964536331195 975.62466990869
0.023551804601771 975.604866647885
0.0236070257903588 975.584388884938
0.0236621181075011 975.563219634823
0.0237170824512628 975.541341688416
0.0237719197093265 975.518737615508
0.0238266307591597 975.495389767991
0.0238812164681785 975.47128028323
0.0239356776939085 975.446391087614
0.0239900152841413 975.420703900274
0.0240442300770892 975.394200236993
0.0240983229015354 975.366861414278
0.0241522945769824 975.338668553611
0.0242061459137964 975.309602585873
0.0242598777133494 975.279644255936
0.0243134907681586 975.248774127425
0.0243669858620224 975.216972587644
0.0244203637701543 975.184219852668
0.024473625259314 975.150495972595
0.0245267710879357 975.115780836955
0.0245798020062544 975.080054180278
0.0246327187564291 975.043295587814
0.0246855220726644 975.005484501398
0.024738212681329 974.966600225468
0.0247907913010725 974.926621933217
0.0248432586429397 974.885528672897
0.0248956154104828 974.843299374243
0.0249478622998712 974.799912855038
0.025 974.755347827803
0.0250520291925957 974.70958290661
0.0251039505523201 974.662596614013
0.0251557647468726 974.614367388089
0.0252074724370903 974.564873589602
0.0252590742770461 974.514093509254
0.0253105709141457 974.462005375046
0.025361962989222 974.408587359739
0.0254132511366282 974.353817588392
0.0254644359843292 974.297674145993
0.0255155181539914 974.24013508517
0.0255664982610707 974.181178433977
0.025617376914899 974.120782203741
0.0256681547187691 974.058924396983
0.0257188322700183 973.995583015393
0.0257694101601104 973.930736067855
0.0258198889747161 973.864361578523
0.0258702692937923 973.796437594937
0.0259205516916596 973.726942196172
0.025970736737079 973.655853501022
0.0260208249933267 973.583149676202
0.0260708170182678 973.508808944576
0.0261207133644291 973.432809593389
0.0261705145790703 973.355129982509
0.0262202212042538 973.275748552675
0.0262698337769135 973.194643833733
0.0263193528289229 973.111794452862
0.0263687788871612 973.027179142786
0.0264181124735789 972.940776749967
0.0264673541052621 972.852566242759
0.0265165042944955 972.762526719539
0.0265655635488251 972.670637416794
0.0266145323711189 972.57687771716
0.0266634112596269 972.481227157418
0.026712200708041 972.383665436424
0.0267609012055524 972.284172422986
0.026809513236909 972.182728163667
0.0268580372824722 972.079312890522
0.0269064738182716 971.973907028749
0.0269548233160598 971.866491204264
0.0270030862433661 971.757046251185
0.0270512630635491 971.645553219221
0.0270993542358485 971.53199338097
0.0271473602154365 971.416348239101
0.0271952814534679 971.298599533444
0.0272431183971292 971.178729247956
0.027290871489688 971.056719617574
0.0273385411705404 970.932553134947
0.0273861278752583 970.806212557046
0.0274336320356359 970.677680911634
0.0274810540797352 970.546941503615
0.0275283944319316 970.413977921237
0.0275756535129572 970.278774042153
0.0276228317399454 970.141314039347
0.0276699295264733 970.001582386897
0.0277169472826043 969.859563865596
0.0277638854149295 969.715243568418
0.0278107443266087 969.568606905819
0.0278575244174113 969.419639610879
0.0279042260837554 969.268327744289
0.0279508497187474 969.114657699154
0.0279973957122206 968.958616205646
0.0280438644507731 968.800190335468
0.0280902563178053 968.639367506156
0.0281365716935569 968.476135485203
0.0281828109551431 968.310482393999
0.0282289744765905 968.142396711597
0.0282750626288726 967.9718672783
0.0283210757799441 967.798883299057
0.0283670142947755 967.623434346686
0.0284128785353872 967.445510364899
0.028458668860882 967.265101671154
0.0285043856274785 967.082198959311
0.0285500291885432 966.896793302104
0.0285955998946225 966.708876153425
0.028641098093474 966.518439350415
0.0286865241300975 966.325475115376
0.0287318783467655 966.129976057482
0.0287771610830533 965.931935174311
0.0288223726758688 965.731345853181
0.0288675134594813 965.528201872303
0.0289125837655509 965.322497401742
0.0289575839231568 965.114227004194
0.0290025142588248 964.903385635573
0.0290473750965556 964.689968645416
0.029092166757852 964.473971777102
0.0291368895617451 964.255391167881
0.0291815438248219 964.034223348736
0.0292261298612503 963.810465244043
0.0292706479828058 963.584114171072
0.0293150984988964 963.355167839296
0.029359481716588 963.123624349532
0.0294037979406289 962.8894821929
0.0294480474734744 962.652740249618
0.0294922306153107 962.413397787623
0.0295363476640788 962.171454461018
0.0295803989154981 961.926910308368
0.0296243846630891 961.679765750814
0.0296683051981965 961.430021590043
0.0297121608100118 961.177679006087
0.0297559517855952 960.922739554971
0.0297996784098979 960.66520516621
0.0298433409657833 960.405078140154
0.0298869397340488 960.142361145181
0.0299304749934466 959.877057214752
0.0299739470207045 959.609169744322
0.0300173560905465 959.338702488113
0.0300607024757129 959.065659555747
0.0301039864469807 958.790045408756
0.0301472082731829 958.511864856956
0.030190368221228 958.231123054698
0.0302334665561196 957.947825496996
0.0302765035409749 957.661978015535
0.030319479437044 957.373586774572
0.0303623945037278 957.082658266708
0.0304052489985967 956.789199308574
0.0304480431774085 956.49321703639
0.0304907772941262 956.194718901441
0.0305334516009354 955.893712665443
0.0305760663482622 955.590206395822
0.0306186217847897 955.284208460899
0.0306611181574754 954.975727524992
0.0307035557115676 954.664772543431
0.0307459346906221 954.351352757494
0.0307882553365186 954.035477689273
0.0308305178894765 953.717157136459
0.0308727225880712 953.396401167067
0.0309148696692492 953.07322011409
0.0309569593683445 952.7476245701
0.0309989919190931 952.419625381777
0.0310409675536486 952.089233644406
0.0310828865025971 951.756460696302
0.0311247489949718 951.421318113203
0.0311665552582679 951.083817702616
0.0312083055184567 950.743971498119
0.03125 950.401791753639
0.0312916389258643 950.057290937683
0.0313332225175345 949.710481727552
0.0313747509950278 949.361377003523
0.0314162245769072 949.009989843014
0.0314576434802948 948.656333514726
0.0314990079208854 948.300421472772
0.0315403181129593 947.942267350794
0.0315815742693953 947.581884956071
0.0316227766016838 947.219288263622
0.0316639253199389 946.854491410309
0.0317050206329113 946.487508688933
0.0317460627480007 946.118354542344
0.0317870518712678 945.747043557551
0.0318279882074462 945.373590459846
0.0318688719599549 944.998010106934
0.0319097033309097 944.620317483091
0.0319504825211347 944.240527693325
0.0319912097301743 943.858655957573
0.0320318851563043 943.474717604908
0.032072508996543 943.088728067786
0.0321130814466628 942.700702876309
0.0321536027012008 942.310657652531
0.0321940729534698 941.918608104787
0.0322344923955691 941.52457002207
0.0322748612183951 941.128559268435
0.0323151796116521 940.730591777452
0.032355447763862 940.3306835467
0.0323956658623753 939.9288506323
0.0324358340933809 939.525109143506
0.0324759526419165 939.119475237338
0.0325160216918778 938.711965113267
0.0325560414260293 938.302595007951
0.0325960120260132 937.891381190032
0.0326359336723598 937.478339954981
0.0326758065444961 937.06348762001
0.032715630820756 936.646840519034
0.0327554066783892 936.228414997703
0.0327951342935706 935.808227408488
0.0328348138414092 935.38629410584
0.0328744454959573 934.962631441406
0.0329140294302192 934.537255759316
0.0329535658161602 934.110183391537
0.0329930548247153 933.681430653297
0.0330324966257977 933.251013838573
0.0330718913883074 932.818949215657
0.0331112392801397 932.385253022793
0.0331505404681935 931.94994146388
0.0331897951183794 931.513030704254
0.0332290033956281 931.074536866545
0.0332681654638986 930.634476026609
0.0333072814861856 930.192864209526
0.0333463516245281 929.749717385689
0.0333853760400169 929.30505146696
0.0334243548928023 928.858882302905
0.0334632883421021 928.411225677105
0.0335021765462087 927.96209730355
0.0335410196624968 927.511512823104
0.0335798178474313 927.059487800058
0.0336185712565739 926.606037718747
0.0336572800445906 926.151177980263
0.0336959443652596 925.69492389923
0.0337345643714771 925.237290700673
0.0337731402152657 924.778293516951
0.0338116720477806 924.317947384784
0.0338501600193165 923.856267242345
0.0338886042793149 923.393267926439
0.0339270049763705 922.928964169757
0.0339653622582379 922.463370598207
0.0340036762718386 921.996501728329
0.0340419471632671 921.528371964777
0.0340801750777976 921.058995597885
0.0341183601598905 920.588386801314
0.0341565025531987 920.116559629762
0.0341946024005739 919.643528016764
0.0342326598440729 919.169305772556
0.0342706750249636 918.693906582021
0.0343086480837315 918.217344002706
0.0343465791600852 917.739631462915
0.0343844683929629 917.260782259871
0.0344223159205381 916.780809557954
0.0344601218802256 916.299726387006
0.0344978864086869 915.817545640714
0.0345356096418368 915.334280075059
0.0345732917148483 914.84994230683
0.0346109327621586 914.364544812216
0.0346485329174748 913.878099925459
0.034686092313779 913.390619837574
0.0347236110833344 912.902116595139
0.0347610893576904 912.412602099148
0.0347985272676876 911.922088103926
0.0348359249434641 911.430586216115
0.0348732825144599 910.93810789371
0.0349106001094224 910.444664445169
0.0349478778564116 909.950267028578
0.0349851158828056 909.454926650872
0.0350223143153047 908.958654167124
0.0350594732799377 908.461460279883
0.0350965929020658 907.963355538571
0.035133673306388 907.464350338941
0.0351707146169461 906.964454922581
0.0352077169571293 906.463679376475
0.0352446804496792 905.962033632623
0.0352816052166942 905.459527467701
0.0353184913796347 904.95617050278
0.0353553390593274 904.451972203091
0.0353921483759699 903.946941877839
0.0354289194491355 903.441088680065
0.0354656523977778 902.934421606552
0.0355023473402347 902.426949497781
0.0355390043942333 901.918681037923
0.0355756236768943 901.409624754884
0.035612205304736 900.899789020385
0.0356487493936791 900.389182050081
0.0356852560590505 899.877811903732
0.035721725415588 899.365686485397
0.0357581575774442 898.852813543676
0.0357945526581909 898.339200671989
0.0358309107708228 897.824855308882
0.0358672320277622 897.309784738378
0.0359035165408627 896.793996090356
0.035939764421413 896.277496340963
0.0359759757801416 895.760292313057
0.0360121507272198 895.242390676685
0.0360482893722666 894.723797949583
0.0360843918243516 894.204520497712
0.0361204581919997 893.684564535817
0.0361564885831944 893.163936128014
0.0361924831053816 892.642641188404
0.0362284418654736 892.120685481705
0.0362643649698525 891.59807462392
0.0363002525243742 891.074814083014
0.0363361046343716 890.550909179623
0.0363719214046587 890.026365087777
0.0364077029395337 889.501186835652
0.0364434493427831 888.975379306327
0.0364791607176847 888.448947238572
0.0365148371670111 887.921895227649
0.0365504787930336 887.394227726125
0.0365860856975253 886.865949044709
0.0366216579817645 886.337063353094
0.036657195746538 885.807574680822
0.0366926990921446 885.277486918158
0.0367281681183984 884.746803816973
0.0367636029246319 884.215528991641
0.0367990036096994 883.683665919955
0.0368343702719801 883.151217944034
0.0368697030093816 882.61818827126
0.0369050019193424 882.084579975207
0.0369402670988358 881.550395996588
0.0369754986443726 881.015639144203
0.0370106966520041 880.480312095898
0.0370458612173254 879.944417399522
0.0370809924354783 879.407957473902
0.0371160904011544 878.870934609804
0.0371511552085979 878.333350970916
0.0371861869516088 877.795208594821
0.0372211857235455 877.256509393977
0.037256151617328 876.717255156702
0.0372910847254407 876.177447548151
0.0373259851399352 875.637088111301
0.0373608529524332 875.096178267937
0.037395688254129 874.55471931963
0.0374304911357928 874.01271244872
0.0374652616877733 873.470158719294
0.0375 872.927059078164
0.0375347061619865 872.383414355842
0.0375693802628328 871.839225267508
0.0376040223912283 871.294492413982
0.0376386326354541 870.749216282681
0.0376732110833857 870.203397248581
0.0377077578224959 869.657035575172
0.0377422729398571 869.1101314154
0.0377767565221438 868.562684812615
0.0378112086556354 868.014695701499
0.0378456294262186 867.466163909003
0.0378800189193899 866.917089155261
0.0379143772202578 866.367471054506
0.0379487044135458 865.817309115978
0.0379830005835944 865.266602744818
0.0380172658143639 864.715351242958
0.0380515001894363 864.163553810005
0.038085703792018 863.611209544102
0.0381198767049423 863.058317442799
0.0381540190106713 862.504876403897
0.0381881307912987 861.950885226294
0.0382222121285516 861.396342610808
0.0382562631037934 860.841247161007
0.0382902837980255 860.285597384007
0.0383242742918897 859.729391691275
0.0383582346656708 859.172628399415
0.0383921649992982 858.615305730938
0.0384260653723485 858.057421815026
0.0384599358640478 857.498974688281
0.0384937765532733 856.939962295464
0.0385275875185561 856.380382490216
0.0385613688380828 855.820233035771
0.038595120589698 855.259511605655
0.0386288428509061 854.698215784372
0.0386625356988735 854.136343068071
0.0386961992104307 853.573890865211
0.0387298334620742 853.010856497199
0.0387634385299688 852.447237199024
0.0387970144899493 851.883030119874
0.0388305614175227 851.318232323732
0.0388640793878701 850.752840789974
0.0388975684758486 850.186852413933
0.0389310287559936 849.62026400746
0.0389644603025201 849.053072299471
0.0389978631893253 848.485273936472
0.03903123748999 847.916865483076
0.0390645832777807 847.347843422497
0.0390979006256517 846.778204157041
0.0391311896062463 846.207944008567
0.0391644502918995 845.637059218944
0.0391976827546391 845.065545950487
0.039230887066188 844.493400286379
0.0392640632979658 843.920618231078
0.0392972115210906 843.347195710706
0.0393303318063807 842.773128573422
0.0393634242243566 842.198412589787
0.0393964888452427 841.623043453097
0.0394295257389688 841.047016779719
0.0394625349751719 840.470328109394
0.0394955166231983 839.892972905535
0.0395284707521047 839.314946555506
0.0395613974306604 838.736244370879
0.0395942967273487 838.156861587684
0.0396271687103684 837.576793366636
0.039660013447636 836.996034793346
0.0396928310067868 836.41458087852
0.0397256214551768 835.832426558135
0.0397583848598842 835.249566693602
0.0397911212877111 834.665996071915
0.039823830805185 834.081709405775
0.0398565134785604 833.496701333706
0.0398891693738204 832.910966420151
0.0399217985566783 832.324499155545
0.0399544010925789 831.737293956384
0.0399869770467003 831.149345165262
0.0400195264839553 830.560647050905
0.0400520494689931 829.971193808177
0.0400845460662003 829.380979558073
0.040117016339703 828.789998347699
0.040149460353368 828.198244150224
0.040181878170804 827.605710864827
0.0402142698553635 827.012392316619
0.0402466354701442 826.418282256548
0.0402789750779899 825.823374361286
0.0403112887414928 825.227662233106
0.0403435765229939 824.63113939973
0.0403758384845855 824.033799314168
0.0404080746881115 823.435635354534
0.0404402851951698 822.836640823846
0.0404724700671127 822.23680894981
0.0405046293650491 821.636132884583
0.0405367631498454 821.034605704516
0.040568871482127 820.432220409889
0.0406009544222793 819.828969924612
0.0406330120304497 819.224847095922
0.0406650443665482 818.619844694054
0.0406970514902493 818.013955411893
0.0407290334609927 817.407171864613
0.0407609903379853 816.799486589292
0.0407929221802018 816.190892044506
0.0408248290463863 815.581380609916
0.0408567109950536 814.970944585819
0.0408885680844903 814.359576192693
0.0409204003727562 813.747267570719
0.0409522079176854 813.134010779279
0.0409839907768875 812.519797796441
0.041015749007749 811.904620518416
0.0410474826674345 811.288470759009
0.0410791918128875 810.67134024903
0.0411108765008321 810.053220635708
0.041142536787774 809.434103482061
0.0411741727300015 808.813980266264
0.0412057843835871 808.192842380987
0.041237371804388 807.570681132713
0.0412689350480479 806.947487741039
0.0413004741699979 806.323253337948
0.0413319892254575 805.697968967069
0.0413634802694357 805.071625582907
0.0413949473567326 804.444214050056
0.04142639054194 803.815725142387
0.0414578098794425 803.186149542218
0.0414892054234191 802.555477839451
0.0415205772278437 801.923700530702
0.0415519253464867 801.290808018392
0.0415832498329155 800.656790609825
0.0416145507404962 800.021638516239
0.0416458281223942 799.385341851828
0.0416770820315754 798.747890632752
0.0417083125208073 798.109274776108
0.04173951964266 797.469484098888
0.0417707034495071 796.828508316901
0.0418018639935271 796.186337043681
0.0418330013267038 795.542959789357
0.041864115500828 794.898365959511
0.0418952065674981 794.25254485399
0.0419262745781211 793.605485665712
0.0419573195839137 792.957177479429
0.0419883416359033 792.30760927047
0.042019340784929 791.65676990345
0.0420503170816424 791.004648130961
0.0420812705765087 790.351232592217
0.0421122013198075 789.696511811688
0.0421431093616343 789.040474197688
0.0421739947519005 788.383108040945
0.0422048575403353 787.724401513128
0.042235697776486 787.064342665358
0.0422665155097192 786.402919426667
0.0422973107892216 785.740119602443
0.042328083664001 785.075930872831
0.0423588341828872 784.410340791105
0.0423895623945329 783.743336781999
0.0424202683474146 783.074906140014
0.0424509520898334 782.405036027681
0.0424816136699161 781.733713473788
0.0425122531356157 781.060925371574
0.0425428705347128 780.386658476885
0.042573465914816 779.710899406286
0.0426040393233631 779.033634635145
0.0426345908076216 778.354850495663
0.04266512041469 777.674533174877
0.0426956281914983 776.992668712611
0.042726114184809 776.309242999395
0.0427565784412177 775.624241774331
0.0427870210071543 774.937650622922
0.0428174419288838 774.249454974853
0.0428478412525065 773.559640101729
0.0428782190239598 772.868191114763
0.0429085752890181 772.175092962422
0.0429389100932942 771.480330428017
0.0429692234822398 770.783888127251
0.0429995155011464 770.085750505708
0.0430297861951463 769.385901836302
0.0430600356092127 768.684326216661
0.0430902637881614 767.981007566466
0.0431204707766508 767.27592962473
0.0431506566191833 766.569075947022
0.0431808213601054 765.860429902635
0.043210965043609 765.149974671693
0.043241087713732 764.437693242201
0.043271189414359 763.723568407027
0.0433012701892219 763.00758276083
0.0433313300819011 762.289718696918
0.0433613691358257 761.569958404038
0.0433913873942745 760.848283863109
0.0434213849003768 760.124676843872
0.0434513616971129 759.399118901481
0.0434813178273152 758.671591373016
0.0435112533336684 757.942075373925
0.0435411682587104 757.210551794386
0.0435710626448334 756.4770012956
0.0436009365342841 755.741404305992
0.0436307899691644 755.003741017345
0.0436606229914325 754.263991380838
0.0436904356429032 753.52213510301
0.0437202279652489 752.778151641624
0.04375 752.032020201456
0.0437797517885457 751.28371972998
0.0438094833721345 750.533228912963
0.0438391947918755 749.780526169969
0.043868886088738 749.025589649753
0.0438985573035531 748.268397225564
0.043928208477014 747.508926490336
0.0439578396496765 746.747154751781
0.0439874508619599 745.98305902736
0.0440170421541475 745.216616039157
0.0440466135663874 744.447802208623
0.044076165138693 743.67659365121
0.0441056969109434 742.902966170883
0.0441352089228845 742.126895254506
0.0441647012141295 741.348356066096
0.0441941738241592 740.567323440954
0.044223626792323 739.783771879652
0.0442530601578392 738.997675541889
0.0442824739597959 738.209008240199
0.0443118682371514 737.417743433511
0.0443412430287349 736.623854220568
0.0443705983732471 735.827313333181
0.0443999343092607 735.028093129326
0.0444292508752211 734.226165586084
0.0444585481094469 733.421502292406
0.0444878260501305 732.614074441706
0.0445170847353388 731.80385282428
0.0445463242030137 730.990807819538
0.0445755444909725 730.17490938805
0.0446047456369088 729.356127063397
0.0446339276783928 728.534429943824
0.0446630906528721 727.709786683689
0.0446922345976718 726.882165484698
0.0447213595499958 726.051534086922
0.0447504655469266 725.217859759596
0.0447795526254264 724.381109291682
0.0448086208223373 723.541248982195
0.044837670174382 722.698244630289
0.0448667007181644 721.852061525084
0.0448957124901699 721.002664435241
0.0449247055267663 720.150017598262
0.0449536798642039 719.29408470952
0.0449826355386165 718.434828911002
0.0450115725860213 717.572212779757
0.0450404910423203 716.706198316047
0.0450693909432999 715.836746931179
0.045098272324632 714.963819435021
0.0451271352218744 714.087376023183
0.0451559796704711 713.207376263856
0.0451848057057532 712.323779084298
0.045213613362939 711.436542756951
0.0452424026771346 710.545624885188
0.0452711736833348 709.650982388664
0.0452999264164229 708.75257148827
0.0453286609111719 707.850347690664
0.0453573772022443 706.944265772383
0.0453860753241931 706.034279763502
0.0454147553114624 705.120342930843
0.0454434171983871 704.202407760697
0.0454720610191943 703.280425941074
0.0455006868080032 702.354348343428
0.0455292945988258 701.42412500387
0.0455578844255671 700.489705103832
0.0455864563220262 699.551036950171
0.0456150103218959 698.608067954694
0.0456435464587638 697.660744613077
0.0456720647661128 696.709012483167
0.0457005652773209 695.752816162631
0.0457290480256623 694.792099265944
0.0457575130443078 693.826804400681
0.0457859603663248 692.856873143092
0.0458143900246782 691.88224601293
0.0458428020522306 690.902862447517
0.045871196481743 689.918660774997
0.0458995733458747 688.929578186775
0.0459279326771846 687.93555070908
0.0459562745081307 686.936513173647
0.0459845988710713 685.932399187466
0.0460129057982649 684.923141101569
0.0460411953218709 683.908669978825
0.04606946747395 682.888915560686
0.0460977222864644 681.863806232862
0.0461259597912788 680.833268989877
0.04615418002016 679.797229398458
0.0461823830047779 678.755611559708
0.0462105687767059 677.708338070034
0.046238737367421 676.655329980748
0.0462668888083044 675.596506756322
0.0462950231306419 674.531786231211
0.0463231403656243 673.461084565211
0.0463512405443479 672.384316197268
0.0463793236978146 671.301393797697
0.0464073898569326 670.212228218729
0.0464354390525168 669.116728443309
0.0464634713152888 668.0148015321
0.0464914866758779 666.906352568581
0.046519485164821 665.791284602182
0.0465474668125631 664.669498589355
0.046575431649458 663.540893332506
0.0466033797057681 662.405365416675
0.0466313110116654 661.262809143886
0.0466592255972314 660.11311646504
0.0466871234924577 658.95617690926
0.0467150047272465 657.791877510559
0.0467428693314107 656.620102731714
0.0467707173346743 655.440734385218
0.046798548766673 654.253651551175
0.0468263636569543 653.058730491989
0.0468541620349783 651.855844563697
0.0468819439301174 650.644864123801
0.0469097093716571 649.425656435405
0.0469374583887965 648.198085567506
0.0469651910106482 646.962012291222
0.0469929072662389 645.717293971797
0.0470206071845101 644.463784456126
0.0470482907943176 643.201333955622
0.0470759581244326 641.929788924157
0.0471036092035419 640.648991930846
0.047131244060248 639.358781527398
0.0471588627230697 638.05899210977
0.0471864652204422 636.749453773804
0.0472140515807176 635.429992164552
0.0472416218321655 634.100428318941
0.0472691760029726 632.760578501431
0.0472967141212438 631.410254032279
0.0473242362150023 630.049261108014
0.0473517423121895 628.677400613695
0.0473792324406661 627.294467926481
0.0474067066282117 625.900252710058
0.0474341649025257 624.494538699369
0.0474616072912272 623.077103475128
0.0474890338218555 621.647718227497
0.0475164445218705 620.206147508336
0.047543839418653 618.752148971309
0.0475712185395049 617.285473099161
0.0475985819116494 615.805862917389
0.0476259295622318 614.313053693474
0.0476532615183193 612.806772620798
0.0476805778069016 611.28673848631
0.0477078784548911 609.752661320907
0.0477351634891233 608.204242031466
0.047762432936357 606.641172013331
0.0477896868232746 605.06313274202
0.0478169251764826 603.469795342783
0.0478441480225116 601.860820136568
0.0478713553878169 600.235856160811
0.0478985472987786 598.59454066337
0.047925723781702 596.936498567763
0.0479528848628179 595.261341907754
0.0479800305682826 593.568669229125
0.0480071609241788 591.858064956355
0.0480342759565153 590.129098721681
0.0480613756912277 588.381324653841
0.0480884601541784 586.614280623549
0.0481155293711569 584.827487442512
0.0481425833678806 583.020448012505
0.0481696221699942 581.192646420726
0.0481966458030708 579.343546977303
0.0482236542926118 577.472593190475
0.048250647664047 575.579206674506
0.0482776259427353 573.662785985002
0.0483045891539648 571.722705375727
0.048331537322953 569.758313470514
0.0483584704748472 567.768931843188
0.0483853886347246 565.753853497769
0.0484122918275927 563.712341240417
0.0484391800783897 561.643625933736
0.0484660534119845 559.546904623106
0.0484929118531771 557.421338523575
0.0485197554266988 555.266050854716
0.0485465841572127 553.080124509431
0.0485733980693136 550.862599541191
0.0486001971875286 548.612470452469
0.0486269815363172 546.3286832652
0.0486537511400714 544.010132351876
0.0486805060231163 541.655657003447
0.0487072462097103 539.264037707313
0.0487339717240448 536.833992105565
0.0487606825902455 534.364170599884
0.0487873788323715 531.853151565414
0.0488140604744166 529.299436131075
0.0488407275403087 526.701442478336
0.0488673800539105 524.05749960413
0.0488940180390199 521.3658404863
0.0489206415193696 518.624594581591
0.048947250518628 515.831779576367
0.0489738450603993 512.985292298952
0.0490004251682235 510.082898689198
0.0490269908655766 507.122222705445
0.0490535421758715 504.100734030867
0.0490800791224573 501.015734419796
0.0491066017286203 497.864342499424
0.0491331100175839 494.643476812315
0.0491596040125088 491.349836849595
0.0491860837364933 487.979881782184
0.0492125492125738 484.529806546464
0.0492390004637246 480.995514879411
0.0492654375128582 477.37258882403
0.0492918603828259 473.656254135728
0.0493182690964177 469.841340910176
0.0493446636763626 465.922238618053
0.0493710441453288 461.892844565373
0.049397410525924 457.746504591101
0.0494237628406957 453.475944555493
0.0494501011121312 449.073190847943
0.049476425362658 444.529477732606
0.0495027356146439 439.835138826915
0.0495290318903974 434.979479336695
0.0495553142121677 429.950624802502
0.0495815826021451 424.735340977523
0.0496078370824611 419.318817962723
0.0496340776751887 413.684409736388
0.0496603044023427 407.813317540577
0.0496865172858795 401.684201948723
0.0497127163476979 395.272703426928
0.0497389016096388 388.550844204885
0.049765073093486 381.486274359956
0.0497912308209655 374.041310747746
0.0498173748137468 366.171696503831
0.0498435050934422 357.824977605548
0.0498696216816076 348.938345303859
0.0498957245997423 339.43571868938
0.0499218138692896 329.223721921475
0.0499478895116367 318.186012379816
0.0499739515481149 306.175076070103
0.05 293
