0 976.102352389092
0.00159964172037746 976.102352389092
0.00226223501589563 976.102352389092
0.00277066073360065 976.102352389092
0.00319928344075492 976.102352389092
0.00357690762640871 976.102352389092
0.00391830598619262 976.102352389092
0.00423225417892228 976.102352389091
0.00452447003179127 976.102352389091
0.00479892516113238 976.10235238909
0.00505851127662296 976.102352389088
0.00530541138549064 976.102352389086
0.0055413214672013 976.102352389082
0.00576759024519236 976.102352389077
0.0059853112592421 976.102352389068
0.00619538574292048 976.102352389056
0.00639856688150984 976.102352389039
0.00659549177626102 976.102352389014
0.0067867050476869 976.102352388979
0.0069726766049969 976.10235238893
0.00715381525281742 976.102352388864
0.00733047926843909 976.102352388772
0.0075029847353295 976.102352388649
0.00767161218859241 976.102352388483
0.00783661197238525 976.102352388263
0.0079982086018873 976.102352387973
0.0081566043469618 976.102352387592
0.00831198220080194 976.102352387097
0.00846450835784456 976.102352386457
0.00861433429660079 976.102352385634
0.00876159854177106 976.102352384583
0.00890642816401373 976.102352383247
0.00904894006358254 976.102352381559
0.00918924207472419 976.102352379436
0.00932743392050855 976.102352376778
0.00946360804212778 976.102352373467
0.00959785032226476 976.102352369359
0.0097302407186138 976.102352364286
0.0098608538208282 976.102352358044
0.00998975934191181 976.102352350394
0.0101170225532459 976.102352341054
0.0102427046709577 976.102352329692
0.0103668632001214 976.102352315917
0.0104895522422839 976.102352299273
0.0106108227709813 976.102352279226
0.0107307228792261 976.102352255158
0.0108492980023741 976.102352226347
0.0109665911192992 976.102352191962
0.0110826429344026 976.102352151039
0.0111974920426422 976.102352102468
0.0113111750794782 976.102352044975
0.0114237268573868 976.102351977096
0.0115351804903847 976.102351897155
0.0116455675078256 976.10235180324
0.0117549179585779 976.102351693168
0.0118632605065584 976.102351564457
0.0119706225184842 976.102351414289
0.0120770301446015 976.102351239468
0.0121825083930685 976.102351036381
0.0122870811985906 976.102350800946
0.012390771485841 976.102350528562
0.0124936012281448 976.102350214051
0.0125955915018499 976.102349851597
0.0126967625367668 976.102349434673
0.0127971337630197 976.102348955975
0.0128967238546148 976.102348407332
0.0129955507700044 976.102347779625
0.0130936317898945 976.102347062689
0.013190983552522 976.102346245207
0.0132876220866067 976.102345314605
0.0133835628421602 976.102344256923
0.013478820719322 976.102343056692
0.0135734100953738 976.102341696789
0.0136673448500712 976.102340158287
0.0137606383894186 976.102338420289
0.0138533036680032 976.102336459761
0.0139453532099938 976.102334251333
0.0140367991288989 976.102331767109
0.014127653146175 976.102328976442
0.014217926608764 976.10232584571
0.0143076305056348 976.102322338067
0.0143967754833971 976.102318413181
0.0144853718610506 976.102314026952
0.014573429643927 976.102309131215
0.0146609585368782 976.102303673425
0.0147479679567605 976.102297596314
0.014834467044259 976.102290837536
0.0149204646750957 976.102283329289
0.015005969470659 976.102274997908
0.0150909898080915 976.102265763439
0.0151755338298689 976.102255539192
0.015259609452901 976.102244231259
0.0153432243771848 976.102231738015
0.0154263860940342 976.102217949585
0.0155091018939132 976.102202747283
0.0155913788738955 976.102186003027
0.0156732239447705 976.102167578716
0.0157546438378181 976.102147325579
0.0158356451112694 976.102125083492
0.0159162341564719 976.102100680259
0.0159964172037746 976.102073930861
0.0160762003281493 976.102044636665
0.0161555894545622 976.102012584602
0.0162345903631084 976.1019775463
0.0163132086939236 976.101939277188
0.0163914499518827 976.101897515547
0.0164693195110985 976.101851981536
0.0165468226192288 976.101802376159
0.0166239644016039 976.101748380208
0.0167007498651817 976.101689653145
0.01677718390234 976.101625831949
0.0168532712945146 976.101556529922
0.0169290167156891 976.101481335435
0.0170044247357461 976.10139981064
0.0170794998236841 976.101311490127
0.0171542463507086 976.101215879539
0.0172286685932016 976.101112454131
0.0173027707355771 976.101000657282
0.0173765568730262 976.100879898961
0.0174500310141583 976.100749554137
0.0175231970835421 976.100608961138
0.0175960589241521 976.100457419963
0.0176686202997236 976.100294190536
0.0177408848970218 976.100118490913
0.0178128563280275 976.099929495435
0.0178845381320436 976.099726332824
0.0179559337777263 976.099508084235
0.0180270466650437 976.099273781247
0.0180978801271651 976.099022403806
0.0181684374322837 976.098752878113
0.0182387217853769 976.098464074464
0.0183087363299042 976.098154805031
0.0183784841494484 976.097823821596
0.0184479682692999 976.097469813236
0.0185171916579882 976.09709140395
0.0185861572287615 976.096687150245
0.0186548678410171 976.096255538664
0.0187233263016854 976.095794983271
0.0187915353665675 976.095303823089
0.0188594977416296 976.094780319486
0.0189272160842556 976.094222653522
0.0189946930044598 976.093628923249
0.0190619310660606 976.092997140966
0.019128932787817 976.092325230435
0.0191957006445295 976.091611024056
0.0192622370681072 976.090852260007
0.0193285444486008 976.090046579339
0.0193946251352045 976.089191523043
0.0194604814372276 976.088284529083
0.0195261156250354 976.087322929396
0.0195915299309631 976.086303946862
0.0196567265502015 976.085224692252
0.0197217076416564 976.084082161143
0.0197864753287831 976.082873230818
0.0198510317003956 976.081594657146
0.0199153788114533 976.080243071439
0.0199795186838236 976.078814977297
0.0200434533070234 976.077306747445
0.0201071846389394 976.075714620554
0.0201707146065273 976.07403469806
0.0202340451064918 976.072262940979
0.0202971780059475 976.07039516672
0.0203601151430607 976.068427045903
0.0204228583276745 976.066354099181
0.0204854093419154 976.064171694071
0.0205477699407845 976.0618750418
0.0206099418527316 976.059459194166
0.0206719267802145 976.056919040412
0.0207337264002427 976.054249304134
0.020795342364907 976.051444540207
0.0208567763018945 976.048499131745
0.0209180298149907 976.045407287087
0.0209791044845678 976.042163036833
0.0210400018680604 976.038760230909
0.021100723500429 976.035192535682
0.0211612708946114 976.031453431124
0.0212216455419626 976.027536208024
0.0212818489126831 976.02343396526
0.0213418824562372 976.019139607126
0.0214017476017595 976.01464584073
0.0214614457584523 976.009945173449
0.0215209783159726 976.005029910461
0.0215803466448093 975.999892152356
0.0216395520966518 975.994523792814
0.0216985960047483 975.988916516375
0.0217574796842569 975.983061796289
0.0218162044325868 975.976950892461
0.0218747715297325 975.970574849485
0.0219331822385983 975.963924494775
0.0219914378053173 975.956990436798
0.0220495394595604 975.949763063411
0.0221074884148399 975.942232540304
0.0221652858688052 975.934388809554
0.022222933003531 975.926221588295
0.0222804309858 975.9177203675
0.0223377809673784 975.908874410893
0.0223949840852844 975.89967275397
0.0224520414620523 975.890104203163
0.0225089542059885 975.880157335121
0.0225657234114233 975.869820496126
0.0226223501589563 975.859081801652
0.0226788355156962 975.847929136045
0.0227351805354956 975.836350152362
0.0227913862591802 975.824332272339
0.0228474537147736 975.811862686507
0.022903383917716 975.798928354456
0.0229591778710795 975.78551600525
0.0230148365657772 975.771612137984
0.0230703609807694 975.757203022505
0.0231257520832638 975.742274700279
0.0231810108289124 975.726812985414
0.0232361381620037 975.710803465844
0.0232911350156513 975.694231504667
0.0233460023119777 975.677082241644
0.0234007409622952 975.659340594859
0.0234553518672821 975.640991262534
0.0235098359171558 975.622018725014
0.0235641939918419 975.602407246906
0.0236184269611406 975.582140879385
0.0236725356848882 975.561203462661
0.0237265210131168 975.539578628605
0.0237803837862102 975.51724980354
0.0238341248350557 975.494200211196
0.0238877449811947 975.470412875822
0.0239412450369684 975.445870625455
0.0239946258056619 975.420556095359
0.0240478880816447 975.394451731617
0.0241010326505086 975.367539794875
0.024154060289203 975.339802364251
0.0242069717661674 975.311221341397
0.0242597678414612 975.281778454708
0.0243124492668914 975.251455263691
0.0243650167861371 975.220233163477
0.0244174711348721 975.188093389482
0.0244698130408854 975.155017022216
0.0245220432241985 975.120984992229
0.0245741623971811 975.085978085206
0.0246261712646648 975.049976947187
0.0246780705240538 975.012962089937
0.0247298608654344 974.974913896434
0.0247815429716819 974.935812626493
0.0248331175185656 974.895638422516
0.024884585174852 974.854371315362
0.0249359466024058 974.811991230332
0.0249872024562896 974.768477993281
0.025038353384861 974.723811336826
0.0250894000298682 974.677970906675
0.0251403430265445 974.63093626805
0.0251911830036998 974.582686912219
0.0252419205838119 974.533202263111
0.0252925563831148 974.482461684038
0.0253430910116862 974.430444484488
0.0253935250735337 974.377129927014
0.0254438591666782 974.322497234191
0.0254940938832375 974.266525595656
0.0255442298095069 974.209194175205
0.0255942675260394 974.150482117967
0.0256442076077239 974.090368557626
0.0256940506238627 974.028832623707
0.0257437971382465 973.965853448906
0.0257934477092296 973.901410176462
0.0258430028898024 973.835481967579
0.0258924632276635 973.768048008872
0.0259418292652904 973.699087519847
0.0259911015400088 973.628579760408
0.026040280584061 973.556504038377
0.0260893669246725 973.482839717035
0.0261383610841186 973.407566222668
0.0261872635797889 973.330663052117
0.026236074924251 973.25210978033
0.0262847956253132 973.171886067903
0.0263334261860863 973.089971668614
0.0263819671050441 973.006346436938
0.0264304188760829 972.92099033554
0.0264787819885804 972.833883442743
0.0265270569274532 972.74500595996
0.0265752441732135 972.654338219098
0.0266233442020248 972.561860689909
0.0266713574857573 972.467553987303
0.0267192844920412 972.371398878604
0.0267671256843204 972.273376290752
0.0268148815219045 972.173467317443
0.0268625524600204 972.071653226204
0.0269101389498628 971.967915465394
0.0269576414386439 971.862235671136
0.027005060369643 971.754595674161
0.0270523961822541 971.644977506575
0.0270996493120337 971.533363408535
0.0271468201907476 971.419735834829
0.0271939092464168 971.304077461363
0.027240916903363 971.186371191546
0.0272878435822529 971.06660016257
0.0273346897001424 970.94474775158
0.0273814556705198 970.82079758173
0.0274281419033484 970.694733528127
0.0274747488051081 970.566539723649
0.0275212767788371 970.436200564646
0.0275677262241726 970.30370071651
0.0276140975373903 970.169025119112
0.0276603911114445 970.032158992114
0.0277066073360065 969.893087840137
0.0277527465975031 969.751797457793
0.0277988092791542 969.608273934579
0.0278447957610101 969.462503659617
0.0278907064199876 969.314473326253
0.0279365416299067 969.164169936512
0.0279823017615256 969.011580805386
0.0280279871825762 968.856693564985
0.0280735982577978 968.69949616852
0.0281191353489718 968.539976894133
0.0281645988149551 968.37812434857
0.0282099890117125 968.213927470689
0.02825530629235 968.047375534803
0.0283005510071462 967.87845815387
0.0283457235035844 967.707165282504
0.0283908241263833 967.53348721983
0.0284358532175281 967.357414612168
0.0284808111163003 967.178938455548
0.028525698159308 966.998050098062
0.0285705146805149 966.814741242037
0.0286152610112697 966.629003946049
0.0286599374803342 966.44083062676
0.0287045444139118 966.250214060589
0.0287490821356753 966.05714738521
0.0287935509667943 965.861624100881
0.0288379512259618 965.663638071604
0.0288822832294215 965.463183526116
0.0289265472909937 965.26025505871
0.0289707437221012 965.054847629887
0.0290148728317951 964.846956566839
0.0290589349267796 964.636577563771
0.0291029303114375 964.423706682053
0.0291468592878539 964.208340350201
0.0291907221558414 963.990475363708
0.029234519212963 963.7701088847
0.0292782507545562 963.547238441436
0.0293219170737564 963.32186192765
0.0293655184615191 963.09397760173
0.0294090552066432 962.863584085741
0.0294525275957932 962.630680364302
0.0294959359135209 962.395265783295
0.0295392804422875 962.157340048434
0.0295825614624846 961.916903223684
0.029625779252456 961.673955729528
0.029668934088518 961.428498341091
0.0297120262449803 961.180532186127
0.0297550559941662 960.930058742857
0.029798023606433 960.677079837676
0.0298409293501914 960.421597642719
0.0298837734919251 960.163614673301
0.0299265562962105 959.903133785222
0.0299692780257354 959.640158171944
0.030011938941318 959.374691361645
0.0300545393019253 959.106737214153
0.0300970793646916 958.836299917758
0.0301395593849366 958.563383985906
0.030181979616183 958.287994253782
0.0302243403101749 958.010135874786
0.0302666417168941 957.729814316894
0.0303088840845783 957.447035358921
0.0303510676597377 957.161805086679
0.0303931926871717 956.874129889038
0.0304352594099857 956.584016453892
0.0304772680696071 956.291471764033
0.0305192189058021 955.996503092938
0.0305611121566909 955.699118000466
0.0306029480587641 955.399324328477
0.0306447268468979 955.09713019637
0.0306864487543697 954.792543996544
0.0307281140128731 954.48557438979
0.0307697228525331 954.176230300611
0.0308112755019209 953.864520912474
0.0308527721880683 953.550455663004
0.0308942131364826 953.234044239116
0.0309355985711605 952.915296572087
0.0309769287146024 952.594222832583
0.0310182037878265 952.270833425627
0.0310594240103822 951.945138985527
0.0311005896003641 951.61715037076
0.0311417007744254 951.286878658809
0.031182757747791 950.954335140972
0.0312237607342708 950.619531317133
0.0312647099462727 950.282478890497
0.0313056055948154 949.943189762309
0.031346447889541 949.601676026534
0.0313872370387277 949.25794996453
0.0314279732493022 948.91202403969
0.0314686567268517 948.563910892075
0.0315092876756362 948.213623333032
0.0315498662986005 947.861174339804
0.0315903927973861 947.506577050132
0.0316308673723424 947.149844756848
0.0316712902225389 946.790990902478
0.0317116615457762 946.430029073835
0.0317519815385974 946.066972996622
0.0317922503962995 945.701836530038
0.0318324683129439 945.3346336614
0.0318726354813678 944.965378500768
0.031912752093195 944.594085275592
0.031952818338846 944.220768325369
0.0319928344075492 943.845442096328
0.032032800487351 943.468121136127
0.0320727167651262 943.08882008858
0.0321125834265881 942.70755368841
0.0321524006562986 942.324336756024
0.0321921686376784 941.939184192332
0.0322318875530165 941.552110973579
0.0322715575834801 941.163132146235
0.0323111789091243 940.772262821899
0.0323507517089018 940.379518172255
0.0323902761606718 939.98491342407
0.0324297524412099 939.588463854222
0.0324691807262168 939.190184784787
0.032508561190328 938.790091578156
0.0325478940071224 938.388199632215
0.0325871793491313 937.984524375563
0.0326264173878472 937.579081262782
0.0326656082937329 937.171885769767
0.0327047522362296 936.762953389094
0.0327438493837657 936.352299625461
0.0327828999037655 935.939939991167
0.032821903962657 935.525890001664
0.0328608617258807 935.110165171157
0.0328997733578975 934.692781008265
0.032938639022197 934.273753011748
0.0329774588813051 933.85309666629
0.0330162330967926 933.430827438344
0.0330549618292823 933.006960772046
0.0330936452384576 932.58151208519
0.0331322834830691 932.154496765265
0.0331708767209435 931.725930165565
0.0332094251089898 931.295827601357
0.0332479288032078 930.864204346124
0.0332863879586948 930.431075627871
0.0333248027296534 929.996456625499
0.0333631732693982 929.560362465252
0.0334014997303633 929.122808217227
0.0334397822641092 928.68380889196
0.0334780210213299 928.243379437075
0.0335162161518597 927.801534734011
0.0335543678046801 927.358289594812
0.0335924761279267 926.913658758992
0.0336305412688957 926.46765689047
0.0336685633740507 926.020298574573
0.0337065425890292 925.571598315115
0.0337444790586492 925.121570531542
0.0337823729269153 924.670229556153
0.0338202243370258 924.217589631385
0.0338580334313783 923.763664907173
0.033895800351576 923.308469438385
0.0339335252384345 922.852017182315
0.0339712082319873 922.394321996261
0.0340088494714922 921.935397635159
0.0340464490954371 921.475257749298
0.034084007241546 921.0139158821
0.0341215240467851 920.551385467962
0.0341589996473683 920.087679830182
0.0341964341787631 919.622812178938
0.0342338277756965 919.156795609342
0.0342711805721604 918.689643099563
0.0343084927014171 918.221367509012
0.0343457642960055 917.751981576595
0.0343829954877456 917.281497919031
0.0344201864077449 916.809929029238
0.0344573371864032 916.33728727478
0.0344944479534179 915.86358489638
0.0345315188377897 915.388834006494
0.0345685499678277 914.913046587948
0.0346055414711542 914.436234492642
0.0346424934747103 913.958409440304
0.0346794061047607 913.479583017318
0.034716279486899 912.999766675597
0.0347531137460524 912.518971731531
0.0347899090064868 912.037209364975
0.0348266653918115 911.554490618311
0.0348633830249845 911.070826395557
0.0349000620283166 910.586227461531
0.0349367025234769 910.100704441075
0.034973304631497 909.61426781833
0.0350098684727759 909.126927936064
0.0350463941670842 908.638694995051
0.0350828818335696 908.149579053505
0.0351193315907604 907.65959002656
0.0351557435565706 907.168737685804
0.0351921178483041 906.677031658857
0.0352284545826594 906.184481428999
0.0352647538757336 905.691096334846
0.035301015843027 905.196885570069
0.0353372405994471 904.701858183159
0.0353734282593133 904.206023077238
0.0354095789363607 903.709389009907
0.0354456927437443 903.211964593148
0.0354817697940436 902.713758293251
0.0355178101992659 902.214778430795
0.0355538140708511 901.715033180661
0.0355897815196753 901.214530572085
0.0356257126560549 900.713278488752
0.0356616075897507 900.211284668916
0.0356974664299714 899.708556705572
0.035733289285378 899.205102046645
0.0357690762640871 898.700927995225
0.0358048274736753 898.196041709831
0.0358405430211824 897.690450204704
0.0358762230131155 897.184160350136
0.0359118675554526 896.677178872825
0.0359474767536463 896.169512356259
0.0359830507126274 895.661167241134
0.0360185895368084 895.152149825788
0.0360540933300875 894.642466266677
0.0360895621958514 894.13212257886
0.0361249962369798 893.621124636519
0.0361603955558477 893.109478173503
0.0361957602543301 892.597188783889
0.0362310904338045 892.084261922567
0.0362663861951545 891.570702905851
0.0363016476387734 891.056516912105
0.0363368748645675 890.541708982389
0.036372067971959 890.026284021125
0.0364072270598899 889.510246796784
0.0364423522268246 888.993601942584
0.0364774435707537 888.476353957208
0.0365125011891968 887.958507205535
0.0365475251792056 887.440065919393
0.0365825156373675 886.921034198315
0.0366174726598084 886.401416010315
0.0366523963421955 885.88121519268
0.036687286779741 885.360435452762
0.0367221440672046 884.839080368794
0.0367569682988967 884.317153390709
0.0367917595686816 883.794657840968
0.0368265179699798 883.271596915405
0.0368612435957717 882.747973684068
0.0368959365385999 882.223791092079
0.0369305968905725 881.699051960497
0.0369652247433657 881.173758987182
0.0369998201882267 880.647914747674
0.0370343833159765 880.121521696073
0.0370689142170127 879.594582165919
0.0371034129813124 879.067098371084
0.0371378796984345 878.539072406663
0.0371723144575229 878.010506249869
0.0372067173473089 877.481401760926
0.037241088456114 876.951760683973
0.0372754278718526 876.42158464796
0.0373097356820342 875.890875167547
0.0373440119737667 875.359633644009
0.0373782568337583 874.827861366132
0.0374124703483206 874.295559511113
0.0374466526033709 873.76272914546
0.0374808036844345 873.229371225883
0.0375149236766475 872.695486600195
0.0375490126647594 872.161076008196
0.037583070733135 871.626140082566
0.0376170979657576 871.090679349745
0.0376510944462306 870.554694230817
0.0376850602577805 870.018185042386
0.0377189954832591 869.481151997444
0.0377529002051457 868.943595206239
0.0377867745055498 868.405514677137
0.0378206184662128 867.866910317476
0.0378544321685111 867.327781934411
0.0378882156934578 866.788129235762
0.0379219691217051 866.247951830843
0.0379556925335466 865.707249231295
0.0379893860089196 865.166020851901
0.0380230496274072 864.624266011405
0.0380566834682404 864.081983933311
0.0380902876103005 863.539173746677
0.0381238621321212 862.99583448691
0.0381574071118906 862.451965096539
0.0381909226274534 861.907564425981
0.0382244087563131 861.362631234308
0.0382578655756339 860.81716418999
0.0382912931622431 860.271161871639
0.0383246915926328 859.724622768738
0.0383580609429621 859.177545282355
0.038391401289059 858.629927725861
0.0384247127064229 858.081768325619
0.0384579952702258 857.533065221676
0.0384912490553149 856.983816468435
0.0385244741362144 856.434020035321
0.0385576705871273 855.883673807433
0.0385908384819376 855.332775586186
0.0386239778942119 854.781323089938
0.0386570888972015 854.229313954606
0.0386901715638444 853.676745734274
0.0387232259667668 853.123615901781
0.0387562521782855 852.569921849304
0.0387892502704091 852.015660888923
0.0388222203148403 851.460830253175
0.0388551623829778 850.905427095596
0.0388880765459176 850.34944849125
0.0389209628744552 849.792891437242
0.0389538214390872 849.235752853223
0.0389866523100133 848.678029581874
0.0390194555571376 848.119718389385
0.0390522312500708 847.560815965915
0.0390849794581317 847.001318926037
0.039117700250349 846.441223809178
0.0391503936954627 845.880527080035
0.0391830598619263 845.319225128979
0.039215698817908 844.757314272455
0.0392483106312927 844.194790753351
0.0392808953696834 843.63165074137
0.039313453100403 843.067890333375
0.0393459838904958 842.503505553724
0.0393784878067293 841.938492354595
0.0394109649155955 841.372846616291
0.0394434152833128 840.806564147529
0.0394758389758273 840.239640685725
0.0395082360588146 839.672071897249
0.0395406065976812 839.103853377678
0.0395729506575661 838.53498065203
0.0396052683033424 837.965449174981
0.0396375595996185 837.39525433107
0.0396698246107401 836.824391434889
0.0397020634007913 836.252855731255
0.0397342760335963 835.680642395374
0.0397664625727207 835.107746532981
0.0397986230814731 834.534163180471
0.0398307576229067 833.959887305012
0.0398628662598202 833.384913804649
0.0398949490547598 832.809237508381
0.0399270060700205 832.232853176235
0.0399590373676472 831.655755499316
0.0399910430094365 831.077939099847
0.0400230230569378 830.499398531193
0.0400549775714548 829.920128277863
0.0400869066140469 829.340122755508
0.0401188102455306 828.759376310894
0.0401506885264806 828.177883221864
0.0401825415172315 827.595637697279
0.0402143692778788 827.012633876956
0.0402461718682806 826.428865831571
0.0402779493480583 825.844327562567
0.0403097017765987 825.259013002029
0.0403414292130546 824.672916012551
0.0403731317163465 824.086030387092
0.0404048093451638 823.498349848802
0.0404364621579659 822.909868050845
0.0404680902129836 822.320578576201
0.0404996935682204 821.730474937449
0.0405312722814536 821.139550576538
0.0405628264102355 820.547798864542
0.0405943560118949 819.955213101393
0.0406258611435382 819.361786515602
0.0406573418620501 818.767512263964
0.0406887982240959 818.172383431245
0.0407202302861214 817.57639302985
0.0407516381043552 816.979533999475
0.040783021734809 816.381799206749
0.0408143812332795 815.783181444846
0.0408457166553489 815.183673433092
0.0408770280563866 814.583267816548
0.04090831549155 813.981957165574
0.0409395790157857 813.379733975387
0.0409708186838308 812.776590665582
0.0410020345502136 812.172519579656
0.0410332266692553 811.567512984501
0.0410643950950705 810.961563069878
0.041095539881569 810.354661947885
0.041126661082456 809.746801652394
0.0411577587512339 809.137974138476
0.0411888329412032 808.528171281807
0.0412198837054632 807.917384878048
0.0412509110969138 807.305606642224
0.0412819151682557 806.692828208059
0.041312895971992 806.079041127315
0.0413438535604291 805.464236869096
0.0413747879856776 804.848406819138
0.0414056992996538 804.231542279082
0.0414365875540798 803.613634465719
0.0414674528004855 802.994674510224
0.041498295090209 802.374653457363
0.0415291144743978 801.753562264681
0.0415599110040097 801.131391801669
0.041590684729814 800.508132848912
0.041621435702392 799.883776097213
0.0416521639721386 799.258312146695
0.0416828695892629 798.631731505883
0.041713552603789 798.004024590763
0.0417442130655573 797.375181723817
0.0417748510242252 796.74519313304
0.0418054665292685 796.114048950925
0.0418360596299814 795.481739213435
0.0418666303754784 794.848253858946
0.0418971788146947 794.213582727161
0.0419277049963872 793.577715558012
0.0419582089691355 792.940641990526
0.0419886907813428 792.302351561671
0.0420191504812364 791.662833705175
0.0420495881168694 791.022077750324
0.0420800037361207 790.38007292072
0.0421103973866966 789.736808333035
0.0421407691161312 789.092272995712
0.0421711189717874 788.446455807662
0.042201447000858 787.799345556916
0.042231753250366 787.150930919255
0.042262037767166 786.50120045682
0.042292300597945 785.85014261667
0.0423225417892228 785.197745729338
0.0423527613873533 784.543998007332
0.042382959438525 783.888887543623
0.0424131359887621 783.232402310094
0.0424432910839252 782.574530155955
0.0424734247697119 781.915258806128
0.042503537091658 781.254575859604
0.0425336280951381 780.592468787757
0.0425636978253663 779.928924932631
0.0425937463273972 779.263931505189
0.0426237736461266 778.597475583523
0.0426537798262921 777.929544111039
0.0426837649124744 777.260123894592
0.0427137289490973 776.589201602589
0.0427436719804291 775.916763763058
0.0427735940505833 775.242796761667
0.0428034952035189 774.567286839718
0.0428333754830417 773.890220092084
0.0428632349328047 773.211582465117
0.042893073596309 772.531359754506
0.0429228915169045 771.849537603098
0.0429526887377907 771.16610149867
0.042982465302017 770.481036771657
0.0430122212524844 769.794328592838
0.0430419566319451 769.105961970966
0.0430716714830039 768.415921750364
0.0431013658481189 767.724192608454
0.0431310397696017 767.030759053255
0.0431606932896186 766.335605420816
0.0431903264501914 765.638715872602
0.0432199392931975 764.940074392829
0.043249531860371 764.239664785739
0.0432791041933035 763.537470672822
0.0433086563334444 762.833475489983
0.0433381883221019 762.127662484649
0.0433677002004434 761.420014712814
0.0433971920094965 760.710515036029
0.0434266637901495 759.99914611832
0.0434561155831519 759.285890423056
0.0434855474291152 758.570730209737
0.0435149593685137 757.853647530728
0.043544351441685 757.134624227914
0.0435737236888304 756.413641929295
0.0436030761500162 755.690682045498
0.0436324088651737 754.965725766229
0.0436617218741 754.238754056637
0.0436910152164588 753.509747653613
0.0437202889317809 752.778687061997
0.0437495430594649 752.045552550718
0.0437787776387778 751.310324148843
0.0438079927088553 750.572981641541
0.0438371883087031 749.833504565965
0.0438663644771967 749.091872207042
0.0438955212530827 748.34806359317
0.043924658674979 747.602057491828
0.0439537767813755 746.853832405082
0.0439828756106346 746.103366564998
0.044011955200992 745.350637928951
0.0440410155905571 744.595624174836
0.0440700568173138 743.838302696164
0.0440990789191208 743.078650597061
0.0441280819337122 742.316644687139
0.0441570658986983 741.55226147627
0.0441860308515662 740.785477169232
0.0442149768296799 740.016267660234
0.0442439038702814 739.244608527321
0.044272812010491 738.470475026649
0.0443017012873078 737.693842086632
0.0443305717376104 736.914684301949
0.0443594233981574 736.132975927422
0.0443882563055879 735.348690871741
0.0444170704964222 734.561802691053
0.044445866007062 733.772284582398
0.0444746428737914 732.980109376986
0.0445034011327769 732.185249533325
0.0445321408200686 731.387677130181
0.0445608619716001 730.587363859369
0.0445895646231892 729.784281018379
0.0446182488105387 728.978399502816
0.0446469145692366 728.169689798665
0.0446755619347567 727.358121974369
0.0447041909424593 726.543665672707
0.0447328016275912 725.726290102483
0.044761394025287 724.905964030007
0.0447899681705689 724.082655770362
0.0448185240983474 723.256333178465
0.044847061843422 722.426963639893
0.0448755814404815 721.594514061489
0.0449040829241046 720.75895086173
0.0449325663287602 719.920239960848
0.0449610316888081 719.078346770707
0.0449894790384994 718.233236184412
0.045017908411977 717.384872565661
0.045046319843276 716.533219737821
0.0450747133663243 715.678240972717
0.0451030890149429 714.81989897913
0.0451314468228467 713.958155891001
0.0451597868236445 713.092973255316
0.0451881090508397 712.224312019675
0.0452164135378311 711.352132519532
0.0452447003179127 710.47639446509
0.0452729694242746 709.597056927851
0.0453012208900033 708.714078326794
0.0453294547480823 707.827416414187
0.0453576710313924 706.937028261004
0.0453858697727122 706.042870241948
0.0454140510047184 705.144898020059
0.0454422147599865 704.243066530892
0.0454703610709911 703.337329966259
0.0454984899701064 702.427641757513
0.0455266014896066 701.513954558358
0.0455546956616661 700.596220227175
0.0455827725183604 699.674389808843
0.0456108320916662 698.748413516039
0.0456388744134618 697.818240709998
0.0456668995155278 696.883819880713
0.0456949074295471 695.94509862656
0.0457228981871059 695.002023633326
0.0457508718196935 694.054540652613
0.0457788283587031 693.102594479606
0.045806767835432 692.146128930172
0.0458346902810823 691.185086817276
0.045862595726761 690.219409926676
0.0458904842034804 689.24903899189
0.0459183557421589 688.273913668384
0.0459462103736209 687.293972506978
0.0459740481285976 686.309152926416
0.0460018690377269 685.319391185087
0.0460296731315545 684.324622351865
0.0460574604405336 683.324780276011
0.0460852309950259 682.319797556136
0.0461129848253013 681.309605508167
0.0461407219615389 680.294134132273
0.0461684424338271 679.273312078731
0.0461961462721641 678.247066612676
0.046223833506458 677.215323577691
0.0462515041665277 676.178007358198
0.0462791582821025 675.135040840599
0.0463067958828234 674.086345373112
0.0463344169982427 673.031840724256
0.0463620216578248 671.971445039931
0.0463896098909463 670.905074799028
0.0464171817268968 669.832644767509
0.0464447371948785 668.754067950906
0.0464722763240074 667.669255545155
0.0464997991433132 666.578116885711
0.0465273056817397 665.480559394851
0.0465547959681451 664.376488527118
0.0465822700313026 663.26580771279
0.0466097278999005 662.14841829932
0.0466371696025427 661.024219490636
0.046664595167749 659.893108284221
0.0466920046239555 658.754979405862
0.0467193979995146 657.609725241983
0.0467467753226961 656.457235769428
0.0467741366216865 655.297398482604
0.0468014819245905 654.130098317838
0.0468288112594302 652.955217574847
0.0468561246541465 651.772635835161
0.0468834221365984 650.58222987738
0.0469107037345642 649.383873589092
0.0469379694757414 648.177437875318
0.0469652193877469 646.962790563299
0.0469924534981179 645.739796303454
0.0470196718343115 644.50831646633
0.0470468744237055 643.268209035339
0.0470740612935987 642.019328495073
0.047101232471211 640.761525714984
0.0471283879836838 639.494647828191
0.0471555278580805 638.218538105168
0.0471826521213865 636.933035822051
0.0472097608005098 635.637976123283
0.0472368539222811 634.333189878314
0.0472639315134543 633.018503532033
0.0472909936007066 631.693738948598
0.0473180402106389 630.358713248327
0.0473450713697763 629.013238637258
0.0473720871045681 627.657122228997
0.0473990874413881 626.290165858409
0.0474260724065353 624.912165886725
0.0474530420262337 623.522912997567
0.0474799963266329 622.122191983388
0.0475069353338083 620.709781521777
0.0475338590737615 619.285453941044
0.0475607675724203 617.848974974477
0.0475876608556395 616.400103502585
0.0476145389492005 614.938591282631
0.0476414018788124 613.464182664699
0.0476682496701114 611.976614293461
0.047695082348662 610.475614794798
0.0477218999399565 608.960904446321
0.0477487024694158 607.432194830797
0.0477754899623894 605.889188471416
0.0478022624441557 604.331578447718
0.0478290199399226 602.759047990963
0.0478557624748272 601.171270057595
0.0478824900739368 599.567906879367
0.0479092027622484 597.948609488573
0.0479359005646895 596.313017216716
0.0479625835061183 594.660757164816
0.0479892516113238 592.991443643399
0.0480159049050262 591.304677580073
0.048042543411877 589.600045892398
0.0480691671564597 587.8771208236
0.0480957761632894 586.135459238434
0.0481223704568136 584.374601876316
0.0481489500614123 582.59407255855
0.0481755150013983 580.793377346246
0.0482020653010171 578.972003645178
0.048228600984448 577.129419253538
0.0482551220758032 575.265071348157
0.0482816285991291 573.378385404332
0.048308120578406 571.468764044019
0.0483345980375484 569.535585806572
0.0483610610004056 567.578203835709
0.0483875094907614 565.595944475772
0.0484139435323348 563.588105769629
0.0484403631487799 561.553955849856
0.0484667683636865 559.492731213954
0.0484931592005802 557.403634873429
0.0485195356829225 555.285834365495
0.0485458978341112 553.138459615
0.0485722456774806 550.960600632792
0.0485985792363018 548.751305035322
0.0486248985337828 546.509575368516
0.048651203593069 544.234366217125
0.048677494437243 541.924581078547
0.0487037710893252 539.579068977728
0.0487300335722741 537.196620796982
0.0487562819089862 534.775965291406
0.0487825161222964 532.315764757015
0.0488087362349783 529.814610314645
0.0488349422697442 527.271016767964
0.0488611342492458 524.683416988613
0.0488873121960739 522.050155775294
0.0489134761327588 519.369483126548
0.0489396260817708 516.639546858741
0.04896576206552 513.858384491244
0.0489918841063567 511.023914309766
0.0490179922265718 508.133925505869
0.0490440864483969 505.186067275675
0.0490701667940043 502.177836743065
0.0490962332855075 499.106565551923
0.0491222859449613 495.969404947426
0.0491483247943622 492.763309137363
0.0491743498556482 489.485016689891
0.0492003611506995 486.131029682946
0.0492263587013384 482.697590271143
0.0492523425293296 479.180654276569
0.0492783126563804 475.57586133808
0.049304269104141 471.878501066519
0.0493302118942046 468.083474546941
0.0493561410481076 464.185250398487
0.0493820565873301 460.177814441815
0.0494079585332954 456.054611824643
0.0494338469073712 451.808480207448
0.0494597217308689 447.431572299328
0.0494855830250443 442.915265639955
0.0495114308110979 438.250057021992
0.0495372651101744 433.425438305431
0.0495630859433639 428.429749544442
0.0495888933317013 423.250004264376
0.0496146872961668 417.871680302101
0.0496404678576863 412.278467730799
0.0496662350371312 406.451962850504
0.0496919888553189 400.371293777539
0.0497177293330126 394.012658426921
0.0497434564909223 387.348749081423
0.0497691703497039 380.348028414416
0.0497948709299605 372.973808445097
0.0498205582522416 365.183064349492
0.049846232337044 356.924885938057
0.0498718932048117 348.138425343965
0.0498975408759361 338.750130553358
0.0499231753707563 328.669944257826
0.049948796709559 317.785966113659
0.0499744049125793 305.95676745163
0.05 293
