0.00079455215770466 -0
0.0019182185951434 -0
0.00249987114384669 2.24531300277592e-13
0.00296530902181727 -0
0.00336577695170607 -0
0.00372291999670056 -0
0.00404843477336011 3.62155091627114e-13
0.00434952028783378 1.16609021105981e-12
0.00463098934799145 2.48059773325008e-12
0.00489625101126201 4.80340376253981e-12
0.00514782592162168 6.8796903604872e-12
0.00538764079628955 1.34267559391309e-11
0.0056172079584506 2.19759597579821e-11
0.00583774049568752 3.37048686144403e-11
0.00605022922453613 5.15391152343975e-11
0.00625549590530196 7.65233014014717e-11
0.00645423110209738 1.12024235427273e-10
0.00664702178359495 1.64059283835309e-10
0.00683437187312302 2.34345975005895e-10
0.00701671783340031 3.30176080196187e-10
0.0071944406788656 4.61288478228198e-10
0.00736787536877175 6.3810665966921e-10
0.0075373182473358 8.75014030407765e-10
0.00770303300564376 1.18660086113046e-09
0.00786525550933092 1.59514639282531e-09
0.00802419774522662 2.12631140962038e-09
0.00818005107592717 2.81571887955739e-09
0.00833298894513646 3.69942952283174e-09
0.00848316914301653 4.82930710593661e-09
0.00863073571599637 6.26428633695744e-09
0.00877582058697015 8.07673887052347e-09
0.00891854493783266 1.03531664605389e-08
0.00905902039563133 1.31980145050943e-08
0.00919735005539779 1.6736921648825e-08
0.00933362936633613 2.11201255596024e-08
0.00946794690304268 2.65260162704285e-08
0.00960038503948147 3.31648292816462e-08
0.00973102054029733 4.12816279828787e-08
0.00985992508153255 5.11687401992454e-08
0.00998716571078479 6.31668321962985e-08
0.0101128052551993 7.76736995774556e-08
0.0102369026843477 9.51552177595623e-08
0.0103595134339442 1.1615320855143e-07
0.0104806896954471 1.41288127166255e-07
0.0106004806758376 1.7128626171842e-07
0.0107189328312475 2.06978844230669e-07
0.0108360900775837 2.49322135002874e-07
0.0109519939808583 2.99416464843511e-07
0.0110666839295644 3.58514591074059e-07
0.0111801972911263 4.28050179277255e-07
0.0112925695541858 5.09656781641301e-07
0.0114038344582615 6.05191217020643e-07
0.0115140241121243 7.16760583735348e-07
0.0116231691020663 8.46746115682445e-07
0.0117312985910993 9.97840597526459e-07
0.0118384404099935 1.17307890642033e-06
0.011944621140963 1.37587843559484e-06
0.0120498661947106 1.61007248063746e-06
0.0121541998814663 1.87996804787348e-06
0.0122576454765796 2.19037842815301e-06
0.0123602252811704 2.54668659341752e-06
0.0124619606782833 2.95489352886031e-06
0.0125628721849485 3.42168453602942e-06
0.0126629795005062 3.95449079604766e-06
0.012762301551519 4.56157054947223e-06
0.0128608565335608 5.25206740573012e-06
0.0129586619501441 6.03610556278591e-06
0.0130557346490225 6.92487418588038e-06
0.01315209085608 7.93072233902625e-06
0.0132477462070015 9.06725701745394e-06
0.0133427157768988 1.03494531872456e-05
0.0134370141080523 1.17937716869269e-05
0.0135306552359112 1.34182727094283e-05
0.0136236527134848 1.5242755188554e-05
0.0137160196342458 1.72888909628564e-05
0.0138077686536534 1.95803831855597e-05
0.0138989120093976 2.21431011951269e-05
0.0139894615404563 2.50052732280324e-05
0.014079428705049 2.81976338460779e-05
0.0141688245975636 3.1753640396033e-05
0.014257659964529 3.57096380880739e-05
0.0143459452196957 4.01050949558518e-05
0.0144336904582879 4.49828052557762e-05
0.0145209054704783 5.03891246247827e-05
0.0146075997541403 5.63742017464743e-05
0.0146937825269221 6.29922484969178e-05
0.0147794627376869 7.03017912608694e-05
0.0148646490773603 7.8365963578763e-05
0.0149493499892199 8.72527945961748e-05
0.0150335736786647 9.70355076779213e-05
0.015117328122493 0.000107792851521377
0.0152006210777212 0.000119609422227104
0.0152834600899694 0.000132576020705572
0.0153658525014403 0.000146790022380033
0.0154478054585147 0.000162355731531328
0.0155293259189868 0.00017938479288101
0.0156104206589587 0.000197996600837589
0.0156910962794146 0.000218318714928255
0.0157713592124921 0.000240487290238447
0.0158512157274676 0.000264647553817643
0.0159306719364717 0.000290954255745349
0.0160097337999495 0.000319572168946703
0.0160884071318791 0.000350676578949956
0.0161666976047613 0.000384453811264216
0.0162446107543932 0.000421101753814804
0.016322151984437 0.000460830423924131
0.0163993265707931 0.000503862513359194
0.0164761396657904 0.000550433980719443
0.0165525963022006 0.00060079464684715
0.0166287013970862 0.000655208798319507
0.0167044597554917 0.000713955829655676
0.0167798760739836 0.000777330856371357
0.0168549549440487 0.00084564540829208
0.0169297008553565 0.000919228062793162
0.0170041181988921 0.000998425147729114
0.0170782112699669 0.00108360142829128
0.017151984271112 0.00117514083439487
0.0172254413148593 0.00127344715115862
0.017298586426418 0.00137894477705622
0.0173714235462477 0.00149207945863698
0.0174439565325362 0.00161331904380563
0.0175161891635843 0.00174315424820728
0.017588125140103 0.00188209943469364
0.0176597680874253 0.00203069336820228
0.0177311215576392 0.00218950005148859
0.0178021890316422 0.00235910946784316
0.0178729739211235 0.00254013842543721
0.017943479570475 0.00273323133589758
0.0180137092586351 0.00293906103296504
0.0180836662008687 0.00315832958074323
0.0181533535504845 0.00339176909808458
0.0182227744004938 0.00364014255927501
0.0182919317852125 0.00390424461320597
0.0183608286818089 0.00418490239823005
0.0184294680117992 0.00448297633804819
0.0184978526424928 0.00479936096703379
0.0185659853883906 0.00513498570593941
0.0186338690125366 0.0054908156708469
0.0187015062278249 0.00586785244614994
0.0187688996982656 0.00626713485858805
0.0188360520402087 0.00668973975658285
0.0189029658235295 0.00713678273052446
0.0189696435727765 0.00760941887543204
0.0190360877682821 0.00810884349674552
0.0191023008472401 0.00863629282443531
0.0191682852047483 0.00919304468828543
0.0192340431948198 0.0097804191950356
0.0192995771313627 0.0103997793629238
0.0193648892891302 0.0110525317559648
0.0194299819046422 0.0117401270613826
0.0194948571770788 0.0124640606749279
0.0195595172691474 0.0132258732508586
0.0196239643079239 0.0140271511921074
0.0196882003856689 0.0148695271667977
0.019752227560621 0.0157546805312574
0.0198160478577658 0.0166843377621726
0.0198796632695832 0.0176602728467745
0.0199430757567736 0.0186843076108601
0.0200062872489628 0.0197583120460168
0.020069299645387 0.020884204564811
0.0201321148155592 0.0220639522469153
0.0201947345999157 0.0232995710076711
0.0202571608104459 0.0245931257522977
0.0203193952313038 0.0259467304637088
0.0203814396194031 0.0273625482585135
0.0204432957049959 0.0288427914125676
0.0205049651922356 0.0303897212803989
0.020566449759725 0.0320056482292576
0.0206277510610493 0.0336929314785505
0.0206888707252949 0.0354539789194804
0.0207498103575548 0.0372912468530511
0.0208105715394201 0.0392072397014655
0.0208711558294593 0.0412045096214697
0.0209315647636846 0.0432856561308929
0.0209917998560065 0.0454533256162451
0.0210518625986761 0.0477102108046803
0.0211117544627168 0.0500590502065888
0.0211714768983445 0.0525026274331257
0.0212310313353775 0.0550437705368802
0.0212904191836357 0.0576853512252621
0.0213496418333302 0.0604302840669853
0.021408700655443 0.0632815255766944
0.0214675970020972 0.0662420733333069
0.0215263322069183 0.0693149649287917
0.0215849075853864 0.0725032769375813
0.0216433244351804 0.0758101238075341
0.0217015840365127 0.0792386566671182
0.0217596876524575 0.0827920620962361
0.0218176365292694 0.0864735608433155
0.0218754318966958 0.0902864064342
0.0219330749682815 0.094233883803416
0.0219905669416656 0.0983193078124772
0.0220479089988721 0.102546021699367
0.0221051023065934 0.106917395533057
0.0221621480164674 0.111436824536883
0.0222190472653477 0.116107727424802
0.0222758011755684 0.12093354464031
0.0223324108552021 0.125917736560152
0.0223888773983124 0.131063781642246
0.0224452018852009 0.136375174514696
0.0225013853826476 0.141855424037997
0.0225574289441476 0.147508051302061
0.0226133336101407 0.153336587582348
0.0226691004082377 0.159344572235447
0.0227247303534397 0.165535550573868
0.0227802244483547 0.171913071711425
0.0228355836834077 0.178480686306636
0.0228908090370473 0.185241944345909
0.0229459014759473 0.192200392841038
0.0230008619552045 0.199359573496998
0.0230556914185312 0.206723020361459
0.023110390798445 0.214294257443494
0.0231649610164533 0.222076796285009
0.0232194029832349 0.230074133541437
0.0232737175988168 0.238289748494374
0.0233279057527484 0.246727100567443
0.0233819683242708 0.255389626824087
0.0234359061824839 0.264280739456367
0.0234897201865091 0.273403823218301
0.0235434111856489 0.282762232892075
0.0235969800195435 0.292359290722858
0.0236504275183238 0.302198283860936
0.0237037545027617 0.312282461768074
0.0237569617844168 0.322615033646922
0.0238100501657812 0.333199165880299
0.0238630204404198 0.344037979426573
0.0239158733931094 0.355134547280304
0.0239686097999742 0.366491891888166
0.0240212304286185 0.378112982614846
0.0240737360382576 0.390000733179564
0.0241261273798449 0.402157999169074
0.0241784051961978 0.414587575489931
0.0242305702221203 0.427292193922075
0.0242826231845237 0.440274520612254
0.0243345648025444 0.453537153674982
0.0243863957876604 0.467082620769497
0.0244381168438045 0.48091337670434
0.0244897286674761 0.495031801118499
0.0245412319478504 0.509440196145527
0.0245926273668862 0.524140784136138
0.0246439155994308 0.539135705466707
0.0246950973133236 0.554427016288794
0.0247461731694977 0.570016686430926
0.0247971438220791 0.585906597260016
0.0248480099184848 0.602098539652747
0.0248987720995186 0.618594211994491
0.0249494309994653 0.63539521821382
0.0249999872461831 0.652503065910217
0.0250504414611946 0.6699191645099
0.0251007942597756 0.687644823491133
0.025151046251043 0.705681250668848
0.0252011980380407 0.724029550550012
0.0252512502178237 0.742690722725112
0.0253012033815416 0.761665660377329
0.0253510581145195 0.780955148802529
0.0254008149963384 0.800559864047057
0.0254504746009135 0.82048037157121
0.025500037496572 0.840717125023099
0.0255495042461282 0.86127046507577
0.0255988754069586 0.882140618316984
0.0256481515310752 0.903327696251015
0.0256973331651972 0.924831694333827
0.025746420850822 0.946652491138384
0.0257954151242946 0.968789847549708
0.0258443165168761 0.991243406066517
0.0258931255548111 1.01401269018638
0.0259418427593931 1.03709710385012
0.0259904686470303 1.06049593098247
0.0260390037293088 1.08420833512141
0.026087448513056 1.10823335910578
0.0261358035004017 1.13256992487512
0.0261840691888393 1.15721683333574
0.0262322460712854 1.18217276429847
0.0262803346361382 1.20743627652623
0.0263283353673361 1.23300580784787
0.0263762487444134 1.25887967536769
0.0264240752425572 1.28505607572537
0.0264718153326617 1.31153308547915
0.0265194694813828 1.3383086615599
0.0265670381511909 1.36538064177436
0.0266145218004234 1.39274674545096
0.0266619208833364 1.42040457409462
0.0267092358501552 1.44835161218278
0.0267564671471242 1.4765852280154
0.0268036152165563 1.50510267461482
0.0268506804968807 1.53390109076701
0.026897663422691 1.56297750208788
0.0269445644247916 1.59232882217656
0.0269913839302441 1.62195185385384
0.0270381223624124 1.65184329046582
0.0270847801410076 1.68199971725167
0.0271313576821319 1.71241761281436
0.0271778553983219 1.74309335059866
0.0272242736985911 1.77402320051544
0.027270612988472 1.80520333056608
0.0273168736700574 1.83662980856106
0.0273630561420412 1.8682986039098
0.0274091607997584 1.90020558944409
0.0274551880352246 1.93234654332497
0.0275011382371748 1.96471715099961
0.0275470117911019 1.99731300721519
0.0275928090792943 2.03012961808515
0.0276385304808729 2.06316240320606
0.0276841763718283 2.09640669783361
0.0277297471250562 2.1298577550987
0.0277752431103932 2.16351074827694
0.027820664694652 2.19736077309479
0.0278660122416557 2.2314028500842
0.0279112861122718 2.26563192698124
0.0279564866644458 2.30004288116024
0.0280016142532342 2.33463052208788
0.028046669230837 2.36938959384796
0.0280916519466297 2.4043147776601
0.0281365627471951 2.43940069445682
0.0281814019763543 2.47464190746654
0.0282261699751974 2.51003292485305
0.0282708670821139 2.54556820233193
0.0283154936328226 2.5812421458667
0.0283600499604005 2.61704911432631
0.0284045363953127 2.65298342218576
0.0284489532654401 2.6890393422754
0.0284933008961081 2.72521110848008
0.0285375796101145 2.76149291848487
0.0285817897277563 2.79787893652425
0.0286259315668574 2.83436329615466
0.028670005442795 2.87094010298125
0.0287140116685257 2.90760343744665
0.0287579505546119 2.94434735759209
0.0288018224092467 2.98116590179773
0.0288456275382797 3.01805309155198
0.0288893662452418 3.05500293421833
0.0289330388313693 3.09200942573961
0.0289766455956287 3.12906655340713
0.0290201868347402 3.16616829855309
0.0290636628432012 3.20330863929724
0.0291070739133099 3.24048155318613
0.029150420335188 3.27768101991367
0.0291937023968032 3.31490102395658
0.0292369203839918 3.35213555720275
0.0292800745804804 3.38937862158569
0.0293231652679081 3.42662423164976
0.0293661927258473 3.46386641712739
0.0294091572318256 3.50109922546782
0.029452059061346 3.53831672434639
0.0294948984879081 3.57551300412837
0.0295376757830279 3.61268218033234
0.0295803912162582 3.64981839602433
0.0296230450552084 3.68691582419217
0.0296656375655642 3.72396867009732
0.0297081690111063 3.76097117355913
0.0297506396537303 3.79791761123764
0.0297930497534648 3.83480229884209
0.0298353995684905 3.87161959330515
0.0298776893551581 3.90836389495438
0.0299199193680067 3.94502964956968
0.0299620898597818 3.98161135046763
0.0300042010814524 4.0181035404919
0.0300462532822288 4.05450081397963
0.0300882467095801 4.09079781867846
0.0301301816092506 4.12698925761185
0.0301720582252767 4.1630698908914
0.030213876800004 4.1990345375003
0.0302556375741029 4.23487807700779
0.0302973407865854 4.27059545123076
0.0303389866748205 4.30618166587073
0.0303805754745507 4.34163179206153
0.0304221074199066 4.37694096790181
0.0304635827434232 4.41210439991132
0.0305050016760544 4.44711736443671
0.0305463644471886 4.4819752090387
0.030587671284663 4.51667335375337
0.0306289224147785 4.5512072923801
0.0306701180623141 4.58557259366818
0.0307112584505413 4.61976490246323
0.0307523438012381 4.65377994079357
0.0307933743347029 4.6876135089259
0.0308343502697684 4.72126148632151
0.0308752718238152 4.75471983260239
0.0309161392127854 4.78798458839261
0.0309569526511953 4.82105187616703
0.0309977123521495 4.85391790102502
0.0310384185273528 4.88657895138869
0.0310790713871241 4.91903139967707
0.0311196711404081 4.95127170293064
0.0311602179947885 4.98329640336158
0.0312007121565003 5.01510212885517
0.0312411538304417 5.04668559345538
0.0312815432201864 5.07804359773311
0.0313218805279956 5.10917302918092
0.0313621659548299 5.14007086248988
0.0314023997003606 5.17073415983196
0.0314425819629817 5.20116007105362
0.0314827129398211 5.23134583383414
0.0315227928267518 5.2612887738125
0.0315628218184032 5.29098630464325
0.0316028001081721 5.32043592800908
0.0316427278882335 5.34963523361938
0.0316826053495516 5.37858189912018
0.0317224326818903 5.40727368997122
0.0317622100738234 5.43570845931074
0.031801937712746 5.46388414774031
0.0318416157848835 5.4917987830852
0.0318812444753029 5.51945048010589
0.0319208239679223 5.54683744018583
0.0319603544455209 5.57395795095313
0.031999836089749 5.60081038588824
0.0320392690811377 5.62739320388298
0.0320786535991084 5.65370494876384
0.0321179898219824 5.6797442487733
0.0321572779269906 5.70550981603386
0.0321965180902821 5.73100044595911
0.0322357104869344 5.75621501664128
0.0322748552909615 5.7811524882062
0.0323139526753238 5.80581190213446
0.0323530028119364 5.83019238055461
0.032392005871678 5.85429312550776
0.0324309620244002 5.87811341817219
0.0324698714389352 5.90165261808196
0.0325087342831051 5.92491016230269
0.0325475507237301 5.94788556459183
0.0325863209266366 5.97057841451294
0.0326250450566659 5.99298837656652
0.0326637232776822 6.01511518925141
0.0327023557525803 6.03695866414379
0.0327409426432944 6.05851868493448
0.0327794841108053 6.07979520644236
0.0328179803151487 6.1007882536291
0.0328564314154225 6.12149792057839
0.0328948375697951 6.14192436947537
0.0329331989355123 6.16206782953523
0.0329715156689053 6.18192859597027
0.033009787925398 6.20150702888505
0.0330480158595143 6.22080355221376
0.0330861996248854 6.23981865258864
0.0331243393742569 6.25855287825458
0.0331624352594962 6.27700683792751
0.0332004874315994 6.29518119965376
0.0332384960406981 6.31307668968401
0.0332764612360667 6.33069409132335
0.0333143831661288 6.34803424375294
0.0333522619784645 6.36509804087692
0.0333900978198166 6.38188643015813
0.0334278908360974 6.39840041143574
0.0334656411723953 6.41464103573639
0.0335033489729815 6.43060940411623
0.033541014381316 6.44630666645336
0.0335786375400543 6.46173402026929
0.0336162185910536 6.47689270954663
0.0336537576753789 6.4917840235314
0.0336912549333095 6.50640929555401
0.0337287105043449 6.52076990183738
0.0337661245272108 6.53486726031186
0.0338034971398652 6.5487028294327
0.0338408284795045 6.56227810700989
0.0338781186825688 6.5755946290213
0.0339153678847486 6.58865396844085
0.0339525762209897 6.60145773407995
0.0339897438254994 6.61400756942357
0.034026870831752 6.62630515147791
0.0340639573724945 6.63835218959978
0.034101003579752 6.65015042438906
0.0341380095848332 6.66170162653088
0.0341749755183358 6.67300759567573
0.0342119015101522 6.68407015932383
0.0342487876894742 6.69489117171459
0.0342856341847991 6.70547251271787
0.034322441123934 6.71581608676754
0.0343592086340017 6.72592382175389
0.0343959368414455 6.73579766797209
0.0344326258720343 6.74543959706753
0.0344692758508678 6.75485160096953
0.0345058869023812 6.76403569087068
0.0345424591503502 6.77299389620993
0.0345789927178961 6.78172826364464
0.0346154877274904 6.79024085606125
0.0346519443009596 6.79853375159298
0.0346883625594902 6.80660904264224
0.034724742623633 6.81446883492322
0.0347610846133082 6.82211524651369
0.0347973886478096 6.82955040693642
0.0348336548458094 6.83677645622472
0.0348698833253627 6.8437955440241
0.0349060742039119 6.85060982871311
0.0349422275982914 6.85722147651907
0.0349783436247315 6.86363266066481
0.0350144223988632 6.8698455605197
0.0350504640357225 6.87586236077487
0.0350864686497544 6.88168525062002
0.0351224363548173 6.88731642295562
0.0351583672641874 6.89275807359803
0.0351942614905624 6.8980124005286
0.035230119146066 6.90308160311507
0.0352659403422519 6.90796788139353
0.0353017251901078 6.91267343533644
0.0353374738000594 6.91720046415869
0.0353731862819745 6.92155116560683
0.0354088627451668 6.92572773530706
0.0354445032983998 6.92973236608421
0.0354801080498907 6.93356724732478
0.0355156771073144 6.93723456435984
0.0355512105778071 6.94073649783676
0.0355867085679701 6.94407522312229
0.0356221711838734 6.94725290973891
0.0356575985310598 6.9502717207704
0.0356929907145482 6.9531338123286
0.0357283478388373 6.9558413330143
0.0357636700079094 6.95839642339334
0.0357989573252335 6.9608012154941
0.0358342098937695 6.96305783230605
0.0358694278159712 6.96516838732322
0.0359046111937899 6.96713498405896
0.0359397601286778 6.96895971561948
0.0359748747215917 6.97064466425606
0.0360099550729961 6.97219190095963
0.0360450012828664 6.97360348504964
0.0360800134506927 6.97488146378791
0.0361149916754828 6.97602787199588
0.0361499360557653 6.97704473170468
0.0361848466895934 6.97793405179645
0.0362197236745473 6.97869782767275
0.0362545671077383 6.97933804093848
0.0362893770858112 6.97985665908391
0.0363241537049478 6.98025563520598
0.0363588970608699 6.98053690770289
0.0363936072488424 6.98070240002335
0.0364282843636764 6.98075402040203
0.036462928499732 6.98069366161754
0.0364975397509216 6.98052320075438
0.0365321182107127 6.98024449898774
0.0365666639721309 6.97985940137007
0.0366011771277626 6.9793697366375
0.0366356577697584 6.97877731701875
0.0366701059898354 6.97808393806763
0.0367045218792804 6.97729137849492
0.0367389055289527 6.97640140001118
0.0367732570292866 6.97541574718317
0.0368075764702946 6.97433614731828
0.03684186394157 6.97316431031408
0.0368761195322893 6.97190192857453
0.0369103433312155 6.97055067688417
0.0369445354267002 6.96911221233419
0.0369786959066867 6.96758817421725
0.0370128248587125 6.96598018396815
0.0370469223699117 6.96428984510863
0.0370809885270179 6.96251874316105
0.0371150234163667 6.96066844561904
0.0371490271238982 6.95874050191433
0.0371829997351594 6.95673644336164
0.0372169413353069 6.9546577831496
0.0372508520091095 6.95250601633229
0.0372847318409504 6.95028261980108
0.0373185809148296 6.94798905229399
0.0373523993143668 6.94562675439968
0.0373861871228033 6.94319714857226
0.0374199444230047 6.94070163914783
0.0374536712974629 6.93814161237577
0.0374873678282992 6.93551843643942
0.0375210340972656 6.93283346150644
0.0375546701857481 6.93008801976773
0.0375882761747682 6.92728342549266
0.0376218521449859 6.92442097507204
0.0376553981767013 6.92150194709397
0.0376889143498573 6.9185276024065
0.0377224007440415 6.91549918418937
0.0377558574384886 6.91241791802092
0.0377892845120828 6.90928501197799
0.0378226820433594 6.90610165670304
0.0378560501105073 6.90286902550938
0.0378893887913714 6.89958827446209
0.037922698163454 6.89626054249616
0.0379559783039176 6.89288695149295
0.0379892292895867 6.88946860641465
0.0380224511969498 6.88600659539057
0.0380556441021615 6.88250198984103
0.0380888080810448 6.87895584459882
0.0381219432090926 6.87536919802024
0.0381550495614701 6.87174307211223
0.0381881272130168 6.86807847266057
0.0382211762382482 6.86437638934684
0.038254196711358 6.86063779589942
0.0382871887062199 6.85686365019986
0.0383201522963897 6.85305489445239
0.038353087555107 6.84921245528951
0.0383859945552973 6.84533724393519
0.0384188733695735 6.84143015633436
0.0384517240702386 6.83749207330216
0.0384845467292864 6.83352386066708
0.0385173414184043 6.82952636941636
0.0385501082089748 6.82550043585105
0.0385828471720771 6.82144688173736
0.0386155583784893 6.81736651443498
0.0386482418986897 6.81326012708423
0.038680897802859 6.80912849873884
0.0387135261608821 6.80497239451746
0.0387461270423493 6.80079256576783
0.0387787005165585 6.79658975022377
0.0388112466525169 6.79236467214954
0.0388437655189425 6.78811804251763
0.0388762571842659 6.78385055913731
0.0389087217166321 6.77956290684658
0.0389411591839018 6.77525575764103
0.0389735696536536 6.77092977085163
0.0390059531931851 6.76658559329027
0.0390383098695148 6.76222385941373
0.0390706397493839 6.7578451914869
0.0391029428992574 6.75345019973819
0.0391352193853262 6.74903948251116
0.0391674692735084 6.74461362643251
0.0391996926294509 6.74017320656995
0.0392318895185311 6.73571878657605
0.0392640600058582 6.73125091886361
0.0392962041562752 6.72677014474896
0.0393283220343597 6.72227699461728
0.039360413704426 6.71777198807044
0.0393924792305266 6.71325563408689
0.0394245186764532 6.70872843117254
0.0394565321057388 6.70419086752231
0.0394885195816586 6.69964342116173
0.0395204811672319 6.69508656010661
0.0395524169252233 6.69052074251191
0.0395843269181444 6.68594641682143
0.0396162112082547 6.68136402191445
0.0396480698575636 6.67677398726141
0.0396799029278316 6.67217673306289
0.0397117104805714 6.66757267040374
0.0397434925770499 6.66296220139048
0.0397752492782889 6.65834571930364
0.0398069806450671 6.65372360873039
0.0398386867379208 6.6490962457139
0.0398703676171459 6.64446399789234
0.0399020233427988 6.63982722464245
0.0399336539746979 6.63518627720355
0.0399652595724249 6.6305414988288
0.039996840195326 6.62589322491361
0.0400283959025134 6.62124178313635
0.0400599267528664 6.61658749358146
0.0400914328050328 6.61193066887732
0.0401229141174301 6.60727161432283
0.0401543707482469 6.60261062802359
0.040185802755444 6.5979480010083
0.0402172101967556 6.59328401736738
0.0402485931296909 6.58861895436806
0.0402799516115347 6.58395308258006
0.0403112856993493 6.57928666599584
0.0403425954499753 6.57461996215446
0.0403738809200329 6.56995322226227
0.040405142165923 6.56528669130117
0.0404363792438286 6.56062060815693
0.0404675922097158 6.55595520571893
0.0404987811193351 6.55129071100808
0.0405299460282224 6.5466273452836
0.0405610869917004 6.54196532414825
0.0405922040648794 6.53730485765947
0.0406232973026587 6.53264615043905
0.0406543667597277 6.5279894017773
0.040685412490567 6.52333480574084
0.0407164345494493 6.51868255126907
0.0407474329904411 6.51403282228222
0.0407784078674029 6.50938579777553
0.0408093592339912 6.50474165191665
0.040840287143659 6.50010055415617
0.0408711916496571 6.49546266931227
0.0409020728050351 6.4908281576586
0.0409329306626425 6.48619717503171
0.0409637652751297 6.48156987291541
0.0409945766949492 6.47694639852793
0.0410253649743564 6.47232689492235
0.0410561301654109 6.467711501057
0.0410868723199772 6.46310035189154
0.0411175914897262 6.45849357847746
0.0411482877261357 6.45389130802552
0.0411789610804916 6.44929366399817
0.0412096116038891 6.44470076619027
0.0412402393472335 6.44011273080734
0.0412708443612411 6.43552967053278
0.0413014266964404 6.43095169462444
0.0413319864031729 6.4263789089708
0.0413625235315941 6.42181141617919
0.0413930381316747 6.4172493156404
0.041423530253201 6.41269270360052
0.0414539999457764 6.40814167323344
0.0414844472588223 6.40359631471131
0.0415148722415785 6.39905671526771
0.0415452749431048 6.39452295927129
0.0415756554122815 6.3899951282755
0.0416060136978103 6.38547330111009
0.0416363498482157 6.38095755391146
0.0416666639118453 6.37644796021278
0.0416969559368709 6.37194459098741
0.0417272259712897 6.36744751470962
0.0417574740629247 6.36295679742974
0.0417877002594259 6.35847250280282
0.0418179046082712 6.35399469217693
0.0418480871567669 6.34952342462334
0.0418782479520491 6.3450587570005
0.0419083870410841 6.34060074400399
0.0419385044706695 6.3361494382291
0.0419686002874351 6.33170489020672
0.0419986745378434 6.32726714846223
0.0420287272681909 6.32283625956224
0.0420587585246085 6.31841226817279
0.0420887683530625 6.31399521707888
0.0421187567993558 6.30958514726002
0.0421487239091278 6.30518209792644
0.0421786697278563 6.3007861065536
0.0422085943008575 6.29639720893379
0.0422384976732871 6.29201543922343
0.0422683798901412 6.2876408299752
0.0422982409962566 6.28327341218687
0.0423280810363124 6.27891321533181
0.04235790005483 6.27456026740394
0.0423876980961745 6.27021459495842
0.0424174752045548 6.26587622314927
0.0424472314240249 6.26154517575297
0.0424769667984847 6.25722147522192
0.0425066813716803 6.25290514270932
0.042536375187205 6.24859619810754
0.0425660482885002 6.24429466007576
0.0425957007188558 6.24000054608732
0.0426253325214113 6.23571387244387
0.0426549437391563 6.23143465431291
0.0426845344149313 6.22716290576668
0.0427141045914283 6.22289863980326
0.0427436543111917 6.21864186837933
0.0427731836166191 6.21439260243729
0.0428026925499615 6.2101508519339
0.0428321811533247 6.20591662586487
0.0428616494686695 6.20168993230583
0.0428910975378125 6.19747077841658
0.042920525402427 6.19325917048049
0.0429499331040434 6.1890551139296
0.04297932068405 6.18485861336496
0.043008688183694 6.1806696725785
0.0430380356440814 6.17648829458578
0.0430673631061785 6.17231448163353
0.043096670610812 6.16814823524081
0.0431259581986701 6.16398955620318
0.0431552259103027 6.15983844462573
0.0431844737861225 6.15569489993479
0.0432137018664052 6.15155892091188
0.0432429101912905 6.14743050569273
0.0432720988007829 6.14330965180506
0.0433012677347515 6.13919635617981
0.0433304170329317 6.13509061516903
0.0433595467349252 6.13099242456443
0.0433886568802006 6.12690177961778
0.0434177475080943 6.1228186750477
0.0434468186578111 6.11874310507523
0.0434758703684246 6.11467506341658
0.043504902678878 6.11061454331761
0.0435339156279846 6.10656153756181
0.0435629092544285 6.10251603848157
0.0435918835967651 6.0984780379852
0.0436208386934218 6.09444752755405
0.0436497745826985 6.09042449827039
0.0436786913027683 6.08640894082811
0.0437075888916779 6.08240084553421
0.0437364673873485 6.07840020234131
0.043765326827576 6.07440700084394
0.0437941672500319 6.07042123029719
0.0438229886922636 6.06644287962831
0.0438517911916953 6.06247193744894
0.0438805747856283 6.05850839206547
0.0439093395112415 6.05455223148824
0.0439380854055923 6.0506034434451
0.0439668125056168 6.04666201538857
0.0439955208481307 6.04272793451062
0.0440242104698294 6.03880118774735
0.0440528814072891 6.03488176179004
0.0440815336969668 6.03096964310101
0.0441101673752012 6.02706481790646
0.0441387824782132 6.02316727222693
0.0441673790421064 6.01927699187314
0.0441959571028673 6.01539396244552
0.0442245166963664 6.01151816936482
0.0442530578583584 6.00764959786151
0.0442815806244828 6.00378823299515
0.0443100850302642 5.9999340596495
0.0443385711111132 5.99608706254872
0.0443670389023268 5.99224722626698
0.0443954884390886 5.98841453522438
0.0444239197564696 5.98458897370505
0.0444523328894288 5.98077052585708
0.0444807278728134 5.97695917569857
0.0445091047413595 5.97315490712852
0.0445374635296924 5.96935770392743
0.0445658042723275 5.96556754976313
0.0445941270036703 5.96178442820541
0.0446224317580172 5.95800832271561
0.0446507185695559 5.95423921666983
0.0446789874723659 5.95047709334889
0.0447072385004188 5.94672193595086
0.0447354716875792 5.94297372759315
0.0447636870676046 5.93923245132232
0.0447918846741464 5.93549809011205
0.0448200645407501 5.9317706268718
0.0448482267008557 5.92805004444708
0.0448763711877984 5.92433632562537
0.044904498034809 5.92062945314708
0.044932607275014 5.91692940969537
0.0449606989414366 5.91323617791309
0.0449887730669969 5.90954974039631
0.0450168296845122 5.90587007970935
0.0450448688266976 5.90219717837311
0.0450728905261667 5.89853101888216
0.0451008948154315 5.8948715837029
0.0451288817269032 5.89121885527444
0.0451568512928926 5.88757281601162
0.0451848035456105 5.88393344831355
0.0452127385171681 5.88030073456058
0.0452406562395775 5.87667465711926
0.0452685567447521 5.87305519834478
0.0452964400645069 5.86944234058179
0.0453243062305591 5.86583606617273
0.0453521552745286 5.86223635745508
0.045379987227938 5.85864319675972
0.0454078021222135 5.85505656642583
0.0454355999886851 5.85147644878937
0.0454633808585869 5.84790282619504
0.0454911447630578 5.84433568099189
0.0455188917331415 5.84077499553966
0.0455466217997873 5.8372207522062
0.0455743349938504 5.83367293337853
0.0456020313460921 5.83013152145021
0.0456297108871804 5.82659649883221
0.0456573736476903 5.82306784795931
0.0456850196581044 5.81954555127804
0.0457126489488129 5.81602959126017
0.0457402615501143 5.81251995039774
0.0457678574922158 5.80901661120778
0.0457954368052334 5.80551955622801
0.0458229995191927 5.80202876802974
0.0458505456640288 5.79854422920748
0.0458780752695871 5.79506592238601
0.0459055883656234 5.7915938302148
0.0459330849818045 5.78812793538294
0.0459605651477085 5.78466822060779
0.0459880288928248 5.78121466863602
0.0460154762465553 5.77776726225522
0.0460429072382138 5.77432598428218
0.0460703218970271 5.7708908175746
0.0460977202521349 5.76746174502204
0.0461251023325907 5.76403874955814
0.0461524681673614 5.76062181414903
0.0461798177853283 5.75721092180185
0.0462071512152872 5.75380605556652
0.0462344684859487 5.75040719853174
0.0462617696259388 5.74701433382794
0.046289054663799 5.74362744462569
0.0463163236279865 5.74024651414356
0.0463435765468752 5.73687152563619
0.0463708134487554 5.7335024624068
0.0463980343618342 5.73013930780396
0.0464252393142363 5.7267820452172
0.0464524283340039 5.72343065808428
0.0464796014490973 5.72008512988768
0.0465067586873948 5.71674544415633
0.0465339000766938 5.71341158446585
0.0465610256447102 5.71008353443951
0.0465881354190797 5.70676127774795
0.0466152294273573 5.70344479810886
0.0466423076970181 5.70013407928906
0.0466693702554574 5.69682910510295
0.0466964171299913 5.69352985941505
0.0467234483478566 5.69023632613596
0.0467504639362115 5.68694848922917
0.0467774639221358 5.68366633270591
0.0468044483326311 5.68038984062619
0.0468314171946212 5.67711899710168
0.0468583705349526 5.67385378629398
0.0468853083803945 5.67059419241499
0.0469122307576391 5.66734019972522
0.0469391376933024 5.66409179253856
0.0469660292139238 5.6608489552176
0.0469929053459669 5.65761167217792
0.0470197661158199 5.65437992788395
0.0470466115497953 5.65115370685306
0.0470734416741307 5.64793299365184
0.0471002565149891 5.6447177728991
0.047127056098459 5.64150802926467
0.0471538404505546 5.63830374747254
0.0471806095972165 5.63510491229238
0.0472073635643116 5.63191150855088
0.0472341023776336 5.62872352112415
0.0472608260629032 5.62554093493805
0.0472875346457685 5.62236373497339
0.0473142281518051 5.61919190625948
0.0473409066065165 5.61602543387969
0.0473675700353345 5.61286430296616
0.0473942184636193 5.60970849870494
0.0474208519166598 5.60655800633192
0.047447470419674 5.60341281113517
0.0474740739978091 5.60027289845432
0.0475006626761419 5.5971382536789
0.0475272364796792 5.59400886225052
0.0475537954333577 5.59088470966398
0.0475803395620447 5.58776578146118
0.0476068688905381 5.58465206323846
0.0476333834435668 5.58154354064102
0.0476598832457906 5.57844019936666
0.0476863683218013 5.57534202516225
0.0477128386961221 5.57224900382765
0.0477392943932083 5.56916112121018
0.0477657354374474 5.56607836321048
0.0477921618531596 5.56300071577781
0.0478185736645977 5.55992816491228
0.0478449708959477 5.55686069666444
0.047871353571329 5.55379829713392
0.0478977217147943 5.55074095247195
0.0479240753503303 5.54768864887784
0.0479504145018579 5.5446413726014
0.047976739193232 5.54159910994254
0.0480030494482425 5.5385618472487
0.0480293452906138 5.53552957091861
0.0480556267440056 5.53250226739874
0.0480818938320128 5.52947992318558
0.048108146578166 5.52646252482312
0.0481343850059316 5.5234500589054
0.048160609138712 5.52044251207349
0.048186818999846 5.51743987101933
0.0482130146126089 5.51444212248045
0.0482391960002129 5.51144925324399
0.0482653631858072 5.50846125014457
0.0482915161924782 5.50547810006431
0.0483176550432499 5.50249978993399
0.0483437797610842 5.49952630672991
0.0483698903688805 5.49655763747749
0.0483959868894771 5.49359376924768
0.0484220693456503 5.49063468916034
0.0484481377601151 5.48768038438086
0.0484741921555256 5.48473084212076
0.0485002325544751 5.48178604963917
0.048526258979496 5.47884599424092
0.0485522714530606 5.47591066327713
0.0485782699975808 5.47298004414427
0.0486042546354086 5.47005412428553
0.0486302253888366 5.46713289118922
0.0486561822800974 5.4642163323888
0.0486821253313647 5.46130443546374
0.0487080545647529 5.45839718803749
0.0487339700023179 5.45549457777947
0.0487598716660567 5.45259659240343
0.0487857595779079 5.44970321966704
0.0488116337597521 5.44681444737365
0.0488374942334118 5.44393026336953
0.0488633410206518 5.44105065554643
0.0488891741431795 5.43817561183866
0.0489149936226447 5.43530512022466
0.0489407994806403 5.43243916872562
0.0489665917387022 5.42957774540798
0.0489923704183098 5.42672083837989
0.0490181355408857 5.42386843579226
0.0490438871277964 5.42102052583934
0.0490696252003525 5.41817709675802
0.0490953497798084 5.41533813682816
0.0491210608873632 5.41250363437041
0.0491467585441602 5.409673577749
0.0491724427712877 5.40684795536893
0.0491981135897789 5.40402675567811
0.0492237710206121 5.40120996716495
0.049249415084711 5.39839757835985
0.0492750458029448 5.39558957783412
0.0493006631961286 5.39278595420088
0.0493262672850232 5.38998669611275
0.0493518580903358 5.38719179226481
0.0493774356327197 5.38440123139103
0.049402999932775 5.38161500226668
0.0494285510110483 5.37883309370711
0.0494540888880332 5.37605549456722
0.0494796135841705 5.37328219374236
0.0495051251198482 5.37051318016709
0.0495306235154018 5.36774844281558
0.0495561087911145 5.36498797070179
0.0495815809672174 5.36223175287824
0.0496070400638897 5.35947977843675
0.0496324861012587 5.35673203650795
0.0496579190994002 5.35398851626099
0.0496833390783387 5.35124920690378
0.0497087460580473 5.34851409768223
0.0497341400584484 5.34578317788061
0.0497595210994132 5.34305643682114
0.0497848892007625 5.34033386386388
0.0498102443822666 5.33761544840656
0.0498355866636454 5.33490117988467
0.0498609160645687 5.33219104777054
0.0498862326046565 5.32948504157408
0.0499115363034788 5.3267831508419
0.0499368271805563 5.32408536515784
0.0499621052553602 5.32139167414211
0.0499873705473122 5.31870206745165
