0 1e-10 0 -0.1962 0
0.0269142087927982 9.82234712078039e-11 -1.30841559044435e-10 -0.1962 3.00926553810506e-37
0.0538284175855965 9.29570059222057e-11 -2.57034242151704e-10 -0.1962 1.20370621524202e-36
0.0807426263783947 8.43877246874647e-11 -3.74094350623717e-10 -0.1962 0
0.107656835171193 7.28200990004197e-11 -4.77862671398112e-10 -0.1962 1.20370621524202e-36
0.134571043963991 5.86651332628784e-11 -5.64652256283417e-10 -0.1962 0
0.161485252756789 4.24257615585467e-11 -6.31379421351403e-10 -0.1962 1.20370621524202e-36
0.188399461549588 2.46789781154229e-11 -6.75673312002771e-10 -0.1962 6.01853107621011e-37
0.215313670342386 6.05533636861852e-12 -6.95960140796311e-10 -0.1962 1.50463276905253e-37
0.242227879135184 -1.27834549662915e-11 -6.91519105022941e-10 -0.1962 -3.00926553810506e-37
0.269142087927982 -3.11680427849743e-11 -6.62507997241033e-10 -0.1962 0
0.296056296720781 -4.8445212095579e-11 -6.09957598815947e-10 -0.1962 -1.20370621524202e-36
0.322970505513579 -6.40010951235468e-11 -5.35735055664556e-10 -0.1962 0
0.349884714306377 -7.72829823871335e-11 -4.42477537485627e-10 -0.1962 -1.20370621524202e-36
0.376798923099175 -8.78189607835696e-11 -3.33498537601833e-10 -0.1962 -1.20370621524202e-36
0.403713131891974 -9.52346809333507e-11 -2.12670142633941e-10 -0.1962 -6.01853107621011e-37
0.430627340684772 -9.92666580292577e-11 -8.42854550334554e-11 -0.1962 -3.00926553810506e-37
0.45754154947757 -9.97716336032835e-11 4.70939433196356e-11 -0.1962 0
0.484455758270368 -9.67316655824959e-11 1.76800066747819e-10 -0.1962 1.20370621524202e-36
0.511369967063167 -9.02547657812206e-11 3.00224381995209e-10 -0.1962 1.20370621524202e-36
0.538284175855965 -8.05710621790802e-11 4.12981552067923e-10 -0.1962 0
0.565198384648763 -6.80246223413607e-11 5.11065249782747e-10 -0.1962 1.20370621524202e-36
0.592112593441562 -5.30612285002873e-11 5.90990504878973e-10 -0.1962 -1.20370621524202e-36
0.61902680223436 -3.62125386556128e-11 6.49917527018559e-10 -0.1962 1.20370621524202e-36
0.645941011027158 -1.80771964597342e-11 6.85752605172118e-10 -0.1962 0
0.672855219819956 7.0043893600257e-13 6.97222498377442e-10 -0.1962 0
0.699769428612755 1.94531873329996e-11 6.83919674724078e-10 -0.1962 -3.00926553810506e-37
0.726683637405553 3.75147527820555e-11 6.46316791196779e-10 -0.1962 -1.20370621524202e-36
0.753597846198351 5.42433974621226e-11 5.85749899900664e-10 -0.1962 0
0.780512054991149 6.90447429946298e-11 5.04370977360558e-10 -0.1962 -1.20370621524202e-36
0.807426263783948 8.13928890495422e-11 4.05071463555871e-10 -0.1962 -1.20370621524202e-36
0.834340472576746 9.08490988869239e-11 2.91379527393103e-10 -0.1962 -1.20370621524202e-36
0.861254681369544 9.70773879259519e-11 1.67334708832928e-10 -0.1962 0
0.888168890162342 9.9856461470547e-11 3.73443917092444e-11 -0.1962 0
0.915083098955141 9.90875774373572e-11 -9.39727931564096e-11 -0.1962 0
0.941997307747939 9.47980547188389e-11 -2.21951070567555e-10 -0.1962 0
0.968911516540737 8.71403025272766e-11 -3.4204329863226e-10 -0.1962 1.20370621524202e-36
0.995825725333536 7.63864052077067e-11 -4.49982531333006e-10 -0.1962 1.20370621524202e-36
1.02273993412633 6.29184549244598e-11 -5.41933625575785e-10 -0.1962 0
1.04965414291913 4.72149757065371e-11 -6.14629506032672e-10 -0.1962 0
1.07656835171193 2.98339212133043e-11 -6.65487246209553e-10 -0.1962 0
1.10348256050473 1.13928503196806e-11 -6.92699841311823e-10 -0.1962 3.00926553810506e-37
1.13039676929753 -7.45301510630495e-12 -6.95300412165291e-10 -0.1962 -1.50463276905253e-37
1.15731097809033 -2.603407061379e-11 -6.7319655899001e-10 -0.1962 -6.01853107621011e-37
1.18422518688312 -4.36901206008058e-11 -6.27173644417667e-10 -0.1962 6.01853107621011e-37
1.21113939567592 -5.97938354441846e-11 -5.58866889105034e-10 -0.1962 0
1.23805360446872 -7.37730408823148e-11 -4.70703271402397e-10 -0.1962 0
1.26496781326152 -8.51310476961392e-11 -3.65815295415216e-10 -0.1962 0
1.29188202205432 -9.34642993631234e-11 -2.47929691329418e-10 -0.1962 -1.20370621524202e-36
1.31879623084711 -9.84767106528872e-11 -1.2123500254188e-10 -0.1962 0
1.34571043963991 -9.99901877059386e-11 9.76723569841074e-12 -0.1962 -3.76158192263132e-38
1.37262464843271 -9.79509558110562e-11 1.40422438429933e-10 -0.1962 0
1.39953885722551 -9.24314700517444e-11 2.66088351062633e-10 -0.1962 6.01853107621011e-37
1.42645306601831 -8.3627840935394e-11 3.82299991356717e-10 -0.1962 1.20370621524202e-36
1.45336727481111 -7.18528664740251e-11 4.84928292812772e-10 -0.1962 1.20370621524202e-36
1.4802814836039 -5.75249182907977e-11 5.70326812782178e-10 -0.1962 0
1.5071956923967 -4.11530766353237e-11 6.35461292674205e-10 -0.1962 0
1.5341099011895 -2.33190424692476e-11 6.78017466910995e-10 -0.1962 6.01853107621011e-37
1.5610241099823 -4.65646929611033e-12 6.964832901162e-10 -0.1962 0
1.5879383187751 1.41715509125173e-11 6.90202660957907e-10 -0.1962 0
1.6148525275679 3.24960477566218e-11 6.59398733806773e-10 -0.1962 0
1.64176673636069 4.96659413112819e-11 6.05165989932732e-10 -0.1962 0
1.66868094515349 6.50711753713217e-11 5.29431349955223e-10 -0.1962 -1.20370621524202e-36
1.69559515394629 7.81643930995777e-11 4.34885709243981e-10 -0.1962 -1.20370621524202e-36
1.72250936273909 8.8480384930515e-11 3.24888328857007e-10 -0.1962 -1.20370621524202e-36
1.74942357153189 9.56526177339793e-11 2.03347479060775e-10 -0.1962 -1.20370621524202e-36
1.77633778032469 9.94262579483767e-11 7.45815762371036e-11 -0.1962 -3.00926553810506e-37
1.80325198911748 9.96672259638621e-11 -5.68342529376194e-11 -0.1962 3.00926553810506e-37
1.83016619791028 9.63669600480851e-11 -1.8623072837781e-10 -0.1962 6.01853107621011e-37
1.85708040670308 8.96427205494715e-11 -3.09010318798903e-10 -0.1962 1.20370621524202e-36
1.88399461549588 7.97334235695195e-11 -4.20810594651358e-10 -0.1962 1.20370621524202e-36
1.91090882428868 6.69911521361351e-11 -5.17659227754627e-10 -0.1962 0
1.93782303308147 5.1868646490906e-11 -5.96115130404855e-10 -0.1962 1.20370621524202e-36
1.96473724187427 3.49032179676103e-11 -6.53390719202523e-10 -0.1962 6.01853107621011e-37
1.99165145066707 1.66976580111194e-11 -6.87450959495852e-10 -0.1962 3.00926553810506e-37
2.01856565945987 -2.10117934975142e-12 -6.97085671333836e-10 -0.1962 0
2.04547986825267 -2.08253605983742e-11 -6.81952527856783e-10 -0.1962 0
2.07239407704547 -3.88096047927794e-11 -6.4258921836676e-10 -0.1962 -6.01853107621011e-37
2.09930828583826 -5.54149213806222e-11 -5.8039434391707e-10 -0.1962 0
2.12622249463106 -7.00513139014658e-11 -4.97577724211452e-10 -0.1962 0
2.15313670342386 -8.2198742900767e-11 -3.97081881437493e-10 -0.1962 0
2.18005091221666 -9.14256032311575e-11 -2.82477490758872e-10 -0.1962 0
2.20696512100946 -9.7404059231867e-11 -1.57836512170642e-10 -0.1962 0
2.23387932980226 -9.99216929185329e-11 -2.75875114157934e-11 -0.1962 -7.52316384526264e-38
2.26079353859505 -9.88890513165038e-11 1.03641689505759e-10 -0.1962 0
2.28770774738785 -9.43428247765401e-11 2.31188441517736e-10 -0.1962 6.01853107621011e-37
2.31462195618065 -8.64445433455238e-11 3.50520935074128e-10 -0.1962 1.20370621524202e-36
2.34153616497345 -7.54748375108762e-11 4.57399217961986e-10 -0.1962 1.20370621524202e-36
2.36845037376625 -6.18234672377408e-11 5.48025843245096e-10 -0.1962 1.20370621524202e-36
2.39536458255905 -4.59754735729805e-11 6.19180794740357e-10 -0.1962 0
2.42227879135184 -2.84939448574753e-11 6.68335896046996e-10 -0.1962 0
2.44919300014464 -1.00000098731191e-11 6.93744638109921e-10 -0.1962 0
2.47610720893744 8.84923122047401e-12 6.94504233692168e-10 -0.1962 -1.50463276905253e-37
2.50302141773024 2.73840540330276e-11 6.70587693925291e-10 -0.1962 0
2.52993562652304 4.49459056368467e-11 6.22844787239401e-10 -0.1962 0
2.55684983531583 6.09108033315621e-11 5.5297184660151e-10 -0.1962 0
2.58376404410863 7.47115051087912e-11 4.6345149782839e-10 -0.1962 -1.20370621524202e-36
2.61067825290143 8.58576640873389e-11 3.574644504617e-10 -0.1962 -1.20370621524202e-36
2.63759246169423 9.39532508202494e-11 2.38776485326375e-10 -0.1962 0
2.66450667048703 9.8710624449108e-11 1.11604654169416e-10 -0.1962 0
2.69142087927983 9.99607527493768e-11 -1.95325546170446e-11 -0.1962 7.52316384526264e-38
