0 1e-10 0 -0.1962 0
0.00269142087927982 9.9982234712078e-11 -1.32002467777833e-11 -0.1962 0
0.00538284175855965 9.99289451604213e-11 -2.63958034318736e-11 -0.1962 7.52316384526264e-38
0.00807426263783947 9.98401502791142e-11 -3.9581981505006e-11 -0.1962 1.50463276905253e-37
0.0107656835171193 9.97158816174896e-11 -5.27540958721792e-11 -0.1962 0
0.0134571043963991 9.95561833289184e-11 -6.59074664053077e-11 -0.1962 0
0.0161485252756789 9.93611121551222e-11 -7.90374196360983e-11 -0.1962 3.00926553810506e-37
0.0188399461549588 9.91307374060124e-11 -9.21392904165601e-11 -0.1962 0
0.0215313670342386 9.88651409350639e-11 -1.05208423576558e-10 -0.1962 0
0.0242227879135184 9.85644171102323e-11 -1.18240175577823e-10 -0.1962 0
0.0269142087927982 9.82286727804242e-11 -1.31229916163827e-10 -0.1962 3.00926553810506e-37
0.0296056296720781 9.78580272375333e-11 -1.44173030004938e-10 -0.1962 6.01853107621011e-37
0.0322970505513579 9.74526121740555e-11 -1.57064918338277e-10 -0.1962 0
0.0349884714306377 9.70125716362973e-11 -1.69901000601681e-10 -0.1962 0
0.0376798923099175 9.65380619731957e-11 -1.82676716061207e-10 -0.1962 1.20370621524202e-36
0.0403713131891973 9.60292517807665e-11 -1.95387525431583e-10 -0.1962 1.20370621524202e-36
0.0430627340684772 9.5486321842201e-11 -2.08028912489047e-10 -0.1962 6.01853107621011e-37
0.045754154947757 9.49094650636327e-11 -2.20596385675981e-10 -0.1962 6.01853107621011e-37
0.0484455758270368 9.4298886405597e-11 -2.33085479696794e-10 -0.1962 0
0.0511369967063166 9.36548028102069e-11 -2.45491757104462e-10 -0.1962 6.01853107621011e-37
0.0538284175855965 9.29774431240729e-11 -2.57810809877181e-10 -0.1962 -6.01853107621011e-37
0.0565198384648763 9.22670480169919e-11 -2.70038260984563e-10 -0.1962 -6.01853107621011e-37
0.0592112593441561 9.15238698964364e-11 -2.82169765942819e-10 -0.1962 1.20370621524202e-36
0.0619026802234359 9.07481728178719e-11 -2.94201014358377e-10 -0.1962 6.01853107621011e-37
0.0645941011027158 8.99402323909375e-11 -3.06127731459395e-10 -0.1962 6.01853107621011e-37
0.0672855219819956 8.91003356815192e-11 -3.17945679614608e-10 -0.1962 0
0.0699769428612754 8.82287811097544e-11 -3.29650659838983e-10 -0.1962 0
0.0726683637405552 8.73258783440012e-11 -3.41238513285644e-10 -0.1962 0
0.0753597846198351 8.63919481908116e-11 -3.52705122723533e-10 -0.1962 0
0.0780512054991149 8.5427322480947e-11 -3.64046414000287e-10 -0.1962 1.20370621524202e-36
0.0807426263783947 8.4432343951477e-11 -3.75258357489808e-10 -0.1962 0
0.0834340472576746 8.34073661240024e-11 -3.86336969524011e-10 -0.1962 0
0.0861254681369544 8.23527531790477e-11 -3.97278313808243e-10 -0.1962 1.20370621524202e-36
0.0888168890162342 8.12688798266652e-11 -4.08078502819877e-10 -0.1962 1.20370621524202e-36
0.091508309895514 8.01561311732984e-11 -4.18733699189563e-10 -0.1962 1.20370621524202e-36
0.0941997307747939 7.90149025849515e-11 -4.29240117064675e-10 -0.1962 0
0.0968911516540737 7.78455995467136e-11 -4.39594023454441e-10 -0.1962 -1.20370621524202e-36
0.0995825725333535 7.66486375186877e-11 -4.49791739556297e-10 -0.1962 -1.20370621524202e-36
0.102273993412633 7.54244417883748e-11 -4.59829642062991e-10 -0.1962 2.40741243048404e-36
0.104965414291913 7.41734473195675e-11 -4.69704164449959e-10 -0.1962 1.20370621524202e-36
0.107656835171193 7.28960985978042e-11 -4.79411798242535e-10 -0.1962 1.20370621524202e-36
0.110348256050473 7.15928494724414e-11 -4.88949094262532e-10 -0.1962 1.20370621524202e-36
0.113039676929753 7.02641629953979e-11 -4.98312663853754e-10 -0.1962 0
0.115731097809033 6.89105112566303e-11 -5.07499180086005e-10 -0.1962 1.20370621524202e-36
0.118422518688312 6.75323752163962e-11 -5.16505378937168e-10 -0.1962 1.20370621524202e-36
0.121113939567592 6.61302445343666e-11 -5.25328060452931e-10 -0.1962 0
0.123805360446872 6.4704617395647e-11 -5.33964089883744e-10 -0.1962 1.20370621524202e-36
0.126496781326152 6.32560003337691e-11 -5.42410398798623e-10 -0.1962 1.20370621524202e-36
0.129188202205432 6.17849080507168e-11 -5.5066398617537e-10 -0.1962 1.20370621524202e-36
0.131879623084711 6.02918632340494e-11 -5.58721919466865e-10 -0.1962 1.20370621524202e-36
0.134571043963991 5.8777396371188e-11 -5.66581335643006e-10 -0.1962 1.20370621524202e-36
0.137262464843271 5.72420455609297e-11 -5.7423944220797e-10 -0.1962 1.20370621524202e-36
0.139953885722551 5.56863563222589e-11 -5.81693518192394e-10 -0.1962 0
0.142645306601831 5.41108814005202e-11 -5.88940915120158e-10 -0.1962 1.20370621524202e-36
0.145336727481111 5.25161805710258e-11 -5.95979057949399e-10 -0.1962 1.20370621524202e-36
0.14802814836039 5.09028204401632e-11 -6.02805445987441e-10 -0.1962 1.20370621524202e-36
0.15071956923967 4.92713742440774e-11 -6.09417653779306e-10 -0.1962 0
0.15341099011895 4.76224216449965e-11 -6.15813331969488e-10 -0.1962 0
0.15610241099823 4.59565485252743e-11 -6.21990208136698e-10 -0.1962 1.20370621524202e-36
0.15879383187751 4.42743467792231e-11 -6.27946087601264e-10 -0.1962 0
0.161485252756789 4.257641410281e-11 -6.33678854204916e-10 -0.1962 1.20370621524202e-36
0.164176673636069 4.08633537812926e-11 -6.39186471062668e-10 -0.1962 -6.01853107621011e-37
0.166868094515349 3.91357744748675e-11 -6.44466981286534e-10 -0.1962 1.20370621524202e-36
0.169559515394629 3.73942900024106e-11 -6.49518508680826e-10 -0.1962 1.20370621524202e-36
0.172250936273909 3.5639519123383e-11 -6.54339258408771e-10 -0.1962 6.01853107621011e-37
0.174942357153189 3.38720853179829e-11 -6.5892751763023e-10 -0.1962 1.20370621524202e-36
0.177633778032468 3.20926165656189e-11 -6.63281656110281e-10 -0.1962 6.01853107621011e-37
0.180325198911748 3.03017451217859e-11 -6.67400126798449e-10 -0.1962 0
0.183016619791028 2.85001072934203e-11 -6.71281466378382e-10 -0.1962 6.01853107621011e-37
0.185708040670308 2.66883432128172e-11 -6.74924295787778e-10 -0.1962 6.01853107621011e-37
0.188399461549588 2.48670966101873e-11 -6.78327320708369e-10 -0.1962 0
0.191090882428867 2.30370145849363e-11 -6.81489332025806e-10 -0.1962 0
0.193782303308147 2.11987473757459e-11 -6.8440920625926e-10 -0.1962 0
0.196473724187427 1.93529481295413e-11 -6.87085905960601e-10 -0.1962 3.00926553810506e-37
0.199165145066707 1.75002726694234e-11 -6.89518480083012e-10 -0.1962 0
0.201856565945987 1.56413792616518e-11 -6.91706064318899e-10 -0.1962 3.00926553810506e-37
0.204547986825266 1.37769283817587e-11 -6.93647881406986e-10 -0.1962 0
0.207239407704546 1.19075824798779e-11 -6.9534324140848e-10 -0.1962 3.00926553810506e-37
0.209930828583826 1.00340057453729e-11 -6.9679154195221e-10 -0.1962 3.00926553810506e-37
0.212622249463106 8.15686387084636e-12 -6.97992268448653e-10 -0.1962 1.50463276905253e-37
0.215313670342386 6.27682381561572e-12 -6.98944994272769e-10 -0.1962 0
0.218005091221666 4.39455356873867e-12 -6.99649380915588e-10 -0.1962 7.52316384526264e-38
0.220696512100945 2.51072191167288e-12 -7.0010517810448e-10 -0.1962 1.50463276905253e-37
0.223387932980225 6.25998180654035e-13 -7.00312223892078e-10 -0.1962 0
0.226079353859505 -1.25894797112317e-12 -7.00270444713821e-10 -0.1962 0
0.228770774738785 -3.14344681143666e-12 -6.99979855414094e-10 -0.1962 -1.50463276905253e-37
0.231462195618065 -5.0268287669967e-12 -6.99440559240945e-10 -0.1962 -1.50463276905253e-37
0.234153616497344 -6.90842466134913e-12 -6.98652747809413e-10 -0.1962 -3.00926553810506e-37
0.236845037376624 -8.78756595263765e-12 -6.97616701033435e-10 -0.1962 -3.00926553810506e-37
0.239536458255904 -1.06635849711405e-11 -6.96332787026396e-10 -0.1962 0
0.242227879135184 -1.25358151564976e-11 -6.94801461970336e-10 -0.1962 -3.00926553810506e-37
0.244919300014464 -1.44035912945428e-11 -6.93023269953867e-10 -0.1962 0
0.247610720893744 -1.62662497536588e-11 -6.90998842778851e-10 -0.1962 -3.00926553810506e-37
0.250302141773023 -1.81231287205691e-11 -6.8872889973592e-10 -0.1962 -3.00926553810506e-37
0.252993562652303 -1.99735684354841e-11 -6.8621424734891e-10 -0.1962 0
0.255684983531583 -2.18169114265174e-11 -6.83455779088293e-10 -0.1962 0
0.258376404410863 -2.36525027432895e-11 -6.80454475053728e-10 -0.1962 -6.01853107621011e-37
0.261067825290143 -2.54796901896354e-11 -6.77211401625821e-10 -0.1962 0
0.263759246169422 -2.72978245553337e-11 -6.73727711087235e-10 -0.1962 0
0.266450667048702 -2.91062598467746e-11 -6.7000464121328e-10 -0.1962 -1.20370621524202e-36
0.269142087927982 -3.09043535164853e-11 -6.66043514832121e-10 -0.1962 -6.01853107621011e-37
0.271833508807262 -3.26914666914308e-11 -6.61845739354771e-10 -0.1962 0
0.274524929686542 -3.4466964400009e-11 -6.5741280627503e-10 -0.1962 0
0.277216350565822 -3.62302157976599e-11 -6.52746290639547e-10 -0.1962 0
0.279907771445101 -3.79805943910084e-11 -6.47847850488201e-10 -0.1962 0
0.282599192324381 -3.97174782604609e-11 -6.42719226264983e-10 -0.1962 -6.01853107621011e-37
0.285290613203661 -4.14402502811767e-11 -6.37362240199614e-10 -0.1962 -6.01853107621011e-37
0.287982034082941 -4.31482983423365e-11 -6.31778795660091e-10 -0.1962 0
0.290673454962221 -4.48410155646284e-11 -6.25970876476409e-10 -0.1962 0
0.2933648758415 -4.65178005158759e-11 -6.199405462357e-10 -0.1962 0
0.29605629672078 -4.81780574247302e-11 -6.13689947549024e-10 -0.1962 0
0.29874771760006 -4.98211963923511e-11 -6.07221301290087e-10 -0.1962 -1.20370621524202e-36
0.30143913847934 -5.14466336020014e-11 -6.00536905806155e-10 -0.1962 0
0.30413055935862 -5.30537915264807e-11 -5.93639136101435e-10 -0.1962 0
0.306821980237899 -5.46420991333235e-11 -5.86530442993223e-10 -0.1962 0
0.309513401117179 -5.62109920876911e-11 -5.79213352241116e-10 -0.1962 -1.20370621524202e-36
0.312204821996459 -5.77599129528823e-11 -5.71690463649592e-10 -0.1962 -1.20370621524202e-36
0.314896242875739 -5.92883113883944e-11 -5.63964450144289e-10 -0.1962 -2.40741243048404e-36
0.317587663755019 -6.07956443454621e-11 -5.56038056822295e-10 -0.1962 -1.20370621524202e-36
0.320279084634299 -6.22813762600058e-11 -5.479140999768e-10 -0.1962 -1.20370621524202e-36
0.322970505513578 -6.37449792429209e-11 -5.39595466096454e-10 -0.1962 0
0.325661926392858 -6.51859332676393e-11 -5.31085110839776e-10 -0.1962 0
0.328353347272138 -6.66037263548985e-11 -5.22386057984995e-10 -0.1962 -1.20370621524202e-36
0.331044768151418 -6.79978547546503e-11 -5.13501398355683e-10 -0.1962 -1.20370621524202e-36
0.333736189030698 -6.93678231250462e-11 -5.0443428872257e-10 -0.1962 0
0.336427609909977 -7.07131447084354e-11 -4.95187950681919e-10 -0.1962 0
0.339119030789257 -7.20333415043124e-11 -4.85765669510881e-10 -0.1962 0
0.341810451668537 -7.33279444391533e-11 -4.76170793000213e-10 -0.1962 -1.20370621524202e-36
0.344501872547817 -7.45964935330804e-11 -4.66406730264793e-10 -0.1962 -1.20370621524202e-36
0.347193293427097 -7.58385380632959e-11 -4.56476950532334e-10 -0.1962 -1.20370621524202e-36
0.349884714306377 -7.70536367242259e-11 -4.46384981910756e-10 -0.1962 1.20370621524202e-36
0.352576135185656 -7.8241357784319e-11 -4.36134410134625e-10 -0.1962 -1.20370621524202e-36
0.355267556064936 -7.94012792394433e-11 -4.25728877291119e-10 -0.1962 0
0.357958976944216 -8.05329889628264e-11 -4.15172080525978e-10 -0.1962 0
0.360650397823496 -8.16360848514866e-11 -4.04467770729883e-10 -0.1962 -1.20370621524202e-36
0.363341818702776 -8.27101749691027e-11 -3.93619751205745e-10 -0.1962 -1.20370621524202e-36
0.366033239582055 -8.37548776852708e-11 -3.82631876317367e-10 -0.1962 0
0.368724660461335 -8.47698218110999e-11 -3.71508050119972e-10 -0.1962 0
0.371416081340615 -8.57546467310976e-11 -3.60252224973063e-10 -0.1962 0
0.374107502219895 -8.67090025312989e-11 -3.4886840013613e-10 -0.1962 -1.20370621524202e-36
0.376798923099175 -8.76325501235923e-11 -3.37360620347691e-10 -0.1962 0
0.379490343978454 -8.85249613662e-11 -3.25732974388172e-10 -0.1962 0
0.382181764857734 -8.93859191802688e-11 -3.1398959362714e-10 -0.1962 -1.20370621524202e-36
0.384873185737014 -9.02151176625294e-11 -3.02134650555401e-10 -0.1962 -6.01853107621011e-37
0.387564606616294 -9.10122621939862e-11 -2.90172357302497e-10 -0.1962 0
0.390256027495574 -9.17770695445969e-11 -2.78106964140103e-10 -0.1962 0
0.392947448374854 -9.25092679739058e-11 -2.65942757971888e-10 -0.1962 0
0.395638869254133 -9.32085973275945e-11 -2.5368406081035e-10 -0.1962 -1.80555932286303e-36
0.398330290133413 -9.38748091299167e-11 -2.41335228241182e-10 -0.1962 6.01853107621011e-37
0.401021711012693 -9.45076666719827e-11 -2.28900647875706e-10 -0.1962 -6.01853107621011e-37
0.403713131891973 -9.51069450958634e-11 -2.16384737791929e-10 -0.1962 -1.20370621524202e-36
0.406404552771253 -9.56724314744841e-11 -2.03791944964776e-10 -0.1962 -6.01853107621011e-37
0.409095973650532 -9.62039248872779e-11 -1.91126743686054e-10 -0.1962 -6.01853107621011e-37
0.411787394529812 -9.67012364915749e-11 -1.78393633974708e-10 -0.1962 6.01853107621011e-37
0.414478815409092 -9.71641895896982e-11 -1.65597139977942e-10 -0.1962 0
0.417170236288372 -9.75926196917462e-11 -1.52741808363761e-10 -0.1962 -6.01853107621011e-37
0.419861657167652 -9.79863745740365e-11 -1.39832206705514e-10 -0.1962 -3.00926553810506e-37
0.422553078046932 -9.83453143331921e-11 -1.2687292185901e-10 -0.1962 -6.01853107621011e-37
0.425244498926211 -9.86693114358497e-11 -1.13868558332778e-10 -0.1962 0
0.427935919805491 -9.89582507639728e-11 -1.00823736652066e-10 -0.1962 -3.00926553810506e-37
0.430627340684771 -9.92120296557544e-11 -8.77430917171342e-11 -0.1962 3.00926553810506e-37
0.433318761564051 -9.94305579420929e-11 -7.46312711564519e-11 -0.1962 -6.01853107621011e-37
0.436010182443331 -9.96137579786298e-11 -6.1492933675368e-11 -0.1962 1.50463276905253e-37
0.43870160332261 -9.97615646733371e-11 -4.8332747400846e-11 -0.1962 -1.50463276905253e-37
0.44139302420189 -9.9873925509645e-11 -3.51553882228513e-11 -0.1962 -1.50463276905253e-37
0.44408444508117 -9.99508005651014e-11 -2.19655381329808e-11 -0.1962 -7.52316384526264e-38
0.44677586596045 -9.99921625255564e-11 -8.76788356092446e-12 -0.1962 0
0.44946728683973 -9.99979966948673e-11 4.4328862906504e-12 -0.1962 0
0.45215870771901 -9.99683010001202e-11 1.76320811121997e-11 -0.1962 7.52316384526264e-38
0.454850128598289 -9.99030859923663e-11 3.08250111537965e-11 -0.1962 2.25694915357879e-37
0.457541549477569 -9.98023748428735e-11 4.40069888914265e-11 -0.1962 0
0.460232970356849 -9.9666203334893e-11 5.71733306924918e-11 -0.1962 3.00926553810506e-37
0.462924391236129 -9.9494619850946e-11 7.03193584799328e-11 -0.1962 0
0.465615812115409 -9.92876853556321e-11 8.34404013943762e-11 -0.1962 3.00926553810506e-37
0.468307232994688 -9.90454733739693e-11 9.65317974537177e-11 -0.1962 3.00926553810506e-37
0.470998653873968 -9.87680699652694e-11 1.09588895209551e-10 -0.1962 0
0.473690074753248 -9.84555736925609e-11 1.22607055399856e-10 -0.1962 -3.00926553810506e-37
0.476381495632528 -9.8108095587569e-11 1.35581652597352e-10 -0.1962 3.00926553810506e-37
0.479072916511808 -9.77257591112654e-11 1.48508076852941e-10 -0.1962 0
0.481764337391087 -9.73087001100016e-11 1.6138173533365e-10 -0.1962 0
0.484455758270367 -9.68570667672426e-11 1.74198053954488e-10 -0.1962 6.01853107621011e-37
0.487147179149647 -9.63710195509156e-11 1.86952479003647e-10 -0.1962 -6.01853107621011e-37
0.489838600028927 -9.58507311563955e-11 1.99640478760461e-10 -0.1962 0
0.492530020908207 -9.52963864451449e-11 2.12257545105555e-10 -0.1962 0
0.495221441787487 -9.4708182379032e-11 2.247991951226e-10 -0.1962 0
0.497912862666766 -9.40863279503484e-11 2.37260972691125e-10 -0.1962 6.01853107621011e-37
0.500604283546046 -9.34310441075537e-11 2.49638450069801e-10 -0.1962 6.01853107621011e-37
0.503295704425326 -9.27425636767706e-11 2.61927229469638e-10 -0.1962 1.20370621524202e-36
0.505987125304606 -9.20211312790607e-11 2.74122944616554e-10 -0.1962 0
0.508678546183886 -9.12670032435093e-11 2.86221262302726e-10 -0.1962 0
0.511369967063166 -9.04804475161499e-11 2.98217883926215e-10 -0.1962 0
0.514061387942446 -8.96617435647619e-11 3.10108547018275e-10 -0.1962 0
0.516752808821725 -8.88111822795737e-11 3.21889026757839e-10 -0.1962 1.20370621524202e-36
0.519444229701005 -8.79290658699077e-11 3.33555137472617e-10 -0.1962 0
0.522135650580285 -8.7015707756804e-11 3.45102734126294e-10 -0.1962 0
0.524827071459565 -8.60714324616596e-11 3.56527713791282e-10 -0.1962 1.20370621524202e-36
0.527518492338845 -8.50965754909245e-11 3.67826017106518e-10 -0.1962 0
0.530209913218125 -8.4091483216894e-11 3.78993629719772e-10 -0.1962 1.20370621524202e-36
0.532901334097405 -8.30565127546408e-11 3.90026583713974e-10 -0.1962 0
0.535592754976685 -8.199203183513e-11 4.00920959017039e-10 -0.1962 1.20370621524202e-36
0.538284175855964 -8.08984186745621e-11 4.11672884794686e-10 -0.1962 2.40741243048404e-36
0.540975596735244 -7.97760618399905e-11 4.22278540825772e-10 -0.1962 0
0.543667017614524 -7.86253601112615e-11 4.32734158859638e-10 -0.1962 0
0.546358438493804 -7.74467223393256e-11 4.43036023954987e-10 -0.1962 1.20370621524202e-36
0.549049859373084 -7.62405673009704e-11 4.53180475799829e-10 -0.1962 0
0.551741280252364 -7.50073235500264e-11 4.63163910012007e-10 -0.1962 1.20370621524202e-36
0.554432701131644 -7.37474292651e-11 4.72982779419856e-10 -0.1962 1.20370621524202e-36
0.557124122010924 -7.24613320938856e-11 4.82633595322536e-10 -0.1962 1.20370621524202e-36
0.559815542890203 -7.11494889941141e-11 4.9211292872958e-10 -0.1962 1.20370621524202e-36
0.562506963769483 -6.98123660711929e-11 5.01417411579245e-10 -0.1962 1.20370621524202e-36
0.565198384648763 -6.84504384125964e-11 5.10543737935194e-10 -0.1962 1.20370621524202e-36
0.567889805528043 -6.70641899190642e-11 5.1948866516112e-10 -0.1962 -1.20370621524202e-36
0.570581226407323 -6.56541131326687e-11 5.2824901507287e-10 -0.1962 0
0.573272647286603 -6.4220709061812e-11 5.36821675067674e-10 -0.1962 1.20370621524202e-36
0.575964068165883 -6.27644870032145e-11 5.45203599230072e-10 -0.1962 0
0.578655489045163 -6.12859643609593e-11 5.53391809414142e-10 -0.1962 1.20370621524202e-36
0.581346909924442 -5.97856664626552e-11 5.61383396301654e-10 -0.1962 1.20370621524202e-36
0.584038330803722 -5.82641263727847e-11 5.69175520435768e-10 -0.1962 0
0.586729751683002 -5.67218847033036e-11 5.76765413229909e-10 -0.1962 0
0.589421172562282 -5.51594894215579e-11 5.8415037795146e-10 -0.1962 0
0.592112593441562 -5.35774956555881e-11 5.9132779067993e-10 -0.1962 0
0.594804014320842 -5.19764654968891e-11 5.98295101239247e-10 -0.1962 1.20370621524202e-36
0.597495435200122 -5.03569678006958e-11 6.05049834103848e-10 -0.1962 1.20370621524202e-36
0.600186856079401 -4.87195779838653e-11 6.11589589278249e-10 -0.1962 0
0.602878276958681 -4.70648778204285e-11 6.17912043149778e-10 -0.1962 0
0.605569697837961 -4.53934552348818e-11 6.24014949314166e-10 -0.1962 1.20370621524202e-36
0.608261118717241 -4.37059040932947e-11 6.29896139373712e-10 -0.1962 1.20370621524202e-36
0.610952539596521 -4.20028239923055e-11 6.35553523707719e-10 -0.1962 0
0.613643960475801 -4.02848200460811e-11 6.40985092214956e-10 -0.1962 1.80555932286303e-36
0.616335381355081 -3.85525026713166e-11 6.46188915027856e-10 -0.1962 0
0.619026802234361 -3.68064873703508e-11 6.51163143198207e-10 -0.1962 6.01853107621011e-37
0.62171822311364 -3.50473945124743e-11 6.55906009354096e-10 -0.1962 6.01853107621011e-37
0.62440964399292 -3.32758491135093e-11 6.60415828327866e-10 -0.1962 1.20370621524202e-36
0.6271010648722 -3.14924806137374e-11 6.64690997754868e-10 -0.1962 0
0.62979248575148 -2.96979226542558e-11 6.68729998642784e-10 -0.1962 0
0.63248390663076 -2.78928128518414e-11 6.72531395911342e-10 -0.1962 0
0.63517532751004 -2.60777925724018e-11 6.76093838902201e-10 -0.1962 6.01853107621011e-37
0.63786674838932 -2.42535067030938e-11 6.79416061858853e-10 -0.1962 6.01853107621011e-37
0.6405581692686 -2.24206034231918e-11 6.8249688437635e-10 -0.1962 0
0.643249590147879 -2.05797339737859e-11 6.85335211820712e-10 -0.1962 6.01853107621011e-37
0.645941011027159 -1.8731552426392e-11 6.87930035717852e-10 -0.1962 3.00926553810506e-37
0.648632431906439 -1.68767154505564e-11 6.90280434111899e-10 -0.1962 3.00926553810506e-37
0.651323852785719 -1.50158820805378e-11 6.92385571892768e-10 -0.1962 0
0.654015273664999 -1.31497134811478e-11 6.94244701092883e-10 -0.1962 3.00926553810506e-37
0.656706694544279 -1.12788727128362e-11 6.95857161152934e-10 -0.1962 0
0.659398115423559 -9.40402449610105e-12 6.97222379156576e-10 -0.1962 3.00926553810506e-37
0.662089536302839 -7.5258349753099e-12 6.98339870033991e-10 -0.1962 1.50463276905253e-37
0.664780957182118 -5.64497148201497e-12 6.99209236734235e-10 -0.1962 1.50463276905253e-37
0.667472378061398 -3.76210229784625e-12 6.99830170366314e-10 -0.1962 7.52316384526264e-38
0.670163798940678 -1.87789641706726e-12 7.00202450308932e-10 -0.1962 0
0.672855219819958 6.97669112245761e-15 7.00325944288882e-10 -0.1962 -1.46936793852786e-40
0.675546640699238 1.89184732045365e-12 7.00200608428041e-10 -0.1962 -3.76158192263132e-38
0.678238061578518 3.77604576553779e-12 6.99826487258964e-10 -0.1962 0
0.680929482457798 5.65890255981731e-12 6.99203713709055e-10 -0.1962 0
0.683620903337077 7.53974871343088e-12 6.98332509053344e-10 -0.1962 -1.50463276905253e-37
0.686312324216357 9.41791595090938e-12 6.9721318283586e-10 -0.1962 0
0.689003745095637 1.1292736948618e-11 6.95846132759655e-10 -0.1962 0
0.691695165974917 1.31635455718603e-11 6.94231844545493e-10 -0.1962 0
0.694386586854197 1.50296771115594e-11 6.92370891759272e-10 -0.1962 -3.00926553810506e-37
0.697078007733477 1.68904685204333e-11 6.90263935608233e-10 -0.1962 0
0.699769428612757 1.87452586485791e-11 6.8791172470603e-10 -0.1962 -3.00926553810506e-37
0.702460849492037 2.05933884783837e-11 6.85315094806741e-10 -0.1962 0
0.705152270371316 2.24342013586761e-11 6.82474968507922e-10 -0.1962 -6.01853107621011e-37
0.707843691250596 2.42670432380398e-11 6.79392354922801e-10 -0.1962 -6.01853107621011e-37
0.710535112129876 2.60912628972007e-11 6.76068349321736e-10 -0.1962 0
0.713226533009156 2.79062121804093e-11 6.72504132743059e-10 -0.1962 0
0.715917953888436 2.9711246225734e-11 6.68700971573445e-10 -0.1962 -6.01853107621011e-37
0.718609374767716 3.15057236941843e-11 6.64660217097956e-10 -0.1962 -1.20370621524202e-36
0.721300795646996 3.32890069975822e-11 6.60383305019927e-10 -0.1962 0
0.723992216526276 3.50604625251012e-11 6.55871754950847e-10 -0.1962 -6.01853107621011e-37
0.726683637405555 3.68194608683914e-11 6.51127169870436e-10 -0.1962 -1.20370621524202e-36
0.729375058284835 3.85653770452125e-11 6.46151235557093e-10 -0.1962 0
0.732066479164115 4.02975907214931e-11 6.40945719988934e-10 -0.1962 0
0.734757900043395 4.2015486431739e-11 6.35512472715617e-10 -0.1962 -6.01853107621011e-37
0.737449320922675 4.37184537977122e-11 6.29853424201183e-10 -0.1962 -1.20370621524202e-36
0.740140741801955 4.54058877453009e-11 6.23970585138158e-10 -0.1962 -1.20370621524202e-36
0.742832162681235 4.70771887195068e-11 6.17866045733137e-10 -0.1962 -1.20370621524202e-36
0.745523583560515 4.87317628974694e-11 6.11541974964123e-10 -0.1962 0
0.748215004439794 5.03690223994557e-11 6.05000619809877e-10 -0.1962 0
0.750906425319074 5.19883854977365e-11 5.98244304451553e-10 -0.1962 0
0.753597846198354 5.3589276823278e-11 5.91275429446904e-10 -0.1962 0
0.756289267077634 5.51711275701736e-11 5.84096470877349e-10 -0.1962 0
0.758980687956914 5.67333756977439e-11 5.76709979468207e-10 -0.1962 1.20370621524202e-36
0.761672108836194 5.82754661302331e-11 5.6911857968241e-10 -0.1962 0
0.764363529715474 5.97968509540305e-11 5.61324968788018e-10 -0.1962 -1.20370621524202e-36
0.767054950594753 6.12969896123474e-11 5.5333191589986e-10 -0.1962 -1.20370621524202e-36
0.769746371474033 6.27753490972801e-11 5.45142260995654e-10 -0.1962 1.20370621524202e-36
0.772437792353313 6.42314041391905e-11 5.36758913906948e-10 -0.1962 -1.20370621524202e-36
0.775129213232593 6.56646373933375e-11 5.28184853285237e-10 -0.1962 -2.40741243048404e-36
0.777820634111873 6.70745396236929e-11 5.19423125543634e-10 -0.1962 0
0.780512054991153 6.84606098838754e-11 5.10476843774458e-10 -0.1962 0
0.783203475870433 6.98223556951398e-11 5.0134918664314e-10 -0.1962 -1.20370621524202e-36
0.785894896749713 7.1159293221358e-11 4.92043397258818e-10 -0.1962 -1.20370621524202e-36
0.788586317628992 7.24709474409281e-11 4.82562782022049e-10 -0.1962 -1.20370621524202e-36
0.791277738508272 7.3756852315553e-11 4.72910709450018e-10 -0.1962 -1.20370621524202e-36
0.793969159387552 7.50165509558258e-11 4.63090608979692e-10 -0.1962 0
0.796660580266832 7.62495957835657e-11 4.53105969749317e-10 -0.1962 -1.20370621524202e-36
0.799352001146112 7.74555486908451e-11 4.42960339358706e-10 -0.1962 -1.20370621524202e-36
0.802043422025392 7.86339811956515e-11 4.32657322608761e-10 -0.1962 0
0.804734842904672 7.97844745941301e-11 4.22200580220663e-10 -0.1962 0
0.807426263783952 8.09066201093514e-11 4.11593827535195e-10 -0.1962 0
0.810117684663231 8.2000019036552e-11 4.00840833192667e-10 -0.1962 0
0.812809105542511 8.30642828847967e-11 3.89945417793887e-10 -0.1962 0
0.815500526421791 8.40990335150119e-11 3.78911452542688e-10 -0.1962 0
0.818191947301071 8.510390327434e-11 3.67742857870463e-10 -0.1962 -1.20370621524202e-36
0.820883368180351 8.60785351267691e-11 3.56443602043211e-10 -0.1962 0
0.823574789059631 8.70225827799896e-11 3.45017699751594e-10 -0.1962 0
0.826266209938911 8.79357108084341e-11 3.33469210684492e-10 -0.1962 1.20370621524202e-36
0.828957630818191 8.8817594772456e-11 3.21802238086572e-10 -0.1962 0
0.83164905169747 8.96679213336045e-11 3.1002092730038e-10 -0.1962 -1.20370621524202e-36
0.83434047257675 9.04863883659559e-11 2.98129464293483e-10 -0.1962 -6.01853107621011e-37
0.83703189345603 9.12727050634605e-11 2.86132074171161e-10 -0.1962 -1.20370621524202e-36
0.83972331433531 9.20265920432677e-11 2.74033019675213e-10 -0.1962 -6.01853107621011e-37
0.84241473521459 9.27477814449924e-11 2.61836599669371e-10 -0.1962 -1.20370621524202e-36
0.84510615609387 9.34360170258873e-11 2.49547147611896e-10 -0.1962 0
0.84779757697315 9.40910542518872e-11 2.37169030015873e-10 -0.1962 -6.01853107621011e-37
0.850488997852429 9.47126603844938e-11 2.24706644897762e-10 -0.1962 -6.01853107621011e-37
0.853180418731709 9.53006145634687e-11 2.12164420214759e-10 -0.1962 -6.01853107621011e-37
0.855871839610989 9.58547078853064e-11 1.99546812291518e-10 -0.1962 -6.01853107621011e-37
0.858563260490269 9.63747434774589e-11 1.86858304236792e-10 -0.1962 -6.01853107621011e-37
0.861254681369549 9.68605365682859e-11 1.74103404350558e-10 -0.1962 -6.01853107621011e-37
0.863946102248829 9.73119145527045e-11 1.61286644522194e-10 -0.1962 -6.01853107621011e-37
0.866637523128109 9.77287170535179e-11 1.48412578620273e-10 -0.1962 0
0.869328944007389 9.81107959783973e-11 1.35485780874543e-10 -0.1962 -3.00926553810506e-37
0.872020364886668 9.84580155725004e-11 1.22510844250681e-10 -0.1962 0
0.874711785765948 9.87702524667062e-11 1.09492378818386e-10 -0.1962 3.00926553810506e-37
0.877403206645228 9.90473957214481e-11 9.64350101133913e-11 -0.1962 0
0.880094627524508 9.92893468661317e-11 8.33433774939884e-11 -0.1962 -3.00926553810506e-37
0.882786048403788 9.94960199341221e-11 7.02221324926341e-11 -0.1962 0
0.885477469283068 9.96673414932882e-11 5.70759371632353e-11 -0.1962 0
0.888168890162348 9.98032506720933e-11 4.3909462424694e-11 -0.1962 0
0.890860311041628 9.99036991812237e-11 3.07273864013033e-11 -0.1962 0
0.893551731920907 9.99686513307456e-11 1.75343927605824e-11 -0.1962 0
0.896243152800187 9.99980840427864e-11 4.33516904914296e-12 -0.1962 -1.88079096131566e-38
0.898934573679467 9.99919868597338e-11 -8.86559497282346e-12 -0.1962 3.76158192263132e-38
0.901625994558747 9.99503619479522e-11 -2.20632089978441e-11 -0.1962 0
0.904317415438027 9.98732240970123e-11 -3.52529838376581e-11 -0.1962 1.50463276905253e-37
0.907008836317307 9.9760600714437e-11 -4.84302330893124e-11 -0.1962 0
0.909700257196587 9.96125318159624e-11 -6.15902748002675e-11 -0.1962 1.50463276905253e-37
0.912391678075867 9.9429070011321e-11 -7.47284331319223e-11 -0.1962 0
0.915083098955146 9.92102804855482e-11 -8.78400400209661e-11 -0.1962 3.00926553810506e-37
0.917774519834426 9.89562409758225e-11 -1.00920436837969e-10 -0.1962 0
0.920465940713706 9.86670417438447e-11 -1.13964976042619e-10 -0.1962 3.00926553810506e-37
0.923157361592986 9.83427855437671e-11 -1.26969022835021e-10 -0.1962 0
0.925848782472266 9.79835875856848e-11 -1.39927956802466e-10 -0.1962 6.01853107621011e-37
0.928540203351546 9.75895754947008e-11 -1.52837173561093e-10 -0.1962 6.01853107621011e-37
0.931231624230826 9.71608892655799e-11 -1.65692086391849e-10 -0.1962 -6.01853107621011e-37
0.933923045110105 9.66976812130079e-11 -1.78488127870183e-10 -0.1962 6.01853107621011e-37
0.936614465989385 9.62001159174732e-11 -1.91220751488872e-10 -0.1962 1.20370621524202e-36
0.939305886868665 9.56683701667905e-11 -2.03885433273423e-10 -0.1962 6.01853107621011e-37
0.941997307747945 9.5102632893287e-11 -2.16477673389471e-10 -0.1962 0
0.944688728627225 9.45031051066738e-11 -2.2899299774159e-10 -0.1962 0
0.947380149506505 9.38699998226258e-11 -2.41426959562969e-10 -0.1962 6.01853107621011e-37
0.950071570385785 9.32035419870961e-11 -2.53775140995372e-10 -0.1962 6.01853107621011e-37
0.952762991265065 9.25039683963915e-11 -2.66033154658832e-10 -0.1962 6.01853107621011e-37
0.955454412144344 9.17715276130372e-11 -2.78196645210505e-10 -0.1962 0
0.958145833023624 9.10064798774612e-11 -2.90261290892157e-10 -0.1962 6.01853107621011e-37
0.960837253902904 9.02090970155295e-11 -3.02222805065702e-10 -0.1962 6.01853107621011e-37
0.963528674782184 8.93796623419645e-11 -3.14076937736276e-10 -0.1962 1.20370621524202e-36
0.966220095661464 8.85184705596821e-11 -3.2581947706228e-10 -0.1962 0
0.968911516540744 8.76258276550816e-11 -3.37446250851871e-10 -0.1962 1.20370621524202e-36
0.971602937420024 8.67020507893273e-11 -3.48953128045371e-10 -0.1962 0
0.974294358299304 8.5747468185659e-11 -3.60336020183052e-10 -0.1962 0
0.976985779178583 8.47624190127727e-11 -3.71590882857788e-10 -0.1962 0
0.979677200057863 8.3747253264312e-11 -3.82713717152061e-10 -0.1962 1.20370621524202e-36
0.982368620937143 8.2702331634513e-11 -3.93700571058797e-10 -0.1962 1.20370621524202e-36
0.985060041816423 8.1628025390048e-11 -4.04547540885534e-10 -0.1962 1.20370621524202e-36
0.987751462695703 8.05247162381118e-11 -4.15250772641432e-10 -0.1962 0
0.990442883574983 7.93927961907995e-11 -4.25806463406615e-10 -0.1962 1.20370621524202e-36
0.993134304454263 7.8232667425822e-11 -4.36210862683369e-10 -0.1962 1.20370621524202e-36
0.995825725333543 7.70447421436101e-11 -4.46460273728717e-10 -0.1962 0
0.998517146212822 7.58294424208571e-11 -4.56551054867895e-10 -0.1962 1.20370621524202e-36
1.0012085670921 7.45872000605528e-11 -4.66479620788258e-10 -0.1962 1.20370621524202e-36
1.00389998797138 7.3318456438561e-11 -4.76242443813159e-10 -0.1962 0
1.00659140885066 7.20236623467968e-11 -4.85836055155361e-10 -0.1962 1.20370621524202e-36
1.00928282972994 7.07032778330569e-11 -4.95257046149508e-10 -0.1962 0
1.01197425060922 6.93577720375623e-11 -5.04502069463251e-10 -0.1962 1.20370621524202e-36
1.0146656714885 6.79876230262703e-11 -5.1356784028657e-10 -0.1962 1.20370621524202e-36
1.01735709236778 6.65933176210145e-11 -5.22451137498885e-10 -0.1962 1.20370621524202e-36
1.02004851324706 6.51753512265343e-11 -5.31148804813543e-10 -0.1962 0
1.02273993412634 6.37342276544551e-11 -5.39657751899264e-10 -0.1962 1.20370621524202e-36
1.02543135500562 6.22704589442806e-11 -5.47974955478148e-10 -0.1962 1.20370621524202e-36
1.0281227758849 6.07845651814625e-11 -5.5609746039987e-10 -0.1962 1.20370621524202e-36
1.03081419676418 5.92770743126112e-11 -5.64022380691659e-10 -0.1962 1.20370621524202e-36
1.03350561764346 5.77485219579132e-11 -5.717469005837e-10 -0.1962 1.20370621524202e-36
1.03619703852274 5.61994512208222e-11 -5.79268275509593e-10 -0.1962 0
1.03888845940202 5.46304124950913e-11 -5.86583833081516e-10 -0.1962 0
1.0415798802813 5.3041963269215e-11 -5.93690974039739e-10 -0.1962 1.20370621524202e-36
1.04427130116058 5.14346679283502e-11 -6.00587173176152e-10 -0.1962 0
1.04696272203986 4.98090975537871e-11 -6.0726998023149e-10 -0.1962 1.20370621524202e-36
1.04965414291914 4.81658297200405e-11 -6.13737020765925e-10 -0.1962 1.20370621524202e-36
1.05234556379842 4.65054482896343e-11 -6.19985997002715e-10 -0.1962 1.20370621524202e-36
1.0550369846777 4.4828543205652e-11 -6.26014688644617e-10 -0.1962 1.20370621524202e-36
1.05772840555698 4.31357102821264e-11 -6.31820953662777e-10 -0.1962 6.01853107621011e-37
1.06041982643626 4.14275509923431e-11 -6.37402729057798e-10 -0.1962 0
1.06311124731554 3.97046722551342e-11 -6.4275803159274e-10 -0.1962 -6.01853107621011e-37
1.06580266819482 3.79676862192361e-11 -6.47884958497774e-10 -0.1962 0
1.0684940890741 3.62172100457897e-11 -6.52781688146247e-10 -0.1962 6.01853107621011e-37
1.07118550995338 3.44538656890594e-11 -6.57446480701918e-10 -0.1962 0
1.07387693083266 3.26782796754493e-11 -6.61877678737131e-10 -0.1962 6.01853107621011e-37
1.07656835171194 3.08910828808946e-11 -6.66073707821705e-10 -0.1962 6.01853107621011e-37
1.07925977259122 2.9092910306708e-11 -6.70033077082346e-10 -0.1962 6.01853107621011e-37
1.0819511934705 2.72844008539596e-11 -6.73754379732354e-10 -0.1962 0
1.08464261434978 2.54661970964722e-11 -6.77236293571471e-10 -0.1962 6.01853107621011e-37
1.08733403522906 2.36389450525109e-11 -6.80477581455657e-10 -0.1962 6.01853107621011e-37
1.09002545610834 2.1803293955249e-11 -6.83477091736663e-10 -0.1962 6.01853107621011e-37
1.09271687698762 1.99598960220919e-11 -6.86233758671213e-10 -0.1962 6.01853107621011e-37
1.0954082978669 1.81094062229403e-11 -6.88746602799673e-10 -0.1962 6.01853107621011e-37
1.09809971874618 1.62524820474757e-11 -6.91014731294052e-10 -0.1962 6.01853107621011e-37
1.10079113962546 1.43897832715508e-11 -6.93037338275236e-10 -0.1962 3.00926553810506e-37
1.10348256050474 1.25219717227667e-11 -6.94813705099318e-10 -0.1962 0
1.10617398138402 1.06497110453226e-11 -6.96343200612935e-10 -0.1962 3.00926553810506e-37
1.1088654022633 8.77366646421836e-12 -6.97625281377525e-10 -0.1962 0
1.11155682314258 6.89450454889674e-12 -6.98659491862408e-10 -0.1962 0
1.11424824402186 5.01289297640732e-12 -6.99445464606644e-10 -0.1962 0
1.11693966490114 3.12950029417694e-12 -6.99982920349592e-10 -0.1962 0
1.11963108578042 1.24499568247101e-12 -7.0027166813013e-10 -0.1962 3.76158192263132e-38
1.1223225066597 -6.39951283370144e-13 -7.0031160535451e-10 -0.1962 -1.88079096131566e-38
1.12501392753898 -2.52467087083519e-12 -7.00102717832805e-10 -0.1962 -7.52316384526264e-38
1.12770534841826 -4.40849342820167e-12 -6.99645079783956e-10 -0.1962 0
1.13039676929754 -6.29074962246707e-12 -6.98938853809395e-10 -0.1962 1.50463276905253e-37
1.13308819017682 -8.1707706771667e-12 -6.97984290835279e-10 -0.1962 -3.00926553810506e-37
1.1357796110561 -1.00478886099938e-11 -6.9678173002333e-10 -0.1962 0
1.13847103193538 -1.19214364701377e-11 -6.95331598650327e-10 -0.1962 -6.01853107621011e-37
1.14116245281466 -1.37907485752549e-11 -6.936344119563e-10 -0.1962 -3.00926553810506e-37
1.14385387369394 -1.565516074799e-11 -6.91690772961453e-10 -0.1962 -3.00926553810506e-37
1.14654529457322 -1.75140105519622e-11 -6.89501372251913e-10 -0.1962 -3.00926553810506e-37
1.1492367154525 -1.93666375271318e-11 -6.87066987734361e-10 -0.1962 -6.01853107621011e-37
1.15192813633178 -2.12123834244665e-11 -6.84388484359633e-10 -0.1962 0
1.15461955721105 -2.30505924398202e-11 -6.81466813815403e-10 -0.1962 -1.20370621524202e-36
1.15731097809033 -2.48806114469446e-11 -6.78303014188038e-10 -0.1962 0
1.16000239896961 -2.67017902295485e-11 -6.74898209593766e-10 -0.1962 -6.01853107621011e-37
1.16269381984889 -2.85134817123231e-11 -6.71253609779265e-10 -0.1962 0
1.16538524072817 -3.03150421908522e-11 -6.67370509691837e-10 -0.1962 -1.20370621524202e-36
1.16807666160745 -3.21058315603236e-11 -6.63250289019302e-10 -0.1962 -6.01853107621011e-37
1.17076808248673 -3.38852135429621e-11 -6.58894411699793e-10 -0.1962 0
1.17345950336601 -3.56525559141028e-11 -6.54304425401603e-10 -0.1962 6.01853107621011e-37
1.17615092424529 -3.74072307268242e-11 -6.49481960973295e-10 -0.1962 -6.01853107621011e-37
1.17884234512457 -3.91486145350611e-11 -6.44428731864252e-10 -0.1962 6.01853107621011e-37
1.18153376600385 -4.08760886151187e-11 -6.39146533515873e-10 -0.1962 -1.20370621524202e-36
1.18422518688313 -4.25890391855089e-11 -6.33637242723649e-10 -0.1962 -1.20370621524202e-36
1.18691660776241 -4.42868576250302e-11 -6.27902816970325e-10 -0.1962 0
1.18960802864169 -4.5968940689014e-11 -6.2194529373039e-10 -0.1962 -1.20370621524202e-36
1.19229944952097 -4.76346907236618e-11 -6.15766789746159e-10 -0.1962 0
1.19499087040025 -4.92835158783939e-11 -6.09369500275676e-10 -0.1962 -2.40741243048404e-36
1.19768229127953 -5.09148303161383e-11 -6.02755698312727e-10 -0.1962 0
1.20037371215881 -5.25280544214814e-11 -5.95927733779236e-10 -0.1962 -2.40741243048404e-36
1.20306513303809 -5.4122615006609e-11 -5.8888803269032e-10 -0.1962 0
1.20575655391737 -5.56979455149629e-11 -5.81639096292312e-10 -0.1962 0
1.20844797479665 -5.72534862225421e-11 -5.74183500174059e-10 -0.1962 0
1.21113939567593 -5.87886844367758e-11 -5.66523893351793e-10 -0.1962 0
1.21383081655521 -6.0302994692898e-11 -5.58662997327925e-10 -0.1962 -1.20370621524202e-36
1.21652223743449 -6.17958789477546e-11 -5.50603605124081e-10 -0.1962 -1.20370621524202e-36
1.21921365831377 -6.32668067709734e-11 -5.42348580288718e-10 -0.1962 -2.40741243048404e-36
1.22190507919305 -6.47152555334283e-11 -5.33900855879697e-10 -0.1962 0
1.22459650007233 -6.61407105929333e-11 -5.25263433422147e-10 -0.1962 0
1.22728792095161 -6.75426654770974e-11 -5.16439381842004e-10 -0.1962 0
1.22997934183089 -6.89206220632772e-11 -5.07431836375608e-10 -0.1962 0
1.23267076271017 -7.02740907555626e-11 -4.98243997455732e-10 -0.1962 -1.20370621524202e-36
1.23536218358945 -7.16025906587336e-11 -4.88879129574452e-10 -0.1962 0
1.23805360446873 -7.29056497491243e-11 -4.79340560123254e-10 -0.1962 -1.20370621524202e-36
1.24074502534801 -7.41828050423364e-11 -4.69631678210791e-10 -0.1962 0
1.24343644622729 -7.54336027577398e-11 -4.59755933458713e-10 -0.1962 0
1.24612786710657 -7.66575984797035e-11 -4.49716834776002e-10 -0.1962 -1.20370621524202e-36
1.24881928798585 -7.78543573154993e-11 -4.39517949112227e-10 -0.1962 -1.20370621524202e-36
1.25151070886513 -7.90234540498213e-11 -4.29162900190196e-10 -0.1962 -1.20370621524202e-36
1.25420212974441 -8.01644732958677e-11 -4.18655367218418e-10 -0.1962 0
1.25689355062369 -8.12770096429297e-11 -4.07999083583866e-10 -0.1962 -1.20370621524202e-36
1.25958497150297 -8.2360667800437e-11 -3.97197835525479e-10 -0.1962 1.20370621524202e-36
1.26227639238225 -8.34150627384058e-11 -3.8625546078889e-10 -0.1962 0
1.26496781326153 -8.44398198242431e-11 -3.75175847262855e-10 -0.1962 0
1.26765923414081 -8.54345749558553e-11 -3.63962931597859e-10 -0.1962 0
1.27035065502009 -8.63989746910158e-11 -3.52620697807408e-10 -0.1962 0
1.27304207589937 -8.73326763729454e-11 -3.41153175852482e-10 -0.1962 0
1.27573349677865 -8.82353482520598e-11 -3.29564440209665e-10 -0.1962 1.20370621524202e-36
1.27842491765793 -8.91066696038424e-11 -3.17858608423465e-10 -0.1962 -1.20370621524202e-36
1.28111633853721 -8.99463308427993e-11 -3.06039839643322e-10 -0.1962 -1.20370621524202e-36
1.28380775941649 -9.07540336324573e-11 -2.94112333145843e-10 -0.1962 -1.20370621524202e-36
1.28649918029577 -9.15294909913641e-11 -2.82080326842769e-10 -0.1962 0
1.28919060117505 -9.22724273950547e-11 -2.69948095775225e-10 -0.1962 0
1.29188202205433 -9.29825788739467e-11 -2.57719950594773e-10 -0.1962 -6.01853107621011e-37
1.29457344293361 -9.36596931071302e-11 -2.45400236031809e-10 -0.1962 -6.01853107621011e-37
1.29726486381289 -9.43035295120191e-11 -2.32993329351861e-10 -0.1962 -6.01853107621011e-37
1.29995628469217 -9.49138593298313e-11 -2.20503638800317e-10 -0.1962 6.01853107621011e-37
1.30264770557145 -9.54904657068678e-11 -2.0793560203615e-10 -0.1962 -6.01853107621011e-37
1.30533912645073 -9.60331437715627e-11 -1.95293684555194e-10 -0.1962 6.01853107621011e-37
1.30803054733001 -9.65417007072745e-11 -1.8258237810353e-10 -0.1962 -6.01853107621011e-37
1.31072196820929 -9.70159558207955e-11 -1.69806199081536e-10 -0.1962 0
1.31341338908857 -9.74557406065529e-11 -1.5696968693919e-10 -0.1962 -6.01853107621011e-37
1.31610480996785 -9.78608988064798e-11 -1.44077402563173e-10 -0.1962 0
1.31879623084713 -9.82312864655347e-11 -1.31133926656365e-10 -0.1962 0
1.32148765172641 -9.85667719828496e-11 -1.1814385811029e-10 -0.1962 0
1.32417907260569 -9.88672361584881e-11 -1.05111812371103e-10 -0.1962 -3.00926553810506e-37
1.32687049348497 -9.91325722357986e-11 -9.20424197997013e-11 -0.1962 0
1.32956191436425 -9.93626859393448e-11 -7.89403240265238e-11 -0.1962 -3.00926553810506e-37
1.33225333524353 -9.95574955084028e-11 -6.58101803016467e-11 -0.1962 -1.50463276905253e-37
1.33494475612281 -9.97169317260109e-11 -5.26566538407444e-11 -0.1962 -3.00926553810506e-37
1.33763617700209 -9.98409379435628e-11 -3.94844181675124e-11 -0.1962 -1.50463276905253e-37
1.34032759788137 -9.99294701009354e-11 -2.62981534531369e-11 -0.1962 0
1.34301901876065 -9.99824967421434e-11 -1.31025448534031e-11 -0.1962 -7.52316384526264e-38
1.34571043963993 -9.99999990265157e-11 9.77191559672293e-14 -0.1962 0
1.34840186051921 -9.998197073539e-11 1.32979484451588e-11 -0.1962 3.76158192263132e-38
1.35109328139849 -9.99284182743219e-11 2.64934528966923e-11 -0.1962 7.52316384526264e-38
1.35378470227777 -9.98393606708093e-11 3.96795440718508e-11 -0.1962 1.50463276905253e-37
1.35647612315705 -9.97148295675314e-11 5.28515368765082e-11 -0.1962 1.50463276905253e-37
1.35916754403633 -9.95548692111063e-11 6.60047512257711e-11 -0.1962 3.00926553810506e-37
1.3618589649156 -9.935953643637e-11 7.91345137068391e-11 -0.1962 3.00926553810506e-37
1.36455038579488 -9.91289006461819e-11 9.22361592394958e-11 -0.1962 0
1.36724180667416 -9.88630437867664e-11 1.05305032733638e-10 -0.1962 3.00926553810506e-37
1.36993322755344 -9.85620603185967e-11 1.18336490743258e-10 -0.1962 3.00926553810506e-37
1.37262464843272 -9.82260571828322e-11 1.31325903116283e-10 -0.1962 3.00926553810506e-37
1.375316069312 -9.78551537633218e-11 1.44268654639699e-10 -0.1962 0
1.37800749019128 -9.74494818441864e-11 1.57160146679359e-10 -0.1962 6.01853107621011e-37
1.38069891107056 -9.70091855629948e-11 1.69995798813906e-10 -0.1962 6.01853107621011e-37
1.38339033194984 -9.65344213595512e-11 1.82771050462225e-10 -0.1962 0
1.38608175282912 -9.6025357920311e-11 1.95481362503838e-10 -0.1962 -6.01853107621011e-37
1.3887731737084 -9.54821761184454e-11 2.08122218891686e-10 -0.1962 6.01853107621011e-37
1.39146459458768 -9.49050689495767e-11 2.20689128256703e-10 -0.1962 6.01853107621011e-37
1.39415601546696 -9.42942414632051e-11 2.33177625503625e-10 -0.1962 0
1.39684743634624 -9.3649910689854e-11 2.45583273397467e-10 -0.1962 6.01853107621011e-37
1.39953885722552 -9.29723055639575e-11 2.57901664140094e-10 -0.1962 1.20370621524202e-36
1.4022302781048 -9.22616668425187e-11 2.70128420936341e-10 -0.1962 6.01853107621011e-37
1.40492169898408 -9.15182470195676e-11 2.82259199549112e-10 -0.1962 6.01853107621011e-37
1.40761311986336 -9.07423102364481e-11 2.9428968984291e-10 -0.1962 6.01853107621011e-37
1.41030454074264 -8.99341321879676e-11 3.06215617315257e-10 -0.1962 6.01853107621011e-37
1.41299596162192 -8.90940000244404e-11 3.18032744615449e-10 -0.1962 0
1.4156873825012 -8.82222122496622e-11 3.29736873050106e-10 -0.1962 0
1.41837880338048 -8.73190786148494e-11 3.41323844074999e-10 -0.1962 1.20370621524202e-36
1.42107022425976 -8.63849200085832e-11 3.527895407726e-10 -0.1962 0
1.42376164513904 -8.54200683427956e-11 3.64129889314846e-10 -0.1962 0
1.42645306601832 -8.44248664348396e-11 3.753408604106e-10 -0.1962 1.20370621524202e-36
1.4291444868976 -8.33996678856837e-11 3.86418470737272e-10 -0.1962 0
1.43183590777688 -8.23448369542762e-11 3.97358784356124e-10 -0.1962 0
1.43452732865616 -8.12607484281211e-11 4.08157914110728e-10 -0.1962 0
1.43721874953544 -8.01477874901144e-11 4.18812023008095e-10 -0.1962 2.40741243048404e-36
1.43991017041472 -7.90063495816863e-11 4.29317325581984e-10 -0.1962 0
1.442601591294 -7.78368402622985e-11 4.39670089237897e-10 -0.1962 -1.20370621524202e-36
1.44529301217328 -7.66396750653469e-11 4.49866635579289e-10 -0.1962 1.20370621524202e-36
1.44798443305256 -7.54152793505196e-11 4.59903341714531e-10 -0.1962 1.20370621524202e-36
1.45067585393184 -7.41640881526648e-11 4.69776641544136e-10 -0.1962 1.20370621524202e-36
1.45336727481112 -7.28865460272199e-11 4.7948302702782e-10 -0.1962 1.20370621524202e-36
1.4560586956904 -7.15831068922588e-11 4.89019049430927e-10 -0.1962 0
1.45875011656968 -7.0254233867212e-11 4.98381320549785e-10 -0.1962 1.20370621524202e-36
1.46144153744896 -6.89003991083173e-11 5.07566513915553e-10 -0.1962 1.20370621524202e-36
1.46413295832824 -6.75220836408608e-11 5.16571365976136e-10 -0.1962 0
1.46682437920752 -6.61197771882648e-11 5.25392677255743e-10 -0.1962 0
1.4695158000868 -6.46939779980871e-11 5.34027313491679e-10 -0.1962 -1.20370621524202e-36
1.47220722096608 -6.32451926649904e-11 5.42472206747967e-10 -0.1962 1.20370621524202e-36
1.47489864184536 -6.17739359507461e-11 5.50724356505405e-10 -0.1962 1.20370621524202e-36
1.47759006272464 -6.02807306013372e-11 5.58780830727664e-10 -0.1962 0
1.48028148360392 -5.87661071612226e-11 5.6663876690306e-10 -0.1962 1.20370621524202e-36
1.4829729044832 -5.72306037848326e-11 5.7429537306162e-10 -0.1962 1.20370621524202e-36
1.48566432536248 -5.5674766045359e-11 5.81747928767086e-10 -0.1962 2.40741243048404e-36
1.48835574624176 -5.40991467409096e-11 5.88993786083502e-10 -0.1962 0
1.49104716712104 -5.25043056980965e-11 5.96030370516036e-10 -0.1962 2.40741243048404e-36
1.49373858800032 -5.08908095731261e-11 6.02855181925722e-10 -0.1962 0
1.4964300088796 -4.92592316504627e-11 6.09465795417765e-10 -0.1962 1.20370621524202e-36
1.49912142975888 -4.76101516391376e-11 6.15859862203124e-10 -0.1962 1.20370621524202e-36
1.50181285063816 -4.59441554667749e-11 6.22035110433051e-10 -0.1962 1.20370621524202e-36
1.50450427151744 -4.42618350714083e-11 6.2798934600629e-10 -0.1962 1.20370621524202e-36
1.50719569239672 -4.25637881911617e-11 6.33720453348654e-10 -0.1962 0
1.509887113276 -4.08506181518698e-11 6.39226396164702e-10 -0.1962 1.20370621524202e-36
1.51257853415528 -3.91229336527127e-11 6.44505218161247e-10 -0.1962 0
1.51526995503456 -3.73813485499418e-11 6.49555043742435e-10 -0.1962 6.01853107621011e-37
1.51796137591384 -3.56264816387729e-11 6.54374078676159e-10 -0.1962 0
1.52065279679312 -3.38589564335248e-11 6.58960610731555e-10 -0.1962 0
1.5233442176724 -3.20794009460811e-11 6.63313010287373e-10 -0.1962 -6.01853107621011e-37
1.52603563855168 -3.0288447462754e-11 6.67429730910989e-10 -0.1962 0
1.52872705943096 -2.84867323196292e-11 6.71309309907859e-10 -0.1962 0
1.53141848031024 -2.66748956764721e-11 6.74950368841225e-10 -0.1962 0
1.53410990118952 -2.48535812892754e-11 6.7835161402188e-10 -0.1962 0
1.5368013220688 -2.30234362815288e-11 6.81511836967827e-10 -0.1962 0
1.53949274294808 -2.11851109142923e-11 6.84429914833655e-10 -0.1962 6.01853107621011e-37
1.54218416382736 -1.93392583551548e-11 6.87104810809495e-10 -0.1962 0
1.54487558470664 -1.74865344461597e-11 6.89535574489402e-10 -0.1962 3.00926553810506e-37
1.54756700558592 -1.56275974707808e-11 6.91721342209045e-10 -0.1962 3.00926553810506e-37
1.5502584264652 -1.376310792003e-11 6.93661337352566e-10 -0.1962 3.00926553810506e-37
1.55294984734448 -1.18937282577811e-11 6.95354870628518e-10 -0.1962 0
1.55564126822376 -1.00201226853929e-11 6.96801340314778e-10 -0.1962 0
1.55833268910304 -8.14295690571439e-12 6.98000232472335e-10 -0.1962 1.50463276905253e-37
1.56102410998232 -6.26289788655651e-12 6.98951121127903e-10 -0.1962 1.50463276905253e-37
1.5637155308616 -4.38061362371503e-12 6.99653668425267e-10 -0.1962 1.50463276905253e-37
1.56640695174088 -2.49677290362754e-12 7.00107624745326e-10 -0.1962 0
1.56909837262016 -6.12045065749877e-13 7.00312828794787e-10 -0.1962 9.4039548065783e-39
1.57178979349943 1.27290023526407e-12 7.00269207663467e-10 -0.1962 0
1.57448121437871 3.15739326749451e-12 6.99976776850207e-10 -0.1962 0
1.57717263525799 5.04076445971535e-12 6.99435640257358e-10 -0.1962 0
1.57986405613727 6.92234463929672e-12 6.98645990153868e-10 -0.1962 0
1.58255547701655 8.80146526996584e-12 6.97608107106967e-10 -0.1962 0
1.58524689789583 1.06774586893418e-11 6.96322359882476e-10 -0.1962 0
1.58793831877511 1.254965834616e-11 6.94789205313788e-10 -0.1962 0
1.59062973965439 1.44173990371014e-11 6.93009188139552e-10 -0.1962 -3.00926553810506e-37
1.59332116053367 1.62800171431431e-11 6.90982940810118e-10 -0.1962 0
1.59601258141295 1.81368508653464e-11 6.88711183262831e-10 -0.1962 -6.01853107621011e-37
1.59870400229223 1.99872404599973e-11 6.8619472266623e-10 -0.1962 0
1.60139542317151 2.18305284730175e-11 6.83434453133254e-10 -0.1962 0
1.60408684405079 2.36660599735614e-11 6.80431355403565e-10 -0.1962 0
1.60677826493007 2.54931827867171e-11 6.77186496495078e-10 -0.1962 -6.01853107621011e-37
1.60946968580935 2.73112477252278e-11 6.73701029324849e-10 -0.1962 -6.01853107621011e-37
1.61216110668863 2.91196088201515e-11 6.69976192299434e-10 -0.1962 0
1.61485252756791 3.0917623550378e-11 6.66013308874878e-10 -0.1962 -6.01853107621011e-37
1.61754394844719 3.27046530709197e-11 6.61813787086482e-10 -0.1962 -6.01853107621011e-37
1.62023536932647 3.44800624398976e-11 6.5737911904852e-10 -0.1962 -6.01853107621011e-37
1.62292679020575 3.62432208441392e-11 6.52710880424082e-10 -0.1962 -1.20370621524202e-36
1.62561821108503 3.79935018233106e-11 6.47810729865233e-10 -0.1962 -6.01853107621011e-37
1.62830963196431 3.97302834925008e-11 6.42680408423685e-10 -0.1962 -1.20370621524202e-36
1.63100105284359 4.14529487631818e-11 6.37321738932187e-10 -0.1962 0
1.63369247372287 4.31608855624628e-11 6.31736625356868e-10 -0.1962 -1.20370621524202e-36
1.63638389460215 4.48534870505643e-11 6.25927052120744e-10 -0.1962 1.20370621524202e-36
1.63907531548143 4.65301518364305e-11 6.19895083398637e-10 -0.1962 0
1.64176673636071 4.81902841914083e-11 6.13642862383771e-10 -0.1962 0
1.64445815723999 4.9833294260912e-11 6.07172610526275e-10 -0.1962 -1.20370621524202e-36
1.64714957811927 5.14585982740028e-11 6.00486626743893e-10 -0.1962 -1.20370621524202e-36
1.64984099899855 5.30656187508056e-11 5.93587286605162e-10 -0.1962 0
1.65253241987783 5.46537847076911e-11 5.86477041485365e-10 -0.1962 0
1.65522384075711 5.62225318601495e-11 5.79158417695535e-10 -0.1962 0
1.65791526163639 5.7771302823284e-11 5.7163401558485e-10 -0.1962 0
1.66060668251567 5.92995473098528e-11 5.63906508616707e-10 -0.1962 0
1.66329810339495 6.08067223257896e-11 5.55978642418832e-10 -0.1962 0
1.66598952427423 6.22922923631322e-11 5.47853233807736e-10 -0.1962 -1.20370621524202e-36
1.66868094515351 6.37557295902918e-11 5.39533169787888e-10 -0.1962 -1.20370621524202e-36
1.67137236603279 6.51965140395945e-11 5.31021406525946e-10 -0.1962 -1.20370621524202e-36
1.67406378691207 6.66141337920287e-11 5.22320968300411e-10 -0.1962 -2.40741243048404e-36
1.67675520779135 6.80080851591332e-11 5.13434946427085e-10 -0.1962 0
1.67944662867063 6.93778728619603e-11 5.0436649816071e-10 -0.1962 0
1.68213804954991 7.07230102070512e-11 4.95118845573174e-10 -0.1962 -1.20370621524202e-36
1.68482947042919 7.20430192593614e-11 4.85695274408695e-10 -0.1962 -1.20370621524202e-36
1.68752089130847 7.33374310120734e-11 4.76099132916371e-10 -0.1962 -1.20370621524202e-36
1.69021231218775 7.46057855532377e-11 4.66333830660534e-10 -0.1962 0
1.69290373306703 7.5847632229182e-11 4.56402837309309e-10 -0.1962 -1.20370621524202e-36
1.69559515394631 7.70625298046313e-11 4.46309681401819e-10 -0.1962 -1.20370621524202e-36
1.69828657482559 7.82500466194812e-11 4.3605794909448e-10 -0.1962 0
1.70097799570487 7.9409760742169e-11 4.25651282886815e-10 -0.1962 0
1.70366941658415 8.05412601195888e-11 4.15093380327253e-10 -0.1962 -1.20370621524202e-36
1.70636083746343 8.16441427234962e-11 4.04387992699371e-10 -0.1962 0
1.70905225834271 8.27180166933511e-11 3.93538923689039e-10 -0.1962 0
1.71174367922199 8.37625004755481e-11 3.8255002803295e-10 -0.1962 -1.20370621524202e-36
1.71443510010127 8.4777222958985e-11 3.7142521014901e-10 -0.1962 -1.20370621524202e-36
1.71712652098055 8.576182360692e-11 3.60168422749075e-10 -0.1962 0
1.71981794185983 8.67159525850733e-11 3.48783665434529e-10 -0.1962 -1.20370621524202e-36
1.72250936273911 8.76392708859245e-11 3.37274983275205e-10 -0.1962 0
1.72520078361839 8.85314504491646e-11 3.25646465372145e-10 -0.1962 0
1.72789220449767 8.9392174278257e-11 3.13902243404723e-10 -0.1962 -1.20370621524202e-36
1.73058362537695 9.0221136553069e-11 3.02046490162633e-10 -0.1962 -6.01853107621011e-37
1.73327504625623 9.10180427385308e-11 2.90083418063271e-10 -0.1962 -1.20370621524202e-36
1.73596646713551 9.17826096892857e-11 2.78017277655044e-10 -0.1962 -6.01853107621011e-37
1.73865788801479 9.25145657502935e-11 2.65852356107121e-10 -0.1962 -6.01853107621011e-37
1.74134930889407 9.32136508533506e-11 2.53592975686178e-10 -0.1962 0
1.74404072977335 9.38796166094944e-11 2.41243492220673e-10 -0.1962 0
1.74673215065263 9.45122263972568e-11 2.28808293553197e-10 -0.1962 -6.01853107621011e-37
1.74942357153191 9.51112554467373e-11 2.16291797981443e-10 -0.1962 0
1.75211499241119 9.56764909194653e-11 2.03698452688363e-10 -0.1962 -6.01853107621011e-37
1.75480641329047 9.62077319840222e-11 1.91032732162057e-10 -0.1962 0
1.75749783416975 9.67047898873989e-11 1.78299136605964e-10 -0.1962 0
1.76018925504903 9.716748802206e-11 1.65502190339911e-10 -0.1962 -6.01853107621011e-37
1.76288067592831 9.75956619886937e-11 1.52646440192595e-10 -0.1962 -6.01853107621011e-37
1.76557209680759 9.79891596546241e-11 1.39736453886073e-10 -0.1962 -3.00926553810506e-37
1.76826351768687 9.83478412078647e-11 1.26776818412822e-10 -0.1962 -6.01853107621011e-37
1.77095493856615 9.8671579206794e-11 1.13772138405952e-10 -0.1962 0
1.77364635944543 9.89602586254369e-11 1.00727034503156e-10 -0.1962 0
1.77633778032471 9.92137768943335e-11 8.76461417049712e-11 -0.1962 -6.01853107621011e-37
1.77902920120399 9.9432043936983e-11 7.45341077279335e-11 -0.1962 -3.00926553810506e-37
1.78172062208326 9.96149822018484e-11 6.13955913532199e-11 -0.1962 0
1.78441204296254 9.97625266899106e-11 4.82352607713557e-11 -0.1962 -1.50463276905253e-37
1.78710346384182 9.98746249777634e-11 3.50577919235796e-11 -0.1962 0
1.7897948847211 9.99512372362397e-11 2.1867866840455e-11 -0.1962 -7.52316384526264e-38
1.79248630560038 9.99923362445628e-11 8.67017197831711e-12 -0.1962 -3.76158192263132e-38
1.79517772647966 9.99979074000185e-11 -4.53060344585131e-12 -0.1962 0
1.79786914735894 9.9967948723143e-11 -1.77297691205262e-11 -0.1962 0
1.80056056823822 9.99024708584269e-11 -3.09226353061368e-11 -0.1962 -7.52316384526264e-38
1.8032519891175 9.98014970705324e-11 -4.4104514501357e-11 -0.1962 1.50463276905253e-37
1.80594340999678 9.9665063236028e-11 -5.72707231086017e-11 -0.1962 0
1.80863483087606 9.94932178306406e-11 -7.04165830981359e-11 -0.1962 3.00926553810506e-37
1.81132625175534 9.92860219120323e-11 -8.35374236702058e-11 -0.1962 3.00926553810506e-37
1.81401767263462 9.90435490981061e-11 -9.66285829146004e-11 -0.1962 3.00926553810506e-37
1.8167090935139 9.87658855408491e-11 -1.09685409467056e-10 -0.1962 0
1.81940051439318 9.84531298957221e-11 -1.22703264161911e-10 -0.1962 3.00926553810506e-37
1.82209193527246 9.81053932866068e-11 -1.35677521680429e-10 -0.1962 6.01853107621011e-37
1.82478335615174 9.77227992663228e-11 -1.48603572194204e-10 -0.1962 0
1.82747477703102 9.73054837727287e-11 -1.61476823003054e-10 -0.1962 0
1.8301661979103 9.68535950804224e-11 -1.74292700166837e-10 -0.1962 6.01853107621011e-37
1.83285761878958 9.63672937480585e-11 -1.87046650130596e-10 -0.1962 0
1.83554903966886 9.58467525613007e-11 -1.99734141342467e-10 -0.1962 -6.01853107621011e-37
1.83824046054814 9.52921564714302e-11 -2.12350665863762e-10 -0.1962 0
1.84093188142742 9.47037025296313e-11 -2.24891740970667e-10 -0.1962 0
1.8436233023067 9.40815998169781e-11 -2.3735291074698e-10 -0.1962 0
1.84631472318598 9.34260693701468e-11 -2.49729747667322e-10 -0.1962 1.80555932286303e-36
1.84900614406526 9.27373441028799e-11 -2.62017854170265e-10 -0.1962 0
1.85169756494454 9.20156687232309e-11 -2.74212864220807e-10 -0.1962 1.20370621524202e-36
1.85438898582382 9.12612996466179e-11 -2.86310444861653e-10 -0.1962 6.01853107621011e-37
1.8570804067031 9.04745049047178e-11 -2.98306297752738e-10 -0.1962 6.01853107621011e-37
1.85977182758238 8.96555640502331e-11 -3.10196160698454e-10 -0.1962 0
1.86246324846166 8.88047680575653e-11 -3.21975809162027e-10 -0.1962 1.20370621524202e-36
1.86515466934094 8.79224192194297e-11 -3.33641057766527e-10 -0.1962 1.20370621524202e-36
1.86784609022022 8.70088310394496e-11 -3.45187761781951e-10 -0.1962 1.20370621524202e-36
1.8705375110995 8.60643281207661e-11 -3.56611818597871e-10 -0.1962 1.20370621524202e-36
1.87322893197878 8.50892460507051e-11 -3.67909169181115e-10 -0.1962 0
1.87592035285806 8.4083931281541e-11 -3.79075799517967e-10 -0.1962 1.20370621524202e-36
1.87861177373734 8.30487410074004e-11 -3.90107742040366e-10 -0.1962 0
1.88130319461662 8.19840430373487e-11 -4.01001077035605e-10 -0.1962 1.20370621524202e-36
1.8839946154959 8.08902156647058e-11 -4.11751934039034e-10 -0.1962 1.20370621524202e-36
1.88668603637518 7.97676475326357e-11 -4.2235649320925e-10 -0.1962 1.20370621524202e-36
1.88937745725446 7.86167374960602e-11 -4.32810986685314e-10 -0.1962 0
1.89206887813374 7.74378944799426e-11 -4.43111699925494e-10 -0.1962 0
1.89476029901302 7.62315373339949e-11 -4.53254973027058e-10 -0.1962 1.20370621524202e-36
1.8974517198923 7.49980946838577e-11 -4.63237202026665e-10 -0.1962 1.20370621524202e-36
1.90014314077158 7.37380047788074e-11 -4.73054840180868e-10 -0.1962 0
1.90283456165086 7.24517153360434e-11 -4.82704399226297e-10 -0.1962 1.20370621524202e-36
1.90552598253014 7.11396833816116e-11 -4.92182450619057e-10 -0.1962 1.20370621524202e-36
1.90821740340942 6.98023750880209e-11 -5.0148562675291e-10 -0.1962 2.40741243048404e-36
1.9109088242887 6.84402656086086e-11 -5.10610622155803e-10 -0.1962 0
1.91360024516798 6.70538389087165e-11 -5.19554194664323e-10 -0.1962 1.20370621524202e-36
1.91629166604726 6.56435875937347e-11 -5.28313166575658e-10 -0.1962 1.20370621524202e-36
1.91898308692654 6.42100127340762e-11 -5.3688442577665e-10 -0.1962 0
1.92167450780582 6.27536236871438e-11 -5.45264926849547e-10 -0.1962 1.20370621524202e-36
1.9243659286851 6.12749379163525e-11 -5.53451692154059e-10 -0.1962 0
1.92705734956438 5.97744808072715e-11 -5.61441812885331e-10 -0.1962 1.20370621524202e-36
1.92974877044366 5.82527854809519e-11 -5.69232450107456e-10 -0.1962 0
1.93244019132294 5.67103926045058e-11 -5.76820835762167e-10 -0.1962 1.20370621524202e-36
1.93513161220222 5.5147850199004e-11 -5.84204273652345e-10 -0.1962 -1.20370621524202e-36
1.9378230330815 5.3565713444761e-11 -5.91380140399989e-10 -0.1962 0
1.94051445396078 5.19645444840761e-11 -5.98345886378322e-10 -0.1962 1.20370621524202e-36
1.94320587484006 5.03449122215013e-11 -6.05099036617687e-10 -0.1962 1.20370621524202e-36
1.94589729571934 4.87073921217062e-11 -6.11637191684916e-10 -0.1962 0
1.94858871659862 4.70525660050116e-11 -6.17958028535863e-10 -0.1962 0
1.9512801374779 4.53810218406662e-11 -6.24059301340797e-10 -0.1962 1.20370621524202e-36
1.95397155835718 4.36933535379368e-11 -6.29938842282358e-10 -0.1962 1.20370621524202e-36
1.95666297923646 4.199016073509e-11 -6.35594562325791e-10 -0.1962 -6.01853107621011e-37
1.95935440011574 4.02720485863361e-11 -6.41024451961197e-10 -0.1962 6.01853107621011e-37
1.96204582099502 3.85396275468154e-11 -6.46226581917522e-10 -0.1962 0
1.9647372418743 3.67935131556992e-11 -6.51199103848034e-10 -0.1962 0
1.96742866275358 3.50343258174856e-11 -6.55940250987058e-10 -0.1962 6.01853107621011e-37
1.97012008363286 3.3262690581566e-11 -6.60448338777715e-10 -0.1962 0
1.97281150451214 3.14792369201416e-11 -6.64721765470453e-10 -0.1962 6.01853107621011e-37
1.97550292539142 2.96845985045681e-11 -6.68759012692159e-10 -0.1962 -6.01853107621011e-37
1.9781943462707 2.78794129802091e-11 -6.72558645985647e-10 -0.1962 6.01853107621011e-37
1.98088576714998 2.60643217398763e-11 -6.76119315319329e-10 -0.1962 0
1.98357718802926 2.42399696959395e-11 -6.79439755566885e-10 -0.1962 0
1.98626860890854 2.24070050511853e-11 -6.82518786956776e-10 -0.1962 0
1.98896002978781 2.0566079068507e-11 -6.85355315491419e-10 -0.1962 0
1.99165145066709 1.87178458395072e-11 -6.8794833333589e-10 -0.1962 3.00926553810506e-37
1.99434287154637 1.68629620520951e-11 -6.90296919176019e-10 -0.1962 0
1.99703429242565 1.50020867571615e-11 -6.92400238545731e-10 -0.1962 0
1.99972571330493 1.31358811344145e-11 -6.94257544123544e-10 -0.1962 0
2.00241713418421 1.12650082574582e-11 -6.95868175998089e-10 -0.1962 3.00926553810506e-37
2.00510855506349 9.39013285819922e-12 -6.97231561902588e-10 -0.1962 1.50463276905253e-37
2.00779997594277 7.5119210906632e-12 -6.98347217418177e-10 -0.1962 0
2.01049139682205 5.63104029430673e-12 -6.99214746146028e-10 -0.1962 1.50463276905253e-37
2.01318281770133 3.74815875690768e-12 -6.99833839848187e-10 -0.1962 7.52316384526264e-38
2.01587423858061 1.86394547711876e-12 -7.00204278557098e-10 -0.1962 -3.76158192263132e-38
2.01856565945989 -2.09300732315981e-14 -7.00325930653753e-10 -0.1962 -5.87747175411144e-40
2.02125708033917 -1.90579818700641e-12 -7.00198752914463e-10 -0.1962 -3.76158192263132e-38
2.02394850121845 -3.78998915971096e-12 -6.99822790526211e-10 -0.1962 -7.52316384526264e-38
2.02663992209773 -5.67283352744264e-12 -6.99198177070597e-10 -0.1962 -1.50463276905253e-37
2.02933134297701 -7.55366230475535e-12 -6.9832513447638e-10 -0.1962 0
2.03202276385629 -9.43180722235388e-12 -6.97203972940621e-10 -0.1962 -3.00926553810506e-37
2.03471418473557 -1.13066009645338e-11 -6.95835090818469e-10 -0.1962 0
2.03740560561485 -1.31773774062827e-11 -6.94218974481625e-10 -0.1962 -3.00926553810506e-37
2.04009702649413 -1.5043471849958e-11 -6.92356198145531e-10 -0.1962 -3.00926553810506e-37
2.04278844737341 -1.6904221261458e-11 -6.90247423665344e-10 -0.1962 0
2.04547986825269 -1.8758964505802e-11 -6.87893400300781e-10 -0.1962 -3.00926553810506e-37
2.04817128913197 -2.06070425820347e-11 -6.85294964449898e-10 -0.1962 -6.01853107621011e-37
2.05086271001125 -2.24477988573735e-11 -6.82453039351918e-10 -0.1962 -6.01853107621011e-37
2.05355413089053 -2.42805793005141e-11 -6.79368634759191e-10 -0.1962 0
2.05624555176981 -2.6104732714011e-11 -6.76042846578431e-10 -0.1962 0
2.05893697264909 -2.7919610965652e-11 -6.72476856481331e-10 -0.1962 -6.01853107621011e-37
2.06162839352837 -2.97245692187436e-11 -6.68671931484705e-10 -0.1962 -6.01853107621011e-37
2.06431981440765 -3.15189661612246e-11 -6.64629423500316e-10 -0.1962 0
2.06701123528693 -3.33021642335285e-11 -6.6035076885453e-10 -0.1962 -6.01853107621011e-37
2.06970265616621 -3.50735298551118e-11 -6.55837487777979e-10 -0.1962 0
2.07239407704549 -3.68324336495687e-11 -6.51091183865421e-10 -0.1962 -1.20370621524202e-36
2.07508549792477 -3.85782506682526e-11 -6.46113543505967e-10 -0.1962 -1.20370621524202e-36
2.07777691880405 -4.03103606123235e-11 -6.40906335283899e-10 -0.1962 0
2.08046833968333 -4.20281480531442e-11 -6.35471409350284e-10 -0.1962 -6.01853107621011e-37
2.08315976056261 -4.3731002650945e-11 -6.29810696765604e-10 -0.1962 0
2.08585118144189 -4.54183193716816e-11 -6.23926208813637e-10 -0.1962 0
2.08854260232117 -4.70894987020069e-11 -6.17820036286837e-10 -0.1962 0
2.09123402320045 -4.87439468622812e-11 -6.11494348743465e-10 -0.1962 0
2.09392544407973 -5.03810760175464e-11 -6.04951393736732e-10 -0.1962 0
2.09661686495901 -5.20003044863862e-11 -5.98193496016228e-10 -0.1962 -1.20370621524202e-36
2.09930828583829 -5.36010569476013e-11 -5.91223056701928e-10 -0.1962 0
2.10199970671757 -5.51827646446246e-11 -5.84042552431061e-10 -0.1962 -2.40741243048404e-36
2.10469112759685 -5.6744865587603e-11 -5.76654534478141e-10 -0.1962 0
2.10738254847613 -5.82868047530763e-11 -5.6906162784849e-10 -0.1962 0
2.11007396935541 -5.98080342811798e-11 -5.61266530345559e-10 -0.1962 -1.20370621524202e-36
2.11276539023469 -6.13080136703023e-11 -5.53272011612376e-10 -0.1962 0
2.11545681111397 -6.27862099691292e-11 -5.45080912147485e-10 -0.1962 -1.20370621524202e-36
2.11814823199325 -6.42420979660035e-11 -5.36696142295692e-10 -0.1962 -1.20370621524202e-36
2.12083965287253 -6.56751603755363e-11 -5.28120681214009e-10 -0.1962 0
2.12353107375181 -6.70848880224013e-11 -5.19357575813141e-10 -0.1962 0
2.12622249463109 -6.84707800222476e-11 -5.10409939674896e-10 -0.1962 -1.20370621524202e-36
2.12891391551037 -6.98323439596672e-11 -5.01280951945921e-10 -0.1962 -1.20370621524202e-36
2.13160533638965 -7.11690960631526e-11 -4.91973856208123e-10 -0.1962 -1.20370621524202e-36
2.13429675726893 -7.24805613769839e-11 -4.82491959326213e-10 -0.1962 -1.20370621524202e-36
2.13698817814821 -7.3766273929983e-11 -4.72838630272754e-10 -0.1962 -1.20370621524202e-36
2.13967959902749 -7.50257769010762e-11 -4.63017298931147e-10 -0.1962 -1.20370621524202e-36
2.14237101990677 -7.62586227816051e-11 -4.53031454876972e-10 -0.1962 0
2.14506244078605 -7.7464373534329e-11 -4.42884646138125e-10 -0.1962 -1.20370621524202e-36
2.14775386166533 -7.86426007490623e-11 -4.32580477934181e-10 -0.1962 1.20370621524202e-36
2.15044528254461 -7.97928857948908e-11 -4.22122611395439e-10 -0.1962 0
2.15313670342389 -8.09148199689139e-11 -4.115147622621e-10 -0.1962 -1.20370621524202e-36
2.15582812430317 -8.2008004641459e-11 -4.00760699564047e-10 -0.1962 0
2.15851954518245 -8.30720513977168e-11 -3.89864244281683e-10 -0.1962 -1.20370621524202e-36
2.16121096606173 -8.41065821757477e-11 -3.78829267988316e-10 -0.1962 -1.20370621524202e-36
2.16390238694101 -8.51112294008089e-11 -3.67659691474568e-10 -0.1962 0
2.16659380782029 -8.60856361159562e-11 -3.56359483355292e-10 -0.1962 -1.20370621524202e-36
2.16928522869957 -8.70294561088725e-11 -3.44932658659506e-10 -0.1962 -1.20370621524202e-36
2.17197664957885 -8.79423540348796e-11 -3.33383277403825e-10 -0.1962 -1.20370621524202e-36
2.17466807045813 -8.88240055360873e-11 -3.21715443149914e-10 -0.1962 1.20370621524202e-36
2.17735949133741 -8.96740973566405e-11 -3.09933301546474e-10 -0.1962 0
2.18005091221669 -9.04923274540199e-11 -2.98041038856262e-10 -0.1962 -6.01853107621011e-37
2.18274233309597 -9.12784051063604e-11 -2.86042880468693e-10 -0.1962 -1.20370621524202e-36
2.18543375397525 -9.20320510157455e-11 -2.73943089398533e-10 -0.1962 -1.20370621524202e-36
2.18812517485453 -9.27529974074437e-11 -2.61745964771225e-10 -0.1962 -6.01853107621011e-37
2.19081659573381 -9.34409881250505e-11 -2.49455840295386e-10 -0.1962 -6.01853107621011e-37
2.19350801661309 -9.40957787215023e-11 -2.37077082723014e-10 -0.1962 0
2.19619943749237 -9.47171365459295e-11 -2.24614090297956e-10 -0.1962 -1.20370621524202e-36
2.19889085837164 -9.5304840826319e-11 -2.12071291193188e-10 -0.1962 -1.20370621524202e-36
2.20158227925092 -9.58586827479558e-11 -1.9945314193746e-10 -0.1962 0
2.2042737001302 -9.63784655276159e-11 -1.86764125831863e-10 -0.1962 0
2.20696512100948 -9.68640044834845e-11 -1.74008751356888e-10 -0.1962 -6.01853107621011e-37
2.20965654188876 -9.73151271007746e-11 -1.61191550570537e-10 -0.1962 -6.01853107621011e-37
2.21234796276804 -9.77316730930225e-11 -1.48317077498057e-10 -0.1962 0
2.21503938364732 -9.81134944590387e-11 -1.35389906513866e-10 -0.1962 0
2.2177308045266 -9.84604555354929e-11 -1.22414630716257e-10 -0.1962 0
2.22042222540588 -9.87724330451168e-11 -1.09395860295437e-10 -0.1962 -3.00926553810506e-37
2.22311364628516 -9.90493161405047e-11 -9.63382208955047e-11 -0.1962 -3.00926553810506e-37
2.22580506716444 -9.92910064434985e-11 -8.32463519709303e-11 -0.1962 -3.00926553810506e-37
2.22849648804372 -9.94974180801416e-11 -7.01249051381316e-11 -0.1962 0
2.231187908923 -9.9668477711191e-11 -5.69785425227274e-11 -0.1962 0
2.23387932980228 -9.98041245581748e-11 -4.38119351030573e-11 -0.1962 0
2.23657075068156 -9.99043104249871e-11 -3.06297610505568e-11 -0.1962 0
2.23926217156084 -9.99689997150124e-11 -1.74367040675754e-11 -0.1962 0
2.24195359244012 -9.99981694437736e-11 -4.23745172323057e-12 -0.1962 0
2.2446450133194 -9.99918092470981e-11 8.96330621211262e-12 -0.1962 0
2.24733643419868 -9.99499213848003e-11 2.2160879433144e-11 -0.1962 0
2.25002785507796 -9.9872520739879e-11 3.53505787661007e-11 -0.1962 0
2.25271927595724 -9.97596348132289e-11 4.85277178348576e-11 -0.1962 0
2.25541069683652 -9.96113037138699e-11 6.1687614726024e-11 -0.1962 0
2.2581021177158 -9.94275801446957e-11 7.48255936524537e-11 -0.1962 3.00926553810506e-37
2.26079353859508 -9.92085293837484e-11 8.79369866145802e-11 -0.1962 3.00926553810506e-37
2.26348495947436 -9.89542292610249e-11 1.01017135058983e-10 -0.1962 3.00926553810506e-37
2.26617638035364 -9.86647701308229e-11 1.14061391533598e-10 -0.1962 -3.00926553810506e-37
2.26886780123292 -9.83402548396384e-11 1.27065121338985e-10 -0.1962 3.00926553810506e-37
2.2715592221122 -9.7980798689623e-11 1.40023704175064e-10 -0.1962 0
2.27425064299148 -9.75865293976166e-11 1.52932535782732e-10 -0.1962 0
2.27694206387076 -9.71575870497693e-11 1.65787029579783e-10 -0.1962 0
2.27963348475004 -9.6694124051767e-11 1.7858261829055e-10 -0.1962 6.01853107621011e-37
2.28232490562932 -9.6196305074682e-11 1.91314755568681e-10 -0.1962 6.01853107621011e-37
2.2850163265086 -9.56643069964633e-11 2.03978917612485e-10 -0.1962 6.01853107621011e-37
2.28770774738788 -9.50983188390917e-11 2.1657060477226e-10 -0.1962 0
2.29039916826716 -9.44985417014186e-11 2.29085343149051e-10 -0.1962 6.01853107621011e-37
2.29309058914644 -9.3865188687715e-11 2.41518686184247e-10 -0.1962 6.01853107621011e-37
2.29578201002572 -9.31984848319536e-11 2.53866216239472e-10 -0.1962 6.01853107621011e-37
2.298473430905 -9.24986670178536e-11 2.66123546166193e-10 -0.1962 6.01853107621011e-37
2.30116485178428 -9.17659838947142e-11 2.78286320864505e-10 -0.1962 6.01853107621011e-37
2.30385627266356 -9.10006957890682e-11 2.90350218830519e-10 -0.1962 6.01853107621011e-37
2.30654769354284 -9.02030746121864e-11 3.02310953691819e-10 -0.1962 6.01853107621011e-37
2.30923911442212 -8.93734037634659e-11 3.14164275730433e-10 -0.1962 1.20370621524202e-36
2.3119305353014 -8.8511978029737e-11 3.25905973392783e-10 -0.1962 0
2.31462195618068 -8.76191034805232e-11 3.37531874786078e-10 -0.1962 1.20370621524202e-36
2.31731337705996 -8.66950973592936e-11 3.49037849160604e-10 -0.1962 1.20370621524202e-36
2.32000479793924 -8.57402879707437e-11 3.6041980837741e-10 -0.1962 0
2.32269621881852 -8.47550145641476e-11 3.71673708360845e-10 -0.1962 0
2.3253876396978 -8.37396272128202e-11 3.82795550535438e-10 -0.1962 1.20370621524202e-36
2.32807906057708 -8.26944866897346e-11 3.93781383246621e-10 -0.1962 0
2.33077048145636 -8.1619964339337e-11 4.0462730316477e-10 -0.1962 1.20370621524202e-36
2.33346190233564 -8.05164419456059e-11 4.15329456672083e-10 -0.1962 1.20370621524202e-36
2.33615332321492 -7.93843115964026e-11 4.25884041231791e-10 -0.1962 0
2.3388447440942 -7.82239755441593e-11 4.36287306739222e-10 -0.1962 0
2.34153616497348 -7.70358460629572e-11 4.46535556854235e-10 -0.1962 1.20370621524202e-36
2.34422758585276 -7.58203453020426e-11 4.56625150314549e-10 -0.1962 1.20370621524202e-36
2.34691900673204 -7.45779051358354e-11 4.66552502229509e-10 -0.1962 0
2.34961042761132 -7.33089670104811e-11 4.76314085353812e-10 -0.1962 1.20370621524202e-36
2.3523018484906 -7.20139817870028e-11 4.85906431340763e-10 -0.1962 2.40741243048404e-36
2.35499326936988 -7.06934095811074e-11 4.95326131974597e-10 -0.1962 -1.20370621524202e-36
2.35768469024916 -6.93477195997041e-11 5.04569840381434e-10 -0.1962 1.20370621524202e-36
2.36037611112844 -6.79773899741924e-11 5.13634272218449e-10 -0.1962 1.20370621524202e-36
2.36306753200772 -6.65829075905792e-11 5.22516206840813e-10 -0.1962 0
2.365758952887 -6.51647679164855e-11 5.31212488446009e-10 -0.1962 0
2.36845037376628 -6.37234748251037e-11 5.39720027195105e-10 -0.1962 1.20370621524202e-36
2.37114179464556 -6.22595404161687e-11 5.48035800310593e-10 -0.1962 1.20370621524202e-36
2.37383321552484 -6.07734848340061e-11 5.56156853150401e-10 -0.1962 1.20370621524202e-36
2.37652463640412 -5.92658360827216e-11 5.64080300257688e-10 -0.1962 0
2.3792160572834 -5.77371298385982e-11 5.71803326386072e-10 -0.1962 1.20370621524202e-36
2.38190747816268 -5.61879092597674e-11 5.79323187499897e-10 -0.1962 0
2.38459889904196 -5.46187247932219e-11 5.86637211749205e-10 -0.1962 0
2.38729031992124 -5.30301339792387e-11 5.93742800419064e-10 -0.1962 1.20370621524202e-36
2.38998174080052 -5.1422701253282e-11 6.00637428852902e-10 -0.1962 0
2.3926731616798 -4.97969977454554e-11 6.07318647349535e-10 -0.1962 1.20370621524202e-36
2.39536458255908 -4.81536010775769e-11 6.13784082033557e-10 -0.1962 1.20370621524202e-36
2.39805600343836 -4.6493095157946e-11 6.20031435698794e-10 -0.1962 0
2.40074742431764 -4.48160699738778e-11 6.26058488624514e-10 -0.1962 0
2.40343884519692 -4.31231213820772e-11 6.31863099364106e-10 -0.1962 1.20370621524202e-36
2.40613026607619 -4.14148508969277e-11 6.37443205505948e-10 -0.1962 0
2.40882168695547 -3.96918654767697e-11 6.42796824406197e-10 -0.1962 6.01853107621011e-37
2.41151310783475 -3.79547773082445e-11 6.47922053893227e-10 -0.1962 0
2.41420452871403 -3.62042035887815e-11 6.52817072943489e-10 -0.1962 0
2.41689594959331 -3.44407663073036e-11 6.57480142328527e-10 -0.1962 0
2.41958737047259 -3.26650920232317e-11 6.61909605232937e-10 -0.1962 0
2.42227879135187 -3.08778116438641e-11 6.66103887843041e-10 -0.1962 6.01853107621011e-37
2.42497021223115 -2.90795602002113e-11 6.70061499906075e-10 -0.1962 1.20370621524202e-36
2.42766163311043 -2.72709766213665e-11 6.73781035259685e-10 -0.1962 6.01853107621011e-37
2.43035305398971 -2.54527035074899e-11 6.77261172331539e-10 -0.1962 6.01853107621011e-37
2.43304447486899 -2.36253869014892e-11 6.80500674608897e-10 -0.1962 0
2.43573589574827 -2.17896760594771e-11 6.83498391077944e-10 -0.1962 0
2.43842731662755 -1.99462232200866e-11 6.86253256632758e-10 -0.1962 3.00926553810506e-37
2.44111873750683 -1.80956833727268e-11 6.88764292453742e-10 -0.1962 3.00926553810506e-37
2.44381015838611 -1.62387140248618e-11 6.9103060635541e-10 -0.1962 3.00926553810506e-37
2.44650157926539 -1.43759749683941e-11 6.93051393103383e-10 -0.1962 3.00926553810506e-37
2.44919300014467 -1.25081280452369e-11 6.94825934700491e-10 -0.1962 0
2.45188442102395 -1.0635836912158e-11 6.96353600641888e-10 -0.1962 0
2.45457584190323 -8.75976680497842e-12 6.97633848139066e-10 -0.1962 1.50463276905253e-37
2.45726726278251 -6.88058430221041e-12 6.98666222312719e-10 -0.1962 0
2.45995868366179 -4.9989570882184e-12 6.99450356354356e-10 -0.1962 -1.50463276905253e-37
2.46265010454107 -3.11555371598675e-12 6.99985971656639e-10 -0.1962 7.52316384526264e-38
2.46534152542035 -1.23104336957909e-12 7.00272877912366e-10 -0.1962 1.88079096131566e-38
2.46803294629963 6.53904373626673e-13 7.00310973182091e-10 -0.1962 0
2.47072436717891 2.53861978084302e-12 7.00100243930347e-10 -0.1962 -1.50463276905253e-37
2.47341578805819 4.42243320183274e-12 6.99640765030449e-10 -0.1962 -7.52316384526264e-38
2.47610720893747 6.30467530683954e-12 6.98932699737898e-10 -0.1962 -1.50463276905253e-37
2.47879862981675 8.18467732440473e-12 6.97976299632368e-10 -0.1962 0
2.48149005069603 1.00617712789856e-11 6.96771904528324e-10 -0.1962 -3.00926553810506e-37
2.48418147157531 1.19352902282909e-11 6.95319942354283e-10 -0.1962 -3.00926553810506e-37
2.48687289245459 1.38045685002495e-11 6.93620929000766e-10 -0.1962 0
2.48956431333387 1.56689419295272e-11 6.91675468137001e-10 -0.1962 0
2.49225573421315 1.75277480935087e-11 6.89484250996436e-10 -0.1962 -3.00926553810506e-37
2.49494715509243 1.938032654766e-11 6.87048056131139e-10 -0.1962 3.00926553810506e-37
2.49763857597171 2.12260190601886e-11 6.84367749135173e-10 -0.1962 -6.01853107621011e-37
2.50032999685099 2.30641698459163e-11 6.8144428233705e-10 -0.1962 -6.01853107621011e-37
2.50302141773027 2.48941257992842e-11 6.78278694461357e-10 -0.1962 -6.01853107621011e-37
2.50571283860955 2.67152367264042e-11 6.74872110259695e-10 -0.1962 -6.01853107621011e-37
2.50840425948883 2.85268555760773e-11 6.71225740111048e-10 -0.1962 -6.01853107621011e-37
2.51109568036811 3.03283386696941e-11 6.67340879591727e-10 -0.1962 -6.01853107621011e-37
2.51378710124739 3.21190459299376e-11 6.63218909015045e-10 -0.1962 0
2.51647852212667 3.38983411082066e-11 6.58861292940885e-10 -0.1962 -6.01853107621011e-37
2.51916994300595 3.56655920106784e-11 6.54269579655329e-10 -0.1962 -6.01853107621011e-37
2.52186136388523 3.74201707229306e-11 6.49445400620551e-10 -0.1962 -6.01853107621011e-37
2.52455278476451 3.91614538330432e-11 6.4439046989514e-10 -0.1962 0
2.52724420564379 4.08888226531e-11 6.39106583525092e-10 -0.1962 0
2.52993562652307 4.26016634390124e-11 6.33595618905661e-10 -0.1962 -1.20370621524202e-36
2.53262704740235 4.42993676085859e-11 6.27859534114311e-10 -0.1962 -1.20370621524202e-36
2.53531846828163 4.59813319577528e-11 6.21900367215e-10 -0.1962 0
2.53800988916091 4.76469588748944e-11 6.15720235534041e-10 -0.1962 0
2.54070131004019 4.92956565531756e-11 6.0932133490781e-10 -0.1962 0
2.54339273091947 5.09268392008174e-11 6.02705938902546e-10 -0.1962 -1.20370621524202e-36
2.54608415179875 5.25399272492321e-11 5.95876398006544e-10 -0.1962 -1.20370621524202e-36
2.54877557267803 5.41343475589472e-11 5.88835138795013e-10 -0.1962 0
2.55146699355731 5.57095336232452e-11 5.81584663067897e-10 -0.1962 -1.20370621524202e-36
2.55415841443659 5.72649257694469e-11 5.74127546960972e-10 -0.1962 0
2.55684983531587 5.87999713577661e-11 5.66466440030534e-10 -0.1962 -1.20370621524202e-36
2.55954125619515 6.03141249776659e-11 5.5860406431199e-10 -0.1962 -1.20370621524202e-36
2.56223267707443 6.18068486416458e-11 5.50543213352709e-10 -0.1962 0
2.56492409795371 6.32776119763924e-11 5.42286751219454e-10 -0.1962 -1.20370621524202e-36
2.56761551883299 6.47258924112235e-11 5.33837611480765e-10 -0.1962 0
2.57030693971227 6.61511753637608e-11 5.25198796164646e-10 -0.1962 -1.20370621524202e-36
2.57299836059155 6.75529544227639e-11 5.16373374691924e-10 -0.1962 -1.20370621524202e-36
2.57568978147083 6.89307315280609e-11 5.07364482785669e-10 -0.1962 1.20370621524202e-36
2.57838120235011 7.02840171475126e-11 4.98175321357053e-10 -0.1962 -1.20370621524202e-36
2.58107262322939 7.16123304509455e-11 4.88809155368047e-10 -0.1962 0
2.58376404410867 7.2915199480994e-11 4.7926931267136e-10 -0.1962 -1.20370621524202e-36
2.58645546498795 7.41921613207891e-11 4.69559182828038e-10 -0.1962 0
2.58914688586723 7.54427622584359e-11 4.5968221590313e-10 -0.1962 -1.20370621524202e-36
2.59183830674651 7.66665579482197e-11 4.49641921239858e-10 -0.1962 1.20370621524202e-36
2.59452972762579 7.78631135684848e-11 4.39441866212735e-10 -0.1962 -1.20370621524202e-36
2.59722114850507 7.9032003976129e-11 4.29085674960047e-10 -0.1962 -2.40741243048404e-36
2.59991256938435 8.01728138576595e-11 4.18577027096182e-10 -0.1962 -1.20370621524202e-36
2.60260399026363 8.12851378767561e-11 4.07919656404239e-10 -0.1962 0
2.60529541114291 8.23685808182895e-11 3.97117349509396e-10 -0.1962 -1.20370621524202e-36
2.60798683202219 8.34227577287438e-11 3.86173944533495e-10 -0.1962 -1.20370621524202e-36
2.61067825290147 8.44472940529921e-11 3.75093329731343e-10 -0.1962 -1.20370621524202e-36
2.61336967378075 8.54418257673788e-11 3.63879442109185e-10 -0.1962 0
2.61606109466002 8.64059995090588e-11 3.52536266025867e-10 -0.1962 -1.20370621524202e-36
2.6187525155393 8.73394727015496e-11 3.41067831777173e-10 -0.1962 -1.20370621524202e-36
2.62144393641858 8.82419136764504e-11 3.29478214163829e-10 -0.1962 0
2.62413535729786 8.91130017912863e-11 3.17771531043713e-10 -0.1962 0
2.62682677817714 8.99524275434339e-11 3.05951941868749e-10 -0.1962 0
2.62951819905642 9.07598926800898e-11 2.94023646207033e-10 -0.1962 0
2.6322096199357 9.15351103042411e-11 2.81990882250702e-10 -0.1962 0
2.63490104081498 9.2277804976602e-11 2.69857925310081e-10 -0.1962 -6.01853107621011e-37
2.63759246169426 9.29877128134785e-11 2.57629086294636e-10 -0.1962 6.01853107621011e-37
2.64028388257354 9.36645815805283e-11 2.4530871018129e-10 -0.1962 -6.01853107621011e-37
2.64297530345282 9.43081707823807e-11 2.3290117447062e-10 -0.1962 0
2.6456667243321 9.49182517480863e-11 2.20410887631515e-10 -0.1962 0
2.64835814521138 9.54946077123649e-11 2.0784228753481e-10 -0.1962 0
2.65104956609066 9.60370338926233e-11 1.95199839876498e-10 -0.1962 -6.01853107621011e-37
2.65374098696994 9.65453375617162e-11 1.82488036591031e-10 -0.1962 -6.01853107621011e-37
2.65643240784922 9.7019338116423e-11 1.69711394255317e-10 -0.1962 0
2.6591238287285 9.74588671416171e-11 1.56874452483952e-10 -0.1962 0
2.66181524960778 9.78637684701048e-11 1.43981772316266e-10 -0.1962 0
2.66450667048706 9.82338982381126e-11 1.31037934595767e-10 -0.1962 -3.00926553810506e-37
2.66719809136634 9.85691249364023e-11 1.18047538342532e-10 -0.1962 -6.01853107621011e-37
2.66988951224562 9.88693294569979e-11 1.05015199119154e-10 -0.1962 -6.01853107621011e-37
2.6725809331249 9.91344051355044e-11 9.1945547390805e-11 -0.1962 0
2.67527235400418 9.93642577890067e-11 7.88432268800055e-11 -0.1962 3.00926553810506e-37
2.67796377488346 9.95588057495337e-11 6.57128929166816e-11 -0.1962 -3.00926553810506e-37
2.68065519576274 9.97179798930744e-11 5.25592107841008e-11 -0.1962 0
2.68334661664202 9.98417236641392e-11 3.93868540612693e-11 -0.1962 -1.50463276905253e-37
2.6860380375213 9.99299930958537e-11 2.62005029623831e-11 -0.1962 7.52316384526264e-38
2.68872945840058 9.99827568255804e-11 1.30048426739203e-11 -0.1962 0
2.69142087927986 9.99999961060624e-11 -1.95438310032059e-13 -0.1962 5.87747175411144e-40
