0 1e-10 0 -0.1962 0
0.0134571043963991 9.9555867801951e-11 -6.58605176788076e-11 -0.1962 1.50463276905253e-37
0.0269142087927982 9.82274162759908e-11 -1.31136019827988e-10 -0.1962 6.01853107621011e-37
0.0403713131891974 9.6026445584044e-11 -1.95246687402577e-10 -0.1962 6.01853107621011e-37
0.0538284175855965 9.29725061651356e-11 -2.57623048168408e-10 -0.1962 6.01853107621011e-37
0.0672855219819956 8.90927250758023e-11 -3.17711035121216e-10 -0.1962 0
0.0807426263783947 8.44215650301072e-11 -3.74976908066569e-10 -0.1962 0
0.0941997307747938 7.90005182796208e-11 -4.28911994643976e-10 -0.1962 1.20370621524202e-36
0.107656835171193 7.28777380525236e-11 -4.79037208682367e-10 -0.1962 -1.20370621524202e-36
0.121113939567592 6.61076108256243e-11 -5.24907305751971e-10 -0.1962 1.20370621524202e-36
0.134571043963991 5.87502732286499e-11 -5.66114838112062e-10 -0.1962 0
0.14802814836039 5.08710778719751e-11 -6.02293773924176e-10 -0.1962 1.20370621524202e-36
0.161485252756789 4.25400128426522e-11 -6.33122748582607e-10 -0.1962 0
0.174942357153189 3.38310800251525e-11 -6.5832791928178e-10 -0.1962 6.01853107621011e-37
0.188399461549588 2.48216377689739e-11 -6.77685397464401e-10 -0.1962 6.01853107621011e-37
0.201856565945987 1.55917137419652e-11 -6.9102323754379e-10 -0.1962 3.00926553810506e-37
0.215313670342386 6.22329407304498e-12 -6.98222964235313e-10 -0.1962 1.50463276905253e-37
0.228770774738785 -3.20040490139055e-12 -6.99220624930154e-10 -0.1962 -7.52316384526264e-38
0.242227879135184 -1.2595675818556e-11 -6.94007357763565e-10 -0.1962 -3.00926553810506e-37
0.255684983531583 -2.18790638319774e-11 -6.82629470331663e-10 -0.1962 -6.01853107621011e-37
0.269142087927982 -3.09681079111797e-11 -6.65188028357531e-10 -0.1962 0
0.282599192324382 -3.97820733136618e-11 -6.41837957960393e-10 -0.1962 -6.01853107621011e-37
0.296056296720781 -4.8242668722869e-11 -6.12786669502051e-10 -0.1962 0
0.30951340111718 -5.62747416820834e-11 -5.78292215234486e-10 -0.1962 0
0.322970505513579 -6.38069461469397e-11 -5.38660997113587e-10 -0.1962 -2.40741243048404e-36
0.336427609909978 -7.07723762269354e-11 -4.94245045139661e-10 -0.1962 -1.20370621524202e-36
0.349884714306377 -7.71091604866346e-11 -4.45438890400281e-10 -0.1962 -1.20370621524202e-36
0.363341818702776 -8.27610115276009e-11 -3.92676060591101e-10 -0.1962 -1.20370621524202e-36
0.376798923099176 -8.7677725969317e-11 -3.3642522914369e-10 -0.1962 -1.20370621524202e-36
0.390256027495575 -9.18156303879392e-11 -2.77186052166304e-10 -0.1962 0
0.403713131891974 -9.51379692517723e-11 -2.15484730176575e-10 -0.1962 -6.01853107621011e-37
0.417170236288373 -9.76152314075713e-11 -1.5186933404966e-10 -0.1962 0
0.430627340684772 -9.92254122176081e-11 -8.69049366997904e-11 -0.1962 -3.00926553810506e-37
0.444084445081171 -9.99542090190344e-11 -2.1168593738765e-11 -0.1962 -7.52316384526264e-38
0.45754154947757 -9.97951481693431e-11 4.47557823035964e-11 -0.1962 0
0.470998653873969 -9.87496425494303e-11 1.1028260866656e-10 -0.1962 3.00926553810506e-37
0.484455758270369 -9.68269790134769e-11 1.7482983388165e-10 -0.1962 6.01853107621011e-37
0.497912862666768 -9.40442358971294e-11 2.37824107928612e-10 -0.1962 -6.01853107621011e-37
0.511369967063167 -9.04261313167252e-11 2.98705875099507e-10 -0.1962 0
0.524827071459566 -8.60048036070657e-11 3.5693434433284e-10 -0.1962 0
0.538284175855965 -8.08195258480307e-11 4.11992292868018e-10 -0.1962 -1.20370621524202e-36
0.551741280252364 -7.49163570157922e-11 4.63390660550981e-10 -0.1962 1.20370621524202e-36
0.565198384648763 -6.83477328573288e-11 5.10672893981426e-10 -0.1962 0
0.578655489045163 -6.11720001223536e-11 5.53419001914111e-10 -0.1962 0
0.592112593441562 -5.34528982899104e-11 5.91249285891552e-10 -0.1962 1.20370621524202e-36
0.605569697837961 -4.52589933932755e-11 6.23827712970234e-10 -0.1962 0
0.61902680223436 -3.66630689722958e-11 6.50864900581609e-10 -0.1962 1.20370621524202e-36
0.632483906630759 -2.77414795631182e-11 6.72120687014419e-10 -0.1962 0
0.645941011027158 -1.85734724680307e-11 6.8740626468567e-10 -0.1962 3.00926553810506e-37
0.659398115423557 -9.24048382989055e-12 6.96585857251171e-10 -0.1962 0
0.672855219819956 1.74584736137681e-13 6.99577925658455e-10 -0.1962 0
0.686312324216356 9.58810252811378e-12 6.96355892429154e-10 -0.1962 -1.50463276905253e-37
0.699769428612755 1.89164526190713e-11 6.86948377737274e-10 -0.1962 0
0.713226533009154 2.80767745964088e-11 6.71438945186381e-10 -0.1962 -6.01853107621011e-37
0.726683637405553 3.69877005814337e-11 6.4996535954386e-10 -0.1962 -1.20370621524202e-36
0.740140741801952 4.55700779912584e-11 6.22718363025541e-10 -0.1962 -1.20370621524202e-36
0.753597846198351 5.37476726230127e-11 5.89939981000502e-10 -0.1962 -1.20370621524202e-36
0.76705495059475 6.14478458151254e-11 5.51921372165888e-10 -0.1962 -2.40741243048404e-36
0.78051205499115 6.86021996706931e-11 5.09000242287868e-10 -0.1962 0
0.793969159387549 7.5147184611646e-11 4.61557844481552e-10 -0.1962 0
0.807426263783948 8.10246638670235e-11 4.10015592675309e-10 -0.1962 0
0.820883368180347 8.61824298812121e-11 3.54831318340881e-10 -0.1962 -1.20370621524202e-36
0.834340472576746 9.05746680550738e-11 2.96495203739426e-10 -0.1962 6.01853107621011e-37
0.847797576973145 9.41623637007183e-11 2.35525427807015e-10 -0.1962 6.01853107621011e-37
0.861254681369544 9.6913648595085e-11 1.72463563355637e-10 -0.1962 -6.01853107621011e-37
0.874711785765943 9.88040840540219e-11 1.07869766474728e-10 -0.1962 0
0.888168890162343 9.98168780124162e-11 4.23178008640706e-11 -0.1962 0
0.901625994558742 9.99430341821295e-11 -2.36100587048741e-11 -0.1962 1.50463276905253e-37
0.915083098955141 9.9181431962823e-11 -8.93281985284456e-11 -0.1962 0
0.92854020335154 9.75388363958504e-11 -1.54252867768813e-10 -0.1962 0
0.941997307747939 9.50298380728052e-11 -2.1780736370483e-10 -0.1962 0
0.955454412144338 9.16767235324897e-11 -2.79427154376977e-10 -0.1962 1.20370621524202e-36
0.968911516540737 8.75092772975258e-11 -3.38564893123764e-10 -0.1962 0
0.982368620937137 8.25645173090453e-11 -3.94695280467245e-10 -0.1962 1.20370621524202e-36
0.995825725333536 7.68863661094983e-11 -4.47319730161256e-10 -0.1962 1.20370621524202e-36
1.00928282972993 7.05252606943471e-11 -4.95970797955523e-10 -0.1962 1.20370621524202e-36
1.02273993412633 6.35377044981926e-11 -5.40216333736507e-10 -0.1962 0
1.03619703852273 5.59857654948827e-11 -5.79663320163004e-10 -0.1962 0
1.04965414291913 4.79365248697989e-11 -6.13961363699253e-10 -0.1962 1.20370621524202e-36
1.06311124731553 3.94614811615699e-11 -6.42805807035964e-10 -0.1962 6.01853107621011e-37
1.07656835171193 3.06359151660098e-11 -6.65940435252723e-10 -0.1962 0
1.09002545610833 2.15382212436112e-11 -6.83159751683912e-10 -0.1962 0
1.10348256050473 1.22492109703528e-11 -6.94310803272422e-10 -0.1962 3.00926553810506e-37
1.11693966490113 2.85139531724177e-12 -6.992945391972e-10 -0.1962 7.52316384526264e-38
1.13039676929753 -6.57174826526429e-12 -6.98066690706431e-10 -0.1962 0
1.14385387369393 -1.59365173477288e-11 -6.90638164341097e-10 -0.1962 -3.00926553810506e-37
1.15731097809033 -2.51597280206155e-11 -6.77074945056057e-10 -0.1962 0
1.17076808248672 -3.41594537873399e-11 -6.57497510099183e-10 -0.1962 -6.01853107621011e-37
1.18422518688312 -4.28557532881699e-11 -6.32079758854866e-10 -0.1962 0
1.19768229127952 -5.11713803908614e-11 -6.010474681577e-10 -0.1962 -1.20370621524202e-36
1.21113939567592 -5.9032470340549e-11 -5.6467628679724e-10 -0.1962 0
1.22459650007232 -6.63691958740643e-11 -5.23289287027952e-10 -0.1962 0
1.23805360446872 -7.31163874706538e-11 -4.77254094833399e-10 -0.1962 0
1.25151070886512 -7.92141122296284e-11 -4.26979624435521e-10 -0.1962 -1.20370621524202e-36
1.26496781326152 -8.4608206232982e-11 -3.72912446055189e-10 -0.1962 -1.20370621524202e-36
1.27842491765792 -8.92507556641908e-11 -3.15532819187931e-10 -0.1962 0
1.29188202205432 -9.31005224095862e-11 -2.55350426629822e-10 -0.1962 -1.20370621524202e-36
1.30533912645072 -9.6123310361836e-11 -1.92899847146675e-10 -0.1962 -1.20370621524202e-36
1.31879623084711 -9.82922691717907e-11 -1.28735807001198e-10 -0.1962 -3.00926553810506e-37
1.33225333524351 -9.95881327505756e-11 -6.34282525170988e-11 -0.1962 -3.00926553810506e-37
1.34571043963991 -9.99993904033982e-11 2.44271255117667e-12 -0.1962 0
1.35916754403631 -9.95223890749524e-11 6.8291979873561e-11 -0.1962 0
1.37262464843271 -9.81613657982076e-11 1.33534633853338e-10 -0.1962 3.00926553810506e-37
1.38608175282911 -9.59284100583538e-11 1.97591147224136e-10 -0.1962 0
1.39953885722551 -9.28433564062087e-11 2.598925287843e-10 -0.1962 0
1.41299596162191 -8.89336082749648e-11 3.19885377543155e-10 -0.1962 1.20370621524202e-36
1.42645306601831 -8.42338945652491e-11 3.7703679838497e-10 -0.1962 1.20370621524202e-36
1.43991017041471 -7.87859611606636e-11 4.30839135586543e-10 -0.1962 1.20370621524202e-36
1.45336727481111 -7.26382001139642e-11 4.80814482142244e-10 -0.1962 1.20370621524202e-36
1.46682437920751 -6.58452197976861e-11 5.26518924841793e-10 -0.1962 0
1.4802814836039 -5.84673598374126e-11 5.67546487393254e-10 -0.1962 0
1.4937385880003 -5.05701551363648e-11 6.03532736565895e-10 -0.1962 0
1.5071956923967 -4.22237537521891e-11 6.34158019320826e-10 -0.1962 6.01853107621011e-37
1.5206527967931 -3.35022937967367e-11 6.59150302175129e-10 -0.1962 6.01853107621011e-37
1.5341099011895 -2.44832448936117e-11 6.78287587578437e-10 -0.1962 6.01853107621011e-37
1.5475670055859 -1.52467200430872e-11 6.91399885838134e-10 -0.1962 0
1.5610241099823 -5.87476400684726e-12 6.98370725077269e-10 -0.1962 1.50463276905253e-37
1.5744812143787 3.5493754664203e-12 6.9913818581277e-10 -0.1962 -7.52316384526264e-38
1.5879383187751 1.29419871011358e-11 6.93695450964171e-10 -0.1962 -3.00926553810506e-37
1.6013954231715 2.22196396722843e-11 6.82090866407305e-10 -0.1962 0
1.6148525275679 3.12999230952827e-11 6.64427511535107e-10 -0.1962 0
1.62830963196429 4.01021804454196e-11 6.40862283640062e-10 -0.1962 -6.01853107621011e-37
1.64176673636069 4.85482244046008e-11 6.11604504251421e-10 -0.1962 0
1.65522384075709 5.65630317714582e-11 5.76914059806583e-10 -0.1962 -1.20370621524202e-36
1.66868094515349 6.4075409865736e-11 5.37099093172399e-10 -0.1962 0
1.68213804954989 7.10186289075227e-11 4.925132665218e-10 -0.1962 -1.20370621524202e-36
1.69559515394629 7.73310147541269e-11 4.43552619878628e-10 -0.1962 0
1.70905225834269 8.29564967295288e-11 3.90652053235114e-10 -0.1962 -1.20370621524202e-36
1.72250936273909 8.7845105680232e-11 3.34281463490086e-10 -0.1962 0
1.73596646713549 9.19534178334631e-11 2.74941570522121e-10 -0.1962 -6.01853107621011e-37
1.74942357153189 9.52449405150843e-11 2.13159469473135e-10 -0.1962 -6.01853107621011e-37
1.76288067592829 9.76904363010252e-11 1.49483948749907e-10 -0.1962 0
1.77633778032469 9.92681827229112e-11 8.4480615332053e-11 -0.1962 3.00926553810506e-37
1.78979488472108 9.99641652210161e-11 1.87268706865994e-11 -0.1962 0
1.80325198911748 9.97722016306061e-11 -4.71932180836665e-11 -0.1962 0
1.81670909351388 9.86939970959083e-11 -1.12694106300322e-10 -0.1962 0
1.83016619791028 9.67391289239214e-11 -1.77193972894211e-10 -0.1962 6.01853107621011e-37
1.84362330230668 9.3924961512608e-11 -2.4011988851485e-10 -0.1962 6.01853107621011e-37
1.85708040670308 9.02764921091293e-11 -3.0091290465786e-10 -0.1962 1.20370621524202e-36
1.87053751109948 8.5826128768199e-11 -3.59033018605531e-10 -0.1962 1.20370621524202e-36
1.88399461549588 8.06134024828715e-11 -4.13963970078692e-10 -0.1962 1.20370621524202e-36
1.89745171989228 7.46846160448054e-11 -4.6521782699297e-10 -0.1962 1.20370621524202e-36
1.91090882428868 6.80924327530508e-11 -5.12339319585769e-10 -0.1962 0
1.92436592868508 6.08954086247138e-11 -5.54909884415477e-10 -0.1962 1.20370621524202e-36
1.93782303308147 5.31574722627051e-11 -5.92551382311493e-10 -0.1962 1.20370621524202e-36
1.95128013747787 4.49473570007211e-11 -6.24929457249849e-10 -0.1962 1.20370621524202e-36
1.96473724187427 3.63379903695126e-11 -6.51756506318726e-10 -0.1962 0
1.97819434627067 2.74058463075941e-11 -6.72794234392722e-10 -0.1962 6.01853107621011e-37
1.99165145066707 1.8230265870476e-11 -6.87855770823606e-10 -0.1962 6.01853107621011e-37
2.00510855506347 8.89275247231644e-12 -6.96807329345759e-10 -0.1962 1.50463276905253e-37
2.01856565945987 -5.2375207988785e-13 -6.99569396451931e-10 -0.1962 -1.88079096131566e-38
2.03202276385627 -9.93560432884268e-12 -6.96117437683423e-10 -0.1962 0
2.04547986825267 -1.92592021420072e-11 -6.86482115560944e-10 -0.1962 0
2.05893697264907 -2.84117273195718e-11 -6.70749017220355e-10 -0.1962 -1.20370621524202e-36
2.07239407704547 -3.73118812390401e-11 -6.49057894172621e-10 -0.1962 -6.01853107621011e-37
2.08585118144186 -4.58806070019476e-11 -6.21601420940888e-10 -0.1962 0
2.09930828583826 -5.40417916681432e-11 -5.88623483601297e-10 -0.1962 0
2.11276539023466 -6.17229423399372e-11 -5.50417013429804e-10 -0.1962 -2.40741243048404e-36
2.12622249463106 -6.88558300907014e-11 -5.07321384897948e-10 -0.1962 0
2.13967959902746 -7.53770960181321e-11 -4.59719401130252e-10 -0.1962 -1.20370621524202e-36
2.15313670342386 -8.12288140388212e-11 -4.08033893600361e-10 -0.1962 0
2.16659380782026 -8.63590054250306e-11 -3.52723966269605e-10 -0.1962 -1.20370621524202e-36
2.18005091221666 -9.07221005132252e-11 -2.94280917529972e-10 -0.1962 -1.20370621524202e-36
2.19350801661306 -9.42793434831685e-11 -2.33223876175409e-10 -0.1962 -6.01853107621011e-37
2.20696512100945 -9.69991366120759e-11 -1.7009519016558e-10 -0.1962 0
2.22042222540585 -9.88573209459357e-11 -1.05455609142035e-10 -0.1962 3.00926553810506e-37
2.23387932980225 -9.98373908948963e-11 -3.98793034887927e-11 -0.1962 -3.00926553810506e-37
2.24733643419865 -9.99306408465444e-11 2.60512358187522e-11 -0.1962 7.52316384526264e-38
2.26079353859505 -9.913624249476e-11 9.17503712737755e-11 -0.1962 3.00926553810506e-37
2.27425064299145 -9.74612521972652e-11 1.56634520847486e-10 -0.1962 0
2.28770774738785 -9.49205482965109e-11 2.2012734174051e-10 -0.1962 0
2.30116485178425 -9.15366989606575e-11 2.81664849830775e-10 -0.1962 -6.01853107621011e-37
2.31462195618065 -8.73397617185732e-11 3.40700429343671e-10 -0.1962 1.20370621524202e-36
2.32807906057704 -8.2367016469506e-11 3.96709688245354e-10 -0.1962 0
2.34153616497344 -7.66626343390119e-11 4.49195116230482e-10 -0.1962 0
2.35499326936984 -7.02772853225735e-11 4.97690503929123e-10 -0.1962 1.20370621524202e-36
2.36845037376624 -6.32676882020705e-11 5.41765084078601e-10 -0.1962 1.20370621524202e-36
2.38190747816264 -5.56961067330341e-11 5.81027357875718e-10 -0.1962 0
2.39536458255904 -4.76297965778755e-11 6.15128572521236e-10 -0.1962 1.20370621524202e-36
2.40882168695544 -3.91404078977816e-11 6.43765819066822e-10 -0.1962 6.01853107621011e-37
2.42227879135184 -3.03033489098443e-11 6.66684723047388e-10 -0.1962 6.01853107621011e-37
2.43573589574824 -2.11971160627154e-11 6.83681703998899e-10 -0.1962 6.01853107621011e-37
2.44919300014463 -1.19025967806018e-11 6.94605783791152e-10 -0.1962 0
2.46265010454103 -2.50235096907506e-12 6.9935992771275e-10 -0.1962 7.52316384526264e-38
2.47610720893743 6.92012233517542e-12 6.97901906395899e-10 -0.1962 0
2.48956431333383 1.62811266565561e-11 6.90244670924843e-10 -0.1962 -3.00926553810506e-37
2.50302141773023 2.5497511526563e-11 6.76456237795999e-10 -0.1962 -6.01853107621011e-37
2.51647852212663 3.44874110797884e-11 6.56659084751627e-10 -0.1962 -6.01853107621011e-37
2.52993562652303 4.31709712392561e-11 6.31029062853664e-10 -0.1962 -6.01853107621011e-37
2.54339273091943 5.14710590317557e-11 5.99793834461341e-10 -0.1962 0
2.55684983531583 5.93139477325816e-11 5.63230850987506e-10 -0.1962 0
2.57030693971222 6.66299717537789e-11 5.2166488839651e-10 -0.1962 -1.20370621524202e-36
2.58376404410862 7.33541454587571e-11 4.75465162334942e-10 -0.1962 0
2.59722114850502 7.94267404065632e-11 4.25042048520504e-10 -0.1962 0
2.61067825290142 8.47938158983566e-11 3.70843437520612e-10 -0.1962 0
2.62413535729782 8.9407698113432e-11 3.13350756299958e-10 -0.1962 0
2.63759246169422 9.3227403578795e-11 2.53074691876188e-10 -0.1962 0
2.65104956609062 9.62190032107608e-11 1.90550655068947e-10 -0.1962 0
2.66450667048702 9.83559236949251e-11 1.26334024636197e-10 -0.1962 0
2.67796377488342 9.9619183527454e-11 6.09952140424461e-11 -0.1962 0
2.69142087927982 9.99975616210249e-11 -4.88539532096789e-12 -0.1962 1.88079096131566e-38
