2.33208955223881e-05 0.0233208955229929
6.99626865671642e-05 0.0388681592041758
0.00011660447761194 0.0606343283558817
0.000163246268656716 0.0832889125824659
0.000209888059701493 0.106239635161655
0.000256529850746269 0.129324966082495
0.000303171641791045 0.152482778419944
0.000349813432835821 0.175684079606872
0.000396455223880597 0.198913520640017
0.000443097014925373 0.222162215247663
0.000489738805970149 0.245424662407131
0.000536380597014925 0.268697274498008
0.000583022388059702 0.291977611944166
0.000629664179104478 0.315263957989155
0.000676305970149254 0.33855506948199
0.00072294776119403 0.361850024076121
0.000769589552238806 0.38514812302652
0.000816231343283582 0.408448827296925
0.000862873134328358 0.431751714404854
0.000909514925373134 0.455056448536089
0.000956156716417911 0.478362759380323
0.00100279850746269 0.501670426943458
0.00104944029850746 0.524979270325566
0.00109608208955224 0.548289139414118
0.00114272388059702 0.571599908619718
0.00118936567164179 0.594911472057283
0.00123600746268657 0.618223739797252
0.00128264925373134 0.641536635011325
0.00132929104477612 0.664850091656917
0.0013759328358209 0.688164052631982
0.00142257462686567 0.711478468327186
0.00146921641791045 0.734793295446182
0.00151585820895522 0.758108495996493
0.0015625 0.781424036546122
0.00160914179104478 0.804739887536164
0.00165578358208955 0.828056022717755
0.00170242537313433 0.851372418752357
0.0017490671641791 0.874689054748636
0.00179570895522388 0.898005912023545
0.00184235074626866 0.92132297376604
0.00188899253731343 0.944640224829817
0.00193563432835821 0.967957651523751
0.00198227611940299 0.991275241465636
0.00202891791044776 1.01459298338468
0.00207555970149254 1.03791086703632
0.00212220149253731 1.0612288830803
0.00216884328358209 1.08454702297087
0.00221548507462687 1.10786527888631
0.00226212686567164 1.13118364365076
0.00230876865671642 1.15450211066851
0.00235541044776119 1.17782067387274
0.00240205223880597 1.20113932764514
0.00244869402985075 1.22445806682322
0.00249533582089552 1.24777688661248
0.0025419776119403 1.27109578257436
0.00258861940298507 1.29441475059693
0.00263526119402985 1.31773378684356
0.00268190298507463 1.34105288776296
0.0027285447761194 1.36437205003287
0.00277518656716418 1.38769127056748
0.00282182835820896 1.41101054646869
0.00286847014925373 1.43432987504306
0.00291511194029851 1.45764925375573
0.00296175373134328 1.48096868024722
0.00300839552238806 1.50428815228723
0.00305503731343284 1.52760766779178
0.00310167910447761 1.5509272248036
0.00314832089552239 1.57424682146778
0.00319496268656716 1.59756645605619
0.00324160447761194 1.62088612693331
0.00328824626865672 1.64420583255374
0.00333488805970149 1.66752557146483
0.00338152985074627 1.69084534227475
0.00342817164179105 1.71416514369659
0.00347481343283582 1.73748497448235
0.0035214552238806 1.7608048334766
0.00356809701492537 1.78412471956799
0.00361473880597015 1.80744463171322
0.00366138059701493 1.83076456891052
0.0037080223880597 1.85408453021418
0.00375466417910448 1.87740451472229
0.00380130597014925 1.90072452159642
0.00384794776119403 1.92404455001026
0.00389458955223881 1.94736459919355
0.00394123134328358 1.97068466839808
0.00398787313432836 1.99400475694127
0.00403451492537313 2.0173248641455
0.00408115671641791 2.04064498936253
0.00412779850746269 2.06396513198529
0.00417444029850746 2.08728529144109
0.00422108208955224 2.11060546716448
0.00426772388059701 2.13392565861655
0.00431436567164179 2.15724586528324
0.00436100746268657 2.18056608669651
0.00440764925373134 2.20388632237363
0.00445429104477612 2.22720657186628
0.0045009328358209 2.25052683475753
0.00454757462686567 2.27384711061838
0.00459421641791045 2.29716739906629
0.00464085820895522 2.32048769970866
0.0046875 2.34380801219466
0.00473414179104478 2.36712833616582
0.00478078358208955 2.39044867129813
0.00482742537313433 2.41376901725261
0.00487406716417911 2.43708937372232
0.00492070895522388 2.4604097404122
0.00496735074626866 2.48373011703706
0.00501399253731343 2.50705050331917
0.00506063432835821 2.53037089898048
0.00510727611940299 2.55369130377983
0.00515391791044776 2.57701171744913
0.00520055970149254 2.60033213977117
0.00524720149253731 2.6236525705025
0.00529384328358209 2.64697300941638
0.00534048507462687 2.6702934563128
0.00538712686567164 2.69361391097746
0.00543376865671642 2.71693437321034
0.00548041044776119 2.74025484282131
0.00552705223880597 2.76357531961798
0.00557369402985075 2.7868958034222
0.00562033582089552 2.81021629406107
0.0056669776119403 2.83353679136403
0.00571361940298507 2.85685729517231
0.00576026119402985 2.8801778053205
0.00580690298507463 2.90349832166229
0.0058535447761194 2.92681884404396
0.00590018656716418 2.95013937232924
0.00594682835820896 2.97345990637658
0.00599347014925373 2.99678044604462
0.00604011194029851 3.02010099120433
0.00608675373134328 3.04342154173607
0.00613339552238806 3.06674209751817
0.00618003731343284 3.09006265842373
0.00622667910447761 3.11338322434549
0.00627332089552239 3.13670379516664
0.00631996268656716 3.16002437078212
0.00636660447761194 3.18334495108006
0.00641324626865672 3.20666553596759
0.00645988805970149 3.22998612534257
0.00650652985074627 3.25330671910003
0.00655317164179104 3.27662731716195
0.00659981343283582 3.29994791942127
0.0066464552238806 3.32326852580214
0.00669309701492537 3.34658913620997
0.00673973880597015 3.36990975057109
0.00678638059701493 3.39323036878818
0.0068330223880597 3.41655099079826
0.00687966417910448 3.43987161650556
0.00692630597014925 3.46319224585229
0.00697294776119403 3.48651287877225
0.00701958955223881 3.50983351516043
0.00706623134328358 3.53315415498331
0.00711287313432836 3.55647479815503
0.00715951492537313 3.579795444615
0.00720615671641791 3.60311609429478
0.00725279850746269 3.62643674713585
0.00729944029850746 3.64975740307992
0.00734608208955224 3.67307806206823
0.00739272388059702 3.69639872404011
0.00743936567164179 3.71971938894417
0.00748600746268657 3.74304005672191
0.00753264925373134 3.76636072731504
0.00757929104477612 3.7896814006794
0.0076259328358209 3.81300207676165
0.00767257462686567 3.83632275551284
0.00771921641791045 3.85964343688665
0.00776585820895522 3.88296412082967
0.0078125 3.90628480730498
0.00785914179104478 3.92960549625222
0.00790578358208955 3.95292618763898
0.00795242537313433 3.97624688141702
0.0079990671641791 3.99956757755466
0.00804570895522388 4.02288827599782
0.00809235074626866 4.04620897671771
0.00813899253731343 4.06952967967274
0.00818563432835821 4.09285038481918
0.00823227611940298 4.11617109212489
0.00827891791044776 4.13949180155377
0.00832555970149254 4.16281251305951
0.00837220149253731 4.18613322661955
0.00841884328358209 4.20945394219598
0.00846548507462687 4.23277465975131
0.00851212686567164 4.25609537925384
0.00855876865671642 4.27941610068746
0.00860541044776119 4.3027368240023
0.00865205223880597 4.32605754917465
0.00869869402985075 4.3493782761728
0.00874533582089552 4.37269900496459
0.0087919776119403 4.396019735531
0.00883861940298507 4.41934046784018
0.00888526119402985 4.44266120185331
0.00893190298507463 4.46598193756256
0.0089785447761194 4.48930267492701
0.00902518656716418 4.51262341392471
0.00907182835820896 4.53594415453323
0.00911847014925373 4.55926489672382
0.00916511194029851 4.58258564048186
0.00921175373134328 4.60590638578002
0.00925839552238806 4.62922713258714
0.00930503731343284 4.65254788088109
0.00935167910447761 4.67586863064239
0.00939832089552239 4.69918938185414
0.00944496268656717 4.72251013449876
0.00949160447761194 4.74583088854265
0.00953824626865672 4.76915164396857
0.00958488805970149 4.7924724007572
0.00963152985074627 4.81579315889094
0.00967817164179105 4.83911391835084
0.00972481343283582 4.86243467911007
0.0097714552238806 4.88575544116079
0.00981809701492537 4.90907620448159
0.00986473880597015 4.93239696904568
0.00991138059701492 4.95571773484519
0.0099580223880597 4.97903850186116
0.0100046641791045 5.00235927007636
0.0100513059701493 5.0256800394666
0.010097947761194 5.04900081002399
0.0101445895522388 5.07232158173693
0.0101912313432836 5.09564235458346
0.0102378731343284 5.1189631285409
0.0102845149253731 5.14228390360327
0.0103311567164179 5.16560467975479
0.0103777985074627 5.1889254569784
0.0104244402985075 5.21224623525576
0.0104710820895522 5.23556701458796
0.010517723880597 5.2588877949392
0.0105643656716418 5.2822085763168
0.0106110074626866 5.30552935869337
0.0106576492537313 5.3288501420646
0.0107042910447761 5.35217092641325
0.0107509328358209 5.37549171172002
0.0107975746268657 5.39881249797943
0.0108442164179104 5.42213328518721
0.0108908582089552 5.4454540733141
0.0109375 5.46877486235951
0.0109841417910448 5.49209565230698
0.0110307835820896 5.51541644314655
0.0110774253731343 5.53873723487599
0.0111240671641791 5.56205802746788
0.0111707089552239 5.58537882092039
0.0112173507462687 5.60869961522378
0.0112639925373134 5.63202041036746
0.0113106343283582 5.65534120633097
0.011357276119403 5.67866200311791
0.0114039179104478 5.70198280071121
0.0114505597014925 5.72530359910485
0.0114972014925373 5.74862439828759
0.0115438432835821 5.77194519824564
0.0115904850746269 5.79526599897902
0.0116371268656716 5.81858680046514
0.0116837686567164 5.84190760270465
0.0117304104477612 5.86522840568026
0.011777052238806 5.88854920939951
0.0118236940298507 5.91187001383006
0.0118703358208955 5.93519081898962
0.0119169776119403 5.95851162485627
0.0119636194029851 5.98183243141471
0.0120102611940299 6.00515323867048
0.0120569029850746 6.02847404660408
0.0121035447761194 6.0517948552124
0.0121501865671642 6.07511566448394
0.012196828358209 6.09843647441602
0.0122434701492537 6.12175728500157
0.0122901119402985 6.14507809623502
0.0123367537313433 6.16839890810975
0.0123833955223881 6.19171972061113
0.0124300373134328 6.21504053373337
0.0124766791044776 6.23836134747077
0.0125233208955224 6.26168216182415
0.0125699626865672 6.2850029767776
0.0126166044776119 6.30832379232289
0.0126632462686567 6.3316446084534
0.0127098880597015 6.35496542516889
0.0127565298507463 6.37828624246717
0.012803171641791 6.40160706033534
0.0128498134328358 6.42492787876436
0.0128964552238806 6.44824869775667
0.0129430970149254 6.47156951729693
0.0129897388059701 6.49489033738585
0.0130363805970149 6.51821115800394
0.0130830223880597 6.54153197915778
0.0131296641791045 6.56485280084079
0.0131763059701493 6.58817362305735
0.013222947761194 6.61149444578676
0.0132695895522388 6.63481526902681
0.0133162313432836 6.65813609277165
0.0133628731343284 6.68145691701472
0.0134095149253731 6.70477774175379
0.0134561567164179 6.72809856698303
0.0135027985074627 6.75141939269589
0.0135494402985075 6.77474021889011
0.0135960820895522 6.79806104555988
0.013642723880597 6.82138187269815
0.0136893656716418 6.84470270031441
0.0137360074626866 6.86802352838277
0.0137826492537313 6.89134435691281
0.0138292910447761 6.91466518589405
0.0138759328358209 6.93798601532005
0.0139225746268657 6.96130684519314
0.0139692164179104 6.98462767550279
0.0140158582089552 7.00794850624013
0.0140625 7.03126933741238
0.0141091417910448 7.05459016900848
0.0141557835820896 7.07791100102652
0.0142024253731343 7.10123183346815
0.0142490671641791 7.12455266631954
0.0142957089552239 7.1478734995685
0.0143423507462687 7.17119433322641
0.0143889925373134 7.19451516729408
0.0144356343283582 7.21783600175445
0.014482276119403 7.24115683660428
0.0145289179104478 7.26447767184436
0.0145755597014925 7.28779850746956
0.0146222014925373 7.31111934348015
0.0146688432835821 7.33444017987043
0.0147154850746269 7.35776101664123
0.0147621268656716 7.38108185377792
0.0148087686567164 7.40440269128699
0.0148554104477612 7.42772352915464
0.014902052238806 7.45104436738087
0.0149486940298507 7.47436520596973
0.0149953358208955 7.49768604490986
0.0150419776119403 7.52100688419854
0.0150886194029851 7.54432772383118
0.0151352611940299 7.56764856381425
0.0151819029850746 7.59096940414616
0.0152285447761194 7.61429024480009
0.0152751865671642 7.63761108579958
0.015321828358209 7.66093192713327
0.0153684701492537 7.68425276879144
0.0154151119402985 7.70757361077321
0.0154617537313433 7.73089445307945
0.0155083955223881 7.75421529570958
0.0155550373134328 7.77753613865529
0.0156016791044776 7.80085698191643
0.0156483208955224 7.82417782548741
0.0156949626865672 7.84749866936883
0.0157416044776119 7.87081951355434
0.0157882462686567 7.89414035804638
0.0158348880597015 7.91746120283209
0.0158815298507463 7.94078204791945
0.015928171641791 7.96410289330603
0.0159748134328358 7.98742373897897
0.0160214552238806 8.01074458494626
0.0160680970149254 8.034065431203
0.0161147388059701 8.05738627774124
0.0161613805970149 8.08070712456163
0.0162080223880597 8.10402797166172
0.0162546641791045 8.12734881904089
0.0163013059701493 8.15066966669916
0.016347947761194 8.17399051462919
0.0163945895522388 8.19731136283161
0.0164412313432836 8.22063221129666
0.0164878731343284 8.24395306002862
0.0165345149253731 8.26727390902565
0.0165811567164179 8.29059475828774
0.0166277985074627 8.313915607807
0.0166744402985075 8.33723645758401
0.0167210820895522 8.36055730761389
0.016767723880597 8.38387815789789
0.0168143656716418 8.40719900843663
0.0168610074626866 8.43051985922637
0.0169076492537313 8.45384071025622
0.0169542910447761 8.47716156152621
0.0170009328358209 8.50048241304961
0.0170475746268657 8.5238032648107
0.0170942164179104 8.54712411680949
0.0171408582089552 8.57044496904218
0.0171875 8.59376582151013
0.0172341417910448 8.61708667421271
0.0172807835820896 8.64040752714621
0.0173274253731343 8.66372838031063
0.0173740671641791 8.68704923369814
0.0174207089552239 8.710370087319
0.0174673507462687 8.73369094115615
0.0175139925373134 8.75701179521884
0.0175606343283582 8.78033264950269
0.017607276119403 8.80365350400525
0.0176539179104478 8.82697435872606
0.0177005597014925 8.85029521366005
0.0177472014925373 8.87361606880497
0.0177938432835821 8.89693692416373
0.0178404850746269 8.92025777972901
0.0178871268656716 8.94357863551012
0.0179337686567164 8.96689949149286
0.0179804104477612 8.99022034768456
0.018027052238806 9.01354120408235
0.0180736940298507 9.03686206067689
0.0181203358208955 9.06018291747063
0.0181669776119403 9.08350377446316
0.0182136194029851 9.10682463165976
0.0182602611940299 9.13014548904579
0.0183069029850746 9.15346634662575
0.0183535447761194 9.17678720439514
0.0184001865671642 9.20010806236129
0.018446828358209 9.22342892051892
0.0184934701492537 9.24674977886112
0.0185401119402985 9.27007063738787
0.0185867537313433 9.29339149610856
0.0186333955223881 9.31671235501067
0.0186800373134328 9.34003321409454
0.0187266791044776 9.36335407335983
0.0187733208955224 9.38667493279958
0.0188199626865672 9.40999579242143
0.0188666044776119 9.43331665222295
0.0189132462686567 9.45663751220381
0.0189598880597015 9.47995837235389
0.0190065298507463 9.503279232676
0.019053171641791 9.52660009317533
0.0190998134328358 9.54992095384214
0.0191464552238806 9.57324181468586
0.0191930970149254 9.59656267569463
0.0192397388059702 9.61988353687329
0.0192863805970149 9.64320439820939
0.0193330223880597 9.66652525971782
0.0193796641791045 9.68984612138154
0.0194263059701493 9.71316698321731
0.019472947761194 9.7364878452108
0.0195195895522388 9.75980870736687
0.0195662313432836 9.78312956967796
0.0196128731343284 9.80645043215162
0.0196595149253731 9.82977129477812
0.0197061567164179 9.85309215756207
0.0197527985074627 9.87641302049885
0.0197994402985075 9.89973388359089
0.0198460820895522 9.92305474683309
0.019892723880597 9.94637561023224
0.0199393656716418 9.96969647377669
0.0199860074626866 9.99301733747395
0.0200326492537313 10.0163382013192
0.0200792910447761 10.0396590653072
0.0201259328358209 10.0629799294457
0.0201725746268657 10.0863007937247
0.0202192164179104 10.109621658154
0.0202658582089552 10.132942522719
0.0203125 10.1562633874343
0.0203591417910448 10.1795842522845
0.0204057835820896 10.20290511728
0.0204524253731343 10.2262259824114
0.0204990671641791 10.2495468476833
0.0205457089552239 10.2728677130907
0.0205923507462687 10.296188578634
0.0206389925373134 10.3195094443154
0.0206856343283582 10.3428303101299
0.020732276119403 10.3661511760753
0.0207789179104478 10.3894720421564
0.0208255597014925 10.4127929083699
0.0208722014925373 10.4361137747142
0.0209188432835821 10.459434641187
0.0209654850746269 10.482755507788
0.0210121268656716 10.5060763745223
0.0210587686567164 10.5293972413777
0.0211054104477612 10.5527181083615
0.021152052238806 10.576038975476
0.0211986940298507 10.5993598427141
0.0212453358208955 10.6226807100732
0.0212919776119403 10.646001577555
0.0213386194029851 10.6693224451603
0.0213852611940299 10.6926433128867
0.0214319029850746 10.7159641807366
0.0214785447761194 10.7392850487099
0.0215251865671642 10.7626059168019
0.021571828358209 10.78592678501
0.0216184701492537 10.8092476533344
0.0216651119402985 10.8325685217749
0.0217117537313433 10.8558893903316
0.0217583955223881 10.879210259007
0.0218050373134328 10.9025311278009
0.0218516791044776 10.9258519967013
0.0218983208955224 10.9491728657204
0.0219449626865672 10.9724937348483
0.0219916044776119 10.9958146040899
0.0220382462686567 11.0191354734428
0.0220848880597015 11.0424563429087
0.0221315298507463 11.0657772124786
0.022178171641791 11.0890980821647
0.0222248134328358 11.1124189519547
0.0222714552238806 11.1357398218537
0.0223180970149254 11.1590606918591
0.0223647388059702 11.1823815619708
0.0224113805970149 11.2057024321867
0.0224580223880597 11.2290233025138
0.0225046641791045 11.2523441729449
0.0225513059701493 11.2756650434767
0.022597947761194 11.2989859141127
0.0226445895522388 11.32230678485
0.0226912313432836 11.3456276556914
0.0227378731343284 11.3689485266296
0.0227845149253731 11.3922693976765
0.0228311567164179 11.4155902688202
0.0228777985074627 11.4389111400581
0.0229244402985075 11.4622320114
0.0229710820895522 11.4855528828361
0.023017723880597 11.5088737543682
0.0230643656716418 11.5321946260018
0.0231110074626866 11.5555154977296
0.0231576492537313 11.5788363695541
0.0232042910447761 11.6021572414705
0.0232509328358209 11.6254781134859
0.0232975746268657 11.6487989855956
0.0233442164179105 11.672119857802
0.0233908582089552 11.6954407300977
0.0234375 11.7187616024805
0.0234841417910448 11.742082474959
0.0235307835820896 11.765403347527
0.0235774253731343 11.7887242201867
0.0236240671641791 11.8120450929407
0.0236707089552239 11.8353659657865
0.0237173507462687 11.8586868387144
0.0237639925373134 11.8820077117316
0.0238106343283582 11.9053285848407
0.023857276119403 11.9286494580391
0.0239039179104478 11.9519703313195
0.0239505597014925 11.9752912046822
0.0239972014925373 11.9986120781414
0.0240438432835821 12.0219329516826
0.0240904850746269 12.0452538253134
0.0241371268656716 12.0685746990212
0.0241837686567164 12.0918955728111
0.0242304104477612 12.115216446688
0.024277052238806 12.1385373206493
0.0243236940298507 12.1618581946902
0.0243703358208955 12.1851790688158
0.0244169776119403 12.2084999430224
0.0244636194029851 12.2318208173088
0.0245102611940299 12.2551416916699
0.0245569029850746 12.2784625661227
0.0246035447761194 12.3017834406505
0.0246501865671642 12.3251043152602
0.024696828358209 12.3484251899518
0.0247434701492537 12.3717460647209
0.0247901119402985 12.3950669395646
0.0248367537313433 12.4183878144878
0.0248833955223881 12.4417086894875
0.0249300373134328 12.4650295645646
0.0249766791044776 12.4883504397185
0.0250233208955224 12.5116713149497
0.0250699626865672 12.534992190255
0.0251166044776119 12.5583130656341
0.0251632462686567 12.5816339410914
0.0252098880597015 12.6049548166167
0.0252565298507463 12.6282756922199
0.025303171641791 12.6515965678997
0.0253498134328358 12.674917443651
0.0253964552238806 12.6982383194688
0.0254430970149254 12.7215591953615
0.0254897388059701 12.7448800713225
0.0255363805970149 12.7682009473636
0.0255830223880597 12.7915218234699
0.0256296641791045 12.8148426996502
0.0256763059701493 12.8381635759018
0.025722947761194 12.8614844522187
0.0257695895522388 12.8848053286136
0.0258162313432836 12.9081262050714
0.0258628731343284 12.9314470815994
0.0259095149253731 12.9547679581941
0.0259561567164179 12.9780888348528
0.0260027985074627 13.0014097115767
0.0260494402985075 13.0247305883791
0.0260960820895522 13.0480514652454
0.026142723880597 13.0713723421761
0.0261893656716418 13.094693219173
0.0262360074626866 13.1180140962363
0.0262826492537313 13.1413349733648
0.0263292910447761 13.1646558505548
0.0263759328358209 13.1879767278091
0.0264225746268657 13.2112976051264
0.0264692164179104 13.2346184825114
0.0265158582089552 13.2579393599646
0.0265625 13.2812602374807
0.0266091417910448 13.3045811150607
0.0266557835820896 13.3279019927074
0.0267024253731343 13.3512228704098
0.0267490671641791 13.374543748175
0.0267957089552239 13.3978646259987
0.0268423507462687 13.4211855038878
0.0268889925373134 13.4445063818358
0.0269356343283582 13.4678272598433
0.026982276119403 13.4911481379201
0.0270289179104478 13.5144690160504
0.0270755597014925 13.5377898942388
0.0271222014925373 13.5611107724886
0.0271688432835821 13.5844316507973
0.0272154850746269 13.6077525291631
0.0272621268656716 13.6310734075933
0.0273087686567164 13.65439428608
0.0273554104477612 13.6777151646258
0.027402052238806 13.701036043227
0.0274486940298507 13.7243569218892
0.0274953358208955 13.7476778006084
0.0275419776119403 13.7709986793823
0.0275886194029851 13.7943195582102
0.0276352611940299 13.8176404370948
0.0276819029850746 13.8409613160397
0.0277285447761194 13.8642821950382
0.0277751865671642 13.8876030740914
0.027821828358209 13.9109239532016
0.0278684701492537 13.9342448323659
0.0279151119402985 13.9575657115883
0.0279617537313433 13.9808865908619
0.0280083955223881 14.0042074701957
0.0280550373134328 14.0275283495755
0.0281016791044776 14.0508492290124
0.0281483208955224 14.0741701084984
0.0281949626865672 14.0974909880401
0.0282416044776119 14.1208118676382
0.0282882462686567 14.1441327472833
0.0283348880597015 14.1674536269803
0.0283815298507463 14.1907745067341
0.028428171641791 14.214095386537
0.0284748134328358 14.2374162663882
0.0285214552238806 14.2607371462934
0.0285680970149254 14.2840580262485
0.0286147388059702 14.3073789062544
0.0286613805970149 14.3306997863083
0.0287080223880597 14.3540206664182
0.0287546641791045 14.3773415465766
0.0288013059701493 14.4006624267841
0.028847947761194 14.4239833070414
0.0288945895522388 14.4473041873495
0.0289412313432836 14.4706250677105
0.0289878731343284 14.493945948113
0.0290345149253731 14.5172668285639
0.0290811567164179 14.5405877090638
0.0291277985074627 14.5639085896184
0.0291744402985075 14.587229470218
0.0292210820895522 14.6105503508615
0.029267723880597 14.6338712315529
0.0293143656716418 14.6571921122914
0.0293610074626866 14.6805129930765
0.0294076492537313 14.7038338739066
0.0294542910447761 14.7271547547841
0.0295009328358209 14.7504756357081
0.0295475746268657 14.7737965166793
0.0295942164179104 14.7971173976984
0.0296408582089552 14.8204382787638
0.0296875 14.8437591598742
0.0297341417910448 14.8670800410271
0.0297807835820896 14.8904009222241
0.0298274253731343 14.9137218034659
0.0298740671641791 14.9370426847531
0.0299207089552239 14.9603635660866
0.0299673507462687 14.9836844474651
0.0300139925373134 15.0070053288886
0.0300606343283582 15.0303262103537
0.030107276119403 15.0536470918601
0.0301539179104478 15.0769679734152
0.0302005597014925 15.1002888550059
0.0302472014925373 15.1236097366428
0.0302938432835821 15.1469306183222
0.0303404850746269 15.1702515000457
0.0303871268656716 15.1935723818129
0.0304337686567164 15.2168932636266
0.0304804104477612 15.2402141454802
0.030527052238806 15.2635350273683
0.0305736940298507 15.2868559092963
0.0306203358208955 15.3101767912684
0.0306669776119403 15.3334976732818
0.0307136194029851 15.3568185553368
0.0307602611940299 15.3801394374317
0.0308069029850746 15.4034603195708
0.0308535447761194 15.4267812017524
0.0309001865671642 15.4501020839731
0.030946828358209 15.4734229662327
0.0309934701492537 15.4967438485289
0.0310401119402985 15.5200647308702
0.0310867537313433 15.5433856132455
0.0311333955223881 15.5667064956636
0.0311800373134328 15.5900273781207
0.0312266791044776 15.6133482606167
0.0312733208955224 15.6366691431519
0.0313199626865672 15.6599900257271
0.0313666044776119 15.6833109083366
0.0314132462686567 15.7066317909849
0.0314598880597015 15.7299526736723
0.0315065298507463 15.7532735563988
0.031553171641791 15.7765944391642
0.0315998134328358 15.7999153219661
0.0316464552238806 15.8232362048046
0.0316930970149254 15.8465570876821
0.0317397388059701 15.8698779705937
0.0317863805970149 15.8931988535469
0.0318330223880597 15.9165197365341
0.0318796641791045 15.9398406195579
0.0319263059701493 15.9631615026206
0.031972947761194 15.9864823857199
0.0320195895522388 16.0098032688534
0.0320662313432836 16.0331241520235
0.0321128731343284 16.0564450352276
0.0321595149253731 16.0797659184683
0.0322061567164179 16.1030868017431
0.0322527985074627 16.126407685052
0.0322994402985075 16.1497285684025
0.0323460820895522 16.1730494517869
0.032392723880597 16.1963703352007
0.0324393656716418 16.2196912186511
0.0324860074626866 16.2430121021379
0.0325326492537313 16.2663329856638
0.0325792910447761 16.2896538692165
0.0326259328358209 16.3129747528082
0.0326725746268657 16.336295636434
0.0327192164179105 16.3596165200915
0.0327658582089552 16.3829374037832
0.0328125 16.4062582875114
0.0328591417910448 16.4295791712712
0.0329057835820896 16.4529000550628
0.0329524253731343 16.4762209388861
0.0329990671641791 16.4995418227483
0.0330457089552239 16.5228627066398
0.0330923507462687 16.546183590563
0.0331389925373134 16.5695044745179
0.0331856343283582 16.5928253585069
0.033232276119403 16.6161462425275
0.0332789179104478 16.63946712658
0.0333255597014925 16.6627880106664
0.0333722014925373 16.6861088947846
0.0334188432835821 16.7094297789345
0.0334654850746269 16.732750663116
0.0335121268656716 16.7560715473317
0.0335587686567164 16.7793924315766
0.0336054104477612 16.8027133158533
0.033652052238806 16.8260342001616
0.0336986940298507 16.8493550844991
0.0337453358208955 16.8726759688708
0.0337919776119403 16.8959968532693
0.0338386194029851 16.9193177376995
0.0338852611940299 16.942638622159
0.0339319029850746 16.9659595066476
0.0339785447761194 16.9892803911704
0.0340251865671642 17.0126012757224
0.034071828358209 17.0359221603037
0.0341184701492537 17.0592430449118
0.0341651119402985 17.0825639295541
0.0342117537313433 17.1058848142281
0.0342583955223881 17.1292056989263
0.0343050373134328 17.1525265836562
0.0343516791044776 17.175847468413
0.0343983208955224 17.1991683532015
0.0344449626865672 17.2224892380169
0.0344916044776119 17.2458101228687
0.0345382462686567 17.269131007745
0.0345848880597015 17.2924518926528
0.0346315298507463 17.3157727775851
0.034678171641791 17.3390936625466
0.0347248134328358 17.3624145475351
0.0347714552238806 17.3857354325526
0.0348180970149254 17.4090563175994
0.0348647388059702 17.4323772026733
0.0349113805970149 17.4556980877736
0.0349580223880597 17.4790189729057
0.0350046641791045 17.5023398580624
0.0350513059701493 17.5256607432505
0.035097947761194 17.5489816284631
0.0351445895522388 17.5723025137027
0.0351912313432836 17.5956233989687
0.0352378731343284 17.6189442842666
0.0352845149253731 17.6422651695867
0.0353311567164179 17.665586054938
0.0353777985074627 17.688906940309
0.0354244402985075 17.7122278257142
0.0354710820895522 17.735548711139
0.035517723880597 17.7588695965952
0.0355643656716418 17.7821904820785
0.0356110074626866 17.8055113675834
0.0356576492537313 17.8288322531153
0.0357042910447761 17.852153138674
0.0357509328358209 17.8754740242596
0.0357975746268657 17.8987949098721
0.0358442164179104 17.9221157955113
0.0358908582089552 17.945436681177
0.0359375 17.9687575668649
0.0359841417910448 17.9920784525772
0.0360307835820896 18.0153993383187
0.0360774253731343 18.0387202240848
0.0361240671641791 18.0620411098751
0.0361707089552239 18.0853619956895
0.0362173507462687 18.108682881531
0.0362639925373134 18.1320037673968
0.0363106343283582 18.1553246532846
0.036357276119403 18.1786455391994
0.0364039179104478 18.2019664251359
0.0364505597014925 18.225287311099
0.0364972014925373 18.2486081970891
0.0365438432835821 18.2719290830963
0.0365904850746269 18.2952499691352
0.0366371268656716 18.3185708551939
0.0366837686567164 18.3418917412788
0.0367304104477612 18.3652126273887
0.036777052238806 18.3885335135175
0.0368236940298508 18.4118543996758
0.0368703358208955 18.4351752858609
0.0369169776119403 18.4584961720634
0.0369636194029851 18.4818170582921
0.0370102611940299 18.505137944541
0.0370569029850746 18.5284588308135
0.0371035447761194 18.5517797171157
0.0371501865671642 18.5751006034373
0.037196828358209 18.5984214897812
0.0372434701492537 18.6217423761464
0.0372901119402985 18.6450632625338
0.0373367537313433 18.6683841489484
0.0373833955223881 18.6917050353818
0.0374300373134328 18.7150259218424
0.0374766791044776 18.7383468083225
0.0375233208955224 18.7616676948248
0.0375699626865672 18.7849885813484
0.0376166044776119 18.8083094678943
0.0376632462686567 18.8316303544625
0.0377098880597015 18.8549512410543
0.0377565298507463 18.8782721276684
0.037803171641791 18.9015930143049
0.0378498134328358 18.9249139009649
0.0378964552238806 18.9482347876449
0.0379430970149254 18.9715556743468
0.0379897388059702 18.994876561071
0.0380363805970149 19.0181974478163
0.0380830223880597 19.0415183345844
0.0381296641791045 19.0648392213712
0.0381763059701493 19.0881601081828
0.038222947761194 19.1114809950114
0.0382695895522388 19.1348018818648
0.0383162313432836 19.1581227687344
0.0383628731343284 19.1814436556268
0.0384095149253731 19.2047645425404
0.0384561567164179 19.2280854294762
0.0385027985074627 19.251406316434
0.0385494402985075 19.2747272034113
0.0385960820895522 19.2980480904086
0.038642723880597 19.3213689774249
0.0386893656716418 19.3446898644627
0.0387360074626866 19.3680107515253
0.0387826492537313 19.3913316386026
0.0388292910447761 19.4146525257017
0.0388759328358209 19.4379734128209
0.0389225746268657 19.4612942999615
0.0389692164179104 19.4846151871236
0.0390158582089552 19.5079360743008
0.0390625 19.5312569615023
0.0391091417910448 19.5545778487234
0.0391557835820896 19.5778987359644
0.0392024253731343 19.601219623222
0.0392490671641791 19.6245405105011
0.0392957089552239 19.6478613977953
0.0393423507462687 19.6711822851138
0.0393889925373134 19.6945031724518
0.0394356343283582 19.7178240598099
0.039482276119403 19.7411449471864
0.0395289179104478 19.7644658345786
0.0395755597014925 19.7877867219942
0.0396222014925373 19.8111076094273
0.0396688432835821 19.8344284968799
0.0397154850746269 19.8577493843525
0.0397621268656716 19.8810702718412
0.0398087686567164 19.9043911593523
0.0398554104477612 19.9277120468785
0.039902052238806 19.9510329344257
0.0399486940298508 19.9743538219904
0.0399953358208955 19.9976747095776
0.0400419776119403 20.0209955971808
0.0400886194029851 20.0443164847992
0.0401352611940299 20.06763737244
0.0401819029850746 20.0909582600992
0.0402285447761194 20.1142791477761
0.0402751865671642 20.137600035473
0.040321828358209 20.1609209231846
0.0403684701492537 20.1842418109163
0.0404151119402985 20.2075626986614
0.0404617537313433 20.2308835864278
0.0405083955223881 20.2542044742114
0.0405550373134328 20.2775253620131
0.0406016791044776 20.3008462498308
0.0406483208955224 20.3241671376685
0.0406949626865672 20.3474880255257
0.040741604477612 20.3708089133963
0.0407882462686567 20.3941298012895
0.0408348880597015 20.4174506891955
0.0408815298507463 20.4407715771216
0.0409281716417911 20.4640924650665
0.0409748134328358 20.4874133530237
0.0410214552238806 20.5107342410004
0.0410680970149254 20.5340551289947
0.0411147388059701 20.5573760170079
0.0411613805970149 20.5806969050352
0.0412080223880597 20.6040177930801
0.0412546641791045 20.6273386811408
0.0413013059701493 20.6506595692198
0.041347947761194 20.6739804573129
0.0413945895522388 20.6973013454273
0.0414412313432836 20.7206222335557
0.0414878731343284 20.7439431217005
0.0415345149253731 20.7672640098648
0.0415811567164179 20.7905848980414
0.0416277985074627 20.8139057862368
0.0416744402985075 20.8372266744481
0.0417210820895522 20.860547562674
0.041767723880597 20.8838684509193
0.0418143656716418 20.90718933918
0.0418610074626866 20.9305102274552
0.0419076492537313 20.9538311157482
0.0419542910447761 20.9771520040569
0.0420009328358209 21.0004728923821
0.0420475746268657 21.0237937807238
0.0420942164179104 21.0471146690813
0.0421408582089552 21.070435557454
0.0421875 21.0937564458409
0.0422341417910448 21.1170773342458
0.0422807835820896 21.1403982226649
0.0423274253731343 21.1637191111005
0.0423740671641791 21.1870399995542
0.0424207089552239 21.2103608880183
0.0424673507462687 21.2336817765027
0.0425139925373134 21.257002664999
0.0425606343283582 21.2803235535131
0.042607276119403 21.3036444420407
0.0426539179104478 21.3269653305848
0.0427005597014925 21.3502862191432
0.0427472014925373 21.3736071077166
0.0427938432835821 21.3969279963043
0.0428404850746269 21.4202488849098
0.0428871268656716 21.4435697735288
0.0429337686567164 21.4668906621648
0.0429804104477612 21.4902115508149
0.043027052238806 21.5135324394789
0.0430736940298507 21.5368533281605
0.0431203358208955 21.5601742168537
0.0431669776119403 21.5834951055616
0.0432136194029851 21.6068159942829
0.0432602611940299 21.6301368830221
0.0433069029850746 21.6534577717738
0.0433535447761194 21.6767786605419
0.0434001865671642 21.7000995493217
0.043446828358209 21.7234204381198
0.0434934701492537 21.74674132693
0.0435401119402985 21.7700622157557
0.0435867537313433 21.7933831045965
0.0436333955223881 21.8167039934486
0.0436800373134328 21.8400248823173
0.0437266791044776 21.8633457711995
0.0437733208955224 21.8866666600951
0.0438199626865672 21.9099875490073
0.0438666044776119 21.9333084379326
0.0439132462686567 21.9566293268716
0.0439598880597015 21.9799502158249
0.0440065298507463 22.0032711047899
0.0440531716417911 22.0265919937696
0.0440998134328358 22.0499128827623
0.0441464552238806 22.0732337717691
0.0441930970149254 22.0965546607914
0.0442397388059702 22.119875549828
0.0442863805970149 22.1431964388751
0.0443330223880597 22.1665173279352
0.0443796641791045 22.1898382170132
0.0444263059701493 22.2131591061029
0.044472947761194 22.2364799952057
0.0445195895522388 22.2598008843215
0.0445662313432836 22.2831217734514
0.0446128731343284 22.3064426625932
0.0446595149253731 22.3297635517505
0.0447061567164179 22.3530844409218
0.0447527985074627 22.3764053301013
0.0447994402985075 22.3997262192979
0.0448460820895522 22.4230471085064
0.044892723880597 22.4463679977289
0.0449393656716418 22.4696888869642
0.0449860074626866 22.4930097762123
0.0450326492537313 22.5163306654759
0.0450792910447761 22.5396515547505
0.0451259328358209 22.5629724440386
0.0451725746268657 22.5862933333409
0.0452192164179104 22.6096142226533
0.0452658582089552 22.6329351119794
0.0453125 22.6562560013185
0.0453591417910448 22.6795768906699
0.0454057835820896 22.7028977800335
0.0454524253731343 22.7262186694114
0.0454990671641791 22.7495395588018
0.0455457089552239 22.7728604482046
0.0455923507462687 22.7961813376169
0.0456389925373134 22.8195022270439
0.0456856343283582 22.842823116483
0.045732276119403 22.8661440059341
0.0457789179104478 22.8894648953963
0.0458255597014925 22.9127857848723
0.0458722014925373 22.9361066743626
0.0459188432835821 22.9594275638627
0.0459654850746269 22.9827484533761
0.0460121268656716 23.0060693429016
0.0460587686567164 23.0293902324372
0.0461054104477612 23.0527111219894
0.046152052238806 23.0760320115531
0.0461986940298507 23.0993529011263
0.0462453358208955 23.1226737907129
0.0462919776119403 23.1459946803127
0.0463386194029851 23.1693155699214
0.0463852611940299 23.1926364595431
0.0464319029850746 23.2159573491787
0.0464785447761194 23.239278238825
0.0465251865671642 23.2625991284811
0.046571828358209 23.2859200181503
0.0466184701492537 23.309240907831
0.0466651119402985 23.3325617975248
0.0467117537313433 23.3558826872306
0.0467583955223881 23.3792035769454
0.0468050373134328 23.4025244666733
0.0468516791044776 23.4258453564133
0.0468983208955224 23.4491662461622
0.0469449626865672 23.4724871359243
0.0469916044776119 23.4958080256961
0.0470382462686567 23.5191289154812
0.0470848880597015 23.5424498052763
0.0471315298507463 23.5657706950834
0.047178171641791 23.5890915849029
0.0472248134328358 23.6124124747296
0.0472714552238806 23.6357333645709
0.0473180970149254 23.6590542544244
0.0473647388059702 23.6823751442875
0.0474113805970149 23.7056960341605
0.0474580223880597 23.7290169240446
0.0475046641791045 23.7523378139383
0.0475513059701493 23.7756587038466
0.047597947761194 23.7989795937659
0.0476445895522388 23.8223004836949
0.0476912313432836 23.8456213736337
0.0477378731343284 23.8689422635848
0.0477845149253731 23.8922631535455
0.0478311567164179 23.9155840435148
0.0478777985074627 23.9389049334975
0.0479244402985075 23.9622258234935
0.0479710820895522 23.9855467134956
0.048017723880597 24.0088676035113
0.0480643656716418 24.0321884935415
0.0481110074626866 24.055509383579
0.0481576492537314 24.0788302736251
0.0482042910447761 24.1021511636857
0.0482509328358209 24.1254720537562
0.0482975746268657 24.1487929438363
0.0483442164179105 24.1721138339251
0.0483908582089552 24.195434724026
0.0484375 24.2187556141354
0.0484841417910448 24.2420765042569
0.0485307835820896 24.2653973943871
0.0485774253731343 24.2887182845319
0.0486240671641791 24.312039174684
0.0486707089552239 24.335360064847
0.0487173507462687 24.3586809550198
0.0487639925373134 24.3820018452048
0.0488106343283582 24.4053227353959
0.048857276119403 24.4286436255979
0.0489039179104478 24.4519645158109
0.0489505597014925 24.4752854060325
0.0489972014925373 24.4986062962699
0.0490438432835821 24.5219271865109
0.0490904850746269 24.5452480767654
0.0491371268656716 24.5685689670296
0.0491837686567164 24.5918898573036
0.0492304104477612 24.6152107475885
0.049277052238806 24.6385316378844
0.0493236940298507 24.6618525281864
0.0493703358208955 24.685173418503
0.0494169776119403 24.7084943088244
0.0494636194029851 24.7318151991593
0.0495102611940299 24.7551360895016
0.0495569029850746 24.7784569798559
0.0496035447761194 24.8017778702177
0.0496501865671642 24.8250987605915
0.049696828358209 24.8484196509739
0.0497434701492537 24.8717405413661
0.0497901119402985 24.8950614317656
0.0498367537313433 24.9183823221785
0.0498833955223881 24.9417032125987
0.0499300373134328 24.9650241030274
0.0499766791044776 24.9883449934695
