0 918.002772272534
5e-05 918.001522272534
0.0001 917.999438939201
0.00015 917.9961889392
0.0002 917.991724653486
0.00025 917.986030209042
0.0003 917.97909839086
0.00035 917.970925313937
0.0004 917.96150864727
0.00045 917.950846882565
0.0005 917.938938987828
0.00055 917.925784225923
0.0006 917.91138205201
0.00065 917.89573205201
0.0007 917.878833903862
0.00075 917.860687352138
0.0008 917.841292190847
0.00085 917.820648251453
0.0009 917.798755394309
0.00095 917.775613502417
0.001 917.751222476776
0.00105 917.725582232873
0.0011 917.698692697989
0.00115 917.6705538091
0.0012 917.641165511227
0.00125 917.610527756125
0.0013 917.578640501223
0.00135 917.54550370877
0.0014 917.511117345133
0.00145 917.475481380221
0.0015 917.438595787
0.00155 917.400460541098
0.0016 917.361075620462
0.00165 917.320441005077
0.0017 917.278556676719
0.00175 917.235422618747
0.0018 917.19103881593
0.00185 917.145405254286
0.0019 917.098521920952
0.00195 917.050388804069
0.002 917.001005892676
0.00205 916.950373176627
0.0021 916.898490646506
0.00215 916.845358293564
0.0022 916.790976109655
0.00225 916.735344087182
0.0023 916.678462219049
0.00235 916.620330498619
0.0024 916.56094891967
0.00245 916.500317476371
0.0025 916.438436163239
0.00255 916.375304975119
0.0026 916.310923907157
0.00265 916.245292954775
0.0027 916.178412113653
0.00275 916.110281379707
0.0028 916.040900749076
0.00285 915.970270218102
0.0029 915.898389783318
0.00295 915.825259441438
0.003 915.750879189336
0.00305 915.675249024046
0.0031 915.598368942744
0.00315 915.520238942743
0.0032 915.440859021483
0.00325 915.36022917652
0.0033 915.278349405527
0.00335 915.195219706277
0.0034 915.110840076646
0.00345 915.025210514602
0.0035 914.938331018198
0.00355 914.850201585573
0.0036 914.760822214943
0.00365 914.670192904598
0.0037 914.578313652897
0.00375 914.485184458265
0.0038 914.390805319191
0.00385 914.295176234223
0.0039 914.198297201965
0.00395 914.100168221073
0.004 914.000789290254
0.00405 913.900160408266
0.0041 913.79828157391
0.00415 913.695152786031
0.0042 913.590774043515
0.00425 913.48514534529
0.0043 913.378266690319
0.00435 913.270138077602
0.0044 913.160759506173
0.00445 913.0501309751
0.0045 912.938252483479
0.00455 912.82512403044
0.0046 912.71074561514
0.00465 912.595117236761
0.0047 912.478238894515
0.00475 912.360110587637
0.0048 912.240732315385
0.00485 912.120104077043
0.0049 911.998225871915
0.00495 911.875097699325
0.005 911.750719558621
0.00505 911.625091449168
0.0051 911.49821337035
0.00515 911.370085321569
0.0052 911.240707302245
0.00525 911.110079311814
0.0053 910.978201349728
0.00535 910.845073415455
0.0054 910.710695508478
0.00545 910.575067628293
0.0055 910.438189774412
0.00555 910.300061946357
0.0056 910.160684143666
0.00565 910.020056365888
0.0057 909.878178612583
0.00575 909.735050883325
0.0058 909.590673177697
0.00585 909.445045495292
0.0059 909.298167835717
0.00595 909.150040198585
0.006 909.000662583522
0.00605 908.850034990159
0.0061 908.698157418142
0.00615 908.54502986712
0.0062 908.390652336754
0.00625 908.235024826713
0.0063 908.078147336672
0.00635 907.920019866315
0.0064 907.760642415333
0.00645 907.600014983425
0.0065 907.438137570296
0.00655 907.275010175658
0.0066 907.110632799231
0.00665 906.945005440739
0.0067 906.778128099914
0.00675 906.610000776493
0.0068 906.440623470219
0.00685 906.269996180841
0.0069 906.098118908114
0.00695 905.924991651795
0.007 905.750614411652
0.00705 905.574987187452
0.0071 905.398109978971
0.00715 905.219982785987
0.0072 905.040605608286
0.00725 904.859978445656
0.0073 904.678101297889
0.00735 904.494974164783
0.0074 904.310597046139
0.00745 904.124969941761
0.0075 903.93809285146
0.00755 903.749965775048
0.0076 903.560588712342
0.00765 903.369961663162
0.0077 903.178084627331
0.00775 902.984957604677
0.0078 902.790580595031
0.00785 902.594953598225
0.0079 902.398076614097
0.00795 902.199949642488
0.008 902.00057268324
0.00805 901.799945736199
0.0081 901.598068801214
0.00815 901.394941878137
0.0082 901.190564966821
0.00825 900.984938067125
0.0083 900.778061178907
0.00835 900.569934302029
0.0084 900.360557436357
0.00845 900.149930581758
0.0085 899.9380537381
0.00855 899.724926905256
0.0086 899.510550083098
0.00865 899.294923271504
0.0087 899.078046470351
0.00875 898.85991967952
0.0088 898.640542898894
0.00885 898.419916128355
0.0089 898.198039367792
0.00895 897.974912617091
0.009 897.750535876144
0.00905 897.524909144842
0.0091 897.298032423079
0.00915 897.06990571075
0.0092 896.840529007753
0.00925 896.609902313986
0.0093 896.37802562935
0.00935 896.144898953747
0.0094 895.91052228708
0.00945 895.674895629254
0.0095 895.438018980178
0.00955 895.199892339757
0.0096 894.960515707902
0.00965 894.719889084525
0.0097 894.478012469537
0.00975 894.234885862852
0.0098 893.990509264385
0.00985 893.744882674053
0.0099 893.498006091774
0.00995 893.249879517465
0.01 893.000502951048
0.01005 892.749876392444
0.0101 892.497999841575
0.01015 892.244873298364
0.0102 891.990496762737
0.01025 891.734870234619
0.0103 891.477993713937
0.01035 891.219867200619
0.0104 890.960490694594
0.01045 890.699864195792
0.0105 890.437987704144
0.01055 890.174861219583
0.0106 889.910484742041
0.01065 889.644858271452
0.0107 889.377981807751
0.01075 889.109855350874
0.0108 888.840478900757
0.01085 888.569852457338
0.0109 888.297976020556
0.01095 888.02484959035
0.011 887.750473166659
0.01105 887.474846749425
0.0111 887.197970338589
0.01115 886.919843934095
0.0112 886.640467535884
0.01125 886.359841143901
0.0113 886.077964758092
0.01135 885.7948383784
0.0114 885.510462004774
0.01145 885.224835637158
0.0115 884.937959275502
0.01155 884.649832919753
0.0116 884.360456569861
0.01165 884.069830225775
0.0117 883.777953887444
0.01175 883.484827554821
0.0118 883.190451227857
0.01185 882.894824906504
0.0119 882.597948590714
0.01195 882.299822280441
0.012 882.000445975639
0.01205 881.699819676262
0.0121 881.397943382265
0.01215 881.094817093604
0.0122 880.790440810236
0.01225 880.484814532116
0.0123 880.177938259202
0.01235 879.869811991452
0.0124 879.560435728825
0.01245 879.249809471278
0.0125 878.937933218771
0.01255 878.624806971265
0.0126 878.310430728719
0.01265 877.994804491093
0.0127 877.67792825835
0.01275 877.359802030451
0.0128 877.040425807357
0.01285 876.719799589032
0.0129 876.397923375438
0.01295 876.074797166539
0.013 875.750420962298
0.01305 875.42479476268
0.0131 875.097918567649
0.01315 874.769792377171
0.0132 874.44041619121
0.01325 874.109790009734
0.0133 873.777913832707
0.01335 873.444787660098
0.0134 873.110411491871
0.01345 872.774785327996
0.0135 872.437909168439
0.01355 872.099783013169
0.0136 871.760406862154
0.01365 871.419780715364
0.0137 871.077904572766
0.01375 870.734778434331
0.0138 870.390402300028
0.01385 870.044776169827
0.0139 869.697900043699
0.01395 869.349773921615
0.014 869.000397803545
0.01405 868.649771689461
0.0141 868.297895579335
0.01415 867.944769473138
0.0142 867.590393370843
0.01425 867.234767272423
0.0143 866.87789117785
0.01435 866.519765087097
0.0144 866.160389000139
0.01445 865.799762916948
0.0145 865.437886837498
0.01455 865.074760761764
0.0146 864.710384689721
0.01465 864.344758621342
0.0147 863.977882556604
0.01475 863.609756495482
0.0148 863.24038043795
0.01485 862.869754383985
0.0149 862.497878333563
0.01495 862.12475228666
0.015 861.750376243253
0.01505 861.374750203317
0.0151 860.997874166832
0.01515 860.619748133772
0.0152 860.240372104116
0.01525 859.859746077841
0.0153 859.477870054926
0.01535 859.094744035349
0.0154 858.710368019087
0.01545 858.324742006119
0.0155 857.937865996424
0.01555 857.549739989981
0.0156 857.160363986769
0.01565 856.769737986767
0.0157 856.377861989956
0.01575 855.984735996313
0.0158 855.59036000582
0.01585 855.194734018457
0.0159 854.797858034203
0.01595 854.39973205304
0.016 854.000356074947
0.01605 853.599730099906
0.0161 853.197854127898
0.01615 852.794728158904
0.0162 852.390352192905
0.01625 851.984726229883
0.0163 851.57785026982
0.01635 851.169724312698
0.0164 850.760348358497
0.01645 850.349722407202
0.0165 849.937846458794
0.01655 849.524720513255
0.0166 849.110344570569
0.01665 848.694718630717
0.0167 848.277842693684
0.01675 847.859716759452
0.0168 847.440340828005
0.01685 847.019714899326
0.0169 846.597838973399
0.01695 846.174713050207
0.017 845.750337129735
0.01705 845.324711211965
0.0171 844.897835296883
0.01715 844.469709384473
0.0172 844.040333474719
0.01725 843.609707567606
0.0173 843.177831663118
0.01735 842.744705761241
0.0174 842.310329861959
0.01745 841.874703965257
0.0175 841.437828071122
0.01755 840.999702179537
0.0176 840.560326290489
0.01765 840.119700403963
0.0177 839.677824519945
0.01775 839.234698638421
0.0178 838.790322759376
0.01785 838.344696882796
0.0179 837.897821008669
0.01795 837.44969513698
0.018 837.000319267716
0.01805 836.549693400863
0.0181 836.097817536407
0.01815 835.644691674337
0.0182 835.190315814638
0.01825 834.734689957297
0.0183 834.277814102303
0.01835 833.819688249641
0.0184 833.360312399299
0.01845 832.899686551266
0.0185 832.437810705527
0.01855 831.974684862071
0.0186 831.510309020885
0.01865 831.044683181957
0.0187 830.577807345276
0.01875 830.109681510829
0.0188 829.640305678604
0.01885 829.16967984859
0.0189 828.697804020774
0.01895 828.224678195145
0.019 827.750302371691
0.01905 827.274676550402
0.0191 826.797800731265
0.01915 826.31967491427
0.0192 825.840299099405
0.01925 825.35967328666
0.0193 824.877797476023
0.01935 824.394671667483
0.0194 823.91029586103
0.01945 823.424670056653
0.0195 822.937794254341
0.01955 822.449668454083
0.0196 821.960292655869
0.01965 821.469666859689
0.0197 820.977791065533
0.01975 820.484665273389
0.0198 819.990289483249
0.01985 819.494663695101
0.0199 818.997787908936
0.01995 818.499662124743
0.02 818.000286342514
0.02005 817.499660562238
0.0201 816.997784783905
0.02015 816.494659007506
0.0202 815.990283233031
0.02025 815.48465746047
0.0203 814.977781689815
0.02035 814.469655921056
0.0204 813.960280154184
0.02045 813.449654389188
0.0205 812.937778626061
0.02055 812.424652864793
0.0206 811.910277105375
0.02065 811.394651347798
0.0207 810.877775592053
0.02075 810.359649838131
0.0208 809.840274086023
0.02085 809.319648335722
0.0209 808.797772587218
0.02095 808.274646840502
0.021 807.750271095566
0.02105 807.224645352401
0.0211 806.697769611
0.02115 806.169643871354
0.0212 805.640268133453
0.02125 805.109642397292
0.0213 804.57776666286
0.02135 804.04464093015
0.0214 803.510265199154
0.02145 802.974639469864
0.0215 802.437763742273
0.02155 801.899638016371
0.0216 801.360262292151
0.02165 800.819636569606
0.0217 800.277760848728
0.02175 799.734635129509
0.0218 799.190259411941
0.02185 798.644633696017
0.0219 798.097757981729
0.02195 797.549632269071
0.022 797.000256558034
0.02205 796.449630848611
0.0221 795.897755140795
0.02215 795.344629434579
0.0222 794.790253729954
0.02225 794.234628026915
0.0223 793.677752325455
0.02235 793.119626625565
0.0224 792.560250927239
0.02245 791.99962523047
0.0225 791.437749535251
0.02255 790.874623841575
0.0226 790.310248149436
0.02265 789.744622458826
0.0227 789.177746769739
0.02275 788.609621082168
0.0228 788.040245396107
0.02285 787.469619711548
0.0229 786.897744028486
0.02295 786.324618346913
0.023 785.750242666824
0.02305 785.174616988211
0.0231 784.597741311069
0.02315 784.01961563539
0.0232 783.44023996117
0.02325 782.859614288401
0.0233 782.277738617077
0.02335 781.694612947192
0.0234 781.110237278739
0.02345 780.524611611714
0.0235 779.937735946109
0.02355 779.349610281919
0.0236 778.760234619138
0.02365 778.169608957759
0.0237 777.577733297778
0.02375 776.984607639187
0.0238 776.390231981981
0.02385 775.794606326155
0.0239 775.197730671702
0.02395 774.599605018616
0.024 774.000229366893
0.02405 773.399603716525
0.0241 772.797728067509
0.02415 772.194602419838
0.0242 771.590226773506
0.02425 770.984601128508
0.0243 770.377725484838
0.02435 769.769599842492
0.0244 769.160224201463
0.02445 768.549598561747
0.0245 767.937722923337
0.02455 767.324597286229
0.0246 766.710221650418
0.02465 766.094596015897
0.0247 765.477720382662
0.02475 764.859594750708
0.0248 764.240219120028
0.02485 763.61959349062
0.0249 762.997717862476
0.02495 762.374592235592
0.025 761.750216609964
0.02505 761.124590985585
0.0251 760.497715362452
0.02515 759.869589740558
0.0252 759.2402141199
0.02525 758.609588500471
0.0253 757.977712882269
0.02535 757.344587265286
0.0254 756.71021164952
0.02545 756.074586034965
0.0255 755.437710421616
0.02555 754.799584809468
0.0256 754.160209198518
0.02565 753.519583588759
0.0257 752.877707980188
0.02575 752.2345823728
0.0258 751.590206766589
0.02585 750.944581161553
0.0259 750.297705557685
0.02595 749.649579954983
0.026 749.00020435344
0.02605 748.349578753053
0.0261 747.697703153818
0.02615 747.044577555729
0.0262 746.390201958782
0.02625 745.734576362974
0.0263 745.077700768299
0.02635 744.419575174754
0.0264 743.760199582334
0.02645 743.099573991036
0.0265 742.437698400853
0.02655 741.774572811783
0.0266 741.110197223822
0.02665 740.444571636965
0.0267 739.777696051207
0.02675 739.109570466546
0.0268 738.440194882977
0.02685 737.769569300496
0.0269 737.097693719098
0.02695 736.42456813878
0.027 735.750192559538
0.02705 735.074566981367
0.0271 734.397691404265
0.02715 733.719565828226
0.0272 733.040190253247
0.02725 732.359564679323
0.0273 731.677689106452
0.02735 730.994563534629
0.0274 730.310187963851
0.02745 729.624562394113
0.0275 728.937686825412
0.02755 728.249561257743
0.0276 727.560185691105
0.02765 726.869560125491
0.0277 726.1776845609
0.02775 725.484558997327
0.0278 724.790183434767
0.02785 724.094557873219
0.0279 723.397682312679
0.02795 722.699556753142
0.028 722.000181194605
0.02805 721.299555637064
0.0281 720.597680080516
0.02815 719.894554524958
0.0282 719.190178970385
0.02825 718.484553416795
0.0283 717.777677864184
0.02835 717.069552312548
0.0284 716.360176761885
0.02845 715.64955121219
0.0285 714.93767566346
0.02855 714.224550115692
0.0286 713.510174568882
0.02865 712.794549023028
0.0287 712.077673478126
0.02875 711.359547934172
0.0288 710.640172391163
0.02885 709.919546849096
0.0289 709.197671307968
0.02895 708.474545767775
0.029 707.750170228514
0.02905 707.024544690183
0.0291 706.297669152777
0.02915 705.569543616293
0.0292 704.840168080729
0.02925 704.109542546081
0.0293 703.377667012347
0.02935 702.644541479522
0.0294 701.910165947604
0.02945 701.174540416589
0.0295 700.437664886476
0.02955 699.69953935726
0.0296 698.960163828939
0.02965 698.21953830151
0.0297 697.477662774969
0.02975 696.734537249313
0.0298 695.99016172454
0.02985 695.244536200648
0.0299 694.497660677632
0.02995 693.749535155489
0.03 693.000159634218
0.03005 692.249534113815
0.0301 691.497658594278
0.03015 690.744533075602
0.0302 689.990157557786
0.03025 689.234532040827
0.0303 688.477656524721
0.03035 687.719531009467
0.0304 686.960155495061
0.03045 686.1995299815
0.0305 685.437654468782
0.03055 684.674528956903
0.0306 683.910153445862
0.03065 683.144527935655
0.0307 682.37765242628
0.03075 681.609526917734
0.0308 680.840151410014
0.03085 680.069525903118
0.0309 679.297650397042
0.03095 678.524524891784
0.031 677.750149387343
0.03105 676.974523883714
0.0311 676.197648380895
0.03115 675.419522878884
0.0312 674.640147377678
0.03125 673.859521877275
0.0313 673.077646377672
0.03135 672.294520878866
0.0314 671.510145380855
0.03145 670.724519883637
0.0315 669.937644387208
0.03155 669.149518891567
0.0316 668.360143396711
0.03165 667.569517902637
0.0317 666.777642409343
0.03175 665.984516916827
0.0318 665.190141425086
0.03185 664.394515934117
0.0319 663.597640443918
0.03195 662.799514954487
0.032 662.000139465821
0.03205 661.199513977919
0.0321 660.397638490776
0.03215 659.594513004392
0.0322 658.790137518764
0.03225 657.984512033889
0.0323 657.177636549765
0.03235 656.36951106639
0.0324 655.560135583762
0.03245 654.749510101878
0.0325 653.937634620736
0.03255 653.124509140334
0.0326 652.310133660668
0.03265 651.494508181739
0.0327 650.677632703542
0.03275 649.859507226075
0.0328 649.040131749337
0.03285 648.219506273325
0.0329 647.397630798037
0.03295 646.574505323471
0.033 645.750129849624
0.03305 644.924504376495
0.0331 644.097628904081
0.03315 643.26950343238
0.0332 642.44012796139
0.03325 641.609502491108
0.0333 640.777627021534
0.03335 639.944501552663
0.0334 639.110126084495
0.03345 638.274500617028
0.0335 637.437625150259
0.03355 636.599499684186
0.0336 635.760124218807
0.03365 634.91949875412
0.0337 634.077623290123
0.03375 633.234497826814
0.0338 632.39012236419
0.03385 631.544496902251
0.0339 630.697621440993
0.03395 629.849495980416
0.034 629.000120520515
0.03405 628.149495061291
0.0341 627.297619602741
0.03415 626.444494144862
0.0342 625.590118687654
0.03425 624.734493231113
0.0343 623.877617775238
0.03435 623.019492320027
0.0344 622.160116865479
0.03445 621.299491411591
0.0345 620.437615958361
0.03455 619.574490505787
0.0346 618.710115053867
0.03465 617.844489602601
0.0347 616.977614151985
0.03475 616.109488702017
0.0348 615.240113252697
0.03485 614.369487804022
0.0349 613.49761235599
0.03495 612.6244869086
0.035 611.750111461849
0.03505 610.874486015736
0.0351 609.997610570259
0.03515 609.119485125416
0.0352 608.240109681205
0.03525 607.359484237625
0.0353 606.477608794673
0.03535 605.594483352349
0.0354 604.71010791065
0.03545 603.824482469574
0.0355 602.93760702912
0.03555 602.049481589286
0.0356 601.16010615007
0.03565 600.26948071147
0.0357 599.377605273485
0.03575 598.484479836113
0.0358 597.590104399352
0.03585 596.694478963201
0.0359 595.797603527657
0.03595 594.89947809272
0.036 594.000102658387
0.03605 593.099477224657
0.0361 592.197601791529
0.03615 591.294476359
0.0362 590.390100927068
0.03625 589.484475495734
0.0363 588.577600064993
0.03635 587.669474634846
0.0364 586.760099205289
0.03645 585.849473776322
0.0365 584.937598347944
0.03655 584.024472920152
0.0366 583.110097492944
0.03665 582.19447206632
0.0367 581.277596640278
0.03675 580.359471214815
0.0368 579.440095789931
0.03685 578.519470365624
0.0369 577.597594941892
0.03695 576.674469518735
0.037 575.750094096149
0.03705 574.824468674134
0.0371 573.897593252688
0.03715 572.96946783181
0.0372 572.040092411498
0.03725 571.10946699175
0.0373 570.177591572565
0.03735 569.244466153942
0.0374 568.310090735879
0.03745 567.374465318375
0.0375 566.437589901427
0.03755 565.499464485035
0.0376 564.560089069197
0.03765 563.619463653911
0.0377 562.677588239177
0.03775 561.734462824993
0.0378 560.790087411356
0.03785 559.844461998267
0.0379 558.897586585723
0.03795 557.949461173722
0.038 557.000085762264
0.03805 556.049460351348
0.0381 555.09758494097
0.03815 554.144459531131
0.0382 553.190084121829
0.03825 552.234458713062
0.0383 551.277583304829
0.03835 550.319457897129
0.0384 549.36008248996
0.03845 548.39945708332
0.0385 547.437581677209
0.03855 546.474456271626
0.0386 545.510080866567
0.03865 544.544455462034
0.0387 543.577580058023
0.03875 542.609454654534
0.0388 541.640079251566
0.03885 540.669453849116
0.0389 539.697578447184
0.03895 538.724453045768
0.039 537.750077644867
0.03905 536.77445224448
0.0391 535.797576844605
0.03915 534.819451445241
0.0392 533.840076046387
0.03925 532.859450648041
0.0393 531.877575250203
0.03935 530.89444985287
0.0394 529.910074456041
0.03945 528.924449059716
0.0395 527.937573663893
0.03955 526.949448268571
0.0396 525.960072873748
0.03965 524.969447479424
0.0397 523.977572085596
0.03975 522.984446692264
0.0398 521.990071299427
0.03985 520.994445907083
0.0399 519.997570515231
0.03995 518.999445123869
0.04 518.000069732997
0.04005 516.999444342614
0.0401 515.997568952717
0.04015 514.994443563306
0.0402 513.99006817438
0.04025 512.984442785937
0.0403 511.977567397976
0.04035 510.969442010497
0.0404 509.960066623497
0.04045 508.949441236976
0.0405 507.937565850932
0.04055 506.924440465365
0.0406 505.910065080273
0.04065 504.894439695655
0.0407 503.877564311509
0.04075 502.859438927836
0.0408 501.840063544632
0.04085 500.819438161898
0.0409 499.797562779632
0.04095 498.774437397833
0.041 497.7500620165
0.04105 496.724436635632
0.0411 495.697561255228
0.04115 494.669435875285
0.0412 493.640060495804
0.04125 492.609435116784
0.0413 491.577559738222
0.04135 490.544434360119
0.0414 489.510058982473
0.04145 488.474433605282
0.0415 487.437558228546
0.04155 486.399432852264
0.0416 485.360057476434
0.04165 484.319432101056
0.0417 483.277556726128
0.04175 482.234431351649
0.0418 481.190055977619
0.04185 480.144430604036
0.0419 479.097555230898
0.04195 478.049429858206
0.042 477.000054485958
0.04205 475.949429114152
0.0421 474.897553742789
0.04215 473.844428371866
0.0422 472.790053001383
0.04225 471.734427631339
0.0423 470.677552261733
0.04235 469.619426892563
0.0424 468.560051523828
0.04245 467.499426155529
0.0425 466.437550787662
0.04255 465.374425420229
0.0426 464.310050053226
0.04265 463.244424686655
0.0427 462.177549320512
0.04275 461.109423954798
0.0428 460.040048589512
0.04285 458.969423224652
0.0429 457.897547860218
0.04295 456.824422496207
0.043 455.750047132621
0.04305 454.674421769457
0.0431 453.597546406715
0.04315 452.519421044393
0.0432 451.44004568249
0.04325 450.359420321007
0.0433 449.277544959941
0.04335 448.194419599291
0.0434 447.110044239058
0.04345 446.024418879239
0.0435 444.937543519834
0.04355 443.849418160841
0.0436 442.760042802261
0.04365 441.669417444092
0.0437 440.577542086333
0.04375 439.484416728982
0.0438 438.39004137204
0.04385 437.294416015505
0.0439 436.197540659377
0.04395 435.099415303654
0.044 434.000039948335
0.04405 432.89941459342
0.0441 431.797539238908
0.04415 430.694413884797
0.0442 429.590038531087
0.04425 428.484413177777
0.0443 427.377537824866
0.04435 426.269412472353
0.0444 425.160037120237
0.04445 424.049411768518
0.0445 422.937536417194
0.04455 421.824411066265
0.0446 420.710035715729
0.04465 419.594410365586
0.0447 418.477535015834
0.04475 417.359409666474
0.0448 416.240034317504
0.04485 415.119408968923
0.0449 413.99753362073
0.04495 412.874408272925
0.045 411.750032925507
0.04505 410.624407578474
0.0451 409.497532231826
0.04515 408.369406885562
0.0452 407.240031539682
0.04525 406.109406194184
0.0453 404.977530849067
0.04535 403.844405504331
0.0454 402.710030159975
0.04545 401.574404815999
0.0455 400.4375294724
0.04555 399.299404129178
0.0456 398.160028786334
0.04565 397.019403443865
0.0457 395.87752810177
0.04575 394.73440276005
0.0458 393.590027418703
0.04585 392.444402077729
0.0459 391.297526737126
0.04595 390.149401396894
0.046 389.000026057032
0.04605 387.849400717539
0.0461 386.697525378415
0.04615 385.544400039659
0.0462 384.390024701269
0.04625 383.234399363245
0.0463 382.077524025586
0.04635 380.919398688292
0.0464 379.760023351362
0.04645 378.599398014794
0.0465 377.437522678588
0.04655 376.274397342744
0.0466 375.11002200726
0.04665 373.944396672136
0.0467 372.777521337371
0.04675 371.609396002964
0.0468 370.440020668915
0.04685 369.269395335222
0.0469 368.097520001885
0.04695 366.924394668904
0.047 365.750019336276
0.04705 364.574394004002
0.0471 363.397518672082
0.04715 362.219393340513
0.0472 361.040018009296
0.04725 359.859392678429
0.0473 358.677517347913
0.04735 357.494392017745
0.0474 356.310016687926
0.04745 355.124391358455
0.0475 353.937516029331
0.04755 352.749390700553
0.0476 351.560015372121
0.04765 350.369390044034
0.0477 349.17751471629
0.04775 347.98438938889
0.0478 346.790014061833
0.04785 345.594388735117
0.0479 344.397513408743
0.04795 343.199388082709
0.048 342.000012757015
0.04805 340.79938743166
0.0481 339.597512106643
0.04815 338.394386781964
0.0482 337.190011457622
0.04825 335.984386133616
0.0483 334.777510809946
0.04835 333.569385486611
0.0484 332.36001016361
0.04845 331.149384840943
0.0485 329.937509518608
0.04855 328.724384196605
0.0486 327.510008874934
0.04865 326.294383553594
0.0487 325.077508232584
0.04875 323.859382911903
0.0488 322.640007591551
0.04885 321.419382271527
0.0489 320.19750695183
0.04895 318.97438163246
0.049 317.750006313416
0.04905 316.524380994698
0.0491 315.297505676304
0.04915 314.069380358234
0.0492 312.840005040488
0.04925 311.609379723064
0.0493 310.377504405963
0.04935 309.144379089183
0.0494 307.910003772724
0.04945 306.674378456585
0.0495 305.437503140765
0.04955 304.199377825264
0.0496 302.960002510082
0.04965 301.719377195217
0.0497 300.477501880669
0.04975 299.234376566437
0.0498 297.990001252521
0.04985 296.74437593892
0.0499 295.497500625633
0.04995 294.24937531266
0.05 293
