0 924.49368537892
0.00495073771488337 912.238783418136
0.00700140042014005 905.93095712204
0.00857492925712544 899.740974619978
0.00990147542976674 893.581938001456
0.0110701860692512 887.435457486657
0.0121267812518166 881.295293897644
0.0130984207998896 875.158751723679
0.0140028008402801 869.024477292753
0.0148522131446501 862.891716558825
0.0156556072771287 856.760016303865
0.0164197394357296 850.62908776788
0.0171498585142509 844.498738276441
0.0178501386823854 838.36883435291
0.0185239643408737 832.239280609408
0.0191741247211843 826.110007067587
0.0198029508595335 819.980961227383
0.0204124145231932 813.852102931579
0.0210042012604201 807.723400940317
0.0215797653951521 801.594830586307
0.0221403721385024 795.466372132855
0.0226871303243258 789.338009600674
0.0232210182006412 783.209729914426
0.0237429039966909 777.081522271762
0.0242535625036333 770.953377670014
0.0247536885744169 764.825288546417
0.0252439082148701 758.697248501321
0.0257247877713763 752.56925208288
0.0261968415997792 746.44129461786
0.0266605385115434 740.313372077438
0.027116307227332 734.185480969836
0.0275645410186462 728.057618253721
0.0280056016805602 721.929781267847
0.0284398229497261 715.801967673476
0.0288675134594813 709.674175406963
0.0292889593064503 703.546402640465
0.0297044262893002 697.418647749201
0.0301141618694268 691.290909284009
0.0305183968946537 685.163185948252
0.0309173471200421 679.035476578258
0.0313112145542575 672.90778012671
0.0317001886553426 666.780095648451
0.0320844473959874 660.652422288331
0.0324641582152911 654.524759270739
0.0328394788714593 648.397105890564
0.0332105582077536 642.269461505368
0.0335775368422426 636.141825528568
0.0339405477904191 630.014197423501
0.0342997170285018 623.886576698219
0.0346551640041836 617.758962900932
0.0350070021007002 611.631355615989
0.0353553390593274 605.503754460336
0.0357002773647708 599.376159080382
0.0360419145973565 593.248569149221
0.0363803437554499 587.12098436416
0.0367156535511255 580.993404444518
0.0370479286817474 574.865829129663
0.0373772500798201 568.73825817725
0.0377036951431949 562.610691361646
0.0380273379474892 556.483128472517
0.0383482494423685 550.355569313547
0.0386664976331667 544.228013701294
0.0389821477491589 538.100461464152
0.0392952623996688 531.972912441406
0.039605901719067 525.845366482389
0.0399141235016123 519.717823445703
0.0402199833269922 513.59028319852
0.0405235346773341 507.462745615943
0.0408248290463863 501.335210580418
0.0411239160414987 495.207677981209
0.0414208434789757 489.080147713907
0.0417156574733202 482.952619679982
0.0420084025208403 476.825093786381
0.0422991215780483 470.697569945147
0.0425878561352421 464.57004807308
0.0428746462856272 458.442528091415
0.0431595307903042 452.315009925533
0.0434425471394206 446.187493504692
0.0437237316097603 440.059978761776
0.0440031193190201 433.932465633068
0.0442807442770048 427.804954058037
0.0445566394339503 421.677443979142
0.0448308367261713 415.549935341646
0.0451033671192096 409.422428093453
0.0453742606486515 403.294922184945
0.0456435464587638 397.16741756884
0.0459112528390906 391.039914200057
0.0461774072591399 384.912412035584
0.0464420364012824 378.784911034366
0.0467051661919708 372.657411157194
0.0469668218313862 366.529912366601
0.047227027821606 360.402414626765
0.0474858079933817 354.274917903423
0.0477431855316116 348.147422163786
0.0479991829995829 342.01992737646
0.0482538223620577 335.892433511373
0.0485071250072666 329.764940539704
0.0487591117678753 323.637448433823
0.0490098029409803 317.509957167227
0.0492592183071889 311.382466714483
0.0495073771488337 305.254977051176
0.0497542982673701 299.127488153858
0.05 293
