0 918.002132763812
4.35161009573542e-05 918.001185938291
8.70322019147084e-05 917.999607895755
0.000130548302872063 917.9971461494
0.000174064403829417 917.993764629681
0.000217580504786771 917.989451313417
0.000261096605744125 917.984200735527
0.00030461270670148 917.978009953272
0.000348128807658834 917.970877201012
0.000391644908616188 917.962801336271
0.000435161009573542 917.953781577358
0.000478677110530896 917.943817365919
0.000522193211488251 917.932908289261
0.000565709312445605 917.921054033735
0.000609225413402959 917.908254355391
0.000652741514360313 917.894509060755
0.000696257615317668 917.879817993795
0.000739773716275022 917.864181026852
0.000783289817232376 917.847598054151
0.00082680591818973 917.830068987068
0.000870322019147084 917.811593750613
0.000913838120104439 917.792172280774
0.000957354221061793 917.771804522467
0.00100087032201915 917.750490427954
0.0010443864229765 917.728229955591
0.00108790252393386 917.705023068834
0.00113141862489121 917.680869735438
0.00117493472584856 917.655769926807
0.00121845082680592 917.629723617466
0.00126196692776327 917.602730784622
0.00130548302872063 917.574791407798
0.00134899912967798 917.545905468534
0.00139251523063534 917.516072950124
0.00143603133159269 917.485293837409
0.00147954743255004 917.453568116584
0.0015230635335074 917.420895775045
0.00156657963446475 917.387276801254
0.00161009573542211 917.352711184621
0.00165361183637946 917.317198915402
0.00169712793733681 917.280739984615
0.00174064403829417 917.243334383958
0.00178416013925152 917.204982105744
0.00182767624020888 917.165683142842
0.00187119234116623 917.125437488626
0.00191470844212359 917.084245136924
0.00195822454308094 917.042106081982
0.00200174064403829 916.999020318426
0.00204525674499565 916.954987841226
0.002088772845953 916.910008645673
0.00213228894691036 916.864082727347
0.00217580504786771 916.817210082097
0.00221932114882507 916.769390706017
0.00226283724978242 916.720624595431
0.00230635335073977 916.670911746871
0.00234986945169713 916.620252157064
0.00239338555265448 916.568645822918
0.00243690165361184 916.516092741506
0.00248041775456919 916.46259291006
0.00252393385552654 916.408146325954
0.0025674499564839 916.352752986696
0.00261096605744125 916.296412889921
0.00265448215839861 916.239126033382
0.00269799825935596 916.180892414939
0.00274151436031332 916.121712032557
0.00278503046127067 916.061584884296
0.00282854656222802 916.000510968307
0.00287206266318538 915.938490282825
0.00291557876414273 915.875522826166
0.00295909486510009 915.811608596718
0.00300261096605744 915.746747592943
0.0030461270670148 915.680939813368
0.00308964316797215 915.614185256581
0.0031331592689295 915.546483921231
0.00317667536988686 915.477835806023
0.00322019147084421 915.408240909715
0.00326370757180157 915.337699231113
0.00330722367275892 915.266210769074
0.00335073977371628 915.193775522496
0.00339425587467363 915.120393490322
0.00343777197563098 915.046064671534
0.00348128807658834 914.970789065155
0.00352480417754569 914.894566670241
0.00356832027850305 914.817397485885
0.0036118363794604 914.739281511212
0.00365535248041775 914.660218745379
0.00369886858137511 914.580209187573
0.00374238468233246 914.499252837009
0.00378590078328982 914.41734969293
0.00382941688424717 914.334499754603
0.00387293298520453 914.250703021323
0.00391644908616188 914.165959492405
0.00395996518711923 914.08026916719
0.00400348128807659 913.99363204504
0.00404699738903394 913.906048125335
0.0040905134899913 913.817517407477
0.00413402959094865 913.728039890888
0.00417754569190601 913.637615575007
0.00422106179286336 913.546244459289
0.00426457789382071 913.453926543208
0.00430809399477807 913.360661826252
0.00435161009573542 913.266450307927
0.00439512619669278 913.171291987753
0.00443864229765013 913.075186865261
0.00448215839860748 912.978134940001
0.00452567449956484 912.880136211531
0.00456919060052219 912.781190679426
0.00461270670147955 912.681298343269
0.0046562228024369 912.580459202659
0.00469973890339426 912.478673257203
0.00474325500435161 912.375940506519
0.00478677110530897 912.272260950238
0.00483028720626632 912.167634587999
0.00487380330722367 912.06206141945
0.00491731940818103 911.955541444251
0.00496083550913838 911.848074662068
0.00500435161009574 911.739661072578
0.00504786771105309 911.630300675466
0.00509138381201044 911.519993470423
0.0051348999129678 911.408739457152
0.00517841601392515 911.296538635359
0.00522193211488251 911.183391004761
0.00526544821583986 911.069296565079
0.00530896431679722 910.954255316044
0.00535248041775457 910.838267257391
0.00539599651871192 910.721332388863
0.00543951261966928 910.603450710209
0.00548302872062663 910.484622221182
0.00552654482158399 910.364846921544
0.00557006092254134 910.244124811061
0.00561357702349869 910.122455889504
0.00565709312445605 909.99984015665
0.0057006092254134 909.876277612282
0.00574412532637076 909.751768256185
0.00578764142732811 909.626312088152
0.00583115752828547 909.499909107981
0.00587467362924282 909.372559315471
0.00591818973020017 909.244262710428
0.00596170583115753 909.115019292661
0.00600522193211488 908.984829061985
0.00604873803307224 908.853692018218
0.00609225413402959 908.721608161181
0.00613577023498695 908.5885774907
0.0061792863359443 908.454600006603
0.00622280243690165 908.319675708725
0.00626631853785901 908.183804596901
0.00630983463881636 908.04698667097
0.00635335073977372 907.909221930777
0.00639686684073107 907.770510376168
0.00644038294168842 907.630852006991
0.00648389904264578 907.4902468231
0.00652741514360313 907.34869482435
0.00657093124456049 907.206196010598
0.00661444734551784 907.062750381707
0.0066579634464752 906.91835793754
0.00670147954743255 906.773018677964
0.0067449956483899 906.626732602847
0.00678851174934726 906.479499712062
0.00683202785030461 906.331320005482
0.00687554395126197 906.182193482984
0.00691906005221932 906.032120144447
0.00696257615317668 905.881099989752
0.00700609225413403 905.729133018782
0.00704960835509138 905.576219231423
0.00709312445604874 905.422358627561
0.00713664055700609 905.267551207088
0.00718015665796345 905.111796969894
0.0072236727589208 904.955095915874
0.00726718885987816 904.797448044922
0.00731070496083551 904.638853356937
0.00735422106179286 904.479311851817
0.00739773716275022 904.318823529463
0.00744125326370757 904.157388389779
0.00748476936466493 903.995006432669
0.00752828546562228 903.831677658039
0.00757180156657964 903.667402065796
0.00761531766753699 903.502179655851
0.00765883376849434 903.336010428113
0.0077023498694517 903.168894382496
0.00774586597040905 903.000831518913
0.00778938207136641 902.83182183728
0.00783289817232376 902.661865337513
0.00787641427328111 902.490962019531
0.00791993037423847 902.319111883252
0.00796344647519582 902.146314928598
0.00800696257615318 901.972571155491
0.00805047867711053 901.797880563854
0.00809399477806789 901.622243153612
0.00813751087902524 901.445658924692
0.00818102697998259 901.268127877019
0.00822454308093995 901.089650010523
0.0082680591818973 900.910225325131
0.00831157528285466 900.729853820776
0.00835509138381201 900.548535497387
0.00839860748476936 900.366270354899
0.00844212358572672 900.183058393244
0.00848563968668407 899.998899612357
0.00852915578764143 899.813794012175
0.00857267188859878 899.627741592632
0.00861618798955614 899.440742353668
0.00865970409051349 899.25279629522
0.00870322019147084 899.063903417228
0.0087467362924282 898.874063719632
0.00879025239338555 898.683277202375
0.00883376849434291 898.491543865397
0.00887728459530026 898.298863708642
0.00892080069625762 898.105236732053
0.00896431679721497 897.910662935576
0.00900783289817233 897.715142319156
0.00905134899912968 897.518674882738
0.00909486510008703 897.321260626271
0.00913838120104439 897.122899549701
0.00918189730200174 896.923591652977
0.00922541340295909 896.723336936049
0.00926892950391645 896.522135398867
0.0093124456048738 896.31998704138
0.00935596170583116 896.11689186354
0.00939947780678851 895.9128498653
0.00944299390774587 895.707861046612
0.00948651000870322 895.50192540743
0.00953002610966058 895.295042947707
0.00957354221061793 895.087213667399
0.00961705831157528 894.87843756646
0.00966057441253264 894.668714644846
0.00970409051348999 894.458044902514
0.00974760661444735 894.246428339421
0.0097911227154047 894.033864955524
0.00983463881636205 893.820354750782
0.00987815491731941 893.605897725153
0.00992167101827676 893.390493878597
0.00996518711923412 893.174143211073
0.0100087032201915 892.956845722541
0.0100522193211488 892.738601412963
0.0100957354221062 892.519410282299
0.0101392515230635 892.299272330512
0.0101827676240209 892.078187557564
0.0102262837249782 891.856155963418
0.0102697998259356 891.633177548036
0.010313315926893 891.409252311383
0.0103568320278503 891.184380253423
0.0104003481288077 890.958561374121
0.010443864229765 890.731795673441
0.0104873803307224 890.50408315135
0.0105308964316797 890.275423807812
0.0105744125326371 890.045817642796
0.0106179286335944 889.815264656267
0.0106614447345518 889.583764848192
0.0107049608355091 889.35131821854
0.0107484769364665 889.117924767277
0.0107919930374238 888.883584494374
0.0108355091383812 888.648297399797
0.0108790252393386 888.412063483517
0.0109225413402959 888.174882745504
0.0109660574412533 887.936755185726
0.0110095735422106 887.697680804154
0.011053089643168 887.457659600759
0.0110966057441253 887.216691575511
0.0111401218450827 886.974776728383
0.01118363794604 886.731915059345
0.0112271540469974 886.48810656837
0.0112706701479547 886.24335125543
0.0113141862489121 885.997649120497
0.0113577023498695 885.751000163544
0.0114012184508268 885.503404384545
0.0114447345517842 885.254861783473
0.0114882506527415 885.005372360302
0.0115317667536989 884.754936115006
0.0115752828546562 884.503553047559
0.0116187989556136 884.251223157936
0.0116623150565709 883.997946446113
0.0117058311575283 883.743722912064
0.0117493472584856 883.488552555765
0.011792863359443 883.232435377192
0.0118363794604003 882.975371376321
0.0118798955613577 882.717360553128
0.0119234116623151 882.45840290759
0.0119669277632724 882.198498439683
0.0120104438642298 881.937647149385
0.0120539599651871 881.675849036674
0.0120974760661445 881.413104101525
0.0121409921671018 881.149412343919
0.0121845082680592 880.884773763832
0.0122280243690165 880.619188361243
0.0122715404699739 880.35265613613
0.0123150565709312 880.085177088472
0.0123585726718886 879.816751218249
0.012402088772846 879.547378525439
0.0124456048738033 879.277059010022
0.0124891209747607 879.005792671977
0.012532637075718 878.733579511285
0.0125761531766754 878.460419527926
0.0126196692776327 878.18631272188
0.0126631853785901 877.911259093127
0.0127067014795474 877.635258641648
0.0127502175805048 877.358311367425
0.0127937336814621 877.080417270437
0.0128372497824195 876.801576350666
0.0128807658833768 876.521788608094
0.0129242819843342 876.241054042703
0.0129677980852916 875.959372654474
0.0130113141862489 875.676744443389
0.0130548302872063 875.393169409431
0.0130983463881636 875.108647552581
0.013141862489121 874.823178872823
0.0131853785900783 874.536763370139
0.0132288946910357 874.249401044512
0.013272410791993 873.961091895924
0.0133159268929504 873.67183592436
0.0133594429939077 873.381633129803
0.0134029590948651 873.090483512236
0.0134464751958225 872.798387071643
0.0134899912967798 872.505343808008
0.0135335073977372 872.211353721314
0.0135770234986945 871.916416811547
0.0136205395996519 871.62053307869
0.0136640557006092 871.323702522728
0.0137075718015666 871.025925143646
0.0137510879025239 870.727200941427
0.0137946040034813 870.427529916058
0.0138381201044386 870.126912067523
0.013881636205396 869.825347395807
0.0139251523063534 869.522835900896
0.0139686684073107 869.219377582776
0.0140121845082681 868.914972441432
0.0140557006092254 868.609620476849
0.0140992167101828 868.303321689014
0.0141427328111401 867.996076077913
0.0141862489120975 867.687883643531
0.0142297650130548 867.378744385855
0.0142732811140122 867.068658304872
0.0143167972149695 866.757625400568
0.0143603133159269 866.44564567293
0.0144038294168842 866.132719121944
0.0144473455178416 865.818845747597
0.014490861618799 865.504025549876
0.0145343777197563 865.188258528769
0.0145778938207137 864.871544684262
0.014621409921671 864.553884016343
0.0146649260226284 864.235276524999
0.0147084421235857 863.915722210219
0.0147519582245431 863.595221071989
0.0147954743255004 863.273773110299
0.0148389904264578 862.951378325134
0.0148825065274151 862.628036716484
0.0149260226283725 862.303748284337
0.0149695387293299 861.978513028681
0.0150130548302872 861.652330949503
0.0150565709312446 861.325202046793
0.0151000870322019 860.997126320539
0.0151436031331593 860.66810377073
0.0151871192341166 860.338134397354
0.015230635335074 860.0072182004
0.0152741514360313 859.675355179857
0.0153176675369887 859.342545335715
0.015361183637946 859.008788667961
0.0154046997389034 858.674085176586
0.0154482158398607 858.338434861578
0.0154917319408181 858.001837722927
0.0155352480417755 857.664293760623
0.0155787641427328 857.325802974655
0.0156222802436902 856.986365365012
0.0156657963446475 856.645980931685
0.0157093124456049 856.304649674663
0.0157528285465622 855.962371593936
0.0157963446475196 855.619146689495
0.0158398607484769 855.274974961328
0.0158833768494343 854.929856409427
0.0159268929503916 854.583791033781
0.015970409051349 854.23677883438
0.0160139251523064 853.888819811216
0.0160574412532637 853.539913964279
0.0161009573542211 853.190061293558
0.0161444734551784 852.839261799046
0.0161879895561358 852.487515480732
0.0162315056570931 852.134822338607
0.0162750217580505 851.781182372663
0.0163185378590078 851.426595582889
0.0163620539599652 851.071061969277
0.0164055700609225 850.714581531819
0.0164490861618799 850.357154270505
0.0164926022628373 849.998780185326
0.0165361183637946 849.639459276274
0.016579634464752 849.27919154334
0.0166231505657093 848.917976986515
0.0166666666666667 848.555815605791
0.016710182767624 848.19270740116
0.0167536988685814 847.828652372613
0.0167972149695387 847.463650520141
0.0168407310704961 847.097701843736
0.0168842471714534 846.730806343392
0.0169277632724108 846.362964019098
0.0169712793733681 845.994174870847
0.0170147954743255 845.624438898631
0.0170583115752829 845.253756102443
0.0171018276762402 844.882126482273
0.0171453437771976 844.509550038115
0.0171888598781549 844.13602676996
0.0172323759791123 843.761556677801
0.0172758920800696 843.38613976163
0.017319408181027 843.00977602144
0.0173629242819843 842.632465457222
0.0174064403829417 842.254208068971
0.017449956483899 841.875003856677
0.0174934725848564 841.494852820334
0.0175369886858138 841.113754959935
0.0175805047867711 840.731710275471
0.0176240208877285 840.348718766937
0.0176675369886858 839.964780434325
0.0177110530896432 839.579895277628
0.0177545691906005 839.194063296838
0.0177980852915579 838.807284491949
0.0178416013925152 838.419558862954
0.0178851174934726 838.030886409846
0.0179286335944299 837.641267132618
0.0179721496953873 837.250701031263
0.0180156657963447 836.859188105774
0.018059181897302 836.466728356146
0.0181026979982594 836.07332178237
0.0181462140992167 835.678968384441
0.0181897302001741 835.283668162352
0.0182332463011314 834.887421116096
0.0182767624020888 834.490227245668
0.0183202785030461 834.09208655106
0.0183637946040035 833.692999032266
0.0184073107049608 833.29296468928
0.0184508268059182 832.891983522095
0.0184943429068755 832.490055530706
0.0185378590078329 832.087180715106
0.0185813751087903 831.68335907529
0.0186248912097476 831.27859061125
0.018668407310705 830.872875322981
0.0187119234116623 830.466213210476
0.0187554395126197 830.058604273731
0.018798955613577 829.650048512739
0.0188424717145344 829.240545927494
0.0188859878154917 828.83009651799
0.0189295039164491 828.418700284221
0.0189730200174064 828.006357226183
0.0190165361183638 827.593067343867
0.0190600522193212 827.178830637271
0.0191035683202785 826.763647106386
0.0191470844212359 826.347516751208
0.0191906005221932 825.930439571732
0.0192341166231506 825.512415567952
0.0192776327241079 825.093444739862
0.0193211488250653 824.673527087457
0.0193646649260226 824.252662610731
0.01940818102698 823.830851309679
0.0194516971279373 823.408093184297
0.0194952132288947 822.984388234577
0.019538729329852 822.559736460516
0.0195822454308094 822.134137862108
0.0196257615317668 821.707592439347
0.0196692776327241 821.280100192228
0.0197127937336815 820.851661120747
0.0197563098346388 820.422275224899
0.0197998259355962 819.991942504677
0.0198433420365535 819.560662960078
0.0198868581375109 819.128436591095
0.0199303742384682 818.695263397725
0.0199738903394256 818.261143379962
0.0200174064403829 817.826076537801
0.0200609225413403 817.390062871238
0.0201044386422977 816.953102380267
0.020147954743255 816.515195064883
0.0201914708442124 816.076340925083
0.0202349869451697 815.63653996086
0.0202785030461271 815.195792172211
0.0203220191470844 814.754097559131
0.0203655352480418 814.311456121615
0.0204090513489991 813.867867859659
0.0204525674499565 813.423332773257
0.0204960835509138 812.977850862405
0.0205395996518712 812.5314221271
0.0205831157528285 812.084046567335
0.0206266318537859 811.635724183107
0.0206701479547433 811.186454974412
0.0207136640557006 810.736238941244
0.020757180156658 810.2850760836
0.0208006962576153 809.832966401475
0.0208442123585727 809.379909894864
0.02088772845953 808.925906563764
0.0209312445604874 808.470956408171
0.0209747606614447 808.015059428078
0.0210182767624021 807.558215623484
0.0210617928633594 807.100424994382
0.0211053089643168 806.641687540771
0.0211488250652742 806.182003262644
0.0211923411662315 805.721372159997
0.0212358572671889 805.259794232828
0.0212793733681462 804.797269481131
0.0213228894691036 804.333797904903
0.0213664055700609 803.86937950414
0.0214099216710183 803.404014278837
0.0214534377719756 802.93770222899
0.021496953872933 802.470443354597
0.0215404699738903 802.002237655652
0.0215839860748477 801.533085132151
0.021627502175805 801.062985784092
0.0216710182767624 800.591939611469
0.0217145343777198 800.11994661428
0.0217580504786771 799.64700679252
0.0218015665796345 799.173120146186
0.0218450826805918 798.698286675273
0.0218885987815492 798.222506379778
0.0219321148825065 797.745779259698
0.0219756309834639 797.268105315028
0.0220191470844212 796.789484545765
0.0220626631853786 796.309916951905
0.0221061792863359 795.829402533446
0.0221496953872933 795.347941290382
0.0221932114882507 794.86553322271
0.022236727589208 794.382178330427
0.0222802436901654 793.897876613529
0.0223237597911227 793.412628072013
0.0223672758920801 792.926432705875
0.0224107919930374 792.439290515112
0.0224543080939948 791.95120149972
0.0224978241949521 791.462165659696
0.0225413402959095 790.972182995037
0.0225848563968668 790.481253505738
0.0226283724978242 789.989377191796
0.0226718885987816 789.496554053209
0.0227154046997389 789.002784089973
0.0227589208006963 788.508067302084
0.0228024369016536 788.012403689539
0.022845953002611 787.515793252335
0.0228894691035683 787.018235990469
0.0229329852045257 786.519731903937
0.022976501305483 786.020280992736
0.0230200174064404 785.519883256863
0.0230635335073977 785.018538696314
0.0231070496083551 784.516247311087
0.0231505657093124 784.013009101179
0.0231940818102698 783.508824066585
0.0232375979112272 783.003692207303
0.0232811140121845 782.49761352333
0.0233246301131419 781.990588014663
0.0233681462140992 781.482615681298
0.0234116623150566 780.973696523233
0.0234551784160139 780.463830540464
0.0234986945169713 779.953017732989
0.0235422106179286 779.441258100805
0.023585726718886 778.928551643907
0.0236292428198433 778.414898362295
0.0236727589208007 777.900298255963
0.0237162750217581 777.38475132491
0.0237597911227154 776.868257569133
0.0238033072236728 776.350816988628
0.0238468233246301 775.832429583393
0.0238903394255875 775.313095353426
0.0239338555265448 774.792814298722
0.0239773716275022 774.27158641928
0.0240208877284595 773.749411715096
0.0240644038294169 773.226290186168
0.0241079199303742 772.702221832492
0.0241514360313316 772.177206654067
0.0241949521322889 771.651244650889
0.0242384682332463 771.124335822955
0.0242819843342037 770.596480170263
0.024325500435161 770.06767769281
0.0243690165361184 769.537928390593
0.0244125326370757 769.00723226361
0.0244560487380331 768.475589311857
0.0244995648389904 767.942999535333
0.0245430809399478 767.409462934034
0.0245865970409051 766.874979507958
0.0246301131418625 766.339549257103
0.0246736292428198 765.803172181465
0.0247171453437772 765.265848281042
0.0247606614447346 764.727577555831
0.0248041775456919 764.18836000583
0.0248476936466493 763.648195631037
0.0248912097476066 763.107084431448
0.024934725848564 762.565026407062
0.0249782419495213 762.022021557875
0.0250217580504787 761.478069883885
0.025065274151436 760.93317138509
0.0251087902523934 760.387326061487
0.0251523063533507 759.840533913074
0.0251958224543081 759.292794939848
0.0252393385552655 758.744109141807
0.0252828546562228 758.194476518948
0.0253263707571802 757.643897071269
0.0253698868581375 757.092370798768
0.0254134029590949 756.539897701442
0.0254569190600522 755.986477779289
0.0255004351610096 755.432111032306
0.0255439512619669 754.876797460491
0.0255874673629243 754.320537063842
0.0256309834638816 753.763329842356
0.025674499564839 753.205175796031
0.0257180156657963 752.646074924865
0.0257615317667537 752.086027228856
0.0258050478677111 751.525032708
0.0258485639686684 750.963091362297
0.0258920800696258 750.400203191743
0.0259355961705831 749.836368196337
0.0259791122715405 749.271586376075
0.0260226283724978 748.705857730957
0.0260661444734552 748.139182260979
0.0261096605744125 747.57155996614
0.0261531766753699 747.002990846437
0.0261966927763272 746.433474901868
0.0262402088772846 745.863012132431
0.026283724978242 745.291602538123
0.0263272410791993 744.719246118944
0.0263707571801567 744.145942874889
0.026414273281114 743.571692805958
0.0264577893820714 742.996495912148
0.0265013054830287 742.420352193457
0.0265448215839861 741.843261649883
0.0265883376849434 741.265224281423
0.0266318537859008 740.686240088077
0.0266753698868581 740.106309069841
0.0267188859878155 739.525431226713
0.0267624020887728 738.943606558692
0.0268059181897302 738.360835065775
0.0268494342906876 737.777116747961
0.0268929503916449 737.192451605248
0.0269364664926023 736.606839637632
0.0269799825935596 736.020280845113
0.027023498694517 735.432775227689
0.0270670147954743 734.844322785357
0.0271105308964317 734.254923518115
0.027154046997389 733.664577425962
0.0271975630983464 733.073284508895
0.0272410791993037 732.481044766913
0.0272845953002611 731.887858200014
0.0273281114012185 731.293724808196
0.0273716275021758 730.698644591457
0.0274151436031332 730.102617549795
0.0274586597040905 729.505643683208
0.0275021758050479 728.907722991694
0.0275456919060052 728.308855475251
0.0275892080069626 727.709041133878
0.0276327241079199 727.108279967573
0.0276762402088773 726.506571976333
0.0277197563098346 725.903917160157
0.027763272410792 725.300315519043
0.0278067885117494 724.69576705299
0.0278503046127067 724.090271761995
0.0278938207136641 723.483829646057
0.0279373368146214 722.876440705174
0.0279808529155788 722.268104939343
0.0280243690165361 721.658822348564
0.0280678851174935 721.048592932834
0.0281114012184508 720.437416692153
0.0281549173194082 719.825293626516
0.0281984334203655 719.212223735924
0.0282419495213229 718.598207020375
0.0282854656222802 717.983243479866
0.0283289817232376 717.367333114396
0.028372497824195 716.750475923964
0.0284160139251523 716.132671908567
0.0284595300261097 715.513921068203
0.028503046127067 714.894223402873
0.0285465622280244 714.273578912572
0.0285900783289817 713.651987597301
0.0286335944299391 713.029449457056
0.0286771105308964 712.405964491837
0.0287206266318538 711.781532701642
0.0287641427328111 711.156154086469
0.0288076588337685 710.529828646316
0.0288511749347258 709.902556381183
0.0288946910356832 709.274337291067
0.0289382071366406 708.645171375966
0.0289817232375979 708.01505863588
0.0290252393385553 707.383999070806
0.0290687554395126 706.751992680742
0.02911227154047 706.119039465688
0.0291557876414273 705.485139425642
0.0291993037423847 704.850292560602
0.029242819843342 704.214498870566
0.0292863359442994 703.577758355533
0.0293298520452567 702.940071015502
0.0293733681462141 702.30143685047
0.0294168842471715 701.661855860436
0.0294604003481288 701.021328045399
0.0295039164490862 700.379853405358
0.0295474325500435 699.737431940309
0.0295909486510009 699.094063650253
0.0296344647519582 698.449748535188
0.0296779808529156 697.804486595112
0.0297214969538729 697.158277830024
0.0297650130548303 696.511122239922
0.0298085291557876 695.863019824804
0.029852045256745 695.213970584671
0.0298955613577024 694.563974519518
0.0299390774586597 693.913031629346
0.0299825935596171 693.261141914153
0.0300261096605744 692.608305373937
0.0300696257615318 691.954522008698
0.0301131418624891 691.299791818432
0.0301566579634465 690.64411480314
0.0302001740644038 689.98749096282
0.0302436901653612 689.329920297469
0.0302872062663185 688.671402807088
0.0303307223672759 688.011938491674
0.0303742384682332 687.351527351226
0.0304177545691906 686.690169385742
0.030461270670148 686.027864595221
0.0305047867711053 685.364612979663
0.0305483028720627 684.700414539064
0.03059181897302 684.035269273425
0.0306353350739774 683.369177182743
0.0306788511749347 682.702138267018
0.0307223672758921 682.034152526248
0.0307658833768494 681.365219960431
0.0308093994778068 680.695340569566
0.0308529155787641 680.024514353653
0.0308964316797215 679.352741312689
0.0309399477806789 678.680021446673
0.0309834638816362 678.006354755604
0.0310269799825936 677.331741239481
0.0310704960835509 676.656180898302
0.0311140121845083 675.979673732066
0.0311575282854656 675.302219740772
0.031201044386423 674.623818924418
0.0312445604873803 673.944471283003
0.0312880765883377 673.264176816526
0.031331592689295 672.582935524986
0.0313751087902524 671.900747408381
0.0314186248912097 671.217612466711
0.0314621409921671 670.533530699972
0.0315056570931245 669.848502108166
0.0315491731940818 669.162526691289
0.0315926892950392 668.475604449342
0.0316362053959965 667.787735382322
0.0316797214969539 667.098919490229
0.0317232375979112 666.409156773061
0.0317667536988686 665.718447230818
0.0318102697998259 665.026790863497
0.0318537859007833 664.334187671098
0.0318973020017406 663.64063765362
0.031940818102698 662.946140811061
0.0319843342036554 662.25069714342
0.0320278503046127 661.554306650696
0.0320713664055701 660.856969332888
0.0321148825065274 660.158685189994
0.0321583986074848 659.459454222013
0.0322019147084421 658.759276428945
0.0322454308093995 658.058151810787
0.0322889469103568 657.356080367539
0.0323324630113142 656.6530620992
0.0323759791122715 655.949097005769
0.0324194952132289 655.244185087244
0.0324630113141862 654.538326343624
0.0325065274151436 653.831520774908
0.032550043516101 653.123768381095
0.0325935596170583 652.415069162184
0.0326370757180157 651.705423118173
0.032680591818973 650.994830249062
0.0327241079199304 650.28329055485
0.0327676240208877 649.570804035534
0.0328111401218451 648.857370691115
0.0328546562228024 648.142990521591
0.0328981723237598 647.427663526961
0.0329416884247171 646.711389707224
0.0329852045256745 645.994169062379
0.0330287206266319 645.276001592424
0.0330722367275892 644.556887297359
0.0331157528285466 643.836826177183
0.0331592689295039 643.115818231894
0.0332027850304613 642.393863461491
0.0332463011314186 641.670961865974
0.033289817232376 640.947113445341
0.0333333333333333 640.222318199591
0.0333768494342907 639.496576128723
0.033420365535248 638.769887232737
0.0334638816362054 638.04225151163
0.0335073977371628 637.313668965402
0.0335509138381201 636.584139594053
0.0335944299390775 635.85366339758
0.0336379460400348 635.122240375984
0.0336814621409922 634.389870529262
0.0337249782419495 633.656553857414
0.0337684943429069 632.922290360439
0.0338120104438642 632.187080038336
0.0338555265448216 631.450922891104
0.0338990426457789 630.713818918742
0.0339425587467363 629.975768121248
0.0339860748476936 629.236770498622
0.034029590948651 628.496826050863
0.0340731070496084 627.75593477797
0.0341166231505657 627.014096679942
0.0341601392515231 626.271311756777
0.0342036553524804 625.527580008476
0.0342471714534378 624.782901435036
0.0342906875543951 624.037276036457
0.0343342036553525 623.290703812738
0.0343777197563098 622.543184763878
0.0344212358572672 621.794718889876
0.0344647519582245 621.045306190731
0.0345082680591819 620.294946666443
0.0345517841601393 619.543640317009
0.0345953002610966 618.79138714243
0.034638816362054 618.038187142704
0.0346823324630113 617.284040317831
0.0347258485639687 616.528946667808
0.034769364664926 615.772906192637
0.0348128807658834 615.015918892314
0.0348563968668407 614.25798476684
0.0348999129677981 613.499103816214
0.0349434290687554 612.739276040435
0.0349869451697128 611.978501439502
0.0350304612706702 611.216780013413
0.0350739773716275 610.454111762168
0.0351174934725849 609.690496685767
0.0351610095735422 608.925934784207
0.0352045256744996 608.160426057489
0.0352480417754569 607.393970505612
0.0352915578764143 606.626568128574
0.0353350739773716 605.858218926374
0.035378590078329 605.088922899013
0.0354221061792863 604.318680046488
0.0354656222802437 603.547490368798
0.035509138381201 602.775353865944
0.0355526544821584 602.002270537925
0.0355961705831158 601.228240384738
0.0356396866840731 600.453263406385
0.0356832027850305 599.677339602862
0.0357267188859878 598.900468974171
0.0357702349869452 598.122651520309
0.0358137510879025 597.343887241277
0.0358572671888599 596.564176137072
0.0359007832898172 595.783518207695
0.0359442993907746 595.001913453145
0.0359878154917319 594.21936187342
0.0360313315926893 593.43586346852
0.0360748476936467 592.651418238444
0.036118363794604 591.866026183191
0.0361618798955614 591.07968730276
0.0362053959965187 590.292401597151
0.0362489120974761 589.504169066363
0.0362924281984334 588.714989710394
0.0363359442993908 587.924863529244
0.0363794604003481 587.133790522913
0.0364229765013055 586.341770691399
0.0364664926022628 585.548804034702
0.0365100087032202 584.75489055282
0.0365535248041775 583.960030245754
0.0365970409051349 583.164223113501
0.0366405570060923 582.367469156062
0.0366840731070496 581.569768373436
0.036727589208007 580.771120765622
0.0367711053089643 579.971526332618
0.0368146214099217 579.170985074425
0.036858137510879 578.369496991041
0.0369016536118364 577.567062082466
0.0369451697127937 576.763680348698
0.0369886858137511 575.959351789738
0.0370322019147084 575.154076405584
0.0370757180156658 574.347854196236
0.0371192341166231 573.540685161693
0.0371627502175805 572.732569301953
0.0372062663185379 571.923506617017
0.0372497824194952 571.113497106883
0.0372932985204526 570.302540771552
0.0373368146214099 569.490637611021
0.0373803307223673 568.67778762529
0.0374238468233246 567.863990814359
0.037467362924282 567.049247178227
0.0375108790252393 566.233556716892
0.0375543951261967 565.416919430356
0.0375979112271541 564.599335318615
0.0376414273281114 563.780804381671
0.0376849434290688 562.961326619522
0.0377284595300261 562.140902032167
0.0377719756309835 561.319530619606
0.0378154917319408 560.497212381837
0.0378590078328982 559.673947318861
0.0379025239338555 558.849735430676
0.0379460400348129 558.024576717282
0.0379895561357702 557.198471178678
0.0380330722367276 556.371418814864
0.0380765883376849 555.543419625838
0.0381201044386423 554.714473611599
0.0381636205395997 553.884580772148
0.038207136640557 553.053741107484
0.0382506527415144 552.221954617605
0.0382941688424717 551.389221302512
0.0383376849434291 550.555541162203
0.0383812010443864 549.720914196678
0.0384247171453438 548.885340405935
0.0384682332463011 548.048819789976
0.0385117493472585 547.211352348798
0.0385552654482158 546.3729380824
0.0385987815491732 545.533576990783
0.0386422976501306 544.693269073946
0.0386858137510879 543.852014331887
0.0387293298520453 543.009812764607
0.0387728459530026 542.166664372104
0.03881636205396 541.322569154378
0.0388598781549173 540.477527111429
0.0389033942558747 539.631538243255
0.038946910356832 538.784602549855
0.0389904264577894 537.93672003123
0.0390339425587467 537.087890687379
0.0390774586597041 536.2381145183
0.0391209747606614 535.387391523994
0.0391644908616188 534.535721704459
0.0392080069625762 533.683105059695
0.0392515230635335 532.829541589702
0.0392950391644909 531.975031294478
0.0393385552654482 531.119574174023
0.0393820713664056 530.263170228337
0.0394255874673629 529.405819457418
0.0394691035683203 528.547521861266
0.0395126196692776 527.688277439882
0.039556135770235 526.828086193262
0.0395996518711923 525.966948121408
0.0396431679721497 525.104863224319
0.039686684073107 524.241831501994
0.0397302001740644 523.377852954432
0.0397737162750218 522.512927581633
0.0398172323759791 521.647055383596
0.0398607484769365 520.78023636032
0.0399042645778938 519.912470511805
0.0399477806788512 519.04375783805
0.0399912967798085 518.174098339055
0.0400348128807659 517.303492014819
0.0400783289817232 516.431938865342
0.0401218450826806 515.559438890622
0.0401653611836379 514.685992090659
0.0402088772845953 513.811598465453
0.0402523933855527 512.936258015002
0.04029590948651 512.059970739307
0.0403394255874674 511.182736638367
0.0403829416884247 510.304555712181
0.0404264577893821 509.425427960749
0.0404699738903394 508.545353384069
0.0405134899912968 507.664331982142
0.0405570060922541 506.782363754967
0.0406005221932115 505.899448702543
0.0406440382941688 505.015586824869
0.0406875543951262 504.130778121946
0.0407310704960836 503.245022593772
0.0407745865970409 502.358320240347
0.0408181026979983 501.47067106167
0.0408616187989556 500.582075057742
0.040905134899913 499.69253222856
0.0409486510008703 498.802042574125
0.0409921671018277 497.910606094436
0.041035683202785 497.018222789492
0.0410791993037424 496.124892659294
0.0411227154046997 495.230615703839
0.0411662315056571 494.335391923129
0.0412097476066145 493.439221317162
0.0412532637075718 492.542103885938
0.0412967798085292 491.644039629455
0.0413402959094865 490.745028547714
0.0413838120104439 489.845070640715
0.0414273281114012 488.944165908455
0.0414708442123586 488.042314350936
0.0415143603133159 487.139515968156
0.0415578764142733 486.235770760115
0.0416013925152306 485.331078726812
0.041644908616188 484.425439868246
0.0416884247171453 483.518854184418
0.0417319408181027 482.611321675327
0.0417754569190601 481.702842340972
0.0418189730200174 480.793416181352
0.0418624891209748 479.883043196467
0.0419060052219321 478.971723386317
0.0419495213228895 478.059456750901
0.0419930374238468 477.146243290218
0.0420365535248042 476.232083004269
0.0420800696257615 475.316975893052
0.0421235857267189 474.400921956566
0.0421671018276762 473.483921194812
0.0422106179286336 472.565973607789
0.042254134029591 471.647079195496
0.0422976501305483 470.727237957933
0.0423411662315057 469.806449895099
0.042384682332463 468.884715006994
0.0424281984334204 467.962033293617
0.0424717145343777 467.038404754968
0.0425152306353351 466.113829391045
0.0425587467362924 465.18830720185
0.0426022628372498 464.261838187381
0.0426457789382071 463.334422347637
0.0426892950391645 462.406059682619
0.0427328111401218 461.476750192325
0.0427763272410792 460.546493876756
0.0428198433420366 459.61529073591
0.0428633594429939 458.683140769787
0.0429068755439513 457.750043978388
0.0429503916449086 456.81600036171
0.042993907745866 455.881009919754
0.0430374238468233 454.94507265252
0.0430809399477807 454.008188560006
0.043124456048738 453.070357642213
0.0431679721496954 452.131579899139
0.0432114882506527 451.191855330785
0.0432550043516101 450.251183937149
0.0432985204525675 449.309565718232
0.0433420365535248 448.367000674032
0.0433855526544822 447.42348880455
0.0434290687554395 446.479030109784
0.0434725848563969 445.533624589735
0.0435161009573542 444.587272244402
0.0435596170583116 443.639973073785
0.0436031331592689 442.691727077882
0.0436466492602263 441.742534256694
0.0436901653611836 440.79239461022
0.043733681462141 439.841308138459
0.0437771975630983 438.889274841412
0.0438207136640557 437.936294719077
0.0438642297650131 436.982367771454
0.0439077458659704 436.027493998543
0.0439512619669278 435.071673400344
0.0439947780678851 434.114905976855
0.0440382941688425 433.157191728077
0.0440818102697998 432.198530654008
0.0441253263707572 431.238922754649
0.0441688424717145 430.278368029998
0.0442123585726719 429.316866480057
0.0442558746736292 428.354418104823
0.0442993907745866 427.391022904297
0.044342906875544 426.426680878478
0.0443864229765013 425.461392027365
0.0444299390774587 424.495156350959
0.044473455178416 423.527973849259
0.0445169712793734 422.559844522264
0.0445604873803307 421.590768369974
0.0446040034812881 420.620745392389
0.0446475195822454 419.649775589507
0.0446910356832028 418.67785896133
0.0447345517841601 417.704995507855
0.0447780678851175 416.731185229084
0.0448215839860749 415.756428125014
0.0448651000870322 414.780724195647
0.0449086161879896 413.80407344098
0.0449521322889469 412.826475861015
0.0449956483899043 411.847931455751
0.0450391644908616 410.868440225187
0.045082680591819 409.888002169322
0.0451261966927763 408.906617288157
0.0451697127937337 407.924285581691
0.045213228894691 406.941007049923
0.0452567449956484 405.956781692853
0.0453002610966057 404.97160951048
0.0453437771975631 403.985490502805
0.0453872932985205 402.998424669827
0.0454308093994778 402.010412011545
0.0454743255004352 401.021452527958
0.0455178416013925 400.031546219067
0.0455613577023499 399.040693084872
0.0456048738033072 398.048893125371
0.0456483899042646 397.056146340564
0.0456919060052219 396.062452730451
0.0457354221061793 395.067812295032
0.0457789382071366 394.072225034306
0.045822454308094 393.075690948272
0.0458659704090514 392.078210036931
0.0459094865100087 391.079782300282
0.0459530026109661 390.080407738323
0.0459965187119234 389.080086351056
0.0460400348128808 388.078818138479
0.0460835509138381 387.076603100592
0.0461270670147955 386.073441237395
0.0461705831157528 385.069332548888
0.0462140992167102 384.064277035069
0.0462576153176675 383.05827469594
0.0463011314186249 382.051325531498
0.0463446475195822 381.043429541744
0.0463881636205396 380.034586726678
0.046431679721497 379.024797086299
0.0464751958224543 378.014060620606
0.0465187119234117 377.002377329599
0.046562228024369 375.989747213279
0.0466057441253264 374.976170271644
0.0466492602262837 373.961646504694
0.0466927763272411 372.946175912428
0.0467362924281984 371.929758494848
0.0467798085291558 370.912394251951
0.0468233246301131 369.894083183737
0.0468668407310705 368.874825290207
0.0469103568320278 367.85462057136
0.0469538729329852 366.833469027195
0.0469973890339426 365.811370657712
0.0470409051348999 364.788325462911
0.0470844212358573 363.764333442791
0.0471279373368146 362.739394597352
0.047171453437772 361.713508926594
0.0472149695387293 360.686676430516
0.0472584856396867 359.658897109118
0.047302001740644 358.630170962398
0.0473455178416014 357.600497990358
0.0473890339425588 356.569878192997
0.0474325500435161 355.538311570314
0.0474760661444735 354.505798122309
0.0475195822454308 353.472337848982
0.0475630983463882 352.437930750331
0.0476066144473455 351.402576826358
0.0476501305483029 350.366276077061
0.0476936466492602 349.329028502441
0.0477371627502176 348.290834102496
0.0477806788511749 347.251692877227
0.0478241949521323 346.211604826632
0.0478677110530897 345.170569950712
0.047911227154047 344.128588249467
0.0479547432550044 343.085659722896
0.0479982593559617 342.041784370999
0.0480417754569191 340.996962193774
0.0480852915578764 339.951193191223
0.0481288076588338 338.904477363345
0.0481723237597911 337.856814710138
0.0482158398607485 336.808205231603
0.0482593559617058 335.75864892774
0.0483028720626632 334.708145798548
0.0483463881636205 333.656695844027
0.0483899042645779 332.604299064177
0.0484334203655352 331.550955458996
0.0484769364664926 330.496665028486
0.04852045256745 329.441427772644
0.0485639686684073 328.385243691472
0.0486074847693647 327.328112784969
0.048651000870322 326.270035053134
0.0486945169712794 325.211010495968
0.0487380330722367 324.151039113469
0.0487815491731941 323.090120905637
0.0488250652741514 322.028255872473
0.0488685813751088 320.965444013975
0.0489120974760661 319.901685330144
0.0489556135770235 318.836979820979
0.0489991296779809 317.77132748648
0.0490426457789382 316.704728326646
0.0490861618798956 315.637182341478
0.0491296779808529 314.568689530974
0.0491731940818103 313.499249895135
0.0492167101827676 312.42886343396
0.049260226283725 311.357530147448
0.0493037423846823 310.2852500356
0.0493472584856397 309.212023098415
0.049390774586597 308.137849335893
0.0494342906875544 307.062728748034
0.0494778067885117 305.986661334836
0.0495213228894691 304.909647096301
0.0495648389904265 303.831686032427
0.0496083550913838 302.752778143214
0.0496518711923412 301.672923428662
0.0496953872932985 300.592121888771
0.0497389033942559 299.510373523539
0.0497824194952132 298.427678332968
0.0498259355961706 297.344036317057
0.0498694516971279 296.259447475804
0.0499129677980853 295.173911809211
0.0499564838990426 294.087429317276
0.05 293
