0.000213675213675214 0.213675213675365
0.000641025641025641 0.356125356125165
0.00106837606837607 0.555555555555364
0.0014957264957265 0.763125763126226
0.00192307692307692 0.973409306743447
0.00235042735042735 1.18492618492654
0.00277777777777778 1.39710716633819
0.00320512820512821 1.60968660968755
0.00363247863247863 1.82252388134858
0.00405982905982906 2.03553756185384
0.00448717948717949 2.24867724867775
0.00491452991452991 2.46191007060613
0.00534188034188034 2.67521367521396
0.00576923076923077 2.88857233301762
0.0061965811965812 3.10197465369939
0.00662393162393162 3.31541218638038
0.00705128205128205 3.52887852887847
0.00747863247863248 3.74236874236888
0.00790598290598291 3.9558789558789
0.00833333333333333 4.16940609248341
0.00876068376068376 4.38294767563146
0.00918803418803419 4.59650168952613
0.00961538461538462 4.81006647673446
0.010042735042735 5.02364066193966
0.0104700854700855 5.23722309436744
0.0108974358974359 5.4508128037554
0.0113247863247863 5.66440896629684
0.0117521367521368 5.87801087801276
0.0121794871794872 6.09161793372453
0.0126068376068376 6.30522961031576
0.013034188034188 6.51884545327328
0.0134615384615385 6.7324650658004
0.0138888888888889 6.94608809993585
0.0143162393162393 7.15971424926782
0.0147435897435897 7.37334324291006
0.0151709401709402 7.58697484049721
0.0155982905982906 7.80060882800682
0.016025641025641 8.01424501424603
0.0164529914529915 8.22788322788479
0.0168803418803419 8.44152331494256
0.0173076923076923 8.65516513664812
0.0177350427350427 8.868808567605
0.0181623931623932 9.08245349421937
0.0185897435897436 9.29609981334285
0.019017094017094 9.50974743109742
0.0194444444444444 9.72339626185933
0.0198717948717949 9.93704622737002
0.0202991452991453 10.1506972559617
0.0207264957264957 10.3643492818765
0.0211538461538462 10.5780022446701
0.0215811965811966 10.7916560886876
0.022008547008547 11.0053107625942
0.0224358974358974 11.2189662189683
0.0228632478632479 11.4326224139328
0.0232905982905983 11.646279306832
0.0237179487179487 11.8599368599391
0.0241452991452991 12.0735950381991
0.0245726495726496 12.2872538089952
0.025 12.5009131419407
0.0254273504273504 12.7145730086926
0.0258547008547009 12.9282333827807
0.0262820512820513 13.1418942394567
0.0267094017094017 13.3555555555575
0.0271367521367521 13.5692173093764
0.0275641025641026 13.782879480556
0.027991452991453 13.996542049979
0.0284188034188034 14.210204999681
0.0288461538461538 14.4238683127592
0.0292735042735043 14.6375319733004
0.0297008547008547 14.8511959663055
0.0301282051282051 15.0648602776275
0.0305555555555556 15.2785248939105
0.030982905982906 15.4921898025359
0.0314102564102564 15.7058549915702
0.0318376068376068 15.919520449723
0.0322649572649573 16.1331861663002
0.0326923076923077 16.3468521311675
0.0331196581196581 16.5605183347134
0.0335470085470086 16.7741847678168
0.033974358974359 16.987851421815
0.0344017094017094 17.201518288476
0.0348290598290598 17.4151853599718
0.0352564102564103 17.6288526288536
0.0356837606837607 17.84252008803
0.0361111111111111 18.0561877307447
0.0365384615384615 18.2698555505577
0.036965811965812 18.4835235413277
0.0373931623931624 18.6971916971924
0.0378205128205128 18.9108600125556
0.0382478632478633 19.1245284820705
0.0386752136752137 19.3381971006283
0.0391025641025641 19.5518658633415
0.0395299145299145 19.7655347655346
0.039957264957265 19.9792038027332
0.0403846153846154 20.1928729706511
0.0408119658119658 20.4065422651815
0.0412393162393162 20.6202116823882
0.0416666666666667 20.8338812184969
0.0420940170940171 21.047550869886
0.0425213675213675 21.2612206330797
0.0429487179487179 21.4748905047414
0.0433760683760684 21.6885604816641
0.0438034188034188 21.9022305607675
0.0442307692307692 22.1159007390895
0.0446581196581197 22.3295710137821
0.0450854700854701 22.5432413821048
0.0455128205128205 22.7569118414195
0.0459401709401709 22.9705823891876
0.0463675213675214 23.1842530229633
0.0467948717948718 23.3979237403903
0.0472222222222222 23.6115945391973
0.0476495726495726 23.8252654171945
0.0480769230769231 24.0389363722706
0.0485042735042735 24.252607402388
0.0489316239316239 24.4662785055804
0.0493589743589744 24.6799496799504
0.0497863247863248 24.8936209236644
