0.00220112726581406 2.20112726581405
0.00531399129763751 2.73521029802817
0.00692532829013857 3.49800113245826
0.00821471878994324 4.12853191319089
0.00932412472511661 4.67654095674326
0.0103135088536604 5.1674531335176
0.0112152740095195 5.61595695928315
0.0120493634129945 6.03139071448987
0.0128291098610891 6.42011347451976
0.0135639573773135 6.78668186615345
0.0142608888363974 7.13449120975118
0.0149252417731563 7.46615098239524
0.0155612057373447 7.78371760210545
0.0161721413140772 8.08884556150346
0.0167607933367436 8.38288935052876
0.0173294383066372 8.66697441613583
0.0178799892756346 8.94204792103096
0.0184140723078487 9.20891590822051
0.0189330834090258 9.46827106915041
0.0194382317005325 9.72071386343978
0.0199305726968011 9.96676883673408
0.0204110343267754 10.2068974064719
0.0208804375451655 10.4415080068316
0.021339512848558 10.6709642300944
0.0217889136494141 10.8955914275975
0.0222292272093573 11.1156821120541
0.0226609836552324 11.3315004168927
0.0230846634736405 11.5432858062394
0.0235007037865812 11.7512561838846
0.0239095036421464 11.9556105160813
0.0243114285029133 12.156531057956
0.0247068140759468 12.3541852543724
0.0250959695987656 12.5487273715733
0.025479180672866 12.7402999047968
0.025856711718706 12.9290347983267
0.0262288081121963 13.1150545076477
0.0265956980517959 13.2984729279861
0.0269575941966125 13.4793962092131
0.0273146951089299 13.6579234736534
0.0276671865289716 13.8341474505823
0.0280152425051509 14.0081550389222
0.0283590263993447 14.1800278078337
0.028698691783677 14.3498424433635
0.0290343832427929 14.5176711481094
0.0293662370935177 14.68358199978
0.0296943820320707 14.8476392737221
0.0300189397175516 15.0099037337237
0.0303400252992068 15.1704328948453
0.0306577478939589 15.3292812614834
0.0309722110198157 15.4865005434676
0.0312835129900426 15.6421398526172
0.0315917472723542 15.7962458818712
0.0318970028168468 15.948863068851
0.0321993643559337 16.1000337454716
0.032498912679151 16.249798275026
0.0327957248853607 16.3981951780117
0.0330898746145818 16.5452612477984
0.0333814322614268 16.691031657129
0.0336704651718958 16.8355400563205
0.0339570378250872 16.9788186639484
0.0342412120012154 17.1208983507013
0.0345230469371756 17.2618087170208
0.0348025994707647 17.4015781650913
0.0350799241745552 17.5402339656657
0.0353550734803131 17.6778023201716
0.0356280977947654 17.8143084185091
0.0358990456074399 17.9497764928832
0.0361679635912319 18.0842298680197
0.0364348966962874 18.217691008034
0.0366998882377394 18.3501815602445
0.0369629799777801 18.481722396151
0.0372242122025122 18.6123336498093
0.0374836237939766 18.7420347538003
0.0377412522977246 18.8708444729757
0.0379971339862643 18.9987809361432
0.0382513039186865 19.1258616658429
0.0385037959967471 19.2521036063599
0.03875464301766 19.3775231500884
0.0390038767238335 19.5021361623765
0.0392515278497636 19.6259580049443
0.0394976261662805 19.7490035579892
0.0397422005223282 19.8712872410505
0.0399852788844442 19.9928230327347
0.0402268883740907 20.1136244893596
0.0404670553029805 20.2337047626038
0.0407058052065254 20.3530766162148
0.0409431628755299 20.4717524418387
0.0411791523862394 20.5897442740388
0.0414137971288478 20.7070638045311
0.0416471198345591 20.8237223957066
0.0418791426012912 20.939731093472
0.0421098869181057 21.0551006394565
0.0423393736884385 21.1698414826152
0.0425676232522035 21.2839637902773
0.0427946554068347 21.3974774586559
0.043020489427329 21.5103921228629
0.0432451440853466 21.6227171664524
0.0434686376674231 21.7344617305227
0.0436909879923425 21.8456347223934
0.0439122124277189 21.9562448238928
0.0441323279058298 22.0663004992715
0.0443513509387417 22.1758100027556
0.0445692976327673 22.2847813857736
0.0447861837022889 22.3932225038647
0.045002024482982 22.5011410232856
0.0452168349444715 22.6085444273345
0.0454306297024482 22.7154400224081
0.0456434230302754 22.8218349437962
0.0458552288701097 22.9277361612463
0.0460660608435626 23.0331504842858
0.046275932261924 23.1380845673352
0.0464848561359706 23.2425449146059
0.0466928451853797 23.346537884807
0.0468999118477658 23.4500696956617
0.0471060682873618 23.5531464282446
0.0473113264033575 23.6557740311483
0.0475156978379155 23.757958324492
0.0477191939838772 23.8597050037699
0.0479218259921747 23.9610196435566
0.0481236047789614 24.0619077010717
0.0483245410324753 24.1623745196083
0.0485246452196453 24.2624253318362
0.0487239275924546 24.3620652629802
0.04892239819407 24.4612993338863
0.0491200668647484 24.5601324639713
0.0493169432475306 24.6585694740694
0.0495130367937303 24.7566150891765
0.0497083567682298 24.8542739410944
0.0499029122545876 24.951550570987
