0 918.001869434509
4.05844155844156e-05 918.001045887114
8.11688311688312e-05 917.999673308124
0.000121753246753247 917.997532084899
0.000162337662337662 917.994590844206
0.000202922077922078 917.990839128299
0.000243506493506494 917.986272183658
0.000284090909090909 917.980887450696
0.000324675324675325 917.97468339366
0.00036525974025974 917.967659018827
0.000405844155844156 917.959813646282
0.000446428571428571 917.951146790371
0.000487012987012987 917.941658092134
0.000527597402597403 917.931347278759
0.000568181818181818 917.92021413806
0.000608766233766234 917.908258501752
0.000649350649350649 917.89548023412
0.000689935064935065 917.881879224126
0.000730519480519481 917.867455379765
0.000771103896103896 917.852208623955
0.000811688311688312 917.836138891469
0.000852272727272727 917.819246126627
0.000892857142857143 917.80153028152
0.000933441558441558 917.782991314625
0.000974025974025974 917.763629189719
0.00101461038961039 917.743443875017
0.00105519480519481 917.722435342472
0.00109577922077922 917.700603567211
0.00113636363636364 917.677948527076
0.00117694805194805 917.654470202242
0.00121753246753247 917.630168574899
0.00125811688311688 917.605043628988
0.0012987012987013 917.579095349981
0.00133928571428571 917.55232372469
0.00137987012987013 917.524728741109
0.00142045454545455 917.496310388276
0.00146103896103896 917.467068656153
0.00150162337662338 917.437003535529
0.00154220779220779 917.406115017932
0.00158279220779221 917.374403095545
0.00162337662337662 917.34186776115
0.00166396103896104 917.308509008059
0.00170454545454545 917.274326830072
0.00174512987012987 917.239321221422
0.00178571428571429 917.203492176744
0.0018262987012987 917.166839691031
0.00186688311688312 917.12936375961
0.00190746753246753 917.091064378106
0.00194805194805195 917.051941542422
0.00198863636363636 917.011995248714
0.00202922077922078 916.971225493372
0.0020698051948052 916.929632272999
0.00211038961038961 916.887215584395
0.00215097402597403 916.843975424547
0.00219155844155844 916.799911790605
0.00223214285714286 916.755024679882
0.00227272727272727 916.709314089832
0.00231331168831169 916.662780018046
0.0023538961038961 916.615422462239
0.00239448051948052 916.567241420247
0.00243506493506494 916.51823689001
0.00247564935064935 916.468408869574
0.00251623376623377 916.417757357079
0.00255681818181818 916.366282350754
0.0025974025974026 916.313983848911
0.00263798701298701 916.260861849943
0.00267857142857143 916.206916352314
0.00271915584415584 916.152147354559
0.00275974025974026 916.096554855277
0.00280032467532468 916.040138853128
0.00284090909090909 915.982899346832
0.00288149350649351 915.924836335162
0.00292207792207792 915.865949816942
0.00296266233766234 915.806239791045
0.00300324675324675 915.745706256392
0.00304383116883117 915.684349211944
0.00308441558441558 915.622168656705
0.003125 915.559164589719
0.00316558441558442 915.495337010067
0.00320616883116883 915.430685916862
0.00324675324675325 915.365211309253
0.00328733766233766 915.298913186422
0.00332792207792208 915.231791547578
0.00336850649350649 915.163846391961
0.00340909090909091 915.095077718836
0.00344967532467532 915.025485527498
0.00349025974025974 914.955069817264
0.00353084415584416 914.883830587473
0.00357142857142857 914.811767837491
0.00361201298701299 914.738881566703
0.0036525974025974 914.665171774513
0.00369318181818182 914.590638460348
0.00373376623376623 914.515281623652
0.00377435064935065 914.439101263888
0.00381493506493506 914.362097380535
0.00385551948051948 914.28426997309
0.0038961038961039 914.205619041064
0.00393668831168831 914.126144583984
0.00397727272727273 914.045846601393
0.00401785714285714 913.964725092846
0.00405844155844156 913.882780057911
0.00409902597402597 913.800011496172
0.00413961038961039 913.716419407222
0.0041801948051948 913.632003790668
0.00422077922077922 913.546764646126
0.00426136363636364 913.460701973226
0.00430194805194805 913.373815771608
0.00434253246753247 913.286106040919
0.00438311688311688 913.197572780819
0.0044237012987013 913.108215990977
0.00446428571428571 913.018035671071
0.00450487012987013 912.927031820786
0.00454545454545455 912.835204439817
0.00458603896103896 912.742553527868
0.00462662337662338 912.649079084649
0.00466720779220779 912.554781109878
0.00470779220779221 912.459659603282
0.00474837662337662 912.363714564592
0.00478896103896104 912.266945993549
0.00482954545454545 912.169353889898
0.00487012987012987 912.070938253393
0.00491071428571429 911.971699083791
0.0049512987012987 911.871636380857
0.00499188311688312 911.770750144363
0.00503246753246753 911.669040374083
0.00507305194805195 911.5665070698
0.00511363636363636 911.463150231299
0.00515422077922078 911.358969858373
0.0051948051948052 911.253965950818
0.00523538961038961 911.148138508436
0.00527597402597403 911.041487531031
0.00531655844155844 910.934013018415
0.00535714285714286 910.825714970403
0.00539772727272727 910.716593386812
0.00543831168831169 910.606648267467
0.0054788961038961 910.495879612194
0.00551948051948052 910.384287420824
0.00556006493506494 910.271871693191
0.00560064935064935 910.158632429133
0.00564123376623377 910.044569628493
0.00568181818181818 909.929683291114
0.0057224025974026 909.813973416846
0.00576298701298701 909.69744000554
0.00580357142857143 909.58008305705
0.00584415584415584 909.461902571234
0.00588474025974026 909.342898547954
0.00592532467532468 909.223070987071
0.00596590909090909 909.102419888454
0.00600649350649351 908.98094525197
0.00604707792207792 908.858647077492
0.00608766233766234 908.735525364893
0.00612824675324675 908.611580114051
0.00616883116883117 908.486811324845
0.00620941558441558 908.361218997156
0.00625 908.234803130868
0.00629058441558442 908.107563725867
0.00633116883116883 907.979500782042
0.00637175324675325 907.850614299283
0.00641233766233766 907.720904277483
0.00645292207792208 907.590370716536
0.00649350649350649 907.459013616338
0.00653409090909091 907.326832976789
0.00657467532467533 907.193828797789
0.00661525974025974 907.06000107924
0.00665584415584416 906.925349821046
0.00669642857142857 906.789875023113
0.00673701298701299 906.653576685348
0.0067775974025974 906.516454807661
0.00681818181818182 906.378509389962
0.00685876623376623 906.239740432164
0.00689935064935065 906.10014793418
0.00693993506493507 905.959731895927
0.00698051948051948 905.81849231732
0.0070211038961039 905.676429198278
0.00706168831168831 905.533542538721
0.00710227272727273 905.389832338571
0.00714285714285714 905.245298597749
0.00718344155844156 905.09994131618
0.00722402597402597 904.953760493789
0.00726461038961039 904.806756130501
0.00730519480519481 904.658928226246
0.00734577922077922 904.51027678095
0.00738636363636364 904.360801794546
0.00742694805194805 904.210503266962
0.00746753246753247 904.059381198132
0.00750811688311688 903.90743558799
0.0075487012987013 903.754666436469
0.00758928571428571 903.601073743505
0.00762987012987013 903.446657509035
0.00767045454545455 903.291417732996
0.00771103896103896 903.135354415328
0.00775162337662338 902.978467555968
0.00779220779220779 902.820757154858
0.00783279220779221 902.662223211938
0.00787337662337662 902.502865727152
0.00791396103896104 902.342684700442
0.00795454545454546 902.181680131753
0.00799512987012987 902.019852021028
0.00803571428571429 901.857200368215
0.0080762987012987 901.69372517326
0.00811688311688312 901.529426436109
0.00815746753246753 901.364304156711
0.00819805194805195 901.198358335015
0.00823863636363636 901.031588970971
0.00827922077922078 900.863996064529
0.0083198051948052 900.69557961564
0.00836038961038961 900.526339624255
0.00840097402597403 900.356276090329
0.00844155844155844 900.185389013813
0.00848214285714286 900.013678394662
0.00852272727272727 899.84114423283
0.00856331168831169 899.667786528272
0.00860389610389611 899.493605280945
0.00864448051948052 899.318600490805
0.00868506493506493 899.142772157809
0.00872564935064935 898.966120281915
0.00876623376623377 898.78864486308
0.00880681818181818 898.610345901263
0.0088474025974026 898.431223396425
0.00888798701298701 898.251277348526
0.00892857142857143 898.070507757525
0.00896915584415585 897.888914623383
0.00900974025974026 897.706497946063
0.00905032467532467 897.523257725526
0.00909090909090909 897.339193961736
0.00913149350649351 897.154306654654
0.00917207792207792 896.968595804246
0.00921266233766234 896.782061410474
0.00925324675324675 896.594703473304
0.00929383116883117 896.4065219927
0.00933441558441558 896.217516968629
0.009375 896.027688401055
0.00941558441558442 895.837036289945
0.00945616883116883 895.645560635267
0.00949675324675325 895.453261436986
0.00953733766233766 895.260138695072
0.00957792207792208 895.066192409491
0.00961850649350649 894.871422580213
0.00965909090909091 894.675829207207
0.00969967532467533 894.47941229044
0.00974025974025974 894.282171829884
0.00978084415584416 894.084107825509
0.00982142857142857 893.885220277284
0.00986201298701299 893.68550918518
0.0099025974025974 893.484974549169
0.00994318181818182 893.283616369222
0.00998376623376623 893.081434645311
0.0100243506493507 892.878429377407
0.0100649350649351 892.674600565485
0.0101055194805195 892.469948209515
0.0101461038961039 892.264472309472
0.0101866883116883 892.058172865329
0.0102272727272727 891.85104987706
0.0102678571428571 891.643103344638
0.0103084415584416 891.434333268039
0.010349025974026 891.224739647238
0.0103896103896104 891.014322482208
0.0104301948051948 890.803081772926
0.0104707792207792 890.591017519367
0.0105113636363636 890.378129721506
0.0105519480519481 890.164418379321
0.0105925324675325 889.949883492787
0.0106331168831169 889.734525061881
0.0106737012987013 889.518343086581
0.0107142857142857 889.301337566862
0.0107548701298701 889.083508502704
0.0107954545454545 888.864855894083
0.010836038961039 888.645379740977
0.0108766233766234 888.425080043366
0.0109172077922078 888.203956801227
0.0109577922077922 887.982010014539
0.0109983766233766 887.759239683281
0.011038961038961 887.535645807433
0.0110795454545455 887.311228386973
0.0111201298701299 887.085987421881
0.0111607142857143 886.859922912137
0.0112012987012987 886.633034857721
0.0112418831168831 886.405323258614
0.0112824675324675 886.176788114796
0.011323051948052 885.947429426248
0.0113636363636364 885.717247192951
0.0114042207792208 885.486241414885
0.0114448051948052 885.254412092033
0.0114853896103896 885.021759224375
0.011525974025974 884.788282811894
0.0115665584415584 884.553982854571
0.0116071428571429 884.318859352389
0.0116477272727273 884.082912305329
0.0116883116883117 883.846141713376
0.0117288961038961 883.60854757651
0.0117694805194805 883.370129894716
0.0118100649350649 883.130888667975
0.0118506493506494 882.890823896271
0.0118912337662338 882.649935579588
0.0119318181818182 882.408223717908
0.0119724025974026 882.165688311216
0.012012987012987 881.922329359496
0.0120535714285714 881.678146862732
0.0120941558441558 881.433140820907
0.0121347402597403 881.187311234007
0.0121753246753247 880.940658102017
0.0122159090909091 880.69318142492
0.0122564935064935 880.4448812027
0.0122970779220779 880.195757435345
0.0123376623376623 879.945810122837
0.0123782467532468 879.695039265163
0.0124188311688312 879.443444862308
0.0124594155844156 879.191026914257
0.0125 878.937785420998
0.0125405844155844 878.683720382514
0.0125811688311688 878.428831798793
0.0126217532467532 878.173119669821
0.0126623376623377 877.916583995582
0.0127029220779221 877.659224776065
0.0127435064935065 877.401042011256
0.0127840909090909 877.14203570114
0.0128246753246753 876.882205845705
0.0128652597402597 876.621552444938
0.0129058441558442 876.360075498827
0.0129464285714286 876.097775007356
0.012987012987013 875.834650970515
0.0130275974025974 875.57070338829
0.0130681818181818 875.305932260669
0.0131087662337662 875.040337587639
0.0131493506493507 874.773919369189
0.0131899350649351 874.506677605306
0.0132305194805195 874.238612295978
0.0132711038961039 873.969723441193
0.0133116883116883 873.70001104094
0.0133522727272727 873.429475095206
0.0133928571428571 873.15811560398
0.0134334415584416 872.885932567251
0.013474025974026 872.612925985007
0.0135146103896104 872.339095857237
0.0135551948051948 872.064442183929
0.0135957792207792 871.788964965073
0.0136363636363636 871.512664200657
0.0136769480519481 871.235539890671
0.0137175324675325 870.957592035104
0.0137581168831169 870.678820633944
0.0137987012987013 870.399225687182
0.0138392857142857 870.118807194808
0.0138798701298701 869.837565156809
0.0139204545454545 869.555499573177
0.013961038961039 869.2726104439
0.0140016233766234 868.98889776897
0.0140422077922078 868.704361548374
0.0140827922077922 868.419001782105
0.0141233766233766 868.132818470151
0.014163961038961 867.845811612503
0.0142045454545455 867.557981209151
0.0142451298701299 867.269327260087
0.0142857142857143 866.979849765299
0.0143262987012987 866.689548724779
0.0143668831168831 866.398424138517
0.0144074675324675 866.106476006504
0.0144480519480519 865.81370432873
0.0144886363636364 865.520109105186
0.0145292207792208 865.225690335864
0.0145698051948052 864.930448020754
0.0146103896103896 864.634382159848
0.014650974025974 864.337492753135
0.0146915584415584 864.039779800609
0.0147321428571429 863.741243302259
0.0147727272727273 863.441883258078
0.0148133116883117 863.141699668057
0.0148538961038961 862.840692532187
0.0148944805194805 862.538861850459
0.0149350649350649 862.236207622866
0.0149756493506494 861.932729849399
0.0150162337662338 861.62842853005
0.0150568181818182 861.323303664811
0.0150974025974026 861.017355253673
0.015137987012987 860.710583296629
0.0151785714285714 860.402987793671
0.0152191558441558 860.09456874479
0.0152597402597403 859.785326149979
0.0153003246753247 859.475260009231
0.0153409090909091 859.164370322537
0.0153814935064935 858.852657089889
0.0154220779220779 858.540120311281
0.0154626623376623 858.226759986704
0.0155032467532468 857.912576116151
0.0155438311688312 857.597568699615
0.0155844155844156 857.281737737089
0.015625 856.965083228564
0.0156655844155844 856.647605174035
0.0157061688311688 856.329303573493
0.0157467532467532 856.010178426932
0.0157873376623377 855.690229734345
0.0158279220779221 855.369457495724
0.0158685064935065 855.047861711063
0.0159090909090909 854.725442380354
0.0159496753246753 854.402199503591
0.0159902597402597 854.078133080766
0.0160308441558442 853.753243111874
0.0160714285714286 853.427529596908
0.016112012987013 853.10099253586
0.0161525974025974 852.773631928724
0.0161931818181818 852.445447775493
0.0162337662337662 852.116440076162
0.0162743506493506 851.786608830724
0.0163149350649351 851.455954039171
0.0163555194805195 851.124475701499
0.0163961038961039 850.7921738177
0.0164366883116883 850.459048387768
0.0164772727272727 850.125099411698
0.0165178571428571 849.790326889482
0.0165584415584416 849.454730821115
0.016599025974026 849.118311206591
0.0166396103896104 848.781068045903
0.0166801948051948 848.443001339046
0.0167207792207792 848.104111086013
0.0167613636363636 847.764397286799
0.0168019480519481 847.423859941398
0.0168425324675325 847.082499049804
0.0168831168831169 846.740314612011
0.0169237012987013 846.397306628014
0.0169642857142857 846.053475097807
0.0170048701298701 845.708820021384
0.0170454545454545 845.36334139874
0.017086038961039 845.017039229868
0.0171266233766234 844.669913514764
0.0171672077922078 844.321964253422
0.0172077922077922 843.973191445837
0.0172483766233766 843.623595092002
0.017288961038961 843.273175191914
0.0173295454545455 842.921931745566
0.0173701298701299 842.569864752953
0.0174107142857143 842.216974214069
0.0174512987012987 841.863260128911
0.0174918831168831 841.508722497471
0.0175324675324675 841.153361319746
0.0175730519480519 840.79717659573
0.0176136363636364 840.440168325418
0.0176542207792208 840.082336508805
0.0176948051948052 839.723681145886
0.0177353896103896 839.364202236656
0.017775974025974 839.003899781109
0.0178165584415584 838.642773779241
0.0178571428571429 838.280824231048
0.0178977272727273 837.918051136524
0.0179383116883117 837.554454495664
0.0179788961038961 837.190034308464
0.0180194805194805 836.824790574919
0.0180600649350649 836.458723295024
0.0181006493506493 836.091832468775
0.0181412337662338 835.724118096167
0.0181818181818182 835.355580177194
0.0182224025974026 834.986218711854
0.018262987012987 834.616033700141
0.0183035714285714 834.24502514205
0.0183441558441558 833.873193037577
0.0183847402597403 833.500537386718
0.0184253246753247 833.127058189468
0.0184659090909091 832.752755445823
0.0185064935064935 832.377629155778
0.0185470779220779 832.001679319329
0.0185876623376623 831.624905936472
0.0186282467532468 831.247309007202
0.0186688311688312 830.868888531515
0.0187094155844156 830.489644509406
0.01875 830.109576940873
0.0187905844155844 829.72868582591
0.0188311688311688 829.346971164513
0.0188717532467532 828.964432956678
0.0189123376623377 828.581071202401
0.0189529220779221 828.196885901678
0.0189935064935065 827.811877054505
0.0190340909090909 827.426044660877
0.0190746753246753 827.039388720792
0.0191152597402597 826.651909234244
0.0191558441558442 826.26360620123
0.0191964285714286 825.874479621746
0.019237012987013 825.484529495788
0.0192775974025974 825.093755823352
0.0193181818181818 824.702158604434
0.0193587662337662 824.309737839031
0.0193993506493507 823.916493527138
0.0194399350649351 823.522425668753
0.0194805194805195 823.12753426387
0.0195211038961039 822.731819312487
0.0195616883116883 822.3352808146
0.0196022727272727 821.937918770204
0.0196428571428571 821.539733179297
0.0196834415584416 821.140724041874
0.019724025974026 820.740891357933
0.0197646103896104 820.340235127468
0.0198051948051948 819.938755350478
0.0198457792207792 819.536452026959
0.0198863636363636 819.133325156906
0.0199269480519481 818.729374740317
0.0199675324675325 818.324600777188
0.0200081168831169 817.919003267515
0.0200487012987013 817.512582211295
0.0200892857142857 817.105337608524
0.0201298701298701 816.6972694592
0.0201704545454545 816.288377763318
0.020211038961039 815.878662520876
0.0202516233766234 815.468123731869
0.0202922077922078 815.056761396296
0.0203327922077922 814.644575514151
0.0203733766233766 814.231566085433
0.020413961038961 813.817733110137
0.0204545454545455 813.403076588262
0.0204951298701299 812.987596519803
0.0205357142857143 812.571292904757
0.0205762987012987 812.154165743121
0.0206168831168831 811.736215034891
0.0206574675324675 811.317440780066
0.020698051948052 810.897842978641
0.0207386363636364 810.477421630613
0.0207792207792208 810.05617673598
0.0208198051948052 809.634108294738
0.0208603896103896 809.211216306884
0.020900974025974 808.787500772416
0.0209415584415584 808.362961691329
0.0209821428571429 807.937599063622
0.0210227272727273 807.51141288929
0.0210633116883117 807.084403168332
0.0211038961038961 806.656569900743
0.0211444805194805 806.227913086522
0.0211850649350649 805.798432725665
0.0212256493506494 805.36812881817
0.0212662337662338 804.937001364033
0.0213068181818182 804.505050363252
0.0213474025974026 804.072275815823
0.021387987012987 803.638677721745
0.0214285714285714 803.204256081014
0.0214691558441558 802.769010893627
0.0215097402597403 802.332942159581
0.0215503246753247 801.896049878875
0.0215909090909091 801.458334051504
0.0216314935064935 801.019794677467
0.0216720779220779 800.58043175676
0.0217126623376623 800.14024528938
0.0217532467532468 799.699235275327
0.0217938311688312 799.257401714595
0.0218344155844156 798.814744607184
0.021875 798.371263953089
0.0219155844155844 797.92695975231
0.0219561688311688 797.481832004842
0.0219967532467533 797.035880710684
0.0220373376623377 796.589105869832
0.0220779220779221 796.141507482284
0.0221185064935065 795.693085548038
0.0221590909090909 795.243840067091
0.0221996753246753 794.79377103944
0.0222402597402597 794.342878465084
0.0222808441558442 793.891162344018
0.0223214285714286 793.438622676242
0.022362012987013 792.985259461752
0.0224025974025974 792.531072700546
0.0224431818181818 792.076062392621
0.0224837662337662 791.620228537976
0.0225243506493507 791.163571136608
0.0225649350649351 790.706090188514
0.0226055194805195 790.247785693692
0.0226461038961039 789.788657652139
0.0226866883116883 789.328706063854
0.0227272727272727 788.867930928833
0.0227678571428571 788.406332247075
0.0228084415584416 787.943910018576
0.022849025974026 787.480664243336
0.0228896103896104 787.016594921351
0.0229301948051948 786.551702052619
0.0229707792207792 786.085985637138
0.0230113636363636 785.619445674905
0.0230519480519481 785.152082165919
0.0230925324675325 784.683895110177
0.0231331168831169 784.214884507677
0.0231737012987013 783.745050358416
0.0232142857142857 783.274392662393
0.0232548701298701 782.802911419604
0.0232954545454545 782.330606630049
0.023336038961039 781.857478293725
0.0233766233766234 781.383526410629
0.0234172077922078 780.908750980759
0.0234577922077922 780.433152004114
0.0234983766233766 779.95672948069
0.023538961038961 779.479483410487
0.0235795454545455 779.001413793502
0.0236201298701299 778.522520629733
0.0236607142857143 778.042803919177
0.0237012987012987 777.562263661833
0.0237418831168831 777.080899857699
0.0237824675324675 776.598712506771
0.023823051948052 776.115701609049
0.0238636363636364 775.631867164531
0.0239042207792208 775.147209173214
0.0239448051948052 774.661727635096
0.0239853896103896 774.175422550175
0.024025974025974 773.68829391845
0.0240665584415584 773.200341739918
0.0241071428571429 772.711566014577
0.0241477272727273 772.221966742426
0.0241883116883117 771.731543923462
0.0242288961038961 771.240297557683
0.0242694805194805 770.748227645088
0.0243100649350649 770.255334185675
0.0243506493506494 769.761617179441
0.0243912337662338 769.267076626385
0.0244318181818182 768.771712526505
0.0244724025974026 768.275524879799
0.024512987012987 767.778513686264
0.0245535714285714 767.2806789459
0.0245941558441558 766.782020658705
0.0246347402597403 766.282538824676
0.0246753246753247 765.782233443811
0.0247159090909091 765.28110451611
0.0247564935064935 764.779152041569
0.0247970779220779 764.276376020188
0.0248376623376623 763.772776451963
0.0248782467532468 763.268353336895
0.0249188311688312 762.76310667498
0.0249594155844156 762.257036466217
0.025 761.750142710605
0.0250405844155844 761.24242540814
0.0250811688311688 760.733884558822
0.0251217532467532 760.22452016265
0.0251623376623377 759.71433221962
0.0252029220779221 759.203320729733
0.0252435064935065 758.691485692985
0.0252840909090909 758.178827109375
0.0253246753246753 757.665344978901
0.0253652597402597 757.151039301562
0.0254058441558442 756.635910077355
0.0254464285714286 756.11995730628
0.025487012987013 755.603180988334
0.0255275974025974 755.085581123516
0.0255681818181818 754.567157711824
0.0256087662337662 754.047910753257
0.0256493506493507 753.527840247813
0.0256899350649351 753.00694619549
0.0257305194805195 752.485228596287
0.0257711038961039 751.962687450202
0.0258116883116883 751.439322757233
0.0258522727272727 750.915134517379
0.0258928571428571 750.390122730638
0.0259334415584416 749.86428739701
0.025974025974026 749.337628516491
0.0260146103896104 748.810146089081
0.0260551948051948 748.281840114777
0.0260957792207792 747.752710593579
0.0261363636363636 747.222757525485
0.0261769480519481 746.691980910493
0.0262175324675325 746.160380748602
0.0262581168831169 745.62795703981
0.0262987012987013 745.094709784116
0.0263392857142857 744.560638981519
0.0263798701298701 744.025744632015
0.0264204545454545 743.490026735605
0.026461038961039 742.953485292287
0.0265016233766234 742.416120302058
0.0265422077922078 741.877931764918
0.0265827922077922 741.338919680866
0.0266233766233766 740.799084049899
0.026663961038961 740.258424872016
0.0267045454545455 739.716942147216
0.0267451298701299 739.174635875497
0.0267857142857143 738.631506056858
0.0268262987012987 738.087552691298
0.0268668831168831 737.542775778815
0.0269074675324675 736.997175319407
0.026948051948052 736.450751313074
0.0269886363636364 735.903503759813
0.0270292207792208 735.355432659624
0.0270698051948052 734.806538012505
0.0271103896103896 734.256819818454
0.027150974025974 733.706278077471
0.0271915584415584 733.154912789553
0.0272321428571429 732.6027239547
0.0272727272727273 732.04971157291
0.0273133116883117 731.495875644182
0.0273538961038961 730.941216168514
0.0273944805194805 730.385733145906
0.0274350649350649 729.829426576355
0.0274756493506494 729.272296459861
0.0275162337662338 728.714342796422
0.0275568181818182 728.155565586036
0.0275974025974026 727.595964828703
0.027637987012987 727.035540524422
0.0276785714285714 726.47429267319
0.0277191558441558 725.912221275006
0.0277597402597403 725.34932632987
0.0278003246753247 724.785607837779
0.0278409090909091 724.221065798733
0.0278814935064935 723.65570021273
0.0279220779220779 723.08951107977
0.0279626623376623 722.52249839985
0.0280032467532468 721.95466217297
0.0280438311688312 721.386002399128
0.0280844155844156 720.816519078323
0.028125 720.246212210554
0.0281655844155844 719.675081795819
0.0282061688311688 719.103127834118
0.0282467532467532 718.530350325449
0.0282873376623377 717.95674926981
0.0283279220779221 717.382324667201
0.0283685064935065 716.807076517621
0.0284090909090909 716.231004821068
0.0284496753246753 715.654109577541
0.0284902597402597 715.076390787038
0.0285308441558442 714.49784844956
0.0285714285714286 713.918482565104
0.028612012987013 713.338293133669
0.0286525974025974 712.757280155254
0.0286931818181818 712.175443629858
0.0287337662337662 711.592783557479
0.0287743506493507 711.009299938118
0.0288149350649351 710.424992771771
0.0288555194805195 709.839862058439
0.0288961038961039 709.253907798121
0.0289366883116883 708.667129990813
0.0289772727272727 708.079528636517
0.0290178571428571 707.49110373523
0.0290584415584416 706.901855286952
0.029099025974026 706.311783291682
0.0291396103896104 705.720887749417
0.0291801948051948 705.129168660158
0.0292207792207792 704.536626023903
0.0292613636363636 703.943259840651
0.0293019480519481 703.349070110401
0.0293425324675325 702.754056833151
0.0293831168831169 702.158220008901
0.0294237012987013 701.56155963765
0.0294642857142857 700.964075719397
0.0295048701298701 700.365768254139
0.0295454545454545 699.766637241878
0.029586038961039 699.16668268261
0.0296266233766234 698.565904576336
0.0296672077922078 697.964302923054
0.0297077922077922 697.361877722763
0.0297483766233766 696.758628975462
0.029788961038961 696.15455668115
0.0298295454545455 695.549660839826
0.0298701298701299 694.943941451489
0.0299107142857143 694.337398516138
0.0299512987012987 693.730032033773
0.0299918831168831 693.121842004391
0.0300324675324675 692.512828427991
0.0300730519480519 691.902991304574
0.0301136363636364 691.292330634138
0.0301542207792208 690.680846416681
0.0301948051948052 690.068538652203
0.0302353896103896 689.455407340703
0.030275974025974 688.84145248218
0.0303165584415584 688.226674076633
0.0303571428571429 687.61107212406
0.0303977272727273 686.994646624462
0.0304383116883117 686.377397577836
0.0304788961038961 685.759324984182
0.0305194805194805 685.140428843499
0.0305600649350649 684.520709155786
0.0306006493506494 683.900165921042
0.0306412337662338 683.278799139266
0.0306818181818182 682.656608810457
0.0307224025974026 682.033594934615
0.030762987012987 681.409757511737
0.0308035714285714 680.785096541823
0.0308441558441558 680.159612024873
0.0308847402597403 679.533303960884
0.0309253246753247 678.906172349858
0.0309659090909091 678.278217191792
0.0310064935064935 677.649438486685
0.0310470779220779 677.019836234537
0.0310876623376623 676.389410435346
0.0311282467532468 675.758161089112
0.0311688311688312 675.126088195834
0.0312094155844156 674.493191755511
0.03125 673.859471768142
0.0312905844155844 673.224928233726
0.0313311688311688 672.589561152262
0.0313717532467533 671.95337052375
0.0314123376623377 671.316356348187
0.0314529220779221 670.678518625575
0.0314935064935065 670.039857355911
0.0315340909090909 669.400372539195
0.0315746753246753 668.760064175425
0.0316152597402597 668.118932264602
0.0316558441558442 667.476976806723
0.0316964285714286 666.834197801789
0.031737012987013 666.190595249798
0.0317775974025974 665.54616915075
0.0318181818181818 664.900919504644
0.0318587662337662 664.254846311478
0.0318993506493506 663.607949571253
0.0319399350649351 662.960229283966
0.0319805194805195 662.311685449618
0.0320211038961039 661.662318068207
0.0320616883116883 661.012127139732
0.0321022727272727 660.361112664193
0.0321428571428571 659.709274641589
0.0321834415584416 659.056613071919
0.032224025974026 658.403127955183
0.0322646103896104 657.748819291379
0.0323051948051948 657.093687080506
0.0323457792207792 656.437731322564
0.0323863636363636 655.780952017552
0.0324269480519481 655.123349165469
0.0324675324675325 654.464922766314
0.0325081168831169 653.805672820087
0.0325487012987013 653.145599326787
0.0325892857142857 652.484702286413
0.0326298701298701 651.822981698964
0.0326704545454546 651.160437564439
0.032711038961039 650.497069882838
0.0327516233766234 649.83287865416
0.0327922077922078 649.167863878403
0.0328327922077922 648.502025555568
0.0328733766233766 647.835363685653
0.032913961038961 647.167878268658
0.0329545454545455 646.499569304582
0.0329951298701299 645.830436793424
0.0330357142857143 645.160480735183
0.0330762987012987 644.489701129859
0.0331168831168831 643.81809797745
0.0331574675324675 643.145671277957
0.0331980519480519 642.472421031378
0.0332386363636364 641.798347237712
0.0332792207792208 641.123449896959
0.0333198051948052 640.447729009118
0.0333603896103896 639.771184574189
0.033400974025974 639.09381659217
0.0334415584415584 638.415625063061
0.0334821428571429 637.736609986861
0.0335227272727273 637.056771363569
0.0335633116883117 636.376109193185
0.0336038961038961 635.694623475708
0.0336444805194805 635.012314211137
0.0336850649350649 634.329181399471
0.0337256493506494 633.64522504071
0.0337662337662338 632.960445134853
0.0338068181818182 632.274841681899
0.0338474025974026 631.588414681848
0.033887987012987 630.901164134698
0.0339285714285714 630.21309004045
0.0339691558441559 629.524192399102
0.0340097402597403 628.834471210654
0.0340503246753247 628.143926475105
0.0340909090909091 627.452558192455
0.0341314935064935 626.760366362702
0.0341720779220779 626.067350985846
0.0342126623376623 625.373512061886
0.0342532467532468 624.678849590821
0.0342938311688312 623.983363572652
0.0343344155844156 623.287054007376
0.034375 622.589920894995
0.0344155844155844 621.891964235505
0.0344561688311688 621.193184028909
0.0344967532467532 620.493580275203
0.0345373376623377 619.793152974389
0.0345779220779221 619.091902126464
0.0346185064935065 618.389827731429
0.0346590909090909 617.686929789283
0.0346996753246753 616.983208300025
0.0347402597402597 616.278663263654
0.0347808441558442 615.573294680171
0.0348214285714286 614.867102549573
0.034862012987013 614.160086871861
0.0349025974025974 613.452247647034
0.0349431818181818 612.743584875091
0.0349837662337662 612.034098556031
0.0350243506493507 611.323788689855
0.0350649350649351 610.61265527656
0.0351055194805195 609.900698316148
0.0351461038961039 609.187917808616
0.0351866883116883 608.474313753965
0.0352272727272727 607.759886152193
0.0352678571428571 607.044635003301
0.0353084415584416 606.328560307287
0.035349025974026 605.611662064151
0.0353896103896104 604.893940273892
0.0354301948051948 604.17539493651
0.0354707792207792 603.456026052003
0.0355113636363636 602.735833620373
0.035551948051948 602.014817641617
0.0355925324675325 601.292978115735
0.0356331168831169 600.570315042726
0.0356737012987013 599.84682842259
0.0357142857142857 599.122518255327
0.0357548701298701 598.397384540935
0.0357954545454545 597.671427279415
0.035836038961039 596.944646470765
0.0358766233766234 596.217042114984
0.0359172077922078 595.488614212073
0.0359577922077922 594.759362762031
0.0359983766233766 594.029287764857
0.036038961038961 593.298389220551
0.0360795454545455 592.566667129111
0.0361201298701299 591.834121490538
0.0361607142857143 591.10075230483
0.0362012987012987 590.366559571988
0.0362418831168831 589.63154329201
0.0362824675324675 588.895703464896
0.036323051948052 588.159040090646
0.0363636363636364 587.421553169259
0.0364042207792208 586.683242700734
0.0364448051948052 585.944108685071
0.0364853896103896 585.204151122268
0.036525974025974 584.463370012327
0.0365665584415584 583.721765355245
0.0366071428571429 582.979337151023
0.0366477272727273 582.236085399659
0.0366883116883117 581.492010101154
0.0367288961038961 580.747111255507
0.0367694805194805 580.001388862717
0.0368100649350649 579.254842922784
0.0368506493506493 578.507473435707
0.0368912337662338 577.759280401485
0.0369318181818182 577.010263820118
0.0369724025974026 576.260423691606
0.037012987012987 575.509760015948
0.0370535714285714 574.758272793143
0.0370941558441558 574.005962023191
0.0371347402597403 573.252827706091
0.0371753246753247 572.498869841843
0.0372159090909091 571.744088430446
0.0372564935064935 570.9884834719
0.0372970779220779 570.232054966204
0.0373376623376623 569.474802913358
0.0373782467532468 568.71672731336
0.0374188311688312 567.957828166212
0.0374594155844156 567.198105471911
0.0375 566.437559230457
0.0375405844155844 565.676189441851
0.0375811688311688 564.913996106091
0.0376217532467533 564.150979223177
0.0376623376623377 563.387138793109
0.0377029220779221 562.622474815885
0.0377435064935065 561.856987291506
0.0377840909090909 561.090676219971
0.0378246753246753 560.323541601279
0.0378652597402597 559.55558343543
0.0379058441558442 558.786801722423
0.0379464285714286 558.017196462258
0.037987012987013 557.246767654935
0.0380275974025974 556.475515300452
0.0380681818181818 555.70343939881
0.0381087662337662 554.930539950007
0.0381493506493507 554.156816954044
0.0381899350649351 553.38227041092
0.0382305194805195 552.606900320634
0.0382711038961039 551.830706683186
0.0383116883116883 551.053689498575
0.0383522727272727 550.275848766801
0.0383928571428571 549.497184487863
0.0384334415584416 548.717696661761
0.038474025974026 547.937385288495
0.0385146103896104 547.156250368064
0.0385551948051948 546.374291900467
0.0385957792207792 545.591509885704
0.0386363636363636 544.807904323775
0.0386769480519481 544.023475214678
0.0387175324675325 543.238222558414
0.0387581168831169 542.452146354982
0.0387987012987013 541.665246604382
0.0388392857142857 540.877523306612
0.0388798701298701 540.088976461674
0.0389204545454545 539.299606069565
0.038961038961039 538.509412130286
0.0390016233766234 537.718394643837
0.0390422077922078 536.926553610216
0.0390827922077922 536.133889029423
0.0391233766233766 535.340400901458
0.039163961038961 534.546089226321
0.0392045454545455 533.75095400401
0.0392451298701299 532.954995234526
0.0392857142857143 532.158212917868
0.0393262987012987 531.360607054036
0.0393668831168831 530.562177643029
0.0394074675324675 529.762924684846
0.039448051948052 528.962848179487
0.0394886363636364 528.161948126953
0.0395292207792208 527.360224527241
0.0395698051948052 526.557677380352
0.0396103896103896 525.754306686286
0.039650974025974 524.950112445041
0.0396915584415584 524.145094656618
0.0397321428571429 523.339253321017
0.0397727272727273 522.532588438235
0.0398133116883117 521.725100008274
0.0398538961038961 520.916788031133
0.0398944805194805 520.107652506811
0.0399350649350649 519.297693435308
0.0399756493506494 518.486910816624
0.0400162337662338 517.675304650757
0.0400568181818182 516.862874937708
0.0400974025974026 516.049621677476
0.040137987012987 515.235544870061
0.0401785714285714 514.420644515462
0.0402191558441558 513.604920613679
0.0402597402597403 512.788373164712
0.0403003246753247 511.97100216856
0.0403409090909091 511.152807625222
0.0403814935064935 510.333789534698
0.0404220779220779 509.513947896988
0.0404626623376623 508.693282712091
0.0405032467532468 507.871793980008
0.0405438311688312 507.049481700736
0.0405844155844156 506.226345874277
0.040625 505.40238650063
0.0406655844155844 504.577603579794
0.0407061688311688 503.751997111768
0.0407467532467533 502.925567096554
0.0407873376623377 502.098313534149
0.0408279220779221 501.270236424554
0.0408685064935065 500.441335767768
0.0409090909090909 499.611611563792
0.0409496753246753 498.781063812623
0.0409902597402597 497.949692514263
0.0410308441558442 497.117497668711
0.0410714285714286 496.284479275965
0.041112012987013 495.450637336027
0.0411525974025974 494.615971848895
0.0411931818181818 493.780482814569
0.0412337662337662 492.944170233049
0.0412743506493507 492.107034104334
0.0413149350649351 491.269074428424
0.0413555194805195 490.430291205319
0.0413961038961039 489.590684435017
0.0414366883116883 488.75025411752
0.0414772727272727 487.909000252826
0.0415178571428571 487.066922840935
0.0415584415584416 486.224021881846
0.041599025974026 485.38029737556
0.0416396103896104 484.535749322076
0.0416801948051948 483.690377721393
0.0417207792207792 482.844182573511
0.0417613636363636 481.997163878429
0.0418019480519481 481.149321636148
0.0418425324675325 480.300655846666
0.0418831168831169 479.451166509985
0.0419237012987013 478.600853626102
0.0419642857142857 477.749717195018
0.0420048701298701 476.897757216733
0.0420454545454546 476.044973691246
0.042086038961039 475.191366618556
0.0421266233766234 474.336935998664
0.0421672077922078 473.481681831568
0.0422077922077922 472.625604117269
0.0422483766233766 471.768702855766
0.042288961038961 470.910978047059
0.0423295454545455 470.052429691148
0.0423701298701299 469.193057788031
0.0424107142857143 468.332862337709
0.0424512987012987 467.471843340181
0.0424918831168831 466.610000795448
0.0425324675324675 465.747334703508
0.042573051948052 464.883845064362
0.0426136363636364 464.019531878008
0.0426542207792208 463.154395144447
0.0426948051948052 462.288434863678
0.0427353896103896 461.421651035702
0.042775974025974 460.554043660517
0.0428165584415584 459.685612738123
0.0428571428571429 458.81635826852
0.0428977272727273 457.946280251707
0.0429383116883117 457.075378687684
0.0429788961038961 456.203653576452
0.0430194805194805 455.331104918009
0.0430600649350649 454.457732712355
0.0431006493506494 453.583536959489
0.0431412337662338 452.708517659412
0.0431818181818182 451.832674812124
0.0432224025974026 450.956008417623
0.043262987012987 450.078518475909
0.0433035714285714 449.200204986982
0.0433441558441559 448.321067950842
0.0433847402597403 447.441107367488
0.0434253246753247 446.56032323692
0.0434659090909091 445.678715559138
0.0435064935064935 444.796284334141
0.0435470779220779 443.91302956193
0.0435876623376623 443.028951242503
0.0436282467532468 442.14404937586
0.0436688311688312 441.258323962001
0.0437094155844156 440.371775000926
0.04375 439.484402492634
0.0437905844155844 438.596206437126
0.0438311688311688 437.7071868344
0.0438717532467532 436.817343684456
0.0439123376623377 435.926676987294
0.0439529220779221 435.035186742914
0.0439935064935065 434.142872951316
0.0440340909090909 433.249735612499
0.0440746753246753 432.355774726462
0.0441152597402597 431.460990293206
0.0441558441558442 430.56538231273
0.0441964285714286 429.668950785034
0.044237012987013 428.771695710117
0.0442775974025974 427.873617087979
0.0443181818181818 426.97471491862
0.0443587662337662 426.07498920204
0.0443993506493507 425.174439938237
0.0444399350649351 424.273067127213
0.0444805194805195 423.370870768966
0.0445211038961039 422.467850863496
0.0445616883116883 421.564007410802
0.0446022727272727 420.659340410886
0.0446428571428572 419.753849863746
0.0446834415584416 418.847535769381
0.044724025974026 417.940398127793
0.0447646103896104 417.032436938979
0.0448051948051948 416.12365220294
0.0448457792207792 415.214043919677
0.0448863636363636 414.303612089187
0.0449269480519481 413.392356711472
0.0449675324675325 412.480277786531
0.0450081168831169 411.567375314363
0.0450487012987013 410.653649294968
0.0450892857142857 409.739099728347
0.0451298701298701 408.823726614498
0.0451704545454545 407.907529953421
0.045211038961039 406.990509745117
0.0452516233766234 406.072665989584
0.0452922077922078 405.153998686822
0.0453327922077922 404.234507836832
0.0453733766233766 403.314193439613
0.045413961038961 402.393055495164
0.0454545454545455 401.471094003485
0.0454951298701299 400.548308964577
0.0455357142857143 399.624700378438
0.0455762987012987 398.700268245069
0.0456168831168831 397.775012564468
0.0456574675324675 396.848933336637
0.045698051948052 395.922030561574
0.0457386363636364 394.99430423928
0.0457792207792208 394.065754369753
0.0458198051948052 393.136380952994
0.0458603896103896 392.206183989002
0.045900974025974 391.275163477778
0.0459415584415584 390.34331941932
0.0459821428571429 389.410651813629
0.0460227272727273 388.477160660704
0.0460633116883117 387.542845960545
0.0461038961038961 386.607707713152
0.0461444805194805 385.671745918524
0.0461850649350649 384.734960576661
0.0462256493506494 383.797351687563
0.0462662337662338 382.858919251229
0.0463068181818182 381.91966326766
0.0463474025974026 380.979583736854
0.046387987012987 380.038680658813
0.0464285714285714 379.096954033534
0.0464691558441558 378.154403861019
0.0465097402597403 377.211030141267
0.0465503246753247 376.266832874277
0.0465909090909091 375.321812060049
0.0466314935064935 374.375967698584
0.0466720779220779 373.42929978988
0.0467126623376623 372.481808333938
0.0467532467532468 371.533493330757
0.0467938311688312 370.584354780337
0.0468344155844156 369.634392682678
0.046875 368.683607037779
0.0469155844155844 367.731997845641
0.0469561688311688 366.779565106262
0.0469967532467533 365.826308819643
0.0470373376623377 364.872228985784
0.0470779220779221 363.917325604683
0.0471185064935065 362.961598676342
0.0471590909090909 362.005048200758
0.0471996753246753 361.047674177934
0.0472402597402597 360.089476607867
0.0472808441558442 359.130455490558
0.0473214285714286 358.170610826007
0.047362012987013 357.209942614213
0.0474025974025974 356.248450855175
0.0474431818181818 355.286135548895
0.0474837662337662 354.322996695371
0.0475243506493506 353.359034294603
0.0475649350649351 352.394248346592
0.0476055194805195 351.428638851336
0.0476461038961039 350.462205808835
0.0476866883116883 349.494949219089
0.0477272727272727 348.526869082099
0.0477678571428571 347.557965397863
0.0478084415584416 346.588238166382
0.047849025974026 345.617687387655
0.0478896103896104 344.646313061682
0.0479301948051948 343.674115188463
0.0479707792207792 342.701093767997
0.0480113636363636 341.727248800284
0.0480519480519481 340.752580285325
0.0480925324675325 339.777088223118
0.0481331168831169 338.800772613663
0.0481737012987013 337.823633456961
0.0482142857142857 336.845670753011
0.0482548701298701 335.866884501812
0.0482954545454546 334.887274703365
0.048336038961039 333.906841357669
0.0483766233766234 332.925584464724
0.0484172077922078 331.94350402453
0.0484577922077922 330.960600037087
0.0484983766233766 329.976872502393
0.048538961038961 328.99232142045
0.0485795454545455 328.006946791256
0.0486201298701299 327.020748614812
0.0486607142857143 326.033726891117
0.0487012987012987 325.045881620171
0.0487418831168831 324.057212801974
0.0487824675324675 323.067720436526
0.0488230519480519 322.077404523826
0.0488636363636364 321.086265063873
0.0489042207792208 320.094302056669
0.0489448051948052 319.101515502213
0.0489853896103896 318.107905400503
0.049025974025974 317.113471751541
0.0490665584415584 316.118214555326
0.0491071428571429 315.122133811858
0.0491477272727273 314.125229521136
0.0491883116883117 313.12750168316
0.0492288961038961 312.12895029793
0.0492694805194805 311.129575365446
0.0493100649350649 310.129376885708
0.0493506493506494 309.128354858714
0.0493912337662338 308.126509284466
0.0494318181818182 307.123840162963
0.0494724025974026 306.120347494205
0.049512987012987 305.11603127819
0.0495535714285714 304.11089151492
0.0495941558441559 303.104928204394
0.0496347402597403 302.098141346612
0.0496753246753247 301.090530941573
0.0497159090909091 300.082096989278
0.0497564935064935 299.072839489725
0.0497970779220779 298.062758442915
0.0498376623376623 297.051853848848
0.0498782467532468 296.040125707523
0.0499188311688312 295.02757401894
0.0499594155844156 294.014198783099
0.05 293
