0 923.385538962391
0.00450834817333716 913.222937336375
0.00637576713063338 907.992056993271
0.0078086880944303 902.858900772049
0.00901669634667432 897.751406990836
0.0100809729818189 892.65432558832
0.0110431526074847 887.562482612065
0.0119279680903424 882.473642760483
0.0127515342612668 877.386683476301
0.0135250445200115 872.300979453042
0.014256648712805 867.216154851368
0.0149524993152435 862.131970211771
0.0156173761888606 857.048265755456
0.0162550805066115 851.964930794478
0.0168686942449158 846.881886226696
0.0174607573942395 841.799074021283
0.0180333926933486 836.716450641602
0.0185883957157296 831.633982786545
0.0191273013919002 826.551644549889
0.0196514340898729 821.469415475832
0.0201619459636378 816.387279197361
0.0206598467635334 811.305222463359
0.0211460273229918 806.223234430861
0.0216212782877597 801.141306141823
0.0220863052149693 796.059430130617
0.0225417408666858 790.977600125684
0.0229881553099166 785.895810819995
0.0234260642832909 780.814057692508
0.0238559361806849 775.732336867858
0.0242781979213644 770.650645005069
0.0246932399162397 765.568979208521
0.0251014202947365 760.487336956133
0.0255030685225335 755.405716041019
0.0258984885141406 750.324114523736
0.0262879613239427 745.242530692969
0.0266717474834541 740.160963032948
0.027050089040023 735.079410196289
0.0274232113423137 729.997870981253
0.0277913246099792 724.916344312576
0.0281546253185737 719.834829225265
0.0285132974256101 714.75332485081
0.0288675134594813 709.671830405425
0.0292174354895389 704.59034517996
0.0295632159928077 699.508868531226
0.029904998630487 694.427399874496
0.0302429189454567 689.345938677017
0.0305771049903927 684.264484452354
0.0309076778947486 679.18303675547
0.0312347523777212 674.101595178408
0.0315584372133601 669.020159346512
0.0318788356531669 663.938728915096
0.0321960458108392 658.857303566506
0.0325101610132231 653.775883007521
0.0328212701210316 648.694466967046
0.033129457822454 643.613055194069
0.0334348049024036 638.531647455829
0.0337373884898316 633.450243536194
0.0340372822852509 628.368843234192
0.0343345567703718 623.287446362717
0.0346292794015399 618.206052747341
0.0349215147884789 613.124662225269
0.0352113248596809 608.043274644376
0.0354987690156436 602.961889862355
0.0357839042710273 597.880507745932
0.0360667853866973 592.799128170162
0.0363474649925151 587.717751017789
0.0366259937016615 582.636376178662
0.0369024202171914 577.555003549208
0.0371767914314591 572.473633031944
0.0374491525189856 567.392264535039
0.0377195470232912 562.31089797191
0.037988016938165 557.229533260851
0.0382546027838003 552.148170324694
0.0385193436781882 547.066809090501
0.0387822774041237 541.985449489275
0.0390434404721515 536.904091455699
0.0393028681797458 531.822734927894
0.0395605946669979 526.741379847197
0.0398166529690598 521.660026157949
0.0400710750655703 516.578673807314
0.0403238919272756 511.497322745093
0.0405751335600345 506.41597292357
0.0408248290463863 501.334624297354
0.0410730065848447 496.253276823243
0.0413196935270669 491.17193046009
0.0415649164130371 486.090585168686
0.0418087010043938 481.009240911646
0.0420510723160163 475.927897653303
0.0422920546459836 470.84655535961
0.0425316716040046 465.765213998053
0.0427699461384151 460.683873537561
0.043006900561828 455.602533948429
0.0432425565755193 450.521195202244
0.0434769352926241 445.439857271813
0.0437100572602125 440.358520131104
0.0439419424803125 435.277183755178
0.0441726104299386 430.195848120136
0.0444020800801849 425.114513203064
0.0446303699144337 420.033178981984
0.0448574979457305 414.951845435807
0.0450834817333716 409.870512544284
0.045308338398746 404.789180287972
0.0455320846404743 399.707848648187
0.0457547367488804 394.626517606974
0.0459763106198331 389.545187147065
0.0461968217679898 384.463857251853
0.0464162853394738 379.382527905356
0.0466347161240152 374.301199092189
0.0468521285665818 369.219870797537
0.047068536778527 364.138543007131
0.0472839545482776 359.057215707218
0.0474983953515865 353.975888884542
0.0477118723613698 348.894562526319
0.0479243984571499 343.813236620219
0.0481359862341233 338.731911154345
0.0483466480118709 333.650586117212
0.0485563958427288 328.569261497732
0.0487652415198346 323.487937285197
0.048973196584865 318.40661346926
0.0491802723354789 313.325290039924
0.0493864798324795 308.243966987523
0.0495918299067088 303.162644302713
0.0497963331656857 298.081321976453
0.05 293
