0.000687841856373439 0.687841856373414
0.00166059713842464 0.854740277033158
0.00216413232486249 1.09310880379982
0.00256706075555817 1.2901466895491
0.00291374486136753 1.46139692286512
0.00322292272046433 1.61480465545322
0.0035047200651488 1.75495997899958
0.00376536905740753 1.88478106196043
0.00400903613322272 2.00625508530532
0.00423867250525879 2.12080597334526
0.0044564602888307 2.22949474762824
0.00466406743831481 2.33313685739804
0.00486280316818735 2.43237492355456
0.00505371764539675 2.52772596721541
0.0052376686173907 2.61961326007682
0.00541536748005248 2.70838849898717
0.00558741205304237 2.79434766781152
0.00575431047370223 2.87774265117476
0.00591649898722285 2.95878991187703
0.00607435543831055 3.03767709070994
0.00622820967023154 3.11456810570463
0.00637835165639041 3.18960714762769
0.00652503794124986 3.26292185022618
0.00666849680153703 3.33462583437178
0.00680893242555455 3.40482077081283
0.00694652832978124 3.47359806839096
0.00708145017634792 3.5410402675518
0.00721384811504412 3.60722219970238
0.00734385874442656 3.67221195874736
0.00747160676513592 3.73607172069746
0.00759720638249849 3.7988584394181
0.00772076250338369 3.86062444063722
0.00784237176305305 3.92141793182757
0.00796212341062284 3.98128344207168
0.00808010007623522 4.04026220333851
0.00819637843870124 4.0983924823882
0.00831102980895975 4.15570987093861
0.00842412064197572 4.21224754031853
0.00853571298752336 4.26803646578756
0.00864586488854371 4.32310562480677
0.00875463073434251 4.37748217288001
0.00886206157473333 4.43119159998641
0.00896820540027835 4.48425787014621
0.00907310739299504 4.53670354632996
0.00917681015124642 4.5885499025035
0.00927935389199208 4.63981702440491
0.00938077663312508 4.69052390043504
0.00948111435824012 4.74068850377535
0.00958040116585923 4.79032786679068
0.00967866940487009 4.83945814855998
0.00977594979770298 4.88809469629263
0.0098722715525765 4.93625210131504
0.00996766246597488 4.98394425016837
0.0100621490163764 5.03118437137803
0.0101557564501288 5.07798507828166
0.0102485088602617 5.12435840835338
0.0103404292589327 5.17031585934534
0.0104315396441251 5.21586842257901
0.0105218610611452 5.26102661361715
0.0106114136594063 5.30580050060712
0.0107002167449331 5.35019973049736
0.010788288828975 5.39423355328294
0.0108756476730747 5.43791084451493
0.0109623103309029 5.4812401261683
0.0110482931871383 5.52422958607497
0.0111336119936447 5.56688709595397
0.0112182819031701 5.60922022825851
0.0113023175007735 5.6512362718487
0.0113857328331627 5.69294224665844
0.011468541436112 5.73434491737465
0.0115507563601087 5.77545080623451
0.0116323901943695 5.81626620504239
0.011713455089348 5.85679718638558
0.0117939627778516 5.89704961418971
0.0118739245948672 5.93702915362392
0.0119533514961949 5.9767412803956
0.0120322540759731 6.01619128951985
0.0121106425831758 6.05538430353523
0.0121885269371556 6.09432528029629
0.012265916742297 6.1330190202592
0.0123428213018436 6.17147017342073
0.0124192496309538 6.20968324581522
0.0124952104690384 6.2476626056977
0.012570712291426 6.28541248934719
0.0126457633204022 6.32293700660075
0.0127203715356626 6.36024014607275
0.0127945446842162 6.39732578008792
0.0128682902897757 6.43419766939601
0.0129416156616662 6.47085946760002
0.0130145279032812 6.50731472539567
0.0130870339201157 6.54356689457736
0.0131591404273996 6.57961933184538
0.0132308539573579 6.61547530245657
0.0133021808661173 6.65113798365232
0.0133731273402823 6.68661046795012
0.0134436994031982 6.72189576628245
0.0135139029209202 6.75699681095922
0.0135837436079039 6.79191645853437
0.0136532270324351 6.82665749250146
0.0137223586218111 6.86122262589154
0.0137911436672883 6.89561450374431
0.0138595873288096 6.92983570545855
0.0139276946395215 6.96388874707563
0.0139954705100939 6.99777608341278
0.014062919732853 7.03150011013708
0.0141300469857357 7.06506316574313
0.0141968568360763 7.09846753345096
0.0142633537442332 7.13171544300095
0.0143295420670645 7.16480907240144
0.0143954260612592 7.19775054960512
0.0144610098865325 7.23054195408544
0.0145262976086905 7.26318531837594
0.0145912932025722 7.29568262954003
0.0146560005548734 7.32803583059098
0.0147204234668592 7.36024682183604
0.0147845656569701 7.39231746217913
0.0148484307633269 7.42424957038612
0.0149120223461386 7.45604492626859
0.0149753438900188 7.4877052718503
0.0150383988062137 7.51923231249337
0.015101190434747 7.5506277179475
0.0151637220464847 7.58189312339814
0.0152259968451229 7.61303013045351
0.0152880179691038 7.64404030810597
0.015349788493461 7.67492519364803
0.0154113114315992 7.70568629356553
0.0154725897370092 7.73632508440587
0.0155336263049229 7.76684301357706
0.0155944239739094 7.79724150017516
0.0156549855274154 7.82752193573302
0.0157153136952526 7.85768568498191
0.0157754111550335 7.88773408655238
0.0158352805335577 7.91766845367535
0.0158949244081526 7.94749007486225
0.0159543453079675 7.97720021452257
0.0160135457152254 8.00680011361702
0.0160725280664326 8.036290990252
0.0161312947535495 8.06567404026395
0.0161898481251221 8.09495043779676
0.0162481904873772 8.12412133583294
0.0163063241052826 8.15318786671124
0.0163642512035733 8.18215114269208
0.0164219739677443 8.2110122564002
0.0164794945450137 8.23977228132521
0.0165368150452541 8.26843227228301
0.0165939375418957 8.2969932658872
0.0166508640728019 8.32545628096405
0.0167075966411173 8.35382231898221
0.0167641372160901 8.38209236446714
0.0168204877338703 8.410267385397
0.0168766500982825 8.43834833358848
0.0169326261815774 8.46633614507278
0.0169884178251591 8.49423174047246
0.0170440268402927 8.52203602532575
0.0170994550087904 8.54974989046477
0.017154704083677 8.57737421231182
0.0172097757898377 8.60490985323731
0.017264671824646 8.63235766184258
0.017319393858574 8.65971847330164
0.0173739435357861 8.68699310961669
0.017428322474715 8.7141823799397
0.0174825322686219 8.74128708082081
0.0175365744861417 8.76830799652828
0.017590450671812 8.79524589925186
0.0176441623465887 8.82210154942138
0.0176977110083469 8.84887569590638
0.0177510981323679 8.87556907628043
0.0178043251718141 8.90218241707263
0.0178573935581902 8.92871643398501
0.0179103047017923 8.95517183209858
0.0179630599921453 8.98154930613593
0.0180156607984289 9.00784954062878
0.0180681084698921 9.03407321015546
0.0181204043362568 9.0602209795191
0.0181725497081115 9.0862935039762
0.0182245458772945 9.11229142938843
0.0182763941172671 9.13821539245406
0.0183280956834777 9.16406602084151
0.0183796518137163 9.18984393340588
0.0184310637284608 9.21554974034664
0.0184823326312135 9.2411840433772
0.0185334597088299 9.26674743586921
0.0185844461318399 9.29224050307004
0.0186352930547597 9.31766382218689
0.0186860016163974 9.34301796258927
0.0187365729401502 9.36830348593405
0.018787008134295 9.39352094633671
0.0188373082922719 9.41867089047158
0.0188874744929606 9.44375385774341
0.0189375078009504 9.46877038042652
0.018987409266804 9.49372098376118
0.0190371799273146 9.51860618611028
0.0190868208057575 9.54342649909105
0.0191363329121355 9.5681824276597
0.0191857172434187 9.5928744702915
0.0192349747837785 9.61750311902825
0.0192841065048167 9.64206885964592
0.0193331133657891 9.66657217174342
0.0193819963138239 9.69101352886617
0.0194307562841354 9.71539339858669
0.0194793942002326 9.7397122426427
0.0195279109741236 9.76397051700369
0.0195763075065146 9.78816867200297
0.0196245846870055 9.81230715241591
0.0196727433942807 9.83638639756426
0.0197207844962951 9.8604068413982
0.0197687088504574 9.88436891260566
0.0198165173038081 9.90827303467841
0.0198642106931945 9.93211962602446
0.0199117898454412 9.95590910002569
0.0199592555775179 9.9796418651629
0.0200066086967028 10.0033183250351
0.0200538500007426 10.0269388785121
0.0201009802780095 10.050503919754
0.0201480003076549 10.0740138383213
0.0201949108597593 10.097469019231
0.0202417126954799 10.1208698430485
0.0202884065671941 10.1442166859382
0.0203349932186413 10.1675099197626
0.0203814733850605 10.1907499121168
0.0204278477933263 10.2139370264261
0.0204741171620808 10.2370716219899
0.0205202822018643 10.2601540540649
0.0205663436152422 10.2831846739155
0.0206123020969295 10.3061638288857
0.0206581583339137 10.3290918624592
0.0207039130055741 10.3519691143058
0.0207495667837995 10.3747959203577
0.0207951203331031 10.3975726128607
0.0208405743107356 10.4202995204123
0.0208859293667956 10.4429769680628
0.0209311861443383 10.4656052773205
0.0209763452794818 10.4881847662344
0.0210214074015112 10.5107157494332
0.0210663731329815 10.5331985381838
0.0211112430898171 10.5556334404304
0.021156017881411 10.5780207608635
0.0212006981107211 10.6003608009448
0.0212452843743647 10.6226538589733
0.0212897772627117 10.6449002301228
0.0213341773599759 10.6671002064917
0.0213784852443043 10.6892540771373
0.0214227014878648 10.7113621281347
0.021466826656933 10.7334246426111
0.021510861311976 10.7554419007961
0.0215548060077361 10.7774141800438
0.0215986612933121 10.799341754894
0.0216424277122393 10.8212248971059
0.0216861058025683 10.8430638756944
0.021729696096942 10.8648589569684
0.0217731991226712 10.8866104045771
0.0218166154018096 10.908318479544
0.0218599454512264 10.9299834402851
0.0219031897826781 10.9516055426767
0.0219463489028793 10.9731850400589
0.0219894233135718 10.9947221832985
0.0220324135115929 11.0162172208169
0.0220753199889416 11.0376703985842
0.0221181432328452 11.0590819602258
0.022160883725823 11.0804521469815
0.0222035419457506 11.1017811977867
0.0222461183659212 11.123069349276
0.022288613455108 11.1443168358353
0.0223310276776235 11.1655238896019
0.0223733614933792 11.1866907405381
0.0224156153579435 11.2078176164078
0.0224577897225993 11.2289047428584
0.0224998850343995 11.2499523434037
0.0225419017362233 11.2709606394684
0.0225838402668297 11.2919298504349
0.0226257010609114 11.3128601936412
0.022667484549147 11.3337518844171
0.0227091911582533 11.3546051361221
0.0227508213110356 11.3754201601398
0.0227923754264379 11.3961971659523
0.0228338539195921 11.4169363611082
0.0228752572018663 11.437637951297
0.0229165856809127 11.4583021403223
0.022957839760714 11.4789291301752
0.0229990198416296 11.4995191210348
0.0230401263204413 11.5200723112891
0.0230811595903974 11.5405888975401
0.0231221200412568 11.5610690746804
0.0231630080593322 11.5815130358522
0.0232038240275328 11.6019209725124
0.0232445683254057 11.622293074421
0.0232852413291775 11.6426295296876
0.0233258434117945 11.6629305247784
0.0233663749429629 11.6831962445517
0.0234068362891878 11.7034268722484
0.0234472278138121 11.7236225895368
0.0234875498770544 11.743783576514
0.0235278028360466 11.7639100117463
0.0235679870448707 11.7840020722797
0.0236081028545952 11.8040599336251
0.0236481506133109 11.8240837698446
0.0236881306661662 11.8440737534904
0.0237280433554014 11.8640300556871
0.0237678890203837 11.8839528461096
0.0238076679976398 11.9038422930258
0.0238473806208901 11.9236985632813
0.0238870272210807 11.9435218223517
0.0239266081264158 11.9633122343327
0.0239661236623892 11.9830699619722
0.024005574151816 12.0027951666614
0.0240449599148629 12.0224880084917
0.0240842812690787 12.0421486462296
0.0241235385294241 12.0617772373506
0.0241627320083012 12.0813739380477
0.0242018620155827 12.1009389032738
0.02424092885864 12.1204722866938
0.0242799328423718 12.1399742407488
0.0243188742692316 12.1594449166697
0.0243577534392553 12.1788844644793
0.024396570650088 12.1982930329951
0.0244353261970106 12.2176707698343
0.024474020372966 12.2370178214854
0.0245126534685851 12.256334333248
0.0245512257722121 12.2756204493051
0.0245897375699294 12.2948763126844
0.0246281891455831 12.3141020653063
0.0246665807808064 12.3332978479882
0.0247049127550444 12.3524638004481
0.0247431853455778 12.3716000613245
0.0247813988275457 12.3907067681804
0.0248195534739695 12.4097840575224
0.024857649555775 12.4288320648267
0.0248956873418151 12.4478509244977
0.024933667098892 12.4668407699354
0.0249715890917789 12.4858017335386
0.0250094535832417 12.5047339466686
0.0250472608340601 12.5236375397295
0.0250850111030484 12.5425126421186
0.0251227046470767 12.5613593822654
0.0251603417210908 12.5801778876403
0.0251979225781323 12.5989682847662
0.025235447469359 12.6177306992179
0.0252729166440637 12.6364652556401
0.0253103303496943 12.65517207775
0.0253476888318722 12.6738512883645
0.0253849923344116 12.6925030093824
0.0254222410993378 12.7111273618125
0.0254594353669057 12.7297244657802
0.0254965753756175 12.7482944405409
0.0255336613622412 12.7668374044767
0.0255706935618274 12.7853534750946
0.0256076722077275 12.8038427690851
0.0256445975316103 12.8223054022791
0.0256814697634791 12.8407414896612
0.0257182891316883 12.8591511454235
0.0257550558629602 12.8775344829239
0.025791770182401 12.8958916147111
0.0258284323135171 12.9142226525314
0.0258650424782306 12.93252770734
0.0259016008968956 12.9508068893141
0.0259381077883129 12.969060307865
0.025974563369746 12.9872880716143
0.0260109678569357 13.0054902884256
0.0260473214641152 13.0236670654187
0.0260836244040247 13.0418185089674
0.0261198768879262 13.0599447246967
0.0261560791256174 13.0780458174985
0.0261922313254462 13.0961218915484
0.0262283336943247 13.1141730502998
0.0262643864377428 13.1321993965051
0.0263003897597819 13.1502010321884
0.0263363438631286 13.1681780587009
0.0263722489490876 13.1861305766946
0.0264081052175954 13.2040586861279
0.0264439128672328 13.2219624862896
0.0264796720952379 13.2398420758014
0.0265153830975188 13.2576975526245
0.0265510460686663 13.2755290140359
0.0265866612019659 13.2933365566833
0.0266222286894102 13.3111202765669
0.0266577487217111 13.3288802690379
0.0266932214883115 13.3466166288143
0.0267286471773973 13.3643294499934
0.0267640259759088 13.3820188260352
0.0267993580695526 13.3996848498019
0.0268346436428125 13.4173276135286
0.0268698828789612 13.4349472088416
0.0269050759600708 13.4525437267829
0.0269402230670245 13.4701172577985
0.0269753243795271 13.4876678917328
0.0270103800761155 13.5051957178543
0.0270453903341696 13.5227008248523
0.0270803553299227 13.5401833008437
0.0271152752384719 13.5576432333734
0.0271501502337881 13.5750807094263
0.0271849804887265 13.5924958154278
0.0272197661750362 13.6098886372557
0.0272545074633703 13.6272592602285
0.0272892045232956 13.6446077691277
0.0273238575233022 13.6619342482069
0.0273584666308135 13.6792387811738
0.0273930320121947 13.696521451198
0.0274275538327631 13.7137823409379
0.0274620322567967 13.7310215325513
0.0274964674475438 13.7482391076506
0.0275308595672313 13.7654351473396
0.0275652087770746 13.7826097322278
0.0275995152372854 13.7997629424325
0.0276337791070813 13.8168948575534
0.0276680005446938 13.8340055567025
0.0277021797073771 13.8510951185067
0.0277363167514165 13.8681636211113
0.0277704118321366 13.8852111421817
0.02780446510391 13.9022377588838
0.0278384767201647 13.9192435479511
0.0278724468333928 13.9362285856175
0.0279063755951582 13.9531929476713
0.0279402631561048 13.970136709432
0.0279741096659636 13.9870599457566
0.0280079152735612 14.0039627310659
0.0280416801268271 14.0208451393158
0.028075404372801 14.0377072440312
0.0281090881576409 14.0545491182951
0.0281427316266298 14.071370834735
0.0281763349241835 14.0881724655673
0.0282098981938576 14.1049540825662
0.0282434215783548 14.1217157570831
0.0282769052195318 14.1384575600375
0.0283103492584065 14.1551795619585
0.0283437538351647 14.171881832915
0.0283771190891673 14.1885644426008
0.0284104451589565 14.205227460277
0.0284437321822633 14.2218709548196
0.0284769802960134 14.238494994679
0.0285101896363344 14.2550996479176
0.0285433603385616 14.2716849822159
0.0285764925372452 14.2882510648394
0.0286095863661561 14.3047979626644
0.0286426419582925 14.3213257422065
0.0286756594458859 14.3378344695708
0.0287086389604075 14.3543242104918
0.0287415806325742 14.3707950303243
0.0287744845923547 14.3872469940651
0.0288073509689754 14.4036801663119
0.0288401798909264 14.4200946113193
0.0288729714859671 14.4364903929574
0.0289057258811326 14.45286757475
0.0289384432027388 14.4692262198535
0.0289711235763884 14.4855663910647
0.0290037671269766 14.5018881508428
0.0290363739786963 14.5181915612661
0.0290689442550441 14.5344766840899
0.0291014780788254 14.5507435807183
0.0291339755721598 14.566992312206
0.0291664368564869 14.5832229392744
0.0291988620525708 14.5994355222983
0.0292312512805062 14.6156301213444
0.0292636046597231 14.6318067961054
0.0292959223089917 14.6479656059758
0.0293282043464283 14.664106610006
0.0293604508894996 14.6802298669475
0.0293926620550278 14.6963354351868
0.0294248379591959 14.7124233728273
0.0294569787175524 14.7284937376382
0.0294890844450159 14.7445465870888
0.0295211552558802 14.7605819783079
0.029553191263819 14.7765999681414
0.0295851925818904 14.7926006131261
0.0296171593225418 14.8085839694735
0.0296490915976145 14.8245500931049
0.029680989518348 14.8404990396453
0.0297128531953848 14.8564308644068
0.0297446827387747 14.8723456224137
0.0297764782579794 14.8882433684092
0.0298082398618767 14.9041241568197
0.0298399676587651 14.9199880418021
0.0298716617563678 14.9358350772086
0.0299033222618372 14.9516653166225
0.0299349492817591 14.9674788133265
0.0299665429221567 14.983275620343
0.0299981032884951 14.9990557904026
0.0300296304856849 15.0148193759564
0.0300611246180869 15.0305664291774
0.0300925857895154 15.0462970019838
0.030124014103243 15.0620111460103
0.0301554096620039 15.0777089126145
0.030186772567998 15.093390352902
0.0302181029228951 15.1090555177128
0.0302494008278382 15.1247044576112
0.0302806663834477 15.1403372229029
0.0303118996898251 15.1559538636436
0.0303431008465568 15.1715544296233
0.0303742699527175 15.1871389703885
0.0304054071068742 15.2027075352116
0.0304365124070897 15.2182601731195
0.0304675859509262 15.2337969329098
0.030498627835449 15.2493178631072
0.0305296381572298 15.2648230119847
0.0305606170123503 15.2803124276018
0.0305915644964059 15.2957861577406
0.0306224807045088 15.31124424997
0.0306533657312916 15.3266867515919
0.0306842196709106 15.3421137096872
0.0307150426170492 15.3575251711136
0.0307458346629212 15.3729211824505
0.0307765959012743 15.3883017900919
0.0308073264243928 15.4036670401746
0.0308380263241014 15.4190169786105
0.0308686956917682 15.4343516510765
0.0308993346183078 15.4496711030352
0.0309299431941844 15.4649753797181
0.0309605215094153 15.4802645261418
0.0309910696535734 15.4955385870778
0.0310215877157907 15.5107976070922
0.0310520757847613 15.5260416305435
0.0310825339487441 15.5412707015562
0.0311129622955662 15.5564848640473
0.0311433609126255 15.5716841617016
0.0311737298868938 15.5868686380182
0.0312040693049198 15.602038336262
0.0312343792528317 15.6171932995065
0.0312646598163403 15.6323335705911
0.0312949110807416 15.647459192184
0.0313251331309199 15.6625702067171
0.0313553260513504 15.677666656422
0.0313854899261019 15.6927485833316
0.0314156248388396 15.7078160292963
0.0314457308728279 15.7228690359405
0.0314758081109329 15.7379076446906
0.0315058566356251 15.7529318967785
0.0315358765289824 15.7679418332566
0.031565867872692 15.7829374949494
0.0315958307480537 15.7979189225187
0.031625765235982 15.8128861564104
0.031655671417009 15.8278392369129
0.0316855493712866 15.8427782040858
0.0317153991785891 15.8577030978053
0.0317452209183161 15.8726139577899
0.0317750146694941 15.8875108235582
0.0318047805107798 15.9023937344128
0.0318345185204621 15.9172627295155
0.0318642287764645 15.9321178478189
0.0318939113563476 15.9469591281122
0.0319235663373115 15.9617866089857
0.0319531937961979 15.9766003288696
0.0319827938094927 15.9914003259994
0.0320123664533283 16.0061866384467
0.0320419118034854 16.0209593040886
0.032071429935396 16.0357183606508
0.0321009209241451 16.0504638456871
0.0321303848444732 16.065195796556
0.0321598217707785 16.079914250456
0.0321892317771187 16.0946192444068
0.0322186149372139 16.1093108152819
0.0322479713244479 16.1239889997653
0.0322773010118713 16.138653834389
0.0323066040722026 16.1533053555056
0.0323358805778312 16.167943599318
0.0323651306008189 16.1825686018433
0.0323943542129021 16.1971803989485
0.0324235514854941 16.2117790263561
0.0324527224896868 16.2263645196098
0.032481867296253 16.2409369140815
0.0325109859756481 16.2554962450176
0.0325400785980125 16.2700425474687
0.0325691452331731 16.2845758563599
0.0325981859506456 16.2990962064432
0.0326272008196364 16.313603632322
0.0326561899090442 16.3280981684464
0.0326851532874625 16.3425798491214
0.0327140910231809 16.3570487084801
0.0327430031841874 16.3715047805266
0.0327718898381699 16.3859480990935
0.0328007510525183 16.4003786978738
0.0328295868943265 16.4147966104253
0.0328583974303938 16.4292018701437
0.0328871827272268 16.4435945102868
0.0329159428510416 16.4579745639478
0.0329446778677651 16.4723420640994
0.0329733878430368 16.486697043563
0.0330020728422109 16.5010395350141
0.0330307329303578 16.5153695709945
0.0330593681722657 16.5296871838903
0.0330879786324426 16.5439924059521
0.0331165643751178 16.5582852692969
0.0331451254642436 16.5725658058973
0.033173661963497 16.5868340476066
0.0332021739362814 16.6010900261046
0.0332306614457282 16.6153337729743
0.0332591245546982 16.6295653196288
0.0332875633257839 16.6437846973793
0.0333159778213103 16.6579919373942
0.0333443681033369 16.6721870706841
0.0333727342336593 16.6863701281513
0.0334010762738107 16.7005411405724
0.0334293942850634 16.7147001385679
0.0334576883284304 16.72884715266
0.033485958464667 16.7429822132148
0.0335142047542723 16.7571053504881
0.0335424272574904 16.7712165946042
0.0335706260343125 16.7853159755452
0.0335988011444778 16.7994035231901
0.0336269526474753 16.8134792672844
0.0336550806025454 16.8275432374471
0.0336831850686808 16.8415954631722
0.0337112661046286 16.8556359738325
0.0337393237688912 16.8696647986845
0.033767358119728 16.8836819668526
0.033795369215157 16.8976875073423
0.0338233571129555 16.9116814490437
0.0338513218706624 16.925663820734
0.0338792635455789 16.9396346510648
0.0339071821947701 16.9535939685592
0.0339350778750664 16.9675418016289
0.0339629506430649 16.9814781785831
0.0339908005551304 16.9954031275932
0.0340186276673973 17.0093166767387
0.0340464320357703 17.0232188539625
0.0340742137159262 17.0371096871103
0.034101972763315 17.0509892039045
0.0341297092331612 17.0648574319583
0.0341574231804648 17.0787143987623
0.0341851146600034 17.0925601317084
0.0342127837263324 17.1063946580873
0.0342404304337871 17.120218005046
0.0342680548364834 17.1340301996547
0.0342956569883195 17.1478312688592
0.0343232369429766 17.1616212395023
0.0343507947539206 17.1754001383186
0.034378330474403 17.1891679919339
0.0344058441574623 17.2029248268652
0.0344333358559251 17.2166706695155
0.0344608056224071 17.2304055462071
0.0344882535093147 17.2441294831314
0.0345156795688458 17.257842506399
0.034543083852991 17.2715446420004
0.0345704664135351 17.2852359158206
0.0345978273020576 17.298916353666
0.0346251665699346 17.3125859812159
0.0346524842683393 17.3262448240497
0.0346797804482433 17.3398929076536
0.0347070551604179 17.3535302574224
0.0347343084554351 17.3671568986361
0.0347615403836684 17.3807728564795
0.0347887509952945 17.3943781560511
0.0348159403402938 17.4079728223233
0.0348431084684517 17.4215568802021
0.0348702554293596 17.435130354483
0.0348973812724162 17.4486932698519
0.0349244860468282 17.4622456509343
0.0349515698016116 17.4757875222206
0.0349786325855926 17.4893189081298
0.0350056744474086 17.50283983298
0.0350326954355094 17.5163503209974
0.035059695598158 17.5298503963123
0.0350866749834317 17.543340082969
0.0351136336392232 17.556819404898
0.0351405716132414 17.570288385969
0.0351674889530125 17.5837470499374
0.0351943857058809 17.5971954204714
0.0352212619190104 17.6106335211644
0.0352481176393847 17.6240613755044
0.0352749529138091 17.6374790068847
0.0353017677889104 17.6508864386283
0.035328562311139 17.6642836939627
0.035355336526769 17.6776707960147
0.0353820904818995 17.6910477678439
0.0354088242224553 17.7044146324029
0.0354355377941882 17.7177714125768
0.0354622312426775 17.7311181311506
0.0354889046133312 17.7444548108196
0.0355155579513867 17.7577814742103
0.0355421913019117 17.7710981438624
0.0355688047098054 17.7844048422229
0.0355953982197991 17.7977015916445
0.0356219718764569 17.8109884144228
0.035648525724177 17.8242653327534
0.0356750598071924 17.8375323687497
0.0357015741695716 17.8507895444515
0.0357280688552195 17.8640368818076
0.0357545439078788 17.8772744026846
0.0357809993711297 17.8905021288912
0.0358074352883919 17.9037200821135
0.0358338517029247 17.9169282839959
0.0358602486578282 17.9301267560809
0.0358866261960439 17.9433155198433
0.0359129843603557 17.9564945966687
0.0359393231933904 17.9696640078826
0.035965642737619 17.982823774706
0.0359919430353569 17.9959739183006
0.0360182241287654 18.0091144597532
0.0360444860598516 18.0222454200693
0.0360707288704701 18.0353668201622
0.0360969526023232 18.0484786808968
0.0361231572969618 18.0615810230374
0.0361493429957863 18.0746738672948
0.0361755097400471 18.0877572342765
0.0362016575708456 18.1008311445558
0.0362277865291349 18.1138956186063
0.0362538966557206 18.1269506768185
0.0362799879912613 18.1399963395182
0.0363060605762696 18.1530326269757
0.0363321144511126 18.1660595593795
0.036358149656013 18.1790771568231
0.0363841662310495 18.1920854393434
0.0364101642161574 18.2050844269196
0.0364361436511298 18.2180741394532
0.036462104575618 18.2310545967549
0.0364880470291321 18.2440258185961
0.0365139710510419 18.256987824646
0.0365398766805777 18.2699406345334
0.0365657639568305 18.2828842677903
0.0365916329187534 18.2958187439069
0.0366174836051617 18.3087440822726
0.0366433160547337 18.3216603022407
0.0366691303060116 18.3345674230831
0.0366949263974021 18.3474654639935
0.0367207043671768 18.3603544441222
0.0367464642534732 18.373234382523
0.0367722060942951 18.3861052981998
0.0367979299275136 18.3989672100948
0.0368236357908673 18.4118201370687
0.0368493237219632 18.4246640979343
0.0368749937582774 18.4374991114274
0.0369006459371556 18.4503251962181
0.0369262802958137 18.4631423709178
0.0369518968713387 18.4759506540619
0.036977495700689 18.4887500641361
0.0370030768206952 18.5015406195509
0.0370286402680606 18.5143223386627
0.037054186079362 18.5270952397555
0.0370797142910502 18.5398593410526
0.0371052249394506 18.552614660733
0.0371307180607637 18.5653612168794
0.0371561936910659 18.5780990275351
0.0371816518663101 18.5908281106724
0.037207092622326 18.6035484842159
0.0372325159948212 18.6162601660171
0.037257922019381 18.6289631738616
0.0372833107314699 18.641657525489
0.0373086821664315 18.654343238563
0.0373340363594894 18.6670203307042
0.0373593733457476 18.6796888194583
0.0373846931601912 18.692348722329
0.0374099958376869 18.7050000567291
0.0374352814129835 18.7176428400446
0.0374605499207126 18.7302770896013
0.0374858013953891 18.7429028226386
0.0375110358714116 18.7555200563694
0.0375362533830633 18.76812880792
0.0375614539645121 18.780729094392
0.0375866376498113 18.7933209327984
0.0376118044729006 18.8059043401126
0.0376369544676057 18.818479333252
0.0376620876676398 18.8310459290651
0.0376872041066033 18.8436041443536
0.0377123038179851 18.856153995874
0.0377373868351625 18.8686955003051
0.0377624531914019 18.8812286742872
0.0377875029198595 18.8937535343791
0.0378125360535816 18.9062700971292
0.0378375526255052 18.9187783789835
0.0378625526684586 18.9312783963737
0.0378875362151616 18.9437701656458
0.0379125032982263 18.9562537031173
0.0379374539501575 18.9687290250313
0.0379623882033531 18.9811961475939
0.0379873060901047 18.993655086946
0.0380122076425981 19.0061058591829
0.0380370928929138 19.018548480345
0.0380619618730273 19.0309829664211
0.0380868146148098 19.0434093333454
0.0381116511500285 19.0558275969988
0.0381364715103472 19.0682377732168
0.0381612757273267 19.0806398777723
0.0381860638324254 19.0930339264044
0.0382108358569996 19.1054199347809
0.0382355918323039 19.1177979185358
0.038260331789492 19.1301678932432
0.0382850557596169 19.1425298744363
0.0383097637736311 19.1548838775869
0.0383344558623878 19.1672299181234
0.0383591320566406 19.1795680114228
0.0383837923870444 19.1918981728059
0.0384084368841555 19.2042204175556
0.0384330655784325 19.2165347609017
0.0384576785002361 19.2288412180119
0.0384822756798303 19.2411398040347
0.0385068571473823 19.253430534047
0.0385314229329629 19.2657134230963
0.0385559730665473 19.2779884861542
0.0385805075780153 19.2902557381602
0.0386050264971517 19.3025151940198
0.0386295298536468 19.3147668685666
0.0386540176770968 19.3270107766067
0.0386784899970042 19.3392469328814
0.0387029468427782 19.3514753521103
0.0387273882437352 19.3636960489403
0.0387518142290991 19.3759090379757
0.0387762248280018 19.3881143337981
0.0388006200694835 19.4003119509215
0.0388249999824933 19.4125019038176
0.0388493645958892 19.4246842069176
0.038873713938439 19.4368588746052
0.0388980480388204 19.4490259212317
0.0389223669256215 19.4611853610715
0.038946670627341 19.4733372083799
0.0389709591723888 19.485481477361
0.0389952325890865 19.4976181821769
0.0390194909056672 19.509747336951
0.0390437341502768 19.5218689557498
0.0390679623509735 19.5339830526014
0.0390921755357287 19.546089641493
0.0391163737324271 19.5581887363653
0.0391405569688674 19.570280351121
0.0391647252727624 19.5823644996087
0.0391888786717393 19.5944411956534
0.0392130171933405 19.6065104530208
0.0392371408650233 19.6185722854467
0.0392612497141611 19.630626706602
0.0392853437680429 19.6426737301412
0.0393094230538743 19.6547133696653
0.0393334875987775 19.6667456387406
0.0393575374297919 19.678770550877
0.0393815725738743 19.6907881195571
0.0394055930578992 19.7027983582277
0.0394295989086594 19.7148012802623
0.039453590152866 19.7267968990299
0.0394775668171491 19.7387852278495
0.0395015289280579 19.7507662799994
0.0395254765120611 19.7627400687028
0.0395494095955474 19.7747066071528
0.0395733282048255 19.7866659085179
0.0395972323661248 19.7986179858979
0.0396211221055955 19.8105628523721
0.0396449974493091 19.8225005209858
0.0396688584232584 19.8344310047229
0.0396927050533585 19.8463543165398
0.0397165373654463 19.8582704693662
0.0397403553852814 19.8701794760711
0.0397641591385462 19.8820813495017
0.0397879486508463 19.8939761024673
0.0398117239477109 19.9058637477142
0.0398354850545928 19.9177442979826
0.0398592319968691 19.9296177659493
0.0398829647998414 19.9414841642883
0.0399066834887358 19.9533435055874
0.0399303880887037 19.9651958024361
0.0399540786248219 19.9770410673723
0.0399777551220928 19.9888793128912
0.0400014176054448 20.0007105514648
0.0400250660997326 20.012534795507
0.0400487006297378 20.0243520574246
0.0400723212201684 20.0361623495576
0.0400959278956601 20.047965684238
0.0401195206807759 20.0597620737344
0.0401430996000066 20.0715515302976
0.0401666646777711 20.0833340661318
0.040190215938417 20.095109693418
0.0402137534062202 20.1068784242956
0.0402372771053858 20.1186402708646
0.0402607870600482 20.1303952451909
0.0402842832942714 20.1421433593063
0.0403077658320491 20.1538846252106
0.0403312346973052 20.1656190548518
0.0403546899138943 20.1773466601744
0.0403781315056013 20.1890674530642
0.0404015594961424 20.2007814453786
0.040424973909165 20.2124886489438
0.0404483747682479 20.2241890755442
0.040471762096902 20.2358827369399
0.0404951359185702 20.2475696448542
0.0405184962566276 20.259249810973
0.0405418431343822 20.2709232469463
0.0405651765750748 20.2825899643954
0.0405884966018796 20.2942499749078
0.0406118032379039 20.305903290047
0.040635096506189 20.3175499213141
0.0406583764297101 20.3291898802071
0.0406816430313768 20.3408231781902
0.040704896334033 20.3524498266688
0.0407281363604576 20.3640698370423
0.0407513631333644 20.3756832206631
0.0407745766754026 20.387289988859
0.0407977770091569 20.3988901529158
0.0408209641571478 20.410483724106
0.040844138141832 20.4220707136508
0.0408672989856025 20.4336511327425
0.0408904467107886 20.445224992551
0.0409135813396569 20.4567923042065
0.0409367028944108 20.468353078817
0.0409598113971909 20.4799073274503
0.0409829068700758 20.4914550611378
0.0410059893350816 20.502996290897
0.0410290588141625 20.5145310277006
0.0410521153292111 20.526059282492
0.0410751589020585 20.5375810662002
0.0410981895544747 20.5490963896993
0.0411212073081686 20.5606052638395
0.0411442121847883 20.572107699449
0.0411672042059218 20.5836037073279
0.0411901833930964 20.5950932982309
0.0412131497677797 20.6065764828979
0.0412361033513793 20.6180532720292
0.0412590441652434 20.629523676304
0.0412819722306608 20.6409877063531
0.0413048875688612 20.6524453728095
0.0413277902010156 20.6638966862479
0.0413506801482362 20.6753416572198
0.0413735574315769 20.686780296263
0.0413964220720333 20.6982126138764
0.0414192740905432 20.709638620521
0.0414421135079865 20.7210583266411
0.0414649403451859 20.7324717426433
0.0414877546229064 20.7438788789146
0.0415105563618562 20.7552797458089
0.0415333455826867 20.7666743536542
0.0415561223059925 20.7780627127405
0.0415788865523119 20.7894448333392
0.0416016383421269 20.800820725693
0.0416243776958638 20.8121904000175
0.0416471046338927 20.8235538664898
0.0416698191765286 20.8349111352779
0.0416925213440308 20.8462622165031
0.0417152111566036 20.8576071202742
0.0417378886343966 20.8689458566601
0.0417605537975043 20.8802784357071
0.041783206665967 20.891604867443
0.0418058472597706 20.902925161855
0.0418284755988468 20.9142393289117
0.0418510917030737 20.925547378545
0.0418736955922754 20.9368493206763
0.0418962872862227 20.9481451651886
0.0419188668046331 20.9594349219404
0.041941434167171 20.9707186007555
0.0419639893934479 20.9819962114508
0.0419865325030228 20.993267763802
0.042009063515402 21.0045332675572
0.0420315824500396 21.0157927324508
0.0420540893263376 21.0270461681831
0.0420765841636462 21.0382935844245
0.0420990669812637 21.0495349908229
0.0421215377984371 21.0607703970046
0.042143996634362 21.0719998125775
0.0421664435081829 21.0832232470957
0.0421888784389934 21.0944407101211
0.0422113014458363 21.1056522111672
0.0422337125477038 21.1168577597316
0.0422561117635378 21.1280573652865
0.0422784991122302 21.1392510372786
0.0423008746126226 21.1504387851272
0.0423232382835069 21.161620618225
0.0423455901436255 21.1727965459509
0.0423679302116712 21.1839665776452
0.0423902585062877 21.195130722628
0.0424125750460695 21.2062889902004
0.0424348798495622 21.2174413896403
0.0424571729352627 21.2285879301852
0.0424794543216195 21.2397286210638
0.0425017240270326 21.2508634714789
0.0425239820698538 21.2619924906049
0.042546228468387 21.2731156875887
0.0425684632408882 21.2842330715611
0.0425906864055658 21.2953446516264
0.0426128979805806 21.3064504368714
0.0426350979840464 21.3175504363415
0.0426572864340294 21.3286446590784
0.0426794633485492 21.3397331140935
0.0427016287455785 21.3508158103625
0.0427237826430434 21.3618927568582
0.0427459250588235 21.3729639625234
0.042768056010752 21.3840294362672
0.0427901755166163 21.3950891869809
0.0428122835941577 21.4061432235392
0.0428343802610715 21.4171915547929
0.0428564655350076 21.4282341895648
0.0428785394335706 21.4392711366521
0.0429006019743194 21.4503024048423
0.0429226531747681 21.4613280028835
0.0429446930523858 21.4723479395171
0.0429667216245965 21.4833622234494
0.04298873890878 21.4943708633759
0.0430107449222714 21.5053738679608
0.0430327396823613 21.5163712458499
0.0430547232062964 21.5273630056699
0.0430766955112794 21.5383491560223
0.0430986566144689 21.5493297054794
0.04312060653298 21.5603046625987
0.0431425452838842 21.5712740359262
0.0431644728842097 21.5822378339636
0.0431863893509414 21.5931960652114
0.0432082947010211 21.6041487381441
0.0432301889513477 21.6150958611985
0.0432520721187773 21.6260374428109
0.0432739442201234 21.6369734913873
0.0432958052721572 21.6479040153131
0.0433176552916073 21.6588290229506
0.0433394942951602 21.6697485226453
0.0433613222994606 21.6806625227234
0.043383139321111 21.6915710314791
0.0434049453766725 21.7024740571928
0.0434267404826643 21.7133716081289
0.0434485246555643 21.7242636925285
0.0434702979118093 21.735150318604
0.0434920602677948 21.746031494558
0.0435138117398751 21.7569072285573
0.0435355523443639 21.7677775287625
0.0435572820975343 21.7786424033129
0.0435790010156184 21.7895018603271
0.0436007091148083 21.800355907899
0.0436224064112556 21.8112045541057
0.0436440929210718 21.8220478070071
0.0436657686603283 21.8328856746272
0.0436874336450567 21.8437181649898
0.043709087891249 21.8545452860946
0.0437307314148575 21.8653670459072
0.0437523642317948 21.8761834523887
0.0437739863579347 21.8869945134755
0.0437955978091113 21.8978002370943
0.0438171986011199 21.90860063113
0.043838788749717 21.919395703461
0.0438603682706201 21.9301854619548
0.0438819371795081 21.9409699144437
0.0439034954920215 21.9517490687466
0.0439250432237622 21.962522932677
0.0439465803902941 21.9732915140086
0.0439681070071429 21.9840548204973
0.0439896230897962 21.994812859891
0.0440111286537038 22.0055656399177
0.0440326237142779 22.0163131682815
0.0440541082868929 22.0270554526689
0.0440755823868859 22.0377925007577
0.0440970460295565 22.0485243201908
0.0441184992301673 22.0592509185919
0.0441399420039435 22.0699723035746
0.0441613743660736 22.0806884827482
0.0441827963317092 22.0913994636813
0.0442042079159651 22.1021052539242
0.0442256091339196 22.1128058610275
0.0442470000006146 22.1235012925027
0.0442683805310553 22.1341915558446
0.0442897507402112 22.1448766585594
0.0443111106430154 22.1555566080972
0.0443324602543649 22.1662314119174
0.0443537995891212 22.1769010774472
0.0443751286621099 22.1875656120935
0.0443964474881208 22.1982250232541
0.0444177560819086 22.2088793183141
0.0444390544581922 22.2195285046203
0.0444603426316556 22.2301725895209
0.0444816206169474 22.2408115803417
0.0445028884286814 22.2514454843848
0.0445241460814364 22.2620743089418
0.0445453935897563 22.2726980612888
0.0445666309681504 22.2833167486805
0.0445878582310937 22.2939303783427
0.0446090753930263 22.3045389575152
0.0446302824683544 22.3151424933892
0.0446514794714497 22.3257409931416
0.0446726664166499 22.3363344639567
0.0446938433182588 22.3469229129765
0.0447150101905462 22.3575063473463
0.0447361670477483 22.3680847741668
0.0447573139040674 22.3786582005536
0.0447784507736725 22.3892266335963
0.0447995776706991 22.3997900803423
0.0448206946092493 22.4103485478523
0.0448418016033921 22.4209020431703
0.0448628986671634 22.431450573302
0.0448839858145661 22.441994145255
0.0449050630595701 22.4525327660143
0.0449261304161128 22.4630664425468
0.0449471878980987 22.4735951818053
0.0449682355193997 22.4841189907176
0.0449892732938556 22.494637876221
0.0450103012352734 22.5051518452046
0.0450313193574282 22.5156609045652
0.0450523276740629 22.526165061172
0.0450733261988882 22.5366643218757
0.0450943149455832 22.5471586935154
0.0451152939277948 22.5576481829173
0.0451362631591384 22.5681327968909
0.0451572226531979 22.5786125422265
0.0451781724235254 22.5890874256955
0.0451991124836418 22.5995574540671
0.0452200428470366 22.6100226340827
0.0452409635271682 22.6204829724642
0.0452618745374638 22.6309384759435
0.0452827758913196 22.6413891511983
0.045303667602101 22.6518350049219
0.0453245496831424 22.6622760437761
0.0453454221477477 22.6727122744214
0.0453662850091902 22.6831437034866
0.0453871382807124 22.6935703375962
0.0454079819755268 22.7039921833538
0.0454288161068153 22.7144092473549
0.0454496406877296 22.7248215361746
0.0454704557313915 22.7352290563752
0.0454912612508926 22.7456318144916
0.0455120572592946 22.7560298170674
0.0455328437696294 22.7664230706133
0.0455536207948991 22.7768115816226
0.0455743883480762 22.7871953565885
0.0455951464421038 22.7975744019884
0.0456158950898954 22.8079487242793
0.0456366343043351 22.8183183298906
0.0456573640982778 22.8286832252567
0.0456780844845493 22.8390434167918
0.0456987954759462 22.8493989108904
0.0457194970852362 22.8597497139437
0.0457401893251582 22.8700958323204
0.0457608722084219 22.8804372723666
0.0457815457477089 22.8907740404258
0.0458022099556716 22.901106142829
0.0458228648449343 22.9114335858847
0.0458435104280926 22.9217563758952
0.0458641467177138 22.9320745191386
0.045884773726337 22.9423880218925
0.0459053914664732 22.9526968903978
0.0459259999506051 22.9630011309123
0.0459465991911876 22.9733007496543
0.0459671892006475 22.9835957528378
0.045987769991384 22.9938861466592
0.0460083415757685 23.0041719373151
0.0460289039661447 23.0144531309615
0.0460494571748287 23.02472973377
0.0460700012141092 23.0350017518797
0.0460905360962475 23.0452691914198
0.0461110618334777 23.055532058514
0.0461315784380065 23.0657903592543
0.0461520859220135 23.0760440997421
0.0461725842976514 23.0862932860426
0.0461930735770458 23.0965379242272
0.0462135537722955 23.1067780203448
0.0462340248954724 23.1170135804262
0.0462544869586217 23.127244610499
0.0462749399737622 23.1374711165702
0.0462953839528858 23.147693104635
0.0463158189079582 23.1579105806757
0.0463362448509185 23.1681235506701
0.0463566617936797 23.1783320205658
0.0463770697481285 23.1885359963105
0.0463974687261255 23.1987354838278
0.046417858739505 23.2089304890456
0.0464382398000757 23.219121017854
0.0464586119196201 23.2293070761623
0.046478975109895 23.2394886698338
0.0464993293826314 23.2496658047375
0.0465196747495348 23.2598384867333
0.0465400112222848 23.2700067216469
0.0465603388125359 23.2801705153216
0.0465806575319168 23.2903298735628
0.046600967392031 23.3004848021758
0.0466212684044568 23.3106353069426
0.0466415605807473 23.3207813936499
0.0466618439324302 23.3309230680562
0.0466821184710085 23.3410603359099
0.04670238420796 23.3511932029538
0.0467226411547379 23.3613216749125
0.0467428893227702 23.3714457575
0.0467631287234604 23.3815654564257
0.0467833593681872 23.3916807773772
0.046803581268305 23.4017917260233
0.0468237944351433 23.4118983080289
0.0468439988800073 23.4220005290479
0.0468641946141779 23.4320983947262
0.0468843816489117 23.4421919106911
0.046904559995441 23.4522810825508
0.046924729664974 23.4623659159202
0.0469448906686948 23.4724464163838
0.0469650430177635 23.4825225895261
0.0469851867233163 23.4925944409143
0.0470053217964654 23.5026619761
0.0470254482482994 23.5127252006365
0.0470455660898831 23.5227841200473
0.0470656753322576 23.5328387398611
0.0470857759864405 23.5428890655786
0.0471058680634258 23.5529351027029
0.0471259515741843 23.562976856712
0.0471460265296631 23.5730143330863
0.0471660929407863 23.5830475372849
0.0471861508184545 23.5930764747627
0.0472062001735453 23.6031011509558
0.0472262410169133 23.6131215712843
0.0472462733593899 23.6231377411761
0.0472662972117836 23.6331496660256
0.04728631258488 23.6431573512292
0.047306319489442 23.6531608021653
0.0473263179362096 23.6631600242061
0.0473463079359002 23.6731550227153
0.0473662894992086 23.6831458030352
0.0473862626368069 23.6931323705029
0.047406227359345 23.7031147304448
0.0474261836774501 23.7130928881711
0.0474461316017272 23.7230668489909
0.047466071142759 23.7330366181841
0.047486002311106 23.7430022010424
0.0475059251173065 23.7529636028323
0.0475258395718766 23.76292082881
0.0475457456853107 23.7728738842206
0.0475656434680809 23.7828227743079
0.0475855329306375 23.7927675042808
0.0476054140834093 23.802708079365
0.0476252869368027 23.8126445047668
0.047645151501203 23.822576785666
0.0476650077869735 23.8325049272595
0.047684855804456 23.8424289347137
0.0477046955639709 23.8523488131819
0.047724527075817 23.86226456782
0.0477443503502719 23.872176203766
0.0477641653975916 23.8820837261506
0.047783972228011 23.8919871400844
0.0478037708517438 23.9018864506741
0.0478235612789826 23.9117816630263
0.0478433435198988 23.9216727822153
0.0478631175846429 23.9315598133235
0.0478828834833442 23.9414427614113
0.0479026412261115 23.9513216315349
0.0479223908230324 23.961196428738
0.047942132284174 23.9710671580492
0.0479618656195824 23.9809338245025
0.0479815908392832 23.9907964330968
0.0480013079532815 24.0006549888485
0.0480210169715617 24.0105094967457
0.0480407179040877 24.0203599617664
0.0480604107608031 24.0302063888781
0.0480800955516311 24.0400487830581
0.0480997722864745 24.0498871492452
0.048119440975216 24.0597214923832
0.048139101627718 24.069551817408
0.0481587542538229 24.0793781292348
0.0481783988633528 24.0892004327693
0.04819803546611 24.0990187329313
0.0482176640718767 24.1088330345935
0.0482372846904153 24.1186433426472
0.0482568973314683 24.1284496619569
0.0482765020047584 24.1382519973875
0.0482960987199887 24.1480503537887
0.0483156874868423 24.1578447360097
0.048335268314983 24.1676351488701
0.048354841214055 24.177421597199
0.0483744061936828 24.1872040858114
0.0483939632634715 24.1969826195106
0.048413512433007 24.2067572030871
0.0484330537118556 24.2165278413121
0.0484525871095645 24.2262945389779
0.0484721126356615 24.236057300836
0.0484916302996553 24.2458161316452
0.0485111401110355 24.2555710361543
0.0485306420792726 24.2653220190867
0.0485501362138181 24.2750690851797
0.0485696225241045 24.2848122391467
0.0485891010195453 24.2945514856887
0.0486085717095354 24.3042868295147
0.0486280346034505 24.3140182753057
0.0486474897106479 24.3237458277331
0.0486669370404661 24.3334694914752
0.0486863766022249 24.3431892711967
0.0487058084052254 24.3529051715372
0.0487252324587504 24.3626171971397
0.0487446487720639 24.3723253526415
0.0487640573544119 24.3820296426605
0.0487834582150215 24.3917300718143
0.0488028513631018 24.4014266447021
0.0488222368078434 24.411119365924
0.048841614558419 24.4208082400699
0.0488609846239826 24.4304932717147
0.0488803470136705 24.4401744654176
0.0488997017366008 24.4498518257454
0.0489190488018734 24.4595253572489
0.0489383882185703 24.4691950644601
0.0489577199957557 24.4788609519174
0.0489770441424757 24.4885230241461
0.0489963606677588 24.4981812856634
0.0490156695806154 24.5078357409635
0.0490349708900384 24.5174863945528
0.049054264605003 24.5271332509145
0.0490735507344667 24.5367763145316
0.0490928292873693 24.5464155898638
0.0491121002726332 24.5560510813819
0.0491313636991632 24.5656827935358
0.0491506195758468 24.5753107307656
0.049169867911554 24.5849348975137
0.0491891087151374 24.5945552981976
0.0492083419954323 24.6041719372426
0.0492275677612569 24.6137848190545
0.0492467860214119 24.6233939480408
0.0492659967846812 24.6329993285744
0.0492852000598313 24.6426009650558
0.0493043958556116 24.6521988618568
0.0493235841807548 24.6617930233436
0.0493427650439762 24.6713834538653
0.0493619384539745 24.6809701577742
0.0493811044194314 24.6905531394223
0.0494002629490116 24.7001324031322
0.0494194140513633 24.7097079532319
0.0494385577351178 24.7192797940312
0.0494576940088895 24.7288479298391
0.0494768228812766 24.738412364961
0.0494959443608602 24.7479731036773
0.0495150584562052 24.7575301502851
0.0495341651758597 24.7670835090474
0.0495532645283556 24.776633184229
0.0495723565222081 24.7861791800921
0.0495914411659161 24.7957215008918
0.0496105184679623 24.8052601508573
0.0496295884368129 24.814795134227
0.0496486510809178 24.8243264552225
0.0496677064087109 24.8338541180624
0.0496867544286098 24.8433781269596
0.0497057951490161 24.8528984861187
0.049724828578315 24.8624151997224
0.0497438547248761 24.8719282719599
0.0497628735970525 24.8814377070075
0.0497818852031818 24.8909435090318
0.0498008895515855 24.9004456821936
0.0498198866505691 24.9099442306488
0.0498388765084225 24.9194391585402
0.0498578591334196 24.9289304700104
0.0498768345338187 24.9384181691813
0.0498958027178625 24.9479022601768
0.0499147636937777 24.9573827471108
0.0499337174697757 24.9668596340814
0.0499526640540521 24.976332925196
0.0499716034547871 24.9858026245425
0.0499905356801454 24.9952687362021
