0 918.099307264164
0.000337837837837838 918.042240061826
0.000675675675675676 917.94712805793
0.00101351351351351 917.798753331853
0.00135135135135135 917.594941894933
0.00168918918918919 917.334969084285
0.00202702702702703 917.018505507686
0.00236486486486486 916.645373800095
0.0027027027027027 916.215467542486
0.00304054054054054 915.728717875489
0.00337837837837838 915.1850776848
0.00371621621621622 914.584513317344
0.00405405405405405 913.926999899107
0.00439189189189189 913.212518525842
0.00472972972972973 912.441054494243
0.00506756756756757 911.612596143068
0.00540540540540541 910.727134068089
0.00574324324324324 909.78466057494
0.00608108108108108 908.785169288286
0.00641891891891892 907.728654866633
0.00675675675675676 906.615112790252
0.00709459459459459 905.444539200842
0.00743243243243243 904.216930778466
0.00777027027027027 902.932284645847
0.00810810810810811 901.590598293019
0.00844594594594595 900.191869517359
0.00878378378378378 898.736096375377
0.00912162162162162 897.223277143601
0.00945945945945946 895.653410286571
0.0097972972972973 894.026494430458
0.0101351351351351 892.342528341144
0.010472972972973 890.601510905897
0.0108108108108108 888.803441117962
0.0111486486486486 886.948318063514
0.0114864864864865 885.036140910564
0.0118243243243243 883.066908899469
0.0121621621621622 881.040621334782
0.0125 878.957277578215
0.0128378378378378 876.816877042544
0.0131756756756757 874.619419186303
0.0135135135135135 872.364903509148
0.0138513513513514 870.053329547799
0.0141891891891892 867.684696872467
0.014527027027027 865.259005083699
0.0148648648648649 862.776253809592
0.0152027027027027 860.236442703314
0.0155405405405405 857.639571440902
0.0158783783783784 854.985639719294
0.0162162162162162 852.274647254568
0.0165540540540541 849.506593780363
0.0168918918918919 846.681479046464
0.0172297297297297 843.799302817519
0.0175675675675676 840.860064871885
0.0179054054054054 837.863765000585
0.0182432432432432 834.81040300636
0.0185810810810811 831.69997870281
0.0189189189189189 828.53249191361
0.0192567567567568 825.307942471798
0.0195945945945946 822.026330219122
0.0199324324324324 818.687655005446
0.0202702702702703 815.291916688206
0.0206081081081081 811.839115131903
0.0209459459459459 808.32925020765
0.0212837837837838 804.762321792748
0.0216216216216216 801.138329770294
0.0219594594594595 797.45727402882
0.0222972972972973 793.719154461965
0.0226351351351351 789.923970968168
0.022972972972973 786.071723450379
0.0233108108108108 782.162411815801
0.0236486486486486 778.196035975639
0.0239864864864865 774.172595844881
0.0243243243243243 770.092091342079
0.0246621621621622 765.954522389155
0.025 761.75988891122
0.0253378378378378 757.508190836399
0.0256756756756757 753.199428095673
0.0260135135135135 748.83360062273
0.0263513513513513 744.410708353826
0.0266891891891892 739.930751227652
0.027027027027027 735.393729185211
0.0273648648648649 730.799642169707
0.0277027027027027 726.148490126435
0.0280405405405405 721.440273002676
0.0283783783783784 716.67499074761
0.0287162162162162 711.852643312216
0.0290540540540541 706.973230649197
0.0293918918918919 702.036752712894
0.0297297297297297 697.043209459215
0.0300675675675676 691.992600845562
0.0304054054054054 686.884926830765
0.0307432432432432 681.720187375018
0.0310810810810811 676.498382439822
0.0314189189189189 671.219511987923
0.0317567567567568 665.883575983267
0.0320945945945946 660.490574390941
0.0324324324324324 655.04050717713
0.0327702702702703 649.533374309071
0.0331081081081081 643.969175755007
0.033445945945946 638.347911484151
0.0337837837837838 632.669581466642
0.0341216216216216 626.934185673511
0.0344594594594595 621.141724076645
0.0347972972972973 615.292196648756
0.0351351351351351 609.385603363343
0.035472972972973 603.42194419467
0.0358108108108108 597.401219117728
0.0361486486486487 591.323428108219
0.0364864864864865 585.188571142516
0.0368243243243243 578.99664819765
0.0371621621621622 572.74765925128
0.0375 566.441604281672
0.0378378378378378 560.078483267675
0.0381756756756757 553.658296188704
0.0385135135135135 547.181043024716
0.0388513513513514 540.646723756197
0.0391891891891892 534.055338364136
0.039527027027027 527.406886830012
0.0398648648648649 520.701369135779
0.0402027027027027 513.938785263846
0.0405405405405405 507.119135197065
0.0408783783783784 500.242418918714
0.0412162162162162 493.308636412483
0.0415540540540541 486.317787662464
0.0418918918918919 479.269872653133
0.0422297297297297 472.164891369341
0.0425675675675676 465.002843796302
0.0429054054054054 457.783729919578
0.0432432432432432 450.507549725075
0.0435810810810811 443.174303199023
0.0439189189189189 435.783990327976
0.0442567567567568 428.336611098792
0.0445945945945946 420.832165498634
0.0449324324324324 413.270653514951
0.0452702702702703 405.652075135478
0.0456081081081081 397.976430348221
0.0459459459459459 390.243719141451
0.0462837837837838 382.4539415037
0.0466216216216216 374.607097423748
0.0469594594594595 366.703186890617
0.0472972972972973 358.742209893567
0.0476351351351351 350.724166422087
0.047972972972973 342.649056465888
0.0483108108108108 334.516880014899
0.0486486486486487 326.327637059258
0.0489864864864865 318.081327589309
0.0493243243243243 309.777951595594
0.0496621621621622 301.417509068849
0.05 293
