0.000619411788539305 0.619411788539227
0.00149539234058537 0.76970629052037
0.00194883324060325 0.984360682555726
0.0023116762656358 1.16179621965
0.00262387044231722 1.31600959344016
0.00290228968782462 1.4541555308217
0.00315605237420274 1.58036747739917
0.00339077065570885 1.69727328713045
0.00361019646971004 1.80666244593862
0.0038169874269607 1.90981721877361
0.00401310855465062 2.00769307126718
0.00420006187042221 2.10102432755068
0.0043790263413197 2.19038967727325
0.00455094765824827 2.27625470561477
0.00471659823550023 2.35900057501521
0.0048766186956145 2.43894399369813
0.00503154738405753 2.51635149952154
0.00518184188603849 2.59144991832583
0.0053278950468188 2.66443417807099
0.00547004712115784 2.73547325206829
0.00560859513780657 2.80471475093805
0.00574380022211452 2.87228852060054
0.00587589339617349 2.93830949714017
0.00600508022656034 3.00287999783331
0.00613154458786855 3.06609157870043
0.00625545173940785 3.12802655475509
0.00637695086238288 3.18875925489334
0.00649617716890502 3.24835706590587
0.00661325366799957 3.30688130736333
0.00672829265444208 3.36438796968483
0.00684139697182192 3.42092834066946
0.00695266109033019 3.47654954041539
0.00706217203145245 3.53129498045946
0.00717001016534098 3.58520475991078
0.00727624990166374 3.63831600875628
0.00738096029082679 3.69066318678865
0.00748420554938772 3.74227834487467
0.00758604552102764 3.79319135428854
0.00768653608248809 3.84343010871952
0.0077857295022979 3.89302070278671
0.00788367475883323 3.94198759042771
0.00798041782320794 3.99035372574648
0.00807600191163473 4.03814068870482
0.00817046771119012 4.08536879758626
0.00826385358233151 4.13205720991421
0.00835619574102721 4.1782240131954
0.0084475284229535 4.22388630675983
0.00853788403187087 4.26906027572996
0.00862729327400388 4.31376125800436
0.00871578528000544 4.35800380506752
0.00880338771587947 4.40180173731249
0.00889012688405981 4.44516819443971
0.00897602781569258 4.48811568149383
0.00906111435503996 4.5306561109543
0.00914540923681245 4.57280084131628
0.00922893415714032 4.61456071250854
0.00931170983881259 4.65594607841979
0.00939375609133939 4.69696683690134
0.00947509186633108 4.73763245737355
0.00955573530863293 4.77795200635546
0.00963570380360643 4.81793417106338
0.0097150140209061 4.85758728126218
0.00979368195506442 4.89691932950875
0.00987172296316463 4.9359379899684
0.00994915179985292 4.97465063591381
0.010025982649916 5.01306435593542
0.0101022291586282 5.05118596913836
0.0101779044600513 5.08902203925348
0.010253021203454 5.12657888783861
0.0103275915780015 5.1638626065874
0.0104016273358514 5.20087906887895
0.0104751398137796 5.23763394057235
0.01054813995345 5.27413269011928
0.0106206383204294 5.31038059807795
0.0106926451220417 5.34638276601064
0.0107641702241472 5.38214412488725
0.0108352231669245 5.41766944292546
0.0109058131797268 5.45296333306169
0.0109759491950781 5.48803025990906
0.011045639861869 5.52287454636049
0.0111148935578082 5.55750037979504
0.0111837184011797 5.59191181797235
0.0112521222619523 5.62611279456751
0.011320112772285 5.66010712441208
0.0113876973364681 5.69389850848168
0.0114548831403356 5.72749053856984
0.011521677160184 5.76088670178123
0.0115880861712281 5.79409038470358
0.0116541167556236 5.8271048774775
0.0117197753100816 5.85993337755263
0.0117850680531026 5.89257899331897
0.0118500010318509 5.92504474753983
0.0119145801286917 5.95733358062503
0.0119788110674115 5.98944835372229
0.0120426994191393 6.02139185169475
0.012106250607987 6.05316678592849
0.0121694699164239 6.08477579701598
0.0122323624904022 6.11622145732214
0.0122949333442459 6.14750627342405
0.0123571873653166 6.17863268844611
0.0124191293184691 6.20960308429246
0.0124807638503085 6.24041978374877
0.0125420954932576 6.27108505253665
0.0126031286694479 6.30160110127095
0.0126638676944399 6.33197008727393
0.0127243167807852 6.36219411640276
0.012784480041436 6.39227524472182
0.0128443614930111 6.42221548015195
0.012903965058926 6.45201678402618
0.0129632945723921 6.48168107258428
0.0130223537792946 6.51121021843004
0.0130811463409523 6.54060605189279
0.0131396758367665 6.56987036235026
0.0131979457667644 6.59900489951988
0.0132559595540416 6.62801137464733
0.013313720547109 6.65689146170529
0.0133712320221482 6.68564679852169
0.0134284971851802 6.71427898784155
0.0134855191741511 6.74278959838686
0.0135423010609388 6.7711801658579
0.0135988458532843 6.79945219388924
0.0136551564966506 6.8276071549921
0.0137112358760138 6.85564649143876
0.0137670868175874 6.88357161612323
0.013822712090485 6.91138391340577
0.0138781144083219 6.93908473990025
0.0139332964307606 6.96667542525816
0.0139882607650002 6.994157272886
0.0140430099672144 7.02153156070713
0.0140975465439381 7.04879954182195
0.0141518729534072 7.07596244518271
0.0142059916068514 7.10302147625005
0.0142599048697429 7.12997781760482
0.0143136150630031 7.15683262956885
0.0143671244641684 7.18358705076669
0.0144204353085174 7.21024219870522
0.0144735497901602 7.2367991702968
0.0145264700630927 7.26325904242202
0.0145791982422151 7.28962287240504
0.014631736404319 7.31589169851901
0.0146840865890416 7.3420665404739
0.0147362507997895 7.36814839985811
0.0147882310046336 7.39413826059969
0.0148400291371755 7.4200370893925
0.0148916470973866 7.44584583612443
0.0149430867524218 7.47156543426634
0.0149943499374072 7.49719680129554
0.0150454384562041 7.52274083904653
0.0150963540821499 7.54819843409229
0.0151470985587762 7.57357045811944
0.0151976736005054 7.59885776824647
0.0152480808933268 7.62406120739245
0.0152983220954524 7.64918160459112
0.0153483988379532 7.67421977529002
0.0153983127253773 7.6991765216881
0.0154480653363496 7.72405263302731
0.0154976582241549 7.74884888587342
0.0155470929173031 7.77356604442116
0.0155963709200792 7.7982048607491
0.0156454937130775 7.82276607508079
0.0156944627537206 7.84725041606663
0.015743279476764 7.87165860102571
0.0157919452947866 7.89599133618379
0.0158404615986673 7.92024931693389
0.0158888297580496 7.94443322802707
0.0159370511217921 7.96854374384885
0.0159851270184076 7.99258152859243
0.0160330587564904 8.01654723650584
0.0160808476251315 8.0404415120929
0.0161284948943236 8.06426499028681
0.0161760018153545 8.08801829668495
0.0162233696211907 8.11170204773425
0.016270599526851 8.13531685089543
0.0163176927297698 8.15886330483519
0.0163646504101513 8.18234199962016
0.016411473731315 8.20575351685963
0.0164581638400318 8.22909842990533
0.0165047218668515 8.25237730398996
0.0165511489264225 8.27559069640082
0.0165974461178031 8.29873915662782
0.016643614524765 8.32182322651391
0.0166896552160893 8.3448434404154
0.0167355692458553 8.3678003253525
0.0167813576537221 8.39069440109941
0.0168270214652032 8.41352618039387
0.0168725616919345 8.43629616900864
0.0169179793319357 8.45900486592639
0.016963275369866 8.48165276345788
0.0170084507772723 8.50424034733259
0.0170535065128332 8.52676809686205
0.017098443522596 8.54923648504124
0.0171432627402083 8.57164597867222
0.0171879650871447 8.59399703845127
0.0172325514729277 8.61629011912825
0.0172770227953436 8.63852566956083
0.0173213799406534 8.66070413285965
0.0173656237837989 8.68282594645433
0.0174097551886041 8.70489154224667
0.0174537750079721 8.72690134666713
0.0174976840840772 8.74885578076488
0.017541483248553 8.77075526034881
0.0175851733226761 8.79260019603007
0.017628755117546 8.81439099333203
0.0176722294342606 8.83612805278499
0.0177155970640881 8.85781177000164
0.0177588587886348 8.87944253576501
0.01780201538001 8.90102073611069
0.0178450676009862 8.92254675239887
0.0178880162051567 8.94402096141141
0.0179308619370896 8.96544373541968
0.0179736055324779 8.98681544224357
0.0180162477182877 9.00813644535585
0.0180587892129016 9.02940710392596
0.0181012307262608 9.05062777289907
0.0181435729600024 9.07179880309731
0.0181858166075955 9.09292054121183
0.0182279623544731 9.11399332996078
0.0182700108781626 9.13501750809647
0.0183119628484121 9.15599341045894
0.0183538189273154 9.17692136809293
0.0183955797694337 9.19780170826739
0.0184372460219149 9.21863475452607
0.0184788183246112 9.23942082679492
0.0185202973101929 9.26016024138701
0.0185616836042614 9.28085331109335
0.018602977825459 9.3015003452219
0.0186441805855769 9.32210164965465
0.0186852924896609 9.34265752689653
0.0187263141361149 9.36316827614742
0.018767246116803 9.38363419331448
0.0188080890171487 9.40405557111004
0.0188488434162326 9.42443269904462
0.0188895098868885 9.44476586354188
0.0189300889957971 9.46505534792194
0.0189705813035781 9.48530143248196
0.0190109873648809 9.50550439454296
0.0190513077284728 9.52566450847438
0.0190915429373262 9.54578204574162
0.0191316935287039 9.56585727497578
0.0191717600342429 9.585890461989
0.0192117429800362 9.60588186980518
0.0192516428867137 9.62583175874161
0.0192914602695214 9.64574038640533
0.0193311956383984 9.66560800775346
0.019370849498054 9.68543487514455
0.0194104223480418 9.70522123832922
0.0194499146828333 9.72496734454059
0.0194893269918903 9.74467343851174
0.0195286597597351 9.76433976248073
0.0195679134660206 9.7839665562716
0.019607088585598 9.80355405729999
0.0196461855885845 9.82310250060678
0.0196852049404283 9.8426121189328
0.0197241471019738 9.86208314266718
0.0197630125295251 9.88151579996788
0.0198018016749081 9.90091031673841
0.0198405149855319 9.92026691667468
0.0198791529044492 9.93958582128802
0.0199177158704153 9.95886724995919
0.019956204317946 9.97811141993677
0.0199946186773753 9.9973185463741
0.0200329593749108 10.0164888423687
0.0200712268326897 10.0356225189955
0.0201094214688323 10.0547197852949
0.0201475436974957 10.0737808483449
0.0201855939289261 10.0928059132647
0.0202235725695102 10.1117951832356
0.020261480021826 10.1307488595456
0.0202993166846927 10.1496671415843
0.0203370829532193 10.1685502269165
0.0203747792188529 10.1873983112576
0.0204124058694262 10.206211588505
0.0204499632892039 10.2249902508041
0.0204874518589283 10.2437344885224
0.0205248719558648 10.2624444902664
0.0205622239538459 10.2811204429456
0.0205995082233146 10.2997625318005
0.0206367251313677 10.3183709403511
0.0206738750417977 10.3369458505005
0.0207109583151341 10.3554874425073
0.0207479753086849 10.3739958950159
0.0207849263765758 10.3924713850915
0.0208218118697907 10.4109140882122
0.02085863213621 10.4293241783227
0.0208953875206487 10.4477018278171
0.020932078364895 10.4660472075936
0.0209687050077462 10.4843604870447
0.0210052677850463 10.5026418340799
0.0210417670297209 10.5208914151624
0.0210782030718135 10.5391093953105
0.0211145762385197 10.5572959381161
0.0211508868542217 10.5754512057655
0.021187135240522 10.593575359061
0.0212233217162768 10.6116685574292
0.0212594465976284 10.6297309589207
0.0212955101980378 10.647762720276
0.0213315128283161 10.6657639968929
0.021367454796656 10.6837349428581
0.0214033364086624 10.7016757109806
0.0214391579673829 10.7195864527811
0.0214749197733375 10.7374673185083
0.021510622124548 10.7553184571719
0.0215462653165673 10.7731400165416
0.0215818496425073 10.7909321431788
0.0216173753930679 10.8086949824232
0.0216528428565637 10.826428678428
0.0216882523189523 10.8441333741629
0.0217236040638605 10.8618092114481
0.0217588983726111 10.8794563309439
0.0217941355242487 10.8970748721651
0.0218293157955662 10.914664973506
0.0218644394611291 10.9322267722368
0.0218995067933015 10.9497604045437
0.0219345180622701 10.9672660055211
0.0219694735360686 10.9847437091869
0.0220043734806019 11.0021936484813
0.0220392181596695 11.0196159553053
0.0220740078349888 11.0370107605005
0.0221087427662179 11.0543781939123
0.0221434232109785 11.0717183843437
0.0221780494248779 11.0890314595935
0.0222126216615313 11.1063175464631
0.022247140172583 11.1235767707734
0.0222816052077282 11.1408092573724
0.0223160170147341 11.158015130138
0.0223503758394603 11.1751945120108
0.0223846819258794 11.192347524955
0.0224189355160977 11.2094742900335
0.0224531368503743 11.2265749273688
0.0224872861671415 11.2436495561825
0.0225213837030239 11.2606982947631
0.0225554296928574 11.2777212605503
0.0225894243697083 11.2947185700686
0.0226233679648917 11.3116903389633
0.0226572607079902 11.3286366820303
0.0226911028268715 11.3455577132019
0.0227248945477069 11.3624535455624
0.0227586360949883 11.3793242913506
0.0227923276915461 11.3961700619806
0.0228259695585661 11.4129909680476
0.0228595619156067 11.4297871193219
0.0228931049806151 11.446558624793
0.0229265989699444 11.4633055926064
0.0229600440983695 11.4800281301681
0.0229934405791033 11.4967263440745
0.0230267886238126 11.5134003401611
0.0230600884426336 11.5300502234973
0.0230933402441875 11.5466760983893
0.0231265442355958 11.5632780683843
0.0231597006224949 11.5798562363184
0.0231928096090518 11.5964107042442
0.0232258713979777 11.6129415735459
0.0232588861905435 11.6294489448572
0.0232918541865935 11.6459329180744
0.0233247755845597 11.6623935924343
0.0233576505814754 11.6788310664358
0.0233904793729898 11.6952454378963
0.0234232621533804 11.7116368039752
0.0234559991155677 11.7280052611236
0.0234886904511272 11.7443509051157
0.0235213363503035 11.7606738310872
0.0235539370020226 11.7769741334949
0.0235864925939048 11.7932519061431
0.0236190033122776 11.8095072422014
0.0236514693421875 11.8257402341876
0.0236838908674131 11.8419509739867
0.0237162680704764 11.8581395528528
0.0237486011326556 11.8743060614311
0.0237808902339962 11.8904505897468
0.0238131355533233 11.9065732272035
0.0238453372682526 11.9226740626159
0.0238774955552025 11.9387531841922
0.0239096105894046 11.9548106795322
0.0239416825449155 11.9708466356722
0.0239737115946275 11.9868611390678
0.0240056979102792 12.0028542755673
0.0240376416624671 12.0188261304822
0.024069543020655 12.0347767885381
0.0241014021531858 12.0507063339044
0.0241332192272908 12.0666148501913
0.0241649944091004 12.0825024204618
0.0241967278636545 12.0983691272503
0.0242284197549116 12.1142150525071
0.0242600702457599 12.1300402777088
0.024291679498026 12.1458448837502
0.0243232476724851 12.1616289510033
0.0243547749288706 12.1773925593576
0.024386261425883 12.1931357881605
0.0244177073211998 12.208858716239
0.0244491127714846 12.2245614219239
0.0244804779323959 12.2402439830548
0.0245118029585963 12.2559064769377
0.0245430880037616 12.2715489804331
0.024574333220589 12.2871715698781
0.0246055387608066 12.3027743211333
0.0246367047751813 12.3183573095991
0.0246678314135278 12.3339206101599
0.0246989188247165 12.3494642972559
0.0247299671566824 12.3649884448633
0.0247609765564327 12.3804931264828
0.0247919471700555 12.3959784151491
0.0248228791427274 12.4114443834518
0.0248537726187216 12.426891103532
0.0248846277414157 12.4423186470622
0.0249154446532996 12.4577270852983
0.0249462234959831 12.4731164890528
0.0249769644102033 12.4884869286849
0.0250076675358326 12.5038384741223
0.0250383330118854 12.5191711948773
0.0250689609765261 12.5344851600343
0.0250995515670762 12.5497804382475
0.0251301049200211 12.5650570977664
0.0251606211710178 12.5803152064134
0.0251911004549014 12.5955548316058
0.0252215429056925 12.6107760403416
0.0252519486566037 12.6259788992529
0.0252823178400465 12.6411634745148
0.0253126505876383 12.6563298319576
0.0253429470302086 12.6714780369879
0.025373207297806 12.6866081546316
0.0254034315197045 12.7017202495079
0.0254336198244099 12.7168143858962
0.0254637723396662 12.7318906276515
0.0254938891924623 12.7469490382662
0.0255239705090374 12.7619896808656
0.0255540164148881 12.7770126181962
0.0255840270347739 12.7920179126378
0.0256140024927233 12.8070056261929
0.0256439429120402 12.821975820538
0.0256738484153093 12.8369285569373
0.0257037191244023 12.8518638963417
0.0257335551604834 12.8667818993204
0.0257633566440154 12.881682626125
0.025793123694765 12.8965661366152
0.0258228564318089 12.9114324903423
0.0258525549735386 12.9262817464899
0.0258822194376668 12.9411139639251
0.0259118499412322 12.955929201158
0.025941446600605 12.9707275163823
0.0259710095314924 12.985508967442
0.0260005388489439 13.0002736118708
0.0260300346673562 13.0150215068618
0.0260594971004788 13.0297527092742
0.0260889262614187 13.0444672756935
0.0261183222626459 13.0591652623297
0.0261476852159981 13.0738467251064
0.0261770152326856 13.0885117196249
0.0262063124232966 13.1031603011827
0.0262355768978016 13.1177925247642
0.0262648087655587 13.1324084450591
0.0262940081353179 13.1470081164212
0.0263231751152261 13.1615915929317
0.0263523098128318 13.1761589283626
0.0263814123350895 13.1907101761945
0.0264104827883645 13.2052453896153
0.0264395212784373 13.2197646214988
0.0264685279105082 13.2342679244563
0.0264975027892016 13.248755350798
0.0265264460185706 13.2632269525482
0.0265553577021011 13.277682781453
0.0265842379427164 13.2921228889685
0.0266130868427814 13.3065473262725
0.0266419045041065 13.3209561442802
0.0266706910279524 13.3353493936134
0.0266994465150337 13.3497271246344
0.0267281710655232 13.3640893874281
0.0267568647790562 13.3784362318163
0.0267855277547342 13.3927677073368
0.026814160091129 13.4070838632732
0.0268427618862867 13.4213847486616
0.0268713332377318 13.4356704122642
0.0268998742424705 13.4499409025664
0.0269283849969952 13.464196267839
0.0269568655972879 13.4784365560519
0.0269853161388242 13.4926618149428
0.0270137367165769 13.5068720920188
0.0270421274250196 13.5210674344933
0.0270704883581306 13.5352478893685
0.0270988196093965 13.5494135033778
0.0271271212718156 13.5635643230265
0.0271553934379015 13.5777003945671
0.027183636199687 13.5918217640171
0.027211849648727 13.6059284771514
0.0272400338761023 13.6200205795176
0.0272681889724233 13.6340981164123
0.0272963150278326 13.6481611329045
0.0273244121320094 13.6622096738379
0.0273524803741719 13.6762437838228
0.0273805198430811 13.6902635072324
0.027408530627044 13.7042688882324
0.0274365128139169 13.7182599707503
0.0274644664911084 13.7322367984668
0.0274923917455829 13.7461994148857
0.0275202886638633 13.7601478632727
0.0275481573320347 13.7740821866536
0.027575997835747 13.7880024278643
0.0276038102602184 13.8019086295031
0.0276315946902378 13.8158008339595
0.0276593512101688 13.8296790834347
0.0276870799039516 13.843543419888
0.0277147808551069 13.8573938850787
0.0277424541467381 13.8712305205575
0.0277700998615348 13.8850533676693
0.0277977180817751 13.8988624675524
0.0278253088893291 13.9126578611417
0.0278528723656613 13.9264395891708
0.0278804085918332 13.9402076921805
0.0279079176485069 13.9539622104849
0.027935399615947 13.9677031842258
0.0279628545740238 13.9814306533269
0.0279902826022158 13.9951446575378
0.0280176837796125 14.0088452364073
0.0280450581849171 14.0225324292704
0.0280724058964489 14.0362062752954
0.0280997269921464 14.0498668134498
0.0281270215495693 14.0635140825171
0.0281542896459014 14.0771481210776
0.028181531357953 14.0907689675327
0.0282087467621638 14.1043766601244
0.0282359359346048 14.1179712368847
0.0282630989509813 14.1315527356612
0.028290235886635 14.1451211941128
0.0283173468165467 14.1586766497429
0.0283444318153386 14.1722191398604
0.0283714909572768 14.1857487015824
0.0283985243162733 14.199265371888
0.0284255319658889 14.2127691875413
0.0284525139793351 14.2262601851623
0.0284794704294768 14.2397384011667
0.0285064013888342 14.2532038718302
0.0285333069295853 14.2666566332182
0.0285601871235682 14.2800967212705
0.0285870420422831 14.2935241717244
0.0286138717568947 14.3069390201801
0.0286406763382346 14.3203413020343
0.0286674558568031 14.333731052546
0.0286942103827714 14.3471083068072
0.0287209399859839 14.3604730997259
0.0287476447359606 14.3738254660636
0.0287743247018985 14.3871654404272
0.0288009799526744 14.4004930572492
0.0288276105568463 14.4138083508041
0.0288542165826563 14.4271113552255
0.0288807980980318 14.4404021044644
0.0289073551705879 14.4536806323254
0.0289338878676298 14.4669469724684
0.0289603962561538 14.4802011583983
0.0289868804028502 14.4934432234444
0.029013340374105 14.506673200817
0.0290397762360015 14.5198911235436
0.0290661880543226 14.5330970245263
0.0290925758945527 14.5462909364853
0.0291189398218792 14.5594728920416
0.029145279901195 14.5726429236125
0.0291715961970998 14.5858010635267
0.0291978887739023 14.5989473439299
0.0292241576956219 14.6120817968135
0.0292504030259903 14.6252044540774
0.029276624828454 14.6383153474116
0.0293028231661751 14.6514145084157
0.029328998102034 14.6645019685191
0.0293551496986306 14.6775777590319
0.0293812780182862 14.6906419111094
0.0294073831230452 14.7036944557702
0.0294334650746769 14.7167354238955
0.0294595239346772 14.7297648462498
0.0294855597642703 14.742782753422
0.0295115726244102 14.755789175903
0.0295375625757825 14.7687841440317
0.0295635296788062 14.7817676880226
0.0295894739936351 14.7947398379426
0.0296153955801593 14.8077006237597
0.0296412944980075 14.8206500752612
0.0296671708065477 14.8335882221415
0.0296930245648893 14.8465150939606
0.0297188558318849 14.8594307201458
0.0297446646661311 14.8723351299705
0.0297704511259708 14.8852283526264
0.0297962152694944 14.8981104171588
0.0298219571545412 14.9109813524896
0.0298476768387013 14.9238411874012
0.0298733743793168 14.9366899505682
0.0298990498334834 14.9495276705561
0.0299247032580518 14.9623543757621
0.0299503347096292 14.9751700945036
0.0299759442445809 14.987974854972
0.0300015319190315 15.0007686852105
0.0300270977888667 15.0135516131829
0.0300526419097342 15.0263236666852
0.0300781643370456 15.0390848734506
0.0301036651259775 15.0518352610483
0.0301291443314731 15.0645748569611
0.0301546020082433 15.0773036885327
0.0301800382107684 15.0900217830147
0.0302054529932994 15.1027291675235
0.0302308464098589 15.1154258690795
0.0302562185142432 15.1281119145638
0.0302815693600229 15.1407873307945
0.0303068990005449 15.153452144416
0.030332207488933 15.1661063819917
0.0303574948780898 15.1787500699866
0.0303827612206976 15.1913832347365
0.03040800656922 15.2040059024674
0.0304332309759027 15.2166180992955
0.0304584344927754 15.2292198512525
0.0304836171716525 15.2418111842456
0.0305087790641347 15.2543921240634
0.0305339202216099 15.2669626964029
0.0305590406952548 15.2795229268601
0.0305841405360357 15.2920728409067
0.0306092197947103 15.3046124639213
0.0306342785218282 15.3171418211859
0.0306593167677324 15.3296609378684
0.0306843345825609 15.3421698390361
0.030709332016247 15.3546685496636
0.0307343091185213 15.3671570946125
0.0307592659389122 15.3796354986502
0.0307842025267475 15.3921037864192
0.0308091189311554 15.4045619825152
0.0308340152010655 15.4170101113873
0.03085889138521 15.4294481973848
0.030883747532125 15.4418762647958
0.0309085836901513 15.4542943377941
0.0309333999074357 15.4667024404442
0.030958196231932 15.4791005967213
0.030982972711402 15.4914888305096
0.031007729393417 15.5038671655941
0.0310324663253581 15.5162356256623
0.0310571835544181 15.5285942343149
0.031081881127602 15.5409430150566
0.0311065590917282 15.5532819912904
0.0311312174934294 15.5656111863412
0.031155856379154 15.5779306234144
0.0311804757951667 15.5902403256635
0.0312050757875499 15.6025403161188
0.0312296564022042 15.6148306177313
0.03125421768485 15.6271112533612
0.031278759681028 15.6393822457818
0.0313032824361004 15.6516436176676
0.031327785995252 15.6638953916157
0.0313522704034908 15.6761375901396
0.0313767357056494 15.6883702356345
0.0314011819463857 15.7005933504486
0.0314256091701838 15.7128069568039
0.0314500174213551 15.7250110768708
0.0314744067440393 15.7372057327145
0.0314987771822049 15.7493909463227
0.0315231287796509 15.761566739592
0.0315474615800069 15.7737331343394
0.0315717756267344 15.7858901522974
0.0315960709631278 15.7980378151009
0.0316203476323152 15.8101761443171
0.0316446056772592 15.822305161445
0.0316688451407577 15.8344248878616
0.0316930660654452 15.8465353448973
0.0317172684937933 15.8586365537898
0.0317414524681116 15.8707285356761
0.0317656180305488 15.8828113116504
0.0317897652230932 15.8948849026935
0.0318138940875741 15.9069493297319
0.0318380046656618 15.9190046135859
0.0318620969988694 15.9310507750243
0.0318861711285528 15.9430878347116
0.0319102270959122 15.9551158132583
0.0319342649419924 15.9671347311888
0.031958284707684 15.9791446089373
0.031982286433724 15.9911454668876
0.0320062701606965 16.0031373253129
0.0320302359290338 16.0151202044441
0.0320541837790172 16.0270941244226
0.0320781137507773 16.0390591052981
0.0321020258842954 16.0510151670724
0.0321259202194038 16.0629623296727
0.032149796795787 16.0749006129199
0.0321736556529821 16.0868300365965
0.0321974968303797 16.0987506203866
0.0322213203672248 16.1106623839205
0.0322451263026172 16.1225653467524
0.0322689146755128 16.1344595283479
0.0322926855247237 16.1463449481237
0.0323164388889193 16.1582216253975
0.0323401748066273 16.1700895794604
0.0323638933162337 16.181948829484
0.0323875944559842 16.1937993946035
0.0324112782639846 16.2056412938517
0.0324349447782015 16.2174745462342
0.0324585940364633 16.2292991706531
0.0324822260764604 16.2411151859484
0.0325058409357465 16.2529226109137
0.0325294386517386 16.2647214642463
0.0325530192617185 16.2765117645908
0.0325765828028329 16.2882935305142
0.0326001293120941 16.3000667805405
0.032623658826381 16.3118315330855
0.0326471713824396 16.3235878065363
0.0326706670168836 16.3353356192001
0.0326941457661952 16.3470749893212
0.0327176076667256 16.3588059350538
0.032741052754696 16.370528474532
0.0327644810661976 16.3822426257902
0.032787892637193 16.393948406813
0.0328112875035165 16.4056458355041
0.0328346657008744 16.417334929742
0.0328580272648464 16.4290157073043
0.0328813722308855 16.4406881858992
0.0329047006343191 16.4523523832169
0.0329280125103493 16.4640083168488
0.0329513078940539 16.4756560043243
0.0329745868203866 16.4872954631278
0.032997849324178 16.498926710686
0.0330210954401358 16.5105497643422
0.0330443252028457 16.522164641382
0.0330675386467719 16.5337713590512
0.0330907358062579 16.5453699345142
0.0331139167155266 16.5569603848807
0.0331370814086815 16.5685427272136
0.0331602299197067 16.5801169784921
0.0331833622824679 16.5916831556536
0.0332064785307129 16.603241275572
0.0332295786980721 16.6147913550595
0.0332526628180589 16.6263334108808
0.0332757309240708 16.6378674597244
0.0332987830493892 16.6493935182458
0.0333218192271807 16.6609116030059
0.0333448394904972 16.6724217305426
0.0333678438722766 16.6839239173246
0.0333908324053435 16.6954181797686
0.0334138051224093 16.7069045342227
0.0334367620560731 16.7183829969935
0.0334597032388224 16.7298535843247
0.0334826287030332 16.7413163123994
0.0335055384809707 16.7527711973488
0.03352843260479 16.7642182552584
0.0335513111065364 16.7756575021386
0.0335741740181461 16.7870889539648
0.0335970213714465 16.7985126266475
0.033619853198157 16.8099285360591
0.0336426695298893 16.8213366979874
0.033665470398148 16.8327371281985
0.033688255834331 16.8441298423796
0.0337110258697303 16.8555148561823
0.033733780535532 16.8668921851908
0.0337565198628173 16.8782618449692
0.0337792438825628 16.8896238509757
0.0338019526256408 16.9009782186646
0.0338246461228201 16.9123249634154
0.0338473244047663 16.9236641005703
0.0338699875020424 16.9349956454016
0.0338926354451091 16.9463196131378
0.0339152682643255 16.9576360189673
0.0339378859899496 16.9689448780054
0.0339604886521382 16.9802462053411
0.0339830762809482 16.9915400159995
0.0340056489063367 17.0028263249664
0.0340282065581611 17.014105147161
0.0340507492661802 17.0253764974731
0.0340732770600543 17.0366403907084
0.0340957899693457 17.0478968416657
0.034118288023519 17.0591458650847
0.0341407712519419 17.0703874756446
0.0341632396838856 17.0816216879781
0.0341856933485247 17.0928485166588
0.0342081322749384 17.1040679762409
0.0342305564921105 17.1152800812153
0.0342529660289299 17.1264848460199
0.0342753609141909 17.1376822850624
0.0342977411765942 17.1488724126937
0.0343201068447465 17.1600552432112
0.0343424579471616 17.171230790861
0.0343647945122605 17.1823990698701
0.0343871165683718 17.1935600943943
0.0344094241437324 17.2047138785627
0.0344317172664876 17.2158604364347
0.0344539959646917 17.2269997820448
0.0344762602663083 17.2381319293666
0.0344985101992108 17.2492568923477
0.0345207457911827 17.2603746848639
0.0345429670699183 17.2714853207824
0.0345651740630227 17.2825888138989
0.0345873667980123 17.2936851779626
0.0346095453023154 17.3047744266956
0.0346317096032726 17.3158565737684
0.0346538597281367 17.3269316328068
0.0346759957040739 17.3379996173929
0.0346981175581634 17.3490605410556
0.0347202253173984 17.3601144173123
0.0347423190086859 17.3711612596106
0.0347643986588476 17.3822010813472
0.0347864642946201 17.3932338959061
0.0348085159426553 17.4042597166051
0.0348305536295205 17.4152785567227
0.0348525773816992 17.4262904295067
0.0348745872255912 17.437295348169
0.0348965831875131 17.4482933258482
0.0349185652936986 17.459284375683
0.0349405335702989 17.4702685107205
0.0349624880433829 17.4812457440094
0.0349844287389378 17.492216088557
0.0350063556828695 17.5031795572861
0.0350282689010025 17.514136163141
0.035050168419081 17.5250859189721
0.0350720542627683 17.5360288376161
0.0350939264576481 17.5469649318669
0.0351157850292243 17.5578942144822
0.0351376300029214 17.5688166981653
0.035159461404085 17.5797323955906
0.0351812792579821 17.5906413193877
0.0352030835898012 17.6015434821602
0.035224874424653 17.6124388964531
0.0352466517875706 17.6233275747979
0.0352684157035097 17.6342095296616
0.0352901661973493 17.6450847734828
0.0353119032938913 17.6559533186616
0.0353336270178618 17.666815177559
0.0353553373939107 17.677670362513
0.0353770344466123 17.6885188857945
0.0353987182004656 17.6993607596785
0.0354203886798945 17.7101959963507
0.0354420459092484 17.7210246079967
0.0354636899128023 17.7318466067456
0.0354853207147571 17.74266200471
0.0355069383392401 17.7534708139402
0.0355285428103051 17.7642730464732
0.0355501341519328 17.7750687143016
0.0355717123880312 17.7858578293755
0.0355932775424358 17.796640403604
0.0356148296389099 17.8074164488869
0.035636368701145 17.818185977053
0.035657894752761 17.8289489999224
0.0356794078173066 17.8397055292567
0.0357009079182594 17.8504555768051
0.0357223950790265 17.8611991542754
0.0357438693229447 17.8719362733252
0.0357653306732806 17.8826669456018
0.0357867791532311 17.8933911826824
0.0358082147859235 17.9041089961512
0.0358296375944161 17.9148203975215
0.0358510476016983 17.9255253982929
0.0358724448306908 17.9362240099317
0.0358938293042459 17.9469162438521
0.0359152010451481 17.9576021114666
0.0359365600761139 17.9682816241156
0.0359579064197926 17.9789547931275
0.0359792400987661 17.9896216298008
0.0360005611355495 18.0002821453907
0.0360218695525912 18.0109363511155
0.0360431653722733 18.0215842581652
0.0360644486169117 18.0322258777008
0.0360857193087567 18.0428612208586
0.0361069774699929 18.0534902987073
0.0361282231227396 18.0641131223238
0.0361494562890513 18.0747297027358
0.0361706769909176 18.0853400509317
0.0361918852502636 18.0959441778738
0.0362130810889503 18.1065420944919
0.0362342645287748 18.1171338116939
0.0362554355914703 18.1277193403267
0.036276594298707 18.138298691239
0.0362977406720914 18.1488718752448
0.0363188747331675 18.1594389030991
0.0363399965034166 18.1699997855534
0.0363611060042574 18.1805545333044
0.0363822032570466 18.191103157042
0.0364032882830792 18.2016456674026
0.0364243611035882 18.2121820750137
0.0364454217397454 18.2227123904422
0.0364664702126615 18.233236624272
0.0364875065433863 18.2437547870136
0.0365085307529089 18.254266889164
0.036529542862158 18.2647729411862
0.0365505428920021 18.275272953498
0.03657153086325 18.2857669365227
0.0365925067966505 18.2962549006431
0.0366134707128933 18.306736856188
0.0366344226326087 18.3172128134818
0.036655362576368 18.3276827827925
0.0366762905646838 18.338146774398
0.0366972066180105 18.3486047985058
0.0367181107567438 18.3590568653341
0.0367390030012216 18.3695029850354
0.0367598833717241 18.3799431677531
0.0367807518884737 18.3903774236057
0.0368016085716357 18.4008057626761
0.0368224534413181 18.4112281950071
0.036843286517572 18.4216447306285
0.0368641078203921 18.432055379552
0.0368849173697165 18.4424601517227
0.0369057151854269 18.4528590571014
0.0369265012873494 18.4632521055968
0.036947275695254 18.4736393070858
0.0369680384288553 18.4840206714221
0.0369887895078127 18.4943962084594
0.0370095289517301 18.5047659279727
0.0370302567801569 18.5151298397515
0.0370509730125876 18.5254879535477
0.0370716776684623 18.5358402790715
0.0370923707671667 18.5461868260091
0.0371130523280328 18.5565276040364
0.0371337223703384 18.5668626227772
0.0371543809133079 18.5771918918709
0.0371750279761122 18.5875154208801
0.0371956635778689 18.5978332193742
0.0372162877376428 18.6081452968884
0.0372369004744457 18.6184516629166
0.0372575018072371 18.6287523269416
0.0372780917549237 18.6390472984371
0.0372986703363604 18.6493365868084
0.0373192375703499 18.6596202014639
0.0373397934756431 18.6698981517722
0.0373603380709395 18.6801704470861
0.037380871374887 18.6904370967349
0.0374013934060824 18.7006981100117
0.0374219041830716 18.7109534961933
0.0374424037243496 18.7212032645313
0.0374628920483607 18.7314474242348
0.0374833691734991 18.7416859845052
0.0375038351181084 18.7519189545239
0.0375242899004826 18.7621463434318
0.0375447335388654 18.7723681603475
0.0375651660514512 18.7825844143804
0.0375855874563848 18.7927951145864
0.0376059977717618 18.8030002700251
0.0376263970156287 18.8131998897021
0.0376467852059831 18.8233939826352
0.0376671623607739 18.8335825577955
0.0376875284979014 18.8437656241272
0.0377078836352176 18.8539431905608
0.0377282277905265 18.8641152659959
0.037748560981584 18.8742818593176
0.037768883226098 18.8844429793615
0.0377891945417292 18.8945986349823
0.0378094949460905 18.9047488349625
0.0378297844567478 18.9148935881049
0.0378500630912197 18.925032903152
0.037870330866978 18.9351667888431
0.0378905878014479 18.9452952539047
0.0379108339120078 18.9554183070192
0.0379310692159899 18.9655359568478
0.0379512937306801 18.9756482120443
0.0379715074733183 18.9857550812191
0.0379917104610986 18.9958565729669
0.0380119027111692 19.0059526958701
0.0380320842406331 19.0160434584727
0.0380522550665477 19.0261288693091
0.0380724152059252 19.0362089368764
0.038092564675733 19.0462836696627
0.0381127034928934 19.0563530761371
0.0381328316742841 19.0664171647276
0.0381529492367384 19.0764759438634
0.0381730561970452 19.0865294219245
0.038193152571949 19.0965776072863
0.0382132383781506 19.1066205083066
0.0382333136323066 19.1166581333099
0.0382533783510301 19.1266904905952
0.0382734325508906 19.1367175884639
0.0382934762484143 19.1467394351613
0.038313509460084 19.1567560389344
0.0383335322023395 19.1667674080102
0.0383535444915778 19.1767735505886
0.038373546344153 19.1867744748394
0.0383935377763767 19.1967701889234
0.0384135188045179 19.2067607009651
0.0384334894448035 19.2167460190901
0.0384534497134182 19.2267261513847
0.0384733996265045 19.2367011059095
0.0384933392001636 19.2466708907311
0.0385132684504543 19.2566355138737
0.0385331873933946 19.2665949833437
0.0385530960449606 19.2765493071413
0.0385729944210873 19.2864984932195
0.0385928825376688 19.2964425495235
0.0386127604105581 19.3063814839946
0.0386326280555673 19.3163153045222
0.0386524854884683 19.3262440190015
0.0386723327249919 19.3361676353066
0.0386921697808291 19.3460861612668
0.0387119966716305 19.3559996047162
0.0387318134130064 19.3659079734588
0.0387516200205275 19.37581127528
0.0387714165097247 19.3857095179533
0.0387912028960891 19.3956027092065
0.0388109791950724 19.4054908567753
0.0388307454220871 19.4153739683719
0.0388505015925062 19.4252520516651
0.0388702477216639 19.4351251143306
0.0388899838248552 19.4449931640233
0.0389097099173367 19.4548562083573
0.0389294260143259 19.4647142549578
0.0389491321310021 19.4745673114001
0.0389688282825062 19.4844153852617
0.0389885144839406 19.4942584840941
0.0390081907503698 19.5040966154247
0.0390278570968204 19.5139297867769
0.039047513538281 19.5237580056373
0.0390671600897025 19.5335812794783
0.0390867967659982 19.5433996157666
0.0391064235820442 19.5532130219352
0.0391260405526791 19.5630215054049
0.0391456476927042 19.5728250735798
0.0391652450168839 19.5826237338298
0.0391848325399458 19.5924174935145
0.0392044102765805 19.6022063600139
0.0392239782414419 19.6119903406091
0.0392435364491476 19.6217694426369
0.0392630849142787 19.6315436733831
0.0392826236513799 19.6413130401183
0.0393021526749599 19.6510775501123
0.0393216719994912 19.6608372105721
0.0393411816394106 19.6705920287295
0.039360681609119 19.6803420117865
0.0393801719229816 19.6900871669223
0.0393996525953283 19.6998275013087
0.0394191236404532 19.7095630220958
0.0394385850726156 19.7192937363927
0.0394580369060392 19.7290196513362
0.0394774791549129 19.7387407739976
0.0394969118333906 19.7484571114693
0.0395163349555913 19.7581686708237
0.0395357485355997 19.7678754590681
0.0395551525874654 19.7775774832405
0.039574547125204 19.7872747503654
0.0395939321627965 19.7969672674232
0.0396133077141898 19.8066550413681
0.0396326737932967 19.816338079195
0.0396520304139961 19.8260163878215
0.0396713775901328 19.835689974161
0.0396907153355181 19.8453588451276
0.0397100436639297 19.8550230076221
0.0397293625891115 19.8646824684933
0.0397486721247742 19.8743372346077
0.0397679722845953 19.8839873128176
0.039787263082219 19.8936327099392
0.0398065445312563 19.903273432758
0.0398258166452856 19.9129094880677
0.0398450794378521 19.9225408826681
0.0398643329224685 19.932167623288
0.0398835771126149 19.9417897166799
0.0399028120217388 19.9514071695618
0.0399220376632553 19.9610199886481
0.0399412540505472 19.9706281806173
0.0399604611969652 19.9802317521671
0.0399796591158278 19.9898307099427
0.0399988478204218 19.9994250605779
0.0400180273240019 20.0090148107183
0.040037197639791 20.0185999669731
0.0400563587809807 20.0281805359264
0.0400755107607307 20.037756524165
0.0400946535921695 20.0473279382531
0.0401137872883941 20.0568947847294
0.0401329118624704 20.0664570701323
0.0401520273274332 20.0760148009933
0.0401711336962863 20.0855679837905
0.0401902309820023 20.095116625029
0.0402093191975235 20.1046607311777
0.0402283983557611 20.1142003086836
0.0402474684695957 20.123735363997
0.0402665295518777 20.13326590353
0.0402855816154269 20.1427919337091
0.0403046246730327 20.1523134609262
0.0403236587374545 20.1618304915447
0.0403426838214215 20.1713430319357
0.0403616999376329 20.1808510884608
0.040380707098758 20.1903546674419
0.0403997053174363 20.1998537752026
0.0404186946062778 20.2093484180505
0.0404376749778624 20.2188386022645
0.040456646444741 20.2283243341357
0.0404756090194348 20.2378056199179
0.0404945627144357 20.2472824658517
0.0405135075422066 20.2567548781873
0.0405324435151809 20.266222863118
0.0405513706457634 20.2756864268626
0.0405702889463296 20.2851455755994
0.0405891984292263 20.2946003155049
0.0406080991067717 20.3040506527504
0.040626990991255 20.3134965934582
0.0406458740949372 20.3229381437701
0.0406647484300506 20.3323753098078
0.0406836140087993 20.3418080976657
0.0407024708433589 20.35123651342
0.040721318945877 20.3606605631641
0.0407401583284731 20.3700802529456
0.0407589890032384 20.3794955888268
0.0407778109822366 20.388906576813
0.0407966242775032 20.3983132229521
0.0408154289010464 20.4077155332252
0.0408342248648462 20.4171135136327
0.0408530121808555 20.4265071701421
0.0408717908609995 20.4358965087321
0.0408905609171761 20.4452815353311
0.0409093223612559 20.4546622558917
0.0409280752050821 20.4640386763304
0.0409468194604712 20.4734108025524
0.0409655551392122 20.482778640449
0.0409842822530675 20.4921421959041
0.0410030008137725 20.5015014748003
0.0410217108330358 20.5108564829746
0.0410404123225393 20.5202072262694
0.0410591052939384 20.5295537105187
0.0410777897588619 20.538895941534
0.0410964657289122 20.5482339251148
0.0411151332156654 20.5575676670479
0.0411337922306711 20.5668971731027
0.041152442785453 20.5762224490523
0.0411710848915086 20.5855435006472
0.0411897185603093 20.5948603336162
0.0412083438033007 20.6041729536758
0.0412269606319024 20.6134813665598
0.0412455690575083 20.6227855779384
0.0412641690914866 20.6320855935143
0.04128276074518 20.6413814189513
0.0413013440299055 20.6506730598995
0.0413199189569547 20.6599605220198
0.0413384855375939 20.6692438109253
0.041357043783064 20.6785229322624
0.0413755937045809 20.6877978916314
0.0413941353133351 20.6970686946122
0.0414126686204922 20.7063353468041
0.0414311936371927 20.715597853768
0.0414497103745525 20.7248562210573
0.0414682188436624 20.7341104542272
0.0414867190555886 20.743360558806
0.0415052110213724 20.7526065403103
0.0415236947520309 20.7618484042787
0.0415421702585563 20.7710861561674
0.0415606375519168 20.7803198014719
0.0415790966430558 20.7895493456827
0.0415975475428927 20.7987747942436
0.0416159902623226 20.807996152596
0.0416344248122165 20.8172134261855
0.0416528512034212 20.8264266204305
0.0416712694467598 20.8356357407548
0.0416896795530313 20.8448407925405
0.0417080815330109 20.8540417811897
0.04172647539745 20.8632387120771
0.0417448611570763 20.8724315905459
0.0417632388225941 20.8816204219641
0.0417816084046839 20.8908052116739
0.0417999699140029 20.8999859650019
0.0418183233611847 20.9091626872641
0.0418366687568398 20.9183353837613
0.0418550061115554 20.9275040597935
0.0418733354358954 20.936668720645
0.0418916567404007 20.9458293715837
0.0419099700355891 20.9549860178686
0.0419282753319554 20.9641386647455
0.0419465726399717 20.9732873174452
0.041964861970087 20.9824319812004
0.0419831433327278 20.9915726612274
0.0420014167382976 21.0007093627146
0.0420196821971775 21.0098420908684
0.0420379397197261 21.0189708508449
0.0420561893162793 21.0280956478363
0.0420744309971508 21.0372164869923
0.0420926647726318 21.0463333734475
0.0421108906529912 21.0554463123463
0.0421291086484759 21.0645553088182
0.0421473187693104 21.0736603679553
0.0421655210256972 21.082761494887
0.042183715427817 21.091858694681
0.0422019019858283 21.1009519724175
0.0422200807098677 21.1100413331661
0.0422382516100502 21.1191267819966
0.0422564146964688 21.1282083239528
0.0422745699791951 21.1372859640672
0.0422927174682789 21.1463597073487
0.0423108571737484 21.1554295588348
0.0423289891056105 21.1644955235135
0.0423471132738506 21.1735576063856
0.0423652296884326 21.1826158124371
0.0423833383592992 21.1916701466227
0.042401439296372 21.2007206139262
0.0424195325095512 21.2097672192822
0.0424376180087162 21.218809967623
0.0424556958037249 21.2278488638951
0.0424737659044148 21.2368839130195
0.042491828320602 21.2459151198878
0.0425098830620819 21.2549424894035
0.0425279301386291 21.2639660264651
0.0425459695599977 21.2729857359227
0.0425640013359207 21.2820016226772
0.0425820254761109 21.2910136915496
0.0426000419902603 21.3000219474137
0.0426180508880404 21.3090263951083
0.0426360521791025 21.3180270394249
0.0426540458730773 21.3270238852162
0.0426720319795753 21.3360169372647
0.0426900105081868 21.3450062003716
0.0427079814684819 21.3539916793317
0.0427259448700103 21.3629733789036
0.0427439007223022 21.3719513038565
0.0427618490348672 21.3809254589656
0.0427797898171952 21.3898958489439
0.0427977230787564 21.3988624785445
0.0428156488290009 21.4078253524928
0.0428335670773591 21.4167844754994
0.0428514778332417 21.4257398522724
0.0428693811060397 21.4346914875055
0.0428872769051246 21.4436393858708
0.0429051652398482 21.4525835520736
0.042923046119543 21.4615239907556
0.0429409195535219 21.4704607065882
0.0429587855510785 21.4793937041988
0.0429766441214871 21.488322988244
0.0429944952740028 21.4972485633492
0.0430123390178613 21.5061704341266
0.0430301753622793 21.515088605182
0.0430480043164543 21.5240030811247
0.043065825889565 21.5329138665339
0.0430836400907708 21.5418209659942
0.0431014469292124 21.5507243840826
0.0431192464140115 21.5596241253444
0.0431370385542711 21.5685201943407
0.0431548233590752 21.5774125956036
0.0431726008374894 21.5863013336742
0.0431903709985604 21.5951864130833
0.0432081338513165 21.6040678383373
0.0432258894047673 21.6129456139423
0.0432436376679039 21.6218197443904
0.043261378649699 21.6306902341729
0.0432791123591069 21.6395570877552
0.0432968388050636 21.6484203096257
0.0433145579964868 21.6572799042217
0.043332269942276 21.6661358760049
0.0433499746513124 21.674988229416
0.0433676721324591 21.6838369688831
0.0433853623945612 21.6926820988335
0.0434030454464459 21.7015236236644
0.043420721296922 21.710361547804
0.0434383899547809 21.7191958756388
0.0434560514287956 21.7280266115509
0.0434737057277218 21.736853759931
0.0434913528602971 21.7456773251298
0.0435089928352415 21.7544973115121
0.0435266256612571 21.763313723441
0.0435442513470288 21.7721265652449
0.0435618699012236 21.7809358412682
0.0435794813324911 21.789741555831
0.0435970856494634 21.7985437132358
0.0436146828607553 21.8073423178153
0.0436322729749639 21.816137373843
0.0436498560006694 21.8249288856278
0.0436674319464344 21.8337168574374
0.0436850008208045 21.8425012935539
0.0437025626323079 21.8512821982482
0.0437201173894559 21.8600595757552
0.0437376651007425 21.8688334303428
0.0437552057746449 21.8776037662359
0.0437727394196231 21.8863705876737
0.0437902660441204 21.8951338988693
0.0438077856565628 21.90389370404
0.04382529826536 21.9126500073939
0.0438428038789045 21.9214028131148
0.0438603025055722 21.9301521254083
0.0438777941537223 21.9388979484402
0.0438952788316973 21.9476402863923
0.0439127565478231 21.9563791434106
0.0439302273104091 21.9651145236707
0.0439476911277481 21.973846431298
0.0439651480081165 21.9825748704495
0.0439825979597741 21.991299845253
0.0440000409909647 22.0000213598244
0.0440174771099154 22.0087394182746
0.0440349063248372 22.0174540247061
0.0440523286439247 22.0261651832289
0.0440697440753564 22.0348728979263
0.0440871526272947 22.0435771728676
0.0441045543078859 22.052278012147
0.0441219491252601 22.0609754198272
0.0441393370875315 22.0696693999538
0.0441567182027981 22.0783599565799
0.0441740924791424 22.0870470937376
0.0441914599246306 22.0957308154689
0.0442088205473133 22.1044111258059
0.0442261743552251 22.1130880287554
0.0442435213563851 22.1217615283364
0.0442608615587964 22.1304316285416
0.0442781949704466 22.1390983333645
0.0442955215993077 22.1477616468066
0.044312841453336 22.1564215728237
0.0443301545404724 22.1650781154012
0.0443474608686421 22.1737312785008
0.044364760445755 22.1823810660626
0.0443820532797056 22.19102748206
0.0443993393783729 22.1996705304143
0.0444166187496206 22.2083102150516
0.0444338914012972 22.2169465399166
0.0444511573412359 22.2255795088979
0.0444684165772546 22.2342091259353
0.0444856691171562 22.2428353949234
0.0445029149687284 22.2514583197334
0.0445201541397438 22.2600779042768
0.0445373866379599 22.2686941524151
0.0445546124711194 22.277307068025
0.0445718316469498 22.285916654976
0.0445890441731639 22.2945229171208
0.0446062500574594 22.3031258583051
0.0446234493075192 22.3117254823734
0.0446406419310117 22.320321793166
0.04465782793559 22.3289147945066
0.044675007328893 22.3375044902108
0.0446921801185447 22.3460908840919
0.0447093463121543 22.354673979954
0.0447265059173168 22.3632537815871
0.0447436589416121 22.3718302927906
0.0447608053926061 22.3804035173375
0.0447779452778498 22.3889734590116
0.0447950786048801 22.3975401215929
0.0448122053812193 22.4061035088245
0.0448293256143753 22.4146636244674
0.0448464393118417 22.4232204722684
0.044863546481098 22.4317740559635
0.044880647129609 22.4403243792828
0.0448977412648259 22.4488714459601
0.0449148288941851 22.4574152597071
0.0449319100251093 22.4659558242434
0.044948984665007 22.4744931432715
0.0449660528212724 22.4830272204878
0.0449831145012859 22.4915580595679
0.045000169712414 22.500085664214
0.0450172184620089 22.5086100380976
0.0450342607574092 22.5171311848828
0.0450512966059395 22.5256491082256
0.0450683260149105 22.5341638118041
0.0450853489916193 22.5426752992513
0.0451023655433489 22.5511835742128
0.0451193756773688 22.5596886403073
0.0451363794009349 22.5681905011867
0.0451533767212891 22.576689160457
0.0451703676456599 22.585184621735
0.0451873521812623 22.5936768886364
0.0452043303352975 22.6021659647511
0.0452213021149534 22.6106518536778
0.0452382675274042 22.6191345590161
0.0452552265798109 22.6276140843264
0.0452721792793208 22.6360904331811
0.0452891256330682 22.644563609161
0.0453060656481736 22.6530336158237
0.0453229993317446 22.6615004567238
0.0453399266908753 22.6699641354126
0.0453568477326466 22.6784246554136
0.0453737624641262 22.6868820202781
0.0453906708923688 22.6953362335114
0.0454075730244157 22.7037872986652
0.0454244688672952 22.7122352192277
0.0454413584280226 22.7206799987095
0.0454582417136 22.7291216406327
0.0454751187310168 22.7375601484709
0.0454919894872492 22.7459955257172
0.0455088539892604 22.7544277758571
0.0455257122440009 22.7628569023552
0.0455425642584084 22.7712829086977
0.0455594100394074 22.7797057983303
0.0455762495939099 22.7881255747189
0.0455930829288152 22.7965422413117
0.0456099100510096 22.8049558015485
0.0456267309673669 22.8133662588685
0.0456435456847482 22.8217736167015
0.0456603542100018 22.8301778784747
0.0456771565499637 22.8385790476009
0.0456939527114571 22.8469771274971
0.0457107427012927 22.8553721215618
0.0457275265262688 22.8637640332051
0.0457443041931711 22.8721528658087
0.045761075708773 22.880538622762
0.0457778410798353 22.8889213074477
0.0457946003131067 22.8973009232397
0.0458113534153232 22.9056774735069
0.0458281003932088 22.9140509616092
0.0458448412534751 22.9224213909167
0.0458615760028214 22.9307887647538
0.0458783046479348 22.9391530864743
0.0458950271954903 22.9475143594257
0.0459117436521507 22.9558725869227
0.0459284540245667 22.9642277722951
0.0459451583193768 22.972579918874
0.0459618565432075 22.9809290299668
0.0459785487026732 22.989275108878
0.0459952348043766 22.9976181589103
0.0460119148549079 23.0059581833541
0.0460285888608459 23.0142951855024
0.0460452568287572 23.0226291686358
0.0460619187651964 23.030960136045
0.0460785746767066 23.0392880909818
0.0460952245698189 23.0476130367222
0.0461118684510524 23.0559349765231
0.0461285063269148 23.0642539136419
0.0461451382039019 23.0725698513217
0.0461617640884977 23.0808827928105
0.0461783839871748 23.0891927413382
0.0461949979063938 23.0974997001526
0.046211605852604 23.1058036724557
0.046228207832243 23.1141046614714
0.0462448038517368 23.1224026704189
0.0462613939174999 23.1306977024945
0.0462779780359353 23.1389897609193
0.0462945562134346 23.1472788488694
0.0463111284563778 23.1555649695429
0.0463276947711338 23.1638481261306
0.0463442551640596 23.1721283217978
0.0463608096415014 23.1804055597311
0.0463773582097938 23.1886798430788
0.04639390087526 23.1969511750212
0.0464104376442121 23.2052195587112
0.046426968522951 23.2134849972874
0.0464434935177663 23.2217474939094
0.0464600126349364 23.2300070517148
0.0464765258807285 23.2382636738257
0.0464930332613988 23.2465173633814
0.0465095347831923 23.2547681235
0.046526030452343 23.2630159572963
0.0465425202750738 23.2712608678877
0.0465590042575965 23.2795028583785
0.0465754824061121 23.2877419318619
0.0465919547268104 23.2959780914401
0.0466084212258706 23.3042113401968
0.0466248819094606 23.3124416812287
0.0466413367837377 23.3206691175951
0.0466577858548482 23.3288936523903
0.0466742291289276 23.3371152886591
0.0466906666121007 23.3453340294788
0.0467070983104812 23.3535498779113
0.0467235242301725 23.3617628369877
0.046739944377267 23.3699729097766
0.0467563587578464 23.3781800993088
0.0467727673779818 23.3863844086146
0.0467891702437337 23.3945858407381
0.0468055673611519 23.4027843986913
0.0468219587362756 23.4109800854951
0.0468383443751334 23.4191729041773
0.0468547242837435 23.4273628577289
0.0468710984681134 23.4355499491703
0.0468874669342404 23.4437341814821
0.046903829688111 23.4519155576639
0.0469201867357014 23.4600940807166
0.0469365380829775 23.4682697536129
0.0469528837358946 23.4764425793325
0.0469692237003978 23.4846125608342
0.0469855579824218 23.4927797011105
0.047001886587891 23.5009440031123
0.0470182095227195 23.5091054697866
0.0470345267928112 23.5172641041032
0.0470508384040596 23.5254199089835
0.0470671443623481 23.5335728873897
0.04708344467355 23.5417230422648
0.0470997393435283 23.54987037652
0.0471160283781359 23.5580148930866
0.0471323117832156 23.5661565949077
0.0471485895646001 23.5742954848728
0.047164861728112 23.582431565903
0.047181128279564 23.5905648409003
0.0471973892247586 23.5986953127769
0.0472136445694883 23.6068229844277
0.047229894319536 23.6149478587262
0.0472461384806741 23.6230699385813
0.0472623770586654 23.6311892268531
0.0472786100592629 23.6393057264182
0.0472948374882095 23.6474194401804
0.0473110593512383 23.6555303709783
0.0473272756540727 23.663638521681
0.0473434864024261 23.6717438951394
0.0473596916020023 23.679846494221
0.0473758912584952 23.6879463217637
0.0473920853775892 23.6960433805943
0.0474082739649587 23.7041376735774
0.0474244570262686 23.7122292035194
0.0474406345671741 23.7203179732602
0.0474568065933208 23.7284039856362
0.0474729731103444 23.7364872434455
0.0474891341238715 23.7445677495065
0.0475052896395188 23.7526455066354
0.0475214396628935 23.7607205176259
0.0475375841995933 23.7687927852835
0.0475537232552064 23.7768623123976
0.0475698568353115 23.7849291017551
0.0475859849454778 23.792993156146
0.0476021075912653 23.8010544783409
0.0476182247782242 23.8091130711353
0.0476343365118957 23.8171689372751
0.0476504427978114 23.8252220795392
0.0476665436414936 23.8332725006969
0.0476826390484553 23.8413202034926
0.0476987290242001 23.84936519068
0.0477148135742225 23.857407465009
0.0477308927040076 23.8654470292152
0.0477469664190314 23.8734838860473
0.0477630347247604 23.8815180382334
0.0477790976266524 23.8895494885018
0.0477951551301554 23.8975782395674
0.0478112072407089 23.9056042941617
0.0478272539637427 23.9136276550035
0.0478432953046779 23.9216483247951
0.0478593312689263 23.9296663062491
0.0478753618618908 23.9376816020627
0.047891387088965 23.9456942149265
0.0479074069555338 23.9537041475379
0.0479234214669728 23.9617114025857
0.0479394306286489 23.9697159827522
0.0479554344459198 23.9777178907135
0.0479714329241343 23.9857171291544
0.0479874260686326 23.9937137007362
0.0480034138847455 24.0017076081291
0.0480193963777953 24.0096988539866
0.0480353735530952 24.0176874409805
0.0480513454159499 24.0256733717392
0.048067311971655 24.0336566489332
0.0480832732254973 24.0416372751913
0.0480992291827549 24.0496152531668
0.0481151798486973 24.0575905854821
0.0481311252285851 24.065563274766
0.0481470653276701 24.0735333236516
0.0481630001511956 24.0815007347605
0.0481789297043962 24.0894655107081
0.0481948539924977 24.0974276541158
0.0482107730207176 24.1053871675729
0.0482266867942643 24.1133440536972
0.048242595318338 24.1212983150847
0.0482584985981302 24.1292499543335
0.0482743966388238 24.1371989740322
0.0482902894455933 24.1451453767771
0.0483061770236045 24.1530891651378
0.048322059378015 24.1610303417014
0.0483379365139736 24.1689689090365
0.0483538084366208 24.1769048697139
0.0483696751510886 24.1848382263067
0.0483855366625008 24.1927689813696
0.0484013929759726 24.2006971374662
0.0484172440966107 24.2086226971525
0.0484330900295139 24.2165456629638
0.0484489307797721 24.2244660374608
0.0484647663524673 24.2323838231758
0.0484805967526731 24.2402990226449
0.0484964219854547 24.2482116384043
0.0485122420558691 24.2561216729792
0.0485280569689651 24.2640291288991
0.0485438667297832 24.2719340086818
0.0485596713433558 24.2798363148381
0.0485754708147071 24.2877360498893
0.048591265148853 24.2956332163312
0.0486070543508014 24.3035278166844
0.0486228384255519 24.3114198534332
0.0486386173780963 24.3193093290861
0.0486543912134179 24.327196246126
0.0486701599364922 24.335080607046
0.0486859235522865 24.3429624143207
0.0487016820657603 24.3508416704374
0.0487174354818647 24.3587183778797
0.0487331838055432 24.3665925391046
0.048748927041731 24.3744641565862
0.0487646651953555 24.382333232783
0.048780398271336 24.390199770163
0.0487961262745841 24.3980637711678
0.0488118492100034 24.4059252382666
0.0488275670824894 24.4137841739017
0.04884327989693 24.421640580514
0.0488589876582051 24.4294944605393
0.0488746903711869 24.4373458164225
0.0488903880407394 24.4451946505925
0.0489060806717193 24.4530409654726
0.0489217682689752 24.4608847634988
0.0489374508373479 24.4687260470762
0.0489531283816707 24.4765648186336
0.048968800906769 24.4844010805863
0.0489844684174603 24.4922348353263
0.0490001309185547 24.5000660852756
0.0490157884148546 24.5078948328217
0.0490314409111544 24.5157210803747
0.0490470884122413 24.5235448303138
0.0490627309228946 24.5313660850408
0.0490783684478859 24.5391848469405
0.0490940009919795 24.547001118388
0.0491096285599319 24.55481490177
0.049125251156492 24.5626261994562
0.0491408687864013 24.5704350138242
0.0491564814543937 24.5782413472272
0.0491720891651955 24.5860452020406
0.0491876919235258 24.5938465806188
0.0492032897340958 24.6016454853131
0.0492188826016096 24.6094419184825
0.0492344705307635 24.6172358824757
0.0492500535262467 24.6250273796344
0.0492656315927409 24.6328164123006
0.0492812047349202 24.6406029828057
0.0492967729574515 24.6483870934884
0.0493123362649944 24.6561687466804
0.0493278946622009 24.6639479447025
0.0493434481537158 24.6717246898791
0.0493589967441768 24.6794989845272
0.0493745404382138 24.6872708309675
0.04939007924045 24.6950402315092
0.0494056131555008 24.7028071884581
0.0494211421879747 24.7105717041155
0.0494366663424728 24.7183337807936
0.0494521856235891 24.7260934207785
0.0494677000359102 24.7338506263669
0.0494832095840156 24.7416053998472
0.0494987142724778 24.7493577435114
0.0495142141058619 24.7571076596321
0.0495297090887259 24.7648551504921
0.0495451992256208 24.7726002183737
0.0495606845210904 24.7803428655399
0.0495761649796714 24.7880830942637
0.0495916406058934 24.7958209068132
0.0496071114042791 24.8035563054414
0.0496225773793438 24.8112892924105
0.0496380385355961 24.8190198699747
0.0496534948775374 24.8267480403758
0.0496689464096623 24.8344738058835
0.0496843931364581 24.8421971687222
0.0496998350624054 24.8499181311334
0.0497152721919777 24.8576366953642
0.0497307045296416 24.8653528636421
0.0497461320798567 24.8730666381891
0.0497615548470759 24.8807780212402
0.0497769728357449 24.8884870150254
0.0497923860503028 24.8961936217505
0.0498077944951816 24.9038978436341
0.0498231981748067 24.9115996828934
0.0498385970935963 24.9192991417284
0.0498539912559621 24.9269962223636
0.0498693806663088 24.9346909269796
0.0498847653290345 24.9423832577935
0.0499001452485304 24.9500732169894
0.0499155204291808 24.9577608067678
0.0499308908753636 24.9654460293129
0.0499462565914495 24.9731288868055
0.0499616175818029 24.9808093814366
0.0499769738507813 24.9884875153815
0.0499923254027355 24.9961632908149
