0.00014367816091954 0.143678160919785
0.000431034482758621 0.23946360153258
0.000718390804597701 0.37356321839065
0.00100574712643678 0.513136288998385
0.00129310344827586 0.654533844188682
0.00158045977011494 0.796760710554345
0.00186781609195402 0.939434129088772
0.0021551724137931 1.08237547892667
0.00244252873563218 1.22549019607826
0.00272988505747126 1.36872353296927
0.00301724137931034 1.51204159824881
0.00330459770114943 1.65542228885545
0.00359195402298851 1.79885057471262
0.00387931034482759 1.94231587909729
0.00416666666666667 2.08581054300408
0.00445402298850575 2.2293288839451
0.00474137931034483 2.37286659700447
0.00502873563218391 2.51642036124812
0.00531609195402299 2.65998757378103
0.00560344827586207 2.80356616563618
0.00589080459770115 2.94715447154466
0.00617816091954023 3.0907511360605
0.00646551724137931 3.23435504470051
0.00675287356321839 3.37796527268308
0.00704022988505747 3.5215810462125
0.00732758620689655 3.66520171287006
0.00761494252873563 3.80882671871733
0.00790229885057471 3.95245559038791
0.00818965517241379 4.09608792095356
0.00847701149425287 4.23972335866068
0.00876436781609195 4.38336159789136
0.00905172413793104 4.52700237183204
0.00933908045977011 4.6706454465103
0.0096264367816092 4.81429061588821
0.00991379310344828 4.95793769781969
0.0102011494252874 5.10158653068025
0.0104885057471264 5.24523697055816
0.0107758620689655 5.38888888889068
0.0110632183908046 5.53254217047472
0.0113505747126437 5.6761967117718
0.0116379310344828 5.81985241947051
0.0119252873563218 5.96350920925301
0.0122126436781609 6.10716700473466
0.0125 6.2508257365586
0.0127873563218391 6.39448534159932
0.0130747126436782 6.5381457622847
0.0133620689655172 6.68180694599038
0.0136494252873563 6.82546884452549
0.0139367816091954 6.96913141367546
0.0142241379310345 7.11279461279535
0.0145114942528736 7.25645840446205
0.0147988505747126 7.40012275415757
0.0150862068965517 7.54378762999546
0.0153735632183908 7.68745300247184
0.0156609195402299 7.83111884424832
0.015948275862069 7.97478512995911
0.016235632183908 8.1184518360308
0.0165229885057471 8.26211894053157
0.0168103448275862 8.40578642302999
0.0170977011494253 8.54945426446646
0.0173850574712644 8.693122447043
0.0176724137931034 8.83679095411958
0.0179597701149425 8.98045977011755
0.0182471264367816 9.12412888044483
0.0185344827586207 9.26779827141057
0.0188218390804598 9.41146793016082
0.0191091954022988 9.55513784461534
0.0193965517241379 9.69880800340881
0.019683908045977 9.84247839584181
0.0199712643678161 9.98614901182819
0.0202586206896552 10.1298198418551
0.0205459770114943 10.2734908769421
0.0208333333333333 10.4171621086039
0.0211206896551724 10.5608335288169
0.0214080459770115 10.7045051299881
0.0216954022988506 10.848176904927
0.0219827586206897 10.9918488468211
0.0222701149425287 11.1355209492051
0.0225574712643678 11.2791932059473
0.0228448275862069 11.422865611222
0.023132183908046 11.5665381594936
0.0234195402298851 11.7102108454985
0.0237068965517241 11.8538836642307
0.0239942528735632 11.9975566109182
0.0242816091954023 12.1412296810187
0.0245689655172414 12.2849028702036
0.0248563218390805 12.4285761743424
0.0251436781609195 12.5722495894927
0.0254310344827586 12.7159231118927
0.0257183908045977 12.8595967379459
0.0260057471264368 13.0032704642173
0.0262931034482759 13.1469442874214
0.0265804597701149 13.2906182044128
0.026867816091954 13.4342922121843
0.0271551724137931 13.5779663078525
0.0274425287356322 13.7216404886573
0.0277298850574713 13.8653147519521
0.0280172413793103 14.0089890951981
0.0283045977011494 14.1526635159598
0.0285919540229885 14.2963380119005
0.0288793103448276 14.4400125807757
0.0291666666666667 14.5836872204303
0.0294540229885057 14.7273619287928
0.0297413793103448 14.8710367038713
0.0300287356321839 15.0147115437504
0.030316091954023 15.1583864465881
0.0306034482758621 15.3020614106099
0.0308908045977012 15.4457364341089
0.0311781609195402 15.5894115154417
0.0314655172413793 15.7330866530214
0.0317528735632184 15.8767618453225
0.0320402298850575 16.0204370908726
0.0323275862068966 16.1641123882511
0.0326149425287356 16.3077877360895
0.0329022988505747 16.4514631330643
0.0331896551724138 16.5951385778989
0.0334770114942529 16.7388140693617
0.033764367816092 16.8824896062627
0.034051724137931 17.0261651874508
0.0343390804597701 17.1698408118137
0.0346264367816092 17.3135164782781
0.0349137931034483 17.4571921858032
0.0352011494252874 17.6008679333835
0.0354885057471264 17.7445437200462
0.0357758620689655 17.8882195448492
0.0360632183908046 18.0318954068814
0.0363505747126437 18.1755713052602
0.0366379310344828 18.3192472391289
0.0369252873563218 18.46292320766
0.0372126436781609 18.6065992100507
0.0375 18.7502752455225
0.0377873563218391 18.8939513133204
0.0380747126436782 19.0376274127128
0.0383620689655172 19.1813035429883
0.0386494252873563 19.3249797034606
0.0389367816091954 19.4686558934594
0.0392241379310345 19.6123321123359
0.0395114942528736 19.7560083594603
0.0397988505747126 19.8996846342202
0.0400862068965517 20.0433609360222
0.0403735632183908 20.1870372642888
0.0406609195402299 20.3307136184576
0.040948275862069 20.474389997985
0.041235632183908 20.6180664023406
0.0415229885057471 20.7617428310082
0.0418103448275862 20.9054192834875
0.0420977011494253 21.0490957592893
0.0423850574712644 21.1927722579401
0.0426724137931035 21.3364487789786
0.0429597701149425 21.4801253219553
0.0432471264367816 21.6238018864337
0.0435344827586207 21.7674784719864
0.0438218390804598 21.9111550781999
0.0441091954022989 22.0548317046701
0.0443965517241379 22.1985083510032
0.044683908045977 22.3421850168175
0.0449712643678161 22.4858617017383
0.0452586206896552 22.6295384054018
0.0455459770114943 22.7732151274536
0.0458333333333333 22.9168918675473
0.0461206896551724 23.0605686253461
0.0464080459770115 23.2042454005212
0.0466954022988506 23.3479221927516
0.0469827586206897 23.4915990017245
0.0472701149425287 23.6352758271341
0.0475574712643678 23.7789526686835
0.0478448275862069 23.9226295260801
0.048132183908046 24.0663063990417
0.0484195402298851 24.2099832872903
0.0487068965517241 24.3536601905563
0.0489942528735632 24.4973371085746
0.0492816091954023 24.6410140410873
0.0495689655172414 24.7846909878422
0.0498563218390805 24.9283679485936
