0 918.073517046401
0.00028735632183908 918.03223021855
0.000574712643678161 917.963418838799
0.000862068965517241 917.856073086388
0.00114942528735632 917.708620129779
0.0014367816091954 917.520535691794
0.00172413793103448 917.291581464623
0.00201149425287356 917.021629128678
0.00229885057471264 916.710601692205
0.00258620689655172 916.35844933701
0.0028735632183908 915.965137976962
0.00316091954022989 915.530643264821
0.00344827586206897 915.054947204805
0.00373563218390805 914.538036120118
0.00402298850574713 913.979899373251
0.00431034482758621 913.38052852756
0.00459770114942529 912.7399167793
0.00488505747126437 912.05805856177
0.00517241379310345 911.33494926256
0.00545977011494253 910.570585017221
0.00574712643678161 909.764962555831
0.00603448275862069 908.918079086997
0.00632183908045977 908.029932208818
0.00660919540229885 907.100519839652
0.00689655172413793 906.129840163593
0.00718390804597701 905.117891587095
0.00747126436781609 904.064672704087
0.00775862068965517 902.970182267674
0.00804597701149425 901.834419166988
0.00833333333333333 900.657382408093
0.00862068965517242 899.439071098133
0.00890804597701149 898.179484432072
0.00919540229885057 896.878621681546
0.00948275862068966 895.536482185422
0.00977011494252874 894.153065341776
0.0100574712643678 892.728370601023
0.0103448275862069 891.262397460023
0.010632183908046 889.755145456989
0.0109195402298851 888.206614167078
0.0112068965517241 886.616803198551
0.0114942528735632 884.985712189421
0.0117816091954023 883.313340804516
0.0120689655172414 881.599688732891
0.0123563218390805 879.844755685554
0.0126436781609195 878.048541393439
0.0129310344827586 876.211045605623
0.0132183908045977 874.332268087725
0.0135057471264368 872.412208620487
0.0137931034482759 870.450866998497
0.0140804597701149 868.44824302905
0.014367816091954 866.40433653112
0.0146551724137931 864.319147334436
0.0149425287356322 862.192675278643
0.0152298850574713 860.024920212553
0.0155172413793103 857.815881993451
0.0158045977011494 855.565560486483
0.0160919540229885 853.273955564081
0.0163793103448276 850.941067105452
0.0166666666666667 848.566894996104
0.0169540229885057 846.151439127417
0.0172413793103448 843.694699396248
0.0175287356321839 841.196675704569
0.017816091954023 838.657367959133
0.0181034482758621 836.076776071168
0.0183908045977011 833.454899956098
0.0186781609195402 830.791739533278
0.0189655172413793 828.087294725761
0.0192528735632184 825.341565460067
0.0195402298850575 822.554551665984
0.0198275862068966 819.726253276374
0.0201149425287356 816.856670226998
0.0204022988505747 813.94580245635
0.0206896551724138 810.993649905505
0.0209770114942529 808.000212517975
0.021264367816092 804.965490239579
0.021551724137931 801.889483018318
0.0218390804597701 798.772190804259
0.0221264367816092 795.613613549425
0.0224137931034483 792.4137512077
0.0227011494252874 789.172603734726
0.0229885057471264 785.890171087823
0.0232758620689655 782.5664532259
0.0235632183908046 779.201450109377
0.0238505747126437 775.795161700116
0.0241379310344828 772.347587961346
0.0244252873563218 768.858728857605
0.0247126436781609 765.328584354673
0.025 761.757154419517
0.0252873563218391 758.144439020238
0.0255747126436782 754.490438126016
0.0258620689655172 750.795151707066
0.0261494252873563 747.058579734589
0.0264367816091954 743.280722180733
0.0267241379310345 739.461579018545
0.0270114942528736 735.60115022194
0.0272988505747126 731.699435765661
0.0275862068965517 727.756435625242
0.0278735632183908 723.77214977698
0.0281609195402299 719.7465781979
0.028448275862069 715.679720865728
0.028735632183908 711.57157775886
0.0290229885057471 707.422148856338
0.0293103448275862 703.231434137824
0.0295977011494253 698.999433583573
0.0298850574712644 694.726147174414
0.0301724137931034 690.411574891728
0.0304597701149425 686.055716717421
0.0307471264367816 681.658572633912
0.0310344827586207 677.220142624111
0.0313218390804598 672.740426671398
0.0316091954022989 668.21942475961
0.0318965517241379 663.657136873023
0.032183908045977 659.053562996335
0.0324712643678161 654.408703114654
0.0327586206896552 649.722557213479
0.0330459770114943 644.99512527869
0.0333333333333333 640.226407296535
0.0336206896551724 635.416403253615
0.0339080459770115 630.565113136873
0.0341954022988506 625.672536933583
0.0344827586206897 620.738674631337
0.0347701149425287 615.763526218039
0.0350574712643678 610.747091681889
0.0353448275862069 605.689371011376
0.035632183908046 600.590364195271
0.0359195402298851 595.450071222613
0.0362068965517241 590.268492082705
0.0364942528735632 585.045626765101
0.0367816091954023 579.781475259604
0.0370689655172414 574.476037556254
0.0373563218390805 569.12931364532
0.0376436781609195 563.741303517296
0.0379310344827586 558.312007162894
0.0382183908045977 552.841424573034
0.0385057471264368 547.329555738842
0.0387931034482759 541.77640065164
0.0390804597701149 536.181959302945
0.039367816091954 530.546231684458
0.0396551724137931 524.869217788061
0.0399425287356322 519.150917605814
0.0402298850574713 513.391331129945
0.0405172413793103 507.590458352851
0.0408045977011494 501.748299267087
0.0410919540229885 495.864853865367
0.0413793103448276 489.940122140557
0.0416666666666667 483.974104085669
0.0419540229885058 477.966799693863
0.0422413793103448 471.918208958435
0.0425287356321839 465.82833187282
0.042816091954023 459.697168430585
0.0431034482758621 453.524718625425
0.0433908045977012 447.310982451162
0.0436781609195402 441.055959901741
0.0439655172413793 434.759650971224
0.0442528735632184 428.42205565379
0.0445402298850575 422.043173943732
0.0448275862068966 415.623005835451
0.0451149425287356 409.161551323457
0.0454022988505747 402.658810402364
0.0456896551724138 396.114783066889
0.0459770114942529 389.529469311847
0.046264367816092 382.90286913215
0.046551724137931 376.234982522805
0.0468390804597701 369.52580947891
0.0471264367816092 362.775349995656
0.0474137931034483 355.983604068319
0.0477011494252874 349.15057169226
0.0479885057471264 342.276252862927
0.0482758620689655 335.360647575846
0.0485632183908046 328.403755826625
0.0488505747126437 321.405577610948
0.0491379310344828 314.366112924576
0.0494252873563218 307.285361763344
0.0497126436781609 300.163324123159
0.05 293
