0.000140449438202247 0.140449438201726
0.000421348314606742 0.234082397003417
0.000702247191011236 0.365168539325541
0.00098314606741573 0.501605136435778
0.00126404494382022 0.639825218475926
0.00154494382022472 0.778855975483957
0.00182584269662921 0.918323249783352
0.00210674157303371 1.058052434457
0.0023876404494382 1.1979510905479
0.0026685393258427 1.33796570076887
0.00294943820224719 1.47806313536556
0.00323033707865169 1.61822178798183
0.00351123595505618 1.75842696629206
0.00379213483146067 1.89866833125291
0.00407303370786517 2.03893839597013
0.00435393258426966 2.17923160565468
0.00463483146067416 2.31954375212834
0.00491573033707865 2.45987158908587
0.00519662921348315 2.60021257212393
0.00547752808988764 2.74056467876824
0.00575842696629214 2.88092628117379
0.00603932584269663 3.02129605435225
0.00632022471910112 3.16167290886567
0.00660112359550562 3.30205594071352
0.00688202247191011 3.44244439348997
0.00716292134831461 3.58283762943648
0.0074438202247191 3.72323510706191
0.0077247191011236 3.86363636363962
0.00800561797752809 4.00404100138343
0.00828651685393259 4.14444867644616
0.00856741573033708 4.28485909007465
0.00884831460674157 4.42527198145481
0.00912921348314607 4.56568712187029
0.00941011235955056 4.70610430991452
0.00969101123595506 4.8465233675339
0.00997191011235955 4.98694413673354
0.010252808988764 5.12736647683899
0.0105337078651685 5.26779026217501
0.010814606741573 5.40821538012803
0.0110955056179775 5.54864172948613
0.011376404494382 5.68906921903414
0.0116573033707865 5.82949776634842
0.011938202247191 5.96992729676391
0.0122191011235955 6.11035774247988
0.0125 6.25078904179108
0.0127808988764045 6.39122113841494
0.013061797752809 6.53165398091406
0.0133426966292135 6.6720875221791
0.013623595505618 6.81252171898806
0.0139044943820225 6.95295653160984
0.014185393258427 7.09339192346453
0.0144662921348315 7.23382786080723
0.014747191011236 7.37426431246911
0.0150280898876405 7.51470124960923
0.0153089887640449 7.65513864550423
0.0155898876404494 7.79557647535545
0.0158707865168539 7.93601471612177
0.0161516853932584 8.07645334636532
0.0164325842696629 8.21689234611068
0.0167134831460674 8.35733169672876
0.0169943820224719 8.49777138081941
0.0172752808988764 8.63821138211785
0.0175561797752809 8.7786516853976
0.0178370786516854 8.91909227639098
0.0181179775280899 9.059533141717
0.0183988764044944 9.19997426881051
0.0186797752808989 9.3404156458621
0.0189606741573034 9.48085726176199
0.0192415730337079 9.62129910604962
0.0195224719101124 9.76174116886696
0.0198033707865169 9.9021834409164
0.0200842696629214 10.0426259134171
0.0203651685393258 10.1830685780746
0.0206460674157303 10.3235114270469
0.0209269662921348 10.4639544529107
0.0212078651685393 10.6043976486386
0.0214887640449438 10.7448410075688
0.0217696629213483 10.8852845233834
0.0220505617977528 11.0257281900857
0.0223314606741573 11.1661720019835
0.0226123595505618 11.3066159536651
0.0228932584269663 11.4470600399855
0.0231741573033708 11.5875042560488
0.0234550561797753 11.7279485971929
0.0237359550561798 11.8683930589769
0.0240168539325843 12.0088376371676
0.0242977528089888 12.1492823277301
0.0245786516853933 12.2897271268098
0.0248595505617978 12.430172030728
0.0251404494382022 12.5706170359704
0.0254213483146067 12.7110621391794
0.0257022471910112 12.8515073371427
0.0259831460674157 12.9919526267861
0.0262640449438202 13.1323980051692
0.0265449438202247 13.2728434694748
0.0268258426966292 13.4132890170036
0.0271067415730337 13.5537346451681
0.0273876404494382 13.6941803514875
0.0276685393258427 13.8346261335802
0.0279494382022472 13.9750719891633
0.0282303370786517 14.1155179160413
0.0285112359550562 14.2559639121087
0.0287921348314607 14.3964099753399
0.0290730337078652 14.5368561037872
0.0293539325842697 14.6773022955793
0.0296348314606742 14.8177485489145
0.0299157303370787 14.9581948620595
0.0301966292134832 15.098641233346
0.0304775280898876 15.2390876611645
0.0307584269662921 15.3795341439677
0.0310393258426966 15.5199806802618
0.0313202247191011 15.6604272686093
0.0316011235955056 15.8008739076196
0.0318820224719101 15.9413205959556
0.0321629213483146 16.0817673323244
0.0324438202247191 16.2222141154778
0.0327247191011236 16.3626609442105
0.0330056179775281 16.503107817361
0.0332865168539326 16.643554733803
0.0335674157303371 16.7840016924504
0.0338483146067416 16.9244486922516
0.0341292134831461 17.0648957321913
0.0344101123595506 17.2053428112862
0.0346910112359551 17.3457899285855
0.0349719101123596 17.4862370831686
0.035252808988764 17.6266842741441
0.0355337078651685 17.7671315006488
0.035814606741573 17.9075787618465
0.0360955056179775 18.0480260569274
0.036376404494382 18.1884733851072
0.0366573033707865 18.328920745624
0.036938202247191 18.4693681377406
0.0372191011235955 18.6098155607418
0.0375 18.7502630139331
0.0377808988764045 18.8907104966413
0.038061797752809 19.031158008213
0.0383426966292135 19.1716055480141
0.038623595505618 19.3120531154269
0.0389044943820225 19.4525007098563
0.039185393258427 19.5929483307187
0.0394662921348315 19.7333959774508
0.039747191011236 19.8738436495044
0.0400280898876405 20.0142913463463
0.0403089887640449 20.154739067458
0.0405898876404494 20.2951868123355
0.0408707865168539 20.4356345804892
0.0411516853932584 20.5760823714416
0.0414325842696629 20.7165301847303
0.0417134831460674 20.8569780199027
0.0419943820224719 20.9974258765201
0.0422752808988764 21.1378737541563
0.0425561797752809 21.2783216523933
0.0428370786516854 21.4187695708267
0.0431179775280899 21.5592175090618
0.0433988764044944 21.6996654667144
0.0436797752808989 21.8401134434089
0.0439606741573034 21.9805614387811
0.0442415730337079 22.1210094524741
0.0445224719101124 22.2614574841427
0.0448033707865169 22.4019055334477
0.0450842696629214 22.5423536000603
0.0453651685393258 22.682801683659
0.0456460674157303 22.8232497839287
0.0459269662921348 22.9636979005652
0.0462078651685393 23.1041460332689
0.0464887640449438 23.2445941817492
0.0467696629213483 23.3850423457218
0.0470505617977528 23.5254905249088
0.0473314606741573 23.6659387190395
0.0476123595505618 23.8063869278493
0.0478932584269663 23.9468351510805
0.0481741573033708 24.0872833884806
0.0484550561797753 24.2277316398028
0.0487359550561798 24.3681799048069
0.0490168539325843 24.5086281832568
0.0492977528089888 24.6490764749236
0.0495786516853933 24.7895247795826
0.0498595505617978 24.9299730970136
