0 921.38030395186
0.00357142857142857 915.002752931452
0.00505076272276105 911.720108634504
0.00618589574131742 908.498791209962
0.00714285714285714 905.293578275833
0.00798595706249925 902.09489964058
0.00874817765279707 898.899508385074
0.00944911182523068 895.70600174352
0.0101015254455221 892.513675253957
0.0107142857142857 889.322136504668
0.0112938487863156 886.131149637291
0.0118450885369836 882.940564378768
0.0123717914826348 879.750280459755
0.0128769688409428 876.560228417918
0.0133630620956212 873.370358612626
0.0138320833793122 870.180634626577
0.0142857142857143 866.991029138308
0.0147253772343488 863.801521249675
0.0151522881682832 860.612094703202
0.015567496226931 857.422736661829
0.0159719141249985 854.233436854421
0.0163663417676994 851.044186965225
0.0167514848565122 847.854980189729
0.0171279697261169 844.665810906302
0.0174963553055941 841.476674429882
0.0178571428571429 838.287566824745
0.0182107839771171 835.09848476046
0.0185576872239523 831.909425399843
0.0188982236504614 828.720386310904
0.0192327314540518 825.531365397011
0.0195615199108988 822.342360841014
0.0198848727243929 819.153371060179
0.0202030508910442 815.964394669571
0.0205162951662072 812.775430452092
0.0208248281958761 809.586477333805
0.0211288563682129 806.397534363485
0.0214285714285714 803.208600695582
0.0217241518939222 800.019675575942
0.0220157642963178 796.830758329783
0.0223035642799943 793.641848351521
0.0225876975726313 790.452945096123
0.0228683008479745 787.264048071724
0.0231455024943138 784.075156833294
0.0234194233010786 780.886270977201
0.0236901770739671 777.697390136498
0.0239578711874977 774.508513976855
0.0242226070825902 771.319642193011
0.024484480715718 768.13077450568
0.0247435829652697 764.941910658851
0.025 761.753050417406
0.0252538136138053 758.564193565038
0.0255051015305102 755.375339902403
0.0257539376818856 752.186489245488
0.0260003924617161 748.99764142417
0.0262445329583912 745.808796280924
0.0264864231681988 742.619953669683
0.0267261241912424 739.43111345481
0.0269636944116813 736.242275510187
0.0271991896637997 733.053439718394
0.027432663385245 729.86460596997
0.0276641667586244 726.675774162751
0.0278937488425238 723.486944201273
0.0281214566928993 720.298115996229
0.028347335475692 717.109289463984
0.0285714285714286 713.920464526129
0.0287937776724948 710.731641109079
0.0290144228736999 707.542819143708
0.0292334027566873 704.353998565021
0.0294507544686976 701.16517931184
0.029666513796136 697.976361326538
0.0298807152333598 694.787544554779
0.0300933920470584 691.598728945288
0.0303045763365663 688.409914449639
0.0305142990904198 685.221101022059
0.030722590239438 682.03228861925
0.0309294787065871 678.843477200221
0.031134992453862 675.65466672614
0.0313391585264004 672.465857160192
0.031542003094028 669.277048467451
0.0317435514904128 666.088240614756
0.031943828249997 662.899433570608
0.0321428571428571 659.710627305061
0.0323406612076336 656.521821789629
0.0325372627826582 653.333016997202
0.0327326835353989 650.144212901958
0.0329269444903317 646.955409479291
0.0331200660553418 643.76660670574
0.0333120680467458 640.577804558922
0.0335029697130245 637.389003017472
0.033692789757345 634.200202060985
0.0338815463589469 631.011401669961
0.0340692571934623 627.822601825761
0.0342559394522337 624.633802510552
0.0344416098606891 621.445003707272
0.0346262846958309 618.256205399582
0.0348099798028892 615.067407571832
0.0349927106111883 611.878610209024
0.0351744921492718 608.68981329678
0.0353553390593274 605.501016821306
0.0355352656109507 602.312220769368
0.0357142857142857 599.123425128259
0.0358924129325746 595.934629885777
0.0360696604941503 592.745835030197
0.0362460413039008 589.557040550252
0.0364215679542342 586.368246435104
0.03659625273557 583.179452674333
0.0367701076463821 579.990659257908
0.0369431444028164 576.801866176175
0.0371153744479045 573.613073419837
0.0372868089603948 570.424280979939
0.0374574588632197 567.23548884785
0.0376273348316169 564.046697015251
0.0377964473009227 560.857905474121
0.0379648064740523 557.669114216721
0.0381324223286833 554.480323235585
0.0382993046241557 551.291532523506
0.0384654629081036 548.102742073525
0.0386309065228285 544.913951878923
0.0387956446114293 541.725161933207
0.038959686123699 538.536372230102
0.0391230398217976 535.347582763544
0.0392857142857143 532.158793527667
0.0394477179185259 528.970004516799
0.0396090589514622 525.781215725452
0.0397697454487859 522.592427148316
0.0399297853124962 519.403638780248
0.0400891862868637 516.214850616272
0.0402479559628023 513.026062651567
0.0404061017820884 509.837274881462
0.0405636310414305 506.648487301431
0.0407205508963978 503.459699907088
0.0408768683652128 500.270912694181
0.0410325903324145 497.082125658587
0.0411877235523957 493.893338796305
0.0413422746528222 490.704552103457
0.0414962501379366 487.515765576276
0.0416496563917521 484.326979211108
0.0418024996811415 481.138193004406
0.041954786158824 477.949406952724
0.0421065218662557 474.760621052718
0.0422577127364258 471.571835301136
0.042408364596564 468.383049694821
0.0425584831707607 465.194264230704
0.042708074082505 462.005478905801
0.0428571428571429 458.816693717213
0.0430056949242582 455.627908662119
0.0431537356199806 452.439123737776
0.0433012701892219 449.250338941516
0.0434483037878444 446.061554270742
0.0435948414847632 442.872769722928
0.0437408882639853 439.683985295615
0.0438864490265875 436.495200986409
0.0440315285926355 433.306416792978
0.0441761317030464 430.117632713053
0.0443202630213959 426.928848744423
0.044463927135674 423.740064884933
0.0446071285599886 420.551281132484
0.0447498717362202 417.362497485032
0.0448921610356305 414.173713940582
0.0450340007604232 410.984930497192
0.0451753951452626 407.796147152965
0.0453163483587483 404.607363906056
0.0454568645048495 401.418580754661
0.0455969476242989 398.229797697022
0.0457366016959489 395.041014731425
0.0458758306380898 391.852231856196
0.0460146383097326 388.663449069702
0.0461530285118575 385.474666370348
0.0462910049886276 382.285883756579
0.0464285714285714 379.097101226876
0.0465657314657332 375.908318779755
0.0467024886807929 372.719536413766
0.0468388466021571 369.530754127496
0.0469748087070211 366.341971919561
0.0471103784224033 363.153189788612
0.0472455591261534 359.964407733328
0.0473803541479343 356.775625752419
0.0475147667701788 353.586843844626
0.0476488002290226 350.398062008715
0.047782457715213 347.209280243483
0.0479157423749955 344.02049854775
0.0480486573109775 340.831716920366
0.0481812055829716 337.642935360203
0.0483133902088167 334.45415386616
0.0484452141651805 331.265372437158
0.0485766803883409 328.076591072143
0.0487077917749495 324.887809770082
0.0488385511827762 321.699028529967
0.048968961431436 318.510247350808
0.0490990253030983 315.321466231637
0.0492287455431794 312.132685171508
0.0493581248610188 308.943904169493
0.0494871659305394 305.755123224685
0.0496158713908922 302.566342336193
0.0497442438470861 299.377561503147
0.0498722858706034 296.188780724695
0.05 293
