0.000127551020408163 0.127551020408555
0.00038265306122449 0.212585034013218
0.000637755102040816 0.331632653060906
0.000892857142857143 0.455539358600263
0.00114795918367347 0.581065759636248
0.0014030612244898 0.707328385899636
0.00165816326530612 0.833987441130049
0.00191326530612245 0.960884353740585
0.00216836734693878 1.0879351740684
0.0024234693877551 1.21509129967591
0.00267857142857143 1.34232264334155
0.00293367346938776 1.46960958296278
0.00318877551020408 1.59693877550967
0.00344387755102041 1.72430083144303
0.00369897959183673 1.85168895144233
0.00395408163265306 1.97909809084942
0.00420918367346939 2.10652442795244
0.00446428571428571 2.23396501457673
0.00471938775510204 2.36141753998827
0.00497448979591837 2.48888016745117
0.00522959183673469 2.6163514186152
0.00548469387755102 2.74383009017517
0.00573979591836735 2.87131519274401
0.00599489795918367 2.9988059053404
0.00625 3.12630154102413
0.00650510204081633 3.25380152060705
0.00676020408163265 3.38130535232873
0.00701530612244898 3.50881261595534
0.00727040816326531 3.63632295023266
0.00752551020408163 3.76383604289247
0.00778061224489796 3.89135162261713
0.00803571428571428 4.0188694525451
0.00829081632653061 4.14638932496301
0.00854591836734694 4.27391105696191
0.00880102040816327 4.40143448683893
0.00905612244897959 4.52895947111327
0.00931122448979592 4.65648588202475
0.00956632653061225 4.78401360544318
0.00982142857142857 4.91154253909306
0.0100765306122449 5.03907259106138
0.0103316326530612 5.16660367850747
0.0105867346938776 5.29413572657872
0.0108418367346939 5.42166866746642
0.0110969387755102 5.54920243959565
0.0113520408163265 5.67673698692884
0.0116071428571429 5.80427225835396
0.0118622448979592 5.93180820715438
0.0121173469387755 6.05934479054805
0.0123724489795918 6.18688196928266
0.0126275510204082 6.31441970727668
0.0128826530612245 6.44195797130716
0.0131377551020408 6.56949673073118
0.0133928571428571 6.69703595723983
0.0136479591836735 6.82457562464329
0.0139030612244898 6.95211570866907
0.0141581632653061 7.07965618679972
0.0144132653061224 7.20719703810802
0.0146683673469388 7.33473824312448
0.0149234693877551 7.46227978370913
0.0151785714285714 7.58982164294367
0.0154336734693878 7.71736380502675
0.0156887755102041 7.84490625518612
0.0159438775510204 7.9724489795934
0.0161989795918367 8.09999196529165
0.0164540816326531 8.22753520012798
0.0167091836734694 8.35507867269212
0.0169642857142857 8.48262237225767
0.017219387755102 8.61016628873784
0.0174744897959184 8.73771041263177
0.0177295918367347 8.86525473498663
0.017984693877551 8.99279924735767
0.0182397959183674 9.12034394177269
0.0184948979591837 9.24788881069761
0.01875 9.37543384700869
0.0190051020408163 9.5029790439672
0.0192602040816327 9.63052439518919
0.019515306122449 9.75806989462492
0.0197704081632653 9.88561553653826
0.0200255102040816 10.0131613154824
0.020280612244898 10.1407072262874
0.0205357142857143 10.2682532640391
0.0207908163265306 10.3957994240663
0.0210459183673469 10.5233457019194
0.0213010204081633 10.6508920933661
0.0215561224489796 10.7784385943743
0.0218112244897959 10.9059852011003
0.0220663265306122 11.0335319098756
0.0223214285714286 11.1610787172032
0.0225765306122449 11.2886256197412
0.0228316326530612 11.416172614298
0.0230867346938776 11.5437196978239
0.0233418367346939 11.6712668674034
0.0235969387755102 11.7988141202435
0.0238520408163265 11.9263614536723
0.0241071428571429 12.053908865134
0.0243622448979592 12.1814563521753
0.0246173469387755 12.3090039124469
0.0248724489795918 12.4365515436948
0.0251275510204082 12.5640992437592
0.0253826530612245 12.6916470105639
0.0256377551020408 12.8191948421171
0.0258928571428571 12.9467427365047
0.0261479591836735 13.0742906918875
0.0264030612244898 13.2018387064982
0.0266581632653061 13.3293867786359
0.0269132653061225 13.4569349066657
0.0271683673469388 13.5844830890113
0.0274234693877551 13.7120313241587
0.0276785714285714 13.8395796106472
0.0279336734693878 13.9671279470702
0.0281887755102041 14.0946763320725
0.0284438775510204 14.2222247643466
0.0286989795918367 14.3497732426318
0.0289540816326531 14.4773217657124
0.0292091836734694 14.6048703324138
0.0294642857142857 14.732418941604
0.029719387755102 14.8599675921891
0.0299744897959184 14.9875162831105
0.0302295918367347 15.1150650133495
0.030484693877551 15.2426137819172
0.0307397959183673 15.3701625878594
0.0309948979591837 15.497711430255
0.03125 15.6252603082086
0.0315051020408163 15.7528092208584
0.0317602040816327 15.8803581673669
0.032015306122449 16.0079071469259
0.0322704081632653 16.1354561587514
0.0325255102040816 16.2630052020832
0.032780612244898 16.3905542761878
0.0330357142857143 16.5181033803507
0.0332908163265306 16.6456525138822
0.0335459183673469 16.773201676111
0.0338010204081633 16.9007508663873
0.0340561224489796 17.0283000840815
0.0343112244897959 17.1558493285826
0.0345663265306122 17.2833985992966
0.0348214285714286 17.4109478956466
0.0350765306122449 17.5384972170736
0.0353316326530612 17.6660465630346
0.0355867346938776 17.7935959330015
0.0358418367346939 17.9211453264629
0.0360969387755102 18.0486947429207
0.0363520408163265 18.176244181889
0.0366071428571429 18.3037936428978
0.0368622448979592 18.4313431254914
0.0371173469387755 18.5588926292222
0.0373724489795918 18.686442153659
0.0376275510204082 18.8139916983802
0.0378826530612245 18.9415412629755
0.0381377551020408 19.0690908470469
0.0383928571428571 19.1966404502058
0.0386479591836735 19.3241900720739
0.0389030612244898 19.4517397122844
0.0391581632653061 19.5792893704776
0.0394132653061224 19.7068390463042
0.0396683673469388 19.8343887394253
0.0399234693877551 19.961938449508
0.0401785714285714 20.0894881762294
0.0404336734693878 20.2170379192753
0.0406887755102041 20.3445876783381
0.0409438775510204 20.4721374531187
0.0411989795918367 20.5996872433246
0.0414540816326531 20.7272370486725
0.0417091836734694 20.8547868688826
0.0419642857142857 20.9823367036855
0.042219387755102 21.1098865528155
0.0424744897959184 21.2374364160149
0.0427295918367347 21.364986293032
0.042984693877551 21.4925361836198
0.0432397959183674 21.6200860875388
0.0434948979591837 21.7476360045558
0.04375 21.8751859344397
0.0440051020408163 22.0027358769676
0.0442602040816327 22.1302858319202
0.044515306122449 22.2578357990845
0.0447704081632653 22.3853857782514
0.0450255102040816 22.5129357692165
0.045280612244898 22.6404857717817
0.0455357142857143 22.7680357857509
0.0457908163265306 22.8955858109337
0.0460459183673469 23.0231358471445
0.0463010204081633 23.1506858942003
0.0465561224489796 23.2782359519232
0.0468112244897959 23.4057860201386
0.0470663265306123 23.5333360986755
0.0473214285714286 23.6608861873675
0.0475765306122449 23.788436286051
0.0478316326530612 23.9159863945663
0.0480867346938776 24.0435365127565
0.0483418367346939 24.1710866404689
0.0485969387755102 24.2986367775534
0.0488520408163265 24.4261869238635
0.0491071428571429 24.5537370792552
0.0493622448979592 24.6812872435875
0.0496173469387755 24.8088374167228
0.0498724489795918 24.9363875985257
