0.00559016994374947 5.59016994374947
0.0134958640941704 6.94657262001443
0.0175881525159395 8.88382107548795
0.0208627982530175 10.4851706538628
0.023680339887499 11.8769410125094
0.0261930639376292 13.1237033139207
0.0284832633953782 14.2627617615585
0.0306015877585909 15.3178326463928
0.0325818981320903 16.305066016911
0.0344481793609121 17.2360342698901
0.0362181657474029 18.1193604495848
0.0379054129487763 18.9616718058523
0.0395205611017835 19.7681909927323
0.0410721450340983 20.5431199003489
0.0425671357579629 21.2898985065134
0.0440113148696089 22.0113850919949
0.0454095409182301 22.7099851517327
0.0467659435944951 23.387745781072
0.0480840683132853 24.0464261981039
0.0493669858620224 24.6875513811261
