1.25e-05 0.0124999999979991
3.75e-05 0.0208333333375776
6.25e-05 0.0325000000066211
8.75e-05 0.0446428571422075
0.0001125 0.0569444444454348
0.0001375 0.0693181818132871
0.0001625 0.0817307692295799
0.0001875 0.0941666666676611
0.0002125 0.106617647047642
0.0002375 0.119078947359412
0.0002625 0.131547619043886
0.0002875 0.144021739133677
0.0003125 0.15650000000278
0.0003375 0.16898148148357
0.0003625 0.181465517243851
0.0003875 0.193951612914134
0.0004125 0.206439393964501
0.0004375 0.218928571448487
0.0004625 0.231418918942836
0.0004875 0.243910256435811
0.0005125 0.256402439035809
0.0005375 0.268895348858678
0.0005625 0.281388888893162
0.0005875 0.293882978721739
0.0006125 0.306377551023615
0.0006375 0.318872549023583
0.0006625 0.331367924536607
0.0006875 0.343863636376226
0.0007125 0.356359649135812
0.0007375 0.368855932215411
0.0007625 0.381352459030494
0.0007875 0.393849206375308
0.0008125 0.406346153863523
0.0008375 0.418843283596289
0.0008625 0.431340579721108
0.0008875 0.443838028168105
0.0009125 0.456335616445357
0.0009375 0.468833333347903
0.0009625 0.481331168839459
0.0009875 0.493829113934226
0.0010125 0.50632716050586
0.0010375 0.518825301232936
0.0010625 0.531323529444311
0.0010875 0.543821839110022
0.0011125 0.556320224750383
0.0011375 0.568818681354058
0.0011625 0.581317204332662
0.0011875 0.59381578950706
0.0012125 0.606314433025544
0.0012375 0.618813131345631
0.0012625 0.63131188122043
0.0012875 0.643810679644052
0.0013125 0.656309523847083
0.0013375 0.668808411246571
0.0013625 0.681307339477824
0.0013875 0.693806306339864
0.0014125 0.706305309772692
0.0014375 0.718804347852709
0.0014625 0.731303418829161
0.0014875 0.743802521033102
0.0015125 0.756301652922955
0.0015375 0.768800813043524
0.0015625 0.781300000039669
0.0015875 0.793799212628981
0.0016125 0.806298449647327
0.0016375 0.818797709971475
0.0016625 0.831296992532768
0.0016875 0.843796296344413
0.0017125 0.856295620483249
0.0017375 0.868794964057995
0.0017625 0.881294326259207
0.0017875 0.893793706322865
0.0018125 0.906293103466849
0.0018375 0.918792517022664
0.0018625 0.931291946335483
0.0018875 0.943791390764088
0.0019125 0.956290849694594
0.0019375 0.968790322604034
0.0019625 0.981289808923973
0.0019875 0.993789308199672
0.0020125 1.0062888198945
0.0020375 1.01878834358104
0.0020625 1.03128787880906
0.0020875 1.04378742516927
0.0021125 1.05628698227066
0.0021375 1.06878654971752
0.0021625 1.08128612717793
0.0021875 1.0937857142926
0.0022125 1.10628531074327
0.0022375 1.11878491621611
0.0022625 1.13128453039279
0.0022875 1.14378415301417
0.0023125 1.15628378378914
0.0023375 1.1687834224631
0.0023625 1.18128306878587
0.0023875 1.19378272252562
0.0024125 1.20628238342761
0.0024375 1.21878205129177
0.0024625 1.23128172590442
0.0024875 1.24378140704265
0.0025125 1.25628109454284
0.0025375 1.26878078820028
0.0025625 1.28128048782401
0.0025875 1.29378019325487
0.0026125 1.30627990432912
0.0026375 1.31877962086947
0.0026625 1.33127934273942
0.0026875 1.34377906978444
0.0027125 1.35627880185894
0.0027375 1.3687785388265
0.0027625 1.38127828055986
0.0027875 1.39377802691796
0.0028125 1.40627777779628
0.0028375 1.4187775330629
0.0028625 1.43127729259957
0.0028875 1.44377705629723
0.0029125 1.45627682406483
0.0029375 1.46877659577516
0.0029625 1.48127637134165
0.0029875 1.49377615066443
0.0030125 1.50627593365244
0.0030375 1.51877572021474
0.0030625 1.53127551025137
0.0030875 1.54377530368945
0.0031125 1.55627510044725
0.0031375 1.56877490045646
0.0031625 1.58127470361704
0.0031875 1.59377450986995
0.0032125 1.6062743191287
0.0032375 1.61877413133426
0.0032625 1.63127394642289
0.0032875 1.64377376431274
0.0033125 1.65627358495841
0.0033375 1.66877340828703
0.0033625 1.68127323423961
0.0033875 1.69377306276602
0.0034125 1.70627289379807
0.0034375 1.71877272728581
0.0034625 1.73127256319274
0.0034875 1.74377240144623
0.0035125 1.75627224200984
0.0035375 1.76877208482894
0.0035625 1.78127192984446
0.0035875 1.79377177703374
0.0036125 1.80627162632392
0.0036375 1.81877147766952
0.0036625 1.83127133107065
0.0036875 1.84377118645441
0.0037125 1.85627104378001
0.0037375 1.86877090301551
0.0037625 1.88127076411545
0.0037875 1.89377062705263
0.0038125 1.90627049180419
0.0038375 1.91877035831568
0.0038625 1.93127022653699
0.0038875 1.94377009647267
0.0039125 1.95626996806821
0.0039375 1.96876984129632
0.0039625 1.98126971611147
0.0039875 1.99376959248185
0.0040125 2.00626947042111
0.0040375 2.01876934986552
0.0040625 2.03126923079709
0.0040875 2.04376911316559
0.0041125 2.05626899697564
0.0041375 2.06876888220451
0.0041625 2.08126876878845
0.0041875 2.09376865672767
0.0042125 2.10626854599469
0.0042375 2.11876843657139
0.0042625 2.13126832844411
0.0042875 2.14376822157193
0.0043125 2.15626811594576
0.0043375 2.16876801153377
0.0043625 2.18126790830867
0.0043875 2.19376780626583
0.0044125 2.20626770537821
0.0044375 2.21876760563647
0.0044625 2.23126750701341
0.0044875 2.24376740948175
0.0045125 2.25626731301866
0.0045375 2.26876721762439
0.0045625 2.28126712328959
0.0045875 2.29376702997344
0.0046125 2.30626693766227
0.0046375 2.31876684636056
0.0046625 2.33126675603673
0.0046875 2.34376666667687
0.0047125 2.35626657827198
0.0047375 2.36876649078106
0.0047625 2.38126640422253
0.0047875 2.39376631856887
0.0048125 2.40626623380651
0.0048375 2.41876614991271
0.0048625 2.4312660668874
0.0048875 2.44376598470355
0.0049125 2.45626590335634
0.0049375 2.46876582282768
0.0049625 2.48126574311301
0.0049875 2.49376566419862
0.0050125 2.50626558607111
0.0050375 2.51876550872113
0.0050625 2.53126543213513
0.0050875 2.54376535629491
0.0051125 2.55626528120958
0.0051375 2.56876520684729
0.0051625 2.58126513319896
0.0051875 2.59376506027367
0.0052125 2.60626498804406
0.0052375 2.61876491650129
0.0052625 2.63126484563601
0.0052875 2.64376477544376
0.0053125 2.65626470591544
0.0053375 2.66876463703731
0.0053625 2.68126456879146
0.0053875 2.69376450117763
0.0054125 2.70626443420498
0.0054375 2.71876436783716
0.0054625 2.73126430209224
0.0054875 2.74376423692049
0.0055125 2.75626417234891
0.0055375 2.76876410836396
0.0055625 2.78126404495653
0.0055875 2.79376398212199
0.0056125 2.80626391983789
0.0056375 2.81876385810849
0.0056625 2.83126379692478
0.0056875 2.84376373628222
0.0057125 2.85626367617616
0.0057375 2.86876361657507
0.0057625 2.88126355750139
0.0057875 2.89376349893248
0.0058125 2.90626344087288
0.0058375 2.91876338331341
0.0058625 2.93126332624082
0.0058875 2.94376326964995
0.0059125 2.95626321355032
0.0059375 2.96876315790988
0.0059625 2.98126310274713
0.0059875 2.99376304803447
0.0060125 3.00626299379475
0.0060375 3.01876293999614
0.0060625 3.03126288663398
0.0060875 3.04376283371768
0.0061125 3.05626278123329
0.0061375 3.06876272917636
0.0061625 3.08126267754235
0.0061875 3.0937626263175
0.0062125 3.10626257551578
0.0062375 3.11876252512322
0.0062625 3.13126247511265
0.0062875 3.14376242550226
0.0063125 3.15626237630104
0.0063375 3.16876232748202
0.0063625 3.18126227904033
0.0063875 3.19376223098063
0.0064125 3.20626218329837
0.0064375 3.21876213598434
0.0064625 3.23126208904798
0.0064875 3.24376204246621
0.0065125 3.25626199624823
0.0065375 3.26876195038041
0.0065625 3.28126190485809
0.0065875 3.29376185967251
0.0066125 3.30626181482787
0.0066375 3.31876177033339
0.0066625 3.33126172616178
0.0066875 3.34376168232656
0.0067125 3.35626163882355
0.0067375 3.36876159562964
0.0067625 3.38126155275406
0.0067875 3.3937615101968
0.0068125 3.40626146796684
0.0068375 3.41876142602816
0.0068625 3.43126138440768
0.0068875 3.44376134308279
0.0069125 3.45626130206258
0.0069375 3.46876126132419
0.0069625 3.48126122089072
0.0069875 3.49376118075272
0.0070125 3.50626114089666
0.0070375 3.51876110131812
0.0070625 3.53126106203492
0.0070875 3.54376102301105
0.0071125 3.55626098426912
0.0071375 3.56876094579992
0.0071625 3.58126090759017
0.0071875 3.5937608696486
0.0072125 3.60626083197533
0.0072375 3.6187607945749
0.0072625 3.63126075741082
0.0072875 3.6437607205062
0.0073125 3.65626068384702
0.0073375 3.66876064745159
0.0073625 3.68126061128808
0.0073875 3.69376057538364
0.0074125 3.70626053971139
0.0074375 3.71876050427547
0.0074625 3.73126046908058
0.0074875 3.74376043413124
0.0075125 3.75626039940915
0.0075375 3.76876036491924
0.0075625 3.78126033065657
0.0075875 3.79376029662128
0.0076125 3.80626026280427
0.0076375 3.8187602292054
0.0076625 3.83126019582962
0.0076875 3.84376016267654
0.0077125 3.85626012973719
0.0077375 3.86876009700247
0.0077625 3.881260064495
0.0077875 3.89376003218333
0.0078125 3.90626000007162
0.0078375 3.91875996817351
0.0078625 3.93125993647589
0.0078875 3.94375990498236
0.0079125 3.95625987368947
0.0079375 3.96875984259157
0.0079625 3.98125981168039
0.0079875 3.99375978098322
0.0080125 4.00625975046739
0.0080375 4.01875972013857
0.0080625 4.03125969000473
0.0080875 4.04375966004397
0.0081125 4.05625963027904
0.0081375 4.06875960068635
0.0081625 4.08125957127612
0.0081875 4.09375954204267
0.0082125 4.10625951299596
0.0082375 4.11875948413598
0.0082625 4.13125945543458
0.0082875 4.14375942690657
0.0083125 4.15625939855988
0.0083375 4.16875937038173
0.0083625 4.18125934237213
0.0083875 4.19375931452566
0.0084125 4.20625928683438
0.0084375 4.21875925931078
0.0084625 4.23125923195573
0.0084875 4.24375920476467
0.0085125 4.25625917773674
0.0085375 4.26875915085947
0.0085625 4.28125912415896
0.0085875 4.29375909758636
0.0086125 4.30625907116354
0.0086375 4.31875904492232
0.0086625 4.33125901881327
0.0086875 4.34375899285914
0.0087125 4.35625896704993
0.0087375 4.36875894139593
0.0087625 4.38125891588685
0.0087875 4.39375889050994
0.0088125 4.40625886529706
0.0088375 4.41875884021543
0.0088625 4.4312588152754
0.0088875 4.4437587904939
0.0089125 4.4562587658355
0.0089375 4.46875874131383
0.0089625 4.48125871693252
0.0089875 4.49375869268824
0.0090125 4.50625866857977
0.0090375 4.51875864459895
0.0090625 4.53125862075031
0.0090875 4.54375859703746
0.0091125 4.55625857346168
0.0091375 4.5687585499944
0.0091625 4.58125852667295
0.0091875 4.59375850346551
0.0092125 4.60625848038022
0.0092375 4.61875845742744
0.0092625 4.63125843460135
0.0092875 4.64375841189381
0.0093125 4.65625838931392
0.0093375 4.66875836684708
0.0093625 4.68125834450789
0.0093875 4.69375832228271
0.0094125 4.70625830017966
0.0094375 4.71875827820005
0.0094625 4.73125825633347
0.0094875 4.7437582345809
0.0095125 4.7562582129378
0.0095375 4.76875819142137
0.0095625 4.7812581700011
0.0095875 4.79375814870295
0.0096125 4.80625812749608
0.0096375 4.81875810641688
0.0096625 4.83125808545069
0.0096875 4.84375806457157
0.0097125 4.85625804382366
0.0097375 4.86875802317158
0.0097625 4.88125800261989
0.0097875 4.89375798218575
0.0098125 4.90625796185233
0.0098375 4.91875794161828
0.0098625 4.93125792148462
0.0098875 4.94375790145588
0.0099125 4.95625788153106
0.0099375 4.96875786169787
0.0099625 4.98125784198223
0.0099875 4.99375782234424
0.0100125 5.00625780282028
0.0100375 5.01875778338203
0.0100625 5.03125776404452
0.0100875 5.04375774480181
0.0101125 5.05625772565494
0.0101375 5.06875770659028
0.0101625 5.08125768763441
0.0101875 5.09375766876914
0.0102125 5.10625764999552
0.0102375 5.11875763131215
0.0102625 5.13125761272043
0.0102875 5.14375759421895
0.0103125 5.15625757581787
0.0103375 5.168757557499
0.0103625 5.18125753927492
0.0103875 5.19375752112886
0.0104125 5.20625750306393
0.0104375 5.21875748509031
0.0104625 5.23125746720346
0.0104875 5.24375744939319
0.0105125 5.25625743169279
0.0105375 5.26875741405987
0.0105625 5.28125739650917
0.0105875 5.29375737905888
0.0106125 5.30625736166242
0.0106375 5.3187573443713
0.0106625 5.33125732715219
0.0106875 5.34375731001076
0.0107125 5.35625729295611
0.0107375 5.36875727596437
0.0107625 5.38125725906888
0.0107875 5.3937572422545
0.0108125 5.40625722550415
0.0108375 5.41875720884058
0.0108625 5.43125719224447
0.0108875 5.44375717573552
0.0109125 5.45625715928948
0.0109375 5.46875714293022
0.0109625 5.48125712663954
0.0109875 5.49375711041632
0.0110125 5.50625709428936
0.0110375 5.51875707821621
0.0110625 5.53125706222074
0.0110875 5.54375704629842
0.0111125 5.55625703045264
0.0111375 5.56875701467129
0.0111625 5.58125699896193
0.0111875 5.59375698332117
0.0112125 5.60625696775355
0.0112375 5.61875695225792
0.0112625 5.63125693682219
0.0112875 5.64375692145388
0.0113125 5.65625690616782
0.0113375 5.66875689093672
0.0113625 5.6812568757776
0.0113875 5.69375686068293
0.0114125 5.70625684566023
0.0114375 5.71875683069704
0.0114625 5.73125681580246
0.0114875 5.7437568009662
0.0115125 5.75625678620805
0.0115375 5.76875677150821
0.0115625 5.78125675687244
0.0115875 5.79375674229619
0.0116125 5.80625672777825
0.0116375 5.81875671333388
0.0116625 5.83125669895236
0.0116875 5.84375668461673
0.0117125 5.85625667035011
0.0117375 5.86875665614554
0.0117625 5.8812566419918
0.0117875 5.89375662790668
0.0118125 5.90625661388441
0.0118375 5.91875659991298
0.0118625 5.9312565859953
0.0118875 5.94375657215079
0.0119125 5.95625655835217
0.0119375 5.96875654462548
0.0119625 5.98125653094964
0.0119875 5.99375651733663
0.0120125 6.00625650376952
0.0120375 6.01875649025739
0.0120625 6.03125647682174
0.0120875 6.0437564634233
0.0121125 6.05625645008314
0.0121375 6.06875643679797
0.0121625 6.08125642356779
0.0121875 6.09375641038678
0.0122125 6.1062563972612
0.0122375 6.11875638419843
0.0122625 6.13125637117701
0.0122875 6.14375635821059
0.0123125 6.15625634530698
0.0123375 6.1687563324497
0.0123625 6.18125631964158
0.0123875 6.19375630688392
0.0124125 6.20625629418126
0.0124375 6.2187562815323
0.0124625 6.23125626893878
0.0124875 6.24375625638532
0.0125125 6.25625624388686
0.0125375 6.2687562314434
0.0125625 6.28125621904456
0.0125875 6.29375620668751
0.0126125 6.30625619438415
0.0126375 6.31875618212216
0.0126625 6.33125616992428
0.0126875 6.34375615776189
0.0127125 6.35625614565496
0.0127375 6.36875613357897
0.0127625 6.381256121558
0.0127875 6.39375610958294
0.0128125 6.40625609766157
0.0128375 6.41875608578656
0.0128625 6.43125607396978
0.0128875 6.44375606219437
0.0129125 6.45625605046488
0.0129375 6.46875603875723
0.0129625 6.48125602710506
0.0129875 6.49375601550655
0.0130125 6.50625600395851
0.0130375 6.51875599244731
0.0130625 6.53125598098522
0.0130875 6.54375596956497
0.0131125 6.55625595817564
0.0131375 6.56875594684133
0.0131625 6.58125593553932
0.0131875 6.59375592429096
0.0132125 6.60625591307534
0.0132375 6.61875590191338
0.0132625 6.63125589079736
0.0132875 6.64375587970908
0.0133125 6.65625586866535
0.0133375 6.66875585766347
0.0133625 6.68125584669705
0.0133875 6.69375583577202
0.0134125 6.70625582488838
0.0134375 6.71875581404928
0.0134625 6.73125580325204
0.0134875 6.7437557924948
0.0135125 6.7562557817744
0.0135375 6.76875577109541
0.0135625 6.78125576045639
0.0135875 6.79375574985925
0.0136125 6.80625573930664
0.0136375 6.81875572877724
0.0136625 6.83125571830288
0.0136875 6.84375570785486
0.0137125 6.85625569745781
0.0137375 6.86875568709164
0.0137625 6.88125567676687
0.0137875 6.89375566646077
0.0138125 6.90625565621738
0.0138375 6.91875564599769
0.0138625 6.93125563582251
0.0138875 6.94375562567964
0.0139125 6.95625561557819
0.0139375 6.96875560549395
0.0139625 6.98125559546071
0.0139875 6.99375558545833
0.0140125 7.00625557549736
0.0140375 7.01875556557781
0.0140625 7.03125555568099
0.0140875 7.04375554582364
0.0141125 7.05625553600413
0.0141375 7.06875552621548
0.0141625 7.0812555164546
0.0141875 7.09375550672604
0.0142125 7.10625549704653
0.0142375 7.11875548739528
0.0142625 7.13125547777943
0.0142875 7.14375546819135
0.0143125 7.15625545864015
0.0143375 7.16875544911525
0.0143625 7.18125543962771
0.0143875 7.19375543018011
0.0144125 7.20625542076029
0.0144375 7.21875541136371
0.0144625 7.2312554020207
0.0144875 7.24375539270597
0.0145125 7.25625538341298
0.0145375 7.26875537415232
0.0145625 7.28125536492401
0.0145875 7.2937553557356
0.0146125 7.30625534657095
0.0146375 7.31875533744166
0.0146625 7.33125532835381
0.0146875 7.3437553192892
0.0147125 7.35625531025541
0.0147375 7.36875530124992
0.0147625 7.38125529226615
0.0147875 7.39375528332381
0.0148125 7.40625527440928
0.0148375 7.41875526553464
0.0148625 7.43125525667923
0.0148875 7.44375524785916
0.0149125 7.45625523905325
0.0149375 7.46875523028424
0.0149625 7.48125522155057
0.0149875 7.49375521283158
0.0150125 7.50625520414793
0.0150375 7.51875519548754
0.0150625 7.5312551868686
0.0150875 7.54375517827135
0.0151125 7.55625516970698
0.0151375 7.5687551611643
0.0151625 7.58125515264033
0.0151875 7.59375514415327
0.0152125 7.60625513571064
0.0152375 7.61875512727815
0.0152625 7.63125511888553
0.0152875 7.64375511050708
0.0153125 7.65625510217009
0.0153375 7.66875509384568
0.0153625 7.68125508554962
0.0153875 7.69375507729342
0.0154125 7.70625506904231
0.0154375 7.71875506084175
0.0154625 7.73125505267649
0.0154875 7.74375504452141
0.0155125 7.75625503638799
0.0155375 7.76875502829149
0.0155625 7.78125502020916
0.0155875 7.79375501215305
0.0156125 7.8062550041253
0.0156375 7.81875499613739
0.0156625 7.83125498815457
0.0156875 7.84375498020359
0.0157125 7.85625497228552
0.0157375 7.86875496438347
0.0157625 7.88125495650525
0.0157875 7.89375494865431
0.0158125 7.90625494083065
0.0158375 7.91875493303083
0.0158625 7.93125492526065
0.0158875 7.9437549175052
0.0159125 7.95625490978614
0.0159375 7.96875490207617
0.0159625 7.98125489440369
0.0159875 7.99375488674718
0.0160125 8.00625487912361
0.0160375 8.01875487150914
0.0160625 8.0312548639356
0.0160875 8.04375485639046
0.0161125 8.05625484884763
0.0161375 8.06875484133775
0.0161625 8.08125483385515
0.0161875 8.09375482638165
0.0162125 8.10625481893201
0.0162375 8.11875481152105
0.0162625 8.13125480411576
0.0162875 8.14375479674231
0.0163125 8.15625478938704
0.0163375 8.16875478205565
0.0163625 8.18125477476291
0.0163875 8.19375476748041
0.0164125 8.20625476021609
0.0164375 8.21875475297906
0.0164625 8.23125474576591
0.0164875 8.24375473856866
0.0165125 8.2562547313862
0.0165375 8.26875472424012
0.0165625 8.28125471711222
0.0165875 8.29375471001732
0.0166125 8.3062547029201
0.0166375 8.31875469585133
0.0166625 8.33125468881439
0.0166875 8.34375468178654
0.0167125 8.35625467478259
0.0167375 8.36875466779451
0.0167625 8.38125466083487
0.0167875 8.39375465389343
0.0168125 8.40625464697472
0.0168375 8.41875464007537
0.0168625 8.43125463319187
0.0168875 8.44375462633683
0.0169125 8.45625461949997
0.0169375 8.46875461268586
0.0169625 8.48125460588656
0.0169875 8.49375459910764
0.0170125 8.50625459235265
0.0170375 8.51875458560674
0.0170625 8.53125457889722
0.0170875 8.54375457219797
0.0171125 8.55625456551909
0.0171375 8.56875455885959
0.0171625 8.58125455221828
0.0171875 8.5937545456009
0.0172125 8.60625453899932
0.0172375 8.61875453241832
0.0172625 8.63125452585767
0.0172875 8.64375451931185
0.0173125 8.65625451278422
0.0173375 8.66875450627024
0.0173625 8.6812544997802
0.0173875 8.69375449331503
0.0174125 8.70625448686926
0.0174375 8.71875448042349
0.0174625 8.7312544740141
0.0174875 8.74375446761956
0.0175125 8.75625446124534
0.0175375 8.76875445489052
0.0175625 8.78125444854934
0.0175875 8.7937544422218
0.0176125 8.80625443591368
0.0176375 8.81875442963039
0.0176625 8.83125442335288
0.0176875 8.8437544170981
0.0177125 8.85625441085697
0.0177375 8.86875440464889
0.0177625 8.88125439845655
0.0177875 8.89375439226998
0.0178125 8.9062543861107
0.0178375 8.91875437996507
0.0178625 8.93125437383886
0.0178875 8.94375436773291
0.0179125 8.95625436163274
0.0179375 8.96875435555987
0.0179625 8.98125434949608
0.0179875 8.99375434344264
0.0180125 9.00625433741399
0.0180375 9.01875433139113
0.0180625 9.03125432540466
0.0180875 9.04375431942273
0.0181125 9.05625431346025
0.0181375 9.06875430750889
0.0181625 9.08125430158153
0.0181875 9.09375429567237
0.0182125 9.10625428977229
0.0182375 9.11875428389622
0.0182625 9.13125427802671
0.0182875 9.14375427217666
0.0183125 9.15625426635389
0.0183375 9.16875426054022
0.0183625 9.18125425473237
0.0183875 9.19375424894925
0.0184125 9.20625424317651
0.0184375 9.2187542374265
0.0184625 9.23125423168104
0.0184875 9.24375422596415
0.0185125 9.25625422024924
0.0185375 9.26875421456289
0.0185625 9.28125420888565
0.0185875 9.29375420322659
0.0186125 9.30625419758246
0.0186375 9.3187541919494
0.0186625 9.33125418633581
0.0186875 9.34375418073133
0.0187125 9.35625417514957
0.0187375 9.36875416957692
0.0187625 9.38125416402375
0.0187875 9.39375415849072
0.0188125 9.40625415296354
0.0188375 9.41875414745
0.0188625 9.43125414195465
0.0188875 9.44375413646516
0.0189125 9.45625413100033
0.0189375 9.46875412555046
0.0189625 9.48125412010968
0.0189875 9.49375411468709
0.0190125 9.50625410928401
0.0190375 9.51875410387829
0.0190625 9.53125409850118
0.0190875 9.54375409313316
0.0191125 9.55625408777878
0.0191375 9.56875408244392
0.0191625 9.5812540771155
0.0191875 9.59375407180205
0.0192125 9.60625406651133
0.0192375 9.61875406122062
0.0192625 9.63125405594489
0.0192875 9.64375405068922
0.0193125 9.65625404544853
0.0193375 9.66875404021693
0.0193625 9.68125403499898
0.0193875 9.69375402978692
0.0194125 9.70625402459945
0.0194375 9.71875401942697
0.0194625 9.73125401425904
0.0194875 9.74375400911385
0.0195125 9.75625400397456
0.0195375 9.76875399885075
0.0195625 9.78125399374193
0.0195875 9.79375398865131
0.0196125 9.80625398356069
0.0196375 9.81875397848961
0.0196625 9.831253973434
0.0196875 9.8437539683934
0.0197125 9.85625396335735
0.0197375 9.86875395833948
0.0197625 9.88125395332299
0.0197875 9.89375394832649
0.0198125 9.90625394334046
0.0198375 9.91875393836807
0.0198625 9.93125393341842
0.0198875 9.94375392847014
0.0199125 9.9562539235373
0.0199375 9.96875391861039
0.0199625 9.98125391370166
0.0199875 9.99375390880658
0.0200125 10.0062539039311
0.0200375 10.0187538990755
0.0200625 10.0312538942123
0.0200875 10.0437538893672
0.0201125 10.0562538845267
0.0201375 10.0687538797058
0.0201625 10.0812538748912
0.0201875 10.0937538700961
0.0202125 10.1062538653147
0.0202375 10.1187538605333
0.0202625 10.1312538557806
0.0202875 10.1437538510297
0.0203125 10.1562538462906
0.0203375 10.1687538415578
0.0203625 10.1812538368401
0.0203875 10.1937538321405
0.0204125 10.2062538274515
0.0204375 10.2187538227642
0.0204625 10.2312538180965
0.0204875 10.2437538134424
0.0205125 10.2562538087929
0.0205375 10.2687538041584
0.0205625 10.2812537995302
0.0205875 10.2937537949216
0.0206125 10.3062537903176
0.0206375 10.3187537857272
0.0206625 10.3312537811382
0.0206875 10.3437537765782
0.0207125 10.3562537720197
0.0207375 10.3687537674702
0.0207625 10.3812537629298
0.0207875 10.3937537584091
0.0208125 10.4062537538945
0.0208375 10.4187537493905
0.0208625 10.4312537449002
0.0208875 10.4437537404189
0.0209125 10.4562537359436
0.0209375 10.4687537314882
0.0209625 10.4812537270342
0.0209875 10.4937537225984
0.0210125 10.5062537181672
0.0210375 10.5187537137374
0.0210625 10.5312537093275
0.0210875 10.5437537049326
0.0211125 10.5562537005468
0.0211375 10.5687536961702
0.0211625 10.5812536917995
0.0211875 10.5937536874441
0.0212125 10.6062536830993
0.0212375 10.6187536787635
0.0212625 10.6312536744414
0.0212875 10.6437536701299
0.0213125 10.6562536658245
0.0213375 10.6687536615342
0.0213625 10.6812536572485
0.0213875 10.6937536529719
0.0214125 10.7062536487104
0.0214375 10.7187536444687
0.0214625 10.7312536402193
0.0214875 10.7437536359882
0.0215125 10.7562536317616
0.0215375 10.768753627541
0.0215625 10.7812536233311
0.0215875 10.7937536191409
0.0216125 10.8062536149597
0.0216375 10.8187536107831
0.0216625 10.8312536066217
0.0216875 10.8437536024618
0.0217125 10.8562535983125
0.0217375 10.8687535941723
0.0217625 10.8812535900458
0.0217875 10.8937535859253
0.0218125 10.9062535818154
0.0218375 10.9187535777252
0.0218625 10.931253573635
0.0218875 10.9437535695448
0.0219125 10.9562535654744
0.0219375 10.96875356141
0.0219625 10.9812535573607
0.0219875 10.993753553316
0.0220125 11.0062535492804
0.0220375 11.0187535452554
0.0220625 11.0312535412364
0.0220875 11.0437535372281
0.0221125 11.0562535332198
0.0221375 11.0687535292297
0.0221625 11.0812535252502
0.0221875 11.0937535212767
0.0222125 11.1062535173138
0.0222375 11.1187535133555
0.0222625 11.1312535094109
0.0222875 11.1437535054814
0.0223125 11.1562535015579
0.0223375 11.1687534976405
0.0223625 11.1812534937323
0.0223875 11.1937534898285
0.0224125 11.2062534859354
0.0224375 11.2187534820529
0.0224625 11.231253478181
0.0224875 11.2437534743182
0.0225125 11.2562534704645
0.0225375 11.2687534666214
0.0225625 11.2812534627707
0.0225875 11.2937534589488
0.0226125 11.3062534551178
0.0226375 11.3187534513096
0.0226625 11.3312534474984
0.0226875 11.3437534437022
0.0227125 11.3562534399122
0.0227375 11.3687534361312
0.0227625 11.3812534323639
0.0227875 11.3937534285936
0.0228125 11.4062534248384
0.0228375 11.4187534210938
0.0228625 11.4312534173493
0.0228875 11.4437534136183
0.0229125 11.456253409889
0.0229375 11.4687534061747
0.0229625 11.4812534024619
0.0229875 11.4937533987583
0.0230125 11.5062533950683
0.0230375 11.5187533913844
0.0230625 11.5312533877019
0.0230875 11.5437533840301
0.0231125 11.556253380381
0.0231375 11.5687533767274
0.0231625 11.581253373089
0.0231875 11.593753369452
0.0232125 11.6062533658211
0.0232375 11.6187533622039
0.0232625 11.6312533585912
0.0232875 11.6437533549846
0.0233125 11.6562533513885
0.0233375 11.6687533477985
0.0233625 11.6812533442222
0.0233875 11.6937533406459
0.0234125 11.7062533370894
0.0234375 11.7187533335358
0.0234625 11.7312533299806
0.0234875 11.7437533264362
0.0235125 11.7562533229053
0.0235375 11.768753319379
0.0235625 11.7812533158498
0.0235875 11.7937533123401
0.0236125 11.8062533088365
0.0236375 11.8187533053375
0.0236625 11.8312533018431
0.0236875 11.8437532983593
0.0237125 11.8562532948723
0.0237375 11.868753291396
0.0237625 11.8812532879334
0.0237875 11.8937532844799
0.0238125 11.9062532810326
0.0238375 11.918753277591
0.0238625 11.9312532741602
0.0238875 11.9437532707385
0.0239125 11.9562532673214
0.0239375 11.968753263915
0.0239625 11.9812532605143
0.0239875 11.9937532571154
0.0240125 12.006253253721
0.0240375 12.0187532503402
0.0240625 12.0312532469611
0.0240875 12.0437532435923
0.0241125 12.0562532402297
0.0241375 12.0687532368717
0.0241625 12.0812532335227
0.0241875 12.09375323018
0.0242125 12.1062532268385
0.0242375 12.1187532235123
0.0242625 12.1312532201861
0.0242875 12.1437532168735
0.0243125 12.1562532135672
0.0243375 12.1687532102711
0.0243625 12.1812532069722
0.0243875 12.1937532036824
0.0244125 12.2062532004107
0.0244375 12.2187531971317
0.0244625 12.2312531938675
0.0244875 12.2437531906095
0.0245125 12.256253187356
0.0245375 12.2687531841208
0.0245625 12.2812531808736
0.0245875 12.2937531776275
0.0246125 12.3062531743968
0.0246375 12.3187531711798
0.0246625 12.3312531679627
0.0246875 12.3437531647564
0.0247125 12.3562531615513
0.0247375 12.3687531583615
0.0247625 12.3812531551672
0.0247875 12.3937531519865
0.0248125 12.4062531488166
0.0248375 12.4187531456433
0.0248625 12.4312531424899
0.0248875 12.4437531393274
0.0249125 12.456253136174
0.0249375 12.4687531330405
0.0249625 12.4812531299036
0.0249875 12.4937531267775
0.0250125 12.5062531236531
0.0250375 12.5187531205372
0.0250625 12.5312531174282
0.0250875 12.5437531143185
0.0251125 12.5562531112305
0.0251375 12.5687531081373
0.0251625 12.5812531050419
0.0251875 12.5937531019687
0.0252125 12.6062530988852
0.0252375 12.6187530958193
0.0252625 12.6312530927512
0.0252875 12.6437530896989
0.0253125 12.65625308664
0.0253375 12.6687530835985
0.0253625 12.6812530805605
0.0253875 12.6937530775264
0.0254125 12.7062530744948
0.0254375 12.7187530714669
0.0254625 12.7312530684563
0.0254875 12.7437530654358
0.0255125 12.7562530624405
0.0255375 12.7687530594518
0.0255625 12.781253056452
0.0255875 12.7937530534651
0.0256125 12.8062530504817
0.0256375 12.8187530475067
0.0256625 12.8312530445433
0.0256875 12.8437530415791
0.0257125 12.8562530386185
0.0257375 12.8687530356571
0.0257625 12.8812530327164
0.0257875 12.8937530297914
0.0258125 12.9062530268553
0.0258375 12.9187530239275
0.0258625 12.9312530210078
0.0258875 12.9437530180918
0.0259125 12.9562530151785
0.0259375 12.9687530122734
0.0259625 12.9812530093719
0.0259875 12.9937530064741
0.0260125 13.006253003588
0.0260375 13.0187530007039
0.0260625 13.0312529978269
0.0260875 13.0437529949582
0.0261125 13.0562529920886
0.0261375 13.068752989218
0.0261625 13.0812529863639
0.0261875 13.0937529835133
0.0262125 13.106252980671
0.0262375 13.1187529778368
0.0262625 13.1312529750008
0.0262875 13.1437529721666
0.0263125 13.1562529693489
0.0263375 13.1687529665256
0.0263625 13.1812529637196
0.0263875 13.1937529609082
0.0264125 13.2062529581086
0.0264375 13.2187529553172
0.0264625 13.2312529525203
0.0264875 13.2437529497407
0.0265125 13.2562529469502
0.0265375 13.268752944166
0.0265625 13.2812529414028
0.0265875 13.2937529386432
0.0266125 13.3062529358782
0.0266375 13.3187529331167
0.0266625 13.3312529303718
0.0266875 13.3437529276167
0.0267125 13.356252924888
0.0267375 13.3687529221539
0.0267625 13.3812529194225
0.0267875 13.3937529166929
0.0268125 13.4062529139798
0.0268375 13.4187529112565
0.0268625 13.4312529085552
0.0268875 13.4437529058573
0.0269125 13.4562529031533
0.0269375 13.4687529004619
0.0269625 13.4812528977697
0.0269875 13.4937528950855
0.0270125 13.5062528924042
0.0270375 13.5187528897291
0.0270625 13.5312528870615
0.0270875 13.5437528844019
0.0271125 13.5562528817369
0.0271375 13.5687528790936
0.0271625 13.5812528764351
0.0271875 13.5937528737937
0.0272125 13.6062528711515
0.0272375 13.6187528685173
0.0272625 13.6312528658861
0.0272875 13.6437528632655
0.0273125 13.6562528606388
0.0273375 13.6687528580201
0.0273625 13.6812528554143
0.0273875 13.6937528528028
0.0274125 13.7062528502035
0.0274375 13.718752847603
0.0274625 13.7312528450199
0.0274875 13.7437528424311
0.0275125 13.7562528398545
0.0275375 13.7687528372794
0.0275625 13.7812528346982
0.0275875 13.7937528321341
0.0276125 13.8062528295692
0.0276375 13.8187528270077
0.0276625 13.8312528244539
0.0276875 13.8437528219125
0.0277125 13.8562528193658
0.0277375 13.8687528168179
0.0277625 13.8812528142914
0.0277875 13.8937528117571
0.0278125 13.9062528092306
0.0278375 13.9187528067073
0.0278625 13.931252804188
0.0278875 13.9437528016674
0.0279125 13.9562527991636
0.0279375 13.968752796654
0.0279625 13.9812527941528
0.0279875 13.993752791664
0.0280125 14.0062527891693
0.0280375 14.0187527866851
0.0280625 14.031252784204
0.0280875 14.0437527817172
0.0281125 14.0562527792433
0.0281375 14.0687527767675
0.0281625 14.0812527743059
0.0281875 14.0937527718431
0.0282125 14.1062527693926
0.0282375 14.1187527669369
0.0282625 14.1312527644935
0.0282875 14.1437527620444
0.0283125 14.1562527596101
0.0283375 14.16875275717
0.0283625 14.1812527547423
0.0283875 14.1937527523139
0.0284125 14.2062527498978
0.0284375 14.2187527474759
0.0284625 14.2312527450618
0.0284875 14.2437527426516
0.0285125 14.2562527402491
0.0285375 14.2687527378455
0.0285625 14.2812527354521
0.0285875 14.2937527330666
0.0286125 14.3062527306707
0.0286375 14.3187527282969
0.0286625 14.3312527259171
0.0286875 14.3437527235362
0.0287125 14.3562527211721
0.0287375 14.3687527187983
0.0287625 14.3812527164367
0.0287875 14.3937527140786
0.0288125 14.4062527117261
0.0288375 14.4187527093725
0.0288625 14.431252707022
0.0288875 14.4437527046846
0.0289125 14.4562527023412
0.0289375 14.4687527000103
0.0289625 14.481252697678
0.0289875 14.4937526953497
0.0290125 14.5062526930245
0.0290375 14.5187526907073
0.0290625 14.5312526884002
0.0290875 14.5437526860831
0.0291125 14.5562526837826
0.0291375 14.568752681477
0.0291625 14.581252679179
0.0291875 14.5937526768846
0.0292125 14.6062526745887
0.0292375 14.6187526723059
0.0292625 14.6312526700215
0.0292875 14.6437526677407
0.0293125 14.6562526654655
0.0293375 14.6687526631984
0.0293625 14.6812526609206
0.0293875 14.6937526586651
0.0294125 14.7062526564035
0.0294375 14.71875265415
0.0294625 14.731252651904
0.0294875 14.7437526496531
0.0295125 14.7562526474096
0.0295375 14.7687526451698
0.0295625 14.7812526429309
0.0295875 14.7937526406957
0.0296125 14.806252638477
0.0296375 14.8187526362442
0.0296625 14.8312526340144
0.0296875 14.8437526318019
0.0297125 14.8562526295832
0.0297375 14.8687526273778
0.0297625 14.8812526251707
0.0297875 14.8937526229673
0.0298125 14.9062526207601
0.0298375 14.9187526185704
0.0298625 14.9312526163745
0.0298875 14.9437526141917
0.0299125 14.9562526120073
0.0299375 14.9687526098267
0.0299625 14.9812526076535
0.0299875 14.9937526054708
0.0300125 15.0062526033091
0.0300375 15.0187526011376
0.0300625 15.0312525989714
0.0300875 15.043752596818
0.0301125 15.056252594663
0.0301375 15.0687525925121
0.0301625 15.0812525903732
0.0301875 15.0937525882244
0.0302125 15.1062525860784
0.0302375 15.1187525839367
0.0302625 15.1312525817886
0.0302875 15.1437525796626
0.0303125 15.1562525775373
0.0303375 15.1687525754067
0.0303625 15.1812525732835
0.0303875 15.1937525711736
0.0304125 15.2062525690619
0.0304375 15.218752566945
0.0304625 15.2312525648399
0.0304875 15.2437525627391
0.0305125 15.2562525606456
0.0305375 15.2687525585469
0.0305625 15.2812525564534
0.0305875 15.2937525543638
0.0306125 15.3062525522769
0.0306375 15.3187525502034
0.0306625 15.3312525481144
0.0306875 15.3437525460475
0.0307125 15.3562525439788
0.0307375 15.3687525419099
0.0307625 15.3812525398391
0.0307875 15.3937525377813
0.0308125 15.4062525357287
0.0308375 15.4187525336619
0.0308625 15.4312525316113
0.0308875 15.4437525295606
0.0309125 15.4562525275125
0.0309375 15.4687525254729
0.0309625 15.4812525234361
0.0309875 15.4937525214035
0.0310125 15.5062525193645
0.0310375 15.5187525173386
0.0310625 15.5312525153041
0.0310875 15.5437525132828
0.0311125 15.5562525112596
0.0311375 15.5687525092452
0.0311625 15.5812525072289
0.0311875 15.5937525052258
0.0312125 15.6062525032162
0.0312375 15.6187525012064
0.0312625 15.6312524992035
0.0312875 15.6437524972144
0.0313125 15.6562524952114
0.0313375 15.6687524932223
0.0313625 15.6812524912329
0.0313875 15.6937524892484
0.0314125 15.7062524872635
0.0314375 15.7187524852879
0.0314625 15.7312524833077
0.0314875 15.7437524813323
0.0315125 15.7562524793611
0.0315375 15.7687524773947
0.0315625 15.7812524754371
0.0315875 15.7937524734708
0.0316125 15.8062524715269
0.0316375 15.818752469565
0.0316625 15.8312524676166
0.0316875 15.8437524656728
0.0317125 15.856252463729
0.0317375 15.86875246179
0.0317625 15.8812524598551
0.0317875 15.893752457916
0.0318125 15.9062524559858
0.0318375 15.9187524540512
0.0318625 15.9312524521346
0.0318875 15.9437524502092
0.0319125 15.956252448288
0.0319375 15.9687524463806
0.0319625 15.9812524444641
0.0319875 15.9937524425614
0.0320125 16.0062524406584
0.0320375 16.0187524387466
0.0320625 16.0312524368528
0.0320875 16.0437524349455
0.0321125 16.0562524330562
0.0321375 16.068752431158
0.0321625 16.0812524292732
0.0321875 16.0937524273886
0.0322125 16.1062524255085
0.0322375 16.1187524236284
0.0322625 16.1312524217482
0.0322875 16.1437524198728
0.0323125 16.1562524180062
0.0323375 16.1687524161307
0.0323625 16.1812524142687
0.0323875 16.1937524124023
0.0324125 16.2062524105449
0.0324375 16.2187524086921
0.0324625 16.2312524068347
0.0324875 16.243752404991
0.0325125 16.2562524031382
0.0325375 16.2687524012945
0.0325625 16.2812523994416
0.0325875 16.2937523976025
0.0326125 16.3062523957633
0.0326375 16.3187523939287
0.0326625 16.3312523920986
0.0326875 16.343752390273
0.0327125 16.3562523884384
0.0327375 16.3687523866174
0.0327625 16.3812523847964
0.0327875 16.3937523829754
0.0328125 16.406252381159
0.0328375 16.4187523793516
0.0328625 16.4312523775397
0.0328875 16.4437523757369
0.0329125 16.4562523739296
0.0329375 16.4687523721268
0.0329625 16.4812523703285
0.0329875 16.4937523685348
0.0330125 16.5062523667411
0.0330375 16.5187523649565
0.0330625 16.5312523631628
0.0330875 16.5437523613782
0.0331125 16.5562523595936
0.0331375 16.5687523578135
0.0331625 16.5812523560335
0.0331875 16.593752354258
0.0332125 16.6062523524825
0.0332375 16.618752350716
0.0332625 16.6312523489496
0.0332875 16.6437523471831
0.0333125 16.6562523454259
0.0333375 16.6687523436639
0.0333625 16.6812523419067
0.0333875 16.6937523401447
0.0334125 16.7062523383966
0.0334375 16.7187523366483
0.0334625 16.7312523349047
0.0334875 16.7437523331609
0.0335125 16.7562523314264
0.0335375 16.7687523296826
0.0335625 16.7812523279527
0.0335875 16.7937523262225
0.0336125 16.806252324488
0.0336375 16.8187523227624
0.0336625 16.8312523210371
0.0336875 16.8437523193161
0.0337125 16.8562523175997
0.0337375 16.8687523158786
0.0337625 16.8812523141669
0.0337875 16.8937523124549
0.0338125 16.9062523107523
0.0338375 16.9187523090403
0.0338625 16.9312523073423
0.0338875 16.9437523056348
0.0339125 16.9562523039368
0.0339375 16.9687523022476
0.0339625 16.981252300554
0.0339875 16.9937522988602
0.0340125 17.0062522971758
0.0340375 17.0187522954865
0.0340625 17.0312522938021
0.0340875 17.0437522921219
0.0341125 17.056252290442
0.0341375 17.0687522887618
0.0341625 17.0812522870911
0.0341875 17.0937522854247
0.0342125 17.1062522837538
0.0342375 17.1187522820963
0.0342625 17.1312522804256
0.0342875 17.1437522787636
0.0343125 17.156252277102
0.0343375 17.168752275449
0.0343625 17.1812522737874
0.0343875 17.1937522721347
0.0344125 17.2062522704817
0.0344375 17.2187522688292
0.0344625 17.2312522671901
0.0344875 17.2437522655374
0.0345125 17.2562522639071
0.0345375 17.2687522622637
0.0345625 17.281252260629
0.0345875 17.2937522589947
0.0346125 17.3062522573644
0.0346375 17.3187522557301
0.0346625 17.331252254109
0.0346875 17.3437522524838
0.0347125 17.3562522508629
0.0347375 17.368752249242
0.0347625 17.3812522476253
0.0347875 17.3937522460093
0.0348125 17.4062522443972
0.0348375 17.4187522427811
0.0348625 17.4312522411736
0.0348875 17.4437522395711
0.0349125 17.4562522379636
0.0349375 17.4687522363657
0.0349625 17.4812522347676
0.0349875 17.4937522331739
0.0350125 17.5062522315755
0.0350375 17.5187522299867
0.0350625 17.5312522283973
0.0350875 17.5437522268086
0.0351125 17.5562522252192
0.0351375 17.568752223635
0.0351625 17.5812522220547
0.0351875 17.593752220475
0.0352125 17.6062522189042
0.0352375 17.6187522173196
0.0352625 17.631252215753
0.0352875 17.6437522141824
0.0353125 17.6562522126112
0.0353375 17.6687522110589
0.0353625 17.6812522094922
0.0353875 17.6937522079308
0.0354125 17.7062522063732
0.0354375 17.7187522048163
0.0354625 17.7312522032591
0.0354875 17.7437522017064
0.0355125 17.7562522001533
0.0355375 17.7687521986101
0.0355625 17.781252197057
0.0355875 17.7937521955184
0.0356125 17.8062521939789
0.0356375 17.8187521924448
0.0356625 17.8312521909008
0.0356875 17.8437521893713
0.0357125 17.8562521878413
0.0357375 17.8687521863068
0.0357625 17.8812521847855
0.0357875 17.893752183256
0.0358125 17.9062521817347
0.0358375 17.9187521802097
0.0358625 17.9312521786976
0.0358875 17.9437521771726
0.0359125 17.9562521756558
0.0359375 17.9687521741491
0.0359625 17.9812521726418
0.0359875 17.9937521711301
0.0360125 18.006252169627
0.0360375 18.0187521681111
0.0360625 18.031252166608
0.0360875 18.0437521651103
0.0361125 18.0562521636072
0.0361375 18.0687521621141
0.0361625 18.0812521606201
0.0361875 18.0937521591315
0.0362125 18.1062521576425
0.0362375 18.1187521561535
0.0362625 18.1312521546639
0.0362875 18.14375215318
0.0363125 18.1562521517041
0.0363375 18.1687521502201
0.0363625 18.1812521487442
0.0363875 18.1937521472648
0.0364125 18.2062521457934
0.0364375 18.2187521443186
0.0364625 18.2312521428523
0.0364875 18.2437521413906
0.0365125 18.2562521399192
0.0365375 18.2687521384534
0.0365625 18.2812521369912
0.0365875 18.29375213553
0.0366125 18.3062521340722
0.0366375 18.3187521326201
0.0366625 18.3312521311669
0.0366875 18.3437521297103
0.0367125 18.3562521282667
0.0367375 18.3687521268141
0.0367625 18.38125212537
0.0367875 18.393752123927
0.0368125 18.4062521224829
0.0368375 18.4187521210444
0.0368625 18.4312521196049
0.0368875 18.443752118171
0.0369125 18.456252116736
0.0369375 18.4687521153066
0.0369625 18.4812521138767
0.0369875 18.4937521124468
0.0370125 18.5062521110209
0.0370375 18.5187521095961
0.0370625 18.5312521081701
0.0370875 18.5437521067499
0.0371125 18.5562521053376
0.0371375 18.5687521039174
0.0371625 18.5812521025005
0.0371875 18.593752101094
0.0372125 18.6062520996823
0.0372375 18.6187520982705
0.0372625 18.6312520968582
0.0372875 18.6437520954607
0.0373125 18.6562520940529
0.0373375 18.668752092651
0.0373625 18.6812520912522
0.0373875 18.6937520898548
0.0374125 18.7062520884561
0.0374375 18.7187520870632
0.0374625 18.7312520856697
0.0374875 18.7437520842846
0.0375125 18.7562520828917
0.0375375 18.7687520815027
0.0375625 18.7812520801229
0.0375875 18.7937520787423
0.0376125 18.8062520773585
0.0376375 18.8187520759825
0.0376625 18.8312520745988
0.0376875 18.8437520732228
0.0377125 18.8562520718527
0.0377375 18.8687520704812
0.0377625 18.881252069102
0.0377875 18.8937520677403
0.0378125 18.906252066374
0.0378375 18.9187520650116
0.0378625 18.9312520636552
0.0378875 18.9437520622928
0.0379125 18.9562520609318
0.0379375 18.968752059583
0.0379625 18.9812520582221
0.0379875 18.9937520568642
0.0380125 19.0062520555169
0.0380375 19.0187520541688
0.0380625 19.0312520528162
0.0380875 19.043752051472
0.0381125 19.0562520501292
0.0381375 19.0687520487804
0.0381625 19.0812520474377
0.0381875 19.093752046107
0.0382125 19.1062520447643
0.0382375 19.1187520434246
0.0382625 19.1312520420909
0.0382875 19.1437520407611
0.0383125 19.1562520394221
0.0383375 19.1687520380869
0.0383625 19.1812520367624
0.0383875 19.1937520354317
0.0384125 19.2062520341072
0.0384375 19.2187520327902
0.0384625 19.2312520314611
0.0384875 19.2437520301487
0.0385125 19.2562520288332
0.0385375 19.268752027517
0.0385625 19.2812520261962
0.0385875 19.2937520248838
0.0386125 19.3062520235684
0.0386375 19.3187520222604
0.0386625 19.3312520209496
0.0386875 19.3437520196416
0.0387125 19.3562520183399
0.0387375 19.3687520170365
0.0387625 19.3812520157347
0.0387875 19.3937520144321
0.0388125 19.4062520131341
0.0388375 19.4187520118398
0.0388625 19.4312520105517
0.0388875 19.4437520092574
0.0389125 19.4562520079647
0.0389375 19.4687520066749
0.0389625 19.4812520053868
0.0389875 19.4937520041061
0.0390125 19.5062520028181
0.0390375 19.5187520015382
0.0390625 19.5312520002584
0.0390875 19.5437519989777
0.0391125 19.5562519977033
0.0391375 19.5687519964271
0.0391625 19.5812519951527
0.0391875 19.593751993881
0.0392125 19.6062519926066
0.0392375 19.6187519913396
0.0392625 19.6312519900743
0.0392875 19.6437519888126
0.0393125 19.6562519875419
0.0393375 19.6687519862793
0.0393625 19.6812519850231
0.0393875 19.6937519837651
0.0394125 19.7062519825044
0.0394375 19.7187519812463
0.0394625 19.7312519799947
0.0394875 19.7437519787412
0.0395125 19.7562519774805
0.0395375 19.768751976237
0.0395625 19.781251974989
0.0395875 19.7937519737446
0.0396125 19.8062519724976
0.0396375 19.8187519712577
0.0396625 19.8312519700106
0.0396875 19.8437519687753
0.0397125 19.8562519675328
0.0397375 19.8687519662929
0.0397625 19.8812519650595
0.0397875 19.8937519638252
0.0398125 19.9062519625908
0.0398375 19.91875196136
0.0398625 19.9312519601357
0.0398875 19.9437519589004
0.0399125 19.9562519576806
0.0399375 19.9687519564544
0.0399625 19.9812519552301
0.0399875 19.9937519540129
0.0400125 20.0062519527841
0.0400375 20.0187519515679
0.0400625 20.0312519503427
0.0400875 20.04375194913
0.0401125 20.0562519479103
0.0401375 20.0687519466931
0.0401625 20.0812519454825
0.0401875 20.0937519442744
0.0402125 20.1062519430638
0.0402375 20.1187519418511
0.0402625 20.1312519406451
0.0402875 20.143751939438
0.0403125 20.1562519382355
0.0403375 20.1687519370342
0.0403625 20.181251935835
0.0403875 20.1937519346336
0.0404125 20.2062519334367
0.0404375 20.2187519322354
0.0404625 20.231251931043
0.0404875 20.2437519298553
0.0405125 20.2562519286675
0.0405375 20.2687519274809
0.0405625 20.2812519262897
0.0405875 20.2937519250998
0.0406125 20.3062519239188
0.0406375 20.3187519227344
0.0406625 20.3312519215513
0.0406875 20.3437519203726
0.0407125 20.3562519191917
0.0407375 20.3687519180198
0.0407625 20.3812519168434
0.0407875 20.393751915667
0.0408125 20.4062519144941
0.0408375 20.4187519133234
0.0408625 20.4312519121561
0.0408875 20.443751910982
0.0409125 20.4562519098147
0.0409375 20.4687519086451
0.0409625 20.4812519074801
0.0409875 20.4937519063151
0.0410125 20.5062519051523
0.0410375 20.5187519039896
0.0410625 20.5312519028325
0.0410875 20.5437519016686
0.0411125 20.556251900515
0.0411375 20.5687518993591
0.0411625 20.5812518982077
0.0411875 20.5937518970586
0.0412125 20.6062518959095
0.0412375 20.6187518947604
0.0412625 20.6312518936135
0.0412875 20.6437518924645
0.0413125 20.6562518913211
0.0413375 20.6687518901708
0.0413625 20.6812518890308
0.0413875 20.693751887884
0.0414125 20.7062518867439
0.0414375 20.718751885604
0.0414625 20.7312518844685
0.0414875 20.7437518833308
0.0415125 20.7562518821998
0.0415375 20.7687518810667
0.0415625 20.7812518799347
0.0415875 20.7937518788003
0.0416125 20.8062518776739
0.0416375 20.8187518765453
0.0416625 20.8312518754143
0.0416875 20.8437518742926
0.0417125 20.8562518731707
0.0417375 20.8687518720467
0.0417625 20.8812518709225
0.0417875 20.8937518698031
0.0418125 20.906251868687
0.0418375 20.9187518675663
0.0418625 20.9312518664534
0.0418875 20.9437518653317
0.0419125 20.9562518642212
0.0419375 20.9687518631108
0.0419625 20.9812518620003
0.0419875 20.99375186089
0.0420125 21.0062518597816
0.0420375 21.0187518586804
0.0420625 21.0312518575779
0.0420875 21.0437518564755
0.0421125 21.0562518553694
0.0421375 21.0687518542705
0.0421625 21.081251853169
0.0421875 21.0937518520769
0.0422125 21.1062518509776
0.0422375 21.118751849881
0.0422625 21.1312518487908
0.0422875 21.1437518476942
0.0423125 21.1562518466099
0.0423375 21.1687518455188
0.0423625 21.1812518444309
0.0423875 21.1937518433434
0.0424125 21.2062518422577
0.0424375 21.2187518411725
0.0424625 21.2312518400823
0.0424875 21.2437518390039
0.0425125 21.2562518379228
0.0425375 21.2687518368444
0.0425625 21.2812518357692
0.0425875 21.2937518346917
0.0426125 21.3062518336174
0.0426375 21.318751832539
0.0426625 21.331251831467
0.0426875 21.3437518303909
0.0427125 21.3562518293211
0.0427375 21.3687518282541
0.0427625 21.3812518271866
0.0427875 21.3937518261197
0.0428125 21.4062518250513
0.0428375 21.4187518239829
0.0428625 21.4312518229222
0.0428875 21.4437518218598
0.0429125 21.4562518207991
0.0429375 21.4687518197412
0.0429625 21.481251818685
0.0429875 21.4937518176272
0.0430125 21.5062518165733
0.0430375 21.5187518155131
0.0430625 21.5312518144584
0.0430875 21.5437518134059
0.0431125 21.5562518123566
0.0431375 21.5687518113101
0.0431625 21.581251810263
0.0431875 21.593751809212
0.0432125 21.6062518081672
0.0432375 21.618751807123
0.0432625 21.6312518060781
0.0432875 21.6437518050317
0.0433125 21.6562518039929
0.0433375 21.6687518029563
0.0433625 21.6812518019183
0.0433875 21.6937518008787
0.0434125 21.7062517998384
0.0434375 21.7187517988078
0.0434625 21.7312517977743
0.0434875 21.7437517967393
0.0435125 21.7562517957058
0.0435375 21.7687517946821
0.0435625 21.7812517936501
0.0435875 21.7937517926226
0.0436125 21.8062517915914
0.0436375 21.8187517905655
0.0436625 21.8312517895388
0.0436875 21.8437517885151
0.0437125 21.8562517874952
0.0437375 21.8687517864716
0.0437625 21.8812517854532
0.0437875 21.8937517844333
0.0438125 21.906251783421
0.0438375 21.9187517824049
0.0438625 21.9312517813866
0.0438875 21.9437517803735
0.0439125 21.9562517793658
0.0439375 21.968751778355
0.0439625 21.981251777345
0.0439875 21.9937517763319
0.0440125 22.0062517753264
0.0440375 22.0187517743156
0.0440625 22.0312517733125
0.0440875 22.0437517723077
0.0441125 22.0562517712985
0.0441375 22.068751770299
0.0441625 22.0812517692981
0.0441875 22.0937517682964
0.0442125 22.1062517672978
0.0442375 22.1187517663029
0.0442625 22.1312517653088
0.0442875 22.1437517643093
0.0443125 22.1562517633153
0.0443375 22.168751762322
0.0443625 22.1812517613286
0.0443875 22.1937517603359
0.0444125 22.2062517593465
0.0444375 22.218751758356
0.0444625 22.2312517573689
0.0444875 22.243751756383
0.0445125 22.2562517553935
0.0445375 22.2687517544145
0.0445625 22.2812517534296
0.0445875 22.2937517524476
0.0446125 22.3062517514679
0.0446375 22.3187517504865
0.0446625 22.3312517495062
0.0446875 22.3437517485294
0.0447125 22.3562517475536
0.0447375 22.3687517465791
0.0447625 22.381251745601
0.0447875 22.3937517446287
0.0448125 22.4062517436552
0.0448375 22.4187517426846
0.0448625 22.4312517417163
0.0448875 22.443751740744
0.0449125 22.4562517397751
0.0449375 22.4687517388096
0.0449625 22.4812517378407
0.0449875 22.4937517368775
0.0450125 22.5062517359131
0.0450375 22.5187517349521
0.0450625 22.5312517339901
0.0450875 22.5437517330308
0.0451125 22.5562517320693
0.0451375 22.5687517311129
0.0451625 22.5812517301531
0.0451875 22.5937517291944
0.0452125 22.6062517282346
0.0452375 22.6187517272805
0.0452625 22.6312517263275
0.0452875 22.6437517253733
0.0453125 22.6562517244204
0.0453375 22.6687517234748
0.0453625 22.6812517225223
0.0453875 22.6937517215704
0.0454125 22.7062517206289
0.0454375 22.7187517196815
0.0454625 22.7312517187399
0.0454875 22.7437517177926
0.0455125 22.756251716851
0.0455375 22.7687517159036
0.0455625 22.7812517149689
0.0455875 22.7937517140301
0.0456125 22.8062517130868
0.0456375 22.8187517121508
0.0456625 22.8312517112138
0.0456875 22.84375171028
0.0457125 22.8562517093453
0.0457375 22.8687517084093
0.0457625 22.8812517074791
0.0457875 22.8937517065454
0.0458125 22.9062517056198
0.0458375 22.9187517046878
0.0458625 22.9312517037559
0.0458875 22.9437517028289
0.0459125 22.956251701901
0.0459375 22.9687517009763
0.0459625 22.9812517000485
0.0459875 22.9937516991192
0.0460125 23.0062516981982
0.0460375 23.0187516972803
0.0460625 23.0312516963593
0.0460875 23.043751695441
0.0461125 23.0562516945204
0.0461375 23.0687516936025
0.0461625 23.0812516926861
0.0461875 23.0937516917704
0.0462125 23.1062516908562
0.0462375 23.1187516899452
0.0462625 23.1312516890333
0.0462875 23.1437516881199
0.0463125 23.1562516872125
0.0463375 23.168751686301
0.0463625 23.1812516853941
0.0463875 23.1937516844853
0.0464125 23.2062516835779
0.0464375 23.2187516826736
0.0464625 23.2312516817663
0.0464875 23.2437516808666
0.0465125 23.2562516799615
0.0465375 23.2687516790617
0.0465625 23.281251678159
0.0465875 23.2937516772611
0.0466125 23.3062516763656
0.0466375 23.3187516754681
0.0466625 23.3312516745721
0.0466875 23.3437516736746
0.0467125 23.3562516727787
0.0467375 23.3687516718835
0.0467625 23.3812516709853
0.0467875 23.3937516700923
0.0468125 23.4062516691987
0.0468375 23.4187516683122
0.0468625 23.4312516674211
0.0468875 23.4437516665301
0.0469125 23.4562516656439
0.0469375 23.4687516647549
0.0469625 23.4812516638687
0.0469875 23.4937516629865
0.0470125 23.5062516621025
0.0470375 23.5187516612203
0.0470625 23.5312516603364
0.0470875 23.5437516594542
0.0471125 23.5562516585745
0.0471375 23.5687516576903
0.0471625 23.5812516568064
0.0471875 23.5937516559332
0.0472125 23.6062516550561
0.0472375 23.618751654183
0.0472625 23.6312516533059
0.0472875 23.6437516524328
0.0473125 23.6562516515625
0.0473375 23.6687516506894
0.0473625 23.6812516498188
0.0473875 23.6937516489482
0.0474125 23.7062516480779
0.0474375 23.7187516472117
0.0474625 23.7312516463481
0.0474875 23.7437516454819
0.0475125 23.7562516446138
0.0475375 23.7687516437476
0.0475625 23.7812516428818
0.0475875 23.7937516420201
0.0476125 23.8062516411586
0.0476375 23.8187516402949
0.0476625 23.8312516394359
0.0476875 23.8437516385765
0.0477125 23.8562516377197
0.0477375 23.8687516368604
0.0477625 23.8812516360059
0.0477875 23.8937516351488
0.0478125 23.9062516342943
0.0478375 23.9187516334418
0.0478625 23.9312516325916
0.0478875 23.9437516317415
0.0479125 23.9562516308916
0.0479375 23.9687516300391
0.0479625 23.9812516291937
0.0479875 23.9937516283411
0.0480125 24.0062516274935
0.0480375 24.0187516266432
0.0480625 24.0312516257978
0.0480875 24.0437516249498
0.0481125 24.0562516241088
0.0481375 24.0687516232632
0.0481625 24.0812516224224
0.0481875 24.093751621579
0.0482125 24.1062516207381
0.0482375 24.1187516198969
0.0482625 24.1312516190606
0.0482875 24.1437516182217
0.0483125 24.1562516173854
0.0483375 24.1687516165511
0.0483625 24.1812516157146
0.0483875 24.1937516148805
0.0484125 24.2062516140464
0.0484375 24.2187516132098
0.0484625 24.2312516123757
0.0484875 24.2437516115437
0.0485125 24.2562516107141
0.0485375 24.2687516098821
0.0485625 24.2812516090549
0.0485875 24.2937516082274
0.0486125 24.3062516074
0.0486375 24.3187516065704
0.0486625 24.3312516057477
0.0486875 24.3437516049225
0.0487125 24.3562516040975
0.0487375 24.3687516032723
0.0487625 24.3812516024495
0.0487875 24.3937516016289
0.0488125 24.4062516008085
0.0488375 24.4187515999901
0.0488625 24.4312515991696
0.0488875 24.4437515983513
0.0489125 24.4562515975331
0.0489375 24.4687515967216
0.0489625 24.4812515959079
0.0489875 24.4937515950919
0.0490125 24.5062515942759
0.0490375 24.518751593469
0.0490625 24.5312515926553
0.0490875 24.5437515918438
0.0491125 24.5562515910369
0.0491375 24.5687515902255
0.0491625 24.5812515894208
0.0491875 24.5937515886162
0.0492125 24.6062515878025
0.0492375 24.6187515869978
0.0492625 24.6312515861887
0.0492875 24.643751585384
0.0493125 24.6562515845794
0.0493375 24.6687515837771
0.0493625 24.681251582977
0.0493875 24.6937515821746
0.0494125 24.7062515813745
0.0494375 24.7187515805745
0.0494625 24.7312515797766
0.0494875 24.7437515789788
0.0495125 24.7562515781833
0.0495375 24.7687515773878
0.0495625 24.7812515765922
0.0495875 24.793751575799
0.0496125 24.8062515750035
0.0496375 24.8187515742079
0.0496625 24.8312515734191
0.0496875 24.8437515726237
0.0497125 24.8562515718303
0.0497375 24.8687515710417
0.0497625 24.8812515702529
0.0497875 24.8937515694643
0.0498125 24.90625156868
0.0498375 24.9187515678937
0.0498625 24.9312515671072
0.0498875 24.9437515663253
0.0499125 24.9562515655411
0.0499375 24.9687515647593
0.0499625 24.981251563975
0.0499875 24.9937515631932
