0.000121951219512195 0.121951219511902
0.000365853658536585 0.203252032520459
0.000609756097560976 0.317073170732158
0.000853658536585366 0.435540069686431
0.00109756097560976 0.555555555554894
0.00134146341463415 0.676274944566512
0.00158536585365854 0.797373358347807
0.00182926829268293 0.918699186990535
0.00207317073170732 1.04017216642708
0.00231707317073171 1.16174582798426
0.0025609756097561 1.2833914053413
0.00280487804878049 1.40509013785637
0.00304878048780488 1.52682926829113
0.00329268292682927 1.6485998193295
0.00353658536585366 1.77039529015791
0.00378048780487805 1.89221085759034
0.00402439024390244 2.01404286769984
0.00426829268292683 2.13588850174061
0.00451219512195122 2.25774555042654
0.00475609756097561 2.37961225766038
0.005 2.50148720999235
0.00524390243902439 2.62336925694734
0.00548780487804878 2.74525745257413
0.00573170731707317 2.8671510119347
0.00597560975609756 2.98904927824733
0.00621951219512195 3.11095169775169
0.00646341463414634 3.23285780027564
0.00670731707317073 3.35476718403507
0.00695121951219512 3.47667950363569
0.00719512195121951 3.59859446051986
0.0074390243902439 3.72051179528101
0.00768292682926829 3.8424312814548
0.00792682926829268 3.96435272044967
0.00817073170731707 4.0862759373859
0.00841463414634146 4.20820077765931
0.00865853658536585 4.3301271040864
0.00890243902439024 4.45205479451904
0.00914634146341463 4.57398373983628
0.00939024390243903 4.69591384225532
0.00963414634146342 4.8178450138938
0.00987804878048781 4.93977717554919
0.0101219512195122 5.06171025565736
0.0103658536585366 5.18364418938287
0.010609756097561 5.30557891785722
0.0108536585365854 5.42751438750175
0.0110975609756098 5.54945054944885
0.0113414634146341 5.67138735903248
0.0115853658536585 5.79332477535097
0.0118292682926829 5.91526276087268
0.0120731707317073 6.03720128110212
0.0123170731707317 6.15914030427173
0.0125609756097561 6.28107980108609
0.0128048780487805 6.40301974448016
0.0130487804878049 6.52496010941139
0.0132926829268293 6.64690087267559
0.0135365853658537 6.76884201274194
0.0137804878048781 6.8907835096024
0.0140243902439024 7.01272534464227
0.0142682926829268 7.13466750051892
0.0145121951219512 7.25660996105564
0.0147560975609756 7.37855271114503
0.015 7.50049573666239
0.0152439024390244 7.6224390243882
0.0154878048780488 7.74438256193403
0.0157317073170732 7.86632633768053
0.0159756097560976 7.98827034071687
0.016219512195122 8.11021456079034
0.0164634146341463 8.23215898825422
0.0167073170731707 8.35410361402624
0.0169512195121951 8.4760484295457
0.0171951219512195 8.59799342673914
0.0174390243902439 8.71993859798426
0.0176829268292683 8.84188393607853
0.0179268292682927 8.96382943421141
0.0181707317073171 9.08577508593744
0.0184146341463415 9.20772088515471
0.0186585365853659 9.32966682607812
0.0189024390243902 9.45161290322373
0.0191463414634146 9.5735591113851
0.019390243902439 9.69550544561828
0.0196341463414634 9.81745190122528
0.0198780487804878 9.9393984737379
0.0201219512195122 10.0613451589047
0.0203658536585366 10.1832919526781
0.020609756097561 10.3052388512029
0.0208536585365854 10.4271858508032
0.0210975609756098 10.5491329479741
0.0213414634146341 10.67108013937
0.0215853658536585 10.7930274217965
0.0218292682926829 10.9149747922023
0.0220731707317073 11.0369222476716
0.0223170731707317 11.1588697854159
0.0225609756097561 11.2808174027653
0.0228048780487805 11.4027650971661
0.0230487804878049 11.524712866173
0.0232926829268293 11.6466607074418
0.0235365853658537 11.7686086187256
0.023780487804878 11.8905565978709
0.0240243902439024 12.0125046428096
0.0242682926829268 12.1344527515591
0.0245121951219512 12.2564009222149
0.0247560975609756 12.3783491529456
0.025 12.5002974419948
0.0252439024390244 12.6222457876711
0.0254878048780488 12.7441941883491
0.0257317073170732 12.866142642464
0.0259756097560976 12.9880911485122
0.026219512195122 13.110039705043
0.0264634146341463 13.2319883106615
0.0267073170731707 13.3539369640219
0.0269512195121951 13.4758856638285
0.0271951219512195 13.5978344088324
0.0274390243902439 13.719783197827
0.0276829268292683 13.8417320296497
0.0279268292682927 13.9636809031796
0.0281707317073171 14.0856298173323
0.0284146341463415 14.2075787710613
0.0286585365853659 14.3295277633584
0.0289024390243902 14.4514767932446
0.0291463414634146 14.5734258597772
0.029390243902439 14.6953749620447
0.0296341463414634 14.8173240991627
0.0298780487804878 14.9392732702796
0.0301219512195122 15.0612224745692
0.0303658536585366 15.1831717112319
0.030609756097561 15.305120979493
0.0308536585365854 15.427070278604
0.0310975609756098 15.5490196078392
0.0313414634146341 15.6709689664947
0.0315853658536585 15.7929183538896
0.0318292682926829 15.9148677693627
0.0320731707317073 16.0368172122734
0.0323170731707317 16.1587666820015
0.0325609756097561 16.2807161779436
0.0328048780487805 16.4026656995141
0.0330487804878049 16.5246152461477
0.0332926829268293 16.646564817291
0.0335365853658537 16.7685144124109
0.0337804878048781 16.8904640309886
0.0340243902439024 17.0124136725182
0.0342682926829268 17.1343633365105
0.0345121951219512 17.2563130224885
0.0347560975609756 17.3782627299899
0.035 17.5002124585654
0.0352439024390244 17.6221622077758
0.0354878048780488 17.744111977197
0.0357317073170732 17.866061766415
0.0359756097560976 17.9880115750268
0.0362195121951219 18.1099614026398
0.0364634146341463 18.2319112488741
0.0367073170731707 18.3538611133578
0.0369512195121951 18.4758109957291
0.0371951219512195 18.5977608956381
0.0374390243902439 18.7197108127397
0.0376829268292683 18.8416607467018
0.0379268292682927 18.9636106971974
0.0381707317073171 19.0855606639101
0.0384146341463415 19.2075106465323
0.0386585365853659 19.329460644761
0.0389024390243903 19.4514106583044
0.0391463414634146 19.573360686875
0.039390243902439 19.6953107301948
0.0396341463414634 19.8172607879894
0.0398780487804878 19.9392108599958
0.0401219512195122 20.0611609459532
0.0403658536585366 20.1831110456094
0.040609756097561 20.3050611587169
0.0408536585365854 20.4270112850354
0.0410975609756098 20.5489614243292
0.0413414634146341 20.6709115763697
0.0415853658536585 20.7928617409314
0.0418292682926829 20.9148119177956
0.0420731707317073 21.0367621067482
0.0423170731707317 21.1587123075808
0.0425609756097561 21.2806625200893
0.0428048780487805 21.4026127440729
0.0430487804878049 21.5245629793375
0.0432926829268293 21.6465132256921
0.0435365853658537 21.7684634829505
0.0437804878048781 21.8904137509306
0.0440243902439024 22.012364029454
0.0442682926829268 22.1343143183463
0.0445121951219512 22.2562646174373
0.0447560975609756 22.37821492656
0.045 22.5001652455514
0.0452439024390244 22.6221155742521
0.0454878048780488 22.7440659125055
0.0457317073170732 22.8660162601592
0.0459756097560976 22.9879666170633
0.046219512195122 23.1099169830713
0.0464634146341463 23.2318673580404
0.0467073170731707 23.3538177418295
0.0469512195121951 23.4757681343015
0.0471951219512195 23.5977185353218
0.0474390243902439 23.7196689447583
0.0476829268292683 23.8416193624821
0.0479268292682927 23.9635697883667
0.0481707317073171 24.0855202222873
0.0484146341463415 24.207470664124
0.0486585365853659 24.3294211137567
0.0489024390243902 24.4513715710689
0.0491463414634146 24.5733220359464
0.049390243902439 24.6952725082773
0.0496341463414634 24.8172229879512
0.0498780487804878 24.9391734748606
