0.00055776343531645 0.557763435316388
0.00134656005013678 0.693099538511641
0.00175487122339258 0.886389968760339
0.00208160147920515 1.04616583442541
0.00236272382736429 1.18503077488781
0.00261343277043854 1.30942742673343
0.00284193915395954 1.42307784508875
0.00305329656989305 1.52834834082565
0.00325088353559002 1.62685029724738
0.00343709315710933 1.71973835900076
0.00361369488788431 1.8078728968507
0.00378204125386883 1.8919151496631
0.0039431938827569 1.97238621169652
0.00409800434343661 2.04970532971682
0.00424716817392825 2.12421573011333
0.00439126223736985 2.1962026000113
0.00453077129918289 2.26590594948999
0.00466610740237809 2.33353002903285
0.00479762429340749 2.39925036595974
0.00492562836240927 2.46321911613056
0.00505038707567902 2.52556919888678
0.00517213556947777 2.58641753694332
0.00529108187290336 2.64586762710787
0.00540741109305613 2.70401160330383
0.00552128880399656 2.76093190922647
0.00563286381722938 2.81670266730603
0.00574227046636387 2.87139080868831
0.00584963050622152 2.92505701333928
0.00595505470307737 2.97775649786327
0.00605864417531653 3.02953968010922
0.00616049153078851 3.08045274333983
0.00626068183732591 3.13053811791575
0.00635929345540494 3.17983489474828
0.00645639875615749 3.22837918198603
0.00655206474346172 3.2762044141816
0.00664635359532654 3.32334162142977
0.00673932313701202 3.36981966466689
0.00683102725612213 3.41566544216176
0.00692151626813985 3.46090407141342
0.00701083723945101 3.50555904992323
0.00709903427374853 3.54965239779696
0.00718614876676767 3.59320478457564
0.00727221963353022 3.63623564241881
0.00735728351163978 3.6787632674045
0.00744137494364283 3.72080491035008
0.00752452654103188 3.76237685856212
0.00760676913210042 3.8034945095255
0.00768813189555171 3.84417243749536
0.00776864248150415 3.88442445383644
0.00784832712131681 3.92426366176031
0.00792721072747228 3.96370250615913
0.00800531698459543 4.00275281897717
0.00808266843255117 4.04142586065955
0.00815928654244782 4.07973235807205
0.0082351917862726 4.11768253923139
0.00831040370079955 4.15528616519326
0.00838494094633546 4.19255255935936
0.00845882136080433 4.22949063447349
0.00853206200961482 4.26610891748579
0.00860467923170564 4.30241557255117
0.00867668868212099 4.33841842227288
0.00874810537143049 4.37412496737543
0.00881894370227477 4.40954240493978
0.00888921750328877 4.44467764534832
0.00895894006062927 4.4795373280159
0.00902812414731019 4.51412783604047
0.00909678205052913 4.54845530983599
0.00916492559715078 4.58252565986416
0.00923256617749696 4.61634457851347
0.00929971476757877 4.6499175511918
0.00936638194989376 4.68324986671281
0.00943257793289977 4.71634662702637
0.00949831256926692 4.74921275632784
0.00956359537300012 4.78185300960832
0.00962843553551644 4.81427198070422
0.00969284194075423 4.84647410979302
0.00975682317938432 4.87846369054986
0.00982038756218775 4.91024487678779
0.00988354313265885 4.94182168876881
0.009946297678888 4.97319801913918
0.0100086587447736 5.00437763852556
0.0100706336406091 5.03536420082384
0.0101322294530869 5.06616124820069
0.0101934530547583 5.09677221580949
0.0102543111129849 5.12720043627586
0.0103148100984143 5.15744914391986
0.0103749562930114 5.18752147876892
0.0104347557976726 5.21742049036851
0.0104942145394495 5.24714914140331
0.0105533382784064 5.27671031107309
0.0106121326141334 5.30610679840808
0.0106706029919371 5.33534132532528
0.0107287547087272 5.36441653957583
0.0107865929186173 5.39333501755896
0.0108441226382574 5.42209926695549
0.0109013487519122 5.45071172930055
0.0109582760163016 5.47917478237273
0.0110149090652153 5.50749074252217
0.0110712524139153 5.53566186684326
0.0111273104633375 5.56369035531766
0.0111830875041039 5.59157835276672
0.0112385877203557 5.61932795081083
0.0112938151934163 5.64694118966522
0.0113487739052942 5.67442005991748
0.0114034677420344 5.70176650419591
0.0114579004969247 5.72898241876396
0.0115120758735663 5.75606965503995
0.0115659974888153 5.78303002110937
0.0116196688756001 5.80986528310096
0.0116730934856234 5.83657716653465
0.0117262746919525 5.86316735763982
0.0117792157915053 5.88963750457907
0.0118319200074352 5.91598921863198
0.0118843904914212 5.94222407536913
0.0119366303258676 5.96834361573771
0.0119886425260173 5.99434934709223
0.0120404300419824 6.02024274425187
0.0120919957606976 6.04602525044595
0.0121433425077977 6.07169827826434
0.0121944730494253 6.09726321057083
0.0122453900939688 6.12272140134491
0.0122960962937377 6.14807417653423
0.0123465942465742 6.17332283486896
0.0123968864974066 6.19846864863311
0.0124469755397461 6.22351286439472
0.0124968638171296 6.24845670375294
0.0125465537245104 6.27330136400926
0.0125960476096004 6.2980480188601
0.0126453477741643 6.32269781904201
0.0126944564752685 6.34725189292324
0.0127433759264875 6.37171134714801
0.0127921082990679 6.39607726720946
0.0128406557230528 6.42035071798799
0.0128890202883688 6.44453274431378
0.0129372040458754 6.46862437149031
0.0129852090083799 6.49262660580066
0.0130330371516189 6.51654043498998
0.0130806904152067 6.54036682874757
0.0131281707035536 6.56410673918066
0.0131754798867537 6.58776110121695
0.0132226198014447 6.61133083308031
0.0132695922516396 6.63481683667608
0.0133163990095327 6.65821999798996
0.0133630418162795 6.68154118752382
0.0134095223827525 6.70478126061345
0.0134558423902738 6.72794105782917
0.0135020034913245 6.7510214053332
0.0135480073102324 6.77402311519711
0.0135938554438396 6.79694698576121
0.0136395494621487 6.81979380195765
0.0136850909089505 6.84256433559306
0.0137304813024323 6.86525934569925
0.0137757221357689 6.88787957878459
0.0138208148776951 6.91042576915921
0.013865760973063 6.93289863917214
0.0139105618433812 6.95529889950508
0.0139552188873402 6.97762724945357
0.0139997334813216 6.99988437712976
0.0140441069798931 7.02207095977862
0.0140883407162896 7.04418766393943
0.0141324360028802 7.06623514574689
0.0141763941316233 7.08821405113082
0.0142202163745075 7.11012501601993
0.0142639039839816 7.13196866660051
0.0143074581933722 7.15374561948542
0.0143508802172896 7.17545648191294
0.0143941712520234 7.19710185198966
0.0144373324759271 7.21868231885024
0.0144803650497921 7.24019846284085
0.014523270117212 7.2616508557197
0.0145660488049377 7.28304006081446
0.0146087022232217 7.30436663319814
0.0146512314661554 7.32563111989417
0.0146936376119957 7.34683405997353
0.0147359217234845 7.36797598478114
0.0147780848481593 7.38905741804374
0.0148201280186559 7.41007887604976
0.0148620522530037 7.43104086776267
0.0149038585549132 7.45194389501963
0.0149455479140564 7.47278845260569
0.0149871213063402 7.49357502845363
0.0150285796941728 7.5143041037306
0.015069924026724 7.53497615298841
0.0151111552401785 7.55559164428989
0.0151522742579831 7.57615103933007
0.0151932819910884 7.59665479354929
0.0152341793381842 7.6171033562733
0.0152749671859288 7.63749717079406
0.0153156464091741 7.6578366745129
0.015356217871184 7.67812229904134
0.0153966824238481 7.69835447028236
0.0154370409078908 7.71853360858992
0.0154772941530749 7.73866012881914
0.0155174429784005 7.75873444042814
0.0155574881922997 7.77875694762268
0.0155974305928264 7.79872804941146
0.0156372709678419 7.8186481396918
0.0156770100951962 7.83851760736897
0.0157166487429052 7.85833683643864
0.0157561876693239 7.87810620604299
0.0157956276233158 7.89782609059566
0.015834969344418 7.91749685984895
0.0158742135630035 7.93711887897223
0.0159133610004392 7.95669250862663
0.0159524123692405 7.97621810505456
0.0159913683732226 7.99569602014036
0.0160302297076488 8.01512660149343
0.0160689970593751 8.03451019253702
0.0161076711069916 8.05384713254246
0.0161462525209615 8.07313775672009
0.0161847419637566 8.09238239628806
0.0162231400899898 8.11158137854788
0.0162614475465452 8.13073502692034
0.0162996649727054 8.14984366102478
0.0163377930002755 8.16890759675955
0.0163758322537055 8.18792714632717
0.0164137833502094 8.20690261832515
0.0164516468998818 8.22583431777523
0.0164894235058128 8.2447225462173
0.0165271137641997 8.26356760173693
0.0165647182644572 8.28236977902624
0.0166022375893243 8.30112936944207
0.0166396723149703 8.31984666105487
0.0166770230110977 8.33852193870038
0.0167142902410436 8.35715548403538
0.0167514745618784 8.37574757559014
0.0167885765245034 8.39429848879957
0.0168255966737459 8.41280849606851
0.0168625355484523 8.4312778668025
0.0168993936815801 8.44970686747276
0.0169361716002872 8.46809576165101
0.0169728698260198 8.4864448100406
0.0170094888745993 8.50475427055262
0.0170460292563061 8.52302439830905
0.0170824914759631 8.54125544570387
0.0171188760330168 8.55944766246548
0.0171551834216173 8.57760129565376
0.0171914141306964 8.59571658972259
0.0172275686440447 8.61379378656223
0.0172636474403867 8.63183312552132
0.0172996509934549 8.6498348434528
0.0173355797720624 8.66779917476669
0.0173714342401739 8.68572635142484
0.017407214856976 8.70361660301426
0.0174429220769455 8.72147015677564
0.0174785563499168 8.73928723760665
0.0175141181211481 8.75706806812981
0.0175496078313862 8.77481286871038
0.0175850259169305 8.79252185749421
0.0176203728096952 8.81019525043554
0.017655648937271 8.82783326130474
0.0176908547229854 8.84543610177193
0.017725990585962 8.86300398138542
0.0177610569411787 8.88053710763893
0.0177960541995246 8.89803568595796
0.0178309827678569 8.91549991976663
0.0178658430490552 8.93293001049937
0.0179006354420764 8.95032615762372
0.0179353603420075 8.96768855868155
0.0179700181401185 8.98501740929735
0.0180046092239131 9.00231290322538
0.0180391339771799 9.01957523234442
0.0180735927800418 9.03680458671588
0.0181079860090047 9.05400115458249
0.0181423140370058 9.07116512240796
0.0181765772334607 9.08829667488855
0.0182107759643095 9.10539599500096
0.0182449105920628 9.12246326398839
0.0182789814758463 9.13949866140932
0.0183129889714449 9.15650236515114
0.0183469334313461 9.17347455144531
0.0183808152047826 9.19041539489797
0.0184146346377743 9.20732506854478
0.0184483920731695 9.22420374377928
0.0184820878506851 9.24105159045436
0.0185157223069472 9.2578687768854
0.0185492957755297 9.2746554698557
0.0185828085869931 9.29141183464982
0.0186162610689228 9.30813803503907
0.0186496535459657 9.3248342333478
0.0186829863398679 9.34150059043681
0.01871625976951 9.3581372657505
0.0187494741509434 9.37474441731439
0.0187826297974248 9.39132220174458
0.0188157270194511 9.40787077428596
0.0188487661247928 9.42439028881841
0.0188817474185279 9.44088089788831
0.0189146712030747 9.45734275268594
0.0189475377782236 9.47377600311425
0.0189803474411699 9.49018079775735
0.0190131004865441 9.50655728393015
0.0190457972064438 9.52290560768092
0.0190784378904631 9.53922591379915
0.0191110228257233 9.55551834585029
0.0191435522969021 9.57178304616006
0.0191760265862624 9.58802015585308
0.0192084459736812 9.60422981487482
0.0192408107366777 9.62041216197037
0.0192731211504407 9.6365673347349
0.0193053774878563 9.65269546961043
0.0193375800195346 9.66879670191272
0.0193697290138362 9.68487116579619
0.0194018247368982 9.70091899433675
0.0194338674526601 9.71694031949686
0.0194658574228891 9.73293527215897
0.0194977949072047 9.74890398213571
0.019529680163104 9.76484657816354
0.019561513445985 9.78076318794425
0.0195932950091713 9.79665393812729
0.0196250251039352 9.8125189543527
0.0196567039795208 9.82835836123915
0.0196883318831671 9.84417228241086
0.0197199090601303 9.85996084047563
0.0197514357537064 9.875724157095
0.0197829122052524 9.89146235294245
0.0198143386542084 9.90717554772953
0.0198457153381186 9.92286386022154
0.0198770424926524 9.93852740827628
0.0199083203516249 9.95416630876111
0.0199395491470173 9.96978067768544
0.0199707291089972 9.98537063012919
0.020001860465938 10.0009362802732
0.0200329434444386 10.0164777414201
0.0200639782693428 10.0319951259806
0.0200949651637581 10.0474885455141
0.0201259043490744 10.0629581107197
0.0201567960449824 10.0784039314211
0.0201876404694922 10.0938261166275
0.0202184378389506 10.1092247745209
0.0202491883680594 10.1246000124363
0.0202798922698925 10.1399519369243
0.0203105497559133 10.1552806537002
0.0203411610359917 10.1705862677041
0.0203717263184206 10.1858688830742
0.0204022458099328 10.2011286031808
0.0204327197157171 10.2163655306133
0.0204631482394345 10.2315797672035
0.0204935315832338 10.2467714140248
0.0205238699477679 10.2619405714026
0.0205541635322084 10.2770873389069
0.0205844125342616 10.2922118154052
0.0206146171501832 10.3073140990079
0.0206447775747931 10.3223942871431
0.0206748940014904 10.3374524764993
0.0207049666222675 10.3524887630628
0.0207349956277244 10.3675032421351
0.0207649812070832 10.3824960083394
0.0207949235482016 10.3974671555821
0.0208248228375867 10.4124167771336
0.0208546792604087 10.4273449655632
0.0208844930005142 10.4422518127965
0.0209142642404393 10.4571374101087
0.0209439931614229 10.4720018481133
0.0209736799434192 10.4868452167783
0.021003324765111 10.5016676054457
0.0210329278039214 10.5164691028195
0.021062489236027 10.5312497969998
0.0210920092363697 10.546009775452
0.0211214879786688 10.5607491250359
0.021150925635433 10.5754679320063
0.0211803223779724 10.5901662820152
0.0212096783764097 10.6048442601164
0.0212389937996919 10.619501950786
0.0212682688156017 10.6341394379045
0.0212975035907686 10.6487568048092
0.02132669829068 10.6633541342171
0.0213558530796922 10.6779315083228
0.0213849681210412 10.6924890087353
0.021414043576853 10.7070267165068
0.0214430796081548 10.7215447121638
0.0214720763748848 10.7360430756748
0.0215010340359028 10.7505218864593
0.0215299527490001 10.764981223418
0.02155883267091 10.7794211649197
0.0215876739573172 10.7938417887819
0.0216164767628678 10.8082431723541
0.0216452412411791 10.8226253924303
0.0216739675448488 10.8369885253166
0.0217026558254649 10.8513326468023
0.0217313062336148 10.8656578321736
0.0217599189188945 10.8799641562333
0.0217884940299175 10.8942516933053
0.0218170317143245 10.9085205171725
0.0218455321187914 10.9227707011959
0.021873995389039 10.9370023182202
0.0219024216698409 10.9512154406415
0.0219308111050324 10.9654101403691
0.0219591638375194 10.9795864888666
0.021987480009286 10.9937445571136
0.0220157597614034 11.007884415655
0.022044003234038 11.0220061345654
0.0220722105664592 11.0361097834759
0.0221003818970477 11.0501954315826
0.0221285173633035 11.0642631476274
0.0221566171018534 11.0783129999291
0.0221846812484589 11.0923450563687
0.0222127099380241 11.1063593843961
0.0222407033046027 11.1203560510374
0.0222686614814062 11.1343351228828
0.0222965846008106 11.1482966661431
0.0223244727943641 11.1622407465799
0.0223523261927943 11.1761674295531
0.0223801449260154 11.1900767800277
0.022407929123135 11.203968862553
0.0224356789124614 11.217843741273
0.0224633944215102 11.2317014799534
0.0224910757770115 11.2455421419614
0.0225187231049164 11.2593657902573
0.0225463365304037 11.2731724874496
0.0225739161778868 11.2869622957377
0.0226014621710197 11.3007352769378
0.0226289746327041 11.3144914925159
0.0226564536850951 11.3282310035249
0.0226838994496083 11.3419538707043
0.0227113120469254 11.3556601543632
0.0227386915970007 11.3693499145006
0.0227660382190674 11.3830232107196
0.0227933520316432 11.3966801022749
0.0228206331525365 11.4103206480831
0.0228478816988525 11.4239449066901
0.022875097786999 11.4375529363022
0.0229022815326919 11.4511447947703
0.0229294330509614 11.464720539606
0.0229565524561571 11.4782802279963
0.0229836398619544 11.4918239167753
0.0230106953813594 11.5053516624352
0.0230377191267145 11.5188635211461
0.0230647112097043 11.5323595487652
0.0230916717413603 11.5458398007991
0.0231186008320667 11.5593043324304
0.0231454985915658 11.5727531985432
0.0231723651289626 11.5861864536817
0.0231992005527306 11.5996041520915
0.0232260049707164 11.6130063476789
0.0232527784901453 11.6263930940654
0.0232795212176258 11.6397644445544
0.0233062332591547 11.6531204521422
0.0233329147201223 11.6664611695207
0.0233595657053168 11.6797866491015
0.0233861863189294 11.6930969429683
0.0234127766645589 11.7063921029041
0.0234393368452166 11.7196721804306
0.0234658669633308 11.7329372267583
0.0234923671207512 11.7461872928121
0.0235188374187539 11.7594224292286
0.0235452779580458 11.7726426863556
0.0235716888387688 11.7858481142667
0.0235980701605044 11.7990387627529
0.0236244220222782 11.8122146813354
0.0236507445225641 11.8253759192366
0.0236770377592886 11.8385225254256
0.0237033018298349 11.8516545485983
0.0237295368310475 11.8647720371562
0.0237557428592362 11.8778750392813
0.0237819200101798 11.8909636028481
0.023808068379131 11.9040377754797
0.0238341880608196 11.917097604551
0.0238602791494571 11.9301431371602
0.0238863417387405 11.9431744201447
0.023912375921856 11.956191500116
0.0239383817914834 11.9691944234101
0.0239643594397991 11.9821832361237
0.0239903089584811 11.9951579840653
0.0240162304387114 12.0081187128406
0.0240421239711811 12.0210654677925
0.024067989646093 12.0339982940382
0.024093827553166 12.0469172364217
0.0241196377816381 12.0598223395561
0.0241454204202707 12.0727136478487
0.0241711755573517 12.0855912054113
0.0241969032806991 12.0984550561671
0.0242226036776643 12.1113052437862
0.0242482768351363 12.1241418117257
0.0242739228395442 12.1369648031845
0.024299541776861 12.1497742611494
0.0243251337326072 12.1625702283888
0.0243506987918539 12.1753527474263
0.0243762370392258 12.1881218605917
0.024401748558905 12.2008776099734
0.0244272334346341 12.2136200374257
0.024452691749719 12.2263491846107
0.0244781235870326 12.2390650929601
0.0245035290290178 12.2517678037052
0.0245289081576903 12.2644573578527
0.0245542610546422 12.2771337961889
0.0245795878010447 12.2897971592996
0.0246048884776512 12.3024474875605
0.0246301631648003 12.3150848211472
0.024655411942419 12.3277092000178
0.0246806348900254 12.3403206639381
0.0247058320867315 12.3529192524501
0.0247310036112464 12.3655050049195
0.0247561495418792 12.3780779604931
0.0247812699565416 12.3906381581353
0.0248063649327506 12.4031856366038
0.0248314345476317 12.4157204344564
0.0248564788779216 12.4282425900635
0.0248814979999704 12.4407521415897
0.0249064919897452 12.4532491270265
0.0249314609228319 12.4657335841739
0.0249564048744385 12.4782055506246
0.0249813239193975 12.4906650637982
0.0250062181321685 12.5031121609176
0.0250310875868409 12.5155468790416
0.0250559323571362 12.527969255011
0.0250807525164111 12.5403793255263
0.0251055481376593 12.5527771270662
0.0251303192935148 12.5651626959679
0.0251550660562537 12.5775360683404
0.0251797884977969 12.5898972801734
0.0252044866897128 12.6022463672265
0.0252291607032193 12.6145833651225
0.0252538106091865 12.626908309289
0.0252784364781387 12.6392212349904
0.0253030383802575 12.6515221773099
0.0253276163853832 12.663811171183
0.0253521705630177 12.6760882513627
0.0253767009823267 12.6883534524176
0.025401207712142 12.7006068087574
0.0254256908209635 12.7128483546554
0.0254501503769616 12.7250781241781
0.0254745864479797 12.7372961512401
0.0254989991015358 12.7495024696254
0.0255233884048252 12.7616971129075
0.0255477544247225 12.7738801145452
0.0255720972277834 12.7860515078063
0.0255964168802475 12.798211325791
0.0256207134480397 12.8103596014836
0.0256449869967728 12.8224963676873
0.0256692375917493 12.8346216570441
0.0256934652979636 12.8467355020667
0.0257176701801038 12.8588379350944
0.025741852302554 12.8709289883052
0.0257660117293961 12.8830086937481
0.0257901485244119 12.8950770833166
0.0258142627510851 12.9071341887515
0.0258383544726029 12.919180041651
0.0258624237518584 12.9312146734525
0.0258864706514522 12.9432381154553
0.0259104952336946 12.9552503988207
0.0259344975606071 12.967251554561
0.0259584776939244 12.9792416135343
0.0259824356950966 12.9912206064765
0.0260063716252905 13.0031885639664
0.0260302855453917 13.015145516445
0.0260541775160065 13.0270914942073
0.0260780475974635 13.0390265274377
0.0261018958498154 13.0509506461409
0.0261257223328409 13.06286388022
0.0261495271060463 13.0747662594157
0.0261733102286674 13.0866578133488
0.0261970717596708 13.0985385715141
0.0262208117577564 13.1104085632476
0.0262445302813582 13.1222678177763
0.0262682273886465 13.1341163641799
0.0262919031375296 13.1459542314213
0.0263155575856551 13.1577814482993
0.0263391907904119 13.1695980435325
0.0263628028089316 13.1814040456835
0.0263863936980902 13.193199483194
0.0264099635145095 13.2049843843639
0.0264335123145592 13.2167587773712
0.0264570401543578 13.2285226902826
0.0264805470897747 13.2402761510462
0.0265040331764315 13.2520191874567
0.0265274984697036 13.2637518271988
0.0265509430247215 13.2754740978412
0.0265743668963727 13.2871860268358
0.0265977701393031 13.2988876414986
0.0266211528079183 13.3105789690501
0.0266445149563849 13.3222600365484
0.0266678566386327 13.3339308709641
0.0266911779083555 13.3455914991381
0.0267144788190125 13.3572419478167
0.0267377594238304 13.3688822436037
0.0267610197758039 13.3805124129911
0.0267842599276981 13.3921324823681
0.0268074799320489 13.4037424779955
0.0268306798411653 13.4153424260582
0.0268538597071299 13.4269323525562
0.026877019581801 13.438512283446
0.0269001595168137 13.4500822445267
0.026923279563581 13.4616422615072
0.0269463797732955 13.4731923599964
0.0269694601969304 13.4847325654728
0.0269925208852412 13.4962629033111
0.0270155618887665 13.507783398775
0.0270385832578298 13.5192940770456
0.0270615850425404 13.5307949631663
0.027084567292795 13.542286082088
0.0271075300582785 13.553767458655
0.0271304733884657 13.5652391175949
0.0271533973326225 13.5767010835402
0.0271763019398068 13.5881533810215
0.0271991872588701 13.5995960344754
0.0272220533384584 13.6110290682044
0.0272449002270137 13.6224525064538
0.0272677279727749 13.6338663733292
0.0272905366237794 13.6452706928505
0.0273133262278638 13.6566654889434
0.0273360968326654 13.6680507854142
0.0273588484856232 13.679426605999
0.0273815812339792 13.690792974287
0.0274042951247793 13.7021499138347
0.0274269902048747 13.7134974480459
0.0274496665209231 13.7248356002571
0.0274723241193892 13.7361643937057
0.0274949630465467 13.7474838515219
0.0275175833484785 13.7587939967505
0.0275401850710788 13.7700948523396
0.0275627682600531 13.7813864411357
0.0275853329609202 13.7926687859078
0.0276078792190126 13.8039419093116
0.027630407079478 13.8152058339244
0.0276529165872801 13.8264605822299
0.0276754077872 13.8377061766124
0.0276978807238366 13.8489426393839
0.0277203354416082 13.8601699927416
0.0277427719847535 13.8713882588117
0.0277651903973323 13.8825974596147
0.0277875907232265 13.8937976170912
0.0278099730061416 13.9049887531136
0.0278323372896072 13.9161708894129
0.0278546836169781 13.9273440476938
0.0278770120314354 13.9385082495515
0.0278993225759875 13.9496635164682
0.0279216152934707 13.9608098698751
0.0279438902265507 13.971947331109
0.0279661474177232 13.983075921401
0.0279883869093149 13.99419566193
0.0280106087434845 14.0053065737617
0.0280328129622236 14.0164086779025
0.0280549996073576 14.0275019952611
0.0280771687205466 14.0385865466771
0.0280993203432866 14.0496623528791
0.0281214545169098 14.0607294345483
0.0281435712825861 14.0717878122692
0.0281656706813238 14.0828375065287
0.0281877527539703 14.0938785377613
0.0282098175412132 14.1049109263238
0.0282318650835811 14.1159346924573
0.0282538954214444 14.1269498563658
0.0282759085950163 14.1379564381543
0.0282979046443537 14.1489544578326
0.0283198836093577 14.1599439353708
0.0283418455297749 14.1709248906303
0.0283637904451978 14.1818973433984
0.0283857183950661 14.192861313415
0.0284076294186671 14.2038168203235
0.0284295235551367 14.214763883688
0.0284514008434604 14.2257025229921
0.0284732613224738 14.2366327576569
0.0284951050308635 14.2475546070299
0.028516932007168 14.2584680903778
0.0285387422897784 14.2693732269035
0.0285605359169391 14.2802700357204
0.0285823129267491 14.291158535876
0.0286040733571618 14.3020387463559
0.0286258172459867 14.3129106860571
0.0286475446308898 14.3237743738223
0.0286692555493943 14.3346298284034
0.0286909500388813 14.3454770685042
0.028712628136591 14.3563161127196
0.0287342898796229 14.3671469796206
0.0287559353049367 14.377969687677
0.0287775644493533 14.3887842552963
0.0287991773495551 14.39959070083
0.0288207740420873 14.4103890425383
0.0288423545633579 14.4211792986369
0.028863918949639 14.4319614872541
0.0288854672370674 14.4427356264635
0.0289069994616449 14.4535017342745
0.0289285156592396 14.4642598286015
0.0289500158655861 14.4750099273283
0.0289715001162867 14.4857520482472
0.0289929684468114 14.496486209085
0.0290144208924994 14.5072124275226
0.0290358574885589 14.5179307211748
0.0290572782700685 14.5286411075608
0.0290786832719777 14.5393436041641
0.0291000725291072 14.5500382283964
0.0291214460761499 14.5607249975928
0.0291428039476716 14.5714039290539
0.0291641461781115 14.5820750399793
0.0291854728017826 14.5927383475536
0.0292067838528731 14.6033938688343
0.0292280793654462 14.6140416208822
0.0292493593734413 14.6246816206542
0.0292706239106742 14.6353138850579
0.0292918730108381 14.6459384309445
0.0293131067075042 14.6565552750934
0.0293343250341221 14.6671644342304
0.0293555280240203 14.6777659250277
0.0293767157104073 14.6883597640865
0.0293978881263719 14.6989459679537
0.0294190453048837 14.709524553097
0.0294401872787939 14.7200955359632
0.0294613140808358 14.7306589329049
0.0294824257436255 14.7412147602383
0.0295035222996624 14.7517630342107
0.0295246037813297 14.7623037710136
0.029545670220895 14.7728369867719
0.0295667216505112 14.7833626975792
0.0295877581022166 14.7938809194402
0.0296087796079358 14.8043916683247
0.0296297861994801 14.8148949601321
0.0296507779085481 14.8253908107208
0.0296717547667263 14.8358792358784
0.0296927168054896 14.8463602513482
0.029713664056202 14.8568338727946
0.0297345965501168 14.86730011586
0.0297555143183776 14.8777589961171
0.0297764173920184 14.8882105290739
0.0297973058019646 14.8986547301891
0.0298181795790329 14.9090916148946
0.0298390387539327 14.9195211985182
0.0298598833572656 14.9299434963715
0.029880713419527 14.9403585237063
0.0299015289711056 14.950766295712
0.0299223300422848 14.9611668275365
0.0299431166632426 14.9715601342629
0.0299638888640522 14.9819462309124
0.0299846466746829 14.9923251324965
0.0300053901250003 15.002696853937
0.0300261192447666 15.0130614101171
0.0300468340636416 15.0234188158617
0.0300675346111829 15.033769085953
0.0300882209168461 15.0441122351105
0.0301088930099861 15.0544482780354
0.0301295509198568 15.0647772293235
0.0301501946756119 15.0750991035707
0.0301708243063053 15.0854139152905
0.030191439840892 15.0957216789742
0.0302120413082277 15.1060224090458
0.0302326287370702 15.116316119878
0.0302532021560792 15.1266028258128
0.0302737615938171 15.136882541123
0.0302943070787494 15.1471552800361
0.0303148386392452 15.1574210567592
0.0303353563035773 15.1676798854006
0.0303558600999234 15.1779317800671
0.0303763500563658 15.1881767547864
0.0303968262008921 15.1984148235619
0.0304172885613959 15.2086460003433
0.0304377371656771 15.2188702990197
0.0304581720414419 15.2290877334473
0.030478593216304 15.239298317434
0.0304990007177844 15.2495020647569
0.0305193945733123 15.259698989095
0.0305397748102252 15.2698891041418
0.0305601414557694 15.2800724235212
0.0305804945371006 15.2902489608055
0.030600834081284 15.3004187295275
0.0306211601152952 15.3105817431687
0.03064147266602 15.3207380151795
0.0306617717602555 15.3308875589622
0.0306820574247097 15.341030387868
0.0307023296860028 15.3511665152003
0.030722588570667 15.361295954226
0.030742834105147 15.3714187181647
0.0307630663158006 15.3815348202074
0.0307832852288989 15.3916442734756
0.0308034908706269 15.4017470910835
0.0308236832670837 15.4118432860548
0.0308438624442829 15.4219328714125
0.0308640284281532 15.4320158601208
0.0308841812445385 15.4420922650932
0.0309043209191985 15.4521620992117
0.0309244474778092 15.4622253753091
0.0309445609459627 15.4722821062016
0.0309646613491684 15.4823323046323
0.0309847487128526 15.4923759832999
0.0310048230623596 15.5024131548939
0.0310248844229514 15.5124438320503
0.0310449328198085 15.5224680273374
0.0310649682780301 15.5324857533159
0.0310849908226346 15.5424970225008
0.0311050004785598 15.5525018473579
0.0311249972706634 15.5625002403148
0.0311449812237232 15.5724922137548
0.0311649523624377 15.5824777800351
0.0311849107114262 15.5924569514666
0.0312048562952292 15.6024297403079
0.0312247891383092 15.6123961587997
0.0312447092650501 15.6223562191415
0.0312646166997586 15.632309933464
0.0312845114666638 15.6422573138849
0.0313043935899179 15.6521983725009
0.0313242630935965 15.6621331213455
0.0313441200016987 15.6720615724132
0.0313639643381479 15.681983737658
0.0313837961267917 15.6918996290099
0.0314036153914023 15.7018092583613
0.0314234221556771 15.7117126375429
0.0314432164432389 15.7216097783677
0.0314629982776361 15.7315006926367
0.0314827676823431 15.7413853920731
0.0315025246807606 15.7512638883673
0.0315222692962161 15.7611361931814
0.031542001551964 15.7710023181649
0.031561721471186 15.7808622748784
0.0315814290769916 15.7907160749031
0.031601124392418 15.800563729745
0.0316208074404307 15.8104052508873
0.0316404782439238 15.8202406497815
0.0316601368257204 15.8300699378322
0.0316797832085727 15.8398931264143
0.0316994174151622 15.8497102268753
0.0317190394681006 15.859521250539
0.0317386493899294 15.8693262086446
0.0317582472031205 15.879125112441
0.0317778329300766 15.8889179731366
0.0317974065931315 15.898704801865
0.0318169682145502 15.9084856098042
0.0318365178165292 15.9182604080319
0.031856055421197 15.9280292075984
0.0318755810506143 15.9377920195549
0.0318950947267743 15.9475488548946
0.0319145964716029 15.9572997245741
0.0319340863069589 15.9670446395241
0.0319535642546348 15.9767836106425
0.0319730303363563 15.9865166487931
0.0319924845737835 15.9962437648108
0.0320119269885101 16.0059649694818
0.0320313576020648 16.0156802735785
0.0320507764359107 16.0253896878235
0.032070183511446 16.0350932229274
0.0320895788500044 16.0447908895559
0.0321089624728548 16.0544826983252
0.0321283344012021 16.064168659856
0.0321476946561876 16.0738487847131
0.0321670432588884 16.0835230834389
0.0321863802303188 16.0931915665415
0.0322057055914297 16.1028542444871
0.0322250193631093 16.1125111277225
0.0322443215661832 16.1221622266624
0.0322636122214146 16.1318075516888
0.0322828913495048 16.1414471131663
0.0323021589710934 16.1510809213837
0.0323214151067582 16.160708986652
0.0323406597770161 16.1703313192213
0.0323598930023228 16.1799479293208
0.032379114803073 16.1895588271585
0.0323983251996015 16.1991640228951
0.0324175242121822 16.2087635266507
0.0324367118610294 16.2183573485554
0.0324558881662976 16.2279454986902
0.0324750531480817 16.2375279870738
0.0324942068264174 16.2471048237381
0.0325133492212814 16.2566760186869
0.0325324803525914 16.2662415818582
0.032551600240207 16.2758015231892
0.0325707089039292 16.2853558525911
0.032589806363501 16.2949045799129
0.0326088926386075 16.3044477150175
0.0326279677488766 16.3139852677094
0.0326470317138783 16.3235172477695
0.032666084553126 16.333043664954
0.0326851262860759 16.3425645290059
0.0327041569321277 16.3520798496174
0.0327231765106247 16.3615896364479
0.0327421850408539 16.3710938991639
0.0327611825420465 16.3805926473553
0.0327801690333779 16.3900858906294
0.0327991445339679 16.3995736385509
0.0328181090628812 16.4090559006224
0.0328370626391274 16.4185326863856
0.0328560052816612 16.4280040052888
0.0328749370093827 16.4374698667995
0.0328938578411377 16.4469302803317
0.0329127677957177 16.4563852552755
0.0329316668918604 16.4658348010131
0.0329505551482497 16.4752789268834
0.0329694325835159 16.4847176421978
0.032988299216236 16.4941509562344
0.0330071550649341 16.5035788782784
0.0330260001480813 16.5130014175497
0.0330448344840958 16.5224185832558
0.0330636580913438 16.5318303845914
0.0330824709881388 16.5412368307069
0.0331012731927427 16.5506379307264
0.0331200647233651 16.5600336937638
0.0331388455981643 16.5694241288994
0.0331576158352471 16.5788092451779
0.033176375452669 16.5881890516321
0.0331951244684346 16.5975635572702
0.0332138629004975 16.6069327710628
0.0332325907667609 16.6162967019597
0.0332513080850775 16.6256553588967
0.0332700148732497 16.6350087507688
0.0332887111490299 16.6443568864425
0.0333073969301208 16.6536997747793
0.0333260722341753 16.6630374246166
0.0333447370787971 16.672369844736
0.0333633914815404 16.6816970439185
0.0333820354599104 16.6910190309182
0.0334006690313637 16.7003358144741
0.033419292213308 16.7096474032857
0.0334379050231024 16.7189538060234
0.033456507478058 16.7282550313402
0.0334750995954377 16.7375510878716
0.0334936813924565 16.7468419842344
0.0335122528862815 16.7561277290071
0.0335308140940325 16.7654083307554
0.0335493650327818 16.7746837980044
0.0335679057195546 16.7839541392651
0.0335864361713291 16.7932193630373
0.0336049564050366 16.8024794777804
0.0336234664375618 16.8117344919362
0.0336419662857431 16.8209844139277
0.0336604559663725 16.830229252147
0.0336789354961958 16.839469014967
0.0336974048919132 16.8487037107585
0.0337158641701787 16.857933347822
0.0337343133476012 16.8671579344672
0.0337527524407439 16.8763774789692
0.033771181466125 16.8855919896048
0.0337896004402174 16.8948014745845
0.0338080093794493 16.9040059421608
0.0338264083002042 16.9132054004894
0.0338447972188211 16.9223998577726
0.0338631761515944 16.9315893221252
0.0338815451147746 16.9407738016975
0.033899904124568 16.9499533045808
0.0339182531971371 16.9591278388502
0.0339365923486007 16.9682974125767
0.0339549215950341 16.9774620337846
0.0339732409524691 16.9866217105031
0.0339915504368944 16.9957764507258
0.0340098500642558 17.0049262624219
0.0340281398504559 17.0140711535438
0.0340464198113549 17.0232111320095
0.0340646899627703 17.0323462057562
0.0340829503204772 17.0414763826451
0.0341012009002084 17.050601670553
0.0341194417176548 17.0597220773206
0.0341376727884653 17.0688376107717
0.0341558941282469 17.077948278713
0.0341741057525652 17.0870540889394
0.0341923076769443 17.096155049188
0.0342104999168669 17.1052511672223
0.0342286824877746 17.1143424507593
0.034246855405068 17.1234289074826
0.034265018684107 17.1325105450881
0.0342831723402106 17.1415873712283
0.0343013163886574 17.1506593935487
0.0343194508446856 17.1597266196685
0.034337575723493 17.168789057169
0.0343556910402376 17.1778467136532
0.0343737968100373 17.1868995966716
0.03439189304797 17.1959477137662
0.0344099797690744 17.2049910724487
0.0344280569883493 17.214029680215
0.0344461247207544 17.223063544555
0.0344641829812101 17.2320926729178
0.0344822317845976 17.2411170727622
0.0345002711457593 17.2501367514872
0.0345183010794989 17.2591517165072
0.0345363216005814 17.2681619752066
0.0345543327237332 17.2771675349529
0.0345723344636424 17.2861684030694
0.0345903268349588 17.2951645869003
0.0346083098522944 17.3041560937496
0.0346262835302229 17.3131429308912
0.0346442478832805 17.3221251056092
0.0346622029259654 17.3311026251494
0.0346801486727387 17.3400754967342
0.0346980851380236 17.3490437275738
0.0347160123362065 17.3580073248787
0.0347339302816364 17.3669662958066
0.0347518389886254 17.3759206475239
0.0347697384714486 17.3848703871534
0.0347876287443447 17.39381552182
0.0348055098215155 17.4027560586485
0.0348233817171265 17.4116920046943
0.0348412444453068 17.420623367014
0.0348590980201492 17.4295501526811
0.0348769424557107 17.4384723687093
0.0348947777660121 17.447390022121
0.0349126039650385 17.4563031198946
0.0349304210667394 17.4652116690009
0.0349482290850285 17.4741156764091
0.0349660280337843 17.4830151490559
0.0349838179268498 17.491910093859
0.0350015987780331 17.500800517728
0.035019370601107 17.5096864275445
0.0350371334098094 17.5185678301897
0.0350548872178434 17.5274447324954
0.0350726320388775 17.5363171412993
0.0350903678865457 17.5451850634325
0.0351080947744473 17.5540485056865
0.0351258127161476 17.5629074748472
0.0351435217251774 17.5717619776754
0.0351612218150336 17.5806120209222
0.0351789129991791 17.589457611319
0.0351965952910431 17.5982987555846
0.0352142687040208 17.6071354604135
0.0352319332514741 17.6159677324773
0.0352495889467313 17.6247955784369
0.0352672358030872 17.6336190049682
0.0352848738338036 17.6424380186713
0.0353025030521089 17.6512526261796
0.0353201234711988 17.6600628340868
0.0353377351042358 17.6688686489638
0.0353553379643499 17.677670077391
0.0353729320646382 17.6864671259046
0.0353905174181653 17.6952598010405
0.0354080940379635 17.704048109317
0.0354256619370325 17.712832057229
0.0354432211283401 17.7216116512654
0.0354607716248217 17.7303868979012
0.0354783134393809 17.739157803575
0.0354958465848893 17.7479243747229
0.0355133710741869 17.7566866177639
0.0355308869200818 17.7654445391181
0.0355483941353507 17.7741981451557
0.0355658927327389 17.7829474422558
0.0355833827249601 17.7916924367727
0.0356008641246971 17.8004331350666
0.0356183369446013 17.8091695434389
0.0356358011972932 17.8179016682059
0.0356532568953626 17.8266295156628
0.0356707040513681 17.83535309211
0.0356881426778378 17.844072403788
0.0357055727872693 17.8527874569499
0.0357229943921295 17.8614982578196
0.0357404075048551 17.8702048126251
0.0357578121378524 17.8789071275719
0.0357752083034976 17.8876052088444
0.0357925960141368 17.8962990626329
0.0358099752820861 17.9049886950769
0.0358273461196317 17.913674112307
0.0358447085390301 17.9223553204771
0.0358620625525082 17.9310323256969
0.0358794081722631 17.939705134059
0.0358967454104626 17.9483737516267
0.0359140742792451 17.9570381845206
0.0359313947907197 17.9656984387481
0.0359487069569665 17.9743545203684
0.0359660107900362 17.9830064354088
0.0359833063019508 17.9916541898674
0.0360005935047033 18.000297789751
0.0360178724102579 18.0089372410347
0.0360351430305503 18.0175725496804
0.0360524053774874 18.0262037216613
0.0360696594629476 18.0348307629007
0.0360869052987811 18.0434536793417
0.0361041428968096 18.0520724768798
0.0361213722688267 18.0606871614239
0.0361385934265979 18.0692977388325
0.0361558063818607 18.0779042150027
0.0361730111463244 18.086506595779
0.0361902077316709 18.0951048869844
0.036207396149554 18.1036990944918
0.0362245764116001 18.1122892240667
0.0362417485294078 18.1208752815301
0.0362589125145485 18.129457272637
0.036276068378566 18.1380352032022
0.036293216132977 18.1466090789689
0.0363103557892709 18.1551789056787
0.0363274873589099 18.1637446890664
0.0363446108533295 18.1723064348514
0.0363617262839379 18.1808641487224
0.0363788336621167 18.1894178363972
0.0363959329992206 18.1979675035339
0.0364130243065779 18.2065131557965
0.03643010759549 18.2150547988453
0.036447182877232 18.2235924383132
0.0364642501630527 18.2321260798112
0.0364813094641742 18.2406557289627
0.0364983607917929 18.2491813913981
0.0365154041570786 18.2577030726391
0.0365324395711753 18.2662207782868
0.036549467045201 18.2747345139222
0.0365664865902477 18.2832442850637
0.0365834982173817 18.2917500972513
0.0366005019376435 18.3002519560065
0.0366174977620482 18.3087498668416
0.036634485701585 18.317243835236
0.0366514657672179 18.3257338666817
0.0366684379698853 18.3342199666468
0.0366854023205005 18.3427021405821
0.0367023588299516 18.351180393952
0.0367193075091012 18.3596547321682
0.0367362483687873 18.3681251606528
0.0367531814198227 18.3765916848252
0.0367701066729953 18.3850543100679
0.0367870241390681 18.3935130417655
0.0368039338287796 18.4019678852769
0.0368208357528434 18.4104188459712
0.0368377299219487 18.4188659291906
0.0368546163467602 18.4273091402668
0.036871495037918 18.4357484845089
0.0368883660060379 18.4441839672394
0.0369052292617117 18.4526155937616
0.0369220848155067 18.4610433693401
0.0369389326779663 18.4694672992437
0.0369557728596096 18.4778873887639
0.036972605370932 18.4863036431073
0.036989430222405 18.4947160675383
0.0370062474244762 18.503124667258
0.0370230569875694 18.5115294475
0.037039858922085 18.5199304134667
0.0370566532383996 18.5283275703364
0.0370734399468664 18.536720923266
0.0370902190578151 18.5451104774553
0.0371069905815521 18.553496238028
0.0371237545283605 18.5618782101509
0.0371405109085002 18.570256398948
0.037157259732208 18.5786308095198
0.0371740010096975 18.5870014469911
0.0371907347511596 18.5953683164526
0.0372074609667619 18.6037314229864
0.0372241796666494 18.6120907716653
0.0372408908609444 18.6204463675505
0.0372575945597463 18.6287982156857
0.0372742907731319 18.6371463211134
0.0372909795111556 18.6454906888771
0.0373076607838491 18.6538313239692
0.0373243346012219 18.6621682314108
0.037341000973261 18.6705014161844
0.0373576599099311 18.678830883274
0.0373743114211748 18.6871566376517
0.0373909555169125 18.695478684287
0.0374075922070426 18.70379702812
0.0374242215014415 18.7121116740888
0.0374408434099634 18.7204226271279
0.037457457942441 18.7287298921271
0.0374740651086851 18.7370334740279
0.0374906649184845 18.7453333777002
0.0375072573816068 18.7536296080494
0.0375238425077977 18.7619221699183
0.0375404203067814 18.770211068185
0.0375569907882607 18.7784963077202
0.0375735539619169 18.7867778933312
0.0375901098374101 18.7950558298775
0.0376066584243792 18.8033301221641
0.0376231997324416 18.8116007750068
0.0376397337711939 18.8198677931828
0.0376562605502114 18.8281311815063
0.0376727800790486 18.8363909447416
0.0376892923672388 18.8446470876381
0.0377057974242946 18.8528996149853
0.0377222952597079 18.8611485315037
0.0377387858829495 18.8693938419538
0.0377552693034699 18.8776355510343
0.0377717455306988 18.8858736634689
0.0377882145740452 18.8941081839626
0.0378046764428979 18.9023391172251
0.0378211311466251 18.9105664679069
0.0378375786945747 18.918790240712
0.0378540190960741 18.9270104403074
0.0378704523604307 18.9352270713176
0.0378868784969316 18.9434401384069
0.0379032975148438 18.9516496462085
0.0379197094234142 18.9598555993406
0.0379361142318698 18.9680580024215
0.0379525119494175 18.9762568600507
0.0379689025852444 18.9844521768172
0.0379852861485179 18.9926439572946
0.0380016626483854 19.0008322061017
0.0380180320939747 19.0090169277674
0.0380343944943941 19.0171981268277
0.0380507498587321 19.0253758078651
0.0380670981960578 19.0335499753973
0.0380834395154209 19.0417206339553
0.0380997738258514 19.0498877880441
0.0381161011363602 19.0580514421701
0.038132421455939 19.066211600842
0.03814873479356 19.0743682685292
0.0381650411581763 19.0825214497296
0.0381813405587221 19.0906711488858
0.0381976330041122 19.0988173704665
0.0382139185032426 19.1069601189102
0.0382301970649905 19.1150993986704
0.0382464686982137 19.1232352141748
0.0382627334117517 19.1313675698457
0.038278991214425 19.1394964700827
0.0382952421150354 19.1476219192902
0.0383114861223659 19.1557439218655
0.0383277232451811 19.1638624821858
0.0383439534922269 19.1719776046245
0.0383601768722309 19.1800892935471
0.0383763933939018 19.1881975532939
0.0383926030659305 19.1963023882236
0.0384088058969891 19.2044038026695
0.0384250018957317 19.2125018009559
0.0384411910707939 19.2205963874045
0.0384573734307935 19.2286875663349
0.0384735489843297 19.2367753420293
0.0384897177399841 19.2448597187877
0.0385058797063199 19.2529407008794
0.0385220348918826 19.261018292595
0.0385381833051996 19.2690924981887
0.0385543249547807 19.2771633219088
0.0385704598491176 19.285230768024
0.0385865879966844 19.2932948407495
0.0386027094059375 19.3013555443255
0.0386188240853156 19.3094128829523
0.0386349320432398 19.3174668608595
0.0386510332881137 19.3255174822472
0.0386671278283233 19.3335647513099
0.0386832156722374 19.3416086722204
0.0386992968282071 19.3496492491695
0.0387153713045663 19.3576864863126
0.0387314391096316 19.3657203878015
0.0387475002517024 19.3737509577937
0.0387635547390609 19.3817782004435
0.038779602579972 19.3898021198614
0.0387956437826837 19.3978227201858
0.0388116783554268 19.4058400055335
0.0388277063064153 19.4138539799923
0.0388437276438461 19.4218646476734
0.0388597423758992 19.429872012682
0.0388757505107379 19.4378760790775
0.0388917520565084 19.4458768509431
0.0389077470213404 19.4538743323458
0.038923735413347 19.46186852733
0.0389397172406243 19.4698594399648
0.038955692511252 19.4778470742728
0.0389716612332933 19.4858314342892
0.0389876234147947 19.4938125240256
0.0390035790637864 19.5017903475287
0.039019528188282 19.5097649087806
0.039035470796279 19.5177362117816
0.0390514068957584 19.5257042605261
0.0390673364946848 19.5336690589988
0.0390832596010069 19.5416306111882
0.0390991762226569 19.549588921019
0.039115086367551 19.5575439924883
0.0391309900435893 19.5654958295255
0.0391468872586559 19.5734444360736
0.0391627780206187 19.5813898160767
0.03917866233733 19.5893319734645
0.0391945402166258 19.597270912141
0.0392104116663265 19.6052066360113
0.0392262766942366 19.6131391489978
0.0392421353081448 19.6210684549832
0.039257987515824 19.6289945578441
0.0392738333250316 19.6369174614761
0.0392896727435092 19.6448371697438
0.0393055057789828 19.6527536865219
0.039321332439163 19.6606670156597
0.0393371527317448 19.6685771609783
0.0393529666644076 19.676484126354
0.0393687742448156 19.6843879156
0.0393845754806175 19.6922885325455
0.0394003703794467 19.7001859809922
0.0394161589489212 19.7080802647862
0.0394319411966438 19.7159713876953
0.0394477171302023 19.7238593535215
0.0394634867571691 19.7317441660585
0.0394792500851014 19.7396258290808
0.0394950071215416 19.7475043463613
0.0395107578740169 19.755379721649
0.0395265023500394 19.7632519587258
0.0395422405571065 19.771121061323
0.0395579725027004 19.778987033179
0.0395736981942887 19.7868498780473
0.039589417639324 19.7947095996305
0.0396051308452442 19.802566201662
0.0396208378194723 19.8104196878598
0.0396365385694168 19.818270061915
0.0396522331024714 19.8261173275201
0.0396679214260151 19.8339614883746
0.0396836035474126 19.8418025481495
0.0396992794740137 19.8496405105366
0.039714949213154 19.8574753791946
0.0397306127721544 19.8653071577792
0.0397462701583215 19.8731358499508
0.0397619213789475 19.880961459358
0.0397775664413103 19.8887839896308
0.0397932053526733 19.89660344441
0.0398088381202858 19.904419827309
0.039824464751383 19.9122331419549
0.0398400852531856 19.9200433919608
0.0398556996329003 19.9278505809056
0.0398713078977197 19.93565471242
0.0398869100548223 19.9434557900805
0.0399025061113727 19.951253817461
0.0399180960745212 19.9590487981416
0.0399336799514045 19.9668407357001
0.0399492577491452 19.9746296336768
0.0399648294748518 19.9824154956463
0.0399803951356195 19.9901983251441
0.0399959547385291 19.9979781257248
0.0400115082906481 20.0057549008981
0.04002705579903 20.0135286542162
0.0400425972707147 20.0212993891857
0.0400581327127284 20.0290671093125
0.0400736621320838 20.0368318181218
0.0400891855357797 20.0445935190938
0.0401047029308019 20.0523522157251
0.0401202143241221 20.0601079115177
0.0401357197226989 20.06786060994
0.0401512191334775 20.0756103144621
0.0401667125633893 20.0833570285584
0.0401822000193528 20.0911007556882
0.0401976815082728 20.0988414992817
0.0402131570370412 20.1065792628056
0.0402286266125363 20.1143140497044
0.0402440902416232 20.1220458633846
0.0402595479311541 20.1297747073022
0.0402749996879679 20.1375005848506
0.0402904455188901 20.1452234994592
0.0403058854307336 20.1529434545352
0.040321319430298 20.1606604534677
0.0403367475243699 20.1683744996502
0.040352169719723 20.1760855964832
0.0403675860231179 20.1837937473426
0.0403829964413024 20.1914989555886
0.0403984009810116 20.1992012245956
0.0404137996489675 20.2069005577361
0.0404291924518794 20.2145969583471
0.0404445793964439 20.2222904297968
0.0404599604893447 20.2299809754149
0.040475335737253 20.2376685985414
0.0404907051468271 20.2453533024969
0.040506068724713 20.2530350906016
0.0405214264775437 20.2607139661941
0.0405367784119399 20.2683899325678
0.0405521245345098 20.2760629930314
0.0405674648518489 20.2837331508841
0.0405827993705404 20.2914004094089
0.040598128097155 20.2990647718894
0.040613451038251 20.3067262416137
0.0406287682003743 20.3143848218664
0.0406440795900586 20.3220405158913
0.0406593852138252 20.3296933269609
0.040674685078183 20.3373432583192
0.0406899791896289 20.3449903132381
0.0407052675546475 20.352634494943
0.0407205501797112 20.3602758066718
0.0407358270712803 20.3679142516506
0.040751098235803 20.3755498331034
0.0407663636797153 20.383182554253
0.0407816234094412 20.3908124183067
0.0407968774313929 20.3984394284839
0.0408121257519704 20.4060635879859
0.0408273683775618 20.4136848999886
0.0408426053145431 20.4213033676759
0.0408578365692789 20.4289189942452
0.0408730621481214 20.4365317828788
0.0408882820574112 20.4441417367355
0.0409034963034772 20.4517488589736
0.0409187048926365 20.4593531527626
0.0409339078311943 20.4669546212477
0.0409491051254441 20.4745532675847
0.0409642967816681 20.4821490949141
0.0409794828061363 20.4897421063682
0.0409946632051076 20.4973323050675
0.0410098379848289 20.5049196941559
0.0410250071515359 20.512504276722
0.0410401707114525 20.5200860559173
0.0410553286707912 20.5276650348111
0.0410704810357531 20.5352412165149
0.0410856278125278 20.542814604133
0.0411007690072935 20.5503852007473
0.041115904626217 20.5579530094348
0.0411310346754539 20.5655180332965
0.0411461591611482 20.5730802753812
0.041161278089433 20.5806397387579
0.0411763914664297 20.5881964264901
0.0411914992982488 20.5957503416388
0.0412066015909895 20.6033014872477
0.0412216983507398 20.6108498663617
0.0412367895835766 20.6183954820178
0.0412518752955656 20.6259383372482
0.0412669554927615 20.6334784350935
0.0412820301812079 20.6410157785598
0.0412970993669374 20.6485503706683
0.0413121630559716 20.6560822144418
0.0413272212543211 20.6636113128634
0.0413422739679854 20.6711376689522
0.0413573212029535 20.6786612856852
0.0413723629652031 20.6861821660596
0.0413873992607012 20.6937003130634
0.041402430095404 20.7012157296713
0.0414174554752568 20.7087284188642
0.0414324754061941 20.7162383835916
0.0414474898941398 20.7237456268221
0.041462498945007 20.7312501515202
0.041477502564698 20.738751960623
0.0414925007591046 20.7462510570955
0.0415074935341079 20.7537474438531
0.0415224808955782 20.761241123859
0.0415374628493755 20.7687321000248
0.041552439401349 20.776220375266
0.0415674105573375 20.7837059525417
0.0415823763231693 20.7911888347366
0.0415973367046621 20.7986690247609
0.0416122917076232 20.8061465255162
0.0416272413378496 20.8136213399077
0.0416421856011276 20.8210934708222
0.0416571245032333 20.8285629211515
0.0416720580499326 20.8360296937735
0.0416869862469808 20.8434937915843
0.041701909100123 20.8509552174398
0.0417168266150941 20.8584139742168
0.0417317387976186 20.8658700647592
0.0417466456534109 20.8733234919396
0.0417615471881751 20.8807742586098
0.0417764434076053 20.888222367616
0.0417913343173853 20.8956678217946
0.0418062199231888 20.9031106240012
0.0418211002306793 20.9105507770389
0.0418359752455106 20.9179882837429
0.041850844973326 20.9254231469373
0.041865709419759 20.9328553694529
0.0418805685904332 20.9402849540839
0.041895422490962 20.9477119036548
0.041910271126949 20.9551362209456
0.0419251145039878 20.9625579087719
0.0419399526276622 20.9699769699097
0.0419547855035459 20.9773934071565
0.0419696131372032 20.9848072232826
0.041984435534188 20.992218421083
0.0419992527000449 20.999627003322
0.0420140646403084 21.0070329727541
0.0420288713605034 21.0144363321652
0.042043672866145 21.0218370842898
0.0420584691627387 21.0292352319016
0.0420732602557801 21.036630777739
0.0420880461507554 21.0440237245405
0.0421028268531411 21.0514140750498
0.0421176023684039 21.0588018320045
0.0421323727020012 21.066186998125
0.0421471378593806 21.0735695761407
0.0421618978459803 21.0809495687593
0.0421766526672289 21.0883269787068
0.0421914023285456 21.0957018086837
0.0422061468353401 21.1030740614056
0.0422208861930126 21.1104437395614
0.0422356204069539 21.1178108458598
0.0422503494825454 21.1251753829887
0.0422650734251592 21.1325373536211
0.0422797922401579 21.1398967604513
0.042294505932895 21.1472536061589
0.0423092145087143 21.1546078934118
0.0423239179729508 21.1619596248585
0.0423386163309298 21.1693088031831
0.0423533095879677 21.1766554310413
0.0423679977493715 21.1839995110727
0.0423826808204389 21.1913410459504
0.0423973588064587 21.1986800382985
0.0424120317127104 21.2060164907679
0.0424266995444644 21.2133504059791
0.0424413623069819 21.2206817865836
0.0424560200055152 21.2280106352024
0.0424706726453073 21.2353369544437
0.0424853202315923 21.242660746933
0.0424999627695954 21.2499820152886
0.0425146002645325 21.2573007621152
0.0425292327216108 21.2646169900074
0.0425438601460284 21.2719307015688
0.0425584825429745 21.279241899401
0.0425730999176294 21.2865505860819
0.0425877122751645 21.293856764203
0.0426023196207423 21.3011604363512
0.0426169219595166 21.3084616051011
0.0426315192966321 21.3157602730163
0.042646111637225 21.3230564426745
0.0426606989864225 21.3303501166281
0.0426752813493431 21.3376412974474
0.0426898587310966 21.3449299876883
0.042704431136784 21.3522161898992
0.0427189985714976 21.359499906618
0.0427335610403212 21.3667811403911
0.0427481185483298 21.3740598937647
0.0427626711005896 21.3813361692598
0.0427772187021585 21.3886099694051
0.0427917613580855 21.3958812967373
0.0428062990734114 21.4031501537746
0.042820831853168 21.4104165430336
0.042835359702379 21.4176804670156
0.0428498826260591 21.4249419282317
0.042864400629215 21.4322009291839
0.0428789137168446 21.4394574723694
0.0428934218939374 21.44671156029
0.0429079251654746 21.4539631954305
0.0429224235364288 21.4612123802834
0.0429369170117644 21.468459117333
0.0429514055964372 21.4757034090497
0.0429658892953949 21.4829452579058
0.0429803681135766 21.4901846663897
0.0429948420559132 21.4974216369433
0.0430093111273274 21.5046561720334
0.0430237753327335 21.5118882741267
0.0430382346770375 21.5191179456607
0.0430526891651374 21.5263451891011
0.0430671388019227 21.5335700068784
0.0430815835922748 21.5407924014481
0.043096023541067 21.548012375235
0.0431104586531644 21.5552299306703
0.0431248889334239 21.5624450701998
0.0431393143866943 21.5696577962311
0.0431537350178163 21.5768681111869
0.0431681508316226 21.5840760174898
0.0431825618329376 21.5912815175532
0.0431969680265779 21.5984846137641
0.043211369417352 21.6056853085567
0.0432257660100604 21.6128836043169
0.0432401578094955 21.6200795034342
0.0432545448204417 21.6272730083073
0.0432689270476758 21.6344641213269
0.0432833044959662 21.6416528448794
0.0432976771700738 21.6488391813413
0.0433120450747512 21.6560231330919
0.0433264082147434 21.6632047025002
0.0433407665947874 21.6703838919339
0.0433551202196126 21.6775607037461
0.0433694690939401 21.6847351403294
0.0433838132224837 21.6919072040176
0.0433981526099491 21.6990768971613
0.0434124872610343 21.7062442221257
0.0434268171804296 21.7134091812451
0.0434411423728175 21.7205717768561
0.0434554628428728 21.7277320113055
0.0434697785952627 21.7348898869139
0.0434840896346465 21.7420454060272
0.043498395965676 21.7491985709633
0.0435126975929953 21.7563493840348
0.0435269945212409 21.7634978475846
0.0435412867550417 21.7706439639075
0.043555574299019 21.7777877353155
0.0435698571577864 21.7849291641226
0.0435841353359501 21.792068252632
0.0435984088381086 21.7992050031341
0.0436126776688532 21.8063394179336
0.0436269418327672 21.8134714993276
0.0436412013344269 21.8206012495799
0.0436554561784008 21.8277286709939
0.04366970636925 21.8348537658461
0.0436839519115282 21.8419765364118
0.0436981928097818 21.8490969849696
0.0437124290685496 21.8562151137846
0.043726660692363 21.863330925128
0.0437408876857463 21.8704444212479
0.0437551100532162 21.8775556044303
0.043769327799282 21.8846644769009
0.0437835409284459 21.8917710409243
0.0437977494452027 21.8988752987472
0.0438119533540399 21.9059772526033
0.0438261526594377 21.9130769047456
0.0438403473658691 21.9201742574031
0.0438545374777999 21.9272693128108
0.0438687229996885 21.9343620731969
0.0438829039359863 21.9414525407994
0.0438970802911373 21.9485407178161
0.0439112520695787 21.9556266064837
0.04392541927574 21.9627102090094
0.0439395819140441 21.9697915276164
0.0439537399889063 21.9768705644956
0.0439678935047352 21.9839473218538
0.043982042465932 21.9910218019
0.043996186876891 21.998094006831
0.0440103267419993 22.0051639388405
0.0440244620656372 22.012231600111
0.0440385928521776 22.0192969928335
0.0440527191059868 22.0263601191951
0.0440668408314238 22.0334209813668
0.0440809580328407 22.0404795815381
0.0440950707145826 22.0475359218747
0.0441091788809878 22.0545900045333
0.0441232825363875 22.0616418316983
0.0441373816851061 22.0686914055097
0.044151476331461 22.075738728154
0.0441655664797627 22.0827838017608
0.0441796521343149 22.0898266285051
0.0441937332994144 22.0968672105197
0.0442078099793513 22.1039055499568
0.0442218821784085 22.1109416489531
0.0442359499008625 22.1179755096407
0.0442500131509829 22.1250071341691
0.0442640719330323 22.1320365246624
0.0442781262512667 22.1390636832428
0.0442921761099354 22.1460886120429
0.0443062215132808 22.1531113131811
0.0443202624655388 22.1601317887792
0.0443342989709383 22.1671500409462
0.0443483310337019 22.1741660718043
0.044362358658045 22.1811798834516
0.0443763818481769 22.188191477997
0.0443904006082998 22.1952008575334
0.0444044149426095 22.2022080241618
0.0444184248552952 22.2092129799772
0.0444324303505394 22.2162157270815
0.0444464314325179 22.2232162675468
0.0444604281054002 22.230214603464
0.0444744203733491 22.2372107369147
0.0444884082405208 22.2442046699849
0.044502391711065 22.2511964047355
0.044516370789125 22.2581859432507
0.0445303454788374 22.2651732875879
0.0445443157843324 22.2721584398116
0.0445582817097338 22.2791414020012
0.0445722432591589 22.2861221761994
0.0445862004367185 22.2931007644703
0.044600153246517 22.3000771688631
0.0446141016926523 22.3070513914174
0.0446280457792161 22.3140234341871
0.0446419855102935 22.3209932992175
0.0446559208899633 22.3279609885347
0.044669851922298 22.334926504197
0.0446837786113637 22.3418898482266
0.0446977009612202 22.3488510226452
0.0447116189759208 22.355810029486
0.0447255326595127 22.3627668707802
0.0447394420160369 22.3697215485315
0.0447533470495277 22.3766740647664
0.0447672477640136 22.3836244215074
0.0447811441635165 22.3905726207532
0.0447950362520524 22.3975186645229
0.0448089240336306 22.4044625548074
0.0448228075122548 22.4114042936172
0.0448366866919219 22.4183438829578
0.044850561576623 22.4252813248151
0.0448644321703429 22.4322166211815
0.0448782984770603 22.4391497740421
0.0448921605007477 22.4460807853847
0.0449060182453714 22.4530096572033
0.0449198717148918 22.4599363914696
0.0449337209132629 22.4668609901611
0.0449475658444329 22.4737834552471
0.0449614065123437 22.4807037887101
0.0449752429209313 22.4876219925148
0.0449890750741255 22.4945380686318
0.0450029029758502 22.5014520190078
0.0450167266300231 22.5083638455973
0.0450305460405561 22.5152735503728
0.045044361211355 22.5221811352839
0.0450581721463195 22.5290866022826
0.0450719788493435 22.5359899533079
0.0450857813243149 22.5428911903055
0.0450995795751155 22.5497903152326
0.0451133736056213 22.5566873299996
0.0451271634197025 22.5635822365549
0.0451409490212231 22.5704750368351
0.0451547304140414 22.5773657327653
0.0451685076020097 22.5842543262677
0.0451822805889746 22.5911408192666
0.0451960493787766 22.5980252136906
0.0452098139752506 22.6049075114524
0.0452235743822255 22.6117877144597
0.0452373306035244 22.6186658246304
0.0452510826429645 22.6255418438759
0.0452648305043575 22.6324157740927
0.0452785741915091 22.6392876171888
0.0452923137082191 22.6461573750694
0.0453060490582818 22.653025049621
0.0453197802454857 22.6598906427562
0.0453335072736133 22.6667541563493
0.0453472301464417 22.6736155922952
0.0453609488677422 22.6804749524732
0.0453746634412802 22.6873322387753
0.0453883738708158 22.6941874530729
0.045402080160103 22.701040597241
0.0454157823128904 22.7078916731676
0.0454294803329209 22.7147406827163
0.0454431742239317 22.7215876277568
0.0454568639896544 22.7284325101411
0.045470549633815 22.7352753317573
0.0454842311601338 22.7421160944543
0.0454979085723258 22.7489548000874
0.0455115818741 22.7557914505165
0.0455252510691602 22.7626260475805
0.0455389161612043 22.7694585931365
0.045552577153925 22.7762890890379
0.0455662340510091 22.7831175371176
0.0455798868561383 22.7899439392257
0.0455935355729884 22.796768297188
0.0456071802052299 22.8035906128597
0.0456208207565279 22.8104108880482
0.0456344572305416 22.8172291246018
0.0456480896309253 22.8240453243328
0.0456617179613275 22.8308594890789
0.0456753422253913 22.8376716206569
0.0456889624267543 22.8444817208849
0.045702578569049 22.8512897915722
0.0457161906559021 22.8580958345439
0.0457297986909351 22.8648998516135
0.0457434026777641 22.8717018445715
0.0457570026199998 22.8785018152423
0.0457705985212476 22.8852997654118
0.0457841903851074 22.8920956968925
0.0457977782151739 22.8988896114783
0.0458113620150365 22.9056815109626
0.045824941788279 22.9124713971404
0.0458385175384802 22.9192592717952
0.0458520892692135 22.9260451367222
0.045865656984047 22.9328289936896
0.0458792206865435 22.9396108444966
0.0458927803802606 22.9463906909098
0.0459063360687506 22.9531685347129
0.0459198877555605 22.9599443776778
0.0459334354442323 22.9667182215705
0.0459469791383024 22.9734900681629
0.0459605188413023 22.9802599192238
0.0459740545567583 22.9870277765135
0.0459875862881912 22.9937936417882
0.046001114039117 23.0005575168133
0.0460146378130463 23.0073194033355
0.0460281576134847 23.0140793031159
0.0460416734439324 23.0208372179075
0.0460551853078847 23.0275931494493
0.0460686932088317 23.0343470994803
0.0460821971502584 23.0410990697548
0.0460956971356446 23.0478490620182
0.0461091931684652 23.0545970779913
0.0461226852521899 23.0613431194276
0.0461361733902832 23.0680871880462
0.0461496575862048 23.0748292855773
0.0461631378434091 23.0815694137506
0.0461766141653456 23.0883075742883
0.0461900865554588 23.0950437689156
0.046203555017188 23.1017779993475
0.0462170195539678 23.1085102673087
0.0462304801692274 23.115240574512
0.0462439368663912 23.1219689226579
0.0462573896488788 23.1286953134833
0.0462708385201046 23.1354197486713
0.0462842834834781 23.1421422299295
0.0462977245424037 23.1488627589647
0.0463111617002812 23.1555813374726
0.0463245949605052 23.162297967167
0.0463380243264655 23.1690126497276
0.0463514498015469 23.1757253868436
0.0463648713891293 23.1824361802127
0.0463782890925878 23.1891450315225
0.0463917029152926 23.1958519424527
0.046405112860609 23.2025569146894
0.0464185189318975 23.2092599499109
0.0464319211325135 23.2159610498098
0.0464453194658079 23.222660216038
0.0464587139351266 23.2293574502836
0.0464721045438106 23.2360527542097
0.0464854912951964 23.2427461294897
0.0464988741926152 23.249437577785
0.0465122532393939 23.2561271007481
0.0465256284388543 23.2628147000663
0.0465389997943136 23.2695003773804
0.0465523673090842 23.276184134348
0.0465657309864735 23.2828659726342
0.0465790908297846 23.2895458938821
0.0465924468423156 23.2962238997351
0.0466057990273597 23.3028999918448
0.0466191473882059 23.3095741718573
0.0466324919281379 23.3162464414085
0.0466458326504352 23.3229168021553
0.0466591695583723 23.3295852557171
0.0466725026552191 23.3362518037311
0.0466858319442409 23.3429164478358
0.0466991574286983 23.3495791896569
0.0467124791118472 23.3562400308243
0.0467257969969389 23.3628989729617
0.0467391110872201 23.3695560177065
0.0467524213859328 23.3762111666568
0.0467657278963145 23.3828644214408
0.0467790306215979 23.3895157836769
0.0467923295650114 23.3961652549745
0.0468056247297785 23.4028128369602
0.0468189161191183 23.4094585312298
0.0468322037362453 23.416102339396
0.0468454875843695 23.4227442630586
0.0468587676666962 23.4293843038192
0.0468720439864263 23.4360224632854
0.0468853165467562 23.4426587430434
0.0468985853508775 23.4492931447131
0.0469118504019776 23.455925669871
0.0469251117032393 23.4625563200999
0.0469383692578408 23.4691850970062
0.0469516230689559 23.4758120021682
0.046964873139754 23.4824370371737
0.0469781194733999 23.4890602035984
0.0469913620730539 23.4956815030371
0.047004600941872 23.5023009370476
0.0470178360830058 23.5089185072178
0.0470310674996022 23.5155342151318
0.0470442951948038 23.5221480623345
0.0470575191717489 23.5287600504122
0.0470707394335714 23.535370180938
0.0470839559834005 23.5419784554641
0.0470971688243613 23.548584875557
0.0471103779595745 23.5551894427775
0.0471235833921562 23.5617921586837
0.0471367851252184 23.5683930248235
0.0471499831618687 23.5749920427626
0.0471631775052101 23.5815892140447
0.0471763681583416 23.5881845402282
0.0471895551243577 23.5947780228377
0.0472027384063486 23.6013696634432
0.0472159180074 23.6079594635873
0.0472290939305938 23.6145474247979
0.047242266179007 23.6211335486265
0.0472554347557126 23.6277178365983
0.0472685996637795 23.6343002902417
0.047281760906272 23.6408809111074
0.0472949184862503 23.6474597007183
0.0473080724067703 23.6540366605947
0.0473212226708837 23.6606117922725
0.0473343692816379 23.6671850972709
0.0473475122420761 23.6737565771062
0.0473606515552373 23.6803262333111
0.0473737872241563 23.6868940673986
0.0473869192518636 23.6934600808701
0.0474000476413855 23.7000242752522
0.0474131723957442 23.7065866520564
0.0474262935179578 23.7131472127869
0.04743941101104 23.7197059589523
0.0474525248780005 23.7262628920548
0.0474656351218447 23.7328180136077
0.047478741745574 23.7393713250984
0.0474918447521857 23.7459228280334
0.0475049441446727 23.752472523905
0.047518039926024 23.7590204142096
0.0475311320992244 23.7655665004311
0.0475442206672547 23.7721107840723
0.0475573056330915 23.7786532666268
0.0475703869997072 23.7851939495626
0.0475834647700703 23.7917328343692
0.0475965389471451 23.7982699225395
0.047609609533892 23.8048052155407
0.0476226765332671 23.811338714861
0.0476357399482227 23.8178704219664
0.0476487997817068 23.8244003383436
0.0476618560366635 23.8309284654591
0.0476749087160329 23.8374548047756
0.0476879578227509 23.8439793577677
0.0477010033597497 23.8505021259062
0.0477140453299571 23.8570231106458
0.0477270837362973 23.8635423134481
0.0477401185816901 23.8700597357798
0.0477531498690517 23.8765753791007
0.047766177601294 23.8830892448589
0.0477792017813252 23.889601334512
0.0477922224120493 23.8961116495117
0.0478052394963666 23.9026201913103
0.0478182530371732 23.9091269613554
0.0478312630373613 23.9156319610857
0.0478442694998194 23.9221351919522
0.0478572724274318 23.9286366554043
0.0478702718230791 23.9351363528601
0.0478832676896377 23.9416342857887
0.0478962600299805 23.948130455607
0.0479092488469761 23.9546248637419
0.0479222341434895 23.9611175116386
0.0479352159223817 23.9676084007311
0.0479481941865099 23.9740975324401
0.0479611689387273 23.9805849081933
0.0479741401818833 23.987070529417
0.0479871079188236 23.9935543975319
0.0480000721523898 24.0000365139587
0.0480130328854198 24.0065168801189
0.0480259901207478 24.0129954974301
0.0480389438612038 24.0194723673077
0.0480518941096144 24.0259474911616
0.0480648408688022 24.0324208704042
0.048077784141586 24.0388925064391
0.0480907239307808 24.0453624006875
0.0481036602391978 24.0518305545463
0.0481165930696445 24.0582969694299
0.0481295224249247 24.0647616467258
0.0481424483078381 24.0712245878341
0.048155370721181 24.0776857941515
0.0481682896677458 24.0841452670872
0.0481812051503211 24.0906030080263
0.0481941171716919 24.0970590183662
0.0482070257346394 24.1035132994929
0.0482199308419411 24.1099658527995
0.0482328324963706 24.1164166796736
0.0482457307006982 24.1228657814905
0.0482586254576901 24.129313159639
0.048271516770109 24.1357588155093
0.0482844046407138 24.1422027504675
0.0482972890722599 24.1486449658951
0.0483101700674989 24.1550854631687
0.0483230476291786 24.1615242436698
0.0483359217600435 24.1679613087623
0.0483487924628341 24.1743966598141
0.0483616597402874 24.1808302981986
0.0483745235951368 24.1872622252799
0.0483873840301119 24.1936924424307
0.0484002410479389 24.2001209510118
0.0484130946513403 24.206547752373
0.0484259448430348 24.2129728478799
0.0484387916257377 24.2193962388999
0.0484516350021608 24.2258179267712
0.0484644749750119 24.232237912858
0.0484773115469957 24.2386561985156
0.0484901447208129 24.2450727850844
0.0485029744991609 24.2514876739252
0.0485158008847335 24.2579008663781
0.0485286238802208 24.264312363785
0.0485414434883095 24.2707221674947
0.0485542597116827 24.2771302788528
0.0485670725530199 24.2835366991946
0.0485798820149971 24.2899414298514
0.0485926881002868 24.2963444721577
0.048605490811558 24.3027458274622
0.0486182901514761 24.3091454970898
0.0486310861227031 24.3155434823746
0.0486438787278974 24.3219397846404
0.048656667969714 24.3283344052164
0.0486694538508043 24.3347273454343
0.0486822363738164 24.3411186066045
0.0486950155413947 24.3475081900702
0.0487077913561802 24.3538960971324
0.0487205638208105 24.3602823291242
0.0487333329379198 24.366666887354
0.0487460987101387 24.373049773136
0.0487588611400944 24.3794309877812
0.0487716202304107 24.3858105326163
0.048784375983708 24.3921884089374
0.0487971284026032 24.3985646180603
0.0488098774897098 24.404939161289
0.0488226232476379 24.4113120399286
0.0488353656789942 24.4176832552812
0.0488481047863819 24.424052808646
0.0488608405724011 24.4304207013365
0.0488735730396481 24.4367869346414
0.0488863021907162 24.4431515098498
0.048899028028195 24.4495144282665
0.048911750554671 24.4558756911831
0.0489244697727272 24.4622352998843
0.0489371856849432 24.4685932556643
0.0489498982938954 24.474949559819
0.0489626076021567 24.4813042136228
0.0489753136122968 24.4876572183736
0.0489880163268819 24.4940085753391
0.0490007157484751 24.500358285815
0.0490134118796359 24.5067063510755
0.0490261047229208 24.513052772405
0.0490387942808828 24.5193975510618
0.0490514805560715 24.5257406883413
0.0490641635510334 24.5320821855036
0.0490768432683117 24.5384220438282
0.0490895197104462 24.544760264586
0.0491021928799735 24.5510968490267
0.0491148627794269 24.5574317984411
0.0491275294113364 24.5637651140761
0.0491401927782288 24.5700967972063
0.0491528528826277 24.5764268491024
0.0491655097270532 24.5827552710002
0.0491781633140225 24.5890820641721
0.0491908136460493 24.5954072298733
0.0492034607256443 24.6017307693551
0.0492161045553146 24.6080526838785
0.0492287451375645 24.6143729746918
0.0492413824748948 24.6206916430527
0.0492540165698033 24.6270086901928
0.0492666474247844 24.6333241173801
0.0492792750423294 24.6396379258381
0.0492918994249265 24.6459501168271
0.0493045205750605 24.6522606915897
0.0493171384952132 24.6585696513555
0.0493297531878631 24.6648769973638
0.0493423646554857 24.6711827308632
0.0493549729005531 24.677486853089
0.0493675779255345 24.6837893652686
0.0493801797328958 24.6900902686423
0.0493927783250998 24.6963895644337
0.049405373704606 24.7026872538796
0.049417965873871 24.7089833381996
0.0494305548353483 24.7152778186355
0.0494431405914879 24.7215706964032
0.0494557231447371 24.7278619727224
0.0494683024975399 24.7341516488184
0.0494808786523372 24.7404397259072
0.0494934516115668 24.7467262052185
0.0495060213776634 24.7530110879598
0.0495185879530587 24.7592943753571
0.0495311513401812 24.7655760686131
0.0495437115414564 24.7718561689494
0.0495562685593066 24.7781346775786
0.0495688223961512 24.7844115956995
0.0495813730544065 24.790686924529
0.0495939205364856 24.7969606652619
0.0496064648447987 24.8032328191196
0.049619005981753 24.8095033872874
0.0496315439497524 24.8157723709828
0.0496440787511979 24.822039771404
0.0496566103884877 24.8283055897507
0.0496691388640166 24.8345698272162
0.0496816641801767 24.840832484995
0.0496941863393568 24.8470935642898
0.0497067053439428 24.8533530662903
0.0497192211963178 24.8596109921758
0.0497317338988616 24.8658673431535
0.0497442434539512 24.8721221203987
0.0497567498639604 24.8783753251127
0.0497692531312604 24.8846269584662
0.049781753258219 24.8908770216464
0.0497942502472012 24.8971255158453
0.0498067441005692 24.9033724422322
0.049819234820682 24.9096178020028
0.0498317224098956 24.9158615963118
0.0498442068705634 24.9221038263544
0.0498566882050355 24.9283444933022
0.0498691664156592 24.934583598323
0.0498816415047789 24.9408211425871
0.049894113474736 24.9470571272837
0.0499065823278689 24.9532915535517
0.0499190480665133 24.9595244225822
0.0499315106930018 24.9657557355318
0.0499439702096642 24.9719854935733
0.0499564266188273 24.9782136978653
0.049968879922815 24.984440349576
0.0499813301239485 24.9906654498484
0.0499937772245458 24.9968889998632
