0.00533001790889026 5.33001790889027
0.0128678015233344 6.6232971166615
0.016769645437894 8.47039104502933
0.0198918976412305 9.997217960314
0.0225783181833504 11.3242189301045
0.0249741065622472 12.5129601421818
0.0271577260671215 13.5990097589686
0.0291774690993323 14.6049803766603
0.031065620955559 15.5462704623042
0.0328450502882518 16.4339138632952
0.0345326660912447 17.2761323297354
0.0361413931765636 18.0792446964331
0.0376813765165451 18.8482305686319
0.0391607537500818 19.5870962913694
0.0405861714765559 20.299121754796
0.0419631422316803 20.9870322226953
0.0432962984603494 21.6531212445
0.0445895776681206 22.2993406490387
0.0458463602754469 22.9273677849473
0.0470695741632544 23.5386566619822
0.0482617752540997 24.1344774646224
0.0494252105229599 24.7159475127262
