0 921.263583765782
0.00227272727272727 918.680939137683
0.00454545454545455 914.376531424184
0.00681818181818182 907.661655391127
0.00909090909090909 898.437924576487
0.0113636363636364 886.672543492924
0.0136363636363636 872.350605100737
0.0159090909090909 855.464082532397
0.0181818181818182 836.008159667383
0.0204545454545455 813.979720192419
0.0227272727272727 789.376631893158
0.025 762.197371759353
0.0272727272727273 732.440814087775
0.0295454545454545 700.106103343974
0.0318181818181818 665.192574112263
0.0340909090909091 627.699698649168
0.0363636363636364 587.627051355113
0.0386363636363636 544.974284012263
0.0409090909090909 499.741108097268
0.0431818181818182 451.927281874351
0.0454545454545455 401.532600797852
0.0477272727272727 348.556890255622
0.05 293
