0.00113636363636364 1.13636363636363
0.00340909090909091 1.89393939393942
0.00568181818181818 2.95454545454536
0.00795454545454546 4.05844155844156
0.0102272727272727 5.17676767676775
0.0125 6.30165289256199
0.0147727272727273 7.43006993006992
0.0170454545454545 8.56060606060607
0.0193181818181818 9.69251336898405
0.0215909090909091 10.8253588516747
0.0238636363636364 11.9588744588745
0.0261363636363636 13.0928853754941
0.0284090909090909 14.2272727272727
0.0306818181818182 15.3619528619528
0.0329545454545455 16.4968652037618
0.0352272727272727 17.6319648093842
0.0375 18.767217630854
0.0397727272727273 19.9025974025975
0.0420454545454546 21.0380835380836
0.0443181818181818 22.1736596736597
0.0465909090909091 23.309312638581
0.0488636363636364 24.4450317124737
