0.00166666666666667 1.66666666666666
0.00402368927062183 2.07106781186547
0.00524377394990329 2.64864370996485
0.00622008467928146 3.12607391169649
0.00706011329583298 3.541019662497
0.00780926286713828 3.91273236352885
0.00849206842307961 4.25233397943065
0.0091236307263513 4.56689534203989
0.00971404520791032 4.86123146552468
0.0102704627669473 5.1387925719988
0.010798170750873 5.40214955654625
0.0113012106758219 5.65327828332413
0.0117827548176696 5.89373584692678
0.0122453477703966 6.12477500894835
0.0126910678883023 6.34742137261818
0.0131216389103457 6.562527112617
0.0135385093760294 6.77080940897173
0.0139429105212282 6.97287858759543
0.0143358993844333 7.16925914598681
0.0147183914975671 7.36040574482927
0.015091186083259 7.54671556367824
0.0154549857579655 7.72853798217772
0.0158104121385602 7.90618226169726
0.0161580183481318 8.07992370986847
0.0164982991426106 8.25000867874838
0.0168316991893213 8.41665865538757
0.0171586198938324 8.58007363839081
0.0174794250747264 8.74043494706756
0.0177944457154395 8.89790757550598
0.0181039839703103 9.05264217852103
0.0184083165631361 9.2047767574675
0.018707697687204 9.35443809954871
0.019002361493384 9.50174301327982
0.0192925242356389 9.64679939431326
0.0195783861299082 9.78970714924786
0.0198601329718327 9.93055899987927
0.020137937550497 10.069441186283
0.0204119608887787 10.2064340838449
0.0206823533356123 10.3416127467753
0.0209492555312253 10.4750473885502
0.0212127992629493 10.6068038079716
0.0214731082264012 10.7369437682095
0.0217302987045164 10.865525335003
0.0219844801750213 10.9926031792761
0.0222357558553503 11.118228848637
0.0224842231927077 11.2424510115945
0.0227299743058772 11.3653156777455
0.0229730963844609 11.48686639679
0.0232136720504592 11.6071444387923
0.0234517796864425 11.7261889578041
0.0236874937340139 11.8440371406911
0.0239208849657847 11.9607243427802
0.0241520207336808 12.0762842116943
0.0243809651960501 12.19074880064
0.024607779525742 12.3041486722126
0.0248325221010726 12.4165129936602
0.0250552486813644 12.5278696244731
0.0252760125685578 12.6382451970219
0.0254948647562209 12.7476651909161
0.0257118540671391 12.8561540016685
0.0259270272805358 12.9637350041847
0.0261404292498641 13.0704306115581
0.0263521030120093 13.1762623295757
0.0265620898886563 13.2812508073193
0.0267704295804976 13.3854158841891
0.0269771602548909 13.4887766336694
0.027182318627514 13.5913514040906
0.027385940038513 13.6931578566486
0.027588058523589 13.7942130008983
0.0277887068804314 13.8945332279239
0.0279879167308619 13.9941343413688
0.0281857185790249 14.0930315864952
0.0283821418659268 14.1912396774174
0.0285772150206003 14.2887728226486
0.028770965508145 14.3856447491042
0.0289634198748762 14.4818687246362
0.0291546037907891 14.5774575792482
0.0293445420895333 14.6724237250633
0.0295332588060724 14.7667791751261
0.0297207772121912 14.8605355611467
0.0299071198499986 14.9537041502265
0.0300923085635624 15.0462958606658
0.0302763645288029 15.1383212768935
0.03045930828176 15.2297906635882
0.0306411597453409 15.3207139790413
0.0308219382546477 15.4111008878037
0.0310016625809742 15.5009607726806
0.0311803509545595 15.5903027460969
0.0313580210861724 15.6791356608747
0.0315346901876029 15.7674681204794
0.0317103749911243 15.8553084887369
0.0318850917679915 15.9426648990747
0.0320588563460307 16.0295452633186
0.032231684126376 16.1159572800409
0.0324035900994027 16.2019084425365
0.0325745888599028 16.2874060463928
0.032744694621548 16.3724571967242
0.0329139212306796 16.4570688150572
0.0330822821794631 16.5412476459053
0.0332497906184437 16.6250002630445
0.0334164593685348 16.708333075499
0.0335823009324716 16.7912523332708
0.0337473275057572 16.8737641328008
0.0339115509871296 16.9558744222084
0.0340749829885753 17.0375890062875
0.034237634844911 17.1189135513035
0.0343995176229593 17.1998535895696
0.0345606421303364 17.2804145238391
0.034721018923873 17.3606016315203
0.0348806583176868 17.4404200687044
0.0350395703909238 17.5198748740365
0.0351977649951852 17.5989709724251
0.035355251761655 17.6777131786091
0.0355120401079433 17.7561062005725
0.0356681392446582 17.8341546428285
0.035823558181721 17.9118630095815
0.035978305734435 17.9892357077525
0.0361323905293203 18.0662770499007
0.0362858210097265 18.1429912570261
0.0364386054412317 18.2193824612675
0.0365907519168389 18.295454708504
0.0367422683619788 18.3712119608469
0.0368931625393278 18.4466580990539
0.0370434420534491 18.5217969248479
0.037193114355265 18.5966321631516
0.037342186746368 18.6711674642427
0.0374906663831775 18.7454064058292
0.037638560280949 18.8193524950569
0.0377858753176422 18.8930091704367
0.0379326182376532 18.9663798037171
0.0380787956554183 19.0394677016824
0.0382244140588928 19.1122761078893
0.0383694798129114 19.1848082043496
0.038513999162435 19.257067113153
0.0386579782356875 19.3290558980308
0.0388014230471881 19.400777565878
0.0389443395006837 19.4722350682122
0.0390867333919839 19.5434313025969
0.0392286104117039 19.6143691140065
0.0393699761479181 19.6850512961564
0.0395108360887286 19.7554805927912
0.0396511956247515 19.8256596989126
0.039791060051524 19.8955912620024
0.0399304345718357 19.9652778831704
0.0400693242979872 20.0347221182932
0.0402077342539781 20.1039264791094
0.0403456693776279 20.1728934342677
0.040483134522631 20.2416254103682
0.0406201344605502 20.3101247929512
0.0407566738827493 20.378393927462
0.0408927574022673 20.4464351201946
0.0410283895556374 20.5142506391949
0.0411635748046516 20.5818427151438
0.0412983175380731 20.649213542216
0.0414326220732993 20.7163652789107
0.0415664926579759 20.7833000488513
0.0416999334715641 20.8500199415788
0.0418329486268637 20.9165270133104
0.0419655421714917 20.9828232876715
0.04209771808932 21.0489107564265
0.0422294803018717 21.114791380165
0.042360832669679 21.1804670889905
0.0424917789936026 21.2459397831717
0.0426223230161157 21.3112113337898
0.0427524684225514 21.3762835833587
0.0428822188423171 21.4411583464353
0.0430115778500754 21.5058374102072
0.043140548966893 21.5703225350663
0.0432691356613595 21.6346154551735
0.0433973413506755 21.698717878996
0.0435251694017122 21.7626314898403
0.0436526231320434 21.8263579463672
0.0437797058109499 21.889898883097
0.043906420660398 21.9532559108915
0.0440327708559931 22.0164306174379
0.0441587595279076 22.079424567709
0.0442843897617861 22.142239304419
0.0444096645996273 22.2048763484571
0.0445345870406433 22.2673371993259
0.0446591600420973 22.3296233355542
0.0447833865201207 22.3917362151087
0.0449072693505096 22.4536772757914
0.0450308113695012 22.5154479356246
0.045154015374532 22.5770495932348
0.0452768841249766 22.6384836282192
0.0453994203428688 22.6997514015075
0.0455216267136053 22.7608542557101
0.0456435058866324 22.8217935154677
0.045765060476116 22.8825704877806
0.0458862930615962 22.943186462341
0.0460072061886258 23.0036427118468
0.0461278023693938 23.0639404923156
0.0462480840833347 23.1240810433901
0.0463680537777232 23.1840655886356
0.0464877138682551 23.2438953358277
0.0466070667396149 23.303571477242
0.0467261147460303 23.3630951899231
0.0468448602118142 23.4224676359607
0.0469633054318936 23.4816899627553
0.0470814526723281 23.5407633032717
0.0471993041708146 23.5996887762976
0.0473168621371829 23.6584674866866
0.0474341287538782 23.7171005256026
0.0475511061764345 23.7755889707562
0.0476677965339368 23.8339338866319
0.0477842019294728 23.8921363247168
0.0479003244405758 23.9501973237267
0.0480161661196569 24.0081179098128
0.0481317289944282 24.0658990967789
0.0482470150683173 24.1235418862899
0.0483620263208723 24.1810472680686
0.0484767647081583 24.2384162200984
0.0485912321631458 24.2956497088193
0.0487054305960904 24.3527486893105
0.048819361894905 24.4097141054848
0.0489330279255238 24.4665468902625
0.0490464305322588 24.5232479657572
0.0491595715381494 24.5798182434474
0.0492724527453036 24.6362586243427
0.0493850759352334 24.6925699991602
0.0494974428691831 24.7487532484799
0.0496095552884497 24.8048092429126
0.049721414914699 24.8607388432504
0.0498330234502731 24.9165429006291
0.0499443825784929 24.9722222566717
