0.000111111111111111 0.111111111111711
0.000333333333333333 0.185185185185503
0.000555555555555556 0.288888888889119
0.000777777777777778 0.396825396824909
0.001 0.506172839506121
0.00122222222222222 0.616161616161548
0.00144444444444444 0.72649572649658
0.00166666666666667 0.837037037037533
0.00188888888888889 0.947712418301649
0.00211111111111111 1.05847953216488
0.00233333333333333 1.16931216931385
0.00255555555555556 1.28019323671566
0.00277777777777778 1.3911111111114
0.003 1.50205761316994
0.00322222222222222 1.61302681992459
0.00344444444444444 1.7240143369196
0.00366666666666667 1.83501683501896
0.00388888888888889 1.94603174603549
0.00411111111111111 2.05705705706003
0.00433333333333333 2.16809116809504
0.00455555555555556 2.27913279133144
0.00477777777777778 2.39018087855663
0.005 2.50123456790437
0.00522222222222222 2.61229314421115
0.00544444444444444 2.72335600907389
0.00566666666666667 2.83442265795561
0.00588888888888889 2.94549266247781
0.00611111111111111 3.05656565656869
0.00633333333333333 3.16764132553852
0.00655555555555556 3.27871939736576
0.00677777777777778 3.3897996357037
0.007 3.50088183421905
0.00722222222222222 3.61196581196935
0.00744444444444444 3.72305140962067
0.00766666666666667 3.83413848631465
0.00788888888888889 3.9452269170605
0.00811111111111111 4.05631659056672
0.00833333333333333 4.16740740741078
0.00855555555555556 4.27849927850377
0.00877777777777778 4.38959212377253
0.009 4.50068587105863
0.00922222222222222 4.61178045515634
0.00944444444444445 4.72287581699685
0.00966666666666667 4.83397190294038
0.00988888888888889 4.9450686641735
0.0101111111111111 5.05616605616993
0.0103333333333333 5.16726403823559
0.0105555555555556 5.27836257310326
0.0107777777777778 5.38946162657922
0.011 5.50056116723276
0.0112222222222222 5.61166116612076
0.0114444444444444 5.72276159655198
0.0116666666666667 5.8338624338666
0.0118888888888889 5.94496365524781
0.0121111111111111 6.05606523955509
0.0123333333333333 6.16716716717047
0.0125555555555556 6.27826941986546
0.0127777777777778 6.38937198067832
0.013 6.50047483381041
0.0132222222222222 6.61157796452163
0.0134444444444444 6.72268135904777
0.0136666666666667 6.83378500451901
0.0138888888888889 6.94488888889224
0.0141111111111111 7.05599300087856
0.0143333333333333 7.1670973298918
0.0145555555555556 7.27820186599074
0.0147777777777778 7.38930659983559
0.015 7.50041152263684
0.0152222222222222 7.61151662611876
0.0154444444444444 7.72262190248032
0.0156666666666667 7.83372734436738
0.0158888888888889 7.94483294483494
0.0161111111111111 8.05593869731995
0.0163333333333333 8.1670445956178
0.0165555555555556 8.27815063385696
0.0167777777777778 8.38925680647694
0.017 8.50036310820786
0.0172222222222222 8.61146953405094
0.0174444444444444 8.72257607926582
0.0176666666666667 8.83368273934445
0.0178888888888889 8.94478951000957
0.0181111111111111 9.05589638718723
0.0183333333333333 9.16700336700563
0.0185555555555556 9.27811044577768
0.0187777777777778 9.38921761998984
0.019 9.50032488629366
0.0192222222222222 9.61143224149333
0.0194444444444444 9.72253968254326
0.0196666666666667 9.83364720653259
0.0198888888888889 9.94475481068073
0.0201111111111111 10.0558624923316
0.0203333333333333 10.1669702489431
0.0205555555555556 10.2780780780844
0.0207777777777778 10.3891859774271
0.021 10.5002939447441
0.0212222222222222 10.6114019779005
0.0214444444444444 10.7225100748469
0.0216666666666667 10.8336182336241
0.0218888888888889 10.9447264523457
0.0221111111111111 11.0558347292063
0.0223333333333333 11.166943062471
0.0225555555555556 11.2780514504712
0.0227777777777778 11.389159891605
0.023 11.5002683843317
0.0232222222222222 11.6113769271722
0.0234444444444444 11.7224855187
0.0236666666666667 11.8335941575435
0.0238888888888889 11.944702842383
0.0241111111111111 12.0558115719469
0.0243333333333333 12.1669203450092
0.0245555555555556 12.2780291603878
0.0247777777777778 12.3891380169463
0.025 12.5002469135867
0.0252222222222222 12.611355849248
0.0254444444444444 12.7224648229083
0.0256666666666667 12.8335738335804
0.0258888888888889 12.9446828803113
0.0261111111111111 13.0557919621813
0.0263333333333333 13.1669010782992
0.0265555555555556 13.2780102278062
0.0267777777777778 13.3891194098713
0.027 13.5002286236911
0.0272222222222222 13.6113378684869
0.0274444444444444 13.7224471435065
0.0276666666666667 13.8335564480212
0.0278888888888889 13.9446657813258
0.0281111111111111 14.0557751427387
0.0283333333333333 14.1668845315975
0.0285555555555556 14.2779939472626
0.0287777777777778 14.3891033891114
0.029 14.5002128565424
0.0292222222222222 14.6113223489727
0.0294444444444444 14.7224318658369
0.0296666666666667 14.8335414065844
0.0298888888888889 14.9446509706819
0.0301111111111111 15.0557605576141
0.0303333333333333 15.1668701668785
0.0305555555555556 15.2779797979887
0.0307777777777778 15.3890894504708
0.031 15.5001991238641
0.0312222222222222 15.6113088177235
0.0314444444444444 15.7224185316156
0.0316666666666667 15.8335282651162
0.0318888888888889 15.9446380178183
0.0321111111111111 16.0557477893209
0.0323333333333333 16.1668575792382
0.0325555555555556 16.2779673871911
0.0327777777777778 16.3890772128144
0.033 16.5001870557509
0.0332222222222222 16.6112969156538
0.0334444444444444 16.7224067921834
0.0336666666666667 16.8335166850113
0.0338888888888889 16.9446265938162
0.0341111111111111 17.0557365182864
0.0343333333333333 17.1668464581177
0.0345555555555556 17.2779564130138
0.0347777777777778 17.3890663826862
0.035 17.5001763668525
0.0352222222222222 17.6112863652389
0.0354444444444444 17.722396377578
0.0356666666666667 17.8335064036092
0.0358888888888889 17.944616443078
0.0361111111111111 18.0557264957365
0.0363333333333333 18.1668365613429
0.0365555555555556 18.2779466396603
0.0367777777777778 18.3890567304579
0.037 18.5001668335112
0.0372222222222222 18.6112769486012
0.0374444444444444 18.7223870755136
0.0376666666666667 18.8334972140391
0.0378888888888889 18.9446073639724
0.0381111111111111 19.0557175251154
0.0383333333333333 19.1668276972724
0.0385555555555556 19.2779378802535
0.0387777777777778 19.3890480738717
0.039 19.5001582779467
0.0392222222222222 19.6112684922988
0.0394444444444444 19.7223787167555
0.0396666666666667 19.8334889511455
0.0398888888888889 19.9445991953057
0.0401111111111111 20.0557094490713
0.0403333333333333 20.1668197122853
0.0405555555555556 20.2779299847904
0.0407777777777778 20.3890402664351
0.041 20.5001505570722
0.0412222222222222 20.6112608565551
0.0414444444444445 20.7223711647418
0.0416666666666667 20.8334814814929
0.0418888888888889 20.9445918066722
0.0421111111111111 21.0557021401466
0.0423333333333333 21.1668124817849
0.0425555555555556 21.2779228314594
0.0427777777777778 21.3890331890452
0.043 21.500143554419
0.0432222222222222 21.6112539274618
0.0434444444444444 21.7223643080544
0.0436666666666667 21.8334746960822
0.0438888888888889 21.9445850914327
0.0441111111111111 22.0556954939949
0.0443333333333333 22.1668059036607
0.0445555555555556 22.2779163203225
0.0447777777777778 22.3890267438772
0.045 22.5001371742227
0.0452222222222222 22.6112476112594
0.0454444444444444 22.7223580548881
0.0456666666666667 22.833468505013
0.0458888888888889 22.9445789615401
0.0461111111111111 23.0556894243759
0.0463333333333333 23.16679989343
0.0465555555555556 23.2779103686136
0.0467777777777778 23.3890208498397
0.047 23.5001313370217
0.0472222222222222 23.6112418300765
0.0474444444444444 23.7223523289212
0.0476666666666667 23.8334628334748
0.0478888888888889 23.9445733436572
0.0481111111111111 24.0556838593911
0.0483333333333333 24.1667943805995
0.0485555555555556 24.2779049072077
0.0487777777777778 24.3890154391411
0.049 24.5001259763286
0.0492222222222222 24.6112365186979
0.0494444444444445 24.7223470661791
0.0496666666666667 24.8334576187045
0.0498888888888889 24.9445681762062
