0 920.944734497087
0.00333333333333333 915.389178941532
0.00471404520791032 912.529631020635
0.00577350269189626 909.723505619701
0.00666666666666667 906.931409019304
0.0074535599249993 904.145004519261
0.00816496580927726 901.361463692242
0.00881917103688197 898.579564573378
0.00942809041582063 895.798693498025
0.01 893.018508631977
0.0105409255338946 890.238804516395
0.0110554159678513 887.459450246748
0.0115470053837925 884.680358477296
0.0120185042515466 881.901468698628
0.0124721912892465 879.12273766824
0.0129099444873581 876.344133662615
0.0133333333333333 873.565632881722
0.0137436854187255 870.787217120958
0.014142135623731 868.008872218252
0.0145296631451356 865.230586991101
0.0149071198499986 862.452352492203
0.0152752523165195 859.674161477614
0.0156347191994114 856.896008019849
0.0159861050777091 854.117887221841
0.0163299316185545 851.339795002382
0.0166666666666667 848.561727933018
0.0169967317119759 845.783683112575
0.0173205080756888 843.005658069548
0.0176383420737639 840.227650685406
0.017950549357115 837.449659133748
0.0182574185835055 834.671681831635
0.0185592145427667 831.89371740033
0.0188561808316413 829.115764633401
0.0191485421551268 826.337822470619
0.019436506316151 823.559889976466
0.0197202659436654 820.781966322321
0.02 818.004050771615
0.0202758751009941 815.226142667395
0.0205480466765633 812.448241421852
0.0208166599946613 809.670346507455
0.0210818510677892 806.89245744942
0.0213437474581095 804.114573819277
0.0216024689946929 801.336695229356
0.02185812841434 798.558821328048
0.0221108319357027 795.780951795703
0.0223606797749979 793.003086341081
0.0226077666104176 790.225224698265
0.0228521820013368 787.447366623969
0.023094010767585 784.669511895175
0.0233333333333333 781.891660307072
0.0235702260395516 779.113811671231
0.0238047614284762 776.335965814002
0.0240370085030933 773.55812257509
0.0242670329642684 770.780281806297
0.0244948974278318 768.002443370403
0.0247206616236522 765.224607140166
0.0249443825784929 762.446772997432
0.0251661147842358 759.668940832338
0.0253859103528797 756.891110542598
0.025603819159562 754.11328203286
0.0258198889747161 751.335455214127
0.0260341655863555 748.557630003239
0.0262466929133727 745.779806322401
0.0264575131106459 743.001984098756
0.0266666666666667 740.224163264002
0.0268741924943285 737.446343754038
0.0270801280154532 734.668525508648
0.0272845092395748 731.890708471213
0.0274873708374511 729.112892588442
0.0276887462097269 726.335077810134
0.0278886675511359 723.557264088956
0.0280871659105879 720.779451380243
0.0282842712474619 718.001639641811
0.0284800124843918 715.223828833785
0.0286744175568088 712.446018918448
0.0288675134594813 709.668209860093
0.0290593262902712 706.890401624893
0.0292498812913071 704.112594180779
0.0294392028877595 701.334787497324
0.0296273147243853 698.556981545643
0.0298142396999972 695.779176298296
0.03 693.001371729197
0.0301846171271247 690.223567813532
0.030368111930481 687.445764527684
0.0305505046330389 684.667961849161
0.030731814857643 681.890159756527
0.0309120616516523 679.112358229345
0.0310912635102961 676.334557248117
0.0312694383988229 673.556756794232
0.031446603773522 670.778956849914
0.0316227766016838 668.001157398179
0.0317979733805649 665.223358422787
0.0319722101554181 662.445559908205
0.0321455025366432 659.66776183957
0.0323178657161089 656.889964202649
0.0324893144826965 654.11216698381
0.032659863237109 651.334370169987
0.032829526005987 648.556573748655
0.0329983164553722 645.778777707798
0.033166247903554 643.000982035888
0.0333333333333333 640.223186721855
0.0334995854037363 637.445391755071
0.0336650164612069 634.667597125322
0.0338296385503074 631.889802822792
0.0339934634239519 629.112008838041
0.0341565025531987 626.334215161992
0.0343187671366233 623.556421785907
0.0344802681092953 620.778628701375
0.0346410161513775 618.000835900299
0.0348010216963685 615.223043374877
0.0349602949390051 612.445251117591
0.0351188458428425 609.667459121194
0.0352766841475279 606.889667378699
0.0354338193757822 604.111875883364
0.0355902608401044 601.334084628686
0.035746017649212 598.556293608386
0.03590109871423 595.778502816404
0.0360555127546399 593.000712246884
0.0362092683040007 590.222921894172
0.0363623737154524 587.445131752801
0.0365148371670111 584.667341817488
0.0366666666666667 581.889552083125
0.0368178700572909 579.111762544769
0.0369684550213647 576.33397319764
0.0371184290855335 573.556184037112
0.0372677996249965 570.778395058707
0.0374165738677394 568.000606258088
0.0375647588986155 565.222817631056
0.0377123616632825 562.445029173542
0.0378593889720018 559.667240881603
0.0380058475033046 556.88945275142
0.038151743807532 554.111664779288
0.0382970843102535 551.333876961615
0.0384418753155693 548.556089294916
0.0385861230093008 545.778301775813
0.0387298334620742 543.000514401024
0.038873012632302 540.222727167367
0.0390156663690654 537.444940071751
0.0391578004149024 534.667153111175
0.0392994204085053 531.889366282724
0.0394405318873308 529.111579583569
0.0395811402901264 526.333793010957
0.0397212509593766 523.556006562215
0.0398608691436713 520.778220234744
0.04 518.000434026019
0.0401386485959743 515.222647933582
0.0402768199119819 512.444861955044
0.0404145188432738 509.66707608808
0.0405517502019881 506.889290330428
0.0406885187191123 504.111504679889
0.0408248290463863 501.333719134319
0.0409606857581484 498.555933691633
0.0410960933531265 495.7781483498
0.0412310562561766 493.000363106844
0.0413655788199695 490.222577960838
0.0414996653266291 487.444792909905
0.0416333199893227 484.667007952217
0.0417665469538056 481.889223085992
0.0418993502999218 479.111438309494
0.0420317340430616 476.33365362103
0.0421637021355784 473.555869018949
0.0422952584681651 470.778084501642
0.0424264068711929 468.000300067538
0.0425571511160124 465.222515715107
0.042687494916219 462.444731442854
0.0428174419288838 459.666947249322
0.0429469957557504 456.889163133087
0.0430761599444003 454.111379092762
0.0432049379893857 451.33359512699
0.0433333333333333 448.555811234449
0.0434613493680177 445.778027413846
0.0435889894354067 443.000243663919
0.04371625682868 440.222459983436
0.0438431547932197 437.444676371191
0.0439696865275764 434.66689282601
0.0440958551844098 431.889109346741
0.0442216638714053 429.111325932261
0.0443471156521669 426.333542581473
0.0444722135470878 423.555759293303
0.0445969605341988 420.777976066701
0.0447213595499958 418.000192900641
0.0448454134902457 415.22240979412
0.0449691252107735 412.444626746157
0.0450924975282289 409.666843755791
0.0452155332208351 406.889060822083
0.0453382350291181 404.111277944115
0.0454606056566195 401.333495120987
0.0455826477705912 398.55571235182
0.0457043640026736 395.777929635753
0.0458257569495584 393.000146971943
0.0459468291736341 390.222364359565
0.0460675832036175 387.44458179781
0.0461880215351701 384.666799285888
0.0463081466314993 381.889016823025
0.0464279609239471 379.111234408461
0.0465474668125631 376.333452041454
0.0466666666666667 373.555669721275
0.046785562825394 370.777887447212
0.0469041575982343 368.000105218567
0.047022453265553 365.222323034653
0.0471404520791032 362.4445408948
0.0472581562625261 359.666758798351
0.0473755680118397 356.888976744661
0.0474926894959167 354.111194733098
0.0476095228569523 351.333412763043
0.0477260702109212 348.555630833887
0.0478423336480244 345.777848945037
0.0479583152331272 343.000067095906
0.0480740170061865 340.222285285924
0.0481894409826699 337.444503514527
0.0483045891539648 334.666721781164
0.0484194634877798 331.888940085294
0.0485340659285368 329.111158426388
0.0486483983977548 326.333376803924
0.048762462794426 323.555595217392
0.0488762609953839 320.77781366629
0.0489897948556636 318.000032150126
0.0491030662088541 315.222250668417
0.0492160768674447 312.444469220689
0.0493288286231625 309.666687806476
0.0494413232473044 306.888906425322
0.0495535624910617 304.111125076778
0.0496655480858378 301.333343760402
0.0497772817435603 298.555562475762
0.0498887651569859 295.777781222434
0.05 293
