0 918.045553156201
0.000222222222222222 918.020861798176
0.000444444444444444 917.979709534802
0.000666666666666667 917.915512003938
0.000888888888888889 917.827328582421
0.00111111111111111 917.714845729197
0.00133333333333333 917.577920925606
0.00155555555555556 917.416477430829
0.00177777777777778 917.230469200376
0.002 917.019866440754
0.00222222222222222 916.784648766939
0.00244444444444444 916.524801618203
0.00266666666666667 916.240314232266
0.00288888888888889 915.931178429797
0.00311111111111111 915.597387849092
0.00333333333333333 915.238937444665
0.00355555555555556 914.855823147571
0.00377777777777778 914.448041628678
0.004 914.015590129559
0.00422222222222222 913.558466339102
0.00444444444444444 913.076668301747
0.00466666666666667 912.570194348118
0.00488888888888889 912.039043041772
0.00511111111111111 911.483213137793
0.00533333333333333 910.902703550191
0.00555555555555556 910.297513325952
0.00577777777777778 909.667641624184
0.006 909.013087699189
0.00622222222222222 908.333850886618
0.00644444444444444 907.629930592054
0.00666666666666667 906.901326281528
0.00688888888888889 906.148037473594
0.00711111111111111 905.370063732657
0.00733333333333333 904.56740466333
0.00755555555555556 903.740059905637
0.00777777777777778 902.8880291309
0.008 902.01131203822
0.00822222222222222 901.109908351427
0.00844444444444445 900.183817816447
0.00866666666666667 899.233040199002
0.00888888888888889 898.257575282608
0.00911111111111111 897.257422866817
0.00933333333333333 896.232582765671
0.00955555555555556 895.183054806339
0.00977777777777778 894.108838827908
0.01 893.009934680313
0.0102222222222222 891.886342223387
0.0104444444444444 890.738061326001
0.0106666666666667 889.565091865312
0.0108888888888889 888.367433726072
0.0111111111111111 887.14508680002
0.0113333333333333 885.898050985326
0.0115555555555556 884.626326186093
0.0117777777777778 883.3299123119
0.012 882.008809277401
0.0122222222222222 880.663017001944
0.0124444444444444 879.292535409239
0.0126666666666667 877.897364427047
0.0128888888888889 876.477503986896
0.0131111111111111 875.032954023827
0.0133333333333333 873.563714476156
0.0135555555555556 872.069785285256
0.0137777777777778 870.551166395363
0.014 869.007857753387
0.0142222222222222 867.439859308747
0.0144444444444444 865.847171013216
0.0146666666666667 864.229792820774
0.0148888888888889 862.587724687477
0.0151111111111111 860.920966571335
0.0153333333333333 859.229518432198
0.0155555555555556 857.513380231647
0.0157777777777778 855.772551932898
0.016 854.007033500713
0.0162222222222222 852.216824901308
0.0164444444444444 850.401926102282
0.0166666666666667 848.562337072536
0.0168888888888889 846.698057782208
0.0171111111111111 844.809088202606
0.0173333333333333 842.89542830615
0.0175555555555556 840.957078066314
0.0177777777777778 838.99403745757
0.018 837.006306455346
0.0182222222222222 834.993885035971
0.0184444444444444 832.956773176636
0.0186666666666667 830.894970855353
0.0188888888888889 828.80847805091
0.0191111111111111 826.697294742845
0.0193333333333333 824.561420911402
0.0195555555555556 822.400856537504
0.0197777777777778 820.215601602719
0.02 818.005656089234
0.0202222222222222 815.771019979827
0.0204444444444444 813.51169325784
0.0206666666666667 811.227675907154
0.0208888888888889 808.91896791217
0.0211111111111111 806.585569257783
0.0213333333333333 804.22747992936
0.0215555555555556 801.844699912728
0.0217777777777778 799.437229194145
0.022 797.00506776029
0.0222222222222222 794.548215598244
0.0224444444444444 792.066672695473
0.0226666666666667 789.560439039813
0.0228888888888889 787.029514619456
0.0231111111111111 784.473899422938
0.0233333333333333 781.893593439122
0.0235555555555556 779.288596657188
0.0237777777777778 776.658909066623
0.024 774.004530657205
0.0242222222222222 771.325461418994
0.0244444444444444 768.621701342326
0.0246666666666667 765.893250417795
0.0248888888888889 763.140108636251
0.0251111111111111 760.362275988788
0.0253333333333333 757.559752466733
0.0255555555555556 754.732538061642
0.0257777777777778 751.880632765291
0.026 749.004036569666
0.0262222222222222 746.102749466959
0.0264444444444444 743.176771449559
0.0266666666666667 740.226102510047
0.0268888888888889 737.250742641186
0.0271111111111111 734.250691835922
0.0273333333333333 731.225950087369
0.0275555555555556 728.176517388812
0.0277777777777778 725.102393733696
0.028 722.003579115624
0.0282222222222222 718.880073528349
0.0284444444444444 715.731876965771
0.0286666666666667 712.558989421935
0.0288888888888889 709.361410891022
0.0291111111111111 706.139141367345
0.0293333333333333 702.892180845352
0.0295555555555556 699.62052931961
0.0297777777777778 696.324186784813
0.03 693.003153235773
0.0302222222222222 689.657428667414
0.0304444444444444 686.287013074775
0.0306666666666667 682.891906452999
0.0308888888888889 679.472108797339
0.0311111111111111 676.027620103147
0.0313333333333333 672.558440365875
0.0315555555555556 669.064569581072
0.0317777777777778 665.546007744379
0.032 662.002754851531
0.0322222222222222 658.434810898348
0.0324444444444444 654.84217588074
0.0326666666666667 651.224849794697
0.0328888888888889 647.582832636294
0.0331111111111111 643.916124401683
0.0333333333333333 640.224725087093
0.0335555555555556 636.50863468883
0.0337777777777778 632.767853203272
0.034 629.002380626869
0.0342222222222222 625.212216956138
0.0344444444444444 621.397362187668
0.0346666666666667 617.557816318109
0.0348888888888889 613.693579344179
0.0351111111111111 609.804651262656
0.0353333333333333 605.891032070381
0.0355555555555556 601.952721764252
0.0357777777777778 597.989720341228
0.036 594.002027798322
0.0362222222222222 589.989644132603
0.0364444444444444 585.952569341193
0.0366666666666667 581.890803421269
0.0368888888888889 577.804346370056
0.0371111111111111 573.693198184831
0.0373333333333333 569.55735886292
0.0375555555555556 565.396828401694
0.0377777777777778 561.211606798575
0.038 557.001694051025
0.0382222222222222 552.767090156555
0.0384444444444444 548.507795112717
0.0386666666666667 544.223808917105
0.0388888888888889 539.915131567356
0.0391111111111111 535.581763061145
0.0393333333333333 531.22370339619
0.0395555555555556 526.840952570244
0.0397777777777778 522.433510581101
0.04 518.001377426588
0.0402222222222222 513.544553104573
0.0404444444444444 509.063037612953
0.0406666666666667 504.556830949667
0.0408888888888889 500.025933112681
0.0411111111111111 495.470344099998
0.0413333333333333 490.890063909653
0.0415555555555556 486.28509253971
0.0417777777777778 481.655429988267
0.042 477.001076253451
0.0422222222222222 472.322031333419
0.0424444444444445 467.618295226355
0.0426666666666667 462.889867930476
0.0428888888888889 458.136749444021
0.0431111111111111 453.358939765261
0.0433333333333333 448.556438892492
0.0435555555555556 443.729246824036
0.0437777777777778 438.87736355824
0.044 434.000789093477
0.0442222222222222 429.099523428144
0.0444444444444444 424.173566560664
0.0446666666666667 419.222918489482
0.0448888888888889 414.247579213064
0.0451111111111111 409.247548729904
0.0453333333333333 404.222827038513
0.0455555555555556 399.173414137427
0.0457777777777778 394.099310025201
0.046 389.000514700415
0.0462222222222222 383.877028161665
0.0464444444444444 378.728850407569
0.0466666666666667 373.555981436766
0.0468888888888889 368.358421247913
0.0471111111111111 363.136169839686
0.0473333333333333 357.88922721078
0.0475555555555556 352.617593359908
0.0477777777777778 347.321268285803
0.048 342.000251987212
0.0482222222222222 336.654544462903
0.0484444444444444 331.284145711659
0.0486666666666667 325.889055732279
0.0488888888888889 320.469274523581
0.0491111111111111 315.024802084397
0.0493333333333333 309.555638413575
0.0495555555555556 304.06178350998
0.0497777777777778 298.54323737249
0.05 293
