0.000105932203389831 0.10593220339003
0.000317796610169492 0.176553672315285
0.000529661016949153 0.275423728813112
0.000741525423728814 0.378329297819619
0.000953389830508475 0.482580037663784
0.00116525423728814 0.587442218798378
0.0013771186440678 0.692633637547843
0.00158898305084746 0.798022598869447
0.00180084745762712 0.903539381854179
0.00201271186440678 1.00914362176634
0.00222457627118644 1.11481033091277
0.0024364406779661 1.22052321297036
0.00264830508474576 1.32627118644127
0.00286016949152542 1.43204645323442
0.00307203389830508 1.5378433664538
0.00328389830508475 1.64365773646974
0.00349576271186441 1.74948638931864
0.00370762711864407 1.85532687651406
0.00391949152542373 1.96117727897506
0.00413135593220339 2.06703607127396
0.00434322033898305 2.17290202563027
0.00455508474576271 2.27877414268847
0.00476694915254237 2.38465160075225
0.00497881355932203 2.4905337179938
0.00519067796610169 2.59641992390179
0.00540254237288136 2.7023097374539
0.00561440677966102 2.80820275023929
0.00582627118644068 2.91409861325045
0.00603813559322034 3.01999702646417
0.00625 3.12589773053753
0.00646186440677966 3.23180050013854
0.00667372881355932 3.33770513855216
0.00688559322033898 3.44361147327272
0.00709745762711864 3.5495193523903
0.00730932203389831 3.65542864161181
0.00752118644067797 3.7613392217702
0.00773305084745763 3.86725098676491
0.00794491525423729 3.9731638418067
0.00815677966101695 4.07907770195641
0.00836864406779661 4.18499249087865
0.00858050847457627 4.29090813977407
0.00879237288135593 4.39682458647682
0.00900423728813559 4.50274177467106
0.00921610169491525 4.60865965322025
0.00942796610169492 4.71457817558062
0.00963983050847458 4.82049729930479
0.00985169491525424 4.92641698559648
0.0100635593220339 5.03233719892403
0.0102754237288136 5.13825790668728
0.0104872881355932 5.24417907891921
0.0106991525423729 5.35010068802918
0.0109110169491525 5.456022708567
0.0111228813559322 5.5619451170238
0.0113347457627119 5.66786789164663
0.0115466101694915 5.77379101227934
0.0117584745762712 5.87971446021884
0.0119703389830508 5.98563821808564
0.0121822033898305 6.09156226970923
0.0123940677966102 6.19748660002612
0.0126059322033898 6.30341119498379
0.0128177966101695 6.40933604146022
0.0130296610169492 6.51526112718474
0.0132415254237288 6.62118644067544
0.0134533898305085 6.72711197117004
0.0136652542372881 6.83303770857784
0.0138771186440678 6.93896364341906
0.0140889830508475 7.04488976678784
0.0143008474576271 7.15081607030471
0.0145127118644068 7.25674254608099
0.0147245762711864 7.36266918668138
0.0149364406779661 7.46859598509007
0.0151483050847458 7.57452293468824
0.0153601694915254 7.68045002921758
0.0155720338983051 7.78637726276525
0.0157838983050847 7.89230462973033
0.0159957627118644 7.99823212481346
0.0162076271186441 8.10415974298918
0.0164194915254237 8.21008747949298
0.0166313559322034 8.3160153298032
0.016843220338983 8.42194328962487
0.0170550847457627 8.52787135487594
0.0172669491525424 8.63379952167569
0.017478813559322 8.73972778633284
0.0176906779661017 8.8456561453305
0.0179025423728814 8.95158459532028
0.018114406779661 9.05751313310832
0.0183262711864407 9.16344175565048
0.0185381355932203 9.26937046004159
0.01875 9.37529924350583
0.0189618644067797 9.48122810339236
0.0191737288135593 9.58715703716844
0.019385593220339 9.69308604241237
0.0195974576271186 9.79901511680604
0.0198093220338983 9.90494425812846
0.020021186440678 10.0108734642574
0.0202330508474576 10.1168027331569
0.0204449152542373 10.2227320628727
0.0206567796610169 10.328661451538
0.0208686440677966 10.4345908973535
0.0210805084745763 10.5405203985986
0.0212923728813559 10.6464499536165
0.0215042372881356 10.7523795608196
0.0217161016949153 10.8583092186814
0.0219279661016949 10.9642389257304
0.0221398305084746 11.0701686805566
0.0223516949152542 11.1760984818014
0.0225635593220339 11.2820283281567
0.0227754237288136 11.3879582183635
0.0229872881355932 11.4938881512105
0.0231991525423729 11.5998181255279
0.0234110169491525 11.7057481401901
0.0236228813559322 11.8116781941128
0.0238347457627119 11.9176082862479
0.0240466101694915 12.0235384155864
0.0242584745762712 12.1294685811519
0.0244703389830509 12.2353987820049
0.0246822033898305 12.3413290172369
0.0248940677966102 12.447259285969
0.0251059322033898 12.5531895873528
0.0253177966101695 12.6591199205699
0.0255296610169492 12.765050284827
0.0257415254237288 12.8709806793576
0.0259533898305085 12.976911103421
0.0261652542372881 13.0828415563005
0.0263771186440678 13.1887720372986
0.0265889830508475 13.2947025457458
0.0268008474576271 13.4006330809892
0.0270127118644068 13.5065636424006
0.0272245762711864 13.6124942293678
0.0274364406779661 13.7184248413001
0.0276483050847458 13.8243554776216
0.0278601694915254 13.9302861377774
0.0280720338983051 14.0362168212273
0.0282838983050848 14.1421475274485
0.0284957627118644 14.2480782559319
0.0287076271186441 14.3540090061858
0.0289194915254237 14.4599397777302
0.0291313559322034 14.5658705701017
0.0293432203389831 14.6718013828499
0.0295550847457627 14.7777322155344
0.0297669491525424 14.8836630677309
0.029978813559322 14.9895939390263
0.0301906779661017 15.0955248290176
0.0304025423728814 15.2014557373131
0.030614406779661 15.3073866635351
0.0308262711864407 15.4133176073121
0.0310381355932203 15.5192485682842
0.03125 15.6251795461037
0.0314618644067797 15.7311105404283
0.0316737288135593 15.8370415509276
0.031885593220339 15.9429725772804
0.0320974576271186 16.0489036191715
0.0323093220338983 16.1548346762946
0.032521186440678 16.2607657483535
0.0327330508474576 16.3666968350568
0.0329449152542373 16.4726279361233
0.0331567796610169 16.5785590512762
0.0333686440677966 16.6844901802481
0.0335805084745763 16.7904213227778
0.0337923728813559 16.8963524786094
0.0340042372881356 17.002283647496
0.0342161016949152 17.1082148291928
0.0344279661016949 17.2141460234649
0.0346398305084746 17.3200772300805
0.0348516949152542 17.4260084488146
0.0350635593220339 17.5319396794474
0.0352754237288136 17.6378709217658
0.0354872881355932 17.7438021755594
0.0356991525423729 17.8497334406243
0.0359110169491525 17.9556647167609
0.0361228813559322 18.0615960037734
0.0363347457627119 18.1675273014739
0.0365466101694915 18.2734586096741
0.0367584745762712 18.3793899281937
0.0369703389830509 18.4853212568556
0.0371822033898305 18.5912525954854
0.0373940677966102 18.6971839439146
0.0376059322033898 18.803115301977
0.0378177966101695 18.9090466695109
0.0380296610169492 19.0149780463585
0.0382415254237288 19.1209094323633
0.0384533898305085 19.2268408273754
0.0386652542372881 19.3327722312464
0.0388771186440678 19.4387036438329
0.0390889830508475 19.5446350649904
0.0393008474576271 19.6505664945813
0.0395127118644068 19.7564979324717
0.0397245762711864 19.862429378527
0.0399364406779661 19.9683608326175
0.0401483050847458 20.0742922946163
0.0403601694915254 20.1802237643984
0.0405720338983051 20.2861552418427
0.0407838983050847 20.3920867268286
0.0409957627118644 20.49801821924
0.0412076271186441 20.6039497189628
0.0414194915254237 20.709881225884
0.0416313559322034 20.815812739894
0.0418432203389831 20.9217442608848
0.0420550847457627 21.0276757887509
0.0422669491525424 21.1336073233896
0.042478813559322 21.2395388646986
0.0426906779661017 21.3454704125796
0.0429025423728814 21.4514019669342
0.043114406779661 21.557333527668
0.0433262711864407 21.6632650946875
0.0435381355932203 21.7691966678994
0.04375 21.8751282472157
0.0439618644067797 21.9810598325463
0.0441737288135593 22.086991423806
0.044385593220339 22.1929230209093
0.0445974576271186 22.2988546237733
0.0448093220338983 22.4047862323162
0.045021186440678 22.5107178464572
0.0452330508474576 22.6166494661181
0.0454449152542373 22.7225810912211
0.045656779661017 22.8285127216918
0.0458686440677966 22.9344443574553
0.0460805084745763 23.0403759984374
0.0462923728813559 23.1463076445683
0.0465042372881356 23.2522392957762
0.0467161016949153 23.358170951993
0.0469279661016949 23.4641026131502
0.0471398305084746 23.5700342791811
0.0473516949152542 23.6759659500209
0.0475635593220339 23.781897625605
0.0477754237288136 23.8878293058699
0.0479872881355932 23.9937609907542
0.0481991525423729 24.0996926801974
0.0484110169491525 24.2056243741387
0.0486228813559322 24.3115560725195
0.0488347457627119 24.4174877752823
0.0490466101694915 24.52341948237
0.0492584745762712 24.629351193727
0.0494703389830509 24.7352829092982
0.0496822033898305 24.8412146290302
0.0498940677966102 24.9471463528696
