0 946.740897257818
0.0104257207028537 892.393071170862
0.0147441956154897 864.419232814263
0.0180578779628654 836.96800606599
0.0208514414057075 809.654017583846
0.0233126202060078 782.395712692131
0.0255376959227625 755.16542199303
0.0275838642183685 727.951191482397
0.0294883912309794 700.747017919163
0.0312771621085612 673.549557273042
0.0329690236697893 646.356799620609
0.0345782037404062 619.167464374068
0.0361157559257308 591.980697064212
0.0375904705778056 564.795905751158
0.0390094748802747 537.61266741041
0.0403786426543624 510.430671703206
0.041702882811415 483.249685803172
0.0429863476810548 456.06953162178
0.0442325868464691 428.890070617057
0.0454446629573193 401.711193394925
0.0466252404120157 374.532812427445
0.0477766542952955 347.354856849953
0.0489009646921826 320.17726867616
0.05 293
