0.000108225108225108 0.108225108225045
0.000324675324675325 0.180375180375249
0.000541125541125541 0.281385281385326
0.000757575757575758 0.386518243661549
0.000974025974025974 0.493025493026137
0.00119047619047619 0.600157418339647
0.00140692640692641 0.707625707626544
0.00162337662337662 0.815295815296632
0.00183982683982684 0.923096511332406
0.00205627705627706 1.03098655730362
0.00227272727272727 1.13894042465549
0.00248917748917749 1.24694146433311
0.00270562770562771 1.35497835497865
0.00292207792207792 1.4630431297096
0.00313852813852814 1.57113001940556
0.00335497835497835 1.67923474375007
0.00357142857142857 1.78735406008053
0.00378787878787879 1.89548546691453
0.004004329004329 2.00362700362746
0.00422077922077922 2.11177711177786
0.00443722943722944 2.21993453700803
0.00465367965367965 2.3280982583319
0.00487012987012987 2.43626743626819
0.00508658008658009 2.54444137422899
0.0053030303030303 2.65261948935625
0.00551948051948052 2.76080129021497
0.00573593073593074 2.86898635955361
0.00595238095238095 2.97717434081235
0.00616883116883117 3.08536492747252
0.00638528138528138 3.19355785457752
0.0066017316017316 3.3017528919203
0.00681818181818182 3.40994983852414
0.00703463203463203 3.51814851815006
0.00725108225108225 3.62634877560431
0.00746753246753247 3.73455047368189
0.00768398268398268 3.84275349064306
0.0079004329004329 3.95095771808343
0.00811688311688312 4.05916305916628
0.00833333333333333 4.16736942711153
0.00854978354978355 4.27557674393208
0.00876623376623377 4.38378493934162
0.00898268398268398 4.4919939498254
0.0091991341991342 4.6002037178499
0.00941558441558442 4.70841419117268
0.00963203463203463 4.81662532224239
0.00984848484848485 4.92483706769369
0.0100649350649351 5.03304938788816
0.0102813852813853 5.141262246526
0.0104978354978355 5.24947561030164
0.0107142857142857 5.35768944860018
0.0109307359307359 5.46590373323252
0.0111471861471861 5.57411843819734
0.0113636363636364 5.68233353947795
0.0115800865800866 5.79054901484912
0.0117965367965368 5.89876484372004
0.012012987012987 6.0069810069832
0.0122294372294372 6.11519748688128
0.0124458874458874 6.22341426689436
0.0126623376623377 6.33163133163363
0.0128787878787879 6.43984866674166
0.0130952380952381 6.54806625881294
0.0133116883116883 6.65628409531152
0.0135281385281385 6.76450216450648
0.0137445887445887 6.87272045540261
0.013961038961039 6.98093895768783
0.0141774891774892 7.08915766168068
0.0143939393939394 7.19737655828203
0.0146103896103896 7.30559563893302
0.0148268398268398 7.41381489556994
0.01504329004329 7.52203432059947
0.0152597402597403 7.63025390685371
0.0154761904761905 7.7384736475684
0.0156926406926407 7.84669353635217
0.0159090909090909 7.95491356716326
0.0161255411255411 8.06313373427952
0.0163419913419913 8.17135403228521
0.0165584415584416 8.27957445604945
0.0167748917748918 8.38779500070332
0.016991341991342 8.49601566162518
0.0172077922077922 8.60423643442999
0.0174242424242424 8.71245731494685
0.0176406926406926 8.82067829921172
0.0178571428571429 8.92889938345039
0.0180735930735931 9.03712056407131
0.0182900432900433 9.14534183765579
0.0185064935064935 9.25356320093743
0.0187229437229437 9.36178465080931
0.0189393939393939 9.47000618429846
0.0191558441558442 9.57822779857411
0.0193722943722944 9.68644949092656
0.0195887445887446 9.79467125876584
0.0198051948051948 9.90289309961973
0.020021645021645 10.011115011121
0.0202380952380952 10.1193369910006
0.0204545454545455 10.2275590370878
0.0206709956709957 10.3357811473047
0.0208874458874459 10.444003319656
0.0211038961038961 10.5522255522304
0.0213203463203463 10.6604478431934
0.0215367965367965 10.7686701907858
0.0217532467532468 10.8768925933163
0.021969696969697 10.9851150491605
0.0221861471861472 11.0933375567573
0.0224025974025974 11.2015601146083
0.0226190476190476 11.3097827212705
0.0228354978354978 11.4180053753549
0.0230519480519481 11.5262280755277
0.0232683982683983 11.6344508205012
0.0234848484848485 11.7426736090363
0.0237012987012987 11.850896439941
0.0239177489177489 11.9591193120641
0.0241341991341991 12.0673422242955
0.0243506493506494 12.1755651755678
0.0245670995670996 12.2837881648479
0.0247835497835498 12.3920111911405
0.025 12.5002342534834
0.0252164502164502 12.6084573509491
0.0254329004329004 12.7166804826414
0.0256493506493507 12.8249036476928
0.0258658008658009 12.9331268452648
0.0260822510822511 13.0413500745491
0.0262987012987013 13.1495733347628
0.0265151515151515 13.2577966251482
0.0267316017316017 13.3660199449722
0.026948051948052 13.4742432935259
0.0271645021645022 13.5824666701226
0.0273809523809524 13.6906900740947
0.0275974025974026 13.7989135048012
0.0278138528138528 13.9071369616168
0.028030303030303 14.0153604439384
0.0282467532467532 14.1235839511767
0.0284632034632035 14.2318074827633
0.0286796536796537 14.3400310381497
0.0288961038961039 14.4482546167997
0.0291125541125541 14.5564782181935
0.0293290043290043 14.6647018418291
0.0295454545454545 14.7729254872164
0.0297619047619048 14.881149153882
0.029978354978355 14.9893728413644
0.0301948051948052 15.0975965492145
0.0304112554112554 15.2058202769999
0.0306277056277056 15.3140440242969
0.0308441558441558 15.4222677906948
0.0310606060606061 15.5304915757931
0.0312770562770563 15.6387153792055
0.0314935064935065 15.7469392005528
0.0317099567099567 15.8551630394688
0.0319264069264069 15.9633868955957
0.0321428571428571 16.0716107685847
0.0323593073593074 16.1798346581001
0.0325757575757576 16.2880585638101
0.0327922077922078 16.3962824853957
0.033008658008658 16.504506422543
0.0332251082251082 16.6127303749494
0.0334415584415584 16.720954342318
0.0336580086580087 16.8291783243591
0.0338744588744589 16.9374023207926
0.0340909090909091 17.0456263313438
0.0343073593073593 17.1538503557459
0.0345238095238095 17.262074393739
0.0347402597402597 17.3702984450678
0.03495670995671 17.4785225094848
0.0351731601731602 17.5867465867491
0.0353896103896104 17.6949706766242
0.0356060606060606 17.8031947788811
0.0358225108225108 17.9114188932946
0.036038961038961 18.0196430196456
0.0362554112554113 18.1278671577202
0.0364718614718615 18.2360913073097
0.0366883116883117 18.3443154682105
0.0369047619047619 18.4525396402251
0.0371212121212121 18.5607638231559
0.0373376623376623 18.6689880168155
0.0375541125541126 18.7772122210174
0.0377705627705628 18.8854364355815
0.037987012987013 18.9936606603295
0.0382034632034632 19.1018848950876
0.0384199134199134 19.2101091396881
0.0386363636363636 19.3183333939653
0.0388528138528139 19.4265576577566
0.0390692640692641 19.5347819309056
0.0392857142857143 19.6430062132555
0.0395021645021645 19.7512305046568
0.0397186147186147 19.8594548049609
0.0399350649350649 19.967679114022
0.0401515151515152 20.0759034316996
0.0403679653679654 20.1841277578549
0.0405844155844156 20.2923520923528
0.0408008658008658 20.4005764350602
0.041017316017316 20.5088007858469
0.0412337662337662 20.6170251445858
0.0414502164502165 20.7252495111522
0.0416666666666667 20.8334738854238
0.0418831168831169 20.941698267282
0.0420995670995671 21.0499226566082
0.0423160173160173 21.1581470532891
0.0425324675324675 21.266371457213
0.0427489177489178 21.3745958682686
0.042965367965368 21.4828202863486
0.0431818181818182 21.5910447113474
0.0433982683982684 21.6992691431616
0.0436147186147186 21.8074935816892
0.0438311688311688 21.915718026831
0.0440476190476191 22.0239424784898
0.0442640692640693 22.1321669365694
0.0444805194805195 22.2403914009773
0.0446969696969697 22.3486158716201
0.0449134199134199 22.4568403484078
0.0451298701298701 22.5650648312534
0.0453463203463203 22.6732893200685
0.0455627705627706 22.7815138147693
0.0457792207792208 22.889738315272
0.045995670995671 22.9979628214938
0.0462121212121212 23.1061873333558
0.0464285714285714 23.2144118507775
0.0466450216450216 23.3226363736824
0.0468614718614719 23.4308609019946
0.0470779220779221 23.5390854356387
0.0472943722943723 23.647309974543
0.0475108225108225 23.755534518634
0.0477272727272727 23.8637590678421
0.0479437229437229 23.9719836220984
0.0481601731601732 24.0802081813337
0.0483766233766234 24.1884327454815
0.0485930735930736 24.2966573144767
0.0488095238095238 24.4048818882541
0.049025974025974 24.5131064667507
0.0492424242424242 24.6213310499044
0.0494588744588745 24.7295556376535
0.0496753246753247 24.8377802299386
0.0498917748917749 24.9460048267008
