0 918.267550709009
0.00100463198531524 917.76290799605
0.00142076417882663 917.503158992335
0.00174007364147479 917.248262659993
0.00200926397063049 916.994640643405
0.00224642541153546 916.74153567267
0.00246083574330159 916.488690825645
0.00265800639228523 916.235995104311
0.00284152835765325 915.983392766017
0.00301389595594573 915.730852760017
0.00317692528385301 915.478356423317
0.0033319873476805 915.225891865114
0.00348014728294959 914.973451151296
0.0036222521360253 914.721028785449
0.00375898868884415 914.468620839613
0.00389092294819324 914.216224432157
0.00401852794126098 913.963837401191
0.00414220379032872 913.711458093088
0.00426229253647988 913.459085221425
0.00437908929943779 913.206717770431
0.00449285082307091 912.954354927374
0.00460380211828087 912.701996034244
0.00471214169674532 912.449640552614
0.00481804574450309 912.197288037655
0.00492167148660318 911.944938118648
0.00502315992657622 911.692590484168
0.00512263809710189 911.440244870684
0.00522022092442438 911.187901053695
0.00531601278457046 910.935558840763
0.00541010881144132 910.683218065986
0.00550259600348358 910.430878585575
0.00559355416559739 910.178540274294
0.00568305671530651 909.926203022554
0.0057711713763593 909.673866734049
0.00585796077839612 909.421531323801
0.00594348297777875 909.16919671654
0.00602779191189147 908.916862845361
0.00611093779701468 908.664529650589
0.00619296747810782 908.412197078829
0.00627392473742071 908.159865082163
0.00635385056770601 907.907533617465
0.00643278341487232 907.655202645812
0.00651075939415479 907.402872131992
0.00658781248325219 907.150542044065
0.006663974695361 906.898212352995
0.00673927623460637 906.645883032329
0.00681374563601025 906.39355405791
0.00688740989183649 906.141225407641
0.00696029456589918 905.888897061263
0.00703242389720671 905.636569000172
0.00710382089413313 905.384241207251
0.00717450742015373 905.131913666727
0.0072445042720506 904.87958636404
0.00731383125138103 904.627259285728
0.00738250722990478 904.374932419326
0.00745055020958283 904.122605753277
0.00751797737768831 903.870279276847
0.00758480515750745 903.617952980058
0.0076510492550545 903.365626853618
0.00771672470217699 903.113300888866
0.00778184589638647 902.860975077717
0.00784642663771385 902.608649412618
0.00791048016285635 902.356323886502
0.00797401917685569 902.103998492752
0.00803705588252196 901.851673225162
0.00809960200779638 901.599348077911
0.00816166883122672 901.347023045528
0.00822326720571186 901.09469812287
0.00828440758065745 900.842373305097
0.00834510002267037 900.590048587649
0.00840535423490834 900.337723966226
0.00846517957518976 900.085399436771
0.00852458507295976 899.833074995452
0.00858357944519924 899.580750638647
0.00864217111135653 899.328426362931
0.00870036820737397 899.076102165059
0.00875817859887558 898.823778041959
0.00881560989357632 898.571453990717
0.00887266945296843 898.319130008571
0.00892936440333563 898.066806092895
0.00898570164614183 897.814482241199
0.0090416878678372 897.562158451112
0.00909732954912115 897.309834720379
0.00915263297369841 897.057511046857
0.00920760423656174 896.805187428501
0.00926224925183231 896.552863863365
0.00931657376018602 896.300540349593
0.00937058333589244 896.048216885412
0.00942428339349065 895.795893469134
0.00947767919412459 895.543570099142
0.00953077585155902 895.291246773894
0.00958357833789545 895.038923491915
0.00963609148900618 894.786600251794
0.00968832000970322 894.534277052181
0.00974026847865778 894.281953891783
0.00979194135308483 894.029630769362
0.00984334297320637 893.77730768373
0.00989447756650596 893.524984633751
0.00994534925178639 893.272661618333
0.00999596204304151 893.020338636428
0.0100463198531524 892.768015687032
0.010096426497418 892.515692769177
0.0101462856969278 892.263369881938
0.0101959010817877 892.011047024422
0.0102452761942038 891.758724195772
0.0102944144914336 891.506401395163
0.0103433193486112 891.254078621801
0.010391994061453 891.001755874923
0.0104404418488488 890.749433153792
0.0104886658553465 890.497110457701
0.0105366691535337 890.244787785966
0.0105844547463225 889.99246513793
0.0106320255691409 889.740142512956
0.0106793844920381 889.487819910434
0.0107265343217044 889.235497329772
0.0107734778034125 888.9831747704
0.0108202176228826 888.730852231767
0.0108667564080759 888.478529713342
0.0109130967309182 888.226207214611
0.0109592411089589 887.973884735077
0.0110051920069672 887.72156227426
0.0110509518384677 887.469239831697
0.0110965229672204 887.216917406938
0.0111419077086453 886.96459499955
0.0111871083311948 886.712272609112
0.0112321270576773 886.459950235217
0.0112769660665325 886.207627877471
0.0113216274930614 885.955305535493
0.011366113430613 885.702983208913
0.0114104259317293 885.450660897374
0.01145456700925 885.198338600528
0.0114985386373798 884.946016318039
0.0115423427527186 884.69369404958
0.0115859812552565 884.441371794835
0.0116294560093356 884.189049553496
0.0116727688445797 883.936727325267
0.0117159215567922 883.684405109858
0.0117589159088254 883.432082906987
0.0118017536314205 883.179760716383
0.0118444364240205 882.927438537781
0.0118869659555575 882.675116370923
0.0119293438652133 882.42279421556
0.0119715717631571 882.170472071449
0.0120136512312593 881.918149938353
0.0120555838237829 881.665827816044
0.0120973710680534 881.413505704298
0.0121390144651077 881.161183602898
0.0121805154903236 880.908861511632
0.0122218755940294 880.656539430297
0.0122630962020955 880.40421735869
0.012304178716508 880.151895296619
0.0123451245159247 879.899573243893
0.0123859349562156 879.647251200328
0.0124266113709862 879.394929165745
0.0124671550720861 879.142607139968
0.0125075673501029 878.890285122827
0.0125478494748414 878.637963114156
0.0125880026957892 878.385641113794
0.0126280282425688 878.133319121581
0.012667927325377 877.880997137366
0.012707701135412 877.628675160997
0.0127473508452882 877.376353192328
0.0127868776094396 877.124031231217
0.0128262825645121 876.871709277525
0.0128655668297446 876.619387331116
0.0129047315073404 876.367065391858
0.0129437776828275 876.11474345962
0.01298270642541 875.862421534278
0.0130215187883096 875.610099615709
0.0130602158090982 875.357777703791
0.0130987985100213 875.105455798408
0.0131372678983134 874.853133899445
0.0131756249665044 874.600812006789
0.0132138706927188 874.348490120333
0.0132520060409664 874.096168239967
0.0132900319614262 873.84384636559
0.013327949390722 873.591524497097
0.0133657592521924 873.33920263439
0.0134034624561523 873.08688077737
0.0134410599001493 872.834558925943
0.0134785524692127 872.582237080016
0.0135159410360966 872.329915239497
0.0135532264615168 872.077593404297
0.0135904095943822 871.825271574329
0.0136274912720205 871.572949749507
0.0136644723203976 871.320627929749
0.0137013535543329 871.068306114972
0.0137381357777083 870.815984305096
0.013774819783673 870.563662500044
0.0138114063548426 870.311340699739
0.0138478962634945 870.059018904106
0.0138842902717576 869.806697113071
0.0139205891317984 869.554375326563
0.0139567935860018 869.302053544511
0.0139929043671491 869.049731766847
0.0140289221985902 868.797409993503
0.0140648477944134 868.545088224412
0.01410068185961 868.29276645951
0.014136425090236 868.040444698734
0.0141720781735697 867.788122942021
0.0142076417882663 867.53580118931
0.0142431166045079 867.283479440542
0.0142785032841516 867.031157695659
0.014313802480873 866.778835954602
0.0143490148403075 866.526514217315
0.0143841410001877 866.274192483743
0.0144191815904787 866.021870753833
0.0144541372335093 865.76954902753
0.0144890085441012 865.517227304784
0.0145237961296954 865.264905585542
0.0145585005904755 865.012583869756
0.0145931225194882 864.760262157375
0.0146276625027621 864.507940448352
0.014662121119423 864.255618742639
0.0146964989418075 864.00329704019
0.0147307965355736 863.750975340959
0.0147650144598096 863.498653644902
0.0147991532671401 863.246331951975
0.0148332135038306 862.994010262134
0.014867195709889 862.741688575338
0.0149011004191657 862.489366891545
0.0149349281594515 862.237045210714
0.0149686794525735 861.984723532804
0.0150023548144888 861.732401857778
0.0150359547553766 861.480080185596
0.0150694797797287 861.22775851622
0.0151029303864373 860.975436849613
0.015136307068882 860.723115185739
0.0151696103150149 860.470793524561
0.0152028406074432 860.218471866044
0.0152359984235115 859.966150210153
0.015269084235381 859.713828556855
0.015302098510109 859.461506906116
0.0153350417097248 859.209185257902
0.0153679142913057 858.956863612182
0.0154007167070509 858.704541968923
0.015433449404354 858.452220328095
0.0154661128258743 858.199898689666
0.0154987074096065 857.947577053607
0.0155312335889494 857.695255419887
0.0155636917927729 857.442933788478
0.0155960824454844 857.19061215935
0.0156284059670929 856.938290532475
0.0156606627732731 856.685968907826
0.0156928532754277 856.433647285375
0.0157249778807482 856.181325665095
0.0157570369922755 855.92900404696
0.0157890310089586 855.676682430943
0.0158209603257127 855.42436081702
0.0158528253334759 855.172039205164
0.015884626419265 854.919717595351
0.0159163639662308 854.667395987557
0.0159480383537114 854.415074381757
0.0159796499572853 854.162752777928
0.0160111991488235 853.910431176047
0.0160426862965404 853.658109576091
0.0160741117650439 853.405787978037
0.0161054759153849 853.153466381863
0.0161367791051052 852.901144787547
0.0161680216882858 852.648823195068
0.0161992040155928 852.396501604404
0.016230326434324 852.144180015535
0.0162613892884536 851.891858428439
0.0162923929186769 851.639536843098
0.0163233376624534 851.38721525949
0.0163542238540503 851.134893677597
0.0163850518245841 850.882572097398
0.0164158219020622 850.630250518875
0.0164465344114237 850.377928942009
0.0164771896745793 850.125607366782
0.0165077880104507 849.873285793175
0.0165383297350095 849.62096422117
0.0165688151613149 849.368642650751
0.0165992445995514 849.116321081898
0.0166296183570657 848.863999514596
0.0166599367384025 848.611677948827
0.0166902000453407 848.359356384574
0.0167204085769281 848.107034821821
0.0167505626295157 847.854713260553
0.0167806624967922 847.602391700752
0.0168107084698167 847.350070142403
0.016840700837052 847.097748585492
0.0168706398843969 846.845427030001
0.0169005258952176 846.593105475917
0.0169303591503795 846.340783923225
0.0169601399282777 846.08846237191
0.0169898685048671 845.836140821957
0.017019545153693 845.583819273353
0.0170491701459195 845.331497726082
0.0170787437503592 845.079176180132
0.017108266233501 844.826854635489
0.0171377378595388 844.574533092139
0.0171671588903985 844.322211550069
0.0171965295857654 844.069890009265
0.0172258502031111 843.817568469716
0.0172551209977196 843.565246931407
0.0172843422227131 843.312925394328
0.0173135141290779 843.060603858464
0.0173426369656894 842.808282323804
0.017371710979337 842.555960790336
0.0174007364147479 842.303639258049
0.0174297135146121 842.051317726929
0.0174586425196054 841.798996196967
0.0174875236684126 841.546674668149
0.0175163571977512 841.294353140465
0.0175451433423933 841.042031613903
0.0175738823351884 840.789710088454
0.017602574407085 840.537388564105
0.0176312197871526 840.285067040846
0.0176598187026028 840.032745518666
0.0176883713788104 839.780423997555
0.0177168780393341 839.528102477503
0.0177453389059369 839.2757809585
0.0177737541986063 839.023459440535
0.0178021241355742 838.771137923599
0.0178304489333362 838.518816407681
0.0178587288066713 838.266494892773
0.0178869639686602 838.014173378864
0.0179151546307049 837.761851865946
0.0179433010025465 837.509530354008
0.0179714032922837 837.257208843042
0.0179994617063906 837.004887333039
0.0180274764497347 836.752565823989
0.018055447725594 836.500244315884
0.0180833757356744 836.247922808715
0.0181112606801265 835.995601302473
0.0181391027575626 835.74327979715
0.018166902165073 835.490958292737
0.0181946590982423 835.238636789227
0.0182223737511656 834.98631528661
0.0182500463164642 834.733993784879
0.0182776769853011 834.481672284025
0.0183052659473968 834.229350784042
0.018332813391044 833.97702928492
0.0183603195031231 833.724707786652
0.0183877844691165 833.472386289231
0.0184152084731235 833.220064792649
0.0184425916978747 832.967743296899
0.0184699343247462 832.715421801973
0.0184972365337732 832.463100307863
0.0185244985036646 832.210778814563
0.018551720411816 831.958457322066
0.0185789024343235 831.706135830364
0.0186060447459966 831.453814339451
0.018633147520372 831.201492849319
0.018660210929726 830.949171359962
0.0186872351450872 830.696849871374
0.0187142203362497 830.444528383546
0.0187411666717849 830.192206896474
0.0187680743190541 829.93988541015
0.0187949434442208 829.687563924568
0.0188217742122621 829.435242439721
0.0188485667869813 829.182920955605
0.0188753213310188 828.930599472211
0.0189020380058641 828.678277989534
0.0189287169718671 828.425956507568
0.0189553583882492 828.173635026307
0.0189819624131144 827.921313545745
0.0190085292034604 827.668992065877
0.0190350589151892 827.416670586696
0.019061551703118 827.164349108196
0.0190880077209896 826.912027630373
0.0191144271214828 826.65970615322
0.0191408100562227 826.407384676731
0.0191671566757909 826.155063200903
0.0191934671297354 825.902741725728
0.0192197415665808 825.650420251203
0.0192459801338376 825.39809877732
0.0192721829780124 825.145777304076
0.019298350244617 824.893455831464
0.0193244820781781 824.64113435948
0.0193505786222465 824.388812888119
0.0193766400194064 824.136491417375
0.0194026664112843 823.884169947244
0.0194286579385582 823.631848477721
0.0194546147409662 823.379527008801
0.0194805369573156 823.127205540478
0.0195064247254912 822.874884072749
0.0195322781824644 822.622562605609
0.0195580974643009 822.370241139053
0.0195838827061697 822.117919673076
0.019609634042351 821.865598207674
0.0196353516062445 821.613276742842
0.0196610355303775 821.360955278576
0.0196866859464127 821.108633814871
0.0197123029851563 820.856312351724
0.0197378867765656 820.603990889129
0.0197634374497566 820.351669427082
0.0197889551330119 820.09934796558
0.0198144399537882 819.847026504618
0.0198398920387233 819.594705044191
0.0198653115136439 819.342383584297
0.0198906985035728 819.09006212493
0.0199160531327357 818.837740666086
0.0199413755245687 818.585419207762
0.0199666658017253 818.333097749955
0.019991924086083 818.080776292658
0.0200171504987504 817.82845483587
0.020042345160074 817.576133379585
0.0200675081896448 817.323811923801
0.0200926397063049 817.071490468513
0.0201177398281541 816.819169013718
0.0201428086725565 816.566847559412
0.0201678463561466 816.314526105591
0.0201928529948359 816.062204652253
0.0202178287038191 815.809883199392
0.0202427735975802 815.557561747007
0.0202676877898987 815.305240295092
0.0202925713938556 815.052918843646
0.0203174245218395 814.800597392664
0.0203422472855524 814.548275942143
0.0203670397960156 814.295954492079
0.0203918021635755 814.04363304247
0.0204165344979093 813.791311593312
0.0204412369080307 813.538990144601
0.0204659095022957 813.286668696335
0.0204905523884076 813.034347248511
0.020515165673423 812.782025801124
0.0205397494637571 812.529704354172
0.0205643038651891 812.277382907652
0.0205888289828671 812.025061461561
0.0206133249213141 811.772740015895
0.0206377917844324 811.520418570652
0.0206622296755095 811.268097125829
0.0206866386972225 811.015775681422
0.0207110189516436 810.76345423743
0.020735370540245 810.511132793848
0.0207596935639035 810.258811350674
0.020783988122906 810.006489907905
0.0208082543169535 809.754168465538
0.0208324922451668 809.501847023571
0.0208567020060903 809.249525582
0.0208808836976975 808.997204140824
0.0209050374173951 808.744882700038
0.0209291632620276 808.492561259641
0.0209532613278822 808.24023981963
0.020977331710693 807.987918380002
0.0210013745056452 807.735596940754
0.0210253898073801 807.483275501885
0.0210493777099989 807.230954063391
0.0210733383070675 806.978632625269
0.0210972716916201 806.726311187519
0.0211211779561642 806.473989750136
0.0211450571926839 806.221668313118
0.0211689094926449 805.969346876462
0.021192734946998 805.717025440168
0.0212165336461833 805.464704004231
0.0212403056801343 805.212382568649
0.0212640511382818 804.960061133421
0.0212877701095578 804.707739698543
0.0213114626823994 804.455418264014
0.0213351289447526 804.203096829831
0.0213587689840763 803.950775395992
0.0213823828873458 803.698453962494
0.0214059707410567 803.446132529336
0.0214295326312287 803.193811096514
0.0214530686434089 802.941489664028
0.0214765788626758 802.689168231874
0.0215000633736426 802.43684680005
0.0215235222604612 802.184525368555
0.021546955606825 801.932203937386
0.021570363495973 801.679882506541
0.0215937460106931 801.427561076018
0.0216171032333253 801.175239645815
0.0216404352457653 800.92291821593
0.0216637421294678 800.67059678636
0.0216870239654499 800.418275357104
0.0217102808342941 800.16595392816
0.0217335128161518 799.913632499526
0.0217567199907466 799.6613110712
0.0217799024373772 799.408989643179
0.0218030602349209 799.156668215461
0.0218261934618364 798.904346788046
0.021849302196167 798.652025360931
0.0218723865155439 798.399703934114
0.0218954464971889 798.147382507593
0.0219184822179179 797.895061081366
0.0219414937541431 797.642739655431
0.0219644811818768 797.390418229787
0.0219874445767337 797.138096804433
0.0220103840139343 796.885775379365
0.0220332995683074 796.633453954582
0.022056191314293 796.381132530083
0.0220790593259453 796.128811105865
0.0221019036769354 795.876489681928
0.022124724440554 795.624168258268
0.0221475216897143 795.371846834885
0.0221702954969546 795.119525411777
0.0221930459344409 794.867203988942
0.0222157730739698 794.614882566378
0.022238476986971 794.362561144084
0.02226115774451 794.110239722059
0.0222838154172906 793.857918300299
0.0223064500756574 793.605596878804
0.0223290617895986 793.353275457573
0.0223516506287485 793.100954036603
0.0223742166623896 792.848632615893
0.0223967599594555 792.596311195442
0.0224192805885333 792.343989775248
0.022441778617866 792.091668355309
0.0224642541153546 791.839346935623
0.022486707148561 791.587025516191
0.0225091377847101 791.334704097008
0.0225315460906921 791.082382678075
0.0225539321330649 790.83006125939
0.0225762959780567 790.577739840952
0.0225986376915675 790.325418422758
0.0226209573391723 790.073097004807
0.0226432549861227 789.820775587099
0.0226655306973495 789.568454169631
0.0226877845374644 789.316132752402
0.022710016570763 789.063811335411
0.022732226861226 788.811489918656
0.0227544154725224 788.559168502136
0.0227765824680105 788.30684708585
0.022798727910741 788.054525669796
0.0228208518634586 787.802204253973
0.0228429543886039 787.54988283838
0.0228650355483161 787.297561423015
0.0228870954044343 787.045240007877
0.0229091340185 786.792918592965
0.0229311514517591 786.540597178277
0.0229531477651635 786.288275763812
0.0229751230193736 786.035954349569
0.0229970772747597 785.783632935546
0.0230190105914044 785.531311521743
0.0230409230291042 785.278990108157
0.0230628146473717 785.026668694788
0.0230846855054372 784.774347281635
0.0231065356622506 784.522025868696
0.0231283651764836 784.26970445597
0.023150174106531 784.017383043455
0.0231719625105129 783.765061631151
0.0231937304462765 783.512740219057
0.0232154779713977 783.26041880717
0.023237205143183 783.008097395491
0.0232589120186712 782.755775984018
0.0232805986546353 782.50345457275
0.023302265107584 782.251133161685
0.0233239114337635 781.998811750823
0.0233455376891594 781.746490340162
0.0233671439294981 781.494168929702
0.0233887302102487 781.24184751944
0.0234102965866244 780.989526109377
0.0234318431135845 780.737204699511
0.0234533698458357 780.484883289841
0.023474876837834 780.232561880366
0.023496364143786 779.980240471085
0.0235178318176508 779.727919061997
0.0235392799131415 779.4755976531
0.0235607084837266 779.223276244394
0.0235821175826317 778.970954835877
0.0236035072628409 778.718633427549
0.0236248775770987 778.466312019408
0.0236462285779111 778.213990611454
0.0236675603175473 777.961669203686
0.0236888728480411 777.709347796102
0.0237101662211925 777.457026388701
0.0237314404885691 777.204704981483
0.0237526957015075 776.952383574446
0.023773931911115 776.70006216759
0.0237951491682706 776.447740760914
0.0238163475236269 776.195419354416
0.023837527027611 775.943097948095
0.0238586877304265 775.690776541951
0.0238798296820544 775.438455135983
0.0239009529322545 775.18613373019
0.0239220575305671 774.933812324571
0.0239431435263142 774.681490919125
0.0239642109686006 774.42916951385
0.0239852599063157 774.176848108748
0.0240062903881344 773.924526703815
0.0240273024625186 773.672205299051
0.0240482961777185 773.419883894457
0.0240692715817739 773.167562490029
0.0240902287225155 772.915241085769
0.0241111676475659 772.662919681674
0.0241320884043413 772.410598277745
0.0241529910400527 772.15827687398
0.0241738756017065 771.905955470378
0.0241947421361068 771.653634066939
0.0242155906898556 771.401312663661
0.0242364213093546 771.148991260544
0.0242572340408064 770.896669857587
0.0242780289302154 770.644348454789
0.0242988060233892 770.392027052149
0.0243195653659397 770.139705649667
0.0243403070032843 769.887384247342
0.0243610309806471 769.635062845173
0.02438173734306 769.382741443158
0.0244024261353638 769.130420041298
0.0244230974022093 768.878098639592
0.0244437511880587 768.625777238038
0.0244643875371864 768.373455836637
0.0244850064936802 768.121134435387
0.0245056081014424 767.868813034287
0.024526192404191 767.616491633337
0.0245467594454607 767.364170232537
0.0245673092686039 767.111848831884
0.024587841916792 766.859527431379
0.0246083574330159 766.607206031021
0.0246288558600879 766.35488463081
0.0246493372406421 766.102563230743
0.0246698016171356 765.850241830821
0.0246902490318495 765.597920431043
0.02471067952689 765.345599031408
0.0247310931441896 765.093277631916
0.0247514899255075 764.840956232565
0.0247718699124313 764.588634833355
0.0247922331463774 764.336313434285
0.0248125796685926 764.083992035355
0.0248329095201544 763.831670636564
0.0248532227419723 763.579349237911
0.0248735193747891 763.327027839396
0.0248937994591812 763.074706441018
0.0249140630355598 762.822385042776
0.0249343101441721 762.57006364467
0.024954540825102 762.317742246699
0.024974755118271 762.065420848862
0.024994953063439 761.813099451158
0.0250151347002058 761.560778053587
0.0250353000680111 761.308456656149
0.0250554492061363 761.056135258842
0.0250755821537047 760.803813861667
0.0250956989496828 760.551492464622
0.0251157996328811 760.299171067706
0.0251358842419548 760.04684967092
0.0251559528154047 759.794528274262
0.0251760053915784 759.542206877732
0.0251960420086708 759.28988548133
0.025216062704725 759.037564085054
0.0252360675176332 758.785242688904
0.0252560564851376 758.53292129288
0.0252760296448311 758.280599896981
0.0252959870341582 758.028278501205
0.0253159286904158 757.775957105554
0.025335854650754 757.523635710026
0.0253557649521771 757.271314314621
0.025375659631544 757.018992919338
0.0253955387255693 756.766671524175
0.025415402270824 756.514350129134
0.0254352503037365 756.262028734213
0.0254550828605928 756.009707339412
0.025474899977538 755.75738594473
0.0254947016905765 755.505064550166
0.025514488035573 755.252743155721
0.0255342590482536 755.000421761393
0.0255540147642056 754.748100367182
0.0255737552188793 754.495778973087
0.0255934804475881 754.243457579108
0.0256131904855095 753.991136185244
0.0256328853676856 753.738814791496
0.0256525651290242 753.486493397861
0.0256722298042992 753.23417200434
0.0256918794281513 752.981850610933
0.0257115140350891 752.729529217638
0.0257311336594893 752.477207824455
0.0257507383355977 752.224886431384
0.0257703280975299 751.972565038424
0.0257899029792719 751.720243645575
0.0258094630146808 751.467922252836
0.0258290082374855 751.215600860207
0.0258485386812875 750.963279467687
0.0258680543795611 750.710958075276
0.025887555365655 750.458636682973
0.0259070416727918 750.206315290777
0.0259265133340696 749.953993898689
0.0259459703824622 749.701672506708
0.0259654128508199 749.449351114833
0.0259848407718701 749.197029723064
0.0260042541782179 748.9447083314
0.0260236531023467 748.692386939841
0.0260430375766192 748.440065548386
0.0260624076332774 748.187744157036
0.0260817633044439 747.935422765789
0.0261011046221219 747.683101374645
0.0261204316181964 747.430779983604
0.0261397443244342 747.178458592664
0.0261590427724852 746.926137201827
0.0261783269938823 746.67381581109
0.0261975970200426 746.421494420454
0.0262168528822676 746.169173029919
0.026236094611744 745.916851639483
0.0262553222395441 745.664530249147
0.0262745357966267 745.412208858909
0.0262937353138374 745.159887468771
0.0263129208219091 744.90756607873
0.026332092351463 744.655244688787
0.0263512499330087 744.402923298941
0.0263703935969453 744.150601909192
0.0263895233735612 743.89828051954
0.0264086392930353 743.645959129983
0.0264277413854375 743.393637740522
0.026446829680729 743.141316351156
0.0264659042087627 742.888994961885
0.0264849649992845 742.636673572709
0.0265040120819328 742.384352183626
0.0265230454862401 742.132030794637
0.0265420652416325 741.879709405741
0.0265610713774312 741.627388016938
0.0265800639228523 741.375066628228
0.0265990429070076 741.122745239609
0.0266180083589053 740.870423851082
0.0266369603074501 740.618102462646
0.026655898781444 740.365781074301
0.026674823809587 740.113459686046
0.0266937354204769 739.861138297881
0.0267126336426108 739.608816909806
0.0267315185043847 739.35649552182
0.0267503900340945 739.104174133923
0.0267692482599362 738.851852746115
0.0267880932100069 738.599531358395
0.0268069249123046 738.347209970762
0.0268257433947292 738.094888583217
0.0268445486850827 737.842567195759
0.0268633408110699 737.590245808387
0.0268821198002987 737.337924421101
0.0269008856802807 737.085603033902
0.0269196384784314 736.833281646788
0.0269383782220713 736.58096025976
0.0269571049384255 736.328638872816
0.0269758186546248 736.076317485956
0.0269945193977059 735.823996099181
0.027013207194612 735.57167471249
0.0270318820721932 735.319353325882
0.0270505440572066 735.067031939357
0.0270691931763175 734.814710552915
0.0270878294560992 734.562389166555
0.0271064529230335 734.310067780278
0.0271250636035116 734.057746394082
0.027143661523834 733.805425007967
0.0271622467102113 733.553103621933
0.0271808191887644 733.30078223598
0.0271993789855251 733.048460850108
0.0272179261264363 732.796139464316
0.0272364606373527 732.543818078603
0.027254982544041 732.29149669297
0.0272734918721805 732.039175307416
0.0272919886473635 731.78685392194
0.0273104728950953 731.534532536544
0.0273289446407953 731.282211151225
0.0273474039097968 731.029889765984
0.0273658507273479 730.777568380821
0.0273842851186115 730.525246995735
0.0274027071086659 730.272925610726
0.027421116722505 730.020604225793
0.0274395139850392 729.768282840937
0.0274578989210952 729.515961456157
0.0274762715554167 729.263640071453
0.0274946319126647 729.011318686824
0.0275129800174179 728.75899730227
0.0275313158941732 728.50667591779
0.027549639567346 728.254354533385
0.0275679510612703 728.002033149054
0.0275862504001996 727.749711764797
0.0276045376083069 727.497390380614
0.0276228127096852 727.245068996504
0.027641075728348 726.992747612467
0.0276593266882291 726.740426228503
0.027677565613184 726.488104844611
0.027695792526989 726.235783460791
0.0277140074533428 725.983462077043
0.0277322104158659 725.731140693366
0.0277504014381013 725.478819309761
0.0277685805435153 725.226497926227
0.0277867477554969 724.974176542763
0.0278049030973592 724.72185515937
0.0278230465923387 724.469533776048
0.0278411782635967 724.217212392795
0.0278592981342188 723.964891009612
0.0278774062272157 723.712569626498
0.0278955025655234 723.460248243454
0.0279135871720036 723.207926860478
0.0279316600694438 722.955605477571
0.0279497212805581 722.703284094732
0.027967770827987 722.450962711961
0.0279858087342981 722.198641329258
0.0280038350219865 721.946319946622
0.0280218497134746 721.693998564054
0.0280398528311129 721.441677181553
0.0280578443971805 721.189355799119
0.0280758244338846 720.937034416752
0.0280937929633616 720.68471303445
0.0281117500076773 720.432391652215
0.0281296955888268 720.180070270045
0.0281476297287353 719.92774888794
0.028165552449258 719.675427505901
0.0281834637721807 719.423106123927
0.02820136371922 719.170784742018
0.0282192523120237 718.918463360173
0.028237129572171 718.666141978393
0.0282549955211728 718.413820596676
0.0282728501804719 718.161499215023
0.0282906935714438 717.909177833434
0.0283085257153962 717.656856451908
0.0283263466335701 717.404535070445
0.0283441563471395 717.152213689044
0.0283619548772119 716.899892307706
0.0283797422448288 716.647570926431
0.0283975184709658 716.395249545217
0.0284152835765325 716.142928164065
0.0284330375823738 715.890606782975
0.0284507805092689 715.638285401946
0.0284685123779328 715.385964020979
0.0284862332090158 715.133642640072
0.0285039430231039 714.881321259226
0.0285216418407193 714.628999878441
0.0285393296823207 714.376678497716
0.0285570065683031 714.124357117051
0.0285746725189988 713.872035736446
0.028592327554677 713.6197143559
0.0286099716955446 713.367392975414
0.0286276049617459 713.115071594987
0.0286452273733636 712.862750214618
0.0286628389504183 712.610428834309
0.0286804397128694 712.358107454058
0.0286980296806149 712.105786073865
0.028715608873492 711.85346469373
0.0287331773112771 711.601143313653
0.0287507350136864 711.348821933633
0.0287682820003755 711.096500553671
0.0287858182909405 710.844179173767
0.0288033439049178 710.591857793919
0.0288208588617842 710.339536414128
0.0288383631809575 710.087215034393
0.0288558568817965 709.834893654716
0.0288733399836015 709.582572275094
0.0288908125056143 709.330250895528
0.0289082744670185 709.077929516018
0.0289257258869401 708.825608136563
0.028943166784447 708.573286757164
0.0289605971785499 708.32096537782
0.0289780170882024 708.068643998531
0.0289954265323011 707.816322619297
0.0290128255296858 707.564001240117
0.02903021409914 707.311679860992
0.0290475922593909 707.059358481921
0.0290649600291097 706.807037102904
0.0290823174269119 706.55471572394
0.0290996644713574 706.302394345031
0.0291170011809509 706.050072966174
0.0291343275741421 705.797751587371
0.0291516436693257 705.545430208621
0.0291689494848418 705.293108829924
0.0291862450389763 705.040787451279
0.0292035303499609 704.788466072686
0.0292208054359733 704.536144694146
0.0292380703151375 704.283823315659
0.0292553250055241 704.031501937223
0.0292725695251504 703.779180558838
0.0292898038919806 703.526859180506
0.0293070281239262 703.274537802224
0.029324242238846 703.022216423994
0.0293414462545464 702.769895045815
0.0293586401887818 702.517573667687
0.0293758240592545 702.265252289609
0.029392997883615 702.012930911582
0.0294101616794623 701.760609533605
0.0294273154643442 701.508288155678
0.0294444592557572 701.255966777801
0.0294615930711472 701.003645399974
0.0294787169279089 700.751324022197
0.0294958308433871 700.499002644468
0.0295129348348757 700.24668126679
0.0295300289196191 699.99435988916
0.0295471131148114 699.742038511579
0.0295641874375972 699.489717134047
0.0295812519050715 699.237395756563
0.0295983065342802 698.985074379128
0.02961535134222 698.732753001741
0.0296323863458388 698.480431624402
0.0296494115620356 698.228110247111
0.0296664270076612 697.975788869868
0.0296834326995179 697.723467492672
0.0297004286543599 697.471146115524
0.0297174148888937 697.218824738423
0.0297343914197779 696.966503361369
0.0297513582636235 696.714181984362
0.0297683154369944 696.461860607402
0.0297852629564071 696.209539230488
0.0298022008383313 695.95721785362
0.0298191290991899 695.704896476799
0.0298360477553592 695.452575100024
0.029852956823169 695.200253723295
0.029869856318903 694.947932346612
0.0298867462587989 694.695610969974
0.0299036266590483 694.443289593382
0.0299204975357975 694.190968216836
0.029937358905147 693.938646840334
0.029954210783152 693.686325463878
0.0299710531858228 693.434004087466
0.0299878861291245 693.181682711099
0.0300047096289775 692.929361334777
0.0300215237012577 692.677039958499
0.0300383283617963 692.424718582266
0.0300551236263805 692.172397206076
0.0300719095107532 691.920075829931
0.0300886860306137 691.66775445383
0.0301054532016173 691.415433077772
0.0301222110393757 691.163111701757
0.0301389595594573 690.910790325787
0.0301556987773874 690.658468949859
0.0301724287086479 690.406147573974
0.0301891493686781 690.153826198133
0.0302058607728745 689.901504822334
0.0302225629365909 689.649183446578
0.0302392558751388 689.396862070864
0.0302559396037875 689.144540695193
0.0302726141377641 688.892219319565
0.0302892794922539 688.639897943978
0.0303059356824004 688.387576568434
0.0303225827233055 688.135255192931
0.0303392206300298 687.88293381747
0.0303558494175924 687.63061244205
0.0303724691009714 687.378291066672
0.030389079695104 687.125969691335
0.0304056812148865 686.87364831604
0.0304222736751746 686.621326940785
0.0304388570907834 686.369005565571
0.030455431476488 686.116684190398
0.0304719968470229 685.864362815266
0.0304885532170828 685.612041440174
0.0305051006013226 685.359720065123
0.0305216390143572 685.107398690112
0.0305381684707621 684.855077315141
0.0305546889850734 684.602755940209
0.0305712005717879 684.350434565318
0.0305877032453632 684.098113190467
0.030604197020218 683.845791815654
0.0306206819107322 683.593470440882
0.0306371579312468 683.341149066149
0.0306536250960645 683.088827691455
0.0306700834194496 682.8365063168
0.0306865329156279 682.584184942184
0.0307029735987873 682.331863567607
0.0307194054830778 682.079542193068
0.0307358285826114 681.827220818568
0.0307522429114624 681.574899444107
0.0307686484836677 681.322578069684
0.0307850453132268 681.070256695299
0.0308014334141017 680.817935320953
0.0308178128002177 680.565613946644
0.0308341834854627 680.313292572373
0.0308505454836879 680.06097119814
0.030866898808708 679.808649823945
0.0308832434743007 679.556328449787
0.0308995794942076 679.304007075666
0.0309159068821339 679.051685701583
0.0309322256517485 678.799364327536
0.0309485358166846 678.547042953527
0.0309648373905391 678.294721579554
0.0309811303868733 678.042400205618
0.030997414819213 677.790078831719
0.0310136907010482 677.537757457856
0.0310299580458337 677.28543608403
0.0310462168669891 677.03311471024
0.0310624671778988 676.780793336487
0.0310787089919121 676.528471962769
0.0310949423223436 676.276150589088
0.0311111671824731 676.023829215442
0.0311273835855459 675.771507841832
0.0311435915447726 675.519186468258
0.0311597910733296 675.266865094719
0.031175982184359 675.014543721215
0.0311921648909688 674.762222347747
0.0312083392062331 674.509900974314
0.031224505143192 674.257579600916
0.031240662714852 674.005258227554
0.0312568119341858 673.752936854226
0.0312729528141328 673.500615480933
0.031289085367599 673.248294107674
0.0313052096074569 672.99597273445
0.0313213255465463 672.743651361261
0.0313374331976735 672.491329988106
0.0313535325736123 672.239008614985
0.0313696236871036 671.986687241898
0.0313857065508554 671.734365868845
0.0314017811775435 671.482044495826
0.0314178475798111 671.229723122841
0.0314339057702692 670.97740174989
0.0314499557614964 670.725080376973
0.0314659975660394 670.472759004089
0.0314820311964129 670.220437631238
0.0314980566650998 669.96811625842
0.031514073984551 669.715794885635
0.0315300831671861 669.463473512884
0.031546084225393 669.211152140165
0.0315620771715283 668.958830767479
0.0315780620179173 668.706509394826
0.0315940387768539 668.454188022206
0.0316100074606012 668.201866649618
0.0316259680813913 667.949545277063
0.0316419206514254 667.69722390454
0.0316578651828739 667.444902532049
0.0316738016878767 667.19258115959
0.031689730178543 666.940259787164
0.0317056506669517 666.687938414769
0.0317215631651515 666.435617042406
0.0317374676851606 666.183295670075
0.0317533642389674 665.930974297776
0.03176925283853 665.678652925509
0.0317851334957771 665.426331553273
0.031801006222607 665.174010181068
0.0318168710308887 664.921688808895
0.0318327279324616 664.669367436753
0.0318485769391356 664.417046064642
0.0318644180626912 664.164724692563
0.0318802513148795 663.912403320514
0.0318960767074228 663.660081948496
0.0319118942520139 663.407760576509
0.0319277039603169 663.155439204553
0.031943505843967 662.903117832627
0.0319592999145706 662.650796460732
0.0319750861837054 662.398475088868
0.0319908646629207 662.146153717033
0.0320066353637371 661.89383234523
0.032022398297647 661.641510973456
0.0320381534761144 661.389189601712
0.0320539009105753 661.136868229998
0.0320696406124375 660.884546858314
0.0320853725930808 660.63222548666
0.0321010968638571 660.379904115036
0.0321168134360907 660.127582743441
0.032132522321078 659.875261371876
0.0321482235300878 659.622940000341
0.0321639170743616 659.370618628835
0.0321796029651133 659.118297257358
0.0321952812135295 658.865975885911
0.0322109518307697 658.613654514492
0.0322266148279661 658.361333143103
0.032242270216224 658.109011771743
0.0322579180066216 657.856690400411
0.0322735582102104 657.604369029108
0.0322891908380151 657.352047657834
0.0323048159010337 657.099726286589
0.0323204334102375 656.847404915372
0.0323360433765715 656.595083544184
0.0323516458109542 656.342762173024
0.0323672407242779 656.090440801892
0.0323828281274084 655.838119430788
0.0323984080311855 655.585798059712
0.0324139804464232 655.333476688665
0.0324295453839092 655.081155317645
0.0324451028544054 654.828833946654
0.0324606528686479 654.57651257569
0.0324761954373473 654.324191204754
0.0324917305711884 654.071869833846
0.0325072582808304 653.819548462965
0.0325227785769072 653.567227092112
0.0325382914700273 653.314905721286
0.032553796970774 653.062584350487
0.0325692950897051 652.810262979716
0.0325847858373537 652.557941608972
0.0326002692242277 652.305620238254
0.0326157452608099 652.053298867564
0.0326312139575586 651.800977496901
0.0326466753249069 651.548656126265
0.0326621293732635 651.296334755656
0.0326775761130124 651.044013385073
0.0326930155545131 650.791692014516
0.0327084477081007 650.539370643987
0.0327238725840857 650.287049273484
0.0327392901927545 650.034727903007
0.0327547005443694 649.782406532556
0.0327701036491683 649.530085162132
0.0327854995173651 649.277763791733
0.03280088815915 649.025442421361
0.032816269584689 648.773121051015
0.0328316438041245 648.520799680695
0.0328470108275749 648.2684783104
0.0328623706651352 648.016156940132
0.0328777233268768 647.763835569889
0.0328930688228474 647.511514199671
0.0329084071630715 647.25919282948
0.0329237383575501 647.006871459314
0.0329390624162609 646.754550089173
0.0329543793491586 646.502228719058
0.0329696891661746 646.249907348968
0.0329849918772173 645.997585978904
0.0330002874921721 645.745264608865
0.0330155760209015 645.492943238851
0.0330308574732453 645.240621868862
0.0330461318590204 644.988300498898
0.0330613991880211 644.735979128959
0.033076659470019 644.483657759045
0.0330919127147634 644.231336389155
0.0331071589319808 643.979015019291
0.0331223981313756 643.726693649451
0.0331376303226298 643.474372279635
0.0331528555154031 643.222050909844
0.033168073719333 642.969729540077
0.0331832849440351 642.717408170335
0.0331984891991028 642.465086800617
0.0332136864941076 642.212765430922
0.033228876838599 641.960444061253
0.0332440602421049 641.708122691607
0.0332592367141313 641.455801321985
0.0332744062641625 641.203479952387
0.0332895689016613 640.951158582813
0.0333047246360689 640.698837213263
0.033319873476805 640.446515843736
0.033335015433268 640.194194474234
0.0333501505148347 639.941873104755
0.0333652787308611 639.689551735299
0.0333804000906815 639.437230365868
0.0333955146036094 639.184908996459
0.0334106222789371 638.932587627074
0.0334257231259359 638.680266257713
0.0334408171538562 638.427944888374
0.0334559043719275 638.175623519059
0.0334709847893587 637.923302149767
0.0334860584153375 637.670980780498
0.0335011252590315 637.418659411253
0.0335161853295872 637.16633804203
0.0335312386361308 636.91401667283
0.0335462851877681 636.661695303653
0.0335613249935844 636.409373934499
0.0335763580626444 636.157052565367
0.033591384403993 635.904731196258
0.0336064040266546 635.652409827172
0.0336214169396333 635.400088458108
0.0336364231519135 635.147767089067
0.0336514226724592 634.895445720048
0.0336664155102146 634.643124351051
0.033681401674104 634.390802982077
0.0336963811730319 634.138481613126
0.0337113540158828 633.886160244196
0.0337263202115216 633.633838875288
0.0337412797687938 633.381517506402
0.0337562326965248 633.129196137538
0.0337711790035209 632.876874768697
0.0337861186985686 632.624553399877
0.0338010517904352 632.372232031078
0.0338159782878686 632.119910662302
0.0338308981995974 631.867589293547
0.0338458115343308 631.615267924814
0.0338607183007591 631.362946556102
0.0338756185075531 631.110625187412
0.0338905121633651 630.858303818743
0.0339053992768278 630.605982450096
0.0339202798565553 630.35366108147
0.0339351539111428 630.101339712865
0.0339500214491666 629.849018344281
0.0339648824791841 629.596696975719
0.0339797370097343 629.344375607178
0.0339945850493373 629.092054238657
0.0340094266064946 628.839732870158
0.0340242616896893 628.58741150168
0.034039090307386 628.335090133223
0.0340539124680307 628.082768764786
0.0340687281800512 627.830447396371
0.034083537451857 627.578126027976
0.0340983402918391 627.325804659602
0.0341131367083705 627.073483291248
0.034127926709806 626.821161922916
0.0341427103044824 626.568840554603
0.0341574875007183 626.316519186312
0.0341722583068144 626.06419781804
0.0341870227310534 625.81187644979
0.0342017807817003 625.559555081559
0.034216532467002 625.307233713349
0.0342312777951878 625.054912345159
0.0342460167744694 624.802590976989
0.0342607494130405 624.550269608839
0.0342754757190776 624.29794824071
0.0342901957007392 624.0456268726
0.0343049093661667 623.793305504511
0.0343196167234838 623.540984136442
0.034334317780797 623.288662768393
0.0343490125461951 623.036341400363
0.03436370102775 622.784020032354
0.0343783832335162 622.531698664363
0.0343930591715309 622.279377296393
0.0344077288498143 622.027055928442
0.0344223922763695 621.774734560511
0.0344370494591825 621.522413192599
0.0344517004062223 621.270091824707
0.0344663451254411 621.017770456833
0.034480983624774 620.76544908898
0.0344956159121395 620.513127721146
0.0345102419954391 620.260806353331
0.0345248618825578 620.008484985535
0.0345394755813635 619.756163617758
0.034554083099708 619.50384225
0.0345686844454261 619.251520882261
0.0345832796263362 618.999199514541
0.0345978686502403 618.74687814684
0.0346124515249238 618.494556779158
0.0346270282581558 618.242235411494
0.034641598857689 617.98991404385
0.0346561633312598 617.737592676224
0.0346707216865884 617.485271308617
0.0346852739313789 617.232949941029
0.034699820073319 616.980628573459
0.0347143601200804 616.728307205908
0.0347288940793188 616.475985838375
0.0347434219586739 616.223664470861
0.0347579437657694 615.971343103365
0.0347724595082129 615.719021735887
0.0347869691935963 615.466700368428
0.0348014728294959 615.214379000987
0.0348159704234717 614.962057633564
0.0348304619830685 614.709736266159
0.0348449475158149 614.457414898773
0.0348594270292243 614.205093531405
0.0348739005307943 613.952772164055
0.0348883680280068 613.700450796723
0.0349028295283286 613.448129429409
0.0349172850392107 613.195808062113
0.0349317345680887 612.943486694834
0.0349461781223831 612.691165327574
0.0349606157094986 612.438843960331
0.0349750473368252 612.186522593106
0.0349894730117371 611.934201225899
0.0350038927415937 611.681879858709
0.0350183065337391 611.429558491537
0.0350327143955023 611.177237124383
0.0350471163341972 610.924915757246
0.0350615123571228 610.672594390127
0.0350759024715629 610.420273023025
0.0350902866847866 610.167951655941
0.0351046650040479 609.915630288874
0.0351190374365862 609.663308921825
0.0351334039896259 609.410987554793
0.0351477646703767 609.158666187778
0.0351621194860336 608.90634482078
0.0351764684437767 608.6540234538
0.0351908115507719 608.401702086836
0.03520514881417 608.14938071989
0.0352194802411077 607.897059352961
0.0352338058387069 607.644737986049
0.035248125614075 607.392416619154
0.0352624395743053 607.140095252276
0.0352767477264763 606.887773885415
0.0352910500776524 606.635452518571
0.0353053466348836 606.383131151743
0.0353196374052057 606.130809784932
0.0353339223956402 605.878488418138
0.0353482016131944 605.62616705136
0.0353624750648616 605.373845684599
0.0353767427576208 605.121524317855
0.0353910046984371 604.869202951127
0.0354052608942614 604.616881584415
0.0354195113520307 604.36456021772
0.0354337560786681 604.112238851042
0.0354479950810828 603.85991748438
0.0354622283661699 603.607596117734
0.035476455940811 603.355274751105
0.0354906778118737 603.102953384492
0.0355048939862119 602.850632017895
0.0355191044706657 602.598310651314
0.0355333092720616 602.345989284749
0.0355475083972126 602.093667918201
0.0355617018529178 601.841346551668
0.035575889645963 601.589025185151
0.0355900717831203 601.33670381865
0.0356042482711484 601.084382452166
0.0356184191167925 600.832061085697
0.0356325843267845 600.579739719244
0.0356467439078428 600.327418352806
0.0356608978666725 600.075096986385
0.0356750462099654 599.82277561998
0.0356891889444 599.57045425359
0.0357033260766417 599.318132887216
0.0357174576133425 599.065811520858
0.0357315835611415 598.813490154515
0.0357457039266645 598.561168788187
0.0357598187165242 598.308847421876
0.0357739279373204 598.056526055579
0.0357880315956398 597.804204689298
0.0358021296980561 597.551883323033
0.0358162222511301 597.299561956783
0.0358303092614098 597.047240590549
0.0358443907354301 596.794919224329
0.0358584666797132 596.542597858125
0.0358725371007687 596.290276491937
0.035886602005093 596.037955125763
0.0359006613991701 595.785633759605
0.0359147152894712 595.533312393462
0.035928763682455 595.280991027334
0.0359428065845673 595.02866966122
0.0359568440022415 594.776348295122
0.0359708759418985 594.524026929039
0.0359849024099465 594.271705562972
0.0359989234127812 594.019384196919
0.0360129389567862 593.767062830881
0.0360269490483322 593.514741464858
0.0360409536937779 593.262420098849
0.0360549528994695 593.010098732856
0.0360689466717408 592.757777366877
0.0360829350169135 592.505456000913
0.0360969179412969 592.253134634964
0.0361108954511881 592.000813269029
0.0361248675528722 591.748491903109
0.0361388342526218 591.496170537204
0.0361527955566979 591.243849171312
0.0361667514713488 590.991527805436
0.0361807020028112 590.739206439574
0.0361946471573097 590.486885073727
0.0362085869410568 590.234563707894
0.036222521360253 589.982242342076
0.0362364504210871 589.729920976271
0.0362503741297358 589.477599610481
0.0362642924923642 589.225278244705
0.0362782055151252 588.972956878944
0.0362921132041602 588.720635513197
0.0363060155655987 588.468314147464
0.0363199126055586 588.215992781745
0.0363338043301459 587.96367141604
0.0363476907454552 587.711350050349
0.0363615718575692 587.459028684672
0.0363754476725591 587.20670731901
0.0363893181964846 586.954385953361
0.0364031834353937 586.702064587727
0.0364170433953231 586.449743222106
0.0364308980822977 586.197421856499
0.0364447475023313 585.945100490906
0.036458591661426 585.692779125327
0.0364724305655726 585.440457759762
0.0364862642207507 585.188136394211
0.0365000926329284 584.935815028673
0.0365139158080624 584.683493663149
0.0365277337520984 584.431172297639
0.0365415464709707 584.178850932142
0.0365553539706023 583.926529566659
0.0365691562569052 583.674208201189
0.0365829533357801 583.421886835732
0.0365967452131167 583.16956547029
0.0366105318947936 582.91724410486
0.0366243133866783 582.664922739444
0.0366380896946271 582.412601374041
0.0366518608244855 582.160280008652
0.0366656267820881 581.907958643276
0.0366793875732583 581.655637277913
0.0366931432038087 581.403315912564
0.036706893679541 581.150994547228
0.0367206390062462 580.898673181905
0.0367343791897041 580.646351816595
0.0367481142356841 580.394030451299
0.0367618441499444 580.141709086015
0.0367755689382329 579.889387720745
0.0367892886062865 579.637066355488
0.0368030031598314 579.384744990244
0.0368167126045832 579.132423625013
0.036830416946247 578.880102259795
0.036844116190517 578.62778089459
0.036857810343077 578.375459529398
0.0368714994096003 578.123138164219
0.0368851833957494 577.870816799053
0.0368988623071767 577.6184954339
0.0369125361495239 577.36617406876
0.0369262049284221 577.113852703632
0.0369398686494923 576.861531338517
0.0369535273183449 576.609209973415
0.03696718094058 576.356888608326
0.0369808295217874 576.104567243249
0.0369944730675464 575.852245878185
0.0370081115834264 575.599924513133
0.0370217450749861 575.347603148095
0.0370353735477742 575.095281783069
0.0370489970073292 574.842960418055
0.0370626154591795 574.590639053054
0.037076228908843 574.338317688066
0.0370898373618279 574.08599632309
0.0371034408236321 573.833674958126
0.0371170392997432 573.581353593175
0.0371306327956393 573.329032228236
0.0371442213167879 573.07671086331
0.0371578048686469 572.824389498396
0.037171383456664 572.572068133494
0.0371849570862772 572.319746768605
0.0371985257629142 572.067425403728
0.0372120894919932 571.815104038863
0.0372256482789223 571.562782674011
0.0372392021290998 571.31046130917
0.0372527510479141 571.058139944342
0.0372662950407441 570.805818579527
0.0372798341129585 570.553497214723
0.0372933682699166 570.301175849931
0.0373068975169679 570.048854485151
0.037320421859452 569.796533120384
0.0373339413026991 569.544211755628
0.0373474558520296 569.291890390884
0.0373609655127543 569.039569026152
0.0373744702901745 568.787247661433
0.0373879701895817 568.534926296725
0.0374014652162582 568.282604932029
0.0374149553754764 568.030283567345
0.0374284406724994 567.777962202672
0.0374419211125808 567.525640838012
0.0374553967009648 567.273319473363
0.037468867442886 567.020998108726
0.0374823333435698 566.7686767441
0.037495794408232 566.516355379486
0.0375092506420792 566.264034014884
0.0375227020503087 566.011712650293
0.0375361486381083 565.759391285714
0.0375495904106566 565.507069921147
0.0375630273731231 565.254748556591
0.0375764595306678 565.002427192047
0.0375898868884416 564.750105827514
0.0376033094515862 564.497784462993
0.0376167272252341 564.245463098483
0.0376301402145087 563.993141733984
0.0376435484245243 563.740820369497
0.0376569518603859 563.488499005022
0.0376703505271897 563.236177640557
0.0376837444300226 562.983856276105
0.0376971335739626 562.731534911663
0.0377105179640786 562.479213547233
0.0377238976054306 562.226892182814
0.0377372725030696 561.974570818407
0.0377506426620376 561.72224945401
0.0377640080873677 561.469928089625
0.0377773687840841 561.21760672525
0.0377907247572021 560.965285360887
0.0378040760117282 560.712963996535
0.0378174225526601 560.460642632195
0.0378307643849865 560.208321267865
0.0378441015136874 559.955999903547
0.0378574339437342 559.703678539239
0.0378707616800893 559.451357174942
0.0378840847277064 559.199035810657
0.0378974030915306 558.946714446382
0.0379107167764983 558.694393082119
0.0379240257875373 558.442071717866
0.0379373301295664 558.189750353624
0.0379506298074963 557.937428989393
0.0379639248262287 557.685107625173
0.037977215190657 557.432786260964
0.0379905009056657 557.180464896765
0.038003781976131 556.928143532578
0.0380170584069207 556.675822168401
0.0380303302028938 556.423500804235
0.0380435973689011 556.171179440079
0.0380568599097847 555.918858075934
0.0380701178303784 555.666536711799
0.0380833711355076 555.414215347676
0.0380966198299893 555.161893983563
0.038109863918632 554.90957261946
0.0381231034062361 554.657251255368
0.0381363382975934 554.404929891287
0.0381495685974875 554.152608527217
0.0381627943106938 553.900287163156
0.0381760154419793 553.647965799107
0.0381892319961028 553.395644435068
0.0382024439778148 553.143323071039
0.0382156513918577 552.891001707021
0.0382288542429657 552.638680343013
0.0382420525358647 552.386358979015
0.0382552462752725 552.134037615028
0.0382684354658989 551.881716251052
0.0382816201124455 551.629394887085
0.0382948002196056 551.377073523129
0.0383079757920648 551.124752159183
0.0383211468345005 550.872430795248
0.0383343133515818 550.620109431323
0.0383474753479702 550.367788067407
0.0383606328283189 550.115466703503
0.0383737857972734 549.863145339608
0.0383869342594708 549.610823975723
0.0384000782195408 549.358502611849
0.0384132176821049 549.106181247985
0.0384263526517765 548.85385988413
0.0384394831331615 548.601538520286
0.0384526091308578 548.349217156452
0.0384657306494553 548.096895792628
0.0384788476935363 547.844574428814
0.0384919602676752 547.592253065009
0.0385050683764385 547.339931701215
0.0385181720243851 547.087610337431
0.038531271216066 546.835288973656
0.0385443659560247 546.582967609892
0.0385574562487968 546.330646246137
0.0385705420989101 546.078324882392
0.0385836235108849 545.826003518657
0.0385967004892339 545.573682154932
0.038609773038462 545.321360791216
0.0386228411630666 545.069039427511
0.0386359048675372 544.816718063815
0.0386489641563562 544.564396700129
0.038662019033998 544.312075336453
0.0386750695049297 544.059753972787
0.0386881155736107 543.807432609129
0.0387011572444931 543.555111245482
0.0387141945220212 543.302789881845
0.0387272274106321 543.050468518217
0.0387402559147553 542.798147154599
0.0387532800388129 542.54582579099
0.0387662997872195 542.293504427391
0.0387793151643823 542.041183063802
0.0387923261747012 541.788861700222
0.0388053328225687 541.536540336651
0.0388183351123698 541.284218973091
0.0388313330484824 541.031897609539
0.0388443266352769 540.779576245997
0.0388573158771164 540.527254882465
0.0388703007783567 540.274933518942
0.0388832813433465 540.022612155428
0.038896257576427 539.770290791924
0.0389092294819324 539.517969428429
0.0389221970641894 539.265648064943
0.0389351603275177 539.013326701467
0.0389481192762299 538.761005338
0.0389610739146311 538.508683974542
0.0389740242470195 538.256362611094
0.0389869702776862 538.004041247654
0.0389999120109149 537.751719884224
0.0390128494509825 537.499398520803
0.0390257826021585 537.247077157391
0.0390387114687058 536.994755793988
0.0390516360548797 536.742434430595
0.0390645563649288 536.49011306721
0.0390774724030945 536.237791703835
0.0390903841736115 535.985470340468
0.039103291680707 535.733148977111
0.0391161949286018 535.480827613763
0.0391290939215092 535.228506250424
0.039141988663636 534.976184887095
0.0391548791591817 534.723863523774
0.0391677654123393 534.471542160462
0.0391806474272945 534.219220797159
0.0391935252082264 533.966899433865
0.0392063987593071 533.714578070581
0.0392192680847019 533.462256707305
0.0392321331885692 533.209935344039
0.0392449940750608 532.957613980781
0.0392578507483213 532.705292617532
0.039270703212489 532.452971254293
0.039283551471695 532.200649891062
0.0392963955300639 531.948328527839
0.0393092353917136 531.696007164626
0.039322071060755 531.443685801421
0.0393349025412926 531.191364438226
0.0393477298374239 530.939043075039
0.0393605529532401 530.686721711861
0.0393733718928255 530.434400348691
0.0393861866602576 530.182078985531
0.0393989972596077 529.929757622378
0.0394118036949401 529.677436259235
0.0394246059703127 529.425114896101
0.0394374040897766 529.172793532975
0.0394501980573767 528.920472169857
0.039462987877151 528.668150806748
0.0394757735531311 528.415829443648
0.0394885550893421 528.163508080556
0.0395013324898025 527.911186717473
0.0395141057585243 527.658865354399
0.0395268748995131 527.406543991333
0.0395396399167681 527.154222628276
0.0395524008142818 526.901901265227
0.0395651575960404 526.649579902187
0.0395779102660238 526.397258539155
0.0395906588282053 526.144937176131
0.0396034032865519 525.892615813117
0.0396161436450242 525.64029445011
0.0396288799075763 525.387973087112
0.0396416120781563 525.135651724122
0.0396543401607055 524.883330361141
0.0396670641591593 524.631008998168
0.0396797840774466 524.378687635204
0.0396924999194898 524.126366272248
0.0397052116892055 523.8740449093
0.0397179193905035 523.62172354636
0.0397306230272879 523.369402183428
0.039743322603456 523.117080820505
0.0397560181228992 522.86475945759
0.0397687095895028 522.612438094683
0.0397813970071456 522.360116731785
0.0397940803797003 522.107795368894
0.0398067597110336 521.855474006012
0.0398194350050058 521.603152643138
0.0398321062654714 521.350831280272
0.0398447734962783 521.098509917415
0.0398574367012687 520.846188554565
0.0398700958842785 520.593867191723
0.0398827510491375 520.341545828889
0.0398954021996695 520.089224466064
0.0399080493396923 519.836903103247
0.0399206924730175 519.584581740437
0.0399333316034507 519.332260377636
0.0399459667347915 519.079939014843
0.0399585978708336 518.827617652057
0.0399712250153646 518.57529628928
0.039983848172166 518.32297492651
0.0399964673450137 518.070653563749
0.0400090825376771 517.818332200995
0.0400216937539203 517.566010838249
0.0400343009975009 517.313689475511
0.0400469042721709 517.061368112781
0.0400595035816763 516.809046750059
0.0400720989297573 516.556725387345
0.0400846903201481 516.304404024639
0.0400972777565771 516.05208266194
0.0401098612427668 515.799761299249
0.0401224407824341 515.547439936566
0.0401350163792896 515.295118573891
0.0401475880370386 515.042797211223
0.0401601557593803 514.790475848563
0.0401727195500081 514.538154485911
0.0401852794126098 514.285833123267
0.0401978353508673 514.033511760631
0.0402103873684569 513.781190398002
0.0402229354690489 513.52886903538
0.0402354796563082 513.276547672767
0.0402480199338938 513.024226310161
0.040260556305459 512.771904947563
0.0402730887746514 512.519583584972
0.040285617345113 512.267262222389
0.0402981420204801 512.014940859813
0.0403106628043835 511.762619497245
0.040323179700448 511.510298134685
0.0403356927122932 511.257976772132
0.0403482018435328 511.005655409587
0.0403607070977749 510.753334047049
0.0403732084786223 510.501012684519
0.0403857059896718 510.248691321996
0.0403981996345151 509.99636995948
0.0404106894167379 509.744048596973
0.0404231753399207 509.491727234472
0.0404356574076382 509.239405871979
0.0404481356234599 508.987084509493
0.0404606099909495 508.734763147015
0.0404730805136654 508.482441784545
0.0404855471951604 508.230120422081
0.0404980100389819 507.977799059625
0.0405104690486718 507.725477697177
0.0405229242277667 507.473156334736
0.0405353755797974 507.220834972302
0.0405478231082897 506.968513609876
0.0405602668167638 506.716192247457
0.0405727067087345 506.463870885045
0.0405851427877112 506.21154952264
0.040597575057198 505.959228160243
0.0406100035206936 505.706906797853
0.0406224281816913 505.45458543547
0.040634849043679 505.202264073094
0.0406472661101396 504.949942710726
0.0406596793845503 504.697621348365
0.0406720888703831 504.44529998601
0.0406844945711048 504.192978623664
0.0406968964901769 503.940657261324
0.0407092946310556 503.688335898991
0.0407216889971918 503.436014536666
0.0407340795920312 503.183693174347
0.0407464664190142 502.931371812036
0.040758849481576 502.679050449732
0.0407712287831467 502.426729087435
0.0407836043271509 502.174407725144
0.0407959761170084 501.922086362861
0.0408083441561336 501.669765000585
0.0408207084479356 501.417443638316
0.0408330689958186 501.165122276054
0.0408454258031814 500.912800913799
0.0408577788734179 500.660479551551
0.0408701282099168 500.40815818931
0.0408824738160615 500.155836827076
0.0408948156952305 499.903515464848
0.0409071538507972 499.651194102628
0.0409194882861297 499.398872740415
0.0409318190045914 499.146551378208
0.0409441460095402 498.894230016009
0.0409564693043293 498.641908653816
0.0409687888923066 498.38958729163
0.0409811047768151 498.137265929451
0.0409934169611929 497.884944567279
0.0410057254487728 497.632623205114
0.0410180302428829 497.380301842956
0.041030331346846 497.127980480804
0.0410426287639802 496.875659118659
0.0410549224975984 496.623337756521
0.0410672125510087 496.37101639439
0.0410794989275143 496.118695032266
0.0410917816304132 495.866373670148
0.0411040606629988 495.614052308037
0.0411163360285593 495.361730945933
0.0411286077303782 495.109409583835
0.0411408757717339 494.857088221744
0.0411531401559001 494.60476685966
0.0411654008861456 494.352445497582
0.0411776579657342 494.100124135511
0.041189911397925 493.847802773447
0.0412021611859722 493.59548141139
0.041214407333125 493.343160049339
0.0412266498426281 493.090838687294
0.0412388887177211 492.838517325257
0.041251123961639 492.586195963225
0.0412633555776118 492.333874601201
0.0412755835688648 492.081553239183
0.0412878079386187 491.829231877171
0.0413000286900891 491.576910515166
0.0413122458264871 491.324589153168
0.0413244593510189 491.072267791177
0.0413366692668862 490.819946429191
0.0413488755772857 490.567625067212
0.0413610782854095 490.31530370524
0.041373277394445 490.062982343274
0.0413854729075748 489.810660981315
0.041397664827977 489.558339619362
0.041409853158825 489.306018257416
0.0414220379032872 489.053696895476
0.0414342190645278 488.801375533542
0.0414463966457061 488.549054171615
0.0414585706499768 488.296732809694
0.04147074108049 488.04441144778
0.041482907940391 487.792090085872
0.0414950712328208 487.53976872397
0.0415072309609156 487.287447362075
0.0415193871278071 487.035126000186
0.0415315397366222 486.782804638303
0.0415436887904836 486.530483276427
0.041555834292509 486.278161914557
0.0415679762458119 486.025840552693
0.0415801146535012 485.773519190836
0.041592249518681 485.521197828985
0.0416043808444512 485.26887646714
0.041616508633907 485.016555105301
0.0416286328901392 484.764233743469
0.0416407536162339 484.511912381643
0.0416528708152729 484.259591019823
0.0416649844903335 484.007269658009
0.0416770946444885 483.754948296201
0.0416892012808062 483.5026269344
0.0417013044023504 483.250305572605
0.0417134040121806 482.997984210816
0.0417255001133519 482.745662849033
0.0417375927089146 482.493341487256
0.0417496818019151 482.241020125486
0.0417617673953951 481.988698763721
0.0417738494923918 481.736377401963
0.0417859280959382 481.484056040211
0.0417980032090629 481.231734678465
0.0418100748347902 480.979413316724
0.0418221429761397 480.72709195499
0.0418342076361271 480.474770593263
0.0418462688177633 480.222449231541
0.0418583265240553 479.970127869825
0.0418703807580054 479.717806508115
0.0418824315226118 479.465485146411
0.0418944788208683 479.213163784713
0.0419065226557645 478.960842423022
0.0419185630302855 478.708521061336
0.0419305999474124 478.456199699656
0.0419426334101217 478.203878337982
0.0419546634213859 477.951556976314
0.0419666899841731 477.699235614652
0.0419787131014472 477.446914252996
0.0419907327761678 477.194592891346
0.0420027490112903 476.942271529701
0.042014761809766 476.689950168063
0.0420267711745417 476.437628806431
0.0420387771085602 476.185307444804
0.0420507796147601 475.932986083184
0.0420627786960757 475.680664721569
0.0420747743554373 475.42834335996
0.0420867665957707 475.176021998357
0.0420987554199978 474.923700636759
0.0421107408310364 474.671379275168
0.0421227228317999 474.419057913582
0.0421347014251977 474.166736552002
0.042146676614135 473.914415190428
0.0421586484015129 473.66209382886
0.0421706167902286 473.409772467298
0.0421825817831748 473.157451105741
0.0421945433832403 472.90512974419
0.0422065015933098 472.652808382644
0.042218456416264 472.400487021105
0.0422304078549793 472.148165659571
0.0422423559123283 471.895844298043
0.0422543005911793 471.643522936521
0.0422662418943967 471.391201575004
0.0422781798248408 471.138880213493
0.0422901143853678 470.886558851988
0.04230204557883 470.634237490488
0.0423139734080756 470.381916128994
0.0423258978759488 470.129594767506
0.0423378189852898 469.877273406023
0.0423497367389348 469.624952044546
0.042361651139716 469.372630683075
0.0423735621904617 469.120309321609
0.042385469893996 468.867987960149
0.0423973742531393 468.615666598694
0.0424092752707079 468.363345237246
0.0424211729495142 468.111023875802
0.0424330672923666 467.858702514364
0.0424449583020697 467.606381152932
0.0424568459814239 467.354059791505
0.042468730333226 467.101738430084
0.0424806113602687 466.849417068668
0.0424924890653408 466.597095707257
0.0425043634512273 466.344774345853
0.0425162345207092 466.092452984453
0.0425281022765637 465.84013162306
0.0425399667215641 465.587810261671
0.0425518278584798 465.335488900289
0.0425636856900764 465.083167538911
0.0425755402191157 464.83084617754
0.0425873914483554 464.578524816173
0.0425992393805497 464.326203454812
0.0426110840184487 464.073882093457
0.0426229253647988 463.821560732107
0.0426347634223427 463.569239370762
0.042646598193819 463.316918009423
0.0426584296819628 463.064596648089
0.0426702578895052 462.81227528676
0.0426820828191737 462.559953925437
0.0426939044736918 462.307632564119
0.0427057228557794 462.055311202806
0.0427175379681526 461.802989841499
0.0427293498135237 461.550668480198
0.0427411583946013 461.298347118901
0.0427529637140902 461.04602575761
0.0427647657746916 460.793704396324
0.0427765645791028 460.541383035044
0.0427883601300175 460.289061673768
0.0428001524301256 460.036740312499
0.0428119414821134 459.784418951234
0.0428237272886635 459.532097589974
0.0428355098524547 459.27977622872
0.0428472891761621 459.027454867472
0.0428590652624574 458.775133506228
0.0428708381140082 458.522812144989
0.0428826077334788 458.270490783756
0.0428943741235297 458.018169422528
0.0429061372868177 457.765848061305
0.0429178972259962 457.513526700088
0.0429296539437146 457.261205338875
0.0429414074426189 457.008883977668
0.0429531577253515 456.756562616466
0.0429649047945512 456.504241255269
0.0429766486528529 456.251919894077
0.0429883893028883 455.999598532891
0.0430001267472853 455.747277171709
0.0430118609886682 455.494955810533
0.0430235920296578 455.242634449362
0.0430353198728713 454.990313088196
0.0430470445209224 454.737991727035
0.043058765976421 454.485670365879
0.0430704842419738 454.233349004728
0.0430821993201836 453.981027643582
0.04309391121365 453.728706282442
0.0431056199249688 453.476384921306
0.0431173254567324 453.224063560175
0.0431290278115297 452.97174219905
0.043140726991946 452.719420837929
0.0431524230005632 452.467099476814
0.0431641158399597 452.214778115703
0.0431758055127102 451.962456754597
0.0431874920213862 451.710135393497
0.0431991753685555 451.457814032402
0.0432108555567826 451.205492671311
0.0432225325886285 450.953171310226
0.0432342064666506 450.700849949145
0.0432458771934029 450.44852858807
0.0432575447714362 450.196207226999
0.0432692092032975 449.943885865934
0.0432808704915306 449.691564504873
0.0432925286386758 449.439243143817
0.0433041836472699 449.186921782766
0.0433158355198465 448.934600421721
0.0433274842589357 448.68227906068
0.043339129867064 448.429957699644
0.0433507723467547 448.177636338613
0.0433624117005278 447.925314977586
0.0433740479308998 447.672993616565
0.0433856810403837 447.420672255548
0.0433973110314894 447.168350894536
0.0434089379067231 446.916029533529
0.0434205616685881 446.663708172527
0.043432182319584 446.41138681153
0.0434437998622071 446.159065450538
0.0434554142989504 445.906744089551
0.0434670256323036 445.654422728568
0.0434786338647531 445.40210136759
0.043490238998782 445.149780006617
0.0435018410368698 444.897458645648
0.0435134399814932 444.645137284685
0.0435250358351252 444.392815923726
0.0435366286002356 444.140494562772
0.0435482182792909 443.888173201823
0.0435598048747545 443.635851840878
0.0435713883890863 443.383530479938
0.043582968824743 443.131209119003
0.0435945461841781 442.878887758073
0.0436061204698418 442.626566397147
0.0436176916841811 442.374245036227
0.0436292598296395 442.12192367531
0.0436408249086577 441.869602314399
0.0436523869236727 441.617280953492
0.0436639458771187 441.36495959259
0.0436755017714264 441.112638231692
0.0436870546090234 440.860316870799
0.0436986043923339 440.607995509912
0.0437101511237793 440.355674149028
0.0437216948057774 440.103352788149
0.043733235440743 439.851031427275
0.0437447730310877 439.598710066406
0.0437563075792199 439.346388705541
0.0437678390875448 439.094067344681
0.0437793675584645 438.841745983825
0.0437908929943779 438.589424622974
0.0438024153976807 438.337103262127
0.0438139347707655 438.084781901285
0.0438254511160217 437.832460540448
0.0438369644358358 437.580139179615
0.0438484747325907 437.327817818787
0.0438599820086667 437.075496457963
0.0438714862664406 436.823175097144
0.0438829875082862 436.57085373633
0.0438944857365743 436.31853237552
0.0439059809536723 436.066211014714
0.043917473161945 435.813889653913
0.0439289623637536 435.561568293117
0.0439404485614564 435.309246932325
0.0439519317574087 435.056925571537
0.0439634119539627 434.804604210754
0.0439748891534675 434.552282849976
0.043986363358269 434.299961489202
0.0439978345707103 434.047640128432
0.0440093027931312 433.795318767667
0.0440207680278687 433.542997406907
0.0440322302772565 433.290676046151
0.0440436895436254 433.038354685399
0.0440551458293033 432.786033324652
0.0440665991366148 432.533711963909
0.0440780494678816 432.281390603171
0.0440894968254224 432.029069242436
0.044100941211553 431.776747881707
0.0441123826285859 431.524426520982
0.044123821078831 431.272105160261
0.0441352565645948 431.019783799544
0.0441466890881811 430.767462438832
0.0441581186518906 430.515141078125
0.044169545258021 430.262819717421
0.0441809689088671 430.010498356722
0.0441923896067208 429.758176996028
0.0442038073538708 429.505855635337
0.044215222152603 429.253534274652
0.0442266340052005 429.00121291397
0.0442380429139431 428.748891553293
0.044249448881108 428.49657019262
0.0442608519089693 428.244248831951
0.0442722519997981 427.991927471287
0.0442836491558628 427.739606110627
0.0442950433794287 427.487284749971
0.0443064346727581 427.23496338932
0.0443178230381108 426.982642028672
0.0443292084777432 426.73032066803
0.0443405909939092 426.477999307391
0.0443519705888595 426.225677946756
0.0443633472648421 425.973356586126
0.0443747210241022 425.721035225501
0.0443860918688818 425.468713864879
0.0443974598014203 425.216392504261
0.0444088248239542 424.964071143648
0.0444201869387171 424.711749783039
0.0444315461479396 424.459428422435
0.0444429024538498 424.207107061834
0.0444542558586726 423.954785701238
0.0444656063646302 423.702464340645
0.0444769539739421 423.450142980057
0.0444882986888247 423.197821619473
0.0444996405114918 422.945500258894
0.0445109794441542 422.693178898318
0.0445223154890201 422.440857537746
0.0445336486482946 422.188536177179
0.0445449789241804 421.936214816616
0.0445563063188769 421.683893456057
0.0445676308345812 421.431572095502
0.0445789524734872 421.179250734951
0.0445902712377862 420.926929374405
0.0446015871296669 420.674608013862
0.0446129001513148 420.422286653324
0.044624210304913 420.169965292789
0.0446355175926416 419.917643932259
0.0446468220166782 419.665322571733
0.0446581235791973 419.41300121121
0.0446694222823709 419.160679850692
0.0446807181283682 418.908358490179
0.0446920111193557 418.656037129668
0.044703301257497 418.403715769162
0.0447145885449531 418.151394408661
0.0447258729838822 417.899073048163
0.04473715457644 417.646751687669
0.0447484333247791 417.394430327179
0.0447597092310498 417.142108966693
0.0447709822973993 416.889787606212
0.0447822525259724 416.637466245734
0.044793519918911 416.38514488526
0.0448047844783545 416.13282352479
0.0448160462064394 415.880502164324
0.0448273051052998 415.628180803863
0.0448385611770667 415.375859443404
0.0448498144238688 415.12353808295
0.044861064847832 414.871216722501
0.0448723124510795 414.618895362054
0.044883557235732 414.366574001612
0.0448947992039072 414.114252641174
0.0449060383577205 413.86193128074
0.0449172746992845 413.609609920309
0.0449285082307092 413.357288559883
0.0449397389541018 413.104967199461
0.0449509668715673 412.852645839042
0.0449621919852075 412.600324478627
0.044973414297122 412.348003118217
0.0449846338094075 412.09568175781
0.0449958505241584 411.843360397407
0.0450070644434663 411.591039037008
0.0450182755694201 411.338717676612
0.0450294839041063 411.086396316221
0.0450406894496086 410.834074955834
0.0450518922080083 410.58175359545
0.0450630921813841 410.329432235071
0.045074289371812 410.077110874695
0.0450854837813654 409.824789514323
0.0450966754121152 409.572468153955
0.0451078642661299 409.320146793591
0.0451190503454751 409.067825433231
0.045130233652214 408.815504072874
0.0451414141884074 408.563182712521
0.0451525919561133 408.310861352173
0.0451637669573873 408.058539991828
0.0451749391942823 407.806218631487
0.0451861086688489 407.553897271149
0.045197275383135 407.301575910816
0.045208439339186 407.049254550486
0.0452196005390448 406.79693319016
0.0452307589847517 406.544611829837
0.0452419146783446 406.292290469519
0.0452530676218589 406.039969109204
0.0452642178173273 405.787647748893
0.0452753652667802 405.535326388586
0.0452865099722455 405.283005028283
0.0452976519357484 405.030683667984
0.0453087911593118 404.778362307688
0.045319927644956 404.526040947396
0.0453310613946989 404.273719587108
0.045342192410556 404.021398226824
0.0453533206945401 403.769076866544
0.0453644462486617 403.516755506267
0.0453755690749288 403.264434145994
0.045386689175347 403.012112785724
0.0453978065519192 402.759791425459
0.0454089212066461 402.507470065197
0.0454200331415259 402.255148704939
0.0454311423585543 402.002827344684
0.0454422488597247 401.750505984433
0.0454533526470278 401.498184624186
0.0454644537224521 401.245863263943
0.0454755520879835 400.993541903703
0.0454866477456058 400.741220543467
0.0454977406972999 400.488899183234
0.0455088309450447 400.236577823006
0.0455199184908165 399.98425646278
0.0455310033365892 399.731935102559
0.0455420854843343 399.479613742342
0.045553164936021 399.227292382128
0.045564241693616 398.974971021917
0.0455753157590836 398.722649661711
0.0455863871343857 398.470328301507
0.045597455821482 398.218006941308
0.0456085218223297 397.965685581112
0.0456195851388835 397.71336422092
0.045630645773096 397.461042860732
0.0456417037269171 397.208721500547
0.0456527590022947 396.956400140366
0.045663811601174 396.704078780189
0.0456748615254982 396.451757420014
0.0456859087772078 396.199436059844
0.0456969533582412 395.947114699677
0.0457079952705344 395.694793339514
0.0457190345160209 395.442471979354
0.0457300710966321 395.190150619198
0.045741105014297 394.937829259046
0.0457521362709422 394.685507898897
0.045763164868492 394.433186538752
0.0457741908088685 394.18086517861
0.0457852140939913 393.928543818472
0.0457962347257778 393.676222458338
0.0458072527061431 393.423901098206
0.045818268037 393.171579738079
0.0458292807202589 392.919258377955
0.045840290757828 392.666937017834
0.0458512981516132 392.414615657717
0.0458623029035181 392.162294297603
0.0458733050154441 391.909972937493
0.0458843044892901 391.657651577386
0.0458953013269529 391.405330217283
0.045906295530327 391.153008857183
0.0459172871013047 390.900687497087
0.0459282760417758 390.648366136994
0.0459392623536282 390.396044776904
0.0459502460387471 390.143723416818
0.0459612270990159 389.891402056736
0.0459722055363155 389.639080696657
0.0459831813525245 389.386759336581
0.0459941545495193 389.134437976509
0.0460051251291743 388.88211661644
0.0460160930933615 388.629795256374
0.0460270584439504 388.377473896312
0.0460380211828087 388.125152536254
0.0460489813118017 387.872831176199
0.0460599388327924 387.620509816147
0.0460708937476418 387.368188456099
0.0460818460582084 387.115867096053
0.0460927957663487 386.863545736012
0.046103742873917 386.611224375974
0.0461146873827653 386.358903015939
0.0461256292947434 386.106581655907
0.046136568611699 385.854260295879
0.0461475053354776 385.601938935854
0.0461584394679223 385.349617575833
0.0461693710108744 385.097296215814
0.0461802999661726 384.8449748558
0.0461912263356539 384.592653495788
0.0462021501211526 384.34033213578
0.0462130713245013 384.088010775775
0.04622398994753 383.835689415774
0.046234905992067 383.583368055776
0.0462458194599382 383.331046695781
0.0462567303529672 383.078725335789
0.0462676386729757 382.826403975801
0.0462785444217831 382.574082615816
0.0462894476012068 382.321761255834
0.0463003482130619 382.069439895856
0.0463112462591616 381.817118535881
0.0463221417413166 381.56479717591
0.0463330346613358 381.312475815941
0.0463439250210258 381.060154455976
0.0463548128221912 380.807833096014
0.0463656980666343 380.555511736056
0.0463765807561555 380.3031903761
0.046387460892553 380.050869016148
0.0463983384776228 379.7985476562
0.0464092135131589 379.546226296254
0.0464200860009532 379.293904936312
0.0464309559427954 379.041583576373
0.0464418233404733 378.789262216437
0.0464526881957723 378.536940856505
0.0464635505104761 378.284619496576
0.046474410286366 378.032298136651
0.0464852675252214 377.779976776728
0.0464961222288195 377.527655416809
0.0465069743989355 377.275334056893
0.0465178240373425 377.02301269698
0.0465286711458115 376.770691337071
0.0465395157261116 376.518369977164
0.0465503577800097 376.266048617261
0.0465611973092706 376.013727257361
0.0465720343156572 375.761405897464
0.0465828688009301 375.50908453757
0.0465937007668481 375.256763177679
0.046604530215168 375.004441817792
0.0466153571476442 374.752120457907
0.0466261815660294 374.499799098026
0.0466370034720742 374.247477738148
0.046647822867527 373.995156378273
0.0466586397541345 373.742835018401
0.0466694541336409 373.490513658532
0.0466802660077889 373.238192298667
0.0466910753783188 372.985870938804
0.0467018822469691 372.733549578945
0.0467126866154762 372.481228219089
0.0467234884855744 372.228906859236
0.0467342878589963 371.976585499386
0.0467450847374721 371.724264139538
0.0467558791227302 371.471942779695
0.0467666710164972 371.219621419854
0.0467774604204974 370.967300060017
0.0467882473364532 370.714978700182
0.046799031766085 370.462657340351
0.0468098137111114 370.210335980522
0.0468205931732488 369.958014620697
0.0468313701542117 369.705693260875
0.0468421446557127 369.453371901056
0.0468529166794622 369.20105054124
0.046863686227169 368.948729181427
0.0468744533005396 368.696407821617
0.0468852179012787 368.44408646181
0.046895980031089 368.191765102006
0.0469067396916714 367.939443742205
0.0469174968847246 367.687122382407
0.0469282516119454 367.434801022613
0.0469390038750289 367.182479662821
0.0469497536756679 366.930158303033
0.0469605010155536 366.677836943247
0.0469712458963751 366.425515583465
0.0469819883198194 366.173194223685
0.046992728287572 365.920872863909
0.047003465801316 365.668551504135
0.047014200862733 365.416230144365
0.0470249334735024 365.163908784597
0.0470356636353017 364.911587424833
0.0470463913498066 364.659266065071
0.0470571166186909 364.406944705312
0.0470678394436264 364.154623345557
0.0470785598262831 363.902301985804
0.0470892777683289 363.649980626055
0.04709999327143 363.397659266308
0.0471107063372507 363.145337906565
0.0471214169674532 362.893016546824
0.0471321251636981 362.640695187087
0.047142830927644 362.388373827352
0.0471535342609475 362.13605246762
0.0471642351652633 361.883731107892
0.0471749336422446 361.631409748166
0.0471856296935423 361.379088388443
0.0471963233208056 361.126767028723
0.0472070145256819 360.874445669006
0.0472177033098165 360.622124309292
0.0472283896748531 360.369802949581
0.0472390736224335 360.117481589873
0.0472497551541975 359.865160230167
0.0472604342717831 359.612838870465
0.0472711109768265 359.360517510765
0.0472817852709621 359.108196151069
0.0472924571558223 358.855874791375
0.0473031266330377 358.603553431684
0.0473137937042373 358.351232071996
0.0473244583710478 358.098910712311
0.0473351206350946 357.846589352629
0.0473457804980008 357.59426799295
0.0473564379613881 357.341946633274
0.0473670930268759 357.0896252736
0.0473777456960822 356.83730391393
0.0473883959706229 356.584982554262
0.0473990438521123 356.332661194597
0.0474096893421628 356.080339834935
0.0474203324423849 355.828018475276
0.0474309731543875 355.57569711562
0.0474416114797774 355.323375755966
0.0474522474201598 355.071054396316
0.0474628809771381 354.818733036668
0.0474735121523139 354.566411677023
0.047484140947287 354.314090317381
0.0474947673636553 354.061768957742
0.047505391403015 353.809447598106
0.0475160130669606 353.557126238472
0.0475266323570847 353.304804878842
0.0475372492749781 353.052483519214
0.04754786382223 352.800162159588
0.0475584760004276 352.547840799966
0.0475690858111564 352.295519440346
0.0475796932560003 352.043198080729
0.0475902983365413 351.790876721115
0.0476009010543595 351.538555361504
0.0476115014110334 351.286234001895
0.0476220994081399 351.03391264229
0.0476326950472538 350.781591282687
0.0476432883299484 350.529269923087
0.0476538792577951 350.276948563489
0.0476644678323637 350.024627203895
0.0476750540552221 349.772305844303
0.0476856379279366 349.519984484714
0.0476962194520717 349.267663125128
0.0477067986291902 349.015341765544
0.0477173754608531 348.763020405963
0.0477279499486196 348.510699046385
0.0477385220940475 348.25837768681
0.0477490918986925 348.006056327237
0.0477596593641087 347.753734967667
0.0477702244918486 347.5014136081
0.0477807872834629 347.249092248536
0.0477913477405006 346.996770888974
0.0478019058645089 346.744449529415
0.0478124616570334 346.492128169859
0.047823015119618 346.239806810306
0.0478335662538047 345.987485450755
0.0478441150611342 345.735164091207
0.047854661543145 345.482842731661
0.0478652057013744 345.230521372119
0.0478757475373576 344.978200012579
0.0478862870526283 344.725878653042
0.0478968242487186 344.473557293507
0.0479073591271587 344.221235933975
0.0479178916894773 343.968914574447
0.0479284219372012 343.71659321492
0.0479389498718559 343.464271855397
0.0479494754949648 343.211950495876
0.0479599988080499 342.959629136357
0.0479705198126314 342.707307776842
0.047981038510228 342.454986417329
0.0479915549023565 342.202665057819
0.0480020689905323 341.950343698311
0.0480125807762688 341.698022338806
0.0480230902610781 341.445700979304
0.0480335974464705 341.193379619804
0.0480441023339545 340.941058260307
0.0480546049250372 340.688736900812
0.048065105221224 340.43641554132
0.0480756032240184 340.184094181831
0.0480860989349226 339.931772822344
0.0480965923554371 339.679451462861
0.0481070834870605 339.427130103379
0.04811757233129 339.1748087439
0.0481280588896212 338.922487384424
0.0481385431635479 338.67016602495
0.0481490251545624 338.417844665479
0.0481595048641553 338.165523306011
0.0481699822938157 337.913201946545
0.0481804574450309 337.660880587082
0.0481909303192868 337.408559227621
0.0482014009180674 337.156237868163
0.0482118692428554 336.903916508708
0.0482223352951317 336.651595149255
0.0482327990763757 336.399273789805
0.048243260588065 336.146952430357
0.0482537198316758 335.894631070912
0.0482641768086827 335.642309711469
0.0482746315205585 335.389988352029
0.0482850839687747 335.137666992592
0.0482955341548009 334.885345633156
0.0483059820801053 334.633024273724
0.0483164277461546 334.380702914294
0.0483268711544136 334.128381554867
0.0483373123063458 333.876060195442
0.0483477512034131 333.62373883602
0.0483581878470756 333.3714174766
0.048368622238792 333.119096117183
0.0483790543800195 332.866774757769
0.0483894842722136 332.614453398356
0.0483999119168281 332.362132038947
0.0484103373153156 332.10981067954
0.0484207604691269 331.857489320135
0.0484311813797111 331.605167960733
0.0484416000485161 331.352846601334
0.048452016476988 331.100525241937
0.0484624306665713 330.848203882542
0.0484728426187092 330.59588252315
0.0484832523348431 330.343561163761
0.048493659816413 330.091239804374
0.0485040650648573 329.838918444989
0.0485144680816128 329.586597085607
0.0485248688681149 329.334275726228
0.0485352674257973 329.08195436685
0.0485456637560924 328.829633007476
0.0485560578604307 328.577311648104
0.0485664497402416 328.324990288734
0.0485768393969527 328.072668929367
0.0485872268319901 327.820347570003
0.0485976120467783 327.56802621064
0.0486079950427406 327.315704851281
0.0486183758212984 327.063383491923
0.0486287543838718 326.811062132568
0.0486391307318793 326.558740773216
0.048649504866738 326.306419413866
0.0486598767898634 326.054098054518
0.0486702465026694 325.801776695173
0.0486806140065686 325.549455335831
0.0486909793029719 325.29713397649
0.0487013423932889 325.044812617153
0.0487117032789275 324.792491257817
0.0487220619612942 324.540169898485
0.0487324184417941 324.287848539154
0.0487427727218306 324.035527179826
0.0487531248028057 323.783205820501
0.04876347468612 323.530884461177
0.0487738223731725 323.278563101857
0.0487841678653608 323.026241742538
0.048794511164081 322.773920383222
0.0488048522707276 322.521599023909
0.0488151911866937 322.269277664597
0.0488255279133711 322.016956305289
0.0488358624521498 321.764634945982
0.0488461948044187 321.512313586678
0.0488565249715648 321.259992227377
0.048866852954974 321.007670868078
0.0488771787560306 320.755349508781
0.0488875023761174 320.503028149486
0.0488978238166159 320.250706790194
0.0489081430789058 319.998385430904
0.0489184601643658 319.746064071617
0.0489287750743728 319.493742712332
0.0489390878103023 319.241421353049
0.0489493983735286 318.989099993769
0.0489597067654241 318.736778634491
0.0489700129873603 318.484457275216
0.0489803170407068 318.232135915943
0.048990618926832 317.979814556672
0.0490009186471029 317.727493197403
0.0490112162028847 317.475171838137
0.0490215115955417 317.222850478874
0.0490318048264364 316.970529119613
0.0490420958969299 316.718207760354
0.049052384808382 316.465886401097
0.049062671562151 316.213565041843
0.0490729561595939 315.961243682591
0.049083238602066 315.708922323341
0.0490935188909214 315.456600964094
0.0491037970275128 315.204279604849
0.0491140730131914 314.951958245606
0.049124346849307 314.699636886366
0.0491346185372079 314.447315527127
0.0491448880782412 314.194994167892
0.0491551554737524 313.942672808658
0.0491654207250857 313.690351449427
0.0491756838335839 313.438030090198
0.0491859448005884 313.185708730971
0.049196203627439 312.933387371747
0.0492064603154744 312.681066012525
0.0492167148660318 312.428744653305
0.049226967280447 312.176423294088
0.0492372175600543 311.924101934872
0.0492474657061867 311.67178057566
0.0492577117201759 311.419459216449
0.0492679556033521 311.16713785724
0.0492781973570441 310.914816498034
0.0492884369825795 310.662495138831
0.0492986744812842 310.410173779629
0.0493089098544832 310.15785242043
0.0493191431034995 309.905531061233
0.0493293742296553 309.653209702038
0.0493396032342712 309.400888342845
0.0493498301186663 309.148566983655
0.0493600548841585 308.896245624467
0.0493702775320643 308.643924265281
0.0493804980636989 308.391602906097
0.0493907164803761 308.139281546916
0.0494009327834082 307.886960187737
0.0494111469741063 307.63463882856
0.0494213590537801 307.382317469385
0.0494315690237379 307.129996110212
0.0494417768852869 306.877674751042
0.0494519826397325 306.625353391874
0.0494621862883792 306.373032032708
0.0494723878325298 306.120710673544
0.049482587273486 305.868389314382
0.0494927846125481 305.616067955223
0.049502979851015 305.363746596066
0.0495131729901843 305.111425236911
0.0495233640313522 304.859103877758
0.0495335529758138 304.606782518608
0.0495437398248625 304.354461159459
0.0495539245797907 304.102139800313
0.0495641072418893 303.849818441169
0.049574287812448 303.597497082027
0.0495844662927549 303.345175722887
0.0495946426840971 303.09285436375
0.0496048169877602 302.840533004615
0.0496149892050285 302.588211645481
0.0496251593371852 302.33589028635
0.0496353273855118 302.083568927222
0.0496454933512887 301.831247568095
0.0496556572357951 301.578926208971
0.0496658190403087 301.326604849848
0.049675978766106 301.074283490728
0.049686136414462 300.82196213161
0.0496962919866507 300.569640772494
0.0497064454839447 300.31731941338
0.0497165969076151 300.064998054268
0.0497267462589319 299.812676695159
0.0497368935391639 299.560355336051
0.0497470387495782 299.308033976946
0.0497571818914411 299.055712617843
0.0497673229660173 298.803391258742
0.0497774619745703 298.551069899643
0.0497875989183623 298.298748540546
0.0497977337986542 298.046427181451
0.0498078666167057 297.794105822359
0.0498179973737752 297.541784463268
0.0498281260711196 297.28946310418
0.0498382527099948 297.037141745093
0.0498483772916554 296.784820386009
0.0498584998173545 296.532499026927
0.0498686202883443 296.280177667847
0.0498787387058753 296.02785630877
0.049888855071197 295.775534949694
0.0498989693855576 295.52321359062
0.0499090816502041 295.270892231549
0.0499191918663819 295.018570872479
0.0499293000353357 294.766249513412
0.0499394061583084 294.513928154347
0.0499495102365419 294.261606795284
0.049959612271277 294.009285436223
0.0499697122637528 293.756964077164
0.0499798102152075 293.504642718108
0.0499899061268781 293.252321359053
0.05 293
