0 920.591226249449
0.002 918.591226249449
0.004 915.257892916116
0.006 910.057892916116
0.008 902.915035773259
0.01 893.803924662148
0.012 882.713015571239
0.014 869.636092494316
0.016 854.569425827649
0.018 837.510602298238
0.02 818.457970719291
0.022 797.410351671672
0.024 774.366873410802
0.026 749.326873410803
0.028 722.289836373766
0.03 693.255353615145
0.032 662.223095550629
0.034 629.192792520327
0.036 594.164221091755
0.038 557.137194064728
0.04 518.111553039088
0.042 477.087162795185
0.044 434.063906981232
0.046 389.04168475901
0.048 342.020408163265
0.05 293
