0.001553424415003 1.55342441500301
0.00375029829082173 1.9303483824472
0.00488748388832189 2.46868068342215
0.00579745884250916 2.91367172251974
0.00658041141986055 3.30042383863681
0.00727865976059336 3.64688038972617
0.00791507185337274 3.96340765463642
0.0085037224342714 4.25659603505264
0.00905402099664647 4.53093338731562
0.00957263256933312 4.78963550698681
0.0100644852490664 5.03509860878131
0.0105333459497486 5.26916430607193
0.0109821714058573 5.49328389611564
0.0114133333180419 5.70862502117911
0.0118287688260896 5.91614359952118
0.0122300845489106 6.11663390451363
0.0126186306044827 6.31076438713533
0.0129955545719269 6.49910390449126
0.0133618416688831 6.68214131691377
0.013718345221136 6.86030039300682
0.0140658101478528 7.03395132582007
0.0144048913259683 7.2034197562746
0.0147361681363796 7.36899393286884
0.0150601561200326 7.53093045736169
0.0153773164164926 7.68945894333141
0.0156880634800068 7.84478582881412
0.0159927714425012 7.9970975234386
0.0162917794027773 8.14656302671139
0.0165853958554855 8.29333612213812
0.0168739024249818 8.43755722823945
0.0171575570329679 8.57935496982003
0.0174365966014787 8.71884751948208
0.0177112393719214 8.85614374914631
0.0179816869048071 8.99134422345547
0.0182481258123333 9.12454206082033
0.0185107292661906 9.25582368302257
0.0187696583152487 9.38526947052518
0.0190250630416291 9.51295433757802
0.0192770835787553 9.63894823880863
0.0195258510110052 9.7633166170132
0.0197714881713739 9.88612080027138
0.020014110350936 10.0074183552317
0.0202538259317423 10.1272634023376
0.0204907369530165 10.2457068978768
0.0207249396190482 10.3627968870399
0.0209565247559573 10.4785787315321
0.0211855782234843 10.5930953148172
0.0214121812871032 10.7063872275918
0.0216364109550336 10.8184929358141
0.0218583402841147 10.9294489331961
0.0220780386579886 11.0392898799332
0.0222955720405969 11.1480487291193
0.0225110032076151 11.255756842178
0.0227243919581296 11.3624440944514
0.0229357953085791 11.4681389719464
0.0231452676707446 11.5728686601337
0.0233528610153619 11.6766591255795
0.0235586250227522 11.7795351911104
0.0237626072217078 11.8815206051135
0.0239648531177328 11.9826381055394
0.0241654063116199 12.0829094790784
0.0243643086092385 12.1823556159587
0.0245616001233176 12.2809965607499
0.0247573193679258 12.3788515595235
0.0249515033462781 12.4759391036832
0.0251441876324376 12.5722769707599
0.0253354064474227 12.6678822623995
0.0255251927301805 12.7627714398053
0.0257135782038449 12.8569603568076
0.0259005934376544 12.9504642907961
0.0260862679048751 13.0432979716285
0.0262706300370366 13.1354756087215
0.0264537072747657 13.2270109164343
0.0266355261154745 13.3179171378796
0.026816112158137 13.4082070672911
0.0269954901453695 13.4978930710309
0.0271736840030105 13.5869871073655
0.0273507168773785 13.6755007450707
0.0275266111703731 13.7634451809612
0.0277013885725696 13.8508312564246
0.0278750700944452 13.9376694730179
0.028047676095865 14.0239700071926
0.0282192263139439 14.1097427242137
0.0283897398893934 14.1949971913234
0.0285592353914518 14.2797426901934
0.0287277308414908 14.3639882287145
0.0288952437353821 14.4477425521738
0.0290617910647049 14.5310141538475
0.0292273893368635 14.6138112850515
0.0293920545941867 14.6961419646841
0.0295558024320678 14.778013988287
0.0297186480162055 14.8594349366631
0.0298806060989987 14.9404121840624
0.0300416910351463 15.0209529059784
0.030201916796497 15.1010640865706
0.0303612969861946 15.1807525257235
0.0305198448521581 15.2600248457936
0.030677573299934 15.3388874980196
0.030834494904958 15.4173467686607
0.0309906219242569 15.4954087848297
0.0311459663076226 15.5730795200928
0.0313005397082877 15.650364799789
0.0314543534931273 15.7272703061394
0.0316074187524158 15.8038015831114
0.0317597463091588 15.8799640410963
0.0319113467280253 15.9557629613554
0.0320622303238986 16.0312035003123
0.0322124071700676 16.1062906936248
0.0323618871060753 16.1810294601283
0.0325106797452433 16.2554246055807
0.0326587944818863 16.3294808262762
0.0328062404982352 16.4032027124993
0.0329530267710796 16.476594751844
0.0330991620781469 16.5496613324139
0.0332446550042272 16.6224067458665
0.0333895139470596 16.694835190365
0.0335337471229882 16.7669507734006
0.0336773625724016 16.838757514516
0.0338203681649628 16.9102593479104
0.0339627716046423 16.981460124968
0.0341045804345612 17.0523636166637
0.0342458020416541 17.122973515904
0.0343864436611595 17.1932934397685
0.034526512380946 17.2633269316714
0.0346660151456803 17.3330774634416
0.0348049587608457 17.4025484373395
0.034943349896616 17.4717431879804
0.035081195091593 17.540664984219
0.0352185007564108 17.6093170309368
0.0353552731772151 17.6777024707861
0.0354915185190222 17.7458243858693
0.0356272428289608 17.813685799362
0.0357624520394048 17.8812896770695
0.035897151970999 17.948638928953
0.0360313483355829 18.0157364105756
0.0361650467390172 18.0825849245273
0.0362982526839167 18.149187221785
0.0364309715722925 18.2155460030342
0.036563208708109 18.2816639199488
0.036694969299757 18.3475435764255
0.0368262584624476 18.4131875297783
0.0369570812205295 18.4785982919014
0.0370874425097327 18.5437783303896
0.0372173471793416 18.6087300696229
0.0373467999942997 18.6734558918167
0.0374758056372492 18.7379581380452
0.0376043687105076 18.8022391092272
0.0377324937379835 18.8663010670873
0.0378601851670341 18.9301462350767
0.0379874473702668 18.9937767992822
0.038114284647286 19.057194909291
0.0382407012263888 19.1204026790513
0.0383667012662088 19.1834021876745
0.0384922888573136 19.2461954802557
0.0386174680237532 19.3087845686296
0.0387422427245656 19.3711714321317
0.0388666168552371 19.4333580183296
0.0389905942491218 19.4953462437279
0.0391141786788199 19.5571379944567
0.0392373738575179 19.6187351269518
0.0393601834402895 19.6801394685868
0.0394826110253616 19.7413528183244
0.0396046601553443 19.802376947318
0.039726334318427 19.863213599519
0.0398476369495417 19.9238644922502
0.0399685714314942 19.9843313167786
0.0400891410960656 20.044615738859
0.0402093492250824 20.1047193992769
0.0403291990514597 20.1646439143609
0.0404486937602152 20.2243908764978
0.0405678364894567 20.2839618546186
0.0406866303313445 20.3433583946897
0.0408050783330269 20.4025820201701
0.0409231834975527 20.4616342324734
0.0410409487847594 20.5205165114091
0.0411583771121388 20.579230315619
0.0412754713556805 20.6377770829944
0.0413922343506933 20.6961582310896
0.0415086688926069 20.7543751575234
0.0416247777377522 20.8124292403638
0.0417405636041231 20.8703218385158
0.0418560291721185 20.9280542920884
0.0419711770852667 20.985627922758
0.0420860099509313 21.0430440341199
0.0422005303410003 21.1003039120344
0.0423147407925578 21.1574088249597
0.0424286438085404 21.2143600242862
0.0425422418583767 21.2711587446502
0.0426555373786125 21.3278062042479
0.0427685327735198 21.3843036051397
0.0428812304156931 21.4406521335521
0.0429936326466297 21.4968529601614
0.0431057417772983 21.5529072403839
0.0432175600886924 21.6088161146473
0.0433290898323726 21.664580708668
0.0434403332309952 21.720202133707
0.0435512924788291 21.7756814868367
0.0436619697422608 21.8310198511889
0.0437723671602879 21.8862182962008
0.0438824868450016 21.941277877862
0.0439923308820578 21.9961996389406
0.0441019013311385 22.0509846092211
0.0442112002264021 22.1056338057283
0.044320229576924 22.1601482329462
0.0444289913671276 22.2145288830334
0.0445374875572059 22.2687767360346
0.0446457200835332 22.3228927600876
0.0447536908590689 22.3768779116214
0.0448614017737515 22.4307331355587
0.0449688546948851 22.4844593655029
0.0450760514675165 22.5380575239328
0.0451829939148053 22.5915285223807
0.0452896838383858 22.6448732616216
0.0453961230187205 22.6980926318409
0.0455023132154475 22.7511875128181
0.0456082561677193 22.804158774086
0.0457139535945357 22.8570072751057
0.0458194071950687 22.9097338654212
0.0459246186489817 22.9623393848263
0.0460295896167413 23.0148246635165
0.0461343217399231 23.0671905222408
0.0462388166415114 23.1194377724555
0.0463430759261927 23.1715672164683
0.0464471011806427 23.2235796475813
0.0465508939738089 23.2754758502327
0.0466544558571857 23.3272566001386
0.0467577883650858 23.3789226644195
0.0468608930149051 23.4304748017428
0.0469637713073826 23.4819137624445
0.0470664247268554 23.5332402886637
0.0471688547415087 23.5844551144615
0.0472710628036203 23.6355589659462
0.0473730503498016 23.6865525613955
0.0474748188012324 23.7374366113679
0.0475763695638926 23.7882118188284
0.0476777040287885 23.8388788792486
0.0477788235721751 23.8894384807317
0.0478797295557745 23.9398913041105
0.0479804233269894 23.9902380230608
0.0480809062191134 24.0404793042046
0.0481811795515366 24.0906158072096
0.0482812446299482 24.1406481848962
0.0483811027465345 24.1905770833339
0.0484807551801738 24.2404031419378
0.0485802031966272 24.2901269935646
0.0486794480487267 24.3397492646088
0.0487784909765588 24.3892705750879
0.0488773332076456 24.4386915387433
0.0489759759571223 24.4880127631211
0.0490744204279112 24.5372348496588
0.0491726678108935 24.5863583937772
0.0492707192850765 24.6353839849601
0.0493685760177593 24.6843122068364
0.0494662391646951 24.7331436372614
0.0495637098702495 24.7818788484013
0.0496609892675582 24.8305184068013
0.0497580784786798 24.8790628734738
0.049854978614747 24.9275128039657
0.0499516907761152 24.9758687484375
