0.000485094078566458 0.485094078566473
0.00117112070350202 0.602797639107183
0.00152623421546348 0.770904827961936
0.00181039574766083 0.909863966235201
0.00205489149229014 1.0306366022192
0.00227293630489062 1.13882598033882
0.00247167126409027 1.23766922010576
0.00265549154422801 1.32922433271504
0.0028273354855705 1.41489275908237
0.00298928440343005 1.49567870859747
0.0031428772143588 1.5723304568487
0.00328929022768395 1.64542309183945
0.00342944675475115 1.71540981598752
0.00356408741604381 1.78265525363662
0.00369381712998021 1.84745791321471
0.00381913760189756 1.91006582565926
0.00394047043855701 1.97068773083861
0.00405817399909787 2.02950126804188
0.00417255594138786 2.08665909565617
0.00428388273689562 2.14229354560072
0.0043923870045201 2.19652021954212
0.00449827324531079 2.24944080668343
0.0046017223848665 2.30114531953605
0.00470289541322815 2.35171388816362
0.00480193633229908 2.40121821491606
0.00489897456537097 2.44972276503331
0.00499412694412242 2.49728574939816
0.00508749936029749 2.54395994216086
0.00517918814875918 2.58979336591616
0.00526928125347575 2.63482986971545
0.00535785921669252 2.67910961974919
0.00544499602300445 2.72266951824912
0.00553075982353192 2.76554356308593
0.00561521356038498 2.80776315798332
0.00569841550770368 2.84935738140435
0.00578041974250711 2.89035322062131
0.00586127655617234 2.93077577636385
0.005941032815446 2.97064844241639
0.00601973228035485 3.00999306377497
0.0060974158851438 3.0488300765376
0.00617412198736539 3.08717863185719
0.00624988658942635 3.12505670631488
0.00632474353622478 3.16248120031177
0.00639872469195872 3.19946802617398
0.00647186009872792 3.23603218716567
0.00654417811916948 3.27218784857212
0.00661570556504926 3.30794840178275
0.0066864678134631 3.34332652221313
0.00675648891207686 3.37833422178848
0.00682579167464303 3.41298289654336
0.00689439776787013 3.44728336995644
0.00696232779058295 3.4812459324222
0.00702960134599373 3.51488037730331
0.00709623710780328 3.54819603388483
0.00716225288076382 3.58120179760954
0.0072276656562606 3.61390615779514
0.00729249166340395 3.6463172231258
0.00735674641606725 3.67844274512407
0.00742044475625725 3.71029013979096
0.00748360089416044 3.74186650760156
0.00754622844517137 3.77317865197437
0.00760834046417671 3.80423309638186
0.00766994947733942 3.83503610022107
0.00773106751160229 3.8655936735414
0.00779170612210784 3.89591159073257
0.00785187641771157 3.92599540325016
0.00791158908474827 3.95585045149332
0.00797085440919523 3.9854818758708
0.00802968229736275 4.0148946271225
0.00808808229522975 4.04409347597663
0.00814606360653131 4.07308302218528
0.00820363510969534 4.10186770298801
0.00826080537371656 4.13045180100895
0.00831758267304818 4.15883945174047
0.00837397500158458 4.18703465048435
0.00842999008580191 4.21504125892368
0.00848563539711781 4.24286301133469
0.00854091816352608 4.27050352033408
0.00859584538055785 4.29796628239665
0.00865042382161614 4.32525468300394
0.00870466004772702 4.35237200152441
0.00875856041674729 4.37932141580236
0.00881213109206509 4.40610600649518
0.00886537805082722 4.43272876120276
0.00891830709172429 4.45919257836075
0.00897092384236234 4.4855002708934
0.00902323376624755 4.51165456972681
0.00907524216940848 4.53765812708455
0.00912695420667863 4.56351351965025
0.00917837488766037 4.58922325151216
0.00922950908238978 4.61478975701154
0.00928036152672047 4.6402154034363
0.00933093682744331 4.66550249358172
0.00938123946715771 4.6906532681622
0.00943127380890897 4.71566990814724
0.00948104410060545 4.74055453697047
0.00953055447922794 4.76530922260985
0.00957980897484331 4.78993597963061
0.00962881151443333 4.81443677106103
0.00967756592554896 4.83881351024421
0.00972607593979973 4.86306806256371
0.00977434519618729 4.88720224712982
0.00982237724429145 4.9112178383467
0.00987017554731667 4.93511656745779
0.0099177434850064 4.95890012397864
0.00996508435643217 4.98257015711283
0.0100122013826641 5.00612827708305
0.0100590977093284 5.02957605638726
0.0101057764090588 5.05291503105717
0.0101522404838458 5.07614670179503
0.0101984928672898 5.09927253514772
0.0102445364267628 5.1222939645269
0.0102903739654831 5.14521239129634
0.0103360082245067 5.16802918574795
0.0103814418846406 5.19074568805718
0.0104266775682803 5.21336320919858
0.0104717178411768 5.2358830318351
0.0105165652141344 5.25830641116105
0.0105612221446444 5.28063457573016
0.0106056910384566 5.30286872823543
0.0106499742510917 5.32501004623533
0.0106940740892974 5.34705968295048
0.0107379928124507 5.36901876789044
0.0107817326339087 5.39088840756535
0.0108252957223105 5.41266968614868
0.0108686842028316 5.43436366607503
0.010911900158394 5.45597138864817
0.010954945630833 5.47749387465721
0.0109978226220232 5.49893212490692
0.0110405330949646 5.52028712075146
0.0110830789748314 5.5415598246606
0.0111254621499848 5.56275118069401
0.0111676844729511 5.58386211499319
0.0112097477613665 5.60489353626205
0.0112516537988898 5.62584633622644
0.0112934043360858 5.64672139004816
0.0113350010912781 5.66751955680574
0.0113764457513744 5.68824167983631
0.0114177399726648 5.70888858718914
0.0114588853815946 5.72946109199891
0.0114998835755113 5.74995999284608
0.0115407361233883 5.77038607414046
0.011581444566526 5.79074010643713
0.0116220104192297 5.81102284681304
0.0116624351694676 5.83123503916641
0.0117027202795071 5.85137741454847
0.0117428671865324 5.87145069148013
0.0117828773032426 5.89145557624993
0.0118227520184317 5.9113927631714
0.0118624926975515 5.93126293491171
0.0119021006832567 5.95106676273111
0.0119415772959346 5.97080490675805
0.0119809238342184 5.99047801624015
0.0120201415754859 6.01008672981003
0.0120592317763437 6.02963167571993
0.0120981956730962 6.04911347205078
0.0121370344822026 6.06853272698462
0.0121757494007198 6.08789003899216
0.012214341606733 6.10718599707372
0.0122528122597735 6.1264211809283
0.0122911625012261 6.14559616121288
0.0123293934547235 6.16471149968732
0.0123675062265307 6.18376774943865
0.0124055019059187 6.2027654550662
0.0124433815655275 6.22170515282332
0.0124811462617194 6.24058737087526
0.0125187970349231 6.25941262938029
0.0125563349099677 6.27818144071561
0.0125937608964086 6.29689430961948
0.012631075988844 6.31555173335312
0.0126682811672235 6.33415420185041
0.0127053773971485 6.35270219787531
0.012742365630164 6.37119619716879
0.0127792468040443 6.38963666857978
0.0128160218430696 6.40802407421902
0.0128526916582969 6.4263588695731
0.0128892571478229 6.44464150366096
0.012925719197041 6.46287241915666
0.0129620786788912 6.48105205249526
0.0129983364541039 6.49918083401898
0.0130344933714381 6.51725918806127
0.0130705502679127 6.53528753311927
0.0131065079690329 6.55326628189833
0.0131423672890106 6.5711958414958
0.0131781290309795 6.58907661345091
0.0132137939872052 6.60690899386623
0.0132493629392896 6.62469337352924
0.0132848366583712 6.64243013796416
0.0133202159053198 6.66011966759126
0.0133555014309273 6.67776233778399
0.0133906939760931 6.69535851898119
0.0134257942720061 6.71290857672811
0.0134608030403216 6.73041287185186
0.0134957209933348 6.7478717604731
0.0135305488341494 6.76528559412435
0.0135652872568433 6.78265471982439
0.0135999369466297 6.79997948015149
0.0136344985800147 6.81726021335792
0.0136689728249517 6.83449725338647
0.013703360340992 6.85169092999554
0.0137376617794316 6.86884156882829
0.0137718777834557 6.88594949143743
0.0138060089882792 6.90301501543262
0.013840056021284 6.92003845447585
0.0138740195021541 6.93702011840192
0.0139079000430067 6.95396031324238
0.0139416982485213 6.97085934133121
0.0139754147160654 6.98771750133586
0.0140090500358176 7.00453508832245
0.0140426047908884 7.02131239384158
0.0140760795574382 7.03804970594856
0.0141094749047922 7.05474730929894
0.014142791395554 7.07140548518014
0.0141760295857158 7.08802451157153
0.0142091900247668 7.10460466321651
0.0142422732557992 7.12114621163802
0.0142752798156119 7.13764942522519
0.0143082102348123 7.15411456926027
0.0143410650379154 7.17054190600509
0.014373844743442 7.18693169468461
0.0144065498640134 7.20328419162834
0.0144391809064454 7.21959965020288
0.0144717383718399 7.23587832096217
0.0145042227556745 7.25212045163727
0.0145366345478908 7.26832628718371
0.0145689742329801 7.28449606983899
0.0146012422900685 7.30063003915769
0.0146334391929992 7.31672843204264
0.014665565410414 7.33279148280874
0.0146976214058329 7.34881942320806
0.0147296076377318 7.36481248246856
0.0147615245596195 7.3807708873308
0.0147933726201123 7.39669486210532
0.0148251522630079 7.4125846286716
0.014856863927357 7.42844040655594
0.014888508047535 7.4442624129247
0.0149200850533104 7.46005086266056
0.0149515953699136 7.4758059683665
0.0149830394181036 7.49152794041966
0.0150144176142333 7.50721698698203
0.0150457303703139 7.52287331405579
0.0150769780940782 7.53849712550841
0.0151081611890424 7.55408862306507
0.0151392800545671 7.56964800641931
0.0151703350859164 7.58517547319227
0.0152013266743173 7.60067121898352
0.0152322552070165 7.61613543742311
0.0152631210673374 7.63156832015199
0.015293924634735 7.64697005690078
0.0153246662848508 7.6623408354714
0.0153553463895659 7.67768084180608
0.0153859653170538 7.6929902599864
0.0154165234318316 7.70826927226907
0.015447021094811 7.72351805908706
0.0154774586633477 7.73873679912172
0.0155078364912904 7.753925669302
0.0155381549290289 7.76908484478929
0.0155684143235411 7.78421449909296
0.0155986150184394 7.79931480401743
0.0156287573540162 7.81438592967625
0.0156588416672886 7.82942804460216
0.0156888682920425 7.84444131565547
0.0157188375588757 7.85942590813754
0.0157487497952402 7.87438198577902
0.0157786053254845 7.88930971073756
0.0158084044708938 7.90420924366834
0.0158381475497312 7.91908074367581
0.0158678348772768 7.93392436840354
0.0158974667658669 7.94874027401582
0.0159270435249321 7.96352861522959
0.0159565654610355 7.97828954531228
0.0159860328779092 7.99302321612959
0.0160154460764913 8.0077297781492
0.0160448053549611 8.02240938045114
0.0160741110087752 8.0370621707745
0.0161033633307014 8.05168829546603
0.0161325626108533 8.06628789960037
0.0161617091367238 8.08086112691718
0.0161908031932178 8.09540811986835
0.0162198450626853 8.10992901963129
0.0162488350249528 8.12442396609734
0.016277773357355 8.13889309794305
0.0163066603347659 8.15333655258738
0.0163354962296288 8.1677544662664
0.016364281311987 8.1821469739774
0.0163930158495123 8.19651420957337
0.0164217001075353 8.21085630571269
0.0164503343490728 8.2251733938891
0.0164789188348566 8.23946560447395
0.0165074538233611 8.25373306670005
0.0165359395708304 8.26797590867954
0.0165643763313055 8.28219425743366
0.0165927643566502 8.29638823889689
0.0166211038965777 8.31055797790484
0.0166493951986756 8.32470359827142
0.0166776385084318 8.33882522272746
0.016705834069259 8.3529229729778
0.016733982122519 8.36699696968853
0.0167620829075473 8.38104733254396
0.0167901366616764 8.39507418019929
0.0168181436202594 8.40907763030844
0.0168461040166929 8.42305779959048
0.0168740180824398 8.43701480376902
0.0169018860470519 8.45094875762139
0.0169297081381913 8.46485977496884
0.0169574845816525 8.47874796870678
0.0169852156013841 8.49261345081337
0.0170129014195091 8.5064563323325
0.0170405422563461 8.52027672344716
0.0170681383304301 8.53407473339149
0.0170956898585317 8.54785047056468
0.0171231970556781 8.56160404247377
0.0171506601351717 8.57533555577958
0.0171780793086101 8.58904511626246
0.0172054547859047 8.60273282887723
0.0172327867752996 8.61639879775036
0.01726007548339 8.6300431261662
0.0172873211151408 8.64366591663096
0.0173145238739039 8.65726727079505
0.0173416839614365 8.67084728953844
0.017368801577918 8.68440607294851
0.017395876921968 8.69794372033034
0.0174229101906625 8.71146033024421
0.017449901579551 8.72495600043302
0.0174768512826729 8.73843082793242
0.0175037594925738 8.75188490900249
0.0175306264003219 8.76531833918101
0.017557452195523 8.77873121325396
0.0175842370663369 8.79212362532278
0.0176109811994926 8.80549566873152
0.0176376847803031 8.81884743614579
0.017664347992681 8.83217901952556
0.0176909710191526 8.84549051011694
0.0177175540408732 8.85878199850871
0.0177440972376409 8.87205357458667
0.0177706007879111 8.88530532758572
0.0177970648688102 8.89853734606323
0.01782348965615 8.91174971791246
0.0178498753244405 8.92494253040219
0.0178762220469042 8.93811587013342
0.0179025299954885 8.95126982308672
0.0179287993408798 8.96440447460244
0.0179550302525154 8.97751990938367
0.0179812228985968 8.99061621155353
0.0180073774461025 9.00369346458231
0.0180334940607998 9.01675175135907
0.0180595729072575 9.02979115416326
0.0180856141488579 9.04281175469306
0.0181116179478087 9.05581363402691
0.0181375844651547 9.06879687271972
0.0181635138607898 9.08176155068404
0.0181894062934679 9.09470774732804
0.0182152619208149 9.10763554143714
0.0182410808993393 9.12054501126889
0.0182668633844436 9.133436234535
0.0182926095304354 9.14630928837379
0.0183183194905374 9.15916424940502
0.018343993416899 9.1720011937035
0.0183696314606062 9.18482019680764
0.0183952337716919 9.19762133372747
0.0184208004991468 9.21040467896121
0.0184463317909286 9.22317030648866
0.018471827793973 9.23591828976687
0.0184972886542026 9.24864870176933
0.0185227145165373 9.26136161494398
0.0185481055249036 9.27405710126262
0.0185734618222444 9.28673523218766
0.0185987835505279 9.29939607870183
0.0186240708507576 9.31203971131312
0.0186493238629805 9.32466620003692
0.0186745427262972 9.33727561442584
0.01869972757887 9.34986802355427
0.0187248785579322 9.36244349605385
0.0187499957997966 9.37500210005778
0.0187750794398642 9.38754390327995
0.0188001296126328 9.40006897296483
0.0188251464517053 9.41257737591471
0.018850130089798 9.42506917848245
0.0188750806587489 9.43754444658174
0.0188999982895257 9.45000324570477
0.0189248831122341 9.46244564089907
0.0189497352561251 9.47487169679136
0.0189745548496038 9.4872814775873
0.0189993420202361 9.49967504705858
0.0190240968947573 9.51205246858139
0.0190488195990787 9.52441380510019
0.019073510258296 9.53675911917174
0.0190981689966961 9.54908847293617
0.0191227959377645 9.5614019281291
0.0191473912041927 9.57369954610135
0.0191719549178851 9.58598138781452
0.0191964871999661 9.59824751381778
0.0192209881707873 9.61049798428285
0.0192454579499342 9.62273285900503
0.0192698966562328 9.63495219740148
0.0192943044077568 9.64715605848942
0.0193186813218338 9.65934450096016
0.0193430275150524 9.67151758309261
0.019367343103268 9.68367536280507
0.0193916282016099 9.69581789767662
0.0194158829244872 9.7079452449026
0.0194401073855955 9.72005746134251
0.0194643016979228 9.73215460346176
0.0194884659737556 9.7442367274258
0.0195126003246853 9.75630388902131
0.019536704861614 9.76835614371565
0.0195607796947603 9.78039354659375
0.0195848249336656 9.79241615244102
0.0196088406871997 9.80442401568404
0.0196328270635662 9.81641719042461
0.0196567841703088 9.82839573043451
0.0196807121143166 9.84035968916134
0.0197046110018297 9.85230911971713
0.0197284809384445 9.86424407490437
0.0197523220291196 9.87616460720571
0.0197761343781809 9.88807076877771
0.0197999180893269 9.89996261146814
0.0198236732656339 9.91184018682154
0.0198474000095616 9.92370354605058
0.0198710984229579 9.9355527401054
0.0198947686070641 9.94738781957653
0.0199184106625197 9.95920883480447
0.0199420246893681 9.97101583580059
0.0199656107870606 9.98280887229341
0.0199891690544622 9.99458799371403
0.0200126995898556 10.0063532491952
0.0200362024909467 10.0181046875973
0.0200596778548688 10.0298423574858
0.0200831257781876 10.0415663071493
0.0201065463569057 10.0532765845791
0.0201299396864672 10.0649732374974
0.0201533058617622 10.076656313352
0.0201766449771316 10.0883258593176
0.0201999571263709 10.0999819222831
0.0202232424027354 10.1116245488729
0.0202465008989438 10.1232537854579
0.020269732707183 10.1348696781173
0.0202929379191122 10.1464722726931
0.0203161166258671 10.1580616147533
0.0203392689180641 10.169637749595
0.0203623948858046 10.1812007222679
0.0203854946186786 10.1927505775729
0.0204085682057694 10.2042873600492
0.0204316157356571 10.2158111139775
0.0204546372964228 10.2273218834109
0.0204776329756525 10.2388197121406
0.020500602860441 10.2503046437056
0.0205235470373956 10.2617767214235
0.0205464655926401 10.2732359883418
0.0205693586118186 10.2846824872882
0.0205922261800989 10.2961162608313
0.0206150683821767 10.3075373513394
0.0206378853022787 10.3189458009249
0.0206606770241667 10.3303416514578
0.0206834436311411 10.3417249445901
0.020706185206044 10.3530957217315
0.0207289018312634 10.3644540241034
0.0207515935887363 10.3757998926567
0.0207742605599519 10.3871333681363
0.0207969028259558 10.398454491066
0.0208195204673525 10.4097633017383
0.0208421135643093 10.4210598402575
0.0208646821965595 10.4323441464651
0.0208872264434055 10.4436162600393
0.0209097463837223 10.454876220391
0.0209322420959605 10.4661240667621
0.0209547136581498 10.4773598381407
0.0209771611479018 10.4885835733735
0.0209995846424132 10.4997953110268
0.0210219842184693 10.5109950895076
0.0210443599524464 10.52218294701
0.0210667119203153 10.5333589214974
0.0210890401976444 10.5445230507613
0.0211113448596021 10.5556753724031
0.0211336259809605 10.5668159237888
0.0211558836360978 10.5779447421059
0.0211781178990012 10.5890618643653
0.0212003288432702 10.6001673273511
0.0212225165421189 10.611261167665
0.0212446810683793 10.6223434217401
0.0212668224945037 10.6334141257897
0.0212889408925678 10.6444733158602
0.0213110363342731 10.6555210277929
0.0213331088909498 10.6665572972654
0.0213551586335596 10.6775821597483
0.021377185632698 10.6885956505337
0.0213991899585975 10.6995978047482
0.0214211716811296 10.7105886573325
0.0214431308698078 10.7215682430334
0.0214650675937898 10.7325365964179
0.0214869819218807 10.743493751908
0.0215088739225346 10.7544397437229
0.021530743663858 10.7653746059146
0.0215525912136117 10.7762983723697
0.0215744166392132 10.7872110767871
0.0215962200077397 10.7981127527064
0.0216180013859298 10.8090034335019
0.0216397608401865 10.8198831523743
0.0216614984365792 10.830751942357
0.0216832142408459 10.8416098363116
0.0217049083183961 10.8524568669486
0.0217265807343125 10.8632930668108
0.0217482315533536 10.874118468273
0.0217698608399559 10.884933103566
0.021791468658236 10.8957370047327
0.0218130550719931 10.9065302036752
0.0218346201447109 10.917312732127
0.0218561639395599 10.9280846216856
0.0218776865193997 10.9388459037996
0.0218991879467809 10.9495966097013
0.0219206682839473 10.9603367705379
0.0219421275928381 10.9710664172743
0.02196356593509 10.9817855807333
0.0219849833720389 10.9924942915777
0.0220063799647225 11.0031925803205
0.022027755773882 11.0138804773587
0.022049110859964 11.0245580128829
0.0220704452831228 11.0352252169835
0.0220917591032223 11.0458821195925
0.0221130523798378 11.0565287504785
0.022134325172258 11.0671651393212
0.0221555775394871 11.0777913155846
0.0221768095402464 11.0884073086609
0.0221980212329766 11.0990131477501
0.0222192126758392 11.1096088619573
0.0222403839267189 11.1201944801947
0.0222615350432248 11.1307700312739
0.0222826660826928 11.1413355438674
0.0223037771021872 11.1518910465149
0.0223248681585024 11.1624365676099
0.0223459393081648 11.1729721354044
0.0223669906074346 11.1834977780499
0.0223880221123075 11.194013523519
0.0224090338785163 11.2045193996953
0.0224300259615328 11.2150154343048
0.0224509984165696 11.2255016549454
0.0224719512985816 11.2359780891236
0.0224928846622675 11.2464447641523
0.0225137985620721 11.2569017072837
0.0225346930521872 11.2673489456033
0.0225555681865539 11.2777865060831
0.0225764240188637 11.2882144155487
0.0225972606025603 11.2986327007462
0.0226180779908415 11.3090413882782
0.0226388762366602 11.3194405045865
0.0226596553927266 11.3298300760693
0.022680415511509 11.3402101289328
0.0227011566452363 11.3505806892997
0.0227218788458986 11.3609417831711
0.0227425821652495 11.3712934363985
0.0227632666548068 11.3816356747562
0.0227839323658549 11.3919685238965
0.0228045793494456 11.4022920093462
0.0228252076563999 11.4126061565007
0.0228458173373092 11.4229109906643
0.0228664084425369 11.4332065370173
0.0228869810222202 11.4434928206219
0.0229075351262707 11.4537698664325
0.0229280708043766 11.4640376993151
0.0229485881060037 11.4742963439675
0.0229690870803967 11.4845458250276
0.0229895677765811 11.4947861670207
0.0230100302433638 11.5050173943373
0.0230304745293351 11.5152395312782
0.02305090068287 11.5254526020346
0.023071308752129 11.5356566306791
0.02309169878506 11.5458516411831
0.0231120708293994 11.5560376574084
0.0231324249326732 11.5662147031295
0.0231527611421987 11.5763828020057
0.0231730795050856 11.5865419775881
0.023193380068237 11.5966922533249
0.0232136628783511 11.6068336525673
0.0232339279819224 11.6169661985641
0.0232541754252425 11.6270899144624
0.0232744052544018 11.6372048233095
0.0232946175152906 11.6473109480329
0.0233148122536002 11.6574083114893
0.0233349895148242 11.6674969364391
0.0233551493442598 11.6775768455275
0.0233752917870088 11.6876480612911
0.0233954168879787 11.697710606181
0.0234155246918842 11.7077645025806
0.0234356152432481 11.717809772728
0.0234556885864025 11.7278464387869
0.0234757447654901 11.7378745228323
0.0234957838244651 11.7478940468496
0.0235158058070942 11.757905032718
0.0235358107569584 11.7679075022395
0.0235557987174533 11.7779014770894
0.0235757697317907 11.7878869788696
0.0235957238429994 11.7978640291257
0.0236156610939264 11.8078326492581
0.0236355815272383 11.8177928606014
0.0236554851854216 11.827744684399
0.0236753721107845 11.8376881418184
0.0236952423454576 11.8476232539137
0.0237150959313951 11.857550041668
0.0237349329103754 11.8674685259476
0.0237547533240028 11.8773787275824
0.023774557213708 11.8872806672712
0.0237943446207495 11.8971743656612
0.023814115586214 11.9070598432715
0.0238338701510181 11.916937120582
0.023853608355909 11.9268062179561
0.0238733302414652 11.9366671556781
0.0238930358480979 11.9465199539807
0.0239127252160518 11.9563646329402
0.023932398385406 11.9662012126305
0.023952055396075 11.9760297129816
0.0239716962878096 11.98585015391
0.0239913211001981 11.9956625551822
0.0240109298726667 12.005466936506
0.0240305226444811 12.0152633175232
0.0240500994547466 12.0250517177872
0.02406966034241 12.0348321567829
0.0240892053462596 12.0446046538735
0.0241087345049266 12.0543692283948
0.0241282478568857 12.0641258995966
0.0241477454404565 12.0738746866066
0.0241672272938037 12.0836156085329
0.0241866934549384 12.093348684369
0.0242061439617189 12.1030739330349
0.0242255788518515 12.112791373407
0.0242449981628912 12.122501024245
0.0242644019322431 12.1322029042689
0.0242837901971625 12.1418970320898
0.0243031629947563 12.1515834262626
0.0243225203619834 12.1612621052758
0.0243418623356561 12.1709330875287
0.0243611889524402 12.1805963913517
0.0243805002488564 12.1902520350112
0.0243997962612808 12.1999000366878
0.0244190770259458 12.2095404145086
0.0244383425789408 12.2191731865099
0.0244575929562132 12.2287983706747
0.0244768281935689 12.2384159848793
0.0244960483266733 12.2480260469982
0.0245152533910519 12.2576285747704
0.0245344434220913 12.2672235858867
0.0245536184550397 12.2768110979692
0.0245727785250078 12.286391128582
0.0245919236669695 12.2959636952193
0.0246110539157629 12.3055288152804
0.0246301693060903 12.3150865061196
0.02464926987252 12.3246367850384
0.0246683556494861 12.3341796692378
0.0246874266712898 12.3437151758647
0.0247064829720997 12.353243322005
0.0247255245859529 12.3627641246937
0.0247445515467556 12.3722776008703
0.0247635638882835 12.3817837674371
0.0247825616441829 12.3912826411936
0.0248015448479713 12.4007742389053
0.0248205135330379 12.4102585772788
0.0248394677326443 12.4197356729465
0.0248584074799257 12.4292055424647
0.0248773328078907 12.4386682023313
0.0248962437494228 12.4481236689979
0.0249151403372804 12.4575719588475
0.024934022604098 12.4670130881943
0.0249528905823866 12.4764470732932
0.0249717443045342 12.4858739303228
0.0249905838028068 12.495293675431
0.0250094091093489 12.5047063247116
0.0250282202561839 12.514111894145
0.0250470172752151 12.5235103996766
0.0250658001982262 12.532901857227
0.0250845690568819 12.5422862826013
0.0251033238827284 12.5516636916063
0.0251220647071942 12.5610340999154
0.0251407915615908 12.5703975232031
0.025159504477113 12.5797539770876
0.0251782034848398 12.5891034770816
0.0251968886157347 12.5984460386712
0.0252155599006466 12.6077816772897
0.0252342173703104 12.6171104082904
0.0252528610553472 12.6264322470007
0.0252714909862653 12.6357472086534
0.0252901071934607 12.6450553084611
0.0253087097072173 12.6543565615743
0.0253272985577083 12.6636509830642
0.0253458737749956 12.6729385879647
0.0253644353890317 12.6822193912362
0.0253829834296591 12.6914934078284
0.0254015179266114 12.7007606526039
0.0254200389095142 12.710021140356
0.0254385464078846 12.7192748858638
0.0254570404511331 12.7285219038151
0.0254755210685629 12.7377622088949
0.0254939882893712 12.7469958156695
0.0255124421426496 12.7562227386764
0.0255308826573845 12.7654429924324
0.0255493098624576 12.7746565913858
0.0255677237866467 12.7838635498999
0.0255861244586259 12.7930638823264
0.0256045119069663 12.8022576029257
0.0256228861601365 12.8114447259622
0.0256412472465031 12.8206252656241
0.0256595951943313 12.8297992360121
0.025677930031785 12.8389666512232
0.0256962517869281 12.8481275252991
0.0257145604877241 12.8572818722126
0.0257328561620373 12.8664297059033
0.0257511388376328 12.875571040228
0.0257694085421774 12.8847058890657
0.0257876653032397 12.8938342661715
0.025805909148291 12.9029561852776
0.0258241401047053 12.9120716600714
0.0258423581997604 12.921180704194
0.0258605634606376 12.9302833312467
0.0258787559144229 12.9393795547689
0.0258969355881071 12.9484693882441
0.0259151025085862 12.9575528451378
0.0259332567026621 12.9666299388379
0.0259513981970429 12.9757006827157
0.0259695270183436 12.9847650900463
0.0259876431930861 12.9938231741234
0.0260057467477 13.0028749481314
0.0260238377085231 13.0119204252718
0.0260419161018015 13.0209596186366
0.0260599819536906 13.029992541317
0.0260780352902548 13.0390192063496
0.0260960761374686 13.048039626725
0.0261141045212167 13.0570538153756
0.0261321204672945 13.0660617851867
0.0261501240014086 13.0750635490552
0.0261681151491772 13.0840591197542
0.0261860939361303 13.0930485100513
0.0262040603877105 13.1020317326725
0.0262220145292731 13.1110088002945
0.0262399563860869 13.1199797255493
0.0262578859833342 13.1289445210249
0.0262758033461113 13.1379031992919
0.026293708499429 13.1468557728354
0.0263116014682133 13.1558022541287
0.0263294822773052 13.1647426555768
0.0263473509514614 13.1736769895645
0.026365207515355 13.1826052684346
0.0263830519935752 13.1915275044831
0.0264008844106285 13.2004437099524
0.0264187047909383 13.2093538970555
0.0264365131588461 13.218258077967
0.026454309538611 13.227156264817
0.0264720939544111 13.2360484697144
0.0264898664303428 13.2449347046783
0.0265076269904221 13.2538149817268
0.0265253756585844 13.2626893128242
0.0265431124586851 13.2715577099061
0.0265608374145002 13.2804201848572
0.0265785505497259 13.2892767495073
0.0265962518879801 13.2981274156986
0.0266139414528017 13.3069721951736
0.0266316192676516 13.3158110996898
0.0266492853559128 13.3246441409072
0.0266669397408911 13.3334713305033
0.0266845824458148 13.3422926800743
0.0267022134938358 13.3511082011938
0.0267198329080295 13.3599179054183
0.0267374407113953 13.3687218042392
0.0267550369268568 13.3775199091139
0.0267726215772624 13.3863122314713
0.0267901946853854 13.395098782712
0.0268077562739246 13.4038795741589
0.0268253063655045 13.4126546171369
0.0268428449826753 13.4214239229091
0.0268603721479141 13.430187502723
0.0268778878836244 13.438945367789
0.0268953922121367 13.4476975292648
0.0269128851557091 13.4564439982753
0.0269303667365272 13.4651847859038
0.0269478369767047 13.4739199032481
0.0269652958982839 13.4826493612953
0.0269827435232354 13.4913731710338
0.027000179873459 13.5000913434175
0.0270176049707839 13.5088038893597
0.0270350188369689 13.517510819743
0.0270524214937027 13.5262121454097
0.0270698129626043 13.5349078771633
0.0270871932652234 13.5435980257933
0.0271045624230405 13.5522826020193
0.0271219204574674 13.5609616165645
0.0271392673898473 13.5696350801011
0.0271566032414554 13.5783030032451
0.0271739280334989 13.5869653966415
0.0271912417871175 13.5956222708105
0.0272085445233837 13.6042736363183
0.0272258362633028 13.6129195036583
0.0272431170278138 13.6215598833076
0.027260386837789 13.6301947857027
0.0272776457140348 13.638824221232
0.0272948936772919 13.6474482002659
0.0273121307482352 13.6560667331597
0.0273293569474748 13.6646798302138
0.0273465722955555 13.6732875016879
0.0273637768129578 13.6818897578336
0.0273809705200976 13.6904866088722
0.0273981534373269 13.6990780649469
0.0274153255849339 13.7076641362272
0.0274324869831432 13.716244832806
0.0274496376521163 13.7248201647853
0.0274667776119518 13.7333901421923
0.0274839068826853 13.741954775069
0.0275010254842905 13.7505140733815
0.0275181334366785 13.7590680470879
0.0275352307596989 13.7676167061301
0.0275523174731394 13.7761600603807
0.0275693935967268 13.7846981197297
0.0275864591501263 13.7932308939851
0.0276035141529429 13.8017583929458
0.0276205586247205 13.8102806263893
0.0276375925849432 13.8187976040735
0.0276546160530348 13.8273093357048
0.0276716290483596 13.8358158309553
0.0276886315902221 13.8443170994825
0.0277056236978678 13.8528131509105
0.0277226053904831 13.8613039948279
0.0277395766871959 13.8697896408085
0.0277565376070752 13.8782700983641
0.0277734881691322 13.8867453770148
0.0277904283923199 13.8952154862528
0.0278073582955336 13.9036804355083
0.027824277897611 13.9121402341922
0.0278411872173329 13.9205948917137
0.0278580862734228 13.9290444174133
0.0278749750845474 13.9374888206644
0.0278918536693173 13.9459281107238
0.0279087220462862 13.9543622968821
0.0279255802339524 13.9627913884049
0.027942428250758 13.9712153945101
0.0279592661150895 13.9796343243883
0.0279760938452784 13.988048187189
0.0279929114596008 13.9964569920708
0.0280097189762781 14.0048607481392
0.028026516413477 14.0132594644837
0.0280433037893097 14.0216531501479
0.0280600811218344 14.0300418141699
0.0280768484290552 14.0384254655148
0.0280936057289226 14.0468041132192
0.0281103530393335 14.0551777661855
0.0281270903781316 14.0635464333645
0.0281438177631074 14.0719101236372
0.0281605352119987 14.08026884587
0.0281772427424907 14.0886226089176
0.028193940372216 14.0969714215828
0.0282106281187552 14.1053152926492
0.028227305999637 14.1136542309144
0.028243974032338 14.1219882450864
0.0282606322342837 14.1303173439049
0.0282772806228479 14.1386415360153
0.0282939192153536 14.1469608301055
0.0283105480290727 14.1552752348047
0.0283271670812263 14.1635847587422
0.0283437763889854 14.1718894104885
0.0283603759694704 14.180189198602
0.0283769658397516 14.1884841316098
0.0283935460168496 14.1967742180381
0.0284101165177353 14.2050594663706
0.0284266773593301 14.2133398850578
0.0284432285585061 14.2216154825367
0.0284597701320865 14.2298862672359
0.0284763020968453 14.2381522475227
0.0284928244695083 14.2464134317696
0.0285093372667525 14.254669828322
0.0285258405052067 14.2629214454743
0.0285423342014517 14.2711682915245
0.0285588183720203 14.2794103747556
0.0285752930333977 14.2876477033895
0.0285917582020216 14.2958802856495
0.0286082138942824 14.3041081297457
0.0286246601265234 14.3123312438293
0.0286410969150409 14.3205496360506
0.0286575242760845 14.3287633145388
0.0286739422258573 14.3369722874099
0.0286903507805161 14.3451765627355
0.0287067499561712 14.3533761485549
0.0287231397688874 14.361571052912
0.0287395202346833 14.3697612838114
0.028755891369532 14.37794684925
0.0287722531893612 14.3861277571805
0.0287886057100533 14.3943040155562
0.0288049489474456 14.4024756322725
0.0288212829173306 14.4106426152391
0.0288376076354559 14.4188049723403
0.0288539231175247 14.4269627114206
0.0288702293791958 14.435115840314
0.0288865264360837 14.443264366809
0.028902814303759 14.4514082987153
0.0289190929977485 14.4595476437792
0.028935362533535 14.4676824097396
0.0289516229265582 14.4758126043155
0.0289678741922143 14.4839382352196
0.0289841163458563 14.4920593101287
0.0290003494027942 14.5001758366909
0.0290165733782953 14.5082878225345
0.0290327882875841 14.5163952752823
0.0290489941458426 14.5244982025284
0.0290651909682106 14.5325966118219
0.0290813787697858 14.5406905107332
0.0290975575656236 14.5487799067744
0.0291137273707378 14.5568648074651
0.0291298882001005 14.5649452202788
0.0291460400686423 14.5730211526854
0.0291621829912524 14.5810926121321
0.0291783169827788 14.5891596060461
0.0291944420580286 14.5972221418322
0.0292105582317678 14.6052802268662
0.029226665518722 14.6133338685032
0.0292427639335759 14.6213830740987
0.0292588534909741 14.6294278509675
0.0292749342055207 14.6374682064299
0.02929100609178 14.6455041477452
0.0293070691642761 14.6535356821952
0.0293231234374935 14.6615628169906
0.0293391689258769 14.6695855593951
0.0293552056438317 14.6776039165781
0.0293712336057239 14.6856178957259
0.0293872528258802 14.6936275040225
0.0294032633185886 14.7016327485996
0.0294192650980978 14.7096336365698
0.029435258178618 14.7176301750649
0.0294512425743209 14.7256223711416
0.0294672182993397 14.7336102319067
0.0294831853677691 14.7415937643789
0.0294991437936659 14.7495729755681
0.0295150935910489 14.7575478725184
0.0295310347738989 14.7655184621904
0.029546967356159 14.7734847515832
0.0295628913517348 14.7814467476443
0.0295788067744945 14.7894044572885
0.029594713638269 14.7973578874482
0.0296106119568518 14.8053070450234
0.0296265017439998 14.813251936898
0.0296423830134327 14.8211925699071
0.0296582557788337 14.8291289508995
0.0296741200538492 14.8370610866985
0.0296899758520893 14.8449889841297
0.0297058231871277 14.8529126499649
0.0297216620725019 14.8608320909691
0.0297374925217134 14.8687473138904
0.0297533145482277 14.8766583254898
0.0297691281654747 14.8845651324383
0.0297849333868484 14.8924677414531
0.0298007302257075 14.9003661592182
0.0298165186953751 14.9082603923943
0.0298322988091392 14.9161504476194
0.0298480705802527 14.9240363315198
0.0298638340219334 14.931918050721
0.0298795891473642 14.9397956117869
0.0298953359696935 14.9476690213226
0.0299110745020348 14.9555382858574
0.0299268047574672 14.9634034119337
0.0299425267490356 14.9712644061011
0.0299582404897506 14.9791212748316
0.0299739459925885 14.9869740246334
0.0299896432704918 14.9948226619681
0.0300053323363692 15.0026671932858
0.0300210132030956 15.0105076250596
0.0300366858835122 15.0183439636559
0.0300523503904269 15.0261762155167
0.030068006736614 15.0340043870232
0.0300836549348148 15.0418284845263
0.0300992949977373 15.0496485144032
0.0301149269380567 15.0574644829713
0.0301305507684151 15.0652763965731
0.0301461665014219 15.0730842615097
0.030161774149654 15.0808880840666
0.0301773737256557 15.0886878705112
0.0301929652419387 15.0964836271053
0.0302085487109826 15.1042753600776
0.030224124145235 15.1120630756483
0.030239691557111 15.11984678004
0.0302552509589942 15.1276264794561
0.0302708023632361 15.1354021800332
0.0302863457821566 15.1431738879625
0.0303018812280439 15.1509416093835
0.0303174087131549 15.158705350416
0.0303329282497149 15.1664651171812
0.0303484398499181 15.1742209157492
0.0303639435259276 15.1819727522504
0.0303794392898752 15.1897206327169
0.0303949271538621 15.1974645631951
0.0304104071299585 15.2052045497554
0.0304258792302039 15.2129405983686
0.0304413434666073 15.2206727150765
0.030456799851147 15.2284009058539
0.0304722483957712 15.2361251766773
0.0304876891123976 15.2438455334946
0.030503122012914 15.2515619822668
0.0305185471091778 15.2592745289241
0.0305339644130167 15.2669831793657
0.0305493739362284 15.274687939497
0.0305647756905811 15.2823888152062
0.030580169687813 15.2900858123638
0.0305955559396331 15.2977789368079
0.0306109344577209 15.3054681943934
0.0306263052537263 15.313153590946
0.0306416683392705 15.3208351322698
0.030657023725945 15.3285128241705
0.0306723714253128 15.3361866724035
0.0306877114489076 15.343856682768
0.0307030438082345 15.3515228610057
0.0307183685147698 15.3591852128411
0.0307336855799613 15.3668437440198
0.0307489950152281 15.3744984602356
0.0307642968319611 15.3821493671814
0.0307795910415226 15.3897964705338
0.0307948776552471 15.3974397760033
0.0308101566844405 15.4050792891904
0.0308254281403811 15.412715015762
0.0308406920343191 15.4203469613274
0.0308559483774767 15.427975131519
0.0308711971810487 15.4355995319113
0.0308864384562021 15.4432201680955
0.0309016722140763 15.4508370456442
0.0309168984657834 15.4584501701055
0.0309321172224081 15.4660595470346
0.0309473284950077 15.4736651819524
0.0309625322946125 15.4812670803687
0.0309777286322257 15.4888652478024
0.0309929175188236 15.4964596897354
0.0310080989653555 15.5040504116228
0.0310232729827438 15.5116374189499
0.0310384395818846 15.5192207171636
0.0310535987736469 15.5268003117017
0.0310687505688735 15.5343762079642
0.0310838949783807 15.5419484113705
0.0310990320129586 15.5495169273053
0.0311141616833707 15.5570817611637
0.0311292840003546 15.5646429183244
0.0311443989746218 15.5722004041061
0.0311595066168579 15.5797542238911
0.0311746069377224 15.5873043829939
0.0311896999478491 15.594850886735
0.0312047856578462 15.6023937404014
0.0312198640782961 15.6099329493152
0.0312349352197557 15.6174685187403
0.0312499990927565 15.6250004539195
0.0312650557078046 15.6325287601505
0.0312801050753807 15.6400534426335
0.0312951472059406 15.6475745066125
0.0313101821099147 15.6550919573086
0.0313252097977083 15.6626057999068
0.0313402302797022 15.6701160396023
0.0313552435662518 15.6776226815803
0.0313702496676882 15.6851257309955
0.0313852485943174 15.6926251930384
0.031400240356421 15.7001210727996
0.031415224964256 15.7076133754492
0.031430202428055 15.7151021060672
0.0314451727580262 15.7225872697873
0.0314601359643536 15.7300688716902
0.0314750920571968 15.737546916843
0.0314900410466914 15.7450214103255
0.031504982942949 15.7524923571816
0.0315199177560571 15.7599597624687
0.0315348454960794 15.7674236312426
0.0315497661730558 15.7748839684666
0.0315646797970024 15.7823407791864
0.0315795863779117 15.7897940683918
0.0315944859257527 15.7972438410711
0.0316093784504708 15.8046901021854
0.0316242639619879 15.8121328567023
0.0316391424702028 15.819572109577
0.0316540139849909 15.8270078657461
0.0316688785162043 15.8344401301126
0.0316837360736722 15.8418689076195
0.0316985866672006 15.8492942031683
0.0317134303065728 15.8567160216321
0.0317282670015488 15.8641343679165
0.0317430967618661 15.8715492468539
0.0317579195972394 15.8789606633312
0.0317727355173607 15.8863686221758
0.0317875445318995 15.8937731282469
0.0318023466505026 15.9011741863513
0.0318171418827946 15.9085718012806
0.0318319302383776 15.9159659778806
0.0318467117268313 15.9233567209203
0.0318614863577134 15.9307440351539
0.0318762541405594 15.9381279253793
0.0318910150848826 15.9455083963571
0.0319057692001743 15.9528854528224
0.031920516495904 15.96025909951
0.0319352569815194 15.9676293411356
0.031949990666446 15.9749961824308
0.031964717560088 15.9823596280771
0.0319794376718279 15.9897196827845
0.0319941510110263 15.9970763512292
0.0320088575870225 16.0044296380699
0.0320235574091346 16.011779547968
0.0320382504866588 16.0191260855747
0.0320529368288704 16.026469255521
0.0320676164450234 16.0338090624419
0.0320822893443504 16.04114551096
0.0320969555360631 16.0484786056697
0.0321116150293522 16.0558083511607
0.0321262678333873 16.0631347520399
0.0321409139573171 16.0704578128708
0.0321555534102696 16.0777775382183
0.0321701862013518 16.0850939326327
0.0321848123396503 16.0924070006592
0.0321994318342309 16.0997167468278
0.0322140446941387 16.1070231756456
0.0322286509283985 16.1143262916446
0.0322432505460145 16.1216260993329
0.0322578435559708 16.1289226031955
0.0322724299672309 16.13621580771
0.0322870097887381 16.143505717337
0.0323015830294156 16.1507923365605
0.0323161496981665 16.1580756698315
0.0323307098038736 16.1653557215619
0.0323452633554002 16.1726324962156
0.0323598103615891 16.1799059982089
0.0323743508312637 16.1871762319473
0.0323888847732272 16.1944432018348
0.0324034121962633 16.2017069122493
0.0324179331091361 16.2089673675892
0.0324324475205899 16.2162245722266
0.0324469554393493 16.2234785305067
0.0324614568741199 16.2307292468029
0.0324759518335873 16.2379767254453
0.0324904403264182 16.2452209707602
0.0325049223612596 16.2524619871013
0.0325193979467394 16.2596997787625
0.0325338670914665 16.2669343500569
0.0325483298040303 16.2741657052689
0.0325627860930015 16.2813938487014
0.0325772359669314 16.2886187845889
0.0325916794343526 16.2958405172628
0.0326061165037789 16.3030590509144
0.0326205471837048 16.3102743898081
0.0326349714826066 16.3174865382016
0.0326493894089414 16.3246955003145
0.0326638009711479 16.33190128036
0.0326782061776461 16.3391038825675
0.0326926050368376 16.3463033111199
0.0327069975571052 16.3534995702161
0.0327213837468135 16.3606926640239
0.0327357636143088 16.3678825967266
0.0327501371679187 16.3750693725073
0.0327645044159529 16.3822529954853
0.0327788653667028 16.3894334698188
0.0327932200284415 16.3966107996651
0.0328075684094241 16.4037849891249
0.0328219105178879 16.4109560423371
0.0328362463620517 16.4181239633836
0.0328505759501167 16.425288756392
0.0328648992902663 16.4324504254482
0.0328792163906657 16.4396089746201
0.0328935272594628 16.446764408005
0.0329078319047875 16.4539167296575
0.032922130334752 16.4610659436296
0.032936422557451 16.4682120539703
0.0329507085809616 16.4753550647249
0.0329649884133436 16.4824949799197
0.0329792620626389 16.4896318035613
0.0329935295368725 16.496765539668
0.0330077908440517 16.5038961922702
0.0330220459921668 16.5110237653383
0.0330362949891905 16.5181482628537
0.0330505378430787 16.5252696888093
0.0330647745617698 16.5323880471611
0.0330790051531855 16.5395033418679
0.0330932296252301 16.546615576915
0.0331074479857911 16.5537247562026
0.0331216602427392 16.5608308837044
0.033135866403928 16.5679339633171
0.0331500664771943 16.5750339989546
0.0331642604703582 16.5821309945804
0.0331784483912231 16.589224954056
0.0331926302475756 16.5963158812594
0.0332068060471858 16.6034037800782
0.0332209757978071 16.610488654425
0.0332351395071765 16.6175705081406
0.0332492971830143 16.6246493451064
0.0332634488330248 16.6317251691482
0.0332775944648954 16.638797984132
0.0332917340862975 16.6458677938753
0.0333058677048861 16.6529346022278
0.0333199953283001 16.6599984129742
0.033334116964162 16.6670592299548
0.0333482326200782 16.6741170569613
0.0333623423036393 16.6811718977919
0.0333764460224194 16.6882237562361
0.0333905437839769 16.6952726360734
0.0334046355958543 16.7023185410658
0.033418721465578 16.7093614750061
0.0334328014006585 16.7164014416207
0.0334468754085909 16.7234384446576
0.033460943496854 16.7304724878549
0.0334750056729112 16.7375035749561
0.0334890619442103 16.744531709678
0.0335031123181832 16.7515568957507
0.0335171568022464 16.7585791368611
0.0335311954038009 16.7655984367242
0.0335452281302321 16.7726147990214
0.03355925498891 16.7796282274448
0.0335732759871893 16.7866387256757
0.0335872911324092 16.7936462973669
0.0336013004318937 16.8006509461915
0.0336153038929514 16.807652675819
0.0336293015228758 16.8146514898643
0.0336432933289453 16.8216473919891
0.033657279318423 16.8286403858311
0.0336712594985571 16.8356304749927
0.0336852338765805 16.8426176631195
0.0336992024597114 16.8496019537785
0.0337131652551527 16.8565833506123
0.0337271222700928 16.8635618571858
0.033741073511705 16.8705374770976
0.0337550189871477 16.877510213934
0.0337689587035647 16.8844800712648
0.033782892668085 16.8914470526387
0.0337968208878228 16.8984111616229
0.0338107433698777 16.9053724017605
0.0338246601213349 16.9123307766054
0.0338385711492647 16.919286289695
0.0338524764607231 16.9262389445452
0.0338663760627515 16.9331887446878
0.0338802699623769 16.9401356936145
0.0338941581666119 16.9470797948601
0.0339080406824547 16.9540210519087
0.0339219175168893 16.9609594682548
0.0339357886768853 16.967895047384
0.033949654169398 16.97482779279
0.0339635140013687 16.9817577079012
0.0339773681797244 16.9886847962194
0.033991216711378 16.995609061172
0.0340050596032284 17.0025305062357
0.0340188968621603 17.0094491348446
0.0340327284950447 17.0163649504327
0.0340465545087384 17.0232779564159
0.0340603749100842 17.0301881562252
0.0340741897059113 17.0370955532922
0.0340879989030348 17.0440001510028
0.0341018025082563 17.0509019527607
0.0341156005283633 17.0578009619737
0.0341293929701299 17.0646971820161
0.0341431798403162 17.0715906162608
0.034156961145669 17.078481268101
0.0341707368929211 17.0853691408968
0.0341845070887921 17.0922542380044
0.0341982717399879 17.0991365627699
0.034212030853201 17.1060161185438
0.0342257844351102 17.1128929086758
0.0342395324923812 17.1197669364857
0.0342532750316661 17.1266382052986
0.0342670120596038 17.1335067184541
0.0342807435828199 17.1403724792291
0.0342944696079265 17.1472354909471
0.0343081901415229 17.154095756903
0.0343219051901948 17.1609532804203
0.0343356147605149 17.1678080647702
0.0343493188590429 17.1746601132018
0.0343630174923253 17.1815094290262
0.0343767106668955 17.1883560155006
0.034390398389274 17.1951998758793
0.0344040806659683 17.2020410134163
0.0344177575034729 17.2088794313565
0.0344314289082696 17.2157151329366
0.034445094886827 17.2225481213907
0.0344587554456013 17.2293783999793
0.0344724105910355 17.2362059718989
0.0344860603295601 17.2430308403589
0.0344997046675927 17.2498530085624
0.0345133436115384 17.2566724797299
0.0345269771677896 17.2634892570532
0.0345406053427261 17.270303343717
0.0345542281427148 17.2771147429169
0.0345678455741106 17.2839234578083
0.0345814576432555 17.290729491591
0.0345950643564791 17.2975328474148
0.0346086657200987 17.3043335284338
0.0346222617404189 17.3111315378007
0.0346358524237323 17.317926878672
0.0346494377763188 17.3247195541694
0.0346630178044463 17.3315095674522
0.0346765925143703 17.3382969216295
0.0346901619123339 17.3450816198424
0.0347037260045682 17.3518636651689
0.0347172847972921 17.3586430607452
0.0347308382967124 17.3654198096906
0.0347443865090235 17.3721939150752
0.0347579294404082 17.3789653799937
0.0347714670970369 17.3857342075515
0.0347849994850681 17.3925004007917
0.0347985266106484 17.39926396282
0.0348120484799122 17.4060248966792
0.0348255650989824 17.4127832054491
0.0348390764739697 17.4195388921907
0.0348525826109731 17.4262919599283
0.0348660835160797 17.4330424117334
0.0348795791953648 17.4397902506104
0.0348930696548921 17.446535479621
0.0349065549007136 17.4532781017764
0.0349200349388693 17.4600181200932
0.0349335097753878 17.4667555375986
0.0349469794162862 17.473490357296
0.0349604438675696 17.4802225822025
0.034973903135232 17.4869522152767
0.0349873572252556 17.493679259548
0.035000806143611 17.5004037179889
0.0350142498962577 17.5071255935502
0.0350276884891435 17.5138448892479
0.0350411219282048 17.5205616080576
0.0350545502193666 17.5272757528959
0.0350679733685428 17.5339873267582
0.0350813913816358 17.5406963325663
0.0350948042645366 17.5474027732686
0.0351082120231252 17.5541066518304
0.0351216146632701 17.5608079711525
0.035135012190829 17.5675067342052
0.035148404611648 17.5742029438879
0.0351617919315623 17.5808966031165
0.0351751741563961 17.5875877148108
0.0351885512919622 17.5942762818676
0.0352019233440627 17.6009623072016
0.0352152903184884 17.6076457936947
0.0352286522210194 17.6143267442454
0.0352420090574245 17.6210051617461
0.0352553608334618 17.6276810490328
0.0352687075548785 17.6343544090177
0.0352820492274109 17.6410252445739
0.0352953858567844 17.6476935585517
0.0353087174487137 17.6543593538049
0.0353220440089026 17.6610226331873
0.0353353655430441 17.6676833995413
0.0353486820568207 17.6743416557373
0.035361993555904 17.6809974045688
0.035375300045955 17.687650648875
0.0353886015326241 17.6943013915165
0.0354018980215509 17.7009496352754
0.0354151895183647 17.7075953829743
0.035428476028684 17.7142386374247
0.0354417575581169 17.7208794014436
0.0354550341122609 17.7275176778031
0.0354683056967032 17.7341534693254
0.0354815723170203 17.74078677879
0.0354948339787784 17.7474176089824
0.0355080906875334 17.7540459626532
0.0355213424488306 17.7606718426075
0.0355345892682053 17.7672952516043
0.0355478311511822 17.7739161924183
0.0355610681032758 17.7805346677688
0.0355743001299903 17.7871506804463
0.0355875272368197 17.7937642331656
0.035600749429248 17.8003753287003
0.0356139667127486 17.8069839697724
0.035627179092785 17.8135901590996
0.0356403865748107 17.8201938994403
0.0356535891642688 17.8267951935001
0.0356667868665926 17.8333940439769
0.0356799796872051 17.8399904536072
0.0356931676315194 17.846584425085
0.0357063507049386 17.8531759611224
0.035719528912856 17.8597650644052
0.0357327022606546 17.8663517376319
0.0357458707537077 17.8729359835077
0.0357590343973788 17.8795178046658
0.0357721931970213 17.8860972038278
0.0357853471579788 17.8926741836371
0.0357984962855853 17.8992487467753
0.0358116405851647 17.9058208958944
0.0358247800620314 17.9123906336512
0.0358379147214899 17.918957962724
0.0358510445688351 17.9255228857293
0.035864169609352 17.9320854053352
0.0358772898483162 17.9386455241578
0.0358904052909934 17.9452032448409
0.0359035159426399 17.9517585700095
0.0359166218085023 17.9583115022796
0.0359297228938176 17.9648620442774
0.0359428192038133 17.9714101986168
0.0359559107437075 17.9779559679241
0.0359689975187086 17.9844993547775
0.0359820795340156 17.9910403617692
0.035995156794818 17.9975789915179
0.0360082293062961 18.0041152466109
0.0360212970736205 18.0106491296101
0.0360343601019527 18.0171806431527
0.0360474183964446 18.0237097897522
0.0360604719622389 18.0302365720001
0.036073520804469 18.036760992464
0.0360865649282591 18.0432830537197
0.0360996043387239 18.0498027583078
0.0361126390409691 18.0563201087957
0.036125669040091 18.0628351077148
0.0361386943411769 18.0693477576249
0.0361517149493048 18.0758580610633
0.0361647308695436 18.0823660205397
0.0361777421069531 18.0888716386254
0.036190748666584 18.0953749178007
0.036203750553478 18.1018758606208
0.0362167477726675 18.1083744695829
0.0362297403291761 18.1148707472078
0.0362427282280184 18.1213646959932
0.0362557114741999 18.127856318454
0.0362686900727172 18.1343456170947
0.0362816640285579 18.1408325944097
0.0362946333467009 18.1473172528547
0.0363075980321159 18.1537995949482
0.036320558089764 18.1602796231516
0.0363335135245973 18.1667573399552
0.036346464341559 18.1732327478196
0.0363594105455837 18.1797058492271
0.0363723521415972 18.1861766466236
0.0363852891345163 18.1926451424681
0.0363982215292493 18.1991113392171
0.0364111493306957 18.2055752393262
0.0364240725437463 18.2120368452565
0.0364369911732833 18.218496159419
0.0364499052241802 18.2249531842593
0.0364628147013017 18.2314079222175
0.0364757196095042 18.2378603757079
0.0364886199536353 18.2443105471624
0.0365015157385342 18.2507584390017
0.0365144069690313 18.2572040536432
0.0365272936499486 18.263647393493
0.0365401757860998 18.2700884609667
0.0365530533822899 18.2765272584592
0.0365659264433154 18.2829637883692
0.0365787949739644 18.2893980530852
0.0365916589790168 18.295830055015
0.0366045184632438 18.3022597965422
0.0366173734314083 18.3086872800187
0.036630223888265 18.3151125078535
0.0366430698385601 18.321535482404
0.0366559112870315 18.3279562060463
0.0366687482384088 18.3343746811459
0.0366815806974135 18.3407909100572
0.0366944086687586 18.3472048951412
0.0367072321571491 18.353616638738
0.0367200511672815 18.3600261432262
0.0367328657038443 18.3664334109052
0.0367456757715178 18.3728384441545
0.0367584813749741 18.3792412452917
0.0367712825188772 18.3856418166598
0.0367840792078831 18.3920401605831
0.0367968714466394 18.398436279377
0.0368096592397859 18.4048301753643
0.0368224425919543 18.4112218508711
0.0368352215077681 18.4176113081976
0.0368479959918429 18.4239985496659
0.0368607660487865 18.4303835775508
0.0368735316831982 18.4367663941935
0.0368862928996699 18.443147001842
0.0368990497027852 18.4495254028374
0.03691180209712 18.4559015994363
0.0369245500872421 18.4622755939346
0.0369372936777116 18.4686473886051
0.0369500328730805 18.4750169857118
0.0369627676778933 18.4813843875477
0.0369754980966864 18.4877495963722
0.0369882241339885 18.4941126144595
0.0370009457943204 18.5004734440674
0.0370136630821952 18.5068320874374
0.0370263760021185 18.5131885468459
0.0370390845585877 18.5195428245134
0.0370517887560928 18.525894922711
0.037064488599116 18.5322448436561
0.0370771840921319 18.5385925895938
0.0370898752396074 18.5449381627727
0.0371025620460017 18.5512815654124
0.0371152445157665 18.5576227997303
0.0371279226533457 18.56396186797
0.0371405964631759 18.5702987723361
0.0371532659496859 18.57663351504
0.037165931117297 18.5829660982784
0.037178591970423 18.5892965242929
0.0371912485134703 18.595624795268
0.0372039007508375 18.6019509133984
0.0372165486869161 18.6082748808933
0.0372291923260899 18.6145966999336
0.0372418316727352 18.6209163727068
0.0372544667312211 18.6272339014013
0.0372670975059092 18.6335492881877
0.0372797240011536 18.639862535258
0.0372923462213012 18.6461736447981
0.0373049641706914 18.6524826189513
0.0373175778536563 18.6587894598966
0.0373301872745209 18.6650941698059
0.0373427924376025 18.671396750807
0.0373553933472115 18.6776972050773
0.0373679900076507 18.6839955347687
0.0373805824232158 18.6902917420202
0.0373931705981955 18.6965858289792
0.0374057545368709 18.702877797778
0.037418334243516 18.7091676505494
0.0374309097223978 18.7154553894765
0.0374434809777759 18.7217410166306
0.037456048013903 18.7280245341707
0.0374686108350244 18.7343059442007
0.0374811694453785 18.7405852488459
0.0374937238491966 18.7468624502335
0.0375062740507026 18.7531375504563
0.0375188200541138 18.7594105516244
0.0375313618636401 18.7656814558742
0.0375438994834845 18.7719502652634
0.0375564329178431 18.7782169819213
0.0375689621709047 18.784481607915
0.0375814872468514 18.7907441453574
0.0375940081498583 18.7970045963521
0.0376065248840933 18.8032629629397
0.0376190374537176 18.8095192472442
0.0376315458628855 18.8157734513164
0.0376440501157443 18.8220255772311
0.0376565502164345 18.8282756270642
0.0376690461690895 18.8345236028708
0.0376815379778361 18.8407695067375
0.0376940256467942 18.8470133407007
0.0377065091800769 18.8532551068227
0.0377189885817904 18.8594948071671
0.0377314638560341 18.8657324437826
0.0377439350069007 18.8719680186935
0.0377564020384762 18.8782015339677
0.0377688649548398 18.8844329916412
0.0377813237600638 18.8906623937452
0.0377937784582141 18.8968897423127
0.0378062290533496 18.903115039366
0.0378186755495228 18.9093382869494
0.0378311179507793 18.91555948706
0.0378435562611582 18.9217786417469
0.0378559904846919 18.9279957530027
0.0378684206254062 18.9342108228545
0.0378808466873202 18.9404238533001
0.0378932686744466 18.9466348463685
0.0379056865907914 18.9528438040317
0.037918100440354 18.9590507283266
0.0379305102271273 18.9652556212131
0.0379429159550978 18.971458484688
0.0379553176282453 18.9776593207756
0.0379677152505431 18.9838581314217
0.0379801088259582 18.9900549186319
0.037992498358451 18.9962496843836
0.0380048838519755 19.0024424306587
0.0380172653104791 19.0086331594338
0.0380296427379029 19.0148218726534
0.0380420161381817 19.0210085723065
0.0380543855152436 19.0271932603458
0.0380667508730107 19.0333759387333
0.0380791122153985 19.0395566094352
0.0380914695463161 19.0457352744153
0.0381038228696663 19.0519119355877
0.0381161721893458 19.0580865949452
0.0381285175092446 19.0642592544013
0.0381408588332468 19.0704299159055
0.0381531961652299 19.0765985814187
0.0381655295090654 19.0827652528435
0.0381778588686182 19.0889299321446
0.0381901842477473 19.0950926212377
0.0382025056503054 19.1012533220358
0.0382148230801388 19.107412036475
0.0382271365410879 19.1135687664808
0.0382394460369866 19.1197235139545
0.0382517515716629 19.1258762808078
0.0382640531489384 19.1320270689711
0.0382763507726288 19.13817588035
0.0382886444465435 19.1443227168238
0.038300934174486 19.1504675803163
0.0383132199602533 19.156610472731
0.0383255018076367 19.1627513959481
0.0383377797204213 19.1688903518599
0.0383500537023862 19.1750273423701
0.0383623237573042 19.181162369355
0.0383745898889423 19.187295434705
0.0383868521010616 19.1934265402813
0.0383991103974168 19.1995556879889
0.038411364781757 19.2056828796718
0.0384236152578252 19.2118081172496
0.0384358618293582 19.2179314025414
0.0384481045000871 19.2240527374389
0.0384603432737371 19.2301721238013
0.0384725781540274 19.2362895634721
0.0384848091446711 19.242405058329
0.0384970362493757 19.2485186102193
0.0385092594718427 19.2546302209923
0.0385214788157676 19.2607398924966
0.0385336942848402 19.2668476265665
0.0385459058827444 19.2729534250496
0.0385581136131584 19.2790572897905
0.0385703174797542 19.2851592226199
0.0385825174861985 19.2912592253938
0.0385947136361518 19.297357299909
0.0386069059332689 19.3034534480126
0.0386190943811991 19.3095476715292
0.0386312789835856 19.3156399722576
0.038643459744066 19.3217303520444
0.0386556366662722 19.3278188126803
0.0386678097538304 19.3339053560007
0.0386799790103609 19.3399899838146
0.0386921444394785 19.3460726979134
0.0387043060447924 19.3521535001268
0.0387164638299058 19.3582323922309
0.0387286177984166 19.3643093760367
0.0387407679539168 19.3703844533475
0.0387529142999928 19.376457625935
0.0387650568402256 19.3825288956133
0.0387771955781904 19.3885982641434
0.0387893305174569 19.3946657333262
0.038801461661589 19.4007313049511
0.0388135890141453 19.4067949807902
0.0388257125786788 19.4128567626134
0.0388378323587367 19.4189166522064
0.0388499483578611 19.424974651328
0.0388620605795882 19.4310307617448
0.0388741690274488 19.4370849852265
0.0388862737049683 19.4431373235564
0.0388983746156665 19.4491877784532
0.0389104717630578 19.4552363517033
0.0389225651506512 19.4612830450741
0.03893465478195 19.4673278602887
0.0389467406604523 19.4733707991045
0.0389588227896508 19.4794118632626
0.0389709011730325 19.4854510545309
0.0389829758140793 19.4914883746077
0.0389950467162675 19.4975238252727
0.0390071138830682 19.5035574082446
0.039019177317947 19.5095891252388
0.0390312370243643 19.515618978029
0.0390432930057749 19.5216469682937
0.0390553452656285 19.5276730977937
0.0390673938073693 19.5336973682375
0.0390794386344364 19.5397197813331
0.0390914797502634 19.5457403388311
0.0391035171582787 19.5517590424143
0.0391155508619055 19.5577758938031
0.0391275808645617 19.563790894714
0.0391396071696597 19.569804046829
0.039151629780607 19.575815351876
0.0391636487008057 19.5818248115474
0.0391756639336528 19.5878324275402
0.0391876754825399 19.5938382015595
0.0391996833508536 19.5998421352824
0.0392116875419752 19.6058442304207
0.0392236880592808 19.6118444886469
0.0392356849061414 19.6178429116621
0.0392476780859229 19.6238395011337
0.039259667601986 19.6298342587447
0.0392716534576862 19.6358271861688
0.039283635656374 19.641818285093
0.0392956142013947 19.6478075571877
0.0393075890960885 19.6537950041175
0.0393195603437907 19.6597806275453
0.0393315279478313 19.6657644291587
0.0393434919115353 19.6717464106017
0.0393554522382226 19.6777265735351
0.0393674089312083 19.6837049196104
0.0393793619938021 19.6896814504845
0.039391311429309 19.6956561678294
0.0394032572410287 19.701629073275
0.0394151994322562 19.7076001684834
0.0394271380062813 19.7135694550725
0.039439072966389 19.7195369347227
0.039451004315859 19.7255026090417
0.0394629320579663 19.7314664796883
0.0394748561959811 19.7374285482845
0.0394867767331683 19.7433888164651
0.0394986936727881 19.7493472858703
0.0395106070180957 19.7553039581223
0.0395225167723414 19.7612588348313
0.0395344229387706 19.7672119176396
0.039546325520624 19.7731632081499
0.0395582245211372 19.7791127080145
0.0395701199435409 19.7850604188158
0.0395820117910611 19.7910063421755
0.0395939000669189 19.7969504796937
0.0396057847743306 19.802892832998
0.0396176659165076 19.8088334036767
0.0396295434966565 19.8147721933613
0.0396414175179793 19.8207092036307
0.0396532879836728 19.8266444360702
0.0396651548969293 19.8325778923025
0.0396770182609364 19.8385095738987
0.0396888780788767 19.8444394824836
0.0397007343539282 19.8503676196239
0.0397125870892641 19.8562939868862
0.0397244362880528 19.8622185858767
0.0397362819534582 19.8681414181977
0.0397481240886392 19.8740624853839
0.0397599626967503 19.8799817890537
0.0397717977809409 19.8858993307507
0.0397836293443562 19.8918151120693
0.0397954573901363 19.8977291345613
0.0398072819214169 19.9036413998005
0.0398191029413289 19.9095519093783
0.0398309204529987 19.9154606648229
0.0398427344595479 19.9213676677109
0.0398545449640936 19.9272729195934
0.0398663519697482 19.9331764220439
0.0398781554796195 19.9390781765855
0.0398899554968108 19.944978184797
0.0399017520244207 19.9508764482188
0.0399135450655432 19.956772968394
0.0399253346232679 19.9626677468679
0.0399371207006797 19.9685607851878
0.0399489033008589 19.9744520848974
0.0399606824268814 19.9803416475253
0.0399724580818185 19.9862294746082
0.039984230268737 19.9921155676912
0.0399959989906991 19.997999928278
0.0400077642507626 20.0038825579207
0.0400195260519808 20.0097634581552
0.0400312843974025 20.0156426304789
0.040043039290072 20.0215200764335
0.040054790733029 20.0273957975418
0.0400665387293091 20.0332697953036
0.0400782832819431 20.039142071248
0.0400900243939576 20.0450126268747
0.0401017620683745 20.0508814637082
0.0401134963082116 20.0567485832606
0.040125227116482 20.0626139870162
0.0401369544961946 20.0684776764995
0.0401486784503539 20.0743396532071
0.0401603989819598 20.0801999186349
0.0401721160940081 20.0860584742745
0.0401838297894901 20.0919153216372
0.0401955400713926 20.0977704622222
0.0402072469426983 20.103623897499
0.0402189504063855 20.1094756289757
0.040230650465428 20.11532565813
0.0402423471227956 20.1211739864463
0.0402540403814533 20.1270206154026
0.0402657302443623 20.132865546472
0.0402774167144793 20.1387087811657
0.0402890997947565 20.1445503209444
0.0403007794881421 20.150390167263
0.0403124557975801 20.1562283216197
0.0403241287260098 20.1620647854726
0.0403357982763668 20.167899560284
0.040347464451582 20.1737326475251
0.0403591272545823 20.1795640486616
0.0403707866882904 20.1853937651508
0.0403824427556246 20.1912217984489
0.0403940954594991 20.1970481500284
0.0404057448028239 20.2028728213316
0.0404173907885049 20.2086958138073
0.0404290334194435 20.2145171289239
0.0404406726985373 20.2203367681118
0.0404523086286795 20.2261547328156
0.0404639412127592 20.2319710244962
0.0404755704536613 20.2377856445891
0.0404871963542668 20.2435985945221
0.0404988189174521 20.2494098757559
0.04051043814609 20.2552194897111
0.0405220540430488 20.2610274378376
0.0405336666111928 20.266833721556
0.0405452758533823 20.2726383422896
0.0405568817724734 20.2784413014822
0.040568484371318 20.284242600547
0.0405800836527643 20.2900422409232
0.040591679619656 20.2958402240102
0.0406032722748331 20.3016365512537
0.0406148616211312 20.3074312240368
0.0406264476613821 20.3132242438174
0.0406380303984135 20.3190156119905
0.0406496098350491 20.3248053299453
0.0406611859741086 20.3305933991258
0.0406727588184074 20.3363798209139
0.0406843283707574 20.3421645967379
0.0406958946339661 20.3479477279997
0.0407074576108372 20.3537292160778
0.0407190173041702 20.3595090623952
0.040730573716761 20.3652872683405
0.0407421268514013 20.3710638353259
0.0407536767108787 20.3768387647074
0.0407652232979772 20.3826120579088
0.0407767666154766 20.388383716312
0.0407883066661529 20.3941537413061
0.040799843452778 20.3999221342694
0.0408113769781201 20.4056888965873
0.0408229072449434 20.4114540296571
0.0408344342560081 20.4172175348481
0.0408459580140707 20.4229794135294
0.0408574785218836 20.4287396670963
0.0408689957821955 20.4344982969065
0.0408805097977512 20.4402553043443
0.0408920205712914 20.4460106907758
0.0409035281055533 20.4517644575616
0.0409150324032701 20.4575166060788
0.040926533467171 20.4632671377035
0.0409380312999817 20.4690160537641
0.0409495259044237 20.47476335565
0.040961017283215 20.4805090446978
0.0409725054390695 20.4862531223
0.0409839903746976 20.4919955897862
0.0409954720928057 20.4977364485025
0.0410069505960964 20.5034756998111
0.0410184258872687 20.5092133450562
0.0410298979690177 20.5149493855929
0.0410413668440346 20.520683822758
0.0410528325150071 20.5264166579071
0.041064294984619 20.5321478923821
0.0410757542555504 20.5378775275064
0.0410872103304776 20.5436055646469
0.0410986632120733 20.5493320051121
0.0411101129030063 20.5550568502564
0.0411215594059418 20.5607801013932
0.0411330027235414 20.5665017598642
0.0411444428584627 20.5722218269902
0.0411558798133598 20.5779403041076
0.0411673135908832 20.5836571925441
0.0411787441936795 20.5893724936114
0.0411901716243918 20.5950862086339
0.0412015958856595 20.6007983389401
0.0412130169801182 20.6065088858466
0.0412244349104 20.6122178506539
0.0412358496791334 20.6179252346854
0.0412472612889431 20.623631039278
0.0412586697424502 20.629335265695
0.0412700750422724 20.6350379152795
0.0412814771910235 20.6407389893291
0.0412928761913138 20.6464384891585
0.0413042720457501 20.6521364160517
0.0413156647569353 20.6578327713123
0.0413270543274692 20.6635275562509
0.0413384407599475 20.6692207721749
0.0413498240569627 20.6749124203511
0.0413612042211035 20.6806025021009
0.0413725812549552 20.6862910187041
0.0413839551610994 20.691977971459
0.0413953259421144 20.6976633616489
0.0414066936005747 20.703347190565
0.0414180581390513 20.7090294594721
0.0414294195601118 20.7147101696798
0.0414407778663203 20.7203893224686
0.0414521330602371 20.7260669191062
0.0414634851444194 20.7317429608792
0.0414748341214206 20.7374174490712
0.0414861799937907 20.743090384934
0.0414975227640762 20.7487617697616
0.0415088624348203 20.7544316048092
0.0415201990085624 20.7600998913666
0.0415315324878386 20.7657666306894
0.0415428628751816 20.7714318240545
0.0415541901731206 20.7770954727032
0.0415655143841813 20.7827575779332
0.0415768355108861 20.7884181409679
0.0415881535557537 20.7940771630854
0.0415994685212997 20.7997346455517
0.0416107804100361 20.8053905896029
0.0416220892244714 20.8110449965015
0.041633394967111 20.8166978675146
0.0416446976404564 20.8223492038721
0.0416559972470063 20.8279990068427
0.0416672937892556 20.8336472776486
0.041678587269696 20.8392940175645
0.0416898776908157 20.8449392278112
0.0417011650550995 20.8505829096506
0.0417124493650292 20.8562250643066
0.0417237306230827 20.8618656930247
0.041735008831735 20.8675047970484
0.0417462839934576 20.8731423776001
0.0417575561107185 20.8787784359266
0.0417688251859826 20.8844129732555
0.0417800912217115 20.890045990808
0.0417913542203632 20.8956774898346
0.0418026141843927 20.9013074715479
0.0418138711162515 20.9069359371615
0.0418251250183879 20.9125628879209
0.0418363758932467 20.9181883250511
0.0418476237432698 20.923812249756
0.0418588685708956 20.9294346632625
0.0418701103785591 20.9350555667831
0.0418813491686921 20.9406749615523
0.0418925849437234 20.9462928487579
0.0419038177060782 20.9519092296399
0.0419150474581787 20.9575241053814
0.0419262742024436 20.9631374772183
0.0419374979412887 20.9687493463441
0.0419487186771262 20.9743597139512
0.0419599364123653 20.9799685812747
0.041971151149412 20.9855759494977
0.0419823628906689 20.9911818198279
0.0419935716385356 20.9967861934653
0.0420047773954084 21.0023890716064
0.0420159801636805 21.0079904554459
0.0420271799457416 21.013590346181
0.0420383767439787 21.0191887450012
0.0420495705607751 21.0247856531057
0.0420607613985114 21.0303810716741
0.0420719492595648 21.0359750019027
0.0420831341463093 21.041567444981
0.0420943160611158 21.0471584020957
0.0421054950063522 21.052747874411
0.0421166709843829 21.058335863126
0.0421278439975696 21.0639223694288
0.0421390140482705 21.0695073944785
0.0421501811388409 21.0750909394631
0.042161345271633 21.0806730055589
0.0421725064489956 21.0862535939566
0.0421836646732747 21.0918327058025
0.0421948199468131 21.0974103422761
0.0422059722719505 21.1029865045486
0.0422171216510234 21.1085611937985
0.0422282680863654 21.1141344111718
0.042239411580307 21.1197061578561
0.0422505521351755 21.1252764349975
0.0422616897532951 21.1308452437743
0.0422728244369872 21.136412585326
0.0422839561885698 21.1419784608383
0.0422950850103583 21.1475428714379
0.0423062109046645 21.1531058183101
0.0423173338737975 21.1586673025787
0.0423284539200635 21.1642273254276
0.0423395710457653 21.1697858879948
0.0423506852532029 21.1753429914277
0.0423617965446733 21.180898636875
0.0423729049224704 21.1864528254879
0.042384010388885 21.192005558405
0.0423951129462052 21.1975568367833
0.0424062125967159 21.2031066617456
0.0424173093426989 21.2086550344586
0.0424284031864333 21.2142019560388
0.0424394941301951 21.2197474276473
0.0424505821762572 21.225291450404
0.0424616673268896 21.2308340254481
0.0424727495843595 21.2363751539051
0.042483828950931 21.2419148369113
0.0424949054288652 21.2474530755999
0.0425059790204203 21.2529898710952
0.0425170497278516 21.2585252245469
0.0425281175534116 21.264059137051
0.0425391824993494 21.2695916097327
0.0425502445679118 21.2751226437414
0.0425613037613422 21.2806522401707
0.0425723600818813 21.28618040017
0.0425834135317668 21.2917071248236
0.0425944641132336 21.2972324152748
0.0426055118285136 21.3027562726469
0.0426165566798358 21.3082786980317
0.0426275986694265 21.3137996925501
0.0426386377995089 21.3193192573113
0.0426496740723035 21.3248373934237
0.0426607074900276 21.3303541020127
0.0426717380548961 21.3358693841769
0.0426827657691207 21.3413832410241
0.0426937906349103 21.3468956736421
0.0427048126544711 21.3524066831391
0.0427158318300063 21.3579162706336
0.0427268481637163 21.3634244372094
0.0427378616577987 21.3689311839639
0.0427488723144482 21.3744365120103
0.0427598801358568 21.3799404224453
0.0427708851242134 21.3854429163348
0.0427818872817045 21.3909439948038
0.0427928866105135 21.3964436589372
0.0428038831128209 21.4019419098166
0.0428148767908048 21.4074387485396
0.0428258676466402 21.4129341761779
0.0428368556824993 21.4184281938379
0.0428478409005516 21.4239208026053
0.0428588233029639 21.429412003536
0.0428698028919 21.4349017977338
0.0428807796695212 21.4403901862764
0.0428917536379858 21.4458771702294
0.0429027247994496 21.4513627506942
0.0429136931560653 21.4568469287343
0.042924658709983 21.462329705428
0.0429356214633503 21.4678110818463
0.0429465814183117 21.4732910590504
0.0429575385770092 21.4787696381407
0.0429684929415819 21.4842468201585
0.0429794445141663 21.4897226061921
0.0429903932968961 21.4951969972933
0.0430013392919023 21.5006699945316
0.0430122825013132 21.506141598972
0.0430232229272545 21.511611811682
0.043034160571849 21.5170806337097
0.0430450954372169 21.5225480661246
0.0430560275254758 21.5280141099908
0.0430669568387404 21.5334787663545
0.0430778833791229 21.538942036286
0.0430888071487327 21.5444039208332
0.0430997281496767 21.5498644210403
0.0431106463840589 21.5553235379646
0.0431215618539808 21.5607812726604
0.0431324745615412 21.566237626164
0.0431433845088363 21.5716925995389
0.0431542916979594 21.5771461938365
0.0431651961310016 21.5825984100992
0.0431760978100509 21.588049249365
0.0431869967371929 21.5934987126704
0.0431978929145106 21.5989468010762
0.0432087863440843 21.6043935155981
0.0432196770279917 21.6098388572919
0.0432305649683079 21.615282827198
0.0432414501671052 21.6207254263519
0.0432523326264536 21.6261666557782
0.0432632123484204 21.6316065165023
0.04327408933507 21.6370450095732
0.0432849635884648 21.6424821360094
0.0432958351106639 21.6479178968562
0.0433067039037245 21.6533522931345
0.0433175699697007 21.6587853258682
0.0433284333106444 21.664216996087
0.0433392939286045 21.6696473048113
0.0433501518256278 21.6750762530788
0.0433610070037583 21.680503841895
0.0433718594650374 21.6859300722916
0.0433827092115041 21.691354945272
0.0433935562451946 21.6967784618592
0.0434044005681429 21.7022006230979
0.0434152421823801 21.7076214299693
0.0434260810899351 21.7130408834947
0.0434369172928341 21.7184589847003
0.0434477507931008 21.723875734586
0.0434585815927562 21.7292911341634
0.0434694096938191 21.7347051844428
0.0434802350983056 21.7401178864349
0.0434910578082293 21.7455292411493
0.0435018778256013 21.7509392495807
0.0435126951524303 21.7563479127449
0.0435235097907224 21.7617552316304
0.0435343217424811 21.7671612072596
0.0435451310097077 21.7725658406097
0.0435559375944008 21.7779691327127
0.0435667414985566 21.7833710845378
0.0435775427241688 21.7887716970954
0.0435883412732286 21.7941709713661
0.0435991371477248 21.7995689083573
0.0436099303496437 21.8049655090717
0.0436207208809691 21.81036077447
0.0436315087436826 21.8157547055871
0.0436422939397629 21.8211473033759
0.0436530764711866 21.8265385688331
0.0436638563399278 21.8319285029665
0.0436746335479581 21.8373171067334
0.0436854080972467 21.8427043811296
0.0436961799897603 21.8480903271516
0.0437069492274634 21.8534749457659
0.0437177158123178 21.8588582379412
0.043728479746283 21.8642402046938
0.0437392410313161 21.8696208469557
0.0437499996693719 21.8750001657348
0.0437607556624026 21.8803781619952
0.0437715090123582 21.8857548367415
0.043782259721186 21.891130190917
0.0437930077908312 21.8965042255105
0.0438037532232366 21.9018769414674
0.0438144960203424 21.9072483397927
0.0438252361840866 21.9126184214315
0.0438359737164049 21.9179871873328
0.0438467086192303 21.923354638507
0.0438574408944939 21.9287207758977
0.043868170544124 21.9340856004837
0.0438788975700467 21.9394491131943
0.043889621974186 21.9448113150188
0.0439003437584631 21.9501722069044
0.0439110629247972 21.955531789833
0.0439217794751049 21.9608900647461
0.0439324934113008 21.9662470326012
0.0439432047352968 21.9716026943552
0.0439539134490028 21.9769570509722
0.043964619554326 21.9823101034039
0.0439753230531717 21.9876618525928
0.0439860239474425 21.9930122994849
0.0439967222390389 21.998361445047
0.0440074179298591 22.0037092902283
0.0440181110217989 22.0090558359723
0.0440288015167519 22.0144010832098
0.0440394894166092 22.0197450328908
0.0440501747232599 22.0250876859816
0.0440608574385906 22.0304290434134
0.0440715375644856 22.0357691061163
0.0440822151028271 22.0411078750429
0.0440928900554948 22.0464453511558
0.0441035624243663 22.0517815353607
0.0441142322113169 22.0571164285949
0.0441248994182195 22.0624500318062
0.0441355640469448 22.0677823459361
0.0441462260993614 22.0731133719224
0.0441568855773355 22.0784431106764
0.0441675424827309 22.0837715631454
0.0441781968174095 22.0890987302482
0.0441888485832307 22.0944246129195
0.0441994977820517 22.099749212091
0.0442101444157275 22.1050725287013
0.0442207884861109 22.1103945636609
0.0442314299950525 22.1157153178886
0.0442420689444004 22.1210347923419
0.0442527053360008 22.1263529879087
0.0442633391716976 22.1316699055368
0.0442739704533325 22.1369855461194
0.0442845991827447 22.142299910601
0.0442952253617717 22.1476129998927
0.0443058489922484 22.1529248149042
0.0443164700760076 22.1582353565573
0.04432708861488 22.163544625758
0.044337704610694 22.1688526234354
0.0443483180652759 22.174159350497
0.0443589289804498 22.1794648078585
0.0443695373580375 22.1847689964268
0.0443801431998587 22.1900719171052
0.0443907465077311 22.1953735708169
0.0444013472834699 22.2006739584608
0.0444119455288883 22.20597308094
0.0444225412457974 22.2112709391611
0.0444331344360061 22.2165675340356
0.0444437251013211 22.2218628664801
0.0444543132435469 22.2271569373637
0.044464898864486 22.2324497476213
0.0444754819659387 22.2377412981289
0.0444860625497031 22.2430315897958
0.0444966406175751 22.248320623507
0.0445072161713488 22.2536084001768
0.0445177892128157 22.2588949206825
0.0445283597437654 22.264180185948
0.0445389277659856 22.2694641968448
0.0445494932812615 22.2747469542582
0.0445600562913764 22.2800284590924
0.0445706167981113 22.2853087122452
0.0445811748032455 22.2905877145997
0.0445917303085556 22.2958654670425
0.0446022833158166 22.3011419704552
0.0446128338268012 22.3064172257235
0.04462338184328 22.3116912337491
0.0446339273670215 22.3169639953971
0.0446444703997922 22.3222355115731
0.0446550109433563 22.3275057831202
0.0446655489994763 22.3327748109633
0.0446760845699122 22.3380425959688
0.0446866176564222 22.3433091390138
0.0446971482607624 22.3485744409661
0.0447076763846866 22.3538385026994
0.0447182020299469 22.3591013251089
0.044728725198293 22.364362909063
0.0447392458914729 22.3696232554413
0.0447497641112321 22.374882365096
0.0447602798593144 22.3801402389246
0.0447707931374615 22.3853968777785
0.0447813039474129 22.3906522825469
0.0447918122909061 22.3959064540692
0.0448023181696768 22.4011593932394
0.0448128215854584 22.4064111009167
0.0448233225399823 22.4116615779641
0.044833821034978 22.4169108252522
0.0448443170721728 22.4221588436327
0.0448548106532921 22.4274056339778
0.0448653017800594 22.4326511971327
0.0448757904541959 22.4378955339894
0.044886276677421 22.4431386453864
0.044896760451452 22.4483805321766
0.0449072417780042 22.4536211952266
0.0449177206587909 22.4588606353987
0.0449281970955236 22.4640988535473
0.0449386710899114 22.469335850537
0.0449491426436618 22.4745716272059
0.0449596117584801 22.4798061844006
0.0449700784360696 22.4850395229834
0.0449805426781317 22.4902716438074
0.0449910044863659 22.4955025477197
0.0450014638624696 22.5007322355528
0.0450119208081381 22.5059607081858
0.0450223753250651 22.5111879664563
0.045032827414942 22.5164140111874
0.0450432770794584 22.5216388432298
0.0450537243203018 22.5268624634347
0.045064169139158 22.5320848726549
0.0450746115377106 22.5373060717139
0.0450850515176414 22.5425260614832
0.0450954890806301 22.5477448427653
0.0451059242283546 22.5529624164201
0.0451163569624908 22.5581787832754
0.0451267872847127 22.5633939441877
0.0451372151966923 22.5686078999611
0.0451476407000997 22.573820651454
0.0451580637966032 22.5790321994929
0.0451684844878689 22.5842425449167
0.0451789027755612 22.5894516885549
0.0451893186613425 22.5946596312335
0.0451997321468733 22.599866373784
0.0452101432338122 22.6050719170463
0.0452205519238158 22.6102762618376
0.045230958218539 22.6154794090024
0.0452413621196346 22.6206813593392
0.0452517636287536 22.6258821136982
0.045262162747545 22.6310816728813
0.0452725594776561 22.6362800377351
0.045282953820732 22.6414772090683
0.0452933457784163 22.6466731877103
0.0453037353523504 22.6518679744741
0.0453141225441739 22.6570615701816
0.0453245073555246 22.6622539756634
0.0453348897880384 22.6674451917086
0.0453452698433493 22.6726352191611
0.0453556475230894 22.6778240588453
0.045366022828889 22.6830117115408
0.0453763957623765 22.688198178078
0.0453867663251784 22.6933834592693
0.0453971345189195 22.6985675559465
0.0454075003452224 22.7037504688879
0.0454178638057083 22.7089321989337
0.0454282249019963 22.7141127468734
0.0454385836357036 22.7192921135219
0.0454489400084456 22.7244702996881
0.0454592940218361 22.7296473061706
0.0454696456774867 22.7348231337785
0.0454799949770073 22.7399977833415
0.0454903419220061 22.7451712556423
0.0455006865140894 22.7503435514767
0.0455110287548615 22.7555146716585
0.0455213686459251 22.7606846169917
0.0455317061888811 22.7658533882732
0.0455420413853283 22.7710209862838
0.0455523742368639 22.7761874118476
0.0455627047450834 22.7813526657666
0.0455730329115802 22.7865167488116
0.0455833587379462 22.7916796617961
0.0455936822257712 22.796841405519
0.0456040033766434 22.8020019807475
0.0456143221921491 22.8071613882961
0.0456246386738729 22.8123196289765
0.0456349528233976 22.8174767035393
0.0456452646423041 22.8226326127939
0.0456555741321716 22.8277873575293
0.0456658812945776 22.8329409385356
0.0456761861310976 22.8380933565907
0.0456864886433055 22.8432446124976
0.0456967888327734 22.8483947070395
0.0457070867010715 22.8535436409879
0.0457173822497685 22.8586914151336
0.045727675480431 22.8638380302708
0.0457379663946242 22.86898348717
0.0457482549939111 22.8741277866139
0.0457585412798534 22.8792709293913
0.0457688252540108 22.8844129162548
0.0457791069179412 22.8895537480377
0.0457893862732008 22.8946934254714
0.0457996633213442 22.8998319493575
0.0458099380639241 22.90496932045
0.0458202105024915 22.9101055395378
0.0458304806385957 22.9152406073999
0.0458407484737842 22.9203745248079
0.0458510140096027 22.9255072925344
0.0458612772475954 22.9306389113361
0.0458715381893046 22.9357693819894
0.0458817968362709 22.9408987052868
0.0458920531900332 22.9460268819751
0.0459023072521287 22.951153912825
0.0459125590240927 22.9562797986179
0.0459228085074592 22.9614045401072
0.04593305570376 22.9665281380746
0.0459433006145255 22.9716505932737
0.0459535432412844 22.9767719064677
0.0459637835855636 22.9818920784113
0.0459740216488881 22.9870111098913
0.0459842574327817 22.9921290016439
0.045994490938766 22.9972457544459
0.0460047221683613 23.0023613690536
0.0460149511230859 23.0074758462183
0.0460251778044566 23.0125891867067
0.0460354022139885 23.0177013912823
0.0460456243531949 23.022812460686
0.0460558442235876 23.0279223956949
0.0460660618266766 23.0330311970601
0.0460762771639702 23.0381388655273
0.0460864902369751 23.0432454018443
0.0460967010471963 23.0483508067734
0.0461069095961372 23.053455081058
0.0461171158852994 23.0585582254493
0.046127319916183 23.0636602407069
0.0461375216902864 23.0687611275598
0.0461477212091061 23.0738608867666
0.0461579184741374 23.0789595190947
0.0461681134868735 23.0840570252859
0.0461783062488062 23.0891534060678
0.0461884967614257 23.0942486621823
0.0461986850262204 23.0993427943928
0.0462088710446771 23.1044358034243
0.0462190548182811 23.1095276900342
0.0462292363485157 23.1146184549685
0.046239415636863 23.1197080989619
0.0462495926848033 23.1247966227443
0.0462597674938152 23.1298840270704
0.0462699400653757 23.1349703126751
0.0462801104009602 23.1400554802737
0.0462902785020426 23.1451395306407
0.0463004443700949 23.1502224644732
0.0463106080065877 23.1553042825469
0.0463207694129901 23.1603849855594
0.0463309285907692 23.1654645742691
0.0463410855413908 23.170543049401
0.0463512402663191 23.1756204116765
0.0463613927670165 23.1806966618518
0.0463715430449439 23.1857718006297
0.0463816911015607 23.1908458287649
0.0463918369383245 23.1959187469616
0.0464019805566915 23.2009905559672
0.0464121219581163 23.2060612565065
0.0464222611440517 23.2111308492823
0.046432398115949 23.2161993350563
0.0464425328752582 23.2212667145181
0.0464526654234273 23.2263329884306
0.0464627957619029 23.231398157489
0.0464729238921302 23.2364622224247
0.0464830498155525 23.2415251839574
0.0464931735336118 23.2465870427995
0.0465032950477482 23.2516477996859
0.0465134143594008 23.2567074553432
0.0465235314700064 23.2617660104633
0.0465336463810009 23.2668234657866
0.0465437590938183 23.2718798220115
0.046553869609891 23.2769350798702
0.0465639779306501 23.2819892400815
0.0465740840575249 23.2870423033354
0.0465841879919432 23.2920942703656
0.0465942897353314 23.2971451418872
0.0466043892891142 23.3021949185898
0.0466144866547148 23.3072436012129
0.046624581833555 23.3122911904662
0.0466346748270547 23.3173376870395
0.0466447656366326 23.3223830916554
0.0466548542637059 23.3274274050128
0.0466649407096899 23.3324706278221
0.0466750249759986 23.337512760805
0.0466851070640447 23.3425538046487
0.0466951869752389 23.347593760075
0.0467052647109908 23.35263262777
0.0467153402727082 23.3576704084526
0.0467254136617975 23.3627071028195
0.0467354848796636 23.3677427115689
0.0467455539277098 23.3727772354222
0.046755620807338 23.3778106750687
0.0467656855199485 23.3828430312025
0.0467757480669401 23.3878743045271
0.0467858084497102 23.392904495735
0.0467958666696546 23.3979336055273
0.0468059227281676 23.4029616346122
0.046815976626642 23.4079885836763
0.0468260283664692 23.4130144534303
0.046836077949039 23.4180392445382
0.0468461253757397 23.4230629576996
0.0468561706479582 23.4280855936455
0.0468662137670799 23.4331071530278
0.0468762547344887 23.4381276365591
0.0468862935515669 23.4431470449275
0.0468963302196955 23.4481653788246
0.0469063647402539 23.4531826389345
0.0469163971146202 23.458198825948
0.0469264273441707 23.4632139405447
0.0469364554302806 23.4682279834147
0.0469464813743234 23.4732409552653
0.0469565051776712 23.478252856769
0.0469665268416946 23.4832636886178
0.0469765463677628 23.4882734514769
0.0469865637572435 23.4932821460533
0.0469965790115029 23.4982897730127
0.0470065921319059 23.5032963330337
0.0470166031198158 23.508301826824
0.0470266119765944 23.5133062550431
0.0470366187036023 23.51830961838
0.0470466233021983 23.5233119175043
0.0470566257737401 23.5283131531005
0.0470666261195838 23.5333133258439
0.0470766243410841 23.5383124364098
0.0470866204395941 23.5433104854985
0.0470966144164656 23.5483074737513
0.0471066062730491 23.5533034018723
0.0471165960106934 23.5582982705128
0.047126583630746 23.5632920803668
0.0471365691345531 23.5682848320935
0.0471465525234592 23.5732765263729
0.0471565337988076 23.5782671638932
0.0471665129619401 23.583256745288
0.047176490014197 23.5882452712457
0.0471864649569173 23.5932327424441
0.0471964377914386 23.5982191595306
0.0472064085190971 23.6032045231852
0.0472163771412273 23.6081888340789
0.0472263436591627 23.6131720928755
0.0472363080742351 23.6181543002497
0.0472462703877751 23.6231354568539
0.0472562306011118 23.6281155633482
0.0472661887155728 23.6330946204161
0.0472761447324845 23.6380726287112
0.0472860986531717 23.643049588891
0.0472960504789581 23.6480255016127
0.0473060002111657 23.6530003675454
0.0473159478511152 23.6579741873577
0.0473258934001259 23.662946961699
0.047335836859516 23.6679186912317
0.0473457782306018 23.6728893766104
0.0473557175146987 23.6778590184975
0.0473656547131203 23.6828276175388
0.0473755898271793 23.6877951744042
0.0473855228581865 23.6927616897427
0.0473954538074517 23.6977271642058
0.0474053826762832 23.7026915984648
0.047415309465988 23.7076549931556
0.0474252341778716 23.7126173489268
0.0474351568132382 23.7175786664447
0.0474450773733907 23.7225389463519
0.0474549958596306 23.7274981893098
0.0474649122732579 23.7324563959713
0.0474748266155715 23.7374135669591
0.0474847388878687 23.7423697029457
0.0474946490914457 23.7473248045738
0.047504557227597 23.7522788724762
0.0475144632976161 23.7572319073276
0.047524367302795 23.7621839097595
0.0475342692444244 23.7671348804051
0.0475441691237934 23.7720848199257
0.0475540669421902 23.7770337289522
0.0475639627009014 23.7819816081528
0.0475738564012122 23.786928458145
0.0475837480444066 23.7918742795771
0.0475936376317673 23.7968190731022
0.0476035251645755 23.8017628393424
0.0476134106441112 23.8067055789446
0.047623294071653 23.8116472925533
0.0476331754484782 23.816587980813
0.0476430547758628 23.8215276443368
0.0476529320550816 23.8264662837945
0.0476628072874077 23.8314038997958
0.0476726804741133 23.8363404929898
0.047682551616469 23.8412760640174
0.0476924207157442 23.8462106134848
0.0477022877732071 23.8511441420568
0.0477121527901243 23.8560766503666
0.0477220157677613 23.8610081390298
0.0477318767073823 23.8659386086741
0.0477417356102501 23.8708680599475
0.0477515924776262 23.8757964934853
0.047761447310771 23.8807239099001
0.0477713001109432 23.8856503098204
0.0477811508794007 23.8905756938955
0.0477909996173996 23.8955000627367
0.0478008463261951 23.9004234169752
0.0478106910070408 23.9053457572424
0.0478205336611894 23.9102670841551
0.0478303742898919 23.9151873983517
0.0478402128943982 23.9201067004528
0.047850049475957 23.9250249910803
0.0478598840358156 23.9299422708514
0.0478697165752199 23.9348585403847
0.0478795470954148 23.9397738003274
0.0478893755976438 23.9446880512737
0.047899202083149 23.9496012938828
0.0479090265531714 23.9545135287331
0.0479188490089507 23.9594247564749
0.0479286694517252 23.9643349777072
0.0479384878827321 23.9692441930522
0.0479483043032072 23.9741524031339
0.0479581187143851 23.9790596085769
0.0479679311174992 23.983965809984
0.0479777415137815 23.9888710079715
0.0479875499044627 23.9937752031537
0.0479973562907726 23.9986783961615
0.0480071606739393 24.003580587593
0.0480169630551899 24.0084817780531
0.0480267634357503 24.013381968189
0.0480365618168448 24.0182811585873
0.0480463581996969 24.0231793498707
0.0480561525855285 24.0280765426323
0.0480659449755605 24.0329727375019
0.0480757353710123 24.0378679350823
0.0480855237731024 24.0427621359746
0.0480953101830478 24.047655340783
0.0481050946020644 24.0525475501408
0.0481148770313667 24.0574387646421
0.048124657472168 24.0623289848862
0.0481344359256806 24.0672182114867
0.0481442123931153 24.0721064450512
0.0481539868756818 24.0769936861838
0.0481637593745886 24.0818799354919
0.0481735298910427 24.0867651935709
0.0481832984262504 24.0916494610189
0.0481930649814163 24.0965327384554
0.0482028295577439 24.1014150264683
0.0482125921564357 24.1062963256799
0.0482223527786926 24.1111766366492
0.0482321114257147 24.1160559600185
0.0482418680987006 24.1209342963547
0.0482516227988478 24.1258116462831
0.0482613755273525 24.1306880103846
0.0482711262854099 24.1355633892682
0.0482808750742136 24.1404377835224
0.0482906218949565 24.1453111937406
0.0483003667488299 24.1501836205301
0.0483101096370241 24.1550550644791
0.0483198505607281 24.1599255261805
0.0483295895211297 24.1647950062234
0.0483393265194157 24.169663505219
0.0483490615567714 24.1745310237465
0.0483587946343811 24.1793975624024
0.0483685257534278 24.1842631217771
0.0483782549150935 24.189127702452
0.0483879821205588 24.1939913050481
0.0483977073710033 24.1988539301248
0.0484074306676052 24.2037155782869
0.0484171520115417 24.2085762501006
0.0484268714039887 24.2134359461732
0.048436588846121 24.2182946670946
0.0484463043391121 24.2231524134392
0.0484560178841346 24.2280091858147
0.0484657294823597 24.2328649847741
0.0484754391349573 24.2377198109208
0.0484851468430964 24.2425736648501
0.0484948526079448 24.2474265471361
0.048504556430669 24.2522784583536
0.0485142583124344 24.2571293990833
0.0485239582544052 24.2619793699184
0.0485336562577444 24.2668283714472
0.048543352323614 24.2716764042397
0.0485530464531748 24.2765234688751
0.0485627386475862 24.2813695659359
0.0485724289080068 24.2862146959961
0.0485821172355937 24.2910588596392
0.0485918036315032 24.2959020574473
0.0486014880968901 24.300744290004
0.0486111706329084 24.3055855578753
0.0486208512407105 24.310425861629
0.0486305299214482 24.3152652018545
0.0486402066762717 24.3201035791212
0.0486498815063302 24.3249409940025
0.048659554412772 24.3297774470796
0.0486692253967438 24.3346129389099
0.0486788944593915 24.3394474700938
0.0486885616018598 24.3442810411826
0.0486982268252922 24.3491136527493
0.0487078901308311 24.3539453053752
0.0487175515196178 24.3587759996229
0.0487272109927923 24.3636057360626
0.0487368685514938 24.3684345152754
0.04874652419686 24.3732623378213
0.0487561779300278 24.3780892042579
0.0487658297521327 24.3829151151705
0.0487754796643092 24.3877400711115
0.0487851276676908 24.3925640726667
0.0487947737634096 24.3973871203839
0.0488044179525969 24.4022092148324
0.0488140602363825 24.4070303565954
0.0488237006158956 24.4118505461964
0.0488333390922637 24.4166697842433
0.0488429756666136 24.4214880712719
0.048852610340071 24.4263054078616
0.0488622431137601 24.4311217945661
0.0488718739888044 24.4359372319428
0.0488815029663261 24.4407517205637
0.0488911300474464 24.4455652609869
0.0489007552332853 24.450377853773
0.0489103785249616 24.4551894994695
0.0489199999235934 24.4600001986497
0.0489296194302972 24.4648099518729
0.0489392370461886 24.4696187596843
0.0489488527723824 24.4744266226379
0.0489584666099918 24.479233541297
0.0489680785601293 24.4840395162342
0.048977688623906 24.4888445479779
0.0489872968024323 24.4936486371015
0.048996903096817 24.4984517841578
0.0490065075081683 24.503253989685
0.0490161100375931 24.5080552542664
0.0490257106861971 24.512855578423
0.0490353094550851 24.5176549627208
0.0490449063453608 24.5224534077289
0.0490545013581268 24.5272509139784
0.0490640944944844 24.5320474820151
0.0490736857555343 24.5368431123944
0.0490832751423757 24.5416378056747
0.0490928626561069 24.5464315623997
0.049102448297825 24.5512243831286
0.0491120320686264 24.5560162683938
0.0491216139696059 24.5608072187489
0.0491311940018576 24.5655972347387
0.0491407721664745 24.5703863169172
0.0491503484645483 24.575174465812
0.04915992289717 24.5799616819834
0.0491694954654292 24.5847479659833
0.0491790661704146 24.5895333183427
0.0491886350132138 24.5943177396137
0.0491982019949134 24.599101230322
0.049207767116599 24.6038837910261
0.0492173303793548 24.6086654222638
0.0492268917842645 24.613446124588
0.0492364513324102 24.6182258985252
0.0492460090248733 24.6230047446165
0.0492555648627341 24.6277826634246
0.0492651188470717 24.6325596554552
0.0492746709789643 24.6373357212712
0.0492842212594889 24.6421108614026
0.0492937696897218 24.6468850763888
0.0493033162707378 24.6516583667777
0.049312861003611 24.6564307330675
0.0493224038894143 24.661202175848
0.0493319449292196 24.6659726956056
0.0493414841240978 24.6707422929127
0.0493510214751187 24.6755109682976
0.0493605569833511 24.6802787222793
0.0493700906498628 24.685045555404
0.0493796224757204 24.6898114681969
0.0493891524619899 24.6945764611983
0.0493986806097357 24.6993405349402
0.0494082069200216 24.7041036899447
0.0494177313939101 24.7088659267555
0.049427254032463 24.7136272459014
0.0494367748367407 24.7183876479142
0.0494462938078028 24.7231471333108
0.049455810946708 24.7279057026347
0.0494653262545136 24.7326633564036
0.0494748397322762 24.7374200951488
0.0494843513810513 24.7421759193997
0.0494938612018933 24.7469308296822
0.0495033691958558 24.7516848265375
0.0495128753639911 24.7564379104736
0.0495223797073508 24.7611900820199
0.0495318822269852 24.7659413417082
0.0495413829239438 24.770691690056
0.049550881799275 24.7754411275772
0.0495603788540262 24.780189654837
0.0495698740892438 24.7849372723136
0.0495793675059732 24.7896839805421
0.0495888591052589 24.7944297800549
0.0495983488881442 24.7991746713803
0.0496078368556715 24.8039186550154
0.0496173230088824 24.8086617315005
0.0496268073488171 24.8134039013318
0.0496362898765151 24.8181451650498
0.0496457705930149 24.8228855231695
0.0496552494993538 24.8276249762065
0.0496647265965684 24.8323635246814
0.0496742018856941 24.8371011691161
0.0496836753677653 24.841837910025
0.0496931470438156 24.8465737479121
0.0497026169148775 24.8513086833213
0.0497120849819825 24.8560427167329
0.049721551246161 24.8607758486954
0.0497310157084428 24.8655080797082
0.0497404783698563 24.8702394102893
0.0497499392314292 24.8749698409437
0.049759398294188 24.8796993721951
0.0497688555591585 24.8844280045484
0.0497783110273653 24.8891557385212
0.049787764699832 24.8938825746234
0.0497972165775815 24.8986085133798
0.0498066666616355 24.9033335552686
0.0498161149530148 24.908057700833
0.0498255614527391 24.9127809505626
0.0498350061618274 24.9175033049766
0.0498444490812976 24.9222247645762
0.0498538902121665 24.9269453298861
0.0498633295554501 24.9316650014017
0.0498727671121634 24.9363837796226
0.0498822028833206 24.9411016650801
0.0498916368699345 24.9458186582494
0.0499010690730175 24.950534759656
0.0499104994935805 24.9552499698161
0.049919928132634 24.9599642892129
0.049929354991187 24.9646777183623
0.049938780070248 24.9693902577713
0.0499482033708242 24.9741019079304
0.0499576248939221 24.9788126693478
0.0499670446405472 24.9835225425302
0.0499764626117038 24.9882315279858
0.0499858788083957 24.9929396262027
0.0499952932316254 24.9976468376952
