0.00153573779208488 1.53573779208492
0.00370759900590023 1.90837026519143
0.00483183709681 2.44057334589647
0.00573145146716441 2.88049790822592
0.00650548968288698 3.26284663092749
0.00719578806803362 3.60535857659131
0.0078249542461764 3.91828199806711
0.0084069027044907 4.20813226156022
0.00895093580388533 4.47934612660626
0.00946364268804096 4.7351027751016
0.0099498953445007 4.9777711394884
0.0104134177987037 5.20917186532281
0.0108571331210192 5.43073972601288
0.0112833860089322 5.64362906955378
0.0116940915467884 5.84878493052855
0.0120908380612256 6.04699253905467
0.0124749602983583 6.23891273541454
0.0128475927714648 6.42510789995131
0.0132097094809203 6.60606132704243
0.0135621540369087 6.78219196044618
0.0139056628772678 6.95386577835131
0.0142408834227847 7.12140471407378
0.0145683884577747 7.28509373423762
0.0148886876534561 7.44518651904279
0.0152022368990572 7.60191006778616
0.0155094459300271 7.75546846809202
0.0158106846185867 7.90604600720637
0.016106288202704 8.05380976048057
0.0163965616646419 8.19891176050751
0.0166817834223026 8.3414908270636
0.0169622084608021 8.48167412048616
0.0172380710046828 8.61957846791494
0.017509586810549 8.75531150170134
0.0177769551440304 8.88897264150264
0.0180403604926382 9.02065394552336
0.0182999740564047 9.15044085158394
0.0185559550505661 9.27841282497012
0.0188084518484735 9.40464392698918
0.0190576029880515 9.52920331579753
0.0193035380612075 9.65215568908538
0.0195463785024129 9.77356167667867
0.0197862382900878 9.89347818979666
0.0200232245722914 10.0119587326901
0.0202574382264726 10.129053681482
0.0204889743615804 10.2448105343393
0.0207179227696275 10.3592741364997
0.0209443683327923 10.4724868831716
0.0211683913912951 10.584488902906
0.0213900680765728 10.6953182237036
0.0216094706136709 10.8050109237747
0.0218266675962593 10.9136012686881
0.0220417242372423 11.0211218363495
0.0222547025975587 11.1276036311137
0.0224656617954481 11.2330761881734
0.0226746581981847 11.3375676692083
0.0228817455980401 11.4411049501652
0.0230869753740337 11.5437137019682
0.0232903966408479 11.645418464819
0.0234920563861327 11.7462427167189
0.023691999597286 11.8462089367323
0.0238902693786807 11.9453386634975
0.0240869070602024 12.0436525493927
0.0242819522978739 12.1411704107697
0.024475443167259 12.2379112745732
0.0246674162502702 12.3338934216703
0.0248579067159396 12.4291344271878
0.0250469483956596 12.5236511980581
0.0252345738533488 12.61746000806
0.025420814450955 12.7105765305242
0.0256057004096685 12.8030158688964
0.0257892608671855 12.8947925853286
0.0259715239313264 12.9859207274549
0.026152516730291 13.0764138534834
0.0263322654598029 13.166285055752
0.0265107954273773 13.2555469828215
0.0266881310939218 13.3442118602577
0.0268642961128655 13.4322915101757
0.027039313366993 13.519797369634
0.0272132050031453 13.6067405079651
0.0273859924649383 13.6931316431214
0.0275576965236328 13.7789811570922
0.0277283373072853 13.8642991104664
0.0278979343282924 13.949095256186
0.0280665065094376 14.0333790525661
0.028234072208538 14.1171596755997
0.0284006492417814 14.2004460306176
0.0285662549058394 14.2832467633372
0.0287309059988321 14.3655702703343
0.0288946188402177 14.4474247089774
0.029057409289674 14.5288180068671
0.0292192927650317 14.6097578707885
0.0293802842593194 14.6902517952314
0.0295403983569716 14.7703070704862
0.0296996492492508 14.8499307903492
0.0298580507489281 14.9291298594605
0.0300156163042679 15.007911000286
0.0301723590123538 15.0862807597794
0.0303282916317957 15.1642455157319
0.0304834265948505 15.2418114828293
0.0306377760189919 15.3189847184253
0.0307913517179566 15.3957711280691
0.0309441652122983 15.4721764707775
0.0310962277394741 15.5482063640769
0.031247550263489 15.6238662888142
0.0313981434841226 15.6991615937762
0.0315480178457591 15.7740975000994
0.0316971835458411 15.8486791054936
0.0318456505429671 15.9229113882876
0.0319934285646516 15.9967992113093
0.0321405271147628 16.0703473256029
0.032286955480656 16.1435603739885
0.0324327227400169 16.216442894491
0.0325778377674294 16.2889993236125
0.0327223092406815 16.3612339994905
0.0328661456468204 16.4331511649219
0.0330093552879722 16.5047549702718
0.0331519462869335 16.5760494762653
0.0332939265925482 16.6470386566784
0.0334353039848787 16.7177264009225
0.0335760860801815 16.7881165165246
0.033716280335695 16.8582127315298
0.0338558940542492 16.9280186967968
0.0339949343887055 16.9975379882239
0.0341334083462328 17.0667741088792
0.034271322792429 17.1357304910656
0.034408684455293 17.2044104983039
0.034545499929055 17.2728174272466
0.0346817756778709 17.3409545095265
0.0348175180393862 17.4088249135373
0.0349527332281753 17.4764317461524
0.035087427339062 17.5437780543821
0.0352216063503253 17.6108668269776
0.0353552761267955 17.6777009959819
0.0354884424228461 17.74428343822
0.035621110885284 17.8106169767457
0.035753287056144 17.8767043822412
0.0358849763753903 17.9425483743597
0.0360161841835294 18.0081516230374
0.0361469157241368 18.0735167497598
0.0362771761463028 18.1386463287745
0.0364069705069989 18.2035428882815
0.0365363037733689 18.2682089115742
0.0366651808249465 18.3326468381516
0.0367936064558043 18.3968590647903
0.0369215853766343 18.4608479465842
0.0370491222167639 18.5246157979525
0.0371762215261108 18.5881648936181
0.0373028877770762 18.65149746955
0.0374291253663818 18.714615723889
0.0375549386168501 18.7775218178313
0.0376803317791324 18.840217876491
0.0378053090333837 18.9027059897422
0.0379298744908898 18.9649882130308
0.0380540321956443 19.0270665681629
0.0381777861258815 19.0889430440698
0.0383011401955633 19.1506195975506
0.0384240982558237 19.2120981539974
0.0385466640963718 19.2733806080962
0.0386688414468549 19.3344688245028
0.0387906339781824 19.3953646385115
0.038912045303813 19.4560698566986
0.0390330789810058 19.5165862575381
0.0391537385120363 19.5769155920197
0.0392740273453788 19.6370595842378
0.0393939488768565 19.6970199319649
0.0395135064507604 19.7567983072099
0.0396327033609369 19.8163963567642
0.0397515428518475 19.8758157027289
0.0398700281195984 19.935057943032
0.0399881623129441 19.9941246519284
0.0401059485342635 20.0530173804909
0.0402233898405105 20.1117376570783
0.0403404892441402 20.1702869878064
0.0404572497140097 20.2286668569938
0.0405736741762573 20.2868787276024
0.0406897655151575 20.344924041664
0.040805526573955 20.4028042207026
0.040920960155677 20.4605206661316
0.0410360690239256 20.5180747596547
0.0411508559036494 20.5754678636527
0.0412653234818964 20.6327013215576
0.0413794744085475 20.6897764582214
0.041493311297033 20.7466945802695
0.0416068367250303 20.8034569764574
0.0417200532351447 20.8600649180041
0.0418329633355744 20.916519658928
0.0419455695007586 20.9728224363685
0.04205787417201 21.0289744709077
0.0421698797581328 21.0849769668705
0.0422815886360253 21.140831112632
0.0423930031512683 21.1965380809121
0.0425041256187002 21.2520990290584
0.0426149583229777 21.3075150993316
0.0427255035191241 21.3627874191764
0.0428357634330646 21.4179171014896
0.0429457402621492 21.4729052448834
0.043055436175664 21.5277529339359
0.0431648533153297 21.5824612394493
0.0432739937957904 21.6370312186853
0.0433828597050899 21.6914639156075
0.0434914531051377 21.7457603611122
0.0435997760321651 21.7999215732624
0.0437078304971704 21.8539485575
0.0438156184863547 21.907842306873
0.0439231419615475 21.9616038022439
0.0440304028606239 22.0152340125009
0.0441374030979115 22.0687338947563
0.0442441445645895 22.1221043945512
0.0443506291290785 22.1753464460484
0.0444568586374221 22.2284609722233
0.0445628349136603 22.2814488850501
0.0446685597601951 22.3343110856854
0.0447740349581479 22.387048464646
0.0448792622677098 22.4396619019845
0.0449842434284844 22.4921522674605
0.0450889801598229 22.544520420708
0.0451934741611533 22.596767211403
0.0452977271123017 22.6488934794167
0.0454017406738074 22.700900054981
0.0455055164872317 22.7527877588389
0.0456090561754599 22.8045574023965
0.0457123613429979 22.85620978787
0.0458154335762616 22.9077457084317
0.0459182744438618 22.959165948353
0.0460208854968823 23.0104712831407
0.0461232682691532 23.0616624796772
0.046225424277518 23.1127402963513
0.0463273550220961 23.1637054831892
0.0464290619865399 23.2145587819869
0.0465305466382865 23.2653009264329
0.0466318104288048 23.3159326422294
0.0467328547938377 23.3664546472182
0.0468336811536399 23.4168676515003
0.0469342909132103 23.4671723575434
0.0470346854625209 23.5173694603076
0.0471348661767406 23.5674596473485
0.047234834416455 23.6174435989334
0.0473345915278821 23.6673219881435
0.0474341388430838 23.7170954809856
0.0475334776801732 23.7667647364892
0.0476326093435186 23.8163304068138
0.0477315351239431 23.8657931373461
0.0478302562989207 23.9151535667993
0.047928774132769 23.9644123273098
0.0480270898768376 24.0135700445268
0.0481252047696944 24.0626273377139
0.0482231200373066 24.11158481983
0.0483208368932206 24.1604430976287
0.0484183565387362 24.2092027717368
0.0485156801630801 24.2578644367478
0.0486128089435744 24.3064286813
0.0487097440458028 24.3548960881672
0.0488064866237742 24.4032672343317
0.0489030378200825 24.4515426910721
0.0489993987660645 24.4997230240382
0.0490955705819542 24.547808793326
0.0491915543770349 24.5958005535601
0.0492873512497887 24.643698853962
0.0493829622880426 24.6915042384281
0.0494783885691132 24.7392172455985
0.0495736311599482 24.7868384089289
0.0496686911172654 24.834368256763
0.0497635694876894 24.8818073123949
0.0498582673078866 24.9291560941406
0.0499527856046968 24.976415115407
