0.00151864184807697 1.51864184807696
0.00366632574601476 1.88712614958247
0.00477804873730739 2.413404707159
0.00566764853552354 2.84843199749012
0.00643307010192994 3.2265243865983
0.00711568403560183 3.56522346454735
0.00773784629041301 3.87466339989721
0.00831331645646277 4.16128702932519
0.00885129334010648 4.42948172204018
0.00935829273420152 4.68239126905441
0.00983913239097383 4.92235823168449
0.0102974948797424 5.15118298792818
0.0107362707310461 5.37028433919247
0.0111577785410281 5.58080378318665
0.011563912075177 5.78367583430208
0.0119562419787636 5.97967698141666
0.0123360881394124 6.16946070829176
0.0127045724409179 6.3535831348107
0.0130626580410127 6.53252217528402
0.0134111791587514 6.70669210975583
0.0137508640338923 6.87645484232287
0.0140823528800879 7.04212872251338
0.014406212105377 7.20399554468399
0.0147229457072811 7.36230616504673
0.0150330045000365 7.51728505592865
0.0153367936578879 7.66913403303178
0.0156346789356119 7.81803533210751
0.0159269918392832 7.96415416860893
0.0162140339560802 8.1076408826937
0.0164960806045367 8.24863274878419
0.0167733839312562 8.38725551166048
0.0170461755533764 8.52362469793459
0.0173146688256836 8.65784674178677
0.0175790607955682 8.79001995612749
0.0178395338968129 8.92023537436219
0.018096257423639 9.04857748321213
0.0183493888188872 9.17512486334777
0.0185990748042058 9.29995075162348
0.018845452375305 9.42312353631956
0.0190886496814659 9.54470719490961
0.0193287868053427 9.66476168228309
0.0195659764565392 9.7833432761171
0.0198003245903348 9.90050488505123
0.0200319309612035 10.0162963244175
0.0202608896193344 10.1307645636294
0.0204872893571692 10.2439539487049
0.0207112141119716 10.3559064029035
0.0209327433296088 10.4666616080678
0.0211519522940172 10.5762571688618
0.0213689124262277 10.6847287618726
0.0215836915563207 10.7921102712258
0.0217963541712455 10.8984339121622
0.0220069616410742 11.0037303438974
0.0222155724259378 11.108028772836
0.022422242265626 11.2113570471579
0.022627024353591 11.313741743626
0.0228299694968971 11.4152082473934
0.0230311262634787 11.5157808254802
0.0232305411179158 11.6154826945262
0.0234282585468032 11.7143360833583
0.0236243211746729 11.8123622908451
0.0238187698713233 11.9095817394639
0.0240116438513235 12.0060140249651
0.0242029807663773 12.1016779624851
0.0243928167911647 12.1965916293916
0.0245811867032136 12.2907724051562
0.0247681239573029 12.3842370085067
0.0249536607548474 12.4770015320619
0.0251378281086712 12.5690814746743
0.0253206559035405 12.6604917716556
0.0255021729527882 12.7512468230504
0.0256824070513366 12.8413605201179
0.0258613850253923 12.9308462701341
0.0260391327790664 13.0197170196901
0.0262156753381488 13.1079852765413
0.0263910368912467 13.1956631301609
0.0265652408284774 13.2827622710549
0.0267383097778927 13.3692940089668
0.0269102656397935 13.4552692900036
0.0270811296190836 13.5406987128042
0.0272509222557967 13.6255925437852
0.0274196634539224 13.7099607315399
0.0275873725086439 13.7938129204428
0.0277540681320948 13.8771584635147
0.0279197684777317 13.9600064346017
0.0280844911634114 14.0423656399015
0.0282482532932575 14.1242446288846
0.0284110714783924 14.2056517046557
0.0285729618566049 14.2865949337785
0.0287339401110215 14.3670821555975
0.0288940214878408 14.4471209911079
0.0290532208131878 14.5267188513709
0.029211552509142 14.6058829455182
0.0293690306089876 14.6846202883828
0.0295256687717313 14.7629377077363
0.0296814802959301 14.8408418512121
0.0298364781328702 14.9183391928855
0.0299906748991314 14.9954360395447
0.0301440828885741 15.0721385366934
0.0302967140837793 15.1484526742576
0.0304485801669724 15.2243842920433
0.0305996925304593 15.2999390849604
0.030750062286601 15.3751226079952
0.0308997002773505 15.4499402809852
0.0310486170833767 15.524397393176
0.031196823032796 15.5984991075783
0.0313443282095323 15.6722504651555
0.0314911424613245 15.7456563888175
0.0316372754073995 15.8187216872572
0.0317827364458279 15.89145105863
0.0319275347605773 15.9638490940747
0.0320716793282801 16.0359202810945
0.0322151789247277 16.1076690068064
0.0323580421311062 16.1790995610569
0.0325002773399846 16.2502161394093
0.0326418927610689 16.3210228460262
0.0327828964267323 16.3915236964298
0.0329232961973314 16.4617226201614
0.0330630997663207 16.5316234633301
0.0332023146651718 16.6012299910825
0.0333409482681084 16.6705458899602
0.0334790077966652 16.7395747701822
0.0336165003240772 16.8083201678352
0.0337534327795092 16.8767855469953
0.0338898119521306 16.9449743017551
0.0340256444950437 17.0128897581929
0.0341609369290714 17.0805351762621
0.0342956956464101 17.147913751624
0.034429926914154 17.2150286173961
0.0345636368776967 17.2818828458686
0.0346968315640138 17.3484794501321
0.0348295168848337 17.4148213856669
0.034961698639699 17.4809115518763
0.0350933825189251 17.5467527935578
0.0352245741064582 17.6123479023436
0.0353552788826388 17.6776996180658
0.0354855022268731 17.7428106301074
0.0356152494202165 17.8076835786835
0.0357445256478728 17.8723210560935
0.0358733360016122 17.9367256079305
0.0360016854821118 18.0008997342485
0.0361295790012204 18.0648458907002
0.0362570213841528 18.1285664896264
0.0363840173716134 18.1920639011204
0.0365105716218543 18.255340454061
0.0366366887126693 18.3183984371022
0.0367623731433259 18.3812400996473
0.0368876293364381 18.4438676527701
0.037012461639783 18.5062832701454
0.0371368743280612 18.5684890889056
0.0372608716046054 18.6304872105125
0.037384457603037 18.6922797015744
0.0375076363888743 18.7538685946569
0.0376304119610932 18.8152558890562
0.0377527882536419 18.8764435515644
0.0378747691369117 18.9374335171984
0.0379963584191656 18.9982276899172
0.0381175598479255 19.05882794331
0.0382383771113197 19.1192361212818
0.0383588138393929 19.1794540386931
0.0384788736053786 19.2394834820067
0.0385985599269363 19.2993262099011
0.0387178762673536 19.358983953875
0.0388368260367164 19.4184584188285
0.0389554125930454 19.4777512836348
0.0390736392434024 19.5368642016917
0.0391915092449669 19.5957988014532
0.0393090258060824 19.6545566869682
0.039426192087276 19.7131394383734
0.0395430112022501 19.7715486124016
0.0396594862188476 19.8297857428554
0.0397756201599922 19.8878523410828
0.0398914160046041 19.9457498964332
0.040006876688491 20.0034798767
0.040122005105217 20.061043728561
0.0402368041069488 20.1184428779969
0.0403512765052798 20.1756787307026
0.0404654250720338 20.2327526724922
0.0405792525400483 20.2896660696898
0.0406927616039374 20.3464202695087
0.0408059549208368 20.4030166004264
0.0409188351111288 20.4594563725461
0.0410314047591508 20.5157408779498
0.0411436664138851 20.5718713910433
0.0412556225896327 20.6278491688983
0.0413672757666704 20.6836754515698
0.0414786283918917 20.7393514624263
0.0415896828794324 20.7948784084614
0.0417004416112818 20.8502574805949
0.0418109069378783 20.9054898539731
0.0419210811786917 20.9605766882588
0.0420309666227912 21.0155191279188
0.0421405655294006 21.0703183024957
0.0422498801284403 21.1249753268836
0.0423589126210561 21.1794913015934
0.0424676651801372 21.2338673130022
0.0425761399508208 21.2881044336204
0.042684339050986 21.3422037223252
0.0427922645717364 21.3961662246114
0.0428999185778715 21.4499929728196
0.0430073031083477 21.503684986374
0.0431144201767287 21.557243271997
0.0432212717716262 21.6106688239444
0.0433278598571308 21.6639626242073
0.0434341863732327 21.7171256427284
0.0435402532362345 21.7701588376109
0.0436460623391534 21.823063155313
0.0437516155521158 21.8758395308495
0.0438569147227429 21.9284888879856
0.043961961676528 21.9810121394197
0.0440667582172059 22.0334101869737
0.0441713061271139 22.0856839217741
0.044275607167546 22.1378342244233
0.0443796630790987 22.189861965178
0.0444834755820101 22.241768004114
0.0445870463764916 22.2935531912981
0.0446903771430529 22.3452183669438
0.0447934695428203 22.3967643615771
0.0448963252178477 22.4481919961866
0.0449989457914226 22.4995020823784
0.0451013328683642 22.5506954225255
0.0452034880353167 22.6017728099139
0.0453054128610361 22.6527350288867
0.0454071088966713 22.7035828549839
0.0455085776760394 22.7543170550795
0.0456098207158955 22.8049383875186
0.0457108395161978 22.8554476022486
0.0458116355603662 22.9058454409454
0.0459122103155368 22.9561326371493
0.0460125652328112 23.0063099163774
0.0461127017475005 23.0563779962579
0.0462126212793647 23.1063375866401
0.0463123252328482 23.1561893897181
0.0464118149973093 23.2059341001412
0.0465110919472468 23.2555724051329
0.0466101574425211 23.3051049845939
0.0467090128285716 23.3545325112206
0.0468076594366301 23.4038556506004
0.04690609858393 23.4530750613259
0.047004331573911 23.5021913950902
0.047102359696421 23.5512052967924
0.0472001842279137 23.6001174046371
0.0472978064316421 23.6489283502248
0.0473952275578493 23.6976387586549
0.0474924488439549 23.7462492486147
0.0475894715147388 23.7947604324715
0.0476862967825209 23.8431729163618
0.0477829258473379 23.891487300284
0.0478793598971171 23.9397041781796
0.0479756001078464 23.9878241380218
0.0480716476437419 24.0358477618977
0.0481675036574119 24.0837756260898
0.0482631692900189 24.1316083011628
0.0483586456714372 24.1793463520325
0.0484539339204097 24.2269903380514
0.0485490351446996 24.2745408130841
0.0486439504412418 24.3219983255774
0.0487386808962899 24.3693634186399
0.0488332275855612 24.4166366301122
0.0489275915743796 24.4638184926415
0.0490217739178153 24.5109095337438
0.0491157756608226 24.5579102758783
0.0492095978383753 24.6048212365166
0.0493032414755993 24.6516429282047
0.0493967075879035 24.6983758586332
0.0494899971811084 24.7450205306947
0.0495831112515721 24.7915774425515
0.0496760507863146 24.8380470877004
0.0497688167631399 24.8844299550271
0.0498614101507559 24.9307265288707
0.0499538319088927 24.9769372890822
