0 920.333103270451
0.00296695414548463 915.931694819747
0.00419590679148345 913.666207910585
0.00513891532370649 911.443045180972
0.00593390829096927 909.230996817982
0.00663431115542844 907.02345804154
0.00726752374667264 904.818188020134
0.00784982282028449 902.614218647794
0.00839181358296689 900.411063746546
0.0089008624364539 898.208452497037
0.00938233281301002 896.006222123777
0.00984027367076206 893.804268917192
0.010277830647413 891.602523677309
0.0106975053034953 889.400938465337
0.0111013258946721 887.199479022249
0.011490963994423 884.998120214975
0.0118678165819385 882.796843187861
0.0122330653281973 880.595633518241
0.0125877203744503 878.394479986169
0.0129326532902866 876.193373732265
0.0132686223108569 873.992307667997
0.0135962919551464 871.791276054328
0.0139162484826546 869.590274195183
0.0142290122191386 867.389298210846
0.0145350474933453 865.188344867965
0.0148347707274232 862.987411450336
0.0151285570837612 860.786495659492
0.0154167459711195 858.585595537376
0.015699645640569 856.384709405574
0.0159775370486457 854.183835817113
0.016250677125654 851.982973517904
0.0165193015573801 849.782121415637
0.0167836271659338 847.581278554514
0.0170438539581422 845.380444094564
0.0173001668965327 843.179617294619
0.0175527374374852 840.978797498201
0.0178017248729078 838.777984121761
0.0180472775052669 836.577176644826
0.0182895336805923 834.376374601702
0.0185286226998914 832.17557757445
0.01876466562602 829.974785186922
0.0189977760003045 827.77399709966
0.0192280604809522 825.573213005532
0.0194556194134385 823.372432625974
0.0196805473415241 821.171655707743
0.0199029334662853 818.970882020101
0.0201228620594782 816.770111352377
0.0203404128366707 814.569343511825
0.020555661294826 812.368578321759
0.0207686790183924 810.167815619916
0.0209795339574172 807.967055257014
0.021188290680747 805.766297095476
0.0213950106069906 803.565541008309
0.0215997522155845 801.364786878103
0.0218025712400179 799.164034596145
0.0220035208450253 796.963284061625
0.0222026517893443 794.762535180938
0.0224000125754492 792.561787867043
0.0225956495875133 790.361042038903
0.0227896072187104 788.160297620976
0.0229819279888461 785.959554542754
0.0231726526532013 783.758812738353
0.023361820303378 781.558072146139
0.0235494684608535 779.357332708392
0.0237356331638771 777.156594370998
0.02392034904828 774.955857083174
0.024103649422711 772.755120797214
0.0242855663387611 770.55438546826
0.0244661306563947 768.353651054092
0.0246453721050664 766.15291751494
0.0248233193408656 763.952184813303
0.025 761.751452913795
0.0251754407489007 759.550721782994
0.0253496673312061 757.349991389312
0.0255227046118593 755.149261702865
0.0256945766185324 752.948532695366
0.0258653065805732 750.747804340014
0.0260349169656531 748.547076611402
0.0262034295142804 746.346349485425
0.0263708652723279 744.145622939199
0.0265372446217138 741.944896950984
0.0267025873093617 739.744171500113
0.0268669124745567 737.543446566928
0.0270302386748046 735.342722132718
0.0271925839102927 733.141998179662
0.027353965647045 730.941274690779
0.0275144008388539 728.740551649878
0.0276739059480684 726.539829041511
0.0278324969653092 724.339106850933
0.0279901894281792 722.138385064061
0.0281469984390301 719.93766366744
0.0283029386818431 717.736942648203
0.0284580244382771 715.536221994045
0.0286122696029341 713.33550169319
0.0287656876978875 711.134781734362
0.0289182918865171 708.934062106761
0.0290700949866906 706.733342800035
0.0292211094833276 704.532623804261
0.0293713475403841 702.33190510992
0.0295208210122862 700.131186707879
0.0296695414548463 697.930468589368
0.0298175201356896 695.729750745965
0.0299647680442159 693.52903316958
0.0301112959011244 691.328315852435
0.0302571141675223 689.127598787053
0.0304022330536408 686.92688196624
0.0305466625271779 684.726165383074
0.0306904123212886 682.525449030893
0.0308334919422389 680.324732903281
0.0309759106767424 678.124016994056
0.0311176775989939 675.923301297263
0.0312588015774172 673.722585807161
0.031399291281138 671.521870518213
0.0315391551861992 669.321155425078
0.0316784015815281 667.120440522605
0.031817038574669 664.919725805819
0.0319550740972913 662.719011269918
0.0320925159104859 660.518296910265
0.0322293716098561 658.317582722377
0.0323656486304169 656.116868701926
0.032501354251308 653.916154844724
0.032636495600331 651.715441146726
0.0327710796583181 649.514727604016
0.0329051132633401 647.314014212806
0.0330386031147603 645.113300969431
0.0331715557771422 642.912587870344
0.0333039776840164 640.711874912108
0.0334358751415134 638.511162091398
0.0335672543318676 636.310449404988
0.0336981213167988 634.109736849757
0.0338284820407759 631.909024422677
0.0339583423341674 629.708312120814
0.0340877079162844 627.50759994132
0.0342165843983195 625.306887881437
0.0343449772861875 623.106175938487
0.0344728919832691 620.90546410987
0.0346003337930655 618.704752393066
0.0347273079217632 616.504040785625
0.0348538194807164 614.303329285171
0.0349798734888475 612.102617889393
0.0351054748749705 609.901906596049
0.0352306284800398 607.70119540296
0.0353553390593274 605.500484308008
0.0354796112845308 603.299773309133
0.0356034497458156 601.099062404335
0.0357268589537931 598.898351591666
0.0358498433414378 596.697640869234
0.0359724072659454 594.496930235197
0.0360945550105338 592.296219687764
0.0362162907861898 590.09550922519
0.0363376187333632 587.894798845779
0.0364585429236095 585.694088547878
0.0365790673611847 583.493378329879
0.036699195984592 581.292668190214
0.036818932668084 579.091958127358
0.0369382812231201 576.891248139825
0.0370572453997827 574.690538226166
0.0371758288881516 572.489828384969
0.0372940353196397 570.289118614857
0.0374118682682908 568.088408914491
0.0375293312520401 565.887699282562
0.0376464277339399 563.686989717796
0.037763161123351 561.486280218947
0.0378795347771007 559.285570784804
0.037995552000609 557.084861414182
0.0381112160489848 554.884152105927
0.0382265301280904 552.683442858912
0.0383414973955793 550.482733672036
0.0384561209619044 548.282024544225
0.0385704038913002 546.081315474432
0.0386843492027388 543.880606461631
0.0387979598708598 541.679897504825
0.0389112388268769 539.479188603034
0.0390241889594603 537.278479755307
0.0391368131155958 535.07777096071
0.0392491141014225 532.877062218332
0.0393610946830482 530.676353527285
0.0394727575873449 528.475644886697
0.039584105502723 526.274936295718
0.0396951410798868 524.074227753517
0.0398058669325706 521.873519259281
0.0399162856382571 519.672810812214
0.0400263997388766 517.47210241154
0.0401362117414903 515.271394056498
0.0402457241189565 513.070685746343
0.0403549393105796 510.869977480349
0.0404638597227448 508.669269257801
0.0405724877295364 506.468561078005
0.0406808256733414 504.267852940277
0.0407888758654391 502.06714484395
0.0408966405865764 499.866436788369
0.0410041220875294 497.665728772896
0.0411113225896519 495.465020796903
0.0412182442854112 493.264312859776
0.041324889338911 491.063604960915
0.0414312598864028 488.862897099731
0.0415373580367849 486.662189275648
0.0416431858720903 484.461481488099
0.0417487454479637 482.260773736532
0.0418540387941269 480.060066020405
0.0419590679148345 477.859358339185
0.0420638347893187 475.658650692351
0.0421683413722251 473.457943079394
0.0422725895940374 471.257235499812
0.042376581361494 469.056527953114
0.042480318557995 466.85582043882
0.0425838030439995 464.655112956457
0.0426870366574157 462.454405505563
0.0427900212139812 460.253698085684
0.0428927585076358 458.052990696374
0.0429952503108864 455.852283337197
0.0430974983751631 453.651576007724
0.043199504431169 451.450868707536
0.0433012701892219 449.250161436219
0.0434027973395887 447.049454193369
0.043504087552813 444.848746978588
0.0436051424800358 442.648039791488
0.0437059637533098 440.447332631685
0.0438065529859066 438.246625498803
0.0439069117726179 436.045918392474
0.0440070416900507 433.845211312336
0.0441069442969162 431.644504258032
0.0442066211343129 429.443797229215
0.0443060737260038 427.243090225541
0.0444053035786886 425.042383246673
0.0445043121822695 422.841676292281
0.0446031010101126 420.64096936204
0.0447016715193036 418.44026245563
0.0448000251508984 416.239555572738
0.044898163330169 414.038848713056
0.0449960874668448 411.838141876282
0.0450937989553481 409.637435062117
0.0451912991750266 407.436728270269
0.0452885894903801 405.236021500451
0.0453856712512835 403.035314752381
0.045482545793205 400.834608025781
0.0455792144374209 398.633901320377
0.0456756784912255 396.433194635903
0.0457719392481377 394.232487972093
0.045867997988103 392.031781328688
0.0459638559776922 389.831074705434
0.0460595144702963 387.63036810208
0.0461549747063179 385.429661518379
0.0462502379133584 383.228954954087
0.0463453053064025 381.028248408968
0.0464401780879991 378.827541882785
0.0465348574484384 376.626835375308
0.0466293445659264 374.426128886309
0.046723640606756 372.225422415566
0.0468177467254748 370.024715962858
0.0469116640650501 367.824009527969
0.0470053937570309 365.623303110686
0.0470989369217069 363.422596710799
0.0471922946682648 361.221890328102
0.0472854680949417 359.021183962392
0.0473784582891756 356.82047761347
0.0474712663277541 354.619771281137
0.0475638932769593 352.419064965201
0.0476563401927108 350.218358665471
0.0477486081207064 348.01765238176
0.04784069809656 345.816946113882
0.047932611145937 343.616239861656
0.048024348284688 341.415533624902
0.0481159105189793 339.214827403444
0.0482072988454221 337.014121197108
0.0482985142511987 334.813415005722
0.0483895577141871 332.612708829119
0.0484804302030836 330.412002667132
0.0485711326775222 328.211296519597
0.0486616660881938 326.010590386354
0.0487520313769619 323.809884267243
0.0488422294769771 321.609178162108
0.0489322613127893 319.408472070794
0.0490221278004587 317.207765993151
0.0491118298476642 315.007059929028
0.0492013683538103 312.806353878279
0.0492907442101327 310.605647840756
0.0493799582998016 308.404941816318
0.0494690114980232 306.204235804823
0.0495579046721404 304.003529806132
0.0496466386817312 301.802823820107
0.0497352143787053 299.602117846614
0.0498236326074001 297.401411885519
0.0499118942046742 295.200705936691
0.05 293
