0.000862068965517241 0.86206896551726
0.00258620689655172 1.43678160919541
0.00431034482758621 2.24137931034482
0.00603448275862069 3.07881773399011
0.00775862068965517 3.927203065134
0.00948275862068966 4.78056426332291
0.0112068965517241 5.63660477453586
0.0129310344827586 6.49425287356335
0.0146551724137931 7.35294117647082
0.0163793103448276 8.2123411978223
0.0181034482758621 9.07224958949117
0.0198275862068965 9.93253373313357
0.021551724137931 10.7931034482759
0.0232758620689655 11.653895274585
0.025 12.5148632580263
0.0267241379310345 13.3759733036708
0.028448275862069 14.2371995820274
0.0301724137931034 15.0985221674879
0.0318965517241379 15.9599254426842
0.0336206896551724 16.821396993811
0.0353448275862069 17.6829268292685
0.0370689655172414 18.5445068163594
0.0387931034482759 19.4061302681993
0.0405172413793103 20.267791636097
0.0422413793103448 21.1294862772696
0.0439655172413793 21.9912102772144
0.0456896551724138 22.8529603122968
0.0474137931034483 23.7147335423198
0.0491379310344828 24.5765275257109
