0 940.806619198294
0.00928476690885259 897.703170922432
0.0131306432859723 875.517023260301
0.0160816880225669 853.745360666844
0.0185695338177052 832.082542215489
0.020761369963435 810.463886611714
0.0227429413073671 788.867449160703
0.0245651842220259 767.283749100547
0.0262612865719445 745.70802524005
0.0278543007265578 724.137625417265
0.0293610109757352 702.570955554991
0.030794088102572 681.007000014631
0.0321633760451338 659.44508111371
0.0334767031705993 637.884729382668
0.0347404166889826 616.325609319316
0.0359597476114038 594.767474792912
0.0371390676354104 573.210141148057
0.0382820746744388 551.653467142125
0.0393919298579168 530.097342897
0.040471360670019 508.541681651861
0.04152273992687 486.986413987997
0.0425481471698382 465.431483702399
0.0435494170355693 443.876844805943
0.0445281778280861 422.32245930416
0.0454858826147342 400.768295532494
0.046423834544263 379.214326890879
0.0473432076473999 357.660530870201
0.0482450640677008 336.106888294998
0.0491303684440517 314.553382728378
0.05 293
