0.00144821111590873 1.44821111590873
0.00349629091720633 1.79960605616664
0.00455645503413754 2.30147715771159
0.0054047974646574 2.7163289928425
0.00613472073276021 3.07688642212775
0.00678567677474576 3.39987750146297
0.00737898473241685 3.69496640254049
0.00792776606120904 3.96829715972038
0.00844079295032139 4.22405366722679
0.00892427900677189 4.46523391507041
0.00938281854773685 4.69407182255407
0.00981992335437104 4.91228427074083
0.0102383499017857 5.12122426064868
0.0106403092555539 5.32198035023882
0.011027607353155 5.51544371350892
0.0114017419973419 5.70235482776621
0.0117639718627202 5.88333686986272
0.0121153668029781 6.05892016826198
0.0124568453070512 6.2295604728288
0.0127892029050439 6.39565285035658
0.0131131340628137 6.55754242075231
0.013429249302538 6.71553276930756
0.0137380887636968 6.86989262147401
0.014040133069693 7.0208611993961
0.0143358121271497 7.16865256494378
0.0146255123193643 7.31345917412558
0.0149095824383404 7.45545481105972
0.0151883386157475 7.59479702893225
0.0154620684519204 7.73162919550643
0.0157310344968221 7.86608221876687
0.0159954772031403 7.9982760117734
0.0162556174462013 8.12832074330791
0.0165116586859409 8.25631791140302
0.0167637888311945 8.38236126947064
0.0170121818549318 8.5065376290173
0.0172569991999402 8.6289275584865
0.0174983910072634 8.74960599417839
0.0177364971939741 8.8686427764074
0.0179714484022714 8.98610312178159
0.0182033668381997 9.10204804066046
0.0184323670152863 9.21653470737919
0.0186585564159512 9.32961678960331
0.0188820360815387 9.44134474220188
0.0191029011401646 9.5517660701981
0.0193212412802106 9.66092556468715
0.0195371411761513 9.76886551502849
0.0197506808724547 9.87562590019143
0.0199619361304914 9.98124456167198
0.0201709787427209 10.0857573601299
0.0203778768178491 10.1891983175619
0.0205826950401704 10.2915997466306
0.0207854949058941 10.39299236852
0.0209863349389048 10.4934054205479
0.0211852708881022 10.5928667546026
0.0213823559082065 10.6914029273358
0.0215776407256935 10.7890392829459
0.0217711737913257 10.8858000292908
0.0219630014205805 10.9817083079446
0.0221531679231293 11.0767862588219
0.0223417157223923 11.1710550798298
0.0225286854660845 11.2645350820528
0.0227141161285674 11.3572457408237
0.0228980451057383 11.449205743095
0.0230805083031114 11.5404330314008
0.0232615402176771 11.6309448447282
0.0234411740140705 11.720757756535
0.0236194415955233 11.8098877101766
0.0237963736700307 11.8983500519354
0.0239719998121213 11.9861595618686
0.0241463485205821 12.0733304826262
0.0243194472724572 12.1598765464161
0.0244913225736114 12.2458110002531
0.0246620000061203 12.3311466296194
0.0248315042727284 12.4158957806766
0.0249998592385934 12.5000703811039
0.0251670879705166 12.5836819596934
0.0253332127738414 12.6667416647759
0.0254982552271882 12.7492602815777
0.0256622362151781 12.8312482485538
0.0258251759592854 12.9127156728078
0.0259870940469496 12.9936723446215
0.0261480094590639 13.074127751202
0.0263079405959503 13.1540910896377
0.0264669053019214 13.2335712791839
0.0266249208885227 13.3125769728636
0.02678200415654 13.3911165684653
0.0269381714168511 13.4691982189564
0.027093438510197 13.5468298423679
0.0272478208259372 13.624019131153
0.0274013333198547 13.7007735610889
0.0275539905310683 13.7771003997312
0.0277058065981051 13.8530067144296
0.0278567952741857 13.9284993799801
0.028006969941766 14.0035850858801
0.028156343626383 14.0782703432506
0.0283049290098408 14.1525614914247
0.0284527384427776 14.2264647042237
0.0285997839566488 14.2999859959459
0.0287460772751567 14.3731312270819
0.0288916298251608 14.4459061097574
0.0290364527470947 14.5183162129476
0.0291805569049185 14.5903669674432
0.02932395289563 14.6620636706052
0.0294666510583601 14.7334114909172
0.0296086614830734 14.8044154723145
0.0297499940188945 14.8750805383688
0.0298906582820808 14.9454114962512
0.0300306636636581 15.0154130405618
0.0301700193367382 15.0850897569792
0.030308734263533 15.1544461257697
0.0304468172020813 15.2234865251458
0.0305842767127022 15.2922152344937
0.0307211211641883 15.3606364374674
0.0308573587397521 15.4287542249565
0.0309929974427367 15.4965725979491
0.0311280451021029 15.5640954702669
0.0312625093777029 15.6313266712023
0.0313963977653502 15.6982699480526
0.0315297176016963 15.7649289685559
0.0316624760689225 15.8313073232425
0.0317946801992548 15.8974085276782
0.0319263368793116 15.9632360246492
0.0320574528542893 16.0287931862506
0.0321880347319956 16.0940833159024
0.0323180889867356 16.159109650287
0.0324476219630579 16.2238753612275
0.032576639879366 16.2883835574913
0.0327051488314027 16.3526372865269
0.0328331547956104 16.4166395361543
0.032960663632375 16.4803932361739
0.0330876810891563 16.5439012599347
0.0332142128035119 16.6071664258544
0.0333402643060164 16.6701914988697
0.0334658410230828 16.7329791918416
0.0335909482796882 16.79553216693
0.033715591302009 16.8578530369069
0.0338397752199682 16.919944366425
0.0339635050696993 16.9818086732515
0.0340867857959295 17.0434484294644
0.0342096222542859 17.1048660625995
0.0343320192135267 17.1660639567623
0.0344539813577021 17.2270444537181
0.0345755132882453 17.2878098539308
0.0346966195259992 17.3483624175756
0.0348173045131781 17.4087043655219
0.0349375726152692 17.4688378802824
0.0350574281228755 17.5287651069386
0.0351768752535016 17.5884881540221
0.0352959181532857 17.6480090943944
0.0354145608986788 17.7073299660797
0.0355328074980735 17.7664527730718
0.0356506618933847 17.8253794861402
0.0357681279615822 17.8841120435829
0.0358852095161795 17.9426523519766
0.0360019103086785 18.0010022868978
0.0361182340299716 18.059163693617
0.0362341843117042 18.1171383877991
0.0363497647275977 18.1749281561381
0.0364649787947345 18.2325347570232
0.0365798299748072 18.2899599211458
0.0366943216753317 18.3472053521191
0.0368084572508273 18.4042727270588
0.0369222400039634 18.4611636971594
0.0370356731866748 18.5178798882539
0.0371487600012455 18.574422901353
0.0372615036013647 18.6307943131693
0.0373739070931517 18.6869956766438
0.0374859735361556 18.743028521423
0.0375977059443263 18.7988943543687
0.0377091072869603 18.8545946600133
0.0378201804896221 18.9101309010224
0.0379309284350399 18.9655045186546
0.038041353963979 19.0207169331873
0.0381514598760919 19.07576954434
0.0382612489307467 19.1306637317003
0.0383707238478338 19.1854008551121
0.0384798873085521 19.2399822550786
0.0385887419561753 19.2944092531426
0.0386972903967987 19.3486831522654
0.0388055352000674 19.4028052371765
0.0389134788998856 19.4567767747442
0.0390211239951092 19.5105990143105
0.0391284729502205 19.5642731880345
0.0392355281959866 19.6178005112207
0.0393422921301016 19.6711821826357
0.0394487671178134 19.7244193848299
0.0395549554925346 19.7775132844313
0.03966085955644 19.8304650324565
0.0397664815810479 19.8832757645946
0.0398718238077896 19.9359466014897
0.0399768884485637 19.9884786490262
0.0400816776862783 20.040872998588
0.0401861936753802 20.093130727337
0.0402904385423715 20.1452528984588
0.0403944143863149 20.1972405614288
0.0404981232793262 20.2490947522387
0.0406015672670568 20.3008164936587
0.0407047483691639 20.3524067954576
0.0408076685797711 20.4038666546407
0.0409103298679178 20.4551970556736
0.0410127341779986 20.5063989707015
0.0411148834301935 20.5574733597602
0.0412167795208874 20.6084211709921
0.0413184243230813 20.6592433408459
0.0414198196867937 20.7099407942817
0.041520967439454 20.7605144449686
0.0416218693862859 20.8109651954681
0.0417225273106843 20.8612939374336
0.0418229429745825 20.911501551786
0.0419231181188119 20.9615889088983
0.0420230544634547 21.0115568687676
0.0421227537081882 21.0614062811905
0.0422222175326217 21.1111379859315
0.0423214475966276 21.1607528128848
0.0424204455406635 21.2102515822402
0.0425192129860895 21.2596351046376
0.0426177515354776 21.308904181328
0.0427160627729151 21.3580596043152
0.0428141482643018 21.4071021565148
0.0429120095576411 21.456032611891
0.0430096481833249 21.5048517356062
0.043107065654413 21.5535602841576
0.0432042634669064 21.6021590055092
0.0433012431000155 21.6506486392336
0.0433980060164231 21.699029916641
0.0434945536625411 21.7473035609066
0.0435908874687632 21.7954702871967
0.0436870088497124 21.8435308027901
0.0437829192044826 21.8914858072053
0.0438786199168769 21.9393359923146
0.0439741123556405 21.9870820424633
0.0440693978746887 22.0347246345789
0.044164477813331 22.0822644382888
0.044259353496491 22.1297021160294
0.0443540262349218 22.1770383231513
0.0444484973254168 22.224273708022
0.0445427680510175 22.2714089121395
0.0446368396812165 22.3184445702254
0.0447307134721572 22.3653813103267
0.0448243906668293 22.4122197539126
0.0449178724952607 22.4589605159751
0.0450111601747064 22.5056042051183
0.0451042549098331 22.5521514236539
0.0451971578929006 22.5986027676878
0.0452898703039404 22.6449588272151
0.04538239331093 22.6912201862019
0.0454747280699652 22.7373874226752
0.0455668757254279 22.7834611088068
0.0456588374101525 22.829441810992
0.0457506142455874 22.8753300899356
0.0458422073419554 22.9211265007287
0.04593361779841 22.9668315929305
0.0460248467031891 23.0124459106396
0.0461158951337667 23.0579699925751
0.0462067641570009 23.103404372148
0.0462974548292799 23.1487495775331
0.0463879681966656 23.1940061317448
0.0464783052950337 23.2391745527026
0.0465684671502127 23.2842553533069
0.0466584547781194 23.3292490414967
0.0467482691848926 23.3741561203252
0.0468379113670242 23.4189770880228
0.0469273823114885 23.4637124380605
0.0470166829958689 23.5083626592137
0.047105814388482 23.5529282356268
0.0471947774485011 23.5974096468685
0.0472835731260756 23.6418073680029
0.0473722023624502 23.6861218696353
0.0474606660900806 23.7303536179804
0.0475489652327488 23.7745030749158
0.0476371007056748 23.818570698035
0.0477250734156279 23.8625569407108
0.0478128842610351 23.9064622521425
0.0479005341320885 23.950287077413
0.0479880239108505 23.9940318575412
0.0480753544713571 24.0376970295333
0.0481625266797203 24.0812830264308
0.0482495413942277 24.1247902773655
0.0483363994654415 24.1682192076078
0.0484231017362956 24.2115702386113
0.0485096490421906 24.2548437880661
0.0485960422110882 24.298040269941
0.048682282063603 24.3411600945312
0.0487683694130944 24.3842036685063
0.0488543050657549 24.4271713949483
0.0489400898206992 24.4700636734077
0.0490257244700505 24.5128808999323
0.0491112097990257 24.5556234671222
0.0491965465860196 24.598291764165
0.0492817356026876 24.6408861768763
0.049366777614027 24.6834070877455
0.0494516733784571 24.7258548759721
0.0495364236478985 24.7682299175069
0.0496210291678503 24.8105325850888
0.0497054906774668 24.852763248288
0.049789808909633 24.8949222735365
0.0498739845910387 24.9370100241708
0.0499580184422514 24.9790268604651
