0.00143149583578467 1.43149583578466
0.00345593666123196 1.77883496898796
0.00450386434384961 2.27491346477498
0.00534241518997166 2.68497707216914
0.00606391366989174 3.04137294077769
0.00670735636491378 3.36063605095861
0.00729381635090218 3.65231903035183
0.00783626363520537 3.92249499875659
0.00834336915824859 4.17529955981015
0.00882127480947994 4.41369610066644
0.00927452187837989 4.63989275668823
0.00970658161305861 4.85558659266562
0.0101201786733395 5.06211499325358
0.0105174986046347 5.26055395225607
0.0109003265002591 5.45178435772433
0.011270142875298 5.63653814036089
0.0116281918767107 5.81543128430089
0.0119755310099139 5.98898799694456
0.0123130681626265 6.15765876788313
0.0126415896829295 6.32183410404441
0.0129617820211421 6.48185514195377
0.0132742486527834 6.63802196291459
0.013579523483033 6.7906001907437
0.0138780815879298 6.9398262864799
0.0141703479121061 7.08591184128767
0.0144567043792162 7.22904708984341
0.0147374957554998 7.36940381044814
0.0150130345238286 7.50713773780363
0.0152836049650488 7.64239058491888
0.015549466598767 7.77529174883961
0.0158108571023612 7.90595975858406
0.0160679948018106 8.03450351136494
0.0163210808087125 8.16102333372342
0.0165703008630551 8.2856118969647
0.0168158269298088 8.40835501061851
0.017057818588385 8.52933231320359
0.017296424246897 8.64861787610563
0.0175317822074917 8.7662807335395
0.0177640216044937 8.88238534938359
0.0179932632334428 8.99699202981365
0.0182196202861489 9.11015728925839
0.0184431990044681 9.22193417594777
0.0186640992635234 9.33237256240203
0.0188824150934602 9.44151940533973
0.0190982351474751 9.54941897887598
0.0193116431227285 9.65611308426722
0.0195227181398135 9.76164123904329
0.0197315350856614 9.86604084793267
0.019938164924102 9.96934735769064
0.0201426749777291 10.071594397633
0.0203451291842498 10.1728139074683
0.020545588330083 10.2730362537965
0.0207441102636295 10.3722903364765
0.020940750090334 10.4706036859303
0.0211355603514042 10.5680025522907
0.0213285911878297 10.6645119872364
0.0215198904911535 10.7601559192145
0.0217095040422789 10.8549572226996
0.0218974756394541 10.9489377820675
0.0220838472164476 11.0421185505594
0.0222686589518175 11.1345196048259
0.0224519493700826 11.2261601954174
0.022633755435516 11.3170587935985
0.0228141126392097 11.4072331348151
0.0229930550799894 11.496700259079
0.0231706155397032 11.5854765485567
0.023346825553355 11.673577762586
0.023521715474508 11.7610190703209
0.0236953145363409 11.8478150812276
0.023867650908707 11.9339798735649
0.0240387517515101 12.0195270210469
0.0242086432646836 12.104469617789
0.0243773507350344 12.1888203017053
0.0245448985801874 12.2725912764569
0.0247113103898484 12.3557943320523
0.024876608964581 12.4384408642165
0.02504081635228 12.5205418926108
0.0252039538825049 12.6021080779757
0.0253660421988261 12.6831497382856
0.0255271012893214 12.763676863985
0.0256871505153516 12.8436991323612
0.0258462086387321 12.9232259211137
0.026004293847408 13.0022663211847
0.0261614237797326 13.0808291488778
0.0263176155474411 13.1589229573458
0.0264728857574042 13.2365560474478
0.0266272505322396 13.3137364780518
0.0267807255298539 13.3904720757952
0.0269333259619822 13.4667704443466
0.027085066611788 13.5426389731996
0.0272359618505789 13.6180848460222
0.0273860256536951 13.6931150486003
0.0275352716156171 13.7677363763762
0.0276837129643405 13.8419554416377
0.027831362575061 13.9157786803537
0.0279782329832091 13.9892123586907
0.028124336396872 14.0622625792064
0.0282696847086375 14.1349352867865
0.0284142895068929 14.2072362742799
0.0285581620866086 14.2791711878811
0.0287013134596351 14.3507455322891
0.0288437543645405 14.4219646756121
0.0289854952760117 14.4928338540715
0.0291265464138454 14.5633581764881
0.0292669177515474 14.6335426285884
0.0294066190245637 14.7033920771106
0.0295456597381606 14.7729112737466
0.0296840491749725 14.8421048589058
0.029821796402235 14.9109773653425
0.0299589102787179 14.9795332216128
0.0300953994613747 15.0477767553919
0.030231272411721 15.1157121966745
0.0303665374019567 15.1833436808278
0.0305012025208434 15.2506752515248
0.0306352756793496 15.3177108635718
0.0307687646160741 15.384454385617
0.0309016769024588 15.4509096027585
0.0310340199478005 15.5170802190386
0.0311658010040709 15.5829698598653
0.0312970271705543 15.6485820743238
0.0314277053983109 15.7139203374065
0.0315578424944733 15.7789880521612
0.0316874451263848 15.8437885517628
0.0318165198255859 15.9083251015007
0.0319450729916549 15.9726009007039
0.0320731108959115 16.0366190845825
0.0322006396849865 16.1003827260218
0.0323276653842653 16.1638948373036
0.0324541939012101 16.2271583717536
0.0325802310285661 16.29017622536
0.032705782447456 16.3529512383114
0.0328308537303684 16.4154861964877
0.032955450344044 16.4777838329152
0.033079577652264 16.5398468291476
0.0332032409185446 16.6016778166129
0.0333264453087415 16.6632793779277
0.0334491958935679 16.7246540481439
0.0335714976510304 16.7858043159712
0.033693355468784 16.8467326249512
0.0338147741464119 16.9074413745988
0.0339357583976314 16.9679329215063
0.0340563128524291 17.0282095804109
0.0341764420591286 17.088273625224
0.034296150486393 17.1481272900324
0.0344154425251645 17.207772770071
0.0345343224905438 17.2672122226663
0.0346527946236116 17.3264477681362
0.0347708630931941 17.3854814906805
0.0348885319975746 17.4443154392301
0.0350058053661537 17.5029516282884
0.0351226871610591 17.5613920387246
0.0352391812787078 17.619638618555
0.0353552915513217 17.6776932837069
0.0354710217483988 17.7355579187533
0.0355863755781408 17.7932343776185
0.0357013566888399 17.8507244842803
0.0358159686702251 17.9080300334418
0.0359302150547696 17.9651527911829
0.0360440993189618 18.02209449559
0.0361576248845392 18.0788568573816
0.0362707951196881 18.1354415605075
0.03638361334021 18.1918502627247
0.0364960828106548 18.2480845961727
0.0366082067454232 18.3041461679144
0.0367199883098388 18.3600365604841
0.0368314306211903 18.4157573324002
0.0369425367497466 18.4713100186725
0.0370533097197432 18.5266961312965
0.0371637525103429 18.5819171597397
0.0372738680565707 18.6369745714008
0.037383659250224 18.6918698120656
0.0374931289407586 18.7466043063533
0.0376022799361516 18.8011794581515
0.0377111150037419 18.8555966510255
0.0378196368710489 18.9098572486356
0.0379278482265698 18.9639625951305
0.0380357517205573 19.017914015546
0.0381433499657763 19.0717128161705
0.0382506455382425 19.125360284922
0.0383576409779421 19.1788576917066
0.0384643387895329 19.2322062887642
0.038570741443029 19.2854073110232
0.0386768513744676 19.3384619764185
0.0387826709865598 19.3913714862269
0.0388882026493255 19.4441370253784
0.0389934487007128 19.4967597627772
0.0390984114472021 19.5492408515836
0.0392030931643964 19.60158142953
0.0393074960975962 19.6537826191975
0.039411622462362 19.7058455282985
0.0395154744450627 19.7577712499464
0.0396190542034113 19.8095608629341
0.0397223638669878 19.8612154319888
0.0398254055377503 19.9127360080269
0.0399281812905339 19.9641236284048
0.0400306931735382 20.0153793171617
0.0401329432088035 20.0665040852606
0.0402349333926762 20.1174989308188
0.0403366656962636 20.1683648393337
0.0404381420658784 20.219102783906
0.0405393644234731 20.2697137254615
0.0406403346670648 20.3201986129529
0.0407410546711503 20.370558383582
0.0408415262871124 20.4207939629894
0.0409417513436169 20.4709062654599
0.0410417316470005 20.5208961941116
0.0411414689816514 20.5707646410927
0.0412409651103803 20.6205124877667
0.0413402217747841 20.6701406048845
0.0414392406956019 20.7196498527721
0.0415380235730624 20.7690410815032
0.0416365720872251 20.818315131066
0.0417348878983136 20.8674728315278
0.0418329726470416 20.9165150032085
0.0419308279549328 20.9654424568298
0.0420284554246333 21.0142559936759
0.0421258566402184 21.0629564057509
0.0422230331674917 21.1115444759159
0.0423199865542794 21.1600209780494
0.0424167183307179 21.2083866771828
0.0425132300095351 21.2566423296491
0.0426095230863271 21.3047886832101
0.0427055990398281 21.3528264771983
0.0428014593321754 21.4007564426535
0.0428971054091695 21.448579302441
0.0429925387005276 21.4962957713917
0.0430877606201342 21.5439065564145
0.0431827725662841 21.5914123566274
0.0432775759219234 21.6388138634726
0.0433721720548831 21.6861117608391
0.0434665623181101 21.7333067251728
0.043560748049893 21.7803994255879
0.043654730574083 21.8273905239835
0.0437485112003114 21.8742806751489
0.0438420912242024 21.9210705268697
0.0439354719275819 21.9677607200359
0.0440286545786826 22.0143518887353
0.0441216404323445 22.0608446603663
0.0442144307302125 22.1072396557236
0.0443070267009297 22.1535374891081
0.0443994295603272 22.1997387684097
0.0444916405116102 22.2458440952101
0.0445836607455411 22.2918540648673
0.0446754914406188 22.337769266608
0.0447671337632547 22.3835902836186
0.0448585888679456 22.4293176931229
0.0449498578974434 22.4749520664794
0.0450409419829219 22.5204939692531
0.0451318422441399 22.5659439613018
0.0452225597896023 22.6113025968602
0.0453130957167175 22.6565704246133
0.0454034511119527 22.7017479877738
0.0454936270509853 22.7468358241627
0.045583624598853 22.7918344662826
0.0456734448101002 22.8367444413847
0.0457630887289225 22.8815662715507
0.0458525573893078 22.9263004737557
0.0459418518151759 22.9709475599455
0.046030973020515 23.0155080370922
0.0461199220095164 23.0599824072818
0.0462086997767057 23.1043711677549
0.0462973073070737 23.148674810995
0.0463857455762028 23.1928938247756
0.0464740155503929 23.2370286922297
0.0465621181867847 23.2810798919148
0.0466500544334803 23.3250478978667
0.0467378252296628 23.368933179662
0.0468254315057128 23.4127362024774
0.0469128741833237 23.4564574271437
0.0470001541756151 23.5000973102094
0.0470872723872436 23.5436563039885
0.0471742297145125 23.5871348566185
0.0472610270454792 23.630533412115
0.0473476652600611 23.6738524104228
0.0474341452301399 23.7170922874706
0.0475204678196634 23.7602534752193
0.0476066338847469 23.8033364017145
0.0476926442737717 23.8463414911358
0.0477784998274828 23.8892691638429
0.0478642013790848 23.9321198364268
0.0479497497543363 23.9748939217541
0.0480351457716424 24.0175918290169
0.0481203902421465 24.0602139637748
0.0482054839698197 24.1027607280011
0.0482904277515499 24.145232520132
0.0483752223772282 24.1876297351015
0.0484598686298351 24.2299527643883
0.0485443672855244 24.2722019960585
0.0486287191137069 24.3143778148079
0.0487129248771313 24.3564806020017
0.0487969853319654 24.3985107357121
0.0488809012278748 24.4404685907629
0.0489646733081014 24.4823545387655
0.0490483023095398 24.5241689481596
0.0491317889628129 24.5659121842451
0.0492151339923467 24.6075846092263
0.0492983381164436 24.649186582245
0.0493814020473543 24.6907184594181
0.049464326491349 24.7321805938713
0.0495471121487881 24.7735733357778
0.0496297597141902 24.8148970323877
0.0497122698763008 24.8561520280647
0.0497946433181592 24.8973386643207
0.049876880717164 24.9384572798473
0.0499589827451387 24.9795082105463
