0 936.903509694892
0.00845154254728517 901.189223980606
0.0119522860933439 882.806415917698
0.014638501094228 864.767038340261
0.0169030850945703 846.817845909139
0.0188982236504614 828.905245551725
0.0207019667802706 811.011054520887
0.0223606797749979 793.127417328186
0.0239045721866879 775.250388986631
0.0253546276418555 757.37777199061
0.0267261241912424 739.508245533297
0.0280305955290694 721.64096808557
0.029277002188456 703.775378139093
0.0304724700110022 685.911086704801
0.0316227766016838 668.047815795166
0.0327326835353989 650.185361473289
0.0338061701891407 632.323570738982
0.0348466026218585 614.462326562638
0.0358568582800318 596.601537902392
0.0368394198806504 578.741132870705
0.0377964473009227 560.881053949218
0.0387298334620742 543.021254569723
0.0396412483586046 525.161696626945
0.0405321741688889 507.302348639754
0.0414039335605413 489.443184371802
0.0422577127364258 471.584181783035
0.0430945803685667 453.725322223045
0.043915503282684 435.866589803591
0.0447213595499958 418.007970905534
0.04551294949164 400.149453787735
0.0462910049886276 382.291028274152
0.047056197405716 364.432685501478
0.0478091443733757 346.574417714076
0.0485504156227612 328.716218096197
0.0492805380304581 310.85808063379
0.05 293
