0 919.4078806368
0.00142857142857143 918.387472473535
0.00285714285714286 916.686792201426
0.00428571428571429 914.033730976936
0.00571428571428571 910.389416108131
0.00714285714285714 905.740890031034
0.00857142857142857 900.082262943835
0.01 893.410363414793
0.0114285714285714 885.72328858486
0.0128571428571429 877.019807192303
0.0142857142857143 867.299076794881
0.0157142857142857 856.560495648137
0.0171428571428571 844.803618984428
0.0185714285714286 832.028108780346
0.02 818.233702128797
0.0214285714285714 803.420190517256
0.0228571428571429 787.587405790462
0.0242857142857143 770.735210366838
0.0257142857142857 752.86349025022
0.0271428571428571 733.972149930308
0.0285714285714286 714.061108590695
0.03 693.130297241765
0.0314285714285714 671.17965652036
0.0328571428571429 648.20913497841
0.0342857142857143 624.218687735683
0.0357142857142857 599.208275407487
0.0371428571428571 573.177863242621
0.0385714285714286 546.127420423984
0.04 518.05691949634
0.0414285714285714 488.966335894479
0.0428571428571429 458.855647551345
0.0442857142857143 427.724834570415
0.0457142857142857 395.573878950072
0.0471428571428571 362.402764350386
0.0485714285714286 328.211475894706
0.05 293
