0 919.845766194414
0.0026388990698463 916.363872043996
0.00373196685431038 914.571676271846
0.00457070726502004 912.812962580453
0.0052777981396926 911.063041312795
0.00590075770593729 909.316687517503
0.00646395620382858 907.572128503355
0.00698187067381297 905.82859841493
0.00746393370862076 904.085712643469
0.00791669720953889 902.343256947479
0.00834493157601406 900.60110255749
0.00875223807429804 898.859167430275
0.00914141453004008 897.117396822679
0.00951468590710505 895.37575281098
0.00987385619764128 893.634208293328
0.010220412149837 891.892743387295
0.0105555962793852 890.15134317643
0.0108804596003205 888.40999625116
0.0111959005629311 886.668693735537
0.0115026943676635 884.927428621028
0.0118015154118746 883.186195299992
0.0120929547389192 881.444989232353
0.0123775337857905 879.703806703113
0.0126557153460095 877.96264464308
0.0129279124076572 876.221500494394
0.0131944953492315 874.480372108303
0.0134557978515481 872.739257666521
0.0137121217950601 870.998155620056
0.0139637413476259 869.257064641136
0.0142109064005163 867.515983585083
0.0144538454753422 865.774911459804
0.0146927681981955 864.033847401186
0.0149278674172415 862.29279065311
0.015159321024623 860.551740551089
0.0153872935316258 858.810696508792
0.0156119374367581 857.069658006891
0.0158333944190778 855.328624583746
0.0160517963832999 853.58759582762
0.0162672663785823 851.846571370106
0.0164799194091655 850.105550880582
0.0166898631520281 848.364534061479
0.0168971985942718 846.623520644258
0.0171020206009435 844.882510385951
0.0173044184223548 843.141503066189
0.0175044761485961 841.400498484636
0.0177022731178119 839.659496458759
0.0178978842838599 837.918496821896
0.0180913805481858 836.177499421571
0.0182828290600802 834.436504118009
0.0184722934889241 832.695510782846
0.0186598342715519 830.954519297988
0.0188455088374556 829.213529554599
0.0190293718142101 827.472541452216
0.0192114752152012 825.731554897959
0.0193918686114857 823.990569805825
0.0195705992893923 822.249586096066
0.0197477123952826 820.50860369463
0.0199232510687295 818.767622532663
0.0200972565652247 817.026642546057
0.0202697683694043 815.285663675051
0.0204408242996739 813.544685863867
0.0206104606050174 811.803709060386
0.0207787120546922 810.062733215849
0.0209456120214389 808.321758284595
0.0211111925587704 806.580784223815
0.0212754844728461 804.839810993336
0.0214385173893894 803.098838555418
0.021600319816058 801.357866874574
0.021760919200641 799.616895917405
0.0219203419854176 797.875925652449
0.0220786136579835 796.13495605004
0.0222357587988207 794.393987082184
0.0223918011258623 792.653018722442
0.0225467635362817 790.912050945824
0.0227006681457141 789.17108372869
0.0228535363251002 787.430117048663
0.023005388735327 785.68915088454
0.0231562453598235 783.948185216223
0.0233061255352575 782.207220024642
0.0234550479804672 780.466255291695
0.0236030308237491 778.725291000181
0.0237500916286167 776.984327133754
0.0238962474181308 775.243363676861
0.0240415146979004 773.5024006147
0.0241859094778384 771.761437933173
0.0243294472927568 770.020475618848
0.024472143221873 768.279513658915
0.0246140119072999 766.538552041153
0.0247550675715809 764.797590753898
0.0248953240343317 763.056629786011
0.0250347947280422 761.315669126844
0.025173492713091 759.574708766222
0.025311430692019 757.833748694408
0.0254486210231069 756.092788902087
0.0255850757332972 754.351829380339
0.0257208065304995 752.61087012062
0.0258558248153143 750.869911114741
0.0259901416922082 749.128952354853
0.0261237679801727 747.387993833424
0.0262567142228941 745.647035543228
0.026388990698463 743.90607747733
0.0265206074286469 742.165119629066
0.0266515741877518 740.424161992037
0.0267819005110928 738.683204560088
0.0269115957030962 736.942247327306
0.0270406688450516 735.201290287998
0.0271691288025321 733.460333436691
0.0272969842325011 731.719376768112
0.0274242435901202 729.978420277187
0.0275509151352743 728.237463959025
0.0276770069388278 726.496507808915
0.0278025268886257 724.755551822315
0.0279274826952519 723.014595994845
0.028051881897556 721.273640322281
0.0281757318679616 719.532684800547
0.0282990398175645 717.791729425707
0.0284218128010325 716.050774193963
0.0285440577213152 714.309819101646
0.0286657813341728 712.568864145211
0.0287869902525332 710.827909321231
0.0289076909506844 709.086954626397
0.0290278897683093 707.346000057506
0.029147592914372 705.605045611461
0.0292668064708602 703.864091285266
0.029385536396391 702.123137076021
0.0295037885296864 700.38218298092
0.0296215685929238 698.641228997245
0.0297388821949671 696.900275122364
0.029855734834483 695.159321353726
0.0299721319029494 693.418367688862
0.0300880786875572 691.677414125376
0.0302035803740131 689.936460660947
0.030318642049246 688.195507293324
0.030433268704021 686.454554020323
0.0305474652354656 684.713600839825
0.0306612364495109 682.972647749776
0.0307745870632515 681.23169474818
0.0308875217072281 679.490741833099
0.0310000449276339 677.749789002654
0.031112161188451 676.008836255017
0.0312238748735161 674.267883588414
0.0313351902885211 672.526931001121
0.0314461116629491 670.785978491463
0.0315566431519498 669.04502605781
0.0316667888381556 667.30407369858
0.0317765527334412 665.563121412232
0.0318859387806288 663.82216919727
0.0319949508551403 662.081217052236
0.0321035927665998 660.340264975712
0.0322118682603868 658.59931296632
0.0323197810191429 656.858361022716
0.0324273346642333 655.117409143595
0.0325345327571646 653.376457327682
0.0326413788009614 651.635505573739
0.0327478762415014 649.894553880558
0.0328540284688123 648.153602246963
0.032959838818331 646.412650671809
0.0330653105721268 644.671699153979
0.0331704469600883 642.930747692384
0.0332752511610787 641.189796285964
0.0333797263040563 639.448844933683
0.0334838754691649 637.707893634534
0.0335877016887934 635.966942387531
0.033691207948606 634.225991191716
0.0337943971885437 632.485040046152
0.0338972723037988 630.744088949925
0.0339998361457628 629.003137902144
0.0341020915229485 627.262186901939
0.0342040412018871 625.521235948459
0.0343056879080019 623.780285040876
0.034407034326458 622.039334178379
0.0345080831029905 620.298383360178
0.0346088368447097 618.5574325855
0.0347092981208864 616.816481853589
0.0348094694637164 615.07553116371
0.0349093533690649 613.334580515141
0.0350089522971921 611.593629907179
0.0351082686734608 609.852679339134
0.0352073048890248 608.111728810334
0.0353060633015008 606.370778320122
0.0354045462356237 604.629827867854
0.0355027559838846 602.888877452902
0.0356006948071535 601.14792707465
0.0356983649352869 599.406976732497
0.0357957685677199 597.666026425854
0.0358929078740438 595.925076154146
0.0359897849945708 594.184125916808
0.0360864020408833 592.44317571329
0.0361827610963716 590.702225543051
0.0362788642167577 588.961275405564
0.0363747134306069 587.220325300311
0.0364703107398279 585.479375226787
0.0365656581201603 583.738425184494
0.0366607575216509 581.997475172948
0.0367556108691192 580.256525191674
0.0368502200626123 578.515575240206
0.0369445869778482 576.774625318087
0.0370387134666503 575.03367542487
0.0371326013573714 573.292725560118
0.0372262524553076 571.551775723401
0.0373196685431038 569.8108259143
0.0374128513811493 568.069876132401
0.0375058027079651 566.328926377301
0.0375985242405821 564.587976648604
0.0376910176749113 562.847026945921
0.0377832846861057 561.106077268872
0.0378753269289144 559.365127617083
0.0379671460380285 557.62417799019
0.0380587436284202 555.883228387831
0.0381501212956742 554.142278809656
0.0382412806163116 552.401329255318
0.0383322231481077 550.66037972448
0.0384229504304024 548.919430216807
0.0385134639844041 547.178480731974
0.0386037653134876 545.437531269662
0.0386938559034851 543.696581829554
0.0387837372229715 541.955632411344
0.0388734107235439 540.214683014728
0.0389628778400951 538.473733639409
0.0390521399910813 536.732784285096
0.0391411985787845 534.991834951502
0.0392300549895699 533.250885638345
0.0393187105941372 531.50993634535
0.0394071667477675 529.768987072246
0.0394954247905651 528.028037818765
0.0395834860476945 526.287088584647
0.039671351829612 524.546139369634
0.0397590234322939 522.805190173474
0.0398465021374591 521.064240995919
0.0399337892127878 519.323291836724
0.0400208859121359 517.582342695652
0.0401077934757453 515.841393572465
0.0401945131304494 514.100444466934
0.0402810460898759 512.35949537883
0.0403673935546444 510.61854630793
0.0404535567125609 508.877597254015
0.0405395367388086 507.136648216868
0.0406253347961349 505.395699196278
0.0407109520350346 503.654750192036
0.04079638959393 501.913801203936
0.0408816485993478 500.172852231778
0.040966730166092 498.431903275361
0.0410516353974142 496.690954334491
0.0411363653851804 494.950005408977
0.0412209212100348 493.209056498629
0.041305303941561 491.468107603262
0.0413895146384392 489.727158722693
0.0414735543486016 487.986209856742
0.0415574241093844 486.245261005233
0.0416411249476774 484.504312167991
0.0417246578800703 482.763363344844
0.0418080239129972 481.022414535626
0.0418912240428778 479.28146574017
0.0419742592562563 477.540516958313
0.0420571305299382 475.799568189893
0.0421398388311238 474.058619434754
0.0422223851175408 472.317670692739
0.0423047703375726 470.576721963695
0.0423869954303864 468.835773247472
0.0424690613260575 467.09482454392
0.0425509689456923 465.353875852894
0.0426327192015488 463.61292717425
0.0427143129971552 461.871978507846
0.0427957512274265 460.131029853542
0.0428770347787789 458.390081211201
0.0429581645292423 456.649132580687
0.0430391413485711 454.908183961868
0.0431199660983531 453.167235354611
0.043200639632116 451.426286758787
0.0432811627954332 449.685338174269
0.0433615364260265 447.944389600931
0.0434417613538685 446.20344103865
0.0435218384012819 444.462492487302
0.0436017683830385 442.721543946769
0.0436815521064553 440.980595416932
0.0437611903714902 439.239646897673
0.0438406839708351 437.498698388879
0.0439200336900084 435.757749890435
0.0439992403074452 434.01680140223
0.0440783045945865 432.275852924155
0.044157227315967 430.5349044561
0.0442360092293012 428.793955997958
0.0443146510855682 427.053007549624
0.0443931536290957 425.312059110994
0.0444715175976414 423.571110681966
0.0445497437224746 421.830162262438
0.0446278327284554 420.089213852311
0.0447057853341135 418.348265451486
0.0447836022517246 416.607317059868
0.0448612841873871 414.866368677359
0.0449388318410964 413.125420303866
0.0450162459068187 411.384471939296
0.0450935270725634 409.643523583557
0.0451706760204543 407.902575236559
0.0452476934268 406.161626898212
0.0453245799621631 404.42067856843
0.0454013362914282 402.679730247124
0.045477963073869 400.938781934209
0.0455544609632144 399.197833629601
0.0456308306077137 397.456885333217
0.0457070726502004 395.715937044974
0.0457831877281555 393.974988764791
0.0458591764737699 392.234040492588
0.045935039514005 390.493092228285
0.046010777470654 388.752143971806
0.0460863909604004 387.011195723072
0.0461618805948773 385.270247482009
0.0462372469807248 383.529299248541
0.0463124907196469 381.788351022594
0.0463876124084676 380.047402804095
0.0464626126391861 378.306454592972
0.0465374919990312 376.565506389154
0.046612251070515 374.824558192571
0.0466868904314858 373.083610003153
0.0467614106551801 371.342661820831
0.0468358123102742 369.601713645539
0.0469100959609343 367.86076547721
0.0469842621668671 366.119817315777
0.0470583114833686 364.378869161176
0.0471322444613725 362.637921013342
0.0472060616474983 360.896972872212
0.0472797635840985 359.156024737723
0.0473533508093047 357.415076609813
0.0474268238570739 355.674128488422
0.0475001832572334 353.933180373489
0.0475734295355253 352.192232264954
0.0476465632136508 350.451284162759
0.0477195848093135 348.710336066845
0.0477924948362616 346.969387977154
0.047865293804331 345.228439893631
0.0479379822194861 343.487491816219
0.0480105605838611 341.746543744862
0.0480830293958007 340.005595679506
0.0481553891498997 338.264647620097
0.0482276403370423 336.523699566582
0.0482997834444415 334.782751518907
0.0483718189556769 333.04180347702
0.0484437473507326 331.300855440871
0.0485155691060349 329.559907410407
0.0485872846944886 327.818959385579
0.0486588945855136 326.078011366338
0.0487303992450807 324.337063352633
0.048801799135747 322.596115344416
0.0488730947166908 320.85516734164
0.0489442864437461 319.114219344257
0.0490153747694364 317.373271352219
0.0490863601430085 315.632323365481
0.0491572430104656 313.891375383997
0.0492280238145998 312.150427407721
0.0492987029950246 310.409479436609
0.0493692809882064 308.668531470617
0.0494397582274966 306.9275835097
0.0495101351431619 305.186635553816
0.0495804121624154 303.445687602921
0.0496505897094468 301.704739656973
0.0497206682054521 299.963791715932
0.0497906480686634 298.222843779754
0.0498605297143776 296.4818958484
0.0499303135549855 294.740947921828
0.05 293
