0 919.272474975039
0.00135135135135135 918.35939973764
0.0027027027027027 916.837607675307
0.00405405405405405 914.463612058068
0.00540540540540541 911.202629067355
0.00675675675675676 907.043064096979
0.00810810810810811 901.9796468714
0.00945945945945946 896.009539549941
0.0108108108108108 889.131039428198
0.0121621621621622 881.34304475626
0.0135135135135135 872.644801705243
0.0148648648648649 863.035771825943
0.0162162162162162 852.515557134165
0.0175675675675676 841.083855161922
0.0189189189189189 828.740430656336
0.0202702702702703 815.485097037535
0.0216216216216216 801.317703837883
0.022972972972973 786.238127947496
0.0243243243243243 770.246267361041
0.0256756756756757 753.342036614589
0.027027027027027 735.52536339251
0.0283783783783784 716.796185961948
0.0297297297297297 697.154451203934
0.0310810810810811 676.600113082028
0.0324324324324324 655.133131436783
0.0337837837837838 632.753471026235
0.0351351351351351 609.461100754532
0.0364864864864865 585.255993046109
0.0378378378378378 560.138123333644
0.0391891891891892 534.10746963585
0.0405405405405405 507.164012206821
0.0418918918918919 479.307733242877
0.0432432432432432 450.538616635922
0.0445945945945946 420.856647764764
0.0459459459459459 390.261813317569
0.0472972972972973 358.754101140057
0.0486486486486487 326.333500105066
0.05 293
