0.000657894736842105 0.657894736842072
0.00197368421052632 1.09649122807006
0.00328947368421053 1.71052631578937
0.00460526315789474 2.3496240601503
0.00592105263157895 2.99707602339187
0.00723684210526316 3.64832535885159
0.00855263157894737 4.30161943319837
0.00986842105263158 4.95614035087714
0.0111842105263158 5.6114551083591
0.0125 6.26731301939061
0.0138157894736842 6.92355889724314
0.0151315789473684 7.58009153318085
0.0164473684210526 8.23684210526336
0.0177631578947368 8.89376218323609
0.0190789473684211 9.55081669691479
0.0203947368421053 10.2079796264857
0.0217105263157895 10.8652312599685
0.0230263157894737 11.5225563909778
0.0243421052631579 12.1799431009958
0.0256578947368421 12.8373819163294
0.0269736842105263 13.4948652118102
0.0282894736842105 14.1523867809059
0.0296052631578947 14.8099415204681
0.0309210526315789 15.4675251959687
0.0322368421052632 16.125134264232
0.0335526315789474 16.782765737874
0.0348684210526316 17.4404170804368
0.0361842105263158 18.0980861244017
0.0375 18.7557710064633
0.0388157894736842 19.4134701159677
0.0401315789473684 20.0711820534942
0.0414473684210526 20.7289055973265
0.0427631578947368 21.3866396761132
0.0440789473684211 22.0443833464256
0.0453947368421053 22.7021357742179
0.0467105263157895 23.3598962194215
0.0480263157894737 24.0176640230712
0.0493421052631579 24.675438596491
