6.34517766497462e-05 0.0634517766505451
0.000190355329949239 0.105752961082749
0.000317258883248731 0.16497461928855
0.000444162436548223 0.22661348803395
0.000571065989847716 0.289058093624985
0.000697969543147208 0.351868943236113
0.000824873096446701 0.414877001168234
0.000951776649746193 0.478003384092054
0.00107868020304569 0.541206330244531
0.00120558375634518 0.604461661766768
0.00133248730964467 0.667754411409237
0.00145939086294416 0.731074817918898
0.00158629441624366 0.794416243652963
0.00171319796954315 0.857774017671681
0.00184010152284264 0.921144757568304
0.00196700507614213 0.9845259538214
0.00209390862944162 1.04791570527475
0.00222081218274112 1.11131254532233
0.00234771573604061 1.17471532446202
0.0024746192893401 1.23812312898721
0.00260152284263959 1.30153522347664
0.00272842639593909 1.36495100932897
0.00285532994923858 1.42836999436387
0.00298223350253807 1.49179177017033
0.00310913705583756 1.55521599503089
0.00323604060913706 1.61864238081346
0.00336294416243655 1.68207068288678
0.00348984771573604 1.74550069220459
0.00361675126903553 1.80893222905268
0.00374365482233503 1.87236513809113
0.00387055837563452 1.93579928435088
0.00399746192893401 1.99923454999953
0.0041243654822335 2.06267083170682
0.004251269035533 2.12610803849
0.00437817258883249 2.18954608990151
0.00450507614213198 2.25298491456524
0.00463197969543147 2.31642444892852
0.00475888324873096 2.37986463621223
0.00488578680203046 2.44330542554272
0.00501269035532995 2.5067467711921
0.00513959390862944 2.57018863195117
0.00526649746192893 2.63363097058561
0.00539340101522843 2.69707375336303
0.00552030456852792 2.76051694965237
0.00564720812182741 2.82396053157574
0.0057741116751269 2.8874044737051
0.0059010152284264 2.95084875280221
0.00602791878172589 3.01429334758683
0.00615482233502538 3.07773823852955
0.00628172588832487 3.1411834076872
0.00640862944162437 3.20462883852511
0.00653553299492386 3.26807451580031
0.00666243654822335 3.33152042543458
0.00678934010152284 3.39496655439851
0.00691624365482234 3.45841289061519
0.00704314720812183 3.52185942288375
0.00717005076142132 3.58530614079357
0.00729695431472081 3.64875303465947
0.0074238578680203 3.7122000954585
0.0075507614213198 3.77564731477229
0.00767766497461929 3.83909468474164
0.00780456852791878 3.90254219801951
0.00793147208121827 3.96598984772585
0.00805837563451777 4.02943762741229
0.00818527918781726 4.09288553103542
0.00831218274111675 4.15633355291732
0.00843908629441624 4.21978168772588
0.00856598984771574 4.28322993044164
0.00869289340101523 4.34667827634077
0.00881979695431472 4.41012672096461
0.00894670050761421 4.4735752601143
0.00907360406091371 4.53702388982302
0.0092005076142132 4.60047260634609
0.00932741116751269 4.66392140613594
0.00945431472081218 4.72737028584388
0.00958121827411168 4.79081924229053
0.00970812182741117 4.85426827246761
0.00983502538071066 4.91771737352183
0.00996192893401015 4.98116654274414
0.0100888324873096 5.04461577756076
0.0102157360406091 5.10806507552959
0.0103426395939086 5.1715144343241
0.0104695431472081 5.23496385173601
0.0105964467005076 5.29841332565381
0.0107233502538071 5.36186285407168
0.0108502538071066 5.42531243508242
0.0109771573604061 5.4887620668591
0.0111040609137056 5.55221174766331
0.0112309644670051 5.61566147582757
0.0113578680203046 5.67911124976906
0.0114847715736041 5.74256106797169
0.0116116751269036 5.80601092898018
0.011738578680203 5.86946083140831
0.0118654822335025 5.93291077392412
0.011992385786802 5.99636075526055
0.0121192893401015 6.05981077419615
0.012246192893401 6.12326082956158
0.0123730964467005 6.18671092023148
0.0125 6.25016104513736
0.0126269035532995 6.31361120324263
0.012753807106599 6.37706139355558
0.0128807106598985 6.4405116151302
0.013007614213198 6.50396186704545
0.0131345177664975 6.56741214842545
0.013261421319797 6.63086245842158
0.0133883248730964 6.69431279622506
0.0135152284263959 6.75776316104725
0.0136421319796954 6.82121355213593
0.0137690355329949 6.88466396876267
0.0138959390862944 6.94811441023049
0.0140228426395939 7.01156487586832
0.0141497461928934 7.07501536501887
0.0142766497461929 7.13846587706015
0.0144035532994924 7.20191641138496
0.0145304568527919 7.265366967408
0.0146573604060914 7.32881754456968
0.0147842639593909 7.39226814232162
0.0149111675126904 7.45571876014066
0.0150380710659898 7.51916939751963
0.0151649746192893 7.58262005396344
0.0152918781725888 7.64607072899987
0.0154187817258883 7.70952142217231
0.0155456852791878 7.77297213302929
0.0156725888324873 7.83642286115014
0.0157994923857868 7.89987360611559
0.0159263959390863 7.96332436752025
0.0160532994923858 8.02677514497457
0.0161802030456853 8.09022593810405
0.0163071065989848 8.15367674654164
0.0164340101522843 8.21712756993347
0.0165609137055838 8.28057840793351
0.0166878172588832 8.34402926021119
0.0168147208121827 8.40748012644021
0.0169416243654822 8.47093100630791
0.0170685279187817 8.53438189951194
0.0171954314720812 8.59783280575486
0.0173223350253807 8.66128372475161
0.0174492385786802 8.72473465622352
0.0175761421319797 8.788185599901
0.0177030456852792 8.85163655551792
0.0178299492385787 8.91508752282326
0.0179568527918782 8.97853850156798
0.0180837563451777 9.04198949151331
0.0182106598984772 9.10544049241913
0.0183375634517767 9.16889150406404
0.0184644670050761 9.23234252622575
0.0185913705583756 9.29579355868489
0.0187182741116751 9.3592446012362
0.0188451776649746 9.42269565367438
0.0189720812182741 9.48614671580237
0.0190989847715736 9.54959778742433
0.0192258883248731 9.61304886835125
0.0193527918781726 9.67649995840564
0.0194796954314721 9.73995105740549
0.0196065989847716 9.80340216517868
0.0197335025380711 9.86685328155411
0.0198604060913706 9.93030440636462
0.0199873096446701 9.99375553945611
0.0201142131979695 10.0572066806628
0.020241116751269 10.120657829842
0.0203680203045685 10.1841089868399
0.020494923857868 10.2475601515092
0.0206218274111675 10.3110113237121
0.020748730964467 10.3744625033105
0.0208756345177665 10.437913690166
0.021002538071066 10.5013648841495
0.0211294416243655 10.5648160851328
0.021256345177665 10.6282672929894
0.0213832487309645 10.6917185075968
0.021510152284264 10.7551697288348
0.0216370558375635 10.8186209565877
0.0217639593908629 10.8820721907456
0.0218908629441624 10.9455234311904
0.0220177664974619 11.0089746778162
0.0221446700507614 11.072425930518
0.0222715736040609 11.1358771891909
0.0223984771573604 11.1993284537314
0.0225253807106599 11.262779724045
0.0226522842639594 11.3262310000291
0.0227791878172589 11.3896822815914
0.0229060913705584 11.4531335686404
0.0230329949238579 11.5165848610837
0.0231598984771574 11.5800361588343
0.0232868020304569 11.6434874618027
0.0234137055837563 11.7069387699076
0.0235406091370558 11.7703900830617
0.0236675126903553 11.8338414011903
0.0237944162436548 11.8972927242081
0.0239213197969543 11.9607440520381
0.0240482233502538 12.0241953846058
0.0241751269035533 12.0876467218366
0.0243020304568528 12.1510980636563
0.0244289340101523 12.2145494099926
0.0245558375634518 12.2780007607764
0.0246827411167513 12.3414521159389
0.0248096446700508 12.4049034754147
0.0249365482233503 12.4683548391361
0.0250634517766497 12.5318062070382
0.0251903553299492 12.5952575790588
0.0253172588832487 12.6587089551366
0.0254441624365482 12.7221603352109
0.0255710659898477 12.7856117192187
0.0256979695431472 12.8490631071053
0.0258248730964467 12.9125144988155
0.0259517766497462 12.9759658942895
0.0260786802030457 13.0394172934711
0.0262055837563452 13.1028686963113
0.0263324873096447 13.1663201027525
0.0264593908629442 13.2297715127458
0.0265862944162437 13.2932229262407
0.0267131979695431 13.3566743431845
0.0268401015228426 13.4201257635296
0.0269670050761421 13.4835771872274
0.0270939086294416 13.5470286142316
0.0272208121827411 13.6104800444969
0.0273477157360406 13.6739314779773
0.0274746192893401 13.7373829146264
0.0276015228426396 13.8008343544011
0.0277284263959391 13.8642857972606
0.0278553299492386 13.9277372431621
0.0279822335025381 13.9911886920637
0.0281091370558376 14.054640143924
0.0282360406091371 14.1180915987032
0.0283629441624366 14.1815430563656
0.028489847715736 14.2449945168661
0.0286167512690355 14.3084459801722
0.028743654822335 14.3718974462455
0.0288705583756345 14.4353489150499
0.028997461928934 14.4988003865477
0.0291243654822335 14.5622518607051
0.029251269035533 14.6257033374866
0.0293781725888325 14.6891548168588
0.029505076142132 14.7526062987879
0.0296319796954315 14.8160577832414
0.029758883248731 14.8795092701886
0.0298857868020305 14.9429607595953
0.0300126903553299 15.0064122514315
0.0301395939086294 15.0698637456656
0.0302664974619289 15.1333152422668
0.0303934010152284 15.1967667412082
0.0305203045685279 15.2602182424584
0.0306472081218274 15.3236697459882
0.0307741116751269 15.387121251773
0.0309010152284264 15.4505727597825
0.0310279187817259 15.5140242699891
0.0311548223350254 15.5774757823654
0.0312817258883249 15.6409272968861
0.0314086294416244 15.7043788135266
0.0315355329949239 15.7678303322586
0.0316624365482234 15.8312818530565
0.0317893401015228 15.8947333758986
0.0319162436548223 15.95818490076
0.0320431472081218 16.021636427612
0.0321700507614213 16.0850879564367
0.0322969543147208 16.148539487208
0.0324238578680203 16.2119910199063
0.0325507614213198 16.2754425545075
0.0326776649746193 16.3388940909872
0.0328045685279188 16.4023456293258
0.0329314720812183 16.4657971694991
0.0330583756345178 16.5292487114892
0.0331852791878173 16.5927002552728
0.0333121827411167 16.6561518008329
0.0334390862944162 16.7196033481443
0.0335659898477157 16.7830548971911
0.0336928934010152 16.8465064479524
0.0338197969543147 16.9099580004088
0.0339467005076142 16.9734095545431
0.0340736040609137 17.0368611103338
0.0342005076142132 17.1003126677621
0.0343274111675127 17.1637642268128
0.0344543147208122 17.2272157874635
0.0345812182741117 17.2906673497017
0.0347081218274112 17.3541189135067
0.0348350253807107 17.4175704788651
0.0349619289340102 17.4810220457572
0.0350888324873097 17.5444736141678
0.0352157360406091 17.6079251840763
0.0353426395939086 17.67137675547
0.0354695431472081 17.7348283283311
0.0355964467005076 17.7982799026464
0.0357233502538071 17.8617314784001
0.0358502538071066 17.9251830555749
0.0359771573604061 17.9886346341569
0.0361040609137056 18.0520862141339
0.0362309644670051 18.1155377954869
0.0363578680203046 18.1789893782024
0.0364847715736041 18.2424409622662
0.0366116751269036 18.3058925476657
0.036738578680203 18.3693441343858
0.0368654822335025 18.4327957224145
0.036992385786802 18.4962473117388
0.0371192893401015 18.5596989023424
0.037246192893401 18.6231504942153
0.0373730964467005 18.6866020873397
0.0375 18.7500536817094
0.0376269035532995 18.8135052773082
0.037753807106599 18.8769568741245
0.0378807106598985 18.9404084721467
0.038007614213198 19.0038600713592
0.0381345177664975 19.0673116717544
0.038261421319797 19.1307632733171
0.0383883248730964 19.1942148760386
0.0385152284263959 19.2576664799052
0.0386421319796954 19.3211180849051
0.0387690355329949 19.3845696910303
0.0388959390862944 19.4480212982679
0.0390228426395939 19.5114729066093
0.0391497461928934 19.5749245160411
0.0392766497461929 19.6383761265537
0.0394035532994924 19.7018277381349
0.0395304568527919 19.7652793507771
0.0396573604060914 19.8287309644685
0.0397842639593909 19.8921825791993
0.0399111675126904 19.95563419496
0.0400380710659898 20.0190858117412
0.0401649746192893 20.0825374295329
0.0402918781725888 20.1459890483247
0.0404187817258883 20.2094406681081
0.0405456852791878 20.2728922888723
0.0406725888324873 20.3363439106099
0.0407994923857868 20.3997955333106
0.0409263959390863 20.4632471569673
0.0410532994923858 20.5266987815698
0.0411802030456853 20.5901504071082
0.0413071065989848 20.6536020335762
0.0414340101522843 20.7170536609635
0.0415609137055838 20.780505289262
0.0416878172588833 20.843956918466
0.0418147208121827 20.9074085485639
0.0419416243654822 20.9708601795486
0.0420685279187817 21.034311811411
0.0421954314720812 21.0977634441438
0.0423223350253807 21.1612150777413
0.0424492385786802 21.2246667121939
0.0425761421319797 21.2881183474946
0.0427030456852792 21.3515699836346
0.0428299492385787 21.4150216206072
0.0429568527918782 21.4784732584042
0.0430837563451777 21.5419248970196
0.0432106598984772 21.6053765364464
0.0433375634517767 21.6688281766769
0.0434644670050761 21.7322798177036
0.0435913705583756 21.7957314595203
0.0437182741116751 21.8591831021194
0.0438451776649746 21.9226347454955
0.0439720812182741 21.9860863896407
0.0440989847715736 22.0495380345472
0.0442258883248731 22.1129896802094
0.0443527918781726 22.1764413266226
0.0444796954314721 22.2398929737791
0.0446065989847716 22.3033446216724
0.0447335025380711 22.3667962702957
0.0448604060913706 22.4302479196435
0.0449873096446701 22.4936995697092
0.0451142131979695 22.5571512204863
0.045241116751269 22.6206028719709
0.0453680203045685 22.684054524155
0.045494923857868 22.7475061770341
0.0456218274111675 22.8109578306012
0.045748730964467 22.8744094848516
0.0458756345177665 22.937861139779
0.046002538071066 23.0013127953784
0.0461294416243655 23.0647644516435
0.046256345177665 23.1282161085687
0.0463832487309645 23.1916677661493
0.046510152284264 23.2551194243807
0.0466370558375635 23.3185710832558
0.0467639593908629 23.3820227427696
0.0468908629441624 23.4454744029177
0.0470177664974619 23.5089260636947
0.0471446700507614 23.5723777250952
0.0472715736040609 23.6358293871151
0.0473984771573604 23.6992810497488
0.0475253807106599 23.7627327129916
0.0476522842639594 23.8261843768382
0.0477791878172589 23.8896360412842
0.0479060913705584 23.953087706324
0.0480329949238579 24.0165393719534
0.0481598984771574 24.0799910381682
0.0482868020304569 24.143442704964
0.0484137055837564 24.2068943723358
0.0485406091370558 24.2703460402787
0.0486675126903553 24.3337977087887
0.0487944162436548 24.3972493778612
0.0489213197969543 24.4607010474915
0.0490482233502538 24.5241527176745
0.0491751269035533 24.5876043884088
0.0493020304568528 24.6510560596874
0.0494289340101523 24.7145077315076
0.0495558375634518 24.7779594038648
0.0496827411167513 24.8414110767546
0.0498096446700508 24.9048627501729
0.0499365482233503 24.9683144241158
