0 919.681826724481
0.00251896360929939 916.509237891994
0.00356235249939548 914.87624732803
0.00436297295372363 913.273764548309
0.00503792721859878 911.679293139453
0.00563257386324166 910.08807229552
0.00617017552342295 908.498486797857
0.00666455127182786 906.909838823887
0.00712470499879096 905.321777930601
0.00755689082789818 903.734108908113
0.00796566234846458 902.146714425864
0.00835445715260548 900.559519728731
0.00872594590744725 898.972474936532
0.0090822524543568 897.3855454944
0.00942509879574982 895.798706708011
0.00975590410851907 894.211940461145
0.0100758544371976 892.625233162412
0.0103859530282285 891.038574415783
0.0106870574981864 889.451956133782
0.0109799078153925 887.86537193046
0.0112651477264833 886.278816696318
0.0115433414124536 884.692286294587
0.0118149866114796 883.105777340279
0.0120805250835556 881.519287036849
0.0123403510468459 879.932813053655
0.012594818046497 878.346353432826
0.0128442445978477 876.759906517598
0.0130889188611709 875.17347089658
0.0133291025436557 873.58704535995
0.0135650341792516 872.000628864714
0.0137969319034791 870.414220506908
0.0140249958151228 868.827819499183
0.0142494099975819 867.241425152585
0.0144703442579699 865.655036861656
0.0146879556306906 864.068654092152
0.0149023896833398 862.482276370876
0.0151137816557964 860.895903277198
0.0153222574578311 859.309534435954
0.0155279345461344 857.723169511468
0.0157309226981131 856.136808202484
0.0159313246969292 854.550450237869
0.0161292369399163 852.964095372938
0.0163247499805949 851.377743386308
0.0165179490129346 849.791394077184
0.016708914305211 848.205047263026
0.016897721589725 846.618702777518
0.0170844424137527 845.032360468802
0.0172691444563362 843.446020197946
0.0174518918148945 841.859681837594
0.0176327452650957 840.273345270783
0.0178117624969774 838.687010389909
0.0179889983299156 837.100677095806
0.0181645049087136 835.514345296934
0.0183383318827983 833.928014908664
0.0185105265702689 832.341685852632
0.0186811341083352 830.755358056177
0.0188501975914996 829.169031451823
0.0190177581986824 827.582705976833
0.0191838553103522 825.996381572793
0.0193485266166058 824.410058185251
0.0195118082170381 822.823735763385
0.0196737347131512 821.237414259706
0.0198343392939726 819.651093629785
0.0199936538154836 818.064773832018
0.0201517088743951 816.478454827399
0.0203085338767561 814.892136579323
0.0204641571018287 813.305819053402
0.0206186057616246 811.719502217303
0.020771906056457 810.133186040594
0.0209240832268286 808.546870494606
0.021075161601948 806.960555552309
0.0212251646451376 805.374241188196
0.0213741149963729 803.787927378177
0.0215220345121726 802.201614099482
0.021668944303037 800.615301330571
0.0218148647686181 799.028989051054
0.021959815630785 797.442677241612
0.0221038159647389 795.856365883932
0.0222468842283143 794.270054960639
0.022389038289596 792.683744455238
0.0225302954529666 791.097434352057
0.0226706724836945 789.511124636201
0.0228101856311587 787.924815293499
0.0229488506508037 786.338506310464
0.0230866828249073 784.752197674251
0.0232236969822387 783.16588937262
0.0233599075166795 781.579581393899
0.0234953284048721 779.993273726954
0.0236299732229592 778.406966361157
0.0237638551624677 776.820659286356
0.0238969870453937 775.234352492852
0.0240293813385341 773.648045971372
0.0241610501671112 772.061739713045
0.0242920053277336 770.475433709383
0.0244222583007308 768.889127952258
0.0245518202618989 767.302822433885
0.0246807020936918 765.716517146803
0.0248089143958888 764.130212083859
0.0249364674957684 762.543907238192
0.0250633714578164 760.957602603218
0.0251896360929939 759.371298172615
0.0253152709675886 757.784993940315
0.0254402854116736 756.198689900483
0.0255646885271929 754.612386047515
0.0256884891956954 753.02608237602
0.0258116960857348 751.439778880814
0.0259343176599522 749.853475556907
0.0260563621818604 748.267172399497
0.0261778377223418 746.680869403959
0.0262987521658773 745.094566565837
0.0264191132165182 743.508263880838
0.0265389284036146 741.921961344825
0.0266582050873114 740.335658953805
0.0267769504638249 738.749356703931
0.0268951715705088 737.163054591488
0.0270128752907217 735.57675261289
0.0271300683585032 733.990450764677
0.0272467573630704 732.404149043504
0.0273629487531407 730.817847446143
0.0274786488410908 729.231545969471
0.0275938638069581 727.645244610473
0.0277085997022933 726.058943366229
0.0278228624538688 724.472642233919
0.0279366578672517 722.886341210813
0.0280499916302457 721.300040294267
0.0281628693162083 719.713739481726
0.0282752963872495 718.127438770712
0.0283872781973154 716.541138158828
0.0284988199951639 714.954837643751
0.028609926927235 713.368537223228
0.0287206040404219 711.782236895078
0.028830856284746 710.195936657185
0.0289406885159398 708.609636507499
0.0290501054979431 707.023336444029
0.0291591119053136 705.437036464845
0.0292677123255572 703.850736568075
0.0293759112613813 702.2644367519
0.0294837131328726 700.678137014556
0.0295911222796044 699.091837354328
0.0296981429626748 697.505537769553
0.0298047793666795 695.919238258614
0.0299110356016207 694.33293881994
0.0300169157047555 692.746639452003
0.0301224236423859 691.160340153321
0.0302275633115927 689.57404092245
0.0303323385419146 687.987741757987
0.0304367530969763 686.401442658568
0.0305408106760654 684.815143622865
0.0306445149156622 683.228844649587
0.0307478693909223 681.642545737477
0.0308508776171148 680.056246885311
0.0309535430510171 678.469948091899
0.0310558690922689 676.883649356081
0.0311578590846855 675.297350676727
0.0312595163175327 673.711052052738
0.0313608440267647 672.124753483043
0.0314618453962262 670.538454966596
0.0315625235588192 668.952156502381
0.0316628815976372 667.365858089406
0.0317629225470668 665.779559726703
0.0318626493938583 664.193261413331
0.0319620650781659 662.606963148371
0.0320611724945593 661.020664930925
0.032159974493007 659.43436676012
0.0322584738798325 657.848068635102
0.0323566734186444 656.261770555038
0.0324545758312412 654.675472519117
0.0325521837984913 653.089174526545
0.0326494999611898 651.502876576548
0.0327465269208921 649.91657866837
0.0328432672407251 648.330280801274
0.0329397234461776 646.743982974539
0.0330358980258693 645.15768518746
0.0331317934323002 643.57138743935
0.03322741208258 641.985089729538
0.0333227563591393 640.398792057367
0.0334178286104219 638.812494422194
0.03351263115156 637.226196823393
0.0336071662650317 635.639899260352
0.0337014362013024 634.053601732469
0.03379544317945 632.467304239161
0.0338891893877739 630.881006779853
0.0339826769843899 629.294709353985
0.0340759080978094 627.708411961009
0.0341688848275054 626.122114600389
0.0342616092444635 624.5358172716
0.0343540833917204 622.949519974128
0.0344463092848893 621.363222707472
0.0345382889126724 619.776925471139
0.0346300242373609 618.190628264648
0.034721517195324 616.604331087528
0.0348127696974853 615.018033939318
0.034903783629789 613.431736819565
0.0349945608536541 611.845439727828
0.035085103206419 610.259142663674
0.0351754125017753 608.672845626677
0.0352654905301915 607.086548616423
0.0353553390593274 605.500251632503
0.0354449598344387 603.91395467452
0.0355343545787728 602.327657742082
0.0356235249939548 600.741360834806
0.0357124727603662 599.155063952315
0.0358011995375137 597.568767094244
0.0358897069643909 595.982470260229
0.0359779966598312 594.396173449918
0.0360660702228535 592.809876662964
0.036153929233 591.223579899026
0.0362415752506668 589.637283157771
0.0363290098174272 588.050986438872
0.0364162344563478 586.464689742008
0.0365032506722986 584.878393066864
0.0365900599522554 583.292096413132
0.0366766637655965 581.705799780508
0.0367630635643929 580.119503168694
0.0368492607836924 578.5332065774
0.0369352568417974 576.946910006339
0.0370210531405377 575.36061345523
0.0371066510655367 573.774316923797
0.0371920519864724 572.18802041177
0.0372772572573337 570.601723918882
0.0373622682166704 569.015427444872
0.0374470861878383 567.429130989485
0.0375317124792404 565.842834552468
0.0376161483845614 564.256538133575
0.0377003951829993 562.670241732562
0.0377844541394909 561.083945349192
0.0378683265049337 559.49764898323
0.037952013516403 557.911352634446
0.0380355163973649 556.325056302615
0.0381188363578846 554.738759987513
0.0382019745948316 553.152463688923
0.0382849322920798 551.56616740663
0.0383677106207044 549.979871140424
0.0384503107391746 548.393574890097
0.0385327337935431 546.807278655446
0.0386149809176314 545.220982436271
0.0386970532332116 543.634686232375
0.0387789518501852 542.048390043564
0.0388606778667583 540.462093869649
0.038942232369613 538.875797710442
0.0390236164340763 537.289501565761
0.0391048311242854 535.703205435423
0.0391858774933503 534.116909319251
0.0392667565835126 532.53061321707
0.0393474694263025 530.944317128708
0.0394280170426916 529.358021053996
0.0395084004432444 527.771724992768
0.0395886206282655 526.185428944859
0.0396686785879452 524.599132910109
0.0397485753025021 523.012836888358
0.0398283117423229 521.426540879452
0.0399078888681001 519.840244883236
0.0399873076309672 518.253948899559
0.0400665689726308 516.667652928273
0.0401456738255015 515.081356969232
0.0402246231128214 513.495061022291
0.0403034177487903 511.908765087308
0.0403820586386885 510.322469164144
0.0404605466789989 508.736173252662
0.0405388827575258 507.149877352726
0.0406170677535122 505.563581464204
0.0406951025377548 503.977285586963
0.0407729879727173 502.390989720874
0.0408507249126417 500.804693865811
0.0409283142036573 499.218398021649
0.0410057566838886 497.632102188263
0.0410830531835604 496.045806365532
0.041160204525102 494.459510553337
0.0412372115232492 492.873214751559
0.0413140749851449 491.286918960083
0.0413907957104372 489.700623178794
0.0414673744913772 488.114327407578
0.041543812112914 486.528031646326
0.0416201093527885 484.941735894928
0.0416962669816261 483.355440153275
0.0417722857630274 481.769144421262
0.0418481664536571 480.182848698783
0.0419239098033326 478.596552985736
0.0419995165551098 477.010257282018
0.0420749874453685 475.423961587529
0.042150323203896 473.83766590217
0.0422255245539693 472.251370225845
0.0423005922124365 470.665074558457
0.0423755268897959 469.07877889991
0.0424503292902751 467.492483250112
0.0425250001119079 465.906187608971
0.0425995400466101 464.319891976395
0.0426739497802549 462.733596352296
0.0427482299927458 461.147300736584
0.0428223813580897 459.561005129174
0.0428964045444678 457.974709529978
0.0429703002143063 456.388413938913
0.0430440690243451 454.802118355894
0.0431177116257062 453.21582278084
0.0431912286639607 451.629527213668
0.0432646207791945 450.0432316543
0.0433378886060741 448.456936102655
0.0434110327739097 446.870640558656
0.0434840539067189 445.284345022226
0.0435569526232886 443.698049493289
0.0436297295372363 442.111753971769
0.0437023852570699 440.525458457594
0.0437749203862478 438.93916295069
0.0438473355232369 437.352867450985
0.0439196312615701 435.766571958408
0.0439918081899035 434.180276472889
0.0440638668920719 432.593980994358
0.0441358079471443 431.007685522748
0.0442076319294778 429.421390057991
0.0442793394087712 427.83509460002
0.044350930950118 426.248799148771
0.044422407114058 424.662503704177
0.0444937684566286 423.076208266175
0.0445650155294156 421.489912834702
0.0446361488796024 419.903617409695
0.0447071690500193 418.317321991093
0.044778076579192 416.731026578836
0.0448488720013888 415.144731172862
0.044919555846668 413.558435773113
0.0449901286409242 411.97214037953
0.0450605909059333 410.385844992056
0.0451309431593984 408.799549610633
0.0452011859149937 407.213254235204
0.0452713196824082 405.626958865716
0.0453413449673891 404.040663502111
0.045411262271784 402.454368144336
0.0454810720935833 400.868072792337
0.0455507749269615 399.281777446062
0.0456203712623174 397.695482105458
0.0456898615863153 396.109186770472
0.045759246381924 394.522891441056
0.0458285261284563 392.936596117156
0.0458977013016074 391.350300798725
0.0459667723734933 389.764005485712
0.0460357398126882 388.177710178068
0.0461046040842615 386.591414875747
0.0461733656498145 385.0051195787
0.0462420249675168 383.41882428688
0.0463105824921413 381.832529000242
0.0463790386750997 380.246233718738
0.0464473939644774 378.659938442324
0.0465156488050672 377.073643170955
0.0465838036384033 375.487347904587
0.046651858902795 373.901052643176
0.0467198150333589 372.314757386679
0.0467876724620518 370.728462135052
0.0468554316177028 369.142166888255
0.0469230929260444 367.555871646244
0.0469906568097443 365.969576408979
0.047058123688436 364.38328117642
0.0471254939787491 362.796985948525
0.0471927680943393 361.210690725254
0.0472599464459183 359.624395506569
0.0473270294412827 358.038100292431
0.0473940174853432 356.4518050828
0.0474609109801528 354.865509877639
0.0475277103249353 353.279214676911
0.0475944159161129 351.692919480577
0.0476610281473335 350.106624288601
0.0477275474094981 348.520329100947
0.0477939740907875 346.934033917579
0.0478603085766885 345.34773873846
0.0479265512500202 343.761443563557
0.0479927024909599 342.175148392833
0.0480587626770682 340.588853226254
0.0481247321833144 339.002558063788
0.0481906113821013 337.416262905398
0.0482564006432896 335.829967751054
0.0483221003342224 334.24367260072
0.0483877108197488 332.657377454366
0.0484532324622476 331.071082311958
0.0485186656216511 329.484787173464
0.0485840106554673 327.898492038854
0.0486492679188036 326.312196908095
0.0487144377643888 324.725901781158
0.0487795205425954 323.139606658011
0.0488445166014616 321.553311538624
0.0489094262867132 319.967016422967
0.0489742499417848 318.38072131101
0.0490389879078411 316.794426202725
0.0491036405237978 315.208131098083
0.0491682081263425 313.621835997054
0.0492326910499549 312.03554089961
0.0492970896269271 310.449245805724
0.0493614041873836 308.862950715366
0.0494256350593012 307.276655628511
0.0494897825685283 305.690360545131
0.0495538470388039 304.104065465198
0.0496178287917776 302.517770388686
0.0496817281470273 300.931475315569
0.0497455454220788 299.345180245821
0.0498092809324234 297.758885179415
0.0498729349915367 296.172590116327
0.0499365079108965 294.58629505653
0.05 293
