6.20347394540943e-05 0.0620347394540886
0.000186104218362283 0.103391232423176
0.000310173697270471 0.16129032258063
0.00043424317617866 0.221552640906805
0.000558312655086849 0.282602701958024
0.000682382133995037 0.344010827882931
0.000806451612903226 0.405611757969322
0.000930521091811414 0.467328370557189
0.0010545905707196 0.529119836523671
0.00117866004962779 0.590962517961324
0.00130272952853598 0.652841781876816
0.00142679900744417 0.714748085017687
0.00155086848635236 0.776674937965922
0.00167493796526055 0.83861777410082
0.00179900744416873 0.90057328655738
0.00192307692307692 0.96253902185209
0.00204714640198511 1.02451312128761
0.0021712158808933 1.08649415101097
0.00229528535980149 1.14848098719184
0.00241935483870968 1.21047273652761
0.00254342431761787 1.27246868002275
0.00266749379652606 1.33446823244275
0.00279156327543424 1.39647091259809
0.00291563275434243 1.45847632120684
0.00303970223325062 1.52048412417013
0.00316377171215881 1.58249403979874
0.003287841191067 1.64450582892318
0.00341191066997519 1.70651928716195
0.00353598014888338 1.76853423882066
0.00366004962779156 1.8305505320245
0.00378411910669975 1.89256803482032
0.00390818858560794 1.95458663200615
0.00403225806451613 2.0166062225618
0.00415632754342432 2.07862671752674
0.00428039702233251 2.14064803826095
0.00440446650124069 2.20267011498143
0.00452853598014888 2.26469288554822
0.00465260545905707 2.32671629445735
0.00477667493796526 2.38874029196382
0.00490074441687345 2.45076483336975
0.00502481389578164 2.51278987837836
0.00514888337468983 2.57481539059261
0.00527295285359802 2.6368413370288
0.0053970223325062 2.69886768774265
0.00552109181141439 2.76089441547746
0.00564516129032258 2.82292149537445
0.00576923076923077 2.88494890471817
0.00589330024813896 2.94697662269633
0.00601736972704715 3.00900463021932
0.00614143920595533 3.07103290974059
0.00626550868486352 3.13306144510097
0.00638957816377171 3.1950902213956
0.0065136476426799 3.2571192248596
0.00663771712158809 3.31914844275253
0.00676178660049628 3.38117786327126
0.00688585607940447 3.44320747546413
0.00700992555831266 3.50523726915165
0.00713399503722084 3.5672672348674
0.00725806451612903 3.62929736378543
0.00738213399503722 3.6913276476818
0.00750620347394541 3.75335807886769
0.0076302729528536 3.81538865016107
0.00775434243176179 3.87741935483521
0.00787841191066998 3.93945018658953
0.00800248138957816 4.00148113951289
0.00812655086848635 4.06351220805333
0.00825062034739454 4.12554338699701
0.00837468982630273 4.18757467143974
0.00849875930521092 4.24960605675981
0.00862282878411911 4.31163753860087
0.0087468982630273 4.37366911285698
0.00887096774193548 4.43570077564753
0.00899503722084367 4.49773252331275
0.00911910669975186 4.55976435238708
0.00924317617866005 4.6217962595958
0.00936724565756824 4.68382824182782
0.00949131513647643 4.74586029614367
0.00961538461538462 4.80789241975315
0.0097394540942928 4.86992461000904
0.00986352357320099 4.93195686439598
0.00998759305210918 4.99398918052351
0.0101116625310174 5.05602155611896
0.0102357320099256 5.11805398901805
0.0103598014888337 5.18008647716458
0.0104838709677419 5.24211901859671
0.0106079404466501 5.30415161144699
0.0107320099255583 5.36618425392945
0.0108560794044665 5.42821694434088
0.0109801488833747 5.49024968106101
0.0111042183622829 5.55228246253584
0.0112282878411911 5.61431528727636
0.0113523573200993 5.67634815387052
0.0114764267990074 5.73838106095943
0.0116004962779156 5.80041400724376
0.0117245657568238 5.86244699147639
0.011848635235732 5.92448001246887
0.0119727047146402 5.9865130690758
0.0120967741935484 6.04854616020401
0.0122208436724566 6.11057928480066
0.0123449131513648 6.17261244185589
0.012468982630273 6.2346456304024
0.0125930521091811 6.29667884950954
0.0127171215880893 6.35871209828166
0.0128411910669975 6.42074537586018
0.0129652605459057 6.4827786814153
0.0130893300248139 6.54481201415421
0.0132133995037221 6.60684537331106
0.0133374689826303 6.6688787581462
0.0134615384615385 6.73091216795241
0.0135856079404467 6.79294560204392
0.0137096774193548 6.85497905976192
0.013833746898263 6.91701254047081
0.0139578163771712 6.97904604355745
0.0140818858560794 7.0410795684291
0.0142059553349876 7.10311311451844
0.0143300248138958 7.16514668127123
0.014454094292804 7.22718026815476
0.0145781637717122 7.28921387465681
0.0147022332506203 7.35124750028289
0.0148263027295285 7.41328114454816
0.0149503722084367 7.4753148069918
0.0150744416873449 7.53734848716281
0.0151985111662531 7.59938218462826
0.0153225806451613 7.6614158989695
0.0154466501240695 7.72344962977785
0.0155707196029777 7.78548337665839
0.0156947890818859 7.8475171392345
0.015818858560794 7.90955091713324
0.0159429280397022 7.97158470999887
0.0160669975186104 8.0336185174804
0.0161910669975186 8.09565233924823
0.0163151364764268 8.15768617497155
0.016439205955335 8.21972002433789
0.0165632754342432 8.28175388703664
0.0166873449131514 8.34378776277363
0.0168114143920596 8.40582165126094
0.0169354838709677 8.46785555221725
0.0170595533498759 8.52988946536697
0.0171836228287841 8.59192339045079
0.0173076923076923 8.65395732721122
0.0174317617866005 8.71599127539537
0.0175558312655087 8.7780252347659
0.0176799007444169 8.84005920508273
0.0178039702233251 8.90209318612139
0.0179280397022333 8.96412717765735
0.0180521091811414 9.02616117947163
0.0181761786600496 9.08819519135623
0.0183002481389578 9.15022921310562
0.018424317617866 9.21226324452292
0.0185483870967742 9.27429728541023
0.0186724565756824 9.33633133558177
0.0187965260545906 9.39836539485312
0.0189205955334988 9.4603994630465
0.0190446650124069 9.52243353998311
0.0191687344913151 9.58446762549643
0.0192928039702233 9.64650171942246
0.0194168734491315 9.70853582159532
0.0195409429280397 9.77056993186384
0.0196650124069479 9.83260405007132
0.0197890818858561 9.89463817606629
0.0199131513647643 9.956672309706
0.0200372208436725 10.0187064508483
0.0201612903225806 10.0807405993543
0.0202853598014888 10.1427747550908
0.020409429280397 10.2048089179225
0.0205334987593052 10.2668430877235
0.0206575682382134 10.3288772643675
0.0207816377171216 10.3909114477296
0.0209057071960298 10.4529456376919
0.021029776674938 10.5149798341391
0.0211538461538462 10.5770140369564
0.0212779156327543 10.6390482460294
0.0214019851116625 10.7010824612537
0.0215260545905707 10.7631166825217
0.0216501240694789 10.8251509097273
0.0217741935483871 10.8871851427706
0.0218982630272953 10.9492193815539
0.0220223325062035 11.0112536259778
0.0221464019851117 11.0732878759467
0.0222704714640199 11.1353221313718
0.022394540942928 11.1973563921584
0.0225186104218362 11.2593906582207
0.0226426799007444 11.3214249294713
0.0227667493796526 11.3834592058239
0.0228908188585608 11.4454934871979
0.023014888337469 11.5075277735072
0.0231389578163772 11.5695620646803
0.0232630272952854 11.6315963606311
0.0233870967741935 11.6936306612881
0.0235111662531017 11.7556649665789
0.0236352357320099 11.8176992764265
0.0237593052109181 11.8797335907604
0.0238833746898263 11.9417679095115
0.0240074441687345 12.0038022326106
0.0241315136476427 12.0658365599931
0.0242555831265509 12.1278708915883
0.0243796526054591 12.189905227335
0.0245037220843672 12.2519395671715
0.0246277915632754 12.3139739110339
0.0247518610421836 12.3760082588623
0.0248759305210918 12.4380426105965
0.025 12.5000769661797
0.0251240694789082 12.5621113255535
0.0252481389578164 12.6241456886641
0.0253722084367246 12.686180055454
0.0254962779156328 12.7482144258714
0.0256203473945409 12.8102487998624
0.0257444168734491 12.8722831773768
0.0258684863523573 12.9343175583614
0.0259925558312655 12.99635194277
0.0261166253101737 13.0583863305525
0.0262406947890819 13.1204207216577
0.0263647642679901 13.1824551160433
0.0264888337468983 13.2444895136616
0.0266129032258065 13.3065239144654
0.0267369727047146 13.3685583184136
0.0268610421836228 13.4305927254614
0.026985111662531 13.4926271355645
0.0271091811414392 13.5546615486845
0.0272332506203474 13.6166959647768
0.0273573200992556 13.6787303838005
0.0274813895781638 13.7407648057205
0.027605459057072 13.8027992304934
0.0277295285359802 13.8648336580808
0.0278535980148883 13.9268680884482
0.0279776674937965 13.9889025215572
0.0281017369727047 14.0509369573695
0.0282258064516129 14.1129713958519
0.0283498759305211 14.1750058369695
0.0284739454094293 14.2370402806857
0.0285980148883375 14.2990747269697
0.0287220843672457 14.3611091757872
0.0288461538461538 14.4231436271015
0.028970223325062 14.4851780808864
0.0290942928039702 14.5472125371066
0.0292183622828784 14.6092469957325
0.0293424317617866 14.6712814567333
0.0294665012406948 14.733315920078
0.029590570719603 14.7953503857392
0.0297146401985112 14.8573848536865
0.0298387096774194 14.9194193238927
0.0299627791563275 14.9814537963264
0.0300868486352357 15.0434882709647
0.0302109181141439 15.105522747777
0.0303349875930521 15.1675572267366
0.0304590570719603 15.2295917078209
0.0305831265508685 15.2916261909992
0.0307071960297767 15.3536606762489
0.0308312655086849 15.4156951635443
0.0309553349875931 15.4777296528616
0.0310794044665012 15.539764144176
0.0312034739454094 15.6017986374636
0.0313275434243176 15.6638331327012
0.0314516129032258 15.7258676298649
0.031575682382134 15.7879021289335
0.0316997518610422 15.8499366298834
0.0318238213399504 15.9119711326916
0.0319478908188586 15.9740056373398
0.0320719602977668 16.036040143804
0.0321960297766749 16.0980746520643
0.0323200992555831 16.1601091620985
0.0324441687344913 16.2221436738875
0.0325682382133995 16.2841781874111
0.0326923076923077 16.3462127026509
0.0328163771712159 16.4082472195841
0.0329404466501241 16.470281738195
0.0330645161290323 16.5323162584654
0.0331885856079404 16.5943507803733
0.0333126550868486 16.6563853038994
0.0334367245657568 16.7184198290299
0.033560794044665 16.7804543557457
0.0336848635235732 16.8424888840275
0.0338089330024814 16.9045234138597
0.0339330024813896 16.9665579452229
0.0340570719602978 17.0285924781046
0.034181141439206 17.0906270124854
0.0343052109181141 17.1526615483496
0.0344292803970223 17.2146960856809
0.0345533498759305 17.2767306244637
0.0346774193548387 17.3387651646832
0.0348014888337469 17.400799706323
0.0349255583126551 17.4628342493666
0.0350496277915633 17.5248687938021
0.0351736972704715 17.5869033396121
0.0352977667493796 17.6489378867846
0.0354218362282878 17.7109724353041
0.035545905707196 17.773006985155
0.0356699751861042 17.8350415363273
0.0357940446650124 17.8970760888034
0.0359181141439206 17.9591106425688
0.0360421836228288 18.0211451976143
0.036166253101737 18.0831797539254
0.0362903225806452 18.1452143114879
0.0364143920595534 18.2072488702922
0.0365384615384615 18.2692834303205
0.0366625310173697 18.3313179915659
0.0367866004962779 18.3933525540108
0.0369106699751861 18.4553871176466
0.0370347394540943 18.5174216824618
0.0371588089330025 18.5794562484418
0.0372828784119107 18.6414908155763
0.0374069478908189 18.7035253838517
0.037531017369727 18.7655599532629
0.0376550868486352 18.8275945237943
0.0377791563275434 18.8896290954343
0.0379032258064516 18.951663668173
0.0380272952853598 19.0136982419975
0.038151364764268 19.0757328169005
0.0382754342431762 19.137767392871
0.0383995037220844 19.1998019698989
0.0385235732009926 19.2618365479723
0.0386476426799007 19.3238711270821
0.0387717121588089 19.3859057072164
0.0388957816377171 19.4479402883677
0.0390198511166253 19.5099748705278
0.0391439205955335 19.5720094536825
0.0392679900744417 19.6340440378255
0.0393920595533499 19.6960786229481
0.0395161290322581 19.7581132090392
0.0396401985111663 19.820147796089
0.0397642679900744 19.882182384091
0.0398883374689826 19.9442169730354
0.0400124069478908 20.0062515629117
0.040136476426799 20.0682861537148
0.0402605459057072 20.1303207454324
0.0403846153846154 20.192355338059
0.0405086848635236 20.2543899315846
0.0406327543424318 20.3164245260012
0.04075682382134 20.3784591213014
0.0408808933002481 20.440493717475
0.0410049627791563 20.502528314518
0.0411290322580645 20.5645629124171
0.0412531017369727 20.62659751117
0.0413771712158809 20.6886321107659
0.0415012406947891 20.7506667111965
0.0416253101736973 20.8127013124569
0.0417493796526055 20.8747359145387
0.0418734491315137 20.9367705174338
0.0419975186104218 20.9988051211375
0.04212158808933 21.0608397256402
0.0422456575682382 21.1228743309351
0.0423697270471464 21.1849089370158
0.0424937965260546 21.2469435438762
0.0426178660049628 21.3089781515077
0.042741935483871 21.3710127599048
0.0428660049627792 21.4330473690592
0.0429900744416873 21.4950819789682
0.0431141439205955 21.5571165896219
0.0432382133995037 21.6191512010155
0.0433622828784119 21.6811858131408
0.0434863523573201 21.7432204259935
0.0436104218362283 21.8052550395661
0.0437344913151365 21.8672896538526
0.0438585607940447 21.9293242688489
0.0439826302729528 21.9913588845445
0.044106699751861 22.0533935009389
0.0442307692307692 22.1154281180221
0.0443548387096774 22.1774627357916
0.0444789081885856 22.2394973542385
0.0446029776674938 22.3015319733603
0.044727047146402 22.3635665931475
0.0448511166253102 22.4256012135969
0.0449751861042184 22.4876358347041
0.0450992555831266 22.5496704564618
0.0452233250620347 22.6117050788646
0.0453473945409429 22.6737397019081
0.0454714640198511 22.7357743255893
0.0455955334987593 22.7978089498987
0.0457196029776675 22.8598435748339
0.0458436724565757 22.9218782003877
0.0459677419354839 22.9839128265562
0.0460918114143921 23.0459474533351
0.0462158808933003 23.1079820807182
0.0463399503722084 23.1700167087034
0.0464640198511166 23.2320513372833
0.0465880893300248 23.2940859664523
0.046712158808933 23.3561205962083
0.0468362282878412 23.4181552265452
0.0469602977667494 23.4801898574589
0.0470843672456576 23.5422244889439
0.0472084367245658 23.6042591209976
0.0473325062034739 23.6662937536133
0.0474565756823821 23.7283283867881
0.0475806451612903 23.7903630205167
0.0477047146401985 23.8523976547952
0.0478287841191067 23.9144322896197
0.0479528535980149 23.9764669249853
0.0480769230769231 24.0385015608889
0.0482009925558313 24.1005361973262
0.0483250620347395 24.1625708342907
0.0484491315136476 24.2246054717818
0.0485732009925558 24.2866401097919
0.048697270471464 24.3486747483193
0.0488213399503722 24.4107093873607
0.0489454094292804 24.4727440269112
0.0490694789081886 24.5347786669665
0.0491935483870968 24.5968133075226
0.049317617866005 24.6588479485772
0.0494416873449132 24.7208825901257
0.0495657568238213 24.782917232164
0.0496898263027295 24.8449518746888
0.0498138957816377 24.906986517696
0.0499379652605459 24.9690211611825
