0.00124533870346679 1.24533870346677
0.00300651358765766 1.54750854217232
0.00391816479122731 1.97907511422785
0.00464766731397003 2.33581249928049
0.0052753394028968 2.64586130126741
0.00583510637639602 2.92360622916606
0.00634530088784957 3.17735765079089
0.00681720627579848 3.41239891447475
0.00725836587878212 3.63232781431749
0.00767412287171648 3.83972236739853
0.00806842797762312 4.0365035548093
0.0084443010303799 4.22414774861475
0.00880411236474225 4.40381841491208
0.00914976330953139 4.5764516212015
0.00948280681777645 4.74281370151979
0.00980453087278161 4.90354140353501
0.0101160178279305 5.05917060647333
0.0104181876666359 5.21015734782315
0.0107118302114643 5.35689353380742
0.0109976295508181 5.49971888835307
0.0112761828664212 5.63893018530178
0.0115480151555535 5.77478848225035
0.0118135908923462 5.90752486029228
0.0120733233721531 6.03734503017433
0.0123275822781996 6.1644330669482
0.0125766998673435 6.2889544664531
0.0128209760711188 6.41105866828963
0.0130606827359428 6.5308811548302
0.0132960671737054 6.64854521018931
0.0135273551551019 6.76416340412966
0.0137547534490454 6.87783885170715
0.0139784519895788 6.9896662887319
0.0141986257349869 7.09973299489927
0.0144154362709273 7.20811959019155
0.0146290331993953 7.31490072513896
0.0148395553474922 7.42014568176738
0.0150471318237788 7.52391889893823
0.0152518829450679 7.62628043339853
0.0154539210525681 7.72728636589588
0.0156533512331104 7.82698916016776
0.0158502719586136 7.92543798129104
0.0160447756548412 8.02267897890147
0.0162369492087772 8.11875553991003
0.0164268744225315 8.21370851460569
0.0166146284205037 8.30757641952789
0.0168002840155588 8.40039561994293
0.0169839100391488 8.49220049437131
0.0171655716396254 8.58302358328717
0.0173453305524133 8.67289572381864
0.0175232453452219 8.76184617199392
0.0176993716410568 8.84990271396309
0.0178737623214412 8.93709176733841
0.0180464677119511 9.02343847373408
0.0182175357519108 9.10896678340876
0.0183870121498706 9.19369953283146
0.0185549405262961 9.27765851586457
0.0187213625447331 9.36086454920793
0.0188863180325629 9.44333753265564
0.019049845092344 9.5250965046536
0.019211980204619 9.60615969360619
0.0193727583229744 9.68654456532053
0.0195322129620547 9.76626786693208
0.0196903762791595 9.84534566763339
0.0198472791499846 9.92379339648559
0.0200029512390156 10.001625877551
0.020157421065025 10.0788573625969
0.0203107160620858 10.1555015615609
0.0204628626364687 10.2315716709403
0.0206138862197594 10.307080400331
0.0207638113184971 10.3820399972031
0.0209126615606089 10.4564622700934
0.0210604597388897 10.5303586103079
0.0212072278517544 10.6037400122786
0.0213529871414677 10.6766170926569
0.0214977581300407 10.7490001082336
0.0216415606529657 10.8208989727925
0.0217844138909457 10.8923232729545
0.0219263363997637 10.9632822830957
0.0220673461384221 11.0337849794029
0.0222074604956734 11.1038400531279
0.022346696315054 11.1734559230827
0.0224850699185217 11.242640747462
0.0226225971287924 11.3114024349817
0.0227592932904614 11.379748655441
0.0228951732899891 11.4476868497112
0.0230302515746259 11.5152242391703
0.0231645421703433 11.5823678346864
0.0232980586988344 11.6491244450917
0.023430814393643 11.7155006852409
0.0235628221154739 11.7815029836721
0.0236940943667356 11.8471375898616
0.0238246433053622 11.9124105811365
0.0239544807579564 11.9773278692321
0.0240836182322954 12.0418952065547
0.0242120669292358 12.1061181921105
0.0243398377540531 12.1700022771927
0.0244669413272489 12.233552770762
0.0245933879948537 12.2967748446052
0.0247191878382571 12.3596735382474
0.024844350683589 12.4222537636322
0.0249688861106772 12.4845203096053
0.0250928034616056 12.546477846184
0.0252161118488934 12.6081309286531
0.0253388201633161 12.6694840014638
0.0254609370813873 12.7305414019784
0.0255824710725186 12.7913073640509
0.0257034304058756 12.8517860214367
0.0258238231569438 12.9119814110976
0.0259436572138212 12.9718974763274
0.0260629402832498 13.0315380697719
0.0261816798963999 13.0909069563284
0.0262998834144197 13.1500078158978
0.0264175580337609 13.208844246073
0.0265347107912921 13.267419764671
0.0266513485692094 13.3257378122048
0.0267674780997551 13.3838017542256
0.0268831059697519 13.4416148836001
0.0269982386249638 13.4991804226887
0.0271128823742886 13.5565015254318
0.027227043393793 13.6135812793776
0.0273407277305948 13.6704227076237
0.0274539413066014 13.7270287706682
0.0275666899221097 13.7834023682311
0.0276789792592738 13.8395463409682
0.0277908148854468 13.8954634721536
0.0279022022564021 13.9511564892885
0.0280131467194394 14.0066280656442
0.0281236535163803 14.061880821773
0.0282337277864583 14.1169173269437
0.028343374569108 14.1717401005374
0.0284525988066574 14.2263516133925
0.0285614053469277 14.2807542891048
0.0286697989457439 14.3349505052833
0.0287777842693608 14.3889425947652
0.0288853658968072 14.4427328467791
0.0289925483221511 14.4963235080862
0.0290993359566913 14.5497167840757
0.0292057331310753 14.6029148398061
0.0293117440973492 14.6559198010592
0.0294173730309401 14.7087337553044
0.0295226240325758 14.7613587526777
0.0296275011301418 14.8137968068947
0.0297320082804805 14.8660498961612
0.0298361493711333 14.9181199640327
0.0299399282220275 14.97000892027
0.0300433485871119 15.0217186416537
0.030146414155941 15.0732509727643
0.0302491285552111 15.1246077267659
0.0303514953502491 15.1757906861447
0.0304535180464572 15.226801603419
0.0305552000907131 15.2776422018626
0.0306565448727289 15.3283141761675
0.0307575557263699 15.3788191931018
0.0308582359309343 15.4291588921655
0.0309585887123954 15.4793348861906
0.0310586172446074 15.5293487619573
0.0311583246504775 15.579202080779
0.0312577140031029 15.6288963790686
0.031356788326876 15.6784331688819
0.0314555505985587 15.727813938475
0.0315540037483257 15.7770401528068
0.0316521506607791 15.8261132540541
0.0317499941759344 15.875034662102
0.0318475370901794 15.9238057750348
0.0319447821572071 15.9724279695784
0.0320417320889223 16.0209026015806
0.0321383895563244 16.0692310064315
0.0322347571903658 16.1174144995035
0.0323308375827878 16.1654543765639
0.0324266332869337 16.2133519141883
0.0325221468185405 16.2611083701453
0.0326173806565101 16.3087249837938
0.0327123372436596 16.3562029764534
0.0328070189874527 16.4035435517626
0.0329014282607118 16.4507478960492
0.0329955674023118 16.4978171786638
0.0330894387178566 16.5447525523268
0.0331830444803371 16.5915551534525
0.0332763869307743 16.6382261024763
0.0333694682788449 16.6847665041576
0.0334622907034917 16.7311774478957
0.0335548563535186 16.7774600080168
0.0336471673481715 16.8236152440755
0.0337392257777037 16.8696442011248
0.0338310337039288 16.9155479100097
0.0339225931607594 16.9613273876212
0.0340139061547324 17.0069836371606
0.0341049746655227 17.0525176484026
0.0341958006464435 17.0979303979453
0.0342863860249354 17.1432228494462
0.0343767327030436 17.1883959538722
0.034466842557884 17.2334506497244
0.034556717442098 17.2783878632654
0.0346463591842971 17.3232085087494
0.0347357695894969 17.367913488629
0.0348249504395414 17.4125036937737
0.0349139034935173 17.4569800036774
0.0350026304881583 17.5013432866592
0.0350911331382417 17.5455944000584
0.0351794131369742 17.5897341904342
0.0352674721563703 17.633763493741
0.0353553118476218 17.677683135534
0.035442933841459 17.7214939311315
0.0355303397485037 17.7651966858056
0.0356175311596151 17.8087921949396
0.0357045096462271 17.8522812442111
0.0357912767606793 17.8956646097483
0.0358778340365398 17.9389430582948
0.0359641829889218 17.9821173473728
0.0360503251147927 18.0251882254244
0.0361362618932773 18.0681564319761
0.0362219947859536 18.1110226977824
0.0363075252371436 18.1537877449633
0.0363928546741963 18.1964522871642
0.0364779845077663 18.2390170296771
0.0365629161320857 18.2814826695814
0.0366476509252305 18.3238498958866
0.0367321902493813 18.3661193896511
0.0368165354510792 18.4082918241097
0.0369006878614757 18.4503678648106
0.0369846487965781 18.4923481697323
0.0370684195574894 18.534233389387
0.0371520014306435 18.5760241669716
0.0372353956880361 18.6177211384477
0.03731860358745 18.6593249326872
0.0374016263726769 18.7008361715527
0.0374844652737341 18.7422554700292
0.0375671215070772 18.7835834363192
0.0376495962758084 18.8248206719451
0.0377318907698811 18.86596777186
0.0378140061662997 18.9070253245412
0.0378959436293167 18.947993912094
0.0379777043106247 18.9888741103369
0.0380592893495456 19.0296664889109
0.0381406998732157 19.0703716113586
0.0382219369967675 19.1109900352243
0.0383030018235077 19.1515223121403
0.0383838954450924 19.1919689879137
0.0384646189416983 19.2323306026157
0.0385451733821909 19.2726076906502
0.0386255598242902 19.3128007808622
0.038705779314732 19.3529103965993
0.0387858328894275 19.3929370557941
0.0388657215736191 19.4328812710539
0.0389454463820335 19.4727435497202
0.0390250083190326 19.512524393954
0.0391044083787605 19.5522243008135
0.0391836475452887 19.591843762314
0.0392627267927585 19.6313832655064
0.0393416470855206 19.6708432925528
0.0394204093782723 19.7102243207856
0.0394990146161923 19.7495268227744
0.0395774637350731 19.7887512664015
0.0396557576614507 19.82789811492
0.0397338973127326 19.8669678270119
0.0398118835973232 19.9059608568678
0.0398897174147468 19.9448776542389
0.0399673996557688 19.9837186644846
0.0400449312025146 20.0224843286609
0.0401223129285863 20.0611750835492
0.0401995456991782 20.0997913617371
0.0402766303711886 20.138333591657
0.0403535677933319 20.1768021976497
0.0404303588062465 20.215197600025
0.040507004242603 20.2535202151027
0.0405835049272086 20.2917704552786
0.0406598616771116 20.329948729059
0.0407360753017023 20.3680554411252
0.0408121466028137 20.406090992386
0.0408880763748197 20.4440557800152
0.0409638654047322 20.4819501975064
0.0410395144722955 20.519774634719
0.0411150243500809 20.5575294779291
0.041190395803578 20.5952151098681
0.0412656295912856 20.6328319097758
0.0413407264648006 20.6703802534386
0.0414156871689057 20.7078605132353
0.0414905124416555 20.7452730581867
0.0415652030144614 20.7826182539867
0.0416397596121749 20.8198964630498
0.0417141829531698 20.8571080445503
0.0417884737494227 20.894253354471
0.0418626327065929 20.931332745632
0.0419366605241001 20.9683465677291
0.0420105578952017 21.0052951673836
0.0420843255070686 21.0421788881748
0.0421579640408593 21.0789980706714
0.0422314741717939 21.1157530524668
0.0423048565692259 21.1524441682394
0.0423781118967134 21.1890717497556
0.0424512408120892 21.2256361259207
0.0425242439675296 21.2621376228206
0.0425971220096225 21.298576563736
0.0426698755794339 21.3349532691909
0.0427425053125738 21.3712680569856
0.0428150118392611 21.4075212422186
0.0428873957843874 21.4437131373285
0.0429596577675795 21.4798440521221
0.0430317984032619 21.5159142938047
0.0431038183007171 21.5519241670093
0.0431757180641461 21.587873973827
0.0432474982927274 21.623764013844
0.043319159580675 21.6595945841554
0.0433907025172962 21.6953659794091
0.0434621276870481 21.7310784918303
0.0435334356695929 21.7667324112391
0.0436046270398532 21.8023280250892
0.0436757023680659 21.8378656184976
0.0437466622198356 21.8733454742549
0.0438175071561869 21.9087678728694
0.0438882377336165 21.9441330925844
0.0439588545041437 21.9794414094
0.0440293580153613 22.0146930971077
0.0440997488104846 22.0498884273108
0.0441700274284005 22.0850276694425
0.0442401944037154 22.1201110908057
0.044310250266803 22.1551389565757
0.044380195543851 22.1901115298448
0.0444500307569067 22.2250290716309
0.0445197564239232 22.2598918409026
0.0445893730588038 22.2947000946066
0.0446588811714462 22.329454087687
0.0447282812677861 22.3641540731075
0.0447975738498404 22.3988003018674
0.0448667594157492 22.4333930230351
0.0449358384598178 22.467932483755
0.0450048114725578 22.5024189292805
0.045073678940728 22.5368526029856
0.045142441347374 22.5712337463871
0.0452110991718683 22.6055625991685
0.0452796528899487 22.6398393991931
0.0453481029737572 22.674064382525
0.0454164498918778 22.7082377834547
0.0454846941093739 22.7423598345043
0.0455528360878252 22.7764307664636
0.0456208762853643 22.8104508083937
0.0456888151567123 22.8444201876472
0.0457566531532146 22.8783391298989
0.0458243907228756 22.9122078591426
0.0458920283103935 22.9460265977235
0.0459595663571942 22.9797955663493
0.0460270053014648 23.0135149841113
0.0460943455781871 23.0471850684978
0.0461615876191699 23.0808060354055
0.0462287318530817 23.1143780991675
0.0462957787054823 23.1479014725586
0.0463627285988546 23.1813763668164
0.0464295819526353 23.2148029916561
0.0464963391832456 23.248181555282
0.0465630007041217 23.2815122644124
0.0466295669257446 23.3147953242798
0.0466960382556695 23.3480309386618
0.0467624150985548 23.3812193098802
0.0468286978561911 23.4143606388295
0.0468948869275294 23.4474551249828
0.0469609827087093 23.4805029664042
0.0470269855930865 23.5135043597705
0.0470928959712601 23.5464595003731
0.0471587142310995 23.5793685821471
0.0472244407577714 23.6122317976724
0.0472900759337657 23.6450493381912
0.0473556201389216 23.6778213936183
0.0474210737504534 23.7105481525573
0.0474864371429754 23.7432298023149
0.0475517106885276 23.7758665289062
0.0476168947565997 23.8084585170714
0.0476819897141559 23.8410059502938
0.047746995925659 23.8735090107965
0.0478119137530941 23.9059678795726
0.0478767435559919 23.9383827363832
0.0479414856914526 23.9707537597771
0.048006140514168 24.0030811270961
0.0480707083764449 24.0353650144917
0.048135189628227 24.0676055969324
0.0481995846171173 24.0998030482161
0.0482638936884 24.1319575409837
0.0483281171850616 24.1640692467263
0.048392255447813 24.1961383357962
0.0484563088151101 24.2281649774185
0.0485202776231746 24.2601493397009
0.048584162206015 24.2920915896453
0.0486479628954465 24.323991893156
0.0487116800211114 24.3558504150534
0.0487753139104986 24.3876673190779
0.0488388648889639 24.4194427679062
0.0489023332797488 24.451176923156
0.0489657194039998 24.4828699453971
0.0490290235807876 24.5145219941648
0.0490922461271256 24.5461332279615
0.0491553873579887 24.5777038042757
0.0492184475863311 24.6092338795792
0.049281427123105 24.6407236093439
0.0493443262772781 24.6721731480568
0.0494071453558513 24.7035826492121
0.0494698846638764 24.7349522653345
0.0495325445044732 24.7662821479833
0.0495951251788466 24.7975724477555
0.0496576269863037 24.8288233143065
0.0497200502242701 24.8600348963442
0.0497823951883068 24.8912073416484
0.0498446621721263 24.922340797074
0.0499068514676089 24.9534354085569
0.0499689633648185 24.9844913211304
