0 918.015320977832
0.000124069478908189 918.007624360034
0.000248138957816377 917.994796663703
0.000372208436724566 917.974785457428
0.000496277915632754 917.94729753672
0.000620347394540943 917.91223516675
0.000744416873449132 917.869553922596
0.00086848635235732 917.819229883145
0.000992555831265509 917.761248695731
0.0011166253101737 917.695601073334
0.00124069478908189 917.622280661676
0.00136476426799007 917.541282921989
0.00148883374689826 917.45260449953
0.00161290322580645 917.356242844696
0.00173697270471464 917.25219597446
0.00186104218362283 917.140462316078
0.00198511166253102 917.021040601208
0.00210918114143921 916.893929792116
0.00223325062034739 916.759129028963
0.00235732009925558 916.616637591346
0.00248138957816377 916.466454869692
0.00260545905707196 916.308580343635
0.00272952853598015 916.143013565416
0.00285359801488834 915.96975414698
0.00297766749379653 915.788801749808
0.00310173697270471 915.600156076834
0.0032258064516129 915.403816865941
0.00334987593052109 915.199783884685
0.00347394540942928 914.98805692598
0.00359801488833747 914.768635804538
0.00372208436724566 914.541520353915
0.00384615384615385 914.306710424036
0.00397022332506203 914.064205879122
0.00409429280397022 913.814006595926
0.00421836228287841 913.556112462238
0.0043424317617866 913.290523375605
0.00446650124069479 913.017239242232
0.00459057071960298 912.736259976035
0.00471464019851117 912.447585497815
0.00483870967741936 912.151215734544
0.00496277915632754 911.847150618741
0.00508684863523573 911.535390087925
0.00521091811414392 911.215934084129
0.00533498759305211 910.888782553481
0.0054590570719603 910.55393544582
0.00558312655086849 910.211392714372
0.00570719602977668 909.861154315442
0.00583126550868486 909.503220208157
0.00595533498759305 909.137590354224
0.00607940446650124 908.76426471772
0.00620347394540943 908.383243264899
0.00632754342431762 907.994525964018
0.00645161290322581 907.598112785185
0.00657568238213399 907.194003700215
0.00669975186104218 906.782198682503
0.00682382133995037 906.362697706911
0.00694789081885856 905.935500749658
0.00707196029776675 905.500607788225
0.00719602977667494 905.058018801268
0.00732009925558313 904.607733768541
0.00744416873449132 904.149752670813
0.0075682382133995 903.684075489812
0.00769230769230769 903.210702208155
0.00781637717121588 902.729632809292
0.00794044665012407 902.240867277457
0.00806451612903226 901.744405597616
0.00818858560794045 901.240247755426
0.00831265508684863 900.728393737188
0.00843672456575682 900.208843529814
0.00856079404466501 899.681597120786
0.0086848635235732 899.146654498131
0.00880893300248139 898.604015650382
0.00893300248138958 898.053680566555
0.00905707196029777 897.495649236119
0.00918114143920596 896.929921648974
0.00930521091811414 896.356497795427
0.00942928039702233 895.775377666168
0.00955334987593052 895.186561252254
0.00967741935483871 894.590048545089
0.0098014888337469 893.985839536403
0.00992555831265509 893.373934218239
0.0100496277915633 892.754332582939
0.0101736972704715 892.127034623122
0.0102977667493797 891.492040331681
0.0104218362282878 890.84934970176
0.010545905707196 890.198962726748
0.0106699751861042 889.540879400265
0.0107940446650124 888.875099716155
0.0109181141439206 888.20162366847
0.0110421836228288 887.520451251465
0.011166253101737 886.831582459587
0.0112903225806452 886.135017287468
0.0114143920595534 885.430755729916
0.0115384615384615 884.718797781906
0.0116625310173697 883.999143438576
0.0117866004962779 883.271792695217
0.0119106699751861 882.536745547268
0.0120347394540943 881.79400199031
0.0121588089330025 881.043562020062
0.0122828784119107 880.285425632369
0.0124069478908189 879.519592823206
0.012531017369727 878.746063588665
0.0126550868486352 877.964837924954
0.0127791563275434 877.175915828393
0.0129032258064516 876.379297295408
0.0130272952853598 875.574982322527
0.013151364764268 874.762970906379
0.0132754342431762 873.943263043686
0.0133995037220844 873.115858731261
0.0135235732009926 872.280757966006
0.0136476426799007 871.437960744909
0.0137717121588089 870.587467065037
0.0138957816377171 869.72927692354
0.0140198511166253 868.863390317639
0.0141439205955335 867.989807244633
0.0142679900744417 867.108527701889
0.0143920595533499 866.219551686843
0.0145161290322581 865.322879196998
0.0146401985111663 864.418510229919
0.0147642679900744 863.506444783233
0.0148883374689826 862.586682854629
0.0150124069478908 861.659224441851
0.015136476426799 860.724069542699
0.0152605459057072 859.781218155028
0.0153846153846154 858.830670276744
0.0155086848635236 857.872425905804
0.0156327543424318 856.906485040214
0.01575682382134 855.932847678026
0.0158808933002481 854.951513817339
0.0160049627791563 853.962483456297
0.0161290322580645 852.965756593086
0.0162531017369727 851.961333225934
0.0163771712158809 850.949213353109
0.0165012406947891 849.929396972918
0.0166253101736973 848.901884083708
0.0167493796526055 847.86667468386
0.0168734491315136 846.823768771793
0.0169975186104218 845.773166345959
0.01712158808933 844.714867404847
0.0172456575682382 843.648871946974
0.0173697270471464 842.575179970893
0.0174937965260546 841.493791475187
0.0176178660049628 840.404706458467
0.017741935483871 839.307924919374
0.0178660049627792 838.20344685658
0.0179900744416873 837.091272268781
0.0181141439205955 835.971401154703
0.0182382133995037 834.843833513096
0.0183622828784119 833.708569342735
0.0184863523573201 832.565608642422
0.0186104218362283 831.414951410982
0.0187344913151365 830.256597647262
0.0188585607940447 829.090547350134
0.0189826302729529 827.91680051849
0.019106699751861 826.735357151247
0.0192307692307692 825.546217247339
0.0193548387096774 824.349380805723
0.0194789081885856 823.144847825376
0.0196029776674938 821.932618305294
0.019727047146402 820.712692244491
0.0198511166253102 819.485069642001
0.0199751861042184 818.249750496877
0.0200992555831266 817.006734808186
0.0202233250620347 815.756022575015
0.0203473945409429 814.497613796468
0.0204714640198511 813.231508471664
0.0205955334987593 811.957706599738
0.0207196029776675 810.676208179841
0.0208436724565757 809.38701321114
0.0209677419354839 808.090121692816
0.0210918114143921 806.785533624064
0.0212158808933002 805.473249004095
0.0213399503722084 804.153267832131
0.0214640198511166 802.825590107409
0.0215880893300248 801.490215829181
0.021712158808933 800.147144996708
0.0218362282878412 798.796377609268
0.0219602977667494 797.437913666147
0.0220843672456576 796.071753166646
0.0222084367245658 794.697896110077
0.0223325062034739 793.316342495763
0.0224565756823821 791.927092323039
0.0225806451612903 790.530145591249
0.0227047146401985 789.125502299752
0.0228287841191067 787.713162447913
0.0229528535980149 786.293126035109
0.0230769230769231 784.865393060728
0.0232009925558313 783.429963524167
0.0233250620347395 781.986837424834
0.0234491315136476 780.536014762143
0.0235732009925558 779.07749553552
0.023697270471464 777.6112797444
0.0238213399503722 776.137367388226
0.0239454094292804 774.655758466451
0.0240694789081886 773.166452978534
0.0241935483870968 771.669450923944
0.024317617866005 770.164752302159
0.0244416873449132 768.652357112663
0.0245657568238213 767.13226535495
0.0246898263027295 765.604477028519
0.0248138957816377 764.068992132878
0.0249379652605459 762.525810667544
0.0250620347394541 760.974932632038
0.0251861042183623 759.416358025889
0.0253101736972705 757.850086848636
0.0254342431761787 756.27611909982
0.0255583126550869 754.694454778992
0.025682382133995 753.105093885709
0.0258064516129032 751.508036419533
0.0259305210918114 749.903282380035
0.0260545905707196 748.290831766788
0.0261786600496278 746.670684579374
0.026302729528536 745.042840817382
0.0264267990074442 743.407300480404
0.0265508684863524 741.764063568039
0.0266749379652605 740.113130079892
0.0267990074441687 738.454500015573
0.0269230769230769 736.788173374696
0.0270471464019851 735.114150156884
0.0271712158808933 733.432430361762
0.0272952853598015 731.743013988961
0.0274193548387097 730.045901038117
0.0275434243176179 728.341091508872
0.0276674937965261 726.62858540087
0.0277915632754342 724.908382713763
0.0279156327543424 723.180483447206
0.0280397022332506 721.444887600859
0.0281637717121588 719.701595174387
0.028287841191067 717.950606167457
0.0284119106699752 716.191920579744
0.0285359801488834 714.425538410924
0.0286600496277916 712.65145966068
0.0287841191066998 710.869684328696
0.0289081885856079 709.080212414664
0.0290322580645161 707.283043918276
0.0291563275434243 705.478178839231
0.0292803970223325 703.665617177229
0.0294044665012407 701.845358931977
0.0295285359801489 700.017404103183
0.0296526054590571 698.18175269056
0.0297766749379653 696.338404693825
0.0299007444168734 694.487360112697
0.0300248138957816 692.628618946899
0.0301488833746898 690.762181196159
0.030272952853598 688.888046860207
0.0303970223325062 687.006215938776
0.0305210918114144 685.116688431602
0.0306451612903226 683.219464338426
0.0307692307692308 681.31454365899
0.030893300248139 679.401926393042
0.0310173697270471 677.48161254033
0.0311414392059553 675.553602100606
0.0312655086848635 673.617895073625
0.0313895781637717 671.674491459146
0.0315136476426799 669.723391256929
0.0316377171215881 667.764594466739
0.0317617866004963 665.798101088342
0.0318858560794045 663.823911121507
0.0320099255583127 661.842024566005
0.0321339950372208 659.852441421613
0.032258064516129 657.855161688106
0.0323821339950372 655.850185365265
0.0325062034739454 653.837512452872
0.0326302729528536 651.817142950712
0.0327543424317618 649.789076858572
0.03287841191067 647.753314176241
0.0330024813895782 645.709854903512
0.0331265508684864 643.658699040179
0.0332506203473945 641.599846586038
0.0333746898263027 639.53329754089
0.0334987593052109 637.459051904533
0.0336228287841191 635.377109676773
0.0337468982630273 633.287470857415
0.0338709677419355 631.190135446266
0.0339950372208437 629.085103443137
0.0341191066997519 626.972374847839
0.0342431761786601 624.851949660185
0.0343672456575682 622.723827879993
0.0344913151364764 620.58800950708
0.0346153846153846 618.444494541265
0.0347394540942928 616.293282982372
0.034863523573201 614.134374830222
0.0349875930521092 611.967770084643
0.0351116625310174 609.793468745462
0.0352357320099256 607.611470812508
0.0353598014888337 605.421776285611
0.0354838709677419 603.224385164606
0.0356079404466501 601.019297449326
0.0357320099255583 598.806513139608
0.0358560794044665 596.58603223529
0.0359801488833747 594.357854736212
0.0361042183622829 592.121980642215
0.0362282878411911 589.878409953143
0.0363523573200993 587.627142668839
0.0364764267990074 585.36817878915
0.0366004962779156 583.101518313924
0.0367245657568238 580.82716124301
0.036848635235732 578.54510757626
0.0369727047146402 576.255357313524
0.0370967741935484 573.957910454658
0.0372208436724566 571.652766999516
0.0373449131513648 569.339926947956
0.0374689826302729 567.019390299836
0.0375930521091811 564.691157055014
0.0377171215880893 562.355227213352
0.0378411910669975 560.011600774712
0.0379652605459057 557.660277738959
0.0380893300248139 555.301258105957
0.0382133995037221 552.934541875572
0.0383374689826303 550.560129047672
0.0384615384615385 548.178019622127
0.0385856079404467 545.788213598805
0.0387096774193548 543.390710977579
0.038833746898263 540.985511758321
0.0389578163771712 538.572615940906
0.0390818858560794 536.152023525208
0.0392059553349876 533.723734511103
0.0393300248138958 531.28774889847
0.039454094292804 528.844066687186
0.0395781637717122 526.392687877131
0.0397022332506204 523.933612468187
0.0398263027295285 521.466840460236
0.0399503722084367 518.992371853159
0.0400744416873449 516.510206646843
0.0401985111662531 514.020344841171
0.0403225806451613 511.522786436031
0.0404466501240695 509.017531431309
0.0405707196029777 506.504579826893
0.0406947890818859 503.983931622675
0.040818858560794 501.455586818543
0.0409429280397022 498.91954541439
0.0410669975186104 496.375807410107
0.0411910669975186 493.824372805589
0.0413151364764268 491.265241600729
0.041439205955335 488.698413795423
0.0415632754342432 486.123889389568
0.0416873449131514 483.54166838306
0.0418114143920596 480.951750775797
0.0419354838709677 478.354136567678
0.0420595533498759 475.748825758604
0.0421836228287841 473.135818348475
0.0423076923076923 470.515114337193
0.0424317617866005 467.88671372466
0.0425558312655087 465.250616510779
0.0426799007444169 462.606822695456
0.0428039702233251 459.955332278594
0.0429280397022333 457.296145260101
0.0430521091811414 454.629261639881
0.0431761786600496 451.954681417844
0.0433002481389578 449.272404593896
0.043424317617866 446.582431167948
0.0435483870967742 443.88476113991
0.0436724565756824 441.17939450969
0.0437965260545906 438.466331277202
0.0439205955334988 435.745571442358
0.0440446650124069 433.017115005069
0.0441687344913151 430.280961965251
0.0442928039702233 427.537112322816
0.0444168734491315 424.785566077681
0.0445409429280397 422.02632322976
0.0446650124069479 419.259383778971
0.0447890818858561 416.484747725231
0.0449131513647643 413.702415068457
0.0450372208436725 410.912385808568
0.0451612903225806 408.114659945483
0.0452853598014888 405.309237479123
0.045409429280397 402.496118409407
0.0455334987593052 399.675302736257
0.0456575682382134 396.846790459595
0.0457816377171216 394.010581579343
0.0459057071960298 391.166676095424
0.046029776674938 388.315074007762
0.0461538461538462 385.455775316281
0.0462779156327543 382.588780020906
0.0464019851116625 379.714088121564
0.0465260545905707 376.831699618179
0.0466501240694789 373.941614510678
0.0467741935483871 371.04383279899
0.0468982630272953 368.138354483041
0.0470223325062035 365.225179562761
0.0471464019851117 362.304308038078
0.0472704714640199 359.375739908922
0.047394540942928 356.439475175223
0.0475186104218362 353.495513836912
0.0476426799007444 350.54385589392
0.0477667493796526 347.584501346178
0.0478908188585608 344.61745019362
0.048014888337469 341.642702436178
0.0481389578163772 338.660258073785
0.0482630272952854 335.670117106375
0.0483870967741936 332.672279533882
0.0485111662531017 329.666745356241
0.0486352357320099 326.653514573389
0.0487593052109181 323.63258718526
0.0488833746898263 320.603963191791
0.0490074441687345 317.567642592919
0.0491315136476427 314.52362538858
0.0492555831265509 311.471911578714
0.0493796526054591 308.412501163258
0.0495037220843672 305.34539414215
0.0496277915632754 302.270590515331
0.0497518610421836 299.188090282739
0.0498759305210918 296.097893444315
0.05 293
