0 919.103987406053
0.00125 918.322737406053
0.0025 917.020654072719
0.00375 914.989404072719
0.005 912.19922550129
0.00625 908.640197723512
0.0075 904.307811359876
0.00875 899.199638282953
0.01 893.314221616286
0.01125 886.650618675109
0.0125 879.208184464582
0.01375 870.986458274106
0.015 861.985099578454
0.01625 852.203849578454
0.0175 841.642506985861
0.01875 830.300912158275
0.02 818.178936351823
0.02125 805.276474230611
0.0225 791.593438516325
0.02375 777.129756083893
0.025 761.885365058251
0.02625 745.860212619226
0.0275 729.0542533169
0.02875 711.467447761345
0.03 693.099761591132
0.03125 673.951164652356
0.0325 654.02163033863
0.03375 633.311135055611
0.035 611.819657782884
0.03625 589.547179712708
0.0375 566.493683949996
0.03875 542.659155261471
0.04 518.043579864645
0.04125 492.646945249261
0.0425 466.46924002538
0.04375 439.510453793496
0.045 411.770577032932
0.04625 383.249601005535
0.0475 353.947517672202
0.04875 323.864319620253
0.05 293
