0 933.757353219957
0.0077151674981046 903.995448458053
0.0109108945117996 888.676441738962
0.0133630620956212 873.643627091099
0.0154303349962092 858.68596673183
0.0172516389835589 843.758799767319
0.0188982236504614 828.846973908287
0.0204124145231932 813.94394291437
0.0218217890235992 799.046419296408
0.0231455024943138 784.152571799724
0.0243975018237133 769.261299751963
0.025588315785958 754.371901878857
0.0267261241912424 739.483910256793
0.0278174320132093 724.597000728216
0.0288675134594813 709.710941636854
0.0298807152333598 694.82556303529
0.0308606699924184 679.940737423366
0.0318104505140176 665.056367276413
0.0327326835353989 650.172376726208
0.0336296354567275 635.288705866469
0.0345032779671177 620.40530676523
0.0353553390593274 605.52214061565
0.0361873432227873 590.639175663336
0.0370006434950477 575.75638567401
0.0377964473009227 560.87374878405
0.038575837490523 545.991246626744
0.0393397896234722 531.108863660086
0.0400891862868637 516.226586643874
0.0408248290463863 501.344404228827
0.0415474484919408 486.462306630662
0.0422577127364258 471.580285369343
0.0429562346492112 456.698333058782
0.0436435780471985 441.816443235947
0.0443202630213959 426.934610221048
0.0449867705421219 412.052829002375
0.0456435464587638 397.171095140884
0.0462910049886276 382.289404690672
0.0469295317724453 367.407754132352
0.0475594865605671 352.526140316942
0.0481812055829716 337.644560418388
0.0487950036474267 322.7630118932
0.0494011760029677 307.881492446003
0.05 293
