0 919.462809364364
0.0023492049286747 916.703427465909
0.00332227747092548 915.283122207186
0.0040689422938558 913.889351312682
0.0046984098573494 912.502548365465
0.00525298191359417 911.118572620411
0.00575435337648436 909.736019229507
0.00621541202000048 908.354281256561
0.00664455494185095 906.973053901253
0.00704761478602409 905.592167378382
0.00742883826510545 904.211519638854
0.00779143130406759 902.831045663864
0.00813788458771159 901.450702069764
0.00847017882690935 900.070458802214
0.00878991997442143 898.690294383147
0.00909843156558549 897.310193055849
0.00939681971469879 895.930142999114
0.00968602005714738 894.55013517092
0.00996683241277643 893.170162537126
0.0102399468817607 891.790219543507
0.0105059638271883 890.410301746041
0.0107654094086151 889.030405546742
0.0110187478205107 887.650528001495
0.0112663910516597 886.270666677981
0.0115087067529687 884.890819549111
0.0117460246433735 883.51098491201
0.0119786417727406 882.131161325697
0.0122068268815674 880.751347562604
0.012430824040001 879.371542570481
0.0126508557066459 877.991745442174
0.0128671253163745 876.611955391455
0.0130798194828596 875.232171733521
0.0132891098837019 873.852393869152
0.0134951548823277 872.472621271744
0.0136981009302357 871.092853476635
0.0138980837848904 869.713090072257
0.0140952295720482 868.333330692767
0.0142896557161344 866.953575011863
0.014481471758166 865.573822737585
0.0146707800774011 864.194073607917
0.0148576765302109 862.814327387038
0.0150422510174937 861.434583862132
0.0152245879901624 860.054842840648
0.0154047669007716 858.675104147945
0.0155828626081352 857.295367625257
0.0157589457407825 855.915633127928
0.0159330830242561 854.535900523881
0.0161053375765535 853.156169692277
0.0162757691754232 851.776440522346
0.0164444345007229 850.396712912362
0.0166113873546274 849.016986768733
0.0167766788621105 847.637262005209
0.0169403576538187 846.257538542173
0.0171024700331912 844.877816306018
0.0172630601294531 843.498095228588
0.017422170037915 842.118375246682
0.0175798399488429 840.738656301616
0.017736108266016 839.358938338821
0.0178910117159637 837.979221307494
0.0180445854487616 836.599505160273
0.018196863131171 835.219789852956
0.0183478770328199 833.840075344238
0.0184976581060519 832.460361595478
0.0186462360600014 831.080648570489
0.0187936394293976 829.700936235347
0.0189398956385487 828.321224558212
0.0190850310609133 826.941513509178
0.0192290710746239 825.561803060121
0.0193720401142948 824.182093184573
0.019513961719414 822.802383857599
0.0196548585795895 821.42267505569
0.0197947525768971 820.042966756661
0.0199336648255529 818.663258939559
0.020071615709115 817.28355158458
0.0202086249153994 815.903844672989
0.020344711469279 814.524138187052
0.0204798937635214 813.144432109966
0.0206141895878065 811.764726425803
0.0207476161560537 810.385021119451
0.0208801901321767 809.005316176564
0.0210119276543767 807.625611583511
0.0211428443580723 806.245907327336
0.02127295539756 804.866203395715
0.0214022754664893 803.486499776916
0.0215308188172303 802.106796459769
0.0216585992792079 800.727093433626
0.0217856302762673 799.347390688337
0.0219119248431334 797.967688214217
0.0220374956410214 796.587986002023
0.0221623549724515 795.208284042924
0.0222865147953163 793.828582328486
0.0224099867362469 792.448880850643
0.0225327821033195 791.069179601679
0.0226549118981422 789.689478574211
0.022776386827359 788.309777761171
0.0228972173136039 786.930077155787
0.0230174135059374 785.55037675157
0.0231369852897957 784.170676542299
0.0232559422964783 782.790976522006
0.0233742939122028 781.411276684964
0.023492049286747 780.031577025676
0.0236092173417049 778.651877538863
0.0237258067783746 777.272178219451
0.0238418260852997 775.892479062565
0.0239572835454813 774.512780063517
0.0240721872432793 773.133081217797
0.0241865450710184 771.753382521065
0.0243003647353145 770.373683969145
0.0244136537631348 768.993985558015
0.0245264195076072 767.614287283798
0.0246386691535895 766.234589142762
0.0247504097230117 764.854891131306
0.0248616480800019 763.47519324596
0.0249723909358069 762.095495483377
0.0250826448535174 760.715797840324
0.0251924162526065 759.336100313685
0.0253017114132918 757.956402900449
0.025410536480728 756.576705597707
0.0255188974690389 755.197008402652
0.0256268002651956 753.817311312567
0.0257342506327489 752.437614324828
0.0258412542154217 751.057917436899
0.0259478165405677 749.678220646325
0.0260539430225037 748.298523950732
0.0261596389657193 746.918827347821
0.0262649095679708 745.539130835368
0.0263697599232643 744.159434411219
0.0264741950247313 742.779738073289
0.0265782197674038 741.400041819557
0.0266818389508918 740.020345648064
0.0267850572819666 738.640649556914
0.0268878793770566 737.260953544265
0.0269903097646554 735.881257608335
0.0270923528876501 734.501561747392
0.0271940131055693 733.121865959758
0.0272952946967565 731.742170243804
0.0273962018604713 730.362474597947
0.0274967387189208 728.982779020655
0.0275969093192247 727.603083510435
0.0276967176353159 726.223388065841
0.0277961675697807 724.843692685466
0.0278952629556389 723.463997367944
0.0279940075580676 722.084302111947
0.028092405076071 720.704606916184
0.0281904591440964 719.3249117794
0.0282881733336014 717.945216700375
0.0283855511545713 716.565521677922
0.0284825960569906 715.185826710887
0.0285793114322687 713.806131798146
0.0286757006146234 712.426436938607
0.0287717668824218 711.046742131204
0.0288675134594813 709.667047374903
0.0289629435163321 708.287352668694
0.0290580601714421 706.907658011596
0.0291528664924062 705.527963402652
0.0292473654971003 704.14826884093
0.0293415601548023 702.768574325522
0.029435453387281 701.388879855543
0.0295290480698532 700.00918543013
0.0296223470324113 698.629491048442
0.0297153530604218 697.24979670966
0.0298080688958951 695.870102412984
0.0299004972383293 694.490408157634
0.029992640745627 693.110713942851
0.0300845020349873 691.73101976789
0.0301760836837729 690.35132563203
0.0302673882303541 688.971631534562
0.0303584181749294 687.591937474797
0.0304491759803249 686.212243452063
0.0305396640727711 684.832549465701
0.03062988484266 683.45285551507
0.030719840645282 682.073161599543
0.0308095338015432 680.693467718508
0.0308989665986638 679.313773871367
0.0309881412908592 677.934080057535
0.0310770601000024 676.554386276441
0.0311657252162704 675.174692527527
0.0312541387987732 673.794998810248
0.0313423029761677 672.415305124071
0.0314302198472553 671.035611468474
0.031517891481565 669.655917842947
0.031605319919922 668.276224246993
0.0316925071750016 666.896530680124
0.0317794552318701 665.516837141863
0.0318661660485121 664.137143631743
0.0319526415563449 662.757450149309
0.0320388836607202 661.377756694113
0.0321248942414146 659.99806326572
0.032210675153107 658.6183698637
0.0322962282258454 657.238676487635
0.0323815552655027 655.858983137117
0.032466658054221 654.479289811742
0.0325515383508464 653.099596511119
0.0326361978913527 651.719903234863
0.0327206383892558 650.340209982597
0.0328048615360186 648.960516753951
0.0328888690014458 647.580823548565
0.0329726624340706 646.201130366084
0.033056243461532 644.82143720616
0.0331396136909438 643.441744068455
0.0332227747092548 642.062050952635
0.0333057280836016 640.682357858373
0.0333884753616531 639.302664785349
0.0334710180719474 637.922971733248
0.0335533577242209 636.543278701764
0.0336354958097312 635.163585690595
0.0337174338015715 633.783892699444
0.0337991731549792 632.404199728022
0.0338807153076374 631.024506776044
0.03396206167997 629.644813843231
0.0340432136754301 628.26512092931
0.0341241726807831 626.88542803401
0.0342049400663824 625.50573515707
0.0342855171864407 624.126042298231
0.0343659053792946 622.746349457239
0.0344461059676641 621.366656633844
0.0345261202589062 619.986963827802
0.034605949545264 618.607271038874
0.0346855951041101 617.227578266824
0.0347650581981848 615.847885511421
0.0348443400758299 614.468192772437
0.0349234419712175 613.088500049651
0.0350023651045741 611.708807342842
0.0350811106824002 610.329114651797
0.0351596798976857 608.949421976303
0.0352380739301205 607.569729316153
0.0353162939463011 606.190036671145
0.0353943410999337 604.810344041077
0.035472216532032 603.430651425754
0.0355499213711124 602.050958824982
0.0356274567333845 600.671266238571
0.0357048237229382 599.291573666334
0.0357820234319274 597.91188110809
0.0358590569407495 596.532188563656
0.0359359253182219 595.152496032857
0.0360126296217554 593.772803515518
0.0360891708975233 592.393111011467
0.0361655501806284 591.013418520538
0.0362417684952661 589.633726042565
0.0363178268548845 588.254033577384
0.036393726262342 586.874341124836
0.0364694677100611 585.494648684763
0.0365450521801802 584.114956257012
0.0366204806447022 582.73526384143
0.0366957540656397 581.355571437866
0.0367708733951592 579.975879046175
0.0368458395757206 578.596186666211
0.0369206535402157 577.216494297832
0.0369953162121039 575.836801940898
0.0370698285055443 574.45710959527
0.0371441913255272 573.077417260814
0.037218405568002 571.697724937396
0.0372924721200029 570.318032624883
0.0373663918597729 568.938340323148
0.0374401656568853 567.558648032063
0.0375137943723628 566.178955751501
0.0375872788587952 564.799263481341
0.0376606199604539 563.41957122146
0.0377338185134058 562.03987897174
0.0378068753456241 560.660186732062
0.0378797912770975 559.28049450231
0.0379525671199377 557.900802282371
0.0380252036784852 556.521110072132
0.0380977017494126 555.141417871483
0.0381700621218267 553.761725680313
0.0382422855773686 552.382033498517
0.0383143728903126 551.002341325989
0.0383863248276627 549.622649162624
0.0384581421492477 548.24295700832
0.0385298256078152 546.863264862975
0.0386013759491234 545.483572726491
0.0386727939120317 544.103880598768
0.0387440802285895 542.724188479711
0.0388152356241243 541.344496369224
0.0388862608173273 539.964804267213
0.038957156520338 538.585112173587
0.039027923438828 537.205420088252
0.0390985622720827 535.825728011121
0.0391690737130818 534.446035942104
0.0392394584485789 533.066343881115
0.0393097171591791 531.686651828066
0.0393798505194162 530.306959782874
0.0394498591978283 528.927267745455
0.0395197438570316 527.547575715726
0.0395895051537942 526.167883693607
0.0396591437391077 524.788191679016
0.0397286602582583 523.408499671876
0.0397980553508965 522.028807672108
0.0398673296511057 520.649115679635
0.0399364837874699 519.269423694382
0.04000551838314 517.889731716274
0.0400744340558998 516.510039745238
0.04014323141823 515.1303477812
0.0402119110773721 513.750655824089
0.0402804736353905 512.370963873835
0.0403489196892346 510.991271930367
0.0404172498307989 509.611579993617
0.0404854646469831 508.231888063517
0.0405535647197509 506.852196140001
0.0406215506261878 505.472504223001
0.040689422938558 504.092812312453
0.0407571822243609 502.713120408292
0.0408248290463863 501.333428510456
0.0408923639627691 499.953736618881
0.0409597875270427 498.574044733506
0.0410271002881924 497.194352854269
0.0410943027907069 495.814660981112
0.0411613955746305 494.434969113973
0.0412283791756131 493.055277252794
0.0412952541249601 491.675585397518
0.0413620209496821 490.295893548088
0.0414286801725429 488.916201704447
0.0414952323121074 487.536509866539
0.0415616778827885 486.15681803431
0.0416280173948938 484.777126207704
0.0416942513546711 483.39743438667
0.0417603802643534 482.017742571153
0.0418264046222038 480.638050761102
0.0418923249225585 479.258358956465
0.0419581416558709 477.878667157191
0.0420238553087534 476.49897536323
0.0420894663640197 475.119283574532
0.0421549753007264 473.739591791048
0.0422203825942135 472.35990001273
0.0422856887161446 470.980208239529
0.0423508941345467 469.6005164714
0.0424159993138497 468.220824708294
0.0424810047149241 466.841132950166
0.0425459107951201 465.46144119697
0.0426107180083042 464.081749448662
0.0426754268048971 462.702057705196
0.0427400376319095 461.32236596653
0.0428045509329785 459.942674232619
0.0428689671484031 458.562982503421
0.0429332867151791 457.183290778894
0.0429975100670339 455.803599058995
0.0430616376344606 454.423907343683
0.0431256698447514 453.044215632918
0.0431896071220312 451.664523926659
0.0432534498872901 450.284832224866
0.0433171985584159 448.9051405275
0.0433808535502258 447.525448834522
0.0434444152744981 446.145757145893
0.0435078841400034 444.766065461576
0.0435712605525347 443.386373781533
0.0436345449149384 442.006682105726
0.0436977376271436 440.626990434119
0.043760839086192 439.247298766676
0.0438238496862668 437.86760710336
0.0438867698187211 436.487915444136
0.0439495998721072 435.10822378897
0.0440123402322034 433.728532137826
0.0440749912820427 432.34884049067
0.0441375534019394 430.969148847469
0.0442000269695162 429.589457208188
0.044262412359731 428.209765572795
0.044324709944903 426.830073941256
0.0443869200947384 425.45038231354
0.0444490431763564 424.070690689614
0.0445110795543144 422.690999069448
0.0445730295906327 421.311307453008
0.0446348936448193 419.931615840266
0.0446966720738942 418.551924231189
0.0447583652324138 417.172232625747
0.0448199734724939 415.792541023911
0.0448814971438338 414.412849425651
0.0449429365937393 413.033157830937
0.0450042921671454 411.653466239741
0.0450655642066389 410.273774652034
0.045126753052481 408.894083067788
0.0451878590426291 407.514391486974
0.0452488825127585 406.134699909565
0.0453098237962843 404.755008335533
0.0453706832243823 403.375316764851
0.0454314611260099 401.995625197493
0.0454921578279274 400.615933633431
0.045552773654718 399.23624207264
0.045613308928808 397.856550515093
0.0456737639704873 396.476858960765
0.0457341390979288 395.09716740963
0.0457944346272078 393.717475861663
0.0458546508723217 392.337784316839
0.045914788145209 390.958092775133
0.0459748467557678 389.578401236521
0.0460348270118749 388.198709700979
0.0460947292194038 386.819018168483
0.0461545536822431 385.439326639009
0.0462143007023148 384.059635112533
0.0462739705795913 382.679943589033
0.0463335636121138 381.300252068485
0.046393080096009 379.920560550868
0.0464525203255067 378.540869036157
0.0465118845929567 377.161177524332
0.0465711731888454 375.78148601537
0.0466303864018125 374.401794509249
0.0466895245186675 373.022103005948
0.0467485878244056 371.642411505445
0.046807576602224 370.26272000772
0.0468664911335378 368.88302851275
0.0469253316979954 367.503337020516
0.046984098573494 366.123645530998
0.0470427920361952 364.743954044173
0.0471014123605399 363.364262560024
0.0471599598192633 361.984571078529
0.0472184346834098 360.604879599669
0.0472768372223475 359.225188123425
0.0473351677037829 357.845496649777
0.0473934263937749 356.465805178706
0.0474516135567493 355.086113710193
0.0475097294555124 353.706422244219
0.0475677743512653 352.326730780766
0.0476257485036173 350.947039319816
0.0476836521705994 349.567347861349
0.0477414856086781 348.187656405348
0.0477992490727682 346.807964951796
0.047856942816246 345.428273500674
0.0479145670909625 344.048582051965
0.0479721221472561 342.668890605652
0.0480296082339651 341.289199161717
0.0480870255984406 339.909507720143
0.0481443744865585 338.529816280914
0.0482016551427324 337.150124844012
0.0482588678099249 335.770433409422
0.0483160127296605 334.390741977127
0.0483730901420369 333.01105054711
0.0484301002857369 331.631359119356
0.0484870433980403 330.251667693849
0.0485439197148351 328.871976270572
0.048600729470629 327.492284849511
0.0486574728985607 326.112593430649
0.0487141502304113 324.732902013971
0.0487707616966148 323.353210599463
0.0488273075262696 321.973519187109
0.0488837879471488 320.593827776894
0.0489402031857114 319.214136368803
0.0489965534671127 317.834444962822
0.0490528390152144 316.454753558936
0.0491090600525957 315.075062157131
0.049165216800563 313.695370757393
0.0492213094791602 312.315679359707
0.0492773383071791 310.93598796406
0.0493333035021687 309.556296570437
0.0493892052804456 308.176605178825
0.0494450438571037 306.79691378921
0.0495008194460235 305.417222401579
0.049556532259882 304.037531015918
0.0496121825101621 302.657839632215
0.0496677704071619 301.278148250455
0.0497232961600038 299.898456870626
0.0497787599766443 298.518765492716
0.0498341620638822 297.139074116711
0.0498895026273682 295.759382742598
0.0499447818716139 294.379691370365
0.05 293
