0 918.855412794225
0.00108695652173913 918.264675554149
0.00217391304347826 917.280113487357
0.00326086956521739 915.74419666316
0.00434782608695652 913.634420805747
0.00543478260869565 910.943284489847
0.00652173913043478 907.667377976701
0.00760869565217391 903.804865253129
0.00869565217391304 899.354644711226
0.00978260869565217 894.316003545876
0.0108695652173913 888.688454048313
0.0119565217391304 882.471647855136
0.0130434782608696 875.665327480352
0.0141304347826087 868.269297234605
0.0152173913043478 860.283404915064
0.016304347826087 851.707529809139
0.0173913043478261 842.541574567965
0.0184782608695652 832.785459542474
0.0195652173913043 822.439118737721
0.0206521739130435 811.502496860645
0.0217391304347826 799.975547124811
0.0228260869565217 787.858229590576
0.0239130434782609 775.150509891275
0.025 761.852358242462
0.0260869565217391 747.96374866196
0.0271739130434783 733.484658349086
0.0282608695652174 718.415067185588
0.0293478260869565 702.754957330752
0.0304347826086957 686.504312890125
0.0315217391304348 669.663119642355
0.0326086956521739 652.231364812326
0.033695652173913 634.209036881494
0.0347826086956522 615.596125428317
0.0358695652173913 596.392620993243
0.0369565217391304 576.598514963843
0.0380434782608696 556.213799476595
0.0391304347826087 535.238467332501
0.0402173913043478 513.67251192426
0.041304347826087 491.515927173157
0.0423913043478261 468.76870747414
0.0434782608695652 445.430847647861
0.0445652173913043 421.502342898624
0.0456521739130435 396.983188777413
0.0467391304347826 371.873381149257
0.0478260869565217 346.172916164358
0.0489130434782609 319.881790232452
0.05 293
