0.000543478260869565 0.543478260869615
0.0016304347826087 0.905797101449184
0.00271739130434783 1.41304347826071
0.00380434782608696 1.94099378881992
0.00489130434782609 2.47584541062815
0.00597826086956522 3.01383399209471
0.00706521739130435 3.55351170568558
0.00815217391304348 4.0942028985508
0.00923913043478261 4.63554987212272
0.0103260869565217 5.17734553775775
0.0114130434782609 5.71946169772266
0.0125 6.26181474480162
0.0135869565217391 6.80434782608709
0.0146739130434783 7.34702093397759
0.0157608695652174 7.88980509745142
0.0168478260869565 8.4326788218795
0.0179347826086957 8.97562582345182
0.0190217391304348 9.51863354037267
0.0201086956521739 10.0616921269098
0.021195652173913 10.6047937569679
0.0222826086956522 11.1479321314956
0.0233695652173913 11.6911021233572
0.0244565217391304 12.2342995169085
0.0255434782608696 12.7775208140615
0.0266304347826087 13.3207630878443
0.0277173913043478 13.8640238704184
0.028804347826087 14.4073010664487
0.0298913043478261 14.9505928853764
0.0309782608695652 15.4938977879489
0.0320652173913044 16.0372144436265
0.0331521739130435 16.5805416963656
0.0342391304347826 17.1238785369227
0.0353260869565217 17.6672240802682
0.0364130434782609 18.2105775470481
0.0375 18.753938248268
0.0385869565217391 19.2973055725666
0.0396739130434783 19.8406789755814
0.0407608695652174 20.3840579710153
0.0418478260869565 20.9274421230952
0.0429347826086957 21.470831040177
0.0440217391304348 22.0142243692976
0.0451086956521739 22.5576217915145
0.046195652173913 23.1010230179034
0.0472826086956522 23.6444277861075
0.0483695652173913 24.1878358573528
0.0494565217391304 24.7312470138562
