0.00114707866935281 1.14707866935282
0.00276929288066043 1.42540662586445
0.00360901274690519 1.82292162144973
0.00428095587430318 2.15151162175629
0.0048591032189185 2.43709687356517
0.00537470331495797 2.69292709985415
0.0058446423280795 2.92665696166129
0.00627931331594967 3.14315293921244
0.00668566443067368 3.34572895253401
0.00706861725860848 3.53675960734093
0.00743181080181347 3.71801431498045
0.00777802662245854 3.89085295842977
0.00810944803053769 4.05634720368503
0.00842782633573732 4.21535926040955
0.00873459195958795 4.36859499715438
0.00903093126060443 4.51664092075964
0.00931784119204582 4.65999062837128
0.00959616914855746 4.79906417509037
0.00986664263392288 4.93422254485451
0.0101298917604258 5.06577865660587
0.0103864665908042 5.19400586806154
0.0106368506988682 5.31914463878498
0.0108814719106915 5.44140781704669
0.011120710911692 5.56098488255511
0.0113549082162542 5.67804538642347
0.0115843698654201 5.79274176649258
0.0118093721254487 5.90521167124664
0.0120301653934615 6.01557989319083
0.0122469774678823 6.12395998904392
0.0124600163055889 6.23045564656153
0.0126694723609605 6.33516184478867
0.0128755205818156 6.43816584466546
0.0130783221218352 6.53954803932444
0.0132780258172041 6.63938268764672
0.0134747694659823 6.73773855006888
0.0136686809414998 6.83467944210901
0.0138598791653605 6.93026471825527
0.0140484749611091 7.02454969664208
0.0142345718059793 7.11758603312238
0.0144182664952139 7.2094220519229
0.0145996497310753 7.30010303888289
0.0147788066467255 7.38967150233483
0.0149558172735695 7.47816740585946
0.015130756959346 7.56562837656429
0.0153036967431655 7.6520898919548
0.0154747036927936 7.73758544798751
0.0156438412087255 7.82214671064203
0.0158111692989608 7.9058036528792
0.0159767448278599 7.98858467870358
0.0161406217420078 8.07051673577995
0.0163028512756294 8.15162541786693
0.0164634821377764 8.23193505817002
0.0166225606832232 8.31146881456857
0.0167801310687734 8.39024874759431
0.0169362353964693 8.46829589186667
0.0170909138450235 8.54563032166513
0.0172442047906339 8.62227121120175
0.0173961449182117 8.69823689013508
0.0175467693239374 8.77354489473356
0.0176961116099565 8.84821201513984
0.0178442039719386 8.92225433906925
0.0179910772801472 8.99568729226769
0.0181367611545983 9.06852567603603
0.0182812840348257 9.14078370204454
0.0184246732447201 9.2124750247063
0.0185669550528586 9.2836127712942
0.0187081547287037 9.3542095699914
0.0188482965950119 9.42427757607181
0.0189874040767595 9.49382849630896
0.0191254997468643 9.56287361182469
0.0192626053689565 9.63142379943071
0.0193987419374284 9.69948955163614
0.01953392971497 9.76708099538838
0.0196681882677836 9.83420790965878
0.0198015364986471 9.9008797419567
0.0199339926779878 9.96710562384556
0.020065574473108 10.0328943855381
0.0201962989756976 10.0982545696432
0.020326182727753 10.1631944441055
0.020455241746015 10.2277220144177
0.0205834915450268 10.2918450351323
0.0207109471589072 10.3555710207348
0.0208376231619239 10.4189072559322
0.0209635336879489 10.4818608053576
0.0210886924488675 10.5444385227788
0.0212131127520094 10.6066470597957
0.0213368075166652 10.6684928741019
0.0214597892897458 10.7299822372909
0.0215820702606384 10.7911212422978
0.0217036622753092 10.8519158104314
0.0218245768496985 10.9123716980736
0.0219448251824519 10.9724945030337
0.0220644181670266 11.0322896705982
0.0221833664032101 11.0917624992941
0.022301680208086 11.1509181463579
0.0224193696264793 11.2097616329558
0.0225364444409096 11.2682978491643
0.0226529141810827 11.3265315587058
0.0227687881329436 11.3844674034718
0.0228840753473183 11.4421099078465
0.0229987846481647 11.4994634828201
0.0231129246404551 11.5565324299384
0.0232265037177104 11.6133209450662
0.023339530069204 11.6698331219738
0.0234520116868527 11.7260729557967
0.0235639563718127 11.7820443463281
0.0236753717407936 11.8377511011625
0.023786265232107 11.893196938733
0.023896644111462 11.9483854912025
0.0240065154775213 12.0033203072303
0.0241158862672289 12.0580048546566
0.0242247632609219 12.1124425230326
0.0243331530872357 12.1666366260872
0.0244410622278139 12.2205904040793
0.0245484970218319 12.2743070260514
0.0246554636703429 12.3277895920092
0.0247619682404545 12.3810411350073
0.0248680166693453 12.4340646231481
0.0249736147681268 12.4868629615258
0.0250787682255601 12.5394389940728
0.0251834826116318 12.591795505352
0.0252877633809974 12.6439352222793
0.0253916158762974 12.6958608157712
0.025495045331351 12.7475749023565
0.0255980568742345 12.7990800457034
0.0257006555302487 12.8503787581012
0.0258028462247792 12.9014735018981
0.0259046337860559 12.952366690877
0.0260060229478153 13.0030606915868
0.0261070183518692 13.0535578246219
0.0262076245505848 13.1038603658664
0.0263078460092793 13.153970547691
0.0264076871085323 13.2038905601075
0.0265071521464207 13.2536225518838
0.0266062453406773 13.3031686316246
0.0267049708307784 13.3525308688164
0.026803332679961 13.4017112948308
0.026901334877175 13.4507119039127
0.0269989813389702 13.4995346541043
0.0270962759113234 13.5481814681729
0.0271932223714054 13.5966542344938
0.0272898244292927 13.6449548078951
0.0273860857296239 13.6930850104932
0.0274820098532044 13.7410466325028
0.0275776003185608 13.7888414329946
0.0276728605834467 13.8364711406655
0.0277677940463026 13.8839374545569
0.0278624040476702 13.9312420447675
0.0279566938715641 13.9783865531422
0.0280506667468023 14.0253725939245
0.028144325848296 14.0722017544165
0.0282376742983016 14.1188755955962
0.0283307151676347 14.1653956527215
0.0284234514768496 14.2117634359244
0.0285158861973828 14.2579804307876
0.0286080222526646 14.3040480988903
0.0286998625191974 14.3499678783533
0.0287914098276043 14.3957411843575
0.0288826669636463 14.4413694096658
0.0289736366692121 14.4868539250985
0.029064321643279 14.5321960800289
0.0291547245428474 14.5773972028416
0.0292448479838492 14.6224586013948
0.0293346945420309 14.6673815634521
0.0294242667538129 14.7121673571202
0.0295135671171246 14.7568172312641
0.0296025980922175 14.8013324159045
0.029691362102456 14.8457141226379
0.0297798615350871 14.8899635449845
0.0298680987419895 14.9340818587953
0.029956076040403 14.9780702226038
0.0300437957136384 15.0219297779768
0.0301312600117691 15.0656616498684
0.0302184711523044 15.109266946952
0.0303054313208458 15.1527467619461
0.0303921426717257 15.1961021719403
0.0304786073286305 15.2393342386986
0.030564827385207 15.2824440089729
0.0306508049056548 15.3254325147954
0.0307365419253019 15.3683007737535
0.0308220404511676 15.4110497892921
0.0309073024625104 15.4536805509695
0.0309923299113629 15.4961940347428
0.0310771247230527 15.5385912032082
0.0311616887967117 15.5808730058687
0.0312460240057721 15.6230403793824
0.0313301321984506 15.6650942477968
0.0314140151982212 15.7070355227938
0.0314976748042764 15.7488651039119
0.0315811127919773 15.7905838787778
0.0316643309132935 15.832192723318
0.0317473308972321 15.8736925019871
0.031830114450257 15.9150840679689
0.0319126832566981 15.9563682633758
0.0319950389791513 15.9975459194534
0.032077183258869 16.0386178567852
0.0321591177161419 16.0795848854679
0.0322408439506717 16.1204478053087
0.0323223635419356 16.1612074059945
0.0324036780495428 16.201864467295
0.0324847890135819 16.2424197592108
0.032565697954962 16.2828740421493
0.032646406375745 16.3232280671073
0.0327269157594712 16.3634825758113
0.0328072275714772 16.4036383008885
0.0328873432592073 16.4436959660293
0.0329672642525181 16.4836562861189
0.0330469919639756 16.5235199674089
0.0331265277891472 16.5632877076428
0.0332058731068862 16.6029601962175
0.033285029279611 16.6425381143014
0.0333639976535781 16.6820221349957
0.0334427795591488 16.7214129234461
0.0335213763110514 16.7607111369844
0.0335997892086365 16.7999174252517
0.0336780195361282 16.8390324303367
0.0337560685628691 16.8780567868728
0.0338339375435608 16.9169911221875
0.0339116277184992 16.9558360563973
0.033989140313805 16.9945922025367
0.0340664765416495 17.0332601666563
0.0341436376004757 17.0718405479572
0.0342206246752151 17.1103339388782
0.0342974389374999 17.1487409252053
0.0343740815458712 17.1870620861902
0.0344505536459825 17.225297994633
0.0345268563708002 17.2634492169857
0.0346029908407985 17.3015163134702
0.0346789581641524 17.3394998381416
0.0347547594369251 17.3774003390177
0.0348303957432529 17.4152183581379
0.034905868155526 17.4529544316763
0.0349811777345659 17.490609090023
0.0350563255297994 17.528182857866
0.0351313125794292 17.5656762542905
0.0352061399106014 17.6030897928494
0.0352808085395693 17.6404239816451
0.0353553194718548 17.6776793234222
0.0354296737024062 17.7148563156356
0.0355038722157532 17.7519554505312
0.0355779159861593 17.7889772152171
0.0356518059777704 17.825922091755
0.035725543144762 17.8627905572106
0.0357991284314825 17.8995830837402
0.0358725627725946 17.9363001386592
0.0359458470932136 17.9729421845104
0.0360189823090433 18.0095096791235
0.03609196932651 18.0460030757001
0.0361648090428928 18.0824228228636
0.0362375023464531 18.118769364725
0.0363100501165603 18.1550431409587
0.0363824532238166 18.1912445868453
0.0364547125301781 18.227374133352
0.0365268288890751 18.2634322071753
0.0365988031455298 18.2994192308129
0.0366706361362711 18.3353356226193
0.036742328689849 18.3711817968503
0.0368138816267454 18.4069581637364
0.0368852957594841 18.4426651295248
0.0369565718927381 18.4783030965382
0.0370277108234356 18.5138724632292
0.0370987133408641 18.5493736242296
0.0371695802267722 18.5848069703939
0.0372403122554702 18.6201728888741
0.037310910193929 18.6554717631386
0.0373813748018769 18.6907039730441
0.0374517068318948 18.7258698948613
0.0375219070295107 18.7609699013534
0.037591976133291 18.7960043617832
0.0376619148749317 18.8309736419932
0.0377317239793476 18.8658781044246
0.0378014041647596 18.9007181081822
0.0378709561427813 18.9354940090577
0.0379403806185035 18.9702061595904
0.0380096782905775 19.004854909094
0.0380788498512978 19.0394406037019
0.0381478959866818 19.0739635864164
0.0382168173765502 19.1084241971415
0.0382856146946042 19.1428227727154
0.038354288608503 19.1771596469554
0.038422839779939 19.2114351507001
0.0384912688647123 19.24564961184
0.038559576512804 19.2798033553569
0.038627763368448 19.3138967033606
0.0386958300702023 19.3479299751195
0.0387637772510183 19.381903487102
0.0388316055383096 19.4158175530069
0.0388993155540199 19.4496724837943
0.0389669079146893 19.4834685877299
0.0390343832315195 19.5172061704044
0.0391017421104389 19.5508855347747
0.0391689851521657 19.5845069811937
0.0392361129522703 19.6180708074374
0.0393031261012374 19.6515773087394
0.0393700251845259 19.6850267778202
0.0394368107826289 19.7184195049243
0.0395034834711327 19.751755777831
0.0395700438207742 19.7850358819107
0.0396364923974983 19.8182601001216
0.0397028297625138 19.8514287130676
0.0397690564723489 19.8845419989956
0.0398351730789055 19.9176002338601
0.0399011801295129 19.950603691314
0.0399670781669807 19.983552642758
0.0400328677296508 20.016447357349
0.040098549351449 20.0492881020528
0.040164123561935 20.0820751416426
0.0402295908863529 20.1148087387323
0.0402949518456798 20.1474891538005
0.0403602069566741 20.1801166452256
0.0404253567319237 20.2126914692912
0.0404904016798924 20.245213880228
0.0405553423049666 20.2776841302236
0.0406201791075006 20.3101024694462
0.0406849125838621 20.3424691460748
0.0407495432264757 20.3747844063182
0.0408140715238677 20.4070484944327
0.0408784979607079 20.439261652746
0.0409428230178534 20.4714241216842
0.0410070471723893 20.5035361397827
0.0410711708976709 20.5355979437151
0.0411351946633638 20.5676097683106
0.0411991189354843 20.5995718465694
0.0412629441764389 20.6314844096922
0.0413266708450633 20.6633476870931
0.0413902993966612 20.695161906418
0.0414538302830416 20.7269272935634
0.041517263952557 20.7586440727073
0.0415806008501395 20.7903124663068
0.041643841417338 20.8219326951296
0.0417069860923537 20.8535049782786
0.0417700353100754 20.8850295331874
0.0418329895021148 20.9165065756633
0.0418958490968408 20.9479363198822
0.0419586145194133 20.9793189784215
0.0420212861918172 21.0106547622679
0.0420838645328952 21.0419438808421
0.0421463499583805 21.0731865420046
0.0422087428809289 21.1043829520783
0.042271043710151 21.1355333158644
0.042333252852643 21.1666378366618
0.0423953707120183 21.197696716268
0.0424573976889374 21.2287101550103
0.0425193341811386 21.2596783517567
0.0425811805834674 21.2906015039238
0.0426429372879061 21.3214798075004
0.0427046046836025 21.3523134570549
0.042766183156899 21.3831026457555
0.0428276730913602 21.4138475653857
0.0428890748678012 21.4445484063441
0.0429503888643152 21.4752053576782
0.0430116154563002 21.5058186070806
0.0430727550164863 21.5363883409114
0.0431338079149619 21.5669147442171
0.0431947745191998 21.5973980007268
0.0432556551940834 21.6278382928798
0.0433164503019317 21.6582358018327
0.0433771602025245 21.6885907074715
0.0434377852531276 21.7189031884276
0.0434983258085172 21.7491734220824
0.0435587822210037 21.7794015845922
0.0436191548404564 21.8095878508882
0.0436794440143262 21.8397323946904
0.0437396500876698 21.8698353885279
0.0437997734031723 21.8998970037392
0.0438598143011698 21.9299174104858
0.0439197731196722 21.9598967777735
0.0439796501943853 21.989835273453
0.0440394458587328 22.0197330642304
0.0440991604438778 22.049590315687
0.0441587942787442 22.0794071922837
0.044218347690038 22.1091838573672
0.0442778210022681 22.1389204731906
0.0443372145377669 22.168617200918
0.0443965286167108 22.1982742006349
0.0444557635571401 22.227891631358
0.0445149196749792 22.2574696510519
0.0445739972840559 22.2870084166238
0.0446329966961211 22.3165080839472
0.0446919182208682 22.3459688078635
0.0447507621659514 22.3753907422011
0.0448095288370049 22.404774039776
0.0448682185376615 22.4341188523987
0.0449268315695708 22.4634253308939
0.0449853682324169 22.4926936250999
0.0450438288239369 22.5219238838822
0.0451022136399382 22.5511162551454
0.0451605229743162 22.5802708858345
0.0452187571190711 22.6093879219469
0.0452769163643254 22.6384675085433
0.0453350009983409 22.6675097897481
0.0453930113075346 22.6965149087719
0.0454509475764962 22.7254830079038
0.0455088100880034 22.7544142285354
0.0455665991230388 22.7833087111545
0.0456243149608053 22.8121665953573
0.0456819578787421 22.8409880198647
0.0457395281525402 22.8697731225209
0.0457970260561578 22.8985220402986
0.0458544518618354 22.9272349093193
0.0459118058401109 22.9559118648532
0.0459690882598346 22.984553041319
0.0460262993881837 23.0131585723019
0.046083439490677 23.0417285905649
0.0461405088311891 23.0702632280434
0.0461975076719649 23.0987626158504
0.0462544362736333 23.127226884306
0.0463112948952213 23.1556561629212
0.046368083794168 23.184050580412
0.0464248032263375 23.2124102647094
0.0464814534460333 23.2407353429619
0.0465380347060106 23.2690259415482
0.0465945472574902 23.2972821860746
0.0466509913501713 23.3255042013919
0.0467073672322443 23.3536921115908
0.0467636751504034 23.3818460400201
0.0468199153498595 23.4099661092807
0.0468760880743526 23.4380524412424
0.0469321935661638 23.4661051570432
0.0469882320661281 23.4941243771022
0.0470442038136456 23.5221102211126
0.0471001090466944 23.5500628080666
0.0471559480018416 23.5779822562451
0.0472117209142556 23.6058686832299
0.047267428017717 23.6337222059117
0.0473230695446308 23.6615429404883
0.047378645726037 23.6893310024804
0.0474341567916223 23.7170865067307
0.0474896029697309 23.7448095674074
0.0475449844873754 23.7725002980199
0.0476003015702481 23.8001588114091
0.0476555544427312 23.8277852197647
0.0477107433279076 23.8553796346301
0.0477658684475715 23.8829421668982
0.0478209300222388 23.9104729268269
0.0478759282711573 23.9379720240354
0.0479308634123168 23.9654395675237
0.0479857356624594 23.9928756656574
0.0480405452370893 24.0202804261864
0.048095292350483 24.0476539562513
0.0481499772156984 24.0749963623786
0.0482046000445852 24.1023077504923
0.0482591610477942 24.1295882259145
0.0483136604347864 24.1568378933756
0.0483680984138432 24.1840568570161
0.0484224751920748 24.211245220388
0.0484767909754301 24.2384030864659
0.0485310459687053 24.2655305576487
0.0485852403755533 24.2926277357568
0.0486393743984923 24.3196947220531
0.0486934482389149 24.3467316172295
0.0487474620970965 24.3737385214258
0.0488014161722044 24.4007155342214
0.0488553106623059 24.4276627546508
0.0489091457643771 24.4545802812013
0.0489629216743114 24.4814682118138
0.0490166385869274 24.5083266439041
0.0490702966959774 24.5351556743438
0.0491238961941555 24.5619553994772
0.0491774372731059 24.588725915128
0.0492309201234303 24.615467316594
0.0492843449346965 24.642179698661
0.0493377118954459 24.6688631555937
0.0493910211932013 24.6955177811591
0.0494442730144744 24.7221436686078
0.0494974675447739 24.7487409106941
0.0495506049686125 24.7753095996727
0.0496036854695146 24.8018498273068
0.049656709230024 24.8283616848666
0.0497096764317107 24.854845263135
0.0497625872551784 24.8813006524139
0.0498154418800715 24.907727942525
0.0498682404850829 24.9341272228123
0.0499209832479599 24.9604985821488
0.0499736703455122 24.9868421089401
