0.00360843918243516 3.60843918243516
0.00871154281323345 4.48399334508941
0.0113531036307983 5.7344818460087
0.0134668783648703 6.7681485540923
0.0152855936694691 7.66653245755631
0.0169075500694306 8.47131406256386
0.0183858674626565 9.20657312890684
0.0197532399594212 9.88761845657872
0.0210315248089021 10.5248748570514
0.0222362041619964 11.1258122803239
0.0233787254616452 11.6959968775284
0.0244678388469542 12.2397065200526
0.0255104124966633 12.7603124165831
0.0265119556183464 13.2605268755321
0.0274769679810567 13.7425703930287
0.0284091815891143 14.2082879813756
0.0293117326225383 14.6592323808795
0.0301872867851925 15.0967249859038
0.0310381326325423 15.5219013668433
0.031866252349345 15.9357458929566
0.0326733763033513 16.3391184832008
0.0334610257038119 16.7327755666959
0.0342305463907376 17.1173867139482
0.034983135910743 17.493547983465
0.0357198654418395 17.8617927430934
0.0364416977170255 18.2226005263674
0.0371495018048497 18.5764043429665
0.0378440653956493 18.923596760713
0.0385261050895844 19.2645350022843
0.0391962750699874 19.5995452449226
0.0398551744614544 19.9289262703263
0.0405033536085951 20.2529525808428
0.0411413194629144 20.5718770743259
0.0417695402279756 20.8859333517159
0.0423884493840035 21.195337717143
0.0429984491903601 21.5002909191875
0.0435999137463875 21.8009796730865
0.0441931916768418 22.0975779966514
0.0447786084967152 22.3902483870216
0.0453564687010319 22.6791428608267
0.0459270576177349 22.9644038766531
0.0464906430556901 23.2461651556866
0.0470474767748383 23.5245524139401
0.0475977958014096 23.7996840174357
0.0481418236077048 24.0716715700228
0.0486797711731104 24.3406204421072
0.049211837940643 24.606630247392
0.049738212681329 24.8697952737452
