0 918.01022264838
0.0001 918.00522264838
0.0002 917.996889315047
0.0003 917.983889315047
0.0004 917.96603217219
0.0005 917.943254394412
0.0006 917.915527121685
0.0007 917.882834813993
0.0008 917.845168147326
0.0009 917.802521088503
0.001 917.754889509556
0.0011 917.702270461937
0.0012 917.644661766284
0.0013 917.582061766284
0.0014 917.514469173692
0.0015 917.441882966795
0.0016 917.364302321634
0.0017 917.281726564057
0.0018 917.194155135485
0.0019 917.101587567917
0.002 917.004023465353
0.0021 916.901462489743
0.0022 916.793904350208
0.0023 916.681348794652
0.0024 916.563795603162
0.0025 916.441244582754
0.0026 916.313695563146
0.0027 916.181148393335
0.0028 916.043602938789
0.0029 915.901059079139
0.003 915.753516706258
0.0031 915.600975722651
0.0032 915.443436040111
0.0033 915.280897578572
0.0034 915.113360265138
0.0035 914.940824033254
0.0036 914.763288821986
0.0037 914.580754575411
0.0038 914.393221242077
0.0039 914.200688774544
0.004 914.003157128975
0.0041 913.800626264777
0.0042 913.593096144294
0.0043 913.380566732528
0.0044 913.163037996896
0.0045 912.940509907007
0.0046 912.712982434479
0.0047 912.480455552757
0.0048 912.242929236967
0.0049 912.00040346377
0.005 911.752878211244
0.0051 911.500353458768
0.0052 911.242829186923
0.0053 910.980305377398
0.0054 910.712782012911
0.0055 910.440259077131
0.0056 910.162736554607
0.0057 909.880214430713
0.0058 909.592692691582
0.0059 909.30017132406
0.006 909.002650315656
0.0061 908.700129654498
0.0062 908.392609329294
0.0063 908.080089329293
0.0064 907.762569644253
0.0065 907.440050264407
0.0066 907.112531180436
0.0067 906.780012383442
0.0068 906.442493864923
0.0069 906.099975616746
0.007 905.752457631134
0.0071 905.399939900637
0.0072 905.042422418119
0.0073 904.679905176739
0.0074 904.312388169936
0.0075 903.939871391411
0.0076 903.562354835119
0.0077 903.179838495249
0.0078 902.792322366217
0.0079 902.399806442649
0.008 902.002290719378
0.0081 901.599775191428
0.0082 901.192259854004
0.0083 900.779744702489
0.0084 900.362229732428
0.0085 899.939714939528
0.0086 899.512200319645
0.0087 899.079685868778
0.0088 898.642171583063
0.0089 898.199657458769
0.009 897.752143492288
0.0091 897.299629680134
0.0092 896.842116018931
0.0093 896.379602505418
0.0094 895.912089136434
0.0095 895.43957590892
0.0096 894.962062819915
0.0097 894.479549866547
0.0098 893.992037046034
0.0099 893.499524355678
0.01 893.002011792863
0.0101 892.499499355052
0.0102 891.99198703978
0.0103 891.479474844658
0.0104 890.961962767363
0.0105 890.43945080564
0.0106 889.911938957298
0.0107 889.379427220208
0.0108 888.841915592301
0.0109 888.299404071563
0.011 887.751892656038
0.0111 887.19938134382
0.0112 886.641870133058
0.0113 886.079359021946
0.0114 885.51184800873
0.0115 884.939337091699
0.0116 884.361826269187
0.0117 883.779315539573
0.0118 883.191804901274
0.0119 882.59929435275
0.012 882.001783892498
0.0121 881.399273519053
0.0122 880.791763230986
0.0123 880.179253026903
0.0124 879.561742905444
0.0125 878.939232865282
0.0126 878.311722905122
0.0127 877.679213023697
0.0128 877.041703219774
0.0129 876.399193492146
0.013 875.751683839635
0.0131 875.099174261089
0.0132 874.441664755385
0.0133 873.779155321421
0.0134 873.111645958124
0.0135 872.439136664443
0.0136 871.76162743935
0.0137 871.07911828184
0.0138 870.391609190931
0.0139 869.69910016566
0.014 869.001591205086
0.0141 868.299082308288
0.0142 867.591573474365
0.0143 866.879064702435
0.0144 866.161555991633
0.0145 865.439047341113
0.0146 864.711538750047
0.0147 863.979030217624
0.0148 863.241521743047
0.0149 862.499013325538
0.015 861.751504964334
0.0151 860.998996658686
0.0152 860.241488407861
0.0153 859.47898021114
0.0154 858.711472067817
0.0155 857.938963977202
0.0156 857.161455938617
0.0157 856.378947951396
0.0158 855.591440014887
0.0159 854.798932128451
0.016 854.00142429146
0.0161 853.198916503298
0.0162 852.39140876336
0.0163 851.578901071051
0.0164 850.761393425791
0.0165 849.938885827006
0.0166 849.111378274136
0.0167 848.278870766628
0.0168 847.441363303941
0.0169 846.598855885543
0.017 845.751348510912
0.0171 844.898841179534
0.0172 844.041333890904
0.0173 843.178826644527
0.0174 842.311319439916
0.0175 841.438812276592
0.0176 840.561305154085
0.0177 839.678798071932
0.0178 838.791291029678
0.0179 837.898784026877
0.018 837.001277063088
0.0181 836.09877013788
0.0182 835.191263250828
0.0183 834.278756401513
0.0184 833.361249589524
0.0185 832.438742814456
0.0186 831.511236075912
0.0187 830.578729373499
0.0188 829.641222706832
0.0189 828.698716075532
0.019 827.751209479225
0.0191 826.798702917545
0.0192 825.841196390129
0.0193 824.878689896622
0.0194 823.911183436672
0.0195 822.938677009936
0.0196 821.961170616073
0.0197 820.978664254749
0.0198 819.991157925634
0.0199 818.998651628404
0.02 818.001145362739
0.0201 816.998639128324
0.0202 815.991132924849
0.0203 814.978626752009
0.0204 813.961120609502
0.0205 812.938614497032
0.0206 811.911108414306
0.0207 810.878602361036
0.0208 809.841096336939
0.0209 808.798590341735
0.021 807.751084375147
0.0211 806.698578436904
0.0212 805.641072526738
0.0213 804.578566644384
0.0214 803.511060789582
0.0215 802.438554962076
0.0216 801.361049161611
0.0217 800.278543387939
0.0218 799.191037640812
0.0219 798.098531919987
0.022 797.001026225226
0.0221 795.898520556291
0.0222 794.79101491295
0.0223 793.678509294972
0.0224 792.561003702131
0.0225 791.438498134201
0.0226 790.310992590964
0.0227 789.1784870722
0.0228 788.040981577694
0.0229 786.898476107233
0.023 785.75097066061
0.0231 784.598465237616
0.0232 783.440959838048
0.0233 782.278454461703
0.0234 781.110949108384
0.0235 779.938443777893
0.0236 778.760938470037
0.0237 777.578433184624
0.0238 776.390927921466
0.0239 775.198422680376
0.024 774.000917461168
0.0241 772.798412263662
0.0242 771.590907087678
0.0243 770.378401933038
0.0244 769.160896799567
0.0245 767.938391687091
0.0246 766.71088659544
0.0247 765.478381524445
0.0248 764.240876473939
0.0249 762.998371443757
0.025 761.750866433735
0.0251 760.498361443714
0.0252 759.240856473533
0.0253 757.978351523037
0.0254 756.710846592069
0.0255 755.438341680476
0.0256 754.160836788107
0.0257 752.878331914811
0.0258 751.590827060441
0.0259 750.298322224849
0.026 749.000817407892
0.0261 747.698312609426
0.0262 746.390807829309
0.0263 745.078303067402
0.0264 743.760798323567
0.0265 742.438293597667
0.0266 741.110788889568
0.0267 739.778284199134
0.0268 738.440779526235
0.0269 737.09827487074
0.027 735.750770232519
0.0271 734.398265611445
0.0272 733.040761007392
0.0273 731.678256420235
0.0274 730.310751849849
0.0275 728.938247296114
0.0276 727.560742758907
0.0277 726.17823823811
0.0278 724.790733733604
0.0279 723.398229245272
0.028 722.000724772999
0.0281 720.598220316669
0.0282 719.19071587617
0.0283 717.778211451389
0.0284 716.360707042216
0.0285 714.938202648542
0.0286 713.510698270256
0.0287 712.078193907252
0.0288 710.640689559424
0.0289 709.198185226667
0.029 707.750680908875
0.0291 706.298176605947
0.0292 704.840672317781
0.0293 703.378168044274
0.0294 701.910663785329
0.0295 700.438159540845
0.0296 698.960655310724
0.0297 697.478151094871
0.0298 695.990646893188
0.0299 694.498142705582
0.03 693.000638531958
0.0301 691.498134372223
0.0302 689.990630226284
0.0303 688.478126094051
0.0304 686.960621975433
0.0305 685.438117870341
0.0306 683.910613778687
0.0307 682.378109700382
0.0308 680.840605635339
0.0309 679.298101583474
0.031 677.7505975447
0.0311 676.198093518934
0.0312 674.640589506091
0.0313 673.078085506089
0.0314 671.510581518847
0.0315 669.938077544283
0.0316 668.360573582316
0.0317 666.778069632867
0.0318 665.190565695858
0.0319 663.59806177121
0.032 662.000557858845
0.0321 660.398053958687
0.0322 658.790550070661
0.0323 657.17804619469
0.0324 655.560542330701
0.0325 653.938038478619
0.0326 652.310534638372
0.0327 650.678030809887
0.0328 649.040526993091
0.0329 647.398023187915
0.033 645.750519394287
0.0331 644.098015612137
0.0332 642.440511841397
0.0333 640.778008081997
0.0334 639.110504333869
0.0335 637.438000596947
0.0336 635.760496871163
0.0337 634.077993156452
0.0338 632.390489452747
0.0339 630.697985759983
0.034 629.000482078097
0.0341 627.297978407023
0.0342 625.5904747467
0.0343 623.877971097064
0.0344 622.160467458052
0.0345 620.437963829604
0.0346 618.710460211658
0.0347 616.977956604153
0.0348 615.240453007029
0.0349 613.497949420228
0.035 611.750445843689
0.0351 609.997942277354
0.0352 608.240438721165
0.0353 606.477935175064
0.0354 604.710431638995
0.0355 602.937928112901
0.0356 601.160424596726
0.0357 599.377921090413
0.0358 597.590417593908
0.0359 595.797914107157
0.036 594.000410630104
0.0361 592.197907162696
0.0362 590.39040370488
0.0363 588.577900256603
0.0364 586.760396817812
0.0365 584.937893388455
0.0366 583.110389968481
0.0367 581.277886557838
0.0368 579.440383156477
0.0369 577.597879764345
0.037 575.750376381394
0.0371 573.897873007574
0.0372 572.040369642835
0.0373 570.177866287129
0.0374 568.310362940408
0.0375 566.437859602623
0.0376 564.560356273727
0.0377 562.677852953673
0.0378 560.790349642414
0.0379 558.897846339902
0.038 557.000343046093
0.0381 555.097839760941
0.0382 553.190336484399
0.0383 551.277833216424
0.0384 549.36032995697
0.0385 547.437826705994
0.0386 545.51032346345
0.0387 543.577820229296
0.0388 541.640317003489
0.0389 539.697813785984
0.039 537.75031057674
0.0391 535.797807375714
0.0392 533.840304182865
0.0393 531.87780099815
0.0394 529.910297821529
0.0395 527.93779465296
0.0396 525.960291492402
0.0397 523.977788339815
0.0398 521.99028519516
0.0399 519.997782058396
0.04 518.000278929483
0.0401 515.997775808383
0.0402 513.990272695057
0.0403 511.977769589465
0.0404 509.96026649157
0.0405 507.937763401334
0.0406 505.910260318719
0.0407 503.877757243687
0.0408 501.840254176201
0.0409 499.797751116224
0.041 497.75024806372
0.0411 495.697745018652
0.0412 493.640241980984
0.0413 491.577738950679
0.0414 489.510235927703
0.0415 487.43773291202
0.0416 485.360229903595
0.0417 483.277726902394
0.0418 481.19022390838
0.0419 479.097720921521
0.042 477.000217941782
0.0421 474.89771496913
0.0422 472.790212003529
0.0423 470.677709044948
0.0424 468.560206093353
0.0425 466.437703148711
0.0426 464.310200210989
0.0427 462.177697280155
0.0428 460.040194356177
0.0429 457.897691439023
0.043 455.750188528661
0.0431 453.597685625059
0.0432 451.440182728186
0.0433 449.277679838012
0.0434 447.110176954504
0.0435 444.937674077632
0.0436 442.760171207367
0.0437 440.577668343677
0.0438 438.390165486533
0.0439 436.197662635904
0.044 434.000159791762
0.0441 431.797656954076
0.0442 429.590154122817
0.0443 427.377651297957
0.0444 425.160148479467
0.0445 422.937645667317
0.0446 420.710142861479
0.0447 418.477640061925
0.0448 416.240137268628
0.0449 413.997634481558
0.045 411.750131700689
0.0451 409.497628925993
0.0452 407.240126157442
0.0453 404.977623395009
0.0454 402.710120638668
0.0455 400.437617888392
0.0456 398.160115144153
0.0457 395.877612405926
0.0458 393.590109673683
0.0459 391.2976069474
0.046 389.00010422705
0.0461 386.697601512608
0.0462 384.390098804047
0.0463 382.077596101342
0.0464 379.760093404469
0.0465 377.437590713401
0.0466 375.110088028115
0.0467 372.777585348584
0.0468 370.440082674786
0.0469 368.097580006694
0.047 365.750077344285
0.0471 363.397574687535
0.0472 361.04007203642
0.0473 358.677569390915
0.0474 356.310066750998
0.0475 353.937564116644
0.0476 351.56006148783
0.0477 349.177558864534
0.0478 346.790056246731
0.0479 344.397553634399
0.048 342.000051027514
0.0481 339.597548426056
0.0482 337.19004583
0.0483 334.777543239324
0.0484 332.360040654007
0.0485 329.937538074025
0.0486 327.510035499358
0.0487 325.077532929983
0.0488 322.640030365878
0.0489 320.197527807023
0.049 317.750025253395
0.0491 315.297522704973
0.0492 312.840020161736
0.0493 310.377517623663
0.0494 307.910015090733
0.0495 305.437512562925
0.0496 302.960010040219
0.0497 300.477507522594
0.0498 297.990005010029
0.0499 295.497502502504
0.05 293
