0.0005 0.499999999999886
0.0015 0.833333333333371
0.0025 1.29999999999995
0.0035 1.78571428571433
0.0045 2.27777777777771
0.0055 2.77272727272737
0.0065 3.26923076923071
0.0075 3.76666666666643
0.0085 4.26470588235282
0.0095 4.76315789473664
0.0105 5.26190476190437
0.0115 5.76086956521715
0.0125 6.25999999999976
0.0135 6.75925925925912
0.0145 7.25862068965491
0.0155 7.75806451612879
0.0165 8.25757575757552
0.0175 8.75714285714266
0.0185 9.25675675675662
0.0195 9.75641025641016
0.0205 10.2560975609754
0.0215 10.7558139534883
0.0225 11.2555555555555
0.0235 11.7553191489361
0.0245 12.2551020408163
0.0255 12.7549019607843
0.0265 13.254716981132
0.0275 13.7545454545453
0.0285 14.2543859649122
0.0295 14.7542372881354
0.0305 15.2540983606554
0.0315 15.7539682539681
0.0325 16.2538461538461
0.0335 16.7537313432832
0.0345 17.2536231884056
0.0355 17.7535211267604
0.0365 18.2534246575341
0.0375 18.753333333333
0.0385 19.2532467532466
0.0395 19.7531645569618
0.0405 20.2530864197529
0.0415 20.7530120481926
0.0425 21.2529411764703
0.0435 21.7528735632181
0.0445 22.2528089887636
0.0455 22.7527472527469
0.0465 23.2526881720426
0.0475 23.752631578947
0.0485 24.2525773195872
0.0495 24.7525252525248
