0 918.734443712109
0.001 918.234443712109
0.002 917.401110378776
0.003 916.101110378776
0.004 914.315396093062
0.005 912.037618315284
0.006 909.264891042557
0.007 905.995660273326
0.008 902.22899360666
0.009 897.964287724307
0.01 893.20112982957
0.011 887.939225067666
0.012 882.178355502449
0.013 875.918355502449
0.014 869.15909624319
0.015 861.900475553535
0.016 854.142411037406
0.017 845.88483527983
0.018 837.127692422688
0.019 827.870935665931
0.02 818.114525409521
0.021 807.858427848546
0.022 797.102613895057
0.023 785.847058339502
0.024 774.091739190566
0.025 761.836637149749
0.026 749.081735188965
0.027 735.827018207833
0.028 722.072472753288
0.029 707.818086788376
0.03 693.06384950024
0.031 677.809751139585
0.032 662.055782885617
0.033 645.801936731771
0.034 629.048205388487
0.035 611.794582200082
0.036 594.041061073321
0.037 575.787636415787
0.038 557.034303082454
0.039 537.781056329208
0.04 518.027891772246
0.041 497.774805352493
0.042 477.0217933043
0.043 455.76885212783
0.044 434.015978564612
0.045 411.763169575848
0.046 389.010422323101
0.047 365.757734151059
0.048 342.005102572112
0.049 317.752525252525
0.05 293
