0 918.00946253134
9.59692898272553e-05 918.004857479045
0.000191938579654511 917.997182391887
0.000287907869481766 917.985209255919
0.000383877159309021 917.96876264058
0.000479846449136276 917.947784069014
0.000575815738963532 917.922246960833
0.000671785028790787 917.892137003519
0.000767754318618042 917.857445609564
0.000863723608445298 917.818167222342
0.000959692898272553 917.774298039953
0.00105566218809981 917.725835346753
0.00115163147792706 917.672777135528
0.00124760076775432 917.615121880795
0.00134357005758157 917.552868396067
0.00143953934740883 917.486015740336
0.00153550863723608 917.414563154726
0.00163147792706334 917.33851001834
0.0017274472168906 917.257855816716
0.00182341650671785 917.172600118823
0.00191938579654511 917.082742559938
0.00201535508637236 916.988282828716
0.00211132437619962 916.889220657254
0.00220729366602687 916.785555813369
0.00230326295585413 916.677288094519
0.00239923224568138 916.564417322962
0.00249520153550864 916.446943341869
0.00259117082533589 916.324866012162
0.00268714011516315 916.198185209938
0.0027831094049904 916.066900824335
0.00287907869481766 915.931012755766
0.00297504798464491 915.790520914439
0.00307101727447217 915.645425219113
0.00316698656429942 915.495725596047
0.00326295585412668 915.341421978103
0.00335892514395394 915.182514303983
0.00345489443378119 915.019002517565
0.00355086372360845 914.850886567345
0.0036468330134357 914.678166405935
0.00374280230326296 914.500841989641
0.00383877159309021 914.318913278089
0.00393474088291747 914.132380233894
0.00403071017274472 913.941242822374
0.00412667946257198 913.745501011295
0.00422264875239923 913.545154770645
0.00431861804222649 913.340204072438
0.00441458733205374 913.130648890532
0.004510556621881 912.91648920047
0.00460652591170825 912.697724979341
0.00470249520153551 912.474356205652
0.00479846449136276 912.24638285921
0.00489443378119002 912.013804921025
0.00499040307101727 911.776622373211
0.00508637236084453 911.534835198904
0.00518234165067179 911.288443382187
0.00527831094049904 911.037446908018
0.0053742802303263 910.781845762167
0.00547024952015355 910.521639931163
0.00556621880998081 910.256829402235
0.00566218809980806 909.987414163268
0.00575815738963532 909.713394202758
0.00585412667946257 909.43476950977
0.00595009596928983 909.151540073904
0.00604606525911708 908.863705885258
0.00614203454894434 908.5712669344
0.00623800383877159 908.274223212334
0.00633397312859885 907.972574710478
0.0064299424184261 907.666321420636
0.00652591170825336 907.355463334976
0.00662188099808061 907.04000044601
0.00671785028790787 906.719932746573
0.00681381957773513 906.395260229805
0.00690978886756238 906.065982889134
0.00700575815738964 905.732100718258
0.00710172744721689 905.393613711134
0.00719769673704415 905.050521861963
0.0072936660268714 904.702825165175
0.00738963531669866 904.350523615419
0.00748560460652591 903.993617207551
0.00758157389635317 903.632105936624
0.00767754318618042 903.265989797877
0.00777351247600768 902.895268786726
0.00786948176583493 902.519942898758
0.00796545105566219 902.140012129718
0.00806142034548944 901.755476475506
0.0081573896353167 901.366335932165
0.00825335892514396 900.972590495879
0.00834932821497121 900.574240162963
0.00844529750479846 900.17128492986
0.00854126679462572 899.763724793131
0.00863723608445298 899.351559749456
0.00873320537428023 898.934789795621
0.00882917466410748 898.513414928521
0.00892514395393474 898.087435145148
0.009021113243762 897.656850442594
0.00911708253358925 897.221660818041
0.00921305182341651 896.78186626876
0.00930902111324376 896.337466792107
0.00940499040307102 895.88846238552
0.00950095969289827 895.434853046514
0.00959692898272553 894.97663877268
0.00969289827255278 894.513819561681
0.00978886756238004 894.046395411247
0.00988483685220729 893.574366319177
0.00998080614203455 893.097732283332
0.0100767754318618 892.616493301636
0.0101727447216891 892.13064937207
0.0102687140115163 891.640200492673
0.0103646833013436 891.145146661539
0.0104606525911708 890.645487876814
0.0105566218809981 890.141224136696
0.0106525911708253 889.632355439431
0.0107485604606526 889.118881783311
0.0108445297504798 888.600803166677
0.0109404990403071 888.07811958791
0.0110364683301344 887.550831045436
0.0111324376199616 887.018937537721
0.0112284069097889 886.482439063269
0.0113243761996161 885.941335620626
0.0114203454894434 885.395627208371
0.0115163147792706 884.84531382512
0.0116122840690979 884.290395469525
0.0117082533589251 883.730872140269
0.0118042226487524 883.166743836068
0.0119001919385797 882.59801055567
0.0119961612284069 882.024672297852
0.0120921305182342 881.446729061421
0.0121880998080614 880.864180845213
0.0122840690978887 880.277027648088
0.0123800383877159 879.685269468938
0.0124760076775432 879.088906306675
0.0125719769673704 878.487938160241
0.0126679462571977 877.882365028598
0.012763915547025 877.272186910735
0.0128598848368522 876.657403805661
0.0129558541266795 876.038015712409
0.0130518234165067 875.414022630032
0.013147792706334 874.785424557605
0.0132437619961612 874.152221494222
0.0133397312859885 873.514413438998
0.0134357005758157 872.872000391065
0.013531669865643 872.224982349577
0.0136276391554703 871.573359313702
0.0137236084452975 870.917131282628
0.0138195777351248 870.256298255558
0.013915547024952 869.590860231714
0.0140115163147793 868.920817210333
0.0141074856046065 868.246169190667
0.0142034548944338 867.566916171984
0.014299424184261 866.883058153566
0.0143953934740883 866.194595134709
0.0144913627639155 865.501527114725
0.0145873320537428 864.803854092939
0.0146833013435701 864.101576068687
0.0147792706333973 863.394693041322
0.0148752399232246 862.683205010205
0.0149712092130518 861.967111974714
0.0150671785028791 861.246413934236
0.0151631477927063 860.521110888169
0.0152591170825336 859.791202835925
0.0153550863723608 859.056689776925
0.0154510556621881 858.317571710601
0.0155470249520154 857.573848636397
0.0156429942418426 856.825520553766
0.0157389635316699 856.072587462172
0.0158349328214971 855.315049361087
0.0159309021113244 854.552906249994
0.0160268714011516 853.786158128386
0.0161228406909789 853.014804995763
0.0162188099808061 852.238846851636
0.0163147792706334 851.458283695523
0.0164107485604607 850.673115526952
0.0165067178502879 849.883342345457
0.0166026871401152 849.088964150583
0.0166986564299424 848.289980941881
0.0167946257197697 847.486392718909
0.0168905950095969 846.678199481235
0.0169865642994242 845.865401228433
0.0170825335892514 845.047997960084
0.0171785028790787 844.225989675775
0.017274472168906 843.399376375103
0.0173704414587332 842.568158057669
0.0174664107485605 841.732334723081
0.0175623800383877 840.891906370955
0.017658349328215 840.046873000912
0.0177543186180422 839.197234612578
0.0178502879078695 838.342991205588
0.0179462571976967 837.48414277958
0.018042226487524 836.6206893342
0.0181381957773512 835.752630869099
0.0182341650671785 834.879967383932
0.0183301343570058 834.002698878362
0.018426103646833 833.120825352054
0.0185220729366603 832.234346804682
0.0186180422264875 831.343263235923
0.0187140115163148 830.447574645458
0.018809980806142 829.547281032975
0.0189059500959693 828.642382398165
0.0190019193857965 827.732878740726
0.0190978886756238 826.818770060357
0.0191938579654511 825.900056356766
0.0192898272552783 824.976737629661
0.0193857965451056 824.048813878757
0.0194817658349328 823.116285103773
0.0195777351247601 822.179151304431
0.0196737044145873 821.237412480458
0.0197696737044146 820.291068631585
0.0198656429942418 819.340119757547
0.0199616122840691 818.384565858082
0.0200575815738964 817.424406932932
0.0201535508637236 816.459642981844
0.0202495201535509 815.490274004567
0.0203454894433781 814.516300000854
0.0204414587332054 813.537720970461
0.0205374280230326 812.55453691315
0.0206333973128599 811.566747828682
0.0207293666026871 810.574353716826
0.0208253358925144 809.57735457735
0.0209213051823417 808.575750410028
0.0210172744721689 807.569541214636
0.0211132437619962 806.558726990953
0.0212092130518234 805.543307738762
0.0213051823416507 804.523283457848
0.0214011516314779 803.498654147998
0.0214971209213052 802.469419809004
0.0215930902111324 801.43558044066
0.0216890595009597 800.397136042762
0.0217850287907869 799.35408661511
0.0218809980806142 798.306432157504
0.0219769673704415 797.254172669751
0.0220729366602687 796.197308151656
0.022168905950096 795.135838603029
0.0222648752399232 794.069764023682
0.0223608445297505 792.999084413429
0.0224568138195777 791.923799772088
0.022552783109405 790.843910099478
0.0226487523992322 789.759415395419
0.0227447216890595 788.670315659737
0.0228406909788868 787.576610892255
0.022936660268714 786.478301092803
0.0230326295585413 785.375386261212
0.0231285988483685 784.267866397312
0.0232245681381958 783.15574150094
0.023320537428023 782.039011571931
0.0234165067178503 780.917676610123
0.0235124760076775 779.791736615358
0.0236084452975048 778.661191587478
0.0237044145873321 777.526041526328
0.0238003838771593 776.386286431752
0.0238963531669866 775.2419263036
0.0239923224568138 774.092961141722
0.0240882917466411 772.939390945969
0.0241842610364683 771.781215716195
0.0242802303262956 770.618435452255
0.0243761996161228 769.451050154006
0.0244721689059501 768.279059821307
0.0245681381957774 767.102464454018
0.0246641074856046 765.921264052001
0.0247600767754319 764.735458615119
0.0248560460652591 763.545048143238
0.0249520153550864 762.350032636224
0.0250479846449136 761.150412093946
0.0251439539347409 759.946186516274
0.0252399232245681 758.737355903078
0.0253358925143954 757.523920254231
0.0254318618042227 756.305879569607
0.0255278310940499 755.083233849082
0.0256238003838772 753.855983092533
0.0257197696737044 752.624127299838
0.0258157389635317 751.387666470877
0.0259117082533589 750.146600605531
0.0260076775431862 748.900929703683
0.0261036468330134 747.650653765215
0.0261996161228407 746.395772790014
0.026295585412668 745.136286777965
0.0263915547024952 743.872195728956
0.0264875239923225 742.603499642875
0.0265834932821497 741.330198519612
0.026679462571977 740.052292359059
0.0267754318618042 738.769781161107
0.0268714011516315 737.48266492565
0.0269673704414587 736.190943652583
0.027063339731286 734.894617341802
0.0271593090211132 733.593685993202
0.0272552783109405 732.288149606683
0.0273512476007678 730.978008182142
0.027447216890595 729.66326171948
0.0275431861804223 728.343910218598
0.0276391554702495 727.019953679398
0.0277351247600768 725.691392101783
0.027831094049904 724.358225485657
0.0279270633397313 723.020453830926
0.0280230326295585 721.678077137495
0.0281190019193858 720.331095405271
0.0282149712092131 718.979508634163
0.0283109404990403 717.623316824079
0.0284069097888676 716.262519974929
0.0285028790786948 714.897118086624
0.0285988483685221 713.527111159076
0.0286948176583493 712.152499192197
0.0287907869481766 710.7732821859
0.0288867562380038 709.3894601401
0.0289827255278311 708.001033054712
0.0290786948176584 706.608000929652
0.0291746641074856 705.210363764837
0.0292706333973129 703.808121560184
0.0293666026871401 702.401274315612
0.0294625719769674 700.98982203104
0.0295585412667946 699.573764706388
0.0296545105566219 698.153102341577
0.0297504798464491 696.727834936529
0.0298464491362764 695.297962491166
0.0299424184261036 693.863485005411
0.0300383877159309 692.424402479188
0.0301343570057582 690.980714912421
0.0302303262955854 689.532422305036
0.0303262955854127 688.079524656959
0.0304222648752399 686.622021968115
0.0305182341650672 685.159914238434
0.0306142034548944 683.693201467842
0.0307101727447217 682.221883656269
0.0308061420345489 680.745960803643
0.0309021113243762 679.265432909896
0.0309980806142035 677.780299974957
0.0310940499040307 676.290561998758
0.031190019193858 674.796218981232
0.0312859884836852 673.297270922309
0.0313819577735125 671.793717821925
0.0314779270633397 670.285559680013
0.031573896353167 668.772796496507
0.0316698656429942 667.255428271342
0.0317658349328215 665.733455004453
0.0318618042226488 664.206876695778
0.031957773512476 662.675693345253
0.0320537428023033 661.139904952815
0.0321497120921305 659.599511518402
0.0322456813819578 658.054513041952
0.032341650671785 656.504909523405
0.0324376199616123 654.950700962701
0.0325335892514395 653.391887359778
0.0326295585412668 651.828468714579
0.0327255278310941 650.260445027043
0.0328214971209213 648.687816297114
0.0329174664107486 647.110582524733
0.0330134357005758 645.528743709842
0.0331094049904031 643.942299852385
0.0332053742802303 642.351250952306
0.0333013435700576 640.755597009548
0.0333973128598848 639.155338024057
0.0334932821497121 637.550473995777
0.0335892514395393 635.941004924655
0.0336852207293666 634.326930810635
0.0337811900191939 632.708251653665
0.0338771593090211 631.084967453692
0.0339731285988484 629.457078210662
0.0340690978886756 627.824583924525
0.0341650671785029 626.187484595228
0.0342610364683301 624.54578022272
0.0343570057581574 622.899470806951
0.0344529750479846 621.248556347869
0.0345489443378119 619.593036845424
0.0346449136276392 617.932912299568
0.0347408829174664 616.268182710251
0.0348368522072937 614.598848077425
0.0349328214971209 612.92490840104
0.0350287907869482 611.246363681049
0.0351247600767754 609.563213917406
0.0352207293666027 607.875459110061
0.0353166986564299 606.183099258969
0.0354126679462572 604.486134364083
0.0355086372360845 602.784564425357
0.0356046065259117 601.078389442746
0.035700575815739 599.367609416204
0.0357965451055662 597.652224345687
0.0358925143953935 595.93223423115
0.0359884836852207 594.207639072548
0.036084452975048 592.478438869838
0.0361804222648752 590.744633622976
0.0362763915547025 589.006223331919
0.0363723608445298 587.263207996625
0.036468330134357 585.515587617051
0.0365642994241843 583.763362193154
0.0366602687140115 582.006531724893
0.0367562380038388 580.245096212227
0.036852207293666 578.479055655114
0.0369481765834933 576.708410053514
0.0370441458733205 574.933159407386
0.0371401151631478 573.153303716689
0.037236084452975 571.368842981385
0.0373320537428023 569.579777201433
0.0374280230326296 567.786106376794
0.0375239923224568 565.987830507429
0.0376199616122841 564.184949593299
0.0377159309021113 562.377463634367
0.0378119001919386 560.565372630594
0.0379078694817658 558.748676581942
0.0380038387715931 556.927375488374
0.0380998080614204 555.101469349852
0.0381957773512476 553.27095816634
0.0382917466410749 551.435841937801
0.0383877159309021 549.596120664198
0.0384836852207294 547.751794345496
0.0385796545105566 545.902862981658
0.0386756238003839 544.04932657265
0.0387715930902111 542.191185118435
0.0388675623800384 540.328438618979
0.0389635316698656 538.461087074247
0.0390595009596929 536.589130484204
0.0391554702495202 534.712568848816
0.0392514395393474 532.831402168049
0.0393474088291747 530.94563044187
0.0394433781190019 529.055253670244
0.0395393474088292 527.160271853139
0.0396353166986564 525.26068499052
0.0397312859884837 523.356493082357
0.0398272552783109 521.447696128615
0.0399232245681382 519.534294129263
0.0400191938579655 517.616287084269
0.0401151631477927 515.693674993601
0.04021113243762 513.766457857226
0.0403071017274472 511.834635675114
0.0404030710172745 509.898208447234
0.0404990403071017 507.957176173554
0.040595009596929 506.011538854044
0.0406909788867562 504.061296488673
0.0407869481765835 502.106449077412
0.0408829174664108 500.146996620228
0.040978886756238 498.182939117094
0.0410748560460653 496.21427656798
0.0411708253358925 494.241008972855
0.0412667946257198 492.26313633169
0.041362763915547 490.280658644457
0.0414587332053743 488.293575911126
0.0415547024952015 486.30188813167
0.0416506717850288 484.305595306059
0.041746641074856 482.304697434264
0.0418426103646833 480.299194516259
0.0419385796545106 478.289086552016
0.0420345489443378 476.274373541506
0.0421305182341651 474.255055484702
0.0422264875239923 472.231132381577
0.0423224568138196 470.202604232104
0.0424184261036468 468.169471036255
0.0425143953934741 466.131732794004
0.0426103646833013 464.089389505324
0.0427063339731286 462.042441170189
0.0428023032629559 459.990887788573
0.0428982725527831 457.93472936045
0.0429942418426104 455.873965885794
0.0430902111324376 453.808597364579
0.0431861804222649 451.738623796779
0.0432821497120921 449.66404518237
0.0433781190019194 447.584861521326
0.0434740882917466 445.501072813622
0.0435700575815739 443.412679059233
0.0436660268714012 441.319680258135
0.0437619961612284 439.222076410303
0.0438579654510557 437.119867515712
0.0439539347408829 435.013053574339
0.0440499040307102 432.901634586159
0.0441458733205374 430.785610551149
0.0442418426103647 428.664981469284
0.0443378119001919 426.539747340542
0.0444337811900192 424.409908164898
0.0445297504798464 422.275463942331
0.0446257197696737 420.136414672815
0.044721689059501 417.992760356329
0.0448176583493282 415.844500992849
0.0449136276391555 413.691636582353
0.0450095969289827 411.534167124819
0.04510556621881 409.372092620223
0.0452015355086372 407.205413068545
0.0452975047984645 405.03412846976
0.0453934740882918 402.858238823849
0.045489443378119 400.677744130788
0.0455854126679463 398.492644390557
0.0456813819577735 396.302939603133
0.0457773512476008 394.108629768495
0.045873320537428 391.909714886622
0.0459692898272553 389.706194957493
0.0460652591170825 387.498069981086
0.0461612284069098 385.285339957382
0.046257197696737 383.068004886358
0.0463531669865643 380.846064767994
0.0464491362763916 378.619519602271
0.0465451055662188 376.388369389168
0.0466410748560461 374.152614128663
0.0467370441458733 371.912253820738
0.0468330134357006 369.667288465372
0.0469289827255278 367.417718062545
0.0470249520153551 365.163542612238
0.0471209213051823 362.904762114431
0.0472168905950096 360.641376569104
0.0473128598848369 358.373385976238
0.0474088291746641 356.100790335814
0.0475047984644914 353.823589647813
0.0476007677543186 351.541783912215
0.0476967370441459 349.255373129002
0.0477927063339731 346.964357298155
0.0478886756238004 344.668736419654
0.0479846449136276 342.368510493483
0.0480806142034549 340.063679519621
0.0481765834932822 337.754243498051
0.0482725527831094 335.440202428755
0.0483685220729367 333.121556311714
0.0484644913627639 330.79830514691
0.0485604606525912 328.470448934325
0.0486564299424184 326.137987673942
0.0487523992322457 323.800921365742
0.0488483685220729 321.459250009709
0.0489443378119002 319.112973605825
0.0490403071017275 316.762092154071
0.0491362763915547 314.406605654432
0.049232245681382 312.046514106889
0.0493282149712092 309.681817511427
0.0494241842610365 307.312515868026
0.0495201535508637 304.938609176672
0.049616122840691 302.560097437346
0.0497120921305182 300.176980650033
0.0498080614203455 297.789258814715
0.0499040307101727 295.396931931376
0.05 293
