0 930.490601045793
0.00686802819743445 906.905695385416
0.00971285862357264 894.766105155193
0.0118957737857722 882.853308641792
0.0137360563948689 871.000068357088
0.0153573779208488 859.170992649363
0.0168231646227613 847.354074044092
0.0181710946077908 835.544124954573
0.0194257172471453 823.738540200716
0.0206040845923034 811.93586859957
0.0217186121381535 800.135237920212
0.022778672580471 788.336092435865
0.0237915475715443 776.538061339135
0.0247630278271824 764.740887750451
0.0256978084375023 752.944388093145
0.0265997588299466 741.148427691906
0.0274721127897378 729.352905508872
0.0283176056977427 717.557744260344
0.0291385758707179 705.762883824332
0.0299370408540046 693.968276727935
0.0307147558416976 682.17388498733
0.0314732590898345 670.379677849928
0.0322139076961582 658.585630151867
0.0329379061322568 646.791721103722
0.0336463292455227 634.997933379603
0.0343401409871723 623.204252424757
0.0350202097986237 611.410665922876
0.0356873213573165 599.617163381727
0.0363421892155815 587.823735807538
0.0369854637432314 576.030375446727
0.0376177396931639 564.237075579267
0.0382395626405873 552.443830352029
0.0388514344942906 540.650634643367
0.0394538182383519 528.857483952315
0.0400471420316814 517.064374307328
0.0406318027686001 505.271302190674
0.0412081691846067 493.478264475412
0.0417765845763859 481.685258372592
0.0423373691930507 469.892281386795
0.0428908223459219 458.099331278507
0.0434372242763069 446.306406032131
0.0439768378143648 434.513503828692
0.0445099098569262 422.720623022425
0.0450366726878491 410.927762120645
0.045557345160942 399.134919766349
0.0460721337625463 387.342094723142
0.0465812335684095 375.549285862132
0.0470848291074256 363.756492150495
0.0475830951430887 351.963712641464
0.0480761973820412 340.170946465555
0.0485642931178632 328.378192822835
0.0490475318171923 316.585450976107
0.0495260556543649 304.792720244875
0.05 293
