0.00108287020456053 1.08287020456053
0.00261427993413975 1.34561857505615
0.00340699594188055 1.72088241361053
0.00404132662142238 2.03107937773808
0.00458711179732749 2.30067881176859
0.00507385084704296 2.54218877693121
0.00551748472226532 2.76283545969937
0.00592782472258723 2.96721293594464
0.00631143007284002 3.15844962689261
0.00667294687042529 3.33878721818056
0.00701581042192637 3.50989607721759
0.00734264658978533 3.67305996665933
0.00765551647181782 3.82929056531135
0.00795607334702645 3.97940182009485
0.00824566756817843 4.12406008811923
0.00852541908660923 4.26381904612346
0.00879626905047935 4.39914466183824
0.00905901742097491 4.53043347751311
0.00931435097938821 4.65802627077474
0.00956286456706342 4.78221844472853
0.00980507745662379 4.90326805571777
0.0100414461535248 5.0214021034265
0.0102723745360014 5.13682152180836
0.0104982219803605 5.24970518432114
0.0107193099404757 5.3602131513471
0.010935927326545 5.4684893279235
0.0111483349406463 5.57466365756667
0.0113567691637616 5.67885394744548
0.0115614450431515 5.78116739786755
0.0117625588951742 5.88170189259997
0.0119602905134029 5.98054709417423
0.0121548050528394 6.07778537904267
0.0123462546464843 6.17349264028157
0.0125347797993211 6.26773898008252
0.0127205105960752 6.36058930997398
0.0129035677522846 6.45210387335873
0.0130840635328403 6.54233870231976
0.0132621025578679 6.63134601852195
0.0134377825123965 6.71917458635303
0.0136111947734932 6.80587002505367
0.0137824249663028 6.89147508556327
0.013951553458604 6.97602989678333
0.0141186558019926 7.05957218530532
0.0142838031265693 7.14213747203768
0.0144470624949846 7.22375924860645
0.0146084972208432 7.3044691360131
0.0147681671557564 7.38429702771262
0.0149261289487379 7.46327121890946
0.015082436281129 7.5414185236794
0.0152371400798198 7.61876438127067
0.0153902887111667 7.69533295281744
0.0155419281577008 7.77114720945531
0.0156921021794586 7.84622901278839
0.0158408524615379 7.92059918849623
0.0159882187492923 7.99427759377231
0.0161342389724053 8.06728317922311
0.0162789493589423 8.13963404577571
0.0164223845403531 8.21134749706905
0.0165645776482871 8.28244008777209
0.0167055604039879 8.35292766818747
0.0168453632009521 8.42282542550794
0.0169840151814602 8.49214792201802
0.0171215443075287 8.56090913050044
0.0172579774267706 8.62912246712438
0.0173933403336039 8.69680082198403
0.0175276578262054 8.76395658754374
0.0176609537595633 8.83060168512035
0.0177932510949521 8.89674758958441
0.0179245719461199 8.96240535242013
0.0180549376224511 9.02758562327806
0.0181843686693428 9.09229867013254
0.0183128849060124 9.15655439816901
0.0184405054609332 9.22036236747384
0.0185672488050765 9.28373180963108
0.0186931327831253 9.34667164332371
0.0188181746428078 9.40919048896292
0.0189423910624877 9.47129668249113
0.0190657981771367 9.53299828833717
0.0191884116028023 9.59430311164257
0.019310246459678 9.65521870979041
0.0194313173938705 9.71575240325848
0.0195516385979539 9.77591128591387
0.0196712238303923 9.83570223469034
0.0197900864339049 9.89513191877928
0.0199082393528454 9.95420680830101
0.0200256951496573 10.0129331825306
0.0201424660204655 10.0713171376814
0.0202585638098597 10.1293645942975
0.0203740000249181 10.1870813042543
0.0204887858485214 10.2444728574134
0.0206029321519979 10.3015446879396
0.0207164495071416 10.3583020803004
0.0208293481976416 10.4147501749829
0.0209416382299554 10.4708939739174
0.0210533293436614 10.5267383456641
0.0211644310213188 10.5822880303319
0.0212749524978646 10.6375476442685
0.021384902769573 10.6925216845399
0.0214942906026025 10.7472145332093
0.0216031245411532 10.8016304614014
0.0217114129152563 10.8557736332027
0.0218191638482152 10.9096481093759
0.0219263852637182 10.9632578509149
0.0220330848926387 11.0166067224473
0.022139270279541 11.0696984954758
0.0222449487889064 11.1225368514933
0.0223501276110944 11.1751253849697
0.0224548137680523 11.2274676061935
0.0225590141187865 11.2795669440102
0.0226627353646076 11.3314267484518
0.0227659840541595 11.3830502932346
0.0228687665882457 11.4344407781833
0.0229710892244593 11.4856013315345
0.0230729580816301 11.5365350121712
0.0231743791440938 11.5872448117485
0.0232753582657957 11.6377336567502
0.0233759011742332 11.6880044104492
0.0234760134742475 11.7380598748073
0.0235757006516695 11.7879027923054
0.0236749680768281 11.8375358476849
0.0237738210079264 11.8869616696402
0.0238722645942922 11.9361828324434
0.023970303879508 11.9852018575111
0.0240679438044266 12.0340212149051
0.0241651892100773 12.0826433247912
0.0242620448404661 12.1310705588346
0.0243585153452771 12.1793052415517
0.0244546052824769 12.227349651611
0.0245503191208282 12.2752060230908
0.0246456612423143 12.32287654669
0.0247406359444807 12.370363370905
0.0248352474426956 12.4176686031377
0.024929499872333 12.4647943108153
0.0250233972908819 12.5117425224294
0.0251169436799851 12.5585152285539
0.0252101429474088 12.6051143828313
0.0253029989289479 12.6515419029335
0.0253955153902682 12.6977996714694
0.0254876960286882 12.7438895368797
0.0255795444749034 12.7898133143055
0.0256710642946553 12.8355727864184
0.0257622589903464 12.8811697042207
0.0258531320026043 12.9266057878344
0.0259436867117966 12.9718827272666
0.026033926439498 13.0170021831226
0.0261238544499123 13.0619657873344
0.0262134739512499 13.1067751438378
0.0263027880970636 13.1514318292483
0.0263917999875432 13.195937393506
0.0264805126707716 13.2402933604994
0.0265689291439423 13.2845012286733
0.0266570523545412 13.3285624716351
0.0267448852014933 13.3724785387028
0.0268324305362752 13.4162508554776
0.0269196911639955 13.4598808243877
0.0270066698444435 13.5033698251975
0.0270933692931077 13.5467192155301
0.0271797921821651 13.5899303313526
0.0272659411414419 13.6330044874599
0.027351818759348 13.6759429779459
0.0274374275837835 13.7187470766494
0.0275227701230217 13.7614180375997
0.0276078488465658 13.803957095446
0.0276926661859836 13.8463654658658
0.0277772245357174 13.8886443459879
0.0278615262538735 13.9307949147642
0.0279455736629892 13.9728183333737
0.0280293690507797 14.014715745581
0.0281129146708641 14.0564882781098
0.0281962127434733 14.0981370409886
0.0282792654561382 14.1396631278977
0.0283620749643596 14.1810676165054
0.0284446433922617 14.2223515687991
0.0285269728332274 14.2635160313884
0.0286090653505176 14.3045620358302
0.0286909229778746 14.3454905989214
0.02877254772011 14.3863027229958
0.0288539415536777 14.4269993962097
0.028935106427232 14.4675815928235
0.0290160442621723 14.5080502734698
0.0290967569531737 14.5484063854235
0.0291772463687045 14.5886508628553
0.0292575143515309 14.6287846270876
0.0293375627192092 14.6688085868298
0.029417393264566 14.7087236384498
0.029497007756167 14.7485306661636
0.0295764079387738 14.7882305423024
0.0296555955337903 14.8278241275105
0.0297345722396979 14.8673122709774
0.029813339732481 14.9066958106421
0.0298918996660413 14.9459755734015
0.0299702536726038 14.9851523753242
0.0300484033631118 15.0242270218296
0.0301263503276139 15.0632003078984
0.0302040961356411 15.1020730182465
0.0302816423365757 15.140845927522
0.0303589904600115 15.1795198004769
0.0304361420161058 15.218095392149
0.0305130984959238 15.2565734480262
0.0305898613717743 15.2949547042258
0.0306664320975387 15.3332398876425
0.030742812108992 15.3714297161283
0.0308190028241174 15.4095248986364
0.0308950056434129 15.4475261353781
0.0309708219501921 15.4854341179671
0.0310464531108778 15.5232495295896
0.0311219004752891 15.5609730451144
0.031197165376923 15.5986053312572
0.0312722491332289 15.6361470467046
0.0313471530458781 15.6735988422683
0.0314218784010267 15.7109613609839
0.0314964264695735 15.7482352382776
0.0315707985074122 15.7854211020606
0.0316449957556781 15.8225195728708
0.03171901944099 15.8595312639905
0.0317928707756867 15.8964567815556
0.0318665509580584 15.9332967246878
0.0319400611725742 15.9700516855911
0.0320134025901034 16.0067222496748
0.032086576368134 16.0433089956546
0.0321595836509851 16.0798124956641
0.0322324255700161 16.1162333153623
0.0323051032438313 16.152572014018
0.03237761777848 16.1888291446368
0.0324499702676531 16.2250052540361
0.0325221617928756 16.2611008829591
0.0325941934236951 16.2971165661548
0.0326660662178669 16.3330528324754
0.0327377812215349 16.3689102049745
0.0328093394694096 16.4046892009859
0.032880741984942 16.4403903322096
0.0329519897804947 16.4760141048078
0.0330230838575088 16.5115610194859
0.033094025206669 16.547031571558
0.0331648148080639 16.58242625105
0.0332354536313443 16.6177455427717
0.0333059426358782 16.6529899263869
0.0333762827709027 16.6881598764949
0.0334464749756732 16.7232558627054
0.0335165201796099 16.7582783497128
0.0335864193024409 16.7932277973575
0.0336561732543439 16.8281046607187
0.0337257829360834 16.8629093901551
0.0337952492391476 16.8976424313962
0.0338645730458807 16.9323042256033
0.033933755229614 16.9668952094144
0.0340027966547944 17.0014158150465
0.0340716981771102 17.0358664703261
0.0341404606436148 17.0702475987638
0.0342090848928487 17.104559619617
0.034277571754958 17.1388029479395
0.0343459220518122 17.1729779946578
0.034414136597119 17.2070851666085
0.0344822161965375 17.2411248666059
0.0345501616477889 17.275097493493
0.0346179737407661 17.3090034422119
0.0346856532576402 17.3428431038335
0.0347532009729662 17.3766168656162
0.0348206176537862 17.4103251110774
0.0348879040597313 17.4439682200128
0.0349550609431211 17.4775465685739
0.0350220890490621 17.5110605292976
0.0350889891155442 17.5445104711701
0.0351557618735351 17.5778967596627
0.035222408047074 17.6112197567838
0.0352889283533628 17.6444798211261
0.0353553235028565 17.6776773078985
0.0354215941993514 17.7108125689943
0.0354877411400724 17.7438859530119
0.0355537650157582 17.7768978053194
0.0356196665107461 17.8098484680596
0.0356854463030541 17.8427382802443
0.0357511050644627 17.8755675777449
0.0358166434605948 17.9083366933685
0.0358820621509944 17.9410459568794
0.0359473617892042 17.9736956950338
0.0360125430228415 18.0062862316361
0.0360776064936734 18.038817887558
0.0361425528376904 18.0712909807804
0.036207382685179 18.1037058264467
0.0362720966607929 18.1360627368644
0.0363366953836235 18.1683620215818
0.0364011794672686 18.2006039873857
0.0364655495199009 18.2327889383485
0.0365298061443345 18.2649171758783
0.036593949938091 18.2969889987208
0.0366579814934643 18.3290047030153
0.0367219013975842 18.360964582323
0.0367857102324796 18.392868927651
0.0368494085751399 18.4247180274775
0.0369129969975761 18.4565121678123
0.036976476066881 18.4882516321882
0.0370398463452875 18.5199367017128
0.0371031083902274 18.5515676551018
0.0371662627543883 18.5831447686812
0.0372293099857698 18.6146683164535
0.0372922506277394 18.6461385700908
0.0373550852190866 18.6775557989807
0.0374178142940773 18.7089202702546
0.0374804383825061 18.7402322487995
0.0375429580097493 18.7714919972957
0.0376053736968156 18.802699776241
0.0376676859603973 18.8338558439827
0.0377298953129198 18.8649604567189
0.0377920022625911 18.8960138685507
0.0378540073134501 18.9270163314927
0.0379159109654141 18.9579680954929
0.0379777137143262 18.9888694084727
0.0380394160520015 19.0197205163315
0.0381010184662727 19.05052166298
0.0381625214410349 19.0812730903626
0.0382239254562907 19.1119750384722
0.0382852309881929 19.1426277453781
0.0383464385090884 19.1732314472564
0.03840754848756 19.2037863783864
0.0384685613884689 19.2342927711928
0.0385294776729955 19.2647508562656
0.0385902977986803 19.2951608623636
0.0386510222194637 19.3255230164602
0.0387116513857259 19.3558375437353
0.0387721857443258 19.3861046676114
0.0388326257386391 19.4163246097774
0.0388929718085966 19.4464975901899
0.0389532243907212 19.4766238271098
0.0390133839181652 19.5067035371059
0.0390734508207461 19.5367369350812
0.0391334255249829 19.5667242342952
0.0391933084541309 19.5966656463675
0.0392531000282172 19.6265613813071
0.0393128006640746 19.6564116475268
0.0393724107753756 19.6862166518606
0.0394319307726659 19.715976599575
0.0394913610633975 19.745691694391
0.039550702051961 19.7753621385056
0.0396099541397178 19.8049881325891
0.0396691177250319 19.8345698758219
0.0397281932033009 19.8641075658969
0.0397871809669871 19.8936013990461
0.0398460814056477 19.923051570041
0.0399048949059651 19.9524582722254
0.0399636218517759 19.981821697504
0.0400222626241011 20.0111420363865
0.0400808176011739 20.0404194779904
0.0401392871584689 20.069654210046
0.0401976716687301 20.0988464189234
0.040255971501998 20.1279962896365
0.0403141870256379 20.1571040058674
0.0403723186043662 20.186169749971
0.0404303666002774 20.2151937029903
0.0404883313728702 20.2441760446717
0.0405462132790737 20.2731169534747
0.0406040126732729 20.3020166065934
0.0406617299073339 20.3308751799507
0.0407193653306293 20.3596928482365
0.0407769192900624 20.3884697848936
0.0408343921300919 20.417206162154
0.0408917841927558 20.4459021510316
0.0409490958176951 20.474557921345
0.0410063273421773 20.5031736417234
0.0410634791011198 20.5317494796199
0.0411205514271122 20.5602856013332
0.0411775446504396 20.5887821719956
0.0412344590991043 20.6172393556098
0.0412912950988481 20.6456573150462
0.0413480529731739 20.6740362120481
0.0414047330433676 20.7023762072618
0.0414613356285185 20.7306774602236
0.0415178610455413 20.7589401293915
0.0415743096091959 20.7871643721423
0.0416306816321084 20.8153503447827
0.041686977424791 20.8434982025744
0.0417431972956621 20.8716080997168
0.041799341551066 20.8996801893824
0.0418554104952924 20.9277146237147
0.0419114044305954 20.9557115538361
0.0419673236572131 20.9836711298653
0.0420231684733856 21.0115935009203
0.042078939175374 21.0394788151284
0.042134636057479 21.067327219637
0.0421902594120584 21.0951388606244
0.0422458095295454 21.1229138833006
0.0423012866984662 21.1506524319332
0.0423566912054574 21.178354649832
0.0424120233352836 21.2060206793821
0.0424672833708539 21.2336506620362
0.0425224715932395 21.2612447383211
0.0425775882816897 21.2888030478678
0.0426326337136489 21.3163257293917
0.0426876081647724 21.3438129207194
0.042742511908943 21.371264758791
0.0427973452182866 21.398681379665
0.0428521083631882 21.4260629185337
0.042906801612307 21.453409509722
0.0429614252325924 21.4807212867084
0.0430159794892987 21.5079983821184
0.0430704646460001 21.5352409277283
0.0431248809646062 21.5624490544998
0.0431792287053758 21.5896228925559
0.0432335081269322 21.61676257121
0.0432877194862771 21.6438682189592
0.0433418630388049 21.6709399634983
0.0433959390383167 21.6979779317265
0.0434499477370344 21.7249822497531
0.0435038893856141 21.7519530429053
0.0435577642331599 21.7788904357325
0.0436115725272374 21.8057945520155
0.0436653145138867 21.8326655147751
0.0437189904376355 21.8595034462689
0.0437726005415125 21.8863084680156
0.0438261450670599 21.9130807007777
0.0438796242543461 21.9398202645981
0.0439330383419784 21.966527278772
0.0439863875671152 21.9932018618751
0.0440396721654788 22.0198441317686
0.0440928923713667 22.0464542056012
0.0441460484176645 22.0730321998162
0.0441991405358572 22.0995782301504
0.0442521689560412 22.1260924116534
0.0443051339069359 22.1525748586803
0.0443580356158951 22.1790256849088
0.0444108743089188 22.2054450033395
0.0444636502106638 22.2318329262967
0.0445163635444553 22.258189565443
0.0445690145322979 22.2845150317784
0.0446216033948864 22.3108094356468
0.0446741303516166 22.3370728867511
0.0447265956205959 22.3633054941374
0.0447789994186542 22.3895073662211
0.0448313419613539 22.4156786107831
0.0448836234630006 22.4418193349734
0.0449358441366531 22.4679296453231
0.0449880041941338 22.4940096477381
0.0450401038460384 22.5200594475176
0.0450921433017459 22.5460791493486
0.0451441227694289 22.5720688573208
0.0451960424560624 22.5980286749152
0.0452479025674343 22.6239587050238
0.0452997033081543 22.6498590499559
0.0453514448816637 22.6757298114226
0.0454031274902446 22.7015710905735
0.045454751335029 22.7273829879678
0.0455063166160082 22.7531656036002
0.0455578235320414 22.7789190368994
0.0456092722808653 22.8046433867334
0.0456606630591022 22.8303387514143
0.0457119960622695 22.8560052286933
0.0457632714847878 22.8816429157856
0.0458144895199899 22.9072519093551
0.0458656503601288 22.9328323055277
0.0459167541963868 22.9583841998925
0.0459678012188833 22.9839076875083
0.0460187916166834 23.0094028629051
0.0460697255778055 23.0348698200928
0.0461206032892304 23.0603086525637
0.0461714249369081 23.0857194532875
0.0462221907057666 23.1111023147271
0.0462729007797197 23.1364573288409
0.0463235553416741 23.1617845870773
0.0463741545735378 23.1870841803956
0.0464246986562274 23.2123561992509
0.0464751877696759 23.2376007336042
0.0465256220928398 23.2628178729388
0.0465760018037066 23.2880077062421
0.0466263270793025 23.3131703220328
0.0466765980956991 23.3383058083407
0.0467268150280211 23.363414252731
0.046776978050453 23.3884957422897
0.0468270873362464 23.4135503636448
0.0468771430577269 23.4385782029607
0.0469271453863011 23.4635793459358
0.0469770944924633 23.4885538778189
0.0470269905458023 23.5135018834046
0.0470768337150083 23.538423447032
0.0471266241678792 23.5633186526037
0.0471763620713278 23.5881875835745
0.0472260475913876 23.61303032296
0.0472756808932198 23.6378469533406
0.0473252621411194 23.6626375568594
0.0473747914985216 23.6874022152393
0.0474242691280085 23.7121410097647
0.0474736951913146 23.7368540213069
0.0475230698493334 23.7615413303104
0.0475723932621236 23.7862030168032
0.047621665588915 23.8108391603992
0.0476708869881144 23.8354498402999
0.0477200576173116 23.8600351353017
0.0477691776332854 23.884595123793
0.0478182471920095 23.9091298837557
0.0478672664486579 23.9336394927839
0.0479162355576111 23.9581240280622
0.0479651546724613 23.9825835663872
0.0480140239460184 24.0070181841624
0.0480628435303154 24.0314279574019
0.0481116135766139 24.0558129617392
0.0481603342354099 24.0801732724198
0.0482090056564384 24.1045089643129
0.0482576279886798 24.1288201119053
0.0483062013803644 24.1531067893111
0.0483547259789781 24.1773690702766
0.0484032019312677 24.2016070281702
0.0484516293832456 24.225820735999
0.0485000084801954 24.2500102664045
0.0485483393666767 24.2741756916662
0.0485966221865303 24.2983170837035
0.0486448570828833 24.322434514077
0.0486930441981537 24.3465280539963
0.0487411836740555 24.3705977743228
0.0487892756516037 24.3946437455588
0.0488373202711188 24.4186660378587
0.048885317672232 24.4426647210487
0.0489332679938896 24.4666398645935
0.0489811713743576 24.4905915376307
0.0490290279512268 24.5145198089496
0.0490768378614169 24.5384247470143
0.0491246012411817 24.5623064199481
0.0491723182261128 24.5861648955478
0.0492199889511449 24.6100002412784
0.0492676135505596 24.63381252428
0.0493151921579904 24.6576018113714
0.0493627249064265 24.681368169045
0.0494102119282177 24.7051116634768
0.0494576533550781 24.7288323605223
0.049505049318091 24.7525303257227
0.0495523999477126 24.7762056243052
0.0495997053737764 24.7998583211845
0.0496469657254974 24.8234884809689
0.0496941811314762 24.8470961679595
0.0497413517197029 24.8706814461528
0.0497884776175616 24.8942443792356
0.0498355589518338 24.9177850305968
0.0498825958487028 24.9413034633336
0.0499295884337575 24.9647997402358
0.0499765368319964 24.9882739238044
