4.57875457875458e-05 0.0457875457876162
0.000137362637362637 0.0763125763114522
0.000228937728937729 0.119047619048547
0.000320512820512821 0.163526949242196
0.000412087912087912 0.20858770859134
0.000503663003663004 0.25391275391416
0.000595238095238095 0.299380107072684
0.000686813186813187 0.344932844933624
0.000778388278388278 0.390540831718121
0.00086996336996337 0.436186620394224
0.000961538461538462 0.481859410427678
0.00105311355311355 0.527552157985214
0.00114468864468864 0.57326007325738
0.00123626373626374 0.618979785644784
0.00132783882783883 0.664708854364534
0.00141941391941392 0.710445468508475
0.00151098901098901 0.756188256190998
0.0016025641025641 0.801936159082128
0.00169413919413919 0.847688347691497
0.00178571428571429 0.893444162677068
0.00187728937728938 0.939203073350587
0.00196886446886447 0.984964647755877
0.00206043956043956 1.03072853073102
0.00215201465201465 1.07649442755957
0.00224358974358974 1.12226209165026
0.00233516483516484 1.16803131509449
0.00242673992673993 1.21380192135042
0.00251831501831502 1.25957375957441
0.00260989010989011 1.305346700086
0.0027014652014652 1.35112063078383
0.00279304029304029 1.39689545427532
0.00288461538461538 1.44267108553288
0.00297619047619048 1.48844744998816
0.00306776556776557 1.53422448198781
0.00315934065934066 1.58000212348239
0.00325091575091575 1.62578032296616
0.00334249084249084 1.67155903457342
0.00343406593406593 1.71733821733594
0.00352564102564103 1.76311783454501
0.00361721611721612 1.80889785320134
0.00370879120879121 1.85467824356829
0.0038003663003663 1.90045897877439
0.00389194139194139 1.94624003447589
0.00398351648351648 1.99202138857599
0.00407509157509158 2.03780302095318
0.00416666666666667 2.0835849132561
0.00425824175824176 2.12936704872016
0.00434981684981685 2.17514941198966
0.00444139194139194 2.2209319889741
0.00453296703296703 2.26671476671258
0.00462454212454212 2.31249773328834
0.00471611721611722 2.35828087769581
0.00480769230769231 2.40406418977619
0.0048992673992674 2.44984766012783
0.00499084249084249 2.49563128003196
0.00508241758241758 2.54141504141047
0.00517399267399267 2.58719893675242
0.00526556776556777 2.63298295906478
0.00535714285714286 2.67876710183845
0.00544871794871795 2.72455135900033
0.00554029304029304 2.77033572487682
0.00563186813186813 2.81612019416329
0.00572344322344322 2.86190476190002
0.00581501831501832 2.90768942343279
0.00590659340659341 2.95347417440035
0.0059981684981685 2.99925901070339
0.00608974358974359 3.04504392849594
0.00618131868131868 3.09082892415654
0.00627289377289377 3.13661399427253
0.00636446886446886 3.18239913563094
0.00645604395604396 3.22818434519759
0.00654761904761905 3.27396962011484
0.00663919413919414 3.31975495767735
0.00673076923076923 3.36554035533026
0.00682234432234432 3.41132581064897
0.00691391941391941 3.45711132134432
0.00700549450549451 3.50289688524242
0.0070970695970696 3.54868250029116
0.00718864468864469 3.59446816452525
0.00728021978021978 3.64025387609884
0.00737179487179487 3.68603963324017
0.00746336996336996 3.7318254342758
0.00755494505494505 3.77761127760674
0.00764652014652015 3.82339716171589
0.00773809523809524 3.86918308515209
0.00782967032967033 3.91496904654094
0.00792124542124542 3.96075504456404
0.00801282051282051 4.00654107796247
0.00810439560439561 4.05232714553845
0.0081959706959707 4.09811324614962
0.00828754578754579 4.14389937869984
0.00837912087912088 4.18968554213502
0.00847069597069597 4.23547173546473
0.00856227106227106 4.28125795772038
0.00865384615384615 4.32704420799206
0.00874542124542125 4.37283048538709
0.00883699633699634 4.41861678907517
0.00892857142857143 4.4644031182429
0.00902014652014652 4.51018947210948
0.00911172161172161 4.55597584993748
0.0092032967032967 4.60176225100686
0.00929487179487179 4.64754867463233
0.00938644688644689 4.69333512015583
0.00947802197802198 4.73912158693952
0.00956959706959707 4.78490807437481
0.00966117216117216 4.8306945818721
0.00975274725274725 4.876481108869
0.00984432234432234 4.92226765481928
0.00993589743589744 4.96805421920142
0.0100274725274725 5.01384080150672
0.0101190476190476 5.05962740125195
0.0102106227106227 5.10541401796422
0.0103021978021978 5.15120065119412
0.0103937728937729 5.19698730050704
0.010485347985348 5.24277396547621
0.0105769230769231 5.28856064570035
0.0106684981684982 5.33434734078104
0.0107600732600733 5.38013405034327
0.0108516483516484 5.42592077401986
0.0109432234432234 5.47170751145297
0.0110347985347985 5.51749426230378
0.0111263736263736 5.56328102624072
0.0112179487179487 5.60906780294132
0.0113095238095238 5.65485459209863
0.0114010989010989 5.70064139340983
0.011492673992674 5.74642820658568
0.0115842490842491 5.7922150313431
0.0116758241758242 5.83800186741147
0.0117673992673993 5.88378871452511
0.0118589743589744 5.92957557243077
0.0119505494505494 5.97536244087506
0.0120421245421245 6.02114931962247
0.0121336996336996 6.06693620844048
0.0122252747252747 6.1127231071008
0.0123168498168498 6.15851001538107
0.0124084249084249 6.20429693307184
0.0125 6.25008385996668
0.0125915750915751 6.29587079586336
0.0126831501831502 6.34165774056695
0.0127747252747253 6.38744469388876
0.0128663003663004 6.43323165564232
0.0129578754578755 6.47901862565208
0.0130494505494506 6.5248056037435
0.0131410256410256 6.57059258974675
0.0132326007326007 6.61637958350044
0.0133241758241758 6.66216658484069
0.0134157509157509 6.70795359361356
0.013507326007326 6.75374060966512
0.0135989010989011 6.79952763285507
0.0136904761904762 6.84531466303555
0.0137820512820513 6.89110170006419
0.0138736263736264 6.93688874381272
0.0139652014652015 6.98267579414472
0.0140567765567766 7.02846285093231
0.0141483516483516 7.0742499140501
0.0142399267399267 7.1200369833752
0.0143315018315018 7.16582405879339
0.0144230769230769 7.211611140179
0.014514652014652 7.25739822742857
0.0146062271062271 7.30318532042459
0.0146978021978022 7.34897241906305
0.0147893772893773 7.3947595232409
0.0148809523809524 7.44054663285387
0.0149725274725275 7.4863337477989
0.0150641025641026 7.53212086798414
0.0151556776556777 7.57790799331276
0.0152472527472527 7.62369512369148
0.0153388278388278 7.66948225903262
0.0154304029304029 7.71526939924385
0.015521978021978 7.76105654423968
0.0156135531135531 7.80684369394064
0.0157051282051282 7.85263084825859
0.0157967032967033 7.89841800711532
0.0158882783882784 7.94420517043261
0.0159798534798535 7.98999233813072
0.0160714285714286 8.03577951013854
0.0161630036630037 8.08156668638316
0.0162545787545788 8.12735386678791
0.0163461538461538 8.17314105128949
0.0164377289377289 8.21892823981588
0.016529304029304 8.26471543230252
0.0166208791208791 8.31050262868114
0.0167124542124542 8.35628982888843
0.0168040293040293 8.40207703286323
0.0168956043956044 8.4478642405407
0.0169871794871795 8.49365145186775
0.0170787545787546 8.5394386667789
0.0171703296703297 8.58522588522323
0.0172619047619048 8.6310131071387
0.0173534798534799 8.6768003324719
0.0174450549450549 8.7225875611707
0.01753663003663 8.7683747931789
0.0176282051282051 8.81416202845032
0.0177197802197802 8.85994926692935
0.0178113553113553 8.90573650856541
0.0179029304029304 8.95152375331505
0.0179945054945055 8.99731100112861
0.0180860805860806 9.04309825195892
0.0181776556776557 9.08888550576378
0.0182692307692308 9.13467276249351
0.0183608058608059 9.18046002210715
0.018452380952381 9.22624728456126
0.018543956043956 9.27203454981361
0.0186355311355311 9.31782181782574
0.0187271062271062 9.36360908855009
0.0188186813186813 9.40939636195175
0.0189102564102564 9.45518363799612
0.0190018315018315 9.50097091663763
0.0190934065934066 9.54675819784151
0.0191849816849817 9.59254548157176
0.0192765567765568 9.63833276779114
0.0193681318681319 9.68412005646488
0.019459706959707 9.72990734755824
0.0195512820512821 9.77569464103767
0.0196428571428571 9.82148193686844
0.0197344322344322 9.86726923502198
0.0198260073260073 9.91305653546228
0.0199175824175824 9.95884383815794
0.0200091575091575 10.0046311430778
0.0201007326007326 10.0504184501935
0.0201923076923077 10.096205759473
0.0202838827838828 10.141993070889
0.0203754578754579 10.1877803844106
0.020467032967033 10.2335677000116
0.0205586080586081 10.2793550176635
0.0206501831501831 10.3251423373403
0.0207417582417582 10.3709296590116
0.0208333333333333 10.4167169826527
0.0209249084249084 10.4625043082413
0.0210164835164835 10.5082916357479
0.0211080586080586 10.554078965149
0.0211996336996337 10.5998662964185
0.0212912087912088 10.6456536295328
0.0213827838827839 10.6914409644683
0.021474358974359 10.7372283012023
0.0215659340659341 10.7830156397112
0.0216575091575092 10.8288029799725
0.0217490842490843 10.8745903219658
0.0218406593406593 10.9203776656672
0.0219322344322344 10.9661650110596
0.0220238095238095 11.0119523581142
0.0221153846153846 11.0577397068151
0.0222069597069597 11.1035270571422
0.0222985347985348 11.1493144090766
0.0223901098901099 11.195101762596
0.022481684981685 11.2408891176804
0.0225732600732601 11.2866764743129
0.0226648351648352 11.3324638324774
0.0227564102564103 11.378251192149
0.0228479853479854 11.4240385533129
0.0229395604395604 11.4698259159491
0.0230311355311355 11.5156132800441
0.0231227106227106 11.5614006455754
0.0232142857142857 11.6071880125306
0.0233058608058608 11.65297538089
0.0233974358974359 11.6987627506398
0.023489010989011 11.7445501217602
0.0235805860805861 11.7903374942374
0.0236721611721612 11.8361248680567
0.0237637362637363 11.8819122432007
0.0238553113553114 11.9276996196539
0.0239468864468864 11.9734869974029
0.0240384615384615 12.0192743764326
0.0241300366300366 12.0650617567273
0.0242216117216117 12.1108491382747
0.0243131868131868 12.1566365210598
0.0244047619047619 12.2024239050666
0.024496336996337 12.2482112902849
0.0245879120879121 12.2939986766984
0.0246794871794872 12.3397860642922
0.0247710622710623 12.3855734530574
0.0248626373626374 12.4313608429797
0.0249542124542125 12.4771482340441
0.0250457875457875 12.522935626242
0.0251373626373626 12.5687230195584
0.0252289377289377 12.6145104139822
0.0253205128205128 12.6602978094985
0.0254120879120879 12.7060852061011
0.025503663003663 12.7518726037738
0.0255952380952381 12.7976600025055
0.0256868131868132 12.8434474022875
0.0257783882783883 12.8892348031026
0.0258699633699634 12.9350222049476
0.0259615384615385 12.9808096078071
0.0260531135531136 13.0265970116722
0.0261446886446886 13.0723844165305
0.0262362637362637 13.1181718223758
0.0263278388278388 13.1639592291931
0.0264194139194139 13.2097466369725
0.026510989010989 13.2555340457067
0.0266025641025641 13.301321455383
0.0266941391941392 13.3471088659943
0.0267857142857143 13.3928962775291
0.0268772893772894 13.4386836899789
0.0269688644688645 13.484471103335
0.0270604395604396 13.5302585175862
0.0271520146520147 13.576045932725
0.0272435897435897 13.6218333487416
0.0273351648351648 13.6676207656291
0.0274267399267399 13.7134081833767
0.027518315018315 13.7591956019767
0.0276098901098901 13.8049830214222
0.0277014652014652 13.8507704417006
0.0277930402930403 13.8965578628084
0.0278846153846154 13.9423452847318
0.0279761904761905 13.9881327074671
0.0280677655677656 14.0339201310082
0.0281593406593407 14.0797075553425
0.0282509157509158 14.1254949804639
0.0283424908424908 14.1712824063637
0.0284340659340659 14.2170698330369
0.028525641025641 14.2628572604761
0.0286172161172161 14.3086446886714
0.0287087912087912 14.3544321176177
0.0288003663003663 14.4002195473077
0.0288919413919414 14.4460069777315
0.0289835164835165 14.4917944088863
0.0290750915750916 14.5375818407624
0.0291666666666667 14.5833692733537
0.0292582417582418 14.6291567066526
0.0293498168498169 14.6749441406542
0.0294413919413919 14.720731575351
0.029532967032967 14.7665190107368
0.0296245421245421 14.8123064468041
0.0297161172161172 14.8580938835481
0.0298076923076923 14.9038813209637
0.0298992673992674 14.9496687590409
0.0299908424908425 14.9954561977774
0.0300824175824176 15.0412436371645
0.0301739926739927 15.087031077197
0.0302655677655678 15.1328185178715
0.0303571428571429 15.1786059591765
0.030448717948718 15.2243934011129
0.030540293040293 15.2701808436725
0.0306318681318681 15.3159682868472
0.0307234432234432 15.3617557306364
0.0308150183150183 15.4075431750328
0.0309065934065934 15.4533306200262
0.0309981684981685 15.4991180656181
0.0310897435897436 15.5449055117971
0.0311813186813187 15.5906929585658
0.0312728937728938 15.6364804059119
0.0313644688644689 15.6822678538339
0.031456043956044 15.7280553023246
0.031547619047619 15.7738427513789
0.0316391941391941 15.8196302009955
0.0317307692307692 15.8654176511671
0.0318223443223443 15.9112051018862
0.0319139194139194 15.9569925531515
0.0320054945054945 16.0027800049581
0.0320970695970696 16.0485674573022
0.0321886446886447 16.0943549101777
0.0322802197802198 16.1401423635783
0.0323717948717949 16.1859298175041
0.03246336996337 16.2317172719451
0.0325549450549451 16.2775047269025
0.0326465201465201 16.3232921823677
0.0327380952380952 16.3690796383394
0.0328296703296703 16.4148670948126
0.0329212454212454 16.4606545517812
0.0330128205128205 16.5064420092439
0.0331043956043956 16.5522294671944
0.0331959706959707 16.5980169256304
0.0332875457875458 16.6438043845469
0.0333791208791209 16.68959184394
0.033470695970696 16.7353793038037
0.0335622710622711 16.7811667641391
0.0336538461538462 16.8269542249401
0.0337454212454213 16.8727416862016
0.0338369963369963 16.9185291479213
0.0339285714285714 16.9643166100941
0.0340201465201465 17.0101040727175
0.0341117216117216 17.0558915357854
0.0342032967032967 17.1016789993002
0.0342948717948718 17.1474664632507
0.0343864468864469 17.1932539276395
0.034478021978022 17.2390413924591
0.0345695970695971 17.284828857707
0.0346611721611722 17.3306163233819
0.0347527472527473 17.376403789479
0.0348443223443223 17.4221912559956
0.0349358974358974 17.4679787229244
0.0350274725274725 17.5137661902679
0.0351190476190476 17.5595536580222
0.0352106227106227 17.6053411261802
0.0353021978021978 17.651128594739
0.0353937728937729 17.6969160637014
0.035485347985348 17.7427035330572
0.0355769230769231 17.7884910028066
0.0356684981684982 17.8342784729471
0.0357600732600733 17.8800659434749
0.0358516483516484 17.9258534143888
0.0359432234432234 17.9716408856814
0.0360347985347985 18.0174283573538
0.0361263736263736 18.0632158294024
0.0362179487179487 18.1090033018235
0.0363095238095238 18.1547907746169
0.0364010989010989 18.2005782477754
0.036492673992674 18.2463657212976
0.0365842490842491 18.2921531951811
0.0366758241758242 18.3379406694258
0.0367673992673993 18.3837281440269
0.0368589743589744 18.4295156189817
0.0369505494505495 18.4753030942855
0.0370421245421245 18.521090569938
0.0371336996336996 18.5668780459382
0.0372252747252747 18.612665522281
0.0373168498168498 18.6584529989652
0.0374084249084249 18.7042404759871
0.0375 18.7500279533452
0.0375915750915751 18.7958154310365
0.0376831501831502 18.841602909059
0.0377747252747253 18.8873903874117
0.0378663003663004 18.9331778660885
0.0379578754578755 18.9789653450892
0.0380494505494506 19.0247528244128
0.0381410256410256 19.0705403040542
0.0382326007326007 19.1163277840134
0.0383241758241758 19.1621152642866
0.0384157509157509 19.207902744874
0.038507326007326 19.253690225768
0.0385989010989011 19.2994777069724
0.0386904761904762 19.3452651884821
0.0387820512820513 19.3910526702961
0.0388736263736264 19.4368401524117
0.0389652014652015 19.482627634824
0.0390567765567766 19.5284151175342
0.0391483516483516 19.57420260054
0.0392399267399267 19.6199900838412
0.0393315018315018 19.6657775674316
0.0394230769230769 19.7115650513101
0.039514652014652 19.7573525354754
0.0396062271062271 19.8031400199274
0.0396978021978022 19.8489275046612
0.0397893772893773 19.8947149896756
0.0398809523809524 19.9405024749704
0.0399725274725275 19.98628996054
0.0400641025641026 20.0320774463874
0.0401556776556777 20.0778649325055
0.0402472527472527 20.1236524188979
0.0403388278388278 20.1694399055591
0.0404304029304029 20.2152273924866
0.040521978021978 20.2610148796804
0.0406135531135531 20.3068023671393
0.0407051282051282 20.3525898548607
0.0407967032967033 20.3983773428434
0.0408882783882784 20.4441648310831
0.0409798534798535 20.4899523195823
0.0410714285714286 20.535739808336
0.0411630036630037 20.5815272973436
0.0412545787545788 20.6273147866032
0.0413461538461538 20.6731022761129
0.0414377289377289 20.7188897658712
0.041529304029304 20.764677255876
0.0416208791208791 20.8104647461263
0.0417124542124542 20.8562522366224
0.0418040293040293 20.9020397273587
0.0418956043956044 20.9478272183377
0.0419871794871795 20.9936147095544
0.0420787545787546 21.0394022010095
0.0421703296703297 21.0851896927005
0.0422619047619048 21.1309771846255
0.0423534798534799 21.1767646767845
0.0424450549450549 21.2225521691732
0.04253663003663 21.2683396617928
0.0426282051282051 21.3141271546415
0.0427197802197802 21.3599146477161
0.0428113553113553 21.4057021410179
0.0429029304029304 21.4514896345425
0.0429945054945055 21.4972771282883
0.0430860805860806 21.5430646222571
0.0431776556776557 21.5888521164459
0.0432692307692308 21.6346396108514
0.0433608058608059 21.6804271054753
0.043452380952381 21.7262146003134
0.043543956043956 21.7720020953675
0.0436355311355311 21.8177895906339
0.0437271062271062 21.8635770861113
0.0438186813186813 21.9093645817998
0.0439102564102564 21.9551520776963
0.0440018315018315 22.0009395738013
0.0440934065934066 22.0467270701117
0.0441849816849817 22.0925145666276
0.0442765567765568 22.1383020633472
0.0443681318681319 22.184089560269
0.044459706959707 22.2298770573933
0.0445512820512821 22.2756645547169
0.0446428571428572 22.3214520522401
0.0447344322344322 22.3672395499615
0.0448260073260073 22.4130270478784
0.0449175824175824 22.4588145459908
0.0450091575091575 22.5046020442976
0.0451007326007326 22.5503895427973
0.0451923076923077 22.5961770414864
0.0452838827838828 22.6419645403686
0.0453754578754579 22.6877520394388
0.045467032967033 22.7335395386984
0.0455586080586081 22.7793270381441
0.0456501831501832 22.8251145377755
0.0457417582417582 22.8709020375918
0.0458333333333333 22.9166895375938
0.0459249084249084 22.9624770377757
0.0460164835164835 23.0082645381396
0.0461080586080586 23.0540520386834
0.0461996336996337 23.0998395394085
0.0462912087912088 23.1456270403092
0.0463827838827839 23.1914145413888
0.046474358974359 23.2372020426446
0.0465659340659341 23.2829895440761
0.0466575091575092 23.3287770456801
0.0467490842490842 23.3745645474586
0.0468406593406593 23.4203520494084
0.0469322344322344 23.4661395515295
0.0470238095238095 23.5119270538194
0.0471153846153846 23.5577145562807
0.0472069597069597 23.603502058909
0.0472985347985348 23.6492895617036
0.0473901098901099 23.6950770646652
0.047481684981685 23.7408645677918
0.0475732600732601 23.7866520710824
0.0476648351648352 23.8324395745375
0.0477564102564103 23.8782270781527
0.0478479853479854 23.9240145819324
0.0479395604395604 23.9698020858698
0.0480311355311355 24.0155895899691
0.0481227106227106 24.061377094225
0.0482142857142857 24.1071645986403
0.0483058608058608 24.1529521032108
0.0483974358974359 24.1987396079396
0.048489010989011 24.2445271128211
0.0485805860805861 24.2903146178584
0.0486721611721612 24.3361021230472
0.0487637362637363 24.3818896283905
0.0488553113553114 24.4276771338846
0.0489468864468864 24.4734646395296
0.0490384615384615 24.5192521453242
0.0491300366300366 24.5650396512684
0.0492216117216117 24.6108271573616
0.0493131868131868 24.6566146636013
0.0494047619047619 24.702402169988
0.049496336996337 24.7481896765194
0.0495879120879121 24.7939771831973
0.0496794871794872 24.839764690018
0.0497710622710623 24.8855521969827
0.0498626373626374 24.9313397040895
0.0499542124542125 24.9771272113391
