0.000454545454545455 0.454545454545382
0.00136363636363636 0.757575757575887
0.00227272727272727 1.18181818181837
0.00318181818181818 1.62337662337667
0.00409090909090909 2.07070707070728
0.005 2.52066115702486
0.00590909090909091 2.97202797202805
0.00681818181818182 3.42424242424275
0.00772727272727273 3.87700534759379
0.00863636363636364 4.33014354067037
0.00954545454545455 4.78354978355029
0.0104545454545455 5.23715415019829
0.0113636363636364 5.69090909090962
0.0122727272727273 6.14478114478161
0.0131818181818182 6.59874608150497
0.0140909090909091 7.05278592375414
0.015 7.50688705234214
0.0159090909090909 7.96103896103947
0.0168181818181818 8.41523341523383
0.0177272727272727 8.86946386946412
0.0186363636363636 9.32372505543259
0.0195454545454545 9.77801268498978
0.0204545454545455 10.2323232323234
0.0213636363636364 10.6866537717605
0.0222727272727273 11.141001855288
0.0231818181818182 11.5953654188951
0.0240909090909091 12.0497427101204
0.025 12.5041322314051
0.0259090909090909 12.9585326953751
0.0268181818181818 13.4129429892143
0.0277272727272727 13.8673621460508
0.0286363636363636 14.3217893217894
0.0295454545454545 14.776223776224
0.0304545454545455 15.2306648575309
0.0313636363636364 15.6851119894603
0.0322727272727273 16.1395646606918
0.0331818181818182 16.5940224159408
0.0340909090909091 17.0484848484856
0.035 17.5029515938615
0.0359090909090909 17.9574223245117
0.0368181818181818 18.411896745231
0.0377272727272727 18.8663745892669
0.0386363636363636 19.3208556149742
0.0395454545454546 19.7753396029266
0.0404545454545455 20.2298263534227
0.0413636363636364 20.6843156843165
0.0422727272727273 21.1388074291308
0.0431818181818182 21.5933014354075
0.0440909090909091 22.0477975632623
0.045 22.5022956841147
0.0459090909090909 22.9567956795689
0.0468181818181818 23.4112974404246
0.0477272727272727 23.8658008658018
0.0486363636363636 24.3203058623629
0.0495454545454545 24.7748123436207
