0 918.616824068677
0.000909090909090909 918.203600928182
0.00181818181818182 917.514895694022
0.00272727272727273 916.440515528732
0.00363636363636364 914.96471859839
0.00454545454545455 913.08225762502
0.00545454545454545 910.79074748227
0.00636363636363636 908.088903871335
0.00727272727272727 904.975956212933
0.00818181818181818 901.451405896938
0.00909090909090909 897.514911769056
0.01 893.166230147647
0.0109090909090909 888.405180920194
0.0118181818181818 883.231627201185
0.0127272727272727 877.645462524111
0.0136363636363636 871.646602450016
0.0145454545454545 865.234978882966
0.0154545454545455 858.41053610811
0.0163636363636364 851.17322796171
0.0172727272727273 843.523015766043
0.0181818181818182 835.459866793803
0.0190909090909091 826.983753107046
0.02 818.094650666146
0.0209090909090909 808.792538636761
0.0218181818181818 799.077398844252
0.0227272727272727 788.949215339445
0.0236363636363636 778.40797404954
0.0245454545454545 767.453662494885
0.0254545454545455 756.086269557244
0.0263636363636364 744.305785288721
0.0272727272727273 732.112200753072
0.0281818181818182 719.505507893026
0.0290909090909091 706.485699418672
0.03 693.052768713014
0.0309090909090909 679.206709751622
0.0318181818181818 664.94751703393
0.0327272727272727 650.275185524211
0.0336363636363636 635.189710600628
0.0345454545454545 619.691088011096
0.0354545454545455 603.779313834858
0.0363636363636364 587.454384448938
0.0372727272727273 570.716296498728
0.0381818181818182 553.565046872122
0.0390909090909091 536.000632676691
0.04 518.023051219485
0.0409090909090909 499.6322999891
0.0418181818181818 480.828376639722
0.0427272727272727 461.611278976876
0.0436363636363636 441.981004944687
0.0445454545454545 421.937552614449
0.0454545454545455 401.480920174344
0.0463636363636364 380.611105920191
0.0472727272727273 359.328108247078
0.0481818181818182 337.631925641803
0.0490909090909091 315.522556676019
0.05 293
