0 918.007939578507
8.74125874125874e-05 918.004119098288
0.000174825174825175 917.997751631256
0.000262237762237762 917.987818382686
0.00034965034965035 917.974173810475
0.000437062937062937 917.956769400589
0.000524475524475524 917.935583101192
0.000611888111888112 917.910603038221
0.000699300699300699 917.881822087238
0.000786713286713287 917.849235638311
0.000874125874125874 917.812840537276
0.000961538461538462 917.772634531161
0.00104895104895105 917.728615954724
0.00113636363636364 917.680783542381
0.00122377622377622 917.62913630979
0.00131118881118881 917.573673476265
0.0013986013986014 917.514394412221
0.00148601398601399 917.451298602542
0.00157342657342657 917.38438562042
0.00166083916083916 917.313655108256
0.00174825174825175 917.239106763468
0.00183566433566434 917.160740327755
0.00192307692307692 917.078555578857
0.00201048951048951 916.992552324147
0.0020979020979021 916.902730395592
0.00218531468531469 916.809089645733
0.00227272727272727 916.711629944458
0.00236013986013986 916.610351176386
0.00244755244755245 916.505253238723
0.00253496503496503 916.396336039494
0.00262237762237762 916.28359949608
0.00270979020979021 916.167043533986
0.0027972027972028 916.046668085813
0.00288461538461538 915.922473090384
0.00297202797202797 915.794458491998
0.00305944055944056 915.6626242398
0.00314685314685315 915.526970287232
0.00323426573426573 915.387496591563
0.00332167832167832 915.244203113479
0.00340909090909091 915.097089816731
0.0034965034965035 914.946156667822
0.00358391608391608 914.791403635738
0.00367132867132867 914.632830691704
0.00375874125874126 914.47043780898
0.00384615384615385 914.304224962666
0.00393356643356643 914.134192129545
0.00402097902097902 913.960339287926
0.00410839160839161 913.782666417522
0.0041958041958042 913.601173499324
0.00428321678321678 913.415860515501
0.00437062937062937 913.226727449302
0.00445804195804196 913.033774284969
0.00454545454545455 912.837001007665
0.00463286713286713 912.636407603399
0.00472027972027972 912.431994058966
0.00480769230769231 912.223760361887
0.0048951048951049 912.011706500357
0.00498251748251748 911.795832463198
0.00506993006993007 911.576138239816
0.00515734265734266 911.352623820161
0.00524475524475524 911.125289194687
0.00533216783216783 910.894134354324
0.00541958041958042 910.659159290442
0.00550699300699301 910.420363994828
0.00559440559440559 910.177748459655
0.00568181818181818 909.931312677461
0.00576923076923077 909.681056641125
0.00585664335664336 909.426980343848
0.00594405594405594 909.169083779133
0.00603146853146853 908.907366940767
0.00611888111888112 908.641829822805
0.00620629370629371 908.372472419558
0.0062937062937063 908.09929472557
0.00638111888111888 907.822296735616
0.00646853146853147 907.541478444683
0.00655594405594406 907.256839847957
0.00664335664335664 906.968380940819
0.00673076923076923 906.676101718829
0.00681818181818182 906.380002177719
0.00690559440559441 906.080082313386
0.00699300699300699 905.776342121879
0.00708041958041958 905.468781599397
0.00716783216783217 905.157400742277
0.00725524475524476 904.842199546989
0.00734265734265734 904.523178010132
0.00743006993006993 904.200336128423
0.00751748251748252 903.873673898696
0.00760489510489511 903.543191317895
0.00769230769230769 903.208888383067
0.00777972027972028 902.87076509136
0.00786713286713287 902.528821440019
0.00795454545454546 902.183057426379
0.00804195804195804 901.833473047861
0.00812937062937063 901.480068301973
0.00821678321678322 901.122843186301
0.00830419580419581 900.761797698507
0.00839160839160839 900.396931836327
0.00847902097902098 900.028245597568
0.00856643356643357 899.655738980104
0.00865384615384615 899.279411981873
0.00874125874125874 898.899264600877
0.00882867132867133 898.515296835177
0.00891608391608392 898.127508682889
0.0090034965034965 897.735900142188
0.00909090909090909 897.3404712113
0.00917832167832168 896.941221888501
0.00926573426573427 896.538152172117
0.00935314685314685 896.13126206052
0.00944055944055944 895.720551552131
0.00952797202797203 895.30602064541
0.00961538461538462 894.887669338863
0.0097027972027972 894.465497631033
0.00979020979020979 894.039505520506
0.00987762237762238 893.609693005903
0.00996503496503497 893.176060085882
0.0100524475524476 892.738606759136
0.0101398601398601 892.297333024394
0.0102272727272727 891.852238880415
0.0103146853146853 891.403324325991
0.0104020979020979 890.950589359944
0.0104895104895105 890.494033981127
0.0105769230769231 890.033658188419
0.0106643356643357 889.569461980729
0.0107517482517483 889.101445356993
0.0108391608391608 888.62960831617
0.0109265734265734 888.153950857246
0.011013986013986 887.674472979231
0.0111013986013986 887.19117468116
0.0111888111888112 886.704055962089
0.0112762237762238 886.213116821095
0.0113636363636364 885.718357257279
0.011451048951049 885.21977726976
0.0115384615384615 884.71737685768
0.0116258741258741 884.211156020198
0.0117132867132867 883.701114756493
0.0118006993006993 883.187253065761
0.0118881118881119 882.669570947219
0.0119755244755245 882.148068400097
0.0120629370629371 881.622745423645
0.0121503496503497 881.093602017129
0.0122377622377622 880.560638179827
0.0123251748251748 880.023853911038
0.0124125874125874 879.483249210073
0.0125 878.938824076256
0.0125874125874126 878.390578508928
0.0126748251748252 877.838512507442
0.0127622377622378 877.282626071166
0.0128496503496503 876.722919199479
0.0129370629370629 876.159391891774
0.0130244755244755 875.592044147455
0.0131118881118881 875.020875965938
0.0131993006993007 874.445887346653
0.0132867132867133 873.867078289039
0.0133741258741259 873.284448792546
0.0134615384615385 872.697998856636
0.013548951048951 872.107728480781
0.0136363636363636 871.513637664463
0.0137237762237762 870.915726407173
0.0138111888111888 870.313994708413
0.0138986013986014 869.708442567694
0.013986013986014 869.099069984536
0.0140734265734266 868.485876958469
0.0141608391608392 867.868863489031
0.0142482517482517 867.248029575768
0.0143356643356643 866.623375218235
0.0144230769230769 865.994900415994
0.0145104895104895 865.362605168617
0.0145979020979021 864.726489475683
0.0146853146853147 864.086553336777
0.0147727272727273 863.442796751493
0.0148601398601399 862.795219719431
0.0149475524475524 862.1438222402
0.015034965034965 861.488604313414
0.0151223776223776 860.829565938694
0.0152097902097902 860.166707115668
0.0152972027972028 859.500027843971
0.0153846153846154 858.829528123242
0.015472027972028 858.155207953128
0.0155594405594406 857.477067333283
0.0156468531468531 856.795106263364
0.0157342657342657 856.109324743035
0.0158216783216783 855.419722771966
0.0159090909090909 854.726300349833
0.0159965034965035 854.029057476315
0.0160839160839161 853.327994151099
0.0161713286713287 852.623110373876
0.0162587412587413 851.914406144341
0.0163461538461538 851.201881462194
0.0164335664335664 850.485536327142
0.016520979020979 849.765370738895
0.0166083916083916 849.041384697167
0.0166958041958042 848.313578201677
0.0167832167832168 847.58195125215
0.0168706293706294 846.846503848313
0.016958041958042 846.107235989898
0.0170454545454545 845.364147676643
0.0171328671328671 844.617238908287
0.0172202797202797 843.866509684575
0.0173076923076923 843.111960005255
0.0173951048951049 842.353589870078
0.0174825174825175 841.591399278802
0.0175699300699301 840.825388231184
0.0176573426573427 840.055556726989
0.0177447552447552 839.281904765983
0.0178321678321678 838.504432347934
0.0179195804195804 837.723139472618
0.018006993006993 836.93802613981
0.0180944055944056 836.14909234929
0.0181818181818182 835.356338100843
0.0182692307692308 834.559763394252
0.0183566433566434 833.759368229309
0.0184440559440559 832.955152605804
0.0185314685314685 832.147116523534
0.0186188811188811 831.335259982297
0.0187062937062937 830.519582981892
0.0187937062937063 829.700085522125
0.0188811188811189 828.876767602801
0.0189685314685315 828.04962922373
0.0190559440559441 827.218670384723
0.0191433566433566 826.383891085594
0.0192307692307692 825.545291326162
0.0193181818181818 824.702871106244
0.0194055944055944 823.856630425662
0.019493006993007 823.006569284242
0.0195804195804196 822.152687681809
0.0196678321678322 821.294985618192
0.0197552447552448 820.433463093223
0.0198426573426573 819.568120106735
0.0199300699300699 818.698956658563
0.0200174825174825 817.825972748546
0.0201048951048951 816.949168376524
0.0201923076923077 816.068543542337
0.0202797202797203 815.184098245831
0.0203671328671329 814.295832486851
0.0204545454545455 813.403746265245
0.020541958041958 812.507839580863
0.0206293706293706 811.608112433557
0.0207167832167832 810.704564823181
0.0208041958041958 809.79719674959
0.0208916083916084 808.886008212642
0.020979020979021 807.970999212196
0.0210664335664336 807.052169748113
0.0211538461538462 806.129519820255
0.0212412587412587 805.203049428488
0.0213286713286713 804.272758572676
0.0214160839160839 803.338647252688
0.0215034965034965 802.400715468392
0.0215909090909091 801.458963219661
0.0216783216783217 800.513390506366
0.0217657342657343 799.563997328381
0.0218531468531469 798.610783685583
0.0219405594405594 797.653749577847
0.022027972027972 796.692895005052
0.0221153846153846 795.728219967079
0.0222027972027972 794.759724463808
0.0222902097902098 793.787408495123
0.0223776223776224 792.811272060908
0.022465034965035 791.831315161047
0.0225524475524476 790.847537795428
0.0226398601398601 789.859939963939
0.0227272727272727 788.86852166647
0.0228146853146853 787.87328290291
0.0229020979020979 786.874223673153
0.0229895104895105 785.87134397709
0.0230769230769231 784.864643814618
0.0231643356643357 783.85412318563
0.0232517482517483 782.839782090024
0.0233391608391608 781.821620527698
0.0234265734265734 780.799638498551
0.023513986013986 779.773836002482
0.0236013986013986 778.744213039394
0.0236888111888112 777.710769609188
0.0237762237762238 776.673505711769
0.0238636363636364 775.632421347041
0.023951048951049 774.587516514909
0.0240384615384615 773.53879121528
0.0241258741258741 772.486245448061
0.0242132867132867 771.429879213162
0.0243006993006993 770.369692510492
0.0243881118881119 769.305685339961
0.0244755244755245 768.237857701481
0.0245629370629371 767.166209594964
0.0246503496503497 766.090741020325
0.0247377622377622 765.011451977477
0.0248251748251748 763.928342466336
0.0249125874125874 762.841412486818
0.025 761.75066203884
0.0250874125874126 760.65609112232
0.0251748251748252 759.557699737176
0.0252622377622378 758.455487883329
0.0253496503496504 757.349455560698
0.0254370629370629 756.239602769206
0.0255244755244755 755.125929508773
0.0256118881118881 754.008435779323
0.0256993006993007 752.88712158078
0.0257867132867133 751.761986913068
0.0258741258741259 750.633031776112
0.0259615384615385 749.500256169838
0.026048951048951 748.363660094173
0.0261363636363636 747.223243549045
0.0262237762237762 746.07900653438
0.0263111888111888 744.930949050109
0.0263986013986014 743.779071096162
0.026486013986014 742.623372672467
0.0265734265734266 741.463853778957
0.0266608391608392 740.300514415563
0.0267482517482518 739.133354582217
0.0268356643356643 737.962374278852
0.0269230769230769 736.787573505403
0.0270104895104895 735.608952261802
0.0270979020979021 734.426510547986
0.0271853146853147 733.24024836389
0.0272727272727273 732.05016570945
0.0273601398601399 730.856262584603
0.0274475524475525 729.658538989285
0.027534965034965 728.456994923435
0.0276223776223776 727.251630386993
0.0277097902097902 726.042445379896
0.0277972027972028 724.829439902085
0.0278846153846154 723.612613953499
0.027972027972028 722.391967534081
0.0280594405594406 721.167500643771
0.0281468531468531 719.939213282511
0.0282342657342657 718.707105450244
0.0283216783216783 717.471177146912
0.0284090909090909 716.23142837246
0.0284965034965035 714.987859126832
0.0285839160839161 713.740469409971
0.0286713286713287 712.489259221824
0.0287587412587413 711.234228562335
0.0288461538461538 709.975377431452
0.0289335664335664 708.712705829119
0.029020979020979 707.446213755286
0.0291083916083916 706.175901209899
0.0291958041958042 704.901768192906
0.0292832167832168 703.623814704255
0.0293706293706294 702.342040743897
0.029458041958042 701.05644631178
0.0295454545454545 699.767031407853
0.0296328671328671 698.473796032068
0.0297202797202797 697.176740184375
0.0298076923076923 695.875863864724
0.0298951048951049 694.571167073069
0.0299825174825175 693.262649809361
0.0300699300699301 691.950312073552
0.0301573426573427 690.634153865595
0.0302447552447552 689.314175185443
0.0303321678321678 687.990376033051
0.0304195804195804 686.662756408371
0.030506993006993 685.33131631136
0.0305944055944056 683.996055741971
0.0306818181818182 682.65697470016
0.0307692307692308 681.314073185882
0.0308566433566434 679.967351199094
0.0309440559440559 678.616808739751
0.0310314685314685 677.262445807812
0.0311188811188811 675.904262403231
0.0312062937062937 674.542258525968
0.0312937062937063 673.17643417598
0.0313811188811189 671.806789353225
0.0314685314685315 670.433324057662
0.0315559440559441 669.05603828925
0.0316433566433567 667.674932047947
0.0317307692307692 666.290005333714
0.0318181818181818 664.901258146511
0.0319055944055944 663.508690486297
0.031993006993007 662.112302353034
0.0320804195804196 660.712093746681
0.0321678321678322 659.308064667201
0.0322552447552448 657.900215114554
0.0323426573426573 656.488545088703
0.0324300699300699 655.07305458961
0.0325174825174825 653.653743617237
0.0326048951048951 652.230612171547
0.0326923076923077 650.803660252503
0.0327797202797203 649.372887860068
0.0328671328671329 647.938294994206
0.0329545454545455 646.499881654881
0.033041958041958 645.057647842057
0.0331293706293706 643.611593555698
0.0332167832167832 642.16171879577
0.0333041958041958 640.708023562236
0.0333916083916084 639.250507855064
0.033479020979021 637.789171674218
0.0335664335664336 636.324015019663
0.0336538461538462 634.855037891368
0.0337412587412587 633.382240289297
0.0338286713286713 631.905622213417
0.0339160839160839 630.425183663695
0.0340034965034965 628.940924640099
0.0340909090909091 627.452845142596
0.0341783216783217 625.960945171153
0.0342657342657343 624.465224725739
0.0343531468531469 622.965683806321
0.0344405594405594 621.462322412868
0.034527972027972 619.955140545349
0.0346153846153846 618.444138203732
0.0347027972027972 616.929315387987
0.0347902097902098 615.410672098083
0.0348776223776224 613.88820833399
0.034965034965035 612.361924095677
0.0350524475524476 610.831819383114
0.0351398601398601 609.297894196272
0.0352272727272727 607.760148535122
0.0353146853146853 606.218582399633
0.0354020979020979 604.673195789777
0.0354895104895105 603.123988705525
0.0355769230769231 601.570961146849
0.0356643356643357 600.014113113719
0.0357517482517483 598.453444606107
0.0358391608391608 596.888955623987
0.0359265734265734 595.320646167329
0.036013986013986 593.748516236106
0.0361013986013986 592.172565830292
0.0361888111888112 590.592794949857
0.0362762237762238 589.009203594776
0.0363636363636364 587.421791765022
0.036451048951049 585.830559460568
0.0365384615384615 584.235506681387
0.0366258741258741 582.636633427454
0.0367132867132867 581.033939698742
0.0368006993006993 579.427425495226
0.0368881118881119 577.817090816879
0.0369755244755245 576.202935663677
0.0370629370629371 574.584960035593
0.0371503496503497 572.963163932603
0.0372377622377622 571.337547354682
0.0373251748251748 569.708110301805
0.0374125874125874 568.074852773947
0.0375 566.437774771084
0.0375874125874126 564.796876293192
0.0376748251748252 563.152157340247
0.0377622377622378 561.503617912223
0.0378496503496503 559.851258009099
0.0379370629370629 558.19507763085
0.0380244755244755 556.535076777453
0.0381118881118881 554.871255448884
0.0381993006993007 553.203613645121
0.0382867132867133 551.53215136614
0.0383741258741259 549.856868611918
0.0384615384615385 548.177765382434
0.038548951048951 546.494841677663
0.0386363636363636 544.808097497585
0.0387237762237762 543.117532842177
0.0388111888111888 541.423147711417
0.0388986013986014 539.724942105282
0.038986013986014 538.022916023752
0.0390734265734266 536.317069466804
0.0391608391608392 534.607402434418
0.0392482517482518 532.893914926571
0.0393356643356643 531.176606943243
0.0394230769230769 529.455478484412
0.0395104895104895 527.730529550058
0.0395979020979021 526.00176014016
0.0396853146853147 524.269170254697
0.0397727272727273 522.532759893649
0.0398601398601399 520.792529056995
0.0399475524475525 519.048477744716
0.040034965034965 517.300605956791
0.0401223776223776 515.5489136932
0.0402097902097902 513.793400953923
0.0402972027972028 512.034067738941
0.0403846153846154 510.270914048235
0.040472027972028 508.503939881784
0.0405594405594406 506.733145239569
0.0406468531468532 504.958530121572
0.0407342657342657 503.180094527773
0.0408216783216783 501.397838458152
0.0409090909090909 499.611761912693
0.0409965034965035 497.821864891375
0.0410839160839161 496.028147394179
0.0411713286713287 494.230609421089
0.0412587412587413 492.429250972085
0.0413461538461538 490.624072047149
0.0414335664335664 488.815072646263
0.041520979020979 487.002252769409
0.0416083916083916 485.185612416569
0.0416958041958042 483.365151587725
0.0417832167832168 481.540870282861
0.0418706293706294 479.712768501957
0.041958041958042 477.880846244996
0.0420454545454546 476.045103511963
0.0421328671328671 474.205540302838
0.0422202797202797 472.362156617606
0.0423076923076923 470.514952456248
0.0423951048951049 468.663927818749
0.0424825174825175 466.809082705091
0.0425699300699301 464.950417115258
0.0426573426573427 463.087931049233
0.0427447552447552 461.221624507
0.0428321678321678 459.351497488541
0.0429195804195804 457.477549993842
0.043006993006993 455.599782022886
0.0430944055944056 453.718193575656
0.0431818181818182 451.832784652137
0.0432692307692308 449.943555252312
0.0433566433566434 448.050505376167
0.0434440559440559 446.153635023685
0.0435314685314685 444.25294419485
0.0436188811188811 442.348432889648
0.0437062937062937 440.440101108062
0.0437937062937063 438.527948850078
0.0438811188811189 436.61197611568
0.0439685314685315 434.692182904852
0.0440559440559441 432.768569217581
0.0441433566433566 430.841135053851
0.0442307692307692 428.909880413647
0.0443181818181818 426.974805296954
0.0444055944055944 425.035909703758
0.044493006993007 423.093193634044
0.0445804195804196 421.146657087798
0.0446678321678322 419.196300065004
0.0447552447552448 417.24212256565
0.0448426573426573 415.284124589719
0.0449300699300699 413.322306137199
0.0450174825174825 411.356667208075
0.0451048951048951 409.387207802333
0.0451923076923077 407.413927919959
0.0452797202797203 405.43682756094
0.0453671328671329 403.455906725261
0.0454545454545455 401.471165412909
0.045541958041958 399.48260362387
0.0456293706293706 397.49022135813
0.0457167832167832 395.494018615677
0.0458041958041958 393.493995396497
0.0458916083916084 391.490151700576
0.045979020979021 389.482487527901
0.0460664335664336 387.471002878459
0.0461538461538462 385.455697752238
0.0462412587412587 383.436572149223
0.0463286713286713 381.413626069402
0.0464160839160839 379.386859512762
0.0465034965034965 377.356272479291
0.0465909090909091 375.321864968975
0.0466783216783217 373.283636981802
0.0467657342657343 371.24158851776
0.0468531468531469 369.195719576835
0.0469405594405594 367.146030159016
0.047027972027972 365.09252026429
0.0471153846153846 363.035189892645
0.0472027972027972 360.974039044068
0.0472902097902098 358.909067718547
0.0473776223776224 356.840275916071
0.047465034965035 354.767663636628
0.0475524475524476 352.691230880204
0.0476398601398601 350.610977646789
0.0477272727272727 348.52690393637
0.0478146853146853 346.439009748936
0.0479020979020979 344.347295084476
0.0479895104895105 342.251759942976
0.0480769230769231 340.152404324427
0.0481643356643357 338.049228228816
0.0482517482517483 335.942231656132
0.0483391608391608 333.831414606363
0.0484265734265734 331.716777079498
0.048513986013986 329.598319075527
0.0486013986013986 327.476040594437
0.0486888111888112 325.349941636217
0.0487762237762238 323.220022200857
0.0488636363636364 321.086282288346
0.048951048951049 318.948721898672
0.0490384615384615 316.807341031825
0.0491258741258741 314.662139687794
0.0492132867132867 312.513117866567
0.0493006993006993 310.360275568135
0.0493881118881119 308.203612792486
0.0494755244755245 306.043129539611
0.0495629370629371 303.878825809497
0.0496503496503497 301.710701602136
0.0497377622377622 299.538756917516
0.0498251748251748 297.362991755627
0.0499125874125874 295.183406116458
0.05 293
