0.00104530251250886 1.04530251250891
0.00252358350248157 1.29893543239166
0.00328879805091746 1.66118035486048
0.00390112208596248 1.96061574851099
0.00442797250003887 2.22086205003099
0.00489782525751709 2.45399338222287
0.00532606827542538 2.66698523563541
0.00572217247287485 2.86427230523945
0.006092469517472 3.04887447888013
0.00644144432095125 3.22295567206291
0.00677241300983234 3.38812830264312
0.00708791034829719 3.54563159608203
0.00738992592911155 3.69644213331363
0.00768005567456419 3.8413456232419
0.00795960309003775 3.98098530524939
0.00822964927273105 4.11589564753494
0.00849110271983302 4.24652645214984
0.00874473563971569 4.37326050422019
0.00899121098737342 4.49642675887562
0.00923110296749758 4.61631037089209
0.00946491283774168 4.73316044394116
0.00969308126615399 4.84719610247424
0.0099159981193426 4.95861130950274
0.0101340103058799 5.06757873288287
0.0103474281275362 5.17425288006931
0.0105565304714346 5.27877266364457
0.0107615690917245 5.38126351903373
0.0109627721686931 5.48183916635547
0.0111603472890309 5.58060308684964
0.0113544839583513 5.67764976843296
0.0115453557327028 5.77306576300097
0.0117331220374144 5.86693058914265
0.0119179297275816 5.95931750699822
0.0120999144336909 6.05029418672876
0.012279201727477 6.13992328790208
0.0124559081365301 6.22826296391621
0.0126301420309687 6.31536730295163
0.0128020044013638 6.40128671496325
0.012971589543787 6.48606827256323
0.013138985665188 6.56975601234588
0.0133042754201443 6.6523912021012
0.0134675363882591 6.73401257854965
0.0136288415000395 6.81465655944879
0.0137882594178907 6.89435743338968
0.0139458548778788 6.97314753008328
0.0141016889970885 7.05105737351147
0.0142558195507172 7.12811582004649
0.0144083012224712 7.20435018325524
0.0145591858313411 7.2797863469586
0.0147085225374256 7.35444886785263
0.0148563580291216 7.42836106885282
0.0150027366937022 7.50154512416584
0.0151477007730496 7.57402213695887
0.0152912905060934 7.64581221040903
0.0154335442593134 7.71693451281355
0.0155744986465098 7.78740733732908
0.0157141886388988 7.85724815691322
0.0158526476664714 7.9264736748958
0.0159899077114508 7.99509987161672
0.016125999394585 8.06314204749193
0.016260952054938 8.1306148628295
0.0163947938237659 8.19753237470512
0.0165275516930074 8.26390807115468
0.0166592515788592 8.32975490289427
0.0167899183808614 8.39508531283633
0.016919576036875 8.4599112635138
0.0170482475742941 8.52424426265786
0.0171759551578048 8.58809538704828
0.0173027201339695 8.65147530475899
0.0174285630728924 8.71439429597634
0.0175535038071953 8.77686227245667
0.0176775614685135 8.83888879574409
0.0178007545217018 8.90048309425693
0.0179231007969237 8.96165407931307
0.0180446175197819 9.02241036018354
0.0181653213396344 9.08276025821612
0.0182852283562274 9.14271182015206
0.0184043541447667 9.20227283064599
0.0185227137795372 9.2614508240582
0.0186403218561718 9.32025309558067
0.0187571925126643 9.37868671173223
0.0188733394492102 9.43675852026741
0.0189887759469551 9.49447515954404
0.0191035148857234 9.55184306738235
0.0192175687607942 9.60886848943323
0.0193309496987857 9.66555748712915
0.0194436694727066 9.72191594519215
0.0195557395162255 9.77794957876161
0.0196671709372092 9.83366394016817
0.0197779745305739 9.88906442534567
0.0198881607904923 9.94415627992765
0.0199977399219943 9.99894460505227
0.0201067218519999 10.0534343628723
0.0202151162398157 10.1076303817884
0.0203229324871278 10.1615373614514
0.0204301797475198 10.2151598775253
0.0205368669355438 10.2685023862081
0.0206430027353689 10.3215692285441
0.020748595609032 10.3743646345746
0.0208536538043117 10.4268927272486
0.0209581853622479 10.4791575261877
0.0210621981243248 10.5311629512777
0.0211656997393365 10.5829128260936
0.0212686976699514 10.634410881186
0.0213711991989927 10.6856607572162
0.0214732114354479 10.7366660079566
0.0215747413202234 10.7874301031734
0.0216757956316562 10.8379564313754
0.0217763809907954 10.8882483024523
0.0218765038664647 10.9383089502124
0.0219761705801183 10.9881415347988
0.0220753873104981 11.0377491450253
0.0221741600981048 11.087134800604
0.0222724948494892 11.1363014542971
0.0223703973413743 11.1852519939689
0.0224678732246163 11.2339892445747
0.0225649280280101 11.2825159700558
0.02266156716195 11.3308348751646
0.0227577959219484 11.3789486072376
0.0228536194920232 11.4268597578768
0.0229490429479561 11.4745708645768
0.0230440712604308 11.5220844123047
0.0231387092980543 11.5694028350001
0.0232329618302681 11.6165285170357
0.0233268335301528 11.6634637946123
0.0234203289771322 11.7102109571131
0.0235134526595802 11.7567722484153
0.0236062089773354 11.8031498681292
0.0236986022441268 11.8493459728301
0.0237906366899151 11.8953626772204
0.0238823164631522 11.9412020552466
0.0239736456329638 11.9868661412118
0.0240646281912567 12.0323569308139
0.0241552680547546 12.0776763821685
0.0242455690669662 12.122826416789
0.024335535000087 12.1678089205557
0.0244251695568377 12.2126257445917
0.0245144763722429 12.2572787062006
0.0246034590153513 12.3017695897029
0.0246921209908997 12.3461001472574
0.0247804657409243 12.3902720996917
0.0248684966463199 12.434287137263
0.0249562170283494 12.4781469204249
0.0250436301501064 12.5218530805415
0.0251307392179311 12.565407220614
0.0252175473827832 12.6088109159571
0.0253040577415718 12.652065714861
0.0253902733384443 12.6951731392454
0.0254761971660366 12.738134685276
0.0255618321666853 12.7809518239757
0.0256471812336033 12.8236260018068
0.0257322472120201 12.866158641246
0.0258170329002893 12.9085511413359
0.025901541050962 12.9508048782214
0.02598577437183 12.9929212056721
0.026069735526938 13.0349014555891
0.026153427137567 13.0767469384915
0.0262368517831889 13.1184589439999
0.0263200120023942 13.1600387412968
0.0264029102937936 13.2014875795774
0.026485549116894 13.2428066884878
0.0265679308929498 13.2839972785554
0.0266500580057905 13.325060541596
0.026731932802626 13.3659976511106
0.0268135575948293 13.4068097626901
0.0268949346586974 13.4474980143949
0.0269760662361926 13.4880635271185
0.027056954535663 13.5285074049416
0.0271376017325436 13.5688307354959
0.0272180099700395 13.6090345903043
0.0272981813597902 13.6491200251047
0.0273781179825165 13.6890880801764
0.0274578218886509 13.7289397806604
0.0275372950989511 13.7686761368658
0.027616539605098 13.8082981445532
0.0276955573702779 13.8478067852484
0.0277743503297501 13.887203026511
0.0278529203913998 13.9264878222204
0.0279312694362775 13.9656621128285
0.0280093993191239 14.0047268256487
0.0280873118688827 14.0436828750842
0.0281650088892 14.0825311628974
0.0282424921589114 14.1212725784531
0.0283197634325173 14.1599079989377
0.0283968244406465 14.1984382896127
0.0284736768905081 14.2368643040225
0.0285503224663333 14.2751868842354
0.028626762829806 14.3134068610378
0.0287029996204825 14.3515250541544
0.0287790344562027 14.3895422724587
0.0288548689334903 14.4274593141614
0.0289305046279438 14.4652769670146
0.0290059430946186 14.5029960084982
0.0290811858684001 14.5406172060139
0.0291562344643681 14.5781413170504
0.0292310903781526 14.6155690893846
0.0293057550862818 14.6529012612366
0.0293802300465215 14.690138561447
0.0294545166982077 14.7272817096448
0.029528616462571 14.7643314164022
0.0296025307430536 14.8012883834017
0.0296762609256197 14.8381533035953
0.0297498083790587 14.8749268613326
0.0298231744552816 14.911609732537
0.0298963604896112 14.9482025848301
0.0299693678010653 14.9847060776889
0.0300421976926342 15.0211208625798
0.0301148514515522 15.057447583077
0.0301873303495629 15.0936868750244
0.0302596356431791 15.1298393666461
0.0303317685739366 15.1659056786815
0.0304037303686433 15.2018864244996
0.0304755222396227 15.2377822102364
0.0305471453849516 15.2735936348992
0.0306186009886942 15.3093212904921
0.0306898902211298 15.3449657621252
0.030761014238977 15.3805276281313
0.0308319741856121 15.4160074601707
0.030902771191284 15.4514058233424
0.0309734063733243 15.4867232762924
0.0310438808363526 15.5219603712995
0.0311141956724783 15.55711765439
0.0311843519614983 15.5921956654435
0.0312543507710901 15.6271949382761
0.0313241931570016 15.6621160007329
0.0313938801632366 15.6969593748029
0.0314634128222373 15.7317255766753
0.0315327921550626 15.7664151168594
0.0316020191715629 15.8010285002609
0.0316710948705517 15.8355662262667
0.0317400202399738 15.8700287888264
0.03180879625707 15.9044166765396
0.0318774238885391 15.9387303727395
0.0319459040906959 15.9729703555612
0.0320142378096273 16.0071370980276
0.0320824259813441 16.041231068129
0.0321504695319314 16.0752527288907
0.0322183693776947 16.1092025384385
0.0322861264253041 16.1430809501002
0.0323537415719356 16.1768884124415
0.0324212157054095 16.2106253693535
0.0324885497043269 16.2442922601293
0.0325557444382026 16.2778895195025
0.0326228007675963 16.3114175777337
0.0326897195442415 16.3448768606809
0.0327565016111714 16.3782677898403
0.0328231478028426 16.4115907824249
0.0328896589452575 16.4448462514272
0.032956035856083 16.4780346056618
0.033022279344768 16.5111562498395
0.0330883902126589 16.5442115846181
0.0331543692531122 16.5772010066643
0.033220217251606 16.6101249086992
0.0332859349858488 16.6429836795663
0.0333515232258868 16.6757777042757
0.0334169827342092 16.7085073640597
0.0334823142658516 16.7411730364202
0.0335475185684976 16.7737750951914
0.0336125963825786 16.8063139105735
0.0336775484413718 16.8387898491912
0.0337423754710971 16.871203274151
0.0338070781910111 16.9035545450612
0.0338716573135007 16.9358440181055
0.0339361135441746 16.9680720460793
0.034000447581953 17.0002389784321
0.0340646601191562 17.0323451613079
0.0341287518415915 17.0643909376035
0.0341927234286387 17.0963766470008
0.0342565755533339 17.1283026260068
0.0343203088824525 17.1601692079922
0.0343839240765901 17.1919767232505
0.0344474217902425 17.2237254990159
0.0345108026718842 17.2554158595217
0.034574067364046 17.2870481260224
0.0346372165033905 17.3186226168363
0.0347002507207871 17.3501396473939
0.0347631706413857 17.3815995302592
0.0348259768846886 17.4130025751714
0.0348886700646222 17.4443490890877
0.0349512507896066 17.4756393762092
0.0350137196626246 17.5068737380214
0.0350760772812896 17.5380524733143
0.0351383242379121 17.5691758782424
0.0352004611195656 17.6002442463376
0.0352624885081509 17.631257868531
0.0353244069804602 17.6622170332197
0.0353862171082388 17.6931220262645
0.0354479194582476 17.7239731310425
0.0355095145923232 17.7547706284581
0.0355710030674377 17.7855147969976
0.0356323854357577 17.8162059127296
0.0356936622447018 17.8468442493609
0.0357548340369976 17.8774300782531
0.0358159013507381 17.9079636684379
0.0358768647194367 17.9384452866622
0.0359377246720813 17.9688751974223
0.0359984817331886 17.9992536629647
0.036059136422856 18.029580943334
0.0361196892568142 18.0598572963903
0.0361801407464781 18.0900829778272
0.0362404913989969 18.1202582412194
0.0363007417173043 18.1503833380265
0.0363608922001671 18.1804585176292
0.0364209433422333 18.210484027341
0.0364808956340798 18.2404601124446
0.036540749562259 18.2703870162157
0.0366005056093447 18.3002649799304
0.0366601642539779 18.3300942429008
0.0367197259709113 18.3598750425076
0.0367791912310533 18.3896076141932
0.0368385605015117 18.4192921915073
0.036897834245636 18.4489290061165
0.0369570129230603 18.4785182878351
0.0370160969897443 18.508060264634
0.0370750868980147 18.5375551626809
0.0371339830966052 18.567003206327
0.0371927860306967 18.5964046181635
0.0372514961419562 18.6257596190209
0.0373101138685759 18.655068427989
0.0373686396453111 18.6843312624335
0.0374270739035177 18.713548338041
0.0374854170711897 18.7427198687978
0.0375436695729955 18.7718460670271
0.0376018318303139 18.8009271434235
0.0376599042612698 18.8299633070373
0.0377178872807693 18.858954765323
0.0377757813005341 18.8879017241356
0.037833586729136 18.9168043877539
0.03789130397203 18.9456629589084
0.0379489334315878 18.9744776387739
0.0380064755071306 19.0032486270068
0.0380639305949612 19.0319761217554
0.0381212990883958 19.0606603196793
0.0381785813777957 19.0893014159519
0.038235777850598 19.1178996042874
0.0382928888913464 19.1464550769515
0.038349914881721 19.1749680247836
0.0384068562005687 19.2034386372016
0.0384637132239317 19.2318671022258
0.0385204863250774 19.2602536064846
0.0385771758745262 19.2885983352356
0.0386337822400802 19.3169014723769
0.0386903057868509 19.345163200456
0.0387467468772867 19.3733837006958
0.0388031058711998 19.401563153006
0.0388593831257934 19.4297017359769
0.0389155789956876 19.4577996269168
0.038971693832946 19.4858570018578
0.0390277279871009 19.5138740355576
0.039083681805179 19.5418509015289
0.0391395556317268 19.5697877720409
0.0391953498088344 19.5976848181394
0.0392510646761611 19.6255422096483
0.0393067005709585 19.653360115189
0.039362257828095 19.6811387021953
0.0394177367800792 19.7088781369139
0.0394731377570826 19.7365785844338
0.0395284610869634 19.7642402086786
0.0395837070952884 19.7918631724305
0.0396388761053556 19.8194476373321
0.0396939684382163 19.8469937639102
0.0397489844126971 19.8745017115723
0.039803924345421 19.9019716386295
0.0398587885508289 19.9294037022991
0.0399135773412007 19.9567980587185
0.0399682910266757 19.9841548629563
0.0400229299152734 20.011474269017
0.0400774943129138 20.0387564298545
0.0401319845234369 20.0660014973952
0.0401864008486229 20.0932096225231
0.0402407435882116 20.1203809551023
0.0402950130399215 20.1475156439945
0.0403492094994689 20.1746138370521
0.040403333260587 20.2016756811419
0.040457384615044 20.2287013221424
0.0405113638526616 20.2556909049654
0.0405652712613333 20.2826445735537
0.0406191071270423 20.3095624708992
0.0406728717338789 20.3364447390401
0.0407265653640583 20.3632915190846
0.0407801882979379 20.3901029512088
0.040833740814034 20.4168791746701
0.0408872231890392 20.4436203278132
0.0409406356978386 20.4703265480752
0.0409939786135267 20.4969979720055
0.0410472522074234 20.5236347352599
0.0411004567490901 20.5502369726164
0.0411535925063459 20.5768048179829
0.0412066597452829 20.6033384044069
0.0412596587302822 20.6298378640716
0.0413125897240289 20.6563033283198
0.0413654529875275 20.6827349276524
0.0414182487801169 20.7091327917362
0.0414709773594851 20.7354970494119
0.0415236389816841 20.7618278287121
0.0415762339011441 20.7881252568421
0.0416287623706881 20.8143894602069
0.0416812246415461 20.8406205644317
0.0417336209633689 20.8668186943327
0.041785951584242 20.8929839739531
0.0418382167506997 20.9191165265583
0.041890416707738 20.9452164746443
0.0419425516988285 20.9712839399469
0.0419946219659314 20.9973190434411
0.0420466277495088 21.0233219053568
0.0420985692885373 21.0492926451858
0.0421504468205214 21.0752313816729
0.0422022605815054 21.1011382328404
0.0422540108060868 21.1270133159832
0.042305697727428 21.1528567476853
0.0423573215772687 21.1786686438169
0.0424088825859382 21.2044491195358
0.0424603809823676 21.2301982893056
0.0425118169941009 21.2559162669005
0.0425631908473075 21.281603165402
0.0426145027667934 21.3072590972134
0.0426657529760128 21.3328841740621
0.0427169416970796 21.3584785069979
0.042768069150778 21.3840422064159
0.0428191355565747 21.4095753820434
0.0428701411326287 21.4350781429614
0.042921086095803 21.4605505976038
0.0429719706616752 21.4859928537527
0.0430227950445479 21.5114050185585
0.0430735594574592 21.5367871985402
0.0431242641121937 21.56213949959
0.043174909219292 21.5874620269753
0.0432254949880616 21.6127548853489
0.0432760216265864 21.6380181787533
0.0433264893417371 21.6632520106217
0.0433768983391812 21.6884564837847
0.043427248823392 21.7136317004783
0.0434775409976594 21.7387777623469
0.0435277750640984 21.7638947704493
0.0435779512236594 21.7889828252543
0.043628069676137 21.8140420266608
0.0436781306201797 21.8390724739942
0.0437281342532988 21.8640742660055
0.0437780807718776 21.8890475008873
0.0438279703711806 21.9139922762697
0.0438778032453619 21.9389086892292
0.0439275795874745 21.96379683629
0.0439772995894787 21.9886568134337
0.0440269634422512 22.0134887160948
0.0440765713355931 22.0382926391743
0.0441261234582384 22.0630686770393
0.044175619997863 22.0878169235227
0.0442250611410924 22.112537471942
0.0442744470735098 22.1372304150812
0.0443237779796649 22.1618958452201
0.0443730540430814 22.1865338541157
0.044422275446265 22.2111445330214
0.0444714423707115 22.2357279726857
0.0445205549969146 22.2602842633532
0.0445696135043734 22.2848134947666
0.0446186180716003 22.3093157561891
0.0446675688761282 22.3337911363847
0.0447164660945187 22.3582397236313
0.0447653099023688 22.3826616057258
0.0448141004743187 22.4070568699897
0.0448628379840588 22.4314256032648
0.0449115226043372 22.4557678919294
0.0449601545069667 22.4800838218854
0.0450087338628318 22.5043734785719
0.0450572608418959 22.5286369469754
0.0451057356132079 22.5528743116159
0.0451541583449095 22.5770856565618
0.0452025292042417 22.6012710654337
0.0452508483575518 22.6254306214069
0.0452991159702996 22.6495644072086
0.0453473322070646 22.6736725051293
0.0453954972315522 22.697754997018
0.0454436112066002 22.7218119642929
0.0454916742941852 22.745843487946
0.0455396866554292 22.7698496485325
0.0455876484506057 22.7938305261933
0.0456355598391458 22.8177862006374
0.0456834209796449 22.8417167511659
0.0457312320298682 22.8656222566583
0.0457789931467572 22.8895027955862
0.0458267044864354 22.9133584460123
0.0458743662042147 22.9371892855897
0.0459219784546008 22.9609953915692
0.0459695413912993 22.9847768408045
0.0460170551672214 23.0085337097494
0.04606451993449 23.0322660744662
0.0461119358444445 23.0559740106232
0.0461593030476476 23.0796575935005
0.0462066216938899 23.1033168979949
0.0462538919321959 23.1269519986136
0.0463011139108294 23.1505629694925
0.0463482877772989 23.1741498843832
0.0463954136783629 23.1977128166634
0.0464424917600355 23.2212518393403
0.0464895221675912 23.2447670250512
0.0465365050455707 23.2682584460655
0.0465834405377857 23.2917261742858
0.0466303287873239 23.3151702812598
0.0466771699365548 23.3385908381687
0.0467239641271338 23.3619879158402
0.0467707115000079 23.3853615847477
0.0468174121954205 23.4087119150108
0.0468640663529159 23.4320389764036
0.0469106741113448 23.4553428383474
0.0469572356088688 23.4786235699262
0.0470037509829649 23.5018812398737
0.0470502203704308 23.5251159165923
0.0470966439073893 23.5483276681369
0.0471430217292928 23.5715165622387
0.0471893539709282 23.5946826662925
0.0472356407664215 23.617826047354
0.0472818822492419 23.640946772162
0.0473280785522067 23.6640449071231
0.0473742298074856 23.6871205183219
0.0474203361466052 23.7101736715235
0.0474663977004533 23.7332044321648
0.0475124145992832 23.7562128653765
0.0475583869727179 23.7791990359709
0.0476043149497549 23.8021630084452
0.0476501986587696 23.8251048469847
0.0476960382275201 23.8480246154658
0.0477418337831513 23.8709223774663
0.0477875854521985 23.8937981962484
0.0478332933605921 23.916652134779
0.0478789576336616 23.9394842557256
0.0479245783961389 23.9622946214445
0.0479701557721632 23.9850832940157
0.0480156898852843 24.0078503352039
0.0480611808584669 24.0305958064957
0.0481066288140942 24.0533197690855
0.0481520338739719 24.0760222838717
0.0481973961593317 24.098703411468
0.0482427157908358 24.1213632122088
0.0482879928885798 24.144001746139
0.0483332275720969 24.1666190730289
0.0483784199603616 24.1892152523571
0.0484235701717929 24.2117903433392
0.0484686783242586 24.2343444049085
0.0485137445350784 24.2568774957222
0.0485587689210274 24.2793896741676
0.04860375159834 24.3018809983614
0.0486486926827134 24.3243515261518
0.0486935922893105 24.3468013151223
0.048738450532764 24.3692304225867
0.0487832675271795 24.391638905598
0.0488280433861389 24.4140268209444
0.0488727782227039 24.4363942251582
0.048917472149419 24.4587411745118
0.0489621252783153 24.4810677250224
0.0490067377209133 24.5033739324453
0.0490513095882265 24.5256598522862
0.0490958409907644 24.5479255398046
0.0491403320385357 24.5701710500002
0.0491847828410518 24.5923964376332
0.0492291935073294 24.6146017572047
0.0492735641458941 24.6367870629838
0.0493178948647832 24.6589524089812
0.0493621857715489 24.6810978489826
0.0494064369732614 24.7032234365159
0.0494506485765117 24.7253292248761
0.0494948206874149 24.7474152671239
0.0495389534116127 24.7694816160752
0.0495830468542771 24.7915283243212
0.0496271011201125 24.8135554442086
0.0496711163133591 24.8355630278594
0.0497150925377957 24.8575511271611
0.0497590298967425 24.8795197937753
0.0498029284930638 24.9014690791349
0.0498467884291712 24.9233990344437
0.0498906098070259 24.945309710682
0.0499343927281418 24.9672011586063
0.0499781372935882 24.9890734287515
