0 918.55959845256
0.000862068965517241 918.188017001906
0.00172413793103448 917.568714584149
0.00258620689655172 916.602602812449
0.00344827586206897 915.27552620297
0.00431034482758621 913.582766261102
0.00517241379310345 911.522178216567
0.00603448275862069 909.09260719306
0.00689655172413793 906.293360264799
0.00775862068965517 903.123989068044
0.00862068965517242 899.584186827604
0.00948275862068966 895.67373441834
0.0103448275862069 891.392469878196
0.0112068965517241 886.740270116008
0.0120689655172414 881.717039394204
0.0129310344827586 876.322701782986
0.0137931034482759 870.557196048645
0.0146551724137931 864.420472090874
0.0155172413793103 857.912488397991
0.0163793103448276 851.033210189937
0.0172413793103448 843.782608037432
0.0181034482758621 836.16065681792
0.0189655172413793 828.167334914316
0.0198275862068966 819.802623591816
0.0206896551724138 811.066506507291
0.021551724137931 801.958969318813
0.0224137931034483 792.479999371738
0.0232758620689655 782.629585444023
0.0241379310344828 772.407717537851
0.025 761.814386707803
0.0258620689655172 750.849584918166
0.0267241379310345 739.513304923623
0.0275862068965517 727.80554016889
0.028448275862069 715.726284703784
0.0293103448275862 703.275533110975
0.0301724137931034 690.453280444205
0.0310344827586207 677.259522175209
0.0318965517241379 663.694254147909
0.0327586206896552 649.757472538714
0.0336206896551724 635.449173821973
0.0344827586206897 620.769354739807
0.0353448275862069 605.718012275662
0.0362068965517241 590.295143631048
0.0370689655172414 574.500746205014
0.0379310344827586 558.334817575987
0.0387931034482759 541.797355485645
0.0396551724137931 524.888357824566
0.0405172413793103 507.607822619421
0.0413793103448276 489.955748021511
0.0422413793103448 471.93213229649
0.0431034482758621 453.536973815124
0.0439655172413793 434.770271044966
0.0448275862068966 415.632022542835
0.0456896551724138 396.122226948022
0.046551724137931 376.240882976114
0.0474137931034483 355.987989413405
0.0482758620689655 335.36354511179
0.0491379310344828 314.367548984129
0.05 293
