0 919.106299932744
0.00204294461611359 917.019488580491
0.00288915998328494 915.945367909035
0.00353848387215804 914.891314127382
0.00408588923222718 913.842529928569
0.0045681630358972 912.79588383089
0.00500417188224436 911.750313403379
0.00540512339651488 910.705359644206
0.00577831996656988 909.66079204495
0.00612883384834078 908.61648220378
0.00646035812049728 907.572352945005
0.00677568075912544 906.528355097476
0.00707696774431607 905.484455851855
0.00736594156633065 904.440632479234
0.00764399881365148 903.396868736601
0.00791229047543205 902.353152707777
0.00817177846445437 901.309475452851
0.00842327643952326 900.265830133698
0.00866747994985482 899.222211430679
0.00890498912888964 898.178615143352
0.00913632607179441 897.135037910877
0.00936194834394304 896.091477012242
0.00958225962386562 895.047930220928
0.00979761819033957 894.004395697469
0.0100083437644887 892.960871908857
0.010214723080568 891.917357567277
0.0104170144627525 890.87385158297
0.0106154516164741 889.830353027577
0.0108102467930298 888.78686110532
0.0110015934496198 887.743375130157
0.0111896684997915 886.699894507494
0.0113746342288327 885.656418719442
0.0115566399331398 884.612947312833
0.0117358233306721 883.569479889418
0.0119123117803916 882.526016097792
0.0120862233413818 881.482555626703
0.0122576676966816 880.439098199476
0.0124267469623702 879.395643569344
0.0125935563988607 878.35219151551
0.0127581850384682 877.308741839818
0.0129207162409946 876.265294363929
0.0130812281871699 875.221848926898
0.0132397943182406 874.178405383105
0.0133964837287186 873.134963600477
0.0135513615182509 872.091523458945
0.0137044891076916 871.048084849113
0.0138559245237316 870.004647671094
0.0140057226558237 868.961211833504
0.0141539354886321 867.917777252572
0.0143006123127951 866.874343851365
0.0144457999164247 865.830911559105
0.0145895427594522 864.787480310564
0.0147318831326613 863.74405004553
0.014872861303021 862.700620708338
0.0150125156467331 861.657192247443
0.0151508827712419 860.613764615051
0.015287997627303 859.570337766778
0.0154238936120854 858.52691166136
0.0155586026641674 857.483486260372
0.015692155351192 856.440061528
0.0158245809508641 855.396637430814
0.0159559075258964 854.353213937576
0.0160861619934485 853.309791019064
0.0162153701895447 852.266368647912
0.0163435569289087 851.222946798464
0.0164707460606066 850.179525446641
0.0165969605198511 849.136104569826
0.0167222223762873 848.09268414675
0.0168465528790465 847.049264157395
0.0169699724988292 846.005844582907
0.0170925009672525 844.962425405503
0.0172141573136774 843.919006608408
0.0173349598997096 842.875588175775
0.0174549264515508 841.832170092628
0.0175740740903627 840.788752344797
0.0176924193607902 839.745334918872
0.0178099782577793 838.701917802145
0.0179267662518112 837.65850098257
0.0180427983126672 836.615084448719
0.0181580889318258 835.571668189741
0.0182726521435888 834.528252195329
0.0183865015450223 833.484836455685
0.0184996503147929 832.441420961487
0.0186121112309733 831.398005703866
0.0187238966878861 830.354590674371
0.0188350187120464 829.311175864952
0.0189454889772644 828.267761267932
0.0190553188189585 827.224346875985
0.0191645192477312 826.180932682123
0.0192731009622523 825.137518679667
0.0193810743614918 824.094104862238
0.0194884495563445 823.050691223736
0.0195952363806791 822.007277758327
0.0197014444018503 820.963864460426
0.019807082930702 819.920451324689
0.0199121610310939 818.877038345994
0.0200166875289774 817.833625519433
0.0201206710210477 816.790212840303
0.0202241198829946 815.746800304089
0.0203270422773763 814.70338790646
0.0204294461611359 813.65997564326
0.0205313392927802 812.616563510496
0.0206327292392394 811.573151504331
0.0207336233824258 810.529739621078
0.0208340289255051 809.486327857191
0.0209339528988982 808.44291620926
0.0210334021660262 807.399504674004
0.0211323834288114 806.356093248263
0.0212309032329482 805.312681928995
0.0213289679729545 804.26927071327
0.0214265838970151 803.225859598263
0.0215237571116275 802.182448581254
0.0216204935860595 801.139037659617
0.0217167991566287 800.095626830819
0.0218126795308109 799.052216092419
0.0219081402911877 798.008805442057
0.0220031868992397 796.965394877457
0.022097824698992 795.92198439642
0.0221920589205212 794.878573996821
0.0222858946833282 793.835163676607
0.0223793369995829 792.791753433795
0.0224723907772495 791.748343266464
0.0225650608230937 790.704933172759
0.0226573518455804 789.661523150884
0.0227492684576654 788.618113199101
0.022840815179486 787.574703315728
0.0229319964409544 786.531293499137
0.0230228165842595 785.487883747749
0.0231132798662795 784.444474060036
0.0232033904609104 783.401064434518
0.0232931524613131 782.35765486976
0.0233825698820828 781.314245364369
0.0234716466613442 780.270835916998
0.0235603866627757 779.227426526336
0.0236487936775643 778.184017191115
0.0237368714262961 777.140607910103
0.0238246235607831 776.097198682103
0.0239120536658299 775.053789505955
0.0239991652609427 774.010380380532
0.0240859618019822 772.966971304739
0.0241724466827637 771.923562277512
0.0242586232366051 770.880153297818
0.0243444947378266 769.836744364653
0.0244300644032015 768.793335477041
0.0245153353933631 767.749926634032
0.0246003108141663 766.706517834705
0.0246849937180081 765.66310907816
0.0247693871051063 764.619700363527
0.0248534939247405 763.576291689953
0.0249373170764543 762.532883056614
0.0250208594112218 761.489474462704
0.025104123732579 760.44606590744
0.0251871127977214 759.402657390059
0.0252698293185698 758.359248909818
0.0253522759628038 757.315840465994
0.0254344553548659 756.272432057882
0.0255163700769363 755.229023684796
0.0255980226698798 754.185615346065
0.0256794156341648 753.142207041039
0.0257605514307574 752.09879876908
0.0258414324819891 751.055390529569
0.0259220611724012 750.011982321901
0.0260024398495644 748.968574145486
0.026082570824877 747.92516599975
0.0261624563743398 746.881757884131
0.0262420987393108 745.838349798081
0.0263215001272391 744.794941741066
0.0264006627123782 743.751533712565
0.0264795886364812 742.708125712067
0.0265582800094767 741.664717739077
0.0266367389101271 740.62130979311
0.0267149673866689 739.577901873689
0.0267929674574373 738.534493980354
0.0268707411114729 737.49108611265
0.0269482903091144 736.447678270138
0.0270256169825744 735.404270452383
0.0271027230365017 734.360862658966
0.0271796103485284 733.317454889472
0.0272562807698031 732.274047143499
0.0273327361255116 731.230639420653
0.0274089782153832 730.187231720549
0.0274850088141856 729.143824042808
0.0275608296722063 728.100416387063
0.0276364425157232 727.057008752953
0.0277118490474631 726.013601140126
0.0277870509470489 724.970193548236
0.0278620498714362 723.926785976946
0.0279368474553394 722.883378425924
0.0280114453116474 721.839970894848
0.0280858450318291 720.796563383401
0.02816004818633 719.753155891273
0.0282340563249586 718.709748418161
0.0283078709772643 717.666340963767
0.0283814936529061 716.622933527801
0.028454925842013 715.579526109978
0.0285281690155356 714.536118710018
0.0286012246255903 713.492711327648
0.0286740941057949 712.4493039626
0.0287467788715969 711.405896614612
0.0288192803205943 710.362489283427
0.0288915998328494 709.319081968792
0.0289637387711948 708.275674670461
0.0290356984815333 707.232267388191
0.0291074802931313 706.188860121745
0.0291790855189043 705.14545287089
0.0292505154556982 704.102045635399
0.0293217713845625 703.058638415047
0.0293928545710187 702.015231209615
0.0294637662653226 700.971824018888
0.0295345077027207 699.928416842655
0.0296050801037014 698.885009680708
0.0296754846742405 697.841602532845
0.0297457226060419 696.798195398866
0.0298157950767726 695.754788278576
0.0298857032502936 694.711381171783
0.0299554482768847 693.667974078298
0.0300250312934662 692.624566997937
0.0300944534238143 691.581159930518
0.0301637157787736 690.537752875863
0.030232819456464 689.494345833797
0.0303017655424837 688.450938804149
0.0303705551101089 687.40753178675
0.0304391892204879 686.364124781435
0.0305076689228328 685.32071778804
0.0305759952546059 684.277310806407
0.0306441692417039 683.233903836379
0.0307121918986369 682.190496877801
0.030780064228705 681.147089930522
0.0308477872241708 680.103682994393
0.0309153618664285 679.060276069268
0.0309827891261702 678.016869155005
0.0310500699635482 676.973462251461
0.0311172053283347 675.930055358498
0.0311841961600784 674.886648475981
0.0312510433882576 673.843241603774
0.0313177479324307 672.799834741747
0.031384310702384 671.756427889769
0.0314507325982763 670.713021047714
0.0315170145107811 669.669614215457
0.0315831573212257 668.626207392875
0.0316491619017282 667.582800579847
0.0317150291153313 666.539393776254
0.0317807598161343 665.495986981978
0.0318463548494223 664.452580196905
0.0319118150517929 663.409173420922
0.0319771412512804 662.365766653917
0.0320423342674788 661.322359895781
0.032107394911661 660.278953146407
0.0321723239868969 659.235546405687
0.0322371222881691 658.192139673519
0.0323017906024864 657.148732949799
0.0323663297089952 656.105326234426
0.0324307403790893 655.061919527301
0.0324950233765172 654.018512828327
0.032559179457488 652.975106137406
0.0326232093707749 651.931699454445
0.0326871138578175 650.888292779349
0.0327508936528216 649.844886112028
0.032814549482858 648.80147945239
0.032878082067959 647.758072800347
0.0329414921212132 646.714666155811
0.0330047803488595 645.671259518696
0.0330679474503781 644.627852888917
0.0331309941185814 643.584446266389
0.0331939210397022 642.541039651032
0.033256728893481 641.497633042763
0.0333194183532516 640.454226441503
0.0333819900860255 639.410819847172
0.0334444447525746 638.367413259694
0.0335067830075124 637.324006678991
0.0335690054993744 636.280600104989
0.0336311128706966 635.237193537613
0.0336931057580931 634.193786976791
0.0337549847923318 633.150380422449
0.0338167505984099 632.106973874518
0.0338784037956272 631.063567332928
0.0339399449976583 630.020160797609
0.0340013748126246 628.976754268493
0.0340626938431635 627.933347745514
0.0341239026864982 626.889941228606
0.0341850019345049 625.846534717703
0.0342459921737802 624.803128212742
0.0343068739857061 623.759721713659
0.0343676479465154 622.716315220393
0.0344283146273548 621.67290873288
0.0344888745943477 620.629502251062
0.0345493284086558 619.586095774878
0.0346096766265398 618.542689304269
0.0346699197994193 617.499282839177
0.0347300584739311 616.455876379545
0.0347900931919876 615.412469925317
0.0348500244908334 614.369063476437
0.0349098529031016 613.325657032849
0.0349695789568691 612.2822505945
0.0350292031757105 611.238844161336
0.0350887260787524 610.195437733305
0.0351481481807253 609.152031310355
0.0352074699920163 608.108624892433
0.0352666920187199 607.06521847949
0.035325814762688 606.021812071475
0.0353848387215804 604.978405668339
0.0354437643889128 603.934999270034
0.0355025922541055 602.891592876511
0.0355613228025305 601.848186487724
0.0356199565155586 600.804780103626
0.0356784938706049 599.76137372417
0.0357369353411747 598.71796734931
0.0357952813969077 597.674560979003
0.0358535325036225 596.631154613203
0.0359116891233596 595.587748251867
0.0359697517144243 594.544341894952
0.036027720731429 593.500935542415
0.0360855966253344 592.457529194214
0.0361433798434907 591.414122850308
0.0362010708296779 590.370716510654
0.0362586700241455 589.327310175213
0.0363161778636515 588.283903843946
0.0363735947815016 587.240497516811
0.0364309212075867 586.197091193771
0.0364881575684207 585.153684874787
0.0365453042871776 584.11027855982
0.036602361783728 583.066872248834
0.0366593304746748 582.023465941792
0.036716210773389 580.980059638655
0.0367730030900447 579.93665333939
0.0368297078316533 578.893247043958
0.0368863254020979 577.849840752327
0.0369428562021666 576.80643446446
0.0369993006295858 575.763028180323
0.0370556590790526 574.719621899882
0.0371119319422673 573.676215623104
0.0371681196079649 572.632809349955
0.0372242224619467 571.589403080402
0.0372802408871107 570.545996814414
0.0373361752634829 569.502590551957
0.0373920259682464 568.459184293001
0.0374477933757721 567.415778037515
0.0375034778576472 566.372371785466
0.0375590797827042 565.328965536826
0.0376145995170498 564.285559291564
0.0376700374240928 563.242153049649
0.0377253938645717 562.198746811052
0.0377806691965821 561.155340575745
0.0378358637756042 560.111934343699
0.0378909779545288 559.068528114884
0.037946012083684 558.025121889274
0.0380009665108613 556.98171566684
0.0380558415813408 555.938309447554
0.038110637637917 554.89490323139
0.0381653550209234 553.851497018321
0.0382199940682574 552.80809080832
0.0382745551154045 551.764684601361
0.0383290384954625 550.721278397419
0.038383444539165 549.677872196467
0.0384377735749049 548.634465998479
0.0384920259287579 547.591059803433
0.0385462019245045 546.547653611301
0.0386003018836535 545.50424742206
0.0386543261254635 544.460841235686
0.0387082749669654 543.417435052154
0.0387621487229837 542.374028871442
0.0388159477061583 541.330622693524
0.0388696722269653 540.28721651838
0.0389233225937384 539.243810345984
0.038976899112689 538.200404176315
0.0390304020879268 537.156998009351
0.0390838318214802 536.113591845069
0.0391371886133158 535.070185683447
0.0391904727613583 534.026779524464
0.0392436845615097 532.983373368097
0.0392968243076687 531.939967214327
0.0393498922917495 530.896561063131
0.0394028888037006 529.85315491449
0.0394558141315232 528.809748768382
0.0395086685612893 527.766342624788
0.0395614523771602 526.722936483687
0.039614165861404 525.679530345059
0.039666809294413 524.636124208885
0.0397193829547217 523.592718075144
0.0397718871190235 522.549311943819
0.0398243220621878 521.50590581489
0.0398766880572768 520.462499688337
0.0399289853755623 519.419093564142
0.0399812142865418 518.375687442288
0.0400333750579549 517.332281322755
0.0400854679557991 516.288875205525
0.0401374932443457 515.245469090581
0.0401894511861559 514.202062977904
0.0402413420420954 513.158656867478
0.0402931660713504 512.115250759285
0.0403449235314423 511.071844653308
0.040396614678243 510.028438549529
0.0404482397659891 508.985032447932
0.0404997990472972 507.9416263485
0.0405512927731775 506.898220251217
0.040602721193049 505.854814156067
0.0406540845547526 504.811408063033
0.040705383104566 503.768001972098
0.0407566170872165 502.724595883249
0.0408077867458957 501.681189796468
0.0408588923222718 500.63778371174
0.0409099340565041 499.594377629051
0.0409609121872551 498.550971548384
0.0410118269517042 497.507565469725
0.0410626785855603 496.464159393058
0.0411134673230748 495.42075331837
0.0411641933970538 494.377347245645
0.0412148570388708 493.333941174869
0.0412654584784789 492.290535106027
0.0413159979444231 491.247129039106
0.0413664756638523 490.203722974091
0.041416891862531 489.160316910968
0.0414672467648516 488.116910849724
0.0415175405938454 487.073504790345
0.0415677735711947 486.030098732817
0.0416179459172437 484.986692677127
0.0416680578510101 483.943286623263
0.0417181095901964 482.899880571209
0.0417681013512003 481.856474520955
0.0418180333491264 480.813068472486
0.0418679057977964 479.769662425791
0.0419177189097601 478.726256380856
0.0419674728963059 477.682850337669
0.0420171679674711 476.639444296217
0.0420668043320524 475.596038256489
0.0421163821976163 474.552632218471
0.0421659017705088 473.509226182153
0.0422153632558658 472.465820147522
0.0422647668576229 471.422414114566
0.0423141127785249 470.379008083273
0.0423634012201361 469.335602053633
0.0424126323828495 468.292196025633
0.0424618064658965 467.248789999262
0.0425109236673558 466.205383974508
0.0425599841841637 465.161977951361
0.0426089882121222 464.11857192981
0.042657935945909 463.075165909843
0.042706827579086 462.03175989145
0.0427556633041085 460.98835387462
0.0428044433123338 459.944947859342
0.0428531677940302 458.901541845606
0.0429018369383854 457.858135833401
0.0429504509335155 456.814729822716
0.0429990099664728 455.771323813542
0.0430475142232549 454.727917805868
0.0430959638888126 453.684511799684
0.0431443591470583 452.641105794981
0.0431927001808738 451.597699791747
0.0432409871721191 450.554293789974
0.0432892203016395 449.510887789651
0.0433373997492741 448.46748179077
0.0433855256938635 447.424075793319
0.0434335983132574 446.380669797291
0.0434816177843224 445.337263802674
0.0435295842829496 444.293857809461
0.0435774979840619 443.250451817641
0.0436253590616218 442.207045827206
0.0436731676886384 441.163639838147
0.0437209240371752 440.120233850454
0.0437686282783565 439.076827864118
0.0438162805823755 438.033421879132
0.0438638811185007 436.990015895485
0.0439114300550833 435.94660991317
0.0439589275595638 434.903203932177
0.0440063737984793 433.859797952498
0.04405376893747 432.816391974125
0.0441011131412859 431.772985997049
0.0441484065737939 430.729580021262
0.0441956493979839 429.686174046755
0.0442428417759757 428.642768073521
0.0442899838690254 427.599362101551
0.0443370758375317 426.555956130837
0.0443841178410425 425.512550161372
0.044431110038261 424.469144193147
0.044478052587052 423.425738226154
0.0445249456444482 422.382332260387
0.0445717893666563 421.338926295836
0.0446185839090629 420.295520332494
0.0446653294262406 419.252114370355
0.044712026071954 418.208708409409
0.0447586739991659 417.16530244965
0.0448052733600423 416.121896491071
0.0448518243059591 415.078490533664
0.0448983269875073 414.035084577421
0.044944781554499 412.991678622336
0.0449911881559728 411.948272668401
0.0450375469401993 410.904866715609
0.0450838580546869 409.861460763954
0.0451301216461873 408.818054813427
0.0451763378607006 407.774648864024
0.0452225068434809 406.731242915735
0.0452686287390417 405.687836968555
0.0453147036911607 404.644431022477
0.0453607318428859 403.601025077494
0.0454067133365399 402.557619133599
0.0454526483137256 401.514213190787
0.0454985369153309 400.470807249049
0.0455443792815341 399.427401308381
0.0455901755518088 398.383995368775
0.0456359258649285 397.340589430225
0.045681630358972 396.297183492724
0.0457272891713281 395.253777556267
0.0457729024387002 394.210371620848
0.0458184702971114 393.166965686459
0.0458639928819089 392.123559753095
0.0459094703277689 391.080153820749
0.0459549027687014 390.036747889417
0.0460002903380545 388.993341959091
0.046045633168519 387.949936029766
0.0460909313921331 386.906530101436
0.0461361851402869 385.863124174094
0.0461813945437266 384.819718247736
0.046226559732559 383.776312322356
0.0462716808362561 382.732906397947
0.0463167579836592 381.689500474504
0.0463617913029832 380.646094552021
0.0464067809218209 379.602688630494
0.0464517269671471 378.559282709916
0.0464966295653232 377.515876790281
0.0465414888421009 376.472470871585
0.0465863049226262 375.429064953822
0.0466310779314441 374.385659036987
0.0466758079925021 373.342253121073
0.0467204952291543 372.298847206077
0.0467651397641655 371.255441291992
0.0468097417197152 370.212035378814
0.0468543012174011 369.168629466537
0.0468988183782434 368.125223555156
0.0469432933226885 367.081817644667
0.0469877261706126 366.038411735063
0.0470321170413259 364.99500582634
0.047076466053576 363.951599918494
0.0471207733255514 362.908194011519
0.0471650389748859 361.86478810541
0.0472092631186615 360.821382200162
0.0472534458734124 359.777976295771
0.0472975873551287 358.734570392231
0.0473416876792593 357.691164489539
0.0473857469607164 356.647758587689
0.047429765313878 355.604352686676
0.0474737428525923 354.560946786496
0.0475176796901802 353.517540887145
0.0475615759394395 352.474134988617
0.0476054317126479 351.430729090909
0.0476492471215662 350.387323194015
0.0476930222774422 349.343917297932
0.0477367572910132 348.300511402653
0.04778045227251 347.257105508177
0.0478241073316598 346.213699614497
0.0478677225776893 345.17029372161
0.0479112981193281 344.126887829511
0.0479548340648119 343.083481938196
0.0479983305218853 342.04007604766
0.0480417875978055 340.9966701579
0.0480852053993446 339.953264268911
0.0481285840327935 338.90985838069
0.0481719236039643 337.866452493231
0.0482152242181936 336.823046606531
0.0482584859803454 335.779640720586
0.048301708994814 334.736234835392
0.0483448933655273 333.692828950944
0.0483880391959492 332.649423067239
0.0484311465890828 331.606017184272
0.0484742156474731 330.56261130204
0.0485172464732103 329.51920542054
0.0485602391679319 328.475799539766
0.048603193832826 327.432393659715
0.048646110568634 326.388987780383
0.0486889894756532 325.345581901767
0.0487318306537398 324.302176023863
0.0487746342023114 323.258770146666
0.0488174002203496 322.215364270174
0.0488601288064031 321.171958394382
0.0489028200585897 320.128552519288
0.0489454740745997 319.085146644886
0.0489880909516978 318.041740771174
0.0490306707867262 316.998334898148
0.0490732136761068 315.954929025805
0.049115719715844 314.91152315414
0.049158189001527 313.868117283151
0.0492006216283327 312.824711412834
0.0492430176910277 311.781305543185
0.0492853772839711 310.737899674201
0.0493277005011168 309.694493805879
0.0493699874360161 308.651087938216
0.0494122381818198 307.607682071207
0.0494544528312811 306.564276204849
0.0494966314767572 305.52087033914
0.0495387742102125 304.477464474075
0.0495808811232205 303.434058609652
0.0496229523069661 302.390652745867
0.049664987852248 301.347246882717
0.049706987849481 300.303841020199
0.0497489523886981 299.26043515831
0.0497908815595533 298.217029297047
0.0498327754513229 297.173623436405
0.0498746341529086 296.130217576383
0.0499164577528392 295.086811716977
0.0499582463392731 294.043405858183
0.05 293
