0.000997608605584528 0.997608605584569
0.00240844022554228 1.23966904311981
0.00313874041089809 1.58538585491265
0.0037231260021094 1.87115894160079
0.00422593786819484 2.11953101270999
0.00467435270371731 2.34202528632308
0.00508305632284611 2.54529898301985
0.00546108751607008 2.73358445641412
0.00581448905666909 2.90976380624868
0.00614754122378526 3.07590221528469
0.00646340883938521 3.23353853176017
0.00676451101423421 3.38385543912587
0.00705274656215983 3.52778495996235
0.00732963858847374 3.66607695371794
0.00759643112365668 3.79934531075777
0.00785415593780019 3.92810011315784
0.00810368007618827 4.05277063989891
0.00834574051372341 4.17372221080995
0.00858096995682273 4.29126877182182
0.00880991641100104 4.4056824669836
0.009033058263082 4.51720103413547
0.00925081607479959 4.62603359976484
0.00946356192435947 4.73236527695446
0.00967162689197338 4.83636085525902
0.0098753071213057 4.93816779243932
0.0100748687747262 5.03791866292879
0.0102705521196246 5.13573317892557
0.0104625749251302 5.23171987184919
0.0106511353063975 5.32597750141518
0.0108364141224875 5.41859624434429
0.0110185770106253 5.50965870344412
0.0111977761220571 5.59924076911458
0.0113741516113368 5.6874123588654
0.0115478329205528 5.77423805527309
0.0117189398919919 5.85977765894947
0.011887583736452 5.94408666993386
0.0120538678794598 6.02721670852616
0.0122178887037002 6.10921588463105
0.012379736202808 6.1901291230902
0.0125394945591238 6.2699984512413
0.0126972426559532 6.34886325395486
0.0128530545331834 6.42676050051436
0.0130069997937287 6.50372494704486
0.0131591439671422 6.57978931766073
0.0133095488357844 6.65498446696219
0.0134582727281571 6.72933952622453
0.013605370783355 6.80288203518844
0.0137508951900366 6.87563806118997
0.0138948954028531 6.94763230704872
0.0140374183388804 7.01888820901538
0.0141785085562691 7.08942802585697
0.0143182084170386 7.15927292003746
0.0144565582357056 7.22844303184942
0.0145935964152219 7.29695754722962
0.0147293595715242 7.36483475987985
0.0148638826478388 7.43209212830195
0.0149971990197537 7.49874632821552
0.0151293405919535 7.56481330082852
0.0152603378874118 7.6303082973469
0.0153902201297469 7.69524592007506
0.0155190153193724 7.75964016041878
0.0156467503040028 7.82350443407713
0.0157734508440183 7.8868516136595
0.01589914167314 7.94969405898917
0.0160238465548194 8.01204364524279
0.0161475883347072 8.0739117891397
0.0162703889895292 8.13530947335428
0.0163922696726654 8.19624726925895
0.0165132507567012 8.25673535818255
0.0166333518731906 8.31678355126033
0.0167525919498546 8.37640130799714
0.0168709892454114 8.43559775368292
0.0169885613822217 8.49438169566716
0.0171053253769142 8.55276163867565
0.0172212976691407 8.61074579915905
0.0173364941486007 8.66834211878998
0.0174509301804591 8.72555827716528
0.0175646206292735 8.78240170374857
0.0176775798815357 8.83887958912847
0.0177898218669255 8.89499889564359
0.0179013600783639 8.95076636738396
0.0180122075909489 9.00618853966909
0.0181223770798487 9.06127174796887
0.0182318808372215 9.11602213635521
0.0183407307882254 9.17044566551928
0.0184489385061789 9.22454812032849
0.0185565152269246 9.27833511699949
0.0186634718624486 9.33181210991269
0.0187698190138 9.38498439805812
0.0188755669833568 9.4378571311686
0.0189807257864748 9.49043531553991
0.0190853051625604 9.54272381956523
0.019189314585599 9.59472737897956
0.019292763274173 9.64645060188704
0.0193956602009986 9.69789797350391
0.0194980141020102 9.74907386072347
0.0195998334850162 9.79998251641321
0.0197011266379544 9.85062808356045
0.0198019016367648 9.90101459919977
0.0199021663529059 9.95114599815731
0.0200019284605296 10.0010261166578
0.0201011954433378 10.0506586957292
0.0201999746011337 10.1000473844945
0.0202982730560874 10.1491957432844
0.0203960977587294 10.1981072466537
0.0204934554936863 10.2467852862265
0.0205903528851725 10.2952331734513
0.0206867964022505 10.3434541422327
0.0207827923638714 10.3914513514399
0.0208783469437067 10.439227887333
0.0209734661747822 10.4867867658639
0.0210681559539231 10.5341309349202
0.0211624220460207 10.581263276426
0.0212562700881283 10.6281866084223
0.0213497055933949 10.6749036870131
0.0214427339548457 10.721417208249
0.0215353604490141 10.7677298099713
0.0216275902394345 10.8138440735184
0.0217194283800018 10.8597625254399
0.0218108798182032 10.9054876390856
0.0219019493982282 10.9510218361793
0.0219926418639637 10.9963674883016
0.0220829618618773 11.0415269183398
0.0221729139437956 11.0865024018769
0.0222625025695811 11.1312961685162
0.0223517321097127 11.1759104031882
0.0224406068477738 11.2203472473837
0.022529130982852 11.2646088003596
0.0226173086318543 11.3086971202904
0.0227051438317413 11.3526142253862
0.022792640541684 11.3963620949694
0.0228798026451466 11.4399426705237
0.0229666339518974 11.48335785669
0.0230531381999523 11.5266095222415
0.0231393190574527 11.5696995010227
0.0232251801244804 11.6126295928506
0.0233107249348125 11.655401564407
0.0233959569576188 11.6980171500718
0.0234808795991032 11.7404780527443
0.0235654962040924 11.7827859446501
0.0236498100575732 11.824942468095
0.0237338243861806 11.8669492362144
0.0238175423596386 11.9088078336969
0.0239009670921559 11.9505198174815
0.0239841016437775 11.9920867174218
0.0240669490216946 12.0335100369601
0.0241495121815138 12.0747912537403
0.0242317940284876 12.1159318202429
0.0243137974187073 12.1569331643677
0.0243955251602597 12.1977966900169
0.0244769800143494 12.2385237776606
0.024558164696387 12.2791157848667
0.0246390818770457 12.3195740468467
0.0247197341832865 12.3598998769598
0.0248001241993529 12.4000945672027
0.0248802544677377 12.4401593887033
0.0249601274901208 12.4800955921934
0.0250397457282808 12.5199044084485
0.0251191116049803 12.5595870487413
0.0251982275048263 12.5991447052717
0.0252770957751057 12.6385785515813
0.0253557187265988 12.6778897429649
0.0254340986343683 12.7170794168522
0.0255122377385283 12.7561486932102
0.0255901382449908 12.7950986749033
0.0256678023261927 12.8339304480591
0.0257452321218024 12.8726450824307
0.0258224297394079 12.9112436317275
0.025899397255186 12.9497271339521
0.0259761367145539 12.9880966117387
0.0260526501328035 13.0263530726557
0.0261289394957188 13.0644975095189
0.0262050067601775 13.1025309006938
0.0262808538547364 13.140454210386
0.0263564826802022 13.1782683889273
0.026431895110187 13.215974373061
0.0265070929916503 13.2535730862004
0.0265820781454265 13.291065438698
0.0266568523667394 13.3284523280993
0.0267314174257038 13.3657346394032
0.0268057750678144 13.4029132453018
0.0268799270144224 13.4399890064083
0.0269538749632008 13.4769627714997
0.0270276205885975 13.5138353777481
0.0271011655422781 13.5506076509345
0.0271745114535571 13.5872804056583
0.0272476599298195 13.6238544455664
0.0273206125569315 13.6603305635375
0.0273933708996418 13.6967095418982
0.0274659365019732 13.7329921526125
0.0275383108876049 13.7691791574743
0.0276104955602458 13.8052713082921
0.0276824920039989 13.8412693470697
0.0277543016837177 13.8771740061908
0.0278259260453535 13.9129860085925
0.0278973665162953 13.9487060679291
0.027968624505702 13.9843348887334
0.028039701404826 14.0198731665953
0.028110598587331 14.0553215883074
0.0281813174096011 14.0906808320202
0.0282518592110438 14.12595156741
0.0283222253143862 14.1611344557956
0.028392417025964 14.1962301503111
0.0284624356360048 14.2312392960398
0.0285322824189046 14.2661625301407
0.0286019586334985 14.301000482
0.0286714655233256 14.3357537733547
0.0287408043168876 14.3704230184244
0.0288099762279023 14.4050088240387
0.0288789824555519 14.4395117897585
0.0289478241847246 14.4739325079956
0.029016502586253 14.5082715641369
0.0290850188171459 14.5425295366613
0.0291533740208158 14.5767069972474
0.0292215693273015 14.610804510885
0.0292896058534863 14.6448226359876
0.0293574847033111 14.6787619245044
0.0294252069679836 14.7126229220092
0.0294927737261831 14.7464061678183
0.0295601860442606 14.7801121950867
0.0296274449764353 14.8137415308924
0.0296945515649873 14.8472946963588
0.0297615068404456 14.8807722067195
0.0298283118217728 14.9141745714422
0.0298949675165463 14.9475022942829
0.0299614749211354 14.9807558734152
0.0300278350208752 15.0139358014777
0.0300940487902367 15.0470425656906
0.030160117192994 15.0800766479191
0.0302260411823878 15.11303852476
0.0302918217012861 15.1459286676337
0.0303574596823414 15.1787475428384
0.0304229560481447 15.2114956116594
0.0304883117113774 15.244173330418
0.0305535275749592 15.2767811505472
0.0306186045321939 15.309319518691
0.0306835434669119 15.3417888767375
0.0307483452536107 15.3741896619267
0.0308130107575919 15.4065223068913
0.0308775408350959 15.4387872397345
0.0309419363334349 15.4709848840901
0.0310061980911218 15.5031156592046
0.0310703269379983 15.5351799799852
0.0311343236953596 15.5671782570585
0.031198189176077 15.5991108968494
0.0312619241847186 15.6309783016237
0.0313255295176678 15.6627808695634
0.0313890059632386 15.6945189948062
0.0314523543017906 15.7261930675198
0.0315155753058399 15.757803473949
0.0315786697401701 15.7893505964731
0.0316416383619392 15.8208348136523
0.0317044819207863 15.8522565003003
0.0317672011589356 15.8836160275136
0.0318297968112985 15.9149137627355
0.0318922696055741 15.9461500698012
0.0319546202623482 15.9773253089953
0.0320168494951897 16.008439837085
0.0320789580107466 16.039494007387
0.0321409465088389 16.0704881697994
0.0322028156825513 16.1014226708505
0.032264566218323 16.1322978537494
0.0323261987960369 16.1631140584342
0.032387714089107 16.1938716215938
0.0324491127645638 16.2245708767302
0.0325103954831393 16.2552121542061
0.0325715628993495 16.2857957812646
0.0326326156615762 16.3163220820888
0.032693554412147 16.3467913778307
0.0327543797874143 16.3772039866601
0.0328150924178329 16.4075602237912
0.032875692928036 16.4378604015325
0.0329361819369101 16.4681048293222
0.0329965600576694 16.4982938137507
0.0330568278979275 16.5284276586202
0.0331169860597694 16.5585066649674
0.033177035139821 16.5885311310877
0.033236975729319 16.6185013525983
0.0332968084141779 16.64841762245
0.0333565337750577 16.6782802309562
0.0334161523874289 16.7080894658514
0.0334756648216377 16.7378456122967
0.0335350716429692 16.7675489529292
0.0335943734117107 16.7971997678832
0.0336535706832127 16.8267983348287
0.0337126640079499 16.8563449289885
0.033771653931581 16.8858398231923
0.0338305409950071 16.915283287883
0.03388932573443 16.9446755911497
0.033948008681409 16.9740169987684
0.0340065903629169 17.0033077742167
0.0340650713013953 17.0325481787127
0.0341234520148089 17.061738471229
0.0341817330166992 17.0908789085278
0.0342399148162369 17.1199697451925
0.0342979979182741 17.1490112336391
0.0343559828233952 17.1780036241543
0.0344138700279673 17.206947164916
0.0344716600241898 17.2358421020177
0.0345293533001432 17.2646886794929
0.0345869503398374 17.2934871393432
0.0346444516232586 17.3222377215522
0.0347018576264165 17.3509406641219
0.0347591688213898 17.3795962030829
0.0348163856763718 17.4082045725325
0.0348735086557151 17.4367660046327
0.0349305382199753 17.4652807296657
0.0349874748259543 17.4937489760236
0.0350443189267434 17.5221709702417
0.0351010709717649 17.550546937028
0.0351577314068139 17.5788770992774
0.0352143006740987 17.6071616780868
0.0352707792122818 17.6354008927877
0.0353271674565188 17.6635949609449
0.0353834658384982 17.6917440984028
0.0354396747864792 17.7198485192866
0.0354957947253307 17.7479084360249
0.0355518260765677 17.7759240593705
0.0356077692583891 17.8038955984142
0.0356636246857135 17.8318232606168
0.0357193927702157 17.8597072518083
0.0357750739203613 17.8875477762181
0.0358306685414427 17.9153450364919
0.0358861770356122 17.9430992336973
0.0359415998019172 17.9708105673503
0.0359969372363329 17.9984792354422
0.0360521897317954 18.026105434433
0.0361073576782345 18.0536893592841
0.0361624414626056 18.0812312034704
0.0362174414689216 18.1087311589895
0.0362723580782837 18.1361894163932
0.0363271916689127 18.1636061647846
0.0363819426161791 18.190981591849
0.0364366112926331 18.2183158838571
0.0364911980680343 18.2456092256842
0.0365457033093809 18.2728618008268
0.0366001273809381 18.3000737914126
0.0366544706442671 18.3272453782195
0.0367087334582526 18.3543767406832
0.0367629161791309 18.3814680569232
0.0368170191605168 18.4085195037381
0.0368710427534306 18.4355312566374
0.0369249873063249 18.4625034898453
0.0369788531651108 18.4894363763178
0.0370326406731833 18.5163300877394
0.0370863501714476 18.5431847945681
0.0371399819983436 18.5700006660163
0.0371935364898711 18.5967778700864
0.0372470139796146 18.6235165735605
0.0373004147987671 18.650216942032
0.0373537392761542 18.676879139915
0.0374069877382578 18.7035033304476
0.0374601605092393 18.7300896757069
0.0375132579109628 18.7566383366206
0.0375662802630177 18.7831494729814
0.0376192278827411 18.8096232434536
0.0376721010852399 18.8360598055915
0.0377249001834132 18.8624593158391
0.037777625487973 18.888821929551
0.0378302773074664 18.9151478009988
0.0378828559482961 18.9414370833795
0.0379353617147416 18.9676899288296
0.0379877949089793 18.9939064884369
0.0380401558311033 19.0200869122452
0.038092444779145 19.0462313492699
0.0381446620490931 19.0723399474972
0.0381968079349131 19.098412853913
0.0382488827285668 19.1244502144944
0.0383008867200309 19.1504521742271
0.0383528201973164 19.1764188771117
0.0384046834464868 19.2023504661824
0.0384564767516768 19.2282470834991
0.0385082003951099 19.2541088701723
0.0385598546571172 19.2799359663709
0.0386114398161544 19.3057285113172
0.0386629561488196 19.3314866433036
0.0387144039298707 19.3572104997134
0.0387657834322421 19.3829002170096
0.0388170949270623 19.4085559307516
0.0388683386836696 19.4341777756088
0.0389195149696297 19.4597658853634
0.0389706240507511 19.4853203929182
0.0390216661911017 19.5108414302993
0.0390726416530245 19.5363291286835
0.0391235506971534 19.5617836183774
0.039174393582429 19.5872050288574
0.0392251705661133 19.6125934887492
0.0392758819038058 19.6379491258527
0.0393265278494575 19.663272067139
0.0393771086553867 19.6885624387674
0.039427624572293 19.7138203660821
0.0394780758492721 19.7390459736316
0.03952846273383 19.76423938517
0.0395787854718972 19.7894007236564
0.0396290443078428 19.8145301112779
0.0396792394844883 19.8396276694388
0.039729371243121 19.8646935187839
0.0397794398235082 19.8897277791939
0.0398294454639097 19.9147305698007
0.039879388401092 19.9397020089783
0.0399292688703404 19.9646422143773
0.0399790871054727 19.9895513028984
0.0400288433388516 20.0144293907255
0.0400785378013975 20.0392765933129
0.0401281707226007 20.0640930254062
0.0401777423305344 20.0888788010388
0.0402272528518662 20.1136340335449
0.0402767025118707 20.1383588355602
0.0403260915344413 20.1630533190309
0.0403754201421018 20.1877175952169
0.0404246885560185 20.2123517746989
0.0404738969960115 20.2369559673835
0.0405230456805664 20.2615302825151
0.0405721348268451 20.2860748286748
0.0406211646506977 20.3105897137834
0.0406701353666729 20.3350750451137
0.0407190471880294 20.3595309292943
0.0407679003267466 20.3839574723137
0.0408166949935352 20.4083547795257
0.0408654313978482 20.4327229556597
0.0409141097478908 20.4570621048109
0.0409627302506311 20.4813723304631
0.0410112931118106 20.505653735488
0.0410597985359539 20.5299064221425
0.0411082467263789 20.55413049209
0.0411566378852071 20.5783260463878
0.0412049722133728 20.602493185501
0.0412532499106334 20.6266320093085
0.0413014711755786 20.6507426171007
0.0413496362056403 20.6748251075969
0.0413977451971019 20.6988795789331
0.0414457983451074 20.7229061286836
0.041493795843671 20.7469048538536
0.041541737885686 20.7708758508878
0.0415896246629339 20.7948192156749
0.0416374563660934 20.818735043559
0.0416852331847493 20.8426234293245
0.041732955307401 20.8664844672208
0.0417806229214716 20.8903182509623
0.041828236213316 20.9141248737229
0.0418757953682299 20.9379044281501
0.0419233005704577 20.9616570063652
0.0419707520032015 20.9853826999636
0.0420181498486284 21.0090816000338
0.0420654942878798 21.0327537971439
0.0421127855010783 21.0563993813534
0.0421600236673366 21.0800184422206
0.0422072089647651 21.1036110687934
0.0422543415704796 21.1271773496367
0.0423014216606092 21.1507173728076
0.042348449410304 21.1742312258834
0.0423954249937426 21.1977189959528
0.0424423485841397 21.2211807696198
0.0424892203537535 21.244616633012
0.0425360404738932 21.2680266717881
0.0425828091149263 21.291410971123
0.0426295264462854 21.3147696157413
0.042676192636476 21.3381026898887
0.0427228078530834 21.3614102773581
0.0427693722627792 21.3846924614862
0.0428158860313291 21.4079493251506
0.0428623493235992 21.4311809507906
0.042908762303563 21.4543874203876
0.042955125134308 21.4775688154834
0.0430014379780427 21.5007252171836
0.0430477009961029 21.5238567061538
0.0430939143489585 21.5469633626293
0.0431400781962199 21.5700452664143
0.0431861926966442 21.5931024968897
0.0432322580081421 21.616135133005
0.0432782742877838 21.6391432532977
0.0433242416918051 21.6621269358816
0.0433701603756142 21.6850862584617
0.0434160304937972 21.7080212983335
0.0434618522001245 21.730932132376
0.043507625647557 21.7538188370732
0.0435533509882514 21.7766814885
0.0435990283735667 21.7995201623378
0.04364465795407 21.8223349338667
0.0436902398795419 21.8451258779794
0.0437357742989826 21.8678930691716
0.0437812613606174 21.8906365815557
0.0438267012119026 21.9133564888614
0.0438720939995305 21.9360528644335
0.0439174398694357 21.9587257812412
0.0439627389667999 21.9813753118701
0.0440079914360576 22.0040015285368
0.0440531974209016 22.0266045030876
0.0440983570642881 22.0491843070036
0.0441434705084421 22.071741011393
0.0441885378948625 22.0942746870088
0.0442335593643275 22.1167854042336
0.0442785350568996 22.1392732330997
0.0443234651119305 22.1617382432855
0.0443683496680665 22.1841805041102
0.0444131888632531 22.2066000845471
0.0444579828347405 22.2289970532195
0.0445027317190877 22.2513714784094
0.0445474356521683 22.2737234280525
0.0445920947691745 22.2960529697387
0.0446367092046223 22.3183601707331
0.044681279092356 22.3406450979515
0.0447258045655533 22.3629078179872
0.0447702857567293 22.3851483970957
0.0448147227977418 22.4073669011998
0.0448591158197952 22.4295633959051
0.0449034649534454 22.4517379464928
0.0449477703286045 22.4738906179144
0.0449920320745446 22.4960214748032
0.0450362503199027 22.5181305814802
0.0450804251926849 22.5402180019492
0.0451245568202708 22.5622837998975
0.0451686453294175 22.5843280387067
0.0452126908462644 22.6063507814366
0.0452566934963368 22.628352090857
0.0453006534045505 22.6503320294228
0.0453445706952158 22.6722906592887
0.0453884454920414 22.6942280423123
0.045432277918139 22.7161442400458
0.0454760680960267 22.7380393137473
0.0455198161476334 22.7599133243811
0.0455635221943026 22.7817663326199
0.0456071863567963 22.8035983988433
0.0456508087552993 22.8254095831442
0.0456943895094223 22.8471999453264
0.0457379287382064 22.8689695449092
0.0457814265601265 22.8907184411325
0.0458248830930954 22.9124466929476
0.0458682984544672 22.9341543590332
0.0459116727610411 22.9558414977865
0.0459550061290651 22.9775081673387
0.0459982986742398 22.9991544255344
0.0460415505117217 23.0207803299478
0.0460847617561268 23.0423859378905
0.0461279325215345 23.0639713063987
0.0461710629214907 23.0855364922502
0.0462141530690115 23.1070815519489
0.0462572030765866 23.1286065417443
0.0463002130561828 23.15011151761
0.0463431831192472 23.1715965352756
0.0463861133767108 23.1930616502044
0.0464290039389917 23.214506917607
0.0464718549159984 23.2359323924366
0.0465146664171334 23.2573381293915
0.0465574385512958 23.2787241829238
0.0466001714268852 23.3000906072317
0.0466428651518046 23.3214374562671
0.0466855198334636 23.342764783731
0.0467281355787814 23.3640726430863
0.0467707124941905 23.3853610875492
0.0468132506856389 23.4066301700869
0.046855750258594 23.427879943441
0.0468982113180452 23.4491104601007
0.0469406339685072 23.4703217723256
0.0469830183140226 23.4915139321364
0.0470253644581653 23.5126869913193
0.0470676725040432 23.5338410014258
0.0471099425543012 23.5549760137823
0.0471521747111243 23.576092079478
0.0471943690762401 23.5971892493791
0.0472365257509218 23.6182675741166
0.0472786448359913 23.6393271041066
0.0473207264318216 23.6603678895315
0.04736277063834 23.6813899803544
0.0474047775550304 23.7023934263191
0.0474467472809366 23.7233782769478
0.0474886799146646 23.7443445815424
0.0475305755543853 23.7652923891854
0.0475724342978376 23.786221748748
0.0476142562423304 23.8071327088834
0.0476560414847461 23.8280253180341
0.0476977901215423 23.848899624427
0.0477395022487551 23.8697556760832
0.0477811779620012 23.8905935208051
0.0478228173564809 23.9114132061985
0.0478644205269803 23.9322147796517
0.0479059875678738 23.9529982883502
0.0479475185731269 23.9737637792799
0.0479890136362984 23.9945112992213
0.048030472850543 24.015240894749
0.0480718963086137 24.0359526122425
0.0481132841028642 24.0566464978734
0.0481546363252513 24.0773225976227
0.0481959530673373 24.0979809572687
0.0482372344202924 24.1186216223993
0.048278480474897 24.1392446384007
0.048319691321544 24.1598500504766
0.0483608670502414 24.1804379036221
0.048402007750614 24.2010082426527
0.0484431135119061 24.2215611121916
0.048484184422984 24.2420965566681
0.0485252205723375 24.2626146203324
0.0485662220480828 24.2831153472366
0.0486071889379644 24.3035987812536
0.0486481213293574 24.3240649660739
0.0486890193092694 24.3445139451991
0.0487298829643433 24.3649457619504
0.0487707123808586 24.3853604594666
0.0488115076447341 24.4057580807091
0.0488522688415299 24.4261386684556
0.0488929960564495 24.4465022653089
0.0489336893743417 24.4668489136919
0.0489743488797029 24.4871786558558
0.0490149746566788 24.5074915338705
0.049055566789067 24.5277875896346
0.0490961253603185 24.5480668648745
0.0491366504535399 24.5683294011386
0.0491771421514955 24.588575239814
0.0492176005366088 24.6088044221096
0.0492580256909653 24.6290169890708
0.0492984176963135 24.6492129815677
0.0493387766340675 24.6693924403125
0.0493791025853087 24.6895554058368
0.0494193956307876 24.7097019185242
0.0494596558509259 24.7298320185795
0.049499883325818 24.7499457460545
0.0495400781352334 24.7700431408343
0.0495802403586181 24.7901242426333
0.0496203700750966 24.8101890910241
0.0496604673634738 24.8302377254015
0.0497005323022364 24.8502701850097
0.0497405649695554 24.8702865089375
0.0497805654432873 24.8902867361118
0.0498205338009761 24.9102709053047
0.0498604701198548 24.9302390551264
0.0499003744768476 24.9501912240455
0.0499402469485712 24.9701274503696
0.0499800876113368 24.9900477722504
