3.98089171974522e-05 0.0398089171971787
0.000119426751592357 0.0663481953281553
0.000199044585987261 0.103503184713236
0.000278662420382166 0.142174704276658
0.00035828025477707 0.181351733900956
0.000437898089171975 0.220758540820589
0.000517515923566879 0.26028907398364
0.000597133757961784 0.299893842884175
0.000676751592356688 0.339546646682575
0.000756369426751592 0.379232316456282
0.000835987261146497 0.418941461932554
0.000915605095541401 0.458667959010973
0.000995222929936306 0.498407643308792
0.00107484076433121 0.53815758433313
0.00115445859872611 0.577915660001898
0.00123407643312102 0.617680295868067
0.00131369426751592 0.657450299169768
0.00139331210191083 0.697224749771076
0.00147292993630573 0.737002926490586
0.00155254777070064 0.77678425608231
0.00163216560509554 0.816568277146762
0.00171178343949045 0.856354614133061
0.00179140127388535 0.896142958243536
0.00187101910828025 0.935933053258896
0.00195063694267516 0.975724684778952
0.00203025477707006 1.01551767203643
0.00210987261146497 1.05531186155135
0.00218949044585987 1.09510712217335
0.00226910828025478 1.13490334115205
0.00234872611464968 1.1747004210271
0.00242834394904459 1.21449827711938
0.00250796178343949 1.25429683550471
0.0025875796178344 1.2940960313547
0.0026671974522293 1.33389580758165
0.0027468152866242 1.37369611372047
0.00282643312101911 1.41349690498773
0.00290605095541401 1.45329814151485
0.00298566878980892 1.49309978767698
0.00306528662420382 1.53290181155756
0.00314490445859873 1.57270418446279
0.00322452229299363 1.61250688054472
0.00330414012738854 1.65230987644135
0.00338375796178344 1.69211315098398
0.00346337579617834 1.7319166849644
0.00354299363057325 1.77172046088362
0.00362261146496815 1.81152446279334
0.00370222929936306 1.85132867611322
0.00378184713375796 1.89113308748946
0.00386146496815287 1.93093768467349
0.00394108280254777 1.97074245640483
0.00402070063694268 2.01054739231117
0.00410031847133758 2.05035248282982
0.00417993630573248 2.0901577191306
0.00425955414012739 2.12996309303161
0.00433917197452229 2.16976859696351
0.0044187898089172 2.20957422389387
0.0044984076433121 2.24937996729572
0.00457802547770701 2.28918582109046
0.00465764331210191 2.32899177961642
0.00473726114649682 2.36879783759328
0.00481687898089172 2.40860399009182
0.00489649681528662 2.44841023249564
0.00497611464968153 2.48821656049534
0.00505573248407643 2.52802297004279
0.00513535031847134 2.56782945734974
0.00521496815286624 2.60763601885216
0.00529458598726115 2.64744265119874
0.00537420382165605 2.68724935124667
0.00545382165605096 2.72705611602873
0.00553343949044586 2.76686294274911
0.00561305732484076 2.80666982877617
0.00569267515923567 2.84647677161534
0.00577229299363057 2.88628376892345
0.00585191082802548 2.92609081847152
0.00593152866242038 2.96589791815625
0.00601114649681529 3.00570506599
0.00609076433121019 3.04551226008221
0.0061703821656051 3.08531949864086
0.00625 3.1251267799696
0.0063296178343949 3.16493410245061
0.00640923566878981 3.20474146455032
0.00648885350318471 3.24454886481226
0.00656847133757962 3.28435630185137
0.00664808917197452 3.32416377434111
0.00672770700636943 3.36397128102637
0.00680732484076433 3.40377882070769
0.00688694267515924 3.44358639223562
0.00696656050955414 3.48339399452494
0.00704617834394904 3.523201626529
0.00712579617834395 3.56300928725254
0.00720541401273885 3.60281697574316
0.00728503184713376 3.64262469108842
0.00736464968152866 3.68243243242158
0.00744426751592357 3.72224019890875
0.00752388535031847 3.76204798974886
0.00760350318471338 3.80185580417657
0.00768312101910828 3.84166364145792
0.00776273885350318 3.88147150089181
0.00784235668789809 3.92127938180428
0.00792197452229299 3.96108728354848
0.0080015923566879 4.00089520549756
0.0080812101910828 4.04070314705465
0.00816082802547771 4.08051110765287
0.00824044585987261 4.12031908673393
0.00832006369426752 4.16012708376805
0.00839968152866242 4.19993509824833
0.00847929936305732 4.23974312968073
0.00855891719745223 4.27955117759117
0.00863853503184713 4.319359241527
0.00871815286624204 4.35916732104701
0.00879777070063694 4.39897541572567
0.00887738853503185 4.43878352516318
0.00895700636942675 4.47859164895829
0.00903662420382166 4.51839978673404
0.00911624203821656 4.55820793812344
0.00919585987261146 4.59801610277667
0.00927547770700637 4.63782428034961
0.00935509554140128 4.67763247050943
0.00943471337579618 4.71744067293947
0.00951433121019108 4.75724888733525
0.00959394904458599 4.79705711339419
0.00967356687898089 4.83686535082925
0.0097531847133758 4.87667359936058
0.0098328025477707 4.916481858724
0.00991242038216561 4.95629012865108
0.00999203821656051 4.99609840889336
0.0100716560509554 5.03590669920952
0.0101512738853503 5.07571499935824
0.0102308917197452 5.11552330911107
0.0103105095541401 5.15533162824381
0.010390127388535 5.19513995654372
0.0104697452229299 5.23494829379945
0.0105493630573248 5.27475663980969
0.0106289808917197 5.31456499437736
0.0107085987261147 5.35437335730971
0.0107882165605096 5.39418172842398
0.0108678343949045 5.43399010753737
0.0109474522292994 5.47379849447712
0.0110270700636943 5.51360688907616
0.0111066878980892 5.55341529116457
0.0111863057324841 5.59322370059099
0.011265923566879 5.63303211718836
0.0113455414012739 5.67284054081532
0.0114251592356688 5.71264897131907
0.0115047770700637 5.75245740856111
0.0115843949044586 5.79226585239723
0.0116640127388535 5.83207430269891
0.0117436305732484 5.8718827593305
0.0118232484076433 5.91169122216778
0.0119028662420382 5.95149969108079
0.0119824840764331 5.99130816595246
0.012062101910828 6.03111664666427
0.0121417197452229 6.0709251330977
0.0122213375796178 6.11073362514423
0.0123009554140127 6.15054212269534
0.0123805732484076 6.19035062564251
0.0124601910828025 6.23015913388436
0.0125398089171975 6.26996764732094
0.0126194267515924 6.30977616585085
0.0126990445859873 6.3495846893813
0.0127786624203822 6.38939321781518
0.0128582802547771 6.42920175106538
0.012937898089172 6.46901028903768
0.0130175159235669 6.5088188316521
0.0130971337579618 6.54862737882011
0.0131767515923567 6.58843593046033
0.0132563694267516 6.62824448649136
0.0133359872611465 6.66805304683752
0.0134156050955414 6.70786161141743
0.0134952229299363 6.7476701801554
0.0135748407643312 6.78747875298575
0.0136544585987261 6.82728732982852
0.013734076433121 6.86709591061803
0.0138136942675159 6.90690449528716
0.0138933121019108 6.94671308376451
0.0139729299363057 6.98652167599155
0.0140525477707006 7.02633027189973
0.0141321656050955 7.06613887142622
0.0142117834394904 7.10594747451534
0.0142914012738854 7.14575608109998
0.0143710191082803 7.18556469113016
0.0144506369426752 7.22537330454447
0.0145302547770701 7.26518192128867
0.014609872611465 7.3049905413042
0.0146894904458599 7.34479916454394
0.0147691082802548 7.38460779095221
0.0148487261146497 7.42441642047759
0.0149283439490446 7.46422505307298
0.0150079617834395 7.50403368868553
0.0150875796178344 7.54384232727099
0.0151671974522293 7.58365096878222
0.0152468152866242 7.62345961317355
0.0153264331210191 7.66326826039498
0.015406050955414 7.70307691040797
0.0154856687898089 7.74288556316969
0.0155652866242038 7.78269421863585
0.0156449044585987 7.82250287676507
0.0157245222929936 7.8623115375202
0.0158041401273885 7.90212020085985
0.0158837579617834 7.94192886674402
0.0159633757961783 7.98173753513417
0.0160429936305732 8.0215462059946
0.0161226114649682 8.06135487928676
0.0162022292993631 8.10116355497351
0.016281847133758 8.14097223302488
0.0163614649681529 8.18078091340516
0.0164410828025478 8.22058959607581
0.0165207006369427 8.26039828100826
0.0166003184713376 8.30020696816824
0.0166799363057325 8.34001565752435
0.0167595541401274 8.37982434904516
0.0168391719745223 8.41963304270212
0.0169187898089172 8.45944173845953
0.0169984076433121 8.49925043629454
0.017078025477707 8.53905913617289
0.0171576433121019 8.57886783806888
0.0172372611464968 8.61867654195393
0.0173168789808917 8.65848524779807
0.0173964968152866 8.69829395558131
0.0174761146496815 8.73810266526938
0.0175557324840764 8.77791137683943
0.0176353503184713 8.81772009026862
0.0177149681528662 8.85752880552695
0.0177945859872611 8.89733752259444
0.0178742038216561 8.93714624144395
0.017953821656051 8.97695496205123
0.0180334394904459 9.01676368439483
0.0181130573248408 9.05657240845478
0.0181926751592357 9.09638113420251
0.0182722929936306 9.1361898616209
0.0183519108280255 9.17599859068566
0.0184315286624204 9.21580732137538
0.0185111464968153 9.25561605366864
0.0185907643312102 9.2954247875483
0.0186703821656051 9.33523352298867
0.01875 9.37504225997505
0.0188296178343949 9.41485099848297
0.0189092356687898 9.45465973849834
0.0189888535031847 9.49446847999731
0.0190684713375796 9.53427722296418
0.0191480891719745 9.57408596738036
0.0192277070063694 9.61389471322588
0.0193073248407643 9.65370346048361
0.0193869426751592 9.69351220913925
0.0194665605095541 9.73332095917139
0.019546178343949 9.77312971056718
0.019625796178344 9.81293846330664
0.0197054140127389 9.85274721737547
0.0197850318471338 9.89255597275513
0.0198646496815287 9.9323647294356
0.0199442675159236 9.97217348739834
0.0200238853503185 10.0119822466262
0.0201035031847134 10.0517910071035
0.0201831210191083 10.0915997688202
0.0202627388535032 10.1314085317578
0.0203423566878981 10.1712172959005
0.020421974522293 10.2110260612383
0.0205015923566879 10.2508348277571
0.0205812101910828 10.2906435954396
0.0206608280254777 10.3304523642758
0.0207404458598726 10.3702611342501
0.0208200636942675 10.410069905351
0.0208996815286624 10.4498786775657
0.0209792993630573 10.4896874508799
0.0210589171974522 10.5294962252821
0.0211385350318471 10.5693050007595
0.021218152866242 10.6091137773008
0.0212977707006369 10.6489225548929
0.0213773885350318 10.6887313335261
0.0214570063694268 10.7285401131858
0.0215366242038217 10.7683488938623
0.0216162420382166 10.808157675544
0.0216958598726115 10.8479664582224
0.0217754777070064 10.8877752418817
0.0218550955414013 10.9275840265163
0.0219347133757962 10.9673928121133
0.0220143312101911 11.0072015986599
0.022093949044586 11.0470103861503
0.0221735668789809 11.0868191745703
0.0222531847133758 11.1266279639113
0.0223328025477707 11.166436754169
0.0224124203821656 11.2062455453234
0.0224920382165605 11.2460543373731
0.0225716560509554 11.2858631303039
0.0226512738853503 11.3256719241071
0.0227308917197452 11.3654807187784
0.0228105095541401 11.4052895143037
0.022890127388535 11.4450983106728
0.0229697452229299 11.484907107883
0.0230493630573248 11.52471590592
0.0231289808917197 11.5645247047765
0.0232085987261147 11.6043335044484
0.0232882165605096 11.6441423049214
0.0233678343949045 11.6839511061896
0.0234474522292994 11.7237599082461
0.0235270700636943 11.7635687110837
0.0236066878980892 11.8033775146909
0.0236863057324841 11.8431863190635
0.023765923566879 11.8829951241914
0.0238455414012739 11.9228039300675
0.0239251592356688 11.9626127366848
0.0240047770700637 12.0024215440359
0.0240843949044586 12.0422303521111
0.0241640127388535 12.0820391609073
0.0242436305732484 12.121847970416
0.0243232484076433 12.1616567806273
0.0244028662420382 12.2014655915382
0.0244824840764331 12.2412744031417
0.024562101910828 12.2810832154263
0.0246417197452229 12.3208920283906
0.0247213375796178 12.360700842026
0.0248009554140127 12.4005096563268
0.0248805732484076 12.4403184712858
0.0249601910828025 12.4801272868974
0.0250398089171975 12.5199361031553
0.0251194267515924 12.5597449200517
0.0251990445859873 12.5995537375856
0.0252786624203822 12.6393625557429
0.0253582802547771 12.6791713745262
0.025437898089172 12.7189801939229
0.0255175159235669 12.7587890139342
0.0255971337579618 12.7985978345446
0.0256767515923567 12.8384066557568
0.0257563694267516 12.8782154775609
0.0258359872611465 12.9180242999525
0.0259156050955414 12.9578331229276
0.0259952229299363 12.9976419464815
0.0260748407643312 13.037450770606
0.0261544585987261 13.0772595952965
0.026234076433121 13.1170684205491
0.0263136942675159 13.1568772463591
0.0263933121019108 13.1966860727197
0.0264729299363057 13.2364948996249
0.0265525477707006 13.2763037270736
0.0266321656050955 13.3161125550583
0.0267117834394904 13.355921383575
0.0267914012738854 13.3957302126178
0.0268710191082803 13.4355390421855
0.0269506369426752 13.4753478722692
0.0270302547770701 13.5151567028679
0.027109872611465 13.5549655339725
0.0271894904458599 13.5947743655822
0.0272691082802548 13.6345831976906
0.0273487261146497 13.6743920302955
0.0274283439490446 13.7142008633892
0.0275079617834395 13.7540096969751
0.0275875796178344 13.7938185310384
0.0276671974522293 13.8336273655824
0.0277468152866242 13.8734362006023
0.0278264331210191 13.9132450360916
0.027906050955414 13.9530538720454
0.0279856687898089 13.9928627084628
0.0280652866242038 14.0326715453362
0.0281449044585987 14.072480382666
0.0282245222929936 14.1122892204461
0.0283041401273885 14.1520980586741
0.0283837579617834 14.1919068973438
0.0284633757961783 14.2317157364557
0.0285429936305732 14.2715245759992
0.0286226114649682 14.3113334159779
0.0287022292993631 14.3511422563824
0.028781847133758 14.3909510972121
0.0288614649681529 14.4307599384634
0.0289410828025478 14.4705687801327
0.0290207006369427 14.5103776222164
0.0291003184713376 14.5501864647111
0.0291799363057325 14.5899953076102
0.0292595541401274 14.6298041509201
0.0293391719745223 14.6696129946288
0.0294187898089172 14.7094218387327
0.0294984076433121 14.7492306832339
0.029578025477707 14.789039528126
0.0296576433121019 14.828848373404
0.0297372611464968 14.8686572190686
0.0298168789808917 14.9084660651162
0.0298964968152866 14.9482749115433
0.0299761146496815 14.9880837583448
0.0300557324840764 15.0278926055202
0.0301353503184713 15.0677014530628
0.0302149681528662 15.1075103009764
0.0302945859872611 15.1473191492515
0.0303742038216561 15.1871279978876
0.030453821656051 15.2269368468838
0.0305334394904459 15.2667456962353
0.0306130573248408 15.3065545459383
0.0306926751592357 15.3463633959952
0.0307722929936306 15.386172246395
0.0308519108280255 15.425981097143
0.0309315286624204 15.4657899482311
0.0310111464968153 15.5055987996588
0.0310907643312102 15.5454076514236
0.0311703821656051 15.5852165035239
0.03125 15.6250253559534
0.0313296178343949 15.6648342087135
0.0314092356687898 15.7046430618005
0.0314888535031847 15.7444519152116
0.0315684713375796 15.7842607689412
0.0316480891719745 15.8240696229949
0.0317277070063694 15.8638784773628
0.0318073248407643 15.9036873320448
0.0318869426751592 15.9434961870409
0.0319665605095541 15.9833050423469
0.032046178343949 16.0231138979585
0.0321257961783439 16.062922753877
0.0322054140127389 16.1027316100983
0.0322850318471338 16.1425404666209
0.0323646496815287 16.182349323439
0.0324442675159236 16.222158180557
0.0325238853503185 16.2619670379663
0.0326035031847134 16.3017758956698
0.0326831210191083 16.3415847536631
0.0327627388535032 16.381393611942
0.0328423566878981 16.4212024705079
0.032921974522293 16.4610113293579
0.0330015923566879 16.5008201884893
0.0330812101910828 16.5406290478991
0.0331608280254777 16.5804379075873
0.0332404458598726 16.6202467675526
0.0333200636942675 16.6600556277877
0.0333996815286624 16.6998644882956
0.0334792993630573 16.7396733490762
0.0335589171974522 16.7794822101209
0.0336385350318471 16.8192910714312
0.033718152866242 16.8590999330086
0.0337977707006369 16.8989087948473
0.0338773885350318 16.9387176569444
0.0339570063694268 16.9785265192999
0.0340366242038217 17.0183353819125
0.0341162420382166 17.0581442447807
0.0341958598726115 17.0979531079016
0.0342754777070064 17.1377619712739
0.0343550955414013 17.177570834896
0.0344347133757962 17.2173796987637
0.0345143312101911 17.2571885628799
0.034593949044586 17.2969974272388
0.0346735668789809 17.3368062918419
0.0347531847133758 17.3766151566849
0.0348328025477707 17.4164240217663
0.0349124203821656 17.4562328870862
0.0349920382165605 17.4960417526432
0.0350716560509554 17.5358506184343
0.0351512738853503 17.5756594844596
0.0352308917197452 17.6154683507162
0.0353105095541401 17.6552772172012
0.035390127388535 17.6950860839162
0.0354697452229299 17.7348949508582
0.0355493630573248 17.7747038180215
0.0356289808917197 17.8145126854105
0.0357085987261146 17.8543215530222
0.0357882165605096 17.8941304208552
0.0358678343949045 17.9339392889052
0.0359474522292994 17.9737481571738
0.0360270700636943 18.0135570256565
0.0361066878980892 18.0533658943562
0.0361863057324841 18.0931747632673
0.036265923566879 18.132983632394
0.0363455414012739 18.1727925017292
0.0364251592356688 18.2126013712714
0.0365047770700637 18.252410241025
0.0365843949044586 18.2922191109827
0.0366640127388535 18.3320279811447
0.0367436305732484 18.3718368515136
0.0368232484076433 18.4116457220825
0.0369028662420382 18.4514545928542
0.0369824840764331 18.4912634638271
0.037062101910828 18.5310723349958
0.0371417197452229 18.5708812063628
0.0372213375796178 18.610690077927
0.0373009554140127 18.6504989496867
0.0373805732484076 18.6903078216378
0.0374601910828025 18.7301166937815
0.0375398089171975 18.7699255661169
0.0376194267515924 18.8097344386435
0.0376990445859873 18.8495433113571
0.0377786624203822 18.8893521842606
0.0378582802547771 18.9291610573497
0.037937898089172 18.9689699306216
0.0380175159235669 19.0087788040806
0.0380971337579618 19.0485876777195
0.0381767515923567 19.0883965515426
0.0382563694267516 19.1282054255456
0.0383359872611465 19.1680142997271
0.0384156050955414 19.207823174087
0.0384952229299363 19.2476320486255
0.0385748407643312 19.2874409233382
0.0386544585987261 19.3272497982265
0.038734076433121 19.3670586732904
0.0388136942675159 19.4068675485257
0.0388933121019108 19.4466764239323
0.0389729299363057 19.4864852995103
0.0390525477707006 19.5262941752597
0.0391321656050955 19.5661030511732
0.0392117834394905 19.6059119272581
0.0392914012738854 19.64572080351
0.0393710191082803 19.6855296799248
0.0394506369426752 19.7253385565051
0.0395302547770701 19.7651474332497
0.039609872611465 19.8049563101557
0.0396894904458599 19.8447651872258
0.0397691082802548 19.8845740644516
0.0398487261146497 19.9243829418416
0.0399283439490446 19.9641918193887
0.0400079617834395 20.0040006970928
0.0400875796178344 20.0438095749569
0.0401671974522293 20.0836184529751
0.0402468152866242 20.1234273311462
0.0403264331210191 20.163236209475
0.040406050955414 20.2030450879524
0.0404856687898089 20.2428539665875
0.0405652866242038 20.2826628453719
0.0406449044585987 20.3224717243061
0.0407245222929936 20.3622806033903
0.0408041401273885 20.4020894826216
0.0408837579617834 20.4418983620028
0.0409633757961783 20.4817072415304
0.0410429936305733 20.5215161212058
0.0411226114649682 20.5613250010246
0.0412022292993631 20.6011338809877
0.041281847133758 20.6409427610936
0.0413614649681529 20.6807516413437
0.0414410828025478 20.7205605217351
0.0415207006369427 20.7603694022701
0.0416003184713376 20.8001782829436
0.0416799363057325 20.839987163757
0.0417595541401274 20.8797960447067
0.0418391719745223 20.9196049257979
0.0419187898089172 20.9594138070232
0.0419984076433121 20.9992226883878
0.042078025477707 21.0390315698852
0.0421576433121019 21.0788404515196
0.0422372611464968 21.1186493332869
0.0423168789808917 21.1584582151891
0.0423964968152866 21.1982670972212
0.0424761146496815 21.2380759793882
0.0425557324840764 21.2778848616831
0.0426353503184713 21.3176937441114
0.0427149681528662 21.3575026266662
0.0427945859872612 21.397311509353
0.0428742038216561 21.4371203921655
0.042953821656051 21.4769292751079
0.0430334394904459 21.5167381581745
0.0431130573248408 21.556547041369
0.0431926751592357 21.5963559246883
0.0432722929936306 21.6361648081327
0.0433519108280255 21.6759736916991
0.0434315286624204 21.7157825753911
0.0435111464968153 21.7555914592046
0.0435907643312102 21.7954003431415
0.0436703821656051 21.835209227197
0.04375 21.875018111376
0.0438296178343949 21.914826995672
0.0439092356687898 21.9546358800902
0.0439888535031847 21.9944447646247
0.0440684713375796 22.0342536492792
0.0441480891719745 22.0740625340493
0.0442277070063694 22.1138714189387
0.0443073248407643 22.1536803039408
0.0443869426751592 22.1934891890608
0.0444665605095541 22.2332980742943
0.044546178343949 22.2731069596442
0.044625796178344 22.3129158451047
0.0447054140127389 22.3527247306816
0.0447850318471338 22.3925336163677
0.0448646496815287 22.4323425021681
0.0449442675159236 22.472151388077
0.0450238853503185 22.5119602740994
0.0451035031847134 22.551769160231
0.0451831210191083 22.5915780464719
0.0452627388535032 22.6313869328206
0.0453423566878981 22.6711958192792
0.045421974522293 22.7110047058449
0.0455015923566879 22.7508135925192
0.0455812101910828 22.7906224792969
0.0456608280254777 22.8304313661847
0.0457404458598726 22.8702402531745
0.0458200636942675 22.9100491402714
0.0458996815286624 22.9498580274718
0.0459792993630573 22.9896669147772
0.0460589171974522 23.0294758021839
0.0461385350318471 23.0692846896957
0.046218152866242 23.109093577308
0.0462977707006369 23.1489024650232
0.0463773885350319 23.1887113528384
0.0464570063694268 23.2285202407556
0.0465366242038217 23.2683291287721
0.0466162420382166 23.3081380168892
0.0466958598726115 23.3479469051035
0.0467754777070064 23.3877557934198
0.0468550955414013 23.4275646818311
0.0469347133757962 23.4673735703424
0.0470143312101911 23.5071824589493
0.047093949044586 23.546991347654
0.0471735668789809 23.586800236453
0.0472531847133758 23.6266091253498
0.0473328025477707 23.6664180143401
0.0474124203821656 23.7062269034275
0.0474920382165605 23.7460357926063
0.0475716560509554 23.7858446818807
0.0476512738853503 23.8256535712473
0.0477308917197452 23.8654624607081
0.0478105095541401 23.9052713502596
0.047890127388535 23.9450802399053
0.0479697452229299 23.9848891296395
0.0480493630573248 24.0246980194673
0.0481289808917197 24.0645069093851
0.0482085987261147 24.1043157993928
0.0482882165605096 24.144124689489
0.0483678343949045 24.1839335796752
0.0484474522292994 24.2237424699499
0.0485270700636943 24.2635513603145
0.0486066878980892 24.3033602507663
0.0486863057324841 24.3431691413052
0.048765923566879 24.3829780319297
0.0488455414012739 24.4227869226421
0.0489251592356688 24.4625958134416
0.0490047770700637 24.502404704326
0.0490843949044586 24.5422135952961
0.0491640127388535 24.5820224863512
0.0492436305732484 24.6218313774898
0.0493232484076433 24.6616402687133
0.0494028662420382 24.7014491600204
0.0494824840764331 24.7412580514117
0.049562101910828 24.7810669428852
0.0496417197452229 24.8208758344407
0.0497213375796178 24.8606847260791
0.0498009554140127 24.9004936177981
0.0498805732484076 24.9403025095993
0.0499601910828026 24.9801114014825
