0 919.008644470276
0.00195068578660218 917.106056951251
0.00275868629534123 916.126759718067
0.00337868689199743 915.165757868432
0.00390137157320435 914.209560402542
0.00436186602158511 913.25531228609
0.00477818482567497 912.302044879577
0.00516102947737777 911.349339701884
0.00551737259068245 910.396986593886
0.00585205735980653 909.444868489076
0.00616861008498004 908.492915024835
0.0064696928380387 907.541081370847
0.00675737378399486 906.589337614185
0.00703329762591295 905.63766303245
0.00729879788271497 904.686042816564
0.00755497356519374 903.734466102309
0.0078027431464087 902.78292473899
0.00804288354055184 901.831412492153
0.00827605888602368 900.879924511774
0.00850284221440003 899.928456968229
0.00872373204317023 898.977006797374
0.00893916527417895 898.025571518405
0.00914952735594241 897.074149101363
0.00935516038746478 896.122737869168
0.00955636965134993 895.171336424148
0.00975342893301088 894.219943592174
0.00994658489077259 893.268558379693
0.0101360606759923 892.3171799403
0.0103220589547555 891.36580754847
0.0105047644477875 890.414440578724
0.0106843460792672 889.463078488959
0.0108609588057226 888.511720807005
0.0110347451813649 887.5603671197
0.0112058367048475 886.609017063953
0.0113743549836358 885.65767031938
0.0115404127452969 884.706326602206
0.0117041147196131 883.754985660183
0.011865558411129 882.803647268326
0.012024834778323 881.852311225331
0.0121820288328348 880.900977350537
0.0123372201699601 879.949645481346
0.0124904834398082 878.998315471023
0.0126418887670385 878.046987186802
0.0127915021258735 877.095660508271
0.0129393856760774 876.14433532596
0.0130855980647553 875.193011540129
0.0132301946981282 874.241689059712
0.0133732279868561 873.29036780139
0.0135147475679897 872.339047688788
0.0136548005062152 871.387728651765
0.0137934314767061 870.436410625791
0.0139306829315953 869.485093551397
0.0140665952518259 868.533777373686
0.0142012068859214 867.582462041907
0.0143345544770249 866.631147509066
0.0144666729793981 865.679833731586
0.0145975957654299 864.728520669005
0.0147273547240823 863.777208283698
0.0148559803515958 862.825896540636
0.014983501835187 861.874585407162
0.0151099471303875 860.923274852801
0.0152353430326054 859.971964849072
0.0153597152434285 859.020655369332
0.0154830884321333 858.069346388631
0.0156054862928174 857.118037883578
0.0157269315975292 856.16672983222
0.0158474462457336 855.215422213935
0.0159670513104163 854.264115009334
0.0160857670811037 853.312808200165
0.0162036131040448 852.361501769236
0.0163206082197822 851.410195700339
0.0164367705983163 850.458889978177
0.0165521177720474 849.507584588302
0.0166666666666667 848.55627951706
0.0167804336301488 847.604974751533
0.0168934344599871 846.653670279494
0.0170056844288001 845.702366089357
0.0171171983084261 844.751062170139
0.0172279903926151 843.799758511421
0.0173380745184143 842.848455103311
0.0174474640863405 841.897151936411
0.0175561720794196 840.945849001787
0.0176642110811732 839.994546290943
0.01777159329262 839.043243795789
0.0178783305483579 838.091941508623
0.0179844343317881 837.140639422105
0.0180899157895345 836.189337529234
0.0181947857451112 835.238035823334
0.0182990547118848 834.286734298031
0.0184027329053759 833.335432947237
0.0185058302549401 832.384131765136
0.0186083564148667 831.432830746166
0.0187103207749296 830.481529885007
0.0188117324704242 829.530229176571
0.0189126003917194 828.578928615981
0.0190129331933533 827.627628198571
0.0191127393026999 826.676327919864
0.0192120269282296 825.725027775572
0.0193108040673886 824.773727761581
0.0194090785141161 823.82242787394
0.0195068578660218 822.871128108861
0.0196041495312402 821.919828462702
0.0197009607349814 820.968528931966
0.0197972985257921 820.017229513291
0.0198931697815452 819.065930203445
0.0199885812151697 818.114630999319
0.0200835393801363 817.16333189792
0.0201780506757104 816.212032896369
0.0202721213519846 815.260733991891
0.020365757514702 814.309435181815
0.0204589651298811 813.358136463566
0.0205517500282517 812.406837834664
0.0206441179095111 811.455539292713
0.0207360743464101 810.504240835407
0.0208276247886767 809.552942460518
0.0209187745667845 808.601644165895
0.0210095288955751 807.650345949463
0.0210998928777389 806.699047809217
0.0211898715071637 805.74774974322
0.0212794696721549 804.796451749601
0.0213686921585344 803.845153826549
0.0214575436526239 802.893855972315
0.0215460287441169 801.942558185208
0.0216341519288454 800.991260463589
0.0217219176114453 800.039962805875
0.0218093301079256 799.088665210531
0.0218963936481449 798.137367676073
0.0219831123782001 797.186070201063
0.0220694903627298 796.234772784106
0.0221555315871381 795.283475423854
0.0222412399597398 794.332178118997
0.0223266193138321 793.380880868267
0.022411673409695 792.429583670435
0.0224964059365242 791.478286524306
0.0225808205142978 790.526989428723
0.0226649206955812 789.575692382564
0.0227487099672715 788.624395384737
0.0228321917522845 787.673098434184
0.0229153694111865 786.721801529878
0.0229982462437724 785.770504670821
0.0230808254905938 784.819207856042
0.0231631103344369 783.867911084601
0.0232451039017542 782.91661435558
0.0233268092640507 781.965317668091
0.0234082294392261 781.014021021268
0.023489367392876 780.06272441427
0.0235702260395516 779.111427846279
0.023650808243982 778.160131316497
0.023731116822258 777.208834824152
0.0238111545429807 776.257538368488
0.0238909241283748 775.306241948774
0.0239704282553695 774.354945564293
0.024049669556646 773.403649214351
0.0241286506216555 772.452352898271
0.024207373997606 771.501056615393
0.0242858421904208 770.549760365074
0.0243640576656696 769.598464146689
0.0244420228494723 768.647167959627
0.0245197401293769 767.695871803293
0.0245972118552129 766.744575677107
0.0246744403399202 765.793279580505
0.0247514278603545 764.841983512935
0.024828176658071 763.89068747386
0.0249046889400859 762.939391462754
0.0249809668796163 761.988095479107
0.0250570126168013 761.036799522419
0.0251328282594019 760.085503592202
0.0252084158834831 759.134207687982
0.0252837775340769 758.182911809295
0.0253589152258283 757.231615955685
0.0254338309436231 756.280320126713
0.0255085266432001 755.329024321945
0.0255830042517469 754.377728540958
0.0256572656684798 753.426432783341
0.0257313127652089 752.475137048691
0.0258051473868889 751.523841336613
0.0258787713521548 750.572545646724
0.0259521864538455 749.621249978647
0.0260253944595123 748.669954332014
0.026098397111916 747.718658706466
0.0261711961295107 746.767363101652
0.0262437932069159 745.816067517228
0.0263161900153768 744.864771952857
0.026388388203213 743.913476408212
0.0264603893962565 742.96218088297
0.0265321951982789 742.010885376817
0.0266038071914083 741.059589889446
0.0266752269365357 740.108294420554
0.0267464559737123 739.156998969847
0.0268174958225368 738.205703537036
0.0268883479825339 737.254408121839
0.0269590139335229 736.303112723978
0.0270294951359794 735.351817343184
0.0270997930313866 734.40052197919
0.0271699090425794 733.449226631737
0.027239844574081 732.497931300571
0.0273096010124305 731.546635985443
0.0273791797265038 730.595340686107
0.0274485820678272 729.644045402325
0.0275178093708838 728.692750133862
0.0275868629534123 727.741454880489
0.0276557441167003 726.790159641979
0.0277244541458701 725.838864418114
0.0277929943101585 724.887569208675
0.0278613658631905 723.936274013452
0.0279295700432464 722.984978832235
0.0279976080735241 722.033683664821
0.0280654811623944 721.082388511011
0.0281331905036518 720.131093370606
0.0282007372767596 719.179798243416
0.028268122647089 718.228503129252
0.0283353477661545 717.277208027928
0.0284024137718429 716.325912939262
0.0284693217886381 715.374617863077
0.0285360729278413 714.423322799197
0.0286026682877861 713.47202774745
0.0286691089540498 712.520732707669
0.0287353959996592 711.569437679688
0.0288015304852933 710.618142663344
0.0288675134594813 709.666847658477
0.0289333459587961 708.715552664932
0.028999029008045 707.764257682555
0.0290645636204552 706.812962711195
0.0291299507978565 705.861667750703
0.0291951915308599 704.910372800934
0.0292602867990326 703.959077861745
0.02932523757107 703.007782932996
0.0293900448049633 702.056488014548
0.0294547094481646 701.105193106267
0.029519232437749 700.153898208018
0.029583614700572 699.202603319671
0.029647857153426 698.251308441098
0.0297119607031917 697.300013572172
0.0297759262469878 696.348718712768
0.0298397546723178 695.397423862766
0.029903446857213 694.446129022043
0.0299670036703741 693.494834190484
0.0300304259713089 692.543539367972
0.0300937146104684 691.592244554392
0.0301568704293792 690.640949749633
0.030219894260775 689.689654953584
0.0302827869287236 688.738360166137
0.0303455492487535 687.787065387186
0.0304081820279769 686.835770616625
0.0304706860652107 685.884475854351
0.0305330621510958 684.933181100263
0.0305953110682132 683.981886354262
0.0306574335911991 683.030591616248
0.0307194304868569 682.079296886125
0.0307813025142681 681.128002163798
0.0308430504249002 680.176707449173
0.0309046749627138 679.225412742159
0.0309661768642666 678.274118042665
0.0310275568588165 677.322823350601
0.0310888156684224 676.37152866588
0.031149954008043 675.420233988416
0.0312109725856348 674.468939318123
0.0312718721022471 673.517644654918
0.0313326532521163 672.566349998717
0.0313933167227581 671.615055349441
0.0314538631950585 670.66376070701
0.0315142933433626 669.712466071344
0.0315746078355624 668.761171442366
0.031634807333183 667.80987682
0.0316948924914672 666.85858220417
0.0317548639594585 665.907287594804
0.0318147223800832 664.955992991826
0.0318744683902307 664.004698395168
0.0319341026208326 663.053403804756
0.0319936256969403 662.102109220523
0.0320530382378016 661.150814642398
0.0321123408569357 660.199520070315
0.0321715341622074 659.248225504206
0.0322306187558993 658.296930944006
0.0322895952347839 657.345636389651
0.0323484641901935 656.394341841077
0.0324072262080895 655.44304729822
0.0324658818691305 654.491752761019
0.0325244317487391 653.540458229413
0.0325828764171679 652.589163703342
0.0326412164395644 651.637869182746
0.0326994523760344 650.686574667567
0.032757584781705 649.735280157747
0.0328156142067865 648.78398565323
0.0328735411966325 647.832691153959
0.0329313662918007 646.88139665988
0.0329890900281108 645.930102170937
0.033046712936703 644.978807687078
0.0331042355440947 644.027513208249
0.033161658372237 643.076218734398
0.0332189819385695 642.124924265473
0.0332762067560751 641.173629801425
0.0333333333333333 640.222335342201
0.0333903621745731 639.271040887754
0.0334472937797248 638.319746438035
0.0335041286444711 637.368451992994
0.0335608672602976 636.417157552586
0.0336175101145425 635.465863116762
0.0336740576904451 634.514568685478
0.0337305104671938 633.563274258687
0.0337868689199743 632.611979836344
0.0338431335200152 631.660685418406
0.0338993047346347 630.709391004828
0.0339553830272857 629.758096595568
0.0340113688576001 628.806802190582
0.0340672626814334 627.855507789829
0.0341230649509073 626.904213393267
0.0341787761144528 625.952919000855
0.0342343966168522 625.001624612553
0.0342899268992804 624.05033022832
0.0343453673993458 623.099035848118
0.0344007185511305 622.147741471908
0.0344559807852301 621.196447099651
0.0345111545287925 620.24515273131
0.0345662402055568 619.293858366846
0.0346212382358907 618.342564006223
0.0346761490368287 617.391269649405
0.0347309730221082 616.439975296355
0.0347857106022064 615.488680947038
0.0348403621843762 614.53738660142
0.0348949281726809 613.586092259464
0.0349494089680299 612.634797921137
0.0350038049682126 611.683503586405
0.0350581165679321 610.732209255235
0.0351123441588392 609.780914927594
0.0351664881295648 608.829620603449
0.0352205488657527 607.878326282768
0.0352745267500915 606.927031965519
0.0353284221623465 605.975737651671
0.0353822354793903 605.024443341193
0.0354359670752341 604.073149034054
0.0354896173210579 603.121854730224
0.03554318658524 602.170560429673
0.0355966752333871 601.219266132372
0.0356500836283631 600.26797183829
0.035703412130318 599.3166775474
0.0357566610967158 598.365383259673
0.035809830882363 597.414088975081
0.035862921839436 596.462794693595
0.0359159343175079 595.51150041519
0.0359688686635762 594.560206139836
0.0360217252220885 593.608911867508
0.036074504334969 592.657617598179
0.0361272063416444 591.706323331823
0.0361798315790691 590.755029068414
0.0362323803817504 589.803734807925
0.0362848530817737 588.852440550333
0.0363372500088264 587.901146295611
0.0363895714902224 586.949852043736
0.0364418178509259 585.998557794682
0.0364939894135748 585.047263548425
0.0365460864985044 584.095969304942
0.0365981094237696 583.144675064208
0.0366500585051684 582.193380826201
0.0367019340562636 581.242086590898
0.0367537363884051 580.290792358274
0.0368054658107519 579.339498128309
0.0368571226302933 578.388203900979
0.0369087071518704 577.436909676263
0.036960219678197 576.485615454139
0.0370116605098803 575.534321234584
0.0370630299454413 574.583027017578
0.0371143282813354 573.6317328031
0.0371655558119717 572.680438591128
0.0372167128297333 571.729144381643
0.0372677996249965 570.777850174623
0.03731881648615 569.826555970048
0.0373697636996141 568.875261767899
0.0374206415498591 567.923967568155
0.0374714503194245 566.972673370798
0.0375221902889363 566.021379175807
0.0375728617371262 565.070084983163
0.0376234649408484 564.118790792849
0.0376740001750983 563.167496604844
0.0377244677130288 562.216202419131
0.0377748678259687 561.264908235691
0.0378252007834388 560.313614054506
0.0378754668531691 559.362319875558
0.0379256663011154 558.411025698829
0.0379757993914758 557.459731524302
0.0380258663867066 556.508437351959
0.0380758675475388 555.557143181783
0.0381258031329934 554.605849013757
0.0381756734003975 553.654554847864
0.0382254786053997 552.703260684088
0.0382752190019851 551.751966522412
0.0383248948424908 550.80067236282
0.0383745063776204 549.849378205296
0.0384240538564592 548.898084049823
0.0384735375264887 547.946789896385
0.0385229576336006 546.995495744968
0.0385723144221116 546.044201595555
0.0386216081347772 545.092907448132
0.0386708390128057 544.141613302683
0.0387200072958721 543.190319159193
0.0387691132221314 542.239025017647
0.0388181570282322 541.287730878031
0.0388671389493303 540.336436740329
0.0389160592191013 539.385142604528
0.0389649180697541 538.433848470613
0.0390137157320435 537.48255433857
0.0390624524352831 536.531260208385
0.0391111284073575 535.579966080044
0.0391597438747351 534.628671953533
0.0392082990624805 533.67737782884
0.039256794194266 532.726083705949
0.0393052294923845 531.774789584849
0.0393536051777606 530.823495465525
0.0394019214699628 529.872201347966
0.0394501785872151 528.920907232157
0.0394983767464084 527.969613118086
0.0395465161631119 527.018319005741
0.0395945970515842 526.067024895108
0.0396426196247848 525.115730786175
0.0396905840943847 524.164436678931
0.0397384906707776 523.213142573362
0.0397863395630903 522.261848469457
0.039834130979194 521.310554367204
0.0398818651257139 520.35926026659
0.0399295422080405 519.407966167605
0.0399771624303393 518.456672070237
0.0400247259955616 517.505377974473
0.0400722331054539 516.554083880303
0.0401196839605684 515.602789787715
0.0401670787602726 514.651495696699
0.0402144177027592 513.700201607243
0.0402617009850558 512.748907519335
0.0403089288030344 511.797613432966
0.0403561013514208 510.846319348124
0.0404032188238041 509.895025264798
0.040450281412646 508.943731182979
0.0404972893092896 507.992437102655
0.0405442427039692 507.041143023817
0.0405911417858183 506.089848946454
0.0406379867428796 505.138554870555
0.0406847777621128 504.187260796111
0.040731515029404 503.235966723112
0.0407781987295738 502.284672651548
0.0408248290463863 501.333378581408
0.0408714061625572 500.382084512683
0.0409179302597623 499.430790445364
0.0409644015186457 498.479496379441
0.0410108201188281 497.528202314904
0.0410571862389147 496.576908251745
0.0411035000565034 495.625614189953
0.0411497617481928 494.674320129519
0.0411959714895896 493.723026070435
0.0412421294553171 492.771732012692
0.0412882358190222 491.820437956279
0.0413342907533834 490.869143901189
0.0413802944301184 489.917849847413
0.0414262470199913 488.966555794942
0.0414721486928202 488.015261743767
0.0415179996174845 487.06396769388
0.041563799961932 486.112673645272
0.0416095498931861 485.161379597934
0.0416552495773534 484.21008555186
0.0417008991796298 483.258791507039
0.0417464988643084 482.307497463464
0.0417920487947858 481.356203421127
0.0418375491335691 480.404909380019
0.0418830000422828 479.453615340133
0.0419284016816753 478.502321301461
0.0419737542116256 477.551027263995
0.0420190577911501 476.599733227727
0.0420643125784086 475.648439192649
0.0421095187307112 474.697145158753
0.0421546764045244 473.745851126033
0.0421997857554777 472.794557094481
0.0422448469383696 471.843263064088
0.0422898601071737 470.891969034848
0.0423348254150454 469.940675006754
0.0423797430143273 468.989380979797
0.0424246130565557 468.038086953971
0.0424694356924663 467.086792929269
0.0425142110720002 466.135498905684
0.0425589393443097 465.184204883208
0.0426036206577644 464.232910861835
0.0426482551599563 463.281616841557
0.0426928429977062 462.330322822368
0.0427373843170688 461.379028804261
0.0427818792633387 460.42773478723
0.0428263279810556 459.476440771266
0.0428707306140098 458.525146756365
0.0429150873052479 457.573852742519
0.0429593981970779 456.622558729722
0.0430036634310747 455.671264717967
0.0430478831480853 454.719970707248
0.0430920574882339 453.768676697558
0.0431361865909274 452.817382688892
0.0431802705948603 451.866088681242
0.0432243096380198 450.914794674604
0.0432683038576908 449.963500668969
0.0433122533904612 449.012206664334
0.0433561583722263 448.06091266069
0.0434000189381942 447.109618658034
0.0434438352228906 446.158324656357
0.0434876073601632 445.207030655655
0.043531335483187 444.255736655922
0.0435750197244686 443.304442657151
0.0436186602158511 442.353148659337
0.043662257088519 441.401854662475
0.0437058104730021 440.450560666558
0.0437493204991807 439.499266671581
0.0437927872962898 438.547972677539
0.0438362109929238 437.596678684426
0.0438795917170407 436.645384692236
0.0439229295959666 435.694090700964
0.0439662247564001 434.742796710604
0.0440094773244166 433.791502721152
0.0440526874254726 432.840208732602
0.0440958551844098 431.888914744947
0.0441389807254596 430.937620758184
0.044182064172247 429.986326772307
0.0442251056477947 429.035032787311
0.0442681052745275 428.08373880319
0.0443110631742763 427.13244481994
0.0443539794682817 426.181150837556
0.0443968542771986 425.229856856032
0.0444396877210997 424.278562875363
0.0444824799194797 423.327268895545
0.0445252309912589 422.375974916572
0.0445679410547875 421.424680938441
0.044610610227849 420.473386961146
0.0446532386276641 419.522092984681
0.0446958263708947 418.570799009044
0.0447383735736473 417.619505034228
0.0447808803514767 416.668211060229
0.04482334681939 415.716917087042
0.0448657730918501 414.765623114664
0.0449081592827788 413.814329143088
0.0449505055055611 412.863035172312
0.0449928118730485 411.911741202329
0.0450350784975621 410.960447233136
0.0450773054908968 410.009153264729
0.045119492964324 409.057859297103
0.0451616410285957 408.106565330253
0.0452037497939473 407.155271364175
0.0452458193701014 406.203977398865
0.0452878498662709 405.252683434319
0.0453298413911625 404.301389470533
0.0453717940529796 403.350095507501
0.0454137079594262 402.39880154522
0.0454555832177094 401.447507583687
0.045497419934543 400.496213622896
0.0455392182161508 399.544919662843
0.0455809781682694 398.593625703525
0.0456226998961516 397.642331744938
0.0456643835045691 396.691037787077
0.0457060290978161 395.739743829939
0.0457476367797121 394.788449873519
0.0457892066536047 393.837155917814
0.045830738822373 392.88586196282
0.0458722333884303 391.934568008533
0.0459136904537271 390.983274054949
0.0459551101197541 390.031980102064
0.0459964924875449 389.080686149875
0.0460378376576792 388.129392198378
0.0460791457302854 387.178098247568
0.0461204168050434 386.226804297444
0.0461616509811876 385.275510347999
0.0462028483575097 384.324216399232
0.046244009032361 383.372922451139
0.0462851331036558 382.421628503715
0.0463262206688738 381.470334556958
0.0463672718250625 380.519040610864
0.0464082866688406 379.567746665429
0.0464492652963999 378.616452720649
0.0464902078035084 377.665158776522
0.0465311142855127 376.713864833044
0.0465719848373408 375.762570890211
0.0466128195535043 374.811276948021
0.0466536185281013 373.859983006469
0.046694381854819 372.908689065553
0.0467351096269358 371.957395125269
0.0467758019373239 371.006101185613
0.0468164588784522 370.054807246583
0.0468570805423883 369.103513308175
0.0468976670208009 368.152219370387
0.0469382184049625 367.200925433214
0.0469787347857519 366.249631496654
0.047019216253656 365.298337560703
0.0470596628987726 364.347043625358
0.0471000748108129 363.395749690617
0.0471404520791032 362.444455756476
0.0471807947925877 361.493161822931
0.0472211030398309 360.541867889981
0.0472613769090192 359.590573957621
0.047301616487964 358.63928002585
0.0473418218641032 357.687986094663
0.0473819931245039 356.736692164058
0.0474221303558643 355.785398234033
0.0474622336445161 354.834104304583
0.0475023030764266 353.882810375707
0.0475423387372008 352.9315164474
0.0475823407120834 351.980222519662
0.0476223090859614 351.028928592487
0.0476622439433656 350.077634665874
0.0477021453684732 349.12634073982
0.0477420134451093 348.175046814323
0.0477818482567497 347.223752889378
0.0478216498865221 346.272458964984
0.047861418417209 345.321165041138
0.0479011539312489 344.369871117837
0.0479408565107389 343.418577195079
0.0479805262374363 342.467283272859
0.0480201631927606 341.515989351177
0.0480597674577958 340.56469543003
0.048099339113292 339.613401509414
0.0481388782396673 338.662107589327
0.0481783849170099 337.710813669767
0.0482178592250799 336.75951975073
0.0482573012433111 335.808225832215
0.048296711050813 334.856931914219
0.0483360887263727 333.905637996739
0.0483754343484565 332.954344079772
0.0484147479952119 332.003050163317
0.0484540297444694 331.05175624737
0.0484932796737443 330.10046233193
0.0485324978602383 329.149168416993
0.0485716843808415 328.197874502558
0.0486108393121343 327.246580588622
0.0486499627303885 326.295286675183
0.0486890547115698 325.343992762237
0.0487281153313392 324.392698849784
0.0487671446650544 323.441404937819
0.0488061427877721 322.490111026342
0.0488451097742491 321.53881711535
0.0488840456989446 320.58752320484
0.048922950636021 319.63622929481
0.0489618246593466 318.684935385258
0.0490006678424963 317.733641476181
0.0490394802587538 316.782347567578
0.049078261981113 315.831053659446
0.0491170130822794 314.879759751782
0.0491557336346724 313.928465844586
0.0491944237104259 312.977171937853
0.0492330833813907 312.025878031583
0.0492717127191355 311.074584125773
0.0493103117949488 310.123290220421
0.0493488806798404 309.171996315525
0.0493874194445425 308.220702411082
0.0494259281595118 307.269408507091
0.0494644068949308 306.318114603549
0.049502855720709 305.366820700455
0.0495412747064847 304.415526797806
0.0495796639216265 303.464232895599
0.0496180234352345 302.512938993834
0.0496563533161421 301.561645092508
0.049694653632917 300.610351191619
0.0497329244538629 299.659057291166
0.0497711658470212 298.707763391144
0.0498093778801717 297.756469491554
0.0498475606208347 296.805175592393
0.049885714136272 295.85388169366
0.0499238384934882 294.90258779535
0.0499619337592326 293.951293897465
0.05 293
