0.000373134328358209 0.37313432835829
0.00111940298507463 0.621890547263613
0.00186567164179104 0.970149253731431
0.00261194029850746 1.33262260127954
0.00335820895522388 1.69983416252083
0.0041044776119403 2.06919945725929
0.00485074626865672 2.4397244546501
0.00559701492537313 2.8109452736321
0.00634328358208955 3.18261633011459
0.00708955223880597 3.55459544383434
0.00783582089552239 3.92679459843671
0.00858208955223881 4.29915639195351
0.00932835820895522 4.67164179104496
0.0100746268656716 5.04422332780531
0.0108208955223881 5.41688111168305
0.0115671641791045 5.78960038517117
0.0123134328358209 6.16236996834037
0.0130597014925373 6.53518123667433
0.0138059701492537 6.90802743041612
0.0145522388059702 7.28090317642615
0.0152985074626866 7.65380414998219
0.016044776119403 8.02672683096218
0.0167910447761194 8.39966832504209
0.0175373134328358 8.77262623054972
0.0182835820895522 9.14559853792296
0.0190298507462687 9.51858355282451
0.0197761194029851 9.89157983666599
0.0205223880597015 10.2645861601087
0.0212686567164179 10.6376014663528
0.0220149253731343 11.0106248418929
0.0227611940298507 11.3836554930275
0.0235074626865672 11.7566927268429
0.0242537313432836 12.1297359357068
0.025 12.5027845845407
0.0257462686567164 12.8758382003038
0.0264925373134328 13.248896363255
0.0272388059701493 13.6219586996537
0.0279850746268657 13.9950248756229
0.0287313432835821 14.3680945919765
0.0294776119402985 14.7411675798238
0.0302238805970149 15.1142435968321
0.0309701492537313 15.4873224240257
0.0317164179104478 15.860403863039
0.0324626865671642 16.2334877337463
0.0332089552238806 16.6065738722133
0.033955223880597 16.9796621289171
0.0347014925373134 17.3527523671974
0.0354477611940299 17.7258444619019
0.0361940298507463 18.0989382982005
0.0369402985074627 18.472033770542
0.0376865671641791 18.8451307817357
0.0384328358208955 19.2182292421396
0.0391791044776119 19.5913290689419
0.0399253731343284 19.964430185522
0.0406716417910448 20.3375325208829
0.0414179104477612 20.7106360091447
0.0421641791044776 21.0837405890911
0.042910447761194 21.456846203765
0.0436567164179105 21.8299528001033
0.0444029850746269 22.2030603286103
0.0451492537313433 22.5761687430628
0.0458955223880597 22.9492780002439
0.0466417910447761 23.3223880597027
0.0473880597014925 23.6954988835363
0.048134328358209 24.0686104361923
0.0488805970149254 24.4417226842896
0.0496268656716418 24.8148355964549
