0 918.429397689319
0.000746268656716418 918.15093923532
0.00149253731343284 917.686841811989
0.00223880597014925 916.962849831593
0.00298507462686567 915.968355353026
0.00373134328358209 914.699822395921
0.00447761194029851 913.155643696474
0.00522388059701493 911.334953804944
0.00597014925373134 909.237233451487
0.00671641791044776 906.862146637969
0.00746268656716418 904.209463470928
0.0082089552238806 901.279019740751
0.00895522388059702 898.070694075114
0.00970149253731343 894.584394231051
0.0104477611940299 890.820048464032
0.0111940298507463 886.777599873224
0.0119402985074627 882.457002570857
0.0126865671641791 877.858219012394
0.0134328358208955 872.981218089503
0.0141791044776119 867.825973738446
0.0149253731343284 862.392463905292
0.0156716417910448 856.680669763515
0.0164179104477612 850.690575113543
0.0171641791044776 844.42216591575
0.017910447761194 837.875429922803
0.0186567164179104 831.050356387039
0.0194029850746269 823.94693582523
0.0201492537313433 816.565159827718
0.0208955223880597 808.905020902264
0.0216417910447761 800.966512345284
0.0223880597014925 792.749628134916
0.023134328358209 784.254362841612
0.0238805970149254 775.480711552923
0.0246268656716418 766.428669809859
0.0253731343283582 757.098233552739
0.0261194029850746 747.4893990749
0.026865671641791 737.602162982919
0.0276119402985075 727.436522162282
0.0283582089552239 716.992473747638
0.0291044776119403 706.270015096909
0.0298507462686567 695.269143768682
0.0305970149253731 683.98985750239
0.0313432835820896 672.432154200878
0.032089552238806 660.596031915028
0.0328358208955224 648.481488830143
0.0335820895522388 636.088523253864
0.0343283582089552 623.417133605418
0.0350746268656716 610.467318406017
0.0358208955223881 597.23907627027
0.0365671641791045 583.732405898478
0.0373134328358209 569.947306069716
0.0380597014925373 555.883775635584
0.0388059701492537 541.541813514585
0.0395522388059701 526.921418687016
0.0402985074626866 512.022590190358
0.041044776119403 496.845327115072
0.0417910447761194 481.389628600785
0.0425373134328358 465.655493832807
0.0432835820895522 449.642922038952
0.0440298507462687 433.351912486636
0.0447761194029851 416.782464480211
0.0455223880597015 399.934577358522
0.0462686567164179 382.808250492668
0.0470149253731343 365.403483283935
0.0477611940298507 347.720275161893
0.0485074626865672 329.758625582645
0.0492537313432836 311.518534027205
0.05 293
