0 927.882923221191
0.00610847221781526 909.22620680328
0.0086386842558136 899.623247367432
0.010580184237879 890.199691916533
0.0122169444356305 880.82324810923
0.0136589591177038 871.465919564313
0.0149626400416145 862.118207831786
0.0161614983788864 852.776009298285
0.0172773685116272 843.437263149712
0.0183254166534458 834.100821435373
0.0193166852321564 824.765994181553
0.0202595103888033 815.432341783486
0.0211603684757579 806.099570915924
0.0220244097960802 796.767478375622
0.0228558101956919 787.435918945215
0.0236580111703692 778.104786090503
0.024433888871261 768.773999886014
0.0251858761652033 759.443499196879
0.0259160527674408 750.113236463914
0.0266262130968825 740.783174133928
0.0273179182354077 731.453282160017
0.0279925363186732 722.123536215504
0.0286512743588843 712.79391639465
0.0292952036214784 703.464406252087
0.029925280083229 694.134992082262
0.0305423610890763 684.805662371712
0.0311472190368794 675.476407377687
0.0317405527136369 666.147218800361
0.0323229967577727 656.818089525256
0.0328951296127376 647.489013418944
0.0334574802559103 638.15998516558
0.0340105339256891 628.831000135079
0.0345547370232544 619.502054275989
0.0350905013298769 610.173144027844
0.0356182076530798 600.844266248975
0.0361382089934425 591.515418156697
0.0366508333068916 582.18659727746
0.0371563859238943 572.857801405081
0.0376551516762474 563.529028565571
0.0381473967735285 554.200276987373
0.0386333704643128 544.871545076062
0.0391133065115781 535.542831392744
0.0395874245070891 526.214134635549
0.0400559310457303 516.885453623693
0.0405190207776067 507.556787283728
0.0409768773531115 498.228134637609
0.0414296742739761 488.899494792334
0.0418775756614872 479.570866930889
0.0423207369515159 470.242250304343
0.0427593055247068 460.913644224893
0.043193421279068 451.585048059757
0.0436232171512701 442.256461225778
0.0440488195921603 432.927883184655
0.0444703490013122 423.599313438709
0.0448879201248435 414.270751527125
0.0453016424202274 404.942197022597
0.0457116203913837 395.61364952834
0.0461179538969564 386.285108675414
0.0465207384343543 376.956574120317
0.0469200654018452 367.628045542837
0.0473160223407384 358.299522644107
0.0477086931594764 348.971005144858
0.0480981583412598 339.642492783835
0.0484844951366591 330.313985316372
0.0488677777425221 320.985482513093
0.0492480774683475 311.656984158737
0.049625462891183 302.328490051087
0.05 293
