0 918.396174347678
0.000714285714285714 918.141072306861
0.00142857142857143 917.715902238834
0.00214285714285714 917.052636932711
0.00285714285714286 916.14155821551
0.00357142857142857 914.979426696235
0.00428571428571429 913.564769924436
0.005 911.896795042175
0.00571428571428571 909.975026334692
0.00642857142857143 907.799155986552
0.00714285714285714 905.368973387197
0.00785714285714286 902.684328100511
0.00857142857142857 899.745108934584
0.00928571428571429 896.551231383563
0.01 893.102629720676
0.0107142857142857 889.39925181779
0.0114285714285714 885.441055636092
0.0121428571428571 881.228006780186
0.0128571428571429 876.760076751031
0.0135714285714286 872.037241671053
0.0142857142857143 867.05948133615
0.015 861.826778498917
0.0157142857142857 856.339118318566
0.0164285714285714 850.596487933079
0.0171428571428571 844.598876122397
0.0178571428571429 838.346273040348
0.0185714285714286 831.838669999132
0.0192857142857143 825.076059294473
0.02 818.058434062562
0.0207142857142857 810.785788162097
0.0214285714285714 803.258116076313
0.0221428571428571 795.475412831081
0.0228571428571429 787.437673925995
0.0235714285714286 779.144895276074
0.0242857142857143 770.597073162154
0.025 761.794204188478
0.0257142857142857 752.736285246253
0.0264285714285714 743.423313482205
0.0271428571428571 733.855286271321
0.0278571428571429 724.032201193134
0.0285714285714286 713.95405601101
0.0292857142857143 703.620848653993
0.03 693.032577200833
0.0307142857142857 682.189239865899
0.0314285714285714 671.090834986705
0.0321428571428571 659.737361012845
0.0328571428571429 648.128816496137
0.0335714285714286 636.265200081829
0.0342857142857143 624.146510500732
0.035 611.772746562166
0.0357142857142857 599.143907147611
0.0364285714285714 586.259991204996
0.0371428571428571 573.120997743533
0.0378571428571429 559.726925829051
0.0385714285714286 546.077774579765
0.0392857142857143 532.173543162427
0.04 518.014230788827
0.0407142857142857 503.599836712612
0.0414285714285714 488.930360226364
0.0421428571428571 474.005800658946
0.0428571428571429 458.826157373059
0.0435714285714286 443.391429763006
0.0442857142857143 427.701617252635
0.045 411.75671929345
0.0457142857142857 395.556735362869
0.0464285714285714 379.101664962615
0.0471428571428571 362.391507617233
0.0478571428571429 345.426262872718
0.0485714285714286 328.205930295242
0.0492857142857143 310.730509469976
0.05 293
