0 918.00512288749
6.92520775623269e-05 918.002724962366
0.000138504155124654 917.998728420494
0.000207756232686981 917.992493815174
0.000277008310249308 917.983929796876
0.000346260387811634 917.973005915758
0.000415512465373961 917.959708330983
0.000484764542936288 917.944029589792
0.000554016620498615 917.92596522053
0.000623268698060942 917.905512329772
0.000692520775623269 917.882668937807
0.000761772853185596 917.857433630557
0.000831024930747923 917.829805362831
0.000900277008310249 917.799783340287
0.000969529085872576 917.767366945101
0.0010387811634349 917.732555687276
0.00110803324099723 917.695349171652
0.00117728531855956 917.655747074918
0.00124653739612188 917.613749129186
0.00131578947368421 917.569355110011
0.00138504155124654 917.522564827476
0.00145429362880886 917.473378119458
0.00152354570637119 917.421794846455
0.00159279778393352 917.367814887568
0.00166204986149585 917.311438137328
0.00173130193905817 917.252664503182
0.0018005540166205 917.191493903467
0.00186980609418283 917.127926265763
0.00193905817174515 917.061961525552
0.00200831024930748 916.993599625105
0.00207756232686981 916.922840512567
0.00214681440443213 916.849684141181
0.00221606648199446 916.774130468643
0.00228531855955679 916.696179456556
0.00235457063711911 916.61583106996
0.00242382271468144 916.533085276935
0.00249307479224377 916.447942048259
0.00256232686980609 916.360401357112
0.00263157894736842 916.270463178818
0.00270083102493075 916.178127490627
0.00277008310249307 916.083394271513
0.0028393351800554 915.98626350201
0.00290858725761773 915.886735164059
0.00297783933518006 915.784809240874
0.00304709141274238 915.68048571683
0.00311634349030471 915.573764577351
0.00318559556786704 915.464645808826
0.00325484764542936 915.35312939852
0.00332409972299169 915.239215334503
0.00339335180055402 915.122903605582
0.00346260387811634 915.004194201244
0.00353185595567867 914.883087111598
0.003601108033241 914.759582327333
0.00367036011080332 914.633679839666
0.00373961218836565 914.505379640309
0.00380886426592798 914.37468172143
0.0038781163434903 914.24158607562
0.00394736842105263 914.106092695863
0.00401662049861496 913.96820157551
0.00408587257617729 913.827912708251
0.00415512465373961 913.685226088096
0.00422437673130194 913.540141709352
0.00429362880886427 913.392659566603
0.00436288088642659 913.242779654693
0.00443213296398892 913.09050196871
0.00450138504155125 912.93582650397
0.00457063711911357 912.778753256005
0.0046398891966759 912.619282220546
0.00470914127423823 912.457413393515
0.00477839335180055 912.293146771014
0.00484764542936288 912.126482349312
0.00491689750692521 911.957420124835
0.00498614958448754 911.785960094163
0.00505540166204986 911.612102254014
0.00512465373961219 911.43584660124
0.00519390581717452 911.257193132823
0.00526315789473684 911.076141845861
0.00533240997229917 910.892692737568
0.0054016620498615 910.706845805267
0.00547091412742382 910.51860104638
0.00554016620498615 910.327958458428
0.00560941828254848 910.134918039026
0.0056786703601108 909.939479785875
0.00574792243767313 909.741643696759
0.00581717451523546 909.541409769543
0.00588642659279778 909.338778002167
0.00595567867036011 909.133748392644
0.00602493074792244 908.926320939055
0.00609418282548476 908.716495639547
0.00616343490304709 908.504272492332
0.00623268698060942 908.289651495678
0.00630193905817174 908.072632647913
0.00637119113573407 907.853215947419
0.0064404432132964 907.631401392631
0.00650969529085873 907.407188982033
0.00657894736842105 907.18057871416
0.00664819944598338 906.95157058759
0.00671745152354571 906.720164600945
0.00678670360110803 906.486360752893
0.00685595567867036 906.250159042139
0.00692520775623269 906.011559467428
0.00699445983379501 905.770562027544
0.00706371191135734 905.527166721305
0.00713296398891967 905.281373547564
0.007202216066482 905.033182505208
0.00727146814404432 904.782593593155
0.00734072022160665 904.529606810355
0.00740997229916898 904.274222155786
0.0074792243767313 904.016439628456
0.00754847645429363 903.7562592274
0.00761772853185596 903.493680951679
0.00768698060941828 903.228704800379
0.00775623268698061 902.961330772612
0.00782548476454294 902.691558867513
0.00789473684210526 902.41938908424
0.00796398891966759 902.144821421972
0.00803324099722992 901.867855879912
0.00810249307479224 901.58849245728
0.00817174515235457 901.306731153319
0.0082409972299169 901.022571967288
0.00831024930747922 900.736014898468
0.00837950138504155 900.447059946157
0.00844875346260388 900.155707109667
0.00851800554016621 899.861956388332
0.00858725761772853 899.565807781499
0.00865650969529086 899.267261288532
0.00872576177285319 898.966316908808
0.00879501385041551 898.662974641721
0.00886426592797784 898.35723448668
0.00893351800554017 898.049096443106
0.00900277008310249 897.738560510433
0.00907202216066482 897.42562668811
0.00914127423822715 897.110294975596
0.00921052631578947 896.792565372365
0.0092797783933518 896.472437877901
0.00934903047091413 896.149912491701
0.00941828254847646 895.82498921327
0.00948753462603878 895.497668042128
0.00955678670360111 895.167948977803
0.00962603878116344 894.835832019834
0.00969529085872576 894.50131716777
0.00976454293628809 894.164404421168
0.00983379501385042 893.825093779597
0.00990304709141274 893.483385242634
0.00997229916897507 893.139278809863
0.0100415512465374 892.79277448088
0.0101108033240997 892.443872255287
0.0101800554016621 892.092572132694
0.0102493074792244 891.738874112721
0.0103185595567867 891.382778194993
0.010387811634349 891.024284379144
0.0104570637119114 890.663392664816
0.0105263157894737 890.300103051656
0.010595567867036 889.934415539321
0.0106648199445983 889.566330127471
0.0107340720221607 889.195846815776
0.010803324099723 888.82296560391
0.0108725761772853 888.447686491555
0.0109418282548476 888.070009478397
0.01101108033241 887.68993456413
0.0110803324099723 887.307461748453
0.0111495844875346 886.92259103107
0.011218836565097 886.535322411691
0.0112880886426593 886.145655890031
0.0113573407202216 885.753591465811
0.0114265927977839 885.359129138757
0.0114958448753463 884.962268908599
0.0115650969529086 884.563010775073
0.0116343490304709 884.161354737919
0.0117036011080332 883.757300796883
0.0117728531855956 883.350848951713
0.0118421052631579 882.941999202162
0.0119113573407202 882.53075154799
0.0119806094182825 882.117105988958
0.0120498614958449 881.701062524834
0.0121191135734072 881.282621155386
0.0121883656509695 880.861781880391
0.0122576177285319 880.438544699626
0.0123268698060942 880.012909612872
0.0123961218836565 879.584876619916
0.0124653739612188 879.154445720547
0.0125346260387812 878.721616914557
0.0126038781163435 878.286390201742
0.0126731301939058 877.848765581903
0.0127423822714681 877.408743054841
0.0128116343490305 876.966322620362
0.0128808864265928 876.521504278276
0.0129501385041551 876.074288028395
0.0130193905817175 875.624673870535
0.0130886426592798 875.172661804512
0.0131578947368421 874.718251830149
0.0132271468144044 874.261443947268
0.0132963988919668 873.802238155697
0.0133656509695291 873.340634455264
0.0134349030470914 872.876632845802
0.0135041551246537 872.410233327145
0.0135734072022161 871.941435899131
0.0136426592797784 871.470240561598
0.0137119113573407 870.996647314388
0.013781163434903 870.520656157347
0.0138504155124654 870.042267090321
0.0139196675900277 869.561480113158
0.01398891966759 869.078295225711
0.0140581717451524 868.592712427832
0.0141274238227147 868.104731719377
0.014196675900277 867.614353100203
0.0142659279778393 867.121576570172
0.0143351800554017 866.626402129143
0.014404432132964 866.128829776982
0.0144736842105263 865.628859513555
0.0145429362880886 865.126491338728
0.014612188365651 864.621725252371
0.0146814404432133 864.114561254356
0.0147506925207756 863.604999344557
0.014819944598338 863.093039522847
0.0148891966759003 862.578681789105
0.0149584487534626 862.061926143208
0.0150277008310249 861.542772585036
0.0150969529085873 861.021221114472
0.0151662049861496 860.497271731399
0.0152354570637119 859.970924435702
0.0153047091412742 859.442179227268
0.0153739612188366 858.911036105984
0.0154432132963989 858.377495071741
0.0155124653739612 857.84155612443
0.0155817174515235 857.303219263943
0.0156509695290859 856.762484490174
0.0157202216066482 856.219351803018
0.0157894736842105 855.673821202374
0.0158587257617729 855.125892688138
0.0159279778393352 854.57556626021
0.0159972299168975 854.022841918491
0.0160664819944598 853.467719662883
0.0161357340720222 852.91019949329
0.0162049861495845 852.350281409616
0.0162742382271468 851.787965411766
0.0163434903047091 851.223251499649
0.0164127423822715 850.656139673172
0.0164819944598338 850.086629932244
0.0165512465373961 849.514722276776
0.0166204986149584 848.940416706679
0.0166897506925208 848.363713221867
0.0167590027700831 847.784611822254
0.0168282548476454 847.203112507753
0.0168975069252078 846.619215278281
0.0169667590027701 846.032920133755
0.0170360110803324 845.444227074092
0.0171052631578947 844.853136099213
0.0171745152354571 844.259647209036
0.0172437673130194 843.663760403483
0.0173130193905817 843.065475682476
0.017382271468144 842.464793045937
0.0174515235457064 841.861712493789
0.0175207756232687 841.256234025959
0.017590027700831 840.64835764237
0.0176592797783934 840.03808334295
0.0177285318559557 839.425411127626
0.017797783933518 838.810340996327
0.0178670360110803 838.19287294898
0.0179362880886427 837.573006985516
0.018005540166205 836.950743105866
0.0180747922437673 836.32608130996
0.0181440443213296 835.699021597731
0.018213296398892 835.069563969113
0.0182825484764543 834.437708424038
0.0183518005540166 833.803454962441
0.0184210526315789 833.166803584257
0.0184903047091413 832.527754289423
0.0185595567867036 831.886307077875
0.0186288088642659 831.24246194955
0.0186980609418283 830.596218904386
0.0187673130193906 829.947577942322
0.0188365650969529 829.296539063298
0.0189058171745152 828.643102267254
0.0189750692520776 827.987267554129
0.0190443213296399 827.329034923867
0.0191135734072022 826.668404376408
0.0191828254847645 826.005375911696
0.0192520775623269 825.339949529673
0.0193213296398892 824.672125230284
0.0193905817174515 824.001903013474
0.0194598337950139 823.329282879186
0.0195290858725762 822.654264827368
0.0195983379501385 821.976848857965
0.0196675900277008 821.297034970923
0.0197368421052632 820.614823166191
0.0198060941828255 819.930213443716
0.0198753462603878 819.243205803447
0.0199445983379501 818.553800245333
0.0200138504155125 817.861996769323
0.0200831024930748 817.167795375367
0.0201523545706371 816.471196063416
0.0202216066481994 815.772198833421
0.0202908587257618 815.070803685334
0.0203601108033241 814.367010619106
0.0204293628808864 813.660819634691
0.0204986149584488 812.95223073204
0.0205678670360111 812.241243911109
0.0206371191135734 811.52785917185
0.0207063711911357 810.812076514219
0.0207756232686981 810.09389593817
0.0208448753462604 809.373317443659
0.0209141274238227 808.650341030641
0.020983379501385 807.924966699072
0.0210526315789474 807.19719444891
0.0211218836565097 806.467024280111
0.021191135734072 805.734456192634
0.0212603878116343 804.999490186435
0.0213296398891967 804.262126261474
0.021398891966759 803.522364417708
0.0214681440443213 802.780204655098
0.0215373961218837 802.035646973603
0.021606648199446 801.288691373182
0.0216759002770083 800.539337853796
0.0217451523545706 799.787586415406
0.021814404432133 799.033437057972
0.0218836565096953 798.276889781457
0.0219529085872576 797.517944585822
0.0220221606648199 796.75660147103
0.0220914127423823 795.992860437042
0.0221606648199446 795.226721483822
0.0222299168975069 794.458184611333
0.0222991689750693 793.687249819539
0.0223684210526316 792.913917108403
0.0224376731301939 792.13818647789
0.0225069252077562 791.360057927965
0.0225761772853186 790.579531458591
0.0226454293628809 789.796607069735
0.0227146814404432 789.011284761362
0.0227839335180055 788.223564533438
0.0228531855955679 787.433446385929
0.0229224376731302 786.640930318802
0.0229916897506925 785.846016332023
0.0230609418282548 785.04870442556
0.0231301939058172 784.248994599379
0.0231994459833795 783.446886853448
0.0232686980609418 782.642381187736
0.0233379501385042 781.835477602211
0.0234072022160665 781.026176096841
0.0234764542936288 780.214476671595
0.0235457063711911 779.400379326442
0.0236149584487535 778.583884061352
0.0236842105263158 777.764990876293
0.0237534626038781 776.943699771238
0.0238227146814404 776.120010746154
0.0238919667590028 775.293923801013
0.0239612188365651 774.465438935785
0.0240304709141274 773.634556150442
0.0240997229916898 772.801275444953
0.0241689750692521 771.965596819292
0.0242382271468144 771.12752027343
0.0243074792243767 770.287045807338
0.0243767313019391 769.444173420988
0.0244459833795014 768.598903114354
0.0245152354570637 767.751234887407
0.024584487534626 766.901168740121
0.0246537396121884 766.048704672468
0.0247229916897507 765.193842684423
0.024792243767313 764.336582775958
0.0248614958448753 763.476924947047
0.0249307479224377 762.614869197664
0.025 761.750415527784
0.0250692520775623 760.88356393738
0.0251385041551247 760.014314426428
0.025207756232687 759.142666994902
0.0252770083102493 758.268621642777
0.0253462603878116 757.392178370029
0.025415512465374 756.513337176632
0.0254847645429363 755.632098062563
0.0255540166204986 754.748461027797
0.0256232686980609 753.862426072311
0.0256925207756233 752.973993196081
0.0257617728531856 752.083162399083
0.0258310249307479 751.189933681293
0.0259002770083103 750.294307042689
0.0259695290858726 749.396282483247
0.0260387811634349 748.495860002945
0.0261080332409972 747.59303960176
0.0261772853185596 746.68782127967
0.0262465373961219 745.780205036652
0.0263157894736842 744.870190872684
0.0263850415512465 743.957778787744
0.0264542936288089 743.042968781811
0.0265235457063712 742.125760854862
0.0265927977839335 741.206155006877
0.0266620498614958 740.284151237835
0.0267313019390582 739.359749547713
0.0268005540166205 738.432949936491
0.0268698060941828 737.503752404149
0.0269390581717452 736.572156950666
0.0270083102493075 735.63816357602
0.0270775623268698 734.701772280193
0.0271468144044321 733.762983063164
0.0272160664819945 732.821795924912
0.0272853185595568 731.878210865419
0.0273545706371191 730.932227884663
0.0274238227146814 729.983846982627
0.0274930747922438 729.03306815929
0.0275623268698061 728.079891414634
0.0276315789473684 727.124316748638
0.0277008310249308 726.166344161285
0.0277700831024931 725.205973652555
0.0278393351800554 724.24320522243
0.0279085872576177 723.278038870891
0.0279778393351801 722.31047459792
0.0280470914127424 721.340512403498
0.0281163434903047 720.368152287608
0.028185595567867 719.393394250231
0.0282548476454294 718.41623829135
0.0283240997229917 717.436684410946
0.028393351800554 716.454732609003
0.0284626038781163 715.470382885503
0.0285318559556787 714.483635240429
0.028601108033241 713.494489673762
0.0286703601108033 712.502946185487
0.0287396121883657 711.509004775587
0.028808864265928 710.512665444043
0.0288781163434903 709.513928190841
0.0289473684210526 708.512793015962
0.029016620498615 707.509259919391
0.0290858725761773 706.503328901112
0.0291551246537396 705.494999961108
0.0292243767313019 704.484273099362
0.0292936288088643 703.47114831586
0.0293628808864266 702.455625610584
0.0294321329639889 701.43770498352
0.0295013850415513 700.417386434652
0.0295706371191136 699.394669963963
0.0296398891966759 698.369555571439
0.0297091412742382 697.342043257064
0.0297783933518006 696.312133020823
0.0298476454293629 695.279824862701
0.0299168975069252 694.245118782683
0.0299861495844875 693.208014780754
0.0300554016620499 692.168512856898
0.0301246537396122 691.126613011102
0.0301939058171745 690.082315243351
0.0302631578947368 689.035619553631
0.0303324099722992 687.986525941926
0.0304016620498615 686.935034408222
0.0304709141274238 685.881144952506
0.0305401662049862 684.824857574763
0.0306094182825485 683.766172274979
0.0306786703601108 682.70508905314
0.0307479224376731 681.641607909232
0.0308171745152355 680.575728843242
0.0308864265927978 679.507451855156
0.0309556786703601 678.436776944961
0.0310249307479224 677.363704112642
0.0310941828254848 676.288233358188
0.0311634349030471 675.210364681583
0.0312326869806094 674.130098082816
0.0313019390581717 673.047433561872
0.0313711911357341 671.96237111874
0.0314404432132964 670.874910753406
0.0315096952908587 669.785052465856
0.0315789473684211 668.692796256079
0.0316481994459834 667.598142124062
0.0317174515235457 666.501090069791
0.031786703601108 665.401640093256
0.0318559556786704 664.299792194442
0.0319252077562327 663.195546373338
0.031994459833795 662.088902629931
0.0320637119113573 660.97986096421
0.0321329639889197 659.868421376161
0.032202216066482 658.754583865774
0.0322714681440443 657.638348433036
0.0323407202216067 656.519715077935
0.032409972299169 655.39868380046
0.0324792243767313 654.275254600598
0.0325484764542936 653.149427478338
0.032617728531856 652.021202433669
0.0326869806094183 650.890579466579
0.0327562326869806 649.757558577056
0.0328254847645429 648.62213976509
0.0328947368421053 647.484323030668
0.0329639889196676 646.34410837378
0.0330332409972299 645.201495794415
0.0331024930747922 644.056485292561
0.0331717451523546 642.909076868207
0.0332409972299169 641.759270521343
0.0333102493074792 640.607066251957
0.0333795013850416 639.452464060039
0.0334487534626039 638.295463945578
0.0335180055401662 637.136065908564
0.0335872576177285 635.974269948985
0.0336565096952909 634.810076066831
0.0337257617728532 633.643484262092
0.0337950138504155 632.474494534757
0.0338642659279778 631.303106884817
0.0339335180055402 630.12932131226
0.0340027700831025 628.953137817076
0.0340720221606648 627.774556399256
0.0341412742382272 626.593577058789
0.0342105263157895 625.410199795666
0.0342797783933518 624.224424609875
0.0343490304709141 623.036251501408
0.0344182825484765 621.845680470254
0.0344875346260388 620.652711516403
0.0345567867036011 619.457344639847
0.0346260387811634 618.259579840574
0.0346952908587258 617.059417118576
0.0347645429362881 615.856856473844
0.0348337950138504 614.651897906366
0.0349030470914127 613.444541416134
0.0349722991689751 612.23478700314
0.0350415512465374 611.022634667372
0.0351108033240997 609.808084408822
0.0351800554016621 608.591136227481
0.0352493074792244 607.37179012334
0.0353185595567867 606.150046096389
0.035387811634349 604.925904146619
0.0354570637119114 603.699364274022
0.0355263157894737 602.470426478589
0.035595567867036 601.23909076031
0.0356648199445983 600.005357119176
0.0357340720221607 598.76922555518
0.035803324099723 597.530696068311
0.0358725761772853 596.289768658562
0.0359418282548476 595.046443325924
0.03601108033241 593.800720070388
0.0360803324099723 592.552598891946
0.0361495844875346 591.302079790589
0.036218836565097 590.049162766308
0.0362880886426593 588.793847819096
0.0363573407202216 587.536134948944
0.0364265927977839 586.276024155843
0.0364958448753463 585.013515439786
0.0365650969529086 583.748608800763
0.0366343490304709 582.481304238768
0.0367036011080332 581.211601753792
0.0367728531855956 579.939501345826
0.0368421052631579 578.665003014863
0.0369113573407202 577.388106760895
0.0369806094182826 576.108812583913
0.0370498614958449 574.827120483911
0.0371191135734072 573.543030460879
0.0371883656509695 572.256542514811
0.0372576177285319 570.967656645698
0.0373268698060942 569.676372853533
0.0373961218836565 568.382691138308
0.0374653739612188 567.086611500016
0.0375346260387812 565.788133938648
0.0376038781163435 564.487258454198
0.0376731301939058 563.183985046658
0.0377423822714681 561.87831371602
0.0378116343490305 560.570244462277
0.0378808864265928 559.259777285421
0.0379501385041551 557.946912185446
0.0380193905817175 556.631649162343
0.0380886426592798 555.313988216106
0.0381578947368421 553.993929346728
0.0382271468144044 552.671472554201
0.0382963988919668 551.346617838518
0.0383656509695291 550.019365199672
0.0384349030470914 548.689714637656
0.0385041551246537 547.357666152462
0.0385734072022161 546.023219744085
0.0386426592797784 544.686375412517
0.0387119113573407 543.34713315775
0.0387811634349031 542.005492979779
0.0388504155124654 540.661454878596
0.0389196675900277 539.315018854195
0.03898891966759 537.966184906568
0.0390581717451524 536.614953035708
0.0391274238227147 535.261323241611
0.039196675900277 533.905295524267
0.0392659279778393 532.546869883672
0.0393351800554017 531.186046319818
0.039404432132964 529.822824832699
0.0394736842105263 528.457205422308
0.0395429362880886 527.089188088639
0.039612188365651 525.718772831686
0.0396814404432133 524.345959651441
0.0397506925207756 522.970748547899
0.039819944598338 521.593139521053
0.0398891966759003 520.213132570896
0.0399584487534626 518.830727697424
0.0400277008310249 517.445924900628
0.0400969529085873 516.058724180504
0.0401662049861496 514.669125537044
0.0402354570637119 513.277128970243
0.0403047091412742 511.882734480094
0.0403739612188366 510.485942066592
0.0404432132963989 509.08675172973
0.0405124653739612 507.685163469503
0.0405817174515236 506.281177285904
0.0406509695290859 504.874793178928
0.0407202216066482 503.466011148568
0.0407894736842105 502.054831194818
0.0408587257617729 500.641253317673
0.0409279778393352 499.225277517127
0.0409972299168975 497.806903793174
0.0410664819944598 496.386132145808
0.0411357340720222 494.962962575023
0.0412049861495845 493.537395080814
0.0412742382271468 492.109429663175
0.0413434903047091 490.679066322101
0.0414127423822715 489.246305057585
0.0414819944598338 487.811145869622
0.0415512465373961 486.373588758207
0.0416204986149585 484.933633723333
0.0416897506925208 483.491280764996
0.0417590027700831 482.04652988319
0.0418282548476454 480.599381077908
0.0418975069252078 479.149834349147
0.0419667590027701 477.6978896969
0.0420360110803324 476.243547121163
0.0421052631578947 474.786806621929
0.0421745152354571 473.327668199193
0.0422437673130194 471.86613185295
0.0423130193905817 470.402197583195
0.0423822714681441 468.935865389923
0.0424515235457064 467.467135273128
0.0425207756232687 465.996007232805
0.042590027700831 464.522481268948
0.0426592797783934 463.046557381553
0.0427285318559557 461.568235570615
0.042797783933518 460.087515836128
0.0428670360110803 458.604398178087
0.0429362880886427 457.118882596488
0.043005540166205 455.630969091324
0.0430747922437673 454.140657662592
0.0431440443213296 452.647948310286
0.043213296398892 451.152841034401
0.0432825484764543 449.655335834933
0.0433518005540166 448.155432711875
0.043421052631579 446.653131665225
0.0434903047091413 445.148432694975
0.0435595567867036 443.641335801123
0.0436288088642659 442.131840983663
0.0436980609418283 440.619948242589
0.0437673130193906 439.105657577898
0.0438365650969529 437.588968989584
0.0439058171745152 436.069882477643
0.0439750692520776 434.54839804207
0.0440443213296399 433.024515682861
0.0441135734072022 431.49823540001
0.0441828254847645 429.969557193514
0.0442520775623269 428.438481063367
0.0443213296398892 426.905007009564
0.0443905817174515 425.369135032102
0.0444598337950139 423.830865130976
0.0445290858725762 422.29019730618
0.0445983379501385 420.747131557711
0.0446675900277008 419.201667885565
0.0447368421052632 417.653806289736
0.0448060941828255 416.10354677022
0.0448753462603878 414.550889327013
0.0449445983379501 412.99583396011
0.0450138504155125 411.438380669507
0.0450831024930748 409.8785294552
0.0451523545706371 408.316280317184
0.0452216066481994 406.751633255455
0.0452908587257618 405.184588270008
0.0453601108033241 403.615145360839
0.0454293628808864 402.043304527945
0.0454986149584488 400.469065771319
0.0455678670360111 398.89242909096
0.0456371191135734 397.313394486862
0.0457063711911357 395.73196195902
0.0457756232686981 394.148131507432
0.0458448753462604 392.561903132093
0.0459141274238227 390.973276832998
0.045983379501385 389.382252610143
0.0460526315789474 387.788830463525
0.0461218836565097 386.193010393139
0.046191135734072 384.594792398982
0.0462603878116344 382.994176481048
0.0463296398891967 381.391162639335
0.046398891966759 379.785750873838
0.0464681440443213 378.177941184552
0.0465373961218837 376.567733571476
0.046606648199446 374.955128034603
0.0466759002770083 373.34012457393
0.0467451523545706 371.722723189454
0.046814404432133 370.10292388117
0.0468836565096953 368.480726649075
0.0469529085872576 366.856131493164
0.0470221606648199 365.229138413434
0.0470914127423823 363.599747409881
0.0471606648199446 361.967958482501
0.0472299168975069 360.333771631291
0.0472991689750693 358.697186856246
0.0473684210526316 357.058204157363
0.0474376731301939 355.416823534637
0.0475069252077562 353.773044988066
0.0475761772853186 352.126868517646
0.0476454293628809 350.478294123373
0.0477146814404432 348.827321805242
0.0477839335180055 347.173951563251
0.0478531855955679 345.518183397396
0.0479224376731302 343.860017307673
0.0479916897506925 342.199453294079
0.0480609418282548 340.53649135661
0.0481301939058172 338.871131495262
0.0481994459833795 337.203373710031
0.0482686980609418 335.533218000915
0.0483379501385042 333.86066436791
0.0484072022160665 332.185712811011
0.0484764542936288 330.508363330216
0.0485457063711911 328.828615925521
0.0486149584487535 327.146470596923
0.0486842105263158 325.461927344418
0.0487534626038781 323.774986168003
0.0488227146814404 322.085647067673
0.0488919667590028 320.393910043427
0.0489612188365651 318.69977509526
0.0490304709141274 317.003242223169
0.0490997229916897 315.304311427151
0.0491689750692521 313.602982707201
0.0492382271468144 311.899256063318
0.0493074792243767 310.193131495497
0.0493767313019391 308.484609003735
0.0494459833795014 306.773688588029
0.0495152354570637 305.060370248376
0.049584487534626 303.344653984772
0.0496537396121884 301.626539797214
0.0497229916897507 299.906027685698
0.049792243767313 298.183117650222
0.0498614958448753 296.457809690783
0.0499307479224377 294.730103807376
0.05 293
