3.30687830687831e-05 0.0330687830691841
9.92063492063492e-05 0.0551146384497861
0.000165343915343915 0.0859788359836603
0.000231481481481481 0.118102796678113
0.000297619047619048 0.150646678426092
0.000363756613756614 0.183381433381
0.00042989417989418 0.216218966219076
0.000496031746031746 0.249118165785676
0.000562169312169312 0.282057267347727
0.000628306878306878 0.315023670283863
0.000694444444444444 0.348009574195348
0.000760582010582011 0.38100989187481
0.000826719576719577 0.414021164017658
0.000892857142857143 0.447040956295259
0.000958994708994709 0.480067505924372
0.00102513227513228 0.513099505030231
0.00109126984126984 0.546135962794043
0.00115740740740741 0.579176114883475
0.00122354497354497 0.612219362215265
0.00128968253968254 0.645265228595236
0.00135582010582011 0.678313330748505
0.00142195767195767 0.71136335670547
0.00148809523809524 0.744415049966873
0.0015542328042328 0.77746819768092
0.00162037037037037 0.810522621744277
0.00168650793650794 0.84357817200538
0.0017526455026455 0.876634720971807
0.00181878306878307 0.909692159689938
0.00188492063492063 0.942750394504784
0.0019510582010582 0.97580934445403
0.00201719576719577 1.00886893919845
0.00208333333333333 1.04192911732872
0.0021494708994709 1.07498982499033
0.00221560846560847 1.1080510147713
0.00228174603174603 1.14111264473799
0.0023478835978836 1.17417467769929
0.00241402116402116 1.20723708052771
0.00248015873015873 1.24029982363848
0.0025462962962963 1.27336288051343
0.00261243386243386 1.30642622731768
0.00267857142857143 1.33948984258159
0.002744708994709 1.3725537068983
0.00281084656084656 1.40561780268297
0.00287698412698413 1.4386821139735
0.00294312169312169 1.47174662624823
0.00300925925925926 1.50481132624894
0.00307539682539683 1.53787620186396
0.00314153439153439 1.57094124200091
0.00320767195767196 1.60400643649225
0.00327380952380952 1.63707177596972
0.00333994708994709 1.67013725182827
0.00340608465608466 1.70320285612126
0.00347222222222222 1.73626858151048
0.00353835978835979 1.7693344212061
0.00360449735449735 1.80240036891506
0.00367063492063492 1.83546641880154
0.00373677248677249 1.86853256543887
0.00380291005291005 1.90159880377502
0.00386904761904762 1.93466512911213
0.00393518518518518 1.96773153706346
0.00400132275132275 2.00079802352587
0.00406746031746032 2.03386458468163
0.00413359788359788 2.06693121693806
0.00419973544973545 2.09999791693643
0.00426587301587302 2.13306468152417
0.00433201058201058 2.16613150774636
0.00439814814814815 2.1991983928184
0.00446428571428571 2.23226533412567
0.00453042328042328 2.26533232920844
0.00459656084656085 2.29839937574614
0.00466269841269841 2.33146647154703
0.00472883597883598 2.36453361454845
0.00479497354497354 2.3976008027891
0.00486111111111111 2.43066803442446
0.00492724867724868 2.46373530770648
0.00499338624338624 2.49680262098828
0.00505952380952381 2.52986997269369
0.00512566137566138 2.56293736133583
0.00519179894179894 2.59600478550849
0.00525793650793651 2.62907224386244
0.00532407407407407 2.6621397351324
0.00539021164021164 2.6952072581049
0.00545634920634921 2.72827481161792
0.00552248677248677 2.761342394585
0.00558862433862434 2.79441000595772
0.0056547619047619 2.82747764473722
0.00572089947089947 2.86054530997476
0.00578703703703704 2.89361300076274
0.0058531746031746 2.92668071623297
0.00591931216931217 2.95974845556224
0.00598544973544974 2.99281621795451
0.0060515873015873 3.02588400266216
0.00611772486772487 3.05895180895121
0.00618386243386243 3.09201963613568
0.00625 3.12508748355044
0.00631613756613757 3.15815535056123
0.00638227513227513 3.19122323655595
0.0064484126984127 3.22429114095207
0.00651455026455026 3.25735906319415
0.00658068783068783 3.29042700273762
0.0066468253968254 3.32349495906633
0.00671296296296296 3.35656293168226
0.00677910052910053 3.38963092011752
0.0068452380952381 3.42269892390475
0.00691137566137566 3.45576694260547
0.00697751322751323 3.48883497579698
0.00704365079365079 3.52190302307516
0.00710978835978836 3.55497108404138
0.00717592592592593 3.58803915831726
0.00724206349206349 3.62110724554046
0.00730820105820106 3.65417534535638
0.00737433862433863 3.68724345742689
0.00744047619047619 3.72031158142845
0.00750661375661376 3.7533797170433
0.00757275132275132 3.78644786396699
0.00763888888888889 3.81951602190407
0.00770502645502646 3.85258419057241
0.00777116402116402 3.88565236970236
0.00783730158730159 3.9187205590255
0.00790343915343915 3.95178875828267
0.00796957671957672 3.98485696723272
0.00803571428571428 4.01792518563192
0.00810185185185185 4.05099341325153
0.00816798941798942 4.08406164986477
0.00823412698412698 4.11712989525807
0.00830026455026455 4.15019814922073
0.00836640211640212 4.18326641154573
0.00843253968253968 4.21633468204271
0.00849867724867725 4.24940296051731
0.00856481481481482 4.28247124678057
0.00863095238095238 4.31553954065852
0.00869708994708995 4.34860784197447
0.00876322751322751 4.38167615056155
0.00882936507936508 4.41474446626174
0.00889550264550265 4.44781278891128
0.00896164021164021 4.48088111835627
0.00902777777777778 4.51394945445151
0.00909391534391535 4.5470177970462
0.00916005291005291 4.58008614599754
0.00922619047619048 4.61315450117159
0.00929232804232804 4.64622286244078
0.00935846560846561 4.67929122966966
0.00942460317460318 4.71235960273437
0.00949074074074074 4.74542798151285
0.00955687830687831 4.7784963658865
0.00962301587301587 4.81156475574198
0.00968915343915344 4.84463315096377
0.00975529100529101 4.87770155144908
0.00982142857142857 4.91076995708264
0.00988756613756614 4.94383836776659
0.0099537037037037 4.97690678339899
0.0100198412698413 5.00997520388277
0.0100859788359788 5.04304362911905
0.0101521164021164 5.07611205901895
0.010218253968254 5.10918049349469
0.0102843915343915 5.14224893245185
0.0103505291005291 5.1753173758058
0.0104166666666667 5.20838582347272
0.0104828042328042 5.24145427536824
0.0105489417989418 5.27452273142891
0.0106150793650794 5.30759119155962
0.0106812169312169 5.340659655684
0.0107473544973545 5.37372812373403
0.0108134920634921 5.40679659564151
0.0108796296296296 5.43986507133067
0.0109457671957672 5.47293355073805
0.0110119047619048 5.50600203378759
0.0110780423280423 5.53907052042471
0.0111441798941799 5.57213901057192
0.0112103174603175 5.60520750417951
0.011276455026455 5.63827600117985
0.0113425925925926 5.67134450151898
0.0114087301587302 5.70441300513741
0.0114748677248677 5.73748151198073
0.0115410052910053 5.77055002198691
0.0116071428571429 5.80361853510109
0.0116732804232804 5.83668705127985
0.011739417989418 5.86975557046004
0.0118055555555556 5.90282409259853
0.0118716931216931 5.93589261764391
0.0119378306878307 5.96896114555259
0.0120039682539683 6.00202967626893
0.0120701058201058 6.03509820975574
0.0121362433862434 6.06816674595864
0.012202380952381 6.10123528484309
0.0122685185185185 6.13430382635254
0.0123346560846561 6.1673723704607
0.0124007936507937 6.20044091710791
0.0124669312169312 6.23350946626822
0.0125330687830688 6.26657801789693
0.0125992063492063 6.29964657195623
0.0126653439153439 6.33271512840503
0.0127314814814815 6.36578368721189
0.012797619047619 6.39885224833434
0.0128637566137566 6.43192081174109
0.0129298941798942 6.46498937739346
0.0129960317460317 6.49805794525727
0.0130621693121693 6.53112651530259
0.0131283068783069 6.56419508749349
0.0131944444444444 6.59726366179715
0.013260582010582 6.63033223818847
0.0133267195767196 6.66340081662774
0.0133928571428571 6.69646939709175
0.0134589947089947 6.72953797954132
0.0135251322751323 6.76260656395702
0.0135912698412698 6.79567515030326
0.0136574074074074 6.8287437385541
0.013723544973545 6.86181232868392
0.0137896825396825 6.89488092066468
0.0138558201058201 6.92794951447115
0.0139219576719577 6.96101811007563
0.0139880952380952 6.99408670744909
0.0140542328042328 7.02715530657207
0.0141203703703704 7.06022390741761
0.0141865079365079 7.09329250996473
0.0142526455026455 7.12636111418856
0.0143187830687831 7.15942972005992
0.0143849206349206 7.19249832756104
0.0144510582010582 7.22556693666974
0.0145171957671958 7.2586355473635
0.0145833333333333 7.29170415962227
0.0146494708994709 7.32477277342713
0.0147156084656085 7.35784138874963
0.014781746031746 7.39091000556952
0.0148478835978836 7.42397862387248
0.0149140211640212 7.45704724363673
0.0149801587301587 7.4901158648449
0.0150462962962963 7.52318448747655
0.0151124338624339 7.55625311151047
0.0151785714285714 7.58932173693349
0.015244708994709 7.62239036372479
0.0153108465608466 7.65545899186394
0.0153769841269841 7.68852762133487
0.0154431216931217 7.72159625211928
0.0155092592592593 7.75466488420645
0.0155753968253968 7.78773351757677
0.0156415343915344 7.8208021522112
0.015707671957672 7.8538707880938
0.0157738095238095 7.88693942521293
0.0158399470899471 7.92000806355039
0.0159060846560847 7.95307670309069
0.0159722222222222 7.98614534382133
0.0160383597883598 8.01921398572346
0.0161044973544974 8.05228262878671
0.0161706349206349 8.0853512729978
0.0162367724867725 8.11841991833609
0.0163029100529101 8.15148856479041
0.0163690476190476 8.18455721235086
0.0164351851851852 8.21762586100284
0.0165013227513228 8.25069451073346
0.0165674603174603 8.2837631615251
0.0166335978835979 8.31683181336831
0.0166997354497355 8.34990046625448
0.016765873015873 8.38296912016257
0.0168320105820106 8.41603777509256
0.0168981481481481 8.44910643102558
0.0169642857142857 8.48217508794483
0.0170304232804233 8.51524374584515
0.0170965608465608 8.54831240471757
0.0171626984126984 8.58138106454527
0.017228835978836 8.61444972532139
0.0172949735449735 8.64751838702663
0.0173611111111111 8.6805870496592
0.0174272486772487 8.71365571320372
0.0174933862433862 8.74672437765367
0.0175595238095238 8.779793042997
0.0176256613756614 8.81286170922606
0.0176917989417989 8.84593037632755
0.0177579365079365 8.87899904429353
0.0178240740740741 8.91206771310959
0.0178902116402116 8.94513638277013
0.0179563492063492 8.97820505326561
0.0180224867724868 9.01127372459258
0.0180886243386243 9.044342396737
0.0181547619047619 9.0774110696901
0.0182208994708995 9.11047974344345
0.018287037037037 9.14354841798532
0.0183531746031746 9.17661709331055
0.0184193121693122 9.20968576940512
0.0184854497354497 9.24275444626585
0.0185515873015873 9.27582312388243
0.0186177248677249 9.30889180224944
0.0186838624338624 9.34196048135978
0.01875 9.37502916119993
0.0188161375661376 9.40809784176965
0.0188822751322751 9.44116652305373
0.0189484126984127 9.47423520505188
0.0190145502645503 9.50730388775237
0.0190806878306878 9.54037257114509
0.0191468253968254 9.57344125523004
0.019212962962963 9.60650993999499
0.0192791005291005 9.63957862543497
0.0193452380952381 9.67264731154312
0.0194113756613757 9.70571599831579
0.0194775132275132 9.73878468574065
0.0195436507936508 9.77185337381113
0.0196097883597884 9.80492206252055
0.0196759259259259 9.83799075186375
0.0197420634920635 9.87105944183659
0.0198082010582011 9.90412813243788
0.0198743386243386 9.93719682364904
0.0199404761904762 9.97026551546803
0.0200066137566138 10.0033342078892
0.0200727513227513 10.0364029009131
0.0201388888888889 10.0694715945245
0.0202050264550265 10.1025402887213
0.020271164021164 10.1356089835015
0.0203373015873016 10.1686776788517
0.0204034391534392 10.2017463747756
0.0204695767195767 10.2348150712592
0.0205357142857143 10.2678837683026
0.0206018518518519 10.3009524659007
0.0206679894179894 10.3340211640346
0.020734126984127 10.3670898627178
0.0208002645502646 10.4001585619398
0.0208664021164021 10.433227261694
0.0209325396825397 10.4662959619719
0.0209986772486772 10.4993646627718
0.0210648148148148 10.5324333640845
0.0211309523809524 10.5655020659089
0.0211970899470899 10.5985707682433
0.0212632275132275 10.631639471079
0.0213293650793651 10.6647081744103
0.0213955026455026 10.6977768782327
0.0214616402116402 10.7308455825513
0.0215277777777778 10.7639142873489
0.0215939153439153 10.7969829926301
0.0216600529100529 10.8300516983834
0.0217261904761905 10.8631204046054
0.021792328042328 10.8961891112962
0.0218584656084656 10.9292578184487
0.0219246031746032 10.9623265260614
0.0219907407407407 10.9953952341238
0.0220568783068783 11.0284639426412
0.0221230158730159 11.0615326516009
0.0221891534391534 11.0946013610019
0.022255291005291 11.1276700708457
0.0223214285714286 11.160738781117
0.0223875661375661 11.1938074918255
0.0224537037037037 11.2268762029546
0.0225198412698413 11.2599449145041
0.0225859788359788 11.293013626476
0.0226521164021164 11.3260823388645
0.022718253968254 11.3591510516615
0.0227843915343915 11.3922197648687
0.0228505291005291 11.4252884784845
0.0229166666666667 11.4583571924979
0.0229828042328042 11.4914259069045
0.0230489417989418 11.5244946217058
0.0231150793650794 11.5575633369035
0.0231812169312169 11.5906320524858
0.0232473544973545 11.6237007684508
0.0233134920634921 11.6567694847968
0.0233796296296296 11.6898382015205
0.0234457671957672 11.7229069186194
0.0235119047619048 11.7559756360857
0.0235780423280423 11.7890443539209
0.0236441798941799 11.8221130721251
0.0237103174603175 11.8551817906891
0.023776455026455 11.8882505096102
0.0238425925925926 11.9213192288864
0.0239087301587302 11.9543879485196
0.0239748677248677 11.987456668499
0.0240410052910053 12.0205253888284
0.0241071428571429 12.0535941095027
0.0241732804232804 12.0866628305152
0.024239417989418 12.1197315518667
0.0243055555555556 12.1528002735547
0.0243716931216931 12.1858689955773
0.0244378306878307 12.218937717931
0.0245039682539683 12.2520064406143
0.0245701058201058 12.2850751636167
0.0246362433862434 12.318143886945
0.024702380952381 12.3512126105909
0.0247685185185185 12.3842813345569
0.0248346560846561 12.4173500588371
0.0249007936507937 12.4504187834312
0.0249669312169312 12.4834875083307
0.0250330687830688 12.5165562335408
0.0250992063492064 12.5496249590539
0.0251653439153439 12.5826936848691
0.0252314814814815 12.6157624109856
0.025297619047619 12.6488311374024
0.0253637566137566 12.6818998641109
0.0254298941798942 12.7149685911177
0.0254960317460317 12.7480373184129
0.0255621693121693 12.781106045998
0.0256283068783069 12.8141747738695
0.0256944444444444 12.8472435020208
0.025760582010582 12.8803122304537
0.0258267195767196 12.9133809591718
0.0258928571428571 12.9464496881606
0.0259589947089947 12.9795184174289
0.0260251322751323 13.0125871469687
0.0260912698412698 13.0456558767826
0.0261574074074074 13.0787246068657
0.026223544973545 13.1117933372134
0.0262896825396825 13.1448620678304
0.0263558201058201 13.1779307987069
0.0264219576719577 13.2109995298492
0.0264880952380952 13.2440682612465
0.0265542328042328 13.2771369929034
0.0266203703703704 13.3102057248106
0.0266865079365079 13.3432744569763
0.0267526455026455 13.3763431893948
0.0268187830687831 13.4094119220655
0.0268849206349206 13.44248065498
0.0269510582010582 13.4755493881396
0.0270171957671958 13.5086181215443
0.0270833333333333 13.5416868551928
0.0271494708994709 13.5747555890796
0.0272156084656085 13.6078243232045
0.027281746031746 13.6408930575698
0.0273478835978836 13.6739617921726
0.0274140211640212 13.7070305270072
0.0274801587301587 13.7400992620697
0.0275462962962963 13.7731679973704
0.0276124338624339 13.8062367328943
0.0276785714285714 13.8393054686478
0.027744708994709 13.8723742046292
0.0278108465608466 13.9054429408321
0.0278769841269841 13.938511677257
0.0279431216931217 13.9715804139033
0.0280092592592593 14.0046491507673
0.0280753968253968 14.0377178878488
0.0281415343915344 14.0707866251449
0.028207671957672 14.1038553626604
0.0282738095238095 14.1369241003882
0.0283399470899471 14.1699928383238
0.0284060846560847 14.2030615764772
0.0284722222222222 14.2361303148337
0.0285383597883598 14.2691990533986
0.0286044973544974 14.3022677921674
0.0286706349206349 14.335336531141
0.0287367724867725 14.3684052703213
0.0288029100529101 14.4014740097003
0.0288690476190476 14.4345427492773
0.0289351851851852 14.4676114890577
0.0290013227513228 14.5006802290293
0.0290674603174603 14.5337489692047
0.0291335978835979 14.5668177095696
0.0291997354497355 14.5998864501291
0.029265873015873 14.6329551908837
0.0293320105820106 14.6660239318244
0.0293981481481482 14.6990926729546
0.0294642857142857 14.7321614142784
0.0295304232804233 14.765230155786
0.0295965608465609 14.7982988974802
0.0296626984126984 14.8313676393558
0.029728835978836 14.8644363814204
0.0297949735449735 14.8975051236629
0.0298611111111111 14.9305738660851
0.0299272486772487 14.9636426086894
0.0299933862433862 14.9967113514709
0.0300595238095238 15.029780094431
0.0301256613756614 15.0628488375674
0.0301917989417989 15.09591758088
0.0302579365079365 15.1289863243644
0.0303240740740741 15.1620550680216
0.0303902116402116 15.1951238118499
0.0304563492063492 15.22819255585
0.0305224867724868 15.2612613000204
0.0305886243386243 15.2943300443574
0.0306547619047619 15.3273987888586
0.0307208994708995 15.3604675335274
0.030787037037037 15.3935362783629
0.0308531746031746 15.4266050233609
0.0309193121693122 15.4596737685231
0.0309854497354497 15.4927425138451
0.0310515873015873 15.5258112593279
0.0311177248677249 15.5588800049747
0.0311838624338624 15.591948750778
0.03125 15.6250174967387
0.0313161375661376 15.6580862428548
0.0313822751322751 15.6911549891283
0.0314484126984127 15.7242237355564
0.0315145502645503 15.7572924821392
0.0315806878306878 15.7903612288734
0.0316468253968254 15.8234299757588
0.031712962962963 15.8564987227954
0.0317791005291005 15.8895674699817
0.0318452380952381 15.9226362173157
0.0319113756613757 15.9557049647993
0.0319775132275132 15.9887737124307
0.0320436507936508 16.0218424602082
0.0321097883597884 16.0549112081319
0.0321759259259259 16.0879799561999
0.0322420634920635 16.1210487044106
0.0323082010582011 16.1541174527622
0.0323743386243386 16.18718620126
0.0324404761904762 16.220254949897
0.0325066137566138 16.2533236986732
0.0325727513227513 16.2863924475887
0.0326388888888889 16.3194611966451
0.0327050264550265 16.3525299458339
0.032771164021164 16.3855986951653
0.0328373015873016 16.4186674446257
0.0329034391534392 16.4517361942288
0.0329695767195767 16.4848049439624
0.0330357142857143 16.5178736938285
0.0331018518518519 16.5509424438286
0.0331679894179894 16.5840111939594
0.033234126984127 16.6170799442208
0.0333002645502646 16.6501486946145
0.0333664021164021 16.6832174451372
0.0334325396825397 16.7162861957888
0.0334986772486772 16.7493549465694
0.0335648148148148 16.782423697477
0.0336309523809524 16.8154924485102
0.0336970899470899 16.8485611996689
0.0337632275132275 16.8816299509532
0.0338293650793651 16.9146987023628
0.0338955026455026 16.9477674538945
0.0339616402116402 16.98083620555
0.0340277777777778 17.0139049573223
0.0340939153439153 17.0469737092218
0.0341600529100529 17.0800424612383
0.0342261904761905 17.1131112133785
0.034292328042328 17.1461799656373
0.0343584656084656 17.1792487180148
0.0344246031746032 17.2123174705107
0.0344907407407407 17.2453862231236
0.0345568783068783 17.2784549758518
0.0346230158730159 17.311523728695
0.0346891534391534 17.3445924816568
0.034755291005291 17.3776612347322
0.0348214285714286 17.410729987921
0.0348875661375661 17.4437987412249
0.0349537037037037 17.4768674946388
0.0350198412698413 17.5099362481646
0.0350859788359788 17.5430050018019
0.0351521164021164 17.5760737555527
0.035218253968254 17.609142509412
0.0352843915343915 17.6422112633775
0.0353505291005291 17.6752800174518
0.0354166666666667 17.7083487716341
0.0354828042328042 17.7414175259278
0.0355489417989418 17.7744862803288
0.0356150793650794 17.8075550348359
0.0356812169312169 17.8406237894477
0.0357473544973545 17.8736925441632
0.0358134920634921 17.9067612989848
0.0358796296296296 17.9398300539131
0.0359457671957672 17.9728988089431
0.0360119047619048 18.0059675640792
0.0360780423280423 18.039036319317
0.0361441798941799 18.0721050746511
0.0362103174603175 18.1051738300881
0.036276455026455 18.1382425856284
0.0363425925925926 18.1713113412684
0.0364087301587302 18.2043800970099
0.0364748677248677 18.2374488528457
0.0365410052910053 18.270517608783
0.0366071428571429 18.3035863648186
0.0366732804232804 18.3366551209517
0.036739417989418 18.3697238771796
0.0368055555555556 18.4027926335039
0.0368716931216931 18.4358613899275
0.0369378306878307 18.4689301464441
0.0370039682539683 18.501998903059
0.0370701058201058 18.5350676597645
0.0371362433862434 18.5681364165665
0.037202380952381 18.6012051734615
0.0372685185185185 18.6342739304455
0.0373346560846561 18.6673426875242
0.0374007936507937 18.7004114446957
0.0374669312169312 18.7334802019584
0.0375330687830688 18.7665489593124
0.0375992063492064 18.7996177167553
0.0376653439153439 18.8326864742896
0.0377314814814815 18.8657552319132
0.0377976190476191 18.8988239896265
0.0378637566137566 18.9318927474252
0.0379298941798942 18.9649615053136
0.0379960317460317 18.9980302632899
0.0380621693121693 19.031099021355
0.0381283068783069 19.0641677795029
0.0381944444444444 19.0972365377405
0.038260582010582 19.1303052960635
0.0383267195767196 19.163374054471
0.0383928571428571 19.1964428129664
0.0384589947089947 19.2295115715455
0.0385251322751323 19.2625803302074
0.0385912698412698 19.2956490889503
0.0386574074074074 19.3287178477787
0.038723544973545 19.3617866066898
0.0387896825396825 19.3948553656834
0.0388558201058201 19.4279241247616
0.0389219576719577 19.4609928839165
0.0389880952380952 19.4940616431577
0.0390542328042328 19.5271304024783
0.0391203703703704 19.5601991618772
0.0391865079365079 19.5932679213573
0.0392526455026455 19.6263366809169
0.0393187830687831 19.6594054405527
0.0393849206349206 19.6924742002673
0.0394510582010582 19.7255429600637
0.0395171957671958 19.7586117199367
0.0395833333333333 19.7916804798851
0.0396494708994709 19.8247492399101
0.0397156084656085 19.8578180000117
0.039781746031746 19.8908867601939
0.0398478835978836 19.9239555204506
0.0399140211640212 19.9570242807815
0.0399801587301587 19.9900930411902
0.0400462962962963 20.0231618016721
0.0401124338624339 20.05623056223
0.0401785714285714 20.0892993228605
0.040244708994709 20.1223680835658
0.0403108465608466 20.1554368443437
0.0403769841269841 20.1885056051964
0.0404431216931217 20.2215743661199
0.0405092592592593 20.2546431271157
0.0405753968253968 20.2877118881824
0.0406415343915344 20.3207806493243
0.040707671957672 20.3538494105358
0.0407738095238095 20.3869181718174
0.0408399470899471 20.4199869331733
0.0409060846560847 20.4530556945979
0.0409722222222222 20.4861244560892
0.0410383597883598 20.5191932176514
0.0411044973544974 20.5522619792832
0.0411706349206349 20.5853307409816
0.0412367724867725 20.61839950275
0.04130291005291 20.6514682645863
0.0413690476190476 20.684537026491
0.0414351851851852 20.7176057884636
0.0415013227513228 20.7506745505037
0.0415674603174603 20.7837433126098
0.0416335978835979 20.8168120747844
0.0416997354497355 20.8498808370222
0.041765873015873 20.8829495993277
0.0418320105820106 20.9160183617
0.0418981481481481 20.949087124138
0.0419642857142857 20.9821558866364
0.0420304232804233 21.0152246492004
0.0420965608465608 21.0482934118314
0.0421626984126984 21.0813621745249
0.042228835978836 21.114430937284
0.0422949735449735 21.1474997001041
0.0423611111111111 21.1805684629867
0.0424272486772487 21.2136372259375
0.0424933862433862 21.2467059889495
0.0425595238095238 21.2797747520222
0.0426256613756614 21.3128435151556
0.0426917989417989 21.3459122783524
0.0427579365079365 21.3789810416116
0.0428240740740741 21.4120498049289
0.0428902116402116 21.4451185683096
0.0429563492063492 21.4781873317501
0.0430224867724868 21.5112560952509
0.0430886243386243 21.544324858814
0.0431547619047619 21.5773936224345
0.0432208994708995 21.6104623861131
0.043287037037037 21.6435311498525
0.0433531746031746 21.6765999136509
0.0434193121693122 21.7096686775074
0.0434854497354497 21.7427374414221
0.0435515873015873 21.7758062053975
0.0436177248677249 21.8088749694294
0.0436838624338624 21.8419437335203
0.04375 21.8750124976685
0.0438161375661376 21.9080812618731
0.0438822751322751 21.9411500261341
0.0439484126984127 21.9742187904533
0.0440145502645503 22.0072875548273
0.0440806878306878 22.0403563192571
0.0441468253968254 22.0734250837459
0.044212962962963 22.1064938482852
0.0442791005291005 22.1395626128817
0.0443452380952381 22.1726313775338
0.0444113756613757 22.2057001422415
0.0444775132275132 22.2387689070031
0.0445436507936508 22.2718376718177
0.0446097883597884 22.3049064366897
0.0446759259259259 22.3379752016133
0.0447420634920635 22.3710439665931
0.0448082010582011 22.4041127316224
0.0448743386243386 22.4371814967067
0.0449404761904762 22.470250261843
0.0450066137566138 22.503319027033
0.0450727513227513 22.5363877922746
0.0451388888888889 22.5694565575701
0.0452050264550265 22.6025253229187
0.045271164021164 22.6355940883178
0.0453373015873016 22.6686628537671
0.0454034391534392 22.7017316192678
0.0454695767195767 22.7348003848199
0.0455357142857143 22.7678691504239
0.0456018518518519 22.8009379160776
0.0456679894179894 22.8340066817812
0.045734126984127 22.8670754475352
0.0458002645502645 22.9001442133404
0.0458664021164021 22.9332129791935
0.0459325396825397 22.9662817450971
0.0459986772486772 22.99935051105
0.0460648148148148 23.0324192770527
0.0461309523809524 23.0654880431041
0.0461970899470899 23.0985568092049
0.0462632275132275 23.1316255753528
0.0463293650793651 23.1646943415504
0.0463955026455026 23.1977631077956
0.0464616402116402 23.2308318740878
0.0465277777777778 23.2639006404273
0.0465939153439153 23.2969694068142
0.0466600529100529 23.33003817325
0.0467261904761905 23.3631069397331
0.046792328042328 23.3961757062616
0.0468584656084656 23.4292444728376
0.0469246031746032 23.4623132394608
0.0469907407407407 23.4953820061294
0.0470568783068783 23.5284507728438
0.0471230158730159 23.5615195396045
0.0471891534391534 23.5945883064107
0.047255291005291 23.6276570732644
0.0473214285714286 23.6607258401624
0.0473875661375661 23.6937946071053
0.0474537037037037 23.7268633740939
0.0475198412698413 23.759932141126
0.0475859788359788 23.7930009082022
0.0476521164021164 23.826069675324
0.047718253968254 23.8591384424894
0.0477843915343915 23.8922072096979
0.0478505291005291 23.9252759769519
0.0479166666666667 23.9583447442489
0.0479828042328042 23.9914135115898
0.0480489417989418 24.0244822789727
0.0481150793650794 24.0575510464003
0.0481812169312169 24.0906198138701
0.0482473544973545 24.123688581382
0.0483134920634921 24.1567573489377
0.0483796296296296 24.1898261165346
0.0484457671957672 24.2228948841729
0.0485119047619048 24.2559636518549
0.0485780423280423 24.2890324195791
0.0486441798941799 24.3221011873445
0.0487103174603175 24.355169955152
0.048776455026455 24.3882387229999
0.0488425925925926 24.4213074908883
0.0489087301587302 24.4543762588196
0.0489748677248677 24.4874450267895
0.0490410052910053 24.5205137948025
0.0491071428571429 24.5535825628558
0.0491732804232804 24.5866513309487
0.049239417989418 24.619720099082
0.0493055555555556 24.6527888672556
0.0493716931216931 24.6858576354688
0.0494378306878307 24.7189264037216
0.0495039682539683 24.7519951720138
0.0495701058201058 24.7850639403474
0.0496362433862434 24.8181327087179
0.049702380952381 24.8512014771287
0.0497685185185185 24.8842702455783
0.0498346560846561 24.9173390140666
0.0499007936507937 24.9504077825942
0.0499669312169312 24.9834765511591
