0.000909241209316635 0.909241209316657
0.00219510245900073 1.12986012110229
0.00286071322055588 1.44495360593823
0.00339333438950505 1.70541313433003
0.00385160757060938 1.93178460008499
0.00426030216791298 2.13457050356801
0.00463280313756031 2.31983837392501
0.00497734862099164 2.49144566617128
0.0052994461273181 2.65201918588837
0.00560299679187638 2.80344118355442
0.00589088509915875 2.94711419742128
0.00616531587697584 3.08411614976001
0.00642801974369957 3.21529650531079
0.00668038488915487 3.34133870155625
0.00692354514856768 3.46280225092816
0.00715844089863536 3.58015205282887
0.00738586238244336 3.69377936103914
0.00760648129422912 3.80401713564194
0.00782087429576622 3.91115151347929
0.00802954085066615 4.01543053229307
0.00823291697061889 4.11707087129165
0.00843138596432632 4.21626313269882
0.00862528695159535 4.31317603242063
0.00881492168580944 4.40795976308814
0.00900056007845691 4.50074872076079
0.0091824447154514 4.59166373653587
0.00936079458148356 4.68081391859536
0.00953580815586222 4.76829818473165
0.00970766600485524 4.85420654660137
0.00987653296716833 4.93862119314231
0.0100425600080096 5.02161741026676
0.010205885801186 5.10326436606388
0.0103666380864698 5.18362578480262
0.0105249348400697 5.26276052838858
0.0106808852887355 5.34072310033931
0.010834590792299 5.41756408454243
0.0109861456149341 5.49333052881393
0.0111356376018222 5.56806628152071
0.0112831487750316 5.64181228809571
0.0114287558600967 5.71460685312746
0.0115725307529011 5.78648587280681
0.011714540934936 5.85748304170092
0.0118548498437437 5.92763003727398
0.0119935172043204 5.99695668495724
0.0121305993263929 6.06549110627403
0.0122661493717696 6.13325985207695
0.0124002175953671 6.20028802265834
0.0125328515630129 6.26659937632538
0.0126640963487036 6.33221642774491
0.0127939947136369 6.39716053720426
0.012922587269037 6.46145199179964
0.0130499126245285 6.52511007944179
0.0131760075235994 6.58815315641879
0.013300906967498 6.65059870918468
0.0134246443287497 6.71246341100421
0.0135472514553368 6.7737631739139
0.0136687587664637 6.83451319651475
0.0137891953407228 6.89472800795295
0.0139085889973862 6.95442150849717
0.014026966371467 7.01360700698919
0.0141443529831239 7.07229725548495
0.0142607733019214 7.13050448133133
0.0143762508064055 7.18824041689767
0.0144908080394034 7.24551632717887
0.0146044666594185 7.30234303545531
0.0147172474884514 7.35873094716558
0.0148291705565466 7.41469007214597
0.0149402551433342 7.47023004537061
0.0150505198168117 7.52536014630891
0.0151599824695854 7.58008931703074
0.0152686603527733 7.63442617913315
0.0153765701077506 7.6883790495897
0.015483727795903 7.74195595560339
0.0155901489265393 7.7951646485537
0.0156958484830998 7.84801261709078
0.0158008409477867 7.90050709941871
0.0159051403247307 7.95265509487692
0.0160087601617981 8.00446337483574
0.0161117135711367 8.05593849294676
0.0162140132485458 8.10708679482979
0.0163156714917542 8.15791442719265
0.0164167002176777 8.20842734645765
0.016517110978728 8.25863132690144
0.0166169149782334 8.30853196836561
0.0167161230850308 8.35813470354221
0.0168147458472831 8.40744480488171
0.0169127935055707 8.45646739111771
0.0170102760053044 8.5052074334887
0.0171072030085008 8.55366976160565
0.0172035839049609 8.6018590690403
0.0172994278228883 8.64977991863916
0.0173947436389803 8.69743674754605
0.0174895399880239 8.74483387201552
0.0175838252720268 8.79197549196437
0.0176776076689089 8.83886569532073
0.0177708951407821 8.88550846215662
0.0178636954418401 8.93190766862592
0.0179560161258814 8.97806709073207
0.0180478645534855 9.02399040790893
0.0181392478988632 9.06968120644141
0.0182301731563961 9.11514298274437
0.0183206471468854 9.16037914647053
0.0184106765235235 9.20539302350146
0.0185002677776043 9.25018785880657
0.0185894272439856 9.29476681915565
0.0186781611063169 9.33913299574815
0.0187664754020451 9.38328940671279
0.0188543760272079 9.4272389994937
0.0189418687410288 9.47098465314759
0.0190289591703203 9.51452918055935
0.0191156528137073 9.55787533053221
0.0192019550456789 9.60102578982543
0.0192878711204768 9.64398318508834
0.0193734061758283 9.68675008474225
0.0194585652365323 9.72932900075451
0.0195433532179037 9.77172239037088
0.0196277749290848 9.81393265776244
0.0197118350762281 9.85596215562456
0.0197955382655584 9.89781318670011
0.0198788890063184 9.93948800525385
0.0199618917136029 9.98098881849919
0.0200445507110891 10.0223177879408
0.0201268702336641 10.0634770307045
0.0202088544299573 10.1044686208062
0.0202905073647798 10.1452945903545
0.0203718330214771 10.1859569307342
0.0204528353041961 10.2264575937497
0.0205335180400723 10.2667984927047
0.0206138849813403 10.3069815034621
0.02069393980737 10.3470084654611
0.0207736861266321 10.3868811827007
0.0208531274785965 10.4266014246857
0.0209322673355651 10.4661709273449
0.0210111091044434 10.5055913939213
0.0210896561284516 10.5448644958143
0.021167911688779 10.5839918734209
0.0212458790061835 10.6229751369256
0.0213235612425386 10.6618158670723
0.0214009615023293 10.7005156159347
0.0214780828341 10.7390759075978
0.0215549282318562 10.7774982389035
0.0216315006364197 10.8157840800969
0.0217078029367431 10.8539348754933
0.0217838379711808 10.8919520441161
0.0218596085287214 10.9298369803094
0.0219351173501814 10.9675910543396
0.0220103671293621 11.0052156129661
0.022085360514171 11.0427119800054
0.022160100107709 11.0800814568803
0.0222345884693248 11.1173253231309
0.0223088281156376 11.1544448369526
0.0223828215215291 11.1914412356582
0.0224565711211063 11.2283157361858
0.022530079308636 11.2650695355534
0.0226033484394515 11.3017038113197
0.0226763808308334 11.3382197220219
0.0227491787628649 11.3746184075914
0.0228217444792621 11.4109009897917
0.0228940801881812 11.4470685725957
0.0229661880630025 11.4831222426038
0.0230380702430921 11.5190630694022
0.0231097288345431 11.5548921059501
0.0231811659108951 11.590610388931
0.0232523835138344 11.6262189391016
0.0233233836538751 11.6617187616337
0.0233941683110214 11.6971108464538
0.0234647394354115 11.7323961685549
0.0235350989479448 11.7675756883023
0.023605248740892 11.802650351762
0.023675190678489 11.8376210909726
0.0237449265975145 11.8724888242658
0.0238144583078535 11.9072544565039
0.0238837875930447 11.9419188793919
0.0239529162108151 11.9764829717364
0.0240218458935993 12.0109475996792
0.0240905783490463 12.0453136169958
0.0241591152605134 12.0795818652968
0.0242274582875468 12.1137531742985
0.0242956090663509 12.1478283620446
0.024363569210245 12.1818082351386
0.0244313403101093 12.2156935889727
0.0244989239348191 12.2494852079232
0.0245663216316687 12.2831838655931
0.0246335349267849 12.3167903249876
0.0247005653255297 12.350305338746
0.0247674143128946 12.3837296493085
0.0248340833538834 12.4170639891387
0.0249005738938875 12.4503090808795
0.0249668873590516 12.4834656375636
0.02503302515663 12.5165343627722
0.0250989886753355 12.5495159508203
0.0251647792856798 12.5824110869171
0.0252303983403052 12.6152204473512
0.0252958471743095 12.6479446996248
0.0253611271055628 12.6805845026449
0.0254262394350171 12.7131405068313
0.0254911854470091 12.745613354333
0.0255559664095552 12.7780036791142
0.0256205835746409 12.8103121071354
0.0256850381785029 12.8425392564789
0.0257493314419051 12.8746857374921
0.0258134645704084 12.9067521529179
0.0258774387546343 12.9387390980444
0.025941255170523 12.9706471608074
0.0260049149795856 13.0024769219284
0.0260684193291505 13.0342289550419
0.026131769352605 13.065903826815
0.0261949661696311 13.0975020970572
0.0262580108864367 13.1290243188474
0.0263209045959809 13.1604710386342
0.0263836483781957 13.1918427963572
0.0264462433002023 13.2231401255481
0.0265086904165224 13.2543635534481
0.026570990769286 13.2855136010888
0.0266331453884339 13.3165907834205
0.0266951552919167 13.3475956093958
0.0267570214858892 13.3785285820642
0.0268187449649007 13.4093901986862
0.0268803267120819 13.4401809507933
0.0269417676993273 13.470901324316
0.0270030688874742 13.501551799647
0.0270642312264783 13.5321328517503
0.0271252556555851 13.5626449502174
0.0271861431034983 13.593088559384
0.027246894488545 13.6234641383994
0.0273075107188367 13.6537721412875
0.0273679926924283 13.6840130170672
0.0274283412974731 13.7141872097934
0.0274885574123746 13.744295158651
0.0275486419059364 13.7743372980116
0.0276085956375079 13.8043140575442
0.0276684194571278 13.8342258622512
0.0277281142056649 13.8640731325441
0.027787680714956 13.8938562843264
0.0278471198079408 13.9235757290487
0.0279064322987949 13.9532318737869
0.0279656189930598 13.9828251212927
0.0280246806877706 14.0123558700678
0.0280836181715811 14.0418245144263
0.0281424322248868 14.0712314445505
0.0282011236199454 14.1005770465552
0.0282596931209953 14.1298617025426
0.0283181414843711 14.1590857906644
0.0283764694586185 14.1882496851795
0.0284346777846052 14.2173537565135
0.0284927671956315 14.246398371302
0.0285507384175375 14.2753838924481
0.0286085921688092 14.3043106791796
0.0286663291606823 14.3331790871084
0.0287239500972442 14.361989468262
0.0287814556755345 14.3907421711491
0.0288388465856428 14.4194375408002
0.0288961235108057 14.4480759188243
0.0289532871275017 14.4766576434472
0.0290103381055444 14.5051830495676
0.0290672771081739 14.5336524687879
0.0291241047921469 14.5620662294805
0.0291808218078251 14.5904246568178
0.0292374287992621 14.6187280728098
0.0292939264042885 14.6469767963632
0.0293503152545958 14.6751711433143
0.0294065959758193 14.7033114264731
0.0294627691876182 14.7313979556532
0.029518835503756 14.7594310377285
0.0295747955321782 14.7874109766663
0.0296306498750897 14.815338073552
0.02968639912903 14.8432126266579
0.0297420438849477 14.8710349314442
0.0297975847282735 14.8988052806142
0.0298530222389923 14.9265239641464
0.0299083569917135 14.9541912693497
0.0299635895557409 14.9818074808591
0.0300187204951406 15.0093728806987
0.0300737503688086 15.0368877483082
0.0301286797305367 15.0643523605791
0.0301835091290775 15.0917669918812
0.0302382391082084 15.1191319140881
0.0302928702067948 15.1464473966323
0.0303474029588513 15.1737137065076
0.0304018378936035 15.2009311083268
0.0304561755355472 15.2280998643196
0.0305104164045076 15.2552202343995
0.0305645610156976 15.2822924761624
0.0306186098797745 15.3093168449322
0.0306725635028962 15.3362935937824
0.030726422386777 15.3632229735577
0.0307801870287413 15.3901052329202
0.0308338579217778 15.4169406183499
0.030887435554592 15.4437293741977
0.0309409204116579 15.4704717426956
0.0309943129732696 15.4971679639783
0.0310476137155912 15.5238182761282
0.0311008231107066 15.5504229151798
0.0311539416266679 15.5769821151558
0.0312069697275441 15.6034961080788
0.0312599078734678 15.6299651240083
0.031312756520682 15.6563893910615
0.031365516121586 15.6827691354398
0.0314181871247807 15.7091045814309
0.0314707699751127 15.7353959514574
0.0315232651137186 15.7616434660755
0.0315756729780679 15.7878473440204
0.0316279940020056 15.8140078022101
0.0316802286157942 15.840125055764
0.0317323772461548 15.8661993180442
0.0317844403163079 15.8922308006529
0.0318364182460134 15.9182197134679
0.0318883114516103 15.9441662646505
0.0319401203460551 15.9700706606706
0.0319918453389608 15.9959331063336
0.0320434868366343 16.0217538047942
0.0320950452421134 16.0475329575585
0.0321465209552043 16.0732707645283
0.0321979143725167 16.0989674240013
0.0322492258875006 16.1246231327015
0.0323004558904803 16.1502380857862
0.0323516047686901 16.1758124768734
0.0324026729063076 16.2013464980403
0.0324536606844879 16.2268403398597
0.0325045684813965 16.2522941914151
0.0325553966722422 16.2777082403015
0.0326061456293094 16.3030826726586
0.0326568157219895 16.3284176731828
0.0327074073168129 16.3537134251337
0.0327579207774795 16.3789701103509
0.0328083564648893 16.4041879092908
0.0328587147371725 16.4293670010103
0.0329089959497191 16.4545075632033
0.0329592004552086 16.4796097721945
0.0330093286036379 16.5046738029942
0.0330593807423509 16.5296998292621
0.0331093572160657 16.5546880233542
0.0331592583669029 16.5796385563271
0.0332090845344124 16.6045515979568
0.0332588360556009 16.6294273167418
0.0333085132649579 16.6542658799191
0.0333581164944826 16.6790674534889
0.0334076460737092 16.7038322022115
0.0334571023297329 16.7285602896369
0.0335064855872345 16.7532518781037
0.0335557961685061 16.7779071287464
0.0336050343934749 16.8025262015342
0.0336542005797278 16.8271092552516
0.0337032950425353 16.8516564475335
0.033752318094875 16.8761679348649
0.0338012700474546 16.9006438725986
0.0338501512087354 16.9250844149572
0.0338989618849548 16.9494897150584
0.0339477023801484 16.9738599249283
0.0339963729961725 16.9981951954763
0.0340449740327255 17.022495676556
0.0340935057873698 17.0467615169484
0.034141968555553 17.070992864369
0.0341903626306285 17.0951898655015
0.0342386883038768 17.1193526659743
0.0342869458645256 17.1434814103982
0.0343351355997698 17.16757624237
0.0343832577947921 17.1916373044821
0.034431312732782 17.2156647383272
0.0344793006949557 17.2396586845073
0.0345272219605749 17.2636192826514
0.0345750768069663 17.2875466714214
0.0346228655095398 17.3114409885228
0.0346705883418074 17.3353023707028
0.0347182455754009 17.3591309537767
0.0347658374800908 17.3829268726324
0.0348133643238034 17.4066902612254
0.0348608263726385 17.4304212526077
0.0349082238908871 17.4541199789184
0.0349555571410483 17.4777865714123
0.0350028263838463 17.5014211604346
0.0350500318782474 17.5250238754797
0.0350971738814761 17.5485948451597
0.0351442526490318 17.5721341972143
0.0351912684347048 17.5956420585403
0.0352382214905926 17.6191185551776
0.0352851120671149 17.6425638123473
0.0353319404130301 17.6659779544147
0.0353787067754502 17.6893611049401
0.0354254113998557 17.7127133866588
0.0354720545301116 17.7360349215034
0.0355186364084813 17.7593258306054
0.0355651572756417 17.7825862342965
0.0356116173706977 17.8058162521319
0.0356580169311965 17.8290160028826
0.0357043561931418 17.8521856045463
0.0357506353910078 17.8753251743602
0.0357968547577529 17.8984348287986
0.0358430145248335 17.9215146835946
0.0358891149222176 17.9445648537269
0.0359351561783982 17.9675854534383
0.0359811385204061 17.9905765962435
0.0360270621738235 18.0135383949361
0.0360729273627966 18.0364709615841
0.0361187343100485 18.0593744075418
0.0361644832368916 18.0822488434758
0.0362101743632404 18.105094379336
0.0362558079076236 18.1279111243813
0.0363013840871963 18.1506991871964
0.0363469031177522 18.1734586756717
0.0363923652137353 18.1961896970235
0.0364377705882521 18.2188923578083
0.0364831194530827 18.2415667639154
0.0365284120186927 18.2642130205757
0.0365736484942445 18.2868312323661
0.0366188290876085 18.3094215032251
0.0366639540053745 18.3319839364398
0.0367090234528623 18.3545186346761
0.036754037634133 18.3770256999592
0.0367989967519995 18.3995052336956
0.0368439010080374 18.4219573366715
0.0368887506025952 18.4443821090553
0.0369335457348052 18.4667796504194
0.0369782866025934 18.4891500597239
0.0370229734026899 18.5114934353298
0.0370676063306389 18.5338098750074
0.0371121855808089 18.5560994759423
0.0371567113464022 18.5783623347347
0.0372011838194651 18.6005985474035
0.0372456031908971 18.6228082093983
0.037289969650461 18.6449914156028
0.0373342833867918 18.6671482603278
0.0373785445874065 18.6892788373366
0.037422753438713 18.7113832398263
0.0374669101260197 18.7334615604527
0.0375110148335442 18.7555138913256
0.0375550677444221 18.7775403240063
0.0375990690407166 18.7995409495285
0.0376430189034264 18.8215158583918
0.037686917512495 18.8434651405667
0.0377307650468193 18.8653888854955
0.0377745616842575 18.8872871821122
0.0378183076016381 18.9091601188246
0.0378620029747682 18.9310077835405
0.0379056479784415 18.9528302636547
0.0379492427864463 18.9746276460573
0.0379927875715743 18.9964000171494
0.0380362825056277 19.0181474628239
0.0380797277594278 19.0398700684931
0.0381231235028223 19.0615679190817
0.0381664699046936 19.0832410990268
0.038209767132966 19.1048896922942
0.0382530153546135 19.126513782363
0.0382962147356671 19.1481134522536
0.0383393654412227 19.1696887845128
0.0383824676354479 19.1912398612172
0.0384255214815898 19.2127667640015
0.0384685271419817 19.2342695740181
0.0385114847780508 19.2557483719895
0.0385543945503248 19.2772032381701
0.038597256618439 19.2986342523847
0.0386400711411436 19.3200414940034
0.0386828382763099 19.3414250419609
0.0387255581809378 19.3627849747583
0.0387682310111619 19.3841213704614
0.0388108569222586 19.4054343067089
0.0388534360686525 19.4267238607079
0.0388959686039229 19.4479901092519
0.0389384546808105 19.4692331287034
0.0389808944512235 19.490452995025
0.0390232880662439 19.511649783752
0.0390656356761342 19.5328235700157
0.0391079374303432 19.5539744285423
0.0391501934775124 19.5751024336487
0.0391924039654818 19.5962076592535
0.0392345690412963 19.6172901788774
0.0392766888512115 19.6383500656499
0.0393187635406997 19.6593873923093
0.0393607932544553 19.6804022311999
0.0394027781364014 19.7013946542796
0.039444718329695 19.7223647331271
0.0394866139767329 19.7433125389433
0.0395284652191571 19.7642381425411
0.0395702721978607 19.7851416143764
0.0396120350529933 19.8060230245149
0.0396537539239664 19.8268824426664
0.039695428949459 19.8477199381711
0.0397370602674229 19.8685355799947
0.0397786480150878 19.8893294367676
0.0398201923289671 19.9101015767294
0.0398616933448625 19.9308520677911
0.0399031511978698 19.9515809774941
0.0399445660223835 19.9722883730366
0.0399859379521023 19.9929743212735
0.0400272671200338 20.0136388887005
0.0400685536584996 20.0342821414813
0.0401097976991406 20.0549041454305
0.040150999372921 20.0755049660335
0.0401921588101344 20.0960846684351
0.0402332761404074 20.1166433174534
0.0402743514927052 20.1371809775647
0.0403153849953358 20.1576977129233
0.0403563767759551 20.1781935873578
0.0403973269615713 20.1986686643715
0.0404382356785493 20.2191230071469
0.0404791030526157 20.2395566785424
0.040519929208863 20.2599697411104
0.0405607142717541 20.2803622570765
0.0406014583651269 20.3007342883617
0.0406421616121983 20.3210858965723
0.0406828241355692 20.3414171430094
0.0407234460572279 20.3617280886672
0.0407640274985553 20.3820187942334
0.0408045685803286 20.402289320098
0.0408450694227256 20.4225397263481
0.0408855301453287 20.4427700727774
0.0409259508671294 20.4629804188767
0.0409663317065321 20.483170823852
0.0410066727813582 20.5033413466079
0.0410469742088501 20.5234920457691
0.0410872361056752 20.5436229796745
0.04112745858793 20.5637342063591
0.0411676417711434 20.5838257835932
0.0412077857702816 20.6038977688623
0.041247890699751 20.623950219368
0.0412879566734023 20.643983192034
0.0413279838045345 20.6639967435053
0.0413679722058985 20.6839909301604
0.0414079219897007 20.7039658081033
0.0414478332676065 20.723921433162
0.0414877061507447 20.743857860906
0.0415275407497101 20.7637751466323
0.041567337174568 20.7836733453694
0.0416070955348568 20.8035525118915
0.0416468159395926 20.8234127006989
0.0416864984972718 20.8432539660382
0.0417261433158749 20.8630763619101
0.0417657505028701 20.8828799420391
0.0418053201652162 20.9026647599092
0.0418448524093666 20.9224308687394
0.0418843473412722 20.9421783215137
0.0419238050663847 20.9619071709522
0.0419632256896602 20.9816174695333
0.0420026093155622 21.001309269488
0.042041956048065 21.020982622801
0.0420812659906567 21.040637581221
0.0421205392463424 21.0602741962476
0.0421597759176478 21.0798925191466
0.0421989761066215 21.099492600938
0.0422381399148388 21.1190744924092
0.0422772674434046 21.1386382441137
0.0423163587929562 21.1581839063702
0.0423554140636665 21.1777115292617
0.0423944333552471 21.1972211626484
0.042433416766951 21.2167128561498
0.0424723643975759 21.2361866591736
0.0425112763454667 21.2556426208829
0.0425501527085188 21.2750807902289
0.0425889935841807 21.2945012159356
0.042627799069457 21.3139039465019
0.042666569260911 21.3332890302148
0.0427053042546679 21.3526565151331
0.0427440041464172 21.372006449104
0.0427826690314157 21.3913388797531
0.0428212990044901 21.4106538544878
0.0428598941600397 21.4299514205125
0.0428984545920393 21.4492316248149
0.0429369803940416 21.4684945141728
0.04297547165918 21.4877401351515
0.0430139284801711 21.5069685341128
0.0430523509493176 21.5261797572
0.0430907391585106 21.5453738503623
0.0431290931992321 21.5645508593417
0.043167413162558 21.5837108296707
0.0432056991391599 21.6028538066886
0.0432439512193084 21.6219798355287
0.043282169492875 21.6410889611287
0.0433203540493348 21.6601812282238
0.0433585049777691 21.6792566813531
0.0433966223668672 21.6983153648647
0.0434347063049296 21.7173573229054
0.0434727568798699 21.7363825994357
0.0435107741792173 21.7553912382163
0.0435487582901191 21.7743832828204
0.0435867092993425 21.7933587766355
0.0436246272932777 21.812317762852
0.0436625123579395 21.8312602844789
0.04370036457897 21.8501863843333
0.0437381840416405 21.8690961050579
0.0437759708308543 21.8879894890988
0.0438137250311483 21.9068665787246
0.0438514467266957 21.9257274160229
0.0438891360013077 21.9445720428973
0.0439267929384361 21.9634005010734
0.0439644176211754 21.9822128320999
0.0440020101322647 22.0010090773484
0.0440395705540901 22.0197892780076
0.0440770989686864 22.0385534750992
0.0441145954577398 22.0573017094564
0.0441520601025895 22.0760340217592
0.0441894929842297 22.0947504524993
0.0442268941833122 22.1134510420015
0.0442642637801479 22.1321358304273
0.0443016018547087 22.1508048577563
0.0443389084866303 22.1694581638062
0.0443761837552133 22.1880957882256
0.0444134277394256 22.2067177705054
0.0444506405179043 22.2253241499528
0.0444878221689576 22.2439149657323
0.0445249727705666 22.2624902568294
0.0445620924003877 22.2810500620744
0.0445991811357537 22.2995944201268
0.0446362390536765 22.3181233695064
0.0446732662308482 22.3366369485463
0.0447102627436437 22.3551351954364
0.0447472286681219 22.3736181482062
0.044784164080028 22.3920858447315
0.0448210690547949 22.4105383227255
0.0448579436675454 22.4289756197494
0.0448947879930936 22.4473977732139
0.044931602105947 22.4658048203649
0.0449683860803081 22.4841967983093
0.0450051399900761 22.5025737439958
0.0450418639088487 22.5209356942195
0.0450785579099238 22.5392826856345
0.0451152220663013 22.5576147547353
0.0451518564506846 22.5759319378756
0.0451884611354826 22.5942342712588
0.0452250361928108 22.6125217909456
0.0452615816944938 22.6307945328473
0.0452980977120661 22.6490525327278
0.0453345843167741 22.6672958262114
0.045371041579578 22.6855244487817
0.045407469571153 22.703738435767
0.0454438683618908 22.7219378223739
0.0454802380219017 22.7401226436491
0.045516578621016 22.758292934513
0.045552890228785 22.7764487297371
0.0455891729144835 22.7945900639623
0.0456254267471105 22.8127169716837
0.0456616517953913 22.830829487268
0.0456978481277787 22.8489276449411
0.0457340158124546 22.8670114787905
0.0457701549173316 22.8850810227705
0.0458062655100544 22.9031363107086
0.0458423476580012 22.921177376291
0.0458784014282852 22.9392042530765
0.0459144268877563 22.9572169744873
0.0459504241030021 22.9752155738205
0.0459863931403497 22.9932000842374
0.0460223340658671 23.011170538769
0.0460582469453644 23.0291269703226
0.0460941318443953 23.0470694116747
0.0461299888282586 23.0649978954765
0.0461658179619996 23.0829124542495
0.0462016193104112 23.1008131203889
0.0462373929380355 23.1186999261661
0.0462731389091653 23.1365729037268
0.046308857287845 23.1544320850905
0.0463445481378723 23.1722775021631
0.0463802115227995 23.1901091867147
0.0464158475059347 23.2079271703991
0.0464514561503432 23.2257314847506
0.0464870375188485 23.2435221611795
0.0465225916740343 23.2612992309791
0.046558118678245 23.2790627253201
0.0465936185935875 23.2968126752552
0.0466290914819322 23.314549111723
0.0466645374049142 23.3322720655395
0.046699956423935 23.3499815674054
0.0467353486001632 23.3676776479016
0.0467707139945361 23.3853603374974
0.0468060526677606 23.4030296665517
0.0468413646803149 23.4206856652968
0.046876650092449 23.4383283638621
0.0469119089641867 23.4559577922577
0.0469471413553262 23.4735739803813
0.0469823473254416 23.4911769580219
0.0470175269338837 23.50876675485
0.0470526802397818 23.5263434004352
0.0470878073020442 23.543906924228
0.0471229081793597 23.5614573555767
0.0471579829301988 23.5789947237175
0.0471930316128146 23.596519057772
0.0472280542852441 23.614030386757
0.0472630510053092 23.6315287395888
0.047298021830618 23.6490141450688
0.0473329668185656 23.666486631895
0.0473678860263357 23.6839462286586
0.047402779510901 23.7013929638425
0.0474376473290249 23.7188268658365
0.0474724895372624 23.7362479629117
0.0475073061919608 23.7536562832424
0.0475420973492615 23.7710518549016
0.0475768630651002 23.7884347058562
0.0476116033952086 23.8058048639692
0.0476463183951154 23.823162357005
0.0476810081201467 23.8405072126331
0.0477156726254279 23.8578394584075
0.0477503119658842 23.875159121793
0.0477849261962415 23.8924662301554
0.047819515371028 23.9097608107582
0.0478540795445745 23.9270428907643
0.047888618771016 23.9443124972432
0.0479231331042922 23.9615696571646
0.0479576225981488 23.9788143973967
0.0479920873061384 23.9960467447225
0.0480265272816214 24.013266725819
0.048060942577767 24.0304743672701
0.0480953332475543 24.0476696955654
0.0481296993437729 24.0648527370986
0.0481640409190243 24.082023518173
0.0481983580257224 24.0991820649931
0.0482326507160948 24.1163284036755
0.0482669190421835 24.1334625602364
0.0483011630558458 24.150584560609
0.0483353828087556 24.1676944306281
0.0483695783524036 24.1847921960374
0.0484037497380988 24.2018778824944
0.0484378970169694 24.2189515155606
0.0484720202399633 24.2360131207109
0.0485061194578492 24.2530627233284
0.0485401947212175 24.2701003487108
0.0485742460804812 24.287126022064
0.0486082735858767 24.3041397685008
0.0486422772874647 24.3211416130588
0.048676257235131 24.3381315806755
0.0487102134785873 24.3551096962128
0.0487441460673724 24.3720759844358
0.0487780550508527 24.3890304700273
0.048811940478223 24.4059731775846
0.0488458023985075 24.4229041316195
0.0488796408605608 24.4398233565599
0.0489134559130682 24.4567308767483
0.0489472476045471 24.4736267164434
0.0489810159833474 24.4905108998187
0.0490147610976523 24.5073834509709
0.0490484829954797 24.5242443939015
0.0490821817246821 24.5410937525424
0.0491158573329479 24.5579315507338
0.0491495098678025 24.5747578122369
0.0491831393766083 24.5915725607402
0.0492167459065659 24.6083758198365
0.0492503295047153 24.6251676130535
0.0492838902179356 24.641947963822
0.0493174280929469 24.6587168955102
0.0493509431763103 24.6754744313899
0.049384435514429 24.6922205946693
0.0494179051535489 24.7089554084663
0.0494513521397593 24.7256788958293
0.0494847765189941 24.7423910797254
0.0495181783370317 24.7590919830398
0.0495515576394966 24.7757816285876
0.0495849144718594 24.7924600391029
0.0496182488794383 24.8091272372491
0.0496515609073988 24.8257832456028
0.0496848506007555 24.8424280866713
0.049718118004372 24.8590617828896
0.0497513631629621 24.875684356613
0.04978458612109 24.8922958301236
0.0498177869231717 24.9088962256311
0.049850965613475 24.9254855652673
0.0498841222361207 24.9420638710966
0.0499172568350828 24.9586311650976
0.0499503694541896 24.9751874691901
0.0499834601371243 24.9917328052158
