0 918.33244025531
0.000649350649350649 918.121612122404
0.0012987012987013 917.770231900894
0.00194805194805195 917.222078755338
0.0025974025974026 916.469121137816
0.00324675324675325 915.508681865689
0.0038961038961039 914.339544037755
0.00454545454545455 912.961052399523
0.0051948051948052 911.372813798297
0.00584415584415584 909.574573841157
0.00649350649350649 907.566158469788
0.00714285714285714 905.347443356824
0.00779220779220779 902.918336608123
0.00844155844155844 900.27876838414
0.00909090909090909 897.428684365225
0.00974025974025974 894.368041470278
0.0103896103896104 891.096804956478
0.011038961038961 887.614946397878
0.0116883116883117 883.922442241552
0.0123376623376623 880.019272753967
0.012987012987013 875.905421237518
0.0136363636363636 871.580873438152
0.0142857142857143 867.045617090755
0.0149350649350649 862.299641565558
0.0155844155844156 857.342937589788
0.0162337662337662 852.175497026111
0.0168831168831169 846.797312694527
0.0175324675324675 841.208378227866
0.0181818181818182 835.408687953559
0.0188311688311688 829.39823679615
0.0194805194805195 823.177020196328
0.0201298701298701 816.745034043243
0.0207792207792208 810.102274617552
0.0214285714285714 803.248738543236
0.0220779220779221 796.184422746608
0.0227272727272727 788.909324421255
0.0233766233766234 781.423440997928
0.024025974025974 773.726770118549
0.0246753246753247 765.819309613685
0.0253246753246753 757.701057482951
0.025974025974026 749.37201187789
0.0266233766233766 740.832171086966
0.0272727272727273 732.081533522371
0.0279220779220779 723.120097708375
0.0285714285714286 713.947862271024
0.0292207792207792 704.564825928991
0.0298701298701299 694.970987485429
0.0305194805194805 685.166345820711
0.0311688311688312 675.15089988592
0.0318181818181818 664.924648697023
0.0324675324675325 654.487591329622
0.0331168831168831 643.839726914237
0.0337662337662338 632.981054632036
0.0344155844155844 621.911573710978
0.0350649350649351 610.631283422312
0.0357142857142857 599.140183077404
0.0363636363636364 587.438272024842
0.037012987012987 575.525549647805
0.0376623376623377 563.40201536165
0.0383116883116883 551.067668611718
0.038961038961039 538.522508871316
0.0396103896103896 525.766535639867
0.0402597402597403 512.799748441214
0.0409090909090909 499.622146822053
0.0415584415584416 486.233730350499
0.0422077922077922 472.634498614752
0.0428571428571429 458.824451221875
0.0435064935064935 444.803587796656
0.0441558441558442 430.57190798056
0.0448051948051948 416.129411430754
0.0454545454545455 401.476097819204
0.0461038961038961 386.611966831834
0.0467532467532468 371.537018167746
0.0474025974025974 356.251251538495
0.0480519480519481 340.754666667406
0.0487012987012987 325.047263288948
0.0493506493506494 309.12904114814
0.05 293
