0 918.762593695136
0.0016961338288819 917.324158712397
0.00239869546440458 916.583769434834
0.00293778996805978 915.857212225156
0.00339226765776379 915.134287328621
0.00379267054031692 914.412836221015
0.00415466241623376 913.692126570751
0.00448754830150528 912.971841988767
0.00479739092880917 912.251823586058
0.00508840148664569 911.531982855493
0.00536364611572908 910.81226660002
0.00562543950463012 910.092640926061
0.00587557993611956 909.373083218205
0.00611549749008274 908.653577809459
0.00634635166979311 907.934113503547
0.0065690980721986 907.214682086671
0.00678453531552758 906.495277396567
0.00699333893166337 905.775894719729
0.00719608639321375 905.056530389339
0.00739327595481689 904.337181510042
0.00758534108063383 903.617845765218
0.00777266165962656 902.898521279278
0.0079555728417573 902.179206517486
0.0081343720843089 901.459900211902
0.00830932483246752 900.740601305828
0.00848066914440948 900.021308911574
0.00864861949113363 899.302022277972
0.00881336990417934 898.582740765105
0.00897509660301056 897.863463824447
0.00913396020348508 897.144190983108
0.00929010758626222 896.424921831237
0.00944367348703905 895.705656011854
0.00959478185761833 894.986393212591
0.00974354703692446 894.267133158936
0.00989007476343011 893.547875608667
0.0100344630544795 892.828620347237
0.0101768029732914 892.109367183935
0.010317179300694 891.390115948665
0.0104556711256689 890.670866489232
0.0105923523663833 889.951618669049
0.0107272922314582 889.232372365184
0.0108605556296434 888.513127466701
0.0109922035347813 887.793883873223
0.011122293311882 887.074641493713
0.0112508790092602 886.355400245407
0.0113780116209507 885.636160052899
0.0115037393230187 884.916920847336
0.01162810768687 884.197682565729
0.0117511598722391 883.478445150333
0.0118729368021733 882.75920854812
0.0119934773220229 882.039972710301
0.0121128183441904 881.320737591916
0.0122309949801655 880.601503151461
0.0123480406611863 879.882269350564
0.0124639872487013 879.163036153698
0.0125788651356657 878.443803527917
0.0126927033395862 877.724571442629
0.0128055295881202 877.005339869388
0.0129173703979447 876.28610878171
0.0130282511475323 875.566878154908
0.0131381961443972 874.847647965937
0.0132472286873191 874.128418193268
0.0133553711239939 873.409188816756
0.0134626449045158 872.689959817538
0.0135690706310552 871.970731177929
0.0136746681040544 871.251502881333
0.0137794563652388 870.532274912158
0.0138834537377051 869.813047255745
0.0139866778633267 869.093819898296
0.014089145737693 868.374592826813
0.0141908737427767 867.65536602904
0.0142918776775099 866.936139493412
0.0143921727864275 866.216913209008
0.0144917737865267 865.497687165504
0.0145906948924765 864.778461353132
0.0146889498402989 864.059235762649
0.0147865519096338 863.340010385296
0.0148835139446897 862.62078521277
0.0149798483739739 861.901560237192
0.0150755672288882 861.182335451083
0.0151706821612677 860.46311084734
0.0152652044599371 859.743886419208
0.0153591450663492 859.024662160261
0.0154525145893682 858.305438064386
0.0155453233192531 857.586214125758
0.015637581240895 856.866990338828
0.0157292980463551 856.147766698304
0.0158204831467483 855.428543199137
0.0159111456835146 854.709319836509
0.0160012945391147 853.990096605817
0.0160909383471872 853.270873502664
0.0161800855021986 852.551650522844
0.0162687441686178 851.832427662337
0.0163569222896428 851.113204917294
0.0164446275955064 850.393982284029
0.0165318676113852 849.674759759013
0.016618649664935 848.955537338864
0.0167049808934738 848.236315020338
0.0167908682508321 847.517092800324
0.0168763185138904 846.797870675836
0.016961338288819 846.07864864401
0.0170459340170386 845.359426702093
0.0171301119809157 844.640204847441
0.017213878309207 843.920983077512
0.0172972389822673 843.201761389861
0.0173801998370313 842.482539782139
0.0174627665717841 841.763318252083
0.017544944750728 841.044096797515
0.0176267398083587 840.32487541634
0.017708157053659 839.605654106536
0.0177892016741205 838.886432866158
0.0178698787396 838.167211693328
0.0179501932060211 837.447990586239
0.0180301499189265 836.728769543144
0.0181097536168895 836.009548562359
0.0181890089347913 835.290327642259
0.0182679204069702 834.571106781274
0.0183464924702482 833.85188597789
0.018424729466843 833.13266523064
0.0185026356471674 832.413444538111
0.0185802151725244 831.694223898934
0.0186574721177009 830.975003311786
0.0187344104734647 830.255782775389
0.0188110341489706 829.536562288503
0.0188873469740781 828.817341849932
0.0189633527015846 828.098121458515
0.0190390550093793 827.378901113131
0.0191144575025202 826.659680812692
0.0191895637152367 825.940460556144
0.0192643771128631 825.221240342467
0.0193389010937044 824.502020170671
0.0194131389908371 823.782800039797
0.0194870940738489 823.063579948916
0.0195607695505191 822.344359897124
0.0196341685684419 821.625139883548
0.0197072942165958 820.905919907337
0.0197801495268602 820.186699967668
0.0198527374754825 819.467480063741
0.0199250609844965 818.748260194778
0.0199971229230952 818.029040360024
0.0200689261089591 817.309820558748
0.0201404733095411 816.590600790236
0.0202117672433118 815.871381053796
0.0202828105809646 815.152161348755
0.0203536059465828 814.43294167446
0.0204241559187705 813.713722030274
0.0204944630317489 812.994502415578
0.0205645297764185 812.275282829771
0.0206343586013881 811.556063272267
0.0207039519139742 810.836843742497
0.0207733120811688 810.117624239904
0.0208424414305789 809.39840476395
0.0209113422513379 808.679185314109
0.0209800167949901 807.959965889869
0.0210484672763492 807.240746490731
0.0211166958743318 806.521527116209
0.0211847047327665 805.80230776583
0.0212524959611801 805.083088439132
0.021320071635561 804.363869135667
0.0213874337991011 803.644649854995
0.0214545844629163 802.925430596689
0.0215215256067475 802.206211360333
0.0215882591796413 801.48699214552
0.0216547871006122 800.767772951853
0.0217211112592869 800.048553778946
0.0217872335165298 799.329334626421
0.0218531557050526 798.61011549391
0.0219188796300074 797.890896381053
0.0219844070695625 797.171677287499
0.0220497397754646 796.452458212907
0.0221148794735849 795.73323915694
0.0221798278644507 795.014020119273
0.022244586623764 794.294801099585
0.0223091574029056 793.575582097567
0.0223735418294265 792.856363112911
0.0224377415075264 792.137144145322
0.0225017580185205 791.417925194508
0.0225655929212934 790.698706260185
0.0226292477527426 789.979487342075
0.0226927240282096 789.260268439906
0.0227560232419015 788.541049553412
0.0228191468673007 787.821830682335
0.0228820963575656 787.102611826419
0.0229448731459207 786.383392985416
0.0230074786460375 785.664174159083
0.0230699142524056 784.944955347182
0.0231321813406956 784.22573654948
0.0231942812681123 783.50651776575
0.02325621537374 782.787298995769
0.0233179849788797 782.068080239317
0.0233795913873775 781.348861496183
0.0234410358859461 780.629642766156
0.0235023197444782 779.910424049031
0.0235634442163528 779.191205344609
0.023624410538734 778.471986652692
0.0236852199328637 777.752767973089
0.0237458736043465 777.03354930561
0.023806372743429 776.314330650071
0.0238667185252719 775.595112006292
0.0239269121102167 774.875893374095
0.0239869546440458 774.156674753306
0.0240468472582372 773.437456143755
0.0241065910702129 772.718237545276
0.0241661871835825 771.999018957703
0.0242256366883808 771.279800380878
0.0242849406613008 770.560581814643
0.0243441001659206 769.841363258843
0.0244031162529267 769.122144713327
0.024461989960331 768.402926177948
0.0245207223136842 767.683707652559
0.0245793143262844 766.964489137017
0.0246377669993806 766.245270631184
0.0246960813223726 765.526052134921
0.0247542582730067 764.806833648093
0.0248122988175662 764.087615170569
0.0248702039110594 763.368396702219
0.0249279744974026 762.649178242914
0.0249856115095995 761.92995979253
0.0250431158699174 761.210741350945
0.025100488490059 760.491522918037
0.0251577302713314 759.772304493689
0.0252148421048108 759.053086077784
0.025271824871505 758.333867670208
0.0253286794425113 757.614649270849
0.0253854066791725 756.895430879597
0.0254420074332284 756.176212496344
0.025498482546966 755.456994120984
0.0255548328533647 754.737775753413
0.0256110591762403 754.018557393527
0.0256671623303855 753.299339041227
0.0257231431217073 752.580120696413
0.0257790023473624 751.860902358988
0.0258347407958894 751.141684028857
0.025890359247339 750.422465705925
0.0259458584734009 749.703247390101
0.0260012392375292 748.984029081293
0.0260565022950646 748.264810779413
0.0261116483933547 747.545592484372
0.026166678271872 746.826374196085
0.0262215926623296 746.107155914467
0.0262763922887944 745.387937639435
0.026331077867799 744.668719370906
0.0263856501084504 743.949501108799
0.026440109712538 743.230282853037
0.0264944573746383 742.51106460354
0.0265486937822184 741.791846360231
0.0266028196157377 741.072628123036
0.0266568355487473 740.35340989188
0.0267107422479877 739.63419166669
0.0267645403734851 738.914973447394
0.0268182305786454 738.195755233921
0.026871813510347 737.476537026203
0.0269252898090317 736.757318824169
0.0269786601087938 736.038100627754
0.0270319250374682 735.31888243689
0.0270850852167162 734.599664251512
0.0271381412621103 733.880446071557
0.0271910937832176 733.16122789696
0.0272439433836809 732.442009727659
0.0272966906612997 731.722791563593
0.0273493362081087 731.003573404702
0.0274018806104552 730.284355250926
0.0274543244490758 729.565137102207
0.0275066682991706 728.845918958487
0.0275589127304775 728.126700819708
0.0276110583073441 727.407482685816
0.0276631055887988 726.688264556756
0.0277150551286211 725.969046432472
0.0277669074754101 725.249828312911
0.027818663172652 724.53061019802
0.0278703227587867 723.811392087749
0.0279218867672731 723.092173982045
0.0279733557266535 722.372955880858
0.0280247301606166 721.653737784138
0.0280760105880599 720.934519691838
0.0281271975231506 720.215301603908
0.0281782914753859 719.4960835203
0.0282292929496522 718.776865440969
0.0282802024462832 718.057647365867
0.0283310204611172 717.33842929495
0.0283817474855534 716.619211228173
0.0284323840066076 715.89999316549
0.0284829305069663 715.18077510686
0.0285333874650408 714.461557052239
0.0285837553550199 713.742339001584
0.0286340346469216 713.023120954855
0.0286842258066447 712.303902912009
0.0287343292960191 711.584684873006
0.028784345572855 710.865466837806
0.0288342750909922 710.146248806369
0.0288841183003479 709.427030778658
0.0289338756469639 708.707812754632
0.0289835475730534 707.988594734255
0.0290331345170466 707.269376717488
0.0290826369136363 706.550158704296
0.0291320551938218 705.830940694642
0.029181389784953 705.111722688489
0.0292306411107734 704.392504685802
0.0292798095914627 703.673286686548
0.0293288956436786 702.95406869069
0.0293778996805978 702.234850698196
0.0294268221119567 701.515632709032
0.0294756633440916 700.796414723164
0.0295244237799775 700.07719674056
0.0295731038192676 699.357978761187
0.0296217038583309 698.638760785015
0.0296702242902903 697.919542812012
0.0297186655050595 697.200324842146
0.0297670278893794 696.481106875387
0.0298153118268544 695.761888911706
0.029863517697988 695.042670951071
0.0299116458802173 694.323452993455
0.0299596967479479 693.604235038827
0.0300076706725876 692.885017087159
0.0300555680225803 692.165799138422
0.0301033891634386 691.44658119259
0.0301511344577764 690.727363249634
0.0301988042653411 690.008145309528
0.0302463989430455 689.288927372243
0.0302939188449983 688.569709437755
0.0303413643225353 687.850491506035
0.0303887357242498 687.13127357706
0.0304360333960221 686.412055650802
0.0304832576810493 685.692837727238
0.0305304089198741 684.973619806341
0.0305774874504137 684.254401888087
0.0306244936079878 683.535183972453
0.0306714277253466 682.815966059413
0.0307182901326985 682.096748148945
0.0307650811577366 681.377530241025
0.030811801125666 680.658312335629
0.0308584503592302 679.939094432734
0.0309050291787364 679.219876532319
0.0309515379020821 678.500658634361
0.0309979768447798 677.781440738837
0.031044346319982 677.062222845726
0.0310906466385063 676.343004955006
0.0311368781088589 675.623787066657
0.0311830410372596 674.904569180656
0.0312291357276645 674.185351296983
0.0312751624817901 673.466133415618
0.0313211215991357 672.746915536541
0.0313670133770068 672.027697659731
0.031412838110537 671.308479785168
0.0314585960927102 670.589261912833
0.0315042876143829 669.870044042707
0.0315499129643052 669.15082617477
0.0315954724291427 668.431608309004
0.0316409662934967 667.712390445389
0.0316863948399257 666.993172583908
0.0317317583489656 666.273954724541
0.0317770570991498 665.554736867272
0.0318222913670292 664.835519012081
0.0318674614271921 664.116301158952
0.0319125675522835 663.397083307867
0.031957610013024 662.677865458808
0.0320025890782295 661.958647611759
0.032047505014829 661.239429766702
0.0320923580878839 660.520211923622
0.0321371485606058 659.800994082501
0.0321818766943745 659.081776243322
0.032226542748756 658.362558406071
0.0322711469815202 657.643340570731
0.0323156896486576 656.924122737286
0.0323601710043972 656.204904905721
0.0324045913012232 655.485687076019
0.0324489507898913 654.766469248167
0.0324932497194458 654.047251422149
0.0325374883372356 653.328033597949
0.0325816668889303 652.608815775553
0.0326257856185364 651.889597954947
0.0326698447684126 651.170380136115
0.0327138445792856 650.451162319044
0.0327577852902654 649.731944503719
0.0328016671388606 649.012726690127
0.032845490360993 648.293508878253
0.0328892551910128 647.574291068084
0.032932961861713 646.855073259607
0.0329766106043438 646.135855452807
0.0330202016486271 645.416637647671
0.0330637352227705 644.697419844187
0.0331072115534811 643.978202042342
0.0331506308659794 643.258984242121
0.0331939933840131 642.539766443514
0.0332372993298701 641.820548646507
0.0332805489243922 641.101330851088
0.033323742386988 640.382113057244
0.033366879935646 639.662895264963
0.0334099617869475 638.943677474233
0.0334529881560791 638.224459685043
0.0334959592568454 637.50524189738
0.0335388753016813 636.786024111232
0.0335817365016642 636.066806326588
0.0336245430665263 635.347588543436
0.0336672952046665 634.628370761766
0.0337099931231621 633.909152981566
0.0337526370277807 633.189935202825
0.0337952271229917 632.470717425531
0.0338377636119775 631.751499649674
0.0338802466966453 631.032281875244
0.0339226765776379 630.313064102228
0.0339650534543448 629.593846330617
0.0340073775249133 628.8746285604
0.0340496489862591 628.155410791567
0.0340918680340772 627.436193024108
0.0341340348628522 626.716975258012
0.0341761496658692 625.99775749327
0.0342182126352235 625.27853972987
0.0342602239618314 624.559321967805
0.03430218383544 623.840104207063
0.0343440924446374 623.120886447635
0.0343859499768623 622.401668689511
0.0344277566184141 621.682450932682
0.0344695125544623 620.963233177139
0.0345112179690562 620.244015422872
0.0345528730451346 619.524797669872
0.0345944779645345 618.805579918129
0.0346360329080012 618.086362167636
0.0346775380551968 617.367144418382
0.0347189935847095 616.647926670359
0.0347603996740627 615.928708923558
0.0348017564997236 615.209491177971
0.0348430642371122 614.490273433589
0.03488432306061 613.771055690402
0.0349255331435683 613.051837948404
0.0349666946583168 612.332620207585
0.0350078077761725 611.613402467938
0.0350488726674471 610.894184729453
0.0350898895014561 610.174966992123
0.0351308584465264 609.455749255939
0.0351717796700046 608.736531520895
0.0352126533382651 608.01731378698
0.0352534796167174 607.298096054189
0.0352942586698146 606.578878322513
0.0353349906610609 605.859660591944
0.035375675753019 605.140442862475
0.0354163141073181 604.421225134098
0.0354569058846608 603.702007406806
0.0354974512448312 602.982789680592
0.0355379503467019 602.263571955447
0.035578403348241 601.544354231364
0.0356188104065198 600.825136508338
0.0356591716777196 600.105918786359
0.0356994873171389 599.386701065421
0.0357397574792001 598.667483345517
0.0357799823174567 597.948265626641
0.0358201619846001 597.229047908785
0.0358602966324662 596.509830191942
0.0359003864120422 595.790612476106
0.0359404314734732 595.071394761269
0.0359804319660688 594.352177047426
0.0360203880383094 593.632959334569
0.036060299837853 592.913741622693
0.0361001675115412 592.19452391179
0.0361399912054059 591.475306201854
0.0361797710646749 590.756088492879
0.036219507233779 590.036870784858
0.0362591998563571 589.317653077785
0.036298849075263 588.598435371655
0.0363384550325712 587.87921766646
0.0363780178695827 587.159999962195
0.0364175377268309 586.440782258853
0.0364570147440878 585.721564556429
0.036496449060369 585.002346854917
0.0365358408139403 584.28312915431
0.0365751901423228 583.563911454603
0.0366144971822985 582.844693755791
0.0366537620699161 582.125476057866
0.0366929849404964 581.406258360825
0.0367321659286378 580.68704066466
0.0367713051682212 579.967822969367
0.0368104027924163 579.24860527494
0.036849458933686 578.529387581374
0.0368884737237919 577.810169888662
0.0369274472937998 577.0909521968
0.0369663797740845 576.371734505781
0.0370052712943348 575.652516815602
0.037044121983559 574.933299126257
0.0370829319700893 574.21408143774
0.0371217013815874 573.494863750046
0.0371604303450489 572.77564606317
0.0371991189868081 572.056428377106
0.0372377674325433 571.337210691851
0.0372763758072812 570.617993007399
0.0373149442354017 569.898775323745
0.0373534728406425 569.179557640883
0.0373919617461039 568.46033995881
0.0374304110742531 567.741122277519
0.0374688209469293 567.021904597007
0.0375071914853475 566.302686917269
0.0375455228101035 565.583469238299
0.0375838150411781 564.864251560094
0.0376220682979413 564.145033882648
0.0376602826991572 563.425816205956
0.0376984583629877 562.706598530016
0.0377365954069971 561.987380854821
0.0377746939481562 561.268163180368
0.0378127541028467 560.548945506651
0.0378507759868649 559.829727833666
0.0378887597154262 559.110510161409
0.0379267054031692 558.391292489877
0.0379646131641593 557.672074819063
0.0380024831118933 556.952857148964
0.0380403153593029 556.233639479576
0.0380781100187587 555.514421810894
0.0381158672020744 554.795204142915
0.0381535870205102 554.075986475633
0.0381912695847771 553.356768809046
0.0382289150050404 552.637551143149
0.0382665233909233 551.918333477937
0.0383040948515111 551.199115813407
0.0383416294953544 550.479898149555
0.0383791274304733 549.760680486377
0.0384165887643605 549.041462823868
0.038454013603985 548.322245162026
0.0384914020557961 547.603027500845
0.0385287542257263 546.883809840323
0.0385660702191953 546.164592180456
0.0386033501411131 545.445374521238
0.0386405940958839 544.726156862668
0.0386778021874089 544.00693920474
0.0387149745190903 543.287721547452
0.0387521111938342 542.5685038908
0.0387892123140541 541.849286234779
0.0388262779816742 541.130068579387
0.0388633082981328 540.41085092462
0.0389003033643852 539.691633270474
0.0389372632809071 538.972415616946
0.0389741881476979 538.253197964033
0.0390110780642836 537.53398031173
0.0390479331297203 536.814762660034
0.0390847534425968 536.095545008942
0.0391215391010382 535.376327358451
0.0391582902027085 534.657109708556
0.039195006844814 533.937892059255
0.039231689124106 533.218674410545
0.0392683371368839 532.499456762422
0.0393049509789982 531.780239114882
0.0393415307458534 531.061021467923
0.0393780765324108 530.341803821541
0.0394145884331916 529.622586175734
0.0394510665422794 528.903368530497
0.0394875109533234 528.184150885828
0.039523921759541 527.464933241723
0.0395602990537204 526.74571559818
0.039596642928224 526.026497955196
0.0396329534749903 525.307280312767
0.0396692307855374 524.58806267089
0.0397054749509649 523.868845029562
0.0397416860619574 523.149627388781
0.0397778642087865 522.430409748543
0.0398140094813137 521.711192108845
0.0398501219689929 520.991974469685
0.0398862017608733 520.272756831059
0.0399222489456014 519.553539192965
0.0399582636114239 518.834321555399
0.0399942458461905 518.11510391836
0.0400301957373556 517.395886281843
0.0400661133719816 516.676668645847
0.0401019988367408 515.957451010368
0.0401378522179181 515.238233375404
0.0401736736014136 514.519015740952
0.0402094630727443 513.799798107009
0.0402452207170475 513.080580473573
0.0402809466190821 512.36136284064
0.0403166408632319 511.642145208208
0.0403523035335072 510.922927576275
0.0403879347135475 510.203709944838
0.0404235344866237 509.484492313894
0.0404591029356402 508.765274683441
0.0404946401431376 508.046057053476
0.0405301461912943 507.326839423996
0.0405656211619293 506.607621794999
0.040601065136504 505.888404166483
0.0406364781961247 505.169186538444
0.0406718604215445 504.449968910881
0.0407072118931655 503.73075128379
0.0407425326910411 503.01153365717
0.0407778228948779 502.292316031018
0.040813082584038 501.573098405331
0.0408483118375409 500.853880780108
0.0408835107340657 500.134663155345
0.0409186793519529 499.415445531041
0.040953817769207 498.696227907192
0.0409889260634979 497.977010283798
0.0410240043121631 497.257792660855
0.0410590525922098 496.538575038361
0.041094070980317 495.819357416313
0.0411290595528369 495.100139794711
0.0411640183857976 494.38092217355
0.0411989475549044 493.661704552829
0.0412338471355419 492.942486932547
0.0412687172027762 492.2232693127
0.0413035578313563 491.504051693286
0.0413383690957163 490.784834074303
0.0413731510699771 490.065616455749
0.0414079038279484 489.346398837622
0.0414426274431304 488.62718121992
0.0414773219887155 487.90796360264
0.0415119875375904 487.18874598578
0.0415466241623376 486.469528369339
0.0415812319352375 485.750310753314
0.0416158109282697 485.031093137703
0.0416503612131152 484.311875522504
0.0416848828611578 483.592657907715
0.0417193759434861 482.873440293335
0.0417538405308949 482.15422267936
0.0417882766938872 481.435005065789
0.0418226845026758 480.71578745262
0.0418570640271846 479.996569839851
0.041891415337051 479.27735222748
0.0419257385016268 478.558134615505
0.0419600335899802 477.838917003925
0.0419943006708975 477.119699392736
0.0420285398128846 476.400481781938
0.0420627510841683 475.681264171528
0.0420969345526985 474.962046561505
0.0421310902861492 474.242828951866
0.0421652183519205 473.52361134261
0.0421993188171398 472.804393733735
0.0422333917486636 472.085176125239
0.0422674372130789 471.365958517121
0.0423014552767046 470.646740909377
0.0423354460055935 469.927523302008
0.042369409465533 469.208305695009
0.0424033457220474 468.489088088381
0.0424372548403988 467.769870482122
0.0424711368855889 467.050652876229
0.0425049919223602 466.3314352707
0.0425388200151977 465.612217665535
0.0425726212283301 464.89300006073
0.0426063956257314 464.173782456286
0.0426401432711221 463.454564852199
0.0426738642279709 462.735347248468
0.0427075585594959 462.016129645091
0.042741226328666 461.296912042068
0.0427748675982022 460.577694439396
0.0428084824305792 459.858476837073
0.0428420708880265 459.139259235097
0.0428756330325298 458.420041633468
0.0429091689258326 457.700824032184
0.0429426786294371 456.981606431242
0.0429761622046059 456.262388830642
0.0430096197123629 455.543171230381
0.0430430512134949 454.823953630459
0.0430764567685531 454.104736030873
0.0431098364378538 453.385518431623
0.0431431902814799 452.666300832705
0.0431765183592825 451.94708323412
0.0432098207308817 451.227865635866
0.0432430974556682 450.50864803794
0.043276348592804 449.789430440342
0.0433095742012245 449.070212843069
0.0433427743396387 448.350995246121
0.0433759490665314 447.631777649495
0.0434090984401635 446.912560053191
0.0434422225185738 446.193342457207
0.0434753213595801 445.474124861541
0.04350839502078 444.754907266193
0.0435414435595527 444.03568967116
0.0435744670330595 443.316472076441
0.0436074654982455 442.597254482035
0.0436404390118402 441.87803688794
0.0436733876303593 441.158819294155
0.0437063114101053 440.439601700679
0.0437392104071687 439.720384107509
0.0437720846774295 439.001166514646
0.0438049342765576 438.281948922086
0.0438377592600148 437.56273132983
0.043870559683055 436.843513737876
0.0439033356007259 436.124296146221
0.0439360870678699 435.405078554866
0.043968814139125 434.685860963808
0.0440015168689262 433.966643373047
0.0440341953115062 433.24742578258
0.0440668495208967 432.528208192407
0.0440994795509293 431.808990602526
0.0441320854552366 431.089773012937
0.0441646672872534 430.370555423637
0.0441972251002171 429.651337834625
0.0442297589471697 428.932120245901
0.044262268880958 428.212902657463
0.0442947549542347 427.493685069309
0.0443272172194598 426.774467481439
0.0443596557289014 426.055249893851
0.0443920705346364 425.336032306544
0.0444244616885518 424.616814719517
0.0444568292423457 423.897597132768
0.044489173247528 423.178379546297
0.0445214937554215 422.459161960101
0.044553790817163 421.73994437418
0.0445860644837038 421.020726788533
0.0446183148058112 420.301509203159
0.044650541834069 419.582291618055
0.0446827456188787 418.863074033222
0.0447149262104602 418.143856448658
0.0447470836588529 417.424638864362
0.0447792180139165 416.705421280332
0.0448113293253318 415.986203696568
0.0448434176426019 415.266986113068
0.0448754830150528 414.547768529831
0.0449075254918345 413.828550946857
0.0449395451219218 413.109333364143
0.044971541954115 412.390115781689
0.045003516037041 411.670898199494
0.045035467419154 410.951680617557
0.0450673961487366 410.232463035876
0.0450993022739004 409.51324545445
0.0451311858425869 408.794027873279
0.0451630469025684 408.074810292362
0.0451948855014488 407.355592711696
0.0452267016866645 406.636375131282
0.0452584955054852 405.917157551118
0.0452902670050145 405.197939971202
0.0453220162321909 404.478722391535
0.0453537432337889 403.759504812115
0.0453854480564193 403.040287232941
0.0454171307465301 402.321069654011
0.0454487913504076 401.601852075326
0.045480429914177 400.882634496883
0.045512046483803 400.163416918682
0.0455436411050908 399.444199340723
0.0455752138236871 398.724981763002
0.0456067646850802 398.005764185521
0.0456382937346014 397.286546608278
0.0456698010174254 396.567329031272
0.0457012865785714 395.848111454501
0.0457327504629034 395.128893877966
0.0457641927151312 394.409676301664
0.0457956133798112 393.690458725595
0.0458270125013471 392.971241149759
0.0458583901239904 392.252023574154
0.0458897462918414 391.532805998779
0.04592108104885 390.813588423633
0.045952394438816 390.094370848715
0.0459836865053902 389.375153274025
0.046014957292075 388.655935699561
0.0460462068422249 387.936718125322
0.0460774351990477 387.217500551308
0.0461086424056046 386.498282977518
0.0461398285048113 385.779065403951
0.0461709935394385 385.059847830605
0.0462021375521128 384.340630257481
0.046233260585317 383.621412684576
0.0462643626813912 382.902195111891
0.0462954438825332 382.182977539424
0.0463265042307992 381.463759967174
0.0463575437681046 380.744542395141
0.0463885625362245 380.025324823324
0.0464195605767945 379.306107251721
0.0464505379313111 378.586889680332
0.0464814946411327 377.867672109157
0.04651243074748 377.148454538194
0.0465433462914368 376.429236967442
0.0465742413139504 375.710019396901
0.0466051158558324 374.990801826569
0.0466359699577594 374.271584256446
0.0466668036602735 373.552366686532
0.0466976170037829 372.833149116824
0.0467284100285626 372.113931547323
0.046759182774755 371.394713978028
0.0467899352823705 370.675496408937
0.0468206675912882 369.956278840051
0.0468513797412561 369.237061271367
0.0468820717718923 368.517843702886
0.0469127437226851 367.798626134607
0.0469433956329941 367.079408566528
0.0469740275420502 366.36019099865
0.0470046394889565 365.64097343097
0.0470352315126889 364.921755863489
0.0470658036520967 364.202538296206
0.0470963559459031 363.48332072912
0.0471268884327056 362.76410316223
0.0471574011509769 362.044885595535
0.0471878941390653 361.325668029035
0.0472183674351953 360.606450462729
0.047248821077468 359.887232896616
0.047279255103862 359.168015330695
0.0473096695522336 358.448797764967
0.0473400644603175 357.729580199429
0.0473704398657274 357.010362634081
0.0474007958059564 356.291145068922
0.0474311323183777 355.571927503953
0.047461449440245 354.852709939171
0.0474917472086931 354.133492374576
0.0475220256607385 353.414274810168
0.0475522848332797 352.695057245946
0.0475825247630981 351.975839681909
0.047612745486858 351.256622118057
0.0476429470411077 350.537404554388
0.0476731294622796 349.818186990902
0.0477032927866908 349.098969427598
0.0477334370505438 348.379751864477
0.0477635622899267 347.660534301536
0.0477936685408139 346.941316738775
0.0478237558390666 346.222099176194
0.0478538242204334 345.502881613792
0.0478838737205504 344.783664051569
0.0479139043749421 344.064446489522
0.0479439162190217 343.345228927653
0.0479739092880917 342.62601136596
0.0480038836173442 341.906793804442
0.0480338392418616 341.1875762431
0.0480637761966169 340.468358681931
0.0480936945164744 339.749141120937
0.0481235942361898 339.029923560115
0.048153475390411 338.310705999466
0.0481833380136785 337.591488438988
0.0482131821404258 336.872270878681
0.0482430078049799 336.153053318545
0.0482728150415617 335.433835758578
0.0483026038842866 334.714618198781
0.0483323743671649 333.995400639153
0.0483621265241021 333.276183079692
0.0483918603888994 332.556965520398
0.0484215759952546 331.837747961271
0.0484512733767616 331.118530402311
0.048480952566912 330.399312843515
0.0485106135990944 329.680095284885
0.0485402565065959 328.960877726419
0.0485698813226016 328.241660168116
0.0485994880801956 327.522442609977
0.0486290768123615 326.803225052
0.0486586475519823 326.084007494185
0.0486882003318413 325.364789936531
0.0487177351846223 324.645572379038
0.0487472521429102 323.926354821705
0.0487767512391912 323.207137264531
0.0488062325058534 322.487919707517
0.048835695975187 321.76870215066
0.0488651416793851 321.049484593962
0.0488945696505435 320.330267037421
0.0489239799206619 319.611049481036
0.0489533725216436 318.891831924808
0.0489827474852961 318.172614368735
0.0490121048433319 317.453396812817
0.0490414446273684 316.734179257053
0.0490707668689284 316.014961701444
0.0491000715994406 315.295744145987
0.0491293588502402 314.576526590684
0.0491586286525687 313.857309035532
0.049187881037575 313.138091480533
0.0492171160363151 312.418873925684
0.0492463336797531 311.699656370986
0.0492755339987611 310.980438816439
0.0493047170241199 310.26122126204
0.0493338827865192 309.542003707791
0.0493630313165581 308.82278615369
0.0493921626447453 308.103568599738
0.0494212768014997 307.384351045932
0.0494503738171505 306.665133492274
0.049479453721938 305.945915938761
0.0495085165460134 305.226698385395
0.0495375623194396 304.507480832174
0.0495665910721913 303.788263279098
0.0495956028341557 303.069045726167
0.0496245976351324 302.349828173379
0.0496535755048342 301.630610620734
0.049682536472887 300.911393068233
0.0497114805688306 300.192175515873
0.0497404078221189 299.472957963656
0.0497693182621199 298.753740411579
0.0497982119181167 298.034522859644
0.0498270888193073 297.315305307849
0.0498559489948052 296.596087756194
0.0498847924736396 295.876870204678
0.049913619284756 295.157652653302
0.0499424294570163 294.438435102063
0.049971223019199 293.719217550963
0.05 293
