0 925.44157270349
0.0052999894000318 911.396628883265
0.00749531688995861 904.167434701223
0.00917985092043157 897.073297451669
0.0105999788000636 890.01462627089
0.0118511365784994 882.970345231458
0.0129822696722375 875.933303814837
0.0140224539037626 868.900412783999
0.0149906337799172 861.870120739568
0.0158999682000954 854.841563493941
0.0167600380788498 847.814221628706
0.0175780762327663 840.787764205443
0.0183597018408631 833.761970406266
0.0191093835412303 826.736687257949
0.0198307444884526 819.711805439554
0.020526770681399 812.687244751175
0.0211999576001272 805.6629450242
0.0218524161109851 798.638860235751
0.0224859506698758 791.614954582845
0.0231021181965754 784.591199795103
0.0237022731569989 777.567573252945
0.0242876026081093 770.544056643032
0.0248591538088063 763.520634980142
0.0254178562378958 756.497295884056
0.0259645393444749 749.474029037108
0.026499947000159 742.450825771863
0.0270247493725971 735.427678753889
0.0275395527612947 728.404581735003
0.0280449078075251 721.381529359362
0.0285413163952372 714.358517009666
0.0290292374893569 707.3355406841
0.0295090921048739 700.312596897093
0.0299812675598345 693.289682598677
0.0304461211344702 686.266795108499
0.0309039832347754 679.243932061485
0.0313551601401704 672.221091362804
0.0317999364001908 665.198271150345
0.0322385769334912 658.175469763273
0.0326713288731432 651.152685715552
0.0330984231947313 644.129917673538
0.0335200761576996 637.107164436933
0.0339364905854808 630.084424922525
0.0343478570059163 623.061698150255
0.0347543546701608 616.038983231217
0.0351561524655326 609.016279357311
0.0355534097354983 601.993585792255
0.0359462770180818 594.970901863789
0.0363348967124048 587.94822695686
0.0367194036817263 580.925560507662
0.0370999258002226 573.902901998413
0.0374765844497931 566.880250952748
0.0378494949723629 559.857606931663
0.0382187670824606 552.834969529919
0.0385845052442534 545.812338372859
0.0389468090167124 538.789713113576
0.0393057733701389 531.767093430392
0.0396614889769051 524.744479024604
0.04001404247893 517.721869618468
0.040363516734126 510.699264953395
0.040709991043803 503.676664788326
0.041053541362798 496.654068898271
0.0413942404939071 489.631477072994
0.0417321582680295 482.60888911582
0.0420673617112877 475.586304842562
0.0423999152002544 468.563724080542
0.0427298806063066 461.541146667713
0.0430573174300218 454.518572451841
0.0433822829264449 447.496001289787
0.0437048322219702 440.473433046827
0.044025018423517 433.45086759605
0.0443428927206093 426.428304817794
0.0446585044809151 419.405744599139
0.0449719013397517 412.383186833439
0.0452831292840149 405.360631419891
0.0455922327309516 398.338078263141
0.0458992546021578 391.315527272919
0.0462042363931508 384.292978363707
0.0465072182388348 377.270431454428
0.0468082389751533 370.247886468165
0.0471073361971944 363.225343331894
0.0474045463139977 356.202801976241
0.0476999046002862 349.18026233526
0.0479934452453338 342.157724346221
0.0482852013991586 335.135187949415
0.0485752052162186 328.11265308798
0.0488634878967742 321.090119707726
0.0491500797260661 314.067587756986
0.0494350101114494 307.045057186467
0.0497183076176126 300.022527949117
0.05 293
