0.00259237923682606 2.59237923682605
0.0062585571123599 3.22139591612326
0.0081563104262032 4.11977337567761
0.0096748910243215 4.86238146087924
0.0109814946706542 5.50779951014979
0.0121467425470116 6.08597168308183
0.0132087971146187 6.61419738979574
0.0141911465156768 7.10347479687754
0.0151094934615459 7.56129330997945
0.0159749606577776 7.99301949960362
0.0167957721901593 8.40265220677095
0.0175782143441987 8.79326474501284
0.0183272213651633 9.16727906214572
0.0190467511846142 9.52664373805639
0.0197400365320709 9.87295402425638
0.0204097585585855 10.2075354167134
0.0210581703623962 10.531503436994
0.0216871870416935 10.8458074028333
0.0222984527432594 11.1512631320864
0.0228933915106621 11.4485778165049
0.0234732464767915 11.7383692401051
0.0240391105106353 12.0211808376093
0.0245919504921998 12.2974936426702
0.0251326267643709 12.5677358763596
0.0256619088841494 12.8322907214513
0.0261804884993392 13.0915026850051
0.026688989967217 13.345682850359
0.0271879791812265 13.5951132465622
0.0276779709621203 13.8400505099617
0.0281594352890785 14.0807289732061
0.0286328025859173 14.3173632874043
0.029098468231876 14.5501506608638
0.0295567964316671 14.7792727807667
0.0300081235526603 15.0048974709832
0.0304527610162424 15.2271801289872
0.0308909978140703 15.4462649768164
0.0313231027070451 15.6622861546569
0.0317493261545853 15.8753686805951
0.0321699020135649 16.0856292960224
0.0325850490396672 16.2931772129088
0.0329949722185375 16.4981147765248
0.0333998639497448 16.7005380550056
0.03379990510297 16.9005373654018
0.0341952659628837 17.0981977443742
0.0345861070767262 17.2935993704937
0.0349725800165631 17.4868179440952
0.0353548280664876 17.6779250297764
0.0357329868436082 17.8669883659408
0.0361071848604599 18.0540721451807
0.0364775440354516 18.2392372687853
0.036844180157103 18.4225415782354
0.037207203307083 18.6040400661748
0.0375667182464321 18.7837850690444
0.0379228247688115 18.9618264432868
0.0382756180241562 19.1382117268003
0.0386251888157069 19.3129862871285
0.0389716238730496 19.4861934576891
0.0393150061034903 19.6578746632063
0.0396554148238293 19.8280695353655
0.0399929259743719 19.996816019618
0.0403276123168104 20.1641504739372
0.040659543617441 20.3301077602662
0.0409887868170207 20.4947213292987
0.041315406188436 20.658023299183
0.0416394634832377 20.8200445286714
0.041961018067985 20.9808146851841
0.0422801270512546 21.1403623082198
0.0425968454020827 21.2987148684907
0.0429112260605366 21.4558988231269
0.0432233200410455 21.611939667272
0.0435331765290618 21.7668619823485
0.043840842971572 21.9206894812563
0.0441463651619283 22.0734450507323
0.0444497873194308 22.2251507910945
0.0447511521640524 22.3758280535585
0.0450505009866627 22.5254974753099
0.0453478737150793 22.6741790124913
0.0456433089762448 22.821891971258
0.0459368441548035 22.968655037034
0.0462285154483307 23.114486302097
0.046518357919443 23.2594032916096
0.0468064055450053 23.4034229881959
0.0470926912626274 23.5465618551694
0.0473772470146312 23.6888358584941
0.0476601037896555 23.8302604875672
0.0479412916620501 23.9708507749015
0.048220839829203 24.1106213147702
0.0484987766469298 24.2495862808862
0.0487751296630484 24.3877594431773
0.0490499256492506 24.5251541837075
0.0493231906313755 24.661783511802
0.0495949499181809 24.7976600784212
0.0498652281287036 24.9327961898315
