0 151099098533.097 0 0 -0.1 -426121741.213618 3000
21024 151099098633.092 -2102.66102288136 0.00951250375309018 -0.100037246476633 -426121741.136081 1
234250.362878435 151099110958.436 -23786.1871889085 0.106184849563068 -0.104626100877301 -426121731.514324 2
447476.72575687 151099143985.93 -47266.9947301014 0.203842775249188 -0.116901725597766 -426121705.103917 3
650543.385606233 151099194964.366 -72804.2382215033 0.298595837097748 -0.135790504616904 -426121662.568773 4
853610.045455597 151099265426.444 -102896.832881319 0.395873172371367 -0.161783386982163 -426121600.31452 5
1043102.69156399 151099349275.769 -136368.101668051 0.489659783257867 -0.192545548199143 -426121521.142227 6
1232595.33767239 151099451229.579 -176273.130766885 0.587077573669017 -0.229710564468391 -426121417.677294 7
1411124.30819472 151099564526.202 -220855.794595812 0.682846941317306 -0.270714463852736 -426121293.798038 8
1589653.27871706 151099695315.449 -273288.54711837 0.783153903120076 -0.31767913641328 -426121139.655928 9
1759455.31070951 151099836736.323 -331426.852092719 0.883401426585024 -0.368036888712546 -426120960.207447 10
1929257.34270196 151099995625.91 -398599.188956183 0.989016931405202 -0.424116674052562 -426120743.598536 11
2091834.47744705 151100165017.892 -472291.484579407 1.09579335907533 -0.483355431381024 -426120496.187072 12
2254411.61219214 151100352262.312 -556069.068436898 1.20874405635591 -0.548219470430466 -426120204.104803 13
2410809.45023892 151100550222.367 -647048.373449777 1.32385846251787 -0.616134783098996 -426119875.423146 14
2567207.28828569 151100766723.507 -749087.119623939 1.44595653742043 -0.689685804139643 -426119494.130873 15
2718172.53259796 151100994363.537 -858915.299614249 1.57108260226199 -0.76626080134024 -426119070.344514 16
2869137.77691024 151101241474.2 -980733.011344607 1.70401920111133 -0.848567756149515 -426118585.702798 17
3015229.46288054 151101500304.925 -1110867.26915736 1.84076737545623 -0.933934325682033 -426118052.673184 18
3161321.14885084 151101779737.635 -1253900.41370572 1.98617926637966 -1.02520205832679 -426117450.319802 19
3302985.24825604 151102071622.309 -1405752.34107148 2.13615104701138 -1.11962536170881 -426116793.692804 20
3444649.34766125 151102385420.363 -1571411.55437718 2.29567324104906 -1.22018470000769 -426116059.09125 21
3582239.48050412 151102712504.047 -1746369.84425776 2.46047311663915 -1.32403946237244 -426115264.431123 22
3719829.61334699 151103062974.296 -1936055.96483477 2.63574690978975 -1.43432479864939 -426114383.001379 23
3853655.74588959 151103427713.13 -2135545.82421484 2.81702924007653 -1.54810378616496 -426113435.69477 24
3987481.8784322 151103817468.795 -2350711.96948987 3.00975157802486 -1.66866549016761 -426112392.673372 25
4117800.19410299 151104222560.194 -2576192.39840109 3.20920667545117 -1.79295591269588 -426111278.05551 26
4248118.50977379 151104654446.354 -2818334.2045707 3.42111183153342 -1.92443552881376 -426110058.641927 27
4375150.052991 151105102830.59 -3071324.84590079 3.64048228904628 -2.05991865687831 -426108761.965861 28
4502181.59620822 151105579930.329 -3342007.29720547 3.87335857105234 -2.20304987821347 -426107351.277778 29
4626117.2609526 151106074770.735 -3624098.66255556 4.11444027142355 -2.3504939280563 -426105857.737115 30
4750052.92569699 151106600385.51 -3924964.3102572 4.37012990631247 -2.50609560856037 -426104240.835054 31
4871077.80662141 151107145142.572 -4237877.7678427 4.63481565321993 -2.66637649580399 -426102535.300188 32
4992102.68754583 151107722877.295 -4570711.79588697 4.91526277948522 -2.83537639095434 -426100696.881829 33
5110364.90974004 151108321165.661 -4916232.57357696 5.20547806838714 -3.0094339943367 -426098764.297 34
5228627.13193424 151108954768.694 -5282884.20613389 5.51265574751409 -3.19282059809849 -426096689.164985 35
5344280.09788501 151109610529.806 -5662972.5109648 5.83044650979356 -3.3817086279039 -426094513.97951 36
5459933.06383578 151110304087.773 -6065478.55985643 6.166454543341 -3.58058700049217 -426092186.386076 37
5573116.31204191 151111021513.494 -6482236.342575 6.51395249917741 -3.78544909399505 -426089752.749718 38
5686299.56024803 151111779365.017 -6922781.16886479 6.8809776417609 -4.00101444764075 -426087156.635041 39
5797121.95227524 151112562764.477 -7378383.20328195 7.26033741530818 -4.22304587193544 -426084448.84077 40
5907944.34430246 151113389352.399 -7859220.70648277 7.66058302406679 -4.45654150796033 -426081568.33769 41
6016527.66149531 151114243418.544 -8356077.07593267 8.07411192773087 -4.69706492838223 -426078569.906354 42
6125110.97868815 151115143587.224 -8879710.83066227 8.50994227101792 -4.94986626371624 -426075388.30497 43
6231564.4482341 151116073251.24 -9420389.23976218 8.96002970727786 -5.21028960371577 -426072082.461155 44
6338017.91778005 151117052083.233 -9989484.01849667 9.43389049517571 -5.48385747002375 -426068582.759997 45
6442441.95264665 151118062531.61 -10576725.8176766 9.92301548998922 -5.76567899298375 -426064952.379448 46
6546865.98751326 151119125366.484 -11194124.4639348 10.4374419538515 -6.06156531223258 -426061117.229774 47
6649344.26476853 151120221945.287 -11830794.8982402 10.9681254586904 -6.36634750086805 -426057145.199744 48
6751822.54202379 151121374273.839 -12499462.713418 11.5256895241114 -6.68616658398009 -426052957.308689 49
6852451.60909974 151122562787.896 -13188730.3862547 12.1006372670644 -7.01562010098433 -426048625.467316 50
6953080.67617568 151123810582.091 -13911952.2233067 12.7041049628086 -7.36114102912292 -426044066.421957 51
7051951.98086336 151125097160.918 -14657216.4457442 13.3261398808595 -7.71708796629717 -426039356.057949 52
7150823.28555104 151126446723.685 -15438514.7875638 13.9783956565653 -8.09019370740201 -426034406.893811 53
7248006.15313435 151127837581.775 -16243272.4973776 14.6503388096702 -8.47450275260075 -426029299.667274 54
7345189.02071766 151129295283.22 -17086260.7390784 15.3542546083438 -8.87711890084027 -426023941.884455 55
7440766.0231775 151130797174.844 -17954375.9655909 16.0791412697683 -9.29183284567586 -426018418.210829 56
7536343.02563734 151132369951.785 -18863053.6582777 16.8378137685915 -9.72606748552428 -426012631.993232 57
7630390.62858612 151133989958.534 -19798640.5589072 17.6187860369449 -10.1733463424689 -426006671.876214 58
7724438.23153489 151135685078.8 -20777263.4018819 18.4354177309302 -10.6414270437855 -426000437.018806 59
7817017.6868982 151137430429.065 -21784589.0667399 19.2756324349203 -11.1235006299838 -425994020.785504 60
7909597.14226152 151139255293.672 -22837562.0972607 20.1534310191822 -11.6277223773264 -425987317.496825 61
8000786.4926037 151141133944.847 -23921390.2508895 21.0563342809205 -12.1470538232469 -425980423.736544 62
8091975.84294589 151143096723.421 -25053642.4494942 21.9988120298461 -12.6899575037193 -425973230.389969 63
8181839.47829793 151145116853.358 -26218948.1711274 22.9678872086306 -13.2491060745397 -425965837.919771 64
8271703.11364998 151147225925.825 -27435619.1216042 23.9785849066043 -13.8333277022109 -425958133.206397 65
8360298.20056153 151149396010.184 -28687642.9970958 25.0173827210728 -14.4349735912939 -425950220.887295 66
8448893.28747307 151151660051.354 -29994141.6183669 26.0999028806596 -15.0632712332033 -425941983.609548 67
8536280.12634279 151153989109.387 -31338541.9011168 27.2121508869932 -15.7102875275414 -425933529.562334 68
8623666.96521251 151156417355.35 -32740711.092833 28.3702764070349 -16.3856192963387 -425924737.783717 69
8709906.07032465 151158914937.686 -34183568.4083059 29.5598631371909 -17.0810732702819 -425915719.570581 70
8796145.1754368 151161517169.976 -35687688.4052006 30.7975391500913 -17.8065978797802 -425906350.818316 71
8881293.07033703 151164193272.794 -37235469.4420681 32.0684623423259 -18.5537321964145 -425896745.902111 72
8966440.96523725 151166979723.226 -38848216.8356645 33.3897395613326 -19.3327877419814 -425886777.665327 73
9050557.89141954 151169845054.028 -40507942.982368 34.7462204249041 -20.1351002109681 -425876562.618438 74
9134674.81760182 151172826690.696 -42236572.1415332 36.1553780202335 -20.9712900377382 -425865971.497996 75
9217808.65019535 151175892166.23 -44015545.6180909 37.6016099655689 -21.8323993107042 -425855123.976121 76
9300942.48278889 151179080147.828 -45867589.9951608 39.1028838538674 -22.7294452951486 -425843887.807703 77
9383149.59391558 151182357614.648 -47773829.8357997 40.6433593239016 -23.6532990976165 -425832384.170274 78
9465356.70504227 151185764068.627 -49757573.1264988 42.2412943921719 -24.6152669198452 -425820479.466252 79
9546692.68612665 151189266076.377 -51799706.1148526 43.8806798347821 -25.6060866772513 -425808295.821896 80
9628028.66721102 151192903849.657 -53924061.2390165 45.5799937400812 -26.6373242634736 -425795698.901095 81
9708537.96247428 151196643210.591 -56111088.6055492 47.3229059551233 -27.6994881600648 -425782812.864497 82
9789047.25773753 151200525392.648 -58385343.5573343 49.1282486697022 -28.8044981309505 -425769501.726725 83
9868783.0895842 151204516060.333 -60727179.8234051 50.9796468061973 -29.9427981131545 -425755889.606485 84
9948518.92143087 151208656928.685 -63161578.4456676 52.896021204393 -31.1265149719724 -425741840.925831 85
10027527.1461438 151212913330.609 -65668691.9758597 54.8608729422745 -32.3459770576693 -425727480.312576 86
10106535.3708568 151217327628.04 -68274042.4437388 56.8932757286768 -33.613571246194 -425712672.200747 87
10184872.0660707 151221865622.439 -70958052.1306534 58.976975830322 -34.9197392899794 -425697539.019376 88
10263208.7612845 151226569583.04 -73746368.4455006 61.1308447556147 -36.2769223291596 -425681947.889573 89
10340914.8616103 151231405134.435 -76619301.5617976 63.3385773193296 -37.6754894344041 -425666021.183993 90
10418620.961936 151236415056.338 -79602999.3122362 65.6191084879891 -39.128114250502 -425649626.834091 91
10495745.8079651 151241565574.047 -82678123.3927186 67.9564350276658 -40.625318416483 -425632884.604647 92
10572870.6539941 151246899255.178 -85870914.7406401 70.3692111350939 -42.1798050899856 -425615665.792097 93
10649462.2974027 151252383147.065 -89162524.1970043 72.8418312906834 -43.7823147168833 -425598086.888733 94
10726053.9408112 151258059400.574 -92579183.2634649 75.3925646208858 -45.4455246608313 -425580023.342155 95
10802159.412997 151263896141.004 -96102693.987435 78.0063119402937 -47.1604718371082 -425561587.635162 96
10878264.8851828 151269934864.241 -99759154.9262775 80.7008392168079 -48.9397417220336 -425542660.231262 97
10953933.8832492 151276145355.022 -103531383.824532 83.4618034879797 -50.7748431889703 -425523347.902124 98
11029602.8813156 151282567911.121 -107445037.292557 86.3062148755138 -52.6781128693633 -425503537.916858 99
11104881.9063388 151289174117.785 -111484052.630249 89.2205356412627 -54.6415793444 -425483331.073864 100
11180160.9313621 151296002941.454 -115673579.737259 92.2209543992813 -56.6772918333159 -425462621.88212 101
11255096.3806971 151303028185.299 -119998953.995614 95.2949056836779 -58.7779301962432 -425441504.108457 102
11330031.8300322 151310287090.726 -124484593.513517 98.4575776165933 -60.9551391917304 -425419880.700891 103
11404671.7637599 151317756313.623 -129117654.037365 101.697632073659 -63.2024497399264 -425397836.77666 104
11479311.6974876 151325470771.468 -133921466.05405 105.028992370474 -65.5309212345983 -425375285.464788 105
11553709.4795211 151333411078.374 -138885735.898364 108.441995387043 -67.9352823520967 -425352300.38004 106
11628107.2615546 151341608786.834 -144032068.524025 111.948850756889 -70.4256893313945 -425328807.765701 107
11702313.6871014 151350048825.261 -149353000.045038 115.541683608103 -72.9981938041315 -425304869.208974 108
11776520.1126483 151358759040.519 -154868195.359819 119.230854566961 -75.6619368356987 -425280424.787119 109
11850581.2248455 151367728758.797 -160573137.593593 123.010268422659 -78.4143372738744 -425255524.3696 110
11924642.3370427 151376982032.54 -166485489.714452 126.888414261917 -81.2634829134812 -425230121.788977 111
11998608.5685201 151386513806.173 -172604538.499862 130.86143676341 -84.2085570876332 -425204252.46959 112
12072574.7999974 151396343178.023 -178945198.417475 134.935483354587 -87.2562257285763 -425177886.837543 113
12146505.2809562 151406472691.211 -185511941.611334 139.10969026045 -90.4080796308706 -425151041.398597 114
12220435.7619149 151416914614.277 -192315705.959231 143.387112430852 -93.66876460523 -425123707.705517 115
12302568.6932999 151428890702.36 -200162198.496444 148.261393987709 -97.4227925965696 -425092774.945242 116
12384732.344638 151441277167.041 -208325969.590788 153.267550624467 -101.32119873804 -425061241.823219 117
12466937.8210495 151454086966.01 -216820488.354699 158.407618436068 -105.369345376925 -425029112.561843 118
12549200.0224422 151467334028.862 -225660238.879872 163.683819991795 -109.57296924933 -424996390.856427 119
12631539.0360775 151481033599.425 -234860987.604902 169.098680555221 -113.938296666592 -424963079.21423 120
12713980.3438801 151495202425.091 -244439958.597982 174.65507740725 -118.472112433511 -424929178.73716 121
12796545.8328478 151509857305.357 -254414896.820445 180.355648887833 -123.181302048038 -424894692.779691 122
12879256.8745028 151525015584.017 -264804430.176072 186.20297729269 -128.07301057723 -424859625.802337 123
12962138.3270695 151540695921.503 -275628641.106052 192.199868877835 -133.154896390821 -424823981.705367 124
13045216.9264877 151556918100.557 -286908989.273469 198.349253084275 -138.435075936915 -424787764.484641 125
13128515.3423023 151573701891.634 -298667570.7909 204.653733295618 -143.92175881725 -424750980.879042 126
13212061.6802095 151591068953.113 -310928494.670165 211.116284933613 -149.623871613564 -424713636.268529 127
13295884.1050652 151609041859.243 -323717272.782465 217.739859447143 -155.550748624501 -424675737.035186 128
13380009.5221951 151627643833.132 -337060689.633919 224.527264280118 -161.712048153033 -424637291.234377 129
13464473.9216338 151646901124.223 -350988586.834079 231.481998533556 -168.118547952731 -424598303.892115 130
13549306.9133669 151666839666.048 -365531549.922033 238.607000815153 -174.781046028169 -424558784.116122 131
13634543.7462686 151687487838.014 -380722987.221292 245.905618553275 -181.711284924753 -424518739.637979 132
13720225.6162159 151708876781.677 -396599496.303608 253.381662432472 -188.922074090017 -424478176.638546 133
13806387.74532 151731037553.198 -413198872.622568 261.038364455183 -196.426341269806 -424437105.443357 134
13893076.7965979 151754005618.222 -430563585.55091 268.879895990004 -204.238660889133 -424395532.336303 135
13980337.8749171 151777817746.284 -448738625.795095 276.910226046684 -212.374220465845 -424353465.791716 136
14068219.7562725 151802513492.885 -467772783.659342 285.133573176001 -220.849336395988 -424310914.078396 137
14156781.023105 151828137206.088 -487720416.240113 293.554989303236 -229.682164171604 -424267882.364561 138
14246078.0606806 151854734878.865 -508639253.16645 302.17922801467 -238.891638204851 -424224378.649849 139
14336179.9037745 151882358744.764 -530594255.11189 311.012152346664 -248.499081260727 -424180406.692612 140
14427158.1899439 151911064703.464 -553655934.927886 320.059771238776 -258.527345753536 -424135971.063926 141
14519095.960016 151940915433.724 -577903220.482012 329.329094926045 -269.001930823428 -424091073.066351 142
14612083.9276896 151971979768.74 -603423431.960313 338.827763736812 -279.950807782851 -424045712.815621 143
14706224.3901731 152004334554.307 -630314344.299178 348.564428953424 -291.405120175221 -423999887.657405 144
14801639.0802501 152038068179.677 -658687825.926739 358.549562435184 -303.400496896098 -423953588.768707 145
14898460.0722741 152073278382.217 -688668859.914347 368.794497363571 -315.976348505429 -423906806.117838 146
14996852.0883878 152110081463.131 -720404417.818107 379.313753968515 -329.179244984079 -423859518.369577 147
15096989.707827 152148605396.734 -754058899.688136 390.12258268625 -343.060564383794 -423811704.77456 148
15199096.8424147 152189006546.284 -789830295.025052 401.24113487009 -357.682638191285 -423763327.403853 149
15303428.8430145 152231465460.321 -827948843.179173 412.692472491226 -373.117435771456 -423714341.339838 150
15410287.2284158 152276195500.918 -868687452.817083 424.504018732142 -389.449905572598 -423664689.667939 151
15520029.4059893 152323450541.128 -912372316.09446 436.70841520084 -406.781060249652 -423614301.548157 152
15633029.0458955 152373511510.217 -959374687.287122 449.338747696757 -425.223332080942 -423563113.292286 153
15749601.7433731 152426654154.216 -1010084008.0529 462.419601263212 -444.888834113769 -423511103.649159 154
15869821.752977 152483059023.026 -1064821867.00736 475.945614923236 -465.855776254439 -423458373.05085 155
15993026.8709519 152542552883.636 -1123578607.71802 489.824866042478 -488.070876629743 -423405345.564713 156
16103895.806945 152597551554.729 -1178828204.3063 502.311831013288 -508.694242550434 -423358547.805303 157
16214764.742938 152653933741.966 -1236397607.21164 514.779901140484 -529.918850897656 -423312658.036132 158
16320793.9386931 152709146202.87 -1293685574.62368 526.671312542764 -550.780426953706 -423269649.249736 159
16426823.1344481 152765617190.777 -1353214701.63929 538.516813622579 -572.193235522534 -423227522.418587 160
16528034.5591431 152820691148.273 -1412183344.11656 549.768332004002 -593.147016552064 -423188150.934499 161
16629245.9838381 152876900606.898 -1473298118.47839 560.952976950293 -614.601937876511 -423149615.95987 162
16726674.951215 152932075175.064 -1534203501.81486 571.645069167852 -635.727177865695 -423113322.492715 163
16824103.918592 152988287451.909 -1597189589.96679 582.253022596581 -657.313863460291 -423077823.704778 164
16918625.0283754 153043805487.895 -1660326726.07575 592.453739365671 -678.695265423138 -423044149.843039 165
17013146.1381588 153100283097.283 -1725505197.53063 602.555290172412 -700.506659349293 -423011233.79313 166
17105396.5956292 153156319833.745 -1791125031.47924 612.309241934429 -722.206117718607 -422979841.31256 167
17197647.0530997 153213251246.892 -1858765314.7684 621.950489749809 -744.30971701762 -422949173.31411 168
17288085.1386387 153269922238.665 -1927073836.28822 631.284347202903 -766.368294672872 -422919810.269615 169
17378523.2241777 153327431769.624 -1997394594.67361 640.493055434036 -788.808906952837 -422891140.640232 170
17467486.8978171 153384810527.11 -2068565582.02809 649.421577390557 -811.252912778016 -422863611.858045 171
17556450.5714565 153442977573.225 -2141749422.9439 658.213363989457 -834.059401198297 -422836746.903993 172
17644199.5462177 153501110440.479 -2215937114.61395 666.743744929081 -856.905715429104 -422810894.178605 173
17731948.5209788 153559985415.296 -2292144702.62611 675.126503112853 -880.096767139847 -422785676.78044 174
17818680.8270196 153618894534.747 -2369483699.82961 683.260126896533 -903.353695978984 -422761369.627626 175
17905413.1330603 153678502303.111 -2448854091.01793 691.23585310278 -926.938867016755 -422737670.080106 176
17991282.491211 153738191528.872 -2529463719.75615 698.970156572723 -950.608242846847 -422714797.584798 177
18077151.8493616 153798537742.735 -2612119278.58773 706.536844128635 -974.590234740312 -422692505.595102 178
18162287.0593583 153859002176.179 -2696114156.22562 713.867235351972 -998.67104972897 -422670969.1587 179
18247422.2693549 153920083197.95 -2782171864.58792 721.020778725961 -1023.04951202151 -422649986.785245 180
18331926.7181856 153981306329.328 -2869656725.91458 727.940659615038 -1047.5367028397 -422629699.085623 181
18416431.1670163 154043106417.667 -2959222863.5456 734.674918791177 -1072.30702885305 -422609939.629487 182
18500385.5024249 154105059801.163 -3050290356.8094 741.176083206693 -1097.19125939697 -422590822.789128 183
18584339.8378335 154167550881.103 -3143458315.19867 747.483305392257 -1122.3444044712 -422572208.959392 184
18667817.0554977 154230203613.13 -3238201503.83424 753.557260729013 -1147.61580894405 -422554190.272003 185
18751294.2731618 154293354991.098 -3335064958.28499 759.42935792269 -1173.14214289608 -422536650.062381 186
18834352.8551967 154356667669.926 -3433567841.7399 765.066828815045 -1198.78787541067 -422519663.192957 187
18917411.4372316 154420439926.252 -3534210875.32356 770.494929349494 -1224.67469331106 -422503130.965413 188
19000098.9076675 154484366308.192 -3636549679.08004 775.68625218173 -1250.67955048467 -422487114.664354 189
19082786.3781034 154548713027.493 -3741048197.60385 780.661094370942 -1276.91172610426 -422471529.883988 190
19165138.3249612 154613198482.494 -3847287689.8036 785.396298421935 -1303.25747681054 -422456427.755008 191
19247490.2718189 154678064729.629 -3955705641.23193 789.908330255035 -1329.81679574516 -422441734.732196 192
19329544.0367488 154743056410.722 -4065914895.16952 794.178034360724 -1356.48630377316 -422427492.437189 193
19411597.8016788 154808389048.098 -4178320724.0996 798.218245602894 -1383.35566290359 -422413637.652116 194
19493382.7270772 154873828039.813 -4292560107.91102 802.013072873476 -1410.32968154234 -422400204.690214 195
19575167.6524757 154939567788.388 -4409013214.04223 805.572467590832 -1437.48983270764 -422387138.452606 196
19656710.5177316 155005393093.15 -4527340440.3407 808.883398832292 -1464.74861863371 -422374467.034373 197
19738253.3829875 155071478577.531 -4647897498.81084 811.953324713985 -1492.17981241696 -422362142.395777 198
19819573.4240277 155137622901.404 -4770359552.31146 814.771536095397 -1519.70136608361 -422350188.107344 199
19900893.4650679 155203986413.517 -4895066154.36587 817.343556312888 -1547.38157334051 -422338561.470188 200
19982009.7049164 155270381918.682 -5021708919.52317 819.660783844346 -1575.14399790804 -422327281.994522 201
20063125.9447649 155336955227.928 -5150609588.45543 821.72700246628 -1603.05130235689 -422316311.885803 202
20144051.7565377 155403529038.595 -5281469046.74629 823.535385837156 -1631.03091797564 -422305667.722047 203
20224977.5683106 155470238876.477 -5414598126.48456 825.088327802107 -1659.14161101978 -422295315.45941 204
20305725.9614191 155536917346.187 -5549707800.49287 826.380620867139 -1687.3147142894 -422285269.072196 205
20386474.3545277 155603689706.077 -5687097186.35834 827.413412742361 -1715.6050755871 -422275497.946458 206
20467059.3690108 155670399595.2 -5826490554.22093 828.182970584014 -1743.94843764515 -422266013.587258 207
20547644.383494 155737160909.117 -5968172185.06177 828.689319764997 -1772.39523523755 -422256788.682569 208
20628079.5064405 155803828097.043 -6111880201.85776 828.930030008249 -1800.88556110813 -422247832.572928 209
20708514.629387 155870503939.503 -6257883490.92475 828.904167231241 -1829.46550403353 -422239120.930212 210
20788812.0383758 155937052801.423 -6405933101.98248 828.610441695704 -1858.0791588144 -422230661.282176 211
20869109.4473645 156003567266.49 -6556283404.30448 828.047119171752 -1886.7686211875 -422222431.909381 212
20949268.6633746 156069911297.888 -6708675503.60531 827.214047763298 -1915.47755087801 -422214439.953221 213
21029427.8793846 156136177652.25 -6863371418.37851 826.108771939131 -1944.24847673267 -422206664.78913 214
21109466.3733812 156202244881.027 -7020137654.59399 824.731952139385 -1973.03114043475 -422199111.536429 215
21189504.8673779 156268190934.774 -7179209587.17843 823.080607459823 -2001.86202844218 -422191762.380746 216
21269426.4418241 156333897774.143 -7340353373.12914 821.1563281444 -2030.69211952864 -422184621.828499 217
21349348.0162704 156399439782.514 -7503802728.58531 818.955575544855 -2059.55669088425 -422177673.368198 218
21429164.0741419 156464708661.754 -7669339772.85774 816.480572243284 -2088.41076222003 -422170920.320358 219
21508980.1320134 156529768904.455 -7837180710.01496 813.727460222015 -2117.28561518148 -422164348.061471 220
21588703.5405714 156594523160.356 -8007128086.7799 810.698879684255 -2146.14089461671 -422157958.730739 221
21668426.9491295 156659024834.183 -8179376234.30455 807.390850914237 -2175.00330686501 -422151739.563175 222
21748060.2957031 156723179220.526 -8353726966.87478 803.806733358654 -2203.83344213334 -422145692.407872 223
21827693.6422768 156787037030.708 -8530373327.36092 799.942190380038 -2232.65711557432 -422139805.393368 224
21907244.958808 156850510627.006 -8709129023.80259 795.800971982238 -2261.43786949795 -422134079.723336 225
21986796.2753392 156913643607.143 -8890173516.77463 791.378670392692 -2290.19863132013 -422128504.770534 226
22066274.8661105 156976356379.214 -9073336301.54744 786.67923501847 -2318.90638057083 -422123081.074494 227
22145753.4568818 157038684465.012 -9258779453.02708 781.698364586757 -2347.58067693017 -422117799.245571 228
22225163.6559159 157100552382.177 -9446337532.01788 776.440413215763 -2376.19016224039 -422112659.545752 229
22304573.8549501 157161991590.433 -9636165680.78586 770.901012037677 -2404.75281390705 -422107653.389369 230
22383928.9270422 157222937558.069 -9828125776.32037 765.084186667768 -2433.24215830542 -422102780.250419 231
22463283.9991342 157283410773.862 -10022344303.78 758.986167032435 -2461.67136373437 -422098032.858899 232
22542590.3660338 157343352269.758 -10218694949.1903 752.611022765843 -2490.01638060551 -422093410.375811 233
22621896.7329333 157402777047.187 -10417290669.8797 745.95525549646 -2518.28804063251 -422088906.319777 234
22701163.6102239 157461633676.554 -10618024826.3799 739.02263677951 -2546.46570788257 -422084519.421245 235
22780430.4875144 157519929688.571 -10820989154.2606 731.810259631048 -2574.55688802831 -422080244.08622 236
22859668.9288167 157577622327.235 -11026102531.3373 724.321288475756 -2602.54498436052 -422076078.565706 237
22938907.370119 157634710509.265 -11233429741.2947 716.553701700447 -2630.43354914033 -422072018.179523 238
23018123.0210465 157691156033.769 -11442902057.3905 708.510457884977 -2658.20809034508 -422068061.017341 239
23097338.6719739 157746953424.976 -11654570139.7356 700.190055804316 -2685.87015782105 -422064202.954293 240
23185341.0915176 157808153366.495 -11892280347.5407 690.622712266403 -2716.46082903722 -422060029.675755 241
23264543.294075 157862501521.006 -12108515905.1985 681.721458351389 -2743.85965978706 -422056372.146493 242
23343745.4966324 157916133805.57 -12326916308.552 672.545859590951 -2771.12606652902 -422052805.081583 243
23431750.8584915 157974861186.68 -12572117524.1459 662.029919318311 -2801.26002183955 -422048944.494741 244
23519762.1309386 158032652167.53 -12819979565.3208 651.177397043843 -2831.21595627412 -422045188.697476 245
23607778.4978064 158089476545.644 -13070484401.7481 639.99003723025 -2860.98493321525 -422041534.408883 246
23695807.7678914 158145309720.864 -13323638074.2115 628.468584575904 -2890.56096483827 -422037978.110867 247
23783845.6400994 158200119413.206 -13579411423.1724 616.615452359867 -2919.93401954213 -422034516.89514 248
23871902.0712802 158253882324.01 -13837816072.7527 604.431251538119 -2949.09886765524 -422031147.399223 249
23959979.1849302 158306570193.6 -14098840719.3055 591.917705225706 -2978.04767216767 -422027866.687817 250
24048077.7379637 158358154028.075 -14362469433.1809 579.076840024852 -3006.77218638218 -422024671.977125 251
24136207.1241899 158408609855.29 -14628711826.7955 565.909498241928 -3035.26699396461 -422021560.276237 252
24224364.5300682 158457906636.948 -14897540420.7249 552.418409195115 -3063.52273640577 -422018529.130562 253
24312560.9671149 158506021114.539 -15168969395.6653 538.604286128047 -3091.53451665149 -422015575.702167 254
24400794.8060631 158552922972.866 -15442973967.8063 524.469866179913 -3119.29340797219 -422012697.678991 255
24489078.4316281 158598589324.87 -15719572503.7621 510.015724902956 -3146.79490615853 -422009892.380932 256
24577406.1217008 158642987786.424 -15998726484.7986 495.245458550954 -3174.02885574601 -422007157.795721 257
24665782.4794612 158686091467.315 -16280429047.2673 480.161098119837 -3200.98836801034 -422004491.656198 258
24754210.0625019 158727872457.23 -16564666450.5719 464.765105916593 -3227.66594185491 -422001891.837497 259
24842694.6929756 158768304369.133 -16851435077.7455 449.059459875695 -3254.05507255872 -421999356.196031 260
24931245.1622876 158807361954.711 -17140740889.2996 433.045653712061 -3280.15010722358 -421996882.586537 261
25019857.9760481 158845014499.804 -17432549360.4057 416.727484319059 -3305.94177588385 -421994469.279251 262
25108539.231361 158881235584.891 -17726856774.8326 400.107118789302 -3331.42366270543 -421992114.341368 263
25197297.2070955 158915999457.885 -18023666575.0657 383.186363448687 -3356.58994071902 -421989815.856512 264
25286128.2687733 158949275682.862 -18322941955.9803 365.969385779512 -3381.43141270004 -421987572.280207 265
25375042.7713034 158981039198.057 -18624692604.5176 348.45776132786 -3405.94283484121 -421985381.769928 266
25464043.0838311 159011261828.526 -18928901029.0382 330.65468679634 -3430.11671235374 -421983242.747298 267
25553135.1350312 159039916600.75 -19235561453.0225 312.562743051029 -3453.94652468868 -421981153.604271 268
25642317.3859215 159066974178.597 -19544641881.9471 294.186131701876 -3477.42377138705 -421979112.960444 269
25731596.9763536 159092408006.036 -19856139743.9397 275.527388454639 -3500.54227844491 -421977119.284184 270
25820978.6870906 159116190671.631 -20170043996.4069 256.589612288256 -3523.29522528215 -421975171.152063 271
25910469.7619133 159138295274.369 -20486351936.9538 237.37545981335 -3545.67639040305 -421973267.139034 272
26000069.133508 159158692837.62 -20805031021.2947 217.889471510794 -3567.67747354757 -421971406.043716 273
26089784.8464498 159177356577.449 -21126080476.8381 198.134327299434 -3589.292443949 -421969586.516916 274
26179616.1789748 159194257824.066 -21449467727.5361 178.114733300315 -3610.51314772629 -421967807.431925 275
26269576.2693946 159209370476.085 -21775209616.912 157.832408494635 -3631.334698435 -421966067.429841 276
26359658.279889 159222664949.02 -22103250267.8898 137.293666735108 -3651.74755778362 -421964365.581118 277
26449870.0689225 159234114273.679 -22433586343.0666 116.501635316388 -3671.74562480363 -421962700.707426 278
26540215.5595505 159243690804.612 -22766199739.796 95.4604362501449 -3691.32188432973 -421961071.744369 279
26630705.6504911 159251367444.974 -23101097669.0653 74.172656914068 -3710.47078633003 -421959477.541602 280
26721336.699113 159257115769.805 -23438233054.1241 52.6444085835433 -3729.18367932079 -421957917.241515 281
26812112.8281641 159260908288.142 -23777586751.3198 30.8801196156101 -3747.45361866846 -421956389.878159 282
26903044.7451634 159262717604.111 -24119163816.6997 8.88273691882625 -3765.27493833573 -421954894.410581 283
26994127.8809361 159262515984.611 -24462911369.1067 -13.3409830497779 -3782.63896599997 -421953430.081116 284
27085370.5391217 159260276060.026 -24808824209.1325 -35.7872690618409 -3799.53957300564 -421951995.949051 285
27176775.7324485 159255970455.095 -25156876589.903 -58.450940942615 -3815.9696118324 -421950591.18859 286
27268347.2429933 159249571901.438 -25507044982.5859 -81.3268753785896 -3831.92210100194 -421949214.988459 287
27360094.1564446 159241052687.441 -25859325570.9574 -104.411156123296 -3847.39095724884 -421947866.486351 288
27452014.537563 159230386136.307 -26213671583.4052 -127.696967585161 -3862.36823292033 -421946545.008498 289
27544112.0733571 159217545384.96 -26570056977.8335 -151.178757206419 -3876.84700041266 -421945249.819806 290
27636390.3636052 159202503740.034 -26928454634.5202 -174.850811860971 -3890.82034618848 -421943980.209607 291
27728856.480226 159185233993.611 -27288850233.5722 -198.70817632468 -3904.28188323267 -421942735.443312 292
27821510.9794962 159165710243.922 -27651203342.2091 -222.744077499034 -3917.22428499383 -421941514.896716 293
27914353.5090602 159143907307.131 -28015469012.5062 -246.951343678254 -3929.64021383997 -421940317.974426 294
28007392.0385808 159119798343.1 -28381634113.2201 -271.324823590966 -3941.52350379125 -421939143.992895 295
28100626.2252955 159093358777.126 -28749652056.3832 -295.85704828309 -3952.86693889339 -421937992.394232 296
28194058.7313683 159064563706.63 -29119487170.1837 -320.541178910327 -3963.66378178844 -421936862.59916 297
28287693.8843065 159033388012.384 -29491109538.4054 -345.370666864501 -3973.90754327771 -421935754.026068 298
28381527.4965131 158999809938.277 -29864454519.0184 -370.336547298372 -3983.59091504756 -421934666.209256 299
28475558.1012426 158963807732.411 -30239467201.3994 -395.430407470993 -3992.70709349556 -421933598.661954 300
28569795.56107 158925355709.642 -30616136999.5196 -420.64670782774 -4001.25045364636 -421932550.784616 301
28664232.2300776 158884435700.663 -30994382503.77 -445.975075554737 -4009.21385450968 -421931522.188246 302
28758873.0769296 158841025089.016 -31374171779.2766 -471.408357501493 -4016.59145132573 -421930512.356164 303
28853714.8978233 158795105559.962 -31755439214.8844 -496.937055043115 -4023.37687746714 -421929520.872665 304
28948759.5847708 158746657230.646 -32138138716.9544 -522.552887647239 -4029.56433233872 -421928547.279375 305
29044005.6579678 158695662661.789 -32522209714.1031 -548.246518590221 -4035.14795285476 -421927591.164408 306
29139441.9788893 158642110920.539 -32907551674.0378 -574.005856981723 -4040.12162041949 -421926652.219863 307
29235072.1302998 158585984225.624 -33294122519.2353 -599.82264346319 -4044.48031372213 -421925729.999529 308
29330893.0119569 158527269462.154 -33681852335.2398 -625.686681030731 -4048.21886751967 -421924824.133277 309
29426894.99095 158465958967.474 -34070643867.8057 -651.58588172706 -4051.33220105816 -421923934.319102 310
29523076.1862908 158402041720.667 -34460430383.3234 -677.510130653788 -4053.81586088733 -421923060.188604 311
29619429.723148 158335511323.956 -34851124124.713 -703.447855496811 -4055.66556735733 -421922201.426354 312
29715949.9426821 158266362139.282 -35242641502.3883 -729.387711787489 -4056.87744232715 -421921357.711699 313
29812627.0142558 158194593217.325 -35634881298.492 -755.317146737444 -4057.44795965783 -421920528.765533 314
29909448.7760731 158120207415.61 -36027732191.2294 -781.22291538331 -4057.37408110475 -421919714.331557 315
30006408.2464168 158043205650.469 -36421103316.2691 -807.093105149571 -4056.65325744021 -421918914.113164 316
30103496.2629286 157963592368.08 -36814894480.114 -832.915174982195 -4055.28338766386 -421918127.836639 317
30200700.3562809 157881376801.421 -37208991682.7383 -858.675679982355 -4053.26292195776 -421917355.258383 318
30298005.638155 157796572615.087 -37603270839.414 -884.360537531301 -4050.59094715206 -421916596.15571 319
30395401.8649177 157709191787.243 -37997626512.4938 -909.95691138355 -4047.26700443139 -421915850.271708 320
30492875.3251932 157619251600.49 -38391939137.4459 -935.451084834177 -4043.2912933365 -421915117.379113 321
30590412.1867709 157526771861.561 -38786088709.4347 -960.829368868906 -4038.66461739828 -421914397.253559 322
30687994.5934868 157431778753.566 -39179939155.7562 -986.077114966853 -4033.38861122969 -421913689.701711 323
30785612.5887885 157334293268.502 -39573386589.4867 -1011.18182304863 -4027.46510875947 -421912994.474699 324
30883246.8695804 157234348065.392 -39966289843.4224 -1036.12870496662 -4020.89709667292 -421912311.392887 325
30971108.6292342 157142331123.31 -40319292996.6076 -1058.43208786741 -4014.43843151259 -421911706.903062 326
31058970.388888 157048360930.556 -40671705947.9412 -1080.5894498284 -4007.46266166756 -421911111.861881 327
31146778.2998743 156952509995.193 -41023267964.35 -1102.58040494294 -3999.976697907 -421910526.407076 328
31234586.2108606 156854735039.982 -41374150157.3715 -1124.41168815949 -3991.97872636298 -421909949.958865 329
31322293.3729511 156755165850.841 -41723906344.227 -1146.0516972858 -3983.48124645342 -421909382.957067 330
31410000.5350415 156653706210.972 -42072895040.2211 -1167.51880509401 -3974.47795535126 -421908824.534851 331
31497569.4402061 156550535938.365 -42420523814.5954 -1188.77288400078 -3964.98695506087 -421908275.357798 332
31585138.3453707 156445512551.093 -42767299617.824 -1209.8412823382 -3954.99729957343 -421907734.350029 333
31672528.3073727 156338872821.826 -43112473067.6035 -1230.67496964546 -3944.533905923 -421907202.408802 334
31759918.2693746 156230421039.433 -43456710664.6286 -1251.31071838492 -3933.57997377874 -421906678.242313 335
31847095.4090909 156120445432.069 -43799134959.8289 -1271.6926157739 -3922.16719628141 -421906162.926098 336
31934272.5488072 156008702082.103 -44140543305.6687 -1291.86486114449 -3910.2728420132 -421905655.006634 337
32021206.7244777 155895528257.196 -44479946816.5691 -1311.76590974785 -3897.93553630961 -421905155.706124 338
32108140.9001482 155780633904.271 -44818257257.553 -1331.44616465626 -3885.12637940371 -421904663.440992 339
32194806.8109556 155664400871.837 -45154395082.3235 -1350.83990978658 -3871.89076940069 -421904179.544853 340
32281472.721763 155546497045.46 -45489365806.7973 -1370.00230480868 -3858.19370468259 -421903702.33943 341
32367850.0577386 155427343529.359 -45822020307.942 -1388.86489476256 -3844.08699653517 -421903233.23645 342
32454227.3937142 155306571094.373 -46153436824.3112 -1407.48616735091 -3829.52980850241 -421902770.496216 343
32540298.5294944 155184637417.327 -46482408605.1011 -1425.79580229064 -3814.58023764732 -421902315.589967 344
32626369.6652746 155061138558.553 -46810074736.4952 -1443.8547508046 -3799.19167393545 -421901866.734728 345
32712120.6583899 154936564256.696 -47135186391.6051 -1461.59186765779 -3783.42808828517 -421901425.438969 346
32797871.6515052 154810480066.587 -47458927961.1233 -1479.06952464685 -3767.23743439939 -421900989.898356 347
32883296.5856758 154683396325.71 -47780040080.3353 -1496.21759581858 -3750.68816891287 -421900561.61637 348
32968721.5198465 154554859109.423 -48099720728.9011 -1513.09799308928 -3733.7240839126 -421900138.809674 349
33053814.047018 154425399970.202 -48416699316.9397 -1529.64167306797 -3716.41823114836 -421899722.97877 350
33138906.5741895 154294544767.456 -48732188157.3254 -1545.91003381128 -3698.71010631054 -421899312.358269 351
33223661.6914849 154162844119.612 -49044911338.9934 -1561.83551651349 -3680.67708829759 -421898908.439175 352
33308416.8087804 154029805641.021 -49356089590.7962 -1577.47859948413 -3662.25460228226 -421898509.479811 353
33392837.2112628 153895986592.588 -49664470583.8971 -1592.77472247221 -3643.52261876741 -421898116.926292 354
33477257.6137451 153760888406.377 -49971254287.7039 -1607.78187967253 -3624.41413129727 -421897729.096026 355
33561346.5691487 153625073419.051 -50275214273.5917 -1622.43863110714 -3605.01141870128 -421897347.38951 356
33645435.5245522 153488038336.52 -50577527390.3262 -1636.80035768392 -3585.24530041763 -421896970.183084 357
33729194.9816228 153350352084.16 -50876988582.9207 -1650.80853072156 -3565.20052314416 -421896598.839324 358
33812954.4386933 153211505076.003 -51174756133.5718 -1664.51613185198 -3544.80556397981 -421896231.784791 359
33896395.6970107 153072056550.496 -51469679567.0071 -1677.86904596818 -3524.14516703404 -421895870.305385 360
33979836.9553281 152931506569.238 -51762864976.7404 -1690.91627977062 -3503.14784234338 -421895512.916758 361
34062964.4839655 152790415266.55 -52053192111.6486 -1703.60698056278 -3481.89980883658 -421895160.860115 362
34146092.012603 152648281891.6 -52341739462.1104 -1715.98737276205 -3460.32817458119 -421894812.70671 363
34228911.7515685 152505664248.221 -52627422027.8475 -1728.01005110479 -3438.52007311151 -421894469.648792 364
34311731.490534 152362063890.536 -52911285567.4805 -1739.71825488009 -3416.40174356772 -421894130.316908 365
34394256.9715633 152218022263.158 -53192305901.9757 -1751.06900212638 -3394.05897664812 -421893795.825698 366
34476782.4525926 152073057021.631 -53471470100.1416 -1762.10150466582 -3371.41933186857 -421893464.89362 367
34559026.6002171 151927693293.842 -53747811842.6791 -1772.77694851313 -3348.56713798359 -421893138.563223 368
34641270.7478416 151781464780.869 -54022262426.6633 -1783.13076728748 -3325.43139273352 -421892815.634598 369
34723239.9457552 151634891067.272 -54293890867.6106 -1793.12735486024 -3302.09656679177 -421892497.106329 370
34805209.1436687 151487511227.249 -54563595457.6457 -1802.79936851283 -3278.49152976537 -421892181.830839 371
34886916.0491681 151339827272.535 -54830500612.5673 -1812.1150353396 -3254.69888252241 -421891870.740674 372
34968622.9546675 151191395513.576 -55095451208.6141 -1821.10355264906 -3230.64932799052 -421891562.762609 373
35050074.3768124 151042710240.644 -55357607315.4394 -1829.73618945555 -3206.42510040072 -421891258.787386 374
35131525.7989573 150893335225.145 -55617780363.321 -1838.03951207962 -3181.95726346573 -421890957.790909 375
35212741.0527969 150743733337.026 -55875205099.3102 -1845.98893656653 -3157.32370693841 -421890660.578134 376
35293956.3066366 150593499270.676 -56130619818.6651 -1853.60718291635 -3132.45975364439 -421890366.218492 377
35374944.4248359 150443082666.569 -56383300248.8606 -1860.87261015666 -3107.44184344942 -421890075.471062 378
35455932.5430353 150292091109.661 -56633945689.4356 -1867.80537003639 -3082.20672271502 -421889787.45766 379
35536705.8326537 150140954277.841 -56881882105.2503 -1874.38688634169 -3056.82817543707 -421889502.881665 380
35617479.1222722 149989299307.93 -57127760329.9184 -1880.63458576301 -3031.24555540361 -421889220.926901 381
35698048.8983659 149837537153.118 -57370952464.4874 -1886.53269012501 -3005.53011262387 -421888942.246444 382
35778618.6744596 149685313262.084 -57612064977.2395 -1892.09616779009 -2979.62368938703 -421888666.080257 383
35858996.9561972 149533017965.991 -57850517135.0484 -1897.31189979546 -2953.59459739499 -421888393.030496 384
35939375.2379349 149380316899.859 -58086869927.1156 -1902.19252139082 -2927.38756649851 -421888122.393553 385
36019574.4787781 149227578418.567 -58320589892.0667 -1906.72739877133 -2901.06765642539 -421887854.720967 386
36099773.7196214 149074489683.243 -58552192364.8113 -1910.92699704345 -2874.58279558785 -421887589.364932 387
36179801.484341 148921405951.122 -58781176004.0152 -1914.78273481532 -2847.99625792924 -421887326.844043 388
36259829.2490605 148768027058.026 -59008025859.0135 -1918.30337369489 -2821.25772247271 -421887066.548022 389
36339698.0109353 148614685362.539 -59232285694.6011 -1921.48244222783 -2794.42690774983 -421886808.94785 390
36419566.77281 148461103119.363 -59454396990.2478 -1924.32689328423 -2767.45699140916 -421886553.485437 391
36499289.5656215 148307588323.846 -59673948872.1877 -1926.8321703238 -2740.40380535101 -421886300.583927 392
36579012.3584331 148153887107.37 -59891338924.4736 -1929.00360140704 -2713.22435624615 -421886049.737386 393
36658599.5356769 148000287940.733 -60106193071.5072 -1930.8382667737 -2685.97137726009 -421885801.330972 394
36738186.7129208 147846556000.746 -60318873674.2844 -1932.34016429022 -2658.60492553312 -421885554.900656 395
36817648.3381878 147692960523.236 -60529041602.247 -1933.50782945362 -2631.17463019244 -421885310.795679 396
36897109.9634548 147539285429.146 -60737025831.1531 -1934.3441082226 -2603.64360415923 -421885068.591597 397
36976458.4360727 147385775972.544 -60942527118.0807 -1934.84882784941 -2576.05746485382 -421884828.595798 398
37055806.9086906 147232239551.858 -61145835952.8882 -1935.02382109861 -2548.3832829314 -421884590.429247 399
37135053.1422023 147078900130.432 -61346687887.6725 -1934.87000065824 -2520.66309086769 -421884354.363143 400
37214299.375714 146925585890.624 -61545340072.8716 -1934.38839990563 -2492.86749514978 -421884120.057919 401
37293450.2696582 146772507127.746 -61741551765.5571 -1933.58087895276 -2465.03627941085 -421883887.76138 402
37372601.1636025 146619505168.941 -61935558066.0342 -1932.44783817026 -2437.14225668367 -421883657.160264 403
37451669.6902963 146466764795.722 -62127155809.4323 -1930.99184000388 -2409.22075930974 -421883428.462156 404
37530738.21699 146314152322.367 -62316543813.1233 -1929.21284229929 -2381.24899862609 -421883201.397018 405
37609729.8599867 146161841410.212 -62503537422.1703 -1927.1141049245 -2353.26044963829 -421882976.15462 406
37688721.5029834 146009708933.725 -62688318637.4486 -1924.69520506981 -2325.23413806243 -421882752.485263 407
37767648.0753974 145857905197.572 -62870735241.7338 -1921.95977123193 -2297.19939342238 -421882530.543656 408
37846574.6478115 145706329881.292 -63050938120.0465 -1918.90727289891 -2269.13933577594 -421882310.117797 409
37925443.8605804 145555117828.926 -63228796971.9409 -1915.54169338883 -2241.08057084393 -421882091.339614 410
38004313.0733494 145404183597.077 -63404442301.3747 -1911.86243751347 -2213.00889487442 -421881874.022217 411
38083133.6361748 145253644680.618 -63577767036.5817 -1907.87366090244 -2184.94780776044 -421881658.272622 412
38161954.1990002 145103432390.713 -63748879918.6147 -1903.57487411972 -2156.88616215797 -421881443.931092 413
38240732.9987484 144953650400.085 -63917692239.4945 -1898.97037121423 -2128.84498229664 -421881231.085277 414
38319511.7984966 144804243214.488 -64084295932.1115 -1894.05981270752 -2100.81554572983 -421881019.596861 415
38398257.5855087 144655297224.63 -64248623734.3617 -1888.84739028561 -2072.81572630612 -421880809.529656 416
38477003.3725207 144506773588.625 -64410747573.3071 -1883.33313665047 -2044.83989992113 -421880600.771194 417
38555725.3216506 144358740747.923 -64570621500.571 -1877.52096870337 -2016.90263691428 -421880393.360912 418
38634447.2707805 144211177170.819 -64728297536.5578 -1871.41145701104 -1989.00156462923 -421880187.212634 419
38713149.3274444 144064143275.28 -64883739757.973 -1865.00853497213 -1961.14980565495 -421879982.355567 420
38791851.3841084 143917624831.063 -65036991850.718 -1858.31305524411 -1933.34637626085 -421879778.715418 421
38870540.6255831 143771668492.655 -65188033436.2799 -1851.32861980802 -1905.60184776098 -421879576.303362 422
38949229.8670577 143626273082.596 -65336894163.161 -1844.0566831359 -1877.91772839198 -421879375.064806 423
39027915.5764572 143481467608.975 -65483572486.6051 -1836.50019200416 -1850.30127955091 -421879174.987703 424
39106601.2858567 143337267843.379 -65628080600.5267 -1828.66150667863 -1822.75726219554 -421878976.042328 425
39194027.2420717 143177787896.972 -65786102421.1807 -1819.62452067231 -1792.24593856478 -421878756.301052 426
39281454.9457817 143019109792.027 -65941464368.8289 -1810.24628027334 -1761.83899600343 -421878537.899983 427
39360140.1351428 142877011851.935 -66079021517.545 -1801.5175282894 -1734.56916393105 -421878342.465728 428
39438825.324504 142735611378.597 -66214436734.0432 -1792.5187558989 -1707.39689555114 -421878148.079422 429
39517521.0286182 142594910747.498 -66347735595.3981 -1783.25178654886 -1680.32447470722 -421877954.696251 430
39596216.7327325 142454949790.264 -66478908238.0575 -1773.72095868073 -1653.36141039025 -421877762.323504 431
39683664.4077205 142300316118.059 -66622185662.5086 -1762.82460071034 -1623.5350929749 -421877549.719214 432
39771117.7475836 142146639291.157 -66762870384.4984 -1751.61021039806 -1593.85708845305 -421877338.301202 433
39858578.1350883 141993944644.152 -66900977550.1084 -1740.08217915585 -1564.33489987612 -421877128.041867 434
39946050.1734657 141842251611.799 -67036527784.0796 -1728.24454424135 -1534.9749207627 -421876918.906408 435
40033531.3714983 141691591620.839 -67169531186.4941 -1716.10238162585 -1505.78589823144 -421876710.877479 436
40121023.3730256 141541988521.937 -67300004949.8324 -1703.66031079645 -1476.77514832189 -421876503.928234 437
40208526.8664841 141393467443.948 -67427965384.1415 -1690.92317208137 -1447.950268735 -421876298.034526 438
40296040.1503273 141246057134.496 -67553426016.9932 -1677.89625711839 -1419.31959500436 -421876093.17819 439
40383567.5483399 141099775785.932 -67676409635.4579 -1664.58405222333 -1390.88944729714 -421875889.327341 440
40471106.0477829 140954653491.558 -67796929220.5281 -1650.99223617869 -1362.6684925327 -421875686.467612 441
40558654.7683967 140810716238.361 -67915001617.3526 -1637.12627964486 -1334.66463562414 -421875484.579935 442
40646214.8471316 140667986228.113 -68030647077.4466 -1622.99142776519 -1306.88507957373 -421875283.640927 443
40733786.8928539 140526486106.365 -68143885717.9245 -1608.59308988558 -1279.33714753 -421875083.628795 444
40821369.6085846 140386241114.738 -68254735866.5039 -1593.93707826569 -1252.02870203741 -421874884.526427 445
40908958.6831663 140247280692.592 -68363212958.2967 -1579.02982335851 -1224.96845681624 -421874686.323783 446
40996555.0253957 140109625360.569 -68469339797.2841 -1563.87697654907 -1198.16342149821 -421874488.999238 447
41084157.2682221 139973298711.664 -68573137064.7045 -1548.48466187562 -1171.62123572328 -421874292.536618 448
41171764.0599398 139838323716.455 -68674626238.899 -1532.85909245823 -1145.34944879415 -421874096.919977 449
41259375.1487355 139704721069.086 -68773830797.6402 -1517.00636935772 -1119.35519695853 -421873902.13119 450
41338227.0395529 139585671043.528 -68861179774.1126 -1502.5500912497 -1096.20395324812 -421873727.517794 451
41417078.9303703 139467767807.324 -68946712522.6953 -1487.91995488768 -1073.28920857142 -421873553.554515 452
41495926.742331 139351030897.829 -69030443602.2626 -1473.12131143879 -1050.61708679732 -421873380.237228 453
41574774.5542917 139235467350.149 -69112396714.0831 -1458.15803031904 -1028.19130013252 -421873207.544044 454
41653612.8487979 139121103696.117 -69192581897.9659 -1443.03660785979 -1006.01935965196 -421873035.483024 455
41732451.143304 139007938339.651 -69271029140.6147 -1427.75994555925 -984.103336615387 -421872864.020805 456
41811275.0130937 138896003705.723 -69347744922.1668 -1412.33561397464 -962.451906369652 -421872693.176314 457
41890098.8828833 138785290650.389 -69422764477.1731 -1396.76559896694 -941.065713315934 -421872522.906035 458
41968894.8649247 138675848982.584 -69496083239.702 -1381.06028383462 -919.956800129501 -421872353.258008 459
42047690.8469661 138567650218.698 -69567749478.7848 -1365.21901277348 -899.122109610581 -421872184.160186 460
42126456.8709543 138460745301.214 -69637758659.3741 -1349.25274055116 -878.573900243808 -421872015.665033 461
42205222.8949426 138355102982.52 -69706160453.2954 -1333.16035104375 -858.308629301062 -421871847.696826 462
42283948.0287983 138250786853.535 -69772943039.3096 -1316.95520038987 -838.340962183397 -421871680.331215 463
42362673.162654 138147751081.818 -69838165106.7585 -1300.63389341859 -818.664604989802 -421871513.469914 464
42441348.4287476 138046068657.573 -69901809897.454 -1284.21182419016 -799.295976887011 -421871347.207375 465
42520023.6948413 137945682450.354 -69963942604.3134 -1267.68365448111 -780.226686261396 -421871181.42716 466
42598641.9085016 137846671987.711 -70024543495.9224 -1251.06646391236 -761.474330385696 -421871016.238564 467
42677260.1221619 137748971744.365 -70083682153.4435 -1234.35329864481 -743.028997185817 -421870851.51098 468
42755811.8446615 137652670025.504 -70141334670.9084 -1217.56341970795 -724.90984987147 -421870687.373109 469
42834363.567161 137557690583.04 -70197576218.8046 -1200.68774753442 -707.105039336439 -421870523.675583 470
42912840.623848 137464128343.554 -70252380147.5081 -1183.74746712616 -689.634848036828 -421870360.563705 471
42991317.6805349 137371898525.974 -70305825649.3361 -1166.73160727641 -672.485935514441 -421870197.872172 472
43069713.4342107 137281100334.138 -70357884773.5267 -1149.66294600549 -655.679225940271 -421870035.759568 473
43148109.1878864 137191642847.596 -70408639150.9749 -1132.52892924533 -639.200368108308 -421869874.047985 474
43226415.3438368 137103630924.559 -70458058797.0196 -1115.35428589786 -623.071137432296 -421869712.912595 475
43304721.4997872 137016966073.495 -70506228481.3105 -1098.12450528977 -607.275939988107 -421869552.159566 476
43382927.6205302 136931760538.267 -70553115288.9133 -1080.86673328326 -591.8376613154 -421869391.984916 477
43461133.7412733 136847906456.571 -70598807994.6278 -1063.56401950717 -576.739178678804 -421869232.174606 478
43539235.9050084 136765515909.723 -70643274874.874 -1046.244470656 -562.003072651116 -421869072.932079 479
43617338.0687435 136684479448.527 -70686604293.3739 -1028.89012645652 -547.612155788006 -421868914.036573 480
43695327.9311465 136604913189.756 -70728763407.4347 -1011.53101332155 -533.58940226762 -421868755.707897 481
43773317.7935496 136526701761.815 -70769842524.7584 -994.147190028434 -519.916816786436 -421868597.709584 482
43851194.9447077 136449956988.81 -70809811967.0219 -976.768805953722 -506.616262396025 -421868440.261681 483
43929072.0958659 136374566199.692 -70848759397.5698 -959.375714951611 -493.670507012154 -421868283.128203 484
44006829.0826172 136300643540.034 -70886654742.8146 -941.999729741112 -481.101401531294 -421868126.543643 485
44084586.0693685 136228072202.98 -70923586693.5576 -924.618948599824 -468.891310840673 -421867970.25823 486
44162217.4601438 136156966317.432 -70959525860.9037 -907.266360622185 -457.061616544319 -421867814.516776 487
44239848.8509191 136087207374.653 -70994560740.5528 -889.918779369718 -445.594752074437 -421867659.059862 488
44317356.2327562 136018903006.246 -71028665709.7695 -872.608764539306 -434.51052585709 -421867504.128565 489
44394863.6145932 135951939753.7 -71061925750.9579 -855.313439667935 -423.792607293234 -421867349.467921 490
44472240.6467376 135886425531.113 -71094315448.0157 -838.066666902204 -413.460288178358 -421867195.331107 491
44549617.6788819 135822244905.612 -71125919938.0312 -820.844134883389 -403.497341414187 -421867041.45171 492
44626865.7093194 135759499490.865 -71156717065.3033 -803.679255662473 -393.921473460139 -421866888.079713 493
44704113.7397569 135698078759.864 -71186788835.2777 -786.548028772463 -384.717701420463 -421866734.952597 494
44781232.4543742 135638079435.305 -71216115454.5817 -769.483750480258 -375.9023473274 -421866582.320488 495
44858351.1689916 135579394461.127 -71244776673.0779 -752.462388113659 -367.461455935852 -421866429.921403 496
44935343.2552392 135522113483.545 -71272755923.593 -735.516426664438 -359.409642293996 -421866277.999725 497
45012335.3414868 135466135237.544 -71300129732.0808 -718.62249319075 -351.734331091422 -421866126.2999 498
45089201.9062278 135411543631.353 -71326883909.9161 -701.812580395474 -344.44862057377 -421865975.063739 499
45166068.4709688 135358241830.761 -71353092586.8774 -685.063648621255 -337.541110837088 -421865824.03893 500
45242808.5945099 135306309486.903 -71378743031.534 -668.407608039729 -331.023565091706 -421865673.468723 501
45319548.718051 135255652681.3 -71403907874.1315 -651.821332963749 -324.885558033967 -421865523.100017 502
45396167.8033316 135206342787.468 -71428577658.4881 -635.335257831273 -319.137034979537 -421865373.165156 503
45472786.8886123 135158293066.672 -71452821569.5059 -618.927570479543 -313.769091918074 -421865223.422617 504
45549291.0961623 135111566572.052 -71476633332.7727 -602.627061104747 -308.78991180041 -421865074.09244 505
45625795.3037123 135066083840.381 -71500078749.1474 -586.413399812679 -304.192065969751 -421864924.946075 506
45702184.390316 135021903716.49 -71523152490.3344 -570.315078621639 -299.98243155888 -421864776.203797 507
45778573.4769197 134978949722.206 -71545919237.3585 -554.311886865178 -296.154536662836 -421864627.637446 508
45854854.6412842 134937272536.586 -71568376586.2288 -538.430444770298 -292.713628422116 -421864479.453104 509
45931135.8056487 134896802894.394 -71590586020.1135 -522.652249784999 -289.654591903018 -421864331.437458 510
46007316.8970875 134857583497.733 -71612547968.5266 -507.001931521776 -286.981166188214 -421864183.781214 511
46083497.9885263 134819552149.481 -71634320790.8935 -491.462816957642 -284.689479913492 -421864036.287081 512
46159584.7141926 134782745145.769 -71655906895.954 -476.058000671163 -282.781969644792 -421863889.134611 513
46235671.4398588 134747105742.506 -71677362370.4743 -460.772178070836 -281.255782381974 -421863742.138296 514
46311665.1156069 134712666199.024 -71698690169.4682 -445.627794965535 -280.112222333253 -421863595.47506 515
46387658.791355 134679372747.177 -71719945525.9068 -430.610013967004 -279.349242348908 -421863448.962624 516
46463572.0634084 134647249044.078 -71741134930.7997 -415.738410349638 -278.967013471902 -421863302.753495 517
46539485.3354618 134616249228.571 -71762309729.7704 -401.000873289162 -278.964410288034 -421863156.690453 518
46615323.1220678 134586392146.61 -71783477648.1478 -386.41565987122 -279.340667925097 -421863010.916536 519
46691160.9086738 134557635838.277 -71804688451.0426 -371.971809353738 -280.095309410231 -421862865.284594 520
46766931.972441 134529993306.88 -71825952056.4418 -357.685560324352 -281.226801591854 -421862719.920871 521
46842703.0362083 134503427656.618 -71847315678.1768 -343.547817482875 -282.735187885587 -421862574.69562 522
46918417.5054273 134477946148.721 -71868791746.1388 -329.572605670379 -284.618381279918 -421862429.715743 523
46994131.9746463 134453516902.118 -71890424606.2119 -315.75289841107 -286.876745484188 -421862284.871444 524
47069794.0622158 134430143832.579 -71912227473.0878 -302.101640117278 -289.507622805036 -421862140.261659 525
47145456.1497852 134407797526.363 -71934243519.7606 -288.612717499385 -292.511656091209 -421861995.785139 526
47221076.5829695 134386477036.791 -71956488622.4518 -275.296880215405 -295.886009919228 -421861851.520461 527
47296697.0161538 134366157126.982 -71979002925.897 -262.150071480072 -299.631278253073 -421861707.387335 528
47372281.3085235 134346833892.66 -72001803462.356 -249.181823062907 -303.744364665779 -421861563.453977 529
47447865.6008931 134328484240.154 -72024928813.3385 -236.389137040126 -308.225846464758 -421861419.651035 530
47523427.2634578 134311099839.381 -72048399693.8214 -223.779046363382 -313.073008995444 -421861276.021204 531
47598988.9260224 134294661423.051 -72072250657.9182 -211.350932211776 -318.285848023094 -421861132.521251 532
47674533.446628 134279158532.876 -72096503733.7099 -199.110745291733 -323.861682468664 -421860989.18366 533
47750077.9672336 134264573231.349 -72121191741.8967 -187.058794131163 -329.800196253115 -421860845.975976 534
47834007.9816036 134249427529.013 -72149163408.2572 -173.8935789854 -336.821312993619 -421860687.024782 535
47917938.4759196 134235376648.154 -72177743150.939 -160.968658854771 -344.286000162227 -421860528.233876 536
47993477.6059751 134223649941.952 -72204015971.5914 -149.54490624517 -351.381652712299 -421860385.457309 537
48069016.7360307 134212778602.456 -72230838232.6183 -138.322165162042 -358.832864420959 -421860242.812601 538
48152954.9477747 134201683197.324 -72261319874.9211 -126.090907373669 -367.527321244436 -421860084.463111 539
48236900.7271394 134191602893.166 -72292552397.7209 -114.114308056645 -376.656595433431 -421859926.264508 540
48320858.5902694 134182515865.763 -72324574071.1574 -102.395676422117 -386.218491881631 -421859768.209861 541
48404831.059717 134174400346.026 -72357422332.073 -90.9385787400896 -396.210539115794 -421859610.296222 542
48488820.941697 134167234320.543 -72391134614.8015 -79.7465080296251 -406.630226045287 -421859452.520334 543
48572829.5337302 134160995669.202 -72425747618.2514 -68.8231193232249 -417.474772706136 -421859294.881993 544
48656862.7481254 134155661726.521 -72461299847.3564 -58.1714393633675 -428.741928353437 -421859137.372561 545
48740921.0584907 134151210003.467 -72497827449.4712 -47.7951677295312 -440.42866267958 -421858979.993826 546
48825010.3403575 134147617493.201 -72535368804.7271 -37.6973034161922 -452.53261775545 -421858822.737684 547
48909131.7758641 134144861221.65 -72573960160.2253 -27.8813974281996 -465.050712475627 -421858665.605041 548
48993285.3979574 134142917947.42 -72613637033.7995 -18.3510781286201 -477.979580762717 -421858508.599155 549
49077477.9163041 134141764039.211 -72654437975.9986 -9.10918560517331 -491.316802470175 -421858351.711046 550
49161712.7479224 134141375781.33 -72696399982.6272 -0.158930713232451 -505.059411176079 -421858194.938115 551
49245990.656221 134141729222.134 -72739558609.4105 8.49622635533445 -519.20392348438 -421858038.282919 552
49330313.8736594 134142800127.585 -72783949981.673 16.8530245310321 -533.746997159782 -421857881.745494 553
49414686.405538 134144564050.781 -72829611062.2169 24.9084039489011 -548.685519220424 -421857725.322805 554
49499108.4614087 134146996217.144 -72876576643.6151 32.6589722389522 -564.015621557667 -421857569.019069 555
49583584.0864166 134150071682.012 -72924883477.9502 40.1017325877254 -579.734031739933 -421857412.831612 556
49668114.4301215 134153765153.925 -72974566563.9747 47.2334571795691 -595.836860791701 -421857256.763334 557
49752703.351381 134158051191.329 -73025662344.0658 54.0511825387184 -612.320643013103 -421857100.81234 558
49837353.3051786 134162904043.059 -73078206337.1001 60.5518501822681 -629.181565920189 -421856944.979551 559
49922065.6921269 134168297621.088 -73132233245.833 66.7323580367389 -646.415510795909 -421856789.268034 560
50006842.4218512 134174205580.346 -73187777899.1561 72.5896859367011 -664.018357769741 -421856633.680122 561
50091685.8671851 134180601329.799 -73244875259.4883 78.1208831780075 -681.985986292121 -421856478.217505 562
50176595.146365 134187457733.643 -73303557856.22 83.3228392343209 -700.313474043137 -421856322.888031 563
50261577.297824 134194748014.95 -73363863512.4388 88.1929667530568 -718.997510461007 -421856167.685257 564
50346630.3254527 134202444371.31 -73425823570.0747 92.7281741794343 -738.032725440065 -421856012.619466 565
50431754.3563135 134210518848.308 -73489470477.4259 96.9255743065206 -757.414073563703 -421855857.697226 566
50516955.1300005 134218943744.23 -73554840690.7616 100.782593598776 -777.13769073125 -421855702.915088 567
50602227.4889377 134227689991.788 -73621962063.6431 104.296212064358 -797.197084806901 -421855548.28959 568
50687575.4716897 134236729130.527 -73690869170.4491 107.463890795828 -817.587771280148 -421855393.820734 569
50773003.0696861 134246032440.569 -73761596480.6656 110.283098512245 -838.305183842234 -421855239.508827 570
50858510.3943707 134255570501.447 -73834175060.668 112.751209883135 -859.343721968297 -421855085.361375 571
50944095.5055849 134265313352.753 -73908633769.6421 114.865627886433 -880.697142015569 -421854931.389729 572
51029759.7647513 134275231105.792 -73985003855.3698 116.623926438217 -902.35988657748 -421854777.59944 573
51115504.1205924 134285293541.165 -74063315864.9503 118.023729484456 -924.326183470578 -421854623.996964 574
51201327.2957041 134295469891.859 -74143597873.7049 119.06270236071 -946.589566046914 -421854470.592888 575
51287230.9508767 134305729456.791 -74225880229.2095 119.738629575901 -969.144203068681 -421854317.392681 576
51373218.0971826 134316041425.659 -74310194295.3586 120.049351082094 -991.984521377691 -421854164.399572 577
51459283.2673335 134326373699.477 -74396562623.4933 119.992761651841 -1015.10257136479 -421854011.631998 578
51545425.9049296 134336694504.91 -74485011861.1473 119.566898547328 -1038.49155905472 -421853859.099743 579
51631649.906813 134346972347.182 -74575572819.6503 118.769842808302 -1062.14579423922 -421853706.804838 580
51717952.8362976 134357174724.355 -74668269277.8699 117.599793718946 -1086.05774939805 -421853554.760638 581
51804329.0850732 134367268535.509 -74763120725.1665 116.05514315313 -1110.21886403764 -421853402.986125 582
51890782.9730392 134377221622.476 -74860156819.6085 114.134226240504 -1134.62322283993 -421853251.482899 583
51977310.78908 134387000675.576 -74959397766.4906 111.835623135003 -1159.26254737311 -421853100.266748 584
52063911.2608154 134396572474.953 -75060865715.7512 109.157988140058 -1184.12911863142 -421852949.349228 585
52150582.5137735 134405903552.178 -75164581371.071 106.100111706456 -1209.21492623977 -421852798.742994 586
52237325.5451561 134414960569.647 -75270568188.216 102.660789348716 -1234.51268196039 -421852648.455762 587
52324134.6728748 134423709336.578 -75378840692.0543 98.8392012604354 -1260.0130377765 -421852498.506854 588
52411009.9203895 134432116125.496 -75489419532.9682 94.6344329553934 -1285.70819645682 -421852348.905717 589
52497948.2146226 134440146778.517 -75602320659.256 90.0458352585639 -1311.58934415758 -421852199.667153 590
52584947.018594 134447767101.413 -75717559762.9056 85.0728774711041 -1337.6477163924 -421852050.805018 591
52672004.2959735 134454942866.494 -75835152286.5261 79.7151388046501 -1363.87459715707 -421851902.332294 592
52759118.4730491 134461639813.551 -75955113423.0668 73.9723008614742 -1390.26131624904 -421851754.261152 593
52846288.3981224 134467823649.258 -76077458107.5948 67.8441412586616 -1416.79924481267 -421851606.603029 594
52933507.3286676 134473459679.312 -76202192383.3106 61.3309873302124 -1443.47795902225 -421851459.378762 595
53020773.6448789 134478513597.571 -76329328394.2337 54.432968710642 -1470.2885059633 -421851312.600426 596
53108087.2179758 134482951163.025 -76458879621.3067 47.1502168333798 -1497.22232120346 -421851166.277551 597
53195439.9663269 134486737784.862 -76590846679.9863 39.4836824543405 -1524.26831222717 -421851020.432897 598
53282834.9858102 134489839453.38 -76725245912.8484 31.4335053427309 -1551.41877423215 -421850875.070441 599
53370266.2237323 134492221841.167 -76862078809.9348 23.000776454449 -1578.66310838494 -421850730.209328 600
53457729.4008109 134493850858.507 -77001348296.242 14.1866122299885 -1605.99120212083 -421850585.865586 601
53545225.5651934 134494692621.816 -77143064769.5731 4.99173507445546 -1633.3945586217 -421850442.046337 602
53632750.159841 134494713274.149 -77287228666.9387 -4.58242172431061 -1660.8628856519 -421850298.767829 603
53720298.0143244 134493879196.825 -77433838117.5721 -14.5341716278367 -1688.38565426791 -421850156.047117 604
53807867.5622625 134492156962.694 -77582896089.1003 -24.8620684863319 -1715.9534337665 -421850013.8952 605
53895456.8155311 134489513315.116 -77734403860.4703 -35.5644830774684 -1743.5566358595 -421849872.323631 606
53983065.9486602 134485915085.879 -77888365538.0131 -46.6399263701461 -1771.18633420861 -421849731.340344 607
54070685.5626857 134481329769.785 -78044767240.3932 -58.0855373771582 -1798.83056721496 -421849590.968484 608
54158315.2307149 134475724802.48 -78203609646.299 -69.8994218932974 -1826.48019339762 -421849451.216542 609
54245954.686495 134469067781.027 -78364892895.8706 -82.0795978928774 -1854.12611941628 -421849312.092633 610
54333601.0438286 134461326727.646 -78528611380.0754 -94.6235951690695 -1881.75842710369 -421849173.608875 611
54421253.3343826 134452469780.938 -78694762043.2549 -107.529079031185 -1909.36780974191 -421849035.774166 612
54508907.4453383 134442465699.707 -78863334843.1159 -120.793113771222 -1936.9439824209 -421848898.602156 613
54587794.4220632 134432455731.298 -79017112224.3796 -133.034761954825 -1961.72569735407 -421848775.72484 614
54666681.3987882 134421468750.489 -79172842979.7433 -145.562723995045 -1986.46625653813 -421848653.397224 615
54745561.7226606 134409483300.765 -79330510225.6672 -158.373962560269 -2011.157067885 -421848531.634435 616
54824442.0465329 134396476148.601 -79490122997.5881 -171.46751120304 -2035.79372553283 -421848410.430915 617
54912076.298149 134380800450.517 -79669725016.9096 -186.342662157486 -2063.09311712108 -421848276.438054 618
54990939.8900957 134365567203.097 -79833394334.889 -200.022327453806 -2087.58902611163 -421848156.455785 619
55069803.4820423 134349244249.368 -79998992604.4855 -213.977506146106 -2112.01073279444 -421848037.046772 620
55148653.6514534 134331813013.98 -80166485045.8617 -228.203471705944 -2136.34769585816 -421847918.235549 621
55227503.8208645 134313249367.154 -80335893074.3903 -242.700229578939 -2160.5977008888 -421847800.005992 622
55306337.2433116 134293536363.268 -80507172994.8936 -257.462203568104 -2184.74927681126 -421847682.387166 623
55385170.6657586 134272649129.376 -80680352982.7809 -272.48996825991 -2208.8012651474 -421847565.357924 624
55463988.3065246 134250571353.656 -80855389702.6846 -287.777895544458 -2232.74259480507 -421847448.945431 625
55542805.9472907 134227278334.671 -81032309045.4793 -303.326363170248 -2256.57183810633 -421847333.13 626
55621604.0496119 134202755877.312 -81211057378.3355 -319.128752357024 -2280.27691298379 -421847217.943804 627
55700402.151933 134176978156.271 -81391668764.2658 -335.18615425227 -2303.85756093579 -421847103.361626 628
55779182.2130082 134149931528.12 -81574091168.9042 -351.492010971016 -2327.30228523758 -421846989.412943 629
55857962.2740833 134121590486.836 -81758355209.1697 -368.047113051364 -2350.61039865389 -421846876.074786 630
55945479.4425675 134088564844.675 -81965201003.6635 -386.726949177243 -2376.33595490771 -421846750.886603 631
56024233.9483145 134057437926.837 -82153254546.2059 -403.792942941436 -2399.32841025445 -421846638.883861 632
56102988.4540614 134024957522.216 -82343112774.8982 -421.098736535194 -2422.16564114443 -421846527.500854 633
56190481.9693903 133987263011.066 -82556139678.7285 -440.60227508809 -2447.3477951288 -421846404.488362 634
56269218.8981324 133951872191.218 -82749722653.1791 -458.399985128444 -2469.8329673967 -421846294.447272 635
56347955.8268746 133915070965.461 -82945069252.1197 -476.42750913955 -2492.14472864035 -421846185.034083 636
56426685.9548035 133876844732.73 -83142148495.176 -494.679959939989 -2514.27540729574 -421846076.26063 637
56505416.0827325 133837172677.087 -83340962849.5701 -513.155524331637 -2536.22122277319 -421845968.119782 638
56584144.005091 133796038540.057 -83541491895.9362 -531.850255105264 -2557.97590548069 -421845860.616768 639
56662871.9274496 133753424072.156 -83743725959.6785 -550.761187067932 -2579.5344643739 -421845753.750655 640
56750345.0115354 133704319313.3 -83970404916.5246 -572.022013704123 -2603.25100151468 -421845635.763129 641
56837824.3756321 133653339774.412 -84199163763.8295 -593.541986465164 -2626.71271022204 -421845518.558472 642
56925307.8740482 133600464052.411 -84429974489.3117 -615.3155953859 -2649.91152164937 -421845402.142069 643
57012795.6396505 133545669915.191 -84662814316.6188 -637.337793650077 -2672.84007563049 -421845286.516047 644
57100290.1130065 133488934041.878 -84897666055.5255 -659.6040384605 -2695.49169557326 -421845171.679339 645
57187796.114932 133430231721.085 -85134518564.8087 -682.110341602678 -2717.86037092631 -421845057.627699 646
57275312.8971481 133369542185.316 -85373345235.3822 -704.851224137512 -2739.93872526335 -421844944.364061 647
57362844.8466497 133306841456.352 -85614132940.1436 -727.822466053319 -2761.72075642352 -421844831.884581 648
57450390.9327267 133242109684.712 -85856853224.7669 -751.018362571045 -2783.19917804862 -421844720.192292 649
57537955.2918773 133175323584.743 -86101491412.998 -774.43449999431 -2804.36805630651 -421844609.283491 650
57625544.7692677 133106457796.288 -86348040210.9815 -798.067152249487 -2825.22213653466 -421844499.151068 651
57713158.0539013 133035493490.76 -86596469061.8678 -821.910341186495 -2845.75426561275 -421844389.798135 652
57800796.6291984 132962410081.994 -86846754691.7391 -845.958759219565 -2865.95804951691 -421844281.224141 653
57888467.4222183 132887182592.886 -87098889045.0051 -870.208537143715 -2885.82839695696 -421844173.421756 654
57976169.2592493 132809793112.778 -87352840468.0276 -894.653511937231 -2905.35842275305 -421844066.39359 655
58063909.1364209 132730216832.78 -87608600500.7946 -919.289726096815 -2924.54313435667 -421843960.13219 656
58151686.1669256 132648436197.996 -87866137409.3421 -944.110954507248 -2943.37585508196 -421843854.63964 657
58239505.0084133 132564428875.94 -88125435211.1132 -969.11246173813 -2961.85118385851 -421843749.911248 658
58327367.7276546 132478175157.561 -88386469945.6981 -994.288715656836 -2979.96322005064 -421843645.945389 659
58415279.2873313 132389652691.601 -88649225884.2618 -1019.63494943831 -2997.70671431774 -421843542.736973 660
58503242.0737785 132298841839.75 -88913679282.6399 -1045.14559384006 -3015.07593728383 -421843440.283933 661
58591258.8086197 132205722890.271 -89179806980.6077 -1070.81510577609 -3032.06529169696 -421843338.58375 662
58679332.2188599 132110276381.719 -89447585423.3807 -1096.63787338486 -3048.66924419261 -421843237.633851 663
58767467.9553215 132012479830.893 -89716999604.806 -1122.60907739188 -3064.88285596705 -421843137.428308 664
58855669.1998259 131912313551.092 -89988026682.9359 -1148.72310997609 -3080.70076085457 -421843037.964027 665
58943936.6470686 131809760998.864 -90260635719.7883 -1174.97355051273 -3096.11721936143 -421842939.240658 666
59032276.4912057 131704799512.563 -90534812337.8355 -1201.35553936675 -3111.12751646945 -421842841.25166 667
59120689.7088131 131597412751.167 -90810525628.8907 -1227.86259072442 -3125.72608725752 -421842743.996295 668
59209182.6663936 131487578083.977 -91087761073.9709 -1254.48975903243 -3139.9083172555 -421842647.46787 669
59297759.3701819 131375275808.428 -91366496477.4474 -1281.23132223667 -3153.66922646099 -421842551.662329 670
59386421.1365345 131260489901.01 -91646700747.8172 -1308.08066771996 -3167.00347851245 -421842456.578501 671
59475169.2038279 131143204898.793 -91928342021.5677 -1335.03107393829 -3179.9058220015 -421842362.215212 672
59564013.1248758 131023394487.86 -92211414453.4478 -1362.07826852158 -3192.37225052294 -421842268.562476 673
59652951.583677 130901047034.027 -92495877249.4982 -1389.21459628066 -3204.39724667245 -421842175.621834 674
59741994.0919525 130776136332.692 -92781723780.2977 -1416.43562144635 -3215.97682696297 -421842083.383482 675
59831141.9645386 130648647609.279 -93068920804.3417 -1443.73432576396 -3227.10593669757 -421841991.846216 676
59920401.8531366 130518558735.349 -93357451816.289 -1471.10523894228 -3237.78024717486 -421841901.003345 677
60009771.9390836 130385860197.589 -93647272477.2188 -1498.5402066288 -3247.9944746055 -421841810.856802 678
60099258.4359464 130250531086.083 -93938363941.8234 -1526.03344933325 -3257.74436069776 -421841721.400338 679
60188864.4762466 130112555265.991 -94230696942.0969 -1553.57815389439 -3267.02533827275 -421841632.630843 680
60278595.5696082 129971913180.967 -94524249512.3846 -1581.16814767625 -3275.83313620495 -421841544.54288 681
60368456.7908067 129828586059.226 -94818997848.7195 -1608.79703256271 -3284.16346296869 -421841457.131509 682
60458449.8440091 129682560788.116 -95114906611.0298 -1636.45728021858 -3292.01177148277 -421841370.39509 683
60548575.8570449 129533825741.599 -95411938004.2069 -1664.14109148268 -3299.37357412235 -421841284.332476 684
60638846.1806208 129382352601.7 -95710087465.3919 -1691.84371009796 -3306.2452530462 -421841198.932817 685
60729260.2862534 129228132960.157 -96009310779.4231 -1719.55663263602 -3312.62227922185 -421841114.196633 686
60819825.0141658 129071146345.478 -96309587558.4136 -1747.27351630994 -3318.50074183118 -421841030.117507 687
60910537.7738677 128911389033.892 -96610865614.3476 -1774.98503262205 -3323.87619483003 -421840946.697779 688
61001408.5531159 128748835694.205 -96913133968.5287 -1802.68559747036 -3328.74504306573 -421840863.928188 689
61092437.2523603 128583479146.206 -97216347603.8532 -1830.36644292093 -3333.10316616543 -421840781.808769 690
61183630.7539985 128415300056.336 -97520484190.8392 -1858.02082352085 -3336.94687912566 -421840700.33324 691
61274991.4470017 128244287625.771 -97825505885.453 -1885.64052117032 -3340.27234973659 -421840619.499404 692
61366522.6675261 128070429817.608 -98131377431.0895 -1913.21750156824 -3343.07588109008 -421840539.304217 693
61458230.8034053 127893709157.6 -98438073209.7561 -1940.74453946145 -3345.35393304229 -421840459.742012 694
61550117.1478142 127714118364.947 -98745549997.5082 -1968.21276879593 -3347.10290476708 -421840380.811588 695
61642182.9962982 127531650897.226 -99053763979.2725 -1995.6132276422 -3348.31933799878 -421840302.511688 696
61734432.1912585 127346295818.437 -99362679276.9839 -2022.93761163633 -3348.99993141927 -421840224.83886 697
61826870.8422067 127158038041.408 -99672267021.4925 -2050.17817361604 -3349.14146965161 -421840147.787804 698
61919498.9943882 126966875345.224 -99982477441.9807 -2077.32526939806 -3348.74082017218 -421840071.358304 699
62012321.2159911 126772796936.846 -100293275319.91 -2104.37048367857 -3347.79497513216 -421839995.546372 700
62105336.7878098 126575803765.954 -100604607141.714 -2131.30375981147 -3346.30110823772 -421839920.352328 701
62198549.2170997 126375888722.17 -100916432960.021 -2158.11617771178 -3344.2564966102 -421839845.773007 702
62291960.3407061 126173048968.794 -101228706653.327 -2184.79823634298 -3341.65858124753 -421839771.806582 703
62385571.6141894 125967283333.437 -101541380253.038 -2211.34023598452 -3338.50497217567 -421839698.451489 704
62479386.3821129 125758587295.597 -101854411528.094 -2237.73292056188 -3334.79336648503 -421839625.704664 705
62573402.2998683 125546969912.65 -102167738714.526 -2263.96535231368 -3330.52186275402 -421839553.567401 706
62667623.5192113 125332426676.244 -102481321177.248 -2290.028337934 -3325.68847043048 -421839482.035923 707
62762043.2340551 125114979104.334 -102795081313.169 -2315.9095900755 -3320.29197138222 -421839411.114687 708
62856667.1011746 124894621328.764 -103108982497.12 -2341.60020042786 -3314.33069957997 -421839340.798633 709
62951489.6054484 124671374452.909 -103422950553.757 -2367.0881589248 -3307.80387587382 -421839271.090964 710
63046514.7387777 124445238517.11 -103736942396.697 -2392.36398277239 -3300.71033260306 -421839201.987751 711
63072000 124384182666.311 -103821036508.948 -2399.096301559 -3298.71413280922 -421839183.582135 712
