0 151099098533.097 0 0 -0.1 -426121741.213618 3000
21024 151099098633.092 -2102.66102288136 0.00951250375309018 -0.100037246476633 -426121741.136081 1
1179963.59432239 151099421035.016 -164453.230601367 0.559583885989421 -0.218731509717255 -426121449.153141 2
2148922.46012981 151100228608.07 -500468.568277512 1.13466532629099 -0.505457321907497 -426120399.200996 3
3007527.83305409 151101486008.69 -1103609.5025319 1.83326395758242 -0.929244424189756 -426118082.873742 4
3866133.20597837 151103462703.09 -2154780.63175745 2.83436280835639 -1.55897336352151 -426113343.450998 5
4583608.64414922 151105901262.731 -3525051.13864445 4.0299481414483 -2.29890991618976 -426106384.884501 6
5301084.08232006 151109360686.8 -5518105.29324877 5.70937625656387 -3.30984954123897 -426095345.934037 7
5927362.6811695 151113537962.522 -7945687.65510148 7.73253442124916 -4.49844738365673 -426081048.233868 8
6553641.28001894 151119195022.712 -11234592.5671291 10.4711489664187 -6.08094190029898 -426060865.417974 9
7112965.90396724 151125920785.291 -15134105.505763 13.7242295619499 -7.94481974128977 -426036336.533794 10
7672290.52791554 151134733611.245 -20228022.5249935 17.9771100555426 -10.3786835292064 -426003936.344625 11
8180925.32095436 151145093190.095 -26205317.1410289 22.9565364942094 -13.2425536756843 -425965924.434909 12
8689560.11399317 151158312985.327 -33835772.5397625 29.2733009815371 -16.9133793256843 -425917890.743938 13
9159822.31959772 151173737017.577 -42764687.2200794 36.5851172380898 -21.226855720212 -425862745.784475 14
9630084.52520227 151192992203.25 -53975713.1530957 45.6212135337655 -26.6623956987579 -425795393.682811 15
10072074.899784 151215375870.689 -67121452.9868813 55.9953216181224 -33.0527490293404 -425719208.857758 16
10514065.2743658 151242807525.361 -83420822.4510063 68.5189376181852 -40.9869170690515 -425628864.467732 17
10936677.8141365 151274700757.078 -102652884.901477 82.8204952275534 -50.3475201642535 -425527826.339222 18
11359290.3539072 151313174289.547 -126273394.779696 99.7117014706449 -61.822993130346 -425411335.20871 19
11770975.6643031 151358084511.546 -154440235.120914 118.945816645023 -75.4553399121541 -425282308.610867 20
12182660.9746989 151411522889.343 -188798198.277735 141.18164815171 -91.9836451883929 -425137779.114784 21
12637255.0552044 151481980918.601 -235499443.358337 169.471533909782 -114.240841394529 -424960795.679877 22
13092342.6913101 151566324659.802 -293488182.906001 201.889777069982 -141.507201922964 -424767064.525303 23
13550976.4307495 151667209408.747 -365802431.320194 238.73835485526 -174.904898320093 -424558060.007804 24
14017380.5084321 151788105266.474 -456644908.487029 280.348645001614 -215.900144969793 -424335609.962171 25
14496966.8891617 151933613051.729 -571946657.74406 327.074413774684 -266.435292800044 -424101937.057052 26
14997412.7685473 152110248334.355 -720549337.752289 379.360927870454 -329.239288566783 -423859309.06205 27
15531171.9510487 152328270550.338 -916865626.56664 437.937634975084 -408.553183507957 -423609278.65157 28
16122074.7565793 152606640581.82 -1188045224.11146 504.344161652789 -512.110263295655 -423351012.995057 29
16680075.4645816 152905486967.787 -1504740687.81014 566.527518716447 -625.539243645482 -423130630.386226 30
17238076.1725839 153238404867.957 -1888964264.75325 626.125319248762 -754.093776050926 -422936003.336569 31
17723415.5077886 153554146046.667 -2284538595.0904 674.306334801418 -877.79436151801 -422788138.698718 32
18208754.8429932 153892178115.876 -2742705986.76615 717.783647896542 -1011.90576725271 -422659481.444583 33
18670404.6319744 154232061947.621 -3241033360.00104 753.733463522924 -1148.36629884298 -422553668.255403 34
19132054.4209556 154587149922.313 -3804190236.89307 783.513419597055 -1292.60846467058 -422462470.383485 35
19582793.1439262 154945613556.466 -4419810345.59817 805.886923830594 -1439.99089490213 -422385960.666268 36
20033531.8668967 155312547327.013 -5103126994.98701 820.999176125321 -1592.81142508131 -422320298.250747 37
20478087.4481323 155679432052.293 -5845532801.5846 828.266727955185 -1747.79244997671 -422264753.092659 38
20922643.0293679 156047780739.281 -6657570905.16657 827.52197287943 -1905.89067743448 -422217085.31732 39
21363075.0270845 156410578482.347 -7531858126.12512 818.553071655709 -2064.47317974426 -422176512.283272 40
21803507.0248012 156767576190.868 -8476209084.30573 801.151395398837 -2223.85948335225 -422141588.758653 41
22241129.4872385 157112844884.943 -9484032261.74705 775.357423691092 -2381.89275287815 -422111653.199737 42
22678751.9496759 157444957368.414 -10560735301.7208 741.021632796592 -2538.46378884786 -422085758.030479 43
23114855.2928935 157759115787.763 -11701343973.9318 698.325722526257 -2691.92840049111 -422063371.770201 44
23550958.6361111 158052825400.91 -12908123230.2563 647.265482773068 -2841.74769636021 -422043890.085729 45
24035158.3613641 158350588269.834 -14323285794.3777 580.99780474585 -3002.53460042104 -422025142.509081 46
24519660.0933644 158614045870.498 -15815567432.0922 504.956728979503 -3156.21825120961 -422008944.290856 47
25004913.4819368 158838713261.865 -17382774067.4022 419.522299529422 -3301.57907082793 -421994878.246495 48
25491518.98239 159020229318.833 -19022829359.2919 325.128300067002 -3437.47223012086 -421982598.763707 49
25980105.1883571 159154270413.557 -20733420303.3916 222.278921472954 -3562.78054823076 -421971822.280384 50
26471324.5268965 159236544864.314 -22511963515.6129 111.552695998773 -3676.40830120006 -421962315.519077 51
26965846.8504762 159262794155.932 -24355548708.3164 -6.39097260546325 -3777.2761367194 -421953886.000652 52
27464347.5640081 159228805782.857 -26260846348.4329 -130.801927256589 -3864.31764501358 -421946374.455333 53
27967485.6314226 159130446678.113 -28223960804.384 -260.824955600987 -3936.47890767464 -421939648.793606 54
28475863.876565 158963732864.455 -30240199567.4534 -395.479538939964 -3992.72349287945 -421933599.366218 55
28989961.2184555 158724961182.53 -32303721344.0982 -533.632179338011 -4032.04751329949 -421928135.289081 56
29510024.8771167 158410941186.09 -34407027937.7 -673.961121270804 -4053.51239653849 -421923181.636783 57
30035916.3734338 158019371139.869 -36540304987.2434 -814.917848104872 -4056.30610170552 -421918677.281665 58
30566929.4409214 157549377550.61 -38690739875.7346 -954.700137078517 -4039.84274052806 -421914573.047142 59
31101649.8000308 157002144467.886 -40842174093.7078 -1091.26700230157 -4003.89758737492 -421910829.686567 60
31583573.6095407 156447550962.134 -42760624282.0266 -1209.43701852352 -3955.19342172842 -421907747.409466 61
32065497.4190506 155837365818.229 -44651966970.6082 -1321.79255299466 -3891.48532592296 -421904907.451753 62
32541021.442623 155183778948.888 -46484695762.6138 -1425.92242618546 -3814.47332991968 -421902315.16427 63
33016545.4661954 154482457572.181 -48277591450.4653 -1522.40545393639 -3724.07145757348 -421899907.791198 64
33482246.4528097 153753060219.822 -49988885095.455 -1608.6377297852 -3623.30018775905 -421897709.631801 65
33947947.439424 152985554873.458 -51650587856.2358 -1685.9467378926 -3511.24182885292 -421895652.313745 66
34403658.4214526 152201766620.633 -53223782401.1307 -1752.3249811405 -3391.52708200734 -421893761.21895 67
34859369.4034811 151389922379.143 -54740328410.7327 -1808.99644679451 -3262.78401788312 -421891978.53086 68
35306544.8577479 150570383705.901 -56169639341.9886 -1854.74660383708 -3128.6222481128 -421890324.094675 69
35753720.3120146 149732632997.949 -57537404878.5368 -1890.40378453028 -2987.68798855979 -421888754.401921 70
36194298.0442248 148893877228.224 -58822072019.6406 -1915.43921648296 -2843.2037167908 -421887282.768185 71
36634875.7764351 148046324618.904 -60042037953.9882 -1930.32286770073 -2694.14829608173 -421885878.404717 72
37070791.9084559 147203480044.342 -61183665111.4289 -1935.01933968208 -2543.18955106465 -421884548.887265 73
37506708.0404768 146360755074.97 -62258919059.914 -1929.78980844445 -2389.7975121389 -421883273.4661 74
37939723.9440831 145528003250.816 -63260481289.8315 -1914.90361962671 -2236.04148083457 -421882055.11418 75
38372739.8476894 144703750644.827 -64195350779.2322 -1890.5771439429 -2081.92959970406 -421880880.685858 76
38804363.5337123 143894608652.421 -65060909331.4139 -1857.23182588857 -1928.97353400161 -421879749.676912 77
39235987.2197352 143101753417.749 -65860771524.865 -1815.17828135208 -1777.68081905257 -421878654.538684 78
39667388.7085469 142329241848.235 -66595507413.9998 -1764.89148756582 -1629.11633965405 -421877592.416635 79
40098790.1973585 141580112813.973 -67266898345.5185 -1706.8668699239 -1484.16962648818 -421876559.628451 80
40578438.7512553 140778561142.185 -67941171695.8774 -1633.97468182205 -1328.40621138714 -421875442.302157 81
41058306.1710891 140013580684.285 -68542594020.1477 -1553.07223445214 -1179.46244202414 -421874353.62133 82
41538555.0672392 139288588460.428 -69074832920.9224 -1465.07429958108 -1038.49640862631 -421873289.982441 83
42019072.0521061 138606974961.592 -69541788600.3677 -1371.01201888761 -906.689384104061 -421872248.685188 84
42451227.2710109 138033552970.827 -69909586126.0668 -1282.16725506075 -796.914709450236 -421871329.523991 85
42883382.4899157 137499242762.184 -70231873177.6868 -1190.14139230484 -696.182295810757 -421870424.887248 86
43313899.7539257 137007034824.454 -70511709219.0931 -1096.12808186771 -605.470930124434 -421869536.473899 87
43744417.0179356 136555653383.041 -70754669287.4928 -1000.61849029153 -524.963850700453 -421868659.338072 88
44171999.2513098 136148217695.65 -70963923361.5902 -905.107035716301 -455.61507944211 -421867798.015791 89
44599581.484684 135781613796.439 -71145864750.181 -809.765112509982 -397.276484660819 -421866945.31128 90
45023464.2788265 135458243902.456 -71303984916.2205 -716.211531724841 -350.668091996199 -421866107.465537 91
45447347.0729691 135174189147.734 -71444768453.8701 -624.392299630439 -315.517808306421 -421865276.1835 92
45867537.5442546 134930531163.438 -71572039760.731 -535.824888346874 -292.18388036002 -421864457.883937 93
46287728.01554 134723450601.898 -71691937033.0175 -450.408720497799 -280.433367468443 -421863644.698854 94
46704925.3902919 134552584413.782 -71808500863.44 -369.388650609421 -280.271483700239 -421862841.903216 95
47122122.7650437 134414621464.674 -71927384180.8161 -292.776632518612 -291.540851597048 -421862043.355914 96
47537493.8563873 134308001066.967 -72052762195.6548 -221.471631105668 -314.0078638344 -421861252.323499 97
47952864.9477308 134229872022.493 -72189772224.3024 -155.68037152071 -347.51134811463 -421860465.227227 98
48367817.7869273 134177876334.951 -72342782861.9182 -95.972513028107 -391.73942169582 -421859682.904474 99
48782770.6261238 134149326794.718 -72516320146.8314 -42.7488396089397 -446.383945478388 -421858904.733666 100
49244203.2648818 134141718785.969 -72738558529.1856 8.30342255006109 -518.879458904718 -421858044.635733 101
49706420.8048811 134155634007.8 -72997450330.0281 50.3506329588728 -603.232644128853 -421857189.15411 102
50169942.3963334 134186900092.159 -73298809728.8889 82.9199802217502 -698.838897423761 -421856338.102745 103
50635181.008128 134231140430.176 -73648254775.95 105.556048068861 -805.004456867628 -421855491.68023 104
51102477.9656922 134283748318.525 -74051176592.6792 117.83238091959 -920.939985946037 -421854650.392847 105
51572079.3175652 134339869361.288 -74512652455.4121 119.361036385813 -1045.74472157294 -421853815.079645 106
52044112.4554276 134394396585.794 -75037325986.4514 109.807192046625 -1178.39135425818 -421852986.928099 107
52518566.8554493 134441985817.13 -75629258606.6389 88.9083816430225 -1317.71475289322 -421852167.471592 108
52995284.8509885 134477097938.5 -76291766164.9294 56.4967258349874 -1462.40865787687 -421851358.557975 109
53473969.1151869 134494070912.801 -77027266009.6347 12.5209818409542 -1611.03465631152 -421850562.279779 110
53954211.441919 134487217481.822 -77837167379.5299 -42.9359914072341 -1762.04623208684 -421849780.863836 111
54435541.9926348 134450936047.11 -78721835215.3106 -109.648736495481 -1913.8271845045 -421849016.530259 112
54917491.1046722 134379816271.773 -79680641139.0195 -187.252195268596 -2064.73925376689 -421848271.343391 113
55351355.642874 134281790602.993 -80605560449.5467 -265.988334256992 -2198.45962480486 -421847618.641243 114
55785220.1810759 134147852844.308 -81587856734.7079 -352.726661359975 -2329.05727324852 -421846983.85463 115
56218664.7700896 133974815145.8 -82624919028.6158 -446.918623978507 -2455.3805448597 -421846368.169423 116
56652109.3591034 133759408874.532 -83715656957.7352 -548.133909475258 -2576.56552896522 -421845771.451692 117
57133435.6389939 133467016171.127 -84986812595.3247 -668.06999989873 -2703.9670093883 -421845131.495048 118
57614867.1730454 133115065067.321 -86317534429.032 -795.142081993192 -2822.66810694806 -421844515.621828 119
58096582.7582005 132700147311.931 -87703905136.3532 -928.474388089891 -2931.56910067908 -421843923.832842 120
58578969.9218635 132218994448.064 -89142182396.1277 -1067.18696143367 -3029.69312545895 -421843355.771076 121
59062487.5806709 131668520666.855 -90628490030.0174 -1210.3650683658 -3116.14315430717 -421842810.936074 122
59547652.3467698 131045808374.622 -92158804922.3461 -1357.05529220621 -3190.09309669472 -421842288.726742 123
60035027.8162513 130348103619.06 -93728932893.7548 -1506.25991196445 -3250.78076800732 -421841788.476212 124
60525215.1502027 129572824314.901 -95334472023.348 -1656.92970351685 -3297.50300455017 -421841309.480951 125
61018842.5991655 128717586766.878 -96970758971.4109 -1807.95505588651 -3329.61334224173 -421840851.026424 126
61516550.6100046 127780260283.653 -98632790318.8575 -1958.15512228392 -3346.52308869816 -421840412.411834 127
62018967.3270768 126759066909.962 -100315105885.039 -2106.26462602748 -3347.70737887242 -421839992.976867 128
62526666.9748905 125652753394.551 -102011616485.288 -2250.91824676893 -3332.71908358975 -421839592.133592 129
63040100.7562298 124460875180.279 -103715356178.321 -2390.63353152053 -3301.21524858538 -421839209.406491 130
63072000 124384481241.647 -103820622864.754 -2399.06344756661 -3298.72312955441 -421839186.35985 131
