0 -6800000 0 0 10804.1233923899 -264585.919830099 3000
120.650874942052 -6737626.34514436 1299552.82208787 1027.73143670886 10705.9138842695 -264587.937292241 1
241.301749884104 -6554873.82206727 2576094.49671728 1984.87789950312 10428.0886623589 -264591.563660949 2
369.797136756798 -6241289.59200362 3888795.41594669 2869.69290884195 9983.25562894552 -264596.259319648 3
508.111765737063 -5789005.10207037 5230352.39621996 3637.94838922887 9404.08320474245 -264600.508066326 4
665.061423752574 -5164245.41602131 6651588.69374248 4286.33865723943 8705.44908689108 -264604.013981767 5
858.622217883078 -4279007.42206519 8255136.93754424 4817.79069713785 7874.84369027032 -264607.187426999 6
1052.93087764727 -3309074.5452784 9711105.23164314 5136.53670083952 7127.85023693959 -264608.175227642 7
1247.23953741146 -2292019.31628247 11031698.4965293 5313.09166980457 6481.45090884782 -264608.768479757 8
1467.69738390545 -1108930.6739436 12390167.1798517 5404.95074472586 5861.31555327371 -264609.68322533 9
1702.00020236633 161111.083477213 13697321.8340253 5426.18037404315 5313.74405526819 -264610.611783691 10
1955.98548740311 1536557.96771926 14982713.9065185 5398.24189329937 4823.94953405191 -264611.556958623 11
2233.82769423108 3028167.19452319 16259869.5306318 5334.82887661832 4384.03327800276 -264612.488994524 12
2539.49267837181 4645540.14770172 17537357.0948219 5245.63622060048 3988.03137739669 -264613.383286636 13
2876.99714456611 6397906.96005136 18821050.4469582 5137.81980668527 3631.05156498268 -264614.223189943 14
3250.55053347519 8294505.41447163 20115220.7995855 5016.78423105021 3308.89974425396 -264614.99918082 15
3664.64001894082 10344750.6682895 21423095.8036382 4886.66545060052 3017.90419716012 -264615.707165087 16
4124.09173919009 12558322.6655186 22747178.2689827 4750.65167223849 2754.81732484268 -264616.346875543 17
4634.12081111599 14945214.7649103 24089440.8300126 4611.20858786835 2516.75211130909 -264616.920578133 18
5200.37596993321 17515762.5041007 25451451.2020313 4470.2434328861 2301.13573285015 -264617.432099184 19
5828.98179768244 20280661.3357613 26834456.015248 4329.22763525267 2105.6726037889 -264617.88612557 20
6526.58016755341 23250977.7565106 28239438.6246625 4189.29024225035 1928.31327605667 -264618.287718767 21
7300.37185603109 26438156.1452274 29667159.8603348 4051.29007720399 1767.22743161641 -264618.64198917 22
8158.1589165927 29854022.5814975 31118187.1936831 3915.87204930476 1620.78003900333 -264618.953887047 23
9108.38819622713 33510786.3189128 32592915.7809811 3783.51144690318 1487.51013791437 -264619.228076374 24
10160.1962620057 37421039.3059727 34091583.6659675 3654.54899187874 1366.11190136214 -264619.468866216 25
11323.4559210129 41597753.9306635 35614282.6685339 3529.21871495076 1255.4177190595 -264619.680181229 26
12608.8244734713 46054279.0765441 37160966.0231847 3407.67020388524 1154.3830927266 -264619.865557859 27
14027.7938010079 50804334.4903849 38731453.5128742 3289.9864109787 1062.07316224256 -264620.028156875 28
15592.7423740761 55862003.4350565 40325434.6416479 3176.1979357665 977.650699333876 -264620.1707856 29
17316.9892359505 61241723.5382906 41942470.2349673 3066.29449762828 900.36542038455 -264620.295925365 30
19214.8500170499 66958275.759357 43581992.7677236 2960.23415864427 829.544481637484 -264620.405761109 31
21301.6950139922 73026771.350824 45243305.6391191 2857.95074003652 764.584032217068 -264620.502211215 32
23594.0093624445 79462636.6933646 46925581.566881 2759.35978397747 704.941711163827 -264620.586956283 33
26109.4553207256 86281595.8598071 48627860.2326333 2664.36334157989 650.129985375421 -264620.661466134 34
28866.9366677069 93499650.7423239 50349045.2801029 2572.85381206236 599.710235394983 -264620.727024674 35
31886.6652274348 101133058.613674 52087900.7588309 2484.71701326559 553.287505027968 -264620.784752445 36
35190.2294967531 109198306.908939 53843047.0718338 2399.8346296728 510.505840112564 -264620.83562686 37
38800.6653639896 117712085.063072 55612956.4892999 2318.08615523801 471.044149282176 -264620.880500225 38
42742.5288826103 126691253.192276 57395948.2728195 2239.35042642672 434.612527172753 -264620.920115681 39
47041.9710765862 136152807.451598 59190183.459506 2163.50682237243 400.948986921843 -264620.955121235 40
51726.8146874597 146113841.764127 60993659.3255598 2090.43619568398 369.816555314106 -264620.986082057 41
56826.6328446457 156591505.797639 62804203.5836472 2020.0215840529 341.000688517969 -264621.013491256 42
62372.8295493023 167602958.873797 64619468.3302547 1952.14874494425 314.306971904825 -264621.037779252 43
68398.7218689792 179165319.540909 66436923.7714975 1886.70654729679 289.559071376296 -264621.059321949 44
74939.6237749477 191295610.624521 68253851.7698979 1823.58724741791 266.596907249721 -264621.078447848 45
82032.9314355844 204010699.356607 70067339.2219107 1762.68667239071 245.275025590977 -264621.095444213 46
89718.2098767506 217327232.397515 71874271.3133537 1703.90432880406 225.461144330669 -264621.110562433 47
98037.2808058634 231261565.367299 73671324.6717056 1647.14345229511 207.034854537205 -264621.124022673 48
107034.311386388 245829686.524112 75454960.4440788 1592.31101027343 189.886459388373 -264621.136017906 49
116755.903807317 261047134.346407 77221417.3485421 1539.3176674164 173.915935272523 -264621.146717414 50
127251.185386784 276928908.614832 78966704.7283128 1488.0777223439 159.032001485981 -264621.156269828 51
138571.898888802 293489374.535313 80686595.6397461 1438.50902234582 145.151286555089 -264621.164805756 52
150772.492772971 310742159.545554 82376620.0233712 1390.53286132813 132.197580470746 -264621.172440077 53
163910.211159067 328700042.546091 84032058.0194167 1344.0738649125 120.101163322209 -264621.179273924 54
178045.182906631 347374834.784322 85647933.4450304 1299.05986714289 108.79820226854 -264621.185396412 55
193240.509529763 366777252.132741 87219007.5119317 1255.42178092079 98.2302092823623 -264621.190886138 56
209562.351575863 386916778.370244 88739772.8511585 1213.09346424365 88.3435531147747 -264621.195812489 57
227080.012877416 407801518.820368 90204447.8978447 1172.01158436936 79.0890197967775 -264621.200236773 58
245866.021884544 429438043.534258 91606971.6926301 1132.11548171998 70.4214166390636 -264621.204213215 59
265996.210072538 451831220.17175 92940999.2314266 1093.34703311653 62.2992148527945 -264621.207789819 60
287549.786147374 474984035.23532 94199897.3968427 1055.65051663031 54.6842271007229 -264621.211009116 61
310609.405701107 498897403.481044 95376741.6006815 1018.97247766755 47.5413161786998 -264621.21390883 62
335261.235354361 523569964.642805 96464313.2305135 983.261597009266 40.8381317200273 -264621.216522446 63
361595.010936451 548997867.175071 97455098.0343301 948.468560406465 34.5448719757942 -264621.218879717 64
389704.088131395 575174537.609725 98341285.5389085 914.545930778786 28.6340683396811 -264621.221007103 65
419685.485254175 602090435.416207 99114769.6726123 881.448021945005 23.0803901812175 -264621.222928153 66
451639.917229229 629732792.593089 99767150.7370291 849.130773772642 17.8604680197019 -264621.224663848 67
485671.818685326 658085336.257679 100289738.87037 817.551629495266 12.9527334320225 -264621.226232897 68
521889.357054055 687127995.085475 100673559.225756 786.669412724798 8.33727377613505 -264621.227651996 69
560404.43237587 716836586.760989 100909359.011531 756.44420589284 3.99570069252178 -264621.228936057 70
601332.665094302 747182487.409187 100987616.636945 726.837227306868 -0.0889692017845025 -264621.230098412 71
644793.368884489 778132280.358062 100898553.159072 697.810707809296 -3.9324222607565 -264621.23115099 72
690909.510418572 809647385.147989 100632146.270799 669.327764116102 -7.54914565055159 -264621.232104471 73
739807.652624662 841683663.424271 100178147.063461 641.352269860635 -10.9525156403528 -264621.232968431 74
791617.885304627 874191003.166967 99526099.7922139 613.848720464091 -14.1548774148588 -264621.233751457 75
846473.741571551 907112878.190989 98665364.8732016 586.782091802869 -17.1676168232466 -264621.23446126 76
904512.103919296 940385882.656539 97585145.3033867 560.117689503959 -20.0012247380941 -264621.235104768 77
965873.103716222 973939238.90418 96274516.6502268 533.820986318527 -22.6653544484409 -264621.235688212 78
1030700.0217993 1007694277.44103 94722460.6521045 507.857443660377 -25.1688724845903 -264621.236217204 79
1099139.19987803 1041563886.53464 92917902.3663667 482.192313198348 -27.5199030872218 -264621.236696799 80
1171339.9806277 1075451929.73396 90849750.5288634 456.790411901974 -29.7258665374278 -264621.237131559 81
1247454.69936043 1109252627.11855 88506940.5272984 431.615863309352 -31.7935113147491 -264621.237525604 82
1327638.76596929 1142849896.61306 85878478.7799236 406.631793639155 -33.7289400371248 -264621.23788266 83
1412050.8909522 1176116648.09735 82953486.5918451 381.799968595335 -35.5376288460571 -264621.238206103 84
1500853.53448844 1208914019.16487 79721240.4340746 357.080351364933 -37.224439651092 -264621.238498996 85
1594213.70369562 1241090538.07978 76171203.5563044 332.43055225164 -38.7936244406686 -264621.238764122 86
1692304.27788809 1272481187.25491 72293041.238074 307.805130045991 -40.2488202168483 -264621.239004018 87
1795306.14822679 1302906328.6998 68076607.1393197 283.154683183096 -41.5930325720637 -264621.239220997 88
1903411.60695076 1332170424.46143 63511881.2111929 258.424639885017 -42.8286046713133 -264621.239417176 89
2016829.70144696 1360060447.44075 58588826.6808361 233.553600542824 -43.9571668920513 -264621.239594491 90
2135794.71845446 1386343800.81347 53297112.5266964 208.470998191362 -44.9795593332576 -264621.239754711 91
2260579.82092699 1410765437.00682 47625607.8505523 183.093675504945 -45.8957146283779 -264621.239899439 92
2391519.47717829 1433043618.44731 41561478.7407864 157.320664109007 -46.704479330109 -264621.240030096 93
2529047.68174929 1452863273.17632 35088560.4419824 131.024805447306 -47.4033344773494 -264621.240147867 94
2673766.48328541 1469864839.3708 28184323.5679199 104.038416068476 -47.9879382253812 -264621.240253566 95
2826578.16563733 1483623968.48037 20813862.9740283 76.1266257950111 -48.4513245015599 -264621.240347296 96
2988968.96732148 1493610512.99547 12916750.3647974 46.931738919016 -48.7823494164332 -264621.240427541 97
3163727.17447727 1499091784.40975 4373307.69254942 15.8354907389983 -48.9621668147747 -264621.240488171 98
3253697.14454984 1499798836.84058 -33207.4163429523 -0.115496806344496 -48.9852571240821 -264621.240488808 99
