0 -6800000 0 0 10804.1233923899 -264585.919830099 3000
282.195499775136 -6467558.12768279 2999942.71983823 2283.46673466456 10300.2888974278 -264855.817438379 1
564.390999550272 -5576860.70187212 5752559.97365007 3896.27374621932 9154.68616049697 -265047.529245481 2
912.480894005089 -4016573.24124882 8673323.82118986 4924.25593568309 7657.83616085709 -265154.122993112 3
1385.81447820034 -1550506.75586868 11901301.498398 5381.18572031376 6078.51227406504 -265240.885811549 4
1859.14806239559 1013187.8272237 14506967.6302693 5413.48083378171 4999.37800159387 -265273.945369959 5
2454.60899432203 4199383.20591841 17194206.8441337 5271.72571384928 4089.94925517609 -265314.756531548 6
3172.83993215937 7903962.35656472 19855191.4638285 5041.88042953608 3370.41400749843 -265347.551358122 7
4058.35666902534 12245762.8760146 22564221.0226574 4769.56734736198 2789.0216295835 -265374.337641006 8
5155.02923260964 17313193.7224725 25345701.1290506 4481.05100979412 2316.58624710462 -265395.602134811 9
6515.29057423621 23204073.3014853 28216216.9956338 4191.4323161912 1930.63049057283 -265412.236489533 10
8201.19321075624 30022781.1650072 31185857.9433841 3909.47979623657 1613.86147413058 -265425.126442617 11
10286.3965519389 37881627.390831 34260595.5596708 3640.09102017482 1352.73531246891 -265435.062310512 12
12858.0881725208 46901079.8605703 37443168.7518513 3385.77304545648 1136.56659701488 -265442.702193177 13
16019.0852389876 57209862.8469796 40733532.4014537 3147.5479018821 956.878260128862 -265448.573576271 14
19890.1255966757 68944858.6001307 44129036.6038765 2925.52246330505 806.914668580491 -265453.08961239 15
24612.3739657834 82250832.2211582 47624451.1010163 2719.25168626369 681.269691094792 -265456.56938834 16
30350.1574352486 97279961.9416888 51211888.4933478 2527.97169200971 575.599882895669 -265459.257274746 17
37293.9407037447 114191148.718364 54880656.2588542 2350.74938093771 486.40196562083 -265461.339537814 18
45663.5476948499 133149071.131706 58617055.0879258 2186.57789302779 410.839422000708 -265462.957838862 19
55711.6323485508 154322945.119485 62404134.5622264 2034.43666816406 346.606852908647 -265464.219863092 20
67727.3970031605 177884941.705668 66221413.763968 1893.32827534842 291.823498192665 -265465.207529006 21
82040.5515491858 204008209.236097 70044572.6774398 1762.2999894888 244.949361736065 -265465.98325462 22
99025.5001755553 232864439.414673 73845119.5617243 1640.4553862235 204.718914078292 -265466.594706375 23
119105.734775218 264620908.50218 77590039.4998838 1526.95945305927 170.088507520228 -265467.078383617 24
142758.404590706 299436916.189266 81241429.8918034 1421.03954409438 140.194523120954 -265467.462319029 25
170519.020109028 337459534.766966 84756129.6939026 1321.98372536719 114.319944587235 -265467.768112256 26
202986.235109037 378818570.097869 88085350.7083793 1229.13753453072 91.8675715317099 -265468.012462428 27
240826.633588838 423620623.326073 91174321.2248749 1141.89982534534 72.3384819613837 -265468.208324773 28
284779.427504289 471942128.089485 93961954.8992061 1059.71812737872 55.3146598213597 -265468.365785314 29
335660.946136038 523821221.880856 96380561.0211209 982.083786721208 40.4449397405318 -265468.49272401 30
394368.767940015 579248291.943211 98355616.4318137 908.527038734733 27.4336042368688 -265468.595318914 31
461885.310592618 638155015.341695 99805624.482286 838.612081311231 16.031111121316 -265468.678430603 32
539280.655014804 700401689.24204 100642092.787343 771.93215407406 6.02654028635645 -265468.745896274 33
627714.336951539 765762620.714047 100769669.341902 708.104575124704 -2.75856316060731 -265468.800755466 34
728435.801247475 833909314.600942 100086485.946039 646.765633489885 -10.4752024990969 -265468.845423907 35
842783.195001534 904391162.177348 98484768.7064408 587.565171423541 -17.2509960759926 -265468.881827915 36
972180.21018361 976613288.673723 95851786.8025701 530.160601887028 -23.1934458119925 -265468.911508695 37
1118130.84915394 1049811155.17583 92071220.2509005 474.209968314935 -28.3925139920797 -265468.935703653 38
1282212.4429194 1123021405.70137 87025028.7405493 419.363420699755 -32.9225733376763 -265468.955410106 39
1466068.36786845 1195048238.04765 80595881.553068 365.252063165094 -36.8437481308039 -265468.971435496 40
1671404.52817854 1264424085.55268 72670126.6876596 311.472324635432 -40.2025994091162 -265468.984437125 41
1899999.84914397 1329362159.20172 63141045.8174826 257.56234958579 -43.0319997849037 -265468.994953333 42
2153756.15267827 1387695100.35241 51911524.1887839 202.96319179823 -45.3498319533278 -265469.003426115 43
2434852.74129265 1436784638.83786 38893566.4486784 146.948288188736 -47.1556581128691 -265469.010209869 44
2746190.91198694 1473357968.48045 23996901.6799407 88.4776308907464 -48.4231807305163 -265469.015540702 45
3092756.8586241 1493118884.14103 7079549.70816293 25.8352223297778 -49.0818026648248 -265469.019338976 46
3253697.14454984 1494963976.45235 -826573.546153609 -2.89464851983929 -49.1419704315811 -265469.019357787 47
