0 -6800000 0 0 10804.1233923899 -264585.919830099 3000
273.628119492938 -6486857.61178211 2911580.3431838 2222.16195110049 10328.2661934456 -264813.358379021 1
547.256238985875 -5642978.6782052 5595048.34013047 3820.82483644481 9230.98841954289 -264984.570635788 2
881.174407396999 -4169812.07796277 8431638.00642967 4864.30279017906 7783.06132286793 -265082.2599971 3
1336.1197467737 -1817456.56853701 11595811.247376 5361.19716607702 6217.74302192165 -265160.45157665 4
1791.0650861504 644330.808271187 14162184.5047178 5421.04630915867 5130.8353520361 -265190.200565256 5
2356.81993475731 3682416.99161051 16788254.5601655 5300.64677769227 4214.81559263428 -265226.764406558 6
3034.14653208548 7201542.56393304 19379797.0495017 5086.81081100344 3487.23404338749 -265256.53263275 7
3863.76372791194 11312081.50342 22011224.9009584 4826.58774531872 2897.00998214445 -265281.115473902 8
4885.24149049518 16095394.3042428 24707706.7661968 4546.98987427384 2415.46105861949 -265300.829620585 9
6145.47687683997 21640742.9682562 27486070.1738504 4263.7474465786 2020.52988789322 -265316.389827304 10
7699.68922688065 28043123.1082289 30356705.5022984 3986.14663486263 1695.18873959627 -265328.54480857 11
9613.1549166911 35404556.3501744 33325979.9803276 3719.51350855449 1426.04640272034 -265337.982819024 12
11962.8652493835 43834351.2834473 36397179.2991066 3466.70581678968 1202.49118616519 -265345.288625655 13
14839.3251615005 53449230.5289161 39570993.0149636 3229.02996932889 1016.06758438046 -265350.938077101 14
18348.5062608154 64373285.0127488 42845729.1280767 3006.82165849362 860.008538515215 -265355.308444547 15
22613.9774834532 76737779.0705069 46217374.4232428 2799.81883477501 728.876763765991 -265358.694100094 16
27779.2264925845 90680795.4930073 49679555.727018 2607.40326696035 618.286864883768 -265361.322495552 17
34010.1814494109 106346701.446285 53223432.6798425 2428.75733775558 524.688691854858 -265363.368368374 18
41497.9395930938 123885409.257207 56837539.7422478 2262.96546946731 445.197697408876 -265364.965554283 19
50461.7060441185 143451400.681092 60507588.4249507 2109.07907351422 377.461617891258 -265366.216446313 20
61151.9429016076 165202478.183821 64216237.094267 1966.15735084931 319.555351362168 -265367.199398841 21
73853.7247936965 189298201.584677 67942833.7810584 1833.29207585728 269.897800391512 -265367.974441747 22
88890.2923433848 215897962.86401 71663136.5156762 1709.62177313756 227.185877019775 -265368.587651967 23
106626.789328949 245158645.898557 75349015.4685791 1594.33890572021 190.341957097016 -265369.074480481 24
127474.16241617 277231811.208715 78968141.4108961 1486.69250335976 158.471905874411 -265369.46227726 25
151893.19395909 312260338.370721 82483665.6352054 1385.98786224184 130.831438032568 -265369.772205393 26
180398.628223578 350374450.469927 85853897.4678315 1291.58440936448 106.799069273789 -265370.020692331 27
213563.339072537 391687035.632411 89031986.8608267 1202.89245973334 85.8542979718753 -265370.220531275 28
252022.472330324 436288170.242142 91965621.3282837 1119.36934499766 67.5599504130745 -265370.381718428 29
296477.478156761 484238736.612901 94596748.7394525 1040.51522079663 51.5478521007603 -265370.512090818 30
347699.92744015 535563014.590881 96861340.3078673 965.868740914148 37.5071656694303 -265370.617813391 31
406534.980999884 590240111.49475 98689211.6308403 895.002702116471 25.1748749850838 -265370.703752016 32
473904.351203299 648194077.766388 100003923.987546 827.519701770919 14.3280039720895 -265370.773759974 33
550808.563247843 709282536.559446 100722793.457399 763.04780175575 4.77724454307011 -265370.83089866 34
638328.289977562 773283633.668282 100757041.90945 701.236149621068 -3.63826382000151 -265370.877608173 35
737624.506266361 839881089.571473 100012131.607036 641.750463795072 -11.0552055895653 -265370.915839596 36
849937.200053267 908647106.242273 98388333.862091 584.268236052917 -17.5895697623868 -265370.947157943 37
976582.418013486 979022845.303487 95781591.0551574 528.473428772218 -23.3394595329876 -265370.972822584 38
1118947.57902757 1050296142.80558 92084738.1577241 474.050326951804 -28.3873171122258 -265370.993850342 39
1278485.39715891 1121576038.83489 87189149.207433 420.676008165572 -32.8016160848499 -265371.011065241 40
1456707.72239102 1191763524.34685 80986853.2246503 368.010542947606 -36.6380352668643 -265371.02513795 41
1655182.81763632 1259517504.36472 73373093.0375818 315.683374774522 -39.9400754985737 -265371.036617179 42
1875544.67530145 1323213980.95872 64249107.6774928 263.27298547656 -42.7389947866611 -265371.045954498 43
2119535.11785365 1380893870.38835 53524420.1780127 210.273999735105 -45.0527714173943 -265371.0535227 44
2389130.55230585 1430187740.02045 41116583.6353734 156.03869081666 -46.8834335749863 -265371.059624355 45
2686895.0400986 1468184352.17701 26942437.1676984 99.6597308649511 -48.2111211908874 -265371.064474619 46
3017014.19304337 1491135276.04103 10881200.8284768 39.6924183997963 -48.9801225573057 -265371.068083957 47
3253697.14454984 1495523226.15589 -735090.018670806 -2.57285951015047 -49.123943496971 -265371.068287654 48
