0 -6800000 0 0 10804.1233923899 -264585.919830099 3000
155.004420775757 -6697450.08215865 1666308.0340601 1310.17497470365 10643.5854806714 -264594.712613188 1
310.008841551515 -6401322.07132759 3285154.88308906 2477.68077184266 10205.4654448773 -264608.229440592 2
478.689345971944 -5893897.42422596 4951766.70428672 3490.69167332119 9532.39258758513 -264622.688900746 3
669.433422911613 -5145472.81169434 6689603.36789983 4301.33968812218 8686.03888978054 -264633.445725165 4
910.068027321196 -4028467.54788786 8654898.618796 4919.73977736479 7667.47689897862 -264642.387960911 5
1161.66559311554 -2744077.70881561 10465526.6957236 5249.12298723139 6753.88780268812 -264645.571175426 6
1413.26315890988 -1402759.45152106 12067244.3020701 5390.26519804036 6004.15296688076 -264647.559174072 7
1707.26536976608 189689.218036592 13725258.9765722 5426.044754651 5302.57085555704 -264650.646548018 8
2029.70235149644 1933995.78010597 15333639.6909222 5383.90845866896 4698.50233928192 -264653.617203079 9
2390.56682854652 3860956.5867574 16930009.3665303 5290.72627047975 4170.99140313085 -264656.465319816 10
2797.67963971614 5989384.61988788 18529966.4904732 5163.53250846394 3708.57062857289 -264659.107719734 11
3259.17448391699 8337777.56440058 20143693.2458601 5014.02168287183 3302.1852782408 -264661.500330523 12
3783.76950887719 10924757.226245 21778154.6426906 4850.48524022596 2944.37566680908 -264663.627940938 13
4380.99472026664 13769518.6990164 23438378.0637011 4678.89216025386 2628.82210403039 -264665.494965857 14
5061.353043156 16892015.306067 25128095.9475424 4503.56668326225 2350.10605887513 -264667.117440144 15
5836.45996527321 20313057.1194666 26850113.4826963 4327.64092198836 2103.55445026393 -264668.517364128 16
6719.1754431602 24054365.9269316 28606531.4228536 4153.37015051135 1885.12495933631 -264669.719000461 17
7723.73497612493 28138606.861412 30398887.2137683 3982.35863326612 1691.31482129444 -264670.746595178 18
8865.8834223175 32589405.6934151 32228246.9094447 3815.72452927055 1519.0852099827 -264671.623071868 19
10163.0136088555 37431356.0707224 34095265.8597127 3654.22197183611 1365.79720726456 -264672.369362791 20
11634.3110076648 42690018.7321683 36000228.6849688 3498.3323489386 1229.15702782381 -264673.004141466 21
13300.9053189978 48391913.5648859 37943074.9711626 3348.33305319117 1107.16894829286 -264673.543797622 22
15186.0295557355 54564504.7579804 39923414.777552 3204.34953636126 998.094784713373 -264674.00254998 23
17315.1870607916 61236178.9333046 41940536.6421108 3066.39486868075 900.418989558546 -264674.392629972 24
19716.3267818199 68436215.9078922 43993409.8989183 2934.39987312151 812.818588960613 -264674.724494718 25
22420.0270496496 76194751.596885 46080682.5670779 2808.23610612811 734.13729214706 -264675.007044304 26
25459.6880330834 84542732.4275455 48200675.6984782 2687.73338238184 663.363195874511 -264675.247829174 27
28871.73299626 93511860.5787858 50351374.8373264 2572.6931214886 599.609583277516 -264675.453240319 28
32695.818412976 103134529.234062 52530419.0651858 2462.89848602313 542.098384125848 -264675.628679177 29
36975.0529491254 113443746.999187 54735088.0009568 2358.12204931316 490.145921866122 -264675.77870667 30
41756.2252530849 124473050.531351 56962287.0374008 2258.1315587823 443.150624631714 -264675.907172295 31
47090.0404430954 136256404.385077 59208531.0479393 2162.69422946854 400.582422221911 -264676.017324884 32
53031.3650932949 148828086.962821 61469926.7502477 2071.57990329965 361.973590449467 -264676.111906982 33
59639.4804531648 162222561.406513 63742153.8942337 1984.56333335555 326.910838031962 -264676.19323486 34
66978.3435596248 176474330.201542 66020445.4282762 1901.42579395485 295.028460514808 -264676.263266115 35
75116.85577384 191617772.11178 68299566.7776626 1821.95617288346 266.002411114014 -264676.323656598 36
84129.1382085957 207686960.055116 70573794.3810524 1745.95166675269 239.545159780363 -264676.375808294 37
94094.8133715028 224715458.381686 72836893.62363 1673.21817391042 215.401230500156 -264676.42090952 38
105099.292204002 242736097.894395 75082096.3106067 1603.57045839222 193.34332270236 -264676.459968658 39
117234.065603162 261780726.933821 77302077.8473881 1536.83214168163 173.168936069134 -264676.493842462 40
130596.999287539 281879936.621708 79488934.2911044 1472.83556681955 154.697429798802 -264676.523259782 41
145292.63073962 303062758.323198 81634159.4678331 1411.42156903744 137.767457115066 -264676.548841485 42
161432.466692712 325356331.159136 83728622.3600228 1352.43917961397 122.23472434936 -264676.571117166 43
179135.279531229 348785537.440718 85762545.012289 1295.74528298739 107.9700309681 -264676.590539189 44
198527.400571408 373372603.520357 87725481.2085568 1241.2042430378 94.8575532559631 -264676.60749449 45
219743.008010486 399136663.540425 89606296.2235741 1188.68751017425 82.7933394716444 -264676.622314498 46
242924.407076414 426093283.435083 91393147.9908155 1138.07321785895 71.68398878747 -264676.635283501 47
268222.29940565 454253942.146314 93073470.0563173 1089.24577527242 61.445490261833 -264676.646645694 48
295796.038635215 483625467.20193 94633956.7636939 1042.09546019053 52.0022012079545 -264676.656611122 49
325813.86835862 514209421.077639 96060551.1363543 996.518015621973 43.285947356381 -264676.665360715 50
358453.138772434 546001435.207353 97338436.0251173 952.414251371537 35.2352293793349 -264676.673050532 51
393900.497300795 578990487.606121 98452029.1203227 909.689651826842 27.7945226604312 -264676.679815371 52
432352.048563902 613158120.378228 99384982.5351318 868.253989508396 20.9136588007499 -264676.685771819 53
474013.478582628 648477593.008712 100120187.738994 828.020943457031 14.5472789666794 -264676.691020852 54
519100.137394915 684912966.747574 100639786.705433 788.907721185496 8.65435057846726 -264676.69565004 55
567837.074756712 722418115.749187 100925190.253769 750.834681449194 3.19773987495272 -264676.699735424 56
620459.022718204 760935659.581284 100957104.650114 713.724955206377 -1.85616595336217 -264676.703343128 57
677210.320818171 800395812.62576 100715567.645455 677.504059988791 -6.537792665486 -264676.706530719 58
738344.778897837 840715144.137197 100179995.199895 642.099503319922 -10.8746734960777 -264676.709348384 59
804125.475760951 881795243.305649 99329240.2208441 607.44036839254 -14.8917083449652 -264676.711839932 60
874824.496082867 923521283.405668 98141664.6346759 573.456873307073 -18.6113910102059 -264676.714043654 61
950722.612647585 965760477.429066 96595226.0451332 540.079893550558 -22.0540071282718 -264676.715993065 62
1032108.93276531 1008360417.61208 94667579.9821698 507.240432991043 -25.2378050027047 -264676.717717541 63
1119280.54418493 1051147289.3852 92336198.2293721 474.869023925911 -28.179140853597 -264676.719242866 64
1212542.2212346 1093923946.73693 89578502.8092226 442.895029977435 -30.8925993115349 -264676.720591713 65
1312206.29726867 1136467832.13714 86372013.4822895 411.245813929758 -33.391089295886 -264676.721784054 66
1418592.87723946 1178528714.09311 82694503.7822016 379.84571704695 -35.6859143620162 -264676.722837516 67
1532030.67983219 1219826199.94716 78524155.6553167 348.614770296267 -37.7868153381581 -264676.723767698 68
1652858.99081716 1260046952.80977 73839694.2673203 317.467016406444 -39.7019811879439 -264676.72458844 69
1781431.53409581 1298841487.78182 68620469.880157 286.308253594277 -41.4380210835127 -264676.725312054 70
1918123.65189825 1335820327.08395 62846427.0956086 255.032890848857 -42.9998860625134 -264676.725949524 71
2063345.24329331 1370549105.96994 56497853.1958015 223.519390084175 -44.3907204004396 -264676.726510652 72
2217563.98643435 1402541861.29621 49554701.7813496 191.623352207176 -45.6116081360538 -264676.727004138 73
2381347.64867092 1431250985.07906 41995090.3117123 159.166450831065 -46.6611510231461 -264676.727437527 74
2555443.96539051 1456050677.51932 33792122.0589111 125.917502370447 -47.5347522599158 -264676.727816881 75
2740940.9571257 1476206724.41787 24907049.3700391 91.5571772689098 -48.2233331757475 -264676.72814572 76
2939621.9958005 1490814227.00852 15273459.1933605 55.6039758971573 -48.7108061277809 -264676.728421842 77
3154889.75750939 1498646418.76626 4754965.24132226 17.229117823076 -48.9682576653028 -264676.728626199 78
3253697.14454984 1499482769.84479 -85275.6736844429 -0.29698445551522 -48.9955629978725 -264676.728627304 79
