0 151099098533.097 0 0 -0.1 -426121741.213618 3000
21024 151099098633.092 -2102.66102288136 0.00951250375309018 -0.100037246476633 -426121741.136081 1
1130306.29575487 151099393887.917 -153843.004172036 0.533972331974536 -0.208840383728073 -426121476.845565 2
2064684.72106844 151100135458.198 -459273.100203968 1.0775082622887 -0.473059347531183 -426120540.606026 3
2894401.32915129 151101284700.172 -1002287.53906321 1.72701169058475 -0.862885757354454 -426118498.531372 4
3724117.93723413 151103074083.152 -1942099.39916482 2.64127867902312 -1.43780855997406 -426114354.702867 5
4420265.04065804 151105268583.833 -3165206.51979695 3.72143925169532 -2.10976373631531 -426108275.439652 6
5116412.14408194 151108352229.379 -4934198.33295501 5.22053693233173 -3.01845027123398 -426098663.323483 7
5725959.02329105 151112054260.047 -7082643.26993071 7.01409416536778 -4.07901582464619 -426086209.200234 8
6335505.90250015 151117027518.766 -9975217.23086463 9.42199468111105 -5.47700148095864 -426068670.871104 9
6881007.20286183 151122909561.541 -13389777.9642421 12.2683594151519 -7.11167923878169 -426047359.555422 10
7426508.5032235 151130567175.679 -17821474.883882 15.9681534772864 -9.22832902744444 -426019264.280176 11
7923005.58988538 151139524423.258 -22992853.4669844 20.2828224333223 -11.7021036687569 -425986329.445414 12
8419502.67654727 151150895802.473 -29553100.1679829 25.7346280951961 -14.8511120868823 -425944762.097559 13
8878330.28268944 151164095176.637 -37178730.7033762 32.0219044682974 -18.5263259478903 -425897097.423422 14
9337157.88883162 151180504471.844 -46695738.5391092 39.7727062983417 -23.1307306261314 -425838882.549825 15
9767536.94907892 151199469066.431 -57766162.9998071 48.6374337875234 -28.503599520753 -425773116.867252 16
10197916.0093262 151222631315.573 -71411507.615536 59.3279857701391 -35.1404322224096 -425694994.553753 17
10607852.1092539 151249373280.693 -87354794.4132568 71.4857261263684 -42.902238483283 -425607719.605599 18
11017788.2091816 151281542308.769 -106819222.558771 85.8527234395732 -52.3738134580797 -425506690.430707 19
11414710.553412 151318769229.839 -129747328.675421 102.135901531783 -63.5077585275695 -425394863.394237 20
11811632.8976424 151362964614.563 -157539830.344617 121.005343500469 -76.9512762368599 -425268715.901852 21
12202990.9635553 151414407856.739 -190679166.254379 142.362577863903 -92.8849240846214 -425130238.686205 22
12594349.0294682 151474773944.122 -230649518.630557 166.629693982716 -111.941424983603 -424978234.517752 23
13028997.8915898 151553691059.25 -284658382.582284 197.130338748184 -137.382903214717 -424794916.932415 24
13466868.6007357 151647432344.234 -351374456.771026 231.672783817017 -168.295690848283 -424597240.476686 25
13911270.4658427 151758885359.359 -434273896.877475 270.533660475296 -205.902917727026 -424386827.843169 26
14366721.0005985 151891871812.518 -538209049.373525 314.025145094924 -251.817502651942 -424165541.979745 27
14839413.396781 152051650688.337 -670209031.334259 362.522758005479 -308.245144605604 -423935360.259345 28
15338879.9579157 152246122987.067 -841232904.901712 416.591098471314 -378.461460189875 -423697856.46703 29
15882159.1744222 152488891170.002 -1070535590.42649 477.323491769822 -468.029114411207 -423453061.594053 30
16500662.2961554 152805628810.796 -1395966584.21955 546.720101013537 -587.409608126059 -423198758.405347 31
17001790.8802433 153093386682.635 -1717495308.97868 601.336368638183 -697.840175283596 -423015185.476534 32
17502919.4643313 153407817177.384 -2097387488.59271 652.929793055073 -820.267139727469 -422852866.049009 33
17959302.3573977 153715813175.2 -2499109634.45013 696.099655384304 -941.728296020774 -422723277.232928 34
18415685.2504641 154042483552.165 -2958314705.85287 734.608149990117 -1072.05720590324 -422610137.842912 35
18854349.9751664 154371901887.336 -3457480331.87857 766.386119372081 -1204.96691973227 -422515664.742149 36
19293014.6998686 154713998760.268 -4016444700.53116 792.299867335223 -1344.55520526105 -422433804.813959 37
19722851.3060776 155058894169.01 -4624804259.80214 811.388160320977 -1486.95125554424 -422364462.069882 38
20152687.9122865 155410557689.305 -5295402247.8256 823.711060774919 -1633.98929757368 -422304565.025226 39
20577227.0601429 155761592698.045 -6020578431.32482 828.80816137195 -1782.82649222283 -422253479.978422 40
21001766.2079992 156113235547.353 -6809531471.93132 826.522303727602 -1934.27680296827 -422209336.279196 41
21422664.9494932 156459317687.37 -7655562849.56221 816.69559136723 -2086.02340837366 -422171474.565736 42
21843563.6909873 156799643602.089 -8565623968.26429 799.143448433245 -2238.36292229734 -422138660.976721 43
22261958.1794182 157128995030.686 -9533769162.76533 773.915636354226 -2389.39393881622 -422110332.693381 44
22680352.667849 157446158216.081 -10564849234.1486 740.878639571147 -2539.03949889236 -422085668.50983 45
23097379.8655616 157746909868.633 -11654407581.7072 700.196342654569 -2685.84869043609 -422064208.535941 46
23514407.0632741 158029095706.258 -12804535123.6563 651.85983511977 -2829.36364184331 -422045421.230728 47
23977432.0210033 158316817567.258 -14150562085.5178 589.414101045949 -2983.72309968506 -422027233.353447 48
24440704.6173656 158573670918.409 -15567394228.3052 517.990614259771 -3131.72793411223 -422011426.299157 49
24904609.779368 158795716925.242 -17053143219.2788 437.911812473064 -3272.30390558422 -421997625.460996 50
25369669.7499106 158979126908.716 -18606049022.3223 349.54388252269 -3404.44335603231 -421985517.671106 51
25836430.7106539 159120102592.159 -20224156050.8019 253.311623165149 -3527.16221674819 -421974843.858741 52
26305459.6597373 159214870911.747 -21905289467.425 149.701232482585 -3639.49495997354 -421965389.194812 53
26777339.8312454 159259683317.828 -23647014687.3733 39.2650494922642 -3740.49025409056 -421956975.062281 54
27252662.7372485 159250822759.894 -25446572589.2882 -77.3713157384539 -3829.20774081122 -421949452.555692 55
27732013.600123 159184623892.358 -27300777501.8445 -199.498706556045 -3904.71667805776 -421942697.254465 56
28215945.3887969 159057516162.884 -29205859028.2639 -326.309965413193 -3966.09794001939 -421936605.054358 57
28704934.5074803 158866105803.751 -31157221700.5102 -456.880103853302 -4012.45210234371 -421931088.881609 58
29199309.4155054 158607321244.329 -33149093629.224 -590.140338613608 -4042.91827283696 -421926076.140572 59
29699144.4967734 158278654052.137 -35174048572.9886 -724.847225216691 -4056.71071080743 -421921506.745818 60
30204121.330183 157878523689.942 -37222440965.5007 -859.553352476403 -4053.18165691646 -421917331.540632 61
30713386.1826584 157406757164.75 -39281919710.0318 -992.595728966332 -4031.91507331184 -421913510.799918 62
31225476.0284843 156865081261.989 -41337367282.2644 -1122.12877837505 -3992.8409442101 -421910012.422129 63
31685911.6643045 156322505432.611 -43164846565.7594 -1233.8238022645 -3942.89983826409 -421907124.656019 64
32146347.3001246 155729735508.99 -44966183367.1164 -1340.00083480838 -3879.36332899552 -421904452.263524 65
32600445.2999887 155098645025.726 -46711129181.5911 -1438.42048237494 -3803.8901154069 -421902004.247603 66
33054543.2998527 154424439461.251 -48419024885.9024 -1529.76224272323 -3716.28834450346 -421899722.359573 67
33499579.2604008 153725119855.928 -50051725101.9261 -1611.68283100064 -3619.32197504719 -421897630.227784 68
33944615.2209489 152991138684.505 -51638956613.1714 -1685.43002651311 -3512.07677427131 -421895666.165962 69
34380529.5882488 152242225041.1 -53145335584.2293 -1749.18854465129 -3397.82321132258 -421893854.087698 70
34816443.9555487 151467433596.088 -54600069487.5653 -1804.08735119177 -3275.26430438343 -421892141.729922 71
35244507.4509006 150685233413.92 -55975019756.9602 -1848.99814860434 -3147.65605594678 -421890547.959276 72
35672570.9462525 149885771367.646 -57293958993.2865 -1884.69579809695 -3013.71476454974 -421889032.945143 73
36094471.6828484 149084816110.984 -58536645487.7494 -1910.65403640376 -2876.37182925258 -421887609.680562 74
36516372.4194444 148274865561.794 -59720426270.2067 -1927.32212508222 -2734.6243800588 -421886249.501743 75
36933812.70995 147468482683.391 -60832080357.7006 -1934.61736188421 -2590.92981930813 -421884960.189923 76
37351253.0004557 146660961330.088 -61883191426.0184 -1932.78644280202 -2444.70694679998 -421883722.028074 77
37765799.0292381 145861656501.571 -62866244025.8472 -1922.03065403028 -2297.89223989219 -421882538.560818 78
38180345.0580205 145068629323.199 -63788258586.8454 -1902.53272990217 -2150.37509416232 -421881396.953382 79
38593360.6902572 144288326710.574 -64646063933.393 -1874.64443761043 -2003.59454854126 -421880297.481668 80
39006376.322494 143521236737.244 -65443438444.795 -1838.60617471988 -1857.88940593159 -421879232.473162 81
39418959.8962454 142771428814.893 -66180266443.2268 -1794.8271632103 -1714.28233292229 -421878199.885317 82
39831543.4699968 142041216319.977 -66858393359.2428 -1743.69166601277 -1573.47716869792 -421877195.734743 83
40290165.6730378 141256090585.763 -67544928220.0552 -1678.79443786261 -1421.26817302574 -421876109.717462 84
40748930.7389249 140502311786.17 -68163084379.8452 -1606.09354091666 -1274.62941049973 -421875051.950822 85
41208043.8695728 139782989379.664 -68715857977.7709 -1526.33953575269 -1134.58114293576 -421874018.963891 86
41667479.9101937 139101262049.421 -69206393748.5951 -1440.37992092316 -1002.17418655542 -421873008.07698 87
42081063.7145193 138522343816.802 -69597509346.1596 -1358.49010742764 -890.408237711207 -421872115.491214 88
42494647.518845 137978052998.584 -69943976064.3788 -1273.04703967534 -786.369043734348 -421871237.623201 89
42907269.4144801 137470851564.31 -70248454565.1631 -1184.9743203333 -690.887087174594 -421870374.895343 90
43319891.3101153 137000449004.85 -70515346622.0017 -1094.80286963005 -604.275263837298 -421869523.815915 91
43730346.9552962 136569733733.988 -70747277419.5452 -1003.75050095203 -527.42464392964 -421868687.466156 92
44140802.600477 136176544083.755 -70949647047.1681 -912.075345260671 -460.304297136569 -421867860.181248 93
44548145.6188869 135823541851.876 -71125275275.4304 -821.193959587294 -403.696471000115 -421867047.097033 94
44955488.6372967 135507420088.506 -71279929982.4882 -731.113002343202 -357.375388622158 -421866240.994828 95
45359356.7626783 135229946094.17 -71416738168.1792 -643.26810341127 -321.859273287188 -421865447.875485 96
45763224.8880598 134987543963.917 -71541328647.6739 -557.54067860379 -296.898160411857 -421864660.164977 97
46163899.4944931 134780746319.125 -71657088995.417 -475.208372464554 -282.687727244696 -421863883.477398 98
46564574.1009265 134606294727.327 -71769272200.8676 -396.179901713555 -279.046809535627 -421863111.125926 99
46962846.8962289 134463521981.538 -71881427184.9815 -321.46262027986 -285.895325906568 -421862347.375888 100
47361119.6915313 134349656399.392 -71998377139.6296 -251.103260841597 -303.108308581928 -421861587.368326 101
47758102.8399505 134263101160.019 -72123798721.1974 -185.805834857505 -330.44423029488 -421860833.436661 102
48155085.9883697 134201432653.397 -72262057409.752 -125.798394162572 -367.743147803592 -421860083.109848 103
48595981.744114 134159448294.255 -72435397309.4827 -65.8738900322549 -420.524002348891 -421859254.135195 104
49037043.0492056 134142227460.089 -72634644884.3152 -13.5222452805854 -484.845499726199 -421858429.706108 105
49478701.4965511 134146350304.562 -72865039860.4849 30.804648997076 -560.256715029364 -421857609.459544 106
49921375.0828399 134168249603.983 -73131713092.7398 66.6759522512556 -646.252846980831 -421856793.222438 107
50365447.1894041 134204193494.1 -73439667596.9736 93.6802590027376 -742.265892230314 -421855981.045947 108
50811249.9580729 134250265959.112 -73793744019.1825 111.427822932854 -847.653783192304 -421855173.228663 109
51259046.0320994 134302349552.934 -74198564129.7761 119.556216289001 -961.688008036137 -421854370.338589 110
51709009.4209922 134356114917.419 -74658449388.6065 117.739786012086 -1083.54083283756 -421853573.230774 111
52161207.5797033 134407022453.045 -75177314756.7703 105.702948570357 -1212.2739644081 -421852783.055197 112
52615588.3172809 134450341653.931 -75758543474.6776 83.2367061964723 -1346.83130994052 -421852001.247457 113
53071976.2467918 134481192308.249 -76404856047.3207 50.2167829635661 -1486.0390349945 -421851229.494284 114
53530083.512762 134494608334.155 -77118194419.576 6.62069193266049 -1628.61593030305 -421850469.668073 115
53989537.2724189 134485619572.835 -77899645980.1634 -47.4596376657581 -1773.1955792195 -421849723.730976 116
54449922.0724959 134449341022.717 -78749427659.6268 -111.812719125228 -1918.35904913917 -421848993.618364 117
54910830.2405927 134381055522.004 -79666936869.0862 -186.111304949894 -2062.67368181344 -421848281.119878 118
55325725.359415 134288539713.127 -80549357854.4249 -261.114241144536 -2190.64275088452 -421847656.328246 119
55740620.4782373 134163369972.399 -81484323605.0704 -343.458112755106 -2315.81258292912 -421847047.885484 120
56155127.4631836 134002748282.835 -82469538206.0035 -432.663592777407 -2437.16707160474 -421846456.867831 121
56569634.44813 133803788145.276 -83504137720.6073 -528.364124419882 -2553.95274232255 -421845883.138143 122
57029927.668298 133534783219.7 -84708362937.0326 -641.652828937934 -2677.27079934654 -421845266.708935 123
57490283.3242103 133212019269.055 -85967782381.6967 -761.632502142463 -2792.85760663398 -421844672.289024 124
57950836.5595674 132832461877.596 -87279007094.3217 -887.54514987833 -2899.73022831059 -421844099.930482 125
58411911.2416068 132393193127.726 -88638816771.6172 -1018.63142769997 -2997.01320098744 -421843549.360351 126
58873893.9822967 131891450808.439 -90043878244.2007 -1154.10323824335 -3083.89948739664 -421843020.175566 127
59337222.5215951 131324614873.456 -91490737866.0799 -1293.14104657815 -3159.6430510336 -421842511.878908 128
59802376.6676538 130690200908.868 -92975805399.1795 -1434.88980875255 -3223.5527657146 -421842023.908548 129
60269870.6149782 129985862488.14 -94495328639.8129 -1578.45364918461 -3274.98785637758 -421841555.662749 130
60740245.27207 129209405452.349 -96045356794.1344 -1722.88930767641 -3313.35514269755 -421841106.521215 131
61214058.3742318 128358819955.296 -97621687493.2717 -1867.19815278034 -3338.10852462667 -421840675.864982 132
61691869.3216321 127432339985.104 -99219789805.1025 -2010.31650733313 -3348.75159164307 -421840263.096779 133
62174214.0894258 126428546386.531 -100834691702.268 -2151.10404259803 -3344.8449395689 -421839867.664153 134
62661563.6728666 125346537654.082 -102460817544.8 -2288.33039694596 -3326.02087518018 -421839489.087712 135
63072000 124384433019.727 -103820689592.247 -2399.06876194285 -3298.72165052647 -421839186.046779 136
