0 -6800000 0 0 10804.1233923899 -264585.919830099 3000
289.833427748273 -6449912.02460057 3078514.35047937 2337.54684307668 10274.8387862181 -264898.771375209 1
579.666855496546 -5516843.98168095 5891879.26050178 3961.24202643041 9086.49684103394 -265109.694561385 2
940.722894257101 -3876786.51081604 8888018.78785007 4974.07915048217 7547.02371747336 -265224.793306097 3
1431.01192124911 -1306939.61141244 12173249.1311363 5395.66620916253 5956.72417230868 -265320.508416943 4
1921.30094824111 1349394.43333531 14814090.5503301 5404.30742136473 4885.18217884998 -265356.65203663 5
2544.42298756328 4671653.06393431 17556607.458246 5244.2091989282 3982.03048021502 -265401.455097042 6
3300.82084996579 8546622.921824 20279981.3912513 5000.76055915546 3270.00224217747 -265437.033214767 7
4238.73185330888 13101464.9512039 23058767.9260345 4718.29709628488 2696.66518857423 -265465.820529396 8
5406.18305664533 18431249.6649192 25916678.0555759 4422.40326620514 2232.41236114914 -265488.475254558 9
6860.97966203943 24641915.6689337 28870071.110634 4127.60800219458 1854.42097745555 -265506.061460864 10
8671.82302746327 31846740.2921361 31928734.6557099 3842.21501650451 1545.18838661448 -265519.595128912 11
10920.554151711 40167793.3984766 35098239.2992725 3570.74128810254 1291.05628840343 -265529.961899611 12
13704.3401146738 49736128.4340923 38380770.7385411 3315.38554555742 1081.29049702428 -265537.887363655 13
17138.0807844651 60691848.9669725 41775543.096236 3076.92208170758 907.407548683035 -265543.945923628 14
21357.0410671788 73183952.0053764 45278943.2297836 2855.26011705955 762.671465398783 -265548.582954457 15
26519.7364474406 87369965.188838 48884519.2469314 2649.79778525053 641.710708493071 -265552.13949491 16
32811.0870259289 103415352.568631 52582865.4550078 2459.64732614012 540.224006153462 -265554.874785054 17
40445.8512049178 121492655.355187 56361433.3111377 2283.77812570125 454.753089372974 -265556.985118273 18
49672.3456223057 141780324.975864 60204285.7470846 2121.1067857023 382.506324653841 -265558.618891039 19
60776.4531804919 164461198.102539 64091806.0027808 1970.55281285676 321.221305296337 -265559.888294104 20
74085.9154192199 189720555.493953 68000368.8677491 1831.0719295316 269.057397302186 -265560.878245624 21
89974.8987176246 217743698.206203 71901980.7261589 1701.67483064633 224.511403207852 -265561.653148502 22
108868.815514776 248712965.623622 75763894.3739187 1581.4365226298 186.351129639166 -265562.261971777 23
131249.371553753 282804109.672563 79548204.9134018 1469.49962885331 153.562867837462 -265562.742059879 24
157659.797644773 320181928.283625 83211433.9828696 1365.07389421206 125.309723251556 -265563.121984832 25
188710.209081532 360995048.432194 86704111.0967419 1267.43335818036 100.898434788426 -265563.423682259 26
225083.017045105 405369734.715642 89970362.9862019 1175.91215615877 79.7528613422439 -265563.664052892 27
267538.29338072 453402583.139082 92947524.6078932 1089.8995666185 61.3927237986475 -265563.856165575 28
316918.962162671 505151941.188875 95565789.0480137 1008.83468979046 45.4165055964776 -265564.01016309 29
374155.657782685 560627874.188434 97747918.0724508 932.200984378119 31.4876571774096 -265564.133946105 30
440271.049162142 619780473.809377 99409040.7644172 859.520776815941 19.3234368371266 -265564.233691166 31
516383.383194799 682486277.120918 100456574.819648 790.349774712309 8.6858657977496 -265564.314244273 32
603708.949279746 748532533.104819 100790313.913716 724.271548887811 -0.625611098156154 -265564.379420953 33
703563.116648701 817599017.618887 100302735.352002 660.891884943534 -8.78007802482158 -265564.432235848 34
817359.560975751 889237055.58828 98879594.9550113 599.83283370174 -15.9199610987547 -265564.475079049 35
946607.310459948 962845357.908845 96400890.1772059 540.726193205309 -22.1648890957135 -265564.509852063 36
1092905.37840052 1037642210.60328 92742285.5165733 483.206007541323 -27.6147376303045 -265564.538073125 37
1257935.17717142 1112633441.322 87777100.1826254 426.89942078689 -32.3519429901664 -265564.560959203 38
1443452.005983 1186575367.5079 81378941.3762749 371.414780904781 -36.4431171981153 -265564.579490216 39
1651279.55329953 1257931423.04476 73424989.8387406 316.325037485796 -39.9399230006979 -265564.594459584 40
1883317.71620633 1324819875.55735 63799713.557023 261.142720391099 -42.8790487712807 -265564.606513782 41
2141589.83254724 1384946578.64253 52398150.8855268 205.27882921946 -45.2808914736673 -265564.616181256 42
2428397.5988131 1435506723.93001 39126127.2557269 147.968002087531 -47.1460222083817 -265564.623884741 43
2746779.76382469 1473007969.22762 23889270.9750306 88.1131750240671 -48.4470476157515 -265564.629906686 44
3101948.5958926 1492848963.11378 6541908.01807625 23.8964745146661 -49.1084630635218 -265564.634152715 45
3253697.14454984 1494417904.5203 -915819.594826826 -3.20893744967873 -49.1595474549235 -265564.634165592 46
