0 -6800000 0 0 10804.1233923899 -264585.919830099 3000
252.314653788305 -6532567.40240595 2690738.55337269 2066.76443934054 10395.1302541695 -264730.441284359 1
504.629307576611 -5801649.06166788 5197548.01257565 3621.00223326686 9419.33261502731 -264855.825605437 2
804.869687133856 -4534753.74092172 7825831.46183486 4695.29244297449 8098.21483239909 -264933.57926029 3
1243.69210901603 -2310811.64952256 11008620.4764537 5310.8816183715 6492.28901764628 -265020.439563148 4
1705.19161493863 178525.528761373 13714148.9823819 5426.17251726608 5306.85792968864 -265057.886259634 5
2210.75099214184 2905126.24937721 16158125.3918677 5340.9984654691 4417.22523122132 -265083.245304063 6
2811.71651221621 6061997.71361657 18581664.4618994 5159.04543110997 3694.4465926166 -265105.558046095 7
3535.85667624073 9713096.39539083 21028657.7674956 4926.5016990342 3101.97631242388 -265124.349265344 8
4414.72388433266 13927409.8201528 23526261.3956054 4669.72903800757 2613.07335300332 -265139.785099227 9
5484.21510439795 18775488.7957426 26090391.6061395 4404.68792351706 2207.77798835982 -265152.233065339 10
6786.15014450153 24332383.8081619 28731357.9772093 4141.1319687354 1870.44655738694 -265162.153003102 11
8369.40247576332 30678212.3134647 31455802.8911754 3884.95382937873 1588.63300956151 -265169.999881012 12
10291.0559381036 37898505.2573445 34267701.1398536 3639.57935886998 1352.3514065142 -265176.180273488 13
12617.6175728348 46084348.9122637 37168866.52339 3406.84111275665 1153.54785785362 -265181.037814738 14
15426.3216741228 55332410.1442303 40159209.8218529 3187.54082960548 985.700793240028 -265184.853504702 15
18806.5408476791 65744861.2010348 43236853.2051535 2981.81816484413 843.511006184011 -265187.852454639 16
22861.3146430424 77429205.311863 46398155.2697522 2789.39499000785 722.658349856305 -265190.212675844 17
27709.0030332054 90497995.3160074 49637676.0782126 2609.73812511667 619.609478802844 -265192.07379234 18
33485.0699063012 105068432.616192 52948099.1851291 2442.16782702828 531.465284602454 -265193.544783643 19
40343.9999609372 121261830.229208 56320121.0057201 2285.92983770251 455.839444006834 -265194.710485278 20
48461.3506418437 139202920.748066 59742314.2106375 2140.24278507381 390.761464917951 -265195.636867915 21
58035.9388258224 159018987.216091 63200969.7585729 2004.32884506318 334.599081548593 -265196.375236973 22
69292.1597456232 180838792.045722 66679921.0294918 1877.43301872794 285.995970503023 -265196.965529748 23
82482.4330149585 204791276.072042 70160352.938349 1758.834675 243.821626478728 -265197.438882357 24
97889.7674900749 231003996.537034 73620598.7004358 1647.85386065023 207.130911235758 -265197.819617784 25
115830.432982246 259601269.223902 77035926.9848543 1543.85409722151 175.131316565346 -265198.126780976 26
136656.722356066 290701975.9668 80378322.4670723 1446.24284880672 147.15639450081 -265198.375322492 27
160759.78224297 324416994.421613 83616263.27003 1354.47047453483 122.644131161577 -265198.577010902 28
188572.484228902 360846202.098498 86714499.4430973 1268.02822323204 101.11929431636 -265198.741136498 29
220572.300829784 400075001.285583 89633837.4978429 1186.44564882581 82.1789841028911 -265198.875054694 30
257284.141560515 442170305.439421 92330937.1101336 1109.28769990433 65.4807733808857 -265198.984606327 31
299283.093831213 487175920.959168 94758127.4606942 1036.15164840785 50.7329480745143 -265199.074443418 32
347197.000899191 535107250.697803 96863252.3511765 966.663959686482 37.6864559279421 -265199.148282209 33
401708.794761021 585945237.278632 98589555.279694 900.477160386703 26.1282498467694 -265199.209100223 34
463558.485443513 639629454.843612 99875618.1353384 837.266726564683 15.875773974121 -265199.259290125 35
533544.690600637 696050247.641522 100655370.170383 776.727986815457 6.77239015457617 -265199.300780179 36
612525.571392999 755039802.108316 100858187.462615 718.573011252848 -1.31641762074612 -265199.335128834 37
701419.026199992 816362026.263818 100409107.228219 662.52743236085 -8.50619080551047 -265199.36359921 38
801201.989250982 879701095.479814 99229185.9548407 608.327114608083 -14.8960991814626 -265199.387217936 39
912908.70051978 944648505.712733 97236035.0208135 555.714550614919 -20.5710796226975 -265199.406821782 40
1037627.88499656 1010688451.56717 94344571.2695371 504.434803380166 -25.6035713283638 -265199.423094755 41
1176498.96030556 1077181309.17864 90468020.6743425 454.230721701798 -30.0548890968962 -265199.436597724 42
1330707.79875865 1143344934.70024 85519205.8511906 404.837000696225 -33.9762560858441 -265199.447792195 43
1501483.44924418 1208233343.50871 79412122.036418 355.972384607687 -37.4094928581056 -265199.457059484 44
1690099.11306597 1270712003.89616 72063737.4193984 307.328795317157 -40.3873240412622 -265199.464716205 45
1897884.80185696 1329428187.67226 63395787.299097 258.55514694321 -42.9332042820833 -265199.471026628 46
2126268.56409497 1382772854.82202 53335930.3909351 209.231406680867 -45.0604501595912 -265199.476211773 47
2376886.45159421 1428825406.8741 41816622.3195048 158.823250478071 -46.7702119762624 -265199.480453318 48
2651865.63277791 1465258036.94681 28767231.6744847 106.593629131502 -48.0471791488198 -265199.483884307 49
2954596.01130344 1489128735.28274 14085560.2284313 51.4023066533918 -48.8499664265192 -265199.486532728 50
3253697.14454984 1496502463.14867 -574930.714818437 -2.00962393276433 -49.0923105130152 -265199.487396027 51
