0 -6800000 0 0 10804.1233923899 -264585.919830099 3000
258.328890352392 -6520004.97016703 2753199.69495047 2111.02513086933 10376.6690861235 -264750.865483224 1
516.657780704783 -5757743.49909861 5310527.45991088 3679.16681304249 9366.459743987 -264888.407366343 2
826.184604822959 -4434128.05978058 7997486.04170068 4745.96595785879 8008.82878210174 -264971.516466774 3
1290.81249161072 -2059872.88832913 11311150.6542369 5338.82750741526 6349.73001910356 -265078.161913052 4
1763.61475063887 495480.902815418 14020614.3381785 5423.2567321397 5185.83108207916 -265116.999136411 5
2290.5261503161 3330373.08125528 16505936.2390661 5319.44977243013 4304.199691091 -265144.622908212 6
2920.66037073486 6622143.24107633 18978348.9196785 5123.69736099788 3589.68526067137 -265168.675787155 7
3683.82161079744 10438684.6381537 21480375.6386719 4880.84599206577 3005.59900722405 -265188.747211363 8
4614.1609879684 14853416.3174076 24038436.8617519 4616.46851740598 2524.99370058756 -265205.099334223 9
5750.84147093124 19942038.0321076 26668120.313261 4345.95256615015 2127.69036480083 -265218.191555033 10
7139.68490352158 25785297.632205 29379480.7338115 4078.60388253332 1797.89900393633 -265228.558465356 11
8834.41700724819 32469533.8454058 32178890.265593 3819.95674631528 1523.09134817906 -265236.711977499 12
10897.9583504299 40087008.6489796 35069992.4009927 3573.14879496621 1293.24687129394 -265243.100482691 13
13403.7894499465 48736033.7226267 38054179.9958769 3339.78093842756 1100.30953613676 -265248.097641951 14
16437.4248288562 58520972.4466942 41130830.6348633 3120.46917366434 937.776401867648 -265252.005703356 15
20098.0121614538 69552129.6956455 44297400.3273824 2915.20461913405 800.379289067884 -265255.064664729 16
24500.0675631012 81945527.5811875 47549427.9504162 2723.59066434613 683.835688589041 -265257.462892218 17
29775.3547122727 95822556.2365535 50880478.9897713 2544.99984155706 584.652627898308 -265259.347172556 18
36074.9131997423 111309483.573313 54282045.1726874 2378.67753499342 499.971593420903 -265260.831416424 19
43571.2394549806 128536804.046651 57743410.183697 2223.81015162031 427.445514290894 -265262.003838767 20
52460.6214891489 147638403.051366 61251488.124099 2079.56938874977 365.140893176618 -265262.932714839 21
62965.6263155583 168750510.224721 64790639.4094216 1945.14037137251 311.459722668574 -265263.670912466 22
75337.7361211389 192010411.455101 68342467.7465316 1819.73889838961 265.077009947779 -265264.259420329 23
89860.1259479048 217554885.678523 71885601.3517347 1702.62135239303 224.890645285584 -265264.730075085 24
106850.571662036 245518328.476721 75395461.4756758 1593.08969572212 189.981057444791 -265265.107660202 25
126664.472220725 276030520.03842 78844021.5000986 1490.49320804948 159.578649003623 -265265.411517551 26
149697.96452028 309213990.109259 82199560.3131657 1394.22809675364 133.037433027532 -265265.656783796 27
176391.102237162 345180927.066835 85426414.3405174 1303.73575135461 109.81362677068 -265265.855339085 28
207231.061864952 384029572.168987 88484733.5181194 1218.50016459263 89.4482193190025 -265266.016535679 29
242755.329326365 425840033.194967 91330247.6576695 1138.04487016892 71.552734673846 -265266.147758409 30
283554.808867469 470669444.086454 93914051.1206471 1061.92962660566 55.79757230381 -265266.254856604 31
330276.782139422 518546388.667092 96182415.5328934 989.746991789842 41.9024334847832 -265266.342477725 32
383627.629164746 569464496.908946 98076642.5046563 921.118872156196 29.6284413981378 -265266.414325706 33
444375.204391923 623375111.594503 99532971.0626976 855.693085702018 18.7716418054871 -265266.473361539 34
513350.740301996 680178911.151788 100482557.823758 793.13994360544 9.15763386800341 -265266.521959439 35
591450.129568123 739716361.136245 100851551.945989 733.148825743609 0.637130816993984 -265266.562028798 36
679634.417261267 801756851.786741 100561291.617042 675.424697002584 -6.9177093326758 -265266.595109697 37
778929.323669056 865986361.967155 99528654.2181718 619.68447900421 -13.6163097285658 -265266.622447954 38
890423.629759315 931993469.538012 97666598.009104 565.65314958197 -19.552156284091 -265266.645054286 39
1015266.31923782 999253501.735998 94884938.2857828 513.059380695859 -24.80480980342 -265266.663751124 40
1154662.54187633 1067110579.31525 91091403.268142 461.630428033827 -29.4415010442537 -265266.679209807 41
1309868.86178107 1134757236.10993 86193009.5357282 411.085822507657 -33.5183379076724 -265266.691980278 42
1482189.13867426 1201211146.62031 80097772.5919704 361.129124601021 -37.0811262582774 -265266.702514906 43
1672974.31902788 1265288153.07681 72716700.3961207 311.436461693856 -40.1657667270293 -265266.711187658 44
1883633.69179399 1325569962.84107 63965848.5457116 261.639487800019 -42.7981248849286 -265266.718309375 45
2115675.04656299 1380362823.4687 53767800.6305861 211.298073901845 -44.9931473693613 -265266.724139087 46
2370815.70551103 1427638016.15448 42050875.6739998 159.852491067848 -46.7527220864481 -265266.728889241 47
2651274.61746992 1464929291.52037 28741371.545283 106.529827985733 -48.0610823086951 -265266.732715512 48
2960581.82134266 1489110430.1312 13734150.916029 50.1305412736458 -48.8744143575726 -265266.735650799 49
3253697.14454984 1496118725.49976 -637838.596495064 -2.23031569009344 -49.1047112523571 -265266.736410745 50
