0 -6800000 0 0 10804.1233923899 -264585.919830099 3000
115.384765852686 -6742923.06848311 1243152.48948735 983.880516713541 10714.1850140331 -264587.469768539 1
230.769531705373 -6575362.38770531 2466102.57190802 1905.62254049755 10458.5228716928 -264590.315445438 2
353.307912831024 -6287750.29106352 3723653.67537617 2765.14057436003 10046.7750019023 -264594.101206943 3
484.374861811664 -5873967.56782218 5005896.14008551 3519.81321257313 9507.75059837545 -264597.632021621 4
631.331919740886 -5306807.85902986 6355427.26211864 4165.3699929993 8855.66859455782 -264600.61635603 5
808.109639233339 -4519534.62178222 7852085.17694526 4703.12679619955 8084.61225409242 -264603.220701881 6
994.793351882303 -3605510.05273158 9290562.39760235 5058.94987559078 7340.86079028484 -264604.254264675 7
1181.47706453127 -2639923.41007897 10598694.2938468 5265.66898558874 6689.14136545765 -264604.780779473 8
1389.54722394812 -1530509.75296503 11924099.0743229 5382.39880076256 6068.42263774748 -264605.512720045 9
1608.50831066599 -346185.801243514 13191012.1036746 5424.68712796904 5519.93451236241 -264606.25377582 10
1844.04802395843 931278.137702037 14431468.6522065 5415.29149082016 5028.11430705438 -264607.018944543 11
2100.05709440812 2312228.9942335 15660189.9224476 5368.35421612817 4584.9309025141 -264607.785818357 12
2380.07576575033 3805419.53958705 16886202.5823801 5293.79569155067 4184.57673720723 -264608.532663636 13
2687.61063864653 5419069.6342863 18115602.2335917 5198.92903687716 3822.3709045599 -264609.243458726 14
3026.28586936061 7161301.95145712 19352779.4266307 5089.29336865227 3494.32768191841 -264609.908012658 15
3399.92862100785 9040335.00853059 20601034.4012026 4969.15049855439 3196.96161713819 -264610.520868611 16
3812.6269791547 11064580.4261112 21862921.3177588 4841.80958580735 2927.184261799 -264611.080075299 17
4268.7748893361 13242696.2026849 23140455.9728442 4709.85268403441 2682.24097406465 -264611.586124571 18
4773.11068896777 15583617.8657847 24435248.3375266 4575.29811011699 2459.66691224826 -264612.041116107 19
5330.752502962 18096577.5823721 25748590.7961708 4439.72229463023 2257.25312616233 -264612.448133511 20
5947.232268211 20791116.2410622 27081518.8468505 4304.35260049605 2073.01855703675 -264612.810794737 21
6628.52940282178 23677091.1270505 28434853.9126168 4170.13913066773 1905.18592237932 -264613.132938167 22
7381.10473989133 26764680.6197433 29809234.0978281 4037.81092987972 1752.16045527672 -264613.418410599 23
8211.93512290755 30064386.7110548 31205136.5611024 3907.92036351127 1612.51093571832 -264613.670929931 24
9128.54892913654 33587035.7935707 32622893.8961768 3780.87840168142 1484.95267572326 -264613.894001363 25
10139.0627049466 37343777.9584715 34062706.1212598 3656.98282330791 1368.33222929288 -264614.090871301 26
11252.2190513468 41346084.9440562 35524649.3856604 3536.44085534546 1261.61365162259 -264614.2645071 27
12477.4258545522 45605746.7647028 37008682.1609363 3419.38740572134 1163.86616160935 -264614.417594139 28
13824.7969417819 50134867.0363561 38514649.4787282 3305.89978457202 1074.25307680057 -264614.552544053 29
15305.1942231263 54945856.9709973 40042285.6219911 3196.00961274434 992.021901671306 -264614.671509778 30
16930.2713609621 60051427.9685123 41591215.5650458 3089.71246824619 916.495459352208 -264614.776404382 31
18712.5190120999 65464582.7635048 43160955.3985504 2986.97570607864 847.063964179823 -264614.868921606 32
20665.3116611971 71198605.0119038 44750911.9027011 2887.7447997986 783.177941318608 -264614.950556766 33
22802.9560741058 77267047.2484171 46360381.410848 2791.94848268299 724.341906369167 -264615.022627088 34
25140.7413830588 83683717.1034979 47988548.0659941 2699.50291267096 670.108725911353 -264615.086290976 35
27694.9908095767 90462661.6632175 49634481.5525974 2610.31504193899 620.074586960017 -264615.142565866 36
30483.1150261855 97618149.8529176 51297134.3714436 2524.28533746853 573.874510063742 -264615.192344577 37
33523.6671528258 105164652.721052 52975338.7136316 2441.30997142766 531.178347188834 -264615.23641009 38
36836.3993736771 113116821.483131 54667802.9781773 2361.28257819407 491.687211560603 -264615.275448792 39
40442.3211612088 121489463.198062 56373107.9749886 2284.09565680057 455.130292018097 -264615.310062291 40
44363.759060669 130297513.880034 58089702.8368089 2209.64168374912 421.262009749493 -264615.340777883 41
48624.4180284729 139556008.956116 59815900.683832 2137.81398831148 389.859479295104 -264615.368057793 42
53249.4442532804 149280050.838743 61549874.0538693 2068.50743421425 360.720240465305 -264615.392307318 43
58265.4894213116 159484773.473601 63289650.1297125 2001.61894287476 333.660231063922 -264615.413881954 44
63700.7763579771 170185303.668446 65033105.7842081 1937.04788746706 308.511973858579 -264615.433093668 45
69585.1659618237 181396718.99186 66777962.4622462 1874.69638189516 285.122954198736 -264615.450216364 46
75950.2253577461 193134002.067099 68521780.9261168 1814.46948421231 263.354167227737 -264615.465490673 47
82829.2971638209 205411991.034504 70261955.8833649 1756.27533082245 243.078816119742 -264615.479128128 48
90257.5697465227 218245325.938811 71995710.5166098 1700.02521490295 224.181144853912 -264615.491314808 49
98272.1483691599 231648390.865948 73720090.9465527 1645.63361976191 206.555390781011 -264615.502214524 50
106912.127004986 245635251.441273 75431960.6334697 1593.01821676964 190.104844186485 -264615.511971587 51
116218.660790191 260219587.665627 77127994.773604 1542.09983430204 174.741002993314 -264615.520713235 52
126235.0387755 275414621.55193 78804674.6833058 1492.80240487993 160.382812725956 -264615.528551736 53
137006.756913762 291233039.508716 80458282.2291329 1445.05289459423 146.955982361567 -264615.535586236 54
148581.59092109 307686908.959897 82084894.3110222 1398.78121963832 134.392368223899 -264615.541904361 55
161009.66897153 324787589.196523 83680377.4652321 1353.92015233237 122.629418483371 -264615.547583625 56
174343.543593309 342545635.623916 85240382.5734897 1310.40522079406 111.609672289135 -264615.552692651 57
188638.262897984 360970697.680761 86760339.7804773 1268.1746026873 101.280307389805 -264615.557292246 58
203951.440445661 380071409.560389 88235453.6144996 1227.16901620661 91.5927315790832 -264615.561436338 59
220343.323614889 399855273.680197 89660698.3899311 1187.33160883927 82.5022132528746 -264615.565172793 60
237876.859993148 420328536.384158 91030813.9325147 1148.60784533067 73.9675471668447 -264615.568544132 61
256617.761219826 441496055.320089 92340301.6771979 1110.94539593125 65.9507518753796 -264615.571588165 62
276634.564136799 463361158.448702 93583421.2285422 1074.29402481214 58.4167955066404 -264615.57433854 63
297998.688332608 485925493.766768 94754187.4219104 1038.60547999147 51.3333472319096 -264615.576825222 64
320784.489802799 509188869.603393 95846367.9842458 1003.83338444098 44.6705517539074 -264615.579074926 65
345069.310245196 533149085.089995 96853481.8777781 969.933128492087 38.4008245499046 -264615.581111484 66
370933.520845344 557801749.771789 97768798.3928577 936.861764380374 32.4986659934122 -264615.582956178 67
398460.560242439 583140092.233334 98585337.1122583 904.577902219082 26.9404924078467 -264615.584628025 68
427736.966285617 609154757.449853 99295868.8585571 873.041607014603 21.7044823990925 -264615.586144035 69
458852.399917397 635833591.427842 99892917.7124013 842.214297626851 16.7704372122766 -264615.587519435 70
491899.661465259 663161413.499281 100368764.260173 812.058646142495 12.1196536019553 -264615.588767864 71
526974.697666714 691119774.826301 100715450.183375 782.53847830979 7.73480823064854 -264615.589901552 72
564176.599664847 719686703.294445 100924784.352522 753.618673639683 3.59985241269896 -264615.590931471 73
603607.590124761 748836433.166288 100988350.564902 725.265065675267 -0.300083557403725 -264615.591867477 74
645372.99998309 778539119.684187 100897517.102868 697.444340819343 -3.97877745771594 -264615.592718425 75
689581.233892538 808760537.447276 100643448.273987 670.123935439676 -7.44899422356217 -264615.593492281 76
736343.724392739 839461761.926315 100217118.107338 643.271930190324 -10.7225577272408 -264615.594196214 77
785774.874964748 870598833.231242 99609326.3787426 616.856940504155 -13.8104158084008 -264615.594836683 78
837991.993168752 902122401.482106 98810717.1254897 590.84800172032 -16.722699068102 -264615.595419512 79
893115.215990627 933977353.028498 97811799.7841587 565.214447067842 -19.4687738561107 -264615.595949955 80
951267.429520747 966102415.910476 96602973.0719765 539.925776926031 -22.0572897491964 -264615.596432757 81
1012574.18916358 998429744.159844 95174551.6387381 514.951516138949 -24.4962218754736 -264615.596872205 82
1077163.64745819 1030884479.20789 93516795.443372 490.261056393705 -26.7929082613287 -264615.597272182 83
1145166.50206708 1063384287.22078 91619941.6255936 465.823479007768 -28.9540823758629 -264615.5976362 84
1216715.97853633 1095838868.92647 89474238.50781 441.607353486166 -30.9859008417911 -264615.597967445 85
1291947.87582395 1128149440.40816 87069980.8852262 417.580503331126 -32.8939663765658 -264615.598268807 86
1371000.7087284 1160208179.30024 84397545.3951142 393.70973014728 -34.6833457122608 -264615.598542916 87
1454016.00037883 1191897629.96111 81447423.9585407 369.960482571753 -36.3585821819358 -264615.598792161 88
1541138.80472803 1223090058.48968 78210252.0828482 346.2964509454 -37.9237024758618 -264615.599018725 89
1632518.57059867 1253646740.87472 74676827.2990772 322.679062720559 -39.3822166592032 -264615.599224598 90
1728310.52597327 1283417162.70024 70838110.0030707 299.066839339554 -40.737110316882 -264615.599411603 91
1828677.83914066 1312238090.65936 66685195.2283128 275.414560790827 -41.9908268476075 -264615.599581411 92
1933794.96725549 1339932457.07732 62209236.8025857 251.672152920806 -43.1452371644648 -264615.599735557 93
2043852.84822459 1366307961.53202 57401293.8635273 227.783164702585 -44.201592560816 -264615.599875449 94
2159066.99920463 1391155225.99707 52252050.5881775 203.682623794572 -45.1604538917512 -264615.600002379 95
2279690.34796727 1414245227.55776 46751324.293353 179.293910490254 -46.0215860593405 -264615.60011752 96
2406034.08974274 1435325522.62332 40887208.2086749 154.524007697972 -46.7837991226913 -264615.600221911 97
2538502.78033218 1454114347.31732 34644557.7692891 129.255926348235 -47.4447019395663 -264615.600316417 98
2677656.51371765 1470290795.42661 28002216.0026391 103.33584174855 -48.0003029739485 -264615.600401624 99
2824329.18138792 1483477155.14972 20927608.5287791 76.5494241983014 -48.4443185183877 -264615.600477596 100
2979877.91800961 1493203811.98407 13365147.1659064 48.5731883210069 -48.7668513880449 -264615.600543218 101
3146798.62936202 1498828483.30826 5207259.0598205 18.8568799643608 -48.9514606634795 -264615.600594139 102
3253697.14454984 1499830959.3691 -27919.949729261 -0.0970535476844177 -48.9842092085864 -264615.600595938 103
