-1 50
-0.9921875 49.9698864051293
-0.984375 49.8796181668049
-0.9765625 49.7294127491195
-0.96875 49.5196320100808
-0.9609375 49.2507813298636
-0.953125 48.9235083933052
-0.9453125 48.5386016295755
-0.9375 48.0969883127822
-0.9296875 47.5997323280861
-0.921875 47.0480316087089
-0.9140625 46.4432152500068
-0.90625 45.7867403075636
-0.8984375 45.0801882870161
-0.890625 44.3252613340684
-0.8828125 43.523778133874
-0.875 42.6776695296637
-0.8671875 41.7889738711755
-0.859375 40.8598321040911
-0.8515625 39.8924826123108
-0.84375 38.8892558254901
-0.8359375 37.8525686048305
-0.828125 36.7849184206499
-0.8203125 35.6888773357571
-0.8125 34.5670858091272
-0.8046875 33.4222463348055
-0.796875 32.2571169313616
-0.7890625 31.0745044975816
-0.78125 29.8772580504032
-0.7734375 28.668261861384
-0.765625 27.450428508239
-0.7578125 26.2266918581855
-0.75 25
-0.7421875 23.7733081418145
-0.734375 22.549571491761
-0.7265625 21.331738138616
-0.71875 20.1227419495968
-0.7109375 18.9254955024184
-0.703125 17.7428830686384
-0.6953125 16.5777536651945
-0.6875 15.4329141908728
-0.6796875 14.311122664243
-0.671875 13.2150815793501
-0.6640625 12.1474313951695
-0.65625 11.11074417451
-0.6484375 10.1075173876892
-0.640625 9.14016789590887
-0.6328125 8.21102612882454
-0.625 7.32233047033631
-0.6171875 6.47622186612603
-0.609375 5.67473866593158
-0.6015625 4.91981171298388
-0.59375 4.21325969243637
-0.5859375 3.5567847499932
-0.578125 2.95196839129113
-0.5703125 2.40026767191392
-0.5625 1.90301168721783
-0.5546875 1.46139837042448
-0.546875 1.07649160669478
-0.5390625 0.749218670136401
-0.53125 0.480367989919239
-0.5234375 0.270587250880475
-0.515625 0.12038183319508
-0.5078125 0.0301135948706899
-0.5 0
-0.4921875 0.0301135948706899
-0.484375 0.120381833195077
-0.4765625 0.270587250880475
-0.46875 0.480367989919239
-0.4609375 0.749218670136401
-0.453125 1.07649160669478
-0.4453125 1.46139837042448
-0.4375 1.90301168721783
-0.4296875 2.40026767191391
-0.421875 2.95196839129112
-0.4140625 3.5567847499932
-0.40625 4.21325969243636
-0.3984375 4.91981171298388
-0.390625 5.67473866593157
-0.3828125 6.47622186612602
-0.375 7.32233047033631
-0.3671875 8.21102612882453
-0.359375 9.14016789590885
-0.3515625 10.1075173876892
-0.34375 11.1107441745099
-0.3359375 12.1474313951695
-0.328125 13.2150815793501
-0.3203125 14.3111226642429
-0.3125 15.4329141908727
-0.3046875 16.5777536651945
-0.296875 17.7428830686384
-0.2890625 18.9254955024184
-0.28125 20.1227419495968
-0.2734375 21.3317381386159
-0.265625 22.549571491761
-0.2578125 23.7733081418145
-0.25 25
-0.2421875 26.2266918581854
-0.234375 27.450428508239
-0.2265625 28.668261861384
-0.21875 29.8772580504032
-0.2109375 31.0745044975816
-0.203125 32.2571169313616
-0.1953125 33.4222463348055
-0.1875 34.5670858091272
-0.1796875 35.6888773357571
-0.171875 36.7849184206499
-0.1640625 37.8525686048305
-0.15625 38.88925582549
-0.1484375 39.8924826123108
-0.140625 40.8598321040911
-0.1328125 41.7889738711755
-0.125 42.6776695296637
-0.1171875 43.523778133874
-0.109375 44.3252613340684
-0.1015625 45.0801882870161
-0.09375 45.7867403075636
-0.0859375 46.4432152500068
-0.078125 47.0480316087089
-0.0703125 47.5997323280861
-0.0625 48.0969883127822
-0.0546875 48.5386016295755
-0.046875 48.9235083933052
-0.0390625 49.2507813298636
-0.03125 49.5196320100808
-0.0234375 49.7294127491195
-0.015625 49.8796181668049
-0.0078125 49.9698864051293
0 50
0.0078125 49.9698864051293
0.015625 49.8796181668049
0.0234375 49.7294127491195
0.03125 49.5196320100808
0.0390625 49.2507813298636
0.046875 48.9235083933052
0.0546875 48.5386016295755
0.0625 48.0969883127822
0.0703125 47.5997323280861
0.078125 47.0480316087089
0.0859375 46.4432152500068
0.09375 45.7867403075636
0.1015625 45.0801882870161
0.109375 44.3252613340684
0.1171875 43.523778133874
0.125 42.6776695296637
0.1328125 41.7889738711755
0.140625 40.8598321040911
0.1484375 39.8924826123108
0.15625 38.8892558254901
0.1640625 37.8525686048306
0.171875 36.7849184206499
0.1796875 35.6888773357571
0.1875 34.5670858091273
0.1953125 33.4222463348055
0.203125 32.2571169313616
0.2109375 31.0745044975816
0.21875 29.8772580504032
0.2265625 28.6682618613841
0.234375 27.450428508239
0.2421875 26.2266918581855
0.25 25
0.2578125 23.7733081418146
0.265625 22.549571491761
0.2734375 21.331738138616
0.28125 20.1227419495968
0.2890625 18.9254955024184
0.296875 17.7428830686384
0.3046875 16.5777536651945
0.3125 15.4329141908728
0.3203125 14.3111226642429
0.328125 13.2150815793501
0.3359375 12.1474313951695
0.34375 11.11074417451
0.3515625 10.1075173876892
0.359375 9.14016789590888
0.3671875 8.21102612882456
0.375 7.32233047033633
0.3828125 6.47622186612602
0.390625 5.67473866593157
0.3984375 4.91981171298388
0.40625 4.21325969243637
0.4140625 3.5567847499932
0.421875 2.95196839129113
0.4296875 2.40026767191392
0.4375 1.90301168721784
0.4453125 1.46139837042449
0.453125 1.07649160669479
0.4609375 0.749218670136398
0.46875 0.480367989919236
0.4765625 0.270587250880475
0.484375 0.120381833195077
0.4921875 0.0301135948706899
0.5 0
0.5078125 0.0301135948706899
0.515625 0.120381833195077
0.5234375 0.270587250880472
0.53125 0.480367989919234
0.5390625 0.749218670136392
0.546875 1.07649160669478
0.5546875 1.46139837042448
0.5625 1.90301168721783
0.5703125 2.40026767191392
0.578125 2.95196839129112
0.5859375 3.55678474999319
0.59375 4.21325969243636
0.6015625 4.91981171298386
0.609375 5.67473866593156
0.6171875 6.476221866126
0.625 7.32233047033632
0.6328125 8.21102612882455
0.640625 9.14016789590887
0.6484375 10.1075173876892
0.65625 11.1107441745099
0.6640625 12.1474313951695
0.671875 13.21508157935
0.6796875 14.3111226642429
0.6875 15.4329141908727
0.6953125 16.5777536651945
0.703125 17.7428830686384
0.7109375 18.9254955024184
0.71875 20.1227419495968
0.7265625 21.331738138616
0.734375 22.549571491761
0.7421875 23.7733081418145
0.75 25
0.7578125 26.2266918581854
0.765625 27.450428508239
0.7734375 28.668261861384
0.78125 29.8772580504032
0.7890625 31.0745044975816
0.796875 32.2571169313616
0.8046875 33.4222463348055
0.8125 34.5670858091272
0.8203125 35.688877335757
0.828125 36.7849184206499
0.8359375 37.8525686048305
0.84375 38.88925582549
0.8515625 39.8924826123108
0.859375 40.8598321040911
0.8671875 41.7889738711754
0.875 42.6776695296637
0.8828125 43.523778133874
0.890625 44.3252613340684
0.8984375 45.0801882870161
0.90625 45.7867403075636
0.9140625 46.4432152500068
0.921875 47.0480316087089
0.9296875 47.5997323280861
0.9375 48.0969883127822
0.9453125 48.5386016295755
0.953125 48.9235083933052
0.9609375 49.2507813298636
0.96875 49.5196320100808
0.9765625 49.7294127491195
0.984375 49.8796181668049
0.9921875 49.9698864051293
1 50
